16 29945.555133 2.347859
16 29444.746182 3.980992
16 29533.325114 3.692137
16 29129.336077 5.009541
16 28904.612765 5.742361
16 29786.513505 2.866492
16 27900.726724 9.016023
16 29465.342667 3.913827
16 28888.308264 5.795530
16 28146.209358 8.215506
16 28827.952429 5.992349
16 29190.851751 4.808939
16 29229.260538 4.683688
16 28212.602925 7.998998
16 29229.919078 4.681540
16 29683.943101 3.200973
16 29657.980492 3.285637
16 29492.742736 3.824475
16 28434.133587 7.276589
16 28057.413287 8.505070
16 28199.528023 8.041635
16 29184.863464 4.828466
16 29964.735980 2.285310
16 29152.560857 4.933805
16 29770.900830 2.917405
16 28847.119384 5.929846
16 28946.262708 5.606541
16 28730.219514 6.311055
16 28908.200542 5.730661
16 29555.994664 3.618211
16 29547.958495 3.644417
16 30070.473471 1.940501
16 29385.458691 4.174327
16 28178.274576 8.110942
16 29803.845283 2.809973
16 28677.655186 6.482467
16 28608.979818 6.706417
16 29409.431674 4.096152
16 29811.538140 2.784887
16 28715.431903 6.359278
16 28887.460124 5.798295
16 29106.869873 5.082803
16 28869.245911 5.857692
16 29625.578081 3.391301
16 29057.598233 5.243477
16 27613.958031 9.951172
16 29247.384206 4.624587
16 30215.496477 1.467583
16 28829.837318 5.986203
16 28142.391892 8.227955
16 29243.158456 4.638367
16 30170.193445 1.615316
16 29529.263048 3.705383
17 29915.284923 2.446570
16 28483.434937 7.115817
16 28633.086272 6.627806
16 29633.539731 3.365338
16 27680.291111 9.734861
16 29069.911646 5.203323
16 29210.727836 4.744123
16 29936.960277 2.375887
16 29639.479872 3.345967
16 28617.275520 6.679365
16 27770.531533 9.440588
16 28571.523181 6.828563
16 29530.808390 3.700344
16 29317.313418 4.396548
16 28601.174388 6.731870
16 29259.990910 4.583477
16 30073.798037 1.929660
16 29290.547526 4.483832
16 29638.496315 3.349174
16 28970.150970 5.528642
16 28279.191530 7.781853
16 28254.523968 7.862294
16 29263.350523 4.572521
16 29100.579728 5.103315
16 28780.915791 6.145735
16 29063.541048 5.224097
16 28500.141548 7.061337
16 30118.547119 1.783734
16 29701.487030 3.143762
16 29768.549517 2.925072
16 29906.269718 2.475968
16 29150.888712 4.939258
16 29851.935144 2.653153
16 28858.830350 5.891657
16 29751.597385 2.980353
16 28759.873986 6.214353
16 29876.660867 2.572522
16 29114.651650 5.057426
16 28790.560658 6.114284
16 29107.756003 5.079913
17 29671.175260 3.242609
16 28326.167804 7.628664
16 29004.071004 5.418029
16 28544.984244 6.915106
16 28638.774131 6.609258
16 28497.665502 7.069412
16 27963.956702 8.809830
16 29936.034930 2.378904
16 29526.185159 3.715420
16 30291.124630 1.220960
16 28834.821953 5.969948
16 29145.025818 4.958376
16 29375.401925 4.207122
16 29451.373574 3.959380
16 28536.985118 6.941191
17 29540.634174 3.668302
16 29035.651208 5.315046
16 29727.358578 3.059395
16 28233.521953 7.930781
16 28338.560183 7.588252
16 28217.717681 7.982319
16 28709.317740 6.379216
16 29819.855454 2.757764
16 29030.778079 5.330937
16 29728.726103 3.054936
16 29451.117007 3.960216
17 29389.469798 4.161247
16 28602.599577 6.727223
16 29033.723836 5.321331
16 29760.736758 2.950550
16 29773.271358 2.909674
16 29481.491232 3.861166
16 28337.496659 7.591721
16 29317.098394 4.397250
16 29204.682658 4.763836
16 29921.699453 2.425652
16 29985.437621 2.217802
16 28712.484709 6.368888
16 28692.588375 6.433770
16 29215.555674 4.728379
17 29476.251000 3.878255
16 29910.310799 2.462790
16 28410.230760 7.354535
16 28663.339185 6.529152
17 29496.983937 3.810645
16 28453.557169 7.213248
16 28654.630369 6.557551
16 29775.610497 2.902046
16 29816.550585 2.768541
16 27959.125849 8.825584
16 29539.179809 3.673044
17 29601.569334 3.469593
16 28766.540608 6.192613
16 28849.030739 5.923613
16 29360.985032 4.254136
16 29075.149870 5.186241
17 29298.923195 4.456519
16 28989.478890 5.465613
16 29288.466861 4.490617
16 28678.554404 6.479535
16 29786.744135 2.865740
17 29622.622723 3.400938
16 29059.619901 5.236884
16 28538.447370 6.936422
16 27925.153977 8.936366
17 29723.663658 3.071445
16 29897.090036 2.505903
16 29653.570257 3.300018
16 29445.665142 3.977995
16 29728.437133 3.055878
16 29003.714899 5.419190
16 29321.248034 4.383718
16 29698.534323 3.153391
16 28294.668633 7.731382
16 29387.312341 4.168283
16 29279.447598 4.520028
16 28507.525714 7.037258
16 29643.684570 3.332256
16 27882.350738 9.075947
16 29297.057156 4.462604
16 28924.246734 5.678335
16 29607.699532 3.449602
16 28099.451381 8.367984
17 29632.570790 3.368497
17 29618.970194 3.412849
16 28857.426196 5.896236
16 28729.677824 6.312822
16 28382.620506 7.444572
16 29186.881075 4.821887
17 29621.869249 3.403395
16 29529.471632 3.704703
16 29768.584428 2.924958
16 28152.174897 8.196053
16 29995.049107 2.186459
16 28693.165942 6.431887
16 29657.973902 3.285658
16 30058.481605 1.979607
16 29014.578969 5.383762
16 28334.573165 7.601254
16 28175.188368 8.121006
16 29396.326552 4.138887
16 28529.455523 6.965745
16 29609.599723 3.443406
16 29896.428138 2.508061
17 29976.465696 2.247060
17 29861.172023 2.623031
17 29713.363680 3.105033
