17 29713.660349 3.104065
17 29178.132613 4.850416
17 29351.868029 4.283866
17 29204.355131 4.764904
17 29182.384825 4.836549
17 29386.257444 4.171723
17 29241.982125 4.642203
17 29523.610393 3.723816
17 29448.767713 3.967877
17 29815.027610 2.773508
17 30037.092265 2.049357
17 29169.085299 4.879919
17 29420.747049 4.059252
17 29370.193783 4.224106
17 28908.867968 5.728485
17 29232.156283 4.674245
17 29781.665663 2.882301
17 29934.257909 2.384699
17 29251.451166 4.611325
17 29188.994424 4.814995
17 29578.248354 3.545642
17 29508.511877 3.773052
17 29431.906823 4.022861
17 29695.905353 3.161964
17 30054.972733 1.991049
17 29258.277872 4.589063
17 29527.422694 3.711384
17 29875.013973 2.577893
17 29589.088820 3.510292
17 29375.783114 4.205879
17 28816.542742 6.029556
17 29407.977612 4.100893
17 29573.783705 3.560201
17 29853.889751 2.646779
17 29682.136981 3.206863
17 29281.079907 4.514706
17 29915.598399 2.445547
17 29213.658918 4.734565
17 29748.812390 2.989435
17 29817.278178 2.766169
17 29582.173704 3.532842
17 29326.627691 4.366175
17 28988.440998 5.468998
17 29383.646338 4.180237
17 29770.733388 2.917951
17 29229.278112 4.683631
17 28999.202678 5.433904
17 29057.356315 5.244266
17 29434.599749 4.014079
17 29437.212353 4.005559
17 28946.862404 5.604585
17 29899.018479 2.499614
17 29358.723321 4.261511
17 29324.846472 4.371983
17 29273.597206 4.539107
17 28998.859962 5.435022
17 29494.752598 3.817921
17 29600.995655 3.471464
17 29281.737574 4.512561
17 29909.684193 2.464834
17 29385.410966 4.174483
17 30263.565005 1.310832
17 29851.206121 2.655530
17 29585.161429 3.523099
17 29229.792779 4.681952
17 29407.120418 4.103689
17 29655.569703 3.293498
17 29946.612173 2.344412
17 29481.140365 3.862310
17 29649.748316 3.312482
17 29449.425216 3.965733
17 28883.455280 5.811355
17 29268.145806 4.556883
17 29694.684695 3.165945
17 29688.243937 3.186948
17 29358.545342 4.262092
17 29475.928515 3.879306
17 29170.668473 4.874756
16 29729.488547 3.052450
17 29359.256028 4.259774
17 29810.180400 2.789314
17 29335.598280 4.336922
17 29226.397556 4.693024
17 29569.464952 3.574285
17 29406.801535 4.104729
17 29581.754194 3.534210
17 29709.160388 3.118740
17 29428.428370 4.034204
17 29188.715827 4.815904
16 29625.600810 3.391226
17 30007.544489 2.145712
17 29342.706476 4.313742
17 29482.697254 3.857233
17 29191.204848 4.807787
17 29898.957510 2.499813
19 29862.196459 2.619691
17 29415.081164 4.077729
17 29586.730956 3.517981
17 29139.622533 4.975997
17 29372.309903 4.217205
17 29446.383274 3.975653
17 29433.057135 4.019109
17 29263.385152 4.572408
17 29962.414153 2.292882
17 29226.881442 4.691446
17 29357.092812 4.266828
17 28920.549804 5.690390
17 28889.932684 5.790233
17 29325.065819 4.371268
17 29849.211902 2.662033
17 29267.355247 4.559461
17 29419.023638 4.064872
17 29199.175318 4.781796
17 29889.026674 2.532197
17 29753.184339 2.975178
16 29378.576386 4.196771
17 29221.984083 4.707416
17 29522.525638 3.727354
17 29308.044472 4.426774
17 28956.592232 5.572856
17 29355.124955 4.273245
17 29724.746420 3.067914
17 29337.656133 4.330211
17 29921.831223 2.425222
17 29273.276313 4.540153
17 29427.677519 4.036652
17 29128.683055 5.011670
17 29564.583888 3.590202
17 29233.937522 4.668436
17 29509.213351 3.770765
17 29508.130821 3.774295
17 29797.561632 2.830464
17 29388.763125 4.163552
17 29436.012464 4.009472
17 29259.645409 4.584603
17 29526.919018 3.713027
17 29271.723277 4.545217
17 29317.019177 4.397508
17 29102.260877 5.097832
17 29257.731690 4.590844
17 29222.762931 4.704877
17 29428.323291 4.034546
17 29248.666866 4.620404
17 29463.315471 3.920437
17 29663.945493 3.266185
17 29726.005884 3.063807
17 29180.713473 4.841999
17 29210.730282 4.744115
17 29448.053191 3.970207
17 29299.094868 4.455959
17 29246.177267 4.628523
17 29145.713234 4.956135
17 29735.991722 3.031243
17 29249.832620 4.616603
17 29681.116036 3.210192
17 29491.770833 3.827645
17 29766.118212 2.933001
17 30071.966603 1.935632
17 29752.066531 2.978823
17 29211.653413 4.741105
17 29909.231465 2.466310
17 29394.089821 4.146181
17 29869.427172 2.596111
17 29511.582563 3.763039
17 29789.431252 2.856977
17 29774.001389 2.907294
17 29072.553267 5.194709
17 29359.290153 4.259663
17 29830.161673 2.724156
17 29251.377123 4.611566
17 29665.214073 3.262048
17 29655.725102 3.292991
17 29528.885357 3.706615
17 29414.317183 4.080220
17 29413.505460 4.082867
17 30116.690901 1.789787
17 29785.355074 2.870269
17 29343.708967 4.310473
17 29117.451038 5.048298
17 28210.225833 8.006749
17 29964.200529 2.287056
16 30169.313944 1.618184
17 29506.369439 3.780039
17 29800.503892 2.820869
17 29174.056436 4.863708
17 29062.523832 5.227415
17 29737.173347 3.027390
17 29239.915870 4.648941
16 29555.661363 3.619298
17 29123.610236 5.028212
17 29486.249796 3.845649
17 29128.707376 5.011591
17 30211.931543 1.479208
17 29153.668892 4.930191
17 29190.717735 4.809376
17 29825.967692 2.737832
17 29753.532618 2.974042
17 29408.379171 4.099584
17 29871.145221 2.590509
17 29895.296478 2.511752
