16 29029.706745 5.334431
16 29285.882224 4.499045
16 29445.443605 3.978717
16 28892.371373 5.782280
16 29133.186485 4.996984
16 30101.414085 1.839604
16 29351.442486 4.285254
16 29422.541528 4.053401
16 29454.830989 3.948105
16 29321.449009 4.383062
16 30061.510261 1.969730
16 29797.901425 2.829356
16 29430.788707 4.026507
16 29175.391573 4.859354
16 29498.344340 3.806208
16 29386.914174 4.169581
16 29263.902555 4.570721
16 29417.131708 4.071042
16 29529.245066 3.705442
16 28919.632287 5.693382
16 29677.566356 3.221767
16 29612.417835 3.434216
16 29315.552206 4.402292
16 29369.098542 4.227678
16 29845.682815 2.673541
16 29316.832438 4.398117
16 29550.238588 3.636982
16 28605.398773 6.718095
16 29104.495083 5.090547
16 28985.509170 5.478559
16 29085.457313 5.152629
16 29739.938642 3.018372
16 29325.701143 4.369196
16 29459.097046 3.934193
16 28911.986694 5.718315
15 29712.381725 3.108235
16 29167.445319 4.885267
16 29413.067755 4.084295
16 29572.690066 3.563768
16 29572.258252 3.565176
16 29185.844625 4.825267
16 29500.490257 3.799211
16 29304.302309 4.438978
16 29384.217897 4.178374
16 29402.691470 4.118131
16 28827.379307 5.994218
16 30076.067613 1.922259
16 29009.116551 5.401575
16 29095.986199 5.118294
16 29308.394437 4.425633
16 29132.739204 4.998443
16 29567.252208 3.581501
16 29224.805687 4.698215
16 29715.957186 3.096575
16 29328.455774 4.360213
16 29803.430215 2.811327
16 30009.434748 2.139548
16 29034.095085 5.320120
16 28894.823892 5.774282
16 29516.322644 3.747581
16 29158.955520 4.912952
16 29563.761035 3.592885
16 29372.976502 4.215032
16 29114.857814 5.056754
16 29931.795388 2.392729
16 29179.900624 4.844650
16 29541.388798 3.665841
16 29083.656297 5.158502
16 29182.836497 4.835076
16 28988.443360 5.468990
16 29295.329840 4.468237
16 29250.787244 4.613490
16 29342.956336 4.312927
16 29520.500210 3.733958
16 29248.086588 4.622296
16 29280.497869 4.516604
16 29162.323291 4.901970
16 29367.932835 4.231479
16 29560.307040 3.604149
16 29650.256523 3.310824
16 29314.682659 4.405127
16 29412.269775 4.086897
16 29699.535856 3.150125
16 29456.972745 3.941121
16 29711.371128 3.111530
16 29875.082420 2.577670
16 28941.292616 5.622748
16 30021.786273 2.099270
16 29140.917034 4.971775
16 29661.921261 3.272786
16 29004.718414 5.415917
16 28960.151020 5.561251
16 29437.336730 4.005154
16 30048.190272 2.013167
16 29548.978514 3.641091
16 29659.385591 3.281055
16 29336.377586 4.334380
16 29055.280151 5.251036
16 29071.456754 5.198284
16 29144.840602 4.958980
16 29001.672173 5.425851
16 29623.368740 3.398505
16 29131.648867 5.001999
16 28915.894488 5.705571
16 29383.487838 4.180754
16 29410.673800 4.092101
16 29299.210273 4.455583
16 29134.263133 4.993473
16 29648.412671 3.316837
16 28825.691513 5.999722
16 29531.285174 3.698789
16 29496.851965 3.811075
16 28708.048768 6.383354
16 29413.033379 4.084407
16 29133.093298 4.997288
16 29172.670986 4.868226
16 29621.085932 3.405949
16 29372.556427 4.216402
16 29323.160300 4.377482
16 28790.603877 6.114143
15 29326.331366 4.367141
16 29074.579354 5.188102
16 29688.028021 3.187652
16 29331.347427 4.350784
16 29593.910844 3.494567
16 29388.825598 4.163348
16 28574.198189 6.819839
16 29447.499483 3.972013
16 29878.926673 2.565133
16 29444.459716 3.981926
16 29368.201628 4.230602
16 29268.666567 4.555185
16 29223.309179 4.703095
16 29536.245651 3.682613
15 29503.961972 3.787889
16 29507.457731 3.776490
16 29391.879350 4.153390
16 29521.813929 3.729674
16 29105.716961 5.086562
16 29126.378139 5.019186
16 29541.100985 3.666780
16 29899.236343 2.498904
16 29766.134876 2.932946
16 29177.681296 4.851887
16 29119.876498 5.040388
16 29420.524512 4.059978
16 29600.447913 3.473250
16 29207.917285 4.753288
16 28638.417067 6.610422
16 29474.776788 3.883062
16 29259.543141 4.584937
16 29460.295915 3.930284
16 28955.594361 5.576110
16 29386.809116 4.169924
16 29264.787745 4.567834
16 29214.048126 4.733295
16 29361.907460 4.251128
16 29204.712082 4.763740
16 29420.309831 4.060678
16 29374.822142 4.209013
16 29539.595535 3.671689
16 29053.093189 5.258168
16 28912.275543 5.717373
16 29147.713281 4.949613
16 29271.867102 4.544748
16 28819.993096 6.018305
16 29559.650200 3.606291
16 29560.054402 3.604973
16 29541.269826 3.666229
16 29330.591032 4.353250
16 29337.346114 4.331222
16 29610.789668 3.439525
16 29473.851989 3.886078
16 28869.388340 5.857227
16 28889.601336 5.791313
16 29156.728215 4.920215
16 29303.185890 4.442618
16 29206.872570 4.756695
16 29437.162672 4.005721
16 29814.290017 2.775913
16 29596.707300 3.485448
16 29298.627033 4.457485
16 29234.357258 4.667068
16 29300.586433 4.451095
16 28900.420731 5.756031
16 29523.349415 3.724667
16 28550.228623 6.898004
16 29256.237320 4.595717
16 29010.085911 5.398414
16 29461.259015 3.927143
16 29155.023003 4.925776
16 29481.911029 3.859797
16 29686.837066 3.191536
16 28894.202387 5.776309
16 29216.663814 4.724766
16 29384.260138 4.178236
16 29402.046562 4.120235
16 28959.976649 5.561820
16 29149.182249 4.944822
16 29573.711364 3.560437
