17 29660.363543 3.277866
17 29260.715900 4.581112
17 29387.990904 4.166070
17 28928.978904 5.662903
16 29630.733015 3.374490
17 28938.588271 5.631567
17 29324.963049 4.371603
17 30225.298653 1.435618
17 28897.797211 5.764586
17 29320.595240 4.385846
17 29315.024954 4.404011
17 29586.132180 3.519933
17 29376.594088 4.203235
17 29030.681793 5.331251
17 29551.070903 3.634268
17 29114.795171 5.056958
17 29888.383501 2.534295
17 29392.221893 4.152273
17 29165.559712 4.891416
17 29657.996433 3.285585
17 28942.528022 5.618720
17 29373.501705 4.213319
17 29167.253609 4.885892
16 29052.371362 5.260522
17 29601.440522 3.470013
17 29347.395711 4.298450
17 29664.184136 3.265407
17 29471.361069 3.894201
17 29430.435684 4.027658
17 29217.704802 4.721371
17 29817.784773 2.764517
17 29934.002963 2.385530
17 30109.666946 1.812692
17 29832.951644 2.715058
17 29699.805555 3.149246
17 29292.926286 4.476075
17 29209.283053 4.748834
17 29395.699614 4.140932
17 29343.915222 4.309800
17 29575.213813 3.555538
17 29524.547473 3.720760
17 29667.399268 3.254922
17 29325.516160 4.369799
17 29773.590996 2.908632
17 29378.642391 4.196555
17 29265.544517 4.565366
17 29890.465642 2.527505
17 29130.979375 5.004182
17 29040.791835 5.298282
17 29789.269317 2.857505
17 29277.682192 4.525785
17 30199.093216 1.521074
17 29482.675036 3.857306
17 29623.600273 3.397750
17 29604.589896 3.459743
17 29679.714183 3.214763
17 29221.432858 4.709214
17 29211.147211 4.742755
17 29455.603414 3.945586
17 29442.278132 3.989040
17 29362.155188 4.250320
17 29246.432210 4.627691
17 29325.428538 4.370085
17 28892.723974 5.781130
17 29108.546847 5.077334
17 29439.758512 3.997256
17 29594.623685 3.492243
17 29492.556865 3.825081
17 29701.525540 3.143637
17 29621.603611 3.404261
17 29553.768377 3.625471
16 30053.256462 1.996646
17 28650.352842 6.571500
17 29408.353044 4.099669
16 30267.984368 1.296420
17 29387.941454 4.166231
17 29868.327809 2.599696
17 29642.829347 3.335044
17 29303.525861 4.441509
17 29896.174089 2.508890
17 29399.841472 4.127425
17 29599.795129 3.475379
17 29393.690208 4.147485
17 29650.023099 3.311586
17 29172.593530 4.868478
17 29302.827900 4.443786
17 29300.782257 4.450456
17 29590.016634 3.507266
17 29473.063052 3.888650
17 29623.893004 3.396796
17 29163.097854 4.899444
17 29616.175893 3.421961
17 29567.634116 3.580255
17 29290.510896 4.483951
17 29332.728978 4.346278
17 29667.842959 3.253475
17 28995.525077 5.445897
17 29451.370312 3.959390
17 29889.981619 2.529083
17 29607.099211 3.451560
17 29693.063799 3.171230
17 29280.873349 4.515379
17 29686.977253 3.191079
17 28998.722125 5.435471
17 29325.931807 4.368444
17 29456.254484 3.943463
17 29183.768959 4.832035
17 29530.209249 3.702297
17 30028.314208 2.077982
17 29753.228535 2.975034
17 29569.655292 3.573664
17 29398.612308 4.131434
17 29264.180158 4.569815
17 29274.219637 4.537077
17 29420.895973 4.058767
17 29429.295321 4.031377
16 29450.093925 3.963553
17 29402.764557 4.117893
17 29681.898226 3.207641
17 29897.706208 2.503894
17 29229.635943 4.682464
17 29263.642189 4.571570
17 29165.405454 4.891919
17 29339.555240 4.324018
17 29333.548680 4.343605
17 29494.278754 3.819466
17 29866.227488 2.606545
17 29467.423526 3.907041
17 29722.779701 3.074327
17 29508.954101 3.771610
17 29541.688722 3.664863
17 29484.126480 3.852573
17 29834.929460 2.708608
17 29268.453182 4.555881
19 29658.804498 3.282950
17 28164.069580 8.157264
17 29549.757380 3.638551
17 29805.311736 2.805191
17 29189.567948 4.813125
17 29919.856889 2.431660
17 29559.964547 3.605266
17 28816.700009 6.029043
17 29727.258942 3.059720
17 29530.887955 3.700084
17 29319.403470 4.389733
17 29330.115052 4.354802
17 29617.771820 3.416757
17 29392.956208 4.149878
17 29615.492700 3.424189
17 29248.469935 4.621046
17 29555.798225 3.618852
17 30090.294523 1.875865
17 29846.100230 2.672180
17 29559.102866 3.608076
17 29283.247148 4.507638
17 29650.870223 3.308823
17 29647.280491 3.320529
17 29650.326609 3.310596
17 29820.756459 2.754826
17 29585.283642 3.522700
17 29705.876955 3.129447
17 29316.951658 4.397728
17 29000.012855 5.431262
17 30020.760280 2.102616
17 29784.084280 2.874414
17 29600.037210 3.474589
17 29977.137576 2.244869
17 29613.236149 3.431547
17 29150.284102 4.941229
17 29326.570492 4.366361
17 29044.709651 5.285506
17 29815.746545 2.771163
17 30022.072272 2.098337
17 29317.339899 4.396462
17 28762.172336 6.206858
16 29388.167229 4.165495
17 29134.954288 4.991220
17 29815.889819 2.770696
17 29424.305173 4.047649
17 29728.188894 3.056688
17 29178.792722 4.848263
17 29086.892820 5.147948
17 29587.729888 3.514723
17 29911.709639 2.458229
17 29823.417366 2.746149
17 29275.593610 4.532596
17 29819.973797 2.757378
17 29557.078546 3.614677
17 29735.694558 3.032212
17 29419.291030 4.064000
17 29299.930993 4.453232
17 29951.859065 2.327302
17 29428.989213 4.032375
17 29775.847052 2.901275
17 29790.472759 2.853581
17 29822.417897 2.749408
17 30126.205244 1.758761
17 29164.888567 4.893604
17 29579.329591 3.542116
16 29685.091430 3.197228
