7 5.201914 5.557345
11 5.276676 4.200021
9 5.013188 8.983736
11 5.178117 5.989390
11 5.013719 8.974085
12 5.378109 2.358466
12 5.345328 2.953605
12 5.085222 7.675922
13 5.221013 5.210588
13 5.317209 3.464114
13 5.183284 5.895584
13 5.330968 3.214327
13 4.977645 9.629025
13 5.334385 3.152291
13 5.194177 5.697810
13 5.325980 3.304875
15 5.301899 3.742075
10 5.042507 8.451443
15 5.383571 2.259300
15 4.999900 9.224978
15 5.386664 2.203131
15 5.326498 3.295472
15 5.270662 4.309198
15 5.330273 3.226937
15 5.262250 4.461927
15 5.483566 0.443855
16 5.291861 3.924316
16 5.432893 1.363842
16 5.318285 3.444577
16 5.237226 4.916245
16 5.205098 5.499547
16 5.415339 1.682541
16 5.368753 2.528326
16 5.482200 0.468652
10 5.004798 9.136062
12 5.313443 3.532503
17 5.309917 3.596504
19 5.403001 1.906534
19 5.365858 2.580889
19 5.387110 2.195041
19 5.443743 1.166847
13 5.397916 1.998860
18 5.272733 4.271608
14 4.974736 9.681847
11 5.316772 3.472056
12 5.162571 6.271624
15 5.400065 1.959849
13 4.995165 9.310940
13 5.093354 7.528285
16 5.439696 1.240320
13 5.247659 4.726824
15 5.475919 0.582685
15 5.031939 8.643305
11 5.055483 8.215852
17 5.453824 0.983827
15 5.299619 3.783474
16 5.276112 4.210255
13 5.319408 3.424193
13 4.982813 9.535202
24 5.317851 3.452474
15 5.118003 7.080787
24 5.460294 0.866357
15 5.381762 2.292144
7 5.045832 8.391069
15 4.999557 9.231210
19 5.372668 2.457241
12 5.068997 7.970508
15 5.349536 2.877215
15 5.210171 5.407428
15 5.262986 4.448555
15 5.332257 3.190926
15 5.142509 6.635870
15 5.111265 7.203107
9 5.243205 4.807692
12 5.150611 6.488768
18 5.484948 0.418765
17 5.470485 0.681346
14 5.352643 2.820804
16 5.377444 2.370528
15 5.415954 1.671373
13 5.263958 4.430916
19 5.409567 1.787324
20 5.412569 1.732832
19 5.417079 1.650953
15 5.289238 3.971949
16 5.194450 5.692856
12 5.429847 1.419133
11 5.124917 6.955261
13 5.446297 1.120483
12 5.321775 3.381230
20 5.152950 6.446312
12 5.327565 3.276103
13 5.191391 5.748389
13 5.208486 5.438023
15 5.407367 1.827273
12 5.198983 5.610551
13 5.414951 1.689575
16 5.356129 2.757522
16 5.434475 1.335120
20 5.109864 7.228545
11 4.961523 9.921728
13 5.116320 7.111341
17 5.386263 2.210418
13 5.111708 7.195060
12 5.406964 1.834580
16 5.452626 1.005569
13 4.972373 9.724746
17 5.275520 4.221002
12 5.330660 3.219911
21 5.420584 1.587312
15 5.487239 0.377171
19 5.445171 1.140923
17 5.342276 3.009014
17 5.355685 2.765567
15 5.039979 8.497339
12 5.009534 9.050066
23 5.373894 2.434980
19 5.476771 0.567215
13 5.016330 8.926692
10 5.439669 1.240814
16 5.321235 3.391025
11 5.139137 6.697093
16 5.273784 4.252520
15 5.415007 1.688562
16 5.394697 2.057302
14 5.004610 9.139464
15 5.033075 8.622678
12 5.082067 7.733214
16 5.429933 1.417568
20 5.167492 6.182294
17 5.362895 2.634673
15 5.439843 1.237648
15 5.455812 0.947736
13 5.340700 3.037637
13 5.393307 2.082538
13 5.006896 9.097975
17 5.432157 1.377190
13 5.005846 9.117037
13 5.275098 4.228654
19 5.123562 6.979860
15 5.017570 8.904173
16 5.412285 1.737985
19 5.376598 2.385898
17 5.382980 2.270021
16 5.442957 1.181120
16 5.304728 3.690720
22 5.458967 0.890449
13 5.366211 2.574479
7 4.969841 9.770714
15 5.401971 1.925232
12 5.399775 1.965107
16 5.453792 0.984401
17 5.458316 0.902267
7 5.169206 6.151175
9 4.958712 9.972768
13 5.173509 6.073043
17 5.430073 1.415026
16 5.431868 1.382436
15 5.335643 3.129448
21 5.289095 3.974547
17 5.370804 2.491081
16 5.468014 0.726195
15 5.382120 2.285645
14 5.185495 5.855445
12 5.009564 9.049526
13 5.019871 8.862394
15 5.399071 1.977878
24 5.358475 2.714919
23 5.350531 2.859147
18 5.431118 1.396061
13 5.286526 4.021174
19 5.212941 5.357153
15 5.435096 1.323833
22 5.358809 2.708861
25 5.411417 1.753735
17 5.406269 1.847200
15 5.229060 5.064491
16 5.430510 1.407101
19 5.196132 5.662326
21 5.401009 1.942693
19 5.281261 4.116780
16 5.347066 2.922048
21 5.401083 1.941360
19 5.380001 2.324115
23 5.282776 4.089263
18 5.243070 4.810143
19 5.137310 6.730257
25 5.437463 1.280870
24 5.405312 1.864576
39 5.358354 2.717112
45 5.135643 6.760519
42 5.218434 5.257417
53 5.156362 6.384356
63 5.311649 3.565072
65 5.278153 4.173196
87 5.038110 8.531270
82 5.341383 3.025233
90 5.445045 1.143219
210 5.385067 2.232128
failed to find solution in 1200 iterations and 321 function evals
