7 4.960903 9.932979
8 4.988993 9.422995
9 5.211449 5.384233
11 5.144999 6.590654
11 5.340165 3.047343
11 5.481747 0.476878
11 5.285494 4.039927
12 5.258535 4.529363
12 5.285356 4.042424
12 5.348524 2.895584
13 4.983600 9.520919
13 5.495443 0.228224
14 5.040777 8.482853
13 5.289819 3.961404
13 5.480934 0.491636
13 5.459834 0.874704
13 5.390740 2.129140
13 5.106563 7.288481
15 5.225738 5.124802
15 5.452941 0.999851
15 5.416077 1.669132
13 5.241495 4.838735
15 5.198834 5.613262
12 4.965378 9.851749
15 5.472787 0.639539
13 5.280689 4.127151
15 5.400844 1.945694
15 5.099622 7.414494
15 5.289098 3.974489
16 5.392565 2.095998
16 5.413409 1.717568
16 5.414873 1.691003
16 5.335570 3.130767
16 5.098814 7.429158
15 5.242843 4.814262
17 5.368366 2.535352
17 5.468197 0.722882
17 5.353725 2.801165
17 5.407618 1.822708
17 5.189510 5.782548
17 5.466012 0.762543
17 5.412009 1.743000
19 5.357117 2.739569
11 4.996508 9.286561
19 5.142436 6.637181
20 5.416375 1.663732
12 5.155570 6.398734
16 5.357575 2.731266
13 5.396129 2.031306
13 5.374335 2.426972
12 4.992212 9.364569
19 5.397146 2.012835
12 5.439606 1.241965
13 5.402941 1.907619
15 5.285363 4.042293
13 5.313920 3.523841
17 5.301094 3.756696
13 5.287961 3.995132
7 5.018395 8.889192
11 5.215165 5.316767
10 5.113344 7.165357
12 5.050650 8.303599
13 5.405547 1.860304
15 5.126075 6.934232
15 5.413135 1.722547
15 5.489064 0.344026
15 5.393579 2.077601
12 5.123368 6.983381
16 5.421836 1.564586
7 5.171701 6.105875
7 5.139372 6.692816
13 5.370133 2.503275
13 5.293608 3.892598
12 5.392904 2.089843
16 5.480439 0.500613
21 5.411221 1.757294
9 5.222136 5.190208
12 5.276367 4.205620
15 5.419861 1.600440
12 5.330319 3.226110
13 5.224159 5.153471
19 5.403647 1.894807
13 5.382680 2.275471
12 5.406614 1.840940
13 5.299752 3.781057
20 5.381680 2.293619
17 5.340180 3.047066
13 5.018641 8.884741
11 5.150596 6.489050
13 5.026924 8.734360
16 5.078629 7.795631
17 5.481074 0.489092
20 5.356010 2.759681
17 5.174738 6.050739
12 5.298032 3.812294
16 5.415071 1.687405
11 5.419758 1.602309
15 5.267842 4.360390
19 5.409949 1.780396
11 5.277713 4.181195
15 5.400479 1.952330
12 5.363805 2.618157
15 5.305262 3.681033
15 5.195646 5.671140
15 5.047133 8.367442
23 5.435912 1.309016
18 5.119897 7.046402
11 5.059665 8.139926
16 5.403875 1.890665
15 5.376765 2.382861
9 4.989759 9.409095
16 5.408948 1.798575
13 5.046693 8.375445
12 5.312029 3.558162
11 5.147512 6.545036
9 5.030279 8.673436
12 5.260790 4.488430
17 5.439380 1.246060
19 5.277124 4.191875
12 5.303833 3.706968
15 5.425086 1.505575
15 5.057155 8.185504
16 5.212394 5.367080
21 5.325598 3.311819
19 5.366863 2.562638
15 5.208500 5.437772
15 5.211910 5.375863
15 5.334164 3.156294
17 5.367739 2.546724
15 5.108900 7.246051
13 5.169491 6.145997
18 5.376254 2.392143
15 5.332680 3.183239
18 5.104810 7.320306
13 5.464966 0.781532
17 4.965288 9.853376
13 5.172056 6.099419
11 5.181030 5.936507
19 5.103614 7.342015
21 4.973915 9.696753
20 5.456708 0.931457
13 5.253221 4.625855
13 5.363259 2.628072
15 5.359269 2.700510
12 5.495588 0.225589
13 5.033383 8.617087
19 5.451367 1.028427
16 5.205186 5.497946
16 5.318711 3.436854
13 5.148091 6.534517
21 5.242235 4.825307
13 5.318677 3.437461
15 5.434405 1.336385
15 5.396964 2.016149
16 5.372993 2.451343
15 5.137920 6.719180
12 5.278044 4.175182
13 5.214411 5.330448
11 5.338989 3.068694
13 5.355714 2.765051
13 5.455496 0.953479
19 5.249019 4.702127
19 5.226896 5.103791
9 5.108456 7.254107
11 5.312653 3.546833
9 5.151716 6.468703
13 5.198171 5.625301
19 5.293991 3.885657
17 5.295930 3.850458
17 5.439850 1.237532
16 5.409272 1.792680
13 4.960829 9.934329
13 5.403937 1.889550
17 5.311428 3.569079
14 5.055760 8.210833
21 5.420845 1.582564
23 5.446854 1.110373
13 4.990338 9.398585
21 5.330261 3.227162
16 5.064074 8.059880
17 5.440139 1.232274
16 5.390548 2.132633
17 5.337124 3.102552
17 5.251288 4.660935
22 5.383563 2.259439
20 5.313344 3.534290
32 5.261139 4.482090
28 5.004957 9.133164
24 5.406616 1.840908
30 5.432010 1.379866
31 4.985048 9.494629
48 5.282812 4.088614
50 5.468632 0.714973
56 4.957424 9.996154
66 5.280138 4.137155
69 5.330990 3.213922
84 5.301124 3.756147
89 5.357037 2.741033
118 5.150268 6.494996
165 5.426985 1.471099
