16 29242.903444 4.639199
16 29121.805698 5.034097
16 28819.292427 6.020590
16 29285.432470 4.500512
16 29766.724885 2.931022
16 30003.516050 2.158849
16 28792.967046 6.106436
16 29192.421761 4.803819
16 27902.760886 9.009389
16 29616.803467 3.419915
16 28658.057043 6.546377
16 28266.522922 7.823165
16 29444.262838 3.982568
16 29775.290894 2.903089
16 28381.552033 7.448056
16 28636.676853 6.616097
16 29510.474484 3.766652
16 29612.154307 3.435075
16 29290.348425 4.484481
16 29493.605156 3.821663
16 28404.073262 7.374615
16 27834.708567 9.231307
16 29568.777924 3.576525
16 30007.753275 2.145031
16 29393.033397 4.149626
16 29117.241205 5.048982
16 29754.922292 2.969510
16 29422.150131 4.054677
16 28683.602254 6.463074
16 29319.750421 4.388601
16 29680.391142 3.212556
16 29510.125925 3.767789
16 29270.698746 4.548558
16 28211.407401 8.002896
16 28974.107848 5.515738
16 29424.571019 4.046783
16 29358.156087 4.263361
16 29752.039020 2.978913
16 28089.915142 8.399081
16 29965.094439 2.284141
16 29836.859152 2.702315
16 28754.258991 6.232663
16 29597.774289 3.481968
16 29126.437345 5.018993
17 29348.007118 4.296457
16 28382.151068 7.446103
17 29800.866098 2.819688
16 28986.271205 5.476074
16 27600.149010 9.996204
16 28615.998540 6.683529
17 29817.417584 2.765714
16 29646.910008 3.321737
16 28339.688025 7.584575
16 29389.922843 4.159770
16 29506.082727 3.780974
16 28555.638536 6.880362
16 27950.067171 8.855124
16 28594.492158 6.753661
16 28860.259704 5.886996
16 29465.231589 3.914189
16 28228.999852 7.945528
16 29854.500179 2.644788
16 28603.235428 6.725149
16 28678.333503 6.480255
17 29607.628601 3.449834
16 28896.361075 5.769270
16 29733.406363 3.039674
16 28221.511061 7.969948
16 29403.279748 4.116213
16 29507.203705 3.777318
16 27613.487496 9.952707
16 27860.846287 9.146072
16 28744.922976 6.263108
16 28610.525177 6.701377
16 27971.489566 8.785266
16 30104.701804 1.828883
16 29935.909405 2.379313
16 29053.520949 5.256773
16 29823.370041 2.746303
16 28972.305404 5.521616
16 29499.647962 3.801957
16 29022.110234 5.359203
16 29287.133501 4.494965
16 29929.540944 2.400081
16 28762.266870 6.206549
16 28801.253962 6.079413
16 29430.164155 4.028543
16 28592.024605 6.761708
16 28298.608352 7.718535
16 28279.183763 7.781878
16 29125.334106 5.022591
17 29185.887375 4.825127
16 29034.214099 5.319732
16 28449.444508 7.226660
16 29149.818624 4.942747
16 29465.961811 3.911808
16 29906.280960 2.475931
16 28114.062640 8.320337
16 29545.499070 3.652437
17 30019.210147 2.107671
16 29580.400592 3.538624
16 28890.945275 5.786930
16 29491.789433 3.827584
17 29550.712078 3.635438
16 28582.052628 6.794226
16 29427.678504 4.036649
16 29989.276965 2.205282
16 27911.675076 8.980320
16 29913.087705 2.453735
16 29385.824735 4.173134
16 28274.329281 7.797709
16 28823.961962 6.005362
16 29410.883975 4.091416
16 29845.683408 2.673539
16 28944.621229 5.611894
16 29380.974285 4.188951
16 28485.370634 7.109505
16 29425.086948 4.045100
16 27782.249437 9.402376
16 29342.825649 4.313353
16 28452.252060 7.217504
16 28208.028439 8.013915
16 29181.357062 4.839901
16 28322.197543 7.641611
16 28892.591343 5.781563
16 28327.777534 7.623415
16 28989.596894 5.465229
16 29838.601450 2.696634
16 28417.859832 7.329657
16 29139.462391 4.976519
16 29739.835570 3.018708
16 29270.028126 4.550745
16 29590.674546 3.505121
16 28756.518487 6.225295
16 29959.756389 2.301549
16 29602.792158 3.465605
17 29662.146870 3.272050
17 29955.591635 2.315130
16 29723.774705 3.071082
16 29160.037163 4.909425
16 28213.573593 7.995832
16 29729.875351 3.051188
16 29334.158264 4.341618
16 28843.028056 5.943188
16 29740.517277 3.016485
16 28827.360323 5.994280
16 29753.050114 2.975616
16 28617.089031 6.679973
16 29084.105305 5.157038
16 28404.740282 7.372440
16 28698.698594 6.413845
16 29618.895459 3.413093
17 29642.893023 3.334837
16 28912.262055 5.717417
17 29159.434694 4.911389
16 28720.138808 6.343929
16 29657.397240 3.287539
16 30197.745875 1.525467
16 28598.000390 6.742221
16 28883.784033 5.810283
16 29455.838527 3.944819
16 29440.445827 3.995015
17 30171.424526 1.611301
16 29622.339635 3.401861
16 28995.097239 5.447292
16 29583.432500 3.528737
16 29545.770255 3.651553
16 28089.377918 8.400833
16 29383.001830 4.182339
16 29867.277893 2.603120
16 29777.387220 2.896253
16 27670.435233 9.767001
16 30094.020389 1.863715
16 29140.911332 4.971794
16 28526.777773 6.974477
16 29922.513527 2.422997
16 29620.602435 3.407526
16 29341.955591 4.316191
16 28614.630403 6.687990
16 28102.575038 8.357798
17 29718.753490 3.087457
16 28446.047843 7.237736
16 29738.882298 3.021817
16 29002.452631 5.423306
16 29661.919547 3.272791
16 29447.791398 3.971061
16 28174.265800 8.124015
16 29478.387960 3.871286
16 29022.604519 5.357591
16 30181.002805 1.580066
16 28620.958435 6.667355
16 28854.729139 5.905031
16 28964.124429 5.548294
16 28165.741052 8.151814
16 29936.224100 2.378287
16 27798.306022 9.350016
16 29465.312396 3.913925
16 29245.058951 4.632169
17 29526.603149 3.714057
17 29704.231022 3.134814
