7 5.381459 2.297645
7 5.078393 7.799918
7 4.964896 9.860488
7 5.062877 8.081620
8 5.019783 8.864003
9 5.209138 5.426197
11 5.378188 2.357024
11 5.092850 7.537438
11 5.106311 7.293056
12 5.010723 9.028494
12 5.101742 7.376007
12 5.125994 6.935703
12 4.978947 9.605398
13 5.058167 8.167130
13 5.420764 1.584034
13 5.190714 5.760684
13 5.334370 3.152560
13 5.244913 4.776686
13 5.437725 1.276112
15 5.495116 0.234160
15 5.335486 3.132305
15 5.204217 5.515529
15 5.190445 5.765569
15 5.364081 2.613135
15 5.241506 4.838541
15 5.273450 4.258577
16 5.173981 6.064477
16 5.012738 8.991905
16 5.423736 1.530093
16 5.372610 2.458295
16 5.455446 0.954382
7 5.166368 6.202689
16 5.401240 1.938514
16 5.348778 2.890975
15 5.398508 1.988107
13 5.397522 2.006003
11 5.371761 2.473703
15 5.488464 0.354919
17 5.447875 1.091835
17 5.414392 1.699726
17 5.488162 0.360400
12 5.039423 8.507426
13 5.262725 4.453299
11 5.074690 7.867150
17 5.140644 6.669729
8 4.983914 9.515219
9 5.225640 5.126591
19 5.182798 5.904399
19 5.200286 5.586905
16 5.234871 4.959005
13 5.427422 1.463163
13 5.079217 7.784961
9 5.298074 3.811528
13 5.317758 3.454147
20 5.406026 1.851617
20 5.346652 2.929574
20 5.414963 1.689370
20 5.285544 4.039009
9 5.037132 8.549030
13 5.363022 2.632377
17 5.442066 1.197294
21 5.435651 1.313759
15 5.369991 2.505841
7 5.228866 5.068016
7 5.071476 7.925489
15 5.130763 6.849109
11 5.076999 7.825226
15 5.454072 0.979321
20 5.501007 0.127205
17 5.445243 1.139614
23 5.318168 3.446711
11 5.430273 1.411400
20 5.346755 2.927696
15 5.427330 1.464830
13 5.169067 6.153694
7 5.029753 8.682992
16 4.961729 9.917997
13 5.131603 6.833862
16 5.342847 2.998646
13 5.240821 4.850973
15 5.468058 0.725395
12 5.148958 6.518789
11 5.447752 1.094057
17 5.452140 1.014405
15 5.283198 4.081609
17 5.203713 5.524686
19 5.460580 0.861169
19 5.491880 0.292905
7 4.999790 9.226984
13 5.391695 2.111800
17 5.411977 1.743580
15 5.421021 1.579375
15 5.395209 2.047995
13 5.343725 2.982714
15 5.378954 2.343110
15 5.411800 1.746788
15 5.208992 5.428843
16 5.330584 3.221291
19 5.398602 1.986398
9 5.152754 6.449864
7 4.992234 9.364167
16 5.422257 1.556944
13 5.014512 8.959695
7 5.028693 8.702236
16 5.414394 1.699694
8 4.976199 9.655279
23 5.434679 1.331406
20 5.309279 3.608095
15 5.368412 2.534508
12 5.157961 6.355325
20 5.403078 1.905139
13 5.412500 1.734082
15 5.491342 0.302666
12 5.409316 1.791891
12 5.079050 7.787986
7 5.143558 6.616813
15 5.353646 2.802594
19 5.316144 3.483453
15 5.228818 5.068890
12 5.162587 6.271342
18 5.383386 2.262661
15 5.290471 3.949552
16 5.331925 3.196943
12 5.023866 8.789873
15 5.348812 2.890362
16 5.372173 2.466221
15 5.296139 3.846647
15 5.297540 3.821216
17 5.348525 2.895560
15 5.277439 4.186162
12 5.130739 6.849551
11 5.323701 3.346265
7 5.064288 8.055991
20 5.477125 0.560789
15 5.374058 2.432013
12 5.153447 6.437289
12 5.072953 7.898670
7 5.149267 6.513161
16 5.434485 1.334938
23 5.363137 2.630279
13 5.117294 7.093654
25 5.407003 1.833879
19 5.393221 2.084103
13 5.240126 4.863599
12 5.277706 4.181313
16 5.430597 1.405521
17 5.300951 3.759290
13 5.262818 4.451604
19 5.427384 1.463849
15 5.424871 1.509481
21 5.325542 3.312841
12 5.218201 5.261648
15 5.212406 5.366853
16 5.317756 3.454182
17 5.159520 6.327025
20 5.408876 1.799871
11 5.093761 7.520893
11 5.075334 7.855448
17 5.371794 2.473103
9 5.119837 7.047482
15 5.286476 4.022094
15 5.408998 1.797663
20 5.027328 8.727014
16 5.370533 2.496011
18 5.073399 7.890580
17 5.154120 6.425056
15 5.331777 3.199643
17 5.347765 2.909372
13 5.375952 2.397623
15 5.030255 8.673878
17 5.414930 1.689963
12 5.029036 8.696013
25 5.441347 1.210352
15 5.346463 2.932996
13 5.200315 5.586382
15 5.411797 1.746842
13 5.226057 5.119013
16 5.157695 6.360163
17 5.383385 2.262671
17 5.387281 2.191931
15 5.419468 1.607577
20 5.481026 0.489958
17 5.484025 0.435510
21 5.379067 2.341070
22 5.331627 3.202353
25 5.476988 0.563281
36 5.027520 8.723538
34 4.971882 9.733653
43 5.285874 4.033025
45 5.325694 3.310074
97 5.199753 5.596571
117 5.407841 1.818666
failed to find solution after reaching max emtpy limit -- 668 iterations and 174 function evals
183 5.123693 6.977476
failed to find solution after reaching max emtpy limit -- 756 iterations and 195 function evals
failed to find solution after reaching max emtpy limit -- 840 iterations and 236 function evals
failed to find solution after reaching max emtpy limit -- 872 iterations and 225 function evals
failed to find solution after reaching max emtpy limit -- 908 iterations and 228 function evals
failed to find solution after reaching max emtpy limit -- 1004 iterations and 264 function evals
failed to find solution in 1200 iterations and 301 function evals
