16 29141.628482 4.969455
16 29219.493855 4.715537
16 29593.413517 3.496189
16 29636.696508 3.355044
16 29128.653715 5.011766
16 29402.686722 4.118147
16 29128.197695 5.013253
16 29266.209220 4.563199
16 28942.894692 5.617524
16 29354.935826 4.273862
16 29061.707167 5.230078
16 29358.086831 4.263587
16 28687.823292 6.449309
16 29988.884243 2.206563
16 29281.715155 4.512634
16 29423.972449 4.048734
16 29586.559175 3.518541
16 29407.453381 4.102603
16 29222.224290 4.706633
16 29149.002299 4.945409
16 29166.283217 4.889056
16 29609.774237 3.442837
16 29391.123211 4.155855
16 29109.950979 5.072755
16 29660.567916 3.277199
16 29213.784780 4.734154
16 29352.909675 4.280469
16 29567.508025 3.580666
16 29144.869335 4.958887
16 29354.865808 4.274090
16 29740.939396 3.015109
16 29396.043051 4.139812
16 29457.985666 3.937818
16 29469.356166 3.900739
16 29090.087250 5.137531
16 29024.900453 5.350104
16 29622.327975 3.401899
16 29544.072669 3.657089
16 29601.164781 3.470912
16 28833.476241 5.974336
16 29323.289546 4.377060
16 29316.720144 4.398483
16 29740.679898 3.015955
16 29421.435361 4.057008
16 29475.271550 3.881449
16 29390.128209 4.159100
16 29136.753595 4.985352
16 29520.794744 3.732998
16 29014.087301 5.385366
16 29164.469953 4.894969
16 29236.843252 4.658961
16 29128.135986 5.013454
16 29221.763623 4.708135
16 29104.670422 5.089975
16 29369.485672 4.226415
16 29916.015106 2.444188
16 29320.947919 4.384696
16 29568.071689 3.578828
16 29590.908587 3.504357
16 29427.982166 4.035659
16 29737.269459 3.027076
16 29304.244665 4.439165
16 29584.956883 3.523766
16 29197.108951 4.788534
16 28150.511311 8.201478
16 29907.354430 2.472431
16 29627.526386 3.384947
16 29497.650918 3.808470
16 29006.544079 5.409964
16 29322.114950 4.380891
16 28956.629994 5.572733
16 29076.851988 5.180691
16 29408.044920 4.100674
16 29209.576476 4.747877
16 29512.575525 3.759801
15 29260.089848 4.583154
16 29611.368473 3.437638
16 28903.372668 5.746405
16 29142.263426 4.967385
16 29248.749464 4.620135
16 29513.247228 3.757610
16 28976.079391 5.509309
16 29175.907481 4.857672
16 28736.819748 6.289532
16 29143.471782 4.963444
16 29120.973760 5.036810
16 29206.235322 4.758773
16 29632.323632 3.369303
16 29391.579297 4.154368
16 29298.562415 4.457695
16 29107.372435 5.081164
16 29161.081647 4.906019
16 29067.432050 5.211409
16 29211.990852 4.740004
16 28746.575214 6.257720
16 29245.749763 4.629917
16 29400.728020 4.124534
16 29401.961474 4.120512
16 29226.214437 4.693621
16 29349.129709 4.292796
16 29495.872373 3.814270
16 29017.895625 5.372947
16 29135.121287 4.990675
16 29074.634593 5.187922
16 29276.691404 4.529016
16 29487.105136 3.842859
16 29137.320578 4.983503
16 28845.251940 5.935936
16 29395.167744 4.142666
16 29445.791161 3.977584
16 29523.145900 3.725331
16 29294.274450 4.471678
16 29387.856171 4.166509
15 29462.818674 3.922057
16 29294.966142 4.469423
16 29278.660207 4.522596
16 29065.903485 5.216394
16 29231.713091 4.675690
16 28958.220457 5.567547
16 29582.351021 3.532264
16 29789.111582 2.858020
16 28843.428532 5.941882
16 29914.304208 2.449768
16 29157.728692 4.916953
16 28923.940972 5.679332
16 29618.736732 3.413610
16 29485.729960 3.847344
16 29379.302195 4.194404
16 29770.763393 2.917853
16 29186.222175 4.824036
16 29838.309691 2.697585
16 29346.938947 4.299940
16 29709.013158 3.119220
16 29749.026550 2.988736
16 29251.731997 4.610409
16 29607.647449 3.449772
16 29218.959973 4.717278
16 29378.443933 4.197202
15 29437.016785 4.006197
16 29294.346189 4.471444
16 29486.437324 3.845037
16 29105.193839 5.088268
16 30017.939395 2.111814
16 29363.823306 4.244880
16 28998.162753 5.437295
16 29369.409857 4.226662
16 29620.252619 3.408667
16 29083.746997 5.158206
16 29440.910832 3.993499
16 29444.617316 3.981412
16 29409.852923 4.094778
16 29631.137649 3.373171
16 29090.461722 5.136309
16 28913.412029 5.713667
16 29336.034436 4.335499
16 29601.415055 3.470096
16 28979.126069 5.499374
16 29295.979958 4.466117
16 29621.453295 3.404751
16 29383.503767 4.180702
16 28903.063205 5.747414
16 29572.842161 3.563272
16 29188.404244 4.816920
16 29158.805784 4.913440
16 28792.642870 6.107494
16 28841.619400 5.947782
16 29537.735537 3.677754
16 29307.287993 4.429241
16 29651.971592 3.305232
16 29066.498410 5.214454
16 28640.288978 6.604318
16 29326.415620 4.366866
16 29389.415762 4.161423
16 28813.578243 6.039224
16 28939.516508 5.628540
16 29132.617884 4.998839
16 29378.218205 4.197939
15 29320.892240 4.384878
16 29274.202410 4.537133
16 29106.703352 5.083346
16 29207.505145 4.754632
16 29222.112212 4.706999
16 29344.862294 4.306712
16 29647.393211 3.320162
16 29328.826463 4.359004
16 29548.625545 3.642242
16 29275.777357 4.531997
16 29360.859865 4.254544
16 29767.117252 2.929743
16 29566.875793 3.582728
16 29972.258185 2.260780
16 29770.432977 2.918930
16 29677.720940 3.221263
16 29598.480865 3.479664
16 29281.525257 4.513253
16 29505.551425 3.782706
16 29513.537653 3.756663
16 29695.867822 3.162086
16 29139.324977 4.976967
17 29664.964607 3.262862
