7 5.021817 8.827068
7 4.988430 9.433224
7 5.429625 1.423174
7 5.265558 4.401862
9 5.111472 7.199347
10 5.022829 8.808691
10 5.034773 8.591848
10 5.258322 4.533231
10 5.273557 4.256632
11 5.367845 2.544803
11 5.239745 4.870500
11 4.983002 9.531763
11 5.397179 2.012233
11 5.194461 5.692659
11 5.103950 7.335924
10 5.317081 3.466445
11 5.058482 8.161396
12 5.332563 3.185356
12 5.286388 4.023684
12 5.053539 8.251146
12 5.439450 1.244789
13 5.387430 2.189234
13 5.220389 5.221932
13 5.463074 0.815883
10 5.123446 6.981966
13 5.264205 4.426435
13 5.327356 3.279900
13 5.361830 2.654010
13 5.412591 1.732426
14 5.419558 1.605933
14 5.433645 1.350187
14 5.467100 0.742802
14 4.968312 9.798475
14 5.438015 1.270841
14 5.448253 1.084971
8 5.043248 8.437981
14 5.464201 0.795427
15 5.345725 2.946405
14 5.375500 2.405826
11 5.370593 2.494918
16 5.375300 2.409466
9 5.162300 6.276546
16 5.144180 6.605521
16 5.401347 1.936567
14 5.021080 8.840444
11 5.312644 3.546999
13 5.386584 2.204598
12 5.429229 1.430362
13 5.036919 8.552887
13 5.112418 7.182175
9 5.129542 6.871289
14 4.969531 9.776347
15 5.213545 5.346178
11 5.391596 2.113589
10 5.303683 3.709688
failed to find solution after reaching max emtpy limit -- 13 iterations and 7 function evals
14 5.128648 6.887514
16 5.368176 2.538802
failed to find solution after reaching max emtpy limit -- 13 iterations and 7 function evals
15 5.450681 1.040897
12 5.459404 0.882523
13 5.389899 2.144411
14 5.191302 5.750001
13 5.059774 8.137946
12 5.352720 2.819403
13 5.037826 8.536419
15 5.342120 3.011855
11 5.480122 0.506380
11 5.044534 8.414639
13 5.163798 6.249361
15 5.286485 4.021935
15 5.408491 1.806872
11 5.138331 6.711708
15 5.484371 0.429226
15 5.227303 5.096406
11 5.004607 9.139524
14 5.324973 3.323156
failed to find solution after reaching max emtpy limit -- 17 iterations and 11 function evals
13 5.233561 4.982773
10 5.300119 3.774403
7 5.119727 7.049479
12 5.376532 2.387082
11 4.968875 9.788256
failed to find solution after reaching max emtpy limit -- 18 iterations and 12 function evals
15 5.365740 2.583026
13 5.188130 5.807590
11 5.363806 2.618135
15 5.419675 1.603810
12 5.062658 8.085593
13 5.201087 5.572361
12 5.296759 3.835398
13 5.399109 1.977203
15 5.341116 3.030082
10 5.006205 9.110515
13 5.435121 1.323390
13 5.149448 6.509875
14 5.448646 1.077836
17 5.339083 3.066996
failed to find solution after reaching max emtpy limit -- 13 iterations and 7 function evals
failed to find solution after reaching max emtpy limit -- 14 iterations and 8 function evals
failed to find solution after reaching max emtpy limit -- 22 iterations and 16 function evals
12 5.332111 3.193569
15 5.316662 3.474053
11 5.206890 5.466999
16 5.148767 6.522253
12 5.458933 0.891066
12 5.063744 8.065871
failed to find solution after reaching max emtpy limit -- 23 iterations and 14 function evals
10 5.134261 6.785614
failed to find solution after reaching max emtpy limit -- 24 iterations and 15 function evals
11 5.151203 6.478023
failed to find solution after reaching max emtpy limit -- 23 iterations and 14 function evals
11 5.347820 2.908373
10 4.969659 9.774013
failed to find solution after reaching max emtpy limit -- 25 iterations and 13 function evals
7 5.291434 3.932079
12 4.996124 9.293535
15 5.333624 3.166092
13 5.382062 2.286700
13 5.373703 2.438444
15 5.333015 3.177150
14 5.436831 1.292349
failed to find solution after reaching max emtpy limit -- 21 iterations and 15 function evals
failed to find solution after reaching max emtpy limit -- 27 iterations and 16 function evals
19 5.465640 0.769298
13 5.192357 5.730861
13 5.430480 1.407652
12 5.360265 2.682419
14 5.319276 3.426588
10 5.034319 8.600096
18 5.257701 4.544513
9 4.981481 9.559380
18 5.364398 2.607392
14 5.401973 1.925195
failed to find solution after reaching max emtpy limit -- 21 iterations and 15 function evals
7 5.063372 8.072633
12 5.255464 4.585117
11 4.999956 9.223963
11 5.266459 4.385498
11 5.427312 1.465165
9 5.180138 5.952696
7 4.964670 9.864601
14 5.386967 2.197645
failed to find solution after reaching max emtpy limit -- 19 iterations and 13 function evals
14 5.341590 3.021468
failed to find solution after reaching max emtpy limit -- 13 iterations and 7 function evals
14 5.209942 5.411585
failed to find solution after reaching max emtpy limit -- 18 iterations and 12 function evals
12 5.200866 5.576372
15 5.320962 3.395983
16 5.418302 1.628750
14 5.069259 7.965736
11 5.222397 5.185474
14 5.418341 1.628042
failed to find solution after reaching max emtpy limit -- 34 iterations and 16 function evals
13 5.359800 2.690869
12 5.038500 8.524181
failed to find solution after reaching max emtpy limit -- 19 iterations and 12 function evals
13 5.207494 5.456037
12 5.074034 7.879051
12 4.998818 9.244632
13 5.111041 7.207169
failed to find solution after reaching max emtpy limit -- 21 iterations and 15 function evals
14 5.422450 1.553427
19 5.350493 2.859840
15 5.330476 3.223262
13 5.376749 2.383159
9 5.417829 1.637326
failed to find solution after reaching max emtpy limit -- 21 iterations and 15 function evals
14 5.184087 5.881006
12 5.166615 6.198204
17 5.290632 3.946631
failed to find solution after reaching max emtpy limit -- 13 iterations and 7 function evals
11 5.157434 6.364899
14 5.251245 4.661726
failed to find solution after reaching max emtpy limit -- 18 iterations and 12 function evals
failed to find solution after reaching max emtpy limit -- 28 iterations and 15 function evals
12 5.055266 8.219801
12 5.049712 8.320619
14 5.297632 3.819548
failed to find solution after reaching max emtpy limit -- 18 iterations and 12 function evals
14 5.442380 1.191605
failed to find solution after reaching max emtpy limit -- 21 iterations and 12 function evals
15 5.378073 2.359104
14 5.445374 1.137233
failed to find solution after reaching max emtpy limit -- 14 iterations and 8 function evals
failed to find solution after reaching max emtpy limit -- 20 iterations and 14 function evals
failed to find solution after reaching max emtpy limit -- 33 iterations and 16 function evals
failed to find solution after reaching max emtpy limit -- 20 iterations and 14 function evals
19 5.376198 2.393157
failed to find solution after reaching max emtpy limit -- 13 iterations and 7 function evals
failed to find solution after reaching max emtpy limit -- 19 iterations and 13 function evals
failed to find solution after reaching max emtpy limit -- 33 iterations and 17 function evals
failed to find solution after reaching max emtpy limit -- 17 iterations and 11 function evals
failed to find solution after reaching max emtpy limit -- 32 iterations and 14 function evals
failed to find solution after reaching max emtpy limit -- 21 iterations and 15 function evals
failed to find solution after reaching max emtpy limit -- 24 iterations and 12 function evals
failed to find solution after reaching max emtpy limit -- 22 iterations and 16 function evals
failed to find solution after reaching max emtpy limit -- 33 iterations and 15 function evals
failed to find solution after reaching max emtpy limit -- 32 iterations and 21 function evals
