16 29691.132939 3.177527
16 29340.929048 4.319538
16 28940.802318 5.624347
16 29189.120735 4.814583
16 28788.850632 6.119860
16 28797.796497 6.090688
16 29190.445577 4.810263
16 29015.343176 5.381270
16 29201.647350 4.773734
16 29013.998639 5.385655
16 29413.726766 4.082145
16 29290.543746 4.483844
16 29837.169862 2.701302
16 29253.295905 4.605309
16 29252.948406 4.606442
16 29014.011999 5.385611
16 29148.871699 4.945835
16 29128.517909 5.012209
16 29282.345930 4.510577
16 29471.312783 3.894358
16 29271.987137 4.544357
16 29343.367836 4.311585
16 29325.040879 4.371349
16 29130.481130 5.005807
16 29045.835102 5.281836
16 29083.094892 5.160333
16 28813.649846 6.038990
16 29507.943235 3.774907
16 29353.747452 4.277737
16 28815.594743 6.032648
16 29116.703244 5.050736
16 29074.664719 5.187823
16 29850.458212 2.657969
16 29124.455296 5.025457
16 30065.852437 1.955571
16 28942.751531 5.617991
16 28892.152555 5.782994
16 29918.976360 2.434532
16 29247.185562 4.625235
16 29730.723465 3.048423
16 29483.952657 3.853140
16 29700.993465 3.145372
16 29298.188905 4.458913
16 29158.038816 4.915941
16 29489.137971 3.836230
16 29158.048125 4.915911
16 29779.495050 2.889379
16 29092.333792 5.130205
16 29418.600418 4.066253
16 29308.556349 4.425105
16 29660.931563 3.276013
16 29197.607012 4.786910
16 28650.548629 6.570861
16 29604.225123 3.460932
16 29600.715996 3.472376
16 29484.771602 3.850469
16 29143.610492 4.962992
16 29461.152006 3.927492
16 29472.910483 3.889148
16 29379.656741 4.193247
16 29067.344562 5.211694
16 29800.060735 2.822314
16 29422.122392 4.054767
16 29655.803086 3.292737
16 29027.459782 5.341758
16 29089.237507 5.140302
16 29635.334116 3.359486
16 29159.772067 4.910289
16 29043.293585 5.290124
16 29350.641655 4.287865
16 29207.464678 4.754764
16 28913.884901 5.712125
16 29364.174879 4.243734
16 29336.206204 4.334939
16 29890.401459 2.527714
16 29065.433281 5.217927
16 28486.098952 7.107130
16 29247.564049 4.624000
16 28275.926041 7.792502
16 29809.082246 2.792895
16 29475.014629 3.882286
15 29686.721316 3.191913
16 29142.825555 4.965552
16 29478.301710 3.871567
16 29024.958805 5.349914
16 29144.683041 4.959494
16 29308.316452 4.425887
16 29761.112655 2.949324
16 29330.943737 4.352100
16 29284.336682 4.504085
16 29321.068949 4.384302
16 29610.111936 3.441736
16 28901.049615 5.753980
16 29011.132814 5.395000
16 29395.425006 4.141827
16 28074.174045 8.450413
16 29414.505110 4.079607
16 29914.852212 2.447981
16 29382.656066 4.183467
16 29178.577684 4.848964
16 29376.030896 4.205071
16 29673.007638 3.236633
16 29156.270105 4.921709
16 29699.799673 3.149265
16 29243.658634 4.636736
16 29259.840286 4.583968
16 29238.894754 4.652271
16 29490.816193 3.830758
16 29114.305889 5.058554
16 29299.161239 4.455742
16 28831.180847 5.981822
16 29401.845352 4.120891
16 29081.547204 5.165380
16 29117.336697 5.048670
16 29170.821727 4.874256
16 29358.117617 4.263486
16 29135.160445 4.990547
16 29363.627176 4.245520
16 29583.367585 3.528949
16 29647.215835 3.320740
16 28906.038994 5.737710
16 29563.437917 3.593939
16 29070.260740 5.202185
16 28933.564242 5.647950
16 29307.900429 4.427244
16 29449.808899 3.964482
16 29483.771062 3.853732
16 29145.857151 4.955666
16 29271.946557 4.544489
16 29267.079159 4.560362
16 29222.654450 4.705230
16 29308.095935 4.426607
16 29601.546586 3.469667
16 29199.958793 4.779241
16 29180.855250 4.841537
16 29320.329961 4.386711
16 29180.447469 4.842867
16 29467.961338 3.905287
16 29603.364961 3.463737
16 29061.581294 5.230488
16 29512.306115 3.760679
16 29240.351126 4.647522
16 29127.953187 5.014050
16 30099.009725 1.847445
16 29448.918285 3.967386
16 29380.700119 4.189845
16 28887.800905 5.797184
16 29148.489784 4.947081
16 28627.283421 6.646729
16 29701.093006 3.145047
16 29919.499929 2.432825
16 29090.500513 5.136183
16 28780.774905 6.146195
16 29677.626882 3.221570
16 29616.403656 3.421218
17 29256.211499 4.595801
16 29110.350234 5.071453
16 28786.349896 6.128015
16 29051.041112 5.264860
16 29474.323868 3.884539
16 29455.709703 3.945240
16 29132.572153 4.998988
16 28908.746726 5.728880
16 29496.319752 3.812811
16 29593.456040 3.496050
16 29343.381010 4.311542
16 29012.294010 5.391214
16 29208.772873 4.750498
16 29632.100380 3.370031
16 29384.783114 4.176530
16 29275.005921 4.534513
16 29486.023043 3.846388
16 29394.561787 4.144642
16 29353.558696 4.278353
16 29517.586839 3.743459
16 29946.139763 2.345952
16 29664.876216 3.263150
16 29235.770437 4.662459
16 28785.721827 6.130063
16 29059.374123 5.237686
16 29103.600648 5.093464
16 30020.145713 2.104620
16 29272.171740 4.543755
16 29344.177161 4.308946
16 28928.909080 5.663131
16 29344.280706 4.308608
16 29443.032458 3.986580
16 29597.800354 3.481883
16 29314.117130 4.406971
16 29485.383007 3.848475
16 29369.076049 4.227751
16 29305.475604 4.435151
16 29011.881658 5.392558
16 28946.549890 5.605604
16 29365.012691 4.241002
16 28059.935410 8.496845
15 30345.451438 1.043801
16 29381.970708 4.185702
16 29459.113591 3.934140
16 29336.583137 4.333710
