105 5.154355 6.420790
155 5.156050 6.390021
180 4.976724 9.645744
32 4.962768 9.899129
75 5.086779 7.647663
41 5.168835 6.157905
105 5.329873 3.234193
7 5.054607 8.231758
206 4.998954 9.242155
7 4.980368 9.579600
56 5.164396 6.238504
66 5.062869 8.081749
49 5.111828 7.192885
52 5.000340 9.216993
39 5.126442 6.927564
48 5.025686 8.756829
62 5.099884 7.409745
103 5.295417 3.859762
29 5.135761 6.758382
7 5.011724 9.010306
47 4.988134 9.438608
232 4.962017 9.912760
52 4.998891 9.243295
95 5.100194 7.404115
108 5.235011 4.956463
140 5.111778 7.193788
129 5.226915 5.103439
163 4.984816 9.498832
159 5.342546 3.004116
138 5.044696 8.411691
230 5.113959 7.154202
223 5.362519 2.641494
290 5.242710 4.816675
250 5.258436 4.531170
261 4.984451 9.505458
284 5.021033 8.841297
265 5.205216 5.497400
280 5.060624 8.122525
299 5.048924 8.334932
366 5.016641 8.921035
397 5.337351 3.098428
448 4.982760 9.536172
485 5.270973 4.303562
553 5.125734 6.940423
582 5.037155 8.548596
585 5.064620 8.049969
607 5.124321 6.966079
220 5.187116 5.826012
37 4.968561 9.793954
173 5.351481 2.841892
10 5.152315 6.457828
95 5.189052 5.790855
83 5.254038 4.611009
472 5.218913 5.248716
9 4.978671 9.610410
58 5.084597 7.687278
1103 5.028496 8.705804
443 4.959862 9.951891
111 5.246405 4.749597
245 4.976880 9.642921
286 5.087718 7.630623
105 5.201990 5.555965
16 5.018249 8.891846
48 5.103704 7.340377
259 5.333975 3.159726
24 4.992185 9.365051
12 5.057390 8.181232
18 4.995607 9.302918
37 5.179438 5.965405
114 4.974270 9.690302
29 4.988721 9.427945
266 4.975327 9.671111
48 5.205769 5.487355
294 5.294590 3.874771
169 5.038073 8.531933
197 5.235099 4.954858
229 4.965149 9.855893
133 5.149546 6.508108
129 5.417426 1.644650
364 5.418335 1.628136
355 5.135732 6.758911
466 5.354012 2.795944
194 4.976086 9.657342
516 5.149475 6.509385
356 5.187962 5.810649
74 4.994797 9.317627
420 5.172914 6.083847
462 5.267344 4.369443
476 5.011102 9.021598
704 5.007874 9.080221
680 5.074353 7.873265
578 5.139185 6.696205
677 5.229683 5.053182
669 5.007514 9.086751
686 5.109903 7.227839
9 5.179391 5.966261
11 5.247130 4.736440
116 5.174832 6.049024
43 5.259993 4.502892
366 5.008676 9.065655
140 4.981232 9.563909
28 5.362543 2.641064
37 5.174560 6.053973
21 5.031356 8.653888
130 5.098790 7.429608
8 5.290485 3.949304
18 5.096090 7.478620
180 5.167440 6.183240
187 5.365201 2.592816
138 4.998477 9.250813
132 4.985796 9.481045
142 5.056946 8.189294
82 5.168746 6.159528
42 5.276082 4.210790
211 5.109876 7.228324
409 4.984585 9.503028
55 5.092615 7.541704
16 5.348894 2.888874
26 5.063034 8.078756
35 5.015674 8.938605
65 5.355951 2.760751
16 5.020994 8.842015
335 5.337816 3.089987
23 5.071889 7.917995
320 5.136867 6.738288
89 5.057646 8.176576
126 5.160790 6.303963
212 5.132682 6.814286
209 4.966132 9.838056
53 5.221294 5.205499
158 5.061134 8.113265
492 5.041059 8.477717
348 5.012082 9.003822
373 5.288402 3.987115
581 5.095638 7.486824
104 5.141405 6.655900
254 5.092900 7.536527
736 5.462091 0.833739
146 5.291183 3.936631
689 5.081575 7.742147
155 5.287031 4.012022
48 5.280176 4.136471
211 5.172019 6.100106
115 5.005610 9.121319
260 4.994712 9.319170
107 5.223256 5.169879
28 5.052854 8.263578
113 5.291372 3.933206
113 5.079427 7.781139
348 5.243737 4.798036
111 5.082530 7.724809
224 5.332553 3.185543
124 5.072561 7.905788
93 5.063798 8.064886
53 5.204978 5.501714
292 5.188996 5.791875
118 5.185356 5.857964
346 5.082390 7.727341
171 4.979579 9.593916
777 5.219382 5.240204
9 5.212372 5.367483
162 5.157604 6.361811
10 5.045429 8.398378
7 5.273381 4.259827
252 5.080111 7.768715
273 4.970956 9.750473
7 5.019816 8.863393
164 4.964676 9.864496
160 5.297220 3.827021
136 5.000603 9.212228
102 5.190368 5.766965
198 5.254461 4.603333
201 5.105442 7.308833
315 5.056082 8.204975
314 4.995606 9.302948
368 5.203682 5.525248
25 5.110481 7.217336
351 5.133738 6.795102
505 5.171155 6.115792
15 5.129522 6.871651
542 5.311674 3.564610
212 4.974423 9.687521
88 5.151129 6.479361
217 5.285092 4.047223
187 5.064101 8.059394
313 4.962237 9.908761
334 5.075514 7.852190
50 5.131973 6.827146
567 5.342917 2.997385
177 5.160539 6.308524
41 4.983200 9.528182
324 5.189995 5.773735
128 5.280725 4.126503
137 4.962025 9.912624
137 5.086006 7.661699
208 4.987270 9.454276
387 5.089079 7.605909
70 5.056146 8.203822
97 5.108332 7.256359
88 5.088293 7.620170
268 5.157867 6.357036
1030 5.432365 1.373424
9 5.148538 6.526413
239 5.231563 5.019050
35 5.090082 7.587691
17 5.353593 2.803557
24 4.965238 9.854287
389 5.003033 9.168094
112 5.120601 7.033610
24 5.092574 7.542447
62 5.130655 6.851076
78 5.348312 2.899429
145 5.041409 8.471376
64 4.985668 9.483364
152 5.256370 4.568681
392 5.043192 8.439000
558 4.960184 9.946040
447 5.097284 7.456940
138 5.437544 1.279395
623 4.971984 9.731806
1215 5.121131 7.023992
400 5.236617 4.927305
75 5.148577 6.525703
682 5.166800 6.194845
7 5.333955 3.160086
164 4.979397 9.597226
33 5.062162 8.094597
7 5.121630 7.014935
1292 4.977008 9.640602
27 5.126263 6.930819
123 5.091216 7.567116
659 4.967141 9.819728
21 5.157202 6.369102
68 4.997796 9.263187
852 5.202608 5.544739
440 5.033589 8.613347
89 5.180366 5.948548
34 5.246738 4.743542
1013 4.967641 9.810664
129 5.117919 7.082305
210 5.316921 3.469355
7 5.253437 4.621919
38 5.311709 3.563984
177 5.123062 6.988923
20 5.074360 7.873131
161 5.109881 7.228230
90 5.118456 7.072562
186 5.112828 7.174733
337 5.218174 5.262134
417 5.061118 8.113549
583 5.314804 3.507777
123 5.028068 8.713586
109 5.050515 8.306051
19 5.347006 2.923139
60 4.959032 9.966951
217 4.964008 9.876612
231 5.322023 3.376718
112 5.385942 2.216257
101 5.079532 7.779241
277 5.001257 9.200338
71 5.154057 6.426207
76 4.999351 9.234953
172 5.009991 9.041769
28 5.086384 7.654842
614 5.027506 8.723793
141 4.986111 9.475324
9 5.276676 4.200018
142 5.062783 8.083310
179 4.999087 9.239747
412 5.052790 8.264751
147 5.395322 2.045956
34 4.987590 9.448480
68 5.007883 9.080045
684 4.996647 9.284038
378 5.299740 3.781276
223 4.990906 9.388273
20 5.388924 2.162116
217 5.035998 8.569606
12 5.094929 7.499694
481 5.327736 3.273000
7 5.227534 5.092202
113 5.392495 2.097283
36 4.982156 9.547136
251 5.072254 7.911362
10 5.021926 8.825098
154 5.356004 2.759785
50 5.034736 8.592526
665 5.163428 6.256073
20 5.080074 7.769393
58 5.174983 6.046282
196 5.354245 2.791720
217 4.977285 9.635561
242 5.017804 8.899924
67 5.150836 6.484686
167 4.959276 9.962523
488 5.230380 5.040529
238 5.003312 9.163031
168 5.180306 5.949653
79 5.217487 5.274603
241 5.178531 5.981870
125 5.114955 7.136115
214 4.974176 9.692018
266 5.258326 4.533168
107 4.991268 9.381702
140 5.044113 8.422277
250 5.219596 5.236315
396 5.027868 8.717207
58 5.292681 3.909432
283 5.055569 8.214290
14 5.171550 6.108612
498 4.981657 9.556188
128 5.239295 4.878676
14 5.143351 6.620582
96 5.124548 6.961945
410 5.018952 8.879087
211 4.982178 9.546740
226 5.009703 9.047009
903 5.308223 3.627265
162 5.213551 5.346069
222 5.358837 2.708354
473 5.153113 6.443338
252 5.181527 5.927474
306 5.229851 5.050140
72 5.033518 8.614641
587 5.027090 8.731338
26 4.960862 9.933726
295 5.154498 6.418191
9 5.124299 6.966472
261 5.158935 6.337650
79 5.188367 5.803301
433 5.332359 3.189064
67 5.328904 3.251787
47 5.090902 7.572809
134 4.957488 9.994982
82 5.139743 6.686089
145 4.968223 9.800094
829 5.018213 8.892500
33 4.957443 9.995805
59 5.057623 8.176999
80 5.204839 5.504240
98 5.135134 6.769760
141 5.166012 6.209158
178 5.220767 5.215059
353 5.047933 8.352926
500 4.971558 9.739547
158 5.426142 1.486406
178 5.122937 6.991208
328 5.216125 5.299335
44 4.962457 9.904782
453 5.218745 5.251778
829 5.046530 8.378397
39 5.148791 6.521812
54 5.182040 5.918173
7 5.106440 7.290705
163 5.115500 7.126226
168 5.027931 8.716062
14 5.400082 1.959524
319 5.042051 8.459714
139 4.981416 9.560563
146 5.071453 7.925905
109 5.081077 7.751181
672 4.982301 9.544498
237 5.015895 8.934588
100 5.242078 4.828149
185 5.003528 9.159116
1161 5.026037 8.750460
78 5.156374 6.384136
137 5.115944 7.118166
43 4.980776 9.572182
133 5.193517 5.709796
58 5.203344 5.531377
124 4.967954 9.804982
432 5.411931 1.744412
15 5.065748 8.029489
203 5.162765 6.268116
337 4.984096 9.511910
177 5.085280 7.674881
286 5.030991 8.660522
19 5.166701 6.196651
115 4.966757 9.826710
130 4.990465 9.396281
71 5.244233 4.789026
58 5.074991 7.861683
112 4.969760 9.772186
162 5.178348 5.985195
489 4.978971 9.604963
679 5.157875 6.356883
7 5.319684 3.419187
297 5.104548 7.325063
11 5.154750 6.413628
313 5.078729 7.793818
82 5.167742 6.177743
7 4.972577 9.721043
113 4.998711 9.246569
312 5.123505 6.980890
580 5.043195 8.438939
121 4.970947 9.750627
39 5.369414 2.516328
39 5.296544 3.839308
113 5.013566 8.976875
402 5.146163 6.569525
7 5.036789 8.555252
582 5.176223 6.023768
462 5.207976 5.447282
96 5.049358 8.327061
364 5.225249 5.133688
8 5.051759 8.283462
346 5.091010 7.570843
111 5.047136 8.367393
396 5.117918 7.082320
450 5.070111 7.950274
382 4.987739 9.445768
250 5.049590 8.322834
443 5.131324 6.838935
859 5.073295 7.892471
81 4.987225 9.455094
40 5.211176 5.389198
30 5.071098 7.932353
54 5.149721 6.504925
264 5.098203 7.440260
261 5.314379 3.515494
29 5.323791 3.344628
39 5.032083 8.640688
62 5.276831 4.197203
135 4.958870 9.969899
7 5.114616 7.142272
111 5.007768 9.082138
33 5.014838 8.953771
112 5.234657 4.962891
41 5.336578 3.112478
174 5.068088 7.987006
99 5.051378 8.290378
192 5.047719 8.356816
134 5.048814 8.336931
84 5.108451 7.254208
7 5.474734 0.604193
489 5.188086 5.808395
88 5.001268 9.200144
113 5.095495 7.489416
277 4.957782 9.989652
53 5.337563 3.094582
10 5.046371 8.381282
334 5.290888 3.941984
145 5.013072 8.985837
146 5.299514 3.785373
9 5.030377 8.671668
561 5.044932 8.407415
180 5.300504 3.767402
183 5.357246 2.737240
128 5.121989 7.008407
91 5.124469 6.963391
498 5.042092 8.458978
1031 5.281256 4.116861
346 5.237015 4.920078
131 5.334077 3.157879
593 4.997032 9.277049
539 5.184861 5.866956
430 5.302107 3.738307
159 5.033154 8.621245
304 4.982875 9.534080
147 4.993101 9.348412
452 5.002526 9.177304
210 5.196514 5.655378
62 5.212564 5.363998
221 5.006739 9.100812
84 5.031289 8.655097
213 5.299056 3.793693
444 5.006821 9.099331
82 5.255489 4.584671
556 5.378876 2.344534
99 4.981567 9.557830
58 5.091777 7.556917
82 5.410153 1.776683
11 5.023787 8.791299
113 5.276319 4.206486
103 5.280122 4.137449
95 5.193046 5.718352
7 5.188954 5.792644
411 5.244173 4.790120
46 4.983970 9.514193
297 5.060279 8.128785
123 5.288264 3.989637
194 5.303384 3.715126
189 5.029001 8.696647
80 5.123354 6.983629
346 5.257061 4.556128
302 5.128865 6.883584
123 5.443193 1.176832
283 5.321091 3.393641
88 4.986291 9.472065
36 5.268103 4.355667
65 5.303032 3.721515
82 5.057474 8.179700
273 4.969027 9.785501
445 5.451574 1.024685
28 5.277016 4.193840
116 5.093146 7.532067
113 5.128346 6.892991
346 4.997111 9.275620
7 5.315976 3.486503
127 5.363889 2.616623
170 5.318387 3.442738
358 5.026058 8.750081
270 4.984783 9.499440
165 5.171157 6.115742
11 5.463541 0.807407
298 5.109033 7.243631
171 5.096109 7.478267
298 5.010131 9.039236
186 5.395167 2.048769
329 4.987957 9.441815
424 5.013243 8.982741
244 5.071636 7.922596
41 5.242322 4.823722
75 5.040168 8.493893
33 5.133326 6.802588
100 5.347294 2.917909
228 5.053565 8.250677
253 5.082937 7.717414
530 5.001317 9.199250
506 4.980314 9.580573
83 5.178937 5.974495
263 5.181762 5.923214
123 5.015613 8.939713
70 5.258062 4.537961
91 4.974181 9.691917
119 5.038059 8.532195
42 5.004730 9.137296
241 5.204282 5.514356
112 5.369850 2.508397
278 5.108448 7.254247
12 4.981289 9.562872
130 5.134761 6.776531
134 5.060653 8.121997
79 5.294399 3.878251
108 5.347530 2.913636
112 5.216905 5.285179
235 5.183935 5.883757
278 5.085480 7.671245
544 4.964847 9.861378
546 4.973658 9.701417
85 5.010770 9.027637
151 5.134097 6.788581
261 5.311208 3.573068
267 5.097084 7.460570
93 5.085135 7.677508
317 5.327163 3.283400
906 5.053594 8.250143
384 4.998149 9.256765
257 5.163734 6.250523
645 5.040718 8.483917
8 5.026101 8.749299
291 5.208362 5.440280
94 5.046882 8.372005
32 5.114745 7.139929
332 5.044264 8.419536
163 5.290666 3.946022
174 5.308566 3.621041
435 5.142717 6.632097
86 4.976987 9.640976
214 5.281018 4.121181
401 5.018783 8.882152
178 5.319717 3.418595
129 4.982840 9.534710
7 5.168102 6.171207
159 5.085444 7.671907
853 5.078348 7.800725
7 5.008634 9.066410
33 5.202734 5.542465
91 5.112549 7.179800
471 4.961305 9.925698
129 4.957852 9.988379
207 4.993275 9.345253
286 5.436217 1.303481
44 5.042699 8.447946
453 5.285518 4.039488
154 5.232153 5.008349
14 5.493434 0.264698
99 5.122577 6.997734
7 5.111191 7.204457
591 5.329201 3.246411
143 5.208997 5.428742
73 5.050550 8.305407
212 4.966792 9.826066
44 5.366204 2.574600
22 5.098177 7.440734
66 5.084216 7.694187
130 5.123571 6.979689
416 5.437611 1.278172
58 5.415076 1.687313
464 5.063122 8.077173
346 4.958521 9.976240
81 5.063504 8.070229
249 5.169423 6.147221
93 4.961095 9.929507
136 5.267471 4.367127
383 5.337990 3.086828
205 4.960766 9.935474
245 5.050054 8.314417
133 4.977325 9.634846
661 4.982745 9.536435
168 4.961591 9.920488
177 4.974626 9.683833
333 5.106970 7.281093
782 5.376546 2.386843
277 5.206836 5.467983
24 5.336630 3.111520
254 4.986228 9.473195
122 4.978353 9.616167
55 5.305821 3.670875
21 5.122610 6.997145
121 5.208053 5.445884
212 5.170115 6.134667
13 5.048707 8.338876
100 5.310537 3.585253
185 5.150433 6.491995
149 4.991311 9.380916
185 5.319449 3.423460
86 5.273146 4.264105
269 5.074542 7.869836
32 5.252935 4.631047
193 5.343983 2.978035
656 5.374106 2.431138
40 5.113272 7.166672
61 5.187564 5.817883
88 5.010661 9.029619
508 5.288358 3.987928
22 5.031230 8.656184
16 5.287960 3.995155
51 5.020710 8.847169
237 4.996871 9.279967
27 5.358150 2.720822
63 5.101489 7.380594
176 5.302270 3.735337
298 5.079914 7.772291
399 4.957852 9.988385
74 5.104467 7.326523
254 5.029774 8.682601
51 5.029863 8.680991
210 5.299444 3.786646
156 5.138761 6.703910
239 5.382216 2.283895
28 5.333650 3.165634
528 5.429261 1.429782
16 4.988226 9.436933
176 5.130298 6.857560
45 5.012396 8.998116
197 5.326906 3.288078
230 5.264340 4.423986
104 5.181443 5.929002
7 5.194805 5.686417
151 5.229309 5.059984
63 5.170480 6.128046
253 5.148616 6.524996
99 5.338569 3.076326
131 5.119718 7.049650
417 5.054471 8.234229
21 5.217462 5.275057
94 5.087360 7.637121
310 4.958467 9.977219
83 5.120076 7.043148
54 5.311457 3.568554
116 5.005658 9.120446
103 5.177459 6.001330
145 5.138272 6.712781
499 5.292781 3.907622
575 4.997740 9.264200
117 5.111307 7.202352
114 4.992883 9.352379
148 4.999888 9.225204
38 5.001799 9.190498
396 5.206388 5.476120
84 5.014281 8.963897
457 5.065963 8.025591
644 4.982608 9.538926
174 5.170664 6.124705
137 4.963909 9.878415
84 4.969426 9.778245
218 5.281972 4.103868
330 4.993330 9.344258
53 5.205533 5.491643
157 5.002110 9.184866
249 5.454218 0.976680
142 4.998933 9.242538
101 5.019418 8.870633
118 5.231821 5.014380
97 5.056213 8.202607
118 5.078349 7.800704
244 5.005065 9.131216
21 5.057665 8.176242
76 5.026889 8.734988
140 5.034479 8.597188
105 5.019069 8.876963
519 5.244521 4.783806
650 5.136339 6.747877
183 5.079402 7.781589
477 5.188121 5.807763
67 5.245072 4.773788
48 5.103858 7.337596
316 5.419641 1.604433
121 5.082798 7.719943
99 5.026258 8.746441
560 5.150850 6.484436
119 5.278248 4.171479
528 4.999189 9.237896
353 5.051091 8.295598
81 4.986326 9.471428
11 4.999411 9.233867
30 5.146239 6.568140
127 5.018330 8.890381
7 5.284656 4.055134
267 5.083632 7.704794
367 5.005640 9.120780
20 4.977381 9.633824
7 5.151756 6.467973
87 4.978598 9.611729
299 5.413741 1.711541
315 5.385770 2.219364
509 5.044775 8.410268
93 5.162957 6.264617
258 5.314477 3.513730
99 5.289815 3.961478
135 5.340231 3.046142
340 5.443779 1.166200
514 5.115889 7.119168
172 5.057641 8.176667
96 5.226069 5.118806
194 5.038995 8.515195
259 5.070068 7.951061
160 5.438511 1.261834
13 5.071935 7.917161
29 5.294353 3.879083
190 5.142512 6.635817
198 5.164405 6.238331
219 5.124215 6.968005
481 5.062069 8.096274
417 5.037739 8.537999
22 4.998360 9.252933
70 5.135190 6.768746
269 5.035305 8.582190
7 5.299209 3.790912
323 5.069367 7.963776
306 5.059481 8.143274
7 5.034644 8.594199
15 5.463353 0.810827
564 4.997458 9.269320
40 5.031218 8.656394
122 5.303404 3.714752
118 5.059280 8.146916
43 5.216097 5.299849
299 5.027374 8.726173
394 5.135727 6.758990
171 5.361377 2.662236
1179 5.017956 8.897161
763 4.972574 9.721097
31 4.958129 9.983347
403 4.963115 9.892825
65 5.080654 7.758864
49 5.155555 6.399008
7 5.073786 7.883558
312 5.001125 9.202749
45 5.283949 4.067975
52 5.021847 8.826526
196 5.212183 5.370910
9 5.068406 7.981235
90 5.033706 8.611224
411 5.083078 7.714855
458 4.995691 9.301407
215 5.304703 3.691163
17 4.996343 9.289555
67 5.089415 7.599808
24 5.248509 4.711389
164 5.120494 7.035552
400 5.217806 5.268819
95 5.271292 4.297765
53 5.365452 2.588245
694 5.164071 6.244404
553 5.105297 7.311456
95 5.137835 6.720714
21 5.241752 4.834077
22 5.009077 9.058374
103 5.295823 3.852387
661 5.071476 7.925489
20 5.048733 8.338393
245 4.988442 9.433009
95 5.195806 5.668236
60 5.064600 8.050338
240 5.225151 5.135470
8 5.243308 4.805816
408 5.228058 5.082690
156 5.165482 6.218784
19 5.060522 8.124363
142 5.018797 8.881903
100 5.125232 6.949532
551 5.284294 4.061705
28 4.982216 9.546033
859 5.277572 4.183745
64 5.152551 6.453542
380 5.026329 8.745160
287 5.246768 4.743007
139 4.970314 9.762119
718 4.992300 9.362961
602 5.065418 8.035471
366 5.064654 8.049349
68 5.187028 5.827597
356 5.361542 2.659236
71 5.032824 8.627236
1655 5.054188 8.239367
504 5.276393 4.205144
14 5.097285 7.456928
281 5.189193 5.788298
86 5.050472 8.306836
70 5.221764 5.196963
63 5.111165 7.204917
263 5.022994 8.805710
274 5.033406 8.616674
66 5.047681 8.357510
18 5.186961 5.828817
88 5.077349 7.818869
43 5.028574 8.704387
108 5.224330 5.150372
202 4.963648 9.883144
112 5.371892 2.471337
13 5.050037 8.314727
570 5.164089 6.244074
106 5.260978 4.485023
18 5.449633 1.059920
311 5.151939 6.464668
322 4.987768 9.445244
39 5.116970 7.099540
129 5.089239 7.602996
372 5.276667 4.200170
300 5.441960 1.199230
110 5.074108 7.877700
183 5.233170 4.989886
968 5.053698 8.248256
89 5.063469 8.070866
383 5.283634 4.073697
532 5.209457 5.420406
209 4.992853 9.352915
78 5.106136 7.296221
747 4.983872 9.515979
358 5.068637 7.977037
140 5.441663 1.204618
1232 5.056512 8.197163
268 5.246352 4.750559
134 5.179041 5.972616
33 5.003658 9.156759
7 5.011067 9.022247
19 5.002722 9.173752
532 5.036949 8.552337
438 5.025244 8.764852
188 5.013312 8.981482
50 5.102653 7.359457
237 5.007127 9.093780
340 5.289779 3.962126
25 5.375052 2.413959
84 5.224851 5.140910
108 5.118035 7.080203
10 5.228334 5.077674
29 5.047799 8.355356
93 5.253372 4.623098
204 5.154305 6.421695
699 5.209176 5.425499
241 5.390985 2.124698
53 5.073122 7.895617
270 5.243322 4.805576
378 5.127281 6.912343
28 5.195949 5.665637
217 5.052587 8.268432
53 4.972511 9.722240
67 5.134438 6.782388
107 4.986458 9.469027
351 5.137980 6.718084
93 5.020279 8.855001
68 5.168782 6.158872
492 5.021860 8.826285
144 5.250020 4.683967
115 5.025838 8.754062
19 4.998810 9.244769
409 5.065906 8.026616
756 5.259093 4.519236
352 5.129692 6.868554
241 5.240763 4.852025
80 5.040879 8.481002
288 5.010639 9.030015
143 5.002018 9.186531
386 5.446890 1.109717
141 5.376088 2.395160
243 5.143943 6.609831
403 5.118873 7.064983
76 5.078191 7.803589
20 5.202339 5.549622
121 5.189153 5.789024
303 5.328580 3.257677
7 5.353772 2.800314
563 5.175378 6.039122
10 5.078075 7.805694
482 5.069513 7.961125
156 4.988568 9.430720
85 5.253855 4.614335
427 5.200252 5.587524
7 5.025283 8.764139
104 5.169946 6.137738
105 5.023374 8.798809
34 5.368841 2.526726
417 5.134355 6.783898
36 5.053049 8.260043
160 4.972126 9.729235
69 5.033700 8.611329
160 5.348510 2.895847
28 5.061606 8.104679
15 5.034887 8.589780
38 5.305975 3.668081
481 5.288916 3.977794
7 5.454285 0.975451
77 5.298065 3.811688
53 5.269165 4.336373
162 5.126631 6.924139
251 5.128362 6.892700
131 5.012822 8.990374
51 5.039317 8.509357
313 4.966016 9.840157
174 5.134172 6.787222
167 5.363767 2.618847
826 4.978740 9.609147
182 4.996162 9.292850
36 5.394997 2.051860
122 5.109616 7.233042
47 5.286213 4.026861
37 5.037438 8.543470
292 5.279189 4.154383
278 5.075374 7.854732
34 5.041101 8.476962
567 5.000630 9.211731
69 5.140309 6.675813
250 5.191143 5.752889
27 5.280778 4.125537
183 5.174207 6.060372
53 5.294533 3.875809
56 5.158808 6.339941
7 5.185479 5.855731
157 4.995450 9.305771
196 5.196427 5.656954
79 5.000020 9.222799
53 5.076067 7.842147
7 5.080536 7.761014
97 4.997269 9.272745
121 5.077208 7.821423
243 5.231707 5.016449
118 5.117226 7.094889
12 5.043298 8.437071
270 5.213919 5.339391
9 5.087478 7.634969
332 5.389783 2.146521
109 5.003737 9.155320
245 4.968299 9.798713
599 5.225369 5.131508
265 5.097841 7.446825
136 5.071079 7.932705
156 5.090430 7.581377
130 4.977249 9.636226
131 5.067584 7.996148
36 5.017812 8.899789
107 5.122052 7.007263
351 5.138328 6.711773
192 4.961730 9.917969
12 5.407027 1.833447
287 5.413879 1.709047
75 5.426414 1.481462
35 4.982555 9.539890
514 5.307126 3.647177
189 5.265018 4.411661
8 5.291866 3.924228
118 4.972504 9.722370
75 5.040677 8.484661
37 5.370221 2.501669
114 5.220722 5.215878
920 5.383083 2.268148
42 5.329305 3.244519
35 5.318535 3.440044
215 5.029446 8.688569
153 5.104098 7.333224
370 5.296954 3.831850
45 5.038037 8.532599
34 5.174109 6.062163
26 5.115587 7.124648
214 5.192735 5.724001
33 5.124403 6.964594
71 5.033753 8.610361
99 5.468702 0.713708
150 5.324608 3.329782
124 5.073545 7.887938
160 5.214943 5.320795
234 5.101095 7.387742
31 5.025778 8.755155
199 5.119764 7.048801
836 5.257863 4.541570
124 5.092086 7.551306
950 5.352528 2.822894
68 5.387560 2.186879
63 4.991115 9.384473
152 5.048567 8.341416
47 4.982979 9.532192
18 5.073663 7.885783
533 5.237124 4.918094
26 5.407523 1.824434
476 5.137956 6.718522
1043 5.087928 7.626795
65 5.126133 6.933179
99 5.467848 0.729223
7 5.104494 7.326039
246 5.053352 8.254543
135 5.295555 3.857267
19 4.995295 9.308582
809 5.205258 5.496642
272 5.099121 7.423596
124 5.218377 5.258457
63 5.356302 2.754373
175 5.056044 8.205659
128 5.174447 6.056014
19 5.139097 6.697814
156 5.165932 6.210604
757 5.112038 7.189067
36 5.009280 9.054680
68 5.078179 7.803798
91 5.212044 5.373428
76 5.025147 8.766621
77 5.401295 1.937508
964 5.387990 2.179061
550 5.163873 6.247991
61 5.224626 5.144992
7 5.126256 6.930936
67 5.208845 5.431511
136 5.169362 6.148347
268 5.296327 3.843250
718 5.055811 8.209904
24 5.433053 1.360929
363 4.972576 9.721053
89 5.356588 2.749184
20 5.208414 5.439331
40 5.025656 8.757374
13 4.988680 9.428679
37 5.056764 8.192604
70 5.033940 8.606975
221 5.223885 5.158444
336 4.976454 9.650646
176 5.315153 3.501444
20 5.349850 2.871519
147 5.230006 5.047326
94 4.976035 9.658260
175 5.090455 7.580920
142 5.062119 8.095369
316 5.151358 6.475212
183 5.158988 6.336676
144 5.162187 6.278603
417 5.278842 4.160687
45 5.141808 6.648587
260 4.979733 9.591124
269 5.180604 5.944231
87 5.111366 7.201272
528 4.970255 9.763192
499 5.110275 7.221087
49 5.043772 8.428467
116 5.137067 6.734657
219 5.363098 2.630994
524 4.961147 9.928558
60 5.085243 7.675546
54 5.024927 8.770608
278 4.977813 9.625984
359 5.206378 5.476297
45 5.105517 7.307466
17 5.171896 6.102330
81 5.174758 6.050374
9 5.043540 8.432683
236 4.998265 9.254669
137 5.254415 4.604173
206 5.333158 3.174566
143 4.979461 9.596058
410 5.005112 9.130357
76 5.243239 4.807066
153 5.052199 8.275477
176 5.065943 8.025950
23 4.958123 9.983456
8 5.029746 8.683121
27 4.991486 9.377749
301 5.358679 2.711222
552 5.432758 1.366281
268 5.157253 6.368172
44 5.313060 3.539452
7 5.054618 8.231556
63 5.191951 5.738233
746 5.378220 2.356437
40 5.135519 6.762775
202 5.100923 7.390871
651 4.983859 9.516208
160 5.102845 7.355974
552 5.274214 4.244715
45 5.065219 8.039089
7 5.102203 7.367638
86 5.342054 3.013048
324 4.984344 9.507401
119 4.979304 9.598915
84 5.171415 6.111063
14 5.322529 3.367537
71 5.132438 6.818704
85 5.071211 7.930307
148 5.356994 2.741809
15 5.127295 6.912071
125 5.160032 6.317726
104 5.053343 8.254714
15 5.201752 5.560288
749 4.997931 9.260739
175 4.960899 9.933069
7 5.166466 6.200917
251 5.267668 4.363564
257 5.052814 8.264310
362 5.123521 6.980599
309 5.089731 7.594075
138 5.248762 4.706793
55 4.984153 9.510880
19 5.054291 8.237503
36 5.072719 7.902926
383 5.273402 4.259455
894 4.978980 9.604792
417 5.125487 6.944907
190 5.190905 5.757218
146 5.296445 3.841097
73 5.170354 6.130333
63 5.090988 7.571252
225 4.958299 9.980265
147 5.277217 4.190198
33 4.982997 9.531871
97 4.988070 9.439760
235 5.083633 7.704782
257 5.431988 1.380275
320 5.254136 4.609242
313 4.982971 9.532341
346 5.045051 8.405249
718 5.161809 6.285461
50 5.017754 8.900836
1169 5.203426 5.529889
128 5.284975 4.049347
102 5.062373 8.090765
596 5.087205 7.639926
114 4.971889 9.733538
16 4.967245 9.817849
116 5.058619 8.158923
83 5.110526 7.216527
41 5.139150 6.696844
128 5.207043 5.464221
198 5.184790 5.868237
149 5.223511 5.165244
40 4.964297 9.871361
8 4.959113 9.965490
179 4.959953 9.950230
190 5.176199 6.024210
23 4.979164 9.601456
7 5.333350 3.171072
113 5.133741 6.795042
32 5.205780 5.487151
10 4.981235 9.563852
72 5.194456 5.692756
72 4.996318 9.290018
139 5.149262 6.513267
59 4.995389 9.306881
48 5.122859 6.992611
123 5.192832 5.722232
97 5.096144 7.477645
251 5.337496 3.095803
240 5.294773 3.871449
199 5.208282 5.441739
349 5.233879 4.977008
202 5.159297 6.331074
238 4.968591 9.793406
348 5.035050 8.586820
225 5.304568 3.693629
310 5.292353 3.915383
283 5.061548 8.105742
353 5.307375 3.642655
327 5.050951 8.298127
314 4.976393 9.651752
447 4.986921 9.460629
366 5.176756 6.014093
352 5.337848 3.089421
394 5.251894 4.649933
415 5.304353 3.697529
457 5.173683 6.069895
531 5.216291 5.296329
793 5.005025 9.131944
774 5.026643 8.739455
11 5.077511 7.815919
7 4.962963 9.895582
984 5.111171 7.204823
18 4.997540 9.267826
88 5.205321 5.495488
73 5.118610 7.069766
189 5.424016 1.525005
391 5.022291 8.818465
12 5.191588 5.744819
47 5.169842 6.139627
84 4.990388 9.397684
105 5.022399 8.816512
61 5.359798 2.690906
28 5.191900 5.739152
41 5.028382 8.707875
191 4.984801 9.499110
203 4.981449 9.559965
128 5.324775 3.326757
7 5.113998 7.153488
586 5.194319 5.695233
51 5.375355 2.408454
48 5.286267 4.025891
29 5.328653 3.256349
174 5.367780 2.545978
91 5.174879 6.048178
1132 4.995452 9.305737
248 5.002505 9.177691
217 5.237771 4.906339
215 5.030447 8.670395
322 5.244985 4.775378
385 5.015051 8.949914
136 5.303437 3.714152
96 4.993172 9.347140
69 5.189214 5.787922
233 5.019462 8.869819
269 5.170643 6.125088
87 5.131046 6.843987
628 5.163455 6.255575
25 5.030056 8.677498
436 4.962262 9.908319
80 5.107362 7.273971
193 5.238363 4.895608
7 4.973711 9.700461
7 5.107005 7.280448
687 5.172540 6.090641
191 4.957559 9.993696
885 4.964052 9.875823
551 5.214129 5.335576
26 5.147193 6.550833
136 5.063852 8.063902
115 5.127153 6.914650
63 5.116748 7.103563
101 5.247593 4.728029
10 5.175177 6.042773
263 5.004980 9.132755
56 5.439466 1.244496
431 5.234373 4.968036
53 4.991195 9.383016
446 5.030476 8.669871
383 4.971537 9.739920
88 5.127312 6.911772
196 4.964378 9.869900
34 5.082698 7.721758
12 5.053834 8.245790
71 5.072023 7.915556
47 5.377588 2.367918
177 5.026659 8.739169
338 5.059148 8.149312
369 4.996512 9.286495
141 5.176215 6.023923
7 5.170957 6.119388
15 5.109110 7.242232
89 5.314419 3.514784
44 5.138240 6.713377
293 5.462476 0.826745
50 5.124958 6.954508
43 4.978558 9.612458
273 5.159325 6.330562
93 5.154501 6.418146
132 4.966391 9.833355
109 5.059080 8.150539
116 4.964281 9.871652
392 4.997104 9.275739
369 5.152411 6.456088
308 4.999656 9.229420
411 5.275852 4.214965
473 5.257268 4.552379
839 5.252376 4.641184
637 4.967216 9.818379
208 5.141464 6.654835
885 5.096116 7.478138
167 5.083287 7.711067
684 4.962342 9.906864
10 5.235974 4.938969
97 5.169702 6.142161
7 4.964997 9.858657
175 5.065113 8.041008
936 5.219794 5.232725
13 5.102840 7.356062
185 5.277555 4.184055
195 5.282984 4.085484
150 5.497609 0.188896
190 5.024871 8.771629
24 5.028701 8.702099
67 5.157837 6.357578
32 5.169543 6.145058
132 5.199832 5.595152
183 5.115805 7.120685
11 5.157463 6.364376
354 4.979430 9.596620
21 5.143463 6.618541
163 5.007149 9.093374
22 5.240417 4.858308
167 5.444427 1.154428
229 5.233912 4.976408
17 5.090633 7.577687
162 5.184713 5.869643
76 5.034704 8.593101
186 5.078816 7.792241
441 5.015425 8.943121
180 5.081689 7.740068
80 5.332904 3.179182
71 5.070506 7.943109
107 5.315829 3.489175
247 5.042509 8.451394
196 5.095550 7.488421
81 5.174811 6.049412
363 5.297552 3.821005
27 5.086842 7.646511
536 5.281204 4.117800
451 5.251854 4.650667
220 5.395376 2.044975
796 5.236925 4.921715
390 5.102416 7.363775
576 5.196408 5.657302
121 5.243082 4.809929
62 5.059809 8.137313
154 5.037546 8.541509
333 5.101901 7.373112
272 5.387275 2.192042
165 5.172324 6.094555
75 4.963487 9.886080
722 5.311831 3.561754
366 4.998324 9.253590
204 5.047233 8.365626
43 5.215562 5.309555
64 5.322875 3.361258
7 5.071594 7.923346
58 5.206743 5.469678
81 5.034525 8.596345
133 5.167708 6.178361
236 5.273904 4.250346
133 5.381492 2.297035
137 5.223029 5.173997
294 5.108229 7.258224
698 5.193692 5.706627
107 5.247710 4.725897
55 5.222734 5.179349
81 5.012820 8.990406
306 5.173332 6.076267
150 5.103352 7.346765
344 5.224900 5.140034
59 5.048600 8.340808
32 5.198585 5.617778
63 5.177818 5.994822
147 5.187293 5.822787
44 5.139727 6.686371
583 5.171328 6.112640
82 4.968834 9.789006
537 5.215765 5.305878
216 5.052730 8.265827
200 5.030156 8.675679
7 5.297095 3.829304
129 5.002041 9.186111
137 5.110555 7.215993
291 5.069640 7.958835
262 5.099570 7.415433
184 5.132702 6.813921
18 5.245905 4.758673
106 4.964559 9.866616
37 5.009973 9.042103
79 4.999706 9.228511
171 4.983057 9.530767
202 5.078575 7.796613
524 5.247186 4.735424
801 5.263989 4.430350
612 5.036333 8.563536
845 5.273579 4.256245
843 5.317308 3.462322
872 4.971226 9.745575
7 5.063349 8.073034
1769 5.241247 4.843242
886 5.062667 8.085426
284 5.399758 1.965414
315 5.371724 2.474381
184 5.034566 8.595614
154 5.155574 6.398670
320 5.036162 8.566624
27 5.270153 4.318432
7 5.255369 4.586851
163 5.021218 8.837953
100 5.290392 3.951002
115 5.106837 7.283509
95 4.979423 9.596754
118 5.269359 4.332859
70 5.246932 4.740024
59 5.237165 4.917346
164 5.442709 1.185628
116 5.187875 5.812236
163 5.382857 2.272250
25 5.318708 3.436910
42 5.121304 7.020853
176 5.019288 8.872993
85 5.097996 7.444015
136 5.238175 4.899015
74 4.960761 9.935564
160 5.005479 9.123685
100 5.267986 4.357790
7 5.008962 9.060467
33 5.012224 9.001227
87 5.095974 7.480718
195 5.030973 8.660849
133 5.123023 6.989632
130 5.027481 8.724238
283 4.992920 9.351710
214 4.992647 9.356670
208 5.042084 8.459122
148 4.991480 9.377858
516 5.425122 1.504924
253 5.055426 8.216892
237 5.366538 2.568526
243 4.963715 9.881926
368 5.114778 7.139322
390 5.274465 4.240159
337 4.973038 9.712666
391 4.966871 9.824632
345 5.024294 8.782109
372 4.990388 9.397685
539 5.061323 8.109832
587 5.033447 8.615923
652 5.176551 6.017813
753 4.981978 9.550368
836 5.215006 5.319657
23 5.124152 6.969135
22 4.992866 9.352691
210 5.038089 8.531644
194 5.030418 8.670923
51 4.996490 9.286892
129 5.246464 4.748527
237 5.203791 5.523258
72 5.119999 7.044537
43 5.187644 5.816421
27 5.401693 1.930278
68 5.409745 1.784097
7 5.406094 1.850374
9 5.196262 5.659967
154 5.174206 6.060387
22 5.243449 4.803257
35 4.987316 9.453450
62 4.992890 9.352252
326 5.109468 7.235744
13 5.003659 9.156737
122 4.985624 9.484176
152 5.242003 4.829516
241 5.151734 6.468386
25 5.010394 9.034456
507 4.962978 9.895322
260 4.973018 9.713035
202 4.986506 9.468160
110 5.033019 8.623687
78 5.068181 7.985324
181 5.056208 8.202690
243 5.061008 8.115539
36 5.028755 8.701109
296 4.958976 9.967970
322 5.233220 4.988973
179 5.214049 5.337021
282 5.021001 8.841886
237 5.096523 7.470765
259 5.015300 8.945382
384 4.994990 9.314130
372 5.076549 7.833391
577 5.048682 8.339323
213 5.162572 6.271618
391 5.219566 5.236870
18 5.292909 3.905304
79 5.351685 2.838204
137 5.090894 7.572948
74 5.216717 5.288590
835 5.229227 5.061460
509 5.166838 6.194157
198 5.149383 6.511057
92 5.243488 4.802554
106 5.088346 7.619222
65 5.025867 8.753545
23 4.984244 9.509217
51 4.972463 9.723113
64 5.473395 0.628514
40 5.121943 7.009240
15 5.448570 1.079220
117 5.150650 6.488059
139 5.183982 5.882910
58 5.022493 8.814807
375 5.120306 7.038961
7 5.276792 4.197901
447 5.006985 9.096355
219 5.118542 7.070987
347 5.215839 5.304530
414 5.078689 7.794532
126 4.970250 9.763291
92 5.152931 6.446642
75 5.057038 8.187617
66 5.065419 8.035460
274 5.356167 2.756833
70 5.234696 4.962167
439 5.035576 8.577278
275 4.957280 9.998768
179 5.353988 2.796394
7 5.367834 2.545010
266 5.215137 5.317271
7 5.005668 9.120264
193 5.016265 8.927864
96 5.025632 8.757800
87 5.164877 6.229763
134 5.224542 5.146531
24 5.346309 2.935807
607 5.331813 3.198972
384 5.421063 1.578620
224 5.150693 6.487285
329 4.973720 9.700292
668 5.159019 6.336127
477 4.974182 9.691903
356 5.066584 8.014311
112 5.014567 8.958699
737 5.052775 8.265021
784 5.435870 1.309783
38 5.210204 5.406845
290 5.276644 4.200592
454 5.104440 7.327027
84 5.012126 9.003010
33 5.149262 6.513270
70 5.078256 7.802400
17 4.992869 9.352639
210 5.256089 4.573782
45 5.016561 8.922495
113 5.317963 3.450437
109 5.073059 7.896763
57 5.278950 4.158736
42 5.365050 2.595556
213 5.135065 6.771006
102 5.300163 3.773594
253 5.090877 7.573268
176 5.032040 8.641462
127 5.125835 6.938592
10 5.004588 9.139864
52 4.985988 9.477567
23 4.966271 9.835538
21 5.356073 2.758527
8 5.290106 3.956179
294 5.120823 7.029587
7 5.212806 5.359597
348 5.232139 5.008594
39 5.380382 2.317190
291 4.979752 9.590786
54 5.003551 9.158701
298 5.345396 2.952369
7 5.298088 3.811268
233 4.984121 9.511460
458 5.086511 7.652536
25 5.367188 2.556733
310 5.281563 4.111279
504 5.103220 7.349170
419 5.236638 4.926918
176 5.419153 1.613297
524 4.965723 9.845473
230 5.267721 4.362589
124 5.265413 4.404495
531 4.959174 9.964375
431 5.013913 8.970574
503 5.065418 8.035485
535 5.281070 4.120237
532 5.216579 5.291088
677 5.041349 8.472463
76 4.998438 9.251531
406 5.089645 7.595625
445 5.044810 8.409627
15 5.183330 5.894753
111 5.266627 4.382456
45 5.022600 8.812848
51 5.231123 5.027053
52 5.102424 7.363619
134 5.100212 7.403782
97 4.973066 9.712169
197 5.091993 7.552994
7 4.971018 9.749355
7 5.082179 7.731186
137 5.115178 7.132072
196 4.977248 9.636240
635 5.360095 2.685512
7 5.204549 5.509509
69 5.099520 7.416348
7 5.147151 6.551592
89 5.222791 5.178317
85 5.023747 8.792040
22 5.390079 2.141143
238 5.303861 3.706457
101 5.377144 2.375986
104 5.043837 8.427288
50 5.094676 7.504287
309 5.102554 7.361267
134 5.089336 7.601236
113 5.009496 9.050760
119 5.293636 3.892105
98 5.033545 8.614149
183 5.292841 3.906537
233 5.383018 2.269343
271 5.112072 7.188454
204 5.274157 4.245742
292 5.193839 5.703953
285 5.299853 3.779218
335 5.183492 5.891808
369 4.985445 9.487425
345 5.235353 4.950250
193 5.167144 6.188600
483 5.044632 8.412855
408 5.072587 7.905321
548 5.152167 6.460520
172 5.283556 4.075109
248 5.097265 7.457288
225 4.979165 9.601437
344 5.075113 7.859455
698 5.331047 3.212878
847 5.098978 7.426181
7 4.997903 9.261230
89 5.296072 3.847870
24 5.327100 3.284549
18 5.201387 5.566921
91 5.020650 8.848262
33 5.203440 5.529646
90 5.275630 4.219008
69 4.957484 9.995055
243 5.061474 8.107079
72 5.170909 6.120247
61 4.977689 9.628237
36 5.044529 8.414731
243 5.172056 6.099424
7 5.056671 8.194279
56 5.470370 0.683425
20 5.350096 2.867038
81 5.116977 7.099410
87 5.254043 4.610931
77 5.060697 8.121182
117 5.247342 4.732592
152 5.138736 6.704371
238 4.971120 9.747491
72 5.348166 2.902084
147 5.413144 1.722380
148 5.129567 6.870837
167 5.131967 6.827256
104 5.296758 3.835423
113 5.054192 8.239293
232 4.993313 9.344571
241 5.128087 6.897694
240 5.026071 8.749839
186 5.305932 3.668853
206 5.327142 3.283785
209 5.035619 8.576493
174 5.075045 7.860705
102 5.425898 1.490833
344 5.434491 1.334821
439 5.068775 7.974539
379 5.068245 7.984156
451 5.313478 3.531868
351 5.107431 7.272714
424 5.057080 8.186858
390 5.042907 8.444181
370 5.075557 7.851397
456 5.106449 7.290546
507 5.121719 7.013321
617 5.096448 7.472120
791 4.973408 9.705963
58 5.128515 6.889938
7 4.969459 9.777642
7 5.152584 6.452947
114 5.112870 7.173978
18 5.033809 8.609345
203 5.195498 5.673833
221 5.311711 3.563947
8 5.072293 7.910652
108 5.435885 1.309508
65 5.099892 7.409584
398 4.998696 9.246840
31 5.146960 6.555050
18 5.069822 7.955520
48 5.214528 5.328335
58 5.058596 8.159327
17 5.346354 2.934992
112 5.065403 8.035757
136 5.185656 5.852515
108 5.178582 5.980938
195 5.247404 4.731461
69 5.062407 8.090139
37 5.171298 6.113195
36 5.232623 4.999819
154 4.961955 9.913881
200 4.957837 9.988650
279 4.971458 9.741352
190 5.298220 3.808874
399 5.242402 4.822270
348 5.093833 7.519591
81 5.087234 7.639400
31 5.182819 5.904018
305 5.023823 8.790649
133 5.048488 8.342850
169 5.440538 1.225035
18 5.199602 5.599326
392 5.017762 8.900692
340 5.112305 7.184224
233 4.977347 9.634442
445 5.089857 7.591781
642 5.126903 6.919201
605 5.404490 1.879501
431 5.346026 2.940944
471 5.005297 9.127002
129 5.312837 3.543490
570 5.289649 3.964490
122 5.301591 3.747663
685 5.140149 6.678705
893 5.073830 7.882750
116 5.320185 3.410090
79 5.200179 5.588843
7 5.244484 4.784463
38 5.115178 7.132064
231 5.231119 5.027108
180 5.137344 6.729639
93 5.191056 5.754480
24 5.041597 8.467956
112 5.147587 6.543673
46 4.984882 9.497637
23 4.990545 9.394827
518 5.119881 7.046691
76 5.300140 3.774009
28 4.967645 9.810586
115 4.977365 9.634107
167 5.008844 9.062595
39 5.350905 2.852354
45 5.066985 8.007038
95 5.100996 7.389551
650 5.008097 9.076164
7 5.053181 8.257655
129 5.352448 2.824348
30 5.198505 5.619244
7 5.061032 8.115117
183 5.209608 5.417650
307 5.035782 8.573532
150 5.136592 6.743286
53 5.162241 6.277620
571 5.453469 0.990264
316 5.213528 5.346484
163 5.144600 6.597908
8 5.253862 4.614211
72 5.068908 7.972123
629 5.317339 3.461763
170 4.978925 9.605786
403 4.990115 9.402633
49 5.089349 7.601010
435 5.020354 8.853638
679 5.231722 5.016169
350 4.994246 9.327638
443 5.031686 8.647901
774 5.140002 6.681373
578 4.964235 9.872492
516 5.077325 7.819311
101 5.341072 3.030882
743 5.214015 5.337642
817 5.097952 7.444812
1017 4.988968 9.423458
116 5.182504 5.909737
110 4.978608 9.611552
82 5.038266 8.528425
301 4.973063 9.712225
59 4.964999 9.858617
30 5.318182 3.446460
280 5.092199 7.549255
254 5.377693 2.366006
13 5.112449 7.181613
311 5.141379 6.656380
76 5.152141 6.460983
26 4.997659 9.265668
198 5.053717 8.247907
174 5.229406 5.058216
330 5.322021 3.376752
69 5.024328 8.781481
156 5.063232 8.075167
64 5.169340 6.148732
185 5.028999 8.696673
58 5.183379 5.893853
490 5.176640 6.016196
62 5.144711 6.595890
115 5.092834 7.537736
7 5.034932 8.588958
341 5.295137 3.864840
472 5.015014 8.950579
289 5.072362 7.909401
546 5.166892 6.193179
250 5.298028 3.812353
27 5.297735 3.817685
468 5.022904 8.807337
139 5.347198 2.919668
256 4.958736 9.972339
88 5.133775 6.794433
173 5.230811 5.032710
376 5.250325 4.678429
23 5.052983 8.261248
14 5.253457 4.621562
60 4.959844 9.952208
303 5.131601 6.833900
191 5.001145 9.202382
49 5.171541 6.108780
7 5.114108 7.151501
398 5.065565 8.032812
51 5.426053 1.488022
180 5.149224 6.513953
68 4.968384 9.797172
75 5.078425 7.799324
110 5.158343 6.348393
104 5.110282 7.220961
221 5.070480 7.943574
7 4.972383 9.724564
48 4.982128 9.547645
51 5.108670 7.250227
187 5.092518 7.543474
131 4.959875 9.951644
7 5.056960 8.189045
431 5.050362 8.308823
15 5.160083 6.316804
129 5.085254 7.675356
621 4.988156 9.438196
44 5.003222 9.164663
7 5.052025 8.278643
31 5.201226 5.569830
294 5.226602 5.109133
118 5.141110 6.661268
53 5.251339 4.660009
7 5.113141 7.169055
11 5.290619 3.946877
121 5.044453 8.416101
128 4.998787 9.245198
177 5.282974 4.085662
359 5.041775 8.464725
127 5.078835 7.791894
90 4.979773 9.590393
367 4.960801 9.934835
165 5.302172 3.737120
363 4.993881 9.334258
75 5.192343 5.731103
530 5.200076 5.590719
49 5.166230 6.205197
535 5.352712 2.819550
523 5.247651 4.726965
40 5.328237 3.263897
34 5.359832 2.690286
52 5.406204 1.848380
472 5.333281 3.172322
151 5.248799 4.706129
23 5.009555 9.049696
321 5.049805 8.318948
112 5.072518 7.906578
19 5.090334 7.583126
753 5.483546 0.444217
598 5.090751 7.575541
212 4.992392 9.361291
19 5.298201 3.809216
59 5.008431 9.070107
280 5.015321 8.945005
324 5.107063 7.279406
140 5.040691 8.484413
195 5.137764 6.722020
70 5.153938 6.428370
202 4.969097 9.784224
262 5.345990 2.941597
33 5.038146 8.530605
501 5.149666 6.505920
759 5.092834 7.537731
27 5.066799 8.010408
215 5.027363 8.726373
492 5.282804 4.088761
417 5.347359 2.916731
490 4.982263 9.545197
55 5.103367 7.346500
224 5.399144 1.976560
221 5.182785 5.904644
57 5.164547 6.235757
473 4.974148 9.692528
282 5.131403 6.837498
129 5.232757 4.997373
552 5.307415 3.641944
424 4.974564 9.684960
241 5.267285 4.370519
138 5.255505 4.584381
314 4.962953 9.895775
324 5.130657 6.851048
521 5.076623 7.832043
54 5.078327 7.801108
349 4.997177 9.274417
38 5.232654 4.999254
344 5.318477 3.441095
429 4.974147 9.692545
620 5.452091 1.015291
469 5.104317 7.329247
343 5.092745 7.539345
205 4.977309 9.635124
106 5.097005 7.462003
24 5.211720 5.379315
174 5.169333 6.148868
202 5.142537 6.635362
139 5.253321 4.624040
974 5.084265 7.693305
67 4.957723 9.990723
397 5.209833 5.413580
230 5.093586 7.524070
191 5.039987 8.497189
189 5.090951 7.571921
254 5.055088 8.223022
753 4.964488 9.867902
757 5.090084 7.587664
259 5.137866 6.720161
254 5.225693 5.125620
62 5.343523 2.986373
335 5.068611 7.977503
288 5.203017 5.537323
9 5.287805 3.997964
119 5.430819 1.401490
421 5.054983 8.224935
802 5.336493 3.114017
229 5.335793 3.126727
524 5.049821 8.318651
127 5.037494 8.542450
288 5.017346 8.908239
30 5.189525 5.782275
496 5.105341 7.310654
41 5.167518 6.181824
47 5.421542 1.569926
289 5.344908 2.961233
74 4.964567 9.866473
79 5.129360 6.874589
114 5.337052 3.103863
150 5.121778 7.012234
234 5.131381 6.837904
102 5.155642 6.397438
41 5.130542 6.853123
1263 5.332621 3.184308
80 5.064290 8.055966
138 5.110923 7.209317
91 5.310190 3.591556
157 5.324286 3.335629
87 4.964005 9.876673
278 4.983841 9.516546
610 5.038106 8.531340
660 5.082021 7.734050
193 5.118630 7.069397
162 5.013406 8.979778
52 5.442601 1.187591
72 5.068939 7.971560
199 5.058571 8.159794
66 5.050161 8.312479
16 5.232816 4.996300
193 5.014800 8.954460
305 5.260755 4.489055
7 5.396055 2.032639
766 5.257628 4.545842
293 4.960081 9.947911
66 5.265491 4.403089
85 5.279407 4.150430
147 4.995653 9.302094
179 5.341245 3.027738
342 4.972166 9.728496
28 5.143308 6.621364
211 5.003715 9.155721
292 4.982887 9.533859
33 5.120582 7.033962
332 5.094047 7.515711
535 5.077841 7.809941
231 5.298191 3.809397
607 5.478295 0.539553
119 5.002263 9.182087
355 5.129675 6.868871
232 5.060861 8.118222
7 5.163168 6.260795
21 5.253958 4.612458
22 5.285480 4.040166
40 4.977002 9.640713
65 4.977901 9.624377
47 5.093554 7.524665
22 5.101731 7.376201
52 5.204428 5.511702
249 5.174214 6.060240
297 5.137539 6.726088
535 5.155148 6.406398
213 5.357438 2.733756
239 5.119412 7.055201
520 5.080410 7.763288
264 5.059681 8.139644
470 5.401496 1.933869
481 5.059726 8.138825
776 5.103296 7.347794
950 5.181609 5.925994
1229 4.965374 9.851813
1473 4.988118 9.438887
