16 29369.788457 4.225428
16 28669.798964 6.508086
16 29144.202349 4.961062
16 29137.416989 4.983189
16 28647.091034 6.582137
16 29275.854084 4.531747
16 28407.019990 7.365006
16 28787.922216 6.122888
16 28759.925964 6.214183
16 28953.535676 5.582824
16 28921.895634 5.686002
16 29537.088172 3.679865
16 29414.560361 4.079427
16 28964.372288 5.547486
16 29517.823910 3.742686
16 28747.762254 6.253849
16 29860.132286 2.626422
16 28153.525033 8.191650
16 29149.331276 4.944336
16 28845.025894 5.936673
16 28836.886742 5.963215
16 29999.059474 2.173382
16 28555.154134 6.881942
16 29211.768571 4.740729
16 27645.849403 9.847175
16 28708.375176 6.382290
16 30078.279019 1.915048
16 30177.422298 1.591742
16 29350.577522 4.288075
16 29850.519898 2.657768
16 29475.226353 3.881596
16 29323.701861 4.375716
16 27920.385603 8.951915
16 28834.159655 5.972108
16 28589.874797 6.768718
16 29003.827489 5.418823
16 28965.062537 5.545235
16 28625.650064 6.652055
16 29440.855300 3.993680
16 29707.717730 3.123444
16 29290.214686 4.484917
16 29672.372248 3.238705
16 28495.527833 7.076383
16 28805.084953 6.066920
16 28506.073363 7.041994
16 28224.141261 7.961371
17 29546.980750 3.647606
16 29224.112085 4.700477
16 29429.677278 4.030131
16 29320.306032 4.386790
16 28907.601543 5.732615
16 29208.417418 4.751657
16 28883.198636 5.812192
16 28788.546586 6.120852
17 29426.872033 4.039279
16 29304.095162 4.439653
16 29389.753680 4.160321
16 27995.775623 8.706069
16 28013.089348 8.649609
16 28175.553751 8.119815
16 29668.363797 3.251777
16 29049.042987 5.271375
16 28010.979879 8.656488
16 28931.678742 5.654099
16 29242.412505 4.640800
16 29455.595063 3.945613
16 29313.714133 4.408286
16 27767.318323 9.451066
16 29870.669862 2.592059
16 29220.168217 4.713338
16 28235.791218 7.923381
16 28090.606214 8.396828
16 29302.001468 4.446481
16 29703.707507 3.136521
16 29513.684564 3.756184
16 28422.610709 7.314165
16 28665.212408 6.523043
16 29958.485860 2.305692
16 28732.485565 6.303666
16 29069.516930 5.204610
16 29203.635809 4.767250
16 29903.403646 2.485314
16 29870.910682 2.591274
16 29224.690694 4.698590
16 28420.237033 7.321905
16 28699.645706 6.410756
16 29341.643023 4.317210
16 28690.954713 6.439098
16 29595.080011 3.490754
16 27975.214409 8.773119
16 29853.835548 2.646955
16 29238.599345 4.653234
16 29306.009590 4.433410
17 29331.269046 4.351039
16 28645.896244 6.586033
16 29480.024002 3.865951
16 28654.770249 6.557095
16 28467.569063 7.167556
16 29497.029527 3.810496
16 27870.449746 9.114756
16 29014.800277 5.383041
16 28495.217581 7.077394
16 29627.336549 3.385566
16 28794.771593 6.100552
16 29698.969605 3.151972
16 29472.027077 3.892029
16 28965.350332 5.544296
16 28240.940836 7.906588
16 30066.010146 1.955056
16 29493.369197 3.822432
17 29543.268902 3.659710
16 28885.477224 5.804762
16 28301.080479 7.710473
16 28936.564826 5.638166
16 29536.156525 3.682903
16 29190.247371 4.810909
16 29473.011983 3.888817
16 29710.911408 3.113029
16 28988.185585 5.469831
16 29745.099734 3.001542
16 28865.149044 5.871052
17 29373.133402 4.214520
16 29543.742989 3.658164
16 29193.731655 4.799547
16 29980.624150 2.233499
16 28220.114694 7.974502
16 29436.803019 4.006894
16 29279.179887 4.520901
16 29387.973647 4.166126
16 28088.519030 8.403634
16 29228.473215 4.686255
16 29697.013661 3.158350
15 28310.812391 7.678738
16 29152.891024 4.932728
16 29364.678617 4.242091
16 29155.016176 4.925798
16 29248.386102 4.621320
16 29749.501025 2.987189
16 29111.359113 5.068163
16 29058.076633 5.241917
16 29799.701418 2.823486
16 29347.787297 4.297173
16 30003.433584 2.159118
16 29424.865337 4.045823
16 29825.709724 2.738673
16 29510.210731 3.767512
16 29749.308572 2.987817
16 29519.996667 3.735600
16 29882.719169 2.552766
16 28793.681204 6.104108
16 29833.240615 2.714115
16 28102.945299 8.356590
16 29029.207884 5.336058
16 29424.599449 4.046690
16 28571.897580 6.827342
16 29027.925068 5.340241
17 29527.603248 3.710795
16 29864.853196 2.611027
16 28326.616321 7.627201
16 29388.783273 4.163486
16 27736.201434 9.552538
16 29770.323646 2.919287
16 28017.912737 8.633880
16 28289.060070 7.749672
16 29655.583639 3.293453
16 29157.206766 4.918655
16 29821.664714 2.751864
16 28374.281686 7.471765
16 29862.347210 2.619199
16 28948.354002 5.599721
16 28199.906938 8.040399
16 27790.237004 9.376329
16 29699.031841 3.151769
16 29780.477779 2.886174
16 28781.222751 6.144734
16 28810.657383 6.048748
16 29196.301734 4.791166
16 28119.873441 8.301388
16 29983.405614 2.224429
16 29250.865970 4.613233
16 28597.413725 6.744134
16 29119.340899 5.042135
17 29795.457212 2.837327
16 29550.446672 3.636303
16 27964.133560 8.809254
16 29646.942334 3.321632
16 29635.317997 3.359539
16 29076.721949 5.181115
17 29309.248885 4.422847
16 29992.823866 2.193716
16 30068.448898 1.947103
16 29714.460324 3.101457
16 29308.025245 4.426837
16 30001.591685 2.165124
16 27681.712238 9.730227
16 28608.566714 6.707764
17 29837.033362 2.701747
17 29737.795279 3.025361
17 29946.980496 2.343211
17 29533.870828 3.690357
