16 29055.019734 5.251885
16 29081.367991 5.165964
16 29234.083498 4.667960
16 29207.974578 4.753101
16 29071.045628 5.199625
16 29016.599242 5.377174
16 29042.441429 5.292903
16 29454.157846 3.950300
16 28931.264122 5.655451
16 29858.408054 2.632044
16 29515.956905 3.748774
16 28860.582226 5.885944
16 28836.718289 5.963764
16 29687.363452 3.189819
16 29428.367166 4.034403
16 29270.874871 4.547984
16 29794.549010 2.840288
16 29426.533487 4.040383
16 29158.565516 4.914224
16 29183.517830 4.832854
16 29079.875111 5.170832
16 29370.525216 4.223025
16 29217.582580 4.721770
16 29996.827712 2.180659
16 29378.177341 4.198072
16 29042.004673 5.294327
16 28950.552458 5.592552
16 29940.810401 2.363331
16 29335.767600 4.336370
16 29287.189821 4.494781
16 29150.590830 4.940229
16 29141.488276 4.969912
16 29345.988242 4.303040
16 29769.850892 2.920828
16 29360.905643 4.254395
16 29564.681993 3.589882
16 28840.896152 5.950140
16 29802.381802 2.814745
16 28913.549188 5.713219
16 28740.658299 6.277015
16 29155.500755 4.924218
16 28882.116983 5.815719
16 29281.802860 4.512348
16 28930.934877 5.656525
16 29360.792831 4.254763
16 30202.145525 1.511120
16 29554.727805 3.622343
16 29843.327727 2.681221
16 29355.741877 4.271234
16 28859.537017 5.889352
16 28563.502710 6.854717
16 29192.182230 4.804600
16 29839.778081 2.692797
16 29407.144284 4.103611
16 29359.927045 4.257586
16 29186.449828 4.823293
16 29044.806008 5.285192
16 28973.684237 5.517120
16 29688.455277 3.186259
16 29453.586361 3.952164
16 29638.725147 3.348428
16 29354.979621 4.273719
16 29026.442951 5.345074
16 29342.432948 4.314634
16 29640.047966 3.344114
16 29144.165390 4.961182
16 29228.282295 4.686878
16 29443.367983 3.985486
16 29043.334731 5.289990
16 29643.200840 3.333833
16 29262.424637 4.575540
16 29621.761836 3.403745
16 29022.030261 5.359464
16 29398.797798 4.130829
16 29532.549779 3.694665
16 29935.834532 2.379558
16 29454.856160 3.948023
16 29530.971035 3.699813
16 28911.503615 5.719890
16 29369.552282 4.226198
16 29312.314092 4.412851
16 29426.132665 4.041690
16 29347.616473 4.297730
16 29055.049133 5.251789
16 29352.208844 4.282755
16 29389.005540 4.162761
16 28798.282487 6.089103
16 29103.172016 5.094861
16 29152.645169 4.933530
16 29346.460930 4.301499
16 29261.040125 4.580055
16 29398.813062 4.130779
16 29135.571189 4.989208
16 29508.748591 3.772280
16 29027.773933 5.340734
16 29273.615439 4.539047
16 29292.037464 4.478973
16 29257.453543 4.591751
16 29276.468981 4.529742
16 28733.527812 6.300267
16 29194.767664 4.796169
17 29488.064499 3.839731
16 29418.556083 4.066397
16 28474.945176 7.143502
16 29683.362472 3.202866
16 29013.173761 5.388345
16 29582.763580 3.530918
16 29409.063503 4.097352
16 29179.443533 4.846141
16 29801.405120 2.817930
16 29344.065045 4.309312
16 29670.841550 3.243697
16 29102.064783 5.098472
16 29023.268516 5.355426
16 29213.248770 4.735902
16 29090.065006 5.137603
16 29452.557157 3.955520
16 29183.930695 4.831508
16 28788.375189 6.121410
16 29116.704249 5.050733
16 29617.316758 3.418241
16 29257.174081 4.592662
16 29289.288972 4.487936
16 29539.623863 3.671596
16 29122.940283 5.030397
16 29143.127001 4.964568
16 29602.130798 3.467762
16 29274.493727 4.536183
16 29393.600018 4.147779
16 29903.468730 2.485102
16 29096.632352 5.116187
15 29482.648979 3.857391
16 29183.453247 4.833065
16 29400.118952 4.126520
15 29774.160273 2.906776
16 29293.371168 4.474624
16 29093.310167 5.127021
16 29180.223433 4.843597
16 29413.458731 4.083020
16 29134.317663 4.993296
16 29496.501345 3.812218
16 29224.161035 4.700317
16 29448.564151 3.968541
16 29629.416150 3.378785
16 29309.738034 4.421252
16 29472.495299 3.890502
16 29249.804028 4.616696
16 29420.033440 4.061579
16 29430.242822 4.028287
16 29910.931985 2.460764
16 29145.302601 4.957474
16 29751.199269 2.981651
16 29232.302163 4.673769
16 29567.137517 3.581875
16 29120.407294 5.038657
16 29702.818057 3.139422
16 29259.567479 4.584857
16 29268.669176 4.555177
16 29518.677432 3.739902
16 29530.186421 3.702372
16 29574.597398 3.557548
16 29232.426019 4.673365
16 29310.222608 4.419671
16 28939.454744 5.628742
16 29212.982265 4.736771
16 29456.265512 3.943427
16 28948.370800 5.599666
16 29590.806368 3.504691
16 29518.055845 3.741929
16 29665.695508 3.260478
16 29850.192461 2.658835
16 29421.736560 4.056026
16 29107.619235 5.080359
16 29219.154517 4.716644
16 29382.841965 4.182861
16 27713.587871 9.626281
16 29783.964955 2.874803
16 29501.161601 3.797021
16 29444.807535 3.980791
16 29325.808812 4.368845
16 29739.795488 3.018839
16 29144.308498 4.960716
16 29558.856829 3.608878
16 29198.303707 4.784638
16 28887.549491 5.798004
16 29099.575926 5.106588
16 29666.660077 3.257333
16 29450.845429 3.961102
16 29645.606216 3.325989
16 29426.750268 4.039676
16 29273.440196 4.539619
16 29275.312717 4.533512
16 29007.613054 5.406478
16 28858.602332 5.892400
16 29461.319275 3.926947
16 29625.541545 3.391420
16 29097.814820 5.112331
16 28957.643925 5.569427
16 29205.154818 4.762296
16 29261.851438 4.577409
