16 29232.465267 4.673237
16 29135.993401 4.987831
16 29418.290013 4.067265
16 29122.290622 5.032516
16 29168.679391 4.881242
16 29220.021249 4.713817
16 28805.585546 6.065288
16 29097.199933 5.114336
16 29970.297964 2.267173
16 29710.658352 3.113855
16 29327.633440 4.362895
16 29774.911685 2.904325
16 29275.953951 4.531421
16 29023.846817 5.353540
16 29215.515432 4.728511
16 28743.784861 6.266819
16 29128.521335 5.012197
16 29128.451786 5.012424
16 28774.161129 6.167762
16 29754.041929 2.972381
16 29576.277209 3.552070
16 29434.218743 4.015321
16 29812.296500 2.782414
16 29505.958967 3.781377
16 29754.593273 2.970583
16 29114.194906 5.058916
16 28758.946032 6.217379
16 29467.570005 3.906563
16 29309.675513 4.421456
16 29232.209019 4.674073
16 28975.053296 5.512655
16 29557.989395 3.611707
16 29175.787283 4.858064
16 29289.049092 4.488718
16 29344.304970 4.308529
16 29471.480486 3.893811
16 29392.652460 4.150869
16 29099.698401 5.106189
16 29226.344534 4.693197
16 29031.972553 5.327042
16 29088.224477 5.143605
16 29670.972774 3.243269
16 29613.202482 3.431657
16 29066.669064 5.213897
16 29209.509105 4.748097
16 29074.042386 5.189853
16 29172.913871 4.867434
17 29371.711766 4.219156
16 29053.904524 5.255522
16 29286.030638 4.498561
16 28678.393866 6.480058
16 30057.474150 1.982892
16 29118.169063 5.045956
16 29145.328293 4.957390
16 29850.666652 2.657289
16 29170.968987 4.873776
16 29548.951524 3.641179
16 29172.419036 4.869047
16 29124.818881 5.024271
15 30039.151620 2.042642
16 29195.686803 4.793172
16 29269.325787 4.553036
16 28881.591306 5.817434
16 28714.320809 6.362901
16 29783.350991 2.876805
16 29594.336126 3.493180
16 29403.593291 4.115191
16 29063.590732 5.223935
16 29231.775349 4.675487
16 29196.524768 4.790439
16 29265.404649 4.565822
16 29718.862660 3.087101
16 29097.930645 5.111953
16 29034.240790 5.319645
16 28382.201359 7.445939
16 29239.530553 4.650198
16 29259.712068 4.584386
16 29436.375051 4.008290
16 29234.343055 4.667114
16 29549.666113 3.638849
16 29275.688427 4.532287
16 29389.296291 4.161813
16 29471.433716 3.893964
16 29305.190642 4.436081
16 29438.833879 4.000271
16 29019.586795 5.367432
16 29755.627346 2.967211
16 29251.040106 4.612665
16 29382.075889 4.185359
16 28904.081396 5.744094
16 29285.013124 4.501879
16 29376.895774 4.202251
16 29360.059651 4.257153
16 29308.595007 4.424979
16 29716.906501 3.093480
16 29373.068461 4.214732
16 28890.898953 5.787082
16 29610.975581 3.438919
16 29338.655333 4.326953
16 28734.234967 6.297961
16 29489.663656 3.834516
16 29296.750977 4.463602
16 29600.592966 3.472777
16 29521.274053 3.731435
16 28990.033201 5.463806
16 29903.559057 2.484808
16 29296.863362 4.463236
16 29375.518942 4.206741
16 29325.031191 4.371381
16 29228.613280 4.685799
16 29739.036607 3.021314
16 29711.988378 3.109518
16 29302.613935 4.444483
16 29616.611217 3.420541
16 29477.898816 3.872881
15 29484.584617 3.851079
16 29523.610403 3.723816
16 28872.791908 5.846128
16 29255.581565 4.597855
16 29306.057938 4.433252
16 29466.302559 3.910696
16 28961.099909 5.558157
16 29445.121831 3.979767
16 29706.137397 3.128597
16 29251.624561 4.610759
16 28581.019342 6.797596
16 28826.553174 5.996912
16 29573.773879 3.560234
16 29806.372139 2.801733
16 28436.748564 7.268061
16 29087.076214 5.147350
16 28829.773506 5.986411
16 29321.911723 4.381553
16 29517.845708 3.742615
16 28883.163121 5.812308
16 29057.183234 5.244830
16 29032.443124 5.325507
16 29884.887605 2.545695
16 28658.761452 6.544079
16 29005.152097 5.414503
16 29228.308389 4.686793
16 29145.113268 4.958091
16 29798.039347 2.828906
16 28813.791259 6.038529
16 29268.047158 4.557205
15 29816.070885 2.770106
16 29478.330531 3.871473
16 29380.327730 4.191059
16 29271.347997 4.546441
16 29188.687424 4.815996
16 29172.818583 4.867745
16 29667.084641 3.255948
16 29168.141270 4.882997
16 29018.455324 5.371122
16 29491.894843 3.827240
16 29091.737956 5.132148
16 29315.531695 4.402359
16 29026.880878 5.343646
16 28801.758360 6.077768
16 29169.802466 4.877580
16 29444.970392 3.980260
16 29177.700447 4.851825
16 29265.399726 4.565838
17 29364.341369 4.243191
16 29218.907014 4.717451
16 30035.294666 2.055219
16 29430.015694 4.029027
16 29101.731845 5.099558
16 28903.158655 5.747103
16 29693.324034 3.170382
16 29304.864353 4.437145
16 29264.937792 4.567345
16 29106.985070 5.082427
15 29823.438700 2.746079
16 29138.004383 4.981273
16 29652.054803 3.304960
16 28953.586455 5.582658
16 28849.678745 5.921500
16 29537.900763 3.677215
16 29391.157067 4.155745
16 29046.908676 5.278335
16 29543.888779 3.657689
16 29213.126490 4.736301
16 28732.294809 6.304288
16 29352.405263 4.282114
16 28909.435168 5.726635
15 30086.996961 1.886618
16 28831.208141 5.981733
16 28923.215716 5.681697
16 29341.475178 4.317757
16 29756.139299 2.965542
16 29047.467832 5.276512
16 29607.848112 3.449118
16 28873.301231 5.844467
16 29086.130523 5.150433
16 29492.229286 3.826150
16 29851.661560 2.654045
16 29241.304862 4.644412
16 29337.241740 4.331562
16 28985.897566 5.477292
