8 5.023855 8.790062
9 5.259291 4.515645
11 5.253205 4.626146
11 5.088098 7.623709
11 5.416811 1.655814
12 5.268553 4.347485
7 5.208239 5.442506
12 5.428677 1.440373
12 5.183609 5.889670
13 5.414210 1.703032
13 5.449474 1.062810
13 5.211349 5.386056
13 5.418910 1.617711
13 5.433332 1.355861
13 5.043960 8.425063
13 5.009981 9.041962
15 5.295183 3.864008
15 5.376658 2.384808
15 5.099615 7.414628
15 5.292677 3.909506
16 5.431605 1.387223
16 5.296708 3.836330
16 5.217421 5.275804
16 5.349857 2.871384
16 5.099941 7.408697
16 5.239117 4.881913
16 5.147254 6.549715
16 5.247033 4.738200
16 5.421679 1.567424
9 5.090672 7.576992
17 5.433731 1.348615
17 5.449621 1.060133
17 5.308444 3.623261
17 5.461580 0.843022
11 5.017444 8.906459
17 5.353389 2.807266
17 5.384005 2.251419
13 5.428162 1.449726
19 5.430813 1.401601
19 5.256807 4.560739
19 5.377414 2.371076
11 5.164163 6.242725
12 5.309647 3.601412
13 5.163093 6.262158
11 5.267512 4.366391
12 5.087302 7.638174
15 5.199215 5.606337
23 5.103148 7.350485
13 5.212939 5.357185
16 5.310080 3.593551
16 5.368752 2.528340
16 5.471762 0.658149
15 5.198542 5.618561
18 5.069191 7.966984
15 4.961139 9.928698
12 5.081295 7.747230
13 4.958405 9.978336
15 5.347378 2.916399
16 5.058995 8.152089
16 5.313357 3.534061
8 5.133748 6.794916
16 5.456172 0.941202
13 5.277871 4.178319
15 5.141303 6.657756
16 5.271717 4.290052
19 5.247430 4.730978
23 5.215523 5.310263
27 5.262557 4.456342
12 5.016391 8.925587
12 5.148223 6.532118
17 5.319026 3.431132
7 5.121360 7.019837
17 5.208677 5.434561
20 5.400828 1.945993
17 5.302034 3.739634
15 5.291524 3.930435
17 5.270823 4.306282
15 5.312353 3.552278
17 5.458036 0.907355
11 5.086352 7.655412
20 5.417473 1.643791
13 5.466127 0.760464
14 5.240166 4.862858
16 5.406803 1.837501
12 5.365530 2.586831
15 5.470219 0.686161
15 5.411167 1.758287
16 5.264837 4.414954
15 5.457212 0.922310
13 5.362407 2.643526
12 5.376306 2.391195
13 5.313459 3.532197
15 5.220162 5.226045
15 5.353064 2.813156
15 5.150490 6.490965
15 5.464128 0.796748
16 5.291608 3.928912
13 5.150632 6.488389
16 5.383447 2.261544
25 5.384177 2.248288
17 5.451083 1.033596
22 5.459454 0.881613
13 5.297128 3.828708
15 5.432050 1.379142
16 5.361647 2.657338
20 5.412245 1.738699
23 5.159203 6.332776
16 5.160570 6.307967
9 5.047309 8.364252
17 5.333303 3.171921
17 5.422481 1.552864
16 5.368426 2.534262
11 5.302632 3.728778
12 5.113341 7.165413
12 5.390730 2.129313
15 5.417567 1.642081
17 5.408768 1.801831
13 5.266364 4.387223
9 5.167448 6.183079
13 5.012052 9.004357
13 5.246872 4.741122
13 5.435087 1.324004
7 5.198120 5.626227
12 5.091621 7.559759
11 5.097482 7.453352
13 5.365639 2.584862
22 5.141883 6.647226
8 5.054280 8.237699
13 5.307381 3.642546
8 5.326484 3.295736
21 5.453388 0.991738
23 5.422705 1.548812
17 5.315420 3.496601
20 5.161055 6.299161
8 5.230124 5.045176
17 5.345568 2.949260
13 5.260127 4.500465
12 5.156680 6.378589
15 5.228995 5.065679
16 5.267225 4.371603
19 5.346297 2.936023
16 5.321640 3.383683
13 5.379048 2.341415
19 5.421564 1.569516
19 5.348198 2.901501
17 5.318297 3.444372
15 5.152383 6.456594
9 5.026045 8.750315
7 5.037133 8.549012
16 5.227966 5.084358
19 5.397954 1.998162
13 5.333301 3.171965
17 5.383320 2.263857
12 5.079517 7.779513
19 5.053442 8.252903
12 5.130890 6.846816
15 5.355196 2.774447
11 5.345076 2.958192
19 5.465093 0.779238
24 5.396704 2.020857
12 5.200869 5.576320
21 5.479077 0.525344
16 5.320367 3.406782
21 5.129953 6.863823
13 5.220778 5.214856
17 5.276022 4.211885
15 5.350119 2.866629
15 5.271559 4.292913
13 5.099247 7.421308
16 5.297633 3.819524
13 5.480028 0.508090
26 5.148372 6.529415
20 5.304595 3.693127
15 5.303128 3.719767
19 5.334345 3.153013
19 5.271787 4.288783
17 5.154885 6.411178
17 5.440957 1.217431
19 5.425114 1.505059
24 5.363961 2.615329
19 5.438369 1.264426
15 5.440691 1.222265
18 5.177153 6.006887
46 4.962337 9.906948
66 5.025670 8.757116
82 5.122892 6.992015
78 5.067130 8.004403
103 5.114172 7.150334
133 5.014238 8.964675
137 5.027916 8.716339
154 5.158095 6.352899
159 5.281490 4.112607
153 5.153804 6.430798
166 5.266981 4.376033
167 5.240446 4.857789
212 5.359273 2.700425
227 5.457993 0.908130
238 5.217170 5.280366
failed to find solution in 1200 iterations and 318 function evals
failed to find solution in 1200 iterations and 321 function evals
