16 29118.475848 5.044956
16 29094.391607 5.123494
16 29058.109020 5.241811
16 29533.234422 3.692432
16 29180.646257 4.842219
16 29316.414904 4.399478
16 29207.984795 4.753068
16 29276.646025 4.529164
16 29628.675598 3.381200
16 29725.130034 3.066663
16 29189.318421 4.813939
16 29897.411720 2.504854
16 29045.244666 5.283762
16 29375.946308 4.205347
16 28867.226933 5.864276
16 28922.507120 5.684008
16 28899.512692 5.758992
16 29718.258381 3.089071
16 29826.870722 2.734887
16 29183.675535 4.832340
16 29619.364310 3.411564
16 29225.189836 4.696962
16 29330.090592 4.354882
16 29114.295115 5.058589
16 29373.941702 4.211884
16 29032.227584 5.326210
16 29409.425549 4.096172
16 29345.150705 4.305771
16 29701.680135 3.143133
16 29324.191497 4.374119
16 29362.685263 4.248591
16 29766.987737 2.930165
16 29398.880921 4.130558
16 29486.474154 3.844917
16 29222.691378 4.705110
16 29442.299840 3.988969
16 29715.439544 3.098263
16 28966.849202 5.539409
16 29249.042534 4.619179
16 29011.837547 5.392702
16 29676.059511 3.226681
16 28615.933587 6.683741
16 29119.240945 5.042461
16 29227.009399 4.691029
16 29462.708557 3.922416
16 28969.295900 5.531430
16 28774.891943 6.165379
16 29726.177685 3.063246
16 29490.860654 3.830613
16 29581.505523 3.535021
16 29265.952128 4.564037
15 29540.243050 3.669577
16 29154.915778 4.926125
16 29489.111822 3.836316
16 29176.208774 4.856689
16 29122.412248 5.032119
16 29610.560499 3.440273
16 29381.293018 4.187912
16 28970.365688 5.527941
16 29018.035904 5.372489
16 29165.245431 4.892441
16 29601.054936 3.471270
16 29647.879002 3.318578
16 29004.607193 5.416280
16 29409.954255 4.094448
16 29243.173556 4.638318
16 29380.784116 4.189571
16 29258.259869 4.589121
16 28939.497781 5.628601
16 28910.197071 5.724151
16 29167.236372 4.885948
16 29271.770495 4.545063
16 29387.024254 4.169222
16 29264.266333 4.569534
16 29335.348398 4.337737
16 29287.561733 4.493568
16 29148.657890 4.946532
16 29137.869593 4.981713
16 29182.651995 4.835678
16 29003.006519 5.421500
16 29726.976623 3.060641
16 29380.621337 4.190102
16 29102.555410 5.096872
16 29547.864968 3.644722
16 29263.900041 4.570729
16 29877.392172 2.570137
16 29186.970370 4.821596
16 29048.362199 5.273596
16 29198.208629 4.784948
16 29005.474240 5.413453
16 28792.790139 6.107013
16 29178.898614 4.847918
16 28980.188439 5.495909
16 29223.770873 4.701590
16 29417.706457 4.069168
16 29569.910761 3.572831
16 29593.540743 3.495774
16 29475.864393 3.879515
16 29437.426058 4.004862
16 29211.986438 4.740019
16 29172.905319 4.867462
16 29520.350296 3.734447
16 29506.352852 3.780093
16 29307.836121 4.427454
16 29186.028345 4.824668
16 29110.162795 5.072064
16 29538.354417 3.675736
16 29089.070494 5.140846
16 29079.789233 5.171112
16 29987.592976 2.210774
16 28661.322355 6.535728
16 29679.171419 3.216533
16 29621.623660 3.404196
16 29499.528169 3.802348
16 29202.375845 4.771359
16 29114.363932 5.058365
16 29381.822061 4.186186
16 29518.104772 3.741770
16 29158.375489 4.914843
16 29000.911839 5.428331
16 29449.364455 3.965931
16 29614.859590 3.426253
16 29242.674104 4.639946
16 29754.584677 2.970611
16 29195.849837 4.792640
16 29612.535348 3.433833
16 29419.726024 4.062582
16 29355.538643 4.271896
16 29475.573908 3.880463
16 29633.729615 3.364719
16 29492.295185 3.825935
16 29050.225400 5.267520
16 29226.598838 4.692368
16 29032.270254 5.326071
16 30003.916913 2.157542
16 29511.712072 3.762616
16 29473.263078 3.887998
16 29199.519484 4.780673
16 29745.020203 3.001801
16 29324.231758 4.373988
16 29394.755608 4.144010
16 29437.446242 4.004797
16 29807.357222 2.798521
16 29123.739978 5.027789
16 29089.707998 5.138767
16 28826.113732 5.998345
16 28970.607999 5.527151
16 28732.209560 6.304566
16 29750.847217 2.982799
16 28875.846553 5.836167
16 29339.945369 4.322746
16 29311.704263 4.414840
16 29319.366852 4.389852
16 29323.771863 4.375487
16 29337.967853 4.329195
16 29265.295575 4.566178
16 29191.077483 4.808202
16 29406.843994 4.104590
16 29244.550521 4.633827
16 29011.349527 5.394293
16 29923.416054 2.420054
16 29515.919259 3.748897
16 29371.951135 4.218375
16 29134.612680 4.992334
16 29801.291391 2.818301
16 29448.802576 3.967764
16 29204.614649 4.764058
16 29049.734895 5.269119
16 29660.538643 3.277295
16 29024.359493 5.351868
16 28916.944665 5.702147
16 27921.056704 8.949727
16 29662.801343 3.269916
16 29552.056336 3.631054
16 29103.641326 5.093331
16 28984.582754 5.481580
16 29421.046312 4.058277
16 29234.286525 4.667298
16 28961.583836 5.556579
16 29114.028818 5.059457
16 29365.027337 4.240954
16 29412.763220 4.085288
16 29539.357167 3.672466
16 29198.691795 4.783372
15 29817.043014 2.766935
16 29694.634171 3.166109
16 28965.563111 5.543602
16 29395.733494 4.140821
16 29165.691574 4.890986
16 29158.109654 4.915710
16 29496.826391 3.811158
16 29130.857289 5.004580
16 29785.570897 2.869566
16 29098.679836 5.109510
16 29898.083276 2.502664
16 29107.470256 5.080845
16 29259.976764 4.583523
16 29227.489920 4.689462
16 29161.002640 4.906276
16 29231.425292 4.676629
