16 29333.621340 4.343368
16 29559.927769 3.605386
16 29012.646861 5.390063
16 29472.187610 3.891505
16 29340.219642 4.321851
16 30019.499667 2.106726
16 28242.412022 7.901791
16 29789.909586 2.855417
16 28505.979787 7.042299
16 29388.340066 4.164931
16 29602.546026 3.466408
16 29530.790520 3.700402
16 29622.350156 3.401827
16 29847.435275 2.667827
16 29875.475872 2.576387
16 29058.997223 5.238915
16 29741.674285 3.012712
16 29802.509557 2.814329
16 29288.861636 4.489329
16 28889.398876 5.791973
16 28904.196081 5.743720
16 29232.103687 4.674416
16 28119.751420 8.301786
16 29728.397494 3.056008
16 29408.484425 4.099241
16 29703.231993 3.138072
16 28579.892979 6.801269
16 29496.201972 3.813195
16 30035.234905 2.055414
16 27934.952130 8.904414
16 29979.436595 2.237372
16 29683.362424 3.202866
16 29847.047047 2.669093
16 28271.828419 7.805864
16 27883.532064 9.072094
16 29578.393799 3.545168
16 28999.885317 5.431678
16 28914.548336 5.709961
16 29274.889298 4.534893
16 27636.001717 9.879288
16 29425.020560 4.045317
16 28122.862899 8.291639
16 28568.861995 6.837241
16 29437.574573 4.004378
16 29046.077393 5.281046
16 29418.925991 4.065191
16 29496.384176 3.812601
17 29502.106342 3.793941
16 29208.791969 4.750436
16 28377.711317 7.460581
16 29904.183477 2.482771
17 29602.057718 3.468000
17 29792.220616 2.847881
16 29613.628485 3.430268
16 29225.659772 4.695430
16 29851.306719 2.655202
16 29046.345832 5.280171
16 28548.518826 6.903580
16 28628.899283 6.641460
16 29109.829907 5.073150
16 29403.287016 4.116189
16 29061.931021 5.229348
16 28813.623111 6.039077
16 28130.856548 8.265572
16 28982.990407 5.486772
16 29357.661353 4.264974
16 28890.691052 5.787759
16 29478.036565 3.872432
16 28227.186012 7.951442
16 29761.239374 2.948911
16 29337.936052 4.329298
16 29845.952130 2.672663
16 28787.231340 6.125141
16 29358.555655 4.262058
16 30116.880059 1.789170
16 29551.799189 3.631893
16 29377.907752 4.198951
16 29029.678455 5.334523
16 28771.254890 6.177240
16 28679.310450 6.477069
16 29792.860240 2.845795
16 29464.291272 3.917255
16 29343.568763 4.310930
16 30026.068618 2.085305
16 29962.936277 2.291179
16 28803.244507 6.072922
16 28331.643224 7.610809
16 28748.305130 6.252078
16 29179.432857 4.846175
16 28504.751543 7.046304
16 29698.292873 3.154178
16 29544.245661 3.656525
16 29011.831218 5.392723
16 28022.866869 8.617725
16 29147.186457 4.951331
16 29931.862402 2.392511
16 29783.606196 2.875973
16 29192.677902 4.802984
16 29761.459722 2.948192
17 30174.153091 1.602403
16 29788.791523 2.859063
16 28797.951951 6.090181
16 29134.278394 4.993424
16 29506.158220 3.780727
16 28227.194438 7.951415
16 29432.854925 4.019769
16 29201.775912 4.773315
16 28894.178325 5.776388
17 30169.192093 1.618581
17 29444.480012 3.981859
16 29614.363143 3.427872
16 28608.589538 6.707690
16 29308.370679 4.425711
16 29633.832693 3.364382
17 29475.109102 3.881978
16 29429.009314 4.032309
16 29876.267344 2.573806
16 28826.418066 5.997353
16 28205.189576 8.023173
16 29024.151172 5.352547
16 28253.871356 7.864422
16 29353.158640 4.279658
16 29536.582916 3.681513
16 29928.319016 2.404066
16 29542.510845 3.662182
16 29214.553195 4.731648
16 28535.287815 6.946726
16 28853.943560 5.907593
16 27912.634904 8.977190
16 28375.280006 7.468509
16 29143.163319 4.964450
16 29608.744549 3.446195
16 29334.536070 4.340386
16 29346.073988 4.302760
17 29711.459725 3.111241
16 29334.936282 4.339080
16 29596.949891 3.484657
16 29068.434671 5.208139
16 29635.776974 3.358042
16 29321.644505 4.382425
16 28584.747283 6.785439
16 28773.212932 6.170854
16 28560.077977 6.865885
16 29490.847075 3.830657
16 28269.065050 7.814875
16 29158.306973 4.915067
16 30009.860125 2.138161
16 29138.528056 4.979566
16 30004.695827 2.155002
16 28866.818597 5.865607
17 29632.280996 3.369442
16 28106.438722 8.345198
16 29667.700353 3.253940
16 29153.159155 4.931854
16 29576.966237 3.549823
16 28672.169067 6.500357
16 29259.510452 4.585043
16 29587.135339 3.516662
16 27848.115054 9.187589
16 28288.462321 7.751621
16 28926.147880 5.672135
16 29411.681221 4.088816
16 29993.884990 2.190256
16 29188.431037 4.816833
16 29611.595618 3.436897
16 29943.896172 2.353269
16 29461.238465 3.927210
16 28743.040641 6.269246
16 28442.892645 7.248025
16 28076.993692 8.441218
16 29407.870996 4.101241
16 29274.638033 4.535712
16 28176.449539 8.116894
17 29811.193692 2.786010
17 29578.683789 3.544222
16 29871.155372 2.590476
16 29773.666251 2.908387
16 29429.285298 4.031409
16 28700.786452 6.407036
16 29498.591188 3.805404
16 28806.723357 6.061577
16 27892.438303 9.043051
16 29553.671887 3.625786
16 28267.886317 7.818719
16 29227.998999 4.687802
16 28254.482336 7.862429
16 29763.714456 2.940839
16 29243.952561 4.635777
16 29514.157176 3.754643
16 29234.362326 4.667051
16 29878.113556 2.567785
17 29179.695623 4.845319
17 29693.244490 3.170641
16 29635.224107 3.359845
16 28095.111962 8.382135
17 29651.243420 3.307606
17 29507.851746 3.775205
17 29813.673593 2.777923
17 29423.294110 4.050946
17 29626.080672 3.389662
