8 5.327986 3.268469
8 5.047439 8.361889
9 5.194454 5.692775
12 5.024356 8.780980
12 5.179005 5.973263
9 5.021327 8.835969
13 5.293153 3.900865
17 5.322330 3.371149
16 5.155494 6.400117
17 5.305470 3.677250
17 5.151000 6.481701
16 5.400156 1.958189
15 5.154500 6.418163
17 5.395695 2.039182
17 5.286168 4.027680
18 5.325621 3.311398
18 5.229555 5.055515
19 5.400319 1.955220
17 5.445926 1.127221
19 5.027007 8.732852
20 5.138115 6.715643
22 5.335715 3.128132
21 5.257323 4.551373
21 5.304291 3.698660
21 4.958696 9.973060
21 5.012624 8.993982
18 5.485708 0.404967
22 5.370413 2.498183
24 4.983261 9.527072
22 5.200332 5.586069
22 5.452484 1.008150
23 5.481680 0.478097
21 5.397620 2.004222
15 4.981114 9.566043
26 5.436100 1.305620
25 5.462060 0.834305
13 5.150009 6.499694
24 4.965560 9.848434
26 5.028556 8.704723
25 5.458827 0.892990
18 5.386053 2.214238
18 5.431733 1.384898
13 5.362467 2.642439
29 5.414931 1.689948
25 5.291555 3.929886
29 5.004898 9.134235
27 4.966574 9.830023
9 5.067325 8.000849
24 4.966457 9.832149
17 5.212561 5.364045
17 5.432062 1.378924
12 4.961249 9.926706
12 5.112856 7.174228
17 5.141770 6.649279
16 5.359298 2.699972
16 5.289307 3.970700
19 5.292091 3.920149
14 5.361446 2.660988
18 5.344205 2.973996
23 5.404878 1.872465
18 5.354893 2.779963
17 5.150926 6.483043
29 5.393341 2.081911
18 5.477874 0.547193
16 4.973036 9.712705
28 5.426351 1.482600
32 5.003592 9.157959
17 4.961079 9.929787
20 5.193923 5.702428
17 5.211071 5.391093
31 4.979090 9.602788
17 5.428719 1.439610
24 5.479013 0.526515
28 5.340293 3.045019
12 5.009841 9.044496
17 5.187424 5.820415
19 5.453281 0.993684
17 5.322057 3.376105
18 5.199961 5.592807
21 5.346882 2.925406
21 5.371745 2.473993
8 4.964797 9.862286
15 5.349559 2.876790
25 5.266448 4.385702
28 5.243743 4.797928
15 5.341110 3.030185
17 5.156290 6.385658
8 5.269479 4.330674
19 5.315777 3.490114
18 5.351482 2.841879
17 5.418653 1.622376
21 5.479268 0.521882
16 5.094552 7.506534
22 5.408225 1.811684
19 5.357524 2.732191
20 5.207234 5.460752
19 5.484284 0.430807
21 5.368217 2.538061
17 5.010848 9.026219
17 5.345886 2.943476
19 5.464419 0.791478
33 5.383494 2.260685
16 5.005285 9.127209
24 5.369532 2.514183
16 5.137048 6.735014
16 5.435216 1.321666
10 5.033914 8.607447
12 4.983367 9.525144
22 4.983191 9.528332
21 4.997838 9.262413
27 5.356575 2.749415
10 5.302346 3.733965
10 5.151594 6.470927
19 5.448244 1.085141
18 5.239672 4.871841
19 5.133731 6.795234
26 5.341962 3.014717
16 5.165617 6.216324
24 5.327048 3.285482
15 5.000862 9.207522
26 5.463792 0.802846
26 5.225099 5.136408
20 5.344867 2.961989
14 4.972289 9.726279
17 5.013618 8.975935
25 5.433396 1.354707
19 5.118062 7.079700
19 5.365066 2.595253
9 5.073943 7.880699
10 4.957603 9.992893
24 5.362362 2.644356
19 5.288912 3.977859
22 5.493896 0.256298
24 5.389856 2.145194
26 5.426140 1.486444
13 5.475402 0.592073
8 5.333190 3.173978
24 5.461340 0.847377
23 5.458341 0.901818
18 5.311680 3.564498
11 5.096577 7.469769
12 5.169869 6.139135
18 5.128299 6.893858
19 5.379006 2.342169
22 5.369961 2.506396
21 5.454427 0.972881
19 4.963837 9.879718
15 5.125485 6.944950
21 5.335657 3.129192
23 5.240434 4.857992
14 5.236308 4.932904
13 5.388214 2.175001
17 5.394969 2.052361
20 5.434247 1.339255
19 5.111395 7.200752
22 5.399583 1.968587
23 4.999223 9.237270
16 4.998816 9.244657
22 5.376133 2.394337
26 4.983237 9.527512
12 4.992789 9.354081
24 5.391255 2.119798
22 5.195932 5.665942
24 5.345771 2.945561
18 5.423975 1.525750
25 5.050839 8.300175
27 5.402924 1.907929
19 5.049221 8.329548
26 5.452736 1.003575
18 5.378611 2.349348
34 4.995387 9.306922
23 5.440110 1.232805
22 4.962615 9.901910
17 5.337161 3.101888
21 5.387492 2.188111
25 5.399492 1.970235
21 5.403660 1.894570
21 5.464552 0.789051
23 4.960113 9.947322
30 4.975077 9.675646
25 5.385352 2.226961
21 4.972011 9.731318
42 5.130741 6.849522
47 5.085448 7.671831
36 5.067102 8.004904
40 5.127447 6.909313
41 5.292081 3.920337
47 5.348738 2.891709
64 5.477790 0.548716
80 5.359917 2.688737
97 5.480098 0.506811
102 5.433116 1.359783
118 5.429479 1.425824
152 5.457337 0.920048
failed to find solution after reaching max emtpy limit -- 628 iterations and 185 function evals
failed to find solution after reaching max emtpy limit -- 648 iterations and 183 function evals
failed to find solution after reaching max emtpy limit -- 672 iterations and 189 function evals
failed to find solution after reaching max emtpy limit -- 700 iterations and 195 function evals
failed to find solution after reaching max emtpy limit -- 1040 iterations and 285 function evals
failed to find solution in 1200 iterations and 314 function evals
