7 5.111646 7.196200
9 4.984386 9.506649
7 5.027940 8.715902
11 5.140214 6.677533
12 5.127219 6.913462
12 4.969269 9.781100
11 4.983005 9.531719
12 4.991621 9.375287
12 4.967669 9.810156
7 5.108150 7.259673
13 5.116802 7.102590
13 4.979928 9.587587
15 5.381225 2.301886
15 4.978194 9.619066
16 4.992563 9.358191
16 5.021497 8.832876
17 4.959995 9.949478
17 5.066175 8.021744
19 5.055374 8.217841
19 4.969347 9.779680
19 4.966672 9.828255
20 5.237106 4.918424
13 4.980063 9.585124
21 4.962693 9.900481
12 4.963812 9.880175
17 4.962822 9.898148
12 5.009994 9.041728
24 4.967050 9.821380
25 4.979657 9.592502
30 4.991829 9.371506
21 5.038566 8.522981
23 4.980786 9.571999
24 5.258315 4.533369
24 4.983145 9.529179
32 5.038276 8.528261
21 4.960372 9.942627
11 5.016550 8.922702
28 5.021504 8.832759
29 4.971796 9.735224
27 5.199798 5.595758
17 5.061604 8.104724
8 4.967576 9.811845
16 4.957931 9.986938
15 5.015598 8.939972
35 4.972072 9.730217
25 5.102019 7.370969
15 5.193315 5.713471
30 4.975241 9.672673
13 5.437589 1.278570
28 5.147798 6.539839
32 5.021745 8.828376
29 5.274738 4.235204
28 5.165862 6.211881
28 4.980379 9.579387
13 5.019363 8.871623
16 4.966287 9.835243
15 4.970563 9.757603
6 5.002003 9.186798
34 5.035180 8.584465
7 5.004583 9.139952
33 5.025822 8.754367
11 5.234513 4.965498
34 5.339417 3.060933
29 5.035309 8.582113
16 5.045104 8.404290
29 5.041981 8.460981
9 5.044076 8.422955
30 5.229723 5.052460
39 4.991087 9.384980
24 5.274818 4.233746
32 5.036583 8.558982
12 5.279468 4.149315
38 5.016267 8.927833
9 4.958565 9.975430
9 5.196749 5.651119
20 4.970567 9.757535
18 5.027840 8.717722
7 5.010402 9.034323
20 5.154975 6.409542
29 5.277325 4.188232
21 5.157903 6.356385
17 5.014763 8.955146
34 4.994528 9.322517
28 4.998698 9.246805
42 5.218245 5.260856
36 5.333996 3.159342
13 5.283943 4.068081
39 5.356257 2.755200
51 5.000768 9.209224
47 5.075723 7.848397
39 4.957784 9.989617
9 4.987708 9.446328
7 5.287348 4.006264
56 4.984775 9.499575
42 5.018772 8.882351
20 5.096377 7.473404
41 4.966023 9.840027
12 5.037407 8.544026
67 5.004094 9.148831
39 5.317204 3.464212
12 4.972243 9.727110
12 5.129527 6.871548
30 5.036841 8.554299
7 5.088718 7.612466
23 5.020199 8.856440
73 4.983071 9.530519
12 5.018568 8.886063
28 5.182983 5.901045
12 5.132289 6.821409
9 5.350307 2.863215
11 4.969205 9.782270
16 5.013679 8.974822
61 5.058785 8.155912
63 5.092872 7.537049
76 5.016110 8.930682
21 4.965009 9.858433
75 4.985016 9.495204
35 5.071152 7.931377
25 4.998346 9.253189
27 4.968554 9.794086
66 5.409633 1.786133
23 5.003167 9.165664
23 4.980984 9.568402
30 4.961452 9.923027
31 5.044324 8.418441
65 4.975650 9.665258
7 4.974187 9.691815
23 5.193955 5.701836
78 4.969212 9.782136
55 5.062605 8.086552
71 5.193041 5.718446
13 5.035103 8.585863
43 4.991429 9.378783
14 5.187363 5.821523
15 4.971562 9.739468
9 5.270857 4.305664
17 5.365981 2.578654
31 5.044199 8.420716
62 5.017516 8.905166
15 5.149445 6.509941
17 4.962669 9.900919
87 5.040012 8.496735
87 5.181392 5.929928
28 4.962010 9.912888
36 4.990958 9.387333
45 5.086699 7.649112
19 5.060542 8.124006
9 5.167114 6.189151
26 4.984044 9.512863
9 4.980332 9.580255
13 5.100922 7.390894
95 4.982983 9.532116
8 5.030258 8.673817
17 5.247340 4.732623
13 4.978025 9.622132
28 5.298339 3.806705
42 4.991451 9.378373
37 4.980360 9.579745
26 5.380566 2.313850
26 5.192447 5.729215
76 5.041470 8.470271
96 5.023827 8.790588
89 5.076388 7.836307
31 5.308688 3.618829
34 5.137761 6.722060
102 5.229078 5.064180
79 5.024574 8.777014
113 4.985119 9.493330
115 5.016044 8.931888
85 4.975971 9.659430
99 5.012391 8.998206
53 5.104446 7.326916
77 4.974205 9.691476
70 4.960656 9.937481
93 5.020973 8.842389
77 5.087306 7.638100
109 4.964670 9.864589
66 5.264279 4.425087
55 5.000450 9.215004
73 4.965151 9.855865
121 5.041330 8.472798
127 4.999738 9.227920
151 4.981738 9.554719
79 5.050368 8.308714
68 5.182340 5.912721
128 5.219264 5.242348
80 5.026692 8.738565
119 5.251443 4.658135
153 5.187222 5.824077
149 4.995008 9.313807
79 4.997152 9.274870
147 5.000981 9.205361
161 5.288694 3.981818
123 5.002234 9.182616
175 5.116013 7.116911
130 5.163055 6.262849
211 4.987155 9.456370
151 4.993492 9.341315
248 5.036909 8.553065
248 5.000925 9.206377
