16 29114.744743 5.057123
16 28739.511279 6.280755
16 29329.650926 4.356316
16 28743.842053 6.266633
16 29598.818498 3.478563
16 29858.008835 2.633346
16 28416.510893 7.334056
16 28729.284820 6.314104
16 28940.728875 5.624587
16 28540.026217 6.931274
16 29531.840152 3.696979
16 28700.082826 6.409331
16 29382.925936 4.182587
16 28985.422449 5.478841
16 28555.100763 6.882116
16 28828.181813 5.991601
16 29662.815053 3.269871
16 28165.665353 8.152061
16 29324.053137 4.374570
16 29296.798775 4.463446
16 28184.077026 8.092020
16 29699.379015 3.150637
16 29161.268234 4.905410
16 28704.349826 6.395416
16 29674.741627 3.230979
16 29464.651449 3.916081
16 29648.359537 3.317010
16 29832.454565 2.716679
16 29682.723893 3.204949
16 28528.827462 6.967793
16 30003.921435 2.157527
16 28059.030825 8.499795
16 29476.453681 3.877594
16 29564.653615 3.589975
16 28055.541873 8.511172
16 28099.906390 8.366500
16 29653.127798 3.301461
16 29061.023077 5.232309
16 29249.005241 4.619301
16 29372.962785 4.215076
16 27667.735475 9.775805
16 28567.411931 6.841969
16 29412.246825 4.086972
16 29619.503683 3.411109
16 27928.723645 8.924725
17 29615.589246 3.423874
17 29753.168978 2.975228
16 29406.748484 4.104902
17 29568.157497 3.578549
16 29958.690448 2.305025
16 28929.725567 5.660468
16 29695.569965 3.163058
16 29046.937233 5.278242
16 29692.614940 3.172694
16 29051.487135 5.263405
16 28556.377196 6.877953
16 29199.488282 4.780775
16 28487.575971 7.102314
16 29271.121003 4.547181
16 29699.330027 3.150796
16 27926.741111 8.931190
16 29158.992902 4.912830
16 29537.147053 3.679673
16 27975.168429 8.773269
16 28617.969881 6.677100
16 29709.019450 3.119199
16 28781.693234 6.143200
16 28250.607059 7.875067
16 28961.032680 5.558376
16 28549.244836 6.901212
16 29062.040951 5.228989
16 28782.023677 6.142123
16 29323.459593 4.376506
16 29730.741118 3.048365
16 28790.502683 6.114473
16 29107.693887 5.080116
16 27608.923943 9.967589
16 29537.668091 3.677974
16 30028.631765 2.076947
16 28484.791984 7.111392
16 28171.922663 8.131656
16 29683.164849 3.203511
16 27634.598646 9.883864
16 29303.167806 4.442677
16 28701.695053 6.404073
16 29001.592848 5.426110
16 28702.291090 6.402130
16 28337.242806 7.592548
16 28185.824929 8.086321
16 29519.048041 3.738694
17 29574.228054 3.558752
16 28858.151225 5.893872
16 28686.353281 6.454103
16 27967.803200 8.797287
16 28855.487931 5.902556
16 29827.957127 2.731345
16 28352.171557 7.543866
16 28102.175403 8.359101
16 29960.572397 2.298888
16 29378.706232 4.196347
16 29670.150578 3.245950
16 27655.756678 9.814868
16 27995.246985 8.707793
17 29754.991434 2.969285
17 29381.289483 4.187923
16 29536.226623 3.682675
16 29909.010832 2.467029
16 29539.498797 3.672004
16 29560.005210 3.605133
16 29049.310897 5.270502
17 29686.310474 3.193253
16 29465.789007 3.912371
16 29695.159876 3.164395
16 29598.325595 3.480171
16 28274.770067 7.796271
16 28912.796661 5.715673
16 29423.324622 4.050847
16 29527.591121 3.710835
16 30052.669478 1.998560
16 29640.121170 3.343876
16 28927.742880 5.666934
16 28234.800422 7.926612
16 28259.376951 7.846468
16 29795.468608 2.837289
16 28101.115542 8.362557
16 28675.919880 6.488126
16 29724.072477 3.070111
16 29898.677204 2.500727
16 29549.773971 3.638497
16 29238.144770 4.654717
16 29124.518520 5.025251
16 28855.643770 5.902048
16 29573.921686 3.559752
16 29964.874104 2.284860
16 29117.661484 5.047611
16 29132.088492 5.000565
16 28722.330275 6.336782
16 28543.554111 6.919769
16 28625.384816 6.652920
16 29240.544700 4.646890
16 27856.310196 9.160865
16 28497.653268 7.069452
16 28472.114393 7.152734
16 29064.406949 5.221274
16 28452.286031 7.217394
16 28063.680138 8.484633
16 28437.914929 7.264258
16 27980.279790 8.756601
16 29056.953454 5.245580
16 29356.411296 4.269051
16 29894.995852 2.512732
16 28600.220739 6.734980
16 29525.786196 3.716721
16 28836.265841 5.965240
16 29476.526767 3.877355
16 29482.810141 3.856865
16 29649.386947 3.313660
16 28079.192347 8.434048
16 30092.899731 1.867370
16 29184.816140 4.828621
16 29720.663080 3.081229
16 30099.474058 1.845931
16 29809.191227 2.792540
16 27944.173675 8.874343
16 28133.799335 8.255975
16 28345.060229 7.567056
16 29776.728993 2.898399
16 29892.158008 2.521986
16 29914.855976 2.447968
16 29386.578365 4.170676
16 28612.515104 6.694888
16 29220.089206 4.713596
16 28465.663028 7.173771
16 29183.238391 4.833766
16 29985.134803 2.218790
16 29675.152553 3.229639
16 29761.973843 2.946515
16 28922.097402 5.685344
16 29403.738633 4.114717
17 29301.222319 4.449021
17 29806.829016 2.800243
16 29076.555408 5.181658
16 27915.646292 8.967370
16 30049.426582 2.009135
16 29632.336368 3.369262
16 29108.939162 5.076055
16 29041.518140 5.295914
16 29676.461816 3.225369
16 28666.955515 6.517359
16 29412.741732 4.085358
16 29960.518546 2.299063
16 29793.738384 2.842932
16 29161.072568 4.906048
16 30200.497187 1.516495
16 29879.274924 2.563998
16 29721.394707 3.078844
16 29403.330165 4.116049
16 28268.153945 7.817846
16 29523.685966 3.723570
17 29473.507183 3.887202
