16 27918.368838 8.958492
16 29943.283820 2.355265
16 29246.699300 4.626820
16 28369.860957 7.486181
16 29052.176948 5.261156
16 29600.403315 3.473395
16 27735.778104 9.553918
16 27679.824009 9.736384
16 27678.030973 9.742231
16 28561.773443 6.860356
16 29038.682243 5.305162
16 28832.111678 5.978786
16 29589.791059 3.508002
16 29711.816103 3.110079
16 29809.854703 2.790376
16 29181.037790 4.840942
16 29468.529207 3.903435
16 27895.120467 9.034305
16 29106.632920 5.083575
16 29819.588792 2.758634
16 29910.491608 2.462201
16 28491.349744 7.090007
16 29811.732971 2.784251
16 27894.575289 9.036083
16 29701.404351 3.144032
16 28623.839036 6.657961
16 29798.717013 2.826696
16 29398.533883 4.131689
16 29378.294354 4.197690
16 29567.112243 3.581957
16 29264.862448 4.567590
16 29720.578613 3.081505
16 29677.584573 3.221708
16 29675.521756 3.228435
16 28797.645223 6.091181
16 28230.796837 7.939668
16 28655.938561 6.553285
16 29687.625474 3.188965
16 29282.930447 4.508671
16 29571.212715 3.568585
16 28550.341841 6.897635
16 29121.502706 5.035085
16 29647.316213 3.320413
16 29778.272516 2.893366
16 28296.525166 7.725328
16 27742.027031 9.533541
16 30169.572295 1.617341
17 29637.413811 3.352704
16 28764.196719 6.200256
16 28530.695784 6.961700
16 28241.224813 7.905662
16 29370.406056 4.223414
16 28348.078843 7.557212
16 29421.452878 4.056951
16 28242.885936 7.900245
16 28151.345289 8.198758
16 29520.476009 3.734037
16 29466.202258 3.911023
16 29248.617698 4.620564
16 28638.800282 6.609173
16 29325.519880 4.369787
16 29739.740975 3.019017
16 28969.798324 5.529791
16 28284.194014 7.765540
16 29204.623718 4.764028
16 29800.864901 2.819692
16 29212.493703 4.738364
16 28465.495921 7.174316
16 28849.891026 5.920808
16 28630.353956 6.636716
16 29095.426978 5.120118
16 28552.193940 6.891595
16 29461.921820 3.924982
16 28835.538237 5.967612
16 29065.015587 5.219289
16 29824.523880 2.742540
16 29330.974550 4.352000
16 29447.655910 3.971503
16 30341.933414 1.055273
16 27929.441558 8.922384
16 29586.603642 3.518396
16 29637.503147 3.352413
16 28634.729763 6.622447
16 29917.671037 2.438789
16 29892.230130 2.521751
16 29746.309954 2.997595
16 29256.943840 4.593413
16 28837.070631 5.962615
17 29562.711637 3.596307
16 29686.981330 3.191065
16 29348.005760 4.296461
16 29258.852430 4.587189
16 29781.910148 2.881503
17 29430.907211 4.026120
16 29495.254820 3.816283
16 28998.374514 5.436605
17 29754.990193 2.969289
16 29123.911093 5.027231
16 30077.489966 1.917621
16 28669.095897 6.510379
16 28720.527959 6.342660
16 27751.939973 9.501215
16 28776.696781 6.159494
16 29357.162257 4.266602
16 29605.862708 3.455592
16 29129.337079 5.009537
16 29332.500323 4.347024
16 29668.017169 3.252907
16 29450.991499 3.960626
16 29452.223406 3.956608
16 28712.874386 6.367618
16 28528.500091 6.968860
16 29285.262220 4.501067
16 29278.805564 4.522122
16 29986.531040 2.214237
16 28200.908106 8.037134
16 28658.385387 6.545306
16 29888.833894 2.532826
16 29533.976584 3.690012
16 29120.596076 5.038042
16 29387.941661 4.166230
16 29031.052700 5.330042
16 28400.984785 7.384686
16 28557.921832 6.872916
16 28269.800301 7.812478
16 29800.684569 2.820280
16 30106.645220 1.822546
16 28975.192638 5.512201
16 28766.940477 6.191309
16 29383.963038 4.179205
16 28727.146586 6.321076
16 29474.314532 3.884569
16 29408.802075 4.098205
17 29740.242388 3.017381
16 28084.329460 8.417296
17 28767.413070 6.189768
16 29720.175687 3.082819
16 28148.192520 8.209039
16 30024.848158 2.089285
16 29299.385060 4.455013
16 28240.295820 7.908692
16 29587.697143 3.514830
16 27902.865951 9.009047
16 28493.721738 7.082272
17 29840.223348 2.691345
16 27966.196333 8.802527
16 29817.819800 2.764402
16 29647.937903 3.318385
16 29918.661283 2.435559
16 28342.665900 7.574864
16 30144.497905 1.699108
16 29923.221110 2.420690
16 29423.569981 4.050047
16 28640.350757 6.604117
16 29521.065726 3.732114
16 27807.385546 9.320407
16 28203.712864 8.027988
16 27676.537257 9.747102
16 28536.574099 6.942531
16 29364.994066 4.241062
16 28770.027808 6.181241
16 28526.498611 6.975387
16 28828.612821 5.990196
16 29367.243696 4.233726
16 29003.195490 5.420884
16 29277.833299 4.525293
16 29489.947440 3.833591
16 29706.779772 3.126503
16 29746.460945 2.997103
16 29822.946434 2.747684
16 28970.512518 5.527463
16 28812.744976 6.041941
16 29497.369988 3.809386
16 29143.378549 4.963748
16 29881.510189 2.556709
16 29409.819542 4.094887
16 29773.856641 2.907766
16 29360.853390 4.254565
16 28340.757144 7.581088
16 29440.959390 3.993340
16 28986.470945 5.475422
16 28497.709745 7.069267
16 28725.699199 6.325796
16 29975.312046 2.250822
16 29395.763550 4.140723
16 29262.848929 4.574157
16 28769.702292 6.182303
17 30237.210952 1.396772
16 28796.070701 6.096315
16 28966.258505 5.541335
16 27801.409012 9.339897
16 29508.923345 3.771710
16 29769.386966 2.922341
16 29455.374618 3.946332
16 28400.010800 7.387863
16 29445.026211 3.980078
16 29106.232342 5.084882
16 28399.580335 7.389266
16 28780.274756 6.147826
17 29419.956231 4.061831
