16 28813.982355 6.037906
16 28614.264291 6.689184
16 28677.351691 6.483457
16 29868.164034 2.600230
16 29387.413950 4.167951
16 28330.827590 7.613468
44 27858.983882 9.152146
16 29250.364868 4.614867
38 27984.785942 8.741907
16 28452.443949 7.216879
16 29325.440469 4.370046
16 28666.215919 6.519771
16 29090.170055 5.137261
16 28897.713369 5.764860
16 28049.800585 8.529894
16 28123.479090 8.289630
16 28835.027544 5.969278
43 29258.997961 4.586715
16 27614.137741 9.950586
16 28824.589352 6.003316
16 28438.686954 7.261740
16 28941.564240 5.621863
16 28128.379618 8.273649
16 28470.904298 7.156680
16 28493.519846 7.082931
23 29384.505391 4.177436
21 29597.925466 3.481475
16 28547.118770 6.908145
16 28130.827196 8.265668
18 28125.359055 8.283499
16 28145.426549 8.218059
16 29001.057816 5.427855
27 29078.989607 5.173720
25 28293.277579 7.735919
58 28024.921623 8.611025
16 28211.732287 8.001837
17 28593.635195 6.756456
16 28575.979162 6.814032
16 30061.889375 1.968494
30 28851.550543 5.915396
16 29559.023200 3.608335
21 28439.130751 7.260293
16 28936.974531 5.636830
36 28379.143652 7.455910
16 28916.291999 5.704275
16 29436.129971 4.009089
21 28768.190419 6.187233
16 28098.847547 8.369953
23 28022.152518 8.620055
56 28306.687789 7.692188
16 28216.189405 7.987302
16 27909.950674 8.985944
16 27767.846186 9.449345
20 28419.677543 7.323730
17 28890.642322 5.787918
16 28225.641136 7.956480
16 28284.083071 7.765902
16 28170.664515 8.135758
16 27988.210807 8.730738
16 29486.639860 3.844377
16 28489.451006 7.096199
16 28359.114125 7.521226
16 28900.228742 5.756657
21 27881.992582 9.077115
16 29048.976373 5.271593
28 28822.008209 6.011734
16 29379.530818 4.193658
16 27612.504544 9.955912
16 27979.574362 8.758901
16 28965.460638 5.543937
16 29236.263451 4.660852
16 28888.002610 5.796526
16 29119.375266 5.042023
16 28186.470103 8.084217
16 28442.680369 7.248718
16 29307.625062 4.428142
18 29062.603420 5.227155
16 27648.231417 9.839407
52 28658.983800 6.543354
16 28859.854941 5.888316
20 28457.489748 7.200424
16 28308.707224 7.685603
30 28875.097985 5.838608
32 27949.201779 8.857946
27 28816.304186 6.030334
16 28400.420627 7.386526
16 28644.885769 6.589328
16 28549.695730 6.899742
16 28903.317036 5.746586
25 27977.750623 8.764849
16 27776.473439 9.421211
16 28112.613243 8.325063
16 28403.050708 7.377950
16 29162.926249 4.900003
16 28252.028336 7.870432
16 28537.676343 6.938937
16 27839.824147 9.214625
28 28244.718499 7.894269
16 28129.481950 8.270054
18 27612.663580 9.955394
16 28948.481483 5.599305
16 29494.456269 3.818887
16 28567.698480 6.841035
16 28279.819470 7.779805
18 28584.381843 6.786631
16 27964.704638 8.807391
16 28972.534377 5.520869
16 28809.635976 6.052079
16 28842.841151 5.943797
16 28769.174973 6.184022
16 29156.543371 4.920818
16 28489.806387 7.095040
16 28469.032042 7.162785
16 28166.013850 8.150924
16 27962.030943 8.816110
16 29202.469014 4.771055
16 28835.769981 5.966857
16 29264.060116 4.570207
31 28116.268640 8.313143
16 29540.884886 3.667484
16 27768.277957 9.447937
16 28033.746540 8.582247
16 28353.380021 7.539925
16 28624.993898 6.654195
16 28404.314668 7.373828
16 28862.174868 5.880750
16 28173.220809 8.127422
16 29197.814822 4.786232
16 28724.571922 6.329472
16 28906.876072 5.734980
16 27974.835950 8.774353
20 28450.654200 7.222715
16 28141.391906 8.231216
16 29530.616257 3.700970
16 28397.208077 7.397002
34 28844.033069 5.939911
16 28447.630591 7.232575
22 27973.569759 8.778482
16 29436.877252 4.006652
16 29141.956156 4.968387
16 28776.610980 6.159773
16 29189.426022 4.813588
16 27777.075786 9.419247
17 27730.241044 9.571975
16 28628.212461 6.643699
16 27871.542229 9.111193
16 29217.820912 4.720992
16 29069.270770 5.205413
16 29263.608809 4.571679
16 29212.882393 4.737097
16 29516.232273 3.747876
47 28414.220442 7.341525
16 28884.227341 5.808838
16 28485.081733 7.110447
16 28880.872886 5.819776
16 28392.394465 7.412699
53 28972.666006 5.520440
40 28027.741513 8.601829
16 27790.081991 9.376834
16 29886.978768 2.538876
16 28554.837583 6.882974
16 28130.574645 8.266491
28 27733.856447 9.560185
16 29390.128662 4.159099
16 28673.446706 6.496191
16 27974.045898 8.776930
16 29003.691921 5.419265
16 28921.991962 5.685688
47 27843.878898 9.201403
16 28100.267633 8.365322
16 28036.404910 8.573578
23 27652.291155 9.826169
16 27717.500247 9.613522
16 29420.893318 4.058775
16 28142.481731 8.227662
16 28872.835587 5.845986
16 28602.509530 6.727516
16 30380.426860 0.929747
16 29534.075074 3.689691
18 29057.910775 5.242458
18 28006.977481 8.669540
16 28149.223914 8.205676
31 27844.188463 9.200393
16 29210.852156 4.743717
16 29074.019271 5.189928
16 27835.294587 9.229396
16 29464.396384 3.916912
16 29190.615217 4.809710
16 28186.054023 8.085573
16 29321.950522 4.381427
22 27743.592129 9.528437
28 28927.098708 5.669034
24 27792.408720 9.369247
16 28451.204158 7.220922
16 29211.767453 4.740733
16 28173.276800 8.127240
16 28356.890965 7.528476
16 28917.491124 5.700365
33 27983.323744 8.746675
16 28606.523606 6.714427
16 28380.200950 7.452462
16 28029.609400 8.595738
16 29074.603139 5.188024
16 27803.633687 9.332642
16 29434.854902 4.013247
16 27815.885106 9.292690
16 28747.732371 6.253946
16 28893.101847 5.779898
16 28197.930566 8.046844
30 28363.805982 7.505926
17 28734.769775 6.296217
16 27650.220756 9.832920
25 28698.167589 6.415576
16 28493.630812 7.082569
16 28682.052667 6.468127
16 28392.417636 7.412624
16 29409.133025 4.097126
16 29106.056788 5.085454
16 27998.197278 8.698172
39 28544.596636 6.916370
55 28405.232151 7.370836
16 28539.771683 6.932104
17 29303.915394 4.440239
32 28539.390208 6.933348
16 28047.241361 8.538240
19 28981.072246 5.493027
16 29300.674247 4.450809
16 29242.373590 4.640926
16 27914.190613 8.972117
16 27895.215263 9.033996
17 29210.855907 4.743705
21 28155.451302 8.185369
27 28664.168105 6.526448
39 28093.643488 8.386923
16 28811.827991 6.044931
16 29647.806169 3.318815
16 28729.388894 6.313764
16 29321.821045 4.381849
16 28162.375494 8.162789
16 29121.474720 5.035176
16 29307.649307 4.428063
16 27740.647799 9.538038
20 28535.926393 6.944643
16 28971.381315 5.524629
16 28522.248831 6.989246
16 28555.127973 6.882027
21 27882.770661 9.074577
23 28718.810080 6.348262
16 28957.593303 5.569592
28 27678.036054 9.742215
16 27949.154402 8.858101
16 28053.605079 8.517488
16 29330.276559 4.354276
16 29779.392598 2.889713
19 28381.994971 7.446612
16 28665.891297 6.520829
16 28316.560887 7.659992
24 28485.703488 7.108420
16 29178.409752 4.849512
16 27985.684361 8.738977
16 29176.018634 4.857309
16 28642.138591 6.598286
16 28186.483148 8.084174
16 27605.430572 9.978980
47 28578.521781 6.805740
16 29726.487066 3.062237
16 29393.640194 4.147648
16 28791.775514 6.110322
16 28785.746336 6.129983
16 28870.352919 5.854082
16 28693.229230 6.431680
16 28761.182629 6.210085
16 28577.588169 6.808785
16 29385.002770 4.175814
21 27629.218310 9.901409
16 29023.525001 5.354589
16 28461.510730 7.187312
16 28844.865307 5.937197
60 27722.680072 9.596631
16 28341.835755 7.577571
16 29022.779339 5.357021
16 28212.076106 8.000716
16 29024.382557 5.351793
16 28328.874569 7.619837
16 28232.541154 7.933979
16 27916.133543 8.965781
23 28488.200965 7.100275
16 28587.546167 6.776312
16 29214.019595 4.733388
18 28408.062466 7.361606
16 29210.708069 4.744187
16 28122.184070 8.293853
16 27936.739860 8.898584
16 28736.092868 6.291903
16 28887.470340 5.798262
16 27864.011468 9.135751
16 28993.737880 5.451725
16 28972.166374 5.522069
16 28107.405146 8.342047
16 29393.123466 4.149333
16 28312.735505 7.672466
18 29065.187584 5.218728
16 28723.046186 6.334448
16 28133.291769 8.257631
16 28973.739659 5.516939
16 28321.144641 7.645044
16 28973.818203 5.516683
16 29049.315655 5.270486
16 29859.173428 2.629549
39 28181.921116 8.099051
16 27982.598069 8.749041
16 28764.858228 6.198099
18 27663.471749 9.789709
16 28752.317808 6.238993
16 29139.172056 4.977466
16 28193.140696 8.062464
16 29120.221828 5.039262
16 27705.065461 9.654072
16 29538.697239 3.674618
16 28292.635516 7.738012
16 28306.651712 7.692306
16 29173.421097 4.865780
16 28619.553032 6.671938
16 29219.941772 4.714076
16 27683.443872 9.724580
16 28683.670830 6.462850
16 28423.954199 7.309783
16 28660.069392 6.539814
16 29675.227298 3.229395
16 28861.709154 5.882269
16 28308.666847 7.685734
16 28636.988349 6.615081
17 28759.303638 6.216212
20 28205.911052 8.020820
17 27844.017669 9.200950
16 28265.042696 7.827992
17 29218.607310 4.718428
16 28618.442469 6.675559
16 28464.064951 7.178983
16 27936.363141 8.899813
16 29063.799706 5.223254
16 28738.155306 6.285177
22 27790.513641 9.375426
16 29139.617466 4.976013
16 28250.499609 7.875417
16 28046.131844 8.541858
16 28869.028268 5.858402
26 29943.388909 2.354923
16 28019.020361 8.630268
16 28920.855487 5.689394
27 29407.303041 4.103093
16 29124.089643 5.026649
16 28465.810181 7.173292
16 28214.156069 7.993933
16 27776.487453 9.421166
21 28017.343765 8.635736
16 28860.928498 5.884815
29 27916.833744 8.963498
16 29395.701699 4.140925
16 29224.385852 4.699584
16 29005.112852 5.414631
16 28871.921126 5.848968
16 27657.200931 9.810158
16 29582.071029 3.533177
25 28393.736690 7.408322
19 29740.997133 3.014920
16 28672.791542 6.498327
16 28248.468886 7.882039
16 28055.902161 8.509997
18 28506.057187 7.042046
16 28397.715839 7.395346
52 28869.283260 5.857570
16 27999.877292 8.692694
16 28190.877531 8.069844
16 28486.186487 7.106845
27 28754.709071 6.231195
16 27838.449659 9.219108
16 28824.021814 6.005167
16 29548.203665 3.643618
24 28654.304489 6.558614
16 28201.121043 8.036440
16 28391.008867 7.417218
28 29658.191091 3.284950
16 28624.002365 6.657428
16 29059.364048 5.237719
16 28797.446584 6.091829
24 28540.837354 6.928629
16 28412.258935 7.347922
16 28781.108803 6.145106
16 28191.186059 8.068838
27 28069.295772 8.466321
16 29471.489765 3.893781
16 27653.120212 9.823465
16 28491.333560 7.090060
30 28498.230537 7.067569
16 28963.284891 5.551032
48 28023.336931 8.616192
16 29482.844036 3.856755
16 27763.681194 9.462927
16 27900.669393 9.016210
16 28159.123828 8.173393
16 29450.997466 3.960606
16 29657.109834 3.288476
23 27730.433355 9.571348
16 27696.116852 9.683253
19 29187.578435 4.819613
16 28819.107800 6.021192
16 29387.694794 4.167035
16 29215.431467 4.728784
16 29038.769057 5.304879
16 29099.919213 5.105469
16 27798.364046 9.349826
16 28115.257058 8.316442
16 28652.388140 6.564863
16 28576.778157 6.811426
16 28309.873970 7.681798
16 28279.963279 7.779336
16 28588.168309 6.774283
16 28316.208458 7.661141
16 29246.069819 4.628873
16 28718.261185 6.350051
16 28124.133535 8.287495
16 27756.740318 9.485561
16 28589.497540 6.769948
16 28180.536406 8.103566
16 29266.223480 4.563152
16 29875.138234 2.577488
16 29134.185136 4.993728
19 29821.419103 2.752665
16 28673.977952 6.494459
16 29200.360708 4.777930
16 28791.480334 6.111285
16 28366.875951 7.495915
18 28192.119216 8.065795
16 28428.735309 7.294192
16 28497.212863 7.070888
25 28565.818014 6.847167
28 27835.563147 9.228521
16 29088.314358 5.143312
16 28126.616779 8.279398
16 27823.027400 9.269399
16 28596.815772 6.746084
16 28515.514799 7.011205
16 28415.210856 7.338295
16 28167.972136 8.144538
16 28016.209514 8.639435
16 28753.955852 6.233652
35 28108.714715 8.337776
16 28766.521414 6.192675
16 28048.060973 8.535567
16 27694.680014 9.687939
27 28670.378452 6.506197
16 28885.240663 5.805533
16 29303.579517 4.441335
16 29096.574719 5.116375
39 29145.428676 4.957063
16 28535.527552 6.945944
16 29006.906909 5.408781
16 28755.746761 6.227811
16 28738.099781 6.285358
16 29525.592141 3.717354
16 29121.833974 5.034005
16 28355.776106 7.532112
16 27852.003956 9.174907
59 27845.061515 9.197546
16 29576.013613 3.552930
16 28712.275642 6.369570
16 29733.197953 3.040353
40 28484.500070 7.112344
16 29315.637849 4.402012
16 28582.019037 6.794336
16 29230.944731 4.678196
16 29265.925526 4.564124
16 28291.664353 7.741179
16 28041.507416 8.556938
16 28465.040449 7.175802
16 27722.143565 9.598381
16 29140.141731 4.974303
16 28398.870743 7.391580
16 28005.782071 8.673438
16 29353.869483 4.277339
16 28482.577612 7.118613
16 28247.976339 7.883645
16 28269.924683 7.812072
23 28752.072304 6.239794
16 28586.309291 6.780345
16 28478.487535 7.131951
16 28951.686742 5.588853
16 28066.457429 8.475577
54 28453.921192 7.212061
45 29095.603992 5.119541
16 29474.699971 3.883313
16 28505.731876 7.043107
24 29722.517671 3.075182
16 28826.356892 5.997552
16 28368.055402 7.492069
16 28321.339093 7.644410
16 29242.121713 4.641748
18 28063.912441 8.483876
16 29211.103594 4.742898
32 28132.835826 8.259117
16 29092.914680 5.128310
16 28657.867722 6.546994
16 28438.115055 7.263605
16 27833.572112 9.235013
16 28716.051219 6.357258
16 28138.905265 8.239325
16 27735.255706 9.555622
28 29129.562470 5.008802
22 28890.048891 5.789854
16 28838.913638 5.956605
28 27712.851279 9.628683
16 28989.030560 5.467075
19 27778.721934 9.413879
16 28041.369806 8.557387
16 27835.008904 9.230328
30 28303.214400 7.703515
16 28878.053350 5.828971
16 28090.247844 8.397996
16 28278.900469 7.782802
16 28587.084686 6.777817
16 27656.482820 9.812500
16 28202.379138 8.032337
16 28210.773698 8.004963
16 28297.440790 7.722342
16 28862.655064 5.879185
29 28794.590297 6.101143
26 28431.480770 7.285239
16 29166.967482 4.886825
16 28601.564947 6.730597
16 28543.561189 6.919746
16 29476.726620 3.876704
16 28223.233004 7.964333
16 28743.728127 6.267004
40 27604.028015 9.983554
16 28818.919808 6.021805
16 28431.848732 7.284039
16 28089.851300 8.399290
16 27937.465454 8.896218
18 27749.625305 9.508763
22 28663.248861 6.529446
19 28248.962353 7.880430
16 28359.912259 7.518624
45 28255.275224 7.859844
16 28907.633332 5.732511
16 28350.599968 7.548991
22 27837.292673 9.222881
16 27943.054021 8.877994
16 28838.708076 5.957275
17 29430.748658 4.026637
16 28740.461461 6.277657
16 28624.663008 6.655274
16 28257.731545 7.851834
16 29629.276861 3.379239
42 28071.497776 8.459140
16 28324.006023 7.635713
18 27901.637382 9.013053
16 29449.529680 3.965393
24 28092.329582 8.391208
31 28830.588809 5.983752
16 29633.274953 3.366201
19 28400.399520 7.386595
16 28442.358325 7.249768
16 27877.515243 9.091715
16 28548.830644 6.902563
19 29710.399563 3.114699
16 27983.380102 8.746491
23 29159.355540 4.911647
43 29601.859649 3.468646
16 28882.054107 5.815924
16 28519.512139 6.998170
16 29086.203058 5.150197
16 27657.485904 9.809229
16 28322.828737 7.639553
16 28486.017212 7.107397
16 29031.285825 5.329281
16 28654.325731 6.558544
35 27741.920389 9.533889
40 29151.558462 4.937074
41 28129.507182 8.269972
16 29244.289343 4.634679
16 29140.953381 4.971657
16 28218.640472 7.979309
16 28592.476090 6.760235
16 29232.266081 4.673887
16 28923.854402 5.679614
20 28088.264032 8.404466
34 28450.729336 7.222470
16 28602.580118 6.727286
16 28403.115770 7.377737
32 29233.594057 4.669556
16 28747.710263 6.254018
40 28359.765462 7.519102
16 29470.607545 3.896658
16 28467.470686 7.167877
41 29236.638390 4.659629
16 28657.085029 6.549546
16 29708.047835 3.122368
16 28140.917774 8.232762
16 28482.051479 7.120329
28 29152.064265 4.935424
16 28799.837699 6.084031
19 27800.349014 9.343353
16 28608.954363 6.706500
16 27973.065936 8.780125
16 28861.390113 5.883310
18 28594.594089 6.753329
21 27733.757497 9.560508
16 29720.943314 3.080316
16 29228.521909 4.686097
16 28053.717641 8.517121
17 27663.551636 9.789448
16 29015.480717 5.380822
16 28149.740299 8.203992
16 27693.110463 9.693057
16 29025.768607 5.347273
16 28505.209796 7.044810
16 28057.895512 8.503497
16 28257.285967 7.853287
16 28659.685560 6.541066
16 28135.105323 8.251717
16 29070.934641 5.199987
16 29603.652896 3.462798
16 27929.716929 8.921486
16 29438.261199 4.002139
16 29714.436074 3.101536
29 27687.077064 9.712732
16 28782.875244 6.139346
16 28364.569866 7.503435
16 28919.002822 5.695435
16 29417.494403 4.069859
16 28387.618980 7.428272
16 29214.527912 4.731731
16 27815.466073 9.294057
16 29160.076621 4.909296
19 28530.758372 6.961496
16 27798.728860 9.348637
16 28880.955178 5.819508
16 29049.643632 5.269417
16 28883.501028 5.811206
16 27760.770230 9.472419
16 28623.384142 6.659445
16 27975.795787 8.771223
22 29492.974526 3.823719
76 28902.790609 5.748303
22 28689.322374 6.444421
16 28562.897181 6.856692
16 29116.809335 5.050390
16 28957.106926 5.571178
42 28395.407191 7.402875
16 28778.713823 6.152916
16 29347.654287 4.297607
16 28071.622939 8.458732
16 27602.943405 9.987091
16 29321.145765 4.384051
16 28945.651111 5.608535
16 29236.147315 4.661230
18 28052.562472 8.520888
16 29060.437692 5.234217
16 29245.878645 4.629496
16 29487.251260 3.842383
16 28829.252720 5.988109
16 29032.962848 5.323813
16 29531.017535 3.699662
16 28173.968014 8.124986
16 29382.075442 4.185360
16 28833.853947 5.973105
16 28924.783121 5.676586
34 28310.394395 7.680101
16 28944.527213 5.612200
18 27847.775872 9.188695
18 28198.127938 8.046201
16 29118.647503 5.044396
16 29117.107347 5.049418
28 28399.227343 7.390417
16 29033.288298 5.322751
20 28792.314783 6.108563
16 27670.157260 9.767907
20 27748.891148 9.511157
16 29562.504124 3.596984
16 29342.713277 4.313720
16 28345.857232 7.564457
16 28081.924824 8.425138
22 28174.173556 8.124316
16 28548.892660 6.902360
16 28671.339208 6.503064
16 28603.905336 6.722965
16 28329.985582 7.616214
16 28707.158856 6.386256
16 28187.797099 8.079889
16 28767.161442 6.190588
16 27978.816451 8.761373
16 28260.598452 7.842485
16 27905.186535 9.001479
16 28721.761845 6.338636
16 29543.522875 3.658882
16 28656.837954 6.550352
16 29465.923157 3.911934
16 29205.395944 4.761510
16 28729.915105 6.312048
16 28488.046412 7.100779
16 28884.932290 5.806539
16 29190.153131 4.811217
21 28148.572811 8.207799
16 28667.400051 6.515909
25 28879.040457 5.825752
16 28551.084143 6.895214
16 29796.639955 2.833470
16 28969.615231 5.530389
18 29292.466201 4.477575
16 29340.188433 4.321953
16 28675.073214 6.490887
16 28741.220311 6.275182
79 27839.433173 9.215900
32 28651.769080 6.566882
16 28428.045449 7.296442
16 28880.005631 5.822605
16 27666.430554 9.780060
16 27824.404008 9.264910
16 28800.475815 6.081950
16 28952.675785 5.585628
16 27824.847746 9.263463
25 28867.836078 5.862289
16 29045.603028 5.282593
16 28709.511952 6.378583
16 28596.050441 6.748579
16 28558.918039 6.869668
16 29701.016014 3.145298
16 27602.808195 9.987532
16 29074.363856 5.188804
16 27748.386271 9.512803
16 28019.534173 8.628593
36 27980.968814 8.754354
16 29052.990370 5.258503
16 28190.668761 8.070525
50 28087.611636 8.406593
16 28741.117885 6.275516
16 28536.004348 6.944389
33 28410.691570 7.353033
16 28139.171193 8.238458
16 28643.816748 6.592814
16 28982.221065 5.489281
16 28783.272008 6.138052
16 29328.117273 4.361317
16 27732.113618 9.565868
16 28554.939975 6.882640
16 27965.695123 8.804161
16 28247.249747 7.886015
16 28526.197123 6.976370
16 28556.693860 6.876921
16 29195.795911 4.792816
16 27678.834787 9.739610
16 29231.233209 4.677255
17 29164.895996 4.893580
25 27944.531244 8.873177
16 28667.777927 6.514677
16 27737.028360 9.549841
16 28426.340566 7.302002
16 28717.892828 6.351253
18 28217.414676 7.983307
16 28760.609617 6.211954
16 29152.769508 4.933124
31 28012.767409 8.650659
16 29281.416546 4.513608
16 29732.838002 3.041527
16 27968.545830 8.794865
16 29710.660787 3.113847
69 28397.736935 7.395278
16 28630.342422 6.636754
16 27612.936977 9.954502
16 27785.016312 9.393353
32 29396.555707 4.138140
16 27840.422662 9.212674
16 28292.990380 7.736855
16 28990.928754 5.460885
16 27911.269771 8.981642
16 27990.200074 8.724251
16 27691.262483 9.699083
16 28825.091273 6.001680
16 28765.196844 6.196995
16 27900.775005 9.015865
16 29592.249900 3.499983
16 29202.673152 4.770389
16 28952.987411 5.584612
16 27741.046223 9.536739
29 28088.422697 8.403948
20 29331.050192 4.351753
16 28737.589355 6.287023
21 28006.799747 8.670120
16 28648.527567 6.577452
16 28260.216761 7.843730
16 28750.023219 6.246476
21 27687.961419 9.709848
18 27982.804869 8.748367
16 29473.745965 3.886424
16 29562.073929 3.598387
16 27885.519325 9.065614
19 28081.303024 8.427165
19 28928.576543 5.664215
16 29346.042679 4.302863
16 28929.491288 5.661232
16 29696.218165 3.160944
16 28442.581051 7.249041
16 29518.509400 3.740450
16 29418.285108 4.067281
16 28224.977663 7.958644
29 28398.451262 7.392948
16 29005.447692 5.413539
16 29267.120875 4.560226
16 27890.229841 9.050253
16 28679.500872 6.476448
16 28822.263541 6.010901
16 29168.251039 4.882639
16 29370.559318 4.222914
16 28887.500271 5.798165
16 28848.628721 5.924924
25 28210.399671 8.006183
16 29248.204327 4.621912
16 28863.942882 5.874985
23 28638.222635 6.611056
16 28713.449430 6.365743
16 28017.053143 8.636684
16 29127.276606 5.016256
16 28613.577284 6.691425
19 27664.962239 9.784848
16 28930.097732 5.659255
16 29195.884507 4.792527
16 29036.487804 5.312318
16 28572.633160 6.824943
16 29369.524941 4.226287
16 27701.916623 9.664340
16 28650.461821 6.571144
16 27706.903076 9.648080
16 28633.132697 6.627655
16 28671.726495 6.501801
16 28506.870354 7.039395
16 28791.004667 6.112836
16 29129.853343 5.007854
16 28623.810465 6.658054
22 29027.153691 5.342756
16 29248.399158 4.621277
16 28162.951927 8.160909
16 27642.183534 9.859129
16 29109.966816 5.072704
16 28118.171279 8.306938
16 28867.328485 5.863945
16 28438.274265 7.263086
16 28503.566536 7.050168
16 28284.120018 7.765781
16 29829.192690 2.727315
16 28494.848979 7.078596
16 29989.290169 2.205239
16 28697.759432 6.416907
16 28510.820062 7.026515
16 29967.265555 2.277061
16 28966.482866 5.540603
16 27720.797588 9.602770
16 28805.576141 6.065318
16 29032.887849 5.324057
22 29599.847023 3.475209
16 28700.544435 6.407826
36 27846.285923 9.193554
16 28405.804330 7.368970
28 29085.533003 5.152382
16 29465.521277 3.913244
16 27838.426784 9.219182
16 28709.653674 6.378120
16 29368.219793 4.230543
16 28748.781815 6.250524
37 28393.204010 7.410060
17 27976.170910 8.770000
16 29606.755333 3.452681
25 28122.086803 8.294170
20 29145.067456 4.958241
16 28286.157471 7.759137
68 27724.978736 9.589135
16 28584.564275 6.786036
16 29678.478217 3.218794
16 27846.418516 9.193121
30 28903.917788 5.744627
16 28044.496982 8.547189
16 28758.284593 6.219536
16 28337.536900 7.591589
16 28057.144246 8.505947
16 28492.762722 7.085400
25 28588.818004 6.772164
19 28059.362354 8.498714
16 28364.264332 7.504431
16 29266.413285 4.562533
16 29351.184147 4.286096
16 29494.838128 3.817642
16 27771.095353 9.438749
16 29366.426425 4.236391
16 30011.310973 2.133430
16 28318.120790 7.654905
16 29460.376304 3.930022
16 28032.251369 8.587122
16 28854.345250 5.906283
16 29327.966955 4.361807
16 28377.910179 7.459933
16 28979.180196 5.499197
16 28695.140380 6.425448
19 27873.900779 9.103502
16 28532.432727 6.956036
16 28622.063151 6.663752
16 28627.727488 6.645281
19 27774.086351 9.428996
16 28807.095388 6.060364
16 27956.750968 8.833328
16 28788.448476 6.121171
26 28043.564896 8.550229
68 28303.489961 7.702616
16 29538.662561 3.674731
16 28510.766579 7.026689
17 29707.555628 3.123973
16 28560.294529 6.865179
23 28095.433881 8.381085
16 28116.551272 8.312221
40 28015.808629 8.640742
16 27624.850462 9.915652
22 28106.141701 8.346167
16 27981.763803 8.751762
16 28102.602114 8.357709
16 28172.784548 8.128845
16 27739.272862 9.542522
16 28699.651515 6.410737
16 27903.202507 9.007949
35 28708.457637 6.382021
16 28713.016976 6.367153
23 28318.705857 7.652997
16 28932.117719 5.652668
16 29238.743239 4.652765
16 28675.036650 6.491006
17 27985.440121 8.739773
16 29323.766413 4.375505
16 27819.662466 9.280372
16 27665.359725 9.783552
16 28863.359216 5.876888
16 28144.074080 8.222470
16 28398.333565 7.393332
16 27900.360644 9.017217
16 29184.023198 4.831206
16 29275.889317 4.531632
16 28977.739553 5.503895
16 29893.603866 2.517271
16 29475.952556 3.879228
16 28625.767833 6.651671
16 28172.647151 8.129293
16 28538.210890 6.937194
27 29731.995140 3.044276
16 28549.062164 6.901808
16 28167.341370 8.146595
34 29153.210507 4.931686
16 28836.263562 5.965247
16 28079.554792 8.432866
16 29101.361636 5.100765
16 27699.620923 9.671827
18 28074.297649 8.450010
16 29781.638950 2.882388
16 28758.788238 6.217893
16 28662.908249 6.530557
27 27605.492834 9.978777
26 28818.776577 6.022272
16 29377.796604 4.199313
16 29322.753703 4.378808
22 29726.539262 3.062067
16 28576.754870 6.811502
16 27761.898023 9.468742
16 28116.458784 8.312523
16 27689.173101 9.705897
31 28175.191631 8.120996
22 28994.470011 5.449337
16 29343.850727 4.310011
16 28531.627381 6.958662
22 28210.151579 8.006992
16 28894.577511 5.775086
38 27666.772426 9.778945
16 28504.427372 7.047361
16 29162.743375 4.900600
16 28868.991858 5.858520
16 28070.066964 8.463806
16 28287.209078 7.755708
16 29295.089406 4.469021
87 29375.303464 4.207443
16 27960.307625 8.821730
17 28182.242413 8.098003
16 28514.044166 7.016001
16 27769.696623 9.443311
17 29712.743545 3.107055
65 27669.545677 9.769902
16 28682.726709 6.465929
16 28277.597334 7.787052
16 28005.105871 8.675643
16 29140.623734 4.972732
33 28181.751779 8.099603
17 27717.525250 9.613441
17 29785.464191 2.869914
53 28358.725136 7.522495
16 29182.594104 4.835867
16 28276.121141 7.791866
16 28323.481443 7.637424
16 28521.257741 6.992478
16 28277.450966 7.787529
16 28615.100848 6.686456
16 29543.565696 3.658742
16 28251.849407 7.871015
16 28722.258487 6.337016
16 28847.623732 5.928202
16 27892.946558 9.041394
32 27791.308945 9.372833
16 28953.699081 5.582291
16 28842.115284 5.946165
16 29057.498031 5.243804
16 29017.983128 5.372661
16 27835.505277 9.228709
16 28263.137773 7.834204
16 29355.178692 4.273070
16 28100.326725 8.365129
16 29063.598154 5.223911
16 28309.780125 7.682104
16 27895.481845 9.033126
16 27867.074750 9.125761
16 29001.197066 5.427401
24 29059.825862 5.236213
16 28679.064699 6.477871
37 28742.070798 6.272409
17 29126.048549 5.020261
45 28307.566327 7.689323
16 29901.737611 2.490747
27 28681.090431 6.471265
16 28517.169879 7.005808
16 27620.289521 9.930526
16 28585.011647 6.784577
16 29056.866689 5.245862
16 28466.235047 7.171906
16 29454.647127 3.948705
16 28675.386137 6.489867
16 28767.401940 6.189804
16 28195.443852 8.054953
16 28906.328191 5.736767
16 28036.006532 8.574877
42 29368.403262 4.229945
16 27750.169333 9.506989
16 27935.893374 8.901345
29 28232.906379 7.932788
16 29050.482211 5.266682
16 28935.946132 5.640183
16 28149.159665 8.205886
16 28294.078326 7.733307
42 28789.675921 6.117169
55 27931.053631 8.917127
16 27731.076810 9.569249
16 28924.204706 5.678472
16 27840.798397 9.211448
16 29706.213554 3.128349
16 28687.414977 6.450641
30 29855.319911 2.642115
16 28508.507976 7.034054
16 29651.952368 3.305294
16 29122.442994 5.032019
18 28188.352163 8.078079
16 28348.539752 7.555709
16 29206.783651 4.756985
16 27626.965357 9.908756
16 28436.139797 7.270046
16 29011.734482 5.393038
16 29974.653335 2.252970
55 27671.184031 9.764559
52 29322.771292 4.378750
16 28736.698669 6.289927
16 28032.594372 8.586004
16 27604.106441 9.983298
16 28061.566275 8.491527
16 28711.587867 6.371813
16 29238.498008 4.653565
16 29471.460673 3.893876
16 29100.707794 5.102897
16 27759.795318 9.475599
16 27970.950137 8.787025
16 28470.327198 7.158562
16 28011.395031 8.655135
16 28759.726798 6.214833
16 28826.555439 5.996905
16 28358.288857 7.523917
21 29204.217690 4.765352
70 28503.569160 7.050160
32 29799.017908 2.825715
16 28145.556781 8.217635
16 29907.972037 2.470417
16 28505.455168 7.044010
19 29412.078338 4.087521
18 27934.742564 8.905097
38 28099.607394 8.367475
16 27987.223324 8.733958
16 28934.577133 5.644647
16 29146.806915 4.952568
16 29098.569751 5.109869
16 29068.542249 5.207789
16 28724.852935 6.328556
16 27604.835904 9.980920
16 29122.337362 5.032363
16 27839.163286 9.216780
16 28875.778097 5.836390
16 28724.212180 6.330645
31 27956.028685 8.835684
16 28211.495103 8.002610
21 29687.999050 3.187746
16 28930.793154 5.656987
16 28324.520796 7.634035
16 28948.794958 5.598283
16 28089.205096 8.401397
16 28752.300587 6.239049
17 27730.981024 9.569562
16 28362.457012 7.510325
16 28522.730513 6.987675
16 28923.017805 5.682342
16 28409.411011 7.357209
16 28919.440265 5.694009
16 28922.063633 5.685454
16 28450.254184 7.224019
16 28582.737252 6.791994
16 28467.763664 7.166921
21 28163.976307 8.157569
16 29808.752081 2.793972
16 29450.674598 3.961659
16 28869.819358 5.855822
22 28572.027589 6.826918
16 27889.554356 9.052456
16 28930.109930 5.659215
16 28141.278629 8.231586
16 28720.091573 6.344083
27 28352.316774 7.543392
16 28434.701884 7.274735
16 28991.689621 5.458404
83 28934.749125 5.644087
16 28792.805598 6.106963
42 29549.805481 3.638394
16 29018.623883 5.370572
16 28738.851025 6.282908
16 29893.921491 2.516236
16 28170.288819 8.136984
16 28992.032090 5.457287
16 29137.790395 4.981971
16 28767.023089 6.191039
16 27671.210893 9.764471
16 28880.298291 5.821650
16 27984.648116 8.742356
16 29240.566062 4.646821
16 29494.326158 3.819312
16 28662.572078 6.531653
16 29284.480753 4.503615
16 28565.800450 6.847224
16 28853.848345 5.907903
16 28344.051572 7.570345
47 28246.098907 7.889768
16 29861.364690 2.622403
16 28571.811465 6.827622
16 28330.585099 7.614259
16 28034.867007 8.578593
16 28773.720799 6.169198
16 28684.231504 6.461022
16 28339.407550 7.585489
16 28546.004182 6.911780
16 29330.732438 4.352789
16 28280.812376 7.776567
16 27890.232825 9.050243
16 28482.669208 7.118314
20 29005.381912 5.413754
16 29312.737963 4.411469
27 28242.384747 7.901880
16 27874.020004 9.103113
16 28973.470612 5.517816
17 28114.768520 8.318035
16 28538.258173 6.937039
16 28288.090392 7.752834
16 27878.264392 9.089272
16 28563.296774 6.855389
20 28557.789147 6.873349
16 29686.566173 3.192419
16 28358.560425 7.523032
16 29078.234605 5.176182
16 28364.403968 7.503976
16 28864.561440 5.872968
21 28299.270523 7.716376
16 28697.025932 6.419299
16 29089.005669 5.141058
16 28563.604197 6.854386
16 29900.132081 2.495983
17 28197.147003 8.049399
37 28545.302686 6.914067
23 28755.274106 6.229353
16 29802.496795 2.814371
16 28897.568050 5.765334
16 29580.380893 3.538688
19 27928.679346 8.924870
16 29296.339973 4.464943
16 28133.545112 8.256804
16 29471.514458 3.893700
16 28405.457344 7.370102
16 29178.502751 4.849209
16 29263.003057 4.573654
16 29631.827070 3.370923
16 28555.748458 6.880004
16 29333.933700 4.342350
16 29206.839092 4.756804
45 28163.786715 8.158187
16 28620.394788 6.669193
19 29096.369319 5.117045
16 28210.375100 8.006263
16 27831.040104 9.243270
16 29472.775390 3.889589
16 28756.704646 6.224688
26 28567.396090 6.842021
34 29519.575409 3.736974
16 27791.833451 9.371123
18 27779.106854 9.412624
23 27998.161012 8.698291
16 28502.012771 7.055235
16 27678.338873 9.741227
16 28182.998072 8.095539
16 28806.239913 6.063154
16 29531.067320 3.699499
16 28689.465592 6.443954
16 28009.047642 8.662789
39 28437.843829 7.264490
16 28338.886669 7.587188
16 29172.836401 4.867686
16 28592.985133 6.758575
16 28825.974656 5.998799
23 28766.312263 6.193357
16 28570.008816 6.833501
16 28597.048169 6.745326
50 28461.592503 7.187045
16 28539.524674 6.932909
16 29307.973945 4.427004
16 28342.853902 7.574251
16 27809.656193 9.313003
16 27669.233282 9.770920
16 28905.340420 5.739988
27 29091.568515 5.132700
26 28595.170648 6.751448
16 28021.125739 8.623403
16 28424.674516 7.307435
35 29388.784902 4.163481
16 28719.966639 6.344490
29 28201.133822 8.036398
20 27729.631593 9.573962
29 27644.491280 9.851604
16 29172.169601 4.869861
16 27766.698601 9.453087
16 27799.847753 9.344988
19 27785.691665 9.391151
16 27824.981660 9.263027
16 29117.076158 5.049520
16 28431.192787 7.286178
16 29079.614294 5.171683
16 28555.672525 6.880251
16 28919.288987 5.694502
16 28435.649040 7.271647
17 27604.507391 9.981991
33 29393.218830 4.149022
16 28704.390814 6.395283
17 28326.030988 7.629110
16 29215.553001 4.728388
16 28920.014067 5.692137
16 27975.444911 8.772368
16 29554.557360 3.622898
16 27836.408038 9.225765
16 28696.288303 6.421705
16 28517.525363 7.004649
16 28786.574956 6.127281
16 28670.494698 6.505817
16 28675.603867 6.489157
16 27974.661280 8.774923
31 29139.230377 4.977275
18 28463.562627 7.180621
16 29002.958884 5.421655
16 28013.301487 8.648918
16 28654.144001 6.559137
16 28350.477818 7.549389
16 29592.491506 3.499196
16 28977.074330 5.506065
16 27632.062534 9.892134
16 29024.284879 5.352111
32 28905.694830 5.738832
16 28919.629521 5.693391
29 28111.255289 8.329491
16 29296.783399 4.463497
16 28130.884473 8.265481
16 28550.584685 6.896843
16 29090.276310 5.136914
16 29080.747068 5.167989
16 28756.582382 6.225086
16 28855.279280 5.903237
24 28674.665647 6.492216
16 27869.599026 9.117530
16 27775.610808 9.424024
16 28606.087067 6.715850
16 27925.354619 8.935711
16 29625.916916 3.390196
16 28034.282106 8.580500
16 28600.662539 6.733539
16 27758.850252 9.478680
17 29520.951864 3.732486
16 28018.776348 8.631064
16 28836.026291 5.966021
16 28462.453471 7.184238
16 28986.121565 5.476562
25 28145.147181 8.218970
17 28611.746332 6.697395
16 29282.487910 4.510114
16 28336.352353 7.595452
16 28497.201814 7.070924
16 28034.006556 8.581399
16 27726.030731 9.585705
16 29019.617393 5.367332
20 29271.209654 4.546892
32 27865.827866 9.129828
28 28394.579636 7.405574
16 28068.419241 8.469179
45 27895.524662 9.032987
28 28533.373542 6.952968
16 28774.737088 6.165884
16 28001.309637 8.688023
16 28552.609873 6.890239
16 29338.291163 4.328140
16 27722.142035 9.598386
16 29065.818960 5.216669
16 27911.321047 8.981475
16 28953.927300 5.581547
16 28890.770479 5.787500
21 28325.764852 7.629978
16 28702.139677 6.402624
16 29580.051439 3.539762
16 28939.978920 5.627032
16 28500.067596 7.061578
16 29332.248232 4.347846
16 28563.902790 6.853413
18 27892.696723 9.042209
16 29715.654412 3.097563
16 28557.136149 6.875479
16 28267.593102 7.819675
16 28064.490974 8.481989
16 29056.392681 5.247408
34 28818.512768 6.023132
16 28910.237631 5.724018
16 28736.279493 6.291294
16 27926.090345 8.933312
16 27923.574503 8.941516
33 28608.401249 6.708304
70 28819.575019 6.019668
21 27968.555087 8.794835
16 28052.057057 8.522536
16 28679.421492 6.476707
16 27837.226085 9.223098
16 27731.834062 9.566780
16 28682.003216 6.468288
30 27985.253761 8.740381
16 28993.230380 5.453380
16 29230.500405 4.679645
16 27986.651723 8.735822
16 28850.563473 5.918615
16 28869.161521 5.857967
16 29174.639679 4.861806
24 28597.447358 6.744024
16 27610.674298 9.961881
21 29331.909748 4.348950
16 29673.291608 3.235707
16 28570.311747 6.832513
16 28876.333242 5.834580
25 28772.710365 6.172493
16 28779.991063 6.148751
16 29573.873342 3.559909
16 28948.649959 5.598756
16 28181.325487 8.100993
16 29648.742773 3.315761
16 28063.541677 8.485085
16 28797.510484 6.091620
16 28473.946005 7.146761
16 29621.319312 3.405188
18 27633.650382 9.886956
16 29547.205298 3.646873
16 29223.708820 4.701792
16 29274.464734 4.536278
16 27633.196019 9.888438
16 28330.052760 7.615995
16 27920.138511 8.952721
16 29302.231968 4.445729
16 29203.925002 4.766307
16 28695.909676 6.422939
16 28566.283640 6.845649
25 28888.107535 5.796184
16 28105.468921 8.348361
16 29290.077479 4.485365
16 27989.245255 8.727365
30 29101.541987 5.100177
16 29058.090966 5.241870
16 28511.178989 7.025344
16 28616.637582 6.681445
18 27922.968126 8.943494
16 28394.147465 7.406983
16 29484.944799 3.849904
16 28993.084810 5.453855
16 27853.898196 9.168730
16 27714.507884 9.623280
16 29328.947832 4.358609
16 27946.300088 8.867409
16 28585.494030 6.783004
16 27771.983140 9.435854
16 27990.268786 8.724027
31 27826.273860 9.258813
16 28970.265378 5.528268
16 28811.283196 6.046708
16 29456.866272 3.941468
23 27884.097254 9.070251
16 28061.364699 8.492184
16 28698.009733 6.416091
16 27713.066105 9.627982
16 28340.064734 7.583346
16 28162.167422 8.163467
49 28895.944045 5.770630
16 27713.337466 9.627097
16 28198.610852 8.044626
16 28388.163343 7.426497
16 28820.779496 6.015740
16 28379.763950 7.453887
16 28303.086160 7.703933
16 27714.453178 9.623459
16 29628.354127 3.382248
16 28604.934937 6.719607
16 28055.234474 8.512175
16 28122.805492 8.291826
16 28007.349708 8.668326
16 28772.368750 6.173607
16 28654.495682 6.557990
16 28735.488589 6.293873
16 28515.121515 7.012488
16 28636.233760 6.617542
16 29483.205194 3.855577
16 27815.274655 9.294681
16 28184.907469 8.089312
16 28927.943738 5.666279
32 28277.648099 7.786886
16 28764.137566 6.200449
30 28052.602900 8.520756
16 29449.773431 3.964598
56 27610.994704 9.960836
16 27805.940251 9.325120
23 28268.047965 7.818192
16 28431.190351 7.286186
16 27755.261554 9.490383
25 27742.118977 9.533241
16 28449.801712 7.225495
16 29017.303640 5.374877
33 28087.049894 8.408425
23 28731.349548 6.307370
24 27629.365740 9.900928
16 27923.571657 8.941526
16 27750.605329 9.505567
16 27915.250783 8.968660
16 28943.979249 5.613987
16 27910.634212 8.983715
16 27950.872431 8.852498
18 27659.813451 9.801638
16 28528.412820 6.969145
16 29665.988968 3.259521
38 27691.704668 9.697641
16 29434.415592 4.014679
50 28057.988328 8.503194
16 28301.301325 7.709753
16 29279.619948 4.519466
31 29073.037393 5.193130
20 28540.801334 6.928746
16 28603.291509 6.724966
26 28467.998416 7.166156
16 29191.450604 4.806986
16 29355.257755 4.272812
24 28766.952316 6.191270
16 29446.161362 3.976377
16 28344.728977 7.568136
16 27816.745479 9.289885
16 28186.171445 8.085191
16 29120.143043 5.039519
16 28276.473498 7.790716
16 29112.990469 5.062843
16 28417.265346 7.331596
16 28409.262922 7.357692
16 28229.080482 7.945265
18 28707.031862 6.386670
16 27965.708309 8.804118
16 27817.394461 9.287768
16 29086.007893 5.150833
16 28491.799019 7.088542
16 28563.889302 6.853457
16 28098.189164 8.372100
44 28540.860572 6.928553
20 27599.887131 9.997058
16 28637.505479 6.613395
16 28560.138060 6.865689
16 28498.406518 7.066995
16 29290.794676 4.483026
16 27703.877968 9.657944
22 29401.192145 4.123021
41 28700.389089 6.408332
16 28416.886654 7.332831
16 28288.582187 7.751230
16 28361.871454 7.512235
16 27610.277906 9.963173
37 28812.928688 6.041342
16 28789.044054 6.119229
16 28890.188087 5.789400
16 27670.853545 9.765637
16 28393.154569 7.410221
16 27689.075271 9.706216
21 28346.990709 7.560761
16 28878.704357 5.826848
24 28456.034408 7.205170
16 28921.903631 5.685976
16 28415.477032 7.337427
16 29991.583889 2.197759
16 28015.592368 8.641447
16 28487.770387 7.101680
38 28788.744137 6.120207
16 29137.421278 4.983175
18 28962.894281 5.552306
16 28166.622921 8.148938
16 28724.834999 6.328614
16 28557.916687 6.872933
16 28943.625080 5.615142
16 29172.388158 4.869148
16 28274.762549 7.796296
36 28427.981953 7.296649
16 28024.025937 8.613945
16 28460.420379 7.190868
16 29564.635472 3.590034
16 28685.856034 6.455724
16 28180.920104 8.102315
16 29395.896342 4.140290
16 28450.323444 7.223794
16 28237.114542 7.919066
26 29181.646947 4.838955
16 27947.720171 8.862778
16 29648.279920 3.317270
16 28442.202810 7.250275
16 29061.759756 5.229906
16 28546.315549 6.910764
16 28523.649065 6.984680
16 28862.694791 5.879055
16 27799.234023 9.346989
16 28890.878164 5.787149
16 28370.883516 7.482846
16 28399.138201 7.390708
16 28845.103142 5.936421
16 27807.733336 9.319273
16 28678.372346 6.480129
16 27762.264022 9.467548
16 27917.875329 8.960101
31 27780.016588 9.409657
19 27803.120120 9.334317
16 28717.028560 6.354071
16 28165.433781 8.152816
16 29575.105943 3.555890
16 29556.303679 3.617204
16 28023.131444 8.616862
16 28755.560479 6.228419
30 28852.388108 5.912665
16 29412.015025 4.087727
16 28468.021206 7.166081
16 29482.157136 3.858995
18 27673.238677 9.757859
16 28644.352549 6.591067
30 28262.548494 7.836126
41 28750.885942 6.243662
16 28547.348272 6.907397
16 28777.087192 6.158220
16 29868.687999 2.598522
16 28229.587174 7.943612
16 28369.590551 7.487063
22 27858.810935 9.152710
16 28340.625751 7.581517
16 29483.588525 3.854327
16 28578.995655 6.804195
16 28346.330988 7.562912
16 27986.442765 8.736504
23 28048.687747 8.533523
19 28447.398084 7.233333
16 27933.227398 8.910038
16 28581.178936 6.797075
16 28061.457105 8.491883
16 28142.405251 8.227912
16 28512.853939 7.019882
16 28474.987388 7.143365
16 28767.935259 6.188065
16 27861.408934 9.144238
16 27832.281922 9.239221
54 27743.303721 9.529378
16 28153.412167 8.192018
16 28348.970081 7.554306
16 29228.431253 4.686392
16 28504.910133 7.045787
16 28390.042568 7.420369
27 28584.312417 6.786857
16 29798.000798 2.829032
33 28614.640678 6.687957
23 28301.805030 7.708111
39 29178.062895 4.850643
16 29704.365816 3.134375
16 28937.243808 5.635951
16 27883.840543 9.071088
16 28700.469982 6.408068
16 29798.870188 2.826197
16 28861.188434 5.883967
16 27689.228665 9.705716
18 28034.626599 8.579377
16 28293.573191 7.734955
16 29461.648208 3.925874
16 29627.788723 3.384092
21 28077.300317 8.440218
16 28000.445506 8.690841
16 28828.096422 5.991880
16 29043.035577 5.290966
16 27644.291562 9.852255
16 28103.382385 8.355165
16 28364.809981 7.502652
16 27907.576038 8.993687
16 29582.032505 3.533302
16 27843.827684 9.201570
16 28280.425115 7.777830
16 28878.653827 5.827013
16 28172.213018 8.130709
16 28134.507943 8.253665
27 27835.179449 9.229772
30 29421.993634 4.055187
16 28772.344344 6.173687
16 27767.763606 9.449614
16 28469.438942 7.161458
16 28251.860712 7.870979
16 29718.513235 3.088240
29 28953.485058 5.582989
24 27609.443561 9.965894
16 28126.140123 8.280952
16 28223.195935 7.964454
16 28334.811286 7.600478
31 28236.110261 7.922341
16 29470.036369 3.898520
16 27679.119502 9.738682
16 28827.289293 5.994512
16 28114.179763 8.319955
16 28480.132947 7.126585
16 29174.542729 4.862122
30 29065.544680 5.217564
16 27727.298574 9.581570
26 27823.300499 9.268509
16 28960.935294 5.558694
16 27984.062767 8.744265
26 29004.795794 5.415665
40 28415.502731 7.337344
41 27948.555656 8.860053
16 29044.279869 5.286908
27 27858.281645 9.154436
16 27990.982628 8.721699
16 28284.023357 7.766096
16 28969.247320 5.531588
16 29351.354573 4.285541
16 29124.984989 5.023729
16 29047.918804 5.275041
16 28000.079518 8.692034
38 29288.854253 4.489353
16 28733.120568 6.301595
16 28508.726117 7.033343
16 29056.667042 5.246514
16 27795.343800 9.359675
19 28670.330369 6.506353
18 28527.140716 6.973293
28 28077.623268 8.439165
16 28816.986209 6.028110
16 28571.236585 6.829497
16 27726.164064 9.585270
21 29090.996517 5.134565
30 28920.829411 5.689479
16 28911.911136 5.718561
16 28278.137973 7.785289
16 29615.273020 3.424905
16 29359.556130 4.258795
16 27719.883326 9.605751
16 29196.804084 4.789528
16 29222.614381 4.705361
16 29344.950585 4.306424
16 27978.679216 8.761821
16 29953.788193 2.321011
20 28580.800414 6.798310
16 28402.741103 7.378959
16 28770.019634 6.181268
16 28478.213145 7.132846
16 28479.192640 7.129651
38 28013.480320 8.648334
16 28026.017616 8.607450
16 29386.363775 4.171376
16 28028.227969 8.600243
16 28045.692479 8.543291
16 28212.258705 8.000120
26 27787.156063 9.386376
16 28990.136458 5.463469
34 28125.295024 8.283708
21 29241.025843 4.645321
16 27600.317246 9.995655
16 28011.067480 8.656203
16 28800.949575 6.080405
16 29189.815359 4.812318
16 29466.687335 3.909442
16 28634.016730 6.624772
31 28321.002252 7.645509
16 27950.879789 8.852474
22 28730.606010 6.309795
16 28011.232054 8.655666
16 28876.310348 5.834655
26 28575.374526 6.816003
16 29099.139164 5.108012
16 27670.464004 9.766907
16 29202.374421 4.771363
17 27889.578888 9.052376
16 29586.609207 3.518378
16 29599.652404 3.475844
18 29739.806689 3.018802
16 27651.344743 9.829255
16 29604.589776 3.459743
16 28299.996175 7.714009
32 29443.245045 3.985887
16 28536.436648 6.942979
16 28773.383596 6.170298
16 28098.316531 8.371684
16 28395.475794 7.402651
16 29136.119971 4.987418
16 29125.033899 5.023570
16 27779.468416 9.411445
32 28126.556094 8.279596
16 28194.326106 8.058598
16 28972.502523 5.520973
16 28286.548283 7.757863
16 29288.833747 4.489420
16 27887.145213 9.060312
16 27769.592464 9.443650
16 29255.445642 4.598299
37 27676.787402 9.746287
16 29179.998417 4.844331
16 27947.139199 8.864672
16 29029.574132 5.334863
16 27713.232931 9.627438
17 28973.753264 5.516894
16 28759.966948 6.214049
16 29167.099958 4.886393
16 28597.696421 6.743212
16 28559.487677 6.867810
16 28293.989700 7.733596
16 28715.719239 6.358341
16 28644.472443 6.590676
16 29609.038439 3.445236
16 28610.880406 6.700219
16 29388.113847 4.165669
16 28595.119375 6.751616
16 29263.283690 4.572739
16 28746.121588 6.259199
16 30167.205354 1.625060
16 28312.114789 7.674491
16 27796.114213 9.357163
19 27798.307340 9.350011
25 28656.028210 6.552993
40 28534.013668 6.950881
16 29227.923413 4.688048
16 28428.859542 7.293787
16 29493.943077 3.820561
16 28306.645057 7.692327
16 27673.088193 9.758350
16 28558.845753 6.869904
16 28539.375162 6.933397
16 28710.029301 6.376896
22 29048.113375 5.274407
16 28385.668215 7.434634
17 28641.044030 6.601856
27 27845.325579 9.196685
18 28932.898212 5.650122
16 28147.732322 8.210540
16 28828.925324 5.989177
16 28771.308475 6.177065
19 28968.861092 5.532848
24 27902.656128 9.009731
17 27798.550681 9.349218
16 28450.569133 7.222992
16 29154.403702 4.927795
16 28006.528339 8.671005
16 27610.930427 9.961045
35 27792.486133 9.368994
16 28701.028829 6.406246
16 28618.879108 6.674135
16 29110.893803 5.069681
16 29928.312021 2.404088
21 29055.213793 5.251253
27 28368.305824 7.491252
16 27704.380891 9.656304
16 29226.897087 4.691395
16 29498.379896 3.806093
24 28293.413672 7.735475
16 29235.656727 4.662830
57 27739.021078 9.543343
34 28709.125820 6.379842
16 28490.716785 7.092071
16 28528.764231 6.967999
16 29705.523883 3.130598
16 28887.917467 5.796804
16 28386.079729 7.433292
16 28401.504190 7.382993
42 27949.547739 8.856818
16 29085.207819 5.153442
16 28447.748992 7.232189
16 28442.735700 7.248537
16 28359.629308 7.519546
16 27912.412651 8.977915
16 27995.054587 8.708421
16 28230.193944 7.941634
16 27665.026436 9.784639
33 28814.331497 6.036767
16 28578.747981 6.805003
16 27699.117569 9.673468
16 28448.639816 7.229284
16 27886.869719 9.061210
20 27630.340180 9.897750
16 28225.602460 7.956606
16 28503.159355 7.051496
16 27798.493427 9.349404
16 28024.642383 8.611935
25 28336.114748 7.596227
16 28280.491760 7.777613
16 28293.863032 7.734009
16 28403.580439 7.376222
16 29034.105765 5.320086
16 30141.764732 1.708021
16 27757.304563 9.483721
16 28003.980514 8.679313
16 28531.303942 6.959717
18 28991.206715 5.459979
16 28559.075809 6.869153
16 28758.046490 6.220312
16 29752.080693 2.978777
16 27830.959961 9.243531
16 28988.713255 5.468110
45 27772.698609 9.433521
16 27647.870608 9.840584
16 28189.137585 8.075518
16 28715.954274 6.357574
16 28858.489180 5.892769
16 28118.565891 8.305652
16 28923.424314 5.681017
16 28291.338559 7.742242
16 28231.600674 7.937046
22 28639.074806 6.608277
29 28737.207883 6.288266
16 28994.245260 5.450070
16 28035.391442 8.576883
16 29132.044636 5.000708
16 28390.917038 7.417517
16 28187.259664 8.081642
16 29015.105452 5.382045
26 29418.894227 4.065294
16 29008.847134 5.402454
16 28804.185965 6.069852
16 28555.146057 6.881968
16 27654.674585 9.818396
16 28510.619920 7.027167
16 28544.453819 6.916835
16 28777.944083 6.155426
16 29638.456341 3.349305
16 27834.070530 9.233388
16 28404.482435 7.373281
16 28018.112688 8.633228
16 29848.857741 2.663188
16 28402.256058 7.380541
16 28740.717039 6.276823
16 27981.619184 8.752233
16 29477.563854 3.873973
16 29441.642913 3.991111
16 29262.267115 4.576054
16 27882.917144 9.074100
16 28899.933905 5.757619
16 29342.027252 4.315957
16 28170.250914 8.137107
16 29060.943989 5.232566
25 29205.977815 4.759613
16 29629.444370 3.378693
29 28973.827514 5.516652
16 30026.260647 2.084679
16 27806.596896 9.322979
16 28102.668882 8.357492
16 29062.209399 5.228440
19 28553.415079 6.887613
16 28529.386093 6.965971
16 29314.770604 4.404841
16 28642.441168 6.597300
16 27724.840226 9.589587
77 29536.132704 3.682981
16 28028.649470 8.598868
24 28090.388033 8.397539
25 28602.825945 6.726485
21 28863.973747 5.874884
16 28765.355970 6.196476
16 28540.621321 6.929333
16 29295.441684 4.467872
16 28526.239927 6.976231
28 29270.786076 4.548274
16 29479.712091 3.866968
16 28952.736441 5.585430
16 28553.887184 6.886073
16 28882.244311 5.815304
16 28498.412188 7.066977
16 28494.594964 7.079425
20 28522.648744 6.987942
16 28753.073663 6.236528
16 27646.338618 9.845580
16 27661.303137 9.796781
16 28323.969658 7.635832
16 28745.608923 6.260871
16 29085.452877 5.152643
16 28479.909461 7.127314
16 28937.207558 5.636070
16 27817.587542 9.287139
16 29853.402319 2.648368
16 28759.749779 6.214758
16 28341.633150 7.578232
16 29722.459905 3.075370
27 29270.604826 4.548865
16 28890.303240 5.789024
16 29028.120831 5.339602
16 28699.675400 6.410660
16 29094.605773 5.122796
16 29063.604601 5.223890
16 28330.930764 7.613132
30 28656.405469 6.551762
16 29535.078170 3.686420
16 28849.917463 5.920722
21 28561.561376 6.861048
16 28343.463631 7.572262
16 28536.577880 6.942519
16 28496.586155 7.072931
16 28031.658252 8.589056
16 29413.449876 4.083048
16 29509.469648 3.769929
33 28517.629193 7.004310
16 28173.022732 8.128068
16 28682.833517 6.465581
16 29217.590643 4.721743
16 28464.565160 7.177352
16 29856.244856 2.639099
16 29555.724946 3.619091
16 28728.323042 6.317240
17 28300.122982 7.713596
16 28741.306604 6.274901
16 28508.363403 7.034526
16 27945.460172 8.870147
16 28155.231055 8.186087
16 28198.074277 8.046376
39 29622.389868 3.401697
16 27747.759156 9.514848
16 28734.184947 6.298124
16 28770.045717 6.181183
16 28811.697716 6.045356
16 27742.181868 9.533036
16 28787.251074 6.125076
16 27867.285657 9.125074
16 28734.828409 6.296026
16 29081.757755 5.164693
16 28579.530971 6.802449
16 28318.914721 7.652316
16 28362.484143 7.510237
16 27688.635234 9.707651
16 29737.483775 3.026377
16 28721.070685 6.340890
16 29456.663834 3.942128
16 29344.857807 4.306726
18 28046.086316 8.542007
16 28826.636076 5.996642
24 28032.947978 8.584851
16 29061.750598 5.229936
16 28815.922619 6.031579
16 29443.304334 3.985693
16 27960.722269 8.820378
16 29545.222477 3.653339
16 28027.214273 8.603548
16 28124.118120 8.287546
16 28496.766284 7.072344
16 28091.138132 8.395093
16 27848.650206 9.185844
16 29489.128698 3.836261
16 28277.446165 7.787545
16 28875.877478 5.836066
16 27999.625090 8.693516
16 27918.977686 8.956507
16 28038.969582 8.565214
16 28778.064339 6.155034
19 29469.567286 3.900050
16 29519.827132 3.736153
51 28698.337509 6.415022
