16 27649.929880 9.833869
16 29242.219592 4.641429
16 28909.958719 5.724928
16 29845.629624 2.673715
16 29186.280079 4.823847
16 28632.525148 6.629636
16 28698.093319 6.415819
16 29466.462079 3.910176
16 28251.187301 7.873174
16 29465.523207 3.913238
16 28844.202168 5.939359
16 29223.602900 4.702137
16 30242.501139 1.379521
16 29101.586868 5.100030
16 29431.429083 4.024418
16 29116.459169 5.051532
16 28234.656668 7.927081
16 29873.872138 2.581616
16 29054.182553 5.254615
16 28936.831801 5.637295
16 29800.729868 2.820132
16 28520.702416 6.994289
16 29995.584842 2.184712
16 29861.117754 2.623208
16 29754.527274 2.970799
16 29600.813361 3.472058
16 29173.519424 4.865459
16 27704.201093 9.656891
16 29073.072811 5.193014
16 29457.019803 3.940967
16 29283.040894 4.508311
16 29365.903375 4.238097
16 27802.661136 9.335814
16 28489.532456 7.095933
16 28685.950793 6.455415
16 28948.408824 5.599542
16 28760.830059 6.211235
16 29304.912829 4.436987
16 27956.260609 8.834927
16 29352.967295 4.280281
16 28188.133560 8.078792
16 30145.428383 1.696074
16 29477.687874 3.873569
16 29535.892332 3.683765
16 29661.764141 3.273298
16 28161.897310 8.164348
17 29674.734160 3.231003
16 28196.324810 8.052081
16 29070.659714 5.200884
16 29745.861027 2.999059
17 29462.690993 3.922474
16 29301.538184 4.447991
16 29728.940099 3.054238
16 28516.265835 7.008756
16 27992.626372 8.716339
16 28967.282344 5.537996
17 29450.194947 3.963223
16 28842.343346 5.945421
16 29747.505212 2.993697
16 28179.052935 8.108404
16 29415.094283 4.077686
16 28185.514665 8.087332
16 28530.955006 6.960855
16 28634.018024 6.624768
16 29692.079072 3.174442
16 29685.110926 3.197165
16 29163.356003 4.898602
16 29011.752670 5.392979
16 28822.539551 6.010001
16 29374.137508 4.211246
16 29095.306379 5.120511
16 29201.126901 4.775431
16 29573.056887 3.562572
16 29089.864060 5.138258
16 29321.193186 4.383897
16 29617.575852 3.417396
16 28637.636700 6.612967
16 28831.500754 5.980778
16 29200.389638 4.777836
16 29019.184886 5.368742
16 29125.186181 5.023073
16 28761.295706 6.209716
16 27997.639708 8.699991
16 29659.120133 3.281920
16 28390.522869 7.418803
16 28513.484606 7.017826
16 28706.011228 6.389998
16 29413.104145 4.084176
16 28390.862040 7.417697
16 29458.606474 3.935793
16 28663.574944 6.528383
16 29026.029292 5.346423
16 28414.733906 7.339851
16 29467.716339 3.906086
16 28375.375451 7.468198
16 29819.059804 2.760359
16 28542.446301 6.923382
16 28951.564432 5.589252
16 29637.512074 3.352384
16 29289.107331 4.488528
17 29723.298074 3.072637
16 29387.932171 4.166261
16 28653.009740 6.562836
16 29392.643885 4.150897
16 29717.751328 3.090725
17 29772.145019 2.913347
16 29381.762141 4.186382
16 28903.553796 5.745814
16 28603.253725 6.725090
16 28566.243557 6.845779
16 28660.668679 6.537860
16 28197.214329 8.049180
16 29392.969508 4.149835
16 27814.713261 9.296512
16 28723.238285 6.333821
16 28915.196728 5.707847
16 28244.542055 7.894845
16 28765.837356 6.194906
16 29172.827839 4.867714
16 28957.104795 5.571185
16 29424.510572 4.046980
16 27880.693103 9.081352
16 29254.387731 4.601748
16 28315.128674 7.664662
16 28678.380815 6.480101
16 29985.941768 2.216158
16 29805.349663 2.805067
16 28608.345827 6.708484
16 29471.933539 3.892334
16 28825.112711 6.001610
16 29808.266114 2.795557
16 28535.474096 6.946118
16 29622.162678 3.402438
16 29804.151124 2.808976
16 29360.059947 4.257152
16 29196.825304 4.789459
16 29374.396735 4.210400
16 28938.358136 5.632318
16 29325.171090 4.370925
16 28740.126567 6.278749
16 29798.603023 2.827068
16 29886.900579 2.539131
16 29122.757722 5.030992
16 29695.019851 3.164852
16 29682.485812 3.205725
16 29558.350521 3.610529
17 29705.814397 3.129651
16 28981.046320 5.493112
16 30221.467315 1.448112
16 29169.287354 4.879260
16 28148.827087 8.206970
16 29684.493334 3.199179
16 28383.644650 7.441232
16 29430.756029 4.026613
16 29735.122565 3.034077
16 28426.406076 7.301788
18 29986.343068 2.214850
16 29342.333495 4.314958
16 29209.059404 4.749564
16 29522.723116 3.726710
16 28596.479797 6.747179
17 29456.443456 3.942847
16 29331.218336 4.351205
16 27986.744722 8.735519
16 29528.046128 3.709351
17 30116.539216 1.790281
16 29224.579334 4.698953
16 28606.364776 6.714944
16 28988.267772 5.469563
16 28408.196695 7.361169
16 28910.901874 5.721852
16 29390.764001 4.157027
16 28812.279862 6.043458
16 29411.617466 4.089024
16 28497.207410 7.070906
16 28218.668037 7.979219
16 28758.355267 6.219305
16 29640.770640 3.341758
16 29926.869106 2.408794
16 29587.194661 3.516469
16 29435.497990 4.011150
16 29545.761225 3.651583
16 29663.525481 3.267555
16 29324.366383 4.373549
16 28949.364465 5.596426
16 28265.080582 7.827869
16 30054.876954 1.991361
16 28364.271909 7.504407
16 29044.156231 5.287311
16 29717.757124 3.090706
16 28787.748525 6.123454
17 29634.212414 3.363144
16 29150.712133 4.939833
17 29688.225508 3.187008
16 30124.577402 1.764069
16 29801.887301 2.816358
16 29991.213494 2.198967
16 29782.558621 2.879389
17 29808.334067 2.795335
17 29438.317349 4.001956
