8 5.163002 6.263808
12 5.041960 8.461374
11 5.038750 8.519642
15 4.973086 9.711793
15 5.162185 6.278643
14 5.162230 6.277827
15 5.382389 2.280748
15 5.074363 7.873077
13 5.349626 2.875587
10 5.185563 5.854208
17 5.124319 6.966105
17 5.210773 5.396507
17 5.465509 0.771672
19 5.299987 3.776800
19 5.325599 3.311792
18 4.987233 9.454954
19 5.098660 7.431967
17 5.300971 3.758921
11 5.201877 5.558013
19 4.977858 9.625163
18 4.970330 9.761840
19 5.002920 9.170154
13 4.963403 9.887598
12 5.101075 7.388106
19 5.455458 0.954152
18 5.331013 3.213504
19 5.243070 4.810141
8 5.122369 7.001506
22 5.340731 3.037063
21 5.446700 1.113166
22 5.377477 2.369933
22 5.445373 1.137266
15 5.428857 1.437118
20 5.250452 4.676116
17 5.031308 8.654760
24 5.498606 0.170786
12 5.059294 8.146669
23 5.417614 1.641240
13 5.247757 4.725043
22 5.217854 5.267939
20 5.383545 2.259774
26 5.427877 1.454898
10 5.385167 2.230311
22 5.315833 3.489108
26 5.387511 2.187756
26 5.401891 1.926685
28 4.999755 9.227614
24 5.214935 5.320937
17 5.376965 2.379227
19 5.010441 9.033605
17 5.094256 7.511912
9 5.111994 7.189882
15 4.958880 9.969714
14 5.163745 6.250317
17 5.193613 5.708059
14 5.202418 5.548190
17 5.110896 7.209810
9 5.295826 3.852346
17 5.441015 1.216374
18 5.335922 3.124380
16 5.375964 2.397405
19 5.465094 0.779224
15 4.990534 9.395018
13 5.001518 9.195614
19 5.401449 1.934709
23 5.457947 0.908978
17 5.128953 6.881977
17 5.390550 2.132595
21 5.122132 7.005824
22 5.400085 1.959477
8 5.199231 5.606047
14 5.472124 0.651576
22 5.237967 4.902795
12 5.179203 5.969677
34 5.429835 1.419356
21 5.287561 4.002393
24 5.403279 1.901482
19 5.392486 2.097434
27 5.283356 4.078743
24 5.447134 1.105286
17 5.041972 8.461146
17 5.046202 8.384350
22 5.102434 7.363434
18 5.008421 9.070285
14 5.420552 1.587892
25 5.399927 1.962350
18 5.468854 0.710955
13 5.008640 9.066304
18 5.278580 4.165441
8 4.994243 9.327695
12 5.094091 7.514906
18 5.154231 6.423046
17 5.266497 4.384823
11 5.181650 5.925239
12 5.326740 3.291090
16 5.191222 5.751458
11 5.146920 6.555777
29 5.299149 3.792014
26 5.444978 1.144421
22 5.106832 7.283594
23 5.486483 0.390887
15 5.368944 2.524856
14 5.002519 9.177434
17 5.279754 4.144137
13 4.987746 9.445651
14 4.960018 9.949050
19 4.962311 9.907420
37 5.417602 1.641456
29 4.959388 9.960500
14 5.122047 7.007361
20 5.364958 2.597226
12 5.319256 3.426949
24 5.376540 2.386943
15 4.996928 9.278940
16 5.408015 1.815507
15 5.230575 5.036989
22 5.416203 1.666842
13 5.279304 4.152297
21 5.426116 1.486879
14 4.985841 9.480237
29 4.978504 9.613431
16 5.393471 2.079561
22 5.487099 0.379700
19 5.074687 7.867202
10 5.225211 5.134387
21 4.971254 9.745055
21 5.235625 4.945304
12 4.959091 9.965878
14 5.434516 1.334368
19 5.241736 4.834357
15 5.317350 3.461567
8 5.344491 2.968810
22 5.421187 1.576358
15 5.153118 6.443250
15 5.349732 2.873658
8 4.970769 9.753868
12 5.017758 8.900758
19 5.334480 3.150554
17 4.995781 9.299765
8 5.294383 3.878531
17 5.224487 5.147530
15 5.340869 3.034570
26 5.446117 1.123755
17 5.380419 2.316523
18 5.246243 4.752540
20 5.000055 9.222172
23 5.470690 0.677609
21 5.473915 0.619059
14 5.242313 4.823891
21 4.976076 9.657514
29 4.978123 9.620350
16 5.368262 2.537232
19 5.431635 1.386681
21 5.023909 8.789097
25 5.161069 6.298893
10 4.961939 9.914177
19 5.345252 2.954992
15 5.381395 2.298809
21 5.191806 5.740852
16 5.445823 1.129081
18 5.352591 2.821747
21 5.433428 1.354115
18 5.346062 2.940280
15 4.961136 9.928749
15 5.235414 4.949145
16 5.340465 3.041893
21 4.968404 9.796799
19 5.338066 3.085454
17 4.978515 9.613231
17 5.085861 7.664331
16 5.369005 2.523745
15 5.189227 5.787685
19 5.385950 2.216095
17 4.984456 9.505367
21 5.343300 2.990426
23 5.401465 1.934424
21 5.267933 4.358741
19 5.301652 3.746564
32 4.997709 9.264768
18 5.218480 5.256583
22 4.984779 9.499511
20 5.449276 1.066402
24 5.430173 1.413220
22 5.404717 1.875373
25 5.454542 0.970797
30 4.988560 9.430868
35 4.980737 9.572895
32 5.166907 6.192908
36 5.460654 0.859827
34 5.439376 1.246141
54 5.005044 9.131584
42 5.268961 4.340083
35 4.963357 9.888433
45 4.964193 9.873257
52 4.959512 9.958249
58 5.432499 1.370993
61 4.984536 9.503925
54 4.962025 9.912623
120 5.062845 8.082186
105 4.997546 9.267723
