7 5.290850 3.942670
7 5.217189 5.280029
7 5.392315 2.100536
7 5.034634 8.594371
8 5.074516 7.870299
9 5.102173 7.368177
8 5.002496 9.177856
11 5.054562 8.232578
11 5.300797 3.762081
11 5.360912 2.670672
11 5.290925 3.941319
10 5.224396 5.149177
12 5.230956 5.030084
12 5.280365 4.133041
12 5.294458 3.877173
13 5.242131 4.827189
12 5.300336 3.770459
13 5.391218 2.120455
13 5.004719 9.137483
13 5.305183 3.682454
13 5.359454 2.697151
13 5.427061 1.469720
8 5.048754 8.338014
13 5.437954 1.271959
13 5.447192 1.104232
13 5.358655 2.711649
7 5.020095 8.858327
15 5.229633 5.054104
15 5.174989 6.046175
15 5.185811 5.849697
15 5.476964 0.563716
15 5.423123 1.541215
15 5.125359 6.947235
15 5.302123 3.738007
8 5.117702 7.086236
16 5.304701 3.691203
16 5.335191 3.137654
16 5.441311 1.210996
16 5.402291 1.919428
9 5.061949 8.098462
15 5.386661 2.203192
16 4.969217 9.782036
15 5.289755 3.962564
17 5.329110 3.248046
17 5.383908 2.253175
17 5.342753 3.000356
11 5.178675 5.979256
13 5.303717 3.709066
11 5.285664 4.036832
19 5.410018 1.779133
17 5.442056 1.197478
19 5.419348 1.609751
19 5.418470 1.625694
13 5.026988 8.733189
16 5.382905 2.271383
13 5.434962 1.326281
20 5.455604 0.951508
9 5.433713 1.348950
13 5.297112 3.828993
21 5.421446 1.571658
21 5.138995 6.699663
21 5.428709 1.439795
17 5.360567 2.676934
13 5.320619 3.402207
15 5.354899 2.779853
17 5.379154 2.339496
23 5.176314 6.022127
17 5.378160 2.357533
15 5.196577 5.654231
7 4.972383 9.724565
15 5.465794 0.766512
15 5.229523 5.056095
15 5.307266 3.644642
13 4.981279 9.563053
21 5.050296 8.310034
17 5.252192 4.644533
12 5.107814 7.265765
12 5.420344 1.591664
7 4.967680 9.809944
15 5.322540 3.367334
11 5.313052 3.539591
12 5.321668 3.383168
19 5.215057 5.318722
12 4.992301 9.362946
13 5.374788 2.418748
19 5.413023 1.724579
17 5.438235 1.266852
17 5.340785 3.036088
8 5.391033 2.123823
20 5.352523 2.822986
16 5.309861 3.597524
13 5.170560 6.126582
17 5.421090 1.578132
21 5.361274 2.664109
19 5.493470 0.264039
16 5.303510 3.712827
16 5.328028 3.267704
16 5.368456 2.533713
13 5.488270 0.358440
16 5.041945 8.461643
12 5.444709 1.149319
17 5.458321 0.902181
15 5.245901 4.758744
15 5.279617 4.146615
17 5.455473 0.953885
15 5.327911 3.269820
13 5.110844 7.210761
16 5.090842 7.573906
15 5.017551 8.904526
16 5.146883 6.556461
15 5.179369 5.966656
14 5.313294 3.535196
13 5.373160 2.448307
13 5.021707 8.829063
16 5.366893 2.562088
15 5.434278 1.338695
16 5.434952 1.326452
20 5.458475 0.899391
16 5.381545 2.296072
16 5.439776 1.238868
17 5.380629 2.312715
16 5.369849 2.508429
17 5.053603 8.249984
17 5.367085 2.558601
19 5.083614 7.705128
17 5.408692 1.803210
13 5.314659 3.510425
13 5.270003 4.321163
12 5.332188 3.192180
8 5.415055 1.687699
16 5.165997 6.209424
13 5.356592 2.749109
17 5.275262 4.225686
16 5.359353 2.698979
22 5.406179 1.848835
16 5.450778 1.039131
17 5.185587 5.853770
7 5.099167 7.422756
12 5.126865 6.919893
16 5.468892 0.710263
17 5.469301 0.702844
12 5.061918 8.099025
17 5.429956 1.417163
7 5.042029 8.460122
16 5.397073 2.014160
15 5.316440 3.478087
13 5.364556 2.604517
21 5.411279 1.756248
23 5.334791 3.144916
13 5.061674 8.103451
12 5.400544 1.951148
15 5.302262 3.735496
15 5.469176 0.705110
21 5.305755 3.672066
21 5.426800 1.474464
15 5.485160 0.414913
19 5.391927 2.107590
17 5.441843 1.201347
8 5.053076 8.259553
12 5.189784 5.777577
16 5.251246 4.661712
19 5.150614 6.488712
13 5.110962 7.208613
20 5.448873 1.073716
19 4.978564 9.612348
17 5.505158 0.051845
11 5.138311 6.712085
16 5.459564 0.879613
16 5.267924 4.358906
12 4.999706 9.228505
13 5.414342 1.700641
12 5.283062 4.084071
17 5.357845 2.726355
12 5.250818 4.669477
16 5.470125 0.687872
19 5.398550 1.987346
17 5.460604 0.860724
19 5.492118 0.288591
17 5.241286 4.842533
15 5.449017 1.071094
15 5.398272 1.992391
24 5.452730 1.003687
17 5.210564 5.400301
17 4.980040 9.585539
21 5.358360 2.717012
16 5.282361 4.096793
17 5.389284 2.155565
20 5.311114 3.574771
21 5.451287 1.029894
27 5.472102 0.651977
70 5.456680 0.931980
82 5.124841 6.956637
97 5.068680 7.976253
106 5.129049 6.880233
113 5.205146 5.498661
183 5.384560 2.241341
failed to find solution in 1200 iterations and 314 function evals
failed to find solution in 1200 iterations and 325 function evals
failed to find solution in 1200 iterations and 316 function evals
failed to find solution in 1200 iterations and 318 function evals
