7 5.128991 6.881282
7 5.099581 7.415242
8 4.958476 9.977050
9 4.979700 9.591730
11 5.246167 4.753920
11 5.112477 7.181100
12 4.999547 9.231383
12 5.014094 8.967286
15 4.971638 9.738090
15 5.123116 6.987945
16 5.209704 5.415922
16 4.962707 9.900235
16 5.387982 2.179206
16 5.404610 1.877322
12 5.265174 4.408839
17 5.004326 9.144634
17 5.352804 2.817875
18 5.145082 6.589151
19 4.973808 9.698697
19 5.067424 7.999056
19 4.976933 9.641954
19 4.979584 9.593823
20 4.979195 9.600896
21 5.039153 8.512332
9 4.994908 9.315620
12 5.025834 8.754136
15 4.990365 9.398092
20 5.012577 8.994822
7 4.963038 9.894219
13 4.983415 9.524269
24 4.971169 9.746610
24 4.989870 9.407075
25 5.393078 2.086690
15 5.386292 2.209897
27 5.009797 9.045306
9 5.346049 2.940515
20 4.984951 9.496393
9 4.985357 9.489021
16 5.289299 3.970842
17 4.972659 9.719548
13 5.239473 4.875447
24 4.962715 9.900090
22 5.127857 6.901878
36 4.992966 9.350865
22 5.045023 8.405755
9 5.130033 6.862370
20 5.028548 8.704873
29 4.999762 9.227490
11 4.960636 9.937839
16 5.488520 0.353915
12 4.985075 9.494144
37 4.990000 9.404723
26 5.414261 1.702109
31 5.326341 3.298323
37 5.017965 8.897013
29 4.957824 9.988892
34 4.977933 9.623801
12 4.977823 9.625803
36 4.979228 9.600298
16 4.966734 9.827127
34 4.985836 9.480322
12 5.019993 8.860191
36 5.441324 1.210772
19 4.959984 9.949678
23 4.990327 9.398792
11 5.038542 8.523429
10 5.245330 4.769110
33 4.993433 9.342391
17 5.020828 8.845036
20 4.957628 9.992455
12 4.967548 9.812346
13 4.967409 9.814865
29 5.078394 7.799902
8 4.984067 9.512438
20 4.957536 9.994114
17 4.989206 9.419128
9 4.999673 9.229108
38 4.969522 9.776507
9 4.978918 9.605926
15 4.979364 9.597815
13 5.334298 3.153857
31 4.995253 9.309357
21 5.000057 9.222130
35 5.191544 5.745607
59 4.994134 9.329660
16 5.046721 8.374922
45 4.993599 9.339384
15 5.389718 2.147698
15 5.252706 4.635201
7 5.075742 7.848039
7 5.148892 6.519975
12 4.966597 9.829611
21 5.112415 7.182228
47 5.043332 8.436453
23 4.969410 9.778537
36 4.958059 9.984623
16 5.011822 9.008536
23 4.973040 9.712642
35 4.966782 9.826259
12 4.969546 9.776064
70 5.003773 9.154666
24 4.971212 9.745826
32 5.068490 7.979712
19 4.967622 9.811002
59 4.998711 9.246577
59 5.013158 8.984286
18 5.366271 2.573382
7 5.293326 3.897723
12 5.373626 2.439849
17 5.356829 2.744811
46 5.045932 8.389251
85 5.010108 9.039656
15 4.961313 9.925552
56 4.995368 9.307254
8 5.363000 2.632771
57 5.022537 8.813992
21 5.003252 9.164134
53 4.978508 9.613363
13 5.059515 8.142658
17 4.981454 9.559880
33 5.373322 2.445372
11 5.309979 3.595377
9 5.007124 9.093835
67 4.961305 9.925687
66 5.226913 5.103486
69 5.271524 4.293544
7 4.991408 9.379150
21 4.987158 9.456310
56 4.983574 9.521385
56 4.979425 9.596711
26 4.995837 9.298740
12 5.067108 8.004805
74 5.173047 6.081431
23 4.973249 9.708834
76 4.961035 9.930590
24 5.007855 9.080565
12 4.964752 9.863104
61 4.986208 9.473563
15 5.096487 7.471409
90 5.007743 9.082591
29 4.960626 9.938013
74 5.052988 8.261152
14 5.282779 4.089206
7 5.125959 6.936334
12 5.296305 3.843636
15 4.985918 9.478840
75 4.978712 9.609667
65 4.979831 9.589338
20 4.961842 9.915938
13 5.362638 2.639335
12 5.346207 2.937647
9 5.117221 7.094968
17 4.968364 9.797532
32 4.989398 9.415643
12 4.960187 9.945988
12 5.320451 3.405265
34 4.991389 9.379496
78 4.977571 9.630366
82 5.120077 7.043122
28 5.007176 9.092890
97 5.001627 9.193626
31 4.972981 9.713702
104 4.967926 9.805490
72 4.982190 9.546507
69 4.959807 9.952882
54 4.969225 9.781896
49 4.995688 9.301444
104 4.968447 9.796032
83 4.991360 9.380031
115 5.017169 8.911451
49 5.151679 6.469373
60 4.983524 9.522286
109 5.275120 4.228271
113 4.960855 9.933867
69 5.006429 9.106438
75 5.409220 1.793627
101 4.983658 9.519854
68 4.969966 9.768443
92 4.970372 9.761068
112 4.979035 9.603797
81 4.971235 9.745399
80 5.123932 6.973141
80 5.083092 7.714604
173 5.028972 8.697162
148 5.032618 8.630974
127 4.973737 9.699984
151 5.108234 7.258139
91 4.983527 9.522241
125 4.972919 9.714835
132 5.008778 9.063805
123 5.336138 3.120452
172 5.032322 8.636342
154 4.984376 9.506823
137 4.968466 9.795680
150 4.981119 9.565957
170 5.017405 8.907176
188 4.986203 9.473660
156 4.980466 9.577813
211 5.142018 6.644779
failed to find solution in 1200 iterations and 330 function evals
