7 5.019210 8.874410
7 5.131426 6.837078
6 4.992969 9.350811
8 5.104575 7.324578
11 5.427047 1.469973
11 4.988122 9.438825
9 5.000527 9.213605
12 5.201467 5.565458
13 5.148921 6.519447
13 5.209241 5.424317
15 5.183279 5.895670
16 5.420397 1.590705
9 5.001122 9.202802
16 4.989775 9.408797
16 4.977318 9.634964
17 5.069484 7.961665
17 5.144944 6.591664
17 5.034784 8.591651
15 4.965194 9.855077
19 5.156154 6.388143
20 5.078351 7.800676
23 5.049561 8.323376
25 4.976049 9.657998
11 4.980951 9.569016
15 4.994051 9.331169
22 4.962273 9.908115
27 4.971092 9.748003
24 5.018889 8.880239
20 5.016931 8.915781
32 4.984319 9.507859
25 4.978642 9.610933
17 5.207541 5.455184
33 4.986647 9.465591
12 4.978577 9.612103
16 5.389257 2.156065
24 4.975624 9.665731
17 5.359429 2.697603
22 4.985062 9.494378
23 4.957958 9.986456
16 5.396668 2.021517
24 5.014384 8.962023
28 5.143560 6.616789
31 4.969357 9.779507
13 5.326816 3.289701
44 4.969590 9.775268
27 4.959334 9.961477
6 5.292044 3.921003
16 4.989706 9.410067
7 5.203454 5.529388
12 4.980724 9.573121
19 4.966873 9.824591
27 4.968744 9.790628
17 4.975617 9.665848
11 4.959760 9.953740
9 5.004398 9.143325
23 5.019566 8.867937
7 5.024367 8.780775
15 5.134519 6.780918
23 4.962950 9.895821
15 5.446301 1.120405
25 4.988511 9.431749
31 5.009310 9.054140
38 4.994587 9.321436
36 5.143576 6.616487
34 4.997399 9.270384
19 5.373203 2.447533
34 5.017485 8.905727
13 5.017064 8.913371
26 5.026651 8.739300
37 5.220284 5.223837
56 4.962039 9.912369
14 4.987752 9.445530
15 5.277534 4.184432
7 5.306572 3.657245
19 5.247198 4.735196
25 5.006161 9.111304
16 5.025480 8.760565
13 5.145757 6.576900
13 4.989994 9.404834
12 5.182575 5.908455
7 5.073686 7.885363
12 5.158505 6.345451
26 5.337093 3.103121
19 5.269417 4.331799
21 5.344669 2.965580
29 5.179822 5.958426
44 4.997892 9.261445
30 5.076464 7.834940
14 5.074776 7.865585
13 4.959936 9.950539
23 5.013311 8.981497
19 4.971272 9.744726
53 5.034670 8.593722
57 4.989158 9.420003
10 5.280244 4.135242
21 5.018135 8.893925
17 5.185855 5.848897
54 5.015386 8.943834
22 4.983841 9.516536
49 5.223007 5.174389
17 4.998206 9.255735
47 4.962096 9.911325
11 5.295559 3.857186
11 4.957262 9.999088
51 4.962670 9.900902
22 5.367522 2.550668
19 4.972800 9.716995
41 4.984320 9.507845
16 4.970007 9.767693
20 4.980720 9.573202
17 4.978527 9.613024
29 4.983746 9.518272
11 5.010559 9.031472
15 5.240186 4.862507
15 4.999401 9.234050
58 5.017116 8.912416
31 4.966197 9.836870
26 5.175153 6.043205
16 5.008842 9.062634
64 4.959595 9.956726
43 5.023611 8.794499
17 4.960888 9.933258
25 5.334056 3.158260
64 5.135248 6.767690
34 5.295995 3.849277
24 4.969158 9.783106
60 5.042672 8.448432
15 4.962376 9.906252
11 4.964722 9.863647
74 4.966203 9.836766
28 4.976886 9.642810
35 5.045311 8.400535
20 4.971720 9.736606
52 4.978324 9.616700
86 5.317439 3.459945
16 5.201663 5.561897
84 5.010842 9.026335
51 5.038391 8.526158
17 4.959817 9.952699
6 5.039674 8.502880
19 4.962192 9.909577
85 4.983940 9.514746
86 5.380031 2.323559
57 5.190115 5.771553
11 5.108177 7.259166
73 4.961020 9.930867
88 5.061138 8.113192
30 5.202548 5.545833
43 4.982190 9.546518
64 5.024324 8.781554
14 5.064711 8.048318
15 4.995026 9.313479
18 5.025476 8.760646
11 4.972208 9.727742
23 4.976927 9.642071
23 4.976023 9.658481
31 5.085866 7.664247
91 5.102379 7.364437
67 4.969017 9.785672
57 4.976531 9.649261
27 4.960201 9.945741
93 5.255249 4.589024
100 5.030140 8.675970
106 4.965370 9.851889
100 4.981515 9.558761
111 4.968639 9.792529
86 5.032381 8.635283
104 4.957261 9.999101
114 4.997318 9.271861
107 5.022256 8.819094
83 5.099478 7.417101
131 5.112780 7.175608
142 5.148855 6.520653
133 5.249389 4.695425
145 5.061533 8.106014
144 4.977294 9.635412
150 4.976807 9.644242
105 5.174792 6.049761
167 5.022121 8.821551
166 5.033903 8.607642
94 4.968319 9.798341
123 4.962679 9.900743
122 5.205404 5.493990
115 5.278881 4.159973
181 5.042728 8.447434
126 4.987061 9.458087
160 4.957639 9.992242
157 4.986397 9.470137
179 5.009483 9.051008
153 4.963664 9.882861
175 4.962038 9.912375
170 5.355693 2.765421
175 4.984424 9.505964
163 5.097328 7.456140
158 5.213315 5.350348
247 5.175227 6.041861
228 5.108749 7.248789
280 4.974776 9.681123
223 5.255567 4.583254
281 5.456836 0.929148
