8 5.080716 7.757736
8 5.269962 4.321916
9 5.423357 1.536974
10 4.997358 9.271141
11 4.975827 9.662028
11 5.171776 6.104519
10 5.040033 8.496355
12 5.083954 7.698959
12 5.493556 0.262476
12 5.113895 7.155364
13 5.346090 2.939775
13 5.402348 1.918386
13 5.312018 3.558367
13 5.156001 6.390904
13 5.202770 5.541804
11 4.981234 9.563866
13 5.020708 8.847199
13 5.373150 2.448490
13 5.098903 7.427556
15 5.495441 0.228257
15 5.392061 2.105151
15 5.450882 1.037242
15 5.276050 4.211375
15 5.248310 4.715006
15 5.218048 5.264430
16 5.357658 2.729753
16 5.426450 1.480809
16 5.505308 0.049113
16 5.416005 1.670442
16 5.262279 4.461398
16 5.423277 1.538414
16 5.314429 3.514602
16 5.421949 1.562529
11 5.276116 4.210176
9 5.275305 4.224898
9 5.133473 6.799908
13 5.364744 2.601103
17 5.259307 4.515354
17 5.427758 1.457064
17 5.472974 0.636144
7 5.026255 8.746498
15 5.390916 2.125948
17 5.424312 1.519620
11 5.134313 6.784660
19 4.988643 9.429353
13 5.497809 0.185264
13 5.448383 1.082612
9 5.067036 8.006107
18 5.390286 2.137376
8 5.036613 8.558446
13 5.394480 2.061246
13 5.004409 9.143125
21 5.318640 3.438136
21 5.449214 1.067530
12 5.118217 7.076887
11 5.304092 3.702258
15 5.382380 2.280912
13 5.191361 5.748942
13 5.491241 0.304514
12 5.456983 0.926468
19 5.439977 1.235221
19 5.385242 2.228954
16 5.398499 1.988270
13 5.382102 2.285967
13 5.399458 1.970862
17 5.408316 1.810042
15 5.435357 1.319097
13 5.257155 4.554432
19 5.450922 1.036513
15 5.095915 7.481795
13 5.324275 3.335834
13 5.259937 4.503920
7 5.262830 4.451395
25 5.348792 2.890719
16 5.404643 1.876726
20 5.283633 4.073705
18 5.266118 4.391689
9 5.012240 9.000953
15 5.251116 4.664058
15 5.134384 6.783372
16 5.296183 3.845864
19 5.396260 2.028913
15 5.384110 2.249501
16 4.987264 9.454398
7 4.995212 9.310088
13 5.350720 2.855722
21 5.422178 1.558368
11 5.117713 7.086046
11 5.205060 5.500225
7 5.017564 8.904279
23 5.493199 0.268951
10 5.043933 8.425545
16 5.473234 0.631422
12 5.382337 2.281693
7 5.219200 5.243507
16 5.395732 2.038499
13 5.156308 6.385332
12 5.075241 7.857141
16 5.398627 1.985947
11 5.262237 4.462167
15 5.240054 4.864905
16 5.425184 1.503788
20 5.416229 1.666380
15 5.351253 2.846047
15 5.428758 1.438904
12 5.339340 3.062319
19 5.378446 2.352348
13 5.445706 1.131203
17 5.452180 1.013677
15 5.389356 2.154260
16 5.411179 1.758056
15 5.320261 3.408702
16 5.365394 2.589299
21 5.303731 3.708812
15 5.370168 2.502626
20 5.354327 2.790227
12 5.419548 1.606113
16 5.351667 2.838520
16 5.075512 7.852219
18 5.322704 3.364351
12 5.169840 6.139664
13 5.227389 5.094831
9 5.002931 9.169946
17 5.376638 2.385161
17 5.337587 3.094157
12 5.284684 4.054630
13 5.398953 1.980021
17 5.444197 1.158613
16 5.440837 1.219611
23 5.401117 1.940736
11 5.416057 1.669496
15 5.351820 2.835740
19 5.431793 1.383810
11 5.352128 2.830162
13 5.012971 8.987682
16 5.378403 2.353129
13 5.208369 5.440154
16 5.372180 2.466097
7 5.102351 7.364948
17 5.352597 2.821641
15 4.977299 9.635316
17 5.372338 2.463230
15 5.128594 6.888496
16 5.126356 6.929129
16 5.304991 3.685935
17 5.377286 2.373393
12 5.122589 6.997515
11 5.113154 7.168806
14 5.015162 8.947891
15 5.443155 1.177518
15 5.126478 6.926906
16 5.464502 0.789965
16 5.207293 5.459690
13 5.220678 5.216679
16 5.335159 3.138226
13 5.203940 5.520561
15 5.253987 4.611942
11 5.328950 3.250963
10 4.961548 9.921286
17 5.465738 0.767525
13 5.148484 6.527391
15 5.056823 8.191526
11 5.259086 4.519359
17 5.227438 5.093949
15 5.420157 1.595057
16 5.422049 1.560716
16 5.027415 8.725446
13 5.144025 6.608336
15 5.114741 7.139995
21 5.276849 4.196870
17 5.323135 3.356529
22 5.453914 0.982199
16 5.053338 8.254796
16 5.450791 1.038893
19 5.429129 1.432179
15 5.207147 5.462334
24 5.421544 1.569878
21 5.394341 2.063765
26 5.181712 5.924115
23 5.417557 1.642263
32 5.412235 1.738883
36 5.486945 0.382508
40 5.308652 3.619470
73 5.290786 3.943841
76 5.292424 3.914108
82 5.344618 2.966508
99 5.491845 0.293541
96 5.172606 6.089442
failed to find solution after reaching max emtpy limit -- 676 iterations and 182 function evals
failed to find solution after reaching max emtpy limit -- 692 iterations and 186 function evals
failed to find solution after reaching max emtpy limit -- 692 iterations and 185 function evals
failed to find solution after reaching max emtpy limit -- 724 iterations and 187 function evals
failed to find solution after reaching max emtpy limit -- 744 iterations and 197 function evals
failed to find solution after reaching max emtpy limit -- 844 iterations and 218 function evals
failed to find solution after reaching max emtpy limit -- 896 iterations and 230 function evals
failed to find solution after reaching max emtpy limit -- 932 iterations and 250 function evals
failed to find solution after reaching max emtpy limit -- 956 iterations and 255 function evals
failed to find solution after reaching max emtpy limit -- 1004 iterations and 265 function evals
failed to find solution after reaching max emtpy limit -- 1148 iterations and 291 function evals
failed to find solution in 1200 iterations and 308 function evals
