17 29081.852521 5.164384
17 29790.876205 2.852265
17 29076.811244 5.180823
17 29377.066029 4.201696
17 29574.524403 3.557786
17 29026.286559 5.345584
17 29321.592841 4.382593
17 29315.714954 4.401761
17 29680.884125 3.210948
17 29799.213514 2.825077
17 29503.320774 3.789980
17 29399.107075 4.129820
17 29833.006190 2.714880
17 29027.502187 5.341620
17 28993.179739 5.453545
17 29846.488342 2.670915
17 29270.148849 4.550352
17 29348.940642 4.293412
16 29737.380274 3.026715
17 30268.779706 1.293827
17 29523.296182 3.724841
17 29551.918208 3.631505
17 29660.444216 3.277602
17 29968.223544 2.273937
17 29242.168931 4.641594
17 29756.355175 2.964838
16 28636.748256 6.615864
17 29628.047921 3.383246
17 29482.179764 3.858921
17 29822.822515 2.748089
17 29628.545690 3.381623
17 29330.312913 4.354157
17 29931.634355 2.393254
17 29278.228249 4.524005
17 29684.516435 3.199103
17 29264.041618 4.570267
17 29116.608789 5.051044
17 29741.495566 3.013295
17 29467.914066 3.905441
17 29683.477161 3.202492
17 29158.460397 4.914566
16 29996.157147 2.182846
17 29397.430018 4.135289
17 29421.898080 4.055499
17 30157.501440 1.656704
17 29492.270593 3.826015
17 29574.706123 3.557194
17 29081.868786 5.164331
17 28909.746368 5.725620
17 29462.559736 3.922902
17 29696.571031 3.159793
17 29483.585033 3.854338
17 29341.462691 4.317798
17 29925.539848 2.413128
17 29129.654365 5.008503
17 29485.408850 3.848391
17 29009.020739 5.401888
17 29545.685421 3.651830
17 29555.152043 3.620959
17 29340.602083 4.320604
17 29377.961496 4.198776
17 29616.548128 3.420747
17 29479.580506 3.867397
17 29885.182628 2.544733
17 29284.166561 4.504640
17 29359.228201 4.259865
17 29311.454767 4.415653
17 29625.080804 3.392922
17 28995.700286 5.445325
17 29309.736726 4.421256
17 29356.100317 4.270065
17 29496.312392 3.812835
17 29561.011381 3.601852
17 29372.791742 4.215634
17 29612.790456 3.433001
17 29276.822121 4.528590
17 29340.787359 4.320000
17 29702.021735 3.142019
17 29864.604764 2.611837
17 29613.036971 3.432197
17 29937.689698 2.373508
17 29086.641676 5.148767
17 29568.586635 3.577149
17 29528.459032 3.708005
17 29456.539436 3.942534
17 29342.349750 4.314905
16 29314.144120 4.406883
17 29231.225999 4.677279
17 28985.535046 5.478474
17 29458.957888 3.934647
17 29766.601235 2.931426
17 29557.698653 3.612655
17 29527.496057 3.711145
17 29569.447378 3.574342
17 29510.110777 3.767838
17 29694.835856 3.165452
17 30000.381385 2.169071
17 29225.676091 4.695377
17 29724.661144 3.068192
17 29624.329402 3.395373
17 29345.545085 4.304485
17 29256.090826 4.596195
17 30033.502814 2.061062
17 29418.457997 4.066717
18 29674.626273 3.231355
17 29579.069509 3.542965
17 29293.675007 4.473633
17 29896.199217 2.508808
17 29999.840985 2.170833
17 29372.969769 4.215054
17 29730.346237 3.049653
17 28845.785660 5.934195
17 29973.799583 2.255754
17 29221.311205 4.709611
17 29862.107385 2.619981
17 30084.583748 1.894488
17 29795.303605 2.837827
17 29547.928696 3.644514
17 29713.818419 3.103550
17 29626.906659 3.386968
17 28552.971388 6.889060
17 29112.884356 5.063189
17 29253.361063 4.605096
17 29357.311745 4.266114
17 29181.247473 4.840258
17 29519.807634 3.736217
17 29289.473557 4.487334
17 28847.107909 5.929884
17 29543.913218 3.657609
17 29256.821733 4.593811
17 30171.601946 1.610722
17 30071.132862 1.938351
17 29306.610431 4.431451
17 29598.038950 3.481105
17 29028.404896 5.338676
17 29892.253915 2.521673
17 29753.795714 2.973184
17 29488.019125 3.839879
17 29390.630446 4.157462
17 29468.025107 3.905079
17 29620.329035 3.408418
17 29601.986759 3.468232
17 29577.103157 3.549377
17 29473.955690 3.885740
17 29506.598147 3.779293
17 29886.760943 2.539586
17 29506.329971 3.780167
17 29890.528054 2.527301
17 29334.157906 4.341619
17 29553.718947 3.625632
17 29423.107191 4.051556
17 29908.720410 2.467976
17 29601.165602 3.470909
17 29683.814681 3.201392
17 29307.381517 4.428936
17 29412.434564 4.086359
17 29482.570935 3.857645
19 29567.037249 3.582202
17 29107.510505 5.080714
17 29395.277953 4.142307
17 29453.540833 3.952312
17 29365.689570 4.238794
17 29528.589948 3.707578
17 29310.736626 4.417995
17 29639.388385 3.346265
17 29958.281246 2.306359
17 29714.032459 3.102852
17 29252.345793 4.608407
17 29704.151431 3.135074
17 29150.521087 4.940456
17 29371.889407 4.218577
17 29138.712662 4.978964
17 29701.580454 3.143458
17 29744.925227 3.002111
17 29066.097331 5.215761
17 29607.589719 3.449960
17 29736.315991 3.030185
17 29583.474513 3.528600
17 29284.956187 4.502065
17 29533.981468 3.689996
17 29751.291157 2.981352
17 29494.303941 3.819384
17 29451.896186 3.957675
17 29302.108391 4.446132
17 29631.045327 3.373472
17 29396.270056 4.139072
17 29610.893682 3.439186
17 29385.953474 4.172714
17 29837.030712 2.701756
17 28744.686109 6.263880
17 29711.329846 3.111665
17 29442.186735 3.989338
17 29472.858136 3.889319
17 29593.582533 3.495638
17 29296.912771 4.463075
17 29614.966203 3.425906
17 29658.106015 3.285227
17 29678.566453 3.218506
17 29982.338999 2.227907
17 29657.679174 3.286619
