6 5.185927 5.847594
9 5.020625 8.848713
11 5.243510 4.802148
12 5.178636 5.979961
13 5.173902 6.065916
13 5.373918 2.434550
13 5.016559 8.922541
13 4.973616 9.702176
13 4.987226 9.455077
13 5.261285 4.479437
15 5.355360 2.771471
16 4.966789 9.826118
16 4.958245 9.981236
17 5.008421 9.070290
7 5.245160 4.772200
17 4.971156 9.746848
17 4.992847 9.353037
7 5.209635 5.417176
18 4.974860 9.679591
19 5.234011 4.974620
12 4.977341 9.634545
20 4.983956 9.514449
20 4.980961 9.568835
21 5.044401 8.417055
21 5.078633 7.795557
19 5.092897 7.536596
21 4.996912 9.279232
9 5.057394 8.181159
12 4.965558 9.848470
16 5.044842 8.409044
13 5.007649 9.084293
11 5.231709 5.016412
9 4.995624 9.302610
12 5.021263 8.837124
28 5.038305 8.527735
7 5.287587 4.001916
22 4.989574 9.412454
34 5.026896 8.734853
29 5.044301 8.418860
24 5.080504 7.761580
29 5.017186 8.911146
39 5.015286 8.945643
33 4.964296 9.871380
19 5.145194 6.587112
33 5.050428 8.307630
31 5.028743 8.701330
29 5.197872 5.630733
19 4.985178 9.492259
35 5.022270 8.818839
7 5.058210 8.166342
31 5.212643 5.362562
27 5.220699 5.216292
31 5.311422 3.569193
6 5.378769 2.346486
17 5.039078 8.513686
12 4.969337 9.779866
17 5.013433 8.979278
22 5.167687 6.178751
27 5.003084 9.167173
50 4.978853 9.607096
37 5.048998 8.333588
46 5.009195 9.056230
23 4.994046 9.331271
28 4.959681 9.955174
38 5.041201 8.475141
28 5.260630 4.491329
51 4.979553 9.594395
11 4.958380 9.978802
42 4.961264 9.926432
51 5.002990 9.168875
35 4.995585 9.303314
36 4.986160 9.474433
46 4.957740 9.990419
28 5.025981 8.751467
39 4.976835 9.643745
20 5.481904 0.474032
15 5.172421 6.092803
47 5.036124 8.567319
36 5.012333 8.999266
30 4.995219 9.309965
61 5.024122 8.785223
16 5.009172 9.056654
53 5.034410 8.598440
50 5.308012 3.631091
7 5.044667 8.412229
8 5.069432 7.962610
56 5.036570 8.559231
53 5.257928 4.540386
52 5.004188 9.147129
12 4.983387 9.524783
28 5.062666 8.085440
63 5.036119 8.567418
22 5.217137 5.280957
35 4.985912 9.478940
25 4.999810 9.226619
28 5.151145 6.479083
31 5.026147 8.748454
31 5.117875 7.083095
69 5.008854 9.062425
25 5.018738 8.882979
19 4.966170 9.837363
15 4.996925 9.278995
67 4.981382 9.561177
61 5.026378 8.744265
36 5.284601 4.056137
61 5.144312 6.603127
30 5.267275 4.370686
74 5.038766 8.519350
33 4.962849 9.897658
27 4.996258 9.291096
28 5.253836 4.614690
13 5.217885 5.267386
83 5.025422 8.761625
43 5.159707 6.323623
30 4.981225 9.564028
79 5.030008 8.678353
16 5.141122 6.661040
84 4.968640 9.792516
19 4.983286 9.526625
91 5.014527 8.959422
11 4.974832 9.680103
53 5.076528 7.833782
25 4.960067 9.948169
13 5.025422 8.761623
49 5.250581 4.673785
31 5.050969 8.297810
77 5.247428 4.731026
17 5.040266 8.492122
24 5.072321 7.910147
76 5.063688 8.066891
92 5.024010 8.787255
93 4.980007 9.586147
12 5.229073 5.064258
8 5.356987 2.741937
23 4.998085 9.257935
8 4.961691 9.918683
94 4.961156 9.928397
12 4.997784 9.263405
93 4.987984 9.441313
16 5.419570 1.605720
12 5.095171 7.495296
23 5.272371 4.278163
17 5.136335 6.747953
74 5.004061 9.149436
15 4.964397 9.869548
8 4.969108 9.784021
91 4.959232 9.963326
24 4.976950 9.641648
9 4.957825 9.988873
60 5.215328 5.313814
16 5.072523 7.906483
15 4.990212 9.400871
68 4.997587 9.266967
28 5.008272 9.072993
28 5.294058 3.884444
58 4.958582 9.975131
27 5.368962 2.524519
110 4.979518 9.595029
29 4.987474 9.450589
105 5.002516 9.177490
105 5.005639 9.120789
98 5.020852 8.844597
41 5.373684 2.438801
33 5.272890 4.268745
122 5.037973 8.533762
82 4.966001 9.840432
93 5.108150 7.259656
114 5.187153 5.825333
47 5.042933 8.443705
82 5.141154 6.660474
121 5.068264 7.983813
68 4.985252 9.490929
127 5.162170 6.278905
83 4.958579 9.975186
73 4.964790 9.862420
144 4.966593 9.829680
77 5.030914 8.661918
96 5.013353 8.980737
89 5.020710 8.847173
123 5.138882 6.701705
118 4.986383 9.470381
114 4.990960 9.387296
125 4.985422 9.487828
107 4.991714 9.373604
158 5.266174 4.390673
83 5.232502 5.002007
101 4.993401 9.342975
137 5.042682 8.448257
126 5.139404 6.692232
162 5.056525 8.196940
115 4.979917 9.587784
173 5.164516 6.236325
220 4.979398 9.597201
182 5.018880 8.880398
192 5.003341 9.162506
224 5.033188 8.620623
220 4.996910 9.279272
231 5.333462 3.169036
failed to find solution in 1200 iterations and 318 function evals
330 5.007749 9.082487
