16 28841.784212 5.947244
15 29878.081882 2.567888
16 29393.945188 4.146653
16 29144.085004 4.961444
16 29026.774469 5.343993
16 29609.953293 3.442253
16 29355.857013 4.270858
16 29686.213201 3.193570
16 29398.051493 4.133262
16 29929.264917 2.400981
16 28957.018729 5.571466
16 29170.910960 4.873965
16 29720.289917 3.082446
15 29632.374634 3.369137
16 29993.860833 2.190334
16 29487.785101 3.840642
16 29428.644545 4.033499
16 29217.394206 4.722384
16 29385.198720 4.175175
16 29170.284387 4.876009
16 29682.947458 3.204220
16 29041.302133 5.296618
16 29247.782977 4.623286
16 29649.768678 3.312415
16 29177.284085 4.853183
16 29294.380956 4.471331
16 29276.949664 4.528174
16 29740.054607 3.017994
16 29203.780679 4.766777
16 28882.509629 5.814439
16 29712.615577 3.107472
16 29486.682380 3.844238
16 29246.897456 4.626174
16 29258.819451 4.587297
16 29011.561473 5.393602
16 29481.822976 3.860084
16 29569.955957 3.572684
16 29055.486823 5.250362
16 29449.404432 3.965801
16 30064.337610 1.960510
15 29465.720598 3.912594
16 29234.141516 4.667771
16 28943.812403 5.614531
16 29034.151748 5.319936
16 29214.255536 4.732619
16 29876.449977 2.573210
16 29106.019133 5.085577
16 29100.024366 5.105126
16 29101.287732 5.101006
16 29405.772960 4.108083
16 29245.234379 4.631597
16 29484.792652 3.850400
16 29063.308530 5.224856
16 29053.336333 5.257375
16 29239.971692 4.648759
16 29438.788458 4.000420
16 29165.144780 4.892769
16 29343.881257 4.309911
16 29047.581810 5.276140
16 29224.281986 4.699923
16 28930.677332 5.657365
16 29386.966361 4.169411
16 29402.708667 4.118075
16 28826.461077 5.997213
16 29160.901101 4.906607
16 29078.924547 5.173932
16 28909.000022 5.728054
16 28965.419304 5.544071
16 28877.851171 5.829630
16 29154.304237 4.928120
16 29314.502653 4.405714
16 28890.673646 5.787816
16 29197.026502 4.788803
16 29287.196048 4.494761
16 29349.738116 4.290812
16 29223.845309 4.701347
16 29310.445639 4.418944
16 29495.490228 3.815516
16 29470.982800 3.895434
15 29410.251521 4.093478
16 29726.483441 3.062249
16 29412.136278 4.087332
16 29733.109168 3.040643
16 29062.492123 5.227518
16 29470.276233 3.897738
16 29266.458530 4.562386
16 29090.425162 5.136429
16 29358.684785 4.261637
16 29127.226032 5.016421
16 29173.186263 4.866546
16 29835.914315 2.705396
16 29091.905541 5.131601
16 29375.314112 4.207409
16 29299.857773 4.453471
16 29390.881337 4.156644
16 29546.964746 3.647658
16 29057.367761 5.244228
16 29522.404496 3.727749
16 29148.507423 4.947023
16 29294.357463 4.471408
16 29667.986256 3.253008
17 29072.754325 5.194053
16 29372.334789 4.217124
16 29423.165381 4.051366
16 29263.581580 4.571767
16 28679.685890 6.475845
16 29356.055041 4.270212
16 29533.507733 3.691541
16 28947.103052 5.603801
16 29108.107285 5.078767
16 29465.539412 3.913185
16 29536.575990 3.681535
16 29630.143555 3.376413
16 29451.677132 3.958390
16 29219.286895 4.716212
16 29533.336514 3.692099
16 29172.118356 4.870028
16 29630.973723 3.373705
16 28919.959291 5.692316
16 28949.405131 5.596293
16 29903.483795 2.485053
16 28957.806655 5.568896
16 29284.721503 4.502830
16 29480.863433 3.863214
16 29401.721348 4.121295
16 29025.101654 5.349448
16 29855.221792 2.642435
16 29595.156020 3.490507
16 29504.367425 3.786567
16 29436.752489 4.007059
16 29173.603375 4.865185
16 28945.088634 5.610370
16 29878.304038 2.567164
16 28988.508146 5.468779
16 29583.763690 3.527657
16 29626.882979 3.387045
16 28840.572888 5.951194
16 28992.149094 5.456906
16 29146.245959 4.954398
16 29093.442332 5.126590
16 29261.392359 4.578906
16 28942.653010 5.618312
16 29346.240804 4.302217
16 29208.465992 4.751499
16 29267.278587 4.559711
16 28831.426564 5.981020
16 29566.122094 3.585186
16 29546.911951 3.647830
16 29221.026173 4.710540
16 30052.558673 1.998921
16 29155.027415 4.925761
16 29082.267163 5.163032
16 29353.475159 4.278625
16 29272.484991 4.542733
16 29443.513135 3.985012
16 29470.499500 3.897010
16 28815.367526 6.033389
16 29273.770079 4.538543
16 29183.540018 4.832782
16 30152.624341 1.672608
16 29524.149976 3.722057
16 29292.652402 4.476968
16 29218.516555 4.718724
15 29588.200291 3.513189
16 29096.116999 5.117868
16 29628.415215 3.382049
16 29410.717603 4.091958
16 29720.349516 3.082252
16 28904.581802 5.742462
16 29045.576612 5.282679
16 29023.061026 5.356102
16 29248.631279 4.620520
16 29264.447408 4.568944
16 29501.747191 3.795112
16 29479.849690 3.866519
16 29245.995969 4.629114
16 29081.576959 5.165283
16 29162.264932 4.902160
16 29473.316285 3.887825
16 29177.305814 4.853112
16 28635.675754 6.619362
16 29104.578295 5.090275
16 28917.836268 5.699239
16 29730.351556 3.049635
16 29053.593174 5.256537
16 29534.547033 3.688152
16 29185.202980 4.827359
16 29362.589071 4.248905
16 28519.481522 6.998270
16 29431.133795 4.025381
16 29214.997439 4.730200
16 28878.813752 5.826491
16 29087.325830 5.146536
16 29477.310440 3.874800
16 29443.935236 3.983636
16 29312.549129 4.412085
16 29215.993236 4.726952
16 29569.132733 3.575368
16 29226.455844 4.692834
16 29605.448354 3.456943
