10 4.991071 9.385276
9 5.276878 4.196345
10 4.973886 9.697279
10 5.328325 3.262298
11 5.225273 5.133253
11 5.143568 6.616631
12 4.999435 9.233428
14 4.986885 9.461277
13 5.131107 6.842865
15 5.066110 8.022907
15 5.055690 8.212091
15 4.976207 9.655143
12 4.961660 9.919248
17 4.969680 9.773638
15 5.014253 8.964404
17 5.024514 8.778113
17 5.158053 6.353654
16 5.321144 3.392686
16 5.156902 6.374552
17 4.986625 9.465997
15 5.346666 2.929320
15 4.968210 9.800328
19 5.429011 1.434308
19 5.008539 9.068132
19 4.971800 9.735156
19 5.004203 9.146852
17 5.101443 7.381437
19 5.267462 4.367303
15 4.989888 9.406747
22 5.290133 3.955695
22 5.449039 1.070691
19 5.334077 3.157872
8 5.080768 7.756789
11 4.983363 9.525223
24 5.458771 0.894007
22 5.162136 6.279526
23 5.415798 1.674199
19 5.156488 6.382073
15 5.052134 8.276661
26 5.462521 0.825935
24 5.386251 2.210645
17 5.335582 3.130546
22 5.187913 5.811537
25 5.433472 1.353333
22 5.425061 1.506028
14 5.316059 3.485000
15 5.029191 8.693197
17 5.143376 6.620118
17 5.152592 6.452810
21 5.266018 4.393513
10 5.144014 6.608537
18 5.482076 0.470897
24 5.443991 1.162352
25 4.980515 9.576933
31 5.362644 2.639237
15 5.017941 8.897448
20 5.417377 1.645538
8 5.201183 5.570622
19 5.472755 0.640126
19 5.417712 1.639455
14 4.970396 9.760630
15 5.374390 2.425988
24 5.008894 9.061688
27 5.121836 7.011191
22 5.374857 2.417495
16 5.076436 7.835452
10 5.402119 1.922546
19 5.306924 3.650856
22 5.402189 1.921284
30 5.451090 1.033458
12 4.972838 9.716310
22 5.261210 4.480812
8 5.077505 7.816028
16 5.045535 8.396455
22 5.423517 1.534069
17 5.047447 8.361754
25 5.395149 2.049091
14 5.033643 8.612366
19 5.406236 1.847799
16 5.220440 5.220999
19 5.394991 2.051967
22 5.317463 3.459516
17 5.299986 3.776809
17 5.023697 8.792935
27 5.033831 8.608961
21 5.411510 1.752047
21 5.453832 0.983681
22 5.031228 8.656217
22 5.057726 8.175134
17 5.145489 6.581753
16 5.149924 6.501237
12 5.242301 4.824108
16 5.175354 6.039555
10 5.455209 0.958677
12 5.015898 8.934540
26 5.309549 3.603189
15 5.270603 4.310265
13 4.971551 9.739673
22 5.419984 1.598204
21 5.215370 5.313055
10 5.164471 6.237132
15 5.126544 6.925714
20 4.980944 9.569140
23 5.349032 2.886368
25 5.458039 0.907295
21 5.476816 0.566401
26 5.382289 2.282566
17 5.216885 5.285535
15 4.966611 9.829358
8 5.079597 7.778047
28 5.426965 1.471470
19 5.416177 1.667319
17 5.060475 8.125227
16 4.969987 9.768070
24 5.430138 1.413853
8 5.197986 5.628656
17 5.155173 6.405942
15 5.135025 6.771734
23 5.420105 1.596009
8 5.040276 8.491937
14 5.215695 5.307143
15 5.219879 5.231177
23 5.462031 0.834821
19 5.323552 3.348961
22 5.339105 3.066597
11 5.354174 2.793008
17 5.401737 1.929480
15 5.170691 6.124212
24 5.373585 2.440591
26 5.365595 2.585653
17 5.312070 3.557417
33 5.234437 4.966873
19 5.395317 2.046041
15 5.344687 2.965240
19 4.960885 9.933308
19 5.482041 0.471533
36 4.974164 9.692232
22 5.396439 2.025675
17 5.109642 7.232573
15 4.969680 9.773640
8 4.968113 9.802090
18 5.250898 4.668027
15 5.125013 6.953506
21 5.190049 5.772757
16 5.137236 6.731604
28 5.413407 1.717616
22 5.415568 1.678385
15 4.979923 9.587664
15 4.988811 9.426304
30 5.417278 1.647323
17 5.016570 8.922327
19 4.960005 9.949297
20 5.400797 1.946555
21 5.127987 6.899510
14 4.988248 9.436534
24 5.444811 1.147463
27 5.110469 7.217564
14 5.361689 2.656566
19 5.395169 2.048722
21 5.268162 4.354585
17 4.957461 9.995483
19 4.986709 9.464475
16 5.272722 4.271799
18 5.156648 6.379174
24 5.382987 2.269907
21 5.149214 6.514124
22 5.303600 3.711198
22 5.444365 1.155556
25 5.420301 1.592441
35 5.303749 3.708488
25 4.967034 9.821685
22 5.243241 4.807042
21 5.418033 1.633627
16 5.235506 4.947467
19 5.367605 2.549173
31 5.397526 2.005937
24 5.233782 4.978764
30 5.055146 8.221980
23 5.361693 2.656494
23 5.315497 3.495210
24 4.974425 9.687485
23 5.289490 3.967362
27 5.395467 2.043313
21 5.389865 2.145030
34 5.498558 0.171661
34 5.439069 1.251711
42 5.337006 3.104694
39 5.003830 9.153637
39 5.005957 9.115011
35 5.191276 5.750474
53 4.960535 9.939663
49 5.045507 8.396980
46 4.993133 9.347836
90 4.965165 9.855602
71 4.968529 9.794529
93 4.967408 9.814878
103 5.155219 6.405117
130 5.125973 6.936077
124 4.985295 9.490136
132 5.019942 8.861121
