16 28990.174313 5.463346
16 28921.759259 5.686446
16 29555.935325 3.618405
16 29119.958904 5.040119
16 29028.332963 5.338911
16 29576.622056 3.550946
16 29308.194074 4.426286
16 29139.824540 4.975338
16 29108.225988 5.078380
16 29589.438808 3.509150
16 29216.620786 4.724906
16 29550.744807 3.635331
16 29497.833829 3.807873
16 28798.067828 6.089803
16 29516.659415 3.746483
16 29598.307372 3.480230
16 29021.742188 5.360403
16 29167.885094 4.883833
16 29468.689181 3.902914
16 29580.087045 3.539646
16 29325.133691 4.371047
16 28990.539384 5.462155
16 29380.035129 4.192014
16 29802.856712 2.813197
16 29096.176337 5.117674
16 29245.265693 4.631495
16 29628.852845 3.380622
16 29654.044338 3.298472
16 29658.042175 3.285436
16 29732.976537 3.041075
16 29085.887690 5.151225
16 29134.588237 4.992413
16 29300.695814 4.450738
16 29443.702660 3.984394
16 29269.522374 4.552395
16 29013.345767 5.387784
16 29273.587178 4.539139
16 29271.663975 4.545411
16 29522.466362 3.727547
16 29118.414434 5.045156
16 29243.748633 4.636442
16 29380.557013 4.190312
16 29530.335019 3.701887
16 29938.238803 2.371717
16 29412.586666 4.085863
16 29669.821713 3.247023
16 29452.362581 3.956155
16 29153.821056 4.929695
16 29562.474515 3.597081
16 29081.332226 5.166081
16 29333.694234 4.343131
16 29137.192477 4.983921
16 28837.363493 5.961660
16 29411.072115 4.090802
16 29310.085978 4.420117
16 29443.926009 3.983666
16 29643.460190 3.332987
16 29113.917699 5.059820
16 29775.004598 2.904022
16 29403.774083 4.114601
16 29215.141416 4.729730
16 29804.047498 2.809314
16 29521.671935 3.730137
16 28950.146358 5.593876
16 29010.563829 5.396856
16 29020.072742 5.365847
16 29464.376491 3.916977
16 29657.976248 3.285650
16 29317.407470 4.396242
16 29155.387853 4.924586
16 29601.919114 3.468452
16 29374.785543 4.209132
16 29752.051863 2.978871
16 29544.109103 3.656970
16 29632.697528 3.368084
16 29225.424646 4.696197
16 29345.539164 4.304505
16 30050.269873 2.006385
16 29392.079003 4.152739
16 29840.663505 2.689909
16 29132.792719 4.998268
16 29298.750304 4.457083
16 28946.087700 5.607112
16 28897.341878 5.766071
16 29462.128531 3.924308
16 29535.109134 3.686319
16 30149.168798 1.683877
16 29013.396678 5.387618
16 28967.124372 5.538511
16 29797.489280 2.830700
16 29309.615750 4.421650
16 29204.114636 4.765688
16 29358.424161 4.262487
16 28863.846113 5.875301
16 29634.689004 3.361590
16 29107.707445 5.080071
15 28418.477882 7.327642
16 29305.850599 4.433929
16 29588.492158 3.512237
15 29367.276645 4.233619
16 29275.964875 4.531386
16 28908.106308 5.730969
16 29487.857067 3.840407
16 29745.687516 2.999625
16 30141.340521 1.709405
16 29471.415052 3.894025
16 30139.401474 1.715728
16 29292.788707 4.476523
16 29286.957873 4.495538
16 28702.858408 6.400280
16 29401.126672 4.123234
16 29446.711216 3.974584
16 29827.840259 2.731726
16 29173.930009 4.864120
16 27708.357813 9.643336
16 29142.206647 4.967570
16 29448.786545 3.967816
16 29008.574186 5.403344
16 29353.799446 4.277568
16 29941.702738 2.360421
15 29242.430740 4.640740
16 29514.448454 3.753693
16 28996.912481 5.441373
16 29256.621285 4.594465
16 29418.437912 4.066783
16 28958.143768 5.567797
16 29179.793226 4.845000
16 29156.139971 4.922133
16 29514.745391 3.752725
16 29039.638038 5.302045
16 29353.164226 4.279639
16 29212.224807 4.739241
16 29596.510557 3.486089
16 28795.630675 6.097750
16 29410.220845 4.093578
16 29126.744630 5.017991
15 29277.388416 4.526743
16 29153.095862 4.932060
16 28830.996487 5.982423
15 29450.607525 3.961878
16 29744.144625 3.004656
16 29020.129489 5.365662
16 29148.033641 4.948568
16 29266.235165 4.563114
16 29046.978812 5.278107
16 29312.981134 4.410676
16 29046.335383 5.280205
16 29505.405504 3.783182
16 29450.280748 3.962943
16 29522.972678 3.725896
16 29459.024073 3.934431
16 28901.907554 5.751183
16 28981.545884 5.491483
16 29461.490689 3.926388
16 29605.587168 3.456491
16 29984.816868 2.219827
16 29414.224947 4.080521
16 28660.015987 6.539988
16 29054.545652 5.253431
16 29761.930840 2.946656
16 29335.464122 4.337359
17 28984.895308 5.480560
16 29141.690667 4.969252
16 29312.573582 4.412005
16 29931.260272 2.394474
16 29337.694921 4.330085
16 29377.844616 4.199157
16 28898.161605 5.763398
16 29099.651297 5.106342
16 29250.105271 4.615713
16 29292.731420 4.476710
16 29000.451784 5.429831
16 29527.380653 3.711521
16 29718.232451 3.089156
16 29209.732432 4.747369
16 29199.720706 4.780017
16 29626.427009 3.388532
16 29437.048741 4.006093
16 29155.013756 4.925806
16 29502.459801 3.792788
16 30073.398382 1.930963
16 29154.385425 4.927855
16 29492.968812 3.823738
16 29573.223369 3.562029
16 29036.154578 5.313404
16 29231.014180 4.677969
16 29084.755781 5.154916
16 29127.432607 5.015748
16 29406.396689 4.106049
16 29237.332841 4.657364
16 28849.213274 5.923018
16 29255.748319 4.597312
16 29438.920215 3.999990
16 29289.718347 4.486536
16 29632.568933 3.368503
16 29159.096046 4.912494
16 29193.455146 4.800449
16 29559.257451 3.607571
16 29628.267719 3.382530
16 29521.112641 3.731961
