7 0.946812 8.221615
7 0.964013 6.554231
7 0.984550 4.563482
7 0.945803 8.319379
7 0.929402 9.909205
7 0.993793 3.667585
7 1.022274 0.906722
7 0.947323 8.172035
8 0.999258 3.137775
8 0.935578 9.310598
8 0.942701 8.620123
8 0.973443 5.640199
9 0.932155 9.642331
9 0.937653 9.109469
10 0.972189 5.761759
9 0.936946 9.177970
7 0.958291 7.108863
8 0.992875 3.756553
9 0.938963 8.982487
9 0.933303 9.531093
11 0.966586 6.304881
11 0.949914 7.920879
11 0.930109 9.840690
12 1.005247 2.557240
12 1.000641 3.003775
11 0.963708 6.583786
9 0.943581 8.534836
12 0.987468 4.280676
11 0.952372 7.682612
11 0.960124 6.931259
13 0.997559 3.302479
13 0.965294 6.430032
9 0.973596 5.625289
12 0.958868 7.053016
7 0.964550 6.502157
7 0.971494 5.829082
9 0.932941 9.566153
13 0.943178 8.573903
12 0.932862 9.573792
16 1.000896 2.979039
13 0.931117 9.743010
16 0.954106 7.514531
9 0.950845 7.830700
9 0.944341 8.461174
11 0.958006 7.136544
13 0.965085 6.450291
17 1.009335 2.160993
11 0.950729 7.841910
12 0.953631 7.560637
13 0.933949 9.468514
15 1.030471 0.112199
19 0.934029 9.460705
15 0.948778 8.031030
7 0.978180 5.180944
9 0.987911 4.237679
16 0.938402 9.036822
17 0.933212 9.539929
9 1.023647 0.773720
11 0.940067 8.875382
11 0.949312 7.979296
16 0.960234 6.920532
12 0.963699 6.584714
11 0.933822 9.480802
7 1.013130 1.793116
11 0.948624 8.045949
15 0.946622 8.240066
16 0.944908 8.406179
11 0.969784 5.994805
9 0.985835 4.438932
19 0.936389 9.231957
20 0.928517 9.995006
12 0.972901 5.692670
13 0.987752 4.253091
7 1.025643 0.580172
21 0.965426 6.417309
13 1.011951 1.907386
23 1.026073 0.538506
7 0.953410 7.582006
9 0.958794 7.060191
25 0.947572 8.147925
25 0.961863 6.762696
26 0.964554 6.501831
11 0.933304 9.530991
8 1.025553 0.588892
13 0.937396 9.134350
11 0.935929 9.276579
11 0.929500 9.899739
11 1.020493 1.079433
8 0.942919 8.598964
11 0.933571 9.505087
9 0.937878 9.087585
7 1.011518 1.949347
15 0.942625 8.627484
12 0.950842 7.830941
16 1.009684 2.127174
9 0.994201 3.628010
16 0.985287 4.492067
11 0.935536 9.314649
7 0.993395 3.706128
9 1.002116 2.860762
16 0.950382 7.875541
13 0.997452 3.312909
12 0.939038 8.975141
20 0.956829 7.250573
13 0.944051 8.489207
9 0.962692 6.682252
13 0.971900 5.789735
7 0.953799 7.544286
24 0.966592 6.304286
12 0.958808 7.058768
10 0.991290 3.910168
35 0.941600 8.726865
12 1.001313 2.938650
8 0.994025 3.645012
8 1.028368 0.316078
7 1.009531 2.141955
21 0.983900 4.626478
15 0.937137 9.159458
9 0.943804 8.513205
13 0.940003 8.881591
8 0.989065 4.125808
25 0.987825 4.246068
15 0.931806 9.676185
15 0.989613 4.072689
13 0.946856 8.217353
9 0.937937 9.081875
24 0.943418 8.550630
12 0.994021 3.645443
11 0.957624 7.173558
11 0.945196 8.378259
17 0.952921 7.629465
27 0.935246 9.342734
7 0.980572 4.949066
7 0.988447 4.185747
8 0.933193 9.541775
12 0.932486 9.610285
9 0.950574 7.856945
9 0.939132 8.966092
16 0.959815 6.961173
11 0.947813 8.124623
11 0.930138 9.837884
19 0.941595 8.727299
16 0.936321 9.238589
22 0.948225 8.084608
15 0.939699 8.911113
18 1.031393 0.022808
12 0.940918 8.792939
7 1.018673 1.255836
7 1.019181 1.206547
33 0.981372 4.871613
7 1.017875 1.333153
8 1.001376 2.932497
9 0.949643 7.947208
19 0.963321 6.621284
7 0.977447 5.252075
19 0.959417 6.999788
7 0.987869 4.241760
35 0.936214 9.248879
17 0.973666 5.618495
27 0.941124 8.772966
21 0.970545 5.921091
13 0.933313 9.530162
29 0.996591 3.396368
19 0.950518 7.862355
12 1.010644 2.034098
34 0.939758 8.905395
20 0.986423 4.381912
39 0.939482 8.932112
36 0.943214 8.570398
24 0.928539 9.992845
29 0.961748 6.773830
42 0.966366 6.326138
39 0.979270 5.075347
21 0.944211 8.473706
36 0.934002 9.463288
17 0.994209 3.627226
33 0.986620 4.362856
20 0.985890 4.433618
31 0.941719 8.715301
32 0.962627 6.688577
24 0.951615 7.756060
32 0.976605 5.333673
45 0.929397 9.909723
37 0.960089 6.934660
45 0.938636 9.014157
30 0.974114 5.575124
32 0.932480 9.610917
22 0.954856 7.441911
49 0.942641 8.625930
33 1.000752 2.993004
46 0.995142 3.536784
59 0.934594 9.405918
50 0.964394 6.517333
54 0.991772 3.863403
49 0.957250 7.209780
63 0.956926 7.241246
73 0.941491 8.737433
70 0.953019 7.619902
67 0.932842 9.575780
96 0.957795 7.156940
