7 1.015013 1.610593
7 0.932557 9.603388
7 0.945770 8.322586
7 0.998304 3.230246
7 0.942286 8.660352
7 0.996086 3.445294
7 0.978178 5.181218
7 1.013256 1.780941
8 0.988003 4.228796
8 1.012136 1.889510
8 0.992602 3.782953
7 1.007748 2.314866
7 0.961852 6.763725
8 0.960800 6.865742
9 0.992025 3.838972
9 0.945233 8.374630
9 1.013762 1.731869
9 0.960660 6.879259
9 0.964951 6.463366
9 0.997945 3.265030
9 0.950686 7.846128
9 0.932613 9.598015
9 0.964496 6.507408
7 1.005266 2.555379
7 0.985841 4.438331
9 0.936841 9.188131
11 0.941915 8.696267
11 0.980386 4.967182
11 0.939121 8.967131
11 1.004862 2.594557
11 1.027031 0.445621
9 0.955929 7.337903
11 1.024538 0.687292
12 1.018317 1.290344
12 0.939036 8.975392
11 0.985449 4.476358
12 1.023590 0.779163
13 0.930265 9.825614
7 0.934463 9.418689
13 0.950988 7.816804
13 1.026915 0.456905
13 0.935539 9.314324
8 1.013949 1.713705
13 0.954872 7.440277
8 0.949490 7.962035
9 0.983904 4.626154
9 0.962898 6.662374
7 0.994450 3.603851
15 1.019307 1.194338
15 1.017616 1.358313
12 1.028659 0.287837
16 0.956385 7.293674
8 0.972538 5.727833
12 0.950177 7.895413
17 0.969700 6.002995
17 0.966317 6.330883
17 0.978310 5.168408
15 0.957420 7.193355
16 0.969071 6.063905
12 0.957800 7.156481
17 0.930050 9.846403
15 0.961443 6.803387
12 1.027733 0.377609
12 0.978291 5.170254
9 1.001708 2.900269
15 1.030854 0.075048
7 0.994797 3.570215
16 0.947453 8.159517
19 0.972084 5.771848
19 0.998620 3.199610
19 0.972805 5.702032
12 1.030405 0.118596
17 0.958678 7.071347
7 0.938683 9.009586
12 0.956029 7.328129
17 0.964274 6.528961
17 0.962829 6.668998
12 1.026370 0.509733
15 0.997327 3.324995
13 0.946681 8.234345
17 1.001198 2.949747
15 1.008848 2.208168
9 0.984294 4.588284
7 0.936314 9.239223
8 0.935011 9.365535
15 0.955534 7.376113
21 0.957032 7.230976
12 0.943649 8.528250
11 1.002774 2.796977
13 0.956780 7.255382
17 0.934017 9.461884
11 1.024047 0.734863
8 0.950062 7.906546
11 1.017263 1.392467
16 0.978027 5.195813
15 0.971698 5.809335
23 0.936839 9.188296
23 0.951324 7.784222
23 0.998351 3.225711
9 0.989490 4.084682
7 1.015383 1.574715
15 0.939171 8.962308
11 1.011809 1.921196
16 0.976793 5.315409
24 0.995254 3.525954
11 0.935633 9.305251
7 1.001156 2.953852
7 0.931187 9.736164
11 0.991487 3.891124
13 0.970631 5.912745
9 0.992537 3.789295
21 0.951134 7.802644
7 1.024811 0.660808
8 0.960149 6.928758
8 0.951623 7.755306
20 0.980727 4.934115
21 0.956197 7.311858
12 1.023838 0.755144
8 0.971501 5.828441
9 0.930835 9.770365
8 0.945866 8.313323
7 0.951252 7.791264
15 0.932612 9.598047
22 0.990944 3.943682
11 1.019232 1.201640
17 0.973640 5.621040
12 1.025552 0.589057
12 1.018085 1.312789
13 1.011354 1.965327
11 0.935424 9.325452
7 0.966883 6.276091
12 0.933671 9.495465
16 0.977178 5.278132
17 0.969416 6.030481
8 0.992357 3.806722
15 0.949277 7.982676
9 0.933845 9.478511
12 0.974667 5.521535
7 0.969928 5.980854
9 0.995083 3.542492
11 0.966392 6.323656
17 0.976782 5.316476
8 1.031257 0.036049
7 1.013253 1.781205
7 1.022647 0.870643
11 0.929837 9.867106
8 0.990820 3.955685
15 0.946656 8.236772
16 0.958315 7.106566
15 0.947951 8.111205
17 0.995978 3.455750
23 0.937030 9.169857
12 1.002909 2.783935
11 0.938288 9.047904
11 0.955378 7.391317
7 0.987997 4.229339
9 1.027080 0.440933
8 0.933307 9.530692
17 0.936049 9.264893
16 0.966322 6.330389
9 1.031612 0.001602
9 0.975013 5.488002
13 0.950999 7.815754
16 0.979491 5.053892
20 0.977616 5.235602
11 1.013575 1.749997
13 0.989893 4.045625
9 0.962073 6.742318
11 0.978038 5.194735
13 0.989746 4.059883
13 1.017498 1.369732
8 0.995798 3.473240
11 0.993211 3.723966
15 0.928846 9.963106
16 0.951947 7.723820
15 0.960614 6.883689
15 0.976849 5.310036
12 1.025796 0.565335
15 1.020297 1.098421
21 0.965080 6.450820
11 0.971253 5.852401
12 0.959782 6.964360
13 0.968625 6.107229
16 0.957897 7.147139
11 0.973724 5.612883
16 0.980302 4.975281
15 0.986342 4.389844
15 1.009569 2.138272
13 0.945462 8.352450
16 0.995452 3.506766
20 0.943499 8.542711
16 1.001004 2.968587
24 0.974658 5.522374
15 0.959634 6.978690
23 0.992542 3.788801
19 0.994909 3.559320
17 0.932689 9.590619
19 0.997112 3.345776
19 0.957651 7.170967
16 0.936833 9.188904
