7 0.935750 9.293866
7 0.931038 9.750649
7 0.960194 6.924443
7 0.956114 7.319909
7 1.023920 0.747235
8 0.937454 9.128735
8 0.987752 4.253138
8 0.937767 9.098346
8 1.030605 0.099166
9 0.970593 5.916385
9 0.960106 6.932945
9 1.015579 1.555706
9 0.930131 9.838575
9 0.975579 5.433128
7 0.976221 5.370839
9 0.981529 4.856329
9 0.975360 5.454348
7 1.019310 1.194056
11 0.984833 4.536104
11 0.995294 3.522052
11 0.969467 6.025596
11 1.024194 0.720611
11 0.977975 5.200831
11 1.013493 1.757967
11 0.946016 8.298766
11 0.941275 8.758348
12 1.026532 0.493978
7 0.990532 3.983672
12 1.015233 1.589234
7 1.008125 2.278280
12 1.010285 2.068920
11 0.967137 6.251452
7 1.007365 2.352000
9 0.984113 4.605884
9 0.995142 3.536793
13 0.974940 5.495024
13 1.030684 0.091589
12 1.021232 1.007782
13 0.935931 9.276329
13 0.929484 9.901267
13 0.985791 4.443203
7 0.962004 6.748985
11 0.941118 8.773525
8 0.992278 3.814398
13 1.025855 0.559609
13 1.030005 0.157329
7 1.030368 0.122175
7 0.965221 6.437120
7 1.027360 0.413743
13 0.953253 7.597212
13 0.935128 9.354201
15 1.020755 1.054012
15 0.994032 3.644418
15 0.987214 4.305296
12 0.949958 7.916647
8 0.932313 9.627104
16 0.959729 6.969547
16 0.962687 6.682739
11 0.988806 4.150948
16 0.976706 5.323851
11 0.944664 8.429870
13 1.002585 2.815314
8 1.011914 1.910961
9 1.022878 0.848220
13 1.003836 2.694076
13 0.970431 5.932142
13 1.003353 2.740821
17 0.980683 4.938305
17 0.976153 5.377433
17 0.963645 6.589964
11 1.025255 0.617791
17 0.941799 8.707554
11 0.949890 7.923289
8 0.970460 5.929299
17 0.958551 7.083662
9 0.976198 5.373124
7 1.004688 2.611455
13 0.947743 8.131392
11 0.939718 8.909275
11 0.968209 6.147541
7 0.950810 7.834042
9 0.974639 5.524235
12 1.012041 1.898697
9 0.994682 3.581352
16 1.004960 2.585123
13 1.010482 2.049831
8 1.027480 0.402153
13 1.021367 0.994706
7 0.942196 8.669013
12 1.012504 1.853768
9 0.946072 8.293321
11 0.985750 4.447192
19 0.982662 4.746483
20 0.972706 5.711587
19 0.959000 7.040195
12 1.028548 0.298585
13 0.959414 7.000047
13 1.005058 2.575602
7 1.010007 2.095826
7 1.029174 0.237963
11 0.937075 9.165492
12 1.009987 2.097827
15 0.956410 7.291257
7 0.970873 5.889278
12 1.025755 0.569310
9 0.994860 3.564141
11 1.009022 2.191362
7 1.017931 1.327783
8 1.009284 2.165917
12 0.949896 7.922703
9 0.999415 3.122573
19 0.966761 6.287910
8 0.992199 3.822077
19 0.979822 5.021830
7 0.954021 7.522764
23 0.977489 5.247946
12 1.007663 2.323094
19 0.974554 5.532431
19 0.967583 6.208167
15 0.964086 6.547152
9 1.023287 0.808537
12 1.003933 2.684666
15 0.959522 6.989562
15 0.943681 8.525084
15 0.948517 8.056334
19 0.946642 8.238106
17 0.995661 3.486517
15 0.974250 5.561930
12 1.009909 2.105322
9 0.928883 9.959562
13 0.975903 5.401716
16 1.011891 1.913231
13 0.964827 6.475373
7 0.997411 3.316810
17 0.937701 9.104756
15 0.992224 3.819620
17 0.964415 6.515257
11 0.968474 6.121805
7 1.024767 0.665097
12 0.945844 8.315483
7 0.992390 3.803535
17 1.013570 1.750515
11 0.992781 3.765662
8 0.948364 8.071163
11 1.001721 2.899040
21 0.982452 4.766884
20 0.982479 4.764248
17 0.976194 5.373517
7 0.948180 8.088989
11 0.950543 7.859926
9 1.027352 0.414574
13 0.991830 3.857861
16 0.966426 6.320361
16 0.948376 8.070028
8 0.931353 9.720143
9 1.018311 1.290874
9 0.991995 3.841867
7 0.937078 9.165192
11 0.969062 6.064792
16 0.963565 6.597634
8 0.987198 4.306836
16 0.979965 5.007979
13 0.942430 8.646359
11 0.976095 5.383064
9 0.990842 3.953564
7 1.005815 2.502231
9 0.982629 4.749750
9 1.029596 0.197041
13 0.968059 6.162008
19 0.961207 6.826239
20 0.985490 4.472370
13 1.010761 2.022799
19 0.955091 7.419082
12 0.941016 8.783392
9 0.932292 9.629069
9 0.983348 4.680014
13 0.956195 7.312027
13 0.956175 7.314039
15 0.960328 6.911474
17 0.930428 9.809796
12 1.003767 2.700747
21 0.967903 6.177129
13 0.984109 4.606262
15 1.001595 2.911258
15 0.953275 7.595159
23 0.937451 9.129004
13 0.973415 5.642908
17 0.929611 9.888970
15 0.970470 5.928307
16 0.979228 5.079357
17 0.978478 5.152111
23 0.940776 8.806750
15 0.941026 8.782504
19 1.021864 0.946464
19 0.986772 4.348162
17 0.964328 6.523738
19 1.019769 1.149581
19 0.948123 8.094540
23 0.971767 5.802628
29 0.937899 9.085605
