7 1.013579 1.749573
7 0.959643 6.977806
7 1.000659 3.001978
17 0.931253 9.729766
11 0.985854 4.437123
13 1.027157 0.433388
11 0.980729 4.933883
17 0.987300 4.296906
12 1.011626 1.938943
7 1.008364 2.255100
11 0.940725 8.811602
17 1.008834 2.209539
33 0.969394 6.032601
31 0.948546 8.053492
24 0.934111 9.452764
35 0.992562 3.786899
38 1.016100 1.505269
39 0.939265 8.953141
52 0.970817 5.894750
61 0.995171 3.533925
59 0.950276 7.885796
64 0.944933 8.403741
64 0.937074 9.165542
64 0.989180 4.114657
64 0.934883 9.377934
67 1.015149 1.597405
66 0.999468 3.117453
66 0.946585 8.243597
78 1.003102 2.765229
87 0.956069 7.324300
92 0.992845 3.759403
94 0.979268 5.075480
96 1.023735 0.765104
100 0.945237 8.374245
103 0.959010 7.039194
94 1.002620 2.811927
107 0.932012 9.656265
119 1.015611 1.552675
117 1.018606 1.262347
125 1.003859 2.691827
128 1.016786 1.438692
125 1.029998 0.158071
157 0.937576 9.116871
157 0.948293 8.078047
187 0.979644 5.039110
206 0.941475 8.738988
227 1.025462 0.597787
238 0.973405 5.643822
21 1.006292 2.456011
17 1.019396 1.185777
42 0.946812 8.221652
31 1.002418 2.831455
42 1.016504 1.466035
15 0.929319 9.917283
32 0.979393 5.063406
19 1.016250 1.490701
54 0.958714 7.067892
7 0.975486 5.442072
12 1.005010 2.580189
7 0.947946 8.111722
47 1.005689 2.514419
39 1.011995 1.903188
7 1.026063 0.539439
52 0.945051 8.392317
65 0.996705 3.385268
149 0.958260 7.111915
7 0.983621 4.653536
7 1.023518 0.786148
38 0.974157 5.570909
60 1.014643 1.646439
59 1.020920 1.038008
112 0.940293 8.853494
64 0.931270 9.728197
108 1.009042 2.189435
40 0.997064 3.350517
61 1.014536 1.656836
73 0.963467 6.607149
77 0.979375 5.065132
51 0.998601 3.201525
7 1.021949 0.938250
28 0.929040 9.944336
11 0.957491 7.186446
15 1.011448 1.956204
97 0.967433 6.222743
11 0.981306 4.877929
117 0.940223 8.860309
7 0.951210 7.795263
91 1.004677 2.612516
10 0.937202 9.153177
32 0.987901 4.238702
100 1.027221 0.427206
236 0.931929 9.664256
7 0.938058 9.070198
202 0.942465 8.642968
247 0.968513 6.118057
102 0.978316 5.167812
78 0.993563 3.689866
36 1.001533 2.917290
7 0.934027 9.460922
28 0.930700 9.783395
7 0.971649 5.814057
79 0.956817 7.251783
7 0.941147 8.770714
65 0.966925 6.271995
87 0.930195 9.832401
20 0.959266 7.014415
166 1.005525 2.530269
28 1.016345 1.481508
10 0.952417 7.678340
52 0.980026 5.002069
46 0.984918 4.527876
27 0.998822 3.180084
12 1.010184 2.078679
7 1.004042 2.674107
88 1.002676 2.806477
120 0.944571 8.438812
121 1.010577 2.040567
37 1.028645 0.289235
7 0.983774 4.638774
67 0.952134 7.705701
83 0.943740 8.519383
86 0.968772 6.092958
30 0.947693 8.136204
11 1.006963 2.390902
96 0.947089 8.194732
89 0.945338 8.364525
110 0.979390 5.063645
47 1.030119 0.146321
132 1.028926 0.261966
111 0.933632 9.499195
67 1.006809 2.405810
104 0.993500 3.695937
74 1.002125 2.859900
109 0.969483 6.024055
219 0.987501 4.277469
165 1.022567 0.878360
21 1.018674 1.255764
44 0.990110 4.024575
7 0.969048 6.066169
176 0.976106 5.382008
7 0.978589 5.141299
41 0.990016 4.033690
95 0.940356 8.847385
89 0.948779 8.030953
142 0.986804 4.345012
105 0.964591 6.498181
66 0.929294 9.919683
51 0.938908 8.987816
72 0.973430 5.641426
101 0.938455 9.031655
17 0.968000 6.167767
22 0.991439 3.895771
13 0.968572 6.112358
58 0.975003 5.488918
64 0.945679 8.331433
143 0.987988 4.230286
49 1.014564 1.654170
29 1.017697 1.350474
39 1.018806 1.242904
30 0.984124 4.604806
263 1.012339 1.869818
279 0.942231 8.665638
80 1.020944 1.035718
181 0.975193 5.470480
15 0.972875 5.695181
30 0.932205 9.637488
16 0.955563 7.373372
68 1.026352 0.511460
7 0.942357 8.653406
59 0.931509 9.704983
31 0.942873 8.603409
88 1.018170 1.304564
31 0.989933 4.041715
66 0.974393 5.548042
7 0.942920 8.598915
56 0.959949 6.948213
32 0.975598 5.431299
17 0.969500 6.022342
9 0.950030 7.909636
126 0.964053 6.550342
24 1.000514 3.016029
33 0.977526 5.244371
217 0.969797 5.993581
24 1.010167 2.080358
101 1.018925 1.231438
308 0.931365 9.718906
7 0.980790 4.927993
75 0.947184 8.185564
121 0.953317 7.591093
176 0.994534 3.595720
114 1.001565 2.914198
385 0.956286 7.303245
40 0.977581 5.239059
16 0.965696 6.391105
125 0.943407 8.551709
124 1.015808 1.533563
42 1.031190 0.042535
85 1.003475 2.729043
97 0.946950 8.208277
16 1.014884 1.623065
34 0.974226 5.564228
45 0.959848 6.958000
79 1.018947 1.229304
43 1.022849 0.850983
86 0.952055 7.713404
83 0.931850 9.671930
9 0.947761 8.129572
177 0.983459 4.669245
62 0.966866 6.277735
38 0.984446 4.573622
79 1.003739 2.703408
45 0.976103 5.382264
72 0.952800 7.641170
79 0.959147 7.025941
229 0.966690 6.294731
46 0.956667 7.266330
64 0.981778 4.832207
18 0.961508 6.797108
107 0.939553 8.925207
42 0.939705 8.910565
31 0.941988 8.689256
66 0.968095 6.158534
15 1.019689 1.157369
71 0.966476 6.315509
12 0.938926 8.985998
37 1.025194 0.623732
21 0.957135 7.220912
7 0.980142 4.990773
7 0.962405 6.710150
9 1.001893 2.882424
25 0.975908 5.401208
84 0.988959 4.136146
13 0.966971 6.267508
51 0.997983 3.261407
136 0.936662 9.205496
104 1.005983 2.485902
196 0.936269 9.243612
145 0.954355 7.490476
169 0.999164 3.146929
50 0.976884 5.306635
32 0.988419 4.188490
10 0.974256 5.561377
70 0.996902 3.366144
9 0.940100 8.872209
74 0.977846 5.213355
52 0.987722 4.256036
119 0.971790 5.800348
7 0.986666 4.358363
17 0.975264 5.463672
29 1.001678 2.903192
24 1.022066 0.926974
7 0.935418 9.326032
48 0.966257 6.336772
35 0.937295 9.144105
43 1.022410 0.893600
44 0.977458 5.250945
57 1.007492 2.339692
83 1.016236 1.492083
65 1.031352 0.026815
14 0.942983 8.592769
7 1.019971 1.129990
103 0.985462 4.475073
84 1.024557 0.685456
28 1.009277 2.166613
7 1.017908 1.329950
28 0.990438 3.992768
105 1.025315 0.612002
40 0.956224 7.309225
115 1.030874 0.073167
106 0.975861 5.405776
40 0.956678 7.265297
63 1.004028 2.675393
58 1.021304 1.000776
18 0.943215 8.570271
146 0.957795 7.156935
42 0.938063 9.069647
168 0.945708 8.328618
19 0.976116 5.381046
62 0.934425 9.422315
7 0.959904 6.952559
54 0.986747 4.350504
15 0.946653 8.237003
216 0.977577 5.239384
104 0.951484 7.768735
46 0.982471 4.765036
173 0.981872 4.823136
135 0.983976 4.619162
141 1.009105 2.183315
7 0.990968 3.941421
197 0.959521 6.989638
135 0.979386 5.064044
72 0.964251 6.531195
7 0.984698 4.549158
257 0.963897 6.565532
7 1.028178 0.334487
100 1.021621 0.970029
106 0.937354 9.138431
109 0.946011 8.299271
111 0.976301 5.363081
29 0.990219 4.013946
17 0.999126 3.150586
33 0.931516 9.704359
38 0.951627 7.754881
47 0.952390 7.680871
24 0.995269 3.524502
15 0.935678 9.300918
20 0.946329 8.268388
7 0.930028 9.848534
53 0.949876 7.924600
43 1.007281 2.360126
134 1.020843 1.045522
24 0.964332 6.523288
103 1.024423 0.698450
14 0.978636 5.136734
125 0.976011 5.391211
48 0.992642 3.779109
40 1.004002 2.677931
70 0.996915 3.364922
14 0.971282 5.849634
19 1.018815 1.242082
26 0.964592 6.498158
40 0.999113 3.151891
89 0.948201 8.086930
36 0.996950 3.361485
7 1.028780 0.276089
69 1.022466 0.888166
50 0.954500 7.476369
28 0.950381 7.875697
120 0.935787 9.290353
294 0.953795 7.544746
194 0.937753 9.099748
204 1.007755 2.314164
275 1.008440 2.247708
12 0.994292 3.619187
107 0.950083 7.904570
11 0.988996 4.132491
20 0.996471 3.407988
92 1.018951 1.228916
70 1.022566 0.878463
39 1.014311 1.678626
49 0.938679 9.009943
68 0.949520 7.959072
49 0.996651 3.390508
41 0.992507 3.792183
33 0.949997 7.912894
7 0.996131 3.440876
57 0.936445 9.226554
88 1.008750 2.217680
7 1.023828 0.756111
125 0.960187 6.925144
7 1.023799 0.758967
7 1.002090 2.863317
158 1.029624 0.194303
76 0.946468 8.254990
43 0.989237 4.109220
55 0.986093 4.413894
64 0.959514 6.990322
20 0.932685 9.590963
143 0.967655 6.201212
27 0.931651 9.691270
24 0.930250 9.827006
7 1.013728 1.735120
29 0.970560 5.919571
34 1.025483 0.595725
70 0.928469 9.999665
33 0.928619 9.985151
11 0.954634 7.463385
75 0.957076 7.226639
60 0.948862 8.022918
9 1.003827 2.694905
30 0.991744 3.866151
13 1.010991 2.000448
8 0.987681 4.259964
20 1.010980 2.001546
64 0.953534 7.569980
72 0.962535 6.697535
141 0.943766 8.516830
21 1.026277 0.518757
31 0.984870 4.532504
95 0.978766 5.124177
62 0.988639 4.167187
136 1.008696 2.222978
7 1.010933 2.006103
9 0.935781 9.290866
94 1.024504 0.690624
22 0.985860 4.436537
45 1.024978 0.644687
78 0.979892 5.014987
19 1.023775 0.761264
62 0.940221 8.860520
59 0.951047 7.811063
100 1.004300 2.649038
18 1.027591 0.391376
142 0.990099 4.025650
9 0.935751 9.293784
40 0.982965 4.717121
42 0.954638 7.462973
9 0.961498 6.798020
127 0.936453 9.225707
110 1.019281 1.196891
16 0.954119 7.513348
124 1.021530 0.978854
55 0.980059 4.998830
31 0.979923 5.012069
44 0.936867 9.185589
28 0.969184 6.052952
7 0.934445 9.420368
34 1.025759 0.568915
7 0.952912 7.630308
119 0.989904 4.044495
63 0.936776 9.194443
64 0.980739 4.932910
92 0.964117 6.544137
7 1.009809 2.115060
22 0.964504 6.506683
7 1.011233 1.977029
86 1.002453 2.828066
15 0.954334 7.492489
59 0.983968 4.619877
10 0.970611 5.914645
64 0.993423 3.703369
7 0.951892 7.729165
153 0.997287 3.328845
39 0.959868 6.955996
173 0.981516 4.857629
276 0.937373 9.136546
27 0.935209 9.346354
327 1.021056 1.024871
310 0.960936 6.852513
103 0.942059 8.682336
23 1.021332 0.998101
134 1.014708 1.640132
7 0.973177 5.665923
89 1.029434 0.212711
14 0.977289 5.267372
153 0.944476 8.448083
149 1.011073 1.992535
16 0.978078 5.190879
7 1.021538 0.978111
58 0.982286 4.782971
44 1.007759 2.313794
130 0.970883 5.888288
194 0.986067 4.416497
217 1.031574 0.005232
252 1.014656 1.645230
7 0.988358 4.194360
12 1.005004 2.580805
25 0.979380 5.064656
25 0.967831 6.184170
36 0.995099 3.540963
113 0.981767 4.833261
34 1.008563 2.235798
298 1.006322 2.453102
9 1.026800 0.467999
44 1.015472 1.566090
36 1.009946 2.101775
89 0.967890 6.178417
7 0.991725 3.868026
33 1.025242 0.619054
63 0.948835 8.025499
108 0.972098 5.770490
7 1.014546 1.655863
75 0.994368 3.611816
16 1.005242 2.557714
112 0.976532 5.340754
59 0.973153 5.668269
205 1.020638 1.065395
42 1.005066 2.574841
201 1.002334 2.839626
68 1.018521 1.270561
72 1.009218 2.172363
258 0.974587 5.529221
57 0.935239 9.343468
30 0.983763 4.639776
33 0.929844 9.866432
19 1.030751 0.085050
239 0.948693 8.039320
7 0.948311 8.076298
244 0.935447 9.323282
112 1.017084 1.409824
142 0.937101 9.162947
38 0.943011 8.590059
31 0.954042 7.520791
186 0.938415 9.035519
124 1.024893 0.652849
119 0.931944 9.662785
127 0.934801 9.385867
9 0.980302 4.975256
10 0.999294 3.134292
12 0.978522 5.147865
125 0.977483 5.248567
133 0.957877 7.148995
16 0.991977 3.843582
86 1.011315 1.969089
66 0.985973 4.425582
37 0.947459 8.158877
7 0.966754 6.288511
79 1.015213 1.591257
35 0.954458 7.480426
25 0.943582 8.534667
66 1.009501 2.144858
9 1.023088 0.827845
84 0.992317 3.810579
55 0.977686 5.228889
35 0.949280 7.982387
52 0.935962 9.273339
36 0.932324 9.626013
7 1.022664 0.868953
42 0.961703 6.778205
107 1.010967 2.002777
16 0.995842 3.468898
58 0.929136 9.935043
169 1.022369 0.897533
56 0.983920 4.624549
57 0.947860 8.119991
106 0.935244 9.342932
10 0.944505 8.445269
24 0.955142 7.414132
64 0.938551 9.022335
58 0.942839 8.606730
178 0.998680 3.193825
288 1.027666 0.384057
123 0.983710 4.644925
183 0.969512 6.021239
18 1.025496 0.594430
130 1.016977 1.420231
52 1.001004 2.968539
52 0.954712 7.455794
72 0.989663 4.067917
7 1.030654 0.094432
67 0.999206 3.142810
56 1.019734 1.152962
15 1.029014 0.253477
7 1.029039 0.251035
7 0.958345 7.103663
22 1.028158 0.336443
79 1.015612 1.552572
29 1.026780 0.469999
48 1.005125 2.569114
112 0.964225 6.533694
7 0.932449 9.613890
15 1.014195 1.689935
173 0.944817 8.414985
196 0.978049 5.193645
47 0.993310 3.714358
61 0.949224 7.987803
66 0.975532 5.437673
10 1.021316 0.999584
31 1.025722 0.572580
92 0.940322 8.850663
44 0.964334 6.523118
78 0.982193 4.792026
93 1.018637 1.259305
26 0.964527 6.504462
7 1.002356 2.837459
7 0.945547 8.344197
259 1.019994 1.127805
40 0.985357 4.485320
7 0.980861 4.921066
7 0.942118 8.676646
14 1.002822 2.792327
36 1.002857 2.788911
10 1.000221 3.044480
137 0.963762 6.578590
97 0.933821 9.480869
7 0.974652 5.522950
65 0.962997 6.652726
8 0.978869 5.114193
60 1.029324 0.223395
112 0.936376 9.233221
131 0.991016 3.936774
282 1.002296 2.843348
69 1.024183 0.721708
263 0.983488 4.666473
240 0.933814 9.481575
153 0.958332 7.104961
7 0.955781 7.352206
52 0.956200 7.311563
7 1.020962 1.033971
34 1.025401 0.603665
118 0.958030 7.134190
30 1.029831 0.174233
49 0.951342 7.782468
49 0.937605 9.114077
88 0.932349 9.623581
32 0.976361 5.357317
154 1.005024 2.578850
9 0.940727 8.811471
64 1.013610 1.746565
105 0.967923 6.175184
59 0.951308 7.785818
69 0.987349 4.292187
76 1.011003 1.999284
13 0.931597 9.696476
13 0.985244 4.496226
27 0.934622 9.403262
13 0.930285 9.823665
271 1.009137 2.180233
94 1.022499 0.884961
130 0.979859 5.018261
40 0.989842 4.050572
16 1.012670 1.837741
19 0.935456 9.322438
25 0.964179 6.538122
42 0.977116 5.284093
22 0.962196 6.730418
183 0.961217 6.825312
133 0.940253 8.857379
191 0.994389 3.609764
33 0.973346 5.649545
253 0.980357 4.969913
15 0.999037 3.159243
18 1.013573 1.750153
59 0.955056 7.422453
20 1.021259 1.005187
32 1.022988 0.837544
58 0.971845 5.795068
116 0.953075 7.614479
58 1.012665 1.838179
107 1.026531 0.494115
22 0.989506 4.083115
7 0.947087 8.194947
159 1.001811 2.890280
67 0.973076 5.675768
7 1.009245 2.169709
60 1.021896 0.943433
48 0.991072 3.931288
27 1.023793 0.759489
11 0.938524 9.025006
7 0.959459 6.995669
24 1.000161 3.050289
294 0.930276 9.824546
93 0.940834 8.801110
82 0.941981 8.689938
119 0.945266 8.371456
66 0.973697 5.615511
7 1.025491 0.594939
82 0.937296 9.144080
138 0.955323 7.396600
425 1.011358 1.964853
70 0.998577 3.203781
7 0.972026 5.777531
65 1.015235 1.589048
32 0.943920 8.501946
89 1.030890 0.071558
7 0.959386 7.002803
17 1.021019 1.028449
12 0.954725 7.454535
97 0.953836 7.540727
7 0.967058 6.259125
67 0.941566 8.730129
7 0.989282 4.104862
45 0.983221 4.692376
159 0.990122 4.023394
162 1.019832 1.143503
7 0.959857 6.957105
102 0.997077 3.349250
54 0.992106 3.831054
32 0.990430 3.993575
39 1.005392 2.543195
7 0.984692 4.549779
76 1.029989 0.158911
53 0.972461 5.735298
62 0.949390 7.971664
26 1.027650 0.385645
7 1.000882 2.980414
72 0.932497 9.609198
55 0.964511 6.506008
70 0.936438 9.227225
140 1.025154 0.627552
162 0.941516 8.734991
133 0.943529 8.539802
36 0.944300 8.465116
59 1.020296 1.098517
36 0.960457 6.898917
23 0.960689 6.876443
119 1.010987 2.000817
17 1.022946 0.841647
142 0.994935 3.556859
12 0.943535 8.539306
7 0.962660 6.685439
40 0.966929 6.271580
12 0.932358 9.622649
120 0.952874 7.633991
54 0.966192 6.343070
142 0.955036 7.424454
81 0.980276 4.977800
115 0.963486 6.605367
99 0.930291 9.823077
28 1.004456 2.633901
59 0.969311 6.040714
35 0.954201 7.505380
37 0.928483 9.998279
22 0.952781 7.643005
46 0.947855 8.120552
91 1.023870 0.752058
83 1.014183 1.691091
48 0.943564 8.536412
115 0.933603 9.502015
48 0.929021 9.946121
31 0.936270 9.243507
21 0.983403 4.674736
93 0.934419 9.422922
40 0.940562 8.827476
58 0.940444 8.838924
34 0.990293 4.006824
85 0.975002 5.489060
41 0.939038 8.975152
67 0.983416 4.673443
12 0.989530 4.080801
54 1.002481 2.825413
83 0.966088 6.353076
55 1.018145 1.306967
54 0.975919 5.400102
167 0.987426 4.284715
7 0.941655 8.721535
114 0.931945 9.662763
147 0.983112 4.702853
52 1.013548 1.752620
277 0.972511 5.730451
94 0.974239 5.562997
76 0.959814 6.961247
32 0.940795 8.804861
69 0.996487 3.406408
41 0.990150 4.020706
13 0.975721 5.419296
9 0.929620 9.888066
78 0.946711 8.231426
25 0.931423 9.713328
31 1.008681 2.224350
19 0.998608 3.200770
66 1.026312 0.515357
35 0.975291 5.461053
58 1.027023 0.446418
63 0.958042 7.132998
15 1.021970 0.936245
9 1.022880 0.848048
302 0.970887 5.887928
116 0.995692 3.483482
50 0.970394 5.935725
103 0.979269 5.075387
15 1.001292 2.940681
15 1.009502 2.144820
36 0.947899 8.116236
7 0.964685 6.489094
106 0.964220 6.534149
59 0.952204 7.698929
119 0.956479 7.284555
17 0.932738 9.585870
7 0.967180 6.247233
17 0.986193 4.404244
81 1.009099 2.183917
26 0.942779 8.612582
149 0.960990 6.847263
48 0.979966 5.007833
32 0.929360 9.913269
18 0.932196 9.638445
7 0.928940 9.954013
87 0.987559 4.271819
49 0.981880 4.822356
322 1.000786 2.989709
51 0.937635 9.111210
7 0.963806 6.574357
29 0.979877 5.016499
218 0.968104 6.157658
36 0.960866 6.859332
144 0.938849 8.993469
71 1.030387 0.120297
127 0.968372 6.131728
7 0.947831 8.122829
51 0.973968 5.589241
8 0.943524 8.540365
54 0.992401 3.802518
29 1.025487 0.595363
37 0.967528 6.213496
47 1.008403 2.251386
75 0.965218 6.437473
32 0.983716 4.644308
45 0.967302 6.235476
100 1.030512 0.108227
26 0.974774 5.511133
26 1.012511 1.853123
75 0.929373 9.912059
21 0.971961 5.783785
58 0.981476 4.861437
7 0.929049 9.943405
19 0.938881 8.990357
76 0.987339 4.293154
59 0.967417 6.224312
204 0.953903 7.534201
10 0.940793 8.805040
96 1.014230 1.686512
49 1.017273 1.391527
17 0.954780 7.449196
127 0.949348 7.975795
56 1.024949 0.647500
7 0.954540 7.472515
109 1.000708 2.997276
24 0.977674 5.229988
60 0.974740 5.514431
63 0.971979 5.782069
88 0.934424 9.422412
76 0.978100 5.188731
35 1.018880 1.235754
41 0.957489 7.186665
47 0.986783 4.347021
68 1.027316 0.417989
13 1.029481 0.208146
41 0.969854 5.988065
68 0.928686 9.978635
45 0.983092 4.704854
31 1.007075 2.380056
17 1.019081 1.216253
98 0.954157 7.509648
23 0.934904 9.375857
290 0.983297 4.684921
120 0.955801 7.350306
88 1.026714 0.476338
44 1.028562 0.297224
80 0.952432 7.676818
7 0.963726 6.582083
99 0.946724 8.230112
13 0.945812 8.318549
23 0.989367 4.096620
32 0.964949 6.463498
32 0.971114 5.865888
51 1.027511 0.399139
48 0.946095 8.291104
15 0.933494 9.512605
11 0.990846 3.953256
13 1.021672 0.965146
20 1.017402 1.379055
196 0.982479 4.764243
26 1.005495 2.533249
18 1.018583 1.264537
15 0.962353 6.715109
22 0.983687 4.647162
189 0.972682 5.713880
43 1.024161 0.723841
51 0.981104 4.897582
7 0.978046 5.193950
7 0.995339 3.517721
66 0.937444 9.129727
7 0.933211 9.539982
272 0.950844 7.830808
22 0.937110 9.162033
169 0.981775 4.832462
112 1.007368 2.351639
34 0.960298 6.914341
61 0.960267 6.917388
24 1.023062 0.830376
137 0.980281 4.977337
7 0.964258 6.530534
16 1.020002 1.126958
59 0.932925 9.567719
24 0.954053 7.519667
7 1.022199 0.914013
174 1.017959 1.325062
13 0.982393 4.772566
50 1.006110 2.473597
7 1.012072 1.895649
77 0.950989 7.816702
113 0.997109 3.346078
122 0.989442 4.089330
32 0.983372 4.677650
36 0.939796 8.901702
106 1.016616 1.455209
41 0.954487 7.477633
59 0.966135 6.348526
60 0.930886 9.765424
17 0.998380 3.222922
74 0.990397 3.996699
7 0.967220 6.243333
126 0.978956 5.105788
109 0.945934 8.306730
9 1.028461 0.307022
76 0.950122 7.900717
40 0.931810 9.675807
32 0.950465 7.867479
7 0.944966 8.400538
7 0.995328 3.518785
121 1.012789 1.826212
38 0.999940 3.071653
194 1.031163 0.045163
63 0.980450 4.960969
20 1.004673 2.612919
15 1.009377 2.156924
83 0.930884 9.765574
29 1.029522 0.204232
59 1.001491 2.921389
143 1.028804 0.273784
16 1.024016 0.737913
56 0.936883 9.184059
7 0.933267 9.534575
7 0.942345 8.654623
147 1.019780 1.148501
24 0.995865 3.466716
25 0.929495 9.900172
25 1.013208 1.785604
94 1.016750 1.442203
7 0.944334 8.461764
30 1.014735 1.637517
39 0.967188 6.246460
10 1.025073 0.635470
145 0.936452 9.225811
21 0.947363 8.168163
8 0.940738 8.810405
71 0.976087 5.383826
7 0.933391 9.522582
10 0.930983 9.755955
155 0.987273 4.299545
7 0.972539 5.727832
15 0.962351 6.715347
100 1.000150 3.051318
7 0.952534 7.666963
25 1.018902 1.233580
7 0.969971 5.976674
34 0.964444 6.512506
23 1.018077 1.313623
88 0.976488 5.344970
97 0.959106 7.029902
53 0.973992 5.586930
38 0.988398 4.190508
117 0.996078 3.446030
17 0.978230 5.176108
86 0.934624 9.403011
202 0.994455 3.603362
7 1.015467 1.566584
25 1.025607 0.583685
83 0.968344 6.134469
108 0.976907 5.304337
12 0.974061 5.580217
65 1.001640 2.906935
21 0.932854 9.574567
140 1.028005 0.351235
12 1.027415 0.408405
229 0.970467 5.928589
10 0.993103 3.734383
221 0.973003 5.682819
7 1.021771 0.955507
32 0.931303 9.724944
33 0.982215 4.789889
117 1.018632 1.259779
25 0.946322 8.269091
26 0.931314 9.723928
33 0.982415 4.770421
16 0.996909 3.365498
169 0.937720 9.102955
7 0.961650 6.783325
7 0.961197 6.827254
58 0.942581 8.631741
7 0.994344 3.614096
69 0.967848 6.182490
85 1.031314 0.030511
40 1.020474 1.081209
8 0.956228 7.308830
12 1.011420 1.958868
7 1.007762 2.313453
311 0.935833 9.285827
38 0.996610 3.394460
39 0.966427 6.320281
31 0.996764 3.379579
9 1.002389 2.834284
26 1.017576 1.362208
16 0.978260 5.173204
41 1.022171 0.916798
63 0.961458 6.801913
32 0.944989 8.398328
30 0.964023 6.553277
7 0.955931 7.337697
73 0.952080 7.710965
13 0.939721 8.908922
88 1.015419 1.571260
59 0.971061 5.871023
127 0.950303 7.883215
18 0.929565 9.893449
137 1.010176 2.079480
96 0.955905 7.340174
56 1.002953 2.779615
35 0.937604 9.114148
16 0.958752 7.064198
88 1.015393 1.573803
40 1.021629 0.969261
33 1.018587 1.264150
333 1.028030 0.348840
11 1.002294 2.843488
228 1.021498 0.982020
135 0.979398 5.062928
110 1.027940 0.357522
60 1.020076 1.119852
106 0.978907 5.110523
180 0.985036 4.516406
21 0.964811 6.476872
104 0.966971 6.267532
97 0.996608 3.394679
26 1.021919 0.941213
42 0.968238 6.144717
7 0.963034 6.649143
20 0.997254 3.332098
17 0.949771 7.934734
146 1.025594 0.584905
28 1.025110 0.631860
236 0.962057 6.743894
42 1.002193 2.853345
61 0.975237 5.466224
103 0.981715 4.838320
7 0.994747 3.575034
347 0.946838 8.219110
59 1.030092 0.148941
25 0.972067 5.773532
124 0.960773 6.868336
101 0.943583 8.534601
7 0.954220 7.503480
12 1.025629 0.581518
29 0.976213 5.371621
45 0.945071 8.390372
51 0.992464 3.796386
9 0.986626 4.362317
45 0.990772 3.960363
117 1.026300 0.516474
7 1.025742 0.570630
15 1.010671 2.031521
173 0.942887 8.602121
60 0.949364 7.974250
44 1.015339 1.579017
28 0.999535 3.110918
61 1.024904 0.651830
60 0.959040 7.036331
12 0.928501 9.996578
82 0.980167 4.988412
109 0.948523 8.055762
27 1.011586 1.942826
24 0.972060 5.774200
426 1.030588 0.100829
24 1.014618 1.648934
259 0.968378 6.131120
35 0.961368 6.810673
7 0.958039 7.133318
22 0.957746 7.161692
44 0.935917 9.277707
45 0.971170 5.860529
124 1.023463 0.791529
29 0.961270 6.820129
205 0.973941 5.591887
38 1.018164 1.305189
7 0.934444 9.420443
7 1.023325 0.804928
158 0.929814 9.869301
96 0.972814 5.701165
13 0.993549 3.691207
84 0.976162 5.376567
100 1.010441 2.053813
7 1.027874 0.363975
55 0.936174 9.252770
41 1.011889 1.913428
606 0.975728 5.418665
16 1.008288 2.262514
48 0.962133 6.736460
36 1.021528 0.979118
21 0.945053 8.392074
33 0.981738 4.836085
130 0.936915 9.180927
20 0.951908 7.727616
75 1.004270 2.651961
12 0.940289 8.853864
28 0.944121 8.482414
39 1.031244 0.037275
7 0.953893 7.535178
15 1.030620 0.097786
61 0.965601 6.400316
38 0.944878 8.409099
110 0.974257 5.561281
81 0.966494 6.313799
39 0.955412 7.387985
14 0.984818 4.537499
47 1.011971 1.905500
17 0.993346 3.710912
90 0.954490 7.477375
7 1.011099 1.990030
89 0.930660 9.787296
165 0.961309 6.816310
237 0.960224 6.921576
7 0.983069 4.707032
23 0.986033 4.419773
34 1.017372 1.381948
7 1.020904 1.039558
184 1.023612 0.777027
19 1.026135 0.532509
7 1.010576 2.040738
9 0.958649 7.074160
9 1.006782 2.408473
26 0.957657 7.170394
26 1.002452 2.828206
49 0.967910 6.176506
21 0.962450 6.705797
82 0.947540 8.151052
79 1.024409 0.699841
319 0.953440 7.579146
19 0.948845 8.024528
49 0.939893 8.892294
54 0.943355 8.556719
58 0.967186 6.246631
7 0.996501 3.405088
53 0.961025 6.843882
30 1.006132 2.471524
48 0.987347 4.292404
24 0.964890 6.469231
26 0.976052 5.387228
112 1.012067 1.896162
126 0.944043 8.489999
25 0.990530 3.983807
211 0.950224 7.890880
23 0.930403 9.812174
67 1.004567 2.623188
181 1.028669 0.286892
330 0.980030 5.001684
7 0.979188 5.083255
61 1.019856 1.141165
97 1.019366 1.188686
122 0.960779 6.867731
35 0.970464 5.928891
77 0.999282 3.135441
40 0.995886 3.464671
44 0.951795 7.738559
7 0.928673 9.979848
22 0.971192 5.858308
7 0.993272 3.718019
37 0.960329 6.911340
7 1.014843 1.627044
7 0.930999 9.754427
7 0.976879 5.307073
23 1.016498 1.466668
216 0.937576 9.116851
7 0.950926 7.822853
82 0.979191 5.082933
27 0.941185 8.767053
83 1.018246 1.297237
78 0.974798 5.508851
193 1.031430 0.019218
59 0.992284 3.813863
101 1.030662 0.093663
75 0.969461 6.026103
7 0.995803 3.472697
57 0.951664 7.751293
19 0.969370 6.034951
63 1.008292 2.262073
26 0.992228 3.819261
14 0.995094 3.541470
87 0.996773 3.378680
63 0.954079 7.517203
46 0.972410 5.740294
12 0.988707 4.160587
7 0.930182 9.833625
8 0.964110 6.544799
29 1.012405 1.863424
89 0.960716 6.873793
13 0.975483 5.442409
69 1.012047 1.898099
353 0.979169 5.085109
46 0.956159 7.315539
27 0.940823 8.802104
238 1.010508 2.047319
66 0.979196 5.082461
172 0.989894 4.045516
11 0.929805 9.870128
128 1.022720 0.863503
98 0.972622 5.719695
52 0.982412 4.770745
145 0.994846 3.565464
29 0.973692 5.616013
32 0.999631 3.101604
130 0.947973 8.109027
7 0.958981 7.042022
33 1.028573 0.296158
147 0.948275 8.079801
20 1.018365 1.285723
43 0.996531 3.402133
68 1.014519 1.658478
10 0.950067 7.906072
82 1.001767 2.894629
27 0.969200 6.051483
49 0.945963 8.303909
45 0.947706 8.134944
20 1.011752 1.926741
34 0.936466 9.224450
18 0.970701 5.905969
83 0.933885 9.474688
7 0.930439 9.808716
84 0.932892 9.570978
30 0.985047 4.515346
20 1.029151 0.240190
24 0.967483 6.217865
7 0.962576 6.693528
7 0.946599 8.242250
56 0.984433 4.574875
36 0.990885 3.949476
172 0.936421 9.228810
146 0.991280 3.911104
15 0.936831 9.189144
109 0.964514 6.505716
37 0.949449 7.966003
89 1.021445 0.987163
15 0.997923 3.267172
117 1.016162 1.499206
62 0.957780 7.158402
17 1.031505 0.012011
42 0.958040 7.133259
10 0.973349 5.649266
14 0.932784 9.581394
96 0.951875 7.730855
28 0.929825 9.868194
187 0.983022 4.711593
7 0.973096 5.673833
9 0.975158 5.473881
184 0.982238 4.787629
69 0.934969 9.369571
237 0.935094 9.357456
39 1.007872 2.302854
75 0.934954 9.371028
76 0.949644 7.947059
99 0.962214 6.728663
77 0.968700 6.099927
34 0.959735 6.968974
19 0.999025 3.160383
54 1.003514 2.725288
126 1.008107 2.280066
63 1.023386 0.798956
61 1.020314 1.096724
145 0.952923 7.629292
18 1.030123 0.145967
25 1.012687 1.836060
15 0.993222 3.722878
129 1.027152 0.433890
115 1.015181 1.594311
13 1.002029 2.869161
34 0.977238 5.272243
51 0.979972 5.007273
224 0.974737 5.514731
126 0.962933 6.658935
44 0.976904 5.304622
199 1.011127 1.987256
20 0.969126 6.058589
71 0.943297 8.562341
87 0.936290 9.241527
40 0.996549 3.400430
148 0.991815 3.859290
339 0.932266 9.631638
54 0.947523 8.152701
56 1.004636 2.616468
8 1.019621 1.163894
7 1.021793 0.953399
79 0.980808 4.926195
16 1.023623 0.775984
134 0.979712 5.032517
9 0.973687 5.616509
103 0.960123 6.931289
173 0.983045 4.709426
7 0.986902 4.335510
9 0.957713 7.164943
9 0.947717 8.133923
111 0.966428 6.320109
41 0.978389 5.160685
11 0.998371 3.223764
15 1.020717 1.057708
82 1.031413 0.020901
14 0.992210 3.821005
29 0.941424 8.743863
36 0.994236 3.624642
7 0.933756 9.487208
48 0.980065 4.998263
19 1.021787 0.953985
33 0.956639 7.269013
7 1.023577 0.780507
57 0.971774 5.801943
7 0.939390 8.941033
50 0.996559 3.399390
29 0.934492 9.415812
105 0.976304 5.362865
43 1.027622 0.388391
40 1.012222 1.881179
46 0.936091 9.260883
8 1.024758 0.665989
7 0.932182 9.639800
52 0.942218 8.666914
42 1.029587 0.197859
25 1.011645 1.937097
67 0.944273 8.467687
12 0.970756 5.900661
18 0.959856 6.957197
96 0.967311 6.234529
129 0.966035 6.358206
61 0.937617 9.112923
38 0.946694 8.233009
11 1.024584 0.682880
42 0.962774 6.674366
49 0.981542 4.855114
7 0.999967 3.069103
9 1.026488 0.498284
7 0.997166 3.340588
174 0.940284 8.854375
425 0.991949 3.846316
51 0.956355 7.296589
19 0.986224 4.401269
24 1.024374 0.703199
153 1.004079 2.670448
48 1.008260 2.265162
27 0.953601 7.563566
7 0.992801 3.763667
20 0.997679 3.290873
45 1.022201 0.913824
60 0.965141 6.444923
105 0.965569 6.403450
183 0.975656 5.425597
96 0.982446 4.767438
70 1.013236 1.782816
7 0.933668 9.495693
98 0.946373 8.264143
17 0.929516 9.898210
228 0.974054 5.580906
168 0.981862 4.824112
98 1.007886 2.301432
28 0.973907 5.595222
20 1.018733 1.249982
7 0.948159 8.091035
82 0.958813 7.058257
98 0.945049 8.392538
113 0.978671 5.133376
19 0.947970 8.109366
78 0.994856 3.564531
108 0.993707 3.675885
7 0.971000 5.876935
121 0.978730 5.127678
57 1.011412 1.959704
22 1.014430 1.667132
260 0.973234 5.660375
62 0.966844 6.279808
17 0.993414 3.704257
7 0.966346 6.328068
271 1.002334 2.839601
146 1.019449 1.180558
13 0.986706 4.354532
86 1.008798 2.213047
60 0.957645 7.171551
60 0.955945 7.336311
33 1.009019 2.191604
59 1.008624 2.229933
14 1.019640 1.162077
18 0.963812 6.573731
18 0.979052 5.096471
42 0.931953 9.661943
26 0.967124 6.252720
60 0.991097 3.928846
56 0.952528 7.667505
67 0.948188 8.088218
108 0.929122 9.936383
74 0.941339 8.752144
127 1.016926 1.425169
7 1.019553 1.170539
65 0.962761 6.675575
51 0.955839 7.346612
167 0.952244 7.695070
63 0.977166 5.279281
247 0.947658 8.139646
232 0.961944 6.754760
55 1.017693 1.350806
147 1.030582 0.101428
28 1.012621 1.842502
7 0.948470 8.060915
7 0.969035 6.067437
31 0.958174 7.120246
55 1.026999 0.448706
113 0.988735 4.157804
7 0.973480 5.636584
146 0.990114 4.024161
92 0.939222 8.957367
37 1.007095 2.378103
12 0.975121 5.477542
324 0.950879 7.827421
7 0.975359 5.454436
7 0.951512 7.766009
7 0.963195 6.633534
116 0.970758 5.900414
46 1.022763 0.859358
114 0.987095 4.316799
70 0.942690 8.621140
23 0.948076 8.099076
74 0.984373 4.580619
43 0.935687 9.300000
37 0.937767 9.098409
315 1.001906 2.881146
17 0.952979 7.623853
13 1.019285 1.196469
17 0.929888 9.862161
38 1.011411 1.959757
100 0.986862 4.339369
59 0.998835 3.178851
262 1.026583 0.489107
25 0.986346 4.389376
50 0.963173 6.635623
38 0.963627 6.591624
39 0.929148 9.933822
24 0.977604 5.236798
19 1.016968 1.421133
210 0.985824 4.439968
10 0.974582 5.529737
44 1.010408 2.057033
55 0.939384 8.941646
7 0.944222 8.472651
23 0.984687 4.550242
116 0.941967 8.691239
117 1.019867 1.140092
46 1.016088 1.506401
40 0.973107 5.672771
65 1.001719 2.899232
46 0.977556 5.241503
44 1.004029 2.675321
41 1.013567 1.750783
10 1.027162 0.432915
62 0.938267 9.049909
66 0.939647 8.916164
98 0.936420 9.228961
102 0.961762 6.772470
325 1.009046 2.189046
12 1.003573 2.719518
72 0.953733 7.550744
98 0.996049 3.448824
28 1.023559 0.782212
27 0.933136 9.547291
56 0.940930 8.791739
11 0.971390 5.839134
49 0.990858 3.952090
49 0.993782 3.668638
14 0.972341 5.746992
259 0.961204 6.826533
7 0.949891 7.923170
21 0.963632 6.591174
54 1.001890 2.882705
7 0.960018 6.941518
48 1.001901 2.881559
44 0.937193 9.153995
54 0.955455 7.383842
90 1.008916 2.201653
39 0.958782 7.061279
105 1.026920 0.456430
73 0.992334 3.808962
19 0.988598 4.171125
25 0.991112 3.927429
84 0.942297 8.659223
54 0.930203 9.831546
7 0.997306 3.327060
7 0.965367 6.423012
74 1.019577 1.168178
44 0.960928 6.853268
170 1.027812 0.369906
11 1.008329 2.258550
33 0.967864 6.180922
17 0.980181 4.987048
93 0.988094 4.219972
115 1.016521 1.464396
158 0.956385 7.293699
42 0.956064 7.324813
30 0.942059 8.682381
7 0.963183 6.634714
7 0.968802 6.090072
89 0.939289 8.950867
7 0.992312 3.811127
66 1.015846 1.529871
51 1.025621 0.582319
209 0.937955 9.080171
16 0.954493 7.477100
19 1.029812 0.176044
38 0.973276 5.656355
128 1.016404 1.475741
85 0.994383 3.610351
121 0.935088 9.358034
30 0.967759 6.191139
18 1.005792 2.504453
28 0.929024 9.945852
9 0.933007 9.559817
99 1.028316 0.321079
17 0.987595 4.268303
36 1.027896 0.361765
97 0.980368 4.968890
7 0.977859 5.212102
106 0.952797 7.641473
24 1.019613 1.164659
49 1.004410 2.638440
9 0.998525 3.208854
59 1.020426 1.085937
13 0.990180 4.017749
20 0.935016 9.365039
7 0.951642 7.753446
103 0.941928 8.695057
11 1.021779 0.954782
103 1.019046 1.219703
13 1.016452 1.471114
19 0.962506 6.700292
28 0.944581 8.437890
15 0.947877 8.118373
11 1.009996 2.096910
68 0.964542 6.502921
88 1.018306 1.291401
82 0.981619 4.847589
107 1.011872 1.915089
34 1.011685 1.933191
61 0.948370 8.070599
7 1.006775 2.409107
26 0.970537 5.921846
180 1.001674 2.903570
12 0.945839 8.315893
7 0.992096 3.832085
25 1.009004 2.193125
7 0.981845 4.825679
59 0.976638 5.330406
66 0.984284 4.589319
86 0.954470 7.479264
171 0.968605 6.109076
24 0.943487 8.543933
19 0.975232 5.466766
69 1.014125 1.696709
169 0.942076 8.680672
143 1.021661 0.966153
32 0.948443 8.063503
168 0.967468 6.219319
83 0.974718 5.516518
63 1.021417 0.989799
7 0.988557 4.175102
79 0.983769 4.639225
22 0.953534 7.570063
51 1.022225 0.911480
133 1.017949 1.325972
220 0.953166 7.605699
7 0.942574 8.632394
135 1.016377 1.478390
7 1.013951 1.713585
77 0.940716 8.812526
74 1.022842 0.851726
21 1.023194 0.817573
62 0.989039 4.128355
54 1.006840 2.402800
112 1.026760 0.471908
103 0.956389 7.293283
79 1.020678 1.061479
29 0.987586 4.269196
21 0.993134 3.731409
78 1.024594 0.681853
134 1.006004 2.483911
13 0.994178 3.630224
62 0.939150 8.964328
14 0.935619 9.306614
11 0.951832 7.735019
11 0.930186 9.833280
249 0.996003 3.453332
30 0.975365 5.453814
20 0.951216 7.794735
35 0.934995 9.367097
50 0.936485 9.222601
46 0.955093 7.418922
7 0.945526 8.346225
75 0.954375 7.488508
51 1.009767 2.119119
25 1.024251 0.715113
76 0.972060 5.774242
7 1.021533 0.978553
92 0.949121 7.997796
37 0.938562 9.021270
68 0.937903 9.085158
104 0.966186 6.343634
7 0.928510 9.995724
103 0.963129 6.639915
67 1.007348 2.353600
32 0.948603 8.047985
7 0.982696 4.743216
73 0.966197 6.342507
118 0.932293 9.629003
275 1.017044 1.413696
175 1.026363 0.510401
152 0.958397 7.098583
136 0.939587 8.921943
206 1.007437 2.344936
173 0.981152 4.892900
311 1.028382 0.314666
458 1.013229 1.783553
163 0.972718 5.710464
46 0.942825 8.608078
186 0.957819 7.154688
7 0.998306 3.230073
12 0.972344 5.746677
109 1.026856 0.462568
22 0.978695 5.131097
56 0.942252 8.663662
121 0.959835 6.959208
32 1.000878 2.980808
19 0.964815 6.476498
144 1.027225 0.426809
15 0.950167 7.896436
61 0.970385 5.936539
15 0.951336 7.783089
22 1.006554 2.430604
223 0.975506 5.440163
25 0.935418 9.326062
87 0.965139 6.445075
16 0.984427 4.575431
20 0.936240 9.246418
118 0.965225 6.436724
19 0.944840 8.412752
35 0.955377 7.391382
18 0.961060 6.840520
74 1.000314 3.035445
28 1.000241 3.042538
73 1.017894 1.331368
20 1.021161 1.014698
18 1.029660 0.190792
16 1.010083 2.088503
7 0.936957 9.176910
49 0.956916 7.242185
99 1.014741 1.636947
47 0.966402 6.322637
197 0.999153 3.147999
126 0.967736 6.193407
54 0.961298 6.817433
11 1.013265 1.780068
12 0.959886 6.954286
15 0.929652 9.884958
70 0.999475 3.116790
107 1.023097 0.826988
100 0.941356 8.750488
73 0.969838 5.989597
246 0.986724 4.352763
30 1.008611 2.231156
7 0.968430 6.126128
19 0.936485 9.222607
13 0.980644 4.942142
19 0.989755 4.058993
47 0.998067 3.253227
9 0.941534 8.733268
73 1.009282 2.166101
13 1.025488 0.595222
72 1.021862 0.946710
202 0.996514 3.403750
88 0.944938 8.403309
22 0.957535 7.182181
38 0.996797 3.376317
29 1.021241 1.006902
18 0.952705 7.650380
19 0.999823 3.083012
156 1.012020 1.900735
11 0.990461 3.990554
7 0.940913 8.793410
39 0.935324 9.335169
25 0.997480 3.310186
20 0.942853 8.605362
77 0.970816 5.894845
128 0.989700 4.064318
33 1.001490 2.921444
18 0.934179 9.446154
79 0.992832 3.760665
17 1.003058 2.769453
46 1.022167 0.917128
48 0.980677 4.938983
170 0.976842 5.310698
39 0.961689 6.779556
96 0.939986 8.883233
7 0.929974 9.853737
22 0.969478 6.024529
37 1.003653 2.711750
51 1.030417 0.117391
48 0.984880 4.531497
47 0.989011 4.131115
33 1.024043 0.735289
252 0.966743 6.289617
37 1.018321 1.289903
7 1.013801 1.728063
250 0.938506 9.026735
152 0.983309 4.683833
12 0.930408 9.811727
238 1.029755 0.181602
88 0.928792 9.968386
41 0.937298 9.143838
7 0.946941 8.209092
46 0.931740 9.682597
7 0.969030 6.067933
14 0.982258 4.785670
30 0.953619 7.561740
53 1.015513 1.562101
87 0.998969 3.165770
73 0.958237 7.114124
77 0.989556 4.078300
20 0.937444 9.129645
46 0.943124 8.579115
14 0.930688 9.784619
13 0.937177 9.155614
32 0.934908 9.375545
7 0.947387 8.165876
28 1.025211 0.622080
24 1.017099 1.408421
110 0.929929 9.858120
15 1.024258 0.714408
17 0.997321 3.325596
121 0.969799 5.993392
99 0.930652 9.788047
124 1.006085 2.475990
112 0.935199 9.347340
56 0.960548 6.890148
26 0.934300 9.434443
76 1.022797 0.856111
7 0.995440 3.507932
8 0.984848 4.534636
13 1.031123 0.049014
29 0.939196 8.959864
61 0.955636 7.366247
126 0.933595 9.502803
89 0.959499 6.991759
175 0.956286 7.303216
69 0.937096 9.163406
17 0.955386 7.390535
81 0.947282 8.176037
65 0.959938 6.949244
196 0.975374 5.453006
47 0.999822 3.083150
28 1.028165 0.335772
243 0.946008 8.299502
141 0.955479 7.381476
188 1.001238 2.945908
66 1.022951 0.841094
121 0.953192 7.603124
13 0.970374 5.937650
66 0.940155 8.866913
39 0.937237 9.149785
7 0.928695 9.977740
116 1.029667 0.190125
16 0.952166 7.702610
18 0.946745 8.228058
44 0.932793 9.580522
47 0.959894 6.953515
50 0.951790 7.739106
77 0.970686 5.907355
151 1.009995 2.097053
46 0.997797 3.279413
52 1.021378 0.993615
16 0.959295 7.011540
31 0.966163 6.345790
96 0.952488 7.671438
53 1.004564 2.623453
18 0.982914 4.722080
94 1.015419 1.571284
77 1.023194 0.817611
68 1.022621 0.873169
152 0.956418 7.290494
17 0.995318 3.519682
76 0.996847 3.371485
98 0.968630 6.106736
11 0.941435 8.742856
79 0.968596 6.110011
85 0.942077 8.680607
25 0.946933 8.209851
7 0.949587 7.952626
10 0.984528 4.565689
7 1.030643 0.095482
197 0.952447 7.675392
7 0.951685 7.749296
47 0.966933 6.271183
22 0.998697 3.192171
144 0.987175 4.309044
52 0.948551 8.053058
12 1.009614 2.133934
105 1.022667 0.868665
169 0.943575 8.535389
187 1.021419 0.989628
42 0.993393 3.706359
74 0.950948 7.820704
75 1.028837 0.270565
105 0.994722 3.577529
332 0.936116 9.258374
11 0.966689 6.294806
9 0.955941 7.336675
146 0.971504 5.828071
93 1.021541 0.977796
72 0.986536 4.370988
143 0.965539 6.406321
7 1.002603 2.813579
71 1.031507 0.011725
27 0.951877 7.730651
109 1.023585 0.779674
227 0.966730 6.290894
140 0.955733 7.356832
7 1.009853 2.110756
8 1.019627 1.163333
7 0.942567 8.633070
75 0.995146 3.536355
44 0.976949 5.300262
142 0.955922 7.338535
33 1.014961 1.615629
100 1.001836 2.887866
79 0.945188 8.379062
7 0.968366 6.132255
204 0.984073 4.609727
58 0.996935 3.363020
76 1.009220 2.172180
17 1.011021 1.997517
98 0.931523 9.703650
31 0.936839 9.188300
7 0.954603 7.466364
84 1.023366 0.800960
7 0.984271 4.590592
16 0.962799 6.671883
59 0.983830 4.633345
71 1.009029 2.190683
12 1.012677 1.837039
68 1.025612 0.583171
87 1.019486 1.176993
18 0.960183 6.925504
181 0.944328 8.462411
237 0.984447 4.573515
27 1.009490 2.145945
97 0.983582 4.657318
273 0.992263 3.815847
39 0.939986 8.883249
70 0.983381 4.676868
21 0.937717 9.103203
59 0.958302 7.107800
20 1.021048 1.025591
20 0.964424 6.514416
48 0.940795 8.804860
170 0.995898 3.463487
7 1.026490 0.498058
7 0.975512 5.439579
11 1.008471 2.244777
9 0.957378 7.197443
71 0.972303 5.750616
115 0.972738 5.708522
122 0.957451 7.190329
83 0.968725 6.097524
44 1.003391 2.737193
7 0.995537 3.498493
7 0.929685 9.881772
80 0.982198 4.791544
7 1.018727 1.250605
14 1.014710 1.639963
126 0.956043 7.326845
61 0.983322 4.682541
16 0.983735 4.642507
66 0.945211 8.376844
65 0.937683 9.106479
22 0.948183 8.088720
197 0.950837 7.831482
18 0.982993 4.714418
16 0.935105 9.356453
17 0.961816 6.767253
146 0.930858 9.768134
145 0.942127 8.675787
17 0.967738 6.193127
70 0.957992 7.137868
49 1.013817 1.726544
63 1.023283 0.808933
12 0.981336 4.875033
28 0.966147 6.347407
7 0.959667 6.975496
91 0.952637 7.656934
198 0.992796 3.764148
137 1.029377 0.218280
28 0.989545 4.079323
8 0.999999 3.065988
59 0.962558 6.695285
84 1.001629 2.908014
63 0.996802 3.375831
64 0.972098 5.770565
7 0.958408 7.097517
27 1.018103 1.311098
115 1.029453 0.210831
120 1.003223 2.753454
63 0.974708 5.517576
7 0.945561 8.342844
16 0.958643 7.074741
24 0.953534 7.570003
105 1.009442 2.150608
175 0.962761 6.675587
43 0.997449 3.313127
72 0.984819 4.537420
18 0.940116 8.870658
197 1.029826 0.174686
39 0.938933 8.985384
89 0.937210 9.152399
64 0.973024 5.680808
19 0.961706 6.777915
91 0.955717 7.358442
24 0.989633 4.070787
11 0.961850 6.763879
35 0.957142 7.220323
231 0.946552 8.246797
132 1.011324 1.968149
50 0.976986 5.296674
8 1.027673 0.383424
87 0.982409 4.771082
77 0.971530 5.825598
77 0.952744 7.646569
134 0.963302 6.623186
99 1.007386 2.349906
101 0.968484 6.120831
68 0.948503 8.057690
192 1.014395 1.670509
52 0.960671 6.878155
29 0.964138 6.542158
250 0.956573 7.275478
187 0.968252 6.143308
13 0.971849 5.794647
295 0.956205 7.311068
115 1.014620 1.648695
122 1.029335 0.222358
355 0.940826 8.801860
12 1.011941 1.908391
109 0.937056 9.167329
159 1.030890 0.071605
172 0.953205 7.601863
188 1.009486 2.146389
19 0.970419 5.933317
93 0.980379 4.967810
56 1.002555 2.818185
173 0.983924 4.624205
82 0.980814 4.925694
43 1.027199 0.429402
76 0.952580 7.662504
55 0.955123 7.415954
21 0.997149 3.342226
34 1.026116 0.534297
63 0.958377 7.100570
39 0.940884 8.796208
17 0.987542 4.273450
100 0.954191 7.506366
14 1.024328 0.707624
15 1.008361 2.255379
7 0.935622 9.306325
33 0.931504 9.705497
33 1.026614 0.486076
70 1.015153 1.597002
62 0.956592 7.273572
62 1.007327 2.355663
37 0.938464 9.030780
256 1.012025 1.900260
47 1.005471 2.535560
36 1.005680 2.515309
47 0.985164 4.503945
28 1.025741 0.570701
220 1.031216 0.039991
61 1.017210 1.397641
83 1.010003 2.096241
18 1.010034 2.093277
59 0.964945 6.463949
35 0.934883 9.377973
81 0.951032 7.812548
9 0.998716 3.190383
14 1.004585 2.621419
270 0.987799 4.248578
275 0.977170 5.278903
66 0.989206 4.112231
39 0.967979 6.169810
13 0.996044 3.449352
7 0.966916 6.272861
54 0.938213 9.055146
8 1.018834 1.240222
51 0.962996 6.652810
28 1.004898 2.591126
12 1.012678 1.836984
160 0.966101 6.351799
51 0.972669 5.715161
8 0.983875 4.628893
91 0.989360 4.097248
38 1.007352 2.353235
31 0.956687 7.264404
33 0.978228 5.176350
7 1.006247 2.460311
230 1.027193 0.429966
9 0.975218 5.468059
15 0.959204 7.020402
7 0.974673 5.520945
84 0.939113 8.967919
7 0.938928 8.985857
106 0.992034 3.838033
102 0.981372 4.871608
27 0.929702 9.880106
13 0.929760 9.874539
38 0.939951 8.886654
22 1.016312 1.484640
25 1.000208 3.045704
50 1.010190 2.078111
39 1.008845 2.208467
18 0.979387 5.064020
67 0.947714 8.134136
155 0.975500 5.440733
90 0.933545 9.507665
101 1.023810 0.757873
42 0.943818 8.511854
44 1.010042 2.092488
54 1.011975 1.905112
73 0.934588 9.406487
76 0.956171 7.314393
117 1.016203 1.495292
216 0.993927 3.654535
191 0.947449 8.159906
301 1.008281 2.263193
