7 0.968855 6.084926
7 1.012265 1.877023
7 0.999318 3.132030
8 1.029049 0.250001
8 0.975712 5.420231
8 1.011272 1.973200
8 0.986439 4.380422
8 0.951156 7.800549
7 0.949082 8.001596
9 0.957012 7.232914
7 1.023717 0.766883
9 0.930034 9.848011
9 0.961672 6.781138
9 0.981086 4.899297
11 0.933604 9.501928
11 1.029475 0.208773
11 0.989757 4.058759
11 0.947372 8.167374
11 0.948911 8.018145
11 1.030611 0.098587
11 0.949414 7.969416
12 0.977298 5.266514
12 0.996978 3.358832
7 0.950705 7.844256
12 1.013622 1.745405
12 1.006813 2.405453
12 0.987822 4.246298
13 0.967548 6.211596
13 1.021331 0.998216
8 0.951697 7.748086
13 1.003645 2.712591
8 0.945577 8.341371
13 0.952878 7.633581
12 0.979251 5.077168
9 0.934013 9.462301
11 0.949059 8.003790
12 1.025201 0.623031
7 1.025758 0.569078
9 1.014376 1.672341
12 0.987352 4.291920
15 1.023750 0.763727
15 0.972919 5.690947
15 0.942572 8.632614
15 0.936519 9.219385
13 1.014109 1.698230
9 0.953695 7.554390
7 0.933067 9.554013
7 1.016347 1.481313
7 1.030903 0.070276
16 1.012015 1.901181
7 1.024233 0.716837
13 1.016244 1.491242
12 1.012280 1.875543
13 1.026285 0.517985
17 0.972578 5.723990
17 0.955236 7.405011
11 0.935415 9.326344
7 1.029437 0.212434
9 0.935581 9.310315
7 0.992717 3.771815
13 1.017355 1.383609
19 0.941265 8.759285
19 0.959431 6.998393
9 0.986546 4.370022
12 0.993914 3.655838
7 1.005289 2.553168
13 1.017876 1.333082
17 0.970166 5.957772
16 0.953993 7.525496
7 0.988510 4.179608
11 0.945539 8.345014
20 0.930192 9.832681
11 0.945389 8.359570
20 0.969408 6.031315
19 0.971331 5.844854
20 0.958248 7.113032
12 1.011859 1.916304
11 1.030945 0.066220
12 0.968498 6.119490
15 1.026059 0.539838
21 0.959672 6.974990
21 0.946989 8.204457
21 0.936231 9.247244
21 0.959453 6.996301
7 1.028231 0.329318
9 0.951766 7.741352
11 1.009486 2.146331
11 0.945657 8.333533
12 1.009260 2.168304
7 0.976758 5.318838
15 1.012250 1.878462
19 1.010501 2.047934
8 1.007709 2.318648
9 0.992039 3.837599
23 0.933784 9.484466
11 0.952931 7.628512
8 0.952624 7.658267
7 1.001297 2.940188
13 0.989198 4.112951
8 1.031245 0.037208
8 0.980393 4.966424
19 1.020334 1.094838
24 0.976733 5.321247
15 0.963355 6.618025
10 0.990742 3.963268
13 0.933082 9.552521
17 0.958885 7.051316
8 0.930764 9.777200
8 0.991035 3.934861
19 0.930463 9.806344
25 0.965496 6.410448
19 0.958306 7.107403
12 0.946075 8.293082
9 0.966547 6.308595
12 0.966183 6.343935
16 0.972706 5.711577
8 0.938840 8.994369
9 0.976851 5.309829
24 0.950166 7.896520
9 0.935785 9.290479
9 0.971079 5.869315
13 0.985291 4.491711
9 0.932898 9.570346
12 1.029205 0.234938
8 1.031565 0.006105
16 0.959581 6.983811
12 0.985917 4.430959
9 1.018159 1.305698
13 0.961962 6.753076
8 1.014914 1.620187
9 0.983542 4.661171
19 1.002007 2.871285
7 0.939758 8.905349
7 0.970597 5.916046
21 0.979444 5.058461
9 1.030631 0.096681
8 1.015894 1.525188
13 0.967017 6.263060
11 1.027444 0.405660
13 0.932104 9.647292
15 0.999633 3.101429
9 1.023534 0.784595
7 0.952713 7.649570
12 1.002503 2.823222
8 0.969210 6.050524
21 0.976048 5.387598
7 0.996488 3.406332
7 1.006078 2.476729
15 0.951547 7.762582
10 0.963494 6.604561
19 0.959158 7.024874
7 1.017087 1.409515
16 0.971244 5.853326
11 1.016869 1.430724
16 0.998302 3.230448
8 0.963171 6.635905
14 0.962429 6.707795
9 1.029551 0.201355
11 0.953795 7.544683
13 0.970482 5.927141
23 0.960337 6.910539
13 0.977790 5.218777
15 0.958418 7.096559
17 0.964304 6.526084
11 0.991806 3.860133
9 1.007733 2.316302
13 0.958841 7.055546
20 0.982265 4.784984
15 1.012699 1.834924
17 0.980788 4.928176
19 0.939435 8.936689
12 0.948141 8.092746
17 1.004821 2.598570
9 0.978443 5.155520
13 0.994190 3.629031
21 0.939639 8.916887
13 0.955927 7.338051
11 1.002741 2.800221
25 0.962823 6.669560
12 1.002996 2.775460
20 0.954645 7.462360
15 0.980121 4.992835
11 0.992735 3.770116
15 0.965439 6.415987
17 0.971193 5.858285
23 1.000573 3.010369
16 1.021877 0.945229
16 1.006639 2.422369
17 0.965109 6.448053
21 1.001430 2.927215
15 0.957621 7.173840
16 1.003860 2.691734
15 0.930452 9.807458
15 0.957036 7.230586
17 0.954378 7.488217
17 0.993129 3.731944
20 0.952405 7.679485
19 0.969923 5.981370
24 0.968694 6.100473
22 0.942167 8.671847
