7 0.962216 6.728411
7 1.019625 1.163543
7 0.959427 6.998805
7 0.962659 6.685533
7 1.006340 2.451300
7 1.008658 2.226640
7 0.968937 6.076929
7 0.948469 8.060976
7 1.013063 1.799648
7 0.941539 8.732776
8 0.940630 8.820826
7 0.993381 3.707498
7 0.949941 7.918300
9 0.960452 6.899454
9 1.000881 2.980474
10 1.023670 0.771484
8 0.962981 6.654322
11 0.953630 7.560685
11 0.932814 9.578487
9 1.024556 0.685603
11 0.939857 8.895741
9 0.939031 8.975873
8 0.958122 7.125288
12 0.943121 8.579364
12 0.944089 8.485578
12 0.931340 9.721414
11 0.933756 9.487190
7 0.970120 5.962298
13 0.933890 9.474234
12 0.956092 7.322077
13 0.965855 6.375720
9 0.969673 6.005556
13 0.949468 7.964197
10 0.971836 5.795933
8 0.999290 3.134689
9 0.958200 7.117695
9 0.956456 7.286753
16 0.939639 8.916901
16 0.932132 9.644586
16 0.944682 8.428063
13 1.017818 1.338687
15 0.930160 9.835720
8 0.981918 4.818666
16 0.934218 9.442378
7 1.019115 1.213000
11 0.953254 7.597204
7 1.023392 0.798353
11 0.935258 9.341560
7 0.968706 6.099316
20 0.929212 9.927669
9 1.028218 0.330564
11 0.936602 9.211311
20 0.931560 9.700057
13 0.947055 8.198092
21 0.975948 5.397332
9 0.929487 9.900980
7 1.028232 0.329190
22 0.967604 6.206179
11 0.948198 8.087297
9 1.007710 2.318493
17 0.990110 4.024534
23 0.935046 9.362138
12 0.931192 9.735684
18 0.938730 9.005016
23 0.963380 6.615603
7 0.959337 7.007529
16 0.941046 8.780538
20 0.940946 8.790243
15 0.939051 8.973887
8 0.991898 3.851258
20 0.931408 9.714796
25 0.969192 6.052261
8 0.935176 9.349572
25 0.938388 9.038172
7 0.934517 9.413458
9 0.933777 9.485126
8 0.944786 8.417965
7 0.997841 3.275167
11 0.996053 3.448430
9 1.006248 2.460236
8 0.969395 6.032525
17 0.947532 8.151863
16 0.973311 5.652935
13 0.946315 8.269761
23 0.928908 9.957085
14 0.930172 9.834584
12 0.946558 8.246194
15 1.010292 2.068214
20 0.959801 6.962561
21 1.002799 2.794583
7 0.969229 6.048622
12 0.944711 8.425260
8 0.996700 3.385747
28 0.966471 6.316025
15 0.981557 4.853653
17 0.933495 9.512496
7 0.960134 6.930288
7 1.031576 0.005097
11 1.005909 2.493096
9 0.932377 9.620894
8 1.008599 2.232311
20 0.993743 3.672371
29 0.996829 3.373220
7 0.960954 6.850803
12 0.958539 7.084885
7 0.987689 4.259214
28 1.013734 1.734563
11 0.968842 6.086147
7 0.928858 9.961945
9 0.952964 7.625302
28 0.968861 6.084299
7 0.998781 3.184009
9 0.945234 8.374582
7 1.020568 1.072159
7 0.957606 7.175329
9 0.929750 9.875519
31 0.961679 6.780462
19 0.947395 8.165111
10 0.987120 4.314410
8 0.988354 4.194765
11 0.996343 3.420327
15 0.947208 8.183175
7 0.954894 7.438171
24 0.989120 4.120494
12 0.945691 8.330259
12 0.947998 8.106618
8 0.972587 5.723094
14 0.966368 6.326002
9 1.002976 2.777376
12 0.956603 7.272568
16 0.933329 9.528556
8 1.008221 2.268941
13 0.955206 7.407959
26 0.987442 4.283222
8 0.947989 8.107469
7 0.977208 5.275222
24 0.976221 5.370835
9 0.993456 3.700222
17 1.008834 2.209540
27 0.938105 9.065585
11 0.939204 8.959089
7 1.010514 2.046701
10 0.942083 8.680043
9 1.000246 3.042063
25 0.959046 7.035758
13 0.951398 7.777097
9 1.019483 1.177325
9 0.931282 9.726948
19 0.945989 8.301368
11 0.979478 5.055165
17 0.951077 7.808149
7 1.002502 2.823330
27 0.951664 7.751301
8 0.937414 9.132572
19 0.932498 9.609130
19 0.930865 9.767414
11 0.946231 8.277940
35 0.959788 6.963791
12 0.964339 6.522689
15 1.018865 1.237188
30 0.946923 8.210819
9 0.948270 8.080257
13 0.932161 9.641756
32 0.939253 8.954324
13 0.948165 8.090495
15 0.936392 9.231674
19 0.942813 8.609272
25 0.938434 9.033717
24 0.961163 6.830541
40 0.977042 5.291270
23 0.970363 5.938730
40 0.947038 8.199670
42 0.933241 9.537114
27 0.981946 4.815968
25 0.979471 5.055851
22 0.975140 5.475661
38 0.949292 7.981221
35 0.953823 7.542035
47 0.931257 9.729380
42 0.935549 9.313405
37 0.938401 9.036949
26 0.956284 7.303406
31 0.961378 6.809692
54 0.944621 8.434037
29 0.931484 9.707368
44 0.984222 4.595280
49 0.940623 8.821504
53 0.932076 9.649999
41 0.993310 3.714363
40 0.973109 5.672501
53 1.023470 0.790865
39 0.967584 6.208091
72 0.928929 9.955059
55 0.961546 6.793427
78 0.943795 8.514057
48 0.942311 8.657915
50 0.938252 9.051347
56 0.963346 6.618924
49 1.022108 0.922843
112 0.956020 7.329028
