8 0.951922 7.726266
8 0.965756 6.385283
8 1.002237 2.849025
8 0.949067 8.002979
8 1.003740 2.703302
8 1.029282 0.227458
8 0.998379 3.222975
8 0.979107 5.091116
8 0.980832 4.923902
10 1.015902 1.524434
10 0.994645 3.584934
10 0.942151 8.673377
10 1.021527 0.979164
10 0.978267 5.172561
10 1.014425 1.667565
10 0.942792 8.611256
8 1.012697 1.835094
10 0.946893 8.213802
8 0.980351 4.970557
10 0.955926 7.338166
10 1.022497 0.885127
12 0.936895 9.182865
12 0.961084 6.838127
12 0.945518 8.347088
12 1.015158 1.596508
12 0.981346 4.874101
8 0.954166 7.508797
12 1.016638 1.453094
8 1.030039 0.154115
12 0.939277 8.952006
12 0.990344 4.001860
8 0.972036 5.776584
12 1.003131 2.762398
8 1.002397 2.833561
10 0.999679 3.096944
12 0.945712 8.328237
10 1.015084 1.603723
12 0.994187 3.629351
8 1.028271 0.325486
12 0.980736 4.933234
10 1.004951 2.585983
12 0.934108 9.453031
12 0.934915 9.374850
8 0.991535 3.886424
10 1.001631 2.907802
15 0.931155 9.739309
15 1.014185 1.690903
15 0.962117 6.738049
15 0.933951 9.468302
15 1.031242 0.037482
15 0.982192 4.792112
10 1.020403 1.088143
10 0.971958 5.784102
8 1.017696 1.350513
10 1.001572 2.913485
10 1.012547 1.849608
8 0.996485 3.406601
10 0.999089 3.154224
10 1.019727 1.153679
7 0.967842 6.183059
17 0.930683 9.785074
17 1.031368 0.025260
17 0.973473 5.637200
17 0.935901 9.279264
17 1.030752 0.084928
12 0.998287 3.231880
8 0.942532 8.636465
12 0.973209 5.662805
12 0.934663 9.399236
8 0.938115 9.064684
8 1.019817 1.144901
12 0.942258 8.663085
15 0.937014 9.171377
15 0.971444 5.833953
8 0.990907 3.947261
17 0.954553 7.471244
10 0.996823 3.373825
19 1.024878 0.654313
19 0.949828 7.929277
19 0.932030 9.654528
8 0.939823 8.899057
12 0.928478 9.998841
12 0.956112 7.320134
8 0.954821 7.445238
12 0.931418 9.713857
8 0.994717 3.577938
15 0.937282 9.145347
8 1.016858 1.431734
8 1.016342 1.481752
10 1.025080 0.634737
22 0.954158 7.509527
20 0.931709 9.685621
12 0.985021 4.517841
10 1.017141 1.404291
8 1.029326 0.223216
19 1.026122 0.533738
15 0.955385 7.390586
19 0.954914 7.436240
12 0.967848 6.182484
8 0.998850 3.177302
15 0.968230 6.145518
19 0.963281 6.625229
10 1.000655 3.002412
24 0.931799 9.676849
19 0.937297 9.143977
22 0.974625 5.525570
12 0.965814 6.379665
12 0.940175 8.864934
10 1.031314 0.030499
19 0.977842 5.213697
12 0.968333 6.135444
8 0.971175 5.860050
8 0.941250 8.760784
10 1.004266 2.652392
8 0.941107 8.774666
26 1.007726 2.317007
15 0.960619 6.883213
10 0.995845 3.468627
15 0.994019 3.645602
12 0.930828 9.771049
15 0.960992 6.847048
12 0.951598 7.757655
10 0.967046 6.260261
8 1.015579 1.555753
10 0.993339 3.711569
15 0.929594 9.890668
10 1.000121 3.054192
12 0.949961 7.916385
10 0.990285 4.007555
12 0.966676 6.296144
10 0.998398 3.221131
12 0.971987 5.781294
12 0.962851 6.666920
17 0.930809 9.772874
24 0.974203 5.566477
10 0.936016 9.268119
19 0.970512 5.924292
17 0.944815 8.415164
24 0.965821 6.378958
24 1.017123 1.406077
8 1.028385 0.314406
10 1.025448 0.599059
15 0.943586 8.534335
15 0.944843 8.412449
12 0.980365 4.969225
17 1.010252 2.072140
8 1.012130 1.890060
12 0.940673 8.816697
10 1.025709 0.573819
24 0.957330 7.202030
17 0.964613 6.496070
22 0.932509 9.608060
16 0.985458 4.475518
12 0.994922 3.558074
15 0.934795 9.386504
12 0.933969 9.466494
8 0.977484 5.248492
17 0.965332 6.426403
8 1.003076 2.767676
26 0.967280 6.237528
22 1.017144 1.404010
12 1.028603 0.293305
8 0.944345 8.460784
15 0.955011 7.426887
23 0.949308 7.979615
15 0.964157 6.540326
15 0.955688 7.361218
26 1.011393 1.961459
12 1.025441 0.599757
12 1.020905 1.039426
12 0.930253 9.826713
12 0.947077 8.195881
12 0.941230 8.762704
19 0.943369 8.555340
10 0.944413 8.454182
12 0.944381 8.457298
27 0.991562 3.883763
25 0.939806 8.900764
12 1.007466 2.342197
19 0.996360 3.418688
27 0.992782 3.765567
24 1.007938 2.296368
24 0.994235 3.624694
19 0.929071 9.941294
17 0.992218 3.820172
15 0.958755 7.063965
15 1.026894 0.458926
15 0.949664 7.945164
15 0.953914 7.533145
17 1.027229 0.426421
23 0.944926 8.404396
17 0.991801 3.860655
18 0.943642 8.528855
19 1.019632 1.162868
24 1.025040 0.638669
21 1.014946 1.617087
23 0.967855 6.181866
27 0.946047 8.295723
24 0.950206 7.892642
27 1.008890 2.204174
