7 1.023133 0.823524
7 0.984989 4.520915
7 0.941266 8.759243
7 1.013602 1.747420
7 0.949952 7.917206
7 1.015163 1.596100
8 0.976842 5.310665
8 0.934183 9.445822
8 0.937014 9.171414
7 1.018140 1.307483
9 0.936158 9.254310
9 0.964907 6.467550
9 0.940833 8.801205
8 0.942726 8.617709
11 0.980391 4.966694
11 0.939485 8.931812
11 0.948209 8.086192
9 0.943448 8.547686
12 0.976393 5.354211
12 1.009898 2.106405
12 0.994831 3.566928
10 0.981197 4.888541
11 0.935793 9.289697
7 1.000555 3.012122
12 0.955030 7.424968
13 0.946221 8.278919
13 0.930338 9.818521
12 0.945109 8.386677
13 0.977875 5.210554
11 0.977726 5.225018
7 1.005579 2.525109
11 0.988663 4.164866
15 0.938909 8.987698
9 0.935486 9.319472
9 0.972746 5.707706
9 0.972311 5.749917
15 0.952818 7.639464
11 0.945378 8.360564
13 0.948683 8.040229
17 0.939923 8.889377
15 0.942882 8.602601
13 0.941719 8.715271
7 0.946786 8.224141
19 0.929322 9.916959
9 0.957153 7.219253
9 0.941254 8.760393
12 0.929564 9.893511
11 1.002607 2.813172
12 0.942462 8.643316
7 0.962164 6.733465
11 0.938514 9.025933
20 0.941804 8.707068
19 0.932903 9.569822
21 0.945006 8.396669
18 0.956754 7.257883
12 0.929597 9.890350
7 1.018216 1.300105
19 0.948646 8.043793
9 0.948811 8.027791
9 0.942617 8.628281
12 0.962882 6.663910
7 1.024799 0.662043
24 0.956952 7.238744
13 0.930215 9.830466
11 0.931174 9.737439
11 0.953183 7.604058
9 1.011943 1.908183
7 0.941426 8.743741
19 0.930076 9.843855
20 0.952763 7.644723
11 0.944379 8.457409
21 0.949791 7.932806
9 0.945168 8.380943
7 0.956269 7.304868
24 0.956373 7.294838
7 1.027458 0.404287
12 0.942948 8.596156
11 0.941561 8.730644
16 0.934989 9.367664
9 0.972065 5.773756
12 0.940375 8.845534
28 0.933996 9.463953
12 0.959606 6.981387
9 0.967245 6.240929
9 0.931463 9.709415
12 0.999967 3.069121
9 0.933052 9.555422
11 0.967987 6.169016
31 0.961596 6.788555
8 1.007784 2.311312
9 0.938081 9.067974
7 1.031557 0.006911
28 0.948909 8.018339
11 0.928571 9.989810
19 1.008010 2.289460
24 0.958969 7.043162
23 0.941693 8.717848
9 0.998576 3.203889
32 0.956661 7.266867
11 0.960742 6.871357
11 0.946675 8.234886
9 0.966169 6.345224
8 1.026404 0.506458
33 0.964220 6.534208
16 0.938236 9.052883
30 0.967685 6.198285
9 0.961156 6.831154
28 0.931949 9.662370
7 0.994520 3.597059
12 0.931375 9.717957
8 0.950253 7.888090
34 0.931573 9.698756
11 0.960910 6.855025
9 0.933132 9.547668
7 0.945151 8.382611
8 0.965685 6.392197
31 0.932317 9.626686
9 0.964163 6.539666
8 0.948214 8.085692
7 0.976428 5.350787
11 0.939709 8.910174
9 0.936300 9.240571
24 0.981909 4.819502
26 0.946711 8.231413
7 1.020811 1.048589
12 0.934870 9.379165
39 0.962171 6.732800
27 0.963433 6.610485
20 0.948345 8.072988
8 0.934928 9.373537
9 1.018555 1.267303
28 0.989447 4.088785
11 0.947672 8.138283
30 0.969161 6.055250
8 0.931470 9.708802
31 0.970280 5.946779
16 0.930799 9.773817
7 1.021383 0.993119
20 0.928799 9.967714
8 0.979200 5.082132
7 0.974370 5.550345
7 0.996791 3.376948
7 0.977601 5.237058
27 0.951711 7.746727
20 0.933501 9.511898
23 1.029243 0.231223
8 0.934252 9.439081
15 0.989236 4.109245
22 0.963799 6.574973
13 0.940518 8.831738
8 0.979331 5.069450
8 0.929881 9.862817
13 0.950394 7.874403
8 0.955863 7.344297
28 0.950482 7.865837
34 0.928594 9.987509
12 0.978380 5.161584
15 0.933478 9.514093
12 0.974587 5.529275
13 0.948349 8.072619
11 0.943908 8.503087
27 0.974841 5.504679
15 0.932472 9.611597
21 0.939215 8.958052
19 0.929831 9.867625
15 0.954701 7.456901
19 0.960738 6.871699
12 0.939374 8.942589
26 0.955115 7.416750
23 0.939269 8.952756
17 0.974826 5.506049
36 0.965804 6.380634
35 0.963826 6.572349
43 0.949873 7.924874
21 0.931054 9.749134
45 0.931360 9.719475
30 0.971593 5.819486
27 0.934968 9.369739
48 0.963243 6.628930
34 0.943188 8.572931
43 0.967904 6.177100
21 0.970896 5.887069
33 0.931044 9.750054
33 0.934068 9.456956
44 0.979125 5.089414
33 1.007652 2.324153
32 0.936900 9.182392
41 0.973049 5.678333
57 0.960637 6.881516
58 1.003393 2.736977
40 0.931290 9.726199
44 0.937981 9.077622
36 0.969466 6.025644
58 0.938104 9.065718
52 0.975719 5.419547
44 0.950170 7.896139
63 0.959796 6.962981
46 0.962300 6.720331
57 1.002216 2.851074
55 0.965610 6.399487
