8 0.969932 5.980534
8 0.991527 3.887205
8 0.941212 8.764399
8 1.020934 1.036637
8 0.994266 3.621662
8 0.963411 6.612609
8 0.947185 8.185474
8 0.930690 9.784370
8 1.029872 0.170293
8 1.002480 2.825490
8 1.000584 3.009251
8 0.944232 8.471731
8 0.978397 5.159942
8 0.940425 8.840740
10 1.027441 0.405908
10 1.030329 0.125970
10 0.961770 6.771704
10 0.947813 8.124562
10 0.996813 3.374790
10 0.988286 4.201366
8 1.004871 2.593701
10 0.949065 8.003213
10 0.961075 6.839012
10 0.930045 9.846947
10 0.979391 5.063577
8 0.977522 5.244791
12 0.929804 9.870241
12 1.030407 0.118415
8 0.933062 9.554409
12 0.955785 7.351794
10 0.997964 3.263243
8 1.005143 2.567343
12 0.930794 9.774321
8 0.979838 5.020286
8 0.935247 9.342668
12 1.020429 1.085626
10 0.983543 4.661104
12 0.928929 9.955071
12 0.987855 4.243148
10 1.031432 0.019019
12 0.993121 3.732692
8 0.949204 7.989763
8 0.953151 7.607164
12 0.963784 6.576421
12 0.948061 8.100490
12 0.980118 4.993138
8 0.976603 5.333855
10 0.998715 3.190450
15 1.030948 0.065998
15 0.941688 8.718335
15 0.933825 9.480514
15 0.971909 5.788826
15 0.932900 9.570111
15 0.929613 9.888763
15 0.937822 9.093001
8 0.975941 5.398047
8 0.973239 5.659887
12 1.023120 0.824778
10 1.027319 0.417749
12 1.027317 0.417958
10 0.937647 9.109990
15 0.960252 6.918858
8 1.000802 2.988142
17 0.992789 3.764869
17 0.951519 7.765340
15 0.957169 7.217701
15 0.945916 8.308462
8 0.932664 9.593033
10 0.968407 6.128356
12 0.952945 7.627127
12 0.996591 3.396300
8 0.946469 8.254876
10 1.016036 1.511421
18 0.944630 8.433074
17 0.950400 7.873783
10 0.953700 7.553962
15 0.961208 6.826151
10 0.963783 6.576525
12 0.977819 5.215952
10 1.023086 0.828050
12 0.960147 6.929021
15 0.946481 8.253695
10 0.929154 9.933291
10 0.957190 7.215599
15 0.971594 5.819408
17 0.935095 9.357371
17 0.944538 8.442005
19 0.951887 7.729709
21 1.018678 1.255294
10 0.951275 7.789019
12 1.021306 1.000602
12 0.943403 8.552049
10 0.952044 7.714487
17 0.951724 7.745446
8 0.964302 6.526211
15 0.940261 8.856645
12 0.946296 8.271627
12 0.960610 6.884148
10 0.944568 8.439094
15 0.940339 8.849087
24 0.947817 8.124177
8 0.994410 3.607759
12 0.951646 7.753073
17 0.929396 9.909773
10 0.944867 8.410122
19 0.958851 7.054599
12 0.959902 6.952772
24 0.953406 7.582451
22 0.988003 4.228794
17 0.946730 8.229561
22 0.963786 6.576215
10 0.988730 4.158343
10 0.950391 7.874685
10 1.029167 0.238556
15 0.978946 5.106708
17 0.934250 9.439273
8 1.031521 0.010419
15 0.945520 8.346829
21 0.969777 5.995480
10 0.962804 6.671480
8 0.960634 6.881756
24 1.030656 0.094245
22 0.953379 7.585080
12 1.002977 2.777335
27 0.995016 3.549028
18 0.963165 6.636466
12 0.929633 9.886868
8 0.984829 4.536456
10 0.959022 7.038052
12 0.943684 8.524838
15 0.962627 6.688597
12 1.016542 1.462393
8 1.029096 0.245496
15 0.952206 7.698730
23 0.949103 7.999514
8 1.002937 2.781168
8 1.030624 0.097362
25 0.990621 3.975004
15 0.953675 7.556349
22 0.931808 9.676008
17 0.934299 9.434567
10 0.983557 4.659810
8 0.936538 9.217540
12 0.966283 6.334235
10 1.028681 0.285668
12 0.932196 9.638363
8 1.022744 0.861247
17 0.962317 6.718656
17 0.959497 6.992026
8 1.020332 1.095024
17 1.003550 2.721808
22 0.955091 7.419070
10 0.989883 4.046605
10 1.017871 1.333586
10 1.025344 0.609200
17 0.931833 9.673556
12 1.010263 2.071017
19 0.962009 6.748496
8 1.015205 1.591980
15 0.945015 8.395834
10 1.017188 1.399808
15 0.999808 3.084530
10 0.955834 7.347107
12 0.931846 9.672343
8 0.934010 9.462578
15 0.965203 6.438873
10 1.005724 2.511020
10 1.015739 1.540275
12 0.931089 9.745749
12 0.977375 5.259024
10 0.932824 9.577548
24 0.946185 8.282340
31 0.940196 8.862945
12 1.013519 1.755377
12 1.030593 0.100335
12 0.935928 9.276602
12 0.964661 6.491402
36 0.969862 5.987255
17 0.974099 5.576583
26 0.937000 9.172772
17 0.998676 3.194225
15 0.961544 6.793621
25 0.956214 7.310219
16 0.963831 6.571854
15 0.941646 8.722418
18 0.970443 5.930983
23 0.949961 7.916355
22 1.021454 0.986214
26 1.028613 0.292337
17 0.931064 9.748127
19 0.934755 9.390372
19 0.980326 4.972930
19 0.948932 8.016082
24 0.976655 5.328830
25 0.935181 9.349068
19 0.999699 3.095095
22 0.932890 9.571168
26 1.000183 3.048157
25 0.942076 8.680649
22 0.966446 6.318440
