7 1.027399 0.410025
7 1.027366 0.413168
7 0.936355 9.235257
8 0.928814 9.966187
8 0.988937 4.138229
8 0.930866 9.767350
8 0.979601 5.043249
8 0.930111 9.840476
9 0.973941 5.591928
9 0.936039 9.265921
7 1.026418 0.505079
11 0.974032 5.583026
11 0.928827 9.965013
11 0.929926 9.858448
11 0.979953 5.009087
12 0.946624 8.239816
12 0.932070 9.650650
7 0.984729 4.546154
12 0.928707 9.976589
11 0.966135 6.348567
11 0.989923 4.042719
12 1.005273 2.554741
13 0.944769 8.419677
13 0.940059 8.876169
11 0.941867 8.700904
7 0.967288 6.236801
13 0.952002 7.718495
7 1.029433 0.212807
7 0.994585 3.590809
7 1.002225 2.850166
11 0.994556 3.593538
12 0.955525 7.377059
7 0.970212 5.953395
11 0.975575 5.433501
7 0.982981 4.715616
7 1.022746 0.860965
15 0.937813 9.093952
7 0.937399 9.134013
7 1.010461 2.051846
16 0.970198 5.954740
16 0.932169 9.640977
16 0.940528 8.830724
11 0.930012 9.850079
17 1.018645 1.258493
9 0.959748 6.967624
18 0.944511 8.444653
9 1.013386 1.768361
9 0.957292 7.205757
12 1.027230 0.426385
18 0.940471 8.836313
20 0.949646 7.946945
20 0.930826 9.771193
11 0.935446 9.323327
21 1.031134 0.047914
8 0.993742 3.672488
9 1.001378 2.932277
11 0.986847 4.340813
17 0.935548 9.313509
9 0.947749 8.130804
20 0.949306 7.979862
15 0.960376 6.906766
7 0.975630 5.428146
20 0.962973 6.655040
12 0.929883 9.862642
7 0.954797 7.447560
18 0.956106 7.320748
23 0.938658 9.012011
19 0.933750 9.487784
9 1.022300 0.904233
9 0.995826 3.470522
13 0.931261 9.729034
19 0.964718 6.485891
16 0.940392 8.843923
13 0.991198 3.919053
19 0.940687 8.815377
19 0.939080 8.971099
16 0.969243 6.047282
7 0.940082 8.873991
9 0.965592 6.401196
12 0.950559 7.858417
9 1.024476 0.693306
13 0.936401 9.230761
32 0.930432 9.809363
32 0.967779 6.189165
19 0.979011 5.100396
7 1.028457 0.307432
9 0.930700 9.783369
8 1.019518 1.173905
16 0.946575 8.244572
25 0.980224 4.982841
26 0.994766 3.573218
7 0.949120 7.997928
7 0.940528 8.830760
12 0.936167 9.253453
9 1.012310 1.872580
9 0.946193 8.281572
9 0.971947 5.785141
16 0.986290 4.394858
27 0.996231 3.431193
7 1.028963 0.258409
11 0.954512 7.475198
15 0.949040 8.005663
32 0.943628 8.530250
12 0.949811 7.930902
12 1.005004 2.580844
9 0.943253 8.566612
9 0.949893 7.922919
11 0.934216 9.442621
29 0.961613 6.786915
7 0.930036 9.847799
7 0.960240 6.919979
13 0.931677 9.688725
7 1.030924 0.068301
16 0.939436 8.936641
19 0.964187 6.537338
33 0.946477 8.254038
24 0.953752 7.548871
7 1.000682 2.999795
9 0.963464 6.607496
33 0.940158 8.866654
32 0.956081 7.323126
13 0.930031 9.848302
12 0.943777 8.515783
11 0.978385 5.161087
11 0.941725 8.714701
20 0.990220 4.013874
16 0.940620 8.821845
25 0.939160 8.963352
11 0.986306 4.393321
15 0.938492 9.028064
17 0.968496 6.119641
17 0.930797 9.774052
35 0.931768 9.679845
23 0.974367 5.550604
46 0.968448 6.124389
12 0.938842 8.994211
31 0.989626 4.071509
29 0.961258 6.821345
15 0.935961 9.273401
18 0.942652 8.624861
8 1.027263 0.423173
11 0.947140 8.189802
17 0.928632 9.983870
42 0.941768 8.710502
16 0.932441 9.614663
11 0.933961 9.467305
15 0.941129 8.772528
9 0.950620 7.852442
38 0.953406 7.582422
29 0.933069 9.553759
20 0.950903 7.825022
28 0.964602 6.497145
32 0.951617 7.755798
9 0.953230 7.599484
12 0.950310 7.882487
13 0.939256 8.954073
21 0.962080 6.741631
11 0.935839 9.285284
15 0.949640 7.947497
12 0.931177 9.737218
30 0.940693 8.814757
11 0.979761 5.027756
30 0.962506 6.700285
8 0.930876 9.766352
33 0.974657 5.522493
25 0.971170 5.860493
33 0.934940 9.372375
11 0.984288 4.588887
27 0.974858 5.502975
27 0.971968 5.783159
19 0.959559 6.985985
29 0.952843 7.636993
13 0.948180 8.089019
13 0.931310 9.724260
22 0.950239 7.889437
21 0.948315 8.075913
16 0.977500 5.246942
21 0.964394 6.517290
36 0.976684 5.326035
24 0.934837 9.382405
43 0.930548 9.798150
31 0.984442 4.573967
42 0.970084 5.965806
22 0.970663 5.909649
41 0.949256 7.984662
29 0.933897 9.473510
57 0.966150 6.347094
33 0.949062 8.003502
39 0.955589 7.370838
43 0.951734 7.744472
30 0.955585 7.371239
43 0.948869 8.022221
34 0.958460 7.092499
39 0.985898 4.432807
47 0.929272 9.921830
60 0.997523 3.306019
51 0.939372 8.942752
46 0.988718 4.159495
64 0.948656 8.042892
56 0.944404 8.455049
