7 1.030634 0.096389
7 0.960681 6.877191
7 0.961621 6.786154
7 0.980630 4.943476
7 0.943627 8.530303
7 0.956687 7.264372
7 0.996182 3.435949
7 1.008658 2.226602
7 0.979125 5.089421
8 1.023241 0.813012
8 0.999342 3.129652
8 0.986146 4.408778
7 0.982624 4.750224
9 0.971278 5.850041
9 0.961983 6.751038
9 0.958078 7.129586
9 0.976175 5.375361
7 0.993352 3.710306
7 1.020649 1.064247
11 0.980094 4.995480
11 0.941568 8.729944
11 0.975815 5.410205
11 0.993204 3.724601
11 1.005607 2.522392
11 0.993743 3.672388
9 0.989348 4.098451
12 0.959839 6.958864
12 0.959503 6.991370
12 0.930946 9.759559
12 0.984558 4.562717
12 0.933183 9.542680
7 1.024209 0.719155
11 0.928918 9.956150
11 0.941556 8.731072
11 0.939313 8.948553
7 0.982138 4.797347
8 0.929985 9.852721
11 0.929879 9.862971
12 1.010539 2.044308
7 1.030605 0.099176
11 0.932134 9.644430
9 0.981735 4.836420
8 0.945466 8.352075
15 0.974191 5.567663
9 0.929588 9.891219
11 0.968229 6.145611
16 0.933423 9.519497
9 0.973628 5.622270
9 0.932607 9.598562
11 0.949464 7.964512
7 0.975114 5.478178
11 0.977474 5.249379
11 0.989933 4.041738
17 0.949480 7.962995
16 0.957376 7.197574
11 0.940321 8.850817
19 0.949024 8.007180
20 0.982074 4.803472
15 0.955340 7.394963
13 0.959046 7.035717
9 0.932965 9.563895
21 0.980374 4.968308
7 0.964744 6.483402
12 0.930784 9.775254
8 0.959468 6.994790
9 0.944252 8.469788
23 0.940776 8.806750
20 0.968156 6.152635
12 0.938655 9.012289
9 1.021469 0.984824
11 0.968845 6.085816
19 0.952302 7.689454
20 0.928943 9.953769
11 0.980950 4.912518
15 1.018592 1.263672
7 0.958145 7.123090
7 1.030756 0.084570
17 0.950688 7.845864
7 1.014818 1.629498
22 0.947988 8.107623
12 0.952512 7.669132
21 0.951325 7.784140
11 0.933137 9.547151
13 0.929687 9.881645
15 0.933680 9.494546
15 0.938641 9.013636
20 0.968520 6.117359
13 0.947177 8.186253
27 0.957103 7.224024
15 0.956168 7.314734
13 0.962660 6.685443
7 0.976144 5.378358
15 1.025623 0.582109
9 0.940381 8.844950
15 0.947223 8.181763
19 0.931292 9.726073
20 0.970477 5.927638
12 0.939201 8.959415
11 0.946201 8.280808
7 0.954363 7.489633
7 1.022216 0.912414
7 1.020360 1.092342
11 0.942953 8.595691
9 0.998892 3.173325
23 0.935591 9.309292
8 0.963692 6.585319
15 0.938423 9.034745
9 0.931339 9.721480
7 0.985378 4.483278
35 0.931421 9.713541
9 1.014249 1.684657
20 0.957363 7.198880
19 0.945757 8.323875
27 0.973722 5.613149
12 0.931937 9.663464
7 1.027039 0.444910
12 0.942607 8.629234
27 0.934789 9.387005
9 0.994119 3.635992
7 0.957173 7.217312
16 0.932998 9.560660
19 0.930277 9.824425
12 0.947237 8.180386
44 0.931268 9.728307
13 0.946524 8.249479
7 0.972255 5.755275
11 0.963344 6.619116
16 0.945955 8.304700
30 0.933391 9.522565
30 0.947189 8.185091
11 0.929349 9.914416
21 0.969365 6.035433
16 0.949990 7.913569
32 0.956039 7.327246
12 0.936810 9.191150
8 0.929948 9.856326
19 0.933612 9.501157
15 0.932188 9.639128
12 0.965352 6.424404
7 1.024141 0.725820
8 0.928734 9.973964
24 0.998820 3.180291
8 0.953477 7.575580
44 1.023162 0.820715
19 0.938705 9.007451
11 0.990656 3.971598
13 0.941216 8.764034
11 0.999982 3.067640
32 0.971054 5.871776
7 0.974323 5.554851
33 0.986987 4.327270
36 0.974887 5.500172
12 0.970379 5.937160
7 0.990161 4.019589
16 0.943106 8.580864
9 0.957452 7.190188
25 0.932270 9.631251
28 0.937088 9.164164
24 0.967724 6.194549
17 0.941741 8.713132
19 0.933743 9.488453
32 0.964918 6.466562
17 0.968107 6.157354
44 1.010399 2.057840
27 0.931796 9.677154
57 0.960722 6.873300
24 0.954161 7.509226
31 0.938426 9.034507
28 0.954317 7.494099
29 0.960246 6.919378
52 0.932299 9.628422
43 0.932875 9.572579
46 0.957761 7.160280
51 0.967622 6.204373
40 0.931311 9.724151
35 0.954758 7.451355
57 0.959012 7.039037
55 0.941588 8.727982
60 0.977791 5.218730
54 0.972838 5.698776
44 0.968516 6.117727
67 0.934284 9.436008
48 0.994923 3.558056
82 0.977042 5.291242
69 0.936788 9.193287
65 0.934840 9.382089
75 0.940767 8.807531
79 0.939074 8.971657
76 0.978735 5.127132
83 0.951326 7.784009
79 0.968077 6.160341
106 1.012326 1.871050
134 0.937089 9.164123
126 0.952649 7.655790
173 0.929608 9.889237
200 0.989446 4.088927
184 1.001351 2.934871
226 0.940168 8.865602
223 0.935454 9.322552
305 0.981474 4.861688
