8 0.983575 4.658002
8 1.019726 1.153787
8 1.026218 0.524504
8 1.026164 0.529669
8 1.023316 0.805809
8 0.952879 7.633478
8 1.015872 1.527376
8 1.017302 1.388697
8 0.981973 4.813285
8 1.013281 1.778474
10 0.946943 8.208908
10 1.006399 2.445566
10 1.020134 1.114234
10 0.946078 8.292751
10 0.975775 5.414071
10 0.981896 4.820795
10 0.976284 5.364752
10 1.013164 1.789807
8 1.028149 0.337247
8 0.942712 8.619039
10 1.024430 0.697787
10 0.955955 7.335303
8 1.008949 2.198383
10 0.946273 8.273864
10 0.974727 5.515739
10 1.008410 2.250682
8 1.026594 0.488015
12 1.029624 0.194318
10 1.028731 0.280845
8 0.962894 6.662686
8 1.024702 0.671457
8 0.955932 7.337586
12 0.942575 8.632326
12 0.963462 6.607640
12 1.007388 2.349692
10 0.947444 8.160359
12 0.955951 7.335753
10 1.010835 2.015604
8 1.012293 1.874289
12 0.942332 8.655913
8 1.013725 1.735451
12 1.025143 0.628708
15 0.943767 8.516815
15 0.937786 9.096507
15 0.975223 5.467607
15 0.973010 5.682143
17 1.017828 1.337708
10 1.018840 1.239651
10 1.022876 0.848370
12 0.938492 9.028141
8 1.018173 1.304253
10 0.975980 5.394228
17 0.937355 9.138357
8 0.982866 4.726715
12 0.944443 8.451213
8 0.973717 5.613618
19 1.018511 1.271499
10 0.943096 8.581788
19 0.958314 7.106674
15 1.013518 1.755544
10 0.959795 6.963154
17 0.930514 9.801457
8 0.935988 9.270809
18 0.969275 6.044217
10 0.999524 3.112049
10 1.006991 2.388250
15 0.994081 3.639675
19 0.995496 3.502511
19 0.995845 3.468599
19 0.965240 6.435320
8 0.941504 8.736124
12 0.963431 6.610646
22 1.023157 0.821207
17 1.018741 1.249237
17 0.961698 6.778640
22 0.960986 6.847644
17 0.974029 5.583317
19 1.027352 0.414518
10 0.965006 6.457997
17 0.966712 6.292615
10 0.984559 4.562643
8 1.023715 0.767123
12 0.966553 6.308021
22 1.018054 1.315851
15 0.937938 9.081808
10 1.009907 2.105598
10 1.031164 0.045029
8 1.012886 1.816776
12 1.007064 2.381176
8 0.983473 4.667952
10 0.991353 3.904078
19 0.944771 8.419440
12 0.939764 8.904836
15 0.945512 8.347592
24 0.954828 7.444564
10 1.029995 0.158344
12 0.954909 7.436769
10 0.939761 8.905136
22 0.955742 7.356006
8 0.972590 5.722821
12 1.020914 1.038612
10 1.018229 1.298869
12 0.966159 6.346270
19 1.024397 0.700994
8 1.013001 1.805676
15 0.944481 8.447534
10 1.031228 0.038814
10 1.018410 1.281321
23 0.956697 7.263407
24 0.953465 7.576724
12 1.028538 0.299540
12 0.993304 3.714927
8 0.933756 9.487141
10 1.018625 1.260504
10 0.961658 6.782498
22 0.984646 4.554181
8 1.013248 1.781655
12 0.933204 9.540733
15 1.029524 0.204032
21 0.953632 7.560478
10 0.997978 3.261865
15 0.999126 3.150587
8 1.002130 2.859375
12 1.023541 0.783904
22 0.944999 8.397346
10 0.939333 8.946618
24 0.929388 9.910544
26 0.992390 3.803502
28 1.003769 2.700545
23 0.949566 7.954671
10 0.989995 4.035675
8 1.013228 1.783660
15 1.030854 0.075032
12 0.975302 5.459916
8 1.001383 2.931823
8 1.023333 0.804152
17 0.979695 5.034151
10 1.026427 0.504224
10 1.017059 1.412303
12 0.978417 5.157960
12 0.998907 3.171777
10 1.024851 0.656922
7 1.016034 1.511613
12 0.937678 9.106995
19 0.958161 7.121460
10 0.935233 9.344008
19 0.936398 9.231083
19 0.972912 5.691643
15 0.941538 8.732862
10 0.996282 3.426310
10 1.022666 0.868746
17 1.024635 0.677920
8 1.027821 0.369075
8 0.985437 4.477494
10 0.932170 9.640958
21 1.022022 0.931152
10 1.021564 0.975584
19 1.027014 0.447281
12 0.946378 8.263656
8 0.946082 8.292359
12 0.930564 9.796583
10 1.030555 0.104035
8 1.000800 2.988361
8 0.938851 8.993297
12 1.009832 2.112827
8 1.016614 1.455422
17 0.963192 6.633815
8 1.024913 0.650993
12 1.027257 0.423700
12 0.968786 6.091574
8 0.933695 9.493051
17 0.961883 6.760673
12 0.951798 7.738340
12 1.030605 0.099184
12 1.022476 0.887170
12 0.940165 8.865895
22 0.936211 9.249238
12 0.953553 7.568193
22 0.936409 9.230059
12 1.024856 0.656515
12 1.005713 2.512060
15 0.998294 3.231229
17 0.937456 9.128507
17 0.942502 8.639355
27 0.952021 7.716656
17 0.935631 9.305454
17 0.957950 7.141992
19 0.963822 6.572770
21 0.981295 4.878990
26 0.990539 3.982986
19 0.958980 7.042141
22 1.006272 2.457920
22 0.975257 5.464283
21 0.944265 8.468487
20 0.952244 7.695034
24 0.980814 4.925645
22 0.940377 8.845332
26 0.980892 4.918078
27 0.933859 9.477227
34 0.942555 8.634211
