7 1.002714 2.802791
7 1.004389 2.640438
7 0.986652 4.359748
7 0.970876 5.888991
7 1.011809 1.921181
7 0.943222 8.569625
7 0.963380 6.615641
7 1.013950 1.713614
7 0.935341 9.333575
8 0.958510 7.087695
7 0.976232 5.369775
8 0.936093 9.260645
7 1.029036 0.251286
10 0.993515 3.694522
8 0.996665 3.389145
7 0.956113 7.320019
9 1.009354 2.159120
11 0.934174 9.446702
11 1.006638 2.422383
11 0.944898 8.407162
11 0.984677 4.551164
9 0.968805 6.089715
11 0.939611 8.919674
12 0.934120 9.451893
8 0.973733 5.612006
12 0.979707 5.032919
12 1.013885 1.719940
12 1.019330 1.192156
9 1.021971 0.936090
12 0.931349 9.720541
12 0.986895 4.336218
12 0.974526 5.535166
13 0.962812 6.670631
13 0.945059 8.391532
13 1.031428 0.019384
13 1.015001 1.611768
13 1.015450 1.568215
13 0.951618 7.755738
13 0.936981 9.174605
12 1.021987 0.934548
15 0.992114 3.830336
8 0.970332 5.941735
15 0.937980 9.077735
13 1.001042 2.964912
9 0.979440 5.058858
15 0.973463 5.638239
8 0.935377 9.330098
15 0.971735 5.805755
7 0.987544 4.273289
9 0.938520 9.025415
7 1.008393 2.252334
15 1.005302 2.551899
15 0.992431 3.799546
13 1.028747 0.279272
11 0.994653 3.584136
8 1.001087 2.960477
7 0.990562 3.980788
16 0.973210 5.662707
8 0.957400 7.195284
8 0.952157 7.703543
11 1.025867 0.558440
8 0.943703 8.523003
7 0.958977 7.042372
7 0.995140 3.536929
17 0.972133 5.767120
17 0.992615 3.781758
7 0.945261 8.371964
17 0.970798 5.896581
7 0.991978 3.843519
15 0.942969 8.594091
16 0.943365 8.555719
12 1.024463 0.694581
9 0.977142 5.281614
19 0.994152 3.632739
7 0.954154 7.509894
12 1.024802 0.661682
9 0.983772 4.638909
9 0.971287 5.849109
19 1.000309 3.035915
9 0.957401 7.195178
17 0.952176 7.701649
13 0.967496 6.216581
7 1.026139 0.532086
9 1.024360 0.704564
9 0.934799 9.386091
20 0.988626 4.168381
17 0.971494 5.829032
7 1.006932 2.393920
7 0.941841 8.703460
16 1.019543 1.171487
15 0.942523 8.637357
15 0.976839 5.310970
12 0.978053 5.193295
8 0.946718 8.230733
16 0.939595 8.921176
17 0.940885 8.796113
18 1.001805 2.890870
8 1.009635 2.131922
11 0.951416 7.775320
16 0.995215 3.529666
15 0.963528 6.601279
12 0.942189 8.669775
17 1.010745 2.024312
15 0.995894 3.463891
13 0.949280 7.982340
7 0.987628 4.265123
13 1.030200 0.138422
7 1.008907 2.202439
16 1.029713 0.185635
7 0.933649 9.497527
7 1.004487 2.630939
7 0.961087 6.837840
12 0.981498 4.859322
7 0.968712 6.098797
15 0.936249 9.245517
24 1.001540 2.916635
9 0.964982 6.460354
16 0.946699 8.232579
12 1.011052 1.994591
7 0.993831 3.663867
9 0.932347 9.623748
25 0.969854 5.988094
11 1.028307 0.322008
8 1.008030 2.287452
11 0.949149 7.995086
7 0.939768 8.904369
15 0.973710 5.614227
11 0.962379 6.712615
11 1.014191 1.690292
17 0.940868 8.797808
17 0.962874 6.664658
15 1.016942 1.423649
9 1.004813 2.599311
12 1.000277 3.038999
16 0.957563 7.179454
14 1.021322 0.999011
7 0.945465 8.352208
20 0.942086 8.679710
8 0.942918 8.599080
16 1.013169 1.789366
15 0.964494 6.507587
16 1.026172 0.528953
15 0.986915 4.334294
15 0.931337 9.721631
15 1.019193 1.205440
13 0.940838 8.800656
11 0.978103 5.188448
11 0.943785 8.515016
7 0.953891 7.535436
7 1.020090 1.118463
17 0.960194 6.924391
12 0.966892 6.275187
16 1.028249 0.327597
16 0.948150 8.091954
8 0.943647 8.528413
13 0.963632 6.591224
8 1.026469 0.500155
11 1.031037 0.057295
20 1.004082 2.670226
8 1.025789 0.565997
19 0.974747 5.513737
11 0.962371 6.713366
21 0.980818 4.925276
8 0.943586 8.534289
12 0.961479 6.799913
8 1.026451 0.501901
9 0.997980 3.261728
21 0.930027 9.848617
17 1.020324 1.095831
16 0.940802 8.804174
11 1.002060 2.866166
19 0.954311 7.494723
17 1.000843 2.984173
13 0.957987 7.138386
10 0.992855 3.758515
11 0.942427 8.646647
12 0.989778 4.056702
16 0.942061 8.682117
15 1.011766 1.925376
15 0.995667 3.485882
15 0.976534 5.340567
11 0.970104 5.963792
11 0.981859 4.824367
9 0.993680 3.678522
17 0.980775 4.929417
15 1.022574 0.877706
13 0.984141 4.603174
19 0.972723 5.709978
15 0.929434 9.906138
12 0.983089 4.705172
13 0.948954 8.014021
12 0.991125 3.926119
12 1.002213 2.851332
16 0.948975 8.011931
19 0.954537 7.472752
13 0.984267 4.590923
13 0.982354 4.776332
20 0.973556 5.629186
19 0.958346 7.103523
17 0.962948 6.657496
