7 0.937762 9.098897
7 0.949964 7.916063
7 1.020997 1.030549
7 0.936100 9.259961
7 0.949914 7.920961
7 0.978296 5.169711
7 0.981881 4.822221
7 0.953837 7.540679
7 0.992058 3.835718
7 0.970908 5.885862
6 0.985456 4.475703
8 0.945007 8.396622
7 0.997802 3.278900
7 0.974507 5.537000
9 1.011714 1.930359
9 0.963781 6.576767
9 1.020966 1.033529
9 0.953678 7.556017
8 0.981183 4.889839
9 0.960676 6.877696
8 0.964682 6.489425
8 1.001980 2.873907
7 1.002756 2.798699
10 0.951956 7.722991
8 0.996394 3.415400
7 0.953030 7.618887
9 0.977848 5.213154
10 0.995963 3.457218
7 0.936851 9.187132
11 1.006216 2.463326
11 1.022866 0.849403
8 1.015087 1.603401
8 0.971826 5.796901
12 0.957603 7.175603
12 0.978662 5.134276
12 0.950262 7.887206
7 0.989689 4.065318
12 0.951663 7.751356
12 0.971029 5.874187
13 0.959362 7.005039
10 0.965552 6.405023
13 0.935465 9.321506
9 1.007965 2.293828
13 0.976552 5.338773
8 0.962945 6.657744
11 0.942106 8.677818
13 0.946658 8.236560
7 1.022171 0.916762
14 1.013304 1.776238
10 1.028625 0.291159
7 1.024611 0.680208
8 0.976655 5.328846
7 1.010280 2.069363
11 0.977653 5.232059
15 0.947846 8.121355
15 1.008228 2.268308
10 0.939313 8.948473
7 1.025343 0.609279
12 1.012172 1.885978
7 1.008377 2.253857
8 1.031321 0.029824
14 0.930648 9.788485
14 0.949107 7.999190
7 0.935504 9.317763
14 0.943528 8.539966
16 0.953121 7.610074
16 0.974646 5.523589
15 0.981475 4.861537
8 0.960068 6.936671
7 1.023395 0.798079
16 1.004763 2.604209
11 1.017744 1.345880
17 0.957585 7.177330
17 0.942081 8.680247
7 0.952687 7.652154
17 0.971726 5.806591
18 0.928705 9.976798
18 0.991057 3.932787
9 0.985186 4.501900
18 0.933389 9.522765
7 1.019382 1.187065
18 0.948836 8.025373
9 1.013630 1.744705
11 0.967469 6.219248
12 0.940553 8.828366
8 1.006803 2.406456
15 0.949112 7.998684
18 1.007486 2.340203
15 0.947322 8.172124
13 0.966813 6.282838
10 1.017960 1.324979
9 1.023948 0.744464
14 0.988064 4.222851
18 0.982298 4.781843
19 1.011496 1.951530
12 0.968353 6.133581
17 0.947976 8.108746
10 0.941258 8.759947
16 0.969699 6.003115
7 0.980259 4.979407
20 1.007664 2.322943
7 0.969321 6.039734
7 1.030897 0.070873
16 0.956679 7.265166
9 0.935746 9.294314
20 0.970517 5.923805
8 1.020916 1.038368
12 0.935490 9.319137
17 0.997767 3.282309
7 0.934566 9.408645
7 0.943090 8.582438
9 0.962300 6.720318
9 0.983680 4.647876
13 0.981058 4.901984
12 0.967438 6.222293
13 1.007280 2.360233
10 0.993856 3.661460
11 0.949448 7.966072
7 0.964665 6.491009
12 0.935290 9.338466
14 1.027829 0.368312
9 1.004484 2.631202
9 0.965152 6.443840
17 0.974744 5.514071
14 1.018682 1.254910
11 0.956736 7.259671
12 0.939366 8.943428
13 1.025938 0.551554
12 0.964862 6.471957
15 0.942005 8.687544
11 0.958978 7.042296
12 0.974812 5.507428
16 0.980143 4.990739
10 0.988342 4.195901
13 0.999079 3.155161
13 1.018867 1.237000
13 1.023911 0.748128
17 0.968844 6.085961
9 1.011167 1.983384
11 0.937736 9.101344
14 1.001159 2.953573
19 0.975993 5.392949
8 0.950000 7.912569
7 0.993844 3.662621
8 0.943919 8.501997
14 0.931130 9.741725
8 1.000239 3.042676
15 0.958073 7.130028
15 0.954032 7.521724
13 0.973881 5.597656
9 0.987725 4.255721
13 0.962280 6.722189
14 0.943705 8.522811
11 0.955751 7.355103
11 0.966758 6.288209
14 0.986814 4.344063
14 1.017057 1.412477
9 0.948665 8.041970
12 0.995017 3.548872
22 0.929227 9.926212
15 0.966868 6.277455
7 0.974135 5.573080
14 0.971353 5.842791
10 0.937679 9.106888
14 0.945949 8.305277
20 0.973167 5.666915
11 0.928999 9.948290
15 0.945160 8.381782
12 0.980295 4.975950
9 0.991470 3.892740
10 0.967975 6.170213
13 0.958124 7.125055
12 0.945274 8.370702
20 0.944723 8.424077
9 0.954372 7.488813
10 0.968391 6.129826
17 0.985006 4.519319
15 0.970537 5.921849
10 1.022577 0.877419
14 0.981101 4.897873
22 0.948582 8.050056
14 0.951952 7.723391
12 0.935211 9.346184
14 0.977650 5.232386
14 1.030339 0.125039
15 1.005476 2.535057
15 0.978998 5.101708
19 0.954650 7.461847
19 0.943929 8.501093
18 0.969708 6.002206
15 1.013195 1.786848
16 0.929808 9.869901
17 0.948853 8.023808
17 0.960855 6.860328
19 0.953498 7.573489
23 0.941613 8.725551
19 1.004160 2.662648
9 1.000618 3.005982
19 0.996300 3.424552
17 0.988497 4.180874
