17 0.962912 3.708778
9 0.943726 5.627420
29 0.941362 5.863806
55 0.965546 3.445389
63 0.956512 4.348764
31 0.901534 9.846615
63 0.966667 3.333277
18 0.912948 8.705156
73 0.906322 9.367783
76 0.958158 4.184246
54 0.970469 2.953053
50 0.957617 4.238307
82 0.944636 5.536440
69 0.973015 2.698505
90 0.925943 7.405668
34 0.957403 4.259731
48 0.916738 8.326160
86 0.967653 3.234691
28 0.994660 0.533974
101 0.979660 2.033951
84 0.920208 7.979207
40 0.903483 9.651654
79 0.961875 3.812456
7 0.907457 9.254255
69 0.949974 5.002643
99 0.978278 2.172200
36 0.931615 6.838515
97 0.981470 1.852999
115 0.929995 7.000494
121 0.900285 9.971462
27 0.920306 7.969428
67 0.934480 6.551964
121 0.936897 6.310318
29 0.928481 7.151922
32 0.928218 7.178153
134 0.934714 6.528609
123 0.966547 3.345291
139 0.937064 6.293595
135 0.900656 9.934403
33 0.957519 4.248126
155 0.908636 9.136433
131 0.919436 8.056439
110 0.931033 6.896668
25 0.955835 4.416482
157 0.987364 1.263605
98 0.986490 1.351013
113 0.903802 9.619820
165 0.936214 6.378641
54 0.957793 4.220690
161 0.968191 3.180883
110 0.976674 2.332612
84 0.942972 5.702770
33 0.929359 7.064110
130 0.944703 5.529728
72 0.974770 2.523039
184 0.924759 7.524085
65 0.981509 1.849147
28 0.963778 3.622246
103 0.935060 6.494049
170 0.944579 5.542100
136 0.981103 1.889722
203 0.922551 7.744875
215 0.921322 7.867838
142 0.904116 9.588386
23 0.983157 1.684287
109 0.986818 1.318160
193 0.985863 1.413670
164 0.965934 3.406610
145 0.943090 5.691027
72 0.939454 6.054615
72 0.976203 2.379721
240 0.978761 2.123904
148 0.988113 1.188661
73 0.933297 6.670331
55 0.945429 5.457138
34 0.960493 3.950674
263 0.998976 0.102445
65 0.924292 7.570785
124 0.938622 6.137804
25 0.997124 0.287589
166 0.915205 8.479496
171 0.978774 2.122576
160 0.980644 1.935585
82 0.901102 9.889762
174 0.958861 4.113909
107 0.985977 1.402269
187 0.907563 9.243658
27 0.939714 6.028604
136 0.987066 1.293417
58 0.911933 8.806682
291 0.929208 7.079247
80 0.967046 3.295442
124 0.952196 4.780414
37 0.973913 2.608748
64 0.958346 4.165433
96 0.977783 2.221739
49 0.945234 5.476569
61 0.912915 8.708532
175 0.916918 8.308168
37 0.968205 3.179468
64 0.983359 1.664104
161 0.911718 8.828227
16 0.931373 6.862673
95 0.983275 1.672511
failed to find solution after reaching max emtpy limit -- 174 iterations and 168 function evals
7 0.947735 5.226507
41 0.951886 4.811428
146 0.917367 8.263324
131 0.900703 9.929664
28 0.904327 9.567267
138 0.973408 2.659154
131 0.958057 4.194261
158 0.959828 4.017171
77 0.933747 6.625299
50 0.906354 9.364602
33 0.959990 4.000992
99 0.986095 1.390468
48 0.952854 4.714606
59 0.963379 3.662080
104 0.926993 7.300651
92 0.986942 1.305833
102 0.929597 7.040315
251 0.929926 7.007410
59 0.973534 2.646631
137 0.915524 8.447579
79 0.997484 0.251576
108 0.956691 4.330926
158 0.951148 4.885178
224 0.912234 8.776594
102 0.986848 1.315249
46 0.974932 2.506796
173 0.917638 8.236177
360 0.919441 8.055899
75 0.984616 1.538380
91 0.972523 2.747716
205 0.984477 1.552310
149 0.934245 6.575464
209 0.986689 1.331088
149 0.981817 1.818292
183 0.982761 1.723875
30 0.934915 6.508504
114 0.979947 2.005252
77 0.984274 1.572638
88 0.928126 7.187405
67 0.976927 2.307282
127 0.942895 5.710508
51 0.971477 2.852339
322 0.985521 1.447926
89 0.987728 1.227220
64 0.921599 7.840117
119 0.980726 1.927357
98 0.985935 1.406511
154 0.900920 9.908039
34 0.921205 7.879475
173 0.910764 8.923629
66 0.956779 4.322069
39 0.925191 7.480853
211 0.900947 9.905281
267 0.948991 5.100925
87 0.983286 1.671431
175 0.978248 2.175235
96 0.980328 1.967167
170 0.941832 5.816774
182 0.915853 8.414666
169 0.929950 7.005020
232 0.958658 4.134156
245 0.906628 9.337160
431 0.952875 4.712475
259 0.910085 8.991450
313 0.962723 3.727671
133 0.916902 8.309762
224 0.939050 6.095032
172 0.970251 2.974901
184 0.906533 9.346708
163 0.934316 6.568365
171 0.907810 9.218995
132 0.975680 2.432045
190 0.947970 5.202977
141 0.942375 5.762479
217 0.919193 8.080725
219 0.974560 2.544017
409 0.926985 7.301454
433 0.968983 3.101703
350 0.909856 9.014420
397 0.959844 4.015597
476 0.981610 1.839010
339 0.986348 1.365209
342 0.928180 7.181963
372 0.935901 6.409867
488 0.976303 2.369666
582 0.967892 3.210812
591 0.983312 1.668841
556 0.926627 7.337256
465 0.903168 9.683217
519 0.987544 1.245587
568 0.958479 4.152051
617 0.940104 5.989612
693 0.948944 5.105602
599 0.938106 6.189448
1120 0.954388 4.561212
