15 -1.010495 5.974266
17 -1.035148 8.559692
17 -1.009035 5.821101
17 -1.013640 6.304022
19 -0.994144 4.259413
19 -0.977265 2.489329
19 -1.004897 5.387181
19 -0.965442 1.249392
19 -0.992231 4.058787
19 -1.013322 6.270706
19 -0.988817 3.700816
22 -1.004264 5.320823
22 -0.999852 4.858095
22 -0.992746 4.112807
22 -0.989489 3.771321
22 -0.973894 2.135759
22 -1.026380 7.640163
22 -1.021975 7.178223
22 -1.031345 8.160823
22 -1.007777 5.689156
22 -1.046472 9.747253
22 -1.029859 8.005013
22 -0.984660 3.264813
22 -0.992765 4.114844
22 -0.976118 2.369031
22 -0.969476 1.672393
22 -0.993223 4.162862
22 -1.010944 6.021353
24 -1.010272 5.950846
24 -1.041589 9.235167
24 -0.958447 0.515835
24 -0.970543 1.784296
24 -0.969528 1.677840
24 -1.030429 8.064824
24 -1.022170 7.198687
24 -1.036557 8.707490
24 -1.044397 9.529682
24 -0.977683 2.533079
24 -1.019245 6.891895
17 -0.955975 0.256511
26 -0.973443 2.088498
26 -0.972276 1.966116
24 -1.024382 7.430598
26 -0.960360 0.716443
26 -1.015739 6.524153
19 -1.008147 5.728036
28 -1.018944 6.860346
27 -1.019059 6.872420
19 -1.030609 8.083635
19 -1.022865 7.271530
19 -0.973346 2.078300
28 -0.971608 1.895978
17 -0.970852 1.816786
17 -1.019962 6.967049
28 -0.985327 3.334796
24 -1.037278 8.783062
24 -1.026292 7.630967
22 -1.024563 7.449639
19 -0.988710 3.689613
19 -1.021451 7.123228
22 -0.978738 2.643800
17 -1.006354 5.539992
24 -1.042123 9.291203
19 -1.001482 5.028999
24 -1.037370 8.792685
19 -1.009075 5.825282
19 -0.960647 0.746526
22 -0.988468 3.664185
22 -1.041391 9.214422
22 -0.960097 0.688873
22 -1.002993 5.187458
22 -0.956808 0.343922
22 -1.029609 7.978795
19 -1.035569 8.603811
22 -0.956024 0.261655
24 -0.973679 2.113183
24 -1.029137 7.929349
22 -1.009208 5.839299
22 -1.013362 6.274926
19 -1.029571 7.974851
22 -1.040142 9.083385
23 -0.974846 2.235568
26 -0.980678 2.847265
26 -1.045049 9.597996
26 -1.034638 8.506157
17 -1.019223 6.889569
17 -0.984870 3.286845
19 -0.993819 4.225351
22 -0.995458 4.397302
24 -0.962136 0.902695
28 -0.977201 2.482593
22 -1.038476 8.908675
26 -0.979263 2.698835
24 -0.975166 2.269197
22 -1.034804 8.523580
22 -0.975796 2.335225
19 -1.039568 9.023193
22 -0.995608 4.412968
26 -1.010421 5.966494
27 -0.969630 1.688536
29 -0.989532 3.775814
22 -0.972990 2.040940
22 -1.005313 5.430766
26 -0.961641 0.850707
19 -1.012736 6.209241
24 -0.962696 0.961388
19 -1.005400 5.439869
30 -1.046574 9.757943
24 -0.999221 4.791856
24 -1.045756 9.672140
19 -1.019647 6.934025
24 -0.998308 4.696201
24 -0.988558 3.673602
22 -1.045679 9.664142
17 -0.986063 3.411946
17 -1.029287 7.945062
22 -1.034833 8.526687
18 -0.975196 2.272341
17 -1.011980 6.129989
24 -0.994466 4.293274
19 -1.046493 9.749509
19 -0.986118 3.417760
22 -1.022667 7.250759
22 -0.997075 4.566873
24 -1.013992 6.340983
24 -0.967675 1.483597
24 -0.969894 1.716294
22 -0.985861 3.390769
22 -0.960875 0.770395
24 -1.018766 6.841664
19 -1.036771 8.729933
19 -1.023354 7.322794
26 -1.007501 5.660243
19 -0.997218 4.581807
22 -1.001746 5.056694
19 -1.012786 6.214556
19 -0.990693 3.897557
24 -0.975874 2.343415
22 -0.990104 3.835802
26 -0.973714 2.116920
22 -0.998998 4.768512
30 -0.981995 2.985388
22 -0.985150 3.316240
22 -1.001108 4.989824
22 -1.003398 5.230006
22 -0.972161 1.954048
26 -0.997702 4.632638
24 -1.013038 6.240987
24 -0.993751 4.218271
22 -1.029806 7.999436
19 -1.032992 8.333604
22 -1.003087 5.197338
17 -0.988735 3.692156
22 -1.016754 6.630674
32 -0.985368 3.339055
22 -0.985938 3.398888
19 -1.024259 7.417770
26 -0.969696 1.695515
24 -0.979547 2.728599
22 -0.977830 2.548575
22 -1.034928 8.536601
25 -0.985718 3.375778
22 -1.013241 6.262184
19 -1.005378 5.437647
22 -0.993339 4.175046
27 -1.011577 6.087722
24 -0.987679 3.581419
22 -0.999495 4.820592
22 -1.015587 6.508304
18 -1.044112 9.499796
22 -1.001042 4.982900
22 -1.025727 7.571701
24 -0.993688 4.211678
19 -1.000274 4.902353
17 -0.977446 2.508236
22 -0.978961 2.667122
24 -0.972526 1.992324
22 -1.035869 8.635346
17 -1.016478 6.601725
24 -0.990102 3.835514
24 -0.965923 1.299767
24 -1.042249 9.304410
24 -0.975491 2.303295
19 -1.038587 8.920326
27 -0.988352 3.651988
19 -1.043205 9.404663
22 -1.028389 7.850826
27 -0.969306 1.654633
19 -1.027451 7.752524
22 -0.961295 0.814465
24 -0.963618 1.058132
24 -0.991276 3.958720
24 -0.963995 1.097649
24 -0.979000 2.671230
22 -0.966374 1.347142
23 -0.983330 3.125395
23 -1.021212 7.098183
24 -1.038388 8.899511
24 -1.043172 9.401179
26 -0.978185 2.585825
