25 -1173.825042 3.296934
25 -1172.127182 3.147522
25 -1193.822776 5.056740
25 -1173.809017 3.295524
25 -1193.986698 5.071166
25 -1157.772477 1.884304
25 -1181.942551 4.011277
25 -1167.368684 2.728773
25 -1182.633195 4.072054
25 -1166.343592 2.638565
25 -1176.293087 3.514123
25 -1174.098444 3.320994
25 -1167.072294 2.702691
25 -1175.997616 3.488121
25 -1159.678251 2.052013
25 -1202.412676 5.812654
25 -1182.569788 4.066474
25 -1170.848815 3.035025
25 -1168.296239 2.810398
25 -1175.460066 3.440817
25 -1177.488779 3.619344
25 -1194.078254 5.079223
25 -1179.977512 3.838353
25 -1166.584815 2.659792
25 -1169.703821 2.934266
25 -1164.173581 2.447603
25 -1174.841427 3.386376
25 -1201.770029 5.756101
25 -1144.822705 0.744720
25 -1213.956724 6.828534
25 -1174.335307 3.341838
25 -1169.209966 2.890806
25 -1193.208489 5.002683
25 -1181.028245 3.930818
25 -1147.824028 1.008838
25 -1161.181427 2.184293
25 -1200.110803 5.610089
25 -1154.295836 1.578359
25 -1152.688442 1.436908
25 -1186.587907 4.420070
25 -1172.361542 3.168146
25 -1177.281542 3.601107
25 -1171.068216 3.054333
25 -1154.449982 1.591924
25 -1167.610511 2.750054
25 -1173.852050 3.299311
25 -1179.738241 3.817297
25 -1183.872113 4.181079
25 -1151.309633 1.315572
25 -1154.049021 1.556639
25 -1160.110808 2.090078
25 -1158.558986 1.953517
25 -1198.866162 5.500560
25 -1176.858875 3.563912
25 -1196.376193 5.281442
25 -1184.666031 4.250944
25 -1202.928078 5.858010
25 -1193.977436 5.070351
25 -1183.553773 4.153065
25 -1186.271150 4.392195
25 -1180.520695 3.886154
25 -1167.336286 2.725922
25 -1200.728019 5.664404
25 -1194.430900 5.110256
25 -1178.035117 3.667422
25 -1195.124615 5.171303
25 -1165.509387 2.565154
25 -1182.285385 4.041447
25 -1214.561104 6.881719
25 -1165.085754 2.527874
25 -1160.027527 2.082749
25 -1188.382870 4.578027
25 -1188.254267 4.566710
25 -1202.556535 5.825314
25 -1197.801343 5.406856
25 -1172.931409 3.218294
25 -1154.313270 1.579893
25 -1155.424627 1.677693
25 -1189.110357 4.642046
25 -1163.680504 2.404212
25 -1200.377809 5.633585
25 -1168.375118 2.817339
25 -1197.242522 5.357679
25 -1187.474668 4.498105
25 -1197.929926 5.418171
25 -1191.223307 4.827986
25 -1175.881319 3.477887
25 -1171.959925 3.132803
25 -1167.479863 2.738557
25 -1174.559967 3.361608
25 -1151.893582 1.366960
25 -1168.301223 2.810837
25 -1153.810658 1.535663
25 -1170.723809 3.024025
25 -1180.347562 3.870918
25 -1153.938396 1.546904
25 -1200.273111 5.624372
25 -1162.108215 2.265850
25 -1176.737955 3.553271
25 -1164.127050 2.443508
25 -1164.925024 2.513730
25 -1211.214028 6.587176
25 -1174.495750 3.355957
25 -1207.713042 6.279088
25 -1154.567946 1.602304
25 -1163.794519 2.414245
25 -1185.265561 4.303703
25 -1179.223979 3.772042
25 -1201.764537 5.755618
25 -1158.879237 1.981699
25 -1157.284849 1.841393
25 -1153.329552 1.493325
25 -1176.942741 3.571293
25 -1170.160277 2.974434
25 -1165.789133 2.589772
25 -1175.824783 3.472912
25 -1165.101731 2.529280
25 -1180.585072 3.891819
25 -1179.965222 3.837272
25 -1157.384126 1.850129
25 -1165.992145 2.607637
25 -1204.434722 5.990595
25 -1181.161246 3.942522
25 -1170.346142 2.990790
25 -1166.438490 2.646916
25 -1181.525191 3.974550
25 -1166.612217 2.662204
25 -1150.276855 1.224687
25 -1186.073903 4.374837
25 -1176.030078 3.490978
25 -1159.468533 2.033557
25 -1167.051938 2.700899
25 -1167.864529 2.772407
25 -1169.041253 2.875959
25 -1204.758141 6.019056
25 -1212.126228 6.667449
25 -1191.862206 4.884210
25 -1150.595035 1.252687
25 -1165.651394 2.577651
25 -1177.911441 3.656538
25 -1192.654973 4.953973
25 -1154.929803 1.634148
25 -1205.472829 6.081948
25 -1164.325727 2.460992
25 -1197.105427 5.345615
25 -1191.649322 4.865476
25 -1206.487355 6.171227
25 -1181.633731 3.984101
25 -1173.512954 3.269470
25 -1161.078759 2.175258
25 -1171.232955 3.068830
25 -1155.098063 1.648955
25 -1179.063431 3.757914
25 -1182.881476 4.093903
25 -1186.462263 4.409013
25 -1181.308444 3.955476
25 -1169.678505 2.932038
25 -1180.117095 3.850637
25 -1180.921732 3.921445
25 -1178.544313 3.712231
25 -1174.784229 3.381343
25 -1178.160872 3.678489
25 -1151.382772 1.322008
25 -1180.245920 3.861973
25 -1210.043694 6.484186
25 -1173.063253 3.229897
25 -1169.271023 2.896179
25 -1174.340222 3.342270
25 -1153.960996 1.548893
25 -1175.979497 3.486527
25 -1208.329950 6.333376
25 -1166.555022 2.657170
25 -1191.158433 4.822277
25 -1191.218783 4.827588
25 -1176.790962 3.557936
25 -1169.790761 2.941916
25 -1159.186301 2.008721
25 -1148.784889 1.093394
25 -1152.495264 1.419908
25 -1151.821796 1.360642
25 -1156.965788 1.813315
25 -1211.953664 6.652264
25 -1172.678338 3.196024
25 -1171.277775 3.072774
25 -1172.397154 3.171280
25 -1164.862315 2.508212
25 -1155.509808 1.685189
25 -1163.853877 2.419469
25 -1179.763465 3.819517
25 -1137.834937 0.129795
25 -1194.062138 5.077804
25 -1196.675687 5.307797
25 -1192.370726 4.928960
25 -1154.847572 1.626912
25 -1163.246240 2.365997
25 -1166.089433 2.616198
25 -1190.733900 4.784919
25 -1173.082770 3.231614
25 -1167.919251 2.777223
25 -1168.523994 2.830441
25 -1149.916188 1.192948
25 -1204.746024 6.017989
25 -1190.207303 4.738578
25 -1168.890608 2.862703
25 -1157.970025 1.901688
25 -1154.893198 1.630927
25 -1190.871157 4.796997
25 -1185.944665 4.363465
25 -1182.643509 4.072962
25 -1204.472396 5.993910
25 -1195.468285 5.201546
25 -1170.331984 2.989544
25 -1181.240134 3.949464
25 -1178.518557 3.709965
25 -1148.910496 1.104447
25 -1185.778721 4.348861
25 -1144.639819 0.728626
25 -1192.819886 4.968486
25 -1177.436545 3.614748
25 -1185.729727 4.344550
25 -1157.895160 1.895100
25 -1151.611994 1.342180
25 -1183.207571 4.122599
25 -1178.601001 3.717220
25 -1200.842073 5.674441
25 -1160.778271 2.148815
25 -1176.464168 3.529178
25 -1178.742036 3.729631
25 -1181.658295 3.986263
25 -1181.138832 3.940550
25 -1198.415450 5.460897
25 -1197.789768 5.405837
25 -1189.538840 4.679753
25 -1180.816583 3.912192
25 -1184.992124 4.279641
25 -1171.558034 3.097437
25 -1197.757083 5.402961
25 -1153.171428 1.479410
25 -1171.563802 3.097945
25 -1170.904212 3.039900
25 -1174.939005 3.394963
25 -1164.900902 2.511607
25 -1180.321781 3.868649
25 -1150.289754 1.225822
25 -1182.660257 4.074436
25 -1193.415516 5.020901
25 -1181.887318 4.006417
25 -1177.040916 3.579932
25 -1186.025588 4.370586
25 -1202.495532 5.819945
25 -1166.070992 2.614576
25 -1166.118042 2.618716
25 -1152.176806 1.391883
25 -1174.266568 3.335789
25 -1157.028979 1.818876
25 -1168.221979 2.803863
25 -1151.128633 1.299644
25 -1236.950386 8.851982
25 -1142.758793 0.563096
25 -1182.182754 4.032415
25 -1165.016036 2.521739
25 -1199.702275 5.574138
25 -1143.054552 0.589122
25 -1155.141343 1.652763
25 -1154.849029 1.627040
25 -1194.615137 5.126468
25 -1167.369691 2.728862
25 -1164.723331 2.495981
25 -1185.159542 4.294373
25 -1162.327360 2.285135
25 -1172.967096 3.221435
25 -1152.462490 1.417024
25 -1191.347885 4.838949
25 -1187.477259 4.498333
25 -1190.260516 4.743261
25 -1187.021889 4.458261
25 -1179.833880 3.825714
25 -1152.228968 1.396474
25 -1176.818576 3.560366
25 -1173.446219 3.263598
25 -1165.044990 2.524287
25 -1163.292531 2.370070
25 -1159.971348 2.077805
25 -1169.539811 2.919833
25 -1161.271998 2.192263
25 -1183.549166 4.152660
25 -1178.332703 3.693610
25 -1184.580533 4.243420
25 -1171.679945 3.108165
25 -1198.256552 5.446914
25 -1181.424298 3.965671
25 -1176.610765 3.542079
25 -1165.818232 2.592333
25 -1172.440626 3.175105
25 -1179.253510 3.774641
25 -1176.920300 3.569318
25 -1149.026945 1.114695
25 -1180.336846 3.869975
25 -1161.286374 2.193528
25 -1183.108625 4.113892
25 -1171.708907 3.110714
25 -1178.240010 3.685453
25 -1155.319546 1.668445
25 -1168.132299 2.795971
25 -1160.763887 2.147549
25 -1160.644783 2.137068
25 -1180.290583 3.865904
25 -1164.767557 2.499873
25 -1194.772237 5.140293
25 -1144.679338 0.732104
25 -1175.928200 3.482013
25 -1181.101383 3.937254
25 -1195.452105 5.200122
25 -1154.704894 1.614356
25 -1154.323846 1.580824
25 -1155.349673 1.671097
25 -1222.159909 7.550416
25 -1193.616154 5.038558
25 -1150.205238 1.218385
25 -1177.837712 3.650050
25 -1190.932252 4.802374
25 -1182.548472 4.064599
25 -1153.901916 1.543694
25 -1187.112433 4.466228
25 -1167.890849 2.774724
25 -1200.871744 5.677052
25 -1163.055987 2.349254
25 -1175.006303 3.400886
25 -1185.223252 4.299980
25 -1177.662149 3.634601
25 -1203.065230 5.870079
25 -1171.099787 3.057111
25 -1154.206444 1.570492
25 -1159.316713 2.020197
25 -1150.473728 1.242012
25 -1164.458264 2.472655
25 -1182.944726 4.099469
25 -1182.006859 4.016936
25 -1151.409299 1.324343
25 -1173.427507 3.261951
25 -1187.310584 4.483666
25 -1183.553742 4.153063
25 -1179.068793 3.758386
25 -1190.733068 4.784845
25 -1175.372357 3.433098
25 -1182.623148 4.071170
25 -1205.084951 6.047815
25 -1156.348130 1.758961
25 -1172.949178 3.219858
25 -1187.173633 4.471614
25 -1192.839922 4.970249
25 -1166.463373 2.649105
25 -1201.148052 5.701367
25 -1175.900722 3.479595
25 -1185.799534 4.350693
25 -1158.064868 1.910034
25 -1171.300772 3.074798
25 -1157.316181 1.844150
25 -1166.668747 2.667178
25 -1209.725932 6.456223
25 -1196.670308 5.307324
25 -1176.496527 3.532026
25 -1167.297556 2.722514
25 -1157.414693 1.852819
25 -1172.425772 3.173798
25 -1179.982447 3.838788
25 -1168.146537 2.797224
25 -1163.528729 2.390856
25 -1159.270738 2.016151
25 -1161.560825 2.217680
25 -1178.227583 3.684359
25 -1158.414890 1.940837
25 -1173.205761 3.242437
25 -1188.478897 4.586478
25 -1195.578432 5.211239
25 -1181.836852 4.001976
25 -1181.838370 4.002109
25 -1178.035104 3.667421
25 -1182.178607 4.032050
25 -1209.682337 6.452386
25 -1199.289162 5.537784
25 -1208.227220 6.324336
25 -1194.392125 5.106843
25 -1174.557224 3.361366
25 -1165.430039 2.558172
25 -1170.511104 3.005307
25 -1172.020028 3.138092
25 -1170.888387 3.038508
25 -1191.271614 4.832237
25 -1177.129634 3.587739
25 -1165.099715 2.529103
25 -1202.062857 5.781870
25 -1172.008090 3.137042
25 -1156.253733 1.750654
25 -1199.007206 5.512972
25 -1170.566976 3.010224
25 -1169.633575 2.928084
25 -1182.388843 4.050551
25 -1178.090540 3.672299
25 -1164.809428 2.503558
25 -1180.579989 3.891371
25 -1149.012975 1.113465
25 -1165.289846 2.545835
25 -1195.246310 5.182012
25 -1170.523593 3.006406
25 -1175.396430 3.435217
25 -1202.372459 5.809115
25 -1169.390595 2.906702
25 -1154.537153 1.599595
25 -1170.797860 3.030541
25 -1169.790033 2.941852
25 -1160.875874 2.157404
25 -1161.729466 2.232520
25 -1164.288845 2.457746
25 -1187.633234 4.512059
25 -1206.733160 6.192858
25 -1182.470620 4.057748
25 -1185.493177 4.323733
25 -1177.541968 3.624025
25 -1196.128112 5.259611
25 -1203.640528 5.920705
25 -1163.495859 2.387963
25 -1163.872562 2.421113
25 -1174.397440 3.347305
25 -1177.009852 3.577198
25 -1142.336631 0.525945
25 -1147.769906 1.004075
25 -1192.378780 4.929668
25 -1168.352818 2.815377
25 -1170.644306 3.017029
25 -1184.195388 4.209528
25 -1192.322165 4.924686
25 -1192.325909 4.925016
25 -1197.540427 5.383895
25 -1164.960796 2.516878
25 -1165.432179 2.558360
25 -1174.472338 3.353896
25 -1177.982070 3.662754
25 -1165.574232 2.570861
25 -1204.660681 6.010479
25 -1185.980404 4.366610
25 -1164.952913 2.516184
25 -1166.824974 2.680926
25 -1171.781957 3.117142
25 -1154.905833 1.632039
25 -1149.054648 1.117133
25 -1162.523677 2.302411
25 -1220.413451 7.396727
25 -1206.878461 6.205644
25 -1170.825107 3.032939
25 -1181.549879 3.976722
25 -1174.623075 3.367161
25 -1169.901504 2.951662
25 -1186.427395 4.405945
25 -1157.046358 1.820405
25 -1166.971369 2.693809
25 -1167.997115 2.784075
25 -1187.545641 4.504351
25 -1158.842147 1.978435
25 -1165.797426 2.590502
25 -1164.544894 2.480279
25 -1166.910614 2.688463
25 -1184.460277 4.232838
25 -1175.249370 3.422276
25 -1177.462927 3.617069
25 -1182.226685 4.036281
25 -1185.149950 4.293529
25 -1162.139709 2.268622
25 -1149.835767 1.185871
25 -1187.142467 4.468871
25 -1171.483670 3.090893
25 -1150.774679 1.268496
25 -1173.540500 3.271894
25 -1153.076925 1.471094
25 -1175.785181 3.469427
25 -1172.251616 3.158472
25 -1175.778334 3.468825
25 -1171.414038 3.084765
25 -1185.470190 4.321711
25 -1162.928007 2.337992
25 -1144.944071 0.755401
25 -1199.279621 5.536944
25 -1170.461037 3.000901
25 -1184.789136 4.261778
25 -1177.817413 3.648264
25 -1168.129154 2.795694
25 -1169.762142 2.939398
25 -1196.541751 5.296011
25 -1159.221100 2.011783
25 -1201.225236 5.708159
25 -1168.523106 2.830362
25 -1181.928943 4.010080
25 -1150.950994 1.284012
25 -1159.046265 1.996398
25 -1171.669334 3.107231
25 -1156.565699 1.778107
25 -1155.065073 1.646052
25 -1201.347911 5.718954
25 -1207.142007 6.228837
25 -1159.607154 2.045756
25 -1176.594489 3.540646
25 -1171.464439 3.089200
25 -1181.635298 3.984239
25 -1164.380345 2.465798
25 -1164.711539 2.494943
25 -1192.258064 4.919045
25 -1188.367399 4.576666
25 -1194.400390 5.107571
25 -1204.998408 6.040199
25 -1187.786931 4.525584
25 -1166.503448 2.652632
25 -1176.199527 3.505890
25 -1176.569724 3.538467
25 -1152.629231 1.431697
25 -1175.423185 3.437571
25 -1185.695800 4.341564
25 -1154.206220 1.570472
25 -1154.983448 1.638869
25 -1223.710933 7.686907
25 -1149.445690 1.151544
25 -1184.148135 4.205369
25 -1190.012627 4.721446
25 -1187.684316 4.516554
25 -1154.308966 1.579514
25 -1180.546253 3.888403
25 -1179.907903 3.832228
25 -1195.302013 5.186914
25 -1166.766628 2.675792
25 -1160.713517 2.143116
25 -1189.051909 4.636903
25 -1174.605725 3.365635
25 -1191.957959 4.892636
25 -1148.011142 1.025304
25 -1164.047175 2.436479
25 -1156.026881 1.730691
25 -1181.903857 4.007872
25 -1151.352991 1.319387
25 -1175.638674 3.456534
25 -1169.903492 2.951837
25 -1168.956336 2.868487
25 -1185.536073 4.327508
25 -1156.014230 1.729578
25 -1183.555254 4.153196
25 -1190.908651 4.800297
25 -1197.797130 5.406485
25 -1169.221379 2.891811
25 -1205.500675 6.084399
25 -1170.602697 3.013367
25 -1174.251096 3.334427
25 -1187.901742 4.535688
25 -1191.497251 4.852094
25 -1168.104587 2.793533
25 -1169.518856 2.917989
25 -1192.461433 4.936942
25 -1194.196219 5.089604
25 -1161.054835 2.173152
25 -1170.956310 3.044485
25 -1180.086181 3.847916
25 -1152.263519 1.399514
25 -1164.945773 2.515556
25 -1196.460421 5.288854
25 -1163.546745 2.392441
25 -1180.999357 3.928276
25 -1144.017495 0.673862
25 -1169.688696 2.932935
25 -1189.256747 4.654929
25 -1202.090289 5.784284
25 -1174.565844 3.362125
25 -1148.312186 1.051796
25 -1175.105876 3.409648
25 -1183.589369 4.156198
25 -1164.858827 2.507905
25 -1192.529675 4.942947
25 -1174.974562 3.398092
25 -1191.675779 4.867804
25 -1176.124102 3.499252
25 -1149.306363 1.139284
25 -1177.184506 3.592568
25 -1167.252145 2.718517
25 -1176.217893 3.507506
25 -1185.334698 4.309787
25 -1157.799298 1.886664
25 -1178.054755 3.669150
25 -1158.741657 1.969592
25 -1220.552681 7.408980
25 -1172.523894 3.182433
25 -1196.262195 5.271410
25 -1179.142053 3.764833
25 -1182.687560 4.076838
25 -1166.482066 2.650750
25 -1169.423317 2.909581
25 -1173.926874 3.305895
25 -1184.066829 4.198214
25 -1144.987097 0.759187
25 -1160.464305 2.121186
25 -1190.562990 4.769878
25 -1188.901233 4.623643
25 -1169.920076 2.953296
25 -1169.885907 2.950289
25 -1167.448110 2.735762
25 -1167.103177 2.705408
25 -1168.840467 2.858290
25 -1172.513368 3.181507
25 -1165.245003 2.541888
25 -1169.439091 2.910969
25 -1170.264897 2.983640
25 -1163.102088 2.353311
25 -1192.138323 4.908508
25 -1160.582116 2.131553
25 -1182.015129 4.017664
25 -1176.924957 3.569728
25 -1154.754484 1.618720
25 -1218.167888 7.199117
25 -1177.622320 3.631096
25 -1209.547688 6.440537
25 -1181.797924 3.998550
25 -1154.812648 1.623838
25 -1163.486921 2.387177
25 -1194.488978 5.115366
25 -1173.454756 3.264349
25 -1189.922791 4.713541
25 -1188.747472 4.610112
25 -1167.071713 2.702639
25 -1176.324358 3.516875
25 -1190.882063 4.797957
25 -1145.840579 0.834294
25 -1186.132950 4.380034
25 -1168.832658 2.857603
25 -1150.472073 1.241866
25 -1163.058727 2.349495
25 -1142.307918 0.523418
25 -1199.825189 5.584955
25 -1180.542696 3.888090
25 -1174.687703 3.372849
25 -1217.188690 7.112947
25 -1154.229425 1.572514
25 -1150.570308 1.250511
25 -1164.074154 2.438853
25 -1161.353825 2.199464
25 -1185.043964 4.284203
25 -1206.157842 6.142230
25 -1164.581234 2.483477
25 -1159.100741 2.001192
25 -1191.956570 4.892514
25 -1163.965054 2.429253
25 -1168.103785 2.793462
25 -1186.762041 4.435394
25 -1189.556621 4.681318
25 -1193.051422 4.988861
25 -1187.741429 4.521580
25 -1166.857470 2.683786
25 -1191.827150 4.881125
25 -1156.116172 1.738549
25 -1169.598439 2.924992
25 -1180.628837 3.895670
25 -1172.936440 3.218737
25 -1166.452759 2.648171
25 -1175.430294 3.438197
25 -1166.686838 2.668770
25 -1194.961823 5.156977
25 -1153.912657 1.544639
25 -1167.545519 2.744334
25 -1176.212220 3.507007
25 -1195.114939 5.170451
25 -1208.992276 6.391661
25 -1167.639118 2.752571
25 -1178.925203 3.745750
25 -1163.189168 2.360974
25 -1214.429361 6.870126
25 -1185.647969 4.337355
25 -1224.951778 7.796101
25 -1173.831631 3.297514
25 -1185.714845 4.343240
25 -1190.532549 4.767200
25 -1161.197564 2.185713
25 -1180.782865 3.909225
25 -1181.558324 3.977465
25 -1184.426038 4.229825
25 -1163.715841 2.407322
25 -1195.949772 5.243917
25 -1196.615103 5.302466
25 -1184.078386 4.199231
25 -1215.838180 6.994102
25 -1174.515894 3.357729
25 -1171.397204 3.083284
25 -1179.391886 3.786818
25 -1171.717351 3.111457
25 -1151.546725 1.336436
25 -1173.790067 3.293856
25 -1169.520235 2.918110
25 -1153.992058 1.551626
25 -1154.332578 1.581592
25 -1178.580380 3.715405
25 -1172.308381 3.163468
25 -1199.197501 5.529718
25 -1217.683549 7.156495
25 -1183.845132 4.178705
25 -1188.245137 4.565907
25 -1193.808917 5.055521
25 -1163.489531 2.387406
25 -1192.719476 4.959650
25 -1181.217316 3.947456
25 -1215.309462 6.947575
25 -1170.677245 3.019927
25 -1184.436047 4.230706
25 -1165.926836 2.601890
25 -1179.277708 3.776770
25 -1163.673599 2.403604
25 -1145.088732 0.768131
25 -1211.305738 6.595246
25 -1164.329439 2.461319
25 -1185.969171 4.365621
25 -1167.846670 2.770836
25 -1158.186604 1.920747
25 -1152.773094 1.444357
25 -1161.091832 2.176408
25 -1204.760684 6.019279
25 -1169.549141 2.920654
25 -1180.015003 3.841653
25 -1171.459140 3.088734
25 -1223.837945 7.698084
25 -1154.278779 1.576858
25 -1177.578753 3.627262
25 -1153.966582 1.549384
25 -1148.105490 1.033606
25 -1166.543650 2.656170
25 -1182.924165 4.097660
25 -1155.101862 1.649289
25 -1186.859744 4.443992
25 -1159.466959 2.033419
25 -1160.183348 2.096461
25 -1159.521989 2.038262
25 -1153.770778 1.532153
25 -1170.929977 3.042168
25 -1174.441472 3.351180
25 -1167.491493 2.739580
25 -1149.914703 1.192818
25 -1167.958688 2.780693
25 -1156.889747 1.806623
25 -1173.241777 3.245607
25 -1157.875764 1.893393
25 -1157.244190 1.837815
25 -1214.726789 6.896299
25 -1174.926324 3.393847
25 -1183.171131 4.119393
25 -1164.712139 2.494996
25 -1199.522426 5.558311
25 -1162.020507 2.258132
25 -1163.880526 2.421814
25 -1160.533136 2.127243
25 -1167.774982 2.764527
25 -1166.336438 2.637935
25 -1182.672673 4.075528
25 -1187.487348 4.499221
25 -1166.239837 2.629434
25 -1150.264965 1.223641
25 -1183.003178 4.104613
25 -1153.376215 1.497432
25 -1188.179444 4.560126
25 -1180.015240 3.841673
25 -1172.002605 3.136559
25 -1179.470545 3.793740
25 -1175.733393 3.464870
25 -1172.124850 3.147317
25 -1161.457287 2.208568
25 -1141.509001 0.453114
25 -1167.259827 2.719193
25 -1150.207335 1.218569
25 -1154.069637 1.558453
25 -1171.031554 3.051107
25 -1165.677827 2.579977
25 -1181.406055 3.964066
25 -1171.693124 3.109325
25 -1161.756748 2.234921
25 -1192.183442 4.912479
25 -1187.767677 4.523890
25 -1187.632027 4.511953
25 -1174.813533 3.383922
25 -1179.507035 3.796951
25 -1211.755759 6.634848
25 -1179.955396 3.836407
25 -1166.929388 2.690115
25 -1174.675046 3.371735
25 -1189.363172 4.664294
25 -1162.591533 2.308382
25 -1193.266355 5.007775
25 -1164.715180 2.495264
25 -1160.067743 2.086288
25 -1157.285027 1.841408
25 -1170.098904 2.969033
25 -1168.072145 2.790678
25 -1182.850099 4.091142
25 -1196.356107 5.279674
25 -1188.715196 4.607272
25 -1175.220349 3.419722
25 -1170.990215 3.047469
25 -1183.546718 4.152445
25 -1190.181870 4.736340
25 -1181.372572 3.961119
25 -1180.124495 3.851288
25 -1170.329208 2.989300
25 -1182.605066 4.069579
25 -1163.510739 2.389273
25 -1190.577361 4.771143
25 -1203.769896 5.932090
25 -1191.326641 4.837080
25 -1170.118348 2.970744
25 -1163.121048 2.354980
25 -1171.338475 3.078116
25 -1171.736994 3.113185
25 -1202.912246 5.856616
25 -1179.469218 3.793623
25 -1171.199027 3.065844
25 -1188.987811 4.631262
25 -1165.272098 2.544273
25 -1169.572249 2.922687
25 -1161.469351 2.209630
25 -1182.419749 4.053271
25 -1187.084236 4.463747
25 -1231.461769 8.368982
25 -1184.807230 4.263370
25 -1172.588420 3.188111
25 -1159.501750 2.036481
25 -1180.572954 3.890752
25 -1183.173521 4.119603
25 -1166.533639 2.655289
25 -1183.496118 4.147992
25 -1157.882163 1.893956
25 -1189.869408 4.708843
25 -1175.115498 3.410495
25 -1150.283035 1.225231
25 -1169.440097 2.911058
25 -1207.626499 6.271472
25 -1149.126639 1.123468
25 -1187.031551 4.459111
25 -1162.285539 2.281455
25 -1178.907598 3.744201
25 -1157.782476 1.885184
25 -1183.933715 4.186500
25 -1176.744394 3.553838
25 -1181.950570 4.011983
25 -1160.928892 2.162069
25 -1164.578093 2.483200
25 -1176.514611 3.533617
25 -1169.857166 2.947760
25 -1165.246434 2.542014
25 -1195.421725 5.197448
25 -1176.787333 3.557617
25 -1164.083587 2.439684
25 -1182.082955 4.023633
25 -1190.915152 4.800869
25 -1173.327629 3.253162
25 -1187.022682 4.458330
25 -1203.403397 5.899838
25 -1177.753462 3.642636
25 -1176.637785 3.544456
25 -1163.814689 2.416020
25 -1189.433222 4.670458
25 -1155.006012 1.640854
25 -1155.842563 1.714471
25 -1183.132737 4.116014
25 -1170.031646 2.963114
25 -1191.031778 4.811132
25 -1203.761760 5.931374
25 -1162.707274 2.318568
25 -1166.825096 2.680937
25 -1170.645887 3.017168
25 -1149.196879 1.129649
25 -1170.276406 2.984653
25 -1156.757550 1.794990
25 -1169.961189 2.956914
25 -1191.876552 4.885472
25 -1172.998409 3.224190
25 -1178.462878 3.705065
25 -1169.420188 2.909306
25 -1178.059916 3.669604
25 -1175.851896 3.475298
25 -1155.038350 1.643700
25 -1176.110694 3.498072
25 -1156.653452 1.785829
25 -1203.186567 5.880757
25 -1176.886541 3.566347
25 -1148.174892 1.039714
25 -1165.335500 2.549852
25 -1182.563307 4.065904
25 -1182.883628 4.094092
25 -1167.432793 2.734415
25 -1188.664217 4.602786
25 -1179.635438 3.808251
25 -1175.817223 3.472247
25 -1181.226540 3.948268
25 -1179.750858 3.818408
25 -1151.937699 1.370842
25 -1200.811067 5.671712
25 -1154.226990 1.572300
25 -1192.398424 4.931397
25 -1159.329761 2.021345
25 -1184.593525 4.244564
25 -1204.637608 6.008449
25 -1171.945350 3.131521
25 -1195.282186 5.185169
25 -1155.562848 1.689856
25 -1166.968725 2.693576
25 -1169.437683 2.910845
25 -1155.648311 1.697377
25 -1204.800800 6.022810
25 -1176.184582 3.504574
25 -1156.305833 1.755239
25 -1184.535364 4.239446
25 -1181.516267 3.973764
25 -1192.574457 4.946888
25 -1149.510845 1.157278
25 -1197.641280 5.392770
25 -1166.548053 2.656557
25 -1164.216676 2.451395
25 -1158.627321 1.959531
25 -1159.494558 2.035848
25 -1173.153843 3.237869
25 -1150.334517 1.229761
25 -1165.664965 2.578845
25 -1185.147940 4.293352
25 -1183.855866 4.179650
25 -1179.745277 3.817917
25 -1173.151864 3.237694
25 -1180.167472 3.855070
25 -1184.606618 4.245716
25 -1193.699069 5.045854
25 -1157.772227 1.884282
25 -1188.594955 4.596691
25 -1175.828112 3.473205
25 -1183.697240 4.165690
25 -1175.474816 3.442115
25 -1161.979930 2.254561
25 -1150.754093 1.266684
25 -1182.063851 4.021952
25 -1174.122115 3.323077
25 -1162.460102 2.296816
25 -1149.435465 1.150645
25 -1163.678465 2.404033
25 -1166.456264 2.648480
25 -1206.126637 6.139484
25 -1167.750905 2.762408
25 -1157.228242 1.836411
25 -1159.470256 2.033709
25 -1158.140978 1.916732
25 -1165.064253 2.525982
25 -1169.396348 2.907208
25 -1164.161256 2.446518
25 -1171.249861 3.070318
25 -1157.863604 1.892323
25 -1151.410716 1.324467
25 -1167.817211 2.768243
25 -1148.084715 1.031778
25 -1207.188927 6.232966
25 -1167.420350 2.733320
25 -1147.684564 0.996565
25 -1156.246344 1.750004
25 -1191.027254 4.810734
25 -1206.986889 6.215186
25 -1156.990212 1.815464
25 -1198.351380 5.455259
25 -1152.170809 1.391356
25 -1168.018909 2.785993
25 -1181.575077 3.978940
25 -1188.159812 4.558398
25 -1184.474120 4.234056
25 -1177.650550 3.633580
25 -1194.850752 5.147203
25 -1168.720529 2.847736
25 -1163.287279 2.369608
25 -1195.157523 5.174199
25 -1164.698352 2.493783
25 -1182.657903 4.074228
25 -1171.462021 3.088988
25 -1193.329485 5.013331
25 -1176.138523 3.500521
25 -1193.701173 5.046039
25 -1168.564516 2.834006
25 -1179.427314 3.789936
25 -1187.510308 4.501242
25 -1187.479738 4.498551
25 -1190.455067 4.760381
25 -1162.533954 2.303315
25 -1197.224977 5.356135
25 -1195.860300 5.236043
25 -1168.407625 2.820200
25 -1172.544599 3.184255
25 -1153.563705 1.513931
25 -1146.017789 0.849888
25 -1166.956249 2.692479
25 -1183.488542 4.147325
25 -1198.771462 5.492226
25 -1154.051706 1.556875
25 -1224.308308 7.739476
25 -1193.550789 5.032806
25 -1200.987118 5.687205
25 -1210.048520 6.484610
25 -1192.469617 4.937662
25 -1157.166578 1.830985
25 -1188.512772 4.589459
25 -1156.726462 1.792254
25 -1182.510291 4.061239
25 -1177.119818 3.586875
25 -1166.407454 2.644184
25 -1189.156683 4.646123
25 -1189.611353 4.686134
25 -1151.135952 1.300288
25 -1147.259271 0.959139
25 -1152.559383 1.425550
25 -1205.102065 6.049321
25 -1187.459939 4.496809
25 -1191.351078 4.839230
25 -1178.939636 3.747020
25 -1189.163429 4.646717
25 -1190.367326 4.752660
25 -1198.697146 5.485686
25 -1183.247318 4.126097
25 -1172.678863 3.196070
25 -1179.916206 3.832958
25 -1169.268594 2.895966
25 -1167.595359 2.748720
25 -1168.637024 2.840387
25 -1181.162450 3.942628
25 -1157.053553 1.821038
25 -1157.725142 1.880139
25 -1160.351343 2.111245
25 -1218.334044 7.213739
25 -1194.045068 5.076302
25 -1187.591426 4.508380
25 -1189.719699 4.695669
25 -1212.477525 6.698364
25 -1155.993186 1.727726
25 -1193.519235 5.030029
25 -1208.065304 6.310087
25 -1186.728662 4.432456
25 -1173.173048 3.239559
25 -1174.202010 3.330108
25 -1185.762751 4.347456
25 -1165.628329 2.575621
25 -1158.886626 1.982349
25 -1161.358814 2.199903
25 -1201.702554 5.750163
25 -1197.751348 5.402456
25 -1183.140447 4.116693
25 -1162.040525 2.259893
25 -1193.816060 5.056149
25 -1177.955666 3.660430
25 -1149.078175 1.119203
25 -1173.559937 3.273605
25 -1140.794344 0.390224
25 -1155.981917 1.726734
25 -1203.658820 5.922315
25 -1142.301176 0.522825
25 -1179.952184 3.836124
25 -1169.491960 2.915622
25 -1186.980812 4.454646
25 -1159.648987 2.049437
25 -1167.958091 2.780641
25 -1172.693608 3.197368
25 -1192.362677 4.928251
25 -1189.351280 4.663248
25 -1171.039950 3.051845
25 -1188.526663 4.590681
25 -1177.861474 3.652141
25 -1172.016837 3.137812
25 -1182.513922 4.061558
25 -1193.708449 5.046680
25 -1144.016905 0.673810
25 -1162.462676 2.297043
25 -1179.151549 3.765668
25 -1175.642757 3.456894
25 -1203.384955 5.898215
25 -1201.794428 5.758248
25 -1187.113943 4.466361
25 -1218.527442 7.230758
25 -1145.305091 0.787171
25 -1170.895957 3.039174
25 -1169.414797 2.908831
25 -1208.021601 6.306241
25 -1164.119326 2.442828
25 -1192.834224 4.969748
25 -1174.521597 3.358231
25 -1175.020247 3.402113
25 -1164.064786 2.438029
25 -1172.370408 3.168926
25 -1171.612050 3.102190
25 -1167.869742 2.772866
25 -1151.637386 1.344414
25 -1148.097153 1.032873
25 -1179.038793 3.755746
25 -1169.187822 2.888858
25 -1210.287812 6.505668
25 -1162.466960 2.297420
25 -1177.573616 3.626810
25 -1169.826034 2.945020
25 -1177.948515 3.659801
25 -1191.114263 4.818391
25 -1181.730376 3.992606
25 -1163.220688 2.363748
25 -1213.920382 6.825335
25 -1161.603762 2.221458
25 -1187.754799 4.522757
25 -1200.583604 5.651695
25 -1171.069267 3.054425
25 -1157.904293 1.895904
25 -1162.702502 2.318148
25 -1198.411339 5.460535
25 -1183.264239 4.127586
25 -1204.453936 5.992286
25 -1191.751201 4.874441
25 -1242.241542 9.317606
25 -1168.816148 2.856150
25 -1142.751721 0.562473
25 -1184.058956 4.197522
25 -1177.513282 3.621500
25 -1185.045937 4.284376
25 -1190.668956 4.779203
25 -1149.358058 1.143833
25 -1170.958887 3.044712
25 -1188.533533 4.591286
25 -1167.912990 2.776672
25 -1171.271172 3.072193
25 -1179.633375 3.808069
25 -1186.448836 4.407832
25 -1197.122062 5.347079
25 -1185.575456 4.330974
25 -1162.607795 2.309813
25 -1166.694729 2.669465
25 -1161.183330 2.184460
25 -1170.756170 3.026873
25 -1151.254693 1.310737
25 -1165.072626 2.526719
25 -1195.551906 5.208904
25 -1159.472875 2.033939
25 -1178.927606 3.745961
25 -1163.600320 2.397156
25 -1205.092866 6.048512
25 -1208.839129 6.378184
25 -1148.157870 1.038216
25 -1224.418313 7.749156
25 -1167.308178 2.723448
25 -1158.494570 1.947848
25 -1161.125764 2.179394
25 -1150.000655 1.200381
25 -1179.695786 3.813561
25 -1172.494031 3.179805
25 -1179.263701 3.775538
25 -1160.904009 2.159880
25 -1153.446489 1.503616
25 -1154.351061 1.583218
25 -1185.023571 4.282408
25 -1196.928457 5.330041
25 -1164.193485 2.449355
25 -1174.462664 3.353045
25 -1146.600469 0.901164
25 -1179.092722 3.760492
25 -1160.446298 2.119601
25 -1183.413619 4.140732
25 -1162.083914 2.263712
25 -1170.942957 3.043310
25 -1162.096376 2.264808
25 -1184.852272 4.267334
25 -1174.832698 3.385608
25 -1202.448252 5.815785
25 -1180.165413 3.854889
25 -1178.267459 3.687868
25 -1158.799026 1.974641
25 -1154.779043 1.620881
25 -1177.665129 3.634863
25 -1172.982034 3.222749
25 -1172.852947 3.211390
25 -1194.355454 5.103616
25 -1160.814677 2.152018
25 -1159.161844 2.006569
25 -1177.120258 3.586914
25 -1208.688280 6.364909
25 -1187.846781 4.530851
25 -1142.945866 0.579558
25 -1158.227958 1.924386
25 -1227.574240 8.026879
25 -1153.675152 1.523738
25 -1222.929294 7.618122
25 -1187.157514 4.470196
25 -1158.789624 1.973813
25 -1166.892136 2.686837
25 -1160.260769 2.103274
25 -1170.070296 2.966516
25 -1183.515859 4.149729
25 -1190.819551 4.792456
25 -1184.208339 4.210667
25 -1179.353239 3.783417
25 -1165.399640 2.555496
25 -1166.294088 2.634208
25 -1197.127677 5.347573
25 -1173.614236 3.278383
25 -1168.638837 2.840547
25 -1161.218415 2.187548
25 -1161.024016 2.170440
25 -1193.118488 4.994763
25 -1182.167909 4.031109
25 -1176.827098 3.561116
25 -1180.672516 3.899514
25 -1179.309602 3.779577
25 -1194.273603 5.096413
25 -1216.145294 7.021128
25 -1185.821229 4.352602
25 -1200.612561 5.654243
25 -1192.942330 4.979261
25 -1177.584480 3.627766
25 -1157.207432 1.834580
25 -1179.426648 3.789877
25 -1213.339330 6.774203
25 -1171.743477 3.113756
25 -1160.820441 2.152526
25 -1162.671611 2.315429
25 -1172.121177 3.146994
25 -1190.720523 4.783741
25 -1192.213443 4.915119
25 -1169.422955 2.909549
25 -1196.899768 5.327517
25 -1200.593641 5.652578
25 -1176.733880 3.552913
25 -1187.265092 4.479662
25 -1182.183469 4.032478
25 -1183.124655 4.115303
25 -1158.628440 1.959629
25 -1186.064152 4.373979
25 -1147.328191 0.965204
25 -1153.499562 1.508286
25 -1205.690030 6.101062
25 -1190.937621 4.802846
25 -1210.567717 6.530300
25 -1162.207517 2.274589
25 -1168.838354 2.858104
25 -1177.498777 3.620224
25 -1165.085543 2.527856
25 -1187.840223 4.530274
25 -1170.403321 2.995822
25 -1185.572686 4.330730
25 -1173.688191 3.284891
25 -1179.918929 3.833198
25 -1204.671773 6.011455
25 -1169.110117 2.882020
25 -1151.927758 1.369967
25 -1198.137861 5.436469
25 -1164.466873 2.473413
25 -1172.297718 3.162529
25 -1168.899092 2.863449
25 -1193.147113 4.997282
25 -1170.649567 3.017492
25 -1161.735188 2.233024
25 -1195.516145 5.205757
25 -1202.066349 5.782177
25 -1165.041848 2.524011
25 -1175.209049 3.418727
25 -1163.211396 2.362930
25 -1164.935311 2.514635
25 -1177.707551 3.638596
25 -1189.358087 4.663847
25 -1161.485274 2.211031
25 -1154.914072 1.632764
25 -1156.864185 1.804374
25 -1170.958129 3.044645
25 -1217.370015 7.128904
25 -1173.496467 3.268020
25 -1167.812249 2.767807
25 -1199.279583 5.536941
25 -1183.078685 4.111257
25 -1157.745986 1.881973
25 -1175.755750 3.466837
25 -1188.641707 4.600805
25 -1166.558734 2.657497
25 -1154.688384 1.612903
25 -1178.430137 3.702184
25 -1172.776206 3.204636
25 -1171.495847 3.091964
25 -1162.555434 2.305206
25 -1196.228735 5.268466
25 -1174.099472 3.321084
25 -1176.853344 3.563426
25 -1198.522959 5.470358
25 -1198.753626 5.490657
25 -1153.474277 1.506061
25 -1175.907892 3.480226
25 -1179.500420 3.796369
25 -1166.743277 2.673737
25 -1166.893484 2.686955
25 -1152.036313 1.379520
25 -1169.411717 2.908560
25 -1226.906487 7.968116
25 -1158.199962 1.921923
25 -1185.150268 4.293557
25 -1168.652928 2.841787
25 -1167.890512 2.774694
25 -1171.604688 3.101542
25 -1157.166978 1.831020
25 -1195.482081 5.202760
25 -1162.517527 2.301870
25 -1160.815308 2.152074
25 -1185.371097 4.312990
25 -1160.639650 2.136616
25 -1169.354419 2.903518
25 -1198.914882 5.504847
25 -1220.275552 7.384592
25 -1175.881474 3.477901
25 -1176.327273 3.517131
25 -1149.450175 1.151939
25 -1157.849330 1.891067
25 -1178.506634 3.708916
25 -1157.443835 1.855383
25 -1180.017197 3.841846
25 -1179.936456 3.834740
25 -1205.071560 6.046637
25 -1195.655114 5.217987
25 -1179.332916 3.781629
25 -1205.320565 6.068549
25 -1174.764240 3.379584
25 -1184.201227 4.210041
25 -1170.056370 2.965290
25 -1163.580420 2.395405
25 -1178.303492 3.691039
25 -1169.790031 2.941852
25 -1165.882833 2.598018
25 -1169.803463 2.943034
25 -1207.778667 6.284863
25 -1183.321892 4.132660
25 -1158.044304 1.908225
25 -1168.112892 2.794263
25 -1189.429728 4.670151
25 -1179.644405 3.809040
25 -1185.006470 4.280903
25 -1197.920745 5.417363
25 -1146.348258 0.878970
25 -1185.404589 4.315938
25 -1180.668199 3.899134
25 -1174.794053 3.382208
25 -1156.909175 1.808333
25 -1180.713352 3.903107
25 -1167.523852 2.742428
25 -1165.596413 2.572813
25 -1174.125441 3.323369
25 -1178.202007 3.682108
25 -1168.136846 2.796371
25 -1162.476757 2.298282
25 -1183.837450 4.178029
25 -1158.431331 1.942283
25 -1179.750470 3.818374
25 -1150.631752 1.255918
25 -1173.641555 3.280787
25 -1194.070335 5.078526
25 -1170.657074 3.018152
25 -1157.387672 1.850441
25 -1166.711192 2.670913
25 -1164.363842 2.464346
25 -1178.997478 3.752110
25 -1165.271369 2.544209
25 -1154.838325 1.626098
25 -1183.095153 4.112707
25 -1182.930425 4.098211
25 -1165.508368 2.565065
25 -1176.466304 3.529366
25 -1205.969009 6.125612
25 -1165.986643 2.607153
25 -1176.932012 3.570348
25 -1153.612503 1.518225
25 -1188.129070 4.555693
25 -1179.261927 3.775382
25 -1159.760262 2.059230
25 -1200.709179 5.662746
25 -1186.684699 4.428588
25 -1188.880717 4.621838
25 -1194.076347 5.079055
25 -1146.348093 0.878955
25 -1174.937869 3.394863
25 -1188.552990 4.592998
25 -1173.432874 3.262423
25 -1175.769167 3.468018
25 -1194.452912 5.112193
25 -1166.244802 2.629871
25 -1177.490207 3.619470
25 -1157.792128 1.886033
25 -1178.071081 3.670587
25 -1169.916036 2.952941
25 -1198.828933 5.497284
25 -1158.201191 1.922031
25 -1178.302238 3.690929
25 -1169.086269 2.879921
25 -1200.797157 5.670488
25 -1189.230901 4.652654
25 -1170.356895 2.991736
25 -1157.820771 1.888554
25 -1171.873909 3.125234
25 -1151.622964 1.343145
25 -1151.313111 1.315878
25 -1189.066207 4.638161
25 -1168.895710 2.863152
25 -1185.491375 4.323575
25 -1189.165216 4.646874
25 -1185.814869 4.352042
25 -1166.230678 2.628628
25 -1175.423855 3.437630
25 -1158.055905 1.909246
25 -1164.853983 2.507479
25 -1173.426642 3.261875
25 -1186.122872 4.379147
25 -1190.817503 4.792276
25 -1175.425048 3.437735
25 -1190.257423 4.742988
25 -1155.658172 1.698245
25 -1157.051037 1.820817
25 -1206.963375 6.213117
25 -1176.098228 3.496975
25 -1183.873261 4.181180
25 -1153.306070 1.491259
25 -1163.689145 2.404972
25 -1169.068856 2.878388
25 -1156.186512 1.744739
25 -1176.232482 3.508790
25 -1187.498695 4.500220
25 -1163.303834 2.371065
25 -1188.366918 4.576623
25 -1201.272829 5.712347
25 -1166.285880 2.633486
25 -1172.609552 3.189971
25 -1181.327134 3.957120
25 -1147.645578 0.993134
25 -1165.165400 2.534883
25 -1182.938294 4.098903
25 -1169.029819 2.874953
25 -1163.601358 2.397247
25 -1154.618915 1.606790
25 -1152.269198 1.400014
25 -1164.494104 2.475809
25 -1163.353748 2.375457
25 -1166.613346 2.662303
25 -1170.716744 3.023403
25 -1180.508036 3.885040
25 -1192.984622 4.982983
25 -1197.290831 5.361930
25 -1153.969466 1.549638
25 -1174.130864 3.323847
25 -1177.865783 3.652521
25 -1184.923114 4.273568
25 -1202.319685 5.804471
25 -1209.835587 6.465872
25 -1170.216250 2.979360
25 -1169.756425 2.938895
25 -1148.895430 1.103121
25 -1171.235612 3.069064
25 -1200.772586 5.668326
25 -1178.818282 3.736341
25 -1166.405867 2.644045
25 -1170.091053 2.968342
25 -1224.493881 7.755806
25 -1190.793163 4.790134
25 -1177.071847 3.582654
25 -1172.885939 3.214293
25 -1186.974693 4.454107
25 -1152.424234 1.413657
25 -1174.341470 3.342380
25 -1167.165183 2.710865
25 -1181.252157 3.950522
25 -1184.485200 4.235031
25 -1220.259275 7.383160
25 -1177.069046 3.582408
25 -1177.760455 3.643252
25 -1177.091337 3.584369
25 -1169.703037 2.934197
25 -1190.536068 4.767509
25 -1163.369737 2.376864
25 -1185.779243 4.348907
25 -1197.947624 5.419728
25 -1164.000927 2.432409
25 -1186.574085 4.418854
25 -1174.877440 3.389546
25 -1151.984397 1.374951
25 -1180.402261 3.875731
25 -1163.901605 2.423669
25 -1163.577432 2.395142
25 -1185.499219 4.324265
25 -1179.959360 3.836756
25 -1191.868783 4.884789
25 -1197.644401 5.393045
25 -1177.328908 3.605275
25 -1154.843810 1.626581
25 -1149.358080 1.143835
25 -1182.485806 4.059084
25 -1165.088020 2.528074
25 -1171.199026 3.065844
25 -1155.390790 1.674715
25 -1152.928618 1.458043
25 -1179.121141 3.762992
25 -1198.735934 5.489100
25 -1191.385925 4.842297
25 -1172.850169 3.211145
25 -1156.156578 1.742104
25 -1218.131864 7.195947
25 -1183.326763 4.133088
25 -1199.681295 5.572292
25 -1165.815202 2.592066
25 -1156.934281 1.810543
25 -1206.200267 6.145963
25 -1158.579560 1.955328
25 -1179.367123 3.784639
25 -1202.176607 5.791880
25 -1180.482294 3.882774
25 -1178.183548 3.680484
25 -1184.490768 4.235521
25 -1149.059476 1.117557
25 -1164.096346 2.440806
25 -1182.142994 4.028916
25 -1172.841199 3.210356
25 -1208.984689 6.390993
25 -1195.897533 5.239320
25 -1187.834871 4.529803
25 -1182.109542 4.025973
25 -1178.280343 3.689002
25 -1146.795551 0.918331
25 -1145.374986 0.793321
25 -1173.622799 3.279137
25 -1170.415471 2.996891
25 -1203.110638 5.874075
25 -1167.934652 2.778578
25 -1147.051351 0.940842
25 -1173.310935 3.251693
25 -1183.280483 4.129016
25 -1158.512269 1.949406
25 -1155.749982 1.706324
25 -1193.345422 5.014733
25 -1157.905984 1.896053
25 -1166.502953 2.652588
25 -1174.571457 3.362619
25 -1189.769353 4.700038
25 -1197.142944 5.348916
25 -1190.701863 4.782099
25 -1163.258984 2.367118
25 -1194.974250 5.158070
25 -1174.867030 3.388629
25 -1171.477586 3.090357
25 -1162.951566 2.340065
25 -1158.343036 1.934513
25 -1188.222896 4.563949
25 -1188.023704 4.546421
25 -1162.382639 2.290000
25 -1177.925137 3.657744
25 -1151.345096 1.318693
25 -1179.609611 3.805978
25 -1176.379590 3.521735
25 -1160.116928 2.090616
25 -1165.379529 2.553727
25 -1183.732618 4.168804
25 -1200.777409 5.668750
25 -1158.489886 1.947436
25 -1192.802568 4.966962
25 -1167.968292 2.781539
25 -1168.992351 2.871656
25 -1197.434880 5.374607
25 -1187.461988 4.496989
25 -1172.141340 3.148768
25 -1187.769416 4.524043
25 -1157.062321 1.821810
25 -1204.098583 5.961014
25 -1188.387644 4.578447
25 -1169.591671 2.924396
25 -1163.031519 2.347101
25 -1180.805875 3.911250
25 -1159.860148 2.068020
25 -1201.124717 5.699313
25 -1183.925412 4.185770
25 -1169.405410 2.908005
25 -1178.889484 3.742607
25 -1151.568148 1.338321
25 -1162.974250 2.342061
25 -1180.992678 3.927688
25 -1162.305917 2.283248
25 -1171.517335 3.093855
25 -1161.886180 2.246311
25 -1176.094124 3.496614
25 -1147.785811 1.005475
25 -1149.357033 1.143743
25 -1152.201504 1.394057
25 -1167.523896 2.742432
25 -1165.147752 2.533330
25 -1165.792862 2.590100
25 -1164.801752 2.502882
25 -1166.306917 2.635337
25 -1183.046480 4.108423
25 -1164.237369 2.453216
25 -1193.519631 5.030064
25 -1184.537664 4.239648
25 -1156.087099 1.735990
25 -1215.606867 6.973747
25 -1147.705008 0.998364
25 -1160.302446 2.106942
25 -1169.866575 2.948588
25 -1171.886835 3.126371
25 -1175.711441 3.462938
25 -1161.154156 2.181893
25 -1173.211173 3.242914
25 -1191.359072 4.839934
25 -1156.366089 1.760541
25 -1164.092350 2.440455
25 -1161.540897 2.215926
25 -1161.158354 2.182262
25 -1153.455386 1.504399
25 -1167.374155 2.729254
25 -1180.345573 3.870743
25 -1188.951937 4.628105
25 -1179.359511 3.783969
25 -1153.280251 1.488987
25 -1178.696359 3.725612
25 -1181.647090 3.985277
25 -1170.096143 2.968790
25 -1192.053110 4.901009
25 -1176.465529 3.529298
25 -1161.117999 2.178711
25 -1184.137612 4.204443
25 -1177.582317 3.627576
25 -1176.837802 3.562058
25 -1160.561320 2.129723
25 -1180.277963 3.864793
25 -1167.214931 2.715243
25 -1170.382822 2.994018
25 -1168.597332 2.836894
25 -1164.191434 2.449174
25 -1174.936984 3.394785
25 -1192.922330 4.977501
25 -1158.316448 1.932174
25 -1198.647853 5.481349
25 -1209.848143 6.466977
25 -1203.503747 5.908669
25 -1174.513070 3.357481
25 -1171.611398 3.102133
25 -1166.506143 2.652869
25 -1180.058427 3.845474
25 -1176.766502 3.555784
25 -1170.611440 3.014136
25 -1167.605603 2.749622
25 -1194.571611 5.122638
25 -1182.503116 4.060607
25 -1180.831575 3.913511
25 -1161.071378 2.174608
25 -1169.349977 2.903127
25 -1210.278411 6.504841
25 -1168.466128 2.825348
25 -1165.708940 2.582715
25 -1173.830394 3.297405
25 -1180.452250 3.880130
25 -1165.033196 2.523249
25 -1181.321608 3.956634
25 -1201.153016 5.701804
25 -1195.518818 5.205993
25 -1167.207348 2.714575
25 -1165.926075 2.601823
25 -1166.361567 2.640146
25 -1163.116619 2.354590
25 -1197.532548 5.383201
25 -1158.218822 1.923582
25 -1215.752292 6.986544
25 -1180.313017 3.867878
25 -1179.925183 3.833748
25 -1165.207762 2.538611
25 -1183.728094 4.168406
25 -1188.274080 4.568454
25 -1178.806553 3.735309
25 -1192.913172 4.976695
25 -1187.401185 4.491639
25 -1167.172091 2.711473
25 -1183.928496 4.186041
25 -1192.725140 4.960148
25 -1223.909639 7.704393
25 -1188.791408 4.613979
25 -1158.431707 1.942316
25 -1150.004238 1.200697
25 -1162.807681 2.327403
25 -1178.346740 3.694845
25 -1172.253155 3.158608
25 -1158.831390 1.977489
25 -1175.495781 3.443960
25 -1158.469645 1.945655
25 -1187.104806 4.465557
25 -1163.079459 2.351320
25 -1183.617297 4.158655
25 -1163.705908 2.406448
25 -1198.658146 5.482254
25 -1172.882113 3.213956
25 -1177.297037 3.602471
25 -1178.750867 3.730408
25 -1161.312168 2.195798
25 -1208.745109 6.369910
25 -1172.163685 3.150734
25 -1211.097776 6.576945
25 -1160.791607 2.149988
25 -1197.400058 5.371542
25 -1173.652849 3.281781
25 -1185.707666 4.342609
25 -1194.920234 5.153317
25 -1190.833935 4.793722
25 -1191.844335 4.882637
25 -1173.244527 3.245849
25 -1168.931240 2.866278
25 -1173.844099 3.298611
25 -1198.989880 5.511447
25 -1191.656142 4.866076
25 -1189.283498 4.657283
25 -1150.422571 1.237510
25 -1155.500013 1.684327
25 -1169.822406 2.944701
25 -1167.934910 2.778601
25 -1194.793854 5.142196
25 -1199.937372 5.594827
25 -1176.563635 3.537931
25 -1165.799120 2.590651
25 -1205.952989 6.124203
25 -1171.898488 3.127397
25 -1166.373352 2.641183
25 -1172.587635 3.188042
25 -1166.696960 2.669661
25 -1169.603097 2.925402
25 -1182.577502 4.067153
25 -1159.609126 2.045930
25 -1196.959304 5.332756
25 -1176.176757 3.503886
25 -1174.773058 3.380360
25 -1204.978436 6.038442
25 -1188.917186 4.625047
25 -1174.630981 3.367857
25 -1174.172523 3.327513
25 -1169.296523 2.898423
25 -1169.543324 2.920142
25 -1221.165940 7.462947
25 -1196.145368 5.261129
25 -1155.333752 1.669696
25 -1180.973255 3.925979
25 -1193.953074 5.068207
25 -1173.522998 3.270354
25 -1182.376053 4.049426
25 -1160.660018 2.138408
25 -1159.701312 2.054042
25 -1206.773089 6.196372
25 -1153.433291 1.502454
25 -1192.025985 4.898622
25 -1155.657214 1.698160
25 -1176.843221 3.562535
25 -1182.961629 4.100956
25 -1159.250195 2.014344
25 -1171.158004 3.062234
25 -1168.522620 2.830320
25 -1158.083157 1.911644
25 -1147.966370 1.021364
25 -1172.827944 3.209189
25 -1178.084111 3.671733
25 -1154.229436 1.572515
25 -1199.929794 5.594160
25 -1201.092913 5.696515
25 -1161.416765 2.205002
25 -1157.362555 1.848231
25 -1172.771453 3.204218
25 -1155.284193 1.665334
25 -1230.581499 8.291518
25 -1180.556182 3.889276
25 -1142.479114 0.538484
25 -1158.112746 1.914248
25 -1182.057172 4.021364
25 -1222.743904 7.601808
25 -1174.738207 3.377293
25 -1182.553264 4.065020
25 -1157.745279 1.881911
25 -1189.834348 4.705758
25 -1185.790258 4.349877
25 -1183.134461 4.116166
25 -1176.751988 3.554506
25 -1160.520516 2.126132
25 -1169.883358 2.950065
25 -1158.821236 1.976595
25 -1171.880543 3.125818
25 -1185.407602 4.316203
25 -1206.193470 6.145365
25 -1197.488276 5.379305
25 -1174.181990 3.328346
25 -1161.777311 2.236731
25 -1170.560449 3.009649
25 -1160.688810 2.140942
25 -1147.549552 0.984684
25 -1190.969541 4.805655
25 -1201.451417 5.728063
25 -1155.079151 1.647291
25 -1200.983239 5.686863
25 -1162.610933 2.310089
25 -1180.648952 3.897440
25 -1186.260524 4.391260
25 -1167.830433 2.769407
25 -1197.714387 5.399203
25 -1155.879731 1.717742
25 -1157.597756 1.868929
25 -1187.562743 4.505856
25 -1154.480854 1.594640
25 -1156.087338 1.736011
25 -1168.609042 2.837925
25 -1166.121361 2.619008
25 -1171.284937 3.073404
25 -1171.932063 3.130352
25 -1169.794751 2.942267
25 -1187.834137 4.529739
25 -1157.260986 1.839293
25 -1182.931462 4.098302
25 -1169.009798 2.873191
25 -1184.973769 4.278025
25 -1226.653563 7.945859
25 -1168.002331 2.784534
25 -1175.377181 3.433523
25 -1167.504115 2.740691
25 -1144.900773 0.751590
25 -1154.442946 1.591304
25 -1166.435356 2.646640
25 -1212.377370 6.689550
25 -1181.027965 3.930794
25 -1195.023426 5.162398
25 -1162.961777 2.340964
25 -1170.303687 2.987054
25 -1169.540080 2.919856
25 -1163.572817 2.394736
25 -1164.842780 2.506493
25 -1189.708479 4.694681
25 -1217.024691 7.098516
25 -1189.649790 4.689517
25 -1168.629927 2.839763
25 -1182.603212 4.069416
25 -1179.544400 3.800239
25 -1178.463384 3.705110
25 -1156.142485 1.740864
25 -1178.630675 3.719831
25 -1184.383723 4.226101
25 -1161.757365 2.234975
25 -1170.503779 3.004662
25 -1196.559765 5.297596
25 -1182.916392 4.096976
25 -1198.634716 5.480193
25 -1143.967310 0.669445
25 -1162.685332 2.316637
25 -1171.002911 3.048586
25 -1169.285020 2.897411
25 -1173.405989 3.260057
25 -1169.630096 2.927778
25 -1173.347944 3.254950
25 -1181.491605 3.971594
25 -1184.242138 4.213642
25 -1160.944485 2.163442
25 -1183.564623 4.154020
25 -1197.580062 5.387383
25 -1167.388683 2.730533
25 -1148.130676 1.035823
25 -1221.092854 7.456515
25 -1158.589153 1.956172
25 -1171.175966 3.063815
25 -1165.631794 2.575926
25 -1152.089051 1.384161
25 -1169.706026 2.934460
25 -1194.658664 5.130299
25 -1178.529714 3.710947
25 -1215.815044 6.992066
25 -1166.029507 2.610925
25 -1186.318000 4.396318
25 -1196.791022 5.317947
25 -1161.805655 2.239225
25 -1195.651030 5.217627
25 -1171.347634 3.078922
25 -1186.041880 4.372019
25 -1171.555024 3.097172
25 -1168.002586 2.784556
25 -1174.307862 3.339423
25 -1173.968657 3.309572
25 -1168.335287 2.813834
25 -1170.465747 3.001315
25 -1155.332307 1.669568
25 -1191.986649 4.895161
25 -1167.910108 2.776418
25 -1168.796176 2.854393
25 -1147.234608 0.956969
25 -1192.188325 4.912908
25 -1190.740523 4.785501
25 -1203.330264 5.893402
25 -1144.344813 0.702666
25 -1214.277750 6.856784
25 -1157.555703 1.865228
25 -1200.664732 5.658835
25 -1188.437978 4.582877
25 -1175.852801 3.475378
25 -1184.368663 4.224776
25 -1180.040571 3.843903
25 -1161.793567 2.238161
25 -1164.010591 2.433260
25 -1156.571904 1.778653
25 -1152.276604 1.400666
25 -1167.954282 2.780306
25 -1212.891531 6.734796
25 -1175.663872 3.458752
25 -1184.554760 4.241152
25 -1175.042540 3.404074
25 -1178.273247 3.688378
25 -1164.595959 2.484772
25 -1181.937381 4.010822
25 -1162.224095 2.276048
25 -1190.407577 4.756202
25 -1174.993680 3.399775
25 -1173.560465 3.273651
25 -1177.948936 3.659838
25 -1202.699552 5.837899
25 -1195.687702 5.220854
25 -1187.814049 4.527971
25 -1155.591641 1.692390
25 -1188.315397 4.572090
25 -1160.545782 2.128356
25 -1149.523448 1.158387
25 -1169.265899 2.895728
25 -1184.756378 4.258895
25 -1158.826537 1.977062
25 -1181.363189 3.960293
25 -1175.877677 3.477567
25 -1187.306178 4.483278
25 -1195.832452 5.233593
25 -1179.671925 3.811462
25 -1186.022902 4.370349
25 -1184.085171 4.199829
25 -1184.045401 4.196329
25 -1168.962725 2.869049
25 -1206.556851 6.177343
25 -1161.647807 2.225334
25 -1203.934453 5.946571
25 -1203.940455 5.947099
25 -1153.620119 1.518895
25 -1172.033363 3.139266
25 -1175.138143 3.412487
25 -1166.210029 2.626811
25 -1185.296144 4.306394
25 -1184.543384 4.240151
25 -1162.846057 2.330780
25 -1187.829269 4.529310
25 -1174.787878 3.381664
25 -1172.861424 3.212136
25 -1203.596219 5.916806
25 -1153.192736 1.481286
25 -1185.779694 4.348947
25 -1192.299713 4.922711
25 -1170.749036 3.026245
25 -1170.991771 3.047606
25 -1154.149602 1.565490
25 -1209.959114 6.476743
25 -1158.784260 1.973341
25 -1199.049864 5.516726
25 -1162.473767 2.298019
25 -1172.506527 3.180905
25 -1175.793334 3.470145
25 -1175.979713 3.486546
25 -1155.781827 1.709126
25 -1172.283339 3.161264
25 -1183.659037 4.162329
25 -1198.232282 5.444778
25 -1177.406233 3.612080
25 -1222.174443 7.551695
25 -1176.434723 3.526587
25 -1166.451572 2.648067
25 -1174.811195 3.383716
25 -1172.322137 3.164678
25 -1155.038533 1.643716
25 -1173.017766 3.225894
25 -1172.869601 3.212855
25 -1158.590201 1.956264
25 -1191.515085 4.853663
25 -1218.537277 7.231624
25 -1196.950120 5.331948
25 -1176.786238 3.557520
25 -1191.384223 4.842147
25 -1164.956447 2.516495
25 -1189.052321 4.636939
25 -1167.352014 2.727306
25 -1173.643850 3.280989
25 -1161.319451 2.196439
25 -1175.240901 3.421530
25 -1160.476265 2.122238
25 -1172.277987 3.160793
25 -1187.936487 4.538745
25 -1164.854002 2.507480
25 -1161.341106 2.198344
25 -1151.278393 1.312823
25 -1164.505391 2.476802
25 -1186.805151 4.439187
25 -1173.472687 3.265927
25 -1174.965663 3.397309
25 -1163.609370 2.397952
25 -1188.935407 4.626651
25 -1184.471250 4.233804
25 -1189.164068 4.646773
25 -1200.502784 5.644583
25 -1161.487927 2.211265
25 -1167.550920 2.744810
25 -1215.011699 6.921372
25 -1178.321565 3.692630
25 -1175.684690 3.460584
25 -1191.802428 4.878949
