12 3166.658579 8.372148
13 3249.828077 5.965623
13 3157.856651 8.626833
13 3308.259297 4.274905
14 3301.277743 4.476917
14 3403.949407 1.506094
14 3228.459804 6.583918
14 3325.269726 3.782705
14 3407.441544 1.405048
14 3271.798881 5.329894
14 3363.632099 2.672682
14 3139.557979 9.156308
16 3156.766678 8.658372
16 3332.940276 3.560756
16 3304.304165 4.389347
16 3409.114126 1.356651
16 3438.199864 0.515050
16 3412.277192 1.265128
16 3237.475988 6.323033
16 3380.580680 2.182272
17 3254.769469 5.822643
17 3426.759881 0.846068
17 3231.757546 6.488497
17 3338.070020 3.412326
17 3174.804489 8.136444
17 3383.793492 2.089309
17 3434.639315 0.618075
17 3312.901021 4.140595
17 3195.005368 7.551928
17 3331.440219 3.604160
17 3288.810333 4.837664
18 3209.929747 7.120088
18 3155.392714 8.698127
18 3114.323145 9.886483
18 3375.863719 2.318758
14 3356.577740 2.876801
19 3448.407072 0.219703
19 3444.645816 0.328535
14 3231.267499 6.502677
14 3123.245924 9.628301
20 3220.404350 6.817004
16 3258.957215 5.701469
20 3355.815017 2.898871
20 3344.129748 3.236986
20 3345.033851 3.210826
20 3435.099223 0.604768
16 3192.138463 7.634882
14 3258.859558 5.704295
16 3179.250749 8.007791
19 3401.039946 1.590279
14 3233.165620 6.447754
18 3421.736016 0.991435
14 3196.486682 7.509066
23 3403.555515 1.517491
13 3163.138929 8.473989
12 3166.930310 8.364285
18 3376.908686 2.288522
17 3209.261323 7.139429
16 3414.253201 1.207951
17 3394.970933 1.765887
16 3317.371212 4.011250
13 3353.680739 2.960627
16 3189.563929 7.709377
14 3306.515828 4.325352
18 3329.186373 3.669376
15 3454.187770 0.052437
17 3327.933079 3.705640
17 3207.032456 7.203922
18 3352.326738 2.999805
14 3362.726293 2.698892
19 3375.358158 2.333387
18 3308.574549 4.265783
19 3436.864574 0.553687
16 3358.401256 2.824038
20 3419.685772 1.050759
16 3351.951225 3.010671
18 3243.244056 6.156133
20 3251.548577 5.915840
17 3333.367029 3.548408
12 3126.749148 9.526934
18 3393.729781 1.801800
20 3225.232587 6.677298
16 3377.153681 2.281433
23 3346.285882 3.174598
13 3345.684874 3.191989
14 3401.710198 1.570885
14 3156.484824 8.666527
18 3376.960304 2.287028
16 3365.433819 2.620549
20 3187.766218 7.761394
18 3347.841326 3.129591
19 3133.666606 9.326776
19 3171.966914 8.218550
18 3369.274740 2.509411
20 3415.611644 1.168645
17 3331.492997 3.602633
17 3155.495820 8.695144
17 3217.639591 6.897003
14 3378.431540 2.244458
21 3430.524785 0.737130
13 3373.591817 2.384496
18 3436.914122 0.552253
18 3328.550991 3.687761
14 3242.248576 6.184937
13 3199.822644 7.412539
16 3315.845024 4.055410
18 3169.852887 8.279720
14 3198.975168 7.437061
20 3125.723248 9.556619
12 3353.275165 2.972362
16 3415.748108 1.164696
18 3280.138906 5.088573
18 3298.715099 4.551068
17 3431.780294 0.700802
20 3403.781275 1.510958
16 3287.909190 4.863739
19 3336.610877 3.454546
21 3241.550454 6.205137
16 3429.819286 0.757544
17 3430.501850 0.737794
19 3262.510383 5.598658
16 3222.959748 6.743063
23 3409.933099 1.332954
17 3355.542156 2.906766
20 3444.751801 0.325469
19 3266.244122 5.490621
17 3356.999996 2.864583
16 3343.310416 3.260694
20 3229.040414 6.567118
20 3449.264005 0.194907
29 3422.107742 0.980679
14 3391.257329 1.873341
16 3367.289023 2.566869
18 3155.742812 8.687997
19 3249.625129 5.971495
20 3342.371966 3.287848
14 3136.807977 9.235880
14 3374.975442 2.344461
20 3398.582490 1.661386
17 3262.255887 5.606022
22 3429.418703 0.769135
23 3261.733691 5.621132
17 3250.364383 5.950105
27 3452.076183 0.113536
13 3273.615802 5.277321
19 3205.078805 7.260451
14 3170.665867 8.256196
26 3307.303551 4.302559
17 3379.269914 2.220199
20 3222.804283 6.747561
18 3275.928096 5.210414
13 3250.362890 5.950148
19 3407.846993 1.393316
16 3200.668702 7.388058
18 3418.071174 1.097478
19 3399.991728 1.620610
18 3368.978183 2.517992
20 3413.555009 1.228154
18 3364.196534 2.656350
17 3432.030357 0.693566
21 3216.548403 6.928576
17 3419.364778 1.060047
22 3432.659846 0.675352
14 3118.285661 9.771827
17 3217.713474 6.894865
22 3347.391907 3.142595
17 3358.711843 2.815051
20 3420.593262 1.024501
16 3218.868061 6.861457
17 3439.561301 0.475657
20 3245.612055 6.087614
19 3411.776662 1.279610
18 3319.128550 3.960401
17 3433.240253 0.658557
19 3421.142663 1.008603
19 3449.412154 0.190621
25 3359.564695 2.790373
32 3369.840305 2.493047
34 3396.215267 1.729882
28 3434.611300 0.618886
29 3311.119937 4.192131
32 3401.573798 1.574832
30 3390.751257 1.887984
28 3409.525008 1.344763
30 3433.275124 0.657548
34 3353.910692 2.953973
27 3373.373425 2.390815
37 3374.239116 2.365766
33 3444.939645 0.320033
37 3437.178651 0.544599
34 3420.899637 1.015635
40 3431.306290 0.714517
42 3356.638332 2.875048
43 3407.039743 1.416674
54 3430.119976 0.748843
53 3423.067170 0.952918
76 3156.648755 8.661784
70 3249.923027 5.962875
88 3435.351011 0.597482
106 3282.650106 5.015911
