12 -0.265523 6.209207
13 -0.253762 1.504752
13 -0.266320 6.528123
16 -0.264062 5.624749
24 -0.274159 9.663644
31 -0.272481 8.992277
32 -0.251830 0.732026
32 -0.268061 7.224237
32 -0.262213 4.885253
33 -0.272696 9.078583
35 -0.270442 8.176778
35 -0.271441 8.576383
35 -0.269123 7.649170
29 -0.274336 9.734213
39 -0.274517 9.806621
39 -0.260321 4.128527
41 -0.270198 8.079309
43 -0.270753 8.301047
43 -0.268146 7.258393
43 -0.251201 0.480594
45 -0.263718 5.487271
45 -0.270021 8.008384
45 -0.266575 6.629960
45 -0.272899 9.159577
47 -0.268493 7.397050
47 -0.250209 0.083569
47 -0.266485 6.593911
48 -0.269968 7.987290
48 -0.273412 9.364616
48 -0.271121 8.448566
18 -0.264380 5.751906
49 -0.272535 9.013928
39 -0.250418 0.167346
51 -0.273390 9.355949
51 -0.271171 8.468300
51 -0.263293 5.317216
25 -0.272719 9.087685
52 -0.265902 6.360989
53 -0.271964 8.785433
53 -0.272956 9.182235
56 -0.257220 2.887962
56 -0.271900 8.760057
12 -0.253827 1.530749
34 -0.260296 4.118593
59 -0.274836 9.934284
16 -0.256697 2.678816
59 -0.270420 8.168095
59 -0.274753 9.901155
60 -0.271257 8.502756
60 -0.274569 9.827746
61 -0.260142 4.056795
35 -0.274389 9.755597
37 -0.271356 8.542437
39 -0.270336 8.134221
36 -0.255897 2.358879
65 -0.260741 4.296348
59 -0.267816 7.126330
37 -0.267717 7.086793
60 -0.269976 7.990535
67 -0.263339 5.335723
35 -0.268805 7.521828
68 -0.274618 9.847054
68 -0.268585 7.434012
16 -0.266070 6.428100
30 -0.251329 0.531429
47 -0.268969 7.587689
36 -0.269813 7.925199
35 -0.259959 3.983594
35 -0.265180 6.072130
63 -0.261679 4.671633
45 -0.269640 7.856139
45 -0.273167 9.266703
53 -0.274134 9.653572
41 -0.271667 8.666776
47 -0.267097 6.838809
48 -0.271221 8.488277
47 -0.259449 3.779683
55 -0.270515 8.205931
45 -0.271670 8.667872
51 -0.259393 3.757224
61 -0.264675 5.869857
55 -0.272153 8.861397
43 -0.267583 7.033121
52 -0.269702 7.880785
53 -0.272813 9.125365
59 -0.271495 8.597908
47 -0.267052 6.820724
43 -0.259699 3.879442
52 -0.274914 9.965757
37 -0.273943 9.577312
51 -0.265116 6.046305
61 -0.270512 8.204818
40 -0.266517 6.606828
40 -0.255613 2.245383
63 -0.261036 4.414271
44 -0.270675 8.269933
43 -0.269724 7.889442
43 -0.262177 4.870886
56 -0.272512 9.004924
52 -0.261592 4.636729
45 -0.267384 6.953579
71 -0.263282 5.312756
55 -0.273991 9.596258
53 -0.264370 5.748080
57 -0.274079 9.631534
19 -0.265326 6.130348
55 -0.269567 7.826868
58 -0.256282 2.512974
51 -0.270195 8.077818
23 -0.263836 5.534507
41 -0.267787 7.114628
12 -0.266502 6.600832
59 -0.262644 5.057771
47 -0.259287 3.714778
56 -0.271862 8.744696
67 -0.265685 6.274155
39 -0.271994 8.797659
45 -0.272084 8.833616
60 -0.263783 5.513068
31 -0.266931 6.772549
68 -0.255854 2.341697
11 -0.250894 0.357623
52 -0.273403 9.361087
40 -0.254011 1.604344
39 -0.271192 8.476886
33 -0.268239 7.295575
43 -0.272377 8.950635
56 -0.268447 7.378868
32 -0.264440 5.775868
48 -0.269938 7.975136
61 -0.274816 9.926209
40 -0.255277 2.110905
39 -0.269804 7.921431
51 -0.267832 7.132842
52 -0.268986 7.594347
21 -0.264601 5.840544
41 -0.270747 8.298632
51 -0.255886 2.354266
47 -0.272046 8.818241
60 -0.270419 8.167656
37 -0.272805 9.122105
55 -0.261266 4.506251
57 -0.271345 8.538192
51 -0.264397 5.758953
47 -0.255594 2.237732
55 -0.272318 8.927200
51 -0.274525 9.810144
56 -0.272972 9.188960
61 -0.264481 5.792555
31 -0.262946 5.178416
49 -0.264516 5.806393
40 -0.273017 9.206920
29 -0.272900 9.160162
45 -0.269279 7.711665
51 -0.272512 9.004707
23 -0.250197 0.078731
60 -0.263485 5.393929
53 -0.271004 8.401793
55 -0.253270 1.308155
47 -0.264232 5.692740
51 -0.263660 5.463927
20 -0.259210 3.683920
69 -0.272799 9.119642
39 -0.260548 4.219048
39 -0.250048 0.019117
64 -0.272814 9.125615
53 -0.264285 5.714009
57 -0.272142 8.856703
53 -0.273205 9.282034
49 -0.259140 3.656139
53 -0.264084 5.633579
52 -0.252676 1.070538
59 -0.250875 0.349997
48 -0.269932 7.972964
32 -0.261067 4.426661
33 -0.266518 6.607236
56 -0.257775 3.110050
56 -0.270362 8.144706
53 -0.269832 7.932804
59 -0.264509 5.803440
44 -0.271831 8.732406
41 -0.264098 5.639153
48 -0.273872 9.548678
51 -0.274560 9.823964
48 -0.273388 9.355357
51 -0.255607 2.242646
43 -0.272299 8.919691
60 -0.274565 9.826033
57 -0.265447 6.178847
53 -0.272642 9.056764
44 -0.266224 6.489726
44 -0.251221 0.488391
52 -0.274530 9.811849
49 -0.258586 3.434204
56 -0.271028 8.411086
65 -0.269299 7.719639
53 -0.271490 8.596066
57 -0.269989 7.995794
57 -0.270351 8.140353
65 -0.274592 9.836810
