16 13.702849 8.647671
16 13.989479 6.736808
16 14.268099 4.879337
17 13.657569 8.949543
17 14.586476 2.756830
17 14.828457 1.143622
17 14.141426 5.723827
17 13.850430 7.663798
18 14.372698 4.182011
18 13.761182 8.258785
18 14.732297 1.784688
18 14.342510 4.383267
18 14.667728 2.215143
18 14.450315 3.664564
18 14.037865 6.414230
19 13.984117 6.772551
19 14.201904 5.320638
19 14.641150 2.392333
19 14.659344 2.271041
19 14.434419 3.770543
19 14.501215 3.325230
20 14.228842 5.141054
20 14.656578 2.289480
20 14.446196 3.692026
17 13.700656 8.662296
22 13.736281 8.424791
22 14.485470 3.430201
23 13.746006 8.359960
23 14.575179 2.832143
23 14.592052 2.719651
23 14.816224 1.225174
23 14.858747 0.941684
17 14.867075 0.886164
17 13.978996 6.806692
24 14.695711 2.028595
23 14.322613 4.515910
25 14.508564 3.276238
25 14.613545 2.576367
17 14.890357 0.730952
25 14.079058 6.139614
25 13.826534 7.823108
25 14.444842 3.701051
20 14.462158 3.585610
26 14.068334 6.211104
18 14.686447 2.090353
19 13.987246 6.751695
26 14.619333 2.537782
23 14.002548 6.649681
26 14.428416 3.810563
16 14.221142 5.192386
23 14.635734 2.428443
19 14.597701 2.681997
22 13.957158 6.952281
27 14.252320 4.984535
27 14.561459 2.923609
27 14.864611 0.902591
21 14.294375 4.704168
19 14.420050 3.866331
19 13.562382 9.584121
22 14.007628 6.615814
17 14.041089 6.392740
28 14.639758 2.401613
21 13.962968 6.913547
17 14.583619 2.775873
19 14.140336 5.731093
23 14.111575 5.922831
18 13.895907 7.360619
23 14.874128 0.839146
30 14.824864 1.167570
22 14.503788 3.308079
23 13.804099 7.972673
24 14.232464 5.116907
22 14.504877 3.300822
17 13.921673 7.188850
15 13.708742 8.608384
27 14.165515 5.563236
19 13.545574 9.696171
20 14.410692 3.928721
18 14.184668 5.435546
22 13.779256 8.138291
33 14.601482 2.656784
17 14.752438 1.650411
17 14.472820 3.514534
21 13.680889 8.794073
20 14.922899 0.514009
19 13.925853 7.160981
20 14.567856 2.880961
17 14.134817 5.767889
20 14.690223 2.065177
28 14.926518 0.489878
20 14.749664 1.668909
17 14.723361 1.844260
17 14.112103 5.919314
21 13.846911 7.687263
24 14.474615 3.502564
23 14.193853 5.374312
17 14.129505 5.803297
26 14.777151 1.485659
26 14.192669 5.382204
29 14.277507 4.816621
25 14.454801 3.634662
21 14.348418 4.343883
22 13.790057 8.066286
22 14.859820 0.934533
22 14.771284 1.524772
14 14.034525 6.436501
20 13.741855 8.387635
24 14.418443 3.877048
24 13.611987 9.253421
24 14.669257 2.204953
15 14.555254 2.964972
19 14.554248 2.971678
22 14.308416 4.610557
21 14.209760 5.268266
20 14.208946 5.273691
18 14.539207 3.071952
24 14.353781 4.308124
27 14.424601 3.835992
25 14.825673 1.162180
18 14.079983 6.133444
23 14.575318 2.831214
20 14.171222 5.525190
22 14.633686 2.442090
18 14.124204 5.838640
24 13.952992 6.980052
20 14.093681 6.042129
19 13.969627 6.869156
23 13.942193 7.052049
17 14.132389 5.784076
22 14.085249 6.098342
16 13.890171 7.398861
20 14.478809 3.474609
27 14.830662 1.128919
19 13.977675 6.815502
15 13.501377 9.990820
24 14.305456 4.630293
25 14.228990 5.140068
22 14.484975 3.433502
23 14.689152 2.072319
18 14.745717 1.695217
23 14.611957 2.586955
24 14.799008 1.339948
20 14.064101 6.239325
18 13.913313 7.244577
17 14.746467 1.690221
22 14.018932 6.540451
17 14.343661 4.375596
18 14.898149 0.679007
25 14.555250 2.964998
28 14.128626 5.809161
21 14.700937 1.993756
19 14.435948 3.760348
22 14.316147 4.559017
18 13.796999 8.020008
25 13.993514 6.709909
23 14.373103 4.179315
25 14.408755 3.941633
18 14.572065 2.852901
24 14.308218 4.611877
18 13.516921 9.887193
18 13.686797 8.754689
22 14.266788 4.888080
17 13.884409 7.437276
25 13.544519 9.703203
22 14.538569 3.076210
27 14.736974 1.753504
17 14.603577 2.642820
30 14.650567 2.329554
23 13.544636 9.702423
16 13.597099 9.352674
23 14.272747 4.848353
20 14.332008 4.453278
26 14.634564 2.436240
22 14.056093 6.292713
17 14.527275 3.151497
19 14.596748 2.688346
21 13.674916 8.833896
25 13.793947 8.040356
24 14.862477 0.916819
24 14.607095 2.619364
27 14.694612 2.035922
19 14.352046 4.319693
22 14.549803 3.001311
25 14.200318 5.331214
26 14.593647 2.709023
19 13.938401 7.077323
19 14.820984 1.193442
27 14.362284 4.251440
23 14.457210 3.618599
20 14.388215 4.078565
20 14.767127 1.552488
22 13.970541 6.863060
21 13.570326 9.531159
23 14.121306 5.857963
22 14.339872 4.400853
26 14.551259 2.991606
24 14.655879 2.294138
27 14.899120 0.672535
27 14.689115 2.072568
31 14.275368 4.830877
