8 -41.105156 7.608698
10 -41.326581 8.188365
10 -41.517303 8.687654
10 -38.223664 0.065274
10 -39.779247 4.137616
10 -41.223818 7.919341
12 -41.541003 8.749698
12 -40.023017 4.775779
12 -39.034092 2.186884
12 -39.621454 3.724534
11 -38.584756 1.010574
12 -39.339469 2.986328
12 -41.831478 9.510127
12 -40.909950 7.097670
12 -39.528568 3.481368
12 -40.441423 5.871121
12 -41.449717 8.510720
12 -41.802692 9.434769
12 -40.722119 6.605951
12 -41.270102 8.040507
11 -41.229591 7.934455
12 -40.765551 6.719651
12 -39.655023 3.812412
12 -41.046931 7.456271
9 -40.003421 4.724479
12 -41.019635 7.384815
12 -40.403463 5.771744
12 -41.123441 7.656567
8 -41.072444 7.523062
8 -39.919746 4.505428
15 -39.960187 4.611297
15 -41.389506 8.353096
15 -40.106892 4.995356
15 -39.372233 3.072100
15 -40.762397 6.711393
15 -41.306283 8.135226
15 -40.769281 6.729416
15 -38.995985 2.087126
14 -41.533950 8.731233
15 -41.159286 7.750404
15 -38.770780 1.497564
15 -41.906782 9.707267
15 -40.166006 5.150109
14 -39.396090 3.134554
14 -41.277227 8.059162
15 -41.431487 8.462996
15 -41.771040 9.351909
10 -40.715340 6.588204
10 -40.822281 6.868163
10 -42.015834 9.992750
12 -40.265222 5.409845
10 -41.810080 9.454109
15 -41.758295 9.318542
17 -40.651749 6.421729
17 -42.002181 9.957010
17 -41.145744 7.714954
12 -40.701380 6.551657
12 -41.378792 8.325048
11 -39.281121 2.833578
12 -40.497200 6.017137
12 -41.703754 9.175762
12 -40.279615 5.447523
12 -41.394534 8.366257
12 -41.471102 8.566704
11 -39.793449 4.174796
12 -41.701670 9.170306
12 -41.060849 7.492708
8 -41.371051 8.304782
15 -41.003238 7.341888
15 -40.741875 6.657669
10 -41.726482 9.235259
8 -39.935062 4.545524
12 -41.150980 7.728661
15 -40.835110 6.901748
15 -41.001802 7.338128
14 -41.480912 8.592385
12 -41.391865 8.359269
12 -40.784499 6.769254
15 -40.232143 5.323248
15 -38.522167 0.846721
17 -38.257824 0.154702
12 -39.903940 4.464050
12 -40.204811 5.251696
12 -40.927258 7.142983
12 -42.000069 9.951479
10 -41.451671 8.515837
12 -41.527024 8.713103
10 -40.703251 6.556555
10 -38.719223 1.362592
12 -40.512202 6.056411
12 -39.499069 3.404143
15 -41.698102 9.160965
12 -39.971925 4.642026
19 -40.667413 6.462736
15 -41.212135 7.888756
13 -40.787425 6.776915
14 -38.827328 1.645601
15 -40.314481 5.538801
15 -40.906107 7.087610
15 -38.995341 2.085439
15 -39.758339 4.082883
10 -40.672418 6.475838
12 -41.208169 7.878375
15 -40.852541 6.947380
12 -41.639103 9.006512
12 -41.119741 7.646881
12 -41.043334 7.446854
8 -40.609244 6.310456
12 -41.008402 7.355407
12 -40.689034 6.519338
14 -39.301909 2.888000
17 -38.591692 1.028732
17 -38.546319 0.909948
17 -38.816154 1.616347
10 -38.400748 0.528860
12 -38.525618 0.855756
12 -41.228716 7.932164
15 -39.255319 2.766032
12 -39.608117 3.689619
12 -40.588343 6.255740
15 -39.404202 3.155790
15 -41.916638 9.733069
12 -40.326640 5.570632
10 -39.348016 3.008703
15 -40.800208 6.810378
17 -41.037040 7.430379
10 -39.243267 2.734480
14 -38.703617 1.321737
14 -38.763051 1.477329
11 -38.629310 1.127212
10 -41.187056 7.823104
12 -40.651004 6.419779
12 -41.975231 9.886456
15 -39.687134 3.896477
15 -41.174531 7.790313
15 -40.945642 7.191108
15 -39.974327 4.648314
15 -39.440668 3.251255
12 -41.306361 8.135431
12 -39.479846 3.353818
12 -39.656309 3.815780
12 -40.218061 5.286383
12 -39.584605 3.628066
12 -41.362978 8.283647
15 -40.753594 6.688348
12 -41.211484 7.887052
15 -40.334236 5.590516
15 -41.323940 8.181450
10 -39.673772 3.861495
12 -40.602811 6.293616
10 -41.617456 8.949842
10 -41.050971 7.466849
12 -41.662558 9.067915
13 -40.885823 7.034509
15 -40.660834 6.445514
15 -41.427900 8.453607
15 -38.947496 1.960186
12 -39.288170 2.852032
12 -41.138320 7.695517
15 -39.238954 2.723191
12 -40.852704 6.947807
12 -41.050038 7.464405
12 -39.796990 4.184067
12 -41.857911 9.579327
12 -41.591750 8.882547
12 -39.118414 2.407629
10 -41.493127 8.624364
10 -41.077673 7.536750
13 -39.871389 4.378836
17 -41.309934 8.144785
17 -41.661884 9.066151
15 -41.824787 9.492611
15 -41.968429 9.868650
10 -38.758702 1.465944
10 -40.769896 6.731027
12 -39.473131 3.336239
11 -39.766024 4.103000
15 -41.692007 9.145008
12 -39.378400 3.088246
12 -40.740937 6.655214
17 -41.024082 7.396455
12 -39.999968 4.715440
15 -39.441017 3.252168
19 -40.411800 5.793569
15 -41.435737 8.474123
12 -41.152364 7.732284
12 -41.784510 9.387172
14 -41.368103 8.297065
12 -39.850274 4.323557
15 -39.527334 3.478136
15 -39.178032 2.563704
15 -40.923454 7.133024
15 -41.211335 7.886662
14 -38.559982 0.945718
14 -40.733684 6.636227
17 -40.654319 6.428458
20 -40.515733 6.065654
15 -39.070720 2.282773
15 -39.544091 3.522004
15 -41.126212 7.663822
