11 -1.057724 5.772412
11 -1.085205 8.520480
12 -1.066098 6.609776
12 -1.081617 8.161664
13 -1.087043 8.704255
13 -1.092214 9.221419
13 -1.060289 6.028851
14 -1.057117 5.711682
14 -1.088049 8.804868
14 -1.049293 4.929323
14 -1.044707 4.470707
14 -1.050580 5.057987
14 -1.084068 8.406837
15 -1.071805 7.180471
15 -1.053911 5.391073
15 -1.079410 7.941039
15 -1.066213 6.621313
16 -1.043366 4.336597
16 -1.031734 3.173385
16 -1.042777 4.277691
16 -1.049109 4.910945
16 -1.060797 6.079730
16 -1.047506 4.750594
16 -1.034431 3.443141
17 -1.046162 4.616157
17 -1.048920 4.892047
17 -1.072601 7.260086
17 -1.043889 4.388929
18 -1.077475 7.747503
18 -1.068887 6.888748
18 -1.071198 7.119768
18 -1.042551 4.255149
13 -1.085111 8.511111
19 -1.029962 2.996223
19 -1.056174 5.617448
19 -1.053032 5.303224
19 -1.034651 3.465090
19 -1.038668 3.866843
19 -1.084620 8.461979
14 -1.041482 4.148212
20 -1.064462 6.446210
20 -1.081254 8.125376
20 -1.036306 3.630568
21 -1.034816 3.481600
16 -1.081212 8.121175
23 -1.057904 5.790396
15 -1.094360 9.435969
14 -1.067508 6.750784
23 -1.041892 4.189250
14 -1.057975 5.797500
16 -1.080588 8.058829
18 -1.087087 8.708711
16 -1.037625 3.762461
17 -1.099993 9.999335
15 -1.076632 7.663230
16 -1.038103 3.810259
19 -1.090903 9.090278
16 -1.086807 8.680720
13 -1.053343 5.334319
16 -1.073829 7.382923
18 -1.095153 9.515294
21 -1.060624 6.062368
15 -1.054401 5.440124
16 -1.082780 8.277998
19 -1.085654 8.565446
16 -1.061599 6.159859
16 -1.091545 9.154494
15 -1.083341 8.334080
15 -1.082293 8.229273
16 -1.038367 3.836749
29 -1.077711 7.771148
18 -1.053788 5.378766
19 -1.042126 4.212611
18 -1.031937 3.193724
20 -1.032687 3.268700
21 -1.070751 7.075147
25 -1.080319 8.031904
11 -1.073700 7.369983
22 -1.093005 9.300503
18 -1.081028 8.102788
18 -1.087801 8.780143
16 -1.052456 5.245554
13 -1.099103 9.910333
16 -1.037190 3.718956
20 -1.047073 4.707340
20 -1.035427 3.542672
13 -1.099287 9.928684
14 -1.062896 6.289558
27 -1.037824 3.782379
16 -1.036072 3.607155
25 -1.047236 4.723606
16 -1.065602 6.560197
13 -1.045141 4.514134
19 -1.097442 9.744199
12 -1.075147 7.514672
14 -1.060144 6.014397
17 -1.049836 4.983630
16 -1.032361 3.236061
13 -1.074775 7.477461
19 -1.027107 2.710727
9 -1.084370 8.436989
15 -1.037383 3.738279
18 -1.059210 5.920958
15 -1.095768 9.576838
19 -1.035679 3.567886
13 -1.085130 8.512981
14 -1.095353 9.535271
13 -1.099347 9.934659
13 -1.064179 6.417858
25 -1.076002 7.600171
19 -1.062189 6.218863
21 -1.092619 9.261851
19 -1.052738 5.273767
13 -1.070189 7.018903
12 -1.035240 3.523985
25 -1.051465 5.146458
17 -1.051409 5.140916
13 -1.053002 5.300220
16 -1.074382 7.438243
14 -1.060757 6.075689
20 -1.083475 8.347474
18 -1.084205 8.420495
17 -1.039354 3.935362
28 -1.094584 9.458404
23 -1.053212 5.321244
21 -1.056432 5.643186
13 -1.087160 8.716033
13 -1.054822 5.482177
13 -1.047812 4.781247
20 -1.049196 4.919583
18 -1.072388 7.238756
15 -1.066826 6.682615
31 -1.040221 4.022136
13 -1.035549 3.554901
15 -1.081121 8.112112
17 -1.046678 4.667820
17 -1.048582 4.858155
25 -1.042032 4.203183
19 -1.067968 6.796829
23 -1.064048 6.404777
27 -1.072494 7.249376
20 -1.031687 3.168736
20 -1.080088 8.008810
19 -1.039667 3.966710
23 -1.065686 6.568555
15 -1.057047 5.704700
21 -1.033400 3.339966
22 -1.037048 3.704801
16 -1.077593 7.759349
15 -1.060237 6.023659
12 -1.061178 6.117778
17 -1.035648 3.564776
17 -1.043564 4.356426
17 -1.033321 3.332066
15 -1.090429 9.042926
24 -1.084655 8.465533
20 -1.079555 7.955542
16 -1.064442 6.444152
15 -1.065644 6.564379
22 -1.035237 3.523653
17 -1.044482 4.448156
11 -1.046496 4.649636
15 -1.063966 6.396560
16 -1.045772 4.577164
15 -1.027429 2.742905
16 -1.065122 6.512236
15 -1.086002 8.600214
21 -1.078665 7.866485
18 -1.099319 9.931933
25 -1.055903 5.590337
16 -1.072500 7.250030
17 -1.050926 5.092599
15 -1.030294 3.029375
24 -1.064071 6.407103
19 -1.084016 8.401586
23 -1.052162 5.216241
18 -1.063799 6.379922
27 -1.041018 4.101848
18 -1.086771 8.677097
19 -1.064182 6.418214
21 -1.033632 3.363191
22 -1.036312 3.631165
22 -1.071940 7.194035
30 -1.034113 3.411293
23 -1.028182 2.818205
31 -1.034764 3.476374
29 -1.082310 8.230951
34 -1.071621 7.162080
32 -1.045797 4.579678
33 -1.032678 3.267766
59 -1.036874 3.687391
60 -1.048069 4.806851
70 -1.050413 5.041269
70 -1.085329 8.532937
72 -1.043382 4.338187
73 -1.034779 3.477881
93 -1.042636 4.263636
83 -1.030514 3.051380
98 -1.078990 7.899047
106 -1.067506 6.750611
