25 -0.121287 9.158054
30 -0.121800 9.620067
25 -0.119973 7.976117
29 -0.120989 8.890126
28 -0.121237 9.113554
26 -0.118749 6.874179
29 -0.119795 7.815774
31 -0.117453 5.707327
31 -0.118198 6.378274
29 -0.118528 6.675031
30 -0.119114 7.202680
30 -0.116767 5.090208
30 -0.119102 7.192116
31 -0.116618 4.956284
32 -0.116596 4.936101
35 -0.119717 7.745043
30 -0.120129 8.116190
31 -0.117725 5.952218
32 -0.119649 7.684202
31 -0.114833 3.349404
32 -0.121572 9.414855
32 -0.117829 6.046536
35 -0.115108 3.597331
31 -0.118062 6.255771
32 -0.115556 4.000285
35 -0.115319 3.786940
33 -0.115998 4.397947
32 -0.118941 7.047174
33 -0.117211 5.489568
32 -0.115365 3.828350
33 -0.119486 7.537039
35 -0.115769 4.191832
33 -0.116857 5.171334
34 -0.119650 7.685197
40 -0.113544 2.189762
36 -0.115706 4.135645
36 -0.116173 4.556026
38 -0.122114 9.902413
35 -0.118921 7.028936
37 -0.120254 8.228361
35 -0.120680 8.611841
36 -0.115423 3.881030
37 -0.114287 2.858575
39 -0.121141 9.026658
40 -0.113579 2.221521
42 -0.121654 9.488554
41 -0.116374 4.737036
48 -0.113314 1.982599
27 -0.120061 8.054751
31 -0.119347 7.412594
31 -0.118562 6.705760
26 -0.119444 7.499691
34 -0.116588 4.929254
30 -0.119410 7.468796
36 -0.118799 6.918855
31 -0.118249 6.424087
31 -0.120254 8.228393
33 -0.117242 5.517517
36 -0.118209 6.387899
38 -0.114894 3.404802
38 -0.116633 4.969563
36 -0.115275 3.747663
30 -0.119403 7.462809
29 -0.118005 6.204163
30 -0.118334 6.500352
32 -0.120724 8.652035
26 -0.119635 7.671322
30 -0.117613 5.852034
29 -0.117053 5.347373
31 -0.115685 4.116415
31 -0.118997 7.097520
31 -0.116898 5.208108
39 -0.114690 3.220794
35 -0.120314 8.282984
36 -0.118559 6.703446
32 -0.120234 8.210532
34 -0.115254 3.728266
36 -0.117230 5.506964
36 -0.115089 3.580368
33 -0.119934 7.940329
38 -0.114813 3.331763
36 -0.115442 3.898105
35 -0.117952 6.156589
30 -0.118339 6.505121
41 -0.113407 2.065920
36 -0.112527 1.274031
39 -0.117356 5.620445
32 -0.121528 9.375043
37 -0.114303 2.872704
34 -0.119814 7.832857
42 -0.115136 3.622548
38 -0.117505 5.754492
32 -0.115385 3.846091
35 -0.119477 7.529525
30 -0.115673 4.105875
36 -0.114562 3.105555
46 -0.115285 3.756348
26 -0.119573 7.615528
30 -0.117288 5.558987
32 -0.115138 3.624016
29 -0.118703 6.832513
25 -0.121646 9.481510
30 -0.120983 8.885010
35 -0.117233 5.509660
28 -0.119446 7.501165
28 -0.118245 6.420151
28 -0.120821 8.739195
30 -0.121553 9.397408
32 -0.118555 6.699907
33 -0.115075 3.567697
36 -0.120038 8.034437
38 -0.115264 3.737174
33 -0.113875 2.487916
34 -0.117896 6.106127
38 -0.115852 4.266521
39 -0.113310 1.979444
32 -0.117276 5.548152
33 -0.114395 2.955753
36 -0.114976 3.478540
33 -0.118780 6.901765
37 -0.120774 8.696786
41 -0.119460 7.514350
29 -0.116742 5.067374
35 -0.120662 8.595782
26 -0.122043 9.838432
44 -0.116597 4.937717
30 -0.114997 3.497257
34 -0.117242 5.517467
31 -0.116391 4.751957
40 -0.113905 2.514644
38 -0.116192 4.572691
36 -0.117382 5.644205
30 -0.119395 7.455211
37 -0.118660 6.793959
38 -0.116291 4.661971
38 -0.115359 3.823264
24 -0.121649 9.483667
38 -0.113355 2.019210
37 -0.121388 9.249167
39 -0.114691 3.222299
31 -0.117919 6.127357
31 -0.119204 7.283689
35 -0.118568 6.711012
42 -0.121543 9.388904
24 -0.118762 6.886152
30 -0.120293 8.263282
30 -0.116002 4.401428
33 -0.116828 5.144897
34 -0.120320 8.288195
29 -0.120083 8.074883
35 -0.114721 3.249349
34 -0.117413 5.672128
28 -0.122069 9.862394
30 -0.118742 6.867846
28 -0.121506 9.355368
40 -0.116998 5.298594
38 -0.114818 3.336336
44 -0.113496 2.146604
33 -0.116497 4.847534
30 -0.117760 5.983876
31 -0.118080 6.272072
32 -0.119133 7.219966
35 -0.118285 6.456350
41 -0.114826 3.343027
39 -0.120814 8.732208
40 -0.112572 1.314963
29 -0.118887 6.998655
32 -0.118821 6.938841
35 -0.117129 5.416448
37 -0.114270 2.842564
39 -0.113870 2.482977
33 -0.122022 9.819506
32 -0.118447 6.602117
39 -0.117719 5.947120
34 -0.117531 5.778028
42 -0.114932 3.439062
38 -0.113463 2.117054
33 -0.119941 7.946730
35 -0.117402 5.661878
29 -0.117621 5.858544
38 -0.114448 3.003522
43 -0.116011 4.409607
29 -0.117592 5.832736
36 -0.118057 6.251505
35 -0.121749 9.573953
29 -0.119575 7.617511
29 -0.119099 7.188899
36 -0.118114 6.302884
35 -0.115590 4.030602
30 -0.122023 9.820989
36 -0.115351 3.816243
32 -0.117776 5.998733
34 -0.118845 6.960927
38 -0.115046 3.541666
39 -0.119352 7.416554
42 -0.116460 4.813791
40 -0.117550 5.795445
37 -0.114546 3.091614
43 -0.114043 2.638943
41 -0.113452 2.106963
