8 -0.268609 7.443777
12 -0.252946 1.178230
13 -0.262169 4.867757
13 -0.269585 7.834005
15 -0.250188 0.075308
10 -0.271225 8.490056
17 -0.265474 6.189747
17 -0.272077 8.830601
9 -0.255101 2.040237
19 -0.251159 0.463454
21 -0.267474 6.989737
23 -0.265588 6.235290
23 -0.254191 1.676208
23 -0.272085 8.833972
25 -0.264093 5.637195
25 -0.270275 8.109824
27 -0.250033 0.013304
27 -0.273358 9.343301
28 -0.252784 1.113554
29 -0.274910 9.964184
31 -0.272147 8.858748
31 -0.250432 0.172643
31 -0.254312 1.724652
32 -0.271983 8.793363
32 -0.271103 8.441279
32 -0.250097 0.038789
16 -0.252770 1.107840
36 -0.252011 0.804519
36 -0.273429 9.371653
37 -0.255460 2.184085
37 -0.258953 3.581236
40 -0.250203 0.081074
41 -0.263299 5.319697
17 -0.250091 0.036363
28 -0.250017 0.006967
43 -0.263177 5.270708
36 -0.254649 1.859509
45 -0.268471 7.388369
45 -0.273230 9.292182
47 -0.258692 3.476617
47 -0.250107 0.042663
27 -0.268122 7.248861
12 -0.251686 0.674407
33 -0.269843 7.937003
13 -0.261439 4.575491
24 -0.272544 9.017521
51 -0.252335 0.934121
13 -0.269249 7.699524
40 -0.256800 2.719803
31 -0.264389 5.755583
44 -0.264152 5.660681
35 -0.254010 1.603986
43 -0.250465 0.185928
56 -0.271020 8.407895
13 -0.250638 0.255004
27 -0.274953 9.981162
57 -0.269365 7.746075
57 -0.265199 6.079546
57 -0.250006 0.002399
23 -0.272011 8.804480
20 -0.271574 8.629557
61 -0.256705 2.681862
20 -0.263013 5.205154
63 -0.269768 7.907033
31 -0.270340 8.135900
53 -0.255760 2.304186
36 -0.273005 9.201953
35 -0.263835 5.533895
67 -0.267806 7.122368
67 -0.273477 9.390791
23 -0.269296 7.718382
35 -0.274902 9.960991
68 -0.268434 7.373480
10 -0.252152 0.860949
28 -0.270057 8.022685
31 -0.259851 3.940383
57 -0.271308 8.523170
59 -0.273134 9.253676
28 -0.265410 6.164068
76 -0.274035 9.614035
19 -0.267639 7.055663
20 -0.274901 9.960230
59 -0.272350 8.940080
16 -0.258859 3.543589
55 -0.267792 7.116990
35 -0.273377 9.350845
76 -0.250442 0.176772
32 -0.251466 0.586461
57 -0.274186 9.674512
32 -0.270897 8.358627
27 -0.262744 5.097720
53 -0.250001 0.000270
24 -0.263421 5.368563
35 -0.271956 8.782221
65 -0.265032 6.012700
79 -0.273902 9.560903
33 -0.262574 5.029572
21 -0.270341 8.136254
18 -0.271199 8.479741
8 -0.251179 0.471457
89 -0.263850 5.540175
33 -0.260928 4.371054
17 -0.258004 3.201655
80 -0.252031 0.812225
31 -0.272024 8.809694
25 -0.255071 2.028453
47 -0.274822 9.928724
55 -0.270976 8.390414
28 -0.273402 9.360708
75 -0.253049 1.219554
63 -0.264363 5.745101
21 -0.254287 1.714809
48 -0.259437 3.774675
35 -0.257192 2.876931
29 -0.266192 6.476679
16 -0.250040 0.015911
32 -0.271276 8.510241
57 -0.274279 9.711632
45 -0.265354 6.141427
13 -0.272054 8.821409
26 -0.250024 0.009670
107 -0.250527 0.210986
61 -0.274997 9.998926
65 -0.260517 4.206910
59 -0.252316 0.926424
39 -0.260712 4.284999
72 -0.250026 0.010378
63 -0.268180 7.271885
27 -0.264359 5.743487
57 -0.261321 4.528351
17 -0.250452 0.180743
65 -0.267859 7.143743
35 -0.255113 2.045307
21 -0.270531 8.212288
48 -0.252425 0.970181
91 -0.250090 0.036200
40 -0.261571 4.628428
72 -0.271773 8.709348
31 -0.269550 7.820067
19 -0.261715 4.686023
47 -0.267370 6.948038
87 -0.252958 1.183284
45 -0.252092 0.836880
60 -0.267881 7.152382
53 -0.272679 9.071754
13 -0.260017 4.006617
59 -0.267567 7.026727
60 -0.272565 9.026190
55 -0.264491 5.796318
35 -0.274656 9.862325
32 -0.267622 7.048684
51 -0.260872 4.348809
13 -0.251135 0.454187
27 -0.253746 1.498411
39 -0.273997 9.598934
28 -0.257495 2.998148
52 -0.268010 7.204091
64 -0.272175 8.869957
21 -0.270766 8.306326
28 -0.274454 9.781480
79 -0.250098 0.039185
65 -0.271212 8.484909
36 -0.251624 0.649539
56 -0.253212 1.284631
31 -0.273390 9.355965
33 -0.258154 3.261494
40 -0.272656 9.062536
48 -0.266023 6.409317
68 -0.256334 2.533631
29 -0.255037 2.014743
23 -0.251589 0.635783
31 -0.255290 2.116039
31 -0.261775 4.710014
90 -0.252375 0.949941
62 -0.265758 6.303331
31 -0.250917 0.366652
67 -0.274306 9.722521
51 -0.270297 8.118862
45 -0.262060 4.823971
37 -0.267962 7.184655
49 -0.250288 0.115236
44 -0.250611 0.244486
48 -0.274966 9.986592
40 -0.271610 8.643866
51 -0.257135 2.853818
60 -0.274985 9.993866
68 -0.265372 6.148871
45 -0.266417 6.566799
76 -0.257733 3.093250
63 -0.267178 6.871372
45 -0.265324 6.129710
63 -0.251799 0.719679
73 -0.265068 6.027003
60 -0.270568 8.227099
71 -0.274727 9.890621
56 -0.266406 6.562413
59 -0.258284 3.313482
68 -0.250739 0.295568
73 -0.273297 9.318651
75 -0.268401 7.360285
