18 -0.118696 6.826124
20 -0.119569 7.611823
19 -0.116433 4.790063
18 -0.121483 9.334797
19 -0.121621 9.458747
21 -0.116182 4.564189
23 -0.120730 8.657264
22 -0.121379 9.241254
22 -0.117987 6.188080
23 -0.116122 4.509628
20 -0.114780 3.302216
20 -0.119243 7.318896
20 -0.118661 6.794748
25 -0.120829 8.745809
24 -0.117605 5.844502
24 -0.120378 8.340148
21 -0.117758 5.982198
23 -0.121131 9.018168
22 -0.120278 8.249953
24 -0.118466 6.619468
24 -0.116804 5.124012
23 -0.114561 3.104506
24 -0.121177 9.059521
24 -0.120863 8.776897
25 -0.121486 9.337235
25 -0.117921 6.128517
22 -0.122209 9.988391
23 -0.116264 4.637469
26 -0.115901 4.310595
24 -0.121773 9.595744
25 -0.114989 3.490288
25 -0.120271 8.244145
25 -0.117801 6.021064
26 -0.115698 4.128486
24 -0.118944 7.049545
26 -0.119097 7.187002
27 -0.121429 9.286531
26 -0.121838 9.653779
26 -0.116844 5.159204
28 -0.119306 7.375638
28 -0.118476 6.628338
30 -0.114763 3.286681
29 -0.121048 8.942975
31 -0.119307 7.376385
30 -0.120758 8.681810
21 -0.121520 9.368110
19 -0.118180 6.362405
21 -0.119119 7.207493
29 -0.119431 7.488151
31 -0.120537 8.483518
21 -0.117462 5.715436
20 -0.121902 9.711932
22 -0.122164 9.947397
24 -0.120952 8.856974
23 -0.121444 9.299951
22 -0.121000 8.899655
26 -0.120641 8.576728
24 -0.118771 6.893480
24 -0.119387 7.448061
20 -0.119646 7.681003
27 -0.116678 5.010327
23 -0.115923 4.330369
23 -0.118484 6.635527
23 -0.116205 4.584382
26 -0.117621 5.858704
26 -0.118141 6.326525
26 -0.120338 8.303788
22 -0.117052 5.346746
25 -0.119458 7.511982
23 -0.121778 9.600191
25 -0.117574 5.816585
32 -0.118091 6.282088
24 -0.121294 9.164723
25 -0.120628 8.565226
18 -0.121550 9.394692
29 -0.118172 6.354495
27 -0.119191 7.271479
32 -0.119097 7.187653
26 -0.117551 5.795845
24 -0.114097 2.687571
25 -0.119996 7.996352
29 -0.121107 8.996467
24 -0.115925 4.332730
28 -0.117559 5.802930
25 -0.121309 9.178330
28 -0.118826 6.943049
24 -0.120720 8.648131
30 -0.119175 7.257174
20 -0.120011 8.009630
31 -0.118688 6.818930
28 -0.116908 5.217427
24 -0.120910 8.818581
29 -0.116237 4.613039
18 -0.118784 6.905479
25 -0.116410 4.769404
24 -0.122013 9.811624
26 -0.119234 7.310919
33 -0.116958 5.261785
24 -0.120316 8.284709
25 -0.117533 5.779513
24 -0.113294 1.965037
28 -0.117493 5.743649
26 -0.115522 3.969955
23 -0.118216 6.393995
24 -0.118363 6.526421
23 -0.115662 4.096134
28 -0.119257 7.331332
19 -0.116362 4.726008
27 -0.116600 4.939854
23 -0.117338 5.604279
24 -0.119611 7.650321
23 -0.120960 8.863990
25 -0.118227 6.404544
30 -0.116646 4.981246
19 -0.120622 8.559645
27 -0.120255 8.229280
28 -0.116429 4.786548
24 -0.114538 3.084434
28 -0.117951 6.156266
20 -0.115246 3.721018
25 -0.120605 8.544904
20 -0.120569 8.512254
21 -0.121299 9.168909
20 -0.117850 6.064891
22 -0.117910 6.118773
17 -0.121956 9.760567
23 -0.119725 7.752604
22 -0.115749 4.174016
29 -0.121882 9.693927
19 -0.121368 9.231062
17 -0.121562 9.405789
27 -0.116569 4.912375
22 -0.119692 7.722464
30 -0.120036 8.032224
18 -0.120023 8.020376
23 -0.117596 5.836057
26 -0.118978 7.080104
24 -0.117426 5.683472
28 -0.118744 6.869279
23 -0.116712 5.040642
24 -0.118594 6.734704
22 -0.117583 5.825100
18 -0.116312 4.680855
29 -0.114881 3.392703
19 -0.121311 9.180010
20 -0.115908 4.317531
21 -0.118729 6.856510
23 -0.117420 5.677620
25 -0.120870 8.783331
27 -0.114847 3.362034
21 -0.119770 7.793120
31 -0.114495 3.045743
26 -0.116056 4.450633
25 -0.118309 6.478405
30 -0.115832 4.248737
24 -0.121919 9.727492
28 -0.121161 9.045023
26 -0.118077 6.269241
24 -0.120857 8.771110
24 -0.117362 5.626123
25 -0.115967 4.369904
17 -0.117424 5.681778
30 -0.118107 6.296319
29 -0.120677 8.609074
22 -0.117402 5.662126
23 -0.117183 5.464577
24 -0.122046 9.841480
24 -0.118880 6.992275
21 -0.114534 3.080289
23 -0.117737 5.963116
26 -0.115998 4.398388
21 -0.118130 6.317449
25 -0.115626 4.063305
21 -0.120711 8.639911
34 -0.119314 7.382365
23 -0.117377 5.639741
27 -0.116892 5.202964
20 -0.118685 6.816506
24 -0.115699 4.128740
23 -0.121884 9.695848
22 -0.117834 6.050807
23 -0.118142 6.328050
22 -0.117871 6.083560
22 -0.120087 8.078661
22 -0.121717 9.545018
26 -0.116592 4.932532
19 -0.121799 9.619477
24 -0.118044 6.239670
27 -0.118456 6.610573
29 -0.119195 7.275686
25 -0.118291 6.461737
23 -0.119343 7.408816
32 -0.118001 6.200598
25 -0.121454 9.308241
25 -0.120961 8.865047
25 -0.117236 5.512671
27 -0.115147 3.632237
25 -0.117137 5.423464
28 -0.114673 3.205260
29 -0.120333 8.299839
