25 0.900284 9.971610
29 0.972421 2.757900
46 0.954286 4.571409
50 0.963874 3.612576
52 0.934420 6.558026
57 0.967521 3.247879
49 0.974130 2.587037
63 0.959576 4.042388
46 0.902468 9.753244
62 0.924601 7.539912
66 0.961681 3.831927
15 0.969812 3.018764
67 0.958966 4.103447
73 0.949382 5.061813
77 0.952856 4.714385
76 0.956369 4.363093
81 0.973964 2.603643
84 0.944520 5.548006
81 0.916524 8.347609
87 0.948495 5.150529
94 0.933983 6.601697
23 0.912815 8.718509
100 0.911656 8.834423
65 0.956539 4.346104
111 0.953114 4.688572
113 0.916712 8.328790
101 0.960362 3.963770
118 0.978871 2.112913
61 0.964698 3.530215
75 0.901141 9.885885
32 0.993617 0.638315
96 0.966746 3.325366
143 0.967013 3.298671
91 0.937893 6.210667
158 0.972593 2.740681
158 0.973984 2.601647
93 0.935039 6.496116
148 0.972938 2.706225
158 0.963929 3.607144
92 0.966151 3.384910
183 0.970680 2.931992
114 0.962719 3.728128
135 0.958340 4.166012
95 0.975891 2.410862
172 0.963021 3.697856
118 0.973051 2.694924
111 0.907721 9.227897
51 0.937597 6.240334
79 0.926790 7.321004
65 0.955956 4.404443
204 0.919846 8.015382
133 0.962500 3.749968
216 0.966318 3.368193
109 0.912248 8.775211
130 0.975820 2.417993
225 0.979093 2.090719
142 0.971219 2.878079
224 0.954064 4.593636
23 0.908708 9.129184
231 0.953901 4.609923
220 0.962130 3.787015
97 0.958165 4.183508
19 0.928285 7.171521
144 0.913285 8.671536
216 0.969086 3.091374
113 0.954302 4.569777
87 0.955205 4.479450
68 0.950579 4.942133
86 0.949803 5.019666
68 0.941858 5.814179
20 0.938129 6.187080
262 0.947148 5.285242
97 0.938487 6.151280
57 0.916036 8.396438
71 0.925307 7.469258
128 0.966187 3.381273
157 0.968127 3.187347
174 0.912130 8.786967
66 0.923436 7.656393
97 0.964920 3.508028
193 0.930095 6.990541
194 0.968766 3.123428
142 0.950819 4.918145
145 0.973509 2.649078
11 0.970307 2.969251
86 0.975175 2.482505
262 0.930057 6.994264
124 0.968726 3.127374
314 0.970863 2.913744
127 0.904243 9.575686
68 0.944865 5.513463
135 0.953117 4.688347
55 0.944201 5.579875
80 0.923794 7.620562
136 0.957512 4.248785
122 0.977378 2.262209
21 0.946747 5.325260
318 0.919186 8.081412
329 0.979560 2.044013
135 0.934203 6.579677
60 0.937830 6.217047
14 0.928148 7.185182
40 0.952390 4.760996
163 0.967542 3.245826
343 0.977798 2.220177
29 0.922066 7.793447
101 0.964143 3.585666
84 0.975642 2.435771
361 0.962647 3.735306
127 0.954496 4.550421
76 0.952032 4.796817
188 0.945053 5.494691
18 0.922751 7.724881
378 0.926974 7.302621
81 0.919121 8.087870
150 0.960663 3.933728
89 0.964224 3.577582
104 0.954584 4.541617
198 0.903162 9.683805
369 0.942016 5.798444
17 0.935665 6.433517
22 0.966361 3.363880
77 0.932541 6.745937
35 0.987261 1.273902
224 0.988091 1.190928
363 0.911102 8.889846
130 0.920947 7.905322
203 0.900996 9.900406
269 0.970205 2.979530
21 0.910393 8.960670
88 0.936583 6.341694
59 0.958819 4.118101
164 0.970858 2.914239
17 0.919218 8.078242
161 0.954727 4.527326
203 0.972894 2.710562
258 0.912009 8.799130
140 0.947075 5.292464
145 0.964522 3.547775
130 0.928270 7.173044
45 0.949977 5.002328
66 0.964694 3.530616
315 0.930995 6.900501
257 0.962281 3.771880
420 0.931531 6.846913
135 0.976529 2.347137
145 0.962689 3.731057
147 0.947197 5.280321
124 0.946239 5.376072
150 0.959713 4.028721
152 0.912807 8.719310
109 0.916925 8.307507
377 0.968000 3.200042
46 0.929311 7.068864
100 0.966482 3.351782
105 0.961840 3.815983
169 0.976512 2.348768
438 0.955061 4.493948
95 0.964953 3.504673
150 0.962750 3.724968
165 0.981607 1.839326
146 0.951469 4.853096
74 0.920569 7.943133
342 0.977062 2.293754
107 0.923912 7.608789
198 0.910578 8.942156
480 0.967941 3.205883
168 0.981493 1.850727
323 0.924575 7.542470
157 0.964771 3.522861
467 0.922333 7.766721
340 0.979746 2.025421
265 0.963878 3.612195
268 0.968025 3.197500
292 0.960286 3.971439
259 0.964377 3.562281
284 0.982368 1.763164
451 0.974598 2.540248
445 0.981710 1.828985
339 0.912363 8.763695
286 0.971129 2.887099
248 0.905539 9.446092
288 0.953917 4.608315
532 0.941674 5.832611
456 0.984605 1.539465
289 0.965822 3.417766
528 0.976310 2.368952
293 0.972426 2.757367
549 0.972267 2.773348
492 0.911537 8.846287
522 0.928163 7.183674
436 0.974604 2.539562
420 0.981067 1.893334
499 0.970344 2.965605
545 0.953291 4.670881
560 0.927142 7.285758
640 0.930050 6.994975
652 0.960329 3.967110
1058 0.904053 9.594711
failed to find solution in 1200 iterations and 1175 function evals
