11 -1.090805 9.080466
12 -1.026885 2.688546
12 -1.083042 8.304228
12 -1.085809 8.580881
13 -1.083439 8.343884
13 -1.033606 3.360577
13 -1.075968 7.596775
14 -1.093692 9.369244
13 -1.039139 3.913935
13 -1.020751 2.075128
14 -1.067808 6.780811
15 -1.081536 8.153615
14 -1.043765 4.376522
14 -1.084414 8.441397
14 -1.034034 3.403411
14 -1.040111 4.011084
15 -1.063467 6.346706
15 -1.068584 6.858449
15 -1.062469 6.246884
15 -1.029839 2.983917
16 -1.043170 4.316977
16 -1.040593 4.059301
16 -1.098824 9.882447
16 -1.038311 3.831076
17 -1.096587 9.658660
17 -1.031894 3.189406
17 -1.034947 3.494740
17 -1.054294 5.429429
17 -1.049612 4.961203
17 -1.088876 8.887579
17 -1.095205 9.520535
17 -1.036384 3.638427
17 -1.030589 3.058944
17 -1.026608 2.660812
18 -1.035643 3.564320
19 -1.026910 2.691004
18 -1.040582 4.058217
18 -1.087505 8.750527
19 -1.036301 3.630075
7 -1.051925 5.192472
19 -1.016627 1.662703
11 -1.079868 7.986807
12 -1.067515 6.751461
11 -1.041705 4.170471
13 -1.096853 9.685317
14 -1.066248 6.624843
13 -1.095672 9.567209
20 -1.030602 3.060165
20 -1.028831 2.883091
15 -1.051924 5.192439
21 -1.021996 2.199635
22 -1.075848 7.584840
13 -1.078578 7.857790
22 -1.039079 3.907943
20 -1.031116 3.111579
13 -1.065958 6.595759
13 -1.067528 6.752758
11 -1.079161 7.916069
12 -1.076374 7.637397
13 -1.059270 5.927030
23 -1.038325 3.832522
13 -1.046236 4.623587
15 -1.094125 9.412506
15 -1.071062 7.106156
15 -1.023644 2.364354
13 -1.050412 5.041181
12 -1.059884 5.988391
16 -1.037155 3.715524
13 -1.071920 7.191961
20 -1.028157 2.815671
19 -1.055153 5.515304
14 -1.067484 6.748366
13 -1.074862 7.486244
16 -1.036754 3.675432
14 -1.035711 3.571106
27 -1.041838 4.183828
21 -1.040988 4.098782
13 -1.090775 9.077480
16 -1.024490 2.449046
11 -1.068083 6.808254
16 -1.057694 5.769442
13 -1.095770 9.576999
17 -1.036632 3.663240
20 -1.025339 2.533947
12 -1.078151 7.815058
15 -1.082494 8.249420
18 -1.066361 6.636149
20 -1.061245 6.124513
13 -1.048845 4.884515
19 -1.028364 2.836357
17 -1.060807 6.080674
14 -1.031953 3.195310
16 -1.040822 4.082197
15 -1.068272 6.827228
20 -1.027268 2.726796
13 -1.051931 5.193096
17 -1.026095 2.609490
20 -1.051087 5.108717
21 -1.033773 3.377299
14 -1.099856 9.985638
18 -1.082588 8.258767
14 -1.079825 7.982462
16 -1.063711 6.371135
14 -1.080908 8.090769
17 -1.066627 6.662689
9 -1.031703 3.170274
19 -1.042774 4.277439
16 -1.065839 6.583938
20 -1.062646 6.264582
12 -1.076416 7.641606
13 -1.070386 7.038591
12 -1.049372 4.937182
22 -1.055946 5.594596
18 -1.033052 3.305219
16 -1.063757 6.375682
22 -1.036821 3.682134
15 -1.053338 5.333764
15 -1.072770 7.277017
17 -1.095540 9.553951
14 -1.064560 6.456020
17 -1.060458 6.045845
24 -1.031561 3.156074
14 -1.025912 2.591207
15 -1.061965 6.196501
21 -1.040908 4.090826
15 -1.029047 2.904653
15 -1.074669 7.466873
17 -1.036643 3.664339
15 -1.084910 8.490977
20 -1.042275 4.227548
16 -1.086302 8.630233
16 -1.051999 5.199907
21 -1.031601 3.160080
21 -1.058443 5.844308
24 -1.033298 3.329762
18 -1.065653 6.565259
14 -1.031999 3.199909
21 -1.036245 3.624500
20 -1.024363 2.436283
13 -1.049483 4.948334
17 -1.033651 3.365090
23 -1.032604 3.260401
18 -1.050256 5.025581
16 -1.081454 8.145366
17 -1.040542 4.054202
13 -1.027148 2.714788
19 -1.034669 3.466865
13 -1.065866 6.586640
17 -1.028123 2.812266
17 -1.056705 5.670479
13 -1.086341 8.634126
17 -1.025337 2.533749
19 -1.059959 5.995930
20 -1.035849 3.584902
11 -1.098451 9.845100
18 -1.041459 4.145942
15 -1.051069 5.106928
18 -1.051496 5.149573
14 -1.040586 4.058636
23 -1.038707 3.870668
21 -1.021577 2.157651
19 -1.033515 3.351495
17 -1.067199 6.719914
18 -1.034298 3.429827
16 -1.048739 4.873940
12 -1.069720 6.971952
20 -1.065718 6.571817
21 -1.029209 2.920863
18 -1.029655 2.965531
18 -1.020034 2.003354
18 -1.068089 6.808901
12 -1.051622 5.162193
17 -1.043366 4.336621
18 -1.025323 2.532296
19 -1.082978 8.297824
14 -1.024038 2.403823
19 -1.089444 8.944427
15 -1.080000 7.999961
15 -1.071553 7.155282
16 -1.043768 4.376843
17 -1.026549 2.654867
18 -1.057883 5.788306
15 -1.020369 2.036895
15 -1.056244 5.624442
25 -1.035949 3.594943
14 -1.035322 3.532172
14 -1.048898 4.889826
21 -1.039026 3.902575
17 -1.077890 7.789010
16 -1.027554 2.755425
18 -1.027035 2.703465
17 -1.023779 2.377858
17 -1.040946 4.094575
20 -1.050610 5.061022
19 -1.038295 3.829469
23 -1.024661 2.466143
26 -1.054547 5.454714
19 -1.068860 6.886042
21 -1.031076 3.107598
23 -1.024502 2.450240
