23 30.061227 7.071238
24 29.745025 8.048719
26 29.250852 9.576362
26 29.557784 8.627539
27 30.336807 6.219332
27 29.416376 9.064677
27 30.719995 5.034779
28 29.356950 9.248382
28 29.230422 9.639519
28 30.165787 6.748010
28 29.160842 9.854611
29 30.343824 6.197640
29 29.503768 8.794521
29 30.167257 6.743466
29 29.342453 9.293194
30 29.353922 9.257743
30 30.142620 6.819627
30 29.845006 7.739645
31 30.119566 6.890893
31 29.370738 9.205759
31 29.470122 8.898532
32 29.298214 9.429951
32 30.617377 5.352003
32 29.196302 9.744993
32 30.362531 6.139813
32 30.562325 5.522185
32 29.610833 8.463548
33 30.109024 6.923482
32 29.582635 8.550716
33 29.115973 9.993318
33 30.246840 6.497448
34 30.413094 5.983505
35 29.791192 7.906000
35 29.245253 9.593670
35 29.430240 9.021819
35 29.305030 9.408881
36 29.369846 9.208517
36 29.835290 7.769679
36 29.360676 9.236862
36 30.321778 6.265791
38 29.649805 8.343073
30 29.420669 9.051406
38 30.629043 5.315939
30 29.476658 8.878326
40 29.945229 7.429823
40 29.738277 8.069580
40 29.994150 7.278595
41 30.007319 7.237885
28 29.406835 9.094172
41 30.480735 5.774406
29 29.290505 9.453782
28 29.320349 9.361525
29 30.551553 5.555485
27 29.612941 8.457031
23 29.481651 8.862889
28 30.525461 5.636142
27 29.668401 8.285587
46 30.747478 4.949820
29 30.262134 6.450172
30 30.010541 7.227924
33 30.719265 5.037033
33 30.504726 5.700243
29 30.476702 5.786873
34 29.421408 9.049119
30 29.469691 8.899862
35 29.985483 7.305387
29 29.988537 7.295946
31 30.297473 6.340926
36 30.232853 6.540689
28 30.281368 6.390713
35 30.141980 6.821606
30 30.986439 4.211114
33 29.612603 8.458076
36 29.269604 9.518396
30 30.176147 6.715982
35 29.820508 7.815375
37 29.217347 9.679937
41 29.230354 9.639730
25 30.224391 6.566845
40 30.393209 6.044976
24 30.502763 5.706310
30 29.634687 8.389808
30 29.806170 7.859698
28 29.463822 8.918005
28 30.066947 7.053557
35 29.627417 8.412281
29 29.199758 9.734312
37 30.163393 6.755409
30 29.294682 9.440872
30 29.855871 7.706059
34 30.175882 6.716804
34 29.298226 9.429916
30 29.173196 9.816423
33 29.408273 9.089725
30 30.267003 6.435120
29 29.997302 7.268849
27 29.240152 9.609441
23 29.188443 9.769290
45 30.399127 6.026680
40 29.752300 8.026230
37 29.866598 7.672899
23 29.246589 9.589541
29 29.147101 9.897091
46 30.518139 5.658777
46 30.127420 6.866615
30 29.131064 9.946666
32 29.380344 9.176061
27 29.259840 9.548578
33 29.853173 7.714397
30 29.305463 9.407542
32 30.677583 5.165886
27 29.548101 8.657472
34 30.338782 6.213229
32 29.936872 7.455658
31 29.702940 8.178815
31 29.631629 8.399262
48 29.856877 7.702949
30 29.976954 7.331751
28 29.304816 9.409544
25 29.645438 8.356572
31 29.593296 8.517762
35 30.619317 5.346004
29 29.413669 9.073043
28 29.724278 8.112853
35 30.820569 4.723872
32 29.997494 7.268255
35 29.626419 8.415366
33 29.726927 8.104664
30 29.998224 7.266000
31 29.220328 9.670724
32 29.909795 7.539362
48 29.343535 9.289852
35 29.854271 7.711004
39 31.037795 4.052358
31 29.475125 8.883064
42 30.698445 5.101395
29 29.881357 7.627272
40 30.173662 6.723667
39 30.398088 6.029895
26 29.150726 9.885885
31 29.408221 9.089885
27 29.175016 9.810798
30 29.748203 8.038895
37 30.235041 6.533924
40 30.128329 6.863806
32 29.408518 9.088968
37 29.388629 9.150450
26 29.853265 7.714112
26 29.812980 7.838648
41 29.874047 7.649871
37 29.243821 9.598099
28 29.610777 8.463720
36 29.309112 9.396264
30 29.883878 7.619478
28 29.561591 8.615769
31 29.388465 9.150959
31 29.841275 7.751180
32 29.306076 9.405647
38 30.919853 4.416954
27 30.014517 7.215633
32 30.217613 6.587798
41 29.943306 7.435768
39 29.316063 9.374774
41 29.772452 7.963931
37 30.471388 5.803301
29 30.206263 6.622887
26 29.203331 9.723265
33 29.178648 9.799569
25 29.921926 7.501861
27 30.315337 6.285705
39 31.173570 3.632633
33 29.447562 8.968270
39 29.753295 8.023153
33 29.362880 9.230048
32 29.771109 7.968085
35 29.399074 9.118163
25 29.540914 8.679691
40 30.108554 6.924935
31 29.839198 7.757599
33 29.577875 8.565432
31 30.276058 6.407127
38 30.492562 5.737845
35 29.327968 9.337974
34 30.410553 5.991360
61 30.332857 6.231544
32 29.809720 7.848725
32 29.677895 8.256238
35 29.203525 9.722665
30 30.460630 5.836558
46 30.174540 6.720951
36 30.183148 6.694342
50 29.897044 7.578779
38 29.426175 9.034383
52 31.658254 2.134321
39 30.592911 5.427633
41 29.927854 7.483534
42 29.990272 7.290581
47 30.355286 6.162208
39 29.665163 8.295597
50 30.104564 6.937270
