21 29.569078 8.592626
22 29.424122 9.040730
23 29.661534 8.306815
24 29.398831 9.118914
25 29.355622 9.252485
25 30.472270 5.800575
25 29.864086 7.680663
25 30.099719 6.952246
25 30.163441 6.755261
26 30.146103 6.808860
26 29.131713 9.944660
27 30.210504 6.609775
27 29.435438 9.005750
27 29.870398 7.661151
27 29.683128 8.240061
28 29.139480 9.920648
28 30.008929 7.232907
29 29.322304 9.355483
29 29.735831 8.077141
29 30.319645 6.272386
30 29.263486 9.537308
30 30.384936 6.070552
30 29.840879 7.752403
30 30.038846 7.140424
31 29.252943 9.569900
31 29.151236 9.884306
24 29.435952 9.004160
31 30.078973 7.016378
31 30.450189 5.868833
32 30.482301 5.769566
32 30.443463 5.889625
32 29.588013 8.534092
32 31.071672 3.947632
32 29.808996 7.850965
33 29.742959 8.055104
33 30.190586 6.671348
33 30.404707 6.009431
34 29.371291 9.204048
34 30.408747 5.996943
24 29.997652 7.267767
26 30.250207 6.487041
35 30.240050 6.518441
35 29.644880 8.358299
35 30.343167 6.199671
36 30.372468 6.109092
25 29.163364 9.846816
37 29.623875 8.423231
38 30.351760 6.173108
39 30.928231 4.391055
39 30.201285 6.638274
32 29.504867 8.791121
25 29.203094 9.724000
40 30.646187 5.262941
40 31.020733 4.105102
26 29.149971 9.888219
29 29.172893 9.817359
31 30.997374 4.177311
23 30.195354 6.656607
31 29.403881 9.103302
29 30.554993 5.544850
25 29.284158 9.473405
28 30.265022 6.441242
27 29.543261 8.672435
32 30.592459 5.429030
25 29.128478 9.954659
30 30.146439 6.807821
24 30.348025 6.184654
28 29.657190 8.320243
23 29.854703 7.709668
26 30.463019 5.829172
34 29.711933 8.151017
29 29.959971 7.384252
30 30.370999 6.113635
23 29.239830 9.610437
31 29.601556 8.492225
30 30.624773 5.329140
25 29.831499 7.781399
26 29.568324 8.594956
36 30.750571 4.940257
31 29.807236 7.856403
22 29.544995 8.667073
30 29.403497 9.104491
29 29.321177 9.358967
33 29.335638 9.314263
36 30.380696 6.083657
27 29.129833 9.950470
28 29.828908 7.789410
25 30.739851 4.973397
25 29.462922 8.920787
33 30.816287 4.737109
25 29.484981 8.852595
33 29.411604 9.079428
40 29.898541 7.574152
40 30.678631 5.162647
26 30.827307 4.703042
33 29.813407 7.837328
29 29.770935 7.968621
30 30.052504 7.098202
35 29.983929 7.310189
33 30.266537 6.436558
29 29.269978 9.517240
26 29.905526 7.552559
40 30.291910 6.358123
28 30.151264 6.792904
20 29.321374 9.358358
34 29.873441 7.651744
27 30.165770 6.748063
26 29.276357 9.497519
30 30.676018 5.170723
25 29.594272 8.514745
28 30.332938 6.231293
27 29.240725 9.607667
45 30.670113 5.188979
28 29.215974 9.684181
23 29.600608 8.495156
30 29.742616 8.056164
28 29.340841 9.298180
32 29.678476 8.254441
33 29.222913 9.662731
23 29.912038 7.532429
26 29.172606 9.818247
30 30.314674 6.287754
29 29.831305 7.782000
36 30.624956 5.328572
24 30.391378 6.050638
37 29.722333 8.118865
31 29.248126 9.584789
23 29.157588 9.864672
25 29.512352 8.767983
26 29.750208 8.032697
25 29.719393 8.127954
26 29.704331 8.174516
24 29.795772 7.891844
33 30.557820 5.536112
28 29.325772 9.344761
31 30.269986 6.425899
39 29.136493 9.929883
25 29.311776 9.388027
31 30.728877 5.007322
33 29.736587 8.074803
25 29.537804 8.689305
33 29.850684 7.722093
25 29.232421 9.633340
33 30.559227 5.531761
37 29.411854 9.078654
45 30.149462 6.798475
29 29.913744 7.527153
25 30.380815 6.083289
22 29.220978 9.668713
42 30.768810 4.883874
32 29.482074 8.861583
31 30.352085 6.172103
30 30.580020 5.467486
25 29.558245 8.626113
22 29.742005 8.058052
31 29.774791 7.956701
32 29.163780 9.845531
32 29.495980 8.818594
26 30.292776 6.355448
33 29.303500 9.413612
34 29.921997 7.501640
28 29.925000 7.492359
34 30.828242 4.700151
42 30.942839 4.345896
27 29.562791 8.612062
25 30.027135 7.176628
44 31.048648 4.018808
26 30.099073 6.954244
33 29.501504 8.801519
25 29.698460 8.192666
25 29.746620 8.043789
30 29.120083 9.980613
26 29.662783 8.302953
29 30.444895 5.885199
28 29.258010 9.554236
28 29.584067 8.546289
29 30.536718 5.601344
34 30.184611 6.689820
29 29.764007 7.990039
31 29.581566 8.554021
24 29.643244 8.363355
27 30.214126 6.598579
47 29.756287 8.013903
33 29.822992 7.807697
26 29.527150 8.722237
31 29.385553 9.159959
30 29.829414 7.787844
35 30.580897 5.464773
29 30.236915 6.528129
37 30.619777 5.344584
30 30.184594 6.689873
32 29.301691 9.419203
33 29.395618 9.128846
32 29.390790 9.143770
34 30.365536 6.130522
34 30.551995 5.554119
37 29.950168 7.414556
41 30.422690 5.953841
42 29.164559 9.843123
42 30.895548 4.492088
