10 -0.251321 0.528405
12 -0.250332 0.132731
12 -0.250676 0.270209
17 -0.259815 3.926088
17 -0.264377 5.750632
17 -0.274871 9.948292
17 -0.250509 0.203584
17 -0.255073 2.029293
19 -0.266235 6.494024
19 -0.264155 5.662141
19 -0.267108 6.843079
19 -0.252328 0.931143
19 -0.261900 4.759973
22 -0.251363 0.545142
22 -0.258639 3.455466
22 -0.251253 0.501018
22 -0.250084 0.033747
22 -0.263712 5.484856
22 -0.269261 7.704359
22 -0.250984 0.393676
22 -0.269730 7.891915
22 -0.250561 0.224242
24 -0.254551 1.820551
24 -0.251489 0.595670
24 -0.250246 0.098511
24 -0.258695 3.478020
24 -0.265448 6.179379
24 -0.250431 0.172359
24 -0.250165 0.065999
26 -0.251383 0.553266
26 -0.252080 0.832149
26 -0.251263 0.505276
26 -0.250460 0.184053
26 -0.271639 8.655621
26 -0.250749 0.299774
19 -0.270217 8.086860
26 -0.270048 8.019121
29 -0.256892 2.756952
15 -0.269197 7.678828
29 -0.255585 2.234013
29 -0.258139 3.255795
31 -0.258439 3.375768
31 -0.269683 7.873109
31 -0.254180 1.672048
17 -0.260434 4.173696
31 -0.272286 8.914293
17 -0.266610 6.644098
33 -0.272610 9.044016
22 -0.257913 3.165344
17 -0.273722 9.488845
19 -0.256315 2.525864
19 -0.251903 0.761108
24 -0.255255 2.102036
19 -0.272914 9.165401
24 -0.259113 3.645092
31 -0.250181 0.072286
17 -0.263096 5.238430
26 -0.264462 5.784609
24 -0.258234 3.293686
19 -0.264452 5.780985
40 -0.257431 2.972514
22 -0.272003 8.801179
26 -0.258604 3.441617
22 -0.270537 8.214837
40 -0.265080 6.032029
12 -0.250117 0.046694
24 -0.261764 4.705659
24 -0.251936 0.774273
43 -0.251917 0.766828
22 -0.251879 0.751511
43 -0.252889 1.155580
22 -0.251689 0.675411
29 -0.256396 2.558271
31 -0.252165 0.866130
19 -0.263529 5.411646
22 -0.273949 9.579666
19 -0.267948 7.179315
24 -0.274133 9.653161
24 -0.254299 1.719724
40 -0.269052 7.620696
22 -0.260588 4.235205
22 -0.250128 0.051080
19 -0.252862 1.144885
36 -0.262721 5.088248
31 -0.267007 6.802925
33 -0.253207 1.282937
36 -0.269843 7.937200
17 -0.250182 0.072884
33 -0.251479 0.591575
24 -0.256405 2.561968
22 -0.259511 3.804348
33 -0.260783 4.313112
26 -0.250033 0.013274
29 -0.272373 8.949108
22 -0.253462 1.384820
22 -0.250068 0.027139
15 -0.264681 5.872391
38 -0.253752 1.500987
31 -0.271452 8.580931
24 -0.259829 3.931475
24 -0.250298 0.119229
36 -0.254140 1.655864
22 -0.263198 5.279241
31 -0.252967 1.186895
23 -0.274601 9.840507
22 -0.272923 9.169125
24 -0.255581 2.232408
29 -0.250001 0.000453
19 -0.250956 0.382239
24 -0.262062 4.824951
40 -0.264653 5.861303
26 -0.262918 5.167332
24 -0.266825 6.729825
22 -0.262625 5.049946
19 -0.250180 0.072044
22 -0.273720 9.488185
22 -0.250669 0.267548
22 -0.254313 1.725099
24 -0.251173 0.469182
22 -0.262609 5.043685
22 -0.252628 1.051118
26 -0.257626 3.050440
24 -0.251259 0.503650
19 -0.274432 9.772864
19 -0.274502 9.800738
22 -0.268800 7.519950
26 -0.266922 6.768650
29 -0.258847 3.538883
19 -0.250674 0.269453
22 -0.250001 0.000368
26 -0.260273 4.109025
31 -0.255733 2.293330
22 -0.252649 1.059603
31 -0.251925 0.769893
22 -0.250028 0.011246
22 -0.250286 0.114226
15 -0.265499 6.199761
22 -0.250049 0.019507
22 -0.270413 8.165375
38 -0.262079 4.831413
17 -0.270371 8.148405
17 -0.252167 0.866915
8 -0.250809 0.323699
36 -0.261296 4.518391
40 -0.263609 5.443589
15 -0.256199 2.479706
26 -0.251440 0.575922
26 -0.271056 8.422275
15 -0.251629 0.651508
17 -0.266549 6.619480
24 -0.266396 6.558298
22 -0.268137 7.254703
24 -0.252163 0.865192
22 -0.250024 0.009794
29 -0.256848 2.739208
36 -0.254377 1.750615
17 -0.254532 1.812676
24 -0.253160 1.264104
22 -0.250102 0.040705
26 -0.265370 6.148147
22 -0.257360 2.944137
22 -0.250168 0.067148
12 -0.251240 0.495810
24 -0.252589 1.035507
19 -0.251049 0.419610
17 -0.251055 0.421935
22 -0.270464 8.185708
17 -0.262197 4.878702
22 -0.267896 7.158480
19 -0.252669 1.067583
31 -0.250294 0.117634
29 -0.251133 0.453237
19 -0.250012 0.004768
24 -0.258958 3.583034
26 -0.256411 2.564495
22 -0.258841 3.536311
31 -0.250619 0.247705
19 -0.252598 1.039108
59 -0.269783 7.913329
22 -0.250067 0.026846
33 -0.256190 2.476021
33 -0.264359 5.743476
26 -0.251481 0.592571
33 -0.256069 2.427425
24 -0.265467 6.186783
22 -0.255038 2.015202
22 -0.254215 1.685865
24 -0.252344 0.937429
29 -0.255781 2.312426
31 -0.265435 6.173981
43 -0.266813 6.725076
33 -0.251404 0.561564
33 -0.261256 4.502228
38 -0.255025 2.009877
38 -0.273066 9.226403
46 -0.250092 0.036673
36 -0.264937 5.974633
38 -0.261558 4.623231
43 -0.250001 0.000376
59 -0.250987 0.394638
