12 -5.484520 9.690400
15 -5.091759 1.835182
17 -5.282448 5.648960
17 -5.234906 4.698128
17 -5.105878 2.117563
17 -5.017245 0.344901
17 -5.359961 7.199215
17 -5.372688 7.453755
17 -5.385901 7.718020
17 -5.239757 4.795139
17 -5.311626 6.232520
17 -5.237518 4.750354
19 -5.323376 6.467517
19 -5.241330 4.826608
19 -5.367180 7.343602
19 -5.153370 3.067394
18 -5.309764 6.195285
19 -5.281306 5.626116
19 -5.044889 0.897783
19 -5.179567 3.591334
19 -5.471178 9.423557
19 -5.120014 2.400287
19 -5.360323 7.206464
19 -5.494557 9.891149
19 -5.202701 4.054018
21 -5.381588 7.631753
22 -5.226287 4.525734
21 -5.272905 5.458101
22 -5.364149 7.282975
10 -5.237426 4.748526
22 -5.039256 0.785118
22 -5.023931 0.478621
22 -5.262243 5.244851
22 -5.135827 2.716537
22 -5.122924 2.458479
22 -5.180906 3.618112
22 -5.136253 2.725052
24 -5.048732 0.974648
23 -5.294091 5.881819
23 -5.067980 1.359598
17 -5.300781 6.015628
24 -5.239364 4.787288
24 -5.161150 3.222997
25 -5.015265 0.305292
25 -5.373881 7.477617
26 -5.126152 2.523044
26 -5.266870 5.337403
12 -5.297070 5.941394
8 -5.366622 7.332437
26 -5.149581 2.991621
26 -5.086817 1.736335
26 -5.087632 1.752649
16 -5.017868 0.357366
16 -5.152062 3.041241
18 -5.244956 4.899122
12 -5.458476 9.169529
19 -5.025949 0.518974
17 -5.036860 0.737192
17 -5.023003 0.460053
19 -5.075635 1.512697
17 -5.486520 9.730407
15 -5.214166 4.283311
19 -5.036769 0.735374
15 -5.300666 6.013324
19 -5.251645 5.032905
16 -5.387701 7.754028
19 -5.210953 4.219052
22 -5.094240 1.884796
22 -5.268527 5.370549
22 -5.202149 4.042985
17 -5.364056 7.281129
22 -5.284901 5.698022
22 -5.325712 6.514236
15 -5.455018 9.100354
22 -5.225299 4.505978
24 -5.077574 1.551475
19 -5.257028 5.140560
24 -5.151098 3.021961
21 -5.078893 1.577863
22 -5.053744 1.074878
22 -5.487226 9.744520
19 -5.090140 1.802801
23 -5.061215 1.224303
11 -5.027568 0.551355
22 -5.167114 3.342279
22 -5.089381 1.787618
19 -5.055475 1.109498
17 -5.304100 6.082007
17 -5.322256 6.445115
24 -5.171481 3.429616
22 -5.148185 2.963693
26 -5.038710 0.774200
26 -5.073429 1.468589
19 -5.157935 3.158701
18 -5.263679 5.273580
24 -5.285823 5.716457
26 -5.196419 3.928379
22 -5.189167 3.783333
17 -5.336615 6.732306
22 -5.133649 2.672983
17 -5.311039 6.220778
19 -5.119654 2.393082
12 -5.417769 8.355372
19 -5.160181 3.203627
15 -5.471909 9.438175
10 -5.025076 0.501520
24 -5.038015 0.760297
24 -5.151156 3.023125
24 -5.159152 3.183047
24 -5.451875 9.037492
17 -5.253392 5.067841
19 -5.073658 1.473163
26 -5.225638 4.512761
14 -5.396700 7.934004
21 -5.134144 2.682885
21 -5.401095 8.021907
19 -5.055079 1.101583
19 -5.489423 9.788461
26 -5.037244 0.744872
19 -5.264770 5.295407
17 -5.121526 2.430529
17 -5.264245 5.284907
18 -5.219917 4.398338
11 -5.397565 7.951303
16 -5.245380 4.907590
21 -5.285336 5.706729
17 -5.049729 0.994590
24 -5.044518 0.890367
25 -5.105721 2.114416
19 -5.053012 1.060250
26 -5.424767 8.495331
29 -5.041976 0.839523
21 -5.092801 1.856018
22 -5.151350 3.026995
22 -5.146926 2.938519
19 -5.364405 7.288098
19 -5.012086 0.241718
26 -5.088290 1.765792
17 -5.436439 8.728789
24 -5.225359 4.507186
15 -5.171269 3.425380
15 -5.205632 4.112645
15 -5.211466 4.229325
19 -5.409357 8.187133
18 -5.391582 7.831639
17 -5.203039 4.060774
17 -5.129446 2.588930
17 -5.382167 7.643340
25 -5.202568 4.051363
25 -5.059648 1.192964
26 -5.079746 1.594916
22 -5.467293 9.345857
26 -5.101567 2.031341
19 -5.218890 4.377805
24 -5.043346 0.866921
8 -5.315016 6.300317
19 -5.199693 3.993851
19 -5.436034 8.720677
28 -5.132274 2.645474
25 -5.382980 7.659600
19 -5.030089 0.601786
22 -5.187758 3.755170
24 -5.113850 2.277002
24 -5.290313 5.806266
19 -5.137074 2.741482
24 -5.190993 3.819850
24 -5.197001 3.940014
24 -5.212924 4.258488
17 -5.075983 1.519666
22 -5.109126 2.182511
24 -5.298475 5.969500
24 -5.039261 0.785216
17 -5.072458 1.449157
17 -5.446149 8.922977
26 -5.107408 2.148164
19 -5.104495 2.089904
12 -5.385368 7.707364
12 -5.126278 2.525553
24 -5.179642 3.592848
23 -5.184077 3.681537
17 -5.048220 0.964396
22 -5.013153 0.263052
19 -5.140393 2.807860
15 -5.357330 7.146602
22 -5.380722 7.614436
19 -5.126857 2.537143
19 -5.346631 6.932616
15 -5.225808 4.516160
22 -5.167559 3.351184
19 -5.140917 2.818341
19 -5.337140 6.742790
17 -5.267915 5.358307
19 -5.425764 8.515273
17 -5.398945 7.978894
26 -5.037333 0.746664
25 -5.076061 1.521219
24 -5.007843 0.156856
21 -5.160238 3.204764
24 -5.112571 2.251429
24 -5.085223 1.704458
