19 40.848228 7.163119
19 42.961329 2.360615
19 40.873804 7.104992
18 39.823451 9.492157
19 39.864443 9.398992
20 41.687058 5.256685
20 40.293492 8.423881
21 39.792051 9.563520
21 40.987808 6.845892
22 40.961815 6.904965
21 41.907114 4.756558
21 40.969189 6.888206
21 41.306525 6.121535
23 40.428038 8.118095
22 39.811177 9.520053
23 41.210457 6.339870
22 39.930169 9.249615
22 40.037164 9.006446
22 41.376132 5.963336
23 40.807991 7.254565
24 39.745278 9.669822
24 41.081620 6.632681
23 40.026748 9.030117
23 40.557935 7.822874
23 41.115350 6.556022
24 40.062432 8.949018
24 40.720102 7.454314
25 39.606831 9.984475
19 42.288907 3.888848
26 40.613897 7.695688
27 39.772678 9.607549
25 40.152347 8.744666
27 40.149619 8.750866
27 40.110355 8.840103
27 40.688513 7.526108
28 40.758671 7.366657
29 40.187533 8.664698
23 40.085915 8.895647
19 42.375372 3.692335
30 40.748679 7.389367
30 39.784415 9.580874
19 39.967159 9.165548
19 40.288553 8.435107
22 41.721026 5.179486
31 40.046139 8.986049
24 40.852897 7.152506
23 39.700705 9.771125
31 40.385047 8.215803
22 40.169796 8.705009
22 39.823269 9.492571
18 41.591877 5.473007
24 39.974045 9.149897
21 41.559024 5.547673
22 41.482807 5.720893
26 40.262160 8.495091
21 39.819534 9.501059
34 41.323801 6.082269
31 41.719270 5.183477
22 42.343557 3.764643
22 39.735828 9.691301
29 40.536573 7.871425
19 40.004512 9.080654
37 40.212946 8.606941
30 43.638577 0.821416
29 41.137288 6.506163
26 40.843708 7.173391
31 40.080664 8.907582
21 39.877184 9.370036
27 41.467494 5.755695
25 40.589037 7.752189
29 40.999219 6.819958
23 40.472960 8.016000
25 40.802478 7.267095
21 40.835226 7.192669
19 42.439455 3.546692
30 39.949413 9.205879
31 40.481908 7.995664
21 40.961137 6.906506
20 41.293370 6.151432
27 39.668999 9.843183
30 41.239268 6.274392
21 41.207210 6.347250
22 40.397414 8.187695
32 40.692153 7.517835
40 40.143055 8.765785
31 41.303854 6.127604
21 40.237901 8.550224
24 40.978973 6.865972
42 40.361324 8.269719
15 40.853894 7.150240
29 40.113808 8.832255
26 40.087775 8.891419
21 40.607164 7.710991
24 40.228607 8.571347
35 40.019069 9.047570
28 40.353009 8.288615
19 40.679634 7.546287
27 40.518315 7.912921
20 41.284079 6.172547
20 41.302050 6.131704
29 41.185288 6.397073
45 39.942520 9.221545
30 41.751582 5.110041
25 41.293842 6.150359
38 41.546010 5.577251
20 41.176842 6.416267
23 40.051810 8.973160
22 41.236296 6.281146
37 39.779167 9.592802
20 41.721486 5.178440
23 41.051842 6.700359
32 40.193114 8.652014
26 40.138286 8.776622
20 42.604326 3.171986
29 39.725451 9.714885
29 42.092232 4.335836
24 40.433808 8.104982
25 41.099031 6.593111
30 40.274027 8.468122
26 39.907224 9.301764
26 39.891961 9.336451
29 39.957890 9.186613
23 40.036519 9.007911
27 39.733284 9.697083
25 40.866973 7.120516
26 39.681354 9.815104
25 40.415790 8.145932
28 40.125414 8.805877
25 39.842206 9.449531
29 39.624716 9.943828
23 41.373567 5.969166
25 39.744541 9.671499
23 40.173046 8.697624
18 39.929980 9.250047
31 40.330365 8.340079
29 40.033099 9.015683
27 40.236161 8.554180
24 41.107904 6.572946
29 40.046253 8.985788
29 39.801876 9.541191
31 40.007819 9.073139
24 39.905448 9.305800
21 40.435875 8.100283
32 41.153821 6.468589
29 40.603088 7.720254
25 39.970092 9.158882
24 40.931515 6.973830
34 40.574058 7.786232
28 40.204845 8.625353
27 39.752097 9.654326
17 41.459321 5.774269
29 41.297959 6.141001
27 39.675289 9.828888
31 39.852398 9.426368
30 40.748750 7.389203
26 40.056597 8.962279
19 40.000601 9.089542
24 39.607403 9.983174
25 39.985550 9.123751
35 39.702698 9.766596
33 40.169130 8.706523
34 39.722612 9.721336
25 41.688592 5.253201
31 40.858244 7.140355
26 39.801300 9.542501
29 42.304114 3.854286
33 40.314594 8.375923
26 41.634889 5.375251
22 41.038624 6.730400
21 40.979459 6.864866
28 40.417183 8.142765
31 40.585058 7.761233
35 39.861992 9.404563
31 39.919142 9.274677
37 39.917967 9.277349
38 39.912536 9.289690
23 40.707654 7.482604
33 40.001419 9.087685
22 40.533791 7.877747
27 40.719391 7.455929
25 39.794954 9.556922
25 40.115043 8.829448
25 39.771717 9.609735
25 41.047998 6.709095
25 41.236648 6.280346
22 40.286738 8.439232
24 40.806041 7.258997
24 40.072785 8.925489
31 39.642726 9.902895
30 39.802895 9.538875
30 40.934014 6.968151
30 39.933267 9.242574
41 40.221400 8.587728
28 40.547862 7.845767
32 39.905131 9.306520
32 40.508123 7.936084
34 41.461283 5.769810
41 39.752525 9.653353
37 41.519222 5.638133
39 40.531499 7.882957
