22 -3.313980 5.681816
24 -3.238039 3.260069
25 -3.258049 3.898178
26 -3.224215 2.819235
25 -3.313980 5.681816
26 -3.309209 5.529672
27 -3.313980 5.681816
27 -3.313980 5.681816
28 -3.330121 6.196562
28 -3.305562 5.413363
28 -3.180740 1.432839
29 -3.313980 5.681816
29 -3.406775 8.641010
29 -3.313980 5.681816
29 -3.164494 0.914740
29 -3.162991 0.866819
29 -3.320509 5.890028
31 -3.244578 3.468604
31 -3.192703 1.814331
31 -3.313980 5.681817
32 -3.219402 2.665764
32 -3.313980 5.681816
32 -3.285420 4.771051
25 -3.313980 5.681816
26 -3.313980 5.681816
34 -3.313980 5.681816
27 -3.389606 8.093510
28 -3.280120 4.602021
35 -3.274439 4.420864
35 -3.313980 5.681816
36 -3.435444 9.555261
35 -3.242589 3.405167
26 -3.364379 7.289038
30 -3.181742 1.464794
36 -3.313980 5.681816
29 -3.213571 2.479808
29 -3.252321 3.715537
39 -3.175686 1.271677
36 -3.321351 5.916875
39 -3.313980 5.681822
40 -3.161683 0.825118
39 -3.313981 5.681840
41 -3.347055 6.736574
34 -3.240538 3.339763
29 -3.212677 2.451278
44 -3.314980 5.713690
44 -3.313980 5.681816
29 -3.233004 3.099521
44 -3.287287 4.830576
32 -3.339036 6.480834
34 -3.368233 7.411942
44 -3.313980 5.681819
45 -3.188475 1.679499
46 -3.313980 5.681804
44 -3.432187 9.451390
37 -3.397354 8.340582
30 -3.195812 1.913471
26 -3.290145 4.921727
29 -3.313980 5.681816
25 -3.302966 5.330587
37 -3.207744 2.293969
35 -3.313980 5.681816
30 -3.244430 3.463872
34 -3.210024 2.366690
47 -3.358774 7.110278
50 -3.313980 5.681811
50 -3.313980 5.681816
33 -3.313980 5.681816
30 -3.313980 5.681816
24 -3.313980 5.681816
28 -3.243866 3.445893
26 -3.313980 5.681816
51 -3.436084 9.575668
37 -3.226254 2.884272
34 -3.373044 7.565339
40 -3.206932 2.268074
25 -3.337409 6.428971
47 -3.421233 9.102095
31 -3.330734 6.216106
38 -3.440422 9.713999
38 -3.234941 3.161298
44 -3.313980 5.681816
43 -3.365062 7.310794
29 -3.313980 5.681816
33 -3.218272 2.629722
36 -3.313980 5.681816
36 -3.313980 5.681816
30 -3.161062 0.805311
36 -3.286922 4.818951
28 -3.439674 9.690151
26 -3.327283 6.106046
51 -3.313980 5.681817
40 -3.232872 3.095306
28 -3.206455 2.252869
56 -3.313980 5.681816
43 -3.281085 4.632792
32 -3.285387 4.769999
27 -3.267729 4.206886
41 -3.313980 5.681816
37 -3.160674 0.792948
31 -3.311092 5.589706
24 -3.313980 5.681816
33 -3.313980 5.681816
32 -3.313980 5.681816
31 -3.313980 5.681816
34 -3.313980 5.681816
26 -3.313980 5.681816
26 -3.345246 6.678874
32 -3.313980 5.681816
41 -3.313980 5.681816
29 -3.347684 6.756614
33 -3.313980 5.681816
36 -3.329967 6.191640
37 -3.313980 5.681816
35 -3.313980 5.681816
29 -3.405361 8.595932
44 -3.392369 8.181617
29 -3.301139 5.272305
31 -3.238667 3.280115
26 -3.313980 5.681816
31 -3.313980 5.681816
37 -3.195581 1.906110
33 -3.313980 5.681816
47 -3.313980 5.681816
22 -3.415358 8.914722
24 -3.169239 1.066077
28 -3.188974 1.695406
36 -3.336614 6.403613
38 -3.313980 5.681816
36 -3.390203 8.112546
34 -3.385455 7.961142
52 -3.333707 6.310916
33 -3.332435 6.270341
41 -3.147705 0.379352
50 -3.339888 6.508024
37 -3.316720 5.769208
28 -3.440145 9.705174
26 -3.155736 0.635475
36 -3.185042 1.570031
34 -3.208178 2.307814
27 -3.313980 5.681816
47 -3.318169 5.815398
25 -3.433995 9.509073
44 -3.400336 8.435694
33 -3.330747 6.216500
29 -3.313980 5.681816
30 -3.205245 2.214282
36 -3.199953 2.045528
39 -3.165565 0.948896
25 -3.431395 9.426158
35 -3.410294 8.753235
39 -3.313980 5.681816
46 -3.313980 5.681811
26 -3.313980 5.681816
33 -3.313980 5.681816
36 -3.219111 2.656467
31 -3.244480 3.465494
28 -3.313980 5.681816
31 -3.408711 8.702748
31 -3.303334 5.342310
36 -3.146966 0.355800
37 -3.313980 5.681818
34 -3.402302 8.498380
25 -3.317760 5.802345
23 -3.207631 2.290378
27 -3.152933 0.546092
24 -3.372496 7.547866
42 -3.181999 1.472977
48 -3.239685 3.312556
33 -3.177715 1.336381
44 -3.313980 5.681816
28 -3.253438 3.751155
46 -3.312168 5.624019
41 -3.303996 5.363420
42 -3.313980 5.681815
34 -3.313980 5.681816
30 -3.362757 7.237302
34 -3.179504 1.393410
27 -3.313980 5.681816
31 -3.251291 3.682692
30 -3.313980 5.681816
29 -3.313980 5.681816
31 -3.313980 5.681816
28 -3.313980 5.681816
30 -3.159320 0.749754
35 -3.331985 6.255974
42 -3.313980 5.681816
35 -3.299118 5.207867
39 -3.313980 5.681816
34 -3.432220 9.452449
35 -3.313980 5.681816
36 -3.193393 1.836333
37 -3.182409 1.486063
47 -3.313980 5.681816
70 -3.419154 9.035795
44 -3.313980 5.681816
45 -3.313980 5.681816
48 -3.313980 5.681816
58 -3.284079 4.728270
64 -3.417705 8.989584
