7 -39.456859 3.293641
8 -41.957054 9.838873
8 -40.677149 6.488223
8 -41.993384 9.933979
8 -41.683146 9.121813
8 -40.784706 6.769796
8 -41.264021 8.024589
8 -41.527138 8.713401
8 -41.320305 8.171935
9 -38.788240 1.543271
9 -41.082217 7.548646
9 -40.585532 6.248380
9 -39.697280 3.923037
9 -41.879276 9.635257
7 -40.356485 5.648762
9 -39.897988 4.448469
7 -38.435857 0.620773
9 -39.473430 3.337022
9 -40.200221 5.239680
11 -39.497139 3.399091
11 -39.682115 3.883337
11 -41.020937 7.388224
7 -40.633950 6.375135
11 -40.481494 5.976020
11 -41.370294 8.302801
11 -38.925948 1.903776
11 -39.638026 3.767917
11 -40.196824 5.230787
11 -41.751143 9.299820
11 -39.021335 2.153488
11 -38.909410 1.860480
12 -41.401760 8.385173
12 -41.459810 8.537144
12 -38.356471 0.412948
12 -38.513067 0.822900
12 -40.703166 6.556333
12 -39.837010 4.288835
9 -40.784255 6.768617
12 -38.544842 0.906082
12 -39.425342 3.211134
12 -42.002346 9.957441
12 -39.501131 3.409542
8 -40.281938 5.453605
9 -38.387779 0.494909
9 -39.927751 4.526383
12 -39.100762 2.361420
12 -39.445687 3.264394
8 -39.267044 2.796727
12 -38.833135 1.660803
12 -39.337974 2.982413
12 -39.853191 4.331195
12 -39.410900 3.173327
9 -38.847810 1.699219
11 -40.206163 5.255237
13 -38.627217 1.121732
7 -41.223509 7.918534
12 -41.445798 8.500462
13 -41.246563 7.978887
8 -41.529993 8.720875
7 -41.590664 8.879704
13 -39.547892 3.531955
9 -39.715481 3.970685
12 -40.456642 5.910962
9 -41.455385 8.525558
8 -39.221499 2.677495
8 -38.567814 0.966221
7 -38.671305 1.237150
12 -39.283054 2.838639
11 -40.772162 6.736957
11 -41.170587 7.779990
8 -41.882061 9.642550
12 -41.907695 9.709656
9 -41.219331 7.907595
8 -39.179549 2.567676
12 -39.796124 4.181799
9 -40.741032 6.655464
9 -41.634232 8.993761
8 -41.014995 7.372666
12 -39.039088 2.199964
11 -41.209095 7.880798
8 -38.401781 0.531565
16 -38.909694 1.861225
9 -40.543705 6.138883
13 -40.069966 4.898687
8 -41.789230 9.399529
11 -41.020775 7.387800
11 -40.261542 5.400212
11 -41.386141 8.344287
9 -41.389275 8.352489
12 -41.020354 7.386696
12 -41.019736 7.385077
12 -40.543140 6.137403
12 -40.511766 6.055269
12 -40.888133 7.040557
11 -39.234977 2.712778
11 -41.418951 8.430178
8 -39.471341 3.331555
13 -40.503413 6.033403
11 -39.519212 3.456873
8 -40.886758 7.036956
9 -41.375321 8.315961
9 -38.400868 0.529175
9 -39.804288 4.203172
12 -41.377396 8.321393
12 -39.153489 2.499454
9 -39.378193 3.087703
11 -39.586388 3.632733
13 -39.938219 4.553788
9 -40.747594 6.672641
12 -38.697015 1.304455
7 -39.131353 2.441503
12 -39.307067 2.901503
7 -41.986440 9.915801
9 -38.810835 1.602423
11 -39.349754 3.013253
13 -38.792289 1.553872
15 -40.475976 5.961575
11 -41.557296 8.792350
9 -40.548358 6.151063
8 -39.009031 2.121277
13 -41.099008 7.592603
8 -41.308921 8.142132
11 -39.211877 2.652307
9 -40.179809 5.186243
11 -39.300398 2.884044
7 -39.381571 3.096546
9 -41.758459 9.318973
13 -39.174810 2.555270
11 -40.575629 6.222455
12 -39.482227 3.360051
11 -41.711573 9.196230
8 -41.821839 9.484893
11 -40.150813 5.110334
12 -39.759085 4.084835
9 -40.484636 5.984245
7 -38.679267 1.257993
12 -41.485779 8.605126
7 -41.988722 9.921774
16 -39.525083 3.472244
11 -39.135754 2.453024
11 -38.874969 1.770318
12 -39.044574 2.214325
12 -40.760499 6.706424
13 -39.376530 3.083348
11 -40.981130 7.284012
11 -39.907850 4.474287
11 -41.267862 8.034644
12 -38.584582 1.010117
13 -38.526235 0.857372
11 -39.530611 3.486715
7 -39.299706 2.882233
8 -41.024416 7.397331
12 -39.591522 3.646173
8 -40.479518 5.970849
9 -40.967293 7.247788
8 -41.425133 8.446362
9 -39.199761 2.620588
12 -39.318848 2.932343
12 -41.150396 7.727132
13 -40.916977 7.116067
9 -41.680775 9.115604
12 -40.320414 5.554332
13 -39.120853 2.414015
9 -41.630490 8.983963
13 -40.240960 5.346331
12 -41.147348 7.719152
11 -39.890685 4.429350
9 -39.640119 3.773394
13 -39.453954 3.286035
12 -41.999494 9.949975
11 -41.618987 8.953852
11 -38.855212 1.718596
15 -38.829353 1.650901
11 -41.167774 7.772625
12 -41.455973 8.527099
11 -38.392578 0.507474
11 -39.484627 3.366335
12 -39.137152 2.456683
12 -39.092838 2.340674
11 -39.699646 3.929230
11 -39.476253 3.344413
12 -39.275961 2.820070
11 -41.405224 8.394244
15 -38.759197 1.467241
12 -38.591106 1.027196
11 -40.204312 5.250389
11 -41.782613 9.382204
12 -40.545209 6.142819
15 -40.036799 4.811859
12 -40.217490 5.284889
13 -38.642147 1.160818
12 -39.591603 3.646387
12 -38.337189 0.362470
17 -40.503043 6.032435
13 -38.981263 2.048584
13 -39.095351 2.347254
15 -38.856962 1.723179
17 -40.769488 6.729957
17 -40.635433 6.379017
15 -40.883957 7.029625
