25 -3.250730 3.664778
26 -3.242282 3.395392
26 -3.310479 5.570170
27 -3.313980 5.681816
27 -3.209089 2.336887
28 -3.221241 2.724392
28 -3.313980 5.681816
28 -3.313980 5.681816
28 -3.229754 2.995888
29 -3.171945 1.152356
29 -3.373569 7.582107
30 -3.313980 5.681816
30 -3.259090 3.931382
31 -3.313980 5.681816
31 -3.261820 4.018460
31 -3.240207 3.329215
32 -3.313980 5.681816
30 -3.313980 5.681816
33 -3.313980 5.681816
33 -3.313980 5.681816
34 -3.345084 6.673729
22 -3.313980 5.681816
32 -3.313980 5.681816
22 -3.313980 5.681816
34 -3.148742 0.412423
27 -3.285471 4.772660
35 -3.313109 5.654050
35 -3.313980 5.681816
34 -3.313980 5.681816
30 -3.313980 5.681816
36 -3.232445 3.081678
37 -3.279276 4.575122
26 -3.281141 4.634604
37 -3.313980 5.681816
36 -3.191818 1.786120
37 -3.313980 5.681816
22 -3.264362 4.099528
39 -3.313980 5.681816
31 -3.316729 5.769480
36 -3.279097 4.569399
39 -3.213598 2.480663
25 -3.313980 5.681816
41 -3.228878 2.967929
41 -3.316688 5.768164
35 -3.313980 5.681816
40 -3.313980 5.681811
40 -3.207269 2.278849
28 -3.238979 3.290060
32 -3.144466 0.276056
27 -3.372501 7.548028
25 -3.235093 3.166136
27 -3.313980 5.681816
41 -3.226829 2.902586
33 -3.434476 9.524390
39 -3.306782 5.452264
44 -3.407859 8.675573
27 -3.240715 3.345433
47 -3.313980 5.681816
46 -3.313980 5.681816
39 -3.313980 5.681816
28 -3.260115 3.964072
29 -3.271593 4.330122
41 -3.258591 3.915487
35 -3.265497 4.135700
37 -3.313980 5.681816
33 -3.242497 3.402249
25 -3.263109 4.059540
29 -3.428004 9.317998
34 -3.359267 7.126014
31 -3.167730 1.017933
44 -3.206807 2.264115
29 -3.313980 5.681816
31 -3.305696 5.417645
30 -3.248774 3.602413
34 -3.176592 1.300563
40 -3.421118 9.098411
30 -3.233703 3.121801
52 -3.276522 4.487282
35 -3.340620 6.531364
28 -3.221161 2.721833
34 -3.300066 5.238117
51 -3.142113 0.201027
31 -3.243197 3.424554
44 -3.313980 5.681816
40 -3.313980 5.681816
42 -3.278605 4.553731
43 -3.313980 5.681816
34 -3.313980 5.681816
39 -3.288379 4.865401
37 -3.198093 1.986224
25 -3.367141 7.377094
48 -3.204219 2.181571
51 -3.189297 1.705719
46 -3.251171 3.678871
27 -3.313980 5.681816
43 -3.221598 2.735792
35 -3.204284 2.183631
33 -3.313980 5.681816
26 -3.183069 1.507092
27 -3.266010 4.152055
37 -3.275467 4.453658
25 -3.439103 9.671961
33 -3.313980 5.681816
30 -3.297039 5.141563
28 -3.419645 9.051449
39 -3.313980 5.681816
33 -3.207014 2.270701
32 -3.251572 3.691649
33 -3.180101 1.412471
33 -3.185047 1.570177
35 -3.313980 5.681816
30 -3.174382 1.230088
33 -3.293146 5.017434
27 -3.229940 3.001806
33 -3.313980 5.681816
32 -3.313980 5.681816
29 -3.313980 5.681816
27 -3.446947 9.922102
31 -3.313980 5.681816
29 -3.313980 5.681816
35 -3.313980 5.681816
25 -3.337801 6.441471
40 -3.279834 4.592908
35 -3.313980 5.681816
31 -3.180471 1.424242
29 -3.313980 5.681816
32 -3.399067 8.395228
36 -3.313980 5.681816
48 -3.313980 5.681816
44 -3.313980 5.681816
33 -3.167311 1.004575
26 -3.313980 5.681816
49 -3.309583 5.541588
28 -3.288956 4.883801
35 -3.305557 5.413209
33 -3.399733 8.416456
26 -3.213244 2.469372
31 -3.313980 5.681816
50 -3.286012 4.789930
35 -3.313980 5.681816
42 -3.287342 4.832336
27 -3.313980 5.681816
47 -3.442464 9.779140
27 -3.200974 2.078086
43 -3.436356 9.584341
35 -3.171690 1.144237
25 -3.313980 5.681816
29 -3.302072 5.302083
30 -3.392541 8.187107
27 -3.196703 1.941895
31 -3.255887 3.829254
37 -3.313980 5.681816
27 -3.181508 1.457331
34 -3.313980 5.681816
28 -3.150868 0.480232
28 -3.313980 5.681816
42 -3.313980 5.681816
27 -3.401866 8.484459
29 -3.206976 2.269496
27 -3.300294 5.245389
33 -3.313980 5.681816
35 -3.188755 1.688422
29 -3.313980 5.681816
31 -3.313980 5.681816
31 -3.210639 2.386290
30 -3.313980 5.681816
33 -3.214983 2.524827
31 -3.236866 3.222661
41 -3.313980 5.681816
32 -3.313980 5.681816
30 -3.287168 4.826774
27 -3.348522 6.783334
30 -3.195088 1.890390
42 -3.313980 5.681816
33 -3.312816 5.644690
50 -3.313980 5.681817
44 -3.278548 4.551890
36 -3.394588 8.252386
32 -3.264101 4.091176
53 -3.241551 3.372089
49 -3.434823 9.535452
60 -3.313980 5.681816
35 -3.418081 9.001570
36 -3.194131 1.859880
37 -3.357575 7.072041
63 -3.419742 9.054547
39 -3.313980 5.681816
42 -3.313980 5.681816
40 -3.425609 9.241632
44 -3.246934 3.543736
45 -3.313980 5.681816
43 -3.223600 2.799633
51 -3.313980 5.681816
45 -3.313980 5.681816
52 -3.262634 4.044422
66 -3.431314 9.423565
49 -3.313980 5.681819
48 -3.241165 3.359765
62 -3.313980 5.681816
68 -3.378515 7.739805
