7 -39.088291 2.328773
7 -41.970976 9.875318
7 -40.463114 5.927904
7 -40.472800 5.953262
7 -40.686904 6.513761
8 -41.718777 9.215090
8 -39.269305 2.802645
8 -40.601591 6.290421
8 -41.822193 9.485820
9 -38.824506 1.638212
9 -41.684035 9.124138
9 -39.143740 2.473930
9 -40.827560 6.881984
9 -41.284819 8.079037
9 -39.839085 4.294265
10 -41.487091 8.608562
10 -38.950357 1.967675
10 -38.779594 1.520639
10 -39.789241 4.163779
8 -40.092063 4.956535
10 -40.984066 7.291699
10 -38.630671 1.130773
9 -39.963531 4.620051
10 -39.079069 2.304630
10 -40.307853 5.521448
10 -39.130047 2.438085
10 -39.116662 2.403043
11 -41.138599 7.696250
10 -38.970109 2.019385
11 -39.137596 2.457846
7 -41.646603 9.026147
11 -41.105428 7.609411
10 -40.801180 6.812923
11 -39.678660 3.874291
11 -40.741178 6.655846
11 -40.228624 5.314036
11 -39.061134 2.257678
11 -40.387879 5.730948
9 -41.402870 8.388081
12 -39.458772 3.298649
12 -38.827361 1.645686
12 -39.590107 3.642470
12 -40.886293 7.035739
12 -40.054301 4.857677
12 -40.887596 7.039150
9 -39.030247 2.176820
8 -41.929178 9.765895
12 -38.734123 1.401601
12 -38.710760 1.340437
12 -39.156251 2.506684
12 -39.231192 2.702870
8 -40.838474 6.910556
8 -39.727996 4.003448
13 -38.265324 0.174336
11 -41.450283 8.512203
10 -40.753460 6.687998
10 -40.982759 7.288276
8 -41.735902 9.259920
9 -38.839635 1.677818
13 -38.609819 1.076186
9 -41.772869 9.356696
8 -40.265493 5.410555
13 -41.982660 9.905905
9 -41.587061 8.870273
9 -41.160270 7.752982
8 -41.001124 7.336355
11 -40.115941 5.019045
13 -39.037790 2.196567
10 -40.442947 5.875109
10 -41.261020 8.016734
8 -39.689341 3.902254
7 -39.185239 2.582570
8 -41.740164 9.271079
14 -38.710851 1.340676
9 -39.705578 3.944759
10 -38.939774 1.939971
11 -39.325817 2.950587
12 -40.768795 6.728143
8 -41.945046 9.807435
8 -38.583192 1.006480
10 -38.466282 0.700423
13 -39.094830 2.345890
10 -41.382429 8.334568
10 -41.948527 9.816549
10 -39.559846 3.563250
7 -41.458418 8.533498
10 -41.021476 7.389634
9 -38.572450 0.978356
9 -41.717957 9.212943
12 -39.088872 2.330291
9 -39.159405 2.514940
10 -41.353819 8.259669
10 -41.766872 9.340996
7 -38.940908 1.942940
11 -40.093986 4.961570
12 -40.606395 6.302998
11 -38.808714 1.596870
8 -41.848665 9.555122
10 -41.065612 7.505177
10 -39.994226 4.700408
10 -38.698883 1.309346
17 -39.334408 2.973079
10 -38.453121 0.665967
13 -41.082553 7.549526
10 -40.413934 5.799156
13 -38.595137 1.037750
11 -40.295453 5.488987
10 -38.967096 2.011497
9 -39.727818 4.002980
8 -40.092103 4.956638
8 -39.595373 3.656256
11 -39.117834 2.406112
11 -40.781121 6.760410
13 -38.509639 0.813925
8 -40.376323 5.700697
11 -41.124210 7.658580
11 -41.092833 7.576439
8 -40.295193 5.488305
12 -38.962622 1.999784
9 -39.836658 4.287913
12 -39.190837 2.597226
10 -38.939750 1.939908
13 -40.964099 7.239426
7 -41.959356 9.844900
11 -39.728618 4.005075
12 -41.303785 8.128687
10 -39.279196 2.828539
12 -39.885785 4.416521
11 -41.358158 8.271028
9 -39.680708 3.879652
9 -41.184713 7.816971
10 -40.188016 5.207729
11 -38.478597 0.732662
14 -38.629116 1.126702
14 -38.407399 0.546271
13 -40.590133 6.260425
7 -39.107841 2.379952
9 -38.496108 0.778502
11 -39.979890 4.662878
10 -40.903249 7.080129
10 -40.319402 5.551681
11 -39.748622 4.057444
12 -39.556508 3.554510
9 -40.380891 5.712654
13 -39.132015 2.443237
10 -39.884214 4.412408
8 -41.284182 8.077368
12 -39.084202 2.318067
12 -38.622423 1.109182
12 -39.390890 3.120943
11 -39.344835 3.000376
11 -38.981204 2.048429
14 -38.629663 1.128134
11 -40.319720 5.552514
12 -38.980611 2.046877
8 -41.549517 8.771985
15 -38.690942 1.288555
10 -39.045914 2.217833
9 -40.993341 7.315980
12 -40.282636 5.455432
11 -39.421134 3.200117
9 -41.676478 9.104357
10 -41.402434 8.386938
12 -39.818837 4.241258
12 -38.982226 2.051105
9 -40.213254 5.273798
11 -41.002588 7.340188
13 -40.459466 5.918354
12 -39.165356 2.530520
8 -41.175929 7.793975
9 -41.761619 9.327246
10 -39.557412 3.556879
13 -38.481333 0.739825
9 -41.387419 8.347631
10 -41.671779 9.092054
11 -41.175414 7.792625
9 -39.632059 3.752296
8 -41.091007 7.571657
11 -39.281786 2.835319
11 -41.829204 9.504176
10 -39.523325 3.467641
9 -41.742988 9.278471
12 -40.287916 5.469257
12 -39.778836 4.136542
11 -41.332691 8.204360
10 -41.423121 8.441096
10 -39.047923 2.223093
12 -38.713322 1.347144
13 -39.012754 2.131024
18 -40.666327 6.459894
12 -40.062821 4.879983
12 -39.089894 2.332969
13 -38.922261 1.894124
11 -41.240939 7.964162
11 -41.103585 7.604586
13 -38.681738 1.264461
13 -40.478409 5.967945
12 -41.079193 7.540730
13 -40.721844 6.605231
14 -41.000110 7.333700
