16 -1.012520 6.186598
17 -1.047619 9.867566
18 -1.032789 8.312346
18 -1.048622 9.972808
18 -1.026738 7.677750
19 -1.045787 9.675452
19 -1.017869 6.747607
20 -0.975980 2.354554
20 -0.987485 3.561152
20 -0.995903 4.443977
20 -1.025711 7.570000
22 -1.039074 8.971470
22 -1.038426 8.903419
22 -0.999049 4.773884
22 -1.001015 4.980077
23 -0.958259 0.496053
23 -1.018461 6.809720
23 -1.035611 8.608225
23 -1.009043 5.821922
23 -0.974468 2.195978
23 -0.981278 2.910107
23 -1.042512 9.332019
23 -0.977129 2.475059
24 -0.983438 3.136676
24 -0.964217 1.120949
24 -1.017158 6.672998
24 -0.968369 1.556378
24 -1.008244 5.738203
24 -0.996005 4.454675
24 -0.977935 2.559528
24 -0.980691 2.848581
25 -0.980730 2.852717
25 -0.970209 1.749304
25 -0.977125 2.474573
26 -0.988391 3.656135
26 -0.967271 1.441209
26 -1.028060 7.816325
26 -1.006212 5.525052
28 -0.983823 3.177007
28 -1.008788 5.795212
28 -0.965197 1.223716
28 -1.000959 4.974123
29 -0.980910 2.871584
29 -0.971254 1.858866
29 -0.963794 1.076571
29 -0.963319 1.026694
30 -1.013211 6.259086
22 -1.012958 6.232578
32 -0.966428 1.352756
19 -1.038535 8.914911
25 -0.973281 2.071451
25 -1.012310 6.164609
22 -0.963977 1.095716
23 -0.997096 4.568993
20 -1.027935 7.803248
24 -0.966051 1.313285
26 -0.977858 2.551480
20 -0.998878 4.755967
28 -1.013601 6.300026
25 -0.964087 1.107263
23 -1.034866 8.530147
22 -1.015458 6.494728
23 -0.978276 2.595284
20 -0.997717 4.634202
28 -0.994462 4.292809
26 -0.997396 4.600487
26 -1.006575 5.563181
20 -0.981080 2.889374
19 -1.034512 8.492983
25 -1.000040 4.877810
26 -0.996808 4.538805
26 -0.984286 3.225590
26 -0.961508 0.836772
26 -0.984744 3.273614
23 -1.034323 8.473147
24 -1.005502 5.450634
28 -0.960918 0.774914
26 -0.978297 2.597476
23 -0.992186 4.054098
29 -0.964372 1.137186
29 -0.971373 1.871378
23 -1.008065 5.719403
28 -0.970267 1.755338
29 -1.005470 5.447203
29 -0.965497 1.255119
24 -0.995689 4.421538
29 -0.959196 0.594339
26 -0.971243 1.857790
25 -1.016334 6.586551
26 -0.965645 1.270647
28 -0.963306 1.025345
29 -0.964545 1.155259
26 -0.977436 2.507179
19 -0.977127 2.474814
20 -1.041034 9.176957
25 -0.991346 3.966070
34 -1.003312 5.220947
19 -1.029816 8.000503
25 -1.022525 7.235922
28 -0.985106 3.311626
24 -0.995946 4.448416
19 -0.979522 2.726026
24 -1.023336 7.320879
19 -0.957259 0.391190
30 -0.976583 2.417791
29 -1.027391 7.746154
24 -1.018043 6.765850
19 -1.015688 6.518902
30 -1.027022 7.707456
20 -0.972598 1.999832
18 -1.011912 6.122802
24 -1.032083 8.238239
30 -0.958430 0.513973
19 -1.045541 9.649641
27 -0.979808 2.755953
30 -1.007986 5.711091
23 -0.981665 2.950731
26 -0.979856 2.761054
25 -1.000935 4.971693
22 -1.006763 5.582879
28 -0.964656 1.166905
28 -0.991370 3.968558
25 -0.966541 1.364596
25 -0.991524 3.984716
25 -0.983065 3.097512
29 -0.968443 1.564148
24 -1.042344 9.314361
24 -1.035292 8.574827
22 -1.034853 8.528736
30 -0.968673 1.588187
22 -1.038986 8.962152
29 -0.966989 1.411660
20 -1.043302 9.414884
30 -0.957303 0.395843
29 -0.957876 0.455871
28 -0.973065 2.048817
30 -0.976831 2.443790
32 -0.980446 2.822875
31 -0.971600 1.895143
28 -0.966682 1.379467
19 -1.041022 9.175767
24 -0.994830 4.331401
30 -0.964477 1.148221
18 -1.013900 6.331322
14 -1.008184 5.731875
24 -1.011664 6.096818
23 -0.971442 1.878579
29 -0.977357 2.498956
25 -1.048061 9.913945
20 -1.040117 9.080835
28 -0.994653 4.312849
25 -0.958606 0.532415
18 -0.972384 1.977434
28 -0.974696 2.219849
30 -0.977261 2.488884
24 -0.995789 4.431938
29 -0.993468 4.188588
24 -1.000581 4.934500
22 -0.990250 3.851032
31 -0.968078 1.525782
22 -1.039603 9.026907
20 -1.030285 8.049744
23 -1.038888 8.951880
25 -1.010036 5.926137
29 -0.971367 1.870755
26 -1.029655 7.983649
28 -1.006079 5.511117
20 -0.981277 2.910032
26 -0.973044 2.046608
24 -1.027820 7.791169
25 -0.981784 2.963223
26 -0.995926 4.446300
28 -0.969188 1.642250
25 -1.000770 4.954305
26 -0.981552 2.938933
20 -1.000629 4.939585
25 -0.970583 1.788524
22 -1.027067 7.712201
24 -0.980081 2.784578
29 -0.961854 0.873077
25 -0.967278 1.441956
20 -0.997875 4.650699
20 -1.025105 7.506431
28 -1.006199 5.523718
22 -0.990487 3.875971
26 -0.966814 1.393301
24 -0.963733 1.070119
23 -1.043321 9.416834
29 -1.032660 8.298748
28 -0.989239 3.745097
23 -0.984845 3.284195
32 -0.973728 2.118311
30 -1.000622 4.938825
28 -1.042079 9.286537
23 -0.990764 3.904933
25 -1.026298 7.631575
25 -1.022060 7.187158
25 -0.982007 2.986650
25 -0.998549 4.721397
199 -0.955449 0.201373
