11 3155.764988 4.370758
11 3013.097485 8.694016
11 3169.084310 3.967142
11 3181.432758 3.592947
11 3187.793878 3.400186
11 3296.207304 0.114930
13 3077.209523 6.751227
12 3000.569961 9.073638
12 2987.415426 9.472260
13 3260.074700 1.209858
13 3005.372147 8.928117
13 3053.172824 7.479611
13 3194.078115 3.209754
13 3045.832051 7.702059
13 3092.305586 6.293770
13 3223.277474 2.324925
13 3010.116673 8.784343
13 2998.733085 9.129300
12 3200.933478 3.002016
13 3189.106254 3.360417
12 3175.582286 3.770234
13 3203.847102 2.913724
12 3275.623576 0.738680
15 2988.538401 9.438230
14 3237.931490 1.880864
11 3107.409909 5.836063
14 3256.119415 1.329715
14 3297.855901 0.064973
13 3144.192217 4.721448
15 3216.540556 2.529074
15 3292.061918 0.240548
15 3050.226499 7.568894
14 3281.036169 0.574662
13 3278.175825 0.661339
13 3283.276642 0.506768
14 3269.266917 0.931306
14 3280.184992 0.600455
15 3068.221728 7.023584
14 3242.013399 1.757170
15 3034.780955 8.036941
15 3025.709501 8.311833
13 3159.567730 4.255523
16 3123.574367 5.346231
15 3168.338474 3.989743
13 2998.673273 9.131113
16 3293.446886 0.198579
12 3260.532926 1.195972
17 3298.166811 0.055551
11 3112.530160 5.680904
17 3276.642821 0.707793
15 3193.297735 3.233402
17 3208.465483 2.773773
13 3171.694306 3.888051
14 3293.415514 0.199530
13 3182.508421 3.560351
14 3296.376455 0.109804
18 3134.223417 5.023533
19 3137.766365 4.916171
14 3282.605409 0.527109
19 3124.230949 5.326335
12 3045.915215 7.699539
15 3224.106700 2.299797
13 3228.362903 2.170821
15 3096.152159 6.177207
11 3120.649882 5.434852
17 3288.604978 0.345304
17 3253.573632 1.406860
15 2996.266375 9.204049
13 3006.417388 8.896443
15 3269.151407 0.934806
15 2998.793369 9.127474
14 3298.785660 0.036798
14 3278.205083 0.660452
12 3231.178002 2.085515
14 3299.054983 0.028637
13 3074.658561 6.828528
15 3261.892276 1.154780
16 3274.102052 0.784786
17 3131.627987 5.102182
13 3230.678911 2.100639
22 3107.330413 5.838472
15 3299.261288 0.022385
13 3082.542553 6.589620
15 3123.937307 5.335233
16 3262.607406 1.133109
13 3141.176521 4.812833
17 3193.322228 3.232660
11 2990.227813 9.387036
13 3228.286731 2.173129
13 3177.902848 3.699914
17 3296.668431 0.100957
15 3214.732567 2.583862
16 3284.008783 0.484582
17 3285.624576 0.435619
15 3096.177356 6.176444
14 3080.878801 6.640036
15 3213.316005 2.626788
14 3154.027084 4.423422
13 3071.311779 6.929946
14 3281.710406 0.554230
15 3115.816069 5.581331
15 3039.854565 7.883195
16 3268.656093 0.949815
15 3102.806845 5.975550
19 3173.842680 3.822949
16 3297.367743 0.079765
15 3155.949483 4.365167
15 3038.000311 7.939385
15 3153.815889 4.429822
14 3103.179888 5.964246
15 3077.041611 6.756315
13 2992.245927 9.325881
12 3269.528815 0.923369
18 3284.523630 0.468981
15 2973.255229 9.901357
17 3295.022606 0.150830
17 3259.744813 1.219854
17 3278.195918 0.660730
18 3289.135949 0.329214
14 3286.041344 0.422990
15 3176.003944 3.757456
15 3159.769386 4.249413
12 3153.891819 4.427521
16 3086.986467 6.454956
13 3167.109322 4.026990
15 2985.396877 9.533428
17 3202.550012 2.953030
18 3254.529251 1.377901
13 3069.945326 6.971354
16 3247.454495 1.592288
19 3294.988806 0.151854
19 3178.325921 3.687093
13 3275.037755 0.756432
13 3038.320948 7.929668
13 3220.134881 2.420155
15 3293.001857 0.212065
11 3169.117407 3.966139
14 3271.235212 0.871660
17 3279.285710 0.627706
17 3297.380101 0.079391
15 3264.124851 1.087126
16 3221.496392 2.378897
12 3130.758419 5.128533
15 3099.164394 6.085927
13 3267.493505 0.985045
15 3145.554084 4.680179
13 3295.496647 0.136465
19 3269.205770 0.933158
13 2995.541374 9.226019
12 3180.387151 3.624632
15 2979.122830 9.723551
16 3281.568754 0.558523
15 3238.422544 1.865984
14 3179.287950 3.657941
19 3105.083831 5.906551
15 3120.626621 5.435557
13 3041.279107 7.840027
18 3298.483839 0.045944
14 3288.018921 0.363063
14 3291.277055 0.264332
17 3049.097010 7.603121
17 3295.999813 0.121218
13 3292.401270 0.230265
11 3130.826304 5.126476
11 3032.770200 8.097873
15 3018.468368 8.531262
17 3079.824224 6.671993
16 3083.222631 6.569011
13 3037.968953 7.940335
15 2986.101524 9.512075
15 3238.526646 1.862829
15 3083.529759 6.559704
16 3295.173738 0.146250
13 3116.182492 5.570228
15 3024.269001 8.355485
14 3294.785696 0.158009
15 3270.088151 0.906420
15 3228.233854 2.174732
14 3156.535333 4.347414
14 3166.723593 4.038679
15 3118.182606 5.509618
18 3280.383016 0.594454
14 3206.550089 2.831815
18 3256.841236 1.307841
17 3134.384270 5.018658
19 3294.231472 0.174804
17 3204.337646 2.898859
16 3276.141482 0.722985
17 3065.614115 7.102603
21 3239.710310 1.826960
19 3288.516023 0.347999
18 3296.944432 0.092593
18 3289.267090 0.325240
22 3132.158965 5.086092
52 3235.612436 1.951138
80 3287.594652 0.375920
78 3242.119617 1.753951
124 2997.202829 9.175672
148 3140.128239 4.844599
167 3234.826108 1.974966
