84 -7748.721627 9.921377
94 -7514.640866 6.600767
98 -7750.764843 9.950362
106 -7682.200457 8.977725
108 -7751.485063 9.960578
106 -7558.239708 7.219249
107 -7516.263557 6.623787
115 -7499.211545 6.381891
124 -7457.146814 5.785172
129 -7603.217381 7.857291
128 -7633.572576 8.287902
129 -7439.596915 5.536213
133 -7571.592428 7.408668
132 -7447.364002 5.646395
139 -7343.860245 4.178117
149 -7606.936500 7.910050
147 -7555.032669 7.173755
142 -7557.307218 7.206021
154 -7392.517098 4.868351
154 -7717.271096 9.475228
160 -7365.841201 4.489934
96 -7667.566059 8.770125
184 -7393.392630 4.880771
134 -7744.556533 9.862292
132 -7744.167194 9.856769
203 -7498.426991 6.370762
142 -7664.737199 8.729996
152 -7457.435785 5.789271
115 -7532.249754 6.850563
122 -7560.246685 7.247720
173 -7730.344806 9.660688
136 -7314.978037 3.768402
165 -7540.572670 6.968629
144 -7378.035047 4.662912
129 -7547.496793 7.066853
164 -7497.256477 6.354157
138 -7600.707905 7.821692
217 -7641.742841 8.403803
135 -7566.041168 7.329919
152 -7695.191297 9.162010
236 -7659.261459 8.652318
125 -7625.559308 8.174228
210 -7698.601607 9.210387
135 -7540.561828 6.968476
304 -7382.669410 4.728654
