11 4.237215 7.601136
11 4.184983 8.740133
11 4.164426 9.188409
11 4.340006 5.359612
11 4.304473 6.134463
12 4.374883 4.599074
12 4.192588 8.574275
12 4.345411 5.241739
13 4.200476 8.402277
13 4.495978 1.958415
13 4.448641 2.990673
13 4.194641 8.529520
13 4.328211 5.616823
14 4.396112 4.136137
14 4.313421 5.939341
14 4.244048 7.452125
10 4.202569 8.356645
14 4.163021 9.219033
16 4.181727 8.811118
16 4.304971 6.123605
11 4.307074 6.077746
17 4.206142 8.278729
17 4.221773 7.937860
17 4.314341 5.919269
17 4.283518 6.591426
18 4.390851 4.250858
18 4.210671 8.179964
16 4.314126 5.923959
18 4.199170 8.430751
18 4.398390 4.086452
16 4.166785 9.136968
11 4.311783 5.975049
19 4.135181 9.826132
14 4.362426 4.870709
16 4.458807 2.768982
20 4.335393 5.460214
18 4.149111 9.522363
19 4.136295 9.801843
16 4.174563 8.967347
17 4.431765 3.358671
22 4.252415 7.269677
12 4.387824 4.316862
20 4.145178 9.608123
12 4.142365 9.669483
13 4.190597 8.617699
22 4.269942 6.887463
20 4.381044 4.464727
23 4.262127 7.057884
17 4.394294 4.175773
24 4.331853 5.537410
24 4.302281 6.182264
14 4.230815 7.740678
11 4.165039 9.175038
18 4.282087 6.622635
11 4.209738 8.200303
13 4.237606 7.592610
13 4.296751 6.302864
22 4.141621 9.685703
13 4.212531 8.139399
28 4.159179 9.302820
14 4.184154 8.758199
20 4.129472 9.950618
22 4.266239 6.968205
11 4.413832 3.749726
24 4.130644 9.925074
32 4.143488 9.644991
13 4.309814 6.017985
18 4.298833 6.257444
12 4.483125 2.238698
34 4.190735 8.614704
19 4.219355 7.990591
32 4.177958 8.893304
20 4.155970 9.372796
19 4.156695 9.356981
26 4.383937 4.401642
36 4.167516 9.121024
13 4.140469 9.710819
20 4.359340 4.937997
19 4.356453 5.000959
20 4.366762 4.776160
37 4.180646 8.834689
24 4.338698 5.388134
20 4.149210 9.520213
13 4.290913 6.430153
12 4.244294 7.446751
26 4.241612 7.505241
16 4.207978 8.238692
13 4.156911 9.352282
28 4.393657 4.189671
13 4.140733 9.705069
22 4.363333 4.850936
32 4.157210 9.345767
29 4.148734 9.530586
36 4.409444 3.845407
42 4.193226 8.560375
31 4.150789 9.485768
23 4.162689 9.226289
12 4.259374 7.117906
10 4.490122 2.086099
16 4.177662 8.899778
35 4.354921 5.034361
14 4.149778 9.507812
11 4.298757 6.259101
36 4.270151 6.882908
17 4.488679 2.117568
12 4.182628 8.791469
18 4.137436 9.776966
14 4.445200 3.065689
20 4.138313 9.757825
17 4.382555 4.431764
17 4.372697 4.646744
12 4.163290 9.213165
17 4.324601 5.695541
37 4.193095 8.563238
11 4.295049 6.339965
28 4.428178 3.436890
14 4.194231 8.538447
22 4.312007 5.970169
12 4.183889 8.763981
14 4.352615 5.084647
14 4.358001 4.967214
53 4.149444 9.515115
14 4.145402 9.603251
19 4.226834 7.827509
24 4.132720 9.879802
18 4.293977 6.363351
16 4.359820 4.927533
16 4.199580 8.421809
10 4.334004 5.490505
18 4.173525 8.989977
17 4.221999 7.932942
11 4.259243 7.120772
41 4.292299 6.399937
17 4.191180 8.604989
58 4.130810 9.921455
31 4.130573 9.926609
29 4.193011 8.565053
12 4.305575 6.110429
29 4.205181 8.299672
19 4.312098 5.968183
28 4.254023 7.234594
40 4.234083 7.669431
10 4.297277 6.291383
24 4.164402 9.188928
22 4.214297 8.100884
35 4.247219 7.382980
52 4.312526 5.958855
31 4.170558 9.054682
37 4.427467 3.452400
17 4.166530 9.142516
22 4.195289 8.515393
11 4.320960 5.774948
18 4.193163 8.561757
17 4.221129 7.951903
20 4.175177 8.953958
13 4.228449 7.792282
32 4.240696 7.525228
62 4.310356 6.006185
30 4.186783 8.700865
36 4.372391 4.653410
37 4.177419 8.905070
26 4.189074 8.650911
21 4.134640 9.837939
42 4.203054 8.346068
16 4.301563 6.197926
33 4.297958 6.276544
22 4.185430 8.730374
24 4.276603 6.742207
28 4.386959 4.335736
34 4.161771 9.246293
37 4.134963 9.830897
26 4.244554 7.441093
43 4.145748 9.595711
27 4.132940 9.875004
41 4.130820 9.921223
31 4.192755 8.570645
31 4.354783 5.037380
60 4.132671 9.880870
53 4.202156 8.365643
100 4.131182 9.913328
101 4.171770 9.028250
61 4.281715 6.630739
70 4.270630 6.872465
52 4.139414 9.733815
51 4.241128 7.515794
53 4.136963 9.787263
55 4.303333 6.159329
65 4.243618 7.461497
75 4.345337 5.243372
67 4.323487 5.719841
62 4.312209 5.965770
53 4.334163 5.487030
67 4.270410 6.877262
59 4.130265 9.933330
62 4.437901 3.224868
77 4.172249 9.017803
69 4.295452 6.331183
71 4.376959 4.553805
69 4.421955 3.572581
64 4.402728 3.991875
