58 -25.689836 5.692485
69 -26.285118 8.141578
72 -26.283822 8.136245
73 -25.921858 6.647063
73 -25.702264 5.743615
73 -26.472725 8.913426
74 -25.442332 4.674208
77 -25.635482 5.468863
78 -26.643213 9.614844
78 -26.207313 7.821474
78 -25.585555 5.263451
79 -26.229403 7.912357
80 -26.721181 9.935616
81 -26.039161 7.129666
82 -25.689769 5.692210
82 -25.144755 3.449923
83 -25.358396 4.328881
85 -26.554957 9.251743
85 -26.085579 7.320638
86 -26.354932 8.428805
90 -25.663247 5.583093
90 -25.456410 4.732126
90 -25.479114 4.825536
90 -26.673473 9.739338
91 -26.392477 8.583271
91 -26.060267 7.216499
93 -26.306560 8.229796
94 -25.460029 4.747017
94 -25.479420 4.826797
96 -26.180362 7.710591
98 -25.356319 4.320337
98 -25.176145 3.579067
99 -25.863503 6.406979
102 -25.099787 3.264919
100 -25.198251 3.670015
103 -25.282113 4.015040
105 -25.830902 6.272853
105 -25.692122 5.701889
106 -26.059376 7.212835
110 -25.443159 4.677610
115 -25.216818 3.746404
70 -26.621283 9.524619
117 -25.510159 4.953259
124 -25.175851 3.577858
123 -25.361428 4.341354
82 -25.190634 3.638680
66 -25.343636 4.268155
127 -25.112855 3.318681
128 -25.258134 3.916385
88 -26.286077 8.145523
83 -25.242301 3.851247
84 -25.767961 6.013904
72 -26.489071 8.980677
76 -25.859999 6.392564
82 -25.248250 3.875723
132 -25.256518 3.909737
91 -25.695212 5.714603
135 -26.099510 7.377954
73 -25.602225 5.332037
108 -25.170015 3.553848
92 -25.913772 6.613794
84 -25.694660 5.712331
95 -26.506550 9.052588
91 -25.480606 4.831673
89 -25.731184 5.862596
92 -26.189957 7.750068
66 -25.997418 6.957930
87 -26.280593 8.122960
79 -26.041785 7.140462
95 -24.747109 1.813940
95 -25.946997 6.750487
107 -25.314224 4.147150
60 -26.076510 7.283326
100 -25.830468 6.271067
114 -25.931986 6.688733
92 -25.182020 3.603238
119 -25.931696 6.687536
115 -26.440797 8.782067
99 -25.489617 4.868745
106 -25.033283 2.991311
65 -26.059819 7.214659
105 -25.482534 4.839606
100 -25.912879 6.610120
103 -25.057005 3.088904
89 -25.674144 5.627923
95 -25.838449 6.303903
141 -25.954632 6.781901
79 -26.378472 8.525654
80 -26.342707 8.378507
84 -24.909416 2.481700
124 -25.533742 5.050287
89 -25.554398 5.135269
98 -25.181229 3.599983
85 -26.002846 6.980261
83 -25.533848 5.050721
85 -25.166559 3.539630
119 -25.703336 5.748024
116 -25.546385 5.102301
77 -25.647926 5.520057
95 -25.441916 4.672497
80 -25.484903 4.849352
85 -25.332651 4.222961
102 -26.555500 9.253976
94 -25.611676 5.370919
130 -26.355504 8.431159
107 -25.076366 3.168562
77 -26.243114 7.968764
82 -25.829168 6.265720
69 -26.376486 8.517482
105 -25.354891 4.314462
89 -25.973835 6.860905
143 -25.418288 4.575287
114 -26.082105 7.306349
107 -25.568417 5.192945
81 -25.353704 4.309579
110 -25.249214 3.879686
89 -25.164327 3.530445
103 -25.678762 5.646921
81 -25.520877 4.997356
114 -25.407992 4.532929
80 -26.670186 9.725813
99 -25.240972 3.845778
63 -25.724150 5.833656
84 -26.228355 7.908043
97 -25.419579 4.580598
105 -25.435493 4.646073
83 -26.466261 8.886830
105 -25.216761 3.746171
79 -25.428512 4.617352
107 -25.273996 3.981645
89 -25.105352 3.287813
120 -26.378151 8.524332
85 -25.928033 6.672467
69 -25.833699 6.284359
81 -26.115211 7.442550
103 -25.252810 3.894481
85 -25.187342 3.625133
148 -25.225883 3.783698
97 -25.628869 5.441652
98 -25.737084 5.886868
84 -26.210630 7.835121
107 -26.706785 9.876388
80 -26.200235 7.792353
92 -25.439732 4.663512
102 -25.318955 4.166614
105 -25.320196 4.171718
82 -25.279913 4.005986
124 -25.279155 4.002870
100 -26.488982 8.980312
106 -25.653063 5.541191
93 -25.860182 6.393316
87 -25.468562 4.782122
87 -25.695566 5.716056
73 -25.411998 4.549409
82 -25.595229 5.303252
101 -25.503650 4.926482
128 -25.911363 6.603886
65 -26.595921 9.420274
90 -26.388403 8.566511
79 -25.341298 4.258537
73 -26.666532 9.710781
87 -25.309965 4.129626
114 -25.863823 6.408297
67 -25.757938 5.972666
94 -25.879501 6.472798
128 -25.159849 3.512026
107 -25.431504 4.629660
73 -26.567139 9.301863
122 -25.908127 6.590572
91 -26.698661 9.842967
108 -25.291495 4.053640
140 -25.566751 5.186092
121 -25.169978 3.553695
74 -25.954546 6.781546
72 -26.394910 8.593280
98 -25.752574 5.950599
106 -25.464363 4.764849
86 -25.299132 4.085060
92 -25.183320 3.608590
87 -25.530275 5.036020
111 -26.082274 7.307044
92 -25.515146 4.973780
122 -25.672976 5.623120
88 -26.017276 7.039627
79 -25.553167 5.130203
90 -26.166103 7.651931
90 -26.165493 7.649418
93 -25.240321 3.843099
100 -25.327487 4.201715
107 -25.646440 5.513945
98 -25.154857 3.491485
110 -26.690149 9.807944
122 -26.223679 7.888806
125 -26.471453 8.908194
105 -24.999319 2.851577
103 -25.728471 5.851435
99 -25.256227 3.908539
110 -25.137073 3.418319
108 -25.649509 5.526572
112 -25.895754 6.539666
