10 4.291545 6.416369
11 4.258962 7.126910
12 4.221681 7.939871
12 4.320811 5.778180
12 4.140979 9.699703
12 4.296174 6.315446
13 4.375204 4.592068
10 4.338905 5.383612
14 4.176806 8.918438
14 4.221899 7.935105
16 4.423532 3.538197
16 4.197528 8.466558
16 4.360749 4.907271
16 4.445976 3.048771
17 4.129949 9.940233
17 4.402686 3.992772
17 4.545686 0.874451
17 4.172122 9.020573
18 4.504823 1.765519
18 4.361981 4.880419
18 4.436278 3.260265
13 4.266502 6.962479
19 4.407538 3.886973
19 4.438246 3.217332
19 4.398214 4.090307
19 4.330705 5.562428
19 4.429422 3.409765
19 4.331332 5.548753
10 4.323068 5.728968
12 4.500278 1.864643
19 4.453415 2.886565
19 4.366062 4.791414
19 4.308694 6.042421
19 4.336746 5.430711
17 4.192706 8.571705
20 4.511420 1.621677
16 4.339077 5.379876
20 4.427906 3.442824
20 4.371494 4.672973
18 4.478188 2.346340
20 4.316233 5.878021
22 4.402310 4.000990
18 4.460426 2.733678
14 4.303539 6.154822
22 4.348132 5.182415
10 4.138245 9.759327
22 4.526827 1.285694
22 4.382675 4.429159
13 4.334848 5.472088
22 4.357941 4.968514
23 4.522914 1.371032
23 4.546198 0.863277
23 4.399122 4.070502
12 4.543271 0.927103
11 4.396767 4.121850
12 4.157012 9.350076
18 4.506584 1.727125
13 4.245765 7.414672
16 4.494500 1.990640
24 4.383384 4.413683
16 4.290449 6.440268
25 4.372554 4.649845
14 4.252451 7.268873
12 4.159296 9.300261
12 4.456022 2.829707
13 4.477176 2.368419
14 4.309307 6.029048
17 4.346914 5.208980
12 4.297742 6.281249
16 4.129279 9.954827
26 4.493956 2.002501
26 4.211713 8.157237
19 4.148767 9.529870
16 4.412836 3.771451
11 4.258627 7.134198
29 4.462783 2.682273
18 4.237845 7.587390
18 4.459066 2.763335
29 4.534200 1.124911
17 4.504605 1.770277
17 4.235858 7.630716
30 4.221722 7.938968
16 4.518112 1.475751
13 4.255888 7.193931
23 4.464026 2.655176
17 4.163085 9.217641
14 4.372983 4.640498
16 4.441733 3.141312
10 4.149269 9.518927
14 4.313475 5.938154
12 4.254989 7.213548
18 4.391161 4.244105
18 4.166602 9.140960
14 4.274085 6.797115
18 4.539126 1.017508
24 4.439056 3.199687
20 4.415106 3.721948
10 4.230950 7.737749
13 4.282255 6.618952
13 4.300719 6.216328
11 4.309161 6.032238
14 4.159758 9.290201
16 4.355907 5.012873
23 4.544139 0.908184
12 4.382475 4.433511
29 4.155507 9.382886
24 4.312535 5.958665
14 4.330327 5.570678
20 4.289886 6.452553
12 4.431604 3.362185
18 4.502954 1.806282
17 4.221851 7.936171
22 4.494017 2.001180
12 4.176230 8.931005
30 4.548132 0.821111
22 4.508996 1.674536
14 4.454262 2.868081
12 4.431564 3.363063
12 4.212704 8.135624
14 4.394252 4.176700
16 4.198828 8.438221
23 4.367409 4.762048
25 4.374037 4.617526
20 4.275009 6.776969
23 4.372941 4.641411
14 4.227237 7.818704
17 4.359315 4.938545
13 4.443399 3.104980
24 4.530899 1.196907
20 4.424999 3.506213
28 4.480285 2.300625
10 4.216592 8.050835
11 4.208090 8.236243
12 4.397234 4.111665
12 4.140746 9.704779
28 4.266640 6.959473
17 4.195670 8.507074
16 4.267049 6.950546
16 4.236055 7.626422
16 4.191490 8.598234
18 4.148781 9.529563
25 4.467990 2.568728
18 4.185158 8.736298
18 4.417469 3.670423
11 4.347359 5.199263
17 4.152664 9.444883
30 4.227199 7.819534
25 4.421915 3.573459
16 4.386425 4.347388
24 4.442147 3.132282
20 4.437061 3.243180
19 4.466015 2.611808
14 4.352895 5.078557
19 4.503310 1.798526
16 4.222447 7.923160
13 4.332143 5.531077
16 4.241134 7.515658
23 4.396510 4.127467
13 4.379460 4.499255
20 4.199373 8.426325
22 4.359742 4.929236
22 4.518558 1.466024
16 4.434345 3.302407
22 4.196887 8.480549
13 4.450138 2.958008
20 4.395548 4.148434
12 4.146145 9.587055
35 4.510113 1.650167
20 4.447978 3.005117
16 4.324697 5.693453
23 4.257961 7.148731
23 4.511539 1.619088
18 4.479284 2.322446
17 4.146335 9.582900
16 4.322833 5.734104
18 4.213368 8.121145
23 4.462738 2.683253
16 4.568937 0.367432
22 4.322115 5.749746
16 4.250781 7.305298
22 4.152351 9.451704
18 4.291401 6.419514
26 4.326130 5.662201
19 4.402493 3.996999
19 4.521924 1.392610
22 4.185742 8.723576
18 4.302438 6.178831
24 4.197852 8.459487
19 4.347594 5.194144
23 4.414164 3.742484
20 4.367853 4.752366
20 4.294105 6.360547
30 4.488828 2.114317
19 4.133122 9.871033
26 4.429042 3.418049
25 4.264024 7.016518
22 4.410557 3.821149
25 4.366382 4.784435
26 4.369780 4.710352
29 4.189290 8.646196
