10 3023.758714 8.370948
10 2983.629503 9.586985
11 3048.284756 7.627735
11 2986.589676 9.497283
11 2984.750310 9.553021
11 2982.962975 9.607183
11 3124.722718 5.311433
11 3270.027854 0.908247
11 3017.623520 8.556863
12 2972.630620 9.920284
12 3031.826308 8.126476
12 3172.285604 3.870133
12 3203.986350 2.909505
12 3294.395427 0.169836
12 3144.815948 4.702547
12 3033.056178 8.089207
12 3196.250001 3.143939
12 3203.214477 2.932895
12 3211.561809 2.679945
12 3228.832202 2.156600
12 3117.997407 5.515230
12 3088.531925 6.408123
12 3011.738555 8.735195
12 3117.392161 5.533571
12 3263.946967 1.092516
13 3220.651960 2.404486
13 3090.241947 6.356305
11 3075.231333 6.811172
13 3077.495466 6.742562
11 3113.112182 5.663267
13 2982.012732 9.635978
13 3151.681921 4.494487
13 3277.820757 0.672098
13 3262.567526 1.134317
12 3230.383189 2.109600
10 3032.597470 8.103107
13 3220.957866 2.395216
11 2976.281687 9.809646
14 3026.403506 8.290803
14 3153.433980 4.441395
11 3117.447736 5.531887
14 3031.381557 8.139953
10 2996.035800 9.211036
12 3102.231911 5.992972
14 3289.432312 0.320233
12 3073.302383 6.869625
11 3081.829035 6.611241
14 3252.732964 1.432334
11 3068.751792 7.007521
11 3082.929062 6.577907
12 3180.143107 3.632027
12 3032.758087 8.098240
13 3047.256625 7.658890
12 3213.502592 2.621134
11 2974.723532 9.856863
13 3098.048526 6.119742
11 3126.271345 5.264505
12 3108.189338 5.812444
16 3043.043965 7.786547
15 3162.313334 4.172323
16 3293.590524 0.194227
12 3230.446999 2.107667
12 3250.762361 1.492050
16 3219.838184 2.429146
10 2988.845374 9.428928
13 3071.516175 6.923752
16 3239.881228 1.821781
13 3007.150952 8.874214
12 3096.854562 6.155922
10 3036.566454 7.982835
13 3068.939432 7.001835
12 3142.072917 4.785669
16 3216.176451 2.540108
17 3262.419870 1.138792
13 3048.059072 7.634574
12 2975.583886 9.830791
11 3117.996397 5.515261
12 2997.700346 9.160596
17 3271.490227 0.863933
12 3219.574773 2.437128
10 3132.629269 5.071840
17 3231.476457 2.076471
14 2997.039575 9.180619
12 3087.240088 6.447270
13 3225.813917 2.248063
13 2999.055727 9.119523
12 2992.456944 9.319487
10 3125.974574 5.273498
11 2983.387546 9.594317
16 3139.429046 4.865786
11 3053.084169 7.482298
16 3233.951892 2.001458
16 3222.074632 2.361375
12 3105.825416 5.884078
14 3292.980409 0.212715
12 3297.690057 0.069998
12 3071.170867 6.934216
11 2983.084530 9.603499
13 3046.697473 7.675834
13 3133.402755 5.048401
12 3248.774672 1.552283
11 3096.575443 6.164381
12 3177.432693 3.714161
12 3170.900451 3.912108
10 3126.325370 5.262868
12 3122.335634 5.383769
11 3083.578076 6.558240
12 3134.040215 5.029084
13 3031.366617 8.140406
14 3244.584623 1.679254
13 3237.882228 1.882357
13 3073.029927 6.877881
13 3122.144890 5.389549
11 2996.651220 9.192387
12 3236.925068 1.911362
13 3119.769482 5.461531
16 3059.410954 7.290577
11 3063.666698 7.161615
16 3293.247764 0.204613
11 3025.243269 8.325962
14 3061.781936 7.218729
16 3195.230915 3.174821
12 3139.563667 4.861707
12 3234.244535 1.992590
13 3115.708076 5.584604
13 3212.669652 2.646374
12 3158.609421 4.284563
11 2999.237656 9.114010
11 3049.885364 7.579231
13 2996.695080 9.191058
16 3107.152126 5.843875
12 3240.653809 1.798369
12 3248.092800 1.572945
12 2975.557926 9.831578
12 3091.889800 6.306370
11 2978.181877 9.752064
15 3166.624236 4.041690
13 3060.527027 7.256757
17 3163.238845 4.144277
12 2977.019095 9.787300
14 3139.018745 4.878220
12 3256.389501 1.321530
13 3020.508596 8.469436
14 3045.984500 7.697439
13 3031.076365 8.149201
12 3196.260185 3.143631
13 3234.346143 1.989511
12 3070.940664 6.941192
14 3046.517731 7.681281
12 3289.795415 0.309230
11 2990.743815 9.371400
16 3277.302762 0.687795
12 3276.449375 0.713655
12 3252.619970 1.435758
12 3022.923829 8.396248
13 3080.351940 6.656002
12 3216.020687 2.544828
10 2994.520686 9.256949
12 3194.320356 3.202413
14 3110.102408 5.754472
11 3191.063826 3.301096
10 3121.180259 5.418780
12 3168.085613 3.997406
12 3145.521270 4.681174
14 2972.168235 9.934296
12 3071.192814 6.933551
13 3104.638170 5.920055
11 3022.138678 8.420040
11 3097.460465 6.137562
14 3094.998531 6.212166
16 3174.658141 3.798238
13 3111.170783 5.722097
12 3115.759586 5.583043
11 3119.559045 5.467908
12 2986.421187 9.502388
16 3133.079185 5.058207
12 3202.547699 2.953100
13 3049.272368 7.597807
13 3169.745779 3.947098
12 3085.826282 6.490113
12 3126.925340 5.244687
12 3127.206369 5.236171
14 3015.253175 8.628692
15 3118.337834 5.504914
14 3025.662114 8.313269
16 3283.243875 0.507761
13 3241.768528 1.764590
15 2988.378691 9.443070
15 3175.662135 3.767814
15 3105.270239 5.900902
13 3144.336795 4.717067
16 3217.172436 2.509926
16 3133.010455 5.060289
18 3280.138761 0.601856
16 3159.379871 4.261216
18 3268.025307 0.968930
15 3064.603117 7.133239
16 3209.454830 2.743793
17 3141.376821 4.806763
66 3128.073355 5.209898
