20 30.092809 6.973607
21 29.508423 8.780130
22 29.161477 9.852649
22 29.351363 9.265650
24 30.109439 6.922200
24 29.510858 8.772604
25 29.140625 9.917108
25 29.691043 8.215594
25 29.616251 8.446800
25 29.721751 8.120666
25 29.550036 8.651492
25 29.698024 8.194013
26 30.008418 7.234488
26 30.013582 7.218523
26 30.420453 5.960758
26 29.538498 8.687159
26 29.537796 8.689327
27 29.983112 7.312716
27 30.151987 6.790670
28 30.865174 4.585983
28 30.400982 6.020948
28 30.077996 7.019400
28 29.243260 9.599834
28 30.438463 5.905081
28 29.780918 7.937760
28 29.160557 9.855492
29 30.612775 5.366227
29 29.335856 9.313589
29 29.382273 9.170100
29 29.176512 9.806170
29 29.828781 7.789801
29 29.548554 8.656071
30 29.192428 9.756971
30 29.810505 7.846300
30 30.089153 6.984909
31 30.551171 5.556666
31 30.075560 7.026931
31 30.077940 7.019573
32 30.706172 5.077509
32 30.444051 5.887806
25 29.272463 9.509556
33 29.348943 9.273132
33 31.045029 4.029994
33 30.737260 4.981405
33 29.984771 7.307587
28 29.778841 7.944183
24 29.296410 9.435528
35 30.401683 6.018780
25 29.666794 8.290556
26 29.771856 7.965776
25 29.635049 8.388688
36 29.264743 9.533422
22 29.167458 9.834160
38 30.089935 6.982492
27 30.044478 7.123013
29 30.846628 4.643315
24 29.678068 8.255705
26 29.284408 9.472630
26 29.437439 8.999563
29 30.001239 7.256679
28 30.641310 5.278018
29 29.395080 9.130508
29 30.638778 5.285843
23 29.364183 9.226022
31 30.214451 6.597573
28 30.250070 6.487465
29 30.190737 6.670880
42 30.764400 4.897509
36 29.587755 8.534888
31 30.153235 6.786813
29 29.966886 7.362875
30 30.854187 4.619947
31 29.347723 9.276905
36 30.723942 5.022576
30 30.978836 4.234617
32 29.662312 8.304411
26 29.536336 8.693843
30 29.918491 7.512481
28 29.413927 9.072247
30 30.583270 5.457437
30 30.221466 6.575887
33 30.541938 5.585209
28 29.496284 8.817657
24 29.324890 9.347488
35 30.001976 7.254402
30 29.406036 9.096640
33 30.107107 6.929409
29 29.828815 7.789695
32 30.091154 6.978724
30 30.619570 5.345222
27 29.809572 7.849182
25 30.777636 4.856590
28 29.242703 9.601553
29 30.116886 6.899179
25 29.299157 9.427037
36 30.339573 6.210782
40 30.883952 4.527934
25 29.928670 7.481014
32 30.867457 4.578926
25 29.501801 8.800601
33 30.517146 5.661848
38 29.604646 8.482674
25 29.599469 8.498678
34 30.261373 6.452524
24 29.795557 7.892509
32 29.796746 7.888832
25 29.522080 8.737911
24 29.952308 7.407941
26 29.707575 8.164488
26 29.397541 9.122901
33 30.806310 4.767950
32 30.736725 4.983058
28 31.079353 3.923887
29 29.347898 9.276363
28 29.516531 8.755066
30 29.501404 8.801829
28 30.611810 5.369211
28 29.675818 8.262660
25 30.490784 5.743342
26 29.650265 8.341651
31 30.605450 5.388873
23 29.266805 9.527049
28 30.243758 6.506976
27 29.484764 8.853266
35 30.101977 6.945267
25 29.785130 7.924740
35 29.982797 7.313691
35 29.199354 9.735559
26 30.338300 6.214716
27 30.137488 6.835491
30 29.612556 8.458223
31 29.441568 8.986799
31 29.947779 7.421941
25 30.019330 7.200756
24 29.414525 9.070398
34 29.566933 8.599256
25 29.127339 9.958180
28 30.060651 7.073018
38 30.977758 4.237951
31 30.120834 6.886974
25 29.719932 8.126289
33 29.576687 8.569105
36 30.802808 4.778775
30 30.039831 7.137381
28 29.139568 9.920377
37 30.736479 4.983820
34 30.708681 5.069751
39 30.168208 6.740525
25 29.487095 8.846062
33 29.763142 7.992712
29 29.905651 7.552172
38 30.484684 5.762197
26 29.776565 7.951218
32 30.141093 6.824347
25 29.854020 7.711780
25 29.689574 8.220135
23 29.627828 8.411011
27 29.832209 7.779204
33 30.418402 5.967098
34 29.580912 8.556043
31 29.663711 8.300084
40 30.644922 5.266852
34 30.651965 5.245079
27 30.350427 6.177228
31 29.644844 8.358409
27 29.445186 8.975616
25 29.889561 7.601911
32 29.117288 9.989251
26 30.189687 6.674127
34 29.937283 7.454389
39 30.021199 7.194977
25 29.155145 9.872225
23 29.487628 8.844414
35 30.491956 5.739717
26 29.192298 9.757372
28 29.574625 8.575479
26 30.362279 6.140592
24 30.330636 6.238408
26 30.121545 6.884776
27 29.936605 7.456485
41 30.402173 6.017266
33 29.170215 9.825638
28 29.132710 9.941576
40 30.871083 4.567716
29 30.217154 6.589218
33 30.046985 7.115264
28 30.084998 6.997755
30 30.625662 5.326391
30 30.451820 5.863791
36 30.594473 5.422805
35 29.711190 8.153313
36 30.837197 4.672468
36 29.160464 9.855780
34 30.540381 5.590022
38 30.720377 5.033597
40 30.763298 4.900916
34 30.214554 6.597257
39 30.682827 5.149676
43 30.916078 4.428623
46 30.289459 6.365700
