19 -0.119243 7.319041
22 -0.119853 7.868006
22 -0.117976 6.178707
23 -0.117241 5.516460
24 -0.115936 4.342815
24 -0.119249 7.323656
24 -0.118202 6.382086
25 -0.122047 9.842294
25 -0.121166 9.049721
25 -0.114086 2.677177
25 -0.119317 7.385636
25 -0.119421 7.478655
25 -0.118693 6.823716
26 -0.120430 8.386986
26 -0.119759 7.782669
26 -0.114309 2.877855
26 -0.118501 6.650733
26 -0.119848 7.863596
27 -0.120507 8.456696
27 -0.120098 8.088558
27 -0.116784 5.105513
27 -0.115261 3.734555
27 -0.117017 5.315295
27 -0.120154 8.138250
27 -0.119698 7.728167
27 -0.118882 6.993832
27 -0.119162 7.245959
27 -0.119105 7.194116
27 -0.114989 3.489664
27 -0.117300 5.570119
27 -0.122112 9.900460
27 -0.116463 4.816341
28 -0.120100 8.089736
28 -0.115105 3.594406
28 -0.115385 3.846327
28 -0.115967 4.370717
28 -0.117463 5.716266
29 -0.116775 5.097466
29 -0.115478 3.930626
29 -0.117002 5.301972
29 -0.116608 4.947204
29 -0.119758 7.782207
29 -0.118027 6.224502
30 -0.114902 3.411823
30 -0.114882 3.393515
31 -0.120273 8.245605
33 -0.121399 9.258796
25 -0.119363 7.426388
36 -0.116686 5.017559
19 -0.121835 9.651890
25 -0.119144 7.229155
23 -0.122194 9.974276
25 -0.115591 4.031461
22 -0.120663 8.596985
26 -0.116037 4.432978
25 -0.121413 9.271914
29 -0.118355 6.519287
23 -0.120995 8.895197
28 -0.115214 3.692327
24 -0.116631 4.967838
28 -0.115837 4.253593
31 -0.115656 4.090129
27 -0.117717 5.944987
27 -0.118387 6.548094
27 -0.119322 7.389783
26 -0.114600 3.139864
27 -0.116184 4.565757
27 -0.122181 9.962771
29 -0.120815 8.733781
27 -0.121647 9.481976
25 -0.119894 7.904221
25 -0.116518 4.866416
26 -0.117195 5.475250
30 -0.121169 9.051654
26 -0.117556 5.800829
25 -0.120830 8.747217
28 -0.116409 4.767682
29 -0.116004 4.403202
31 -0.115409 3.868002
29 -0.118638 6.774548
29 -0.119639 7.675533
31 -0.114774 3.296171
29 -0.118181 6.362908
29 -0.120455 8.409807
29 -0.117319 5.586980
28 -0.114482 3.033673
30 -0.116759 5.083548
29 -0.115640 4.075604
31 -0.116253 4.627470
27 -0.117857 6.071142
31 -0.119731 7.757821
30 -0.115750 4.174630
27 -0.121653 9.487500
20 -0.121042 8.938173
31 -0.117418 5.676109
24 -0.117536 5.782819
18 -0.119610 7.649033
36 -0.116508 4.857242
28 -0.115519 3.967178
29 -0.119035 7.131114
26 -0.115716 4.144132
29 -0.115190 3.671094
23 -0.121986 9.787064
25 -0.115125 3.612901
24 -0.122212 9.990791
24 -0.118141 6.327291
26 -0.119330 7.397136
23 -0.118731 6.857848
25 -0.118797 6.917352
27 -0.118672 6.804752
24 -0.114533 3.079709
25 -0.119318 7.386629
26 -0.119824 7.841274
25 -0.116203 4.582651
23 -0.121134 9.020680
26 -0.116057 4.450890
23 -0.120846 8.761014
27 -0.114645 3.180194
25 -0.119845 7.860310
28 -0.121827 9.644381
28 -0.116270 4.643022
29 -0.117465 5.718762
25 -0.120026 8.023815
29 -0.118309 6.478419
28 -0.114330 2.897106
28 -0.118961 7.065328
27 -0.118310 6.479097
28 -0.115963 4.366526
27 -0.120366 8.329722
31 -0.121960 9.764301
28 -0.115020 3.517946
29 -0.121079 8.971190
27 -0.116333 4.699272
31 -0.114679 3.211252
29 -0.118753 6.877717
25 -0.116702 5.031536
23 -0.122188 9.969596
34 -0.115441 3.896590
27 -0.121758 9.582439
23 -0.118224 6.401441
23 -0.119504 7.553697
31 -0.115067 3.560251
26 -0.116942 5.247927
29 -0.117458 5.712317
27 -0.116857 5.171108
33 -0.117839 6.054670
26 -0.116315 4.683463
23 -0.120377 8.339345
24 -0.116227 4.604529
23 -0.120553 8.497358
25 -0.118193 6.374086
33 -0.114444 2.999672
27 -0.121605 9.444352
24 -0.119530 7.577230
30 -0.118016 6.214241
24 -0.119613 7.652005
28 -0.119088 7.179357
27 -0.120447 8.402146
28 -0.118286 6.457128
26 -0.116648 4.983009
25 -0.121796 9.615962
26 -0.120135 8.121136
27 -0.118810 6.929286
23 -0.117272 5.544381
25 -0.116215 4.593818
26 -0.120607 8.546376
25 -0.117231 5.508205
25 -0.115567 4.010418
25 -0.116280 4.652307
25 -0.119783 7.805120
29 -0.115761 4.185195
25 -0.115737 4.163286
29 -0.117926 6.133049
29 -0.115947 4.352022
28 -0.119835 7.851326
23 -0.120185 8.166621
24 -0.118222 6.399752
28 -0.117206 5.485017
24 -0.117567 5.810697
26 -0.119890 7.900559
29 -0.116737 5.063706
23 -0.120478 8.429959
31 -0.115348 3.813429
22 -0.120751 8.675450
28 -0.121638 9.473921
29 -0.119396 7.456418
31 -0.119125 7.212427
29 -0.117587 5.827882
34 -0.117369 5.632152
27 -0.114130 2.716664
28 -0.115735 4.161325
27 -0.120970 8.872656
27 -0.118939 7.044884
25 -0.116926 5.233670
36 -0.118769 6.891977
27 -0.121206 9.085337
29 -0.116376 4.738836
27 -0.120695 8.625769
27 -0.116807 5.126235
31 -0.116844 5.159655
