10 4.319262 5.811965
10 4.373448 4.630368
10 4.327729 5.627342
11 4.237299 7.599286
11 4.314239 5.921509
11 4.220204 7.972086
12 4.291204 6.423809
12 4.369510 4.716228
13 4.381918 4.445661
13 4.309741 6.019581
13 4.291094 6.426213
13 4.532005 1.172779
13 4.534115 1.126782
14 4.257784 7.152584
14 4.313039 5.947660
14 4.349019 5.163075
10 4.382545 4.431986
14 4.298140 6.272564
16 4.359135 4.942467
16 4.473402 2.450706
16 4.217372 8.033836
16 4.434252 3.304430
12 4.444762 3.075243
17 4.350006 5.141538
17 4.324956 5.687793
17 4.324831 5.690527
17 4.339277 5.375507
18 4.375748 4.580201
18 4.329811 5.581936
18 4.299985 6.232325
17 4.355579 5.020028
18 4.394441 4.172580
18 4.263365 7.030897
18 4.175529 8.946275
18 4.485301 2.191227
19 4.290737 6.434005
18 4.301746 6.193932
19 4.419738 3.620929
11 4.472777 2.464340
19 4.212194 8.146744
19 4.466156 2.608721
19 4.383798 4.404663
19 4.285596 6.546100
11 4.187892 8.676688
20 4.144533 9.622191
20 4.393978 4.182671
17 4.168554 9.098373
13 4.215670 8.070958
11 4.207121 8.257372
16 4.554308 0.686444
14 4.497468 1.925926
16 4.205833 8.285454
22 4.549753 0.785773
22 4.546659 0.853222
19 4.459056 2.763547
20 4.549341 0.794753
23 4.334477 5.480190
16 4.308646 6.043471
23 4.446480 3.037792
12 4.448623 2.991055
17 4.182126 8.802421
24 4.567045 0.408676
24 4.468124 2.565805
12 4.415678 3.709466
14 4.439205 3.196420
13 4.274563 6.786690
20 4.393383 4.195638
25 4.492395 2.036531
17 4.442782 3.118432
16 4.552714 0.721203
23 4.213655 8.114895
14 4.395714 4.144826
20 4.517603 1.486850
13 4.169267 9.082840
17 4.481763 2.268396
18 4.243258 7.469354
18 4.254131 7.232238
16 4.264123 7.014351
11 4.133840 9.855373
10 4.369168 4.723684
11 4.190227 8.625770
16 4.260897 7.084695
18 4.269732 6.892054
18 4.465115 2.631428
28 4.563593 0.483962
20 4.494454 1.991635
18 4.461136 2.718183
19 4.242150 7.493518
16 4.180315 8.841912
29 4.482314 2.256363
13 4.325339 5.679459
10 4.217626 8.028305
28 4.251095 7.298460
12 4.496046 1.956919
16 4.184651 8.747368
22 4.503227 1.800336
20 4.548961 0.803030
18 4.431540 3.363582
19 4.373676 4.625378
19 4.462880 2.680169
16 4.338942 5.382812
28 4.547977 0.824491
11 4.292614 6.393079
18 4.244959 7.432252
14 4.252141 7.275651
17 4.486562 2.163748
10 4.194920 8.523442
23 4.490431 2.079376
29 4.454290 2.867477
20 4.540636 0.984564
23 4.237919 7.585768
19 4.172584 9.010511
18 4.467977 2.569010
17 4.332021 5.533730
20 4.482861 2.244434
17 4.260108 7.101910
18 4.229240 7.775042
13 4.177421 8.905033
17 4.176073 8.934415
29 4.310358 6.006136
13 4.403711 3.970429
19 4.456742 2.814006
26 4.497511 1.924982
20 4.495099 1.977569
32 4.574135 0.254082
13 4.248556 7.353821
29 4.547597 0.832787
12 4.261524 7.071023
19 4.438403 3.213919
18 4.372325 4.654842
10 4.287347 6.507928
23 4.431899 3.355745
14 4.439526 3.189429
24 4.402209 4.003184
12 4.235339 7.642034
23 4.465159 2.630469
16 4.426554 3.472296
19 4.191558 8.596752
24 4.467734 2.574320
20 4.532037 1.172097
14 4.498251 1.908851
11 4.474337 2.430333
26 4.489920 2.090516
14 4.483991 2.219812
30 4.542963 0.933836
13 4.216177 8.059886
10 4.456141 2.827119
13 4.279182 6.685970
23 4.446712 3.032729
24 4.278144 6.708612
20 4.167486 9.121675
24 4.454538 2.862077
12 4.437860 3.225756
19 4.415011 3.724026
22 4.538329 1.034870
18 4.328902 5.601763
18 4.361465 4.891666
25 4.233608 7.679788
12 4.410586 3.820503
14 4.513768 1.570463
16 4.349606 5.150266
20 4.506482 1.729343
26 4.497167 1.932482
17 4.324418 5.699534
14 4.555151 0.668050
16 4.513550 1.575217
20 4.211698 8.157571
23 4.546057 0.866362
18 4.300133 6.229115
16 4.371252 4.678252
20 4.459399 2.756065
19 4.189415 8.643467
22 4.190749 8.614378
17 4.140151 9.717765
16 4.244340 7.445755
17 4.371009 4.683545
23 4.328035 5.620670
17 4.237485 7.595232
25 4.354344 5.046942
20 4.311978 5.970798
18 4.463832 2.659400
20 4.479246 2.323276
26 4.449541 2.971039
20 4.437844 3.226114
18 4.463549 2.665561
31 4.471826 2.485082
19 4.404200 3.959758
26 4.511199 1.626483
22 4.484376 2.211416
23 4.456620 2.816664
19 4.407138 3.895701
20 4.280486 6.657537
22 4.154265 9.409984
23 4.500196 1.866426
25 4.436599 3.253257
22 4.324603 5.695496
26 4.278010 6.711524
25 4.505381 1.753366
28 4.234319 7.664287
28 4.237331 7.598606
