10 3130.206982 9.426881
12 3190.062892 7.694939
13 3309.717735 4.232704
14 3345.291061 3.203384
14 3326.711435 3.740989
14 3275.203803 5.231371
16 3153.011182 8.767038
16 3304.339257 4.388332
16 3405.085981 1.473207
16 3374.480227 2.358790
16 3331.352377 3.606702
17 3435.824833 0.583772
17 3327.216453 3.726376
17 3317.241641 4.014999
17 3395.190851 1.759524
17 3300.938587 4.486731
17 3289.245948 4.825059
18 3364.053594 2.660486
51 3364.924095 2.635298
18 3280.854517 5.067867
18 3290.952508 4.775680
19 3308.576805 4.265717
19 3239.007548 6.278717
19 3204.941502 7.264424
19 3417.938718 1.101310
19 3236.896809 6.339791
19 3367.548029 2.559374
58 3383.124875 2.108655
20 3434.651727 0.617716
20 3434.569075 0.620108
20 3299.955076 4.515189
60 3405.012580 1.475330
14 3162.208932 8.500899
18 3343.269464 3.261879
20 3305.152825 4.364791
17 3361.778185 2.726326
22 3300.107087 4.510790
22 3392.102775 1.848878
21 3370.280969 2.480296
22 3350.417016 3.055063
22 3235.436814 6.382037
22 3393.008481 1.822671
10 3289.195820 4.826510
17 3431.015342 0.722936
14 3132.848982 9.350435
18 3152.670175 8.776905
13 3276.497985 5.193924
11 3132.399890 9.363429
17 3328.053579 3.702153
16 3159.959192 8.565996
16 3344.392136 3.229394
16 3410.680894 1.311317
42 3325.083731 3.788086
14 3232.779603 6.458924
17 3118.119964 9.776621
17 3244.753894 6.112445
16 3154.253217 8.731099
20 3173.076336 8.186449
14 3222.645593 6.752153
21 3355.947732 2.895031
17 3272.124330 5.320477
16 3332.867334 3.562866
20 3116.062466 9.836155
12 3164.912757 8.422663
17 3412.184635 1.267806
18 3114.906809 9.869595
17 3386.294935 2.016929
21 3449.219648 0.196191
18 3386.264602 2.017807
16 3367.741519 2.553775
19 3371.827996 2.435533
24 3405.265583 1.468010
16 3271.589613 5.335949
16 3315.162200 4.075168
23 3373.360107 2.391201
18 3271.132740 5.349168
17 3253.928660 5.846972
23 3404.707206 1.484167
46 3452.209923 0.109667
16 3336.265317 3.464545
18 3339.399968 3.373844
20 3271.918898 5.326421
14 3417.853691 1.103771
17 3157.237736 8.644741
19 3300.118480 4.510461
16 3237.627241 6.318656
37 3297.404118 4.589001
17 3288.554671 4.845062
16 3197.022507 7.493562
17 3155.732372 8.688299
17 3292.432486 4.732856
19 3435.894708 0.581750
17 3378.123170 2.253381
19 3128.763846 9.468639
16 3337.859590 3.418415
18 3441.450330 0.420997
14 3388.719523 1.946773
16 3383.241383 2.105284
13 3145.790610 8.975966
18 3282.183041 5.029426
31 3341.786351 3.304793
19 3365.229439 2.626463
19 3428.057383 0.808525
10 3192.230838 7.632210
16 3202.671131 7.330118
23 3213.729176 7.010151
18 3452.696740 0.095580
17 3289.071784 4.830099
19 3296.223338 4.623167
18 3430.662795 0.733137
24 3426.719198 0.847245
16 3450.557298 0.157486
18 3432.265842 0.686752
17 3430.618298 0.734424
16 3346.979338 3.154533
18 3335.988730 3.472548
17 3372.001065 2.430525
21 3351.624169 3.020134
22 3190.949983 7.669271
36 3359.478295 2.792873
19 3206.796525 7.210749
14 3359.275685 2.798736
17 3153.701907 8.747051
14 3423.749705 0.933168
23 3336.902691 3.446103
16 3400.353206 1.610150
18 3300.287804 4.505561
26 3411.161598 1.297407
14 3396.529128 1.720801
14 3153.457395 8.754126
17 3420.660155 1.022565
19 3277.668057 5.160068
20 3255.606075 5.798435
17 3199.487710 7.422231
17 3392.420876 1.839674
24 3441.583178 0.417153
20 3343.044427 3.268390
25 3287.331504 4.880454
36 3375.470870 2.330125
16 3222.428557 6.758433
18 3234.461445 6.410259
22 3371.787697 2.436699
14 3175.600523 8.113411
22 3243.292515 6.154730
16 3238.571456 6.291335
64 3382.234092 2.134430
18 3188.995097 7.725836
16 3216.583093 6.927573
16 3383.187676 2.106838
18 3179.503904 8.000466
18 3240.755904 6.228128
12 3395.483197 1.751065
27 3387.479501 1.982653
16 3375.848647 2.319194
21 3302.216686 4.449749
17 3203.839533 7.296310
22 3174.782602 8.137077
17 3346.680314 3.163185
14 3110.715262 9.990878
18 3386.684115 2.005668
18 3411.269624 1.294282
16 3189.668545 7.706350
17 3319.703065 3.943777
38 3323.006452 3.848193
18 3386.929912 1.998556
13 3343.619515 3.251750
17 3135.793015 9.265248
20 3347.048754 3.152524
19 3428.307740 0.801281
20 3389.098146 1.935818
17 3295.515940 4.643636
16 3320.780966 3.912588
23 3425.059395 0.895272
20 3182.132428 7.924409
18 3344.366886 3.230125
19 3200.157465 7.402851
18 3400.038262 1.619263
17 3327.127109 3.728961
17 3110.520322 9.996518
17 3337.088248 3.440734
19 3415.013119 1.185963
22 3370.640768 2.469885
50 3384.799849 2.060190
61 3389.017567 1.938149
20 3363.513963 2.676101
22 3419.291721 1.062161
26 3401.428514 1.579036
25 3401.031366 1.590528
22 3356.522737 2.878393
25 3434.734847 0.615311
27 3444.894245 0.321347
34 3432.054538 0.692866
39 3450.603210 0.156157
49 3409.833478 1.335837
81 3433.163670 0.660773
72 3443.052149 0.374648
138 3192.305523 7.630049
165 3214.562501 6.986039
