156 21.153506 6.513827
1436 21.972927 2.892466
1440 21.805455 3.632593
1686 20.498605 9.408109
2013 21.032662 7.047889
2433 20.572570 9.081226
460 21.352949 5.632407
2622 21.003847 7.175234
3000 20.367519 9.987430
3720 20.746042 8.314583
4313 21.088116 6.802812
4751 20.604401 8.940551
5107 20.614521 8.895828
5218 20.719084 8.433720
5199 22.008720 2.734281
3014 21.916057 3.143797
5960 20.886973 7.691748
5379 20.731668 8.378106
6047 21.178353 6.404019
6395 21.691827 4.134762
308 20.404903 9.822218
6836 21.182881 6.384007
7063 21.816433 3.584075
7089 21.221240 6.214481
4839 20.544794 9.203982
1497 20.662259 8.684852
968 20.824246 7.968965
5795 21.521247 4.888627
8838 20.440990 9.662733
7273 21.622639 4.440532
9078 20.535437 9.245332
9389 20.401514 9.837194
5608 20.381652 9.924972
4945 21.650921 4.315542
8847 21.094415 6.774977
10171 20.933459 7.486309
2563 22.398931 1.009774
10830 21.592204 4.575036
9166 20.567839 9.102134
6604 20.643890 8.766032
9311 21.668840 4.236351
9630 20.711917 8.465392
1909 20.701052 8.513409
12131 20.368256 9.984174
5634 21.369702 5.558369
12691 21.770877 3.785410
11149 21.981729 2.853563
8889 20.598383 8.967149
7639 22.397788 1.014826
11143 20.554787 9.159818
14699 21.820191 3.567466
1912 22.094472 2.355306
922 20.370149 9.975811
15422 20.994242 7.217684
15569 21.998774 2.778235
15795 21.317870 5.787437
9595 20.527352 9.281062
4580 20.799450 8.078548
306 20.514345 9.338547
210 21.417300 5.348011
13214 20.846536 7.870456
3152 21.136146 6.590549
1218 21.485372 5.047172
7633 20.453922 9.605583
2089 20.451770 9.615093
17176 21.172702 6.428995
18133 20.863968 7.793416
18925 22.092401 2.364457
18417 21.758810 3.838736
19922 20.984121 7.262409
17442 20.985496 7.256333
20174 21.057534 6.937970
1234 21.203941 6.290937
13513 20.885774 7.697049
20984 21.454021 5.185726
16241 20.752867 8.284419
21759 22.211746 1.837024
21446 20.752281 8.287009
18416 20.469539 9.536563
2206 21.565503 4.693041
17662 20.547544 9.191827
19809 20.528960 9.273958
20431 20.694362 8.542979
22598 20.624451 8.851944
9317 21.256128 6.060297
23080 20.935462 7.477455
22695 21.677557 4.197828
12831 21.168648 6.446909
6675 21.578192 4.636963
5507 21.262672 6.031378
14675 21.648320 4.327038
23746 20.421958 9.746844
267 21.760701 3.830380
10368 20.455012 9.600766
1213 20.400020 9.843798
7801 22.175737 1.996165
17903 21.767645 3.799693
694 21.885607 3.278368
24229 21.039775 7.016453
20053 21.330499 5.731621
25103 20.668520 8.657183
16597 21.044859 6.993986
22628 20.492775 9.433873
18413 20.988009 7.245230
1758 20.419018 9.759835
13547 20.484335 9.471172
853 21.594737 4.563846
13507 20.460461 9.576682
1427 21.287050 5.923642
6377 20.452823 9.610438
12064 20.771845 8.200545
154 21.736514 3.937273
25781 21.710286 4.053186
7657 20.478095 9.498749
6464 20.954574 7.392993
3341 22.032881 2.627502
352 22.022402 2.673812
15659 20.685045 8.584154
1448 21.361639 5.594002
8486 20.970225 7.323822
11416 21.955723 2.968494
12616 21.425756 5.310642
7120 20.422704 9.743546
9598 21.008062 7.156606
1593 20.414207 9.781097
1111 20.757877 8.262277
25415 21.309194 5.825779
27449 20.598809 8.965264
27583 20.681606 8.599349
16297 20.919400 7.548438
17516 20.687464 8.573462
27046 20.739280 8.344467
11816 22.068481 2.470170
11458 21.621389 4.446058
28416 20.496332 9.418154
15566 21.884457 3.283451
7174 21.392522 5.457518
5578 20.393408 9.873018
24474 20.713106 8.460139
23007 20.422894 9.742708
103 20.578591 9.054617
25572 20.821870 7.979465
30186 20.873493 7.751320
13653 21.513173 4.924309
4587 20.459926 9.579046
7103 20.539780 9.226138
26524 21.112146 6.696614
13196 21.355582 5.620768
11620 21.242531 6.120391
4475 21.165508 6.460785
2726 21.343171 5.675617
13774 21.260047 6.042980
31153 21.350800 5.641904
5057 20.375835 9.950680
1527 20.847246 7.867318
10535 20.424032 9.737678
17711 21.135113 6.595114
8984 20.937247 7.469565
6901 20.647376 8.750628
32423 20.545284 9.201814
23659 21.176625 6.411653
15213 20.607056 8.928817
2430 21.154101 6.511199
7756 21.960717 2.946427
2719 20.403761 9.827262
2454 20.605089 8.937513
32905 21.345150 5.666874
26593 20.863568 7.795185
1011 22.266920 1.593188
13704 21.694867 4.121327
18677 21.137090 6.586379
32809 20.912747 7.577844
14765 21.110916 6.702053
21163 21.110476 6.703997
26134 21.646974 4.332986
1118 21.171327 6.435069
5405 21.436333 5.263897
31719 20.454595 9.602609
2736 20.508937 9.362449
9510 20.948060 7.421782
34561 21.333887 5.716650
1177 20.970965 7.320553
12184 20.585827 9.022640
26538 20.440467 9.665046
6203 21.035412 7.035735
12451 21.227114 6.188526
6018 20.773055 8.195201
26249 21.034357 7.040396
21776 20.394288 9.869130
16444 20.606277 8.932263
3925 20.655248 8.715837
15566 21.059554 6.929042
14763 22.494319 0.588214
4612 21.979765 2.862243
26287 21.023576 7.088042
822 21.922748 3.114228
4265 21.286391 5.926554
2496 21.210708 6.261029
15535 21.322892 5.765242
24044 22.138312 2.161561
23463 21.042433 7.004704
6801 22.417248 0.928826
10 20.566439 9.108322
8813 20.660636 8.692027
9489 20.949285 7.416365
8128 20.461494 9.572117
37043 21.223080 6.206352
7638 21.295970 5.884221
30488 21.281431 5.948475
12400 20.441282 9.661443
14425 20.599666 8.961479
11585 21.903358 3.199917
15414 21.978574 2.867509
20520 21.131972 6.608996
32711 21.449075 5.207583
9335 20.572563 9.081258
1219 20.491502 9.439501
16441 20.996038 7.209744
4930 21.696861 4.112517
7971 20.896814 7.648256
14303 21.684078 4.169007
3654 21.543294 4.791192
4187 21.233918 6.158456
22761 21.015175 7.125171
7927 20.723338 8.414922
8489 20.529951 9.269576
2553 20.521520 9.306839
5338 20.475992 9.508045
3450 21.062295 6.916927
30079 20.969469 7.327164
4551 21.111260 6.700531
6014 21.306565 5.837395
6523 21.033484 7.044256
855 21.013650 7.131908
24833 21.019710 7.105130
10643 21.012620 7.136460
11239 21.164087 6.467067
32887 21.769881 3.789807
40177 21.823257 3.553917
2648 20.537327 9.236980
19473 20.563723 9.120325
3052 21.351191 5.640177
26427 22.385917 1.067288
8706 21.406207 5.397037
8634 20.400330 9.842429
12178 22.344501 1.250324
3654 20.886533 7.693695
13355 20.510984 9.353400
29294 20.525426 9.289574
9457 20.392479 9.877125
27877 22.342047 1.261167
15539 21.437904 5.256955
5503 21.218945 6.224624
4485 21.318838 5.783159
10084 22.185169 1.954476
34106 21.181133 6.391731
19549 20.376363 9.948345
35756 20.480399 9.488567
16205 21.173600 6.425023
36485 20.906976 7.603346
1462 20.384998 9.910187
10128 20.719568 8.431582
7419 20.479441 9.492804
6524 21.083985 6.821071
113 21.341026 5.685099
4323 21.880548 3.300726
13282 20.536432 9.240933
3798 20.455976 9.596505
5784 20.372865 9.963805
999 22.429942 0.872725
1524 20.699888 8.518555
31722 20.575094 9.070070
3371 20.501326 9.396084
9458 20.558977 9.141301
2513 21.281556 5.947923
6660 20.366172 9.993385
15538 20.381070 9.927544
3651 22.142493 2.143083
10691 21.866704 3.361907
7779 20.768784 8.214076
23955 20.583777 9.031699
21410 21.047484 6.982381
35719 20.372384 9.965934
4414 21.457849 5.168810
29889 20.415062 9.777320
11243 20.436506 9.682550
29480 21.561724 4.709742
694 21.721101 4.005388
5091 21.949317 2.996806
2972 20.809247 8.035251
3566 21.250517 6.085095
4445 21.218852 6.225036
34704 22.262888 1.611007
8423 20.425100 9.732957
13618 20.852849 7.842557
3755 20.605236 8.936861
45659 20.655378 8.715263
28507 22.508467 0.525689
38132 20.915791 7.564391
12452 20.842560 7.888030
9331 20.401752 9.836143
9518 21.132812 6.605282
29785 20.835581 7.918870
7326 21.203154 6.294411
2857 21.210280 6.262921
32990 21.105689 6.725151
17060 21.231132 6.170765
6823 20.684345 8.587245
2569 20.947566 7.423962
25273 20.579755 9.049473
4564 21.967399 2.916893
4635 20.942512 7.446297
30550 20.633796 8.810644
5195 21.457621 5.169819
8297 20.624869 8.850096
13922 20.872911 7.753894
7735 21.083380 6.823742
13201 21.341978 5.680890
9873 22.549064 0.346276
24457 22.052554 2.540561
2436 22.143044 2.140644
12702 20.445278 9.643781
27368 21.098665 6.756194
19087 20.786597 8.135354
913 21.513230 4.924057
14536 20.612129 8.906399
2811 21.046440 6.986997
26923 20.679212 8.609930
22293 20.841097 7.894495
8526 21.603418 4.525477
25558 22.038265 2.603709
7904 20.651556 8.732153
34570 20.990391 7.234702
16346 20.778584 8.170765
3351 20.937670 7.467696
23706 20.420268 9.754310
35723 21.077730 6.848715
33987 20.548597 9.187173
12609 20.786717 8.134823
2478 21.295978 5.884186
8638 20.757709 8.263018
3945 21.299170 5.870078
1984 20.879873 7.723126
20362 20.825616 7.962909
14126 20.710291 8.472581
18445 21.677601 4.197632
22750 20.665391 8.671010
6580 21.016892 7.117582
3080 21.471126 5.110132
2280 22.016395 2.700360
52602 20.869523 7.768868
6414 22.173737 2.005001
2394 21.048748 6.976799
14727 21.836494 3.495421
27000 21.025768 7.078354
29153 20.945750 7.431987
18304 20.481464 9.483863
12206 20.524798 9.292352
13445 22.084422 2.399721
1144 20.708790 8.479214
29455 20.425599 9.730754
595 20.740636 8.338475
14161 20.435311 9.687832
5528 22.003398 2.757801
336 20.675853 8.624774
49036 20.372541 9.965240
8896 21.635578 4.383351
9554 21.323339 5.763265
26671 21.280557 5.952337
1138 21.959588 2.951414
1380 20.428511 9.717882
41905 21.650917 4.315561
3271 20.710883 8.469964
44118 20.553617 9.164987
11324 20.808338 8.039270
12925 20.401359 9.837878
9980 22.041277 2.590396
11651 20.916292 7.562177
9152 20.762299 8.242737
2007 22.218059 1.809123
3744 20.394192 9.869555
2961 21.533238 4.835634
42114 21.074673 6.862225
14611 21.663614 4.259449
17444 20.401241 9.838401
6340 20.707186 8.486302
772 20.817084 8.000615
6053 22.182834 1.964799
2828 20.482566 9.478990
15455 21.654776 4.298509
3234 20.891778 7.670515
2181 20.479865 9.490928
5623 20.749868 8.297674
29665 20.497857 9.411413
8619 21.751767 3.869862
8180 21.518579 4.900418
15728 21.305741 5.841040
28 21.512666 4.926551
36378 20.714195 8.455328
287 21.195128 6.329884
20926 21.512521 4.927191
3186 21.277586 5.965468
9370 20.883611 7.706607
29843 21.064880 6.905504
34242 22.159826 2.066479
4159 21.355087 5.622958
14557 21.400538 5.422092
6125 21.637760 4.373705
5272 21.239675 6.133012
4188 21.103373 6.735385
21593 21.406407 5.396154
2410 21.119293 6.665027
18390 21.114691 6.685366
253 20.604327 8.940877
7724 20.406752 9.814046
13740 20.427310 9.723192
4775 20.401340 9.837963
10593 21.612644 4.484704
16056 20.666011 8.668273
11250 21.401045 5.419849
18621 21.092146 6.785005
2047 22.164767 2.044645
21343 20.986415 7.252272
2150 21.180167 6.396003
1031 20.927780 7.511403
36812 21.490770 5.023318
4776 21.028626 7.065723
863 20.729727 8.386686
25065 20.964756 7.347991
13504 20.617316 8.883476
305 20.693381 8.547312
15577 21.958972 2.954136
3434 20.689011 8.566624
7412 20.814617 8.011518
1529 21.045924 6.989278
5018 20.780176 8.163729
20488 21.968049 2.914021
24103 20.819836 7.988455
50362 20.887077 7.691291
3592 22.197273 1.900984
25950 20.391352 9.882102
19500 21.622357 4.441778
16712 21.155132 6.506641
6022 21.589783 4.585736
28671 20.667898 8.659933
32368 20.631800 8.819465
21459 20.570810 9.089003
4848 20.910727 7.586768
2121 21.132262 6.607716
5484 21.130936 6.613574
22184 21.432917 5.278996
4112 21.131845 6.609555
15511 22.284513 1.515438
6195 20.915551 7.565450
35985 21.209863 6.264763
10610 20.835061 7.921167
26807 20.719376 8.432430
43552 20.869194 7.770322
1959 20.518986 9.318038
48126 21.590062 4.584507
9380 20.972777 7.312545
3668 20.449036 9.627174
6614 20.728381 8.392634
10434 21.123018 6.648569
303 21.361866 5.592996
7032 21.656046 4.292895
19100 20.733115 8.371713
9322 21.174365 6.421644
4202 22.507782 0.528715
10823 21.916863 3.140235
12157 20.629756 8.828498
30967 20.985442 7.256571
6233 20.670847 8.646900
53165 21.295353 5.886948
13699 22.076427 2.435057
38794 20.658260 8.702526
10025 20.582107 9.039080
9681 21.112426 6.695377
10466 21.321594 5.770975
4370 21.701042 4.094037
11564 20.617640 8.882044
1931 21.049971 6.971391
14239 20.941782 7.449526
11917 21.025973 7.077450
15910 20.509427 9.360280
10516 20.685381 8.582670
20373 20.827277 7.955569
5837 21.601898 4.532196
13147 20.836388 7.915305
6634 20.949164 7.416901
10458 22.003945 2.755385
33209 21.207866 6.273589
7127 21.477450 5.082186
8406 20.433346 9.696515
6668 22.360907 1.177820
3271 21.533854 4.832911
9183 20.401114 9.838960
16404 20.673278 8.636156
15042 20.750864 8.293270
27554 20.734441 8.365851
7338 20.397182 9.856339
3565 21.588732 4.590381
39947 20.404694 9.823140
1390 20.932965 7.488489
8500 21.530225 4.848949
289 22.102264 2.320870
17408 20.493518 9.430589
796 21.566629 4.688066
3364 20.456350 9.594853
763 21.722668 3.998462
14938 20.379739 9.933429
20630 21.027331 7.071449
15522 20.822936 7.974754
10591 20.894840 7.656981
8966 20.933143 7.487704
1907 20.742648 8.329579
40142 20.371446 9.970078
11970 20.512355 9.347340
26744 20.439510 9.669272
9664 20.861937 7.802395
15680 21.423593 5.320201
2247 21.156099 6.502367
30214 22.403064 0.991509
3040 21.375741 5.531679
18532 20.584022 9.030614
7580 22.072473 2.452528
15351 20.970053 7.324584
18005 20.928056 7.510186
1826 20.452426 9.612194
8404 21.484483 5.051104
7589 20.856508 7.826385
17969 21.435445 5.267824
48037 21.908006 3.179378
25646 21.115995 6.679604
6009 21.584507 4.609054
17400 20.776431 8.180280
18786 22.213124 1.830933
21782 21.480011 5.070867
18344 20.712340 8.463526
9379 20.445980 9.640681
16593 21.274859 5.977519
11854 21.789921 3.701246
564 21.806034 3.630035
6138 21.764317 3.814397
3938 20.517825 9.323169
14849 20.688446 8.569123
26041 20.438435 9.674026
2374 20.454847 9.601494
10260 20.566144 9.109627
23867 20.941781 7.449530
1109 22.289786 1.492134
922 20.550286 9.179709
6524 20.876158 7.739547
15760 22.219617 1.802238
12995 21.081344 6.832743
33931 21.063782 6.910354
21537 21.522211 4.884368
3547 22.443547 0.812599
27935 20.845675 7.874263
12801 21.159178 6.488762
2572 21.888144 3.267157
31990 21.006144 7.165083
13172 20.835524 7.919122
10597 20.671383 8.644531
20330 21.221218 6.214581
2387 21.783448 3.729853
1096 22.009273 2.731836
50811 20.985671 7.255560
15269 20.412311 9.789478
33620 21.029169 7.063326
12861 21.222802 6.207581
83 21.905819 3.189043
31373 20.378716 9.937947
35987 21.075412 6.858959
4209 21.346348 5.661578
6324 20.369738 9.977625
13047 20.992121 7.227056
6322 20.938437 7.464309
31001 20.742862 8.328635
2436 20.809602 8.033682
21749 21.303843 5.849427
7318 20.457919 9.587918
19117 20.981444 7.274243
16043 21.333799 5.717038
36502 20.409640 9.801281
231 20.457869 9.588139
5949 21.660543 4.273018
1425 21.607640 4.506820
7742 22.434803 0.851240
14058 21.165897 6.459068
16863 21.069236 6.886254
2451 21.673027 4.217846
2564 22.086828 2.389088
2094 22.060855 2.503873
52484 21.551933 4.753015
198 21.946402 3.009689
15252 20.415585 9.775007
3420 20.818273 7.995364
24520 20.419689 9.756873
15957 21.870958 3.343110
24117 21.026639 7.074505
166 21.369921 5.557399
3839 21.723450 3.995008
27318 20.610090 8.915411
2106 20.623526 8.856031
1082 22.513967 0.501383
6634 20.734834 8.364115
60031 20.534087 9.251299
26962 20.770956 8.204478
6609 22.046674 2.566545
7946 21.281049 5.950161
1000 22.053662 2.535662
8143 20.432888 9.698538
8347 21.211648 6.256873
408 20.599030 8.964288
26489 21.169863 6.441541
53988 21.803209 3.642521
15691 22.079412 2.421862
6154 20.738706 8.347004
4252 20.870609 7.764068
7962 21.220306 6.218609
2997 20.494765 9.425080
5597 21.838576 3.486216
7269 20.554397 9.161542
25005 20.731600 8.378406
5271 20.568463 9.099378
11880 21.388501 5.475286
4901 20.970143 7.324187
5037 21.702592 4.087187
17580 20.491755 9.438382
32870 21.337808 5.699321
23144 21.765358 3.809798
13970 20.979820 7.281418
10 20.686232 8.578905
20995 20.713776 8.457176
6174 21.912360 3.160134
28290 21.726308 3.982378
22417 21.068503 6.889491
16535 21.804504 3.636798
23485 20.645843 8.757401
1638 20.731017 8.380981
69363 20.689374 8.565021
19690 20.374367 9.957169
10979 22.060483 2.505516
8569 21.206059 6.281575
35993 22.025924 2.658248
703 20.745620 8.316448
14828 22.167297 2.033461
27912 22.020430 2.682529
8269 20.512445 9.346944
44252 21.591726 4.577152
2700 20.776844 8.178455
9290 21.556484 4.732899
12884 21.852295 3.425589
2905 21.475388 5.091299
1747 20.743027 8.327908
5103 20.932678 7.489761
34493 22.060890 2.503717
24475 20.937018 7.470581
7549 20.562646 9.125084
5984 21.369404 5.559683
6661 20.419080 9.759561
10153 21.035912 7.033526
10857 20.960913 7.364977
19538 21.786196 3.717706
7780 21.707538 4.065330
6933 20.521059 9.308874
616 21.454788 5.182335
7441 21.750339 3.876172
8301 20.604081 8.941967
2950 21.808425 3.619466
29229 21.588435 4.591694
11459 20.752692 8.285193
1590 21.419337 5.339008
3000 21.108688 6.711898
4353 20.517506 9.324578
19471 20.556131 9.153877
16345 20.762136 8.243454
17981 20.874229 7.748068
4321 21.379279 5.516043
8360 20.711843 8.465723
2685 21.050351 6.969713
946 21.433183 5.277818
33594 21.808787 3.617866
23005 20.538120 9.233475
37298 20.894926 7.656599
17087 21.368556 5.563431
19965 21.608189 4.504394
40743 22.470865 0.691867
27824 21.496661 4.997282
8185 21.607175 4.508875
17148 21.229153 6.179514
2808 21.375804 5.531402
27826 21.518149 4.902318
598 22.322847 1.346023
649 20.792805 8.107916
26624 20.639877 8.783771
2927 22.293587 1.475333
24064 20.705856 8.492181
3549 20.642510 8.772130
15653 20.450809 9.619340
1637 20.883029 7.709181
20383 20.416795 9.769661
21016 21.814341 3.593322
8337 21.442371 5.237215
12151 20.872183 7.757111
1314 22.243617 1.696174
5959 20.705674 8.492986
3076 21.131953 6.609080
9749 20.563927 9.119423
7835 22.004397 2.753388
31580 20.617460 8.882838
1645 21.338130 5.697899
12358 20.861254 7.805412
5233 20.375228 9.953363
5784 20.568343 9.099906
219 20.450842 9.619193
10078 20.833672 7.927309
11323 20.737915 8.350496
18422 21.986487 2.832536
46771 21.215176 6.241283
13679 21.468020 5.123857
1292 20.540256 9.224034
7116 20.904602 7.613839
10101 21.833477 3.508751
52213 21.580660 4.626055
909 21.096491 6.765801
20695 20.417944 9.764584
1180 20.838240 7.907120
810 20.435640 9.686375
18677 21.037538 7.026337
24257 21.445490 5.223430
241 22.046755 2.566190
27191 21.423181 5.322021
3575 21.593515 4.569245
30737 21.503026 4.969151
14797 20.371338 9.970553
911 20.471956 9.525881
816 21.124378 6.642554
8175 21.081261 6.833107
2431 20.611313 8.910003
10772 20.423572 9.739709
2320 21.577114 4.641725
71028 20.775064 8.186322
1234 20.387881 9.897444
31151 21.992417 2.806329
17306 21.632434 4.397246
19148 21.058997 6.931503
2326 20.640613 8.780515
1893 21.214440 6.244537
138 22.475909 0.669578
2634 20.507508 9.368761
42602 20.832326 7.933254
9123 21.251786 6.079487
27452 20.742949 8.328251
53823 21.305529 5.841976
27310 21.103526 6.734710
35000 20.940853 7.453631
1633 20.382978 9.919112
27358 20.619657 8.873131
11004 20.733449 8.370235
5708 20.834815 7.922256
32882 21.777581 3.755781
43690 20.953193 7.399094
12974 20.925147 7.523042
2465 21.093386 6.779523
4287 22.260732 1.620536
37646 20.381942 9.923690
5691 20.683404 8.591405
25747 21.843509 3.464417
24633 20.466089 9.551813
32127 21.146633 6.544205
21094 21.560759 4.714009
3619 22.135054 2.175957
8426 21.320964 5.773760
3251 21.410480 5.378152
7575 20.701394 8.511900
8784 20.626099 8.844657
47032 20.480392 9.488599
23341 21.070673 6.879901
3728 21.120691 6.658852
44324 20.764926 8.231123
3632 20.635144 8.804687
23098 21.249849 6.088047
5036 20.703319 8.503391
4924 20.896665 7.648916
8981 21.687975 4.151788
19902 20.679542 8.608471
4212 21.769903 3.789711
48752 20.406157 9.816674
5101 20.886453 7.694046
6865 20.627291 8.839391
3534 21.040033 7.015314
17716 21.584770 4.607893
5400 20.992186 7.226767
15025 21.516566 4.909314
8890 20.657711 8.704952
1459 21.857365 3.403182
7251 20.395513 9.863714
2932 20.792876 8.107604
47097 20.527560 9.280144
26530 21.284229 5.936110
1128 21.147891 6.538643
41338 21.900948 3.210571
7515 20.395795 9.862467
3412 21.992799 2.804642
3723 22.398720 1.010708
108 20.691327 8.556389
2209 22.091532 2.368298
3540 21.619822 4.452985
2039 21.698717 4.104314
33084 20.470586 9.531937
542 20.944110 7.439237
17473 20.661198 8.689542
5035 21.188421 6.359526
23555 20.722409 8.419027
40409 21.357848 5.610753
41137 21.925210 3.103346
60412 21.060848 6.923321
5602 22.047931 2.560988
25588 21.181997 6.387916
36515 21.239333 6.134524
20315 21.385941 5.486601
13962 20.642465 8.772330
9541 21.005074 7.169812
38098 20.475145 9.511787
3522 21.947885 3.003135
354 21.009069 7.152156
5562 20.488560 9.452500
9752 20.621348 8.865657
13633 21.291468 5.904117
82314 20.567101 9.105397
5953 20.833559 7.927808
13525 20.682209 8.596686
15166 20.980162 7.279907
31570 21.105514 6.725925
14076 20.389301 9.891167
48920 21.385941 5.486599
2211 20.943695 7.441070
30970 21.890352 3.257398
17996 20.614528 8.895796
2243 20.397641 9.854313
15914 22.002138 2.763370
8786 21.788148 3.709082
3201 20.830548 7.941113
2084 22.162755 2.053534
15662 21.804116 3.638510
361 20.387989 9.896966
3177 21.851033 3.431164
2573 21.762163 3.823917
1175 20.556483 9.152321
212 20.641360 8.777215
21401 21.069709 6.884164
29134 21.228462 6.182568
14907 21.352632 5.633806
2194 21.445022 5.225497
5270 22.198395 1.896026
45963 20.902269 7.624149
873 21.349449 5.647876
1910 20.706168 8.490799
1218 21.816850 3.582235
10445 21.796253 3.673259
3040 21.151997 6.520499
7264 20.888386 7.685505
6315 20.828084 7.952002
34274 20.772345 8.198337
5397 20.428268 9.718959
14145 20.872573 7.755387
34802 21.439821 5.248484
32504 20.958488 7.375692
1871 20.412163 9.790133
5221 21.158214 6.493019
25172 20.491641 9.438888
16040 20.824450 7.968063
3712 20.913491 7.574554
2517 20.776573 8.179651
755 20.398809 9.849148
1108 21.848238 3.443519
3417 21.333160 5.719861
6970 20.406341 9.815863
6458 20.950036 7.413045
3395 20.892421 7.667672
3970 20.630117 8.826903
6005 20.582465 9.037496
12448 20.650370 8.737394
7578 20.765066 8.230507
44431 20.844596 7.879032
11738 20.916111 7.562973
6422 21.014475 7.128263
14354 21.751732 3.870018
11315 21.223625 6.203943
17353 20.732543 8.374240
3101 20.862610 7.799418
988 20.783403 8.149468
3849 21.751438 3.871318
184 21.139650 6.575064
34169 20.948827 7.418390
40669 21.538386 4.812881
44223 21.410778 5.376835
14155 21.026672 7.074362
3787 21.480426 5.069033
1129 20.848959 7.859746
18627 20.829152 7.947282
3601 21.163820 6.468245
15068 21.880346 3.301619
12110 20.919479 7.548093
7469 20.922747 7.533649
4818 22.106075 2.304028
40518 20.462135 9.569285
9805 20.649945 8.739276
3397 20.754796 8.275892
32697 20.835071 7.921124
4160 20.371989 9.967680
12861 21.235925 6.149585
24068 20.544144 9.206854
37175 21.999476 2.775135
33227 21.676040 4.204533
18657 21.859607 3.393274
17289 21.807281 3.624525
2508 21.066712 6.897409
25116 21.987565 2.827775
38985 21.026101 7.076883
18986 20.722835 8.417143
29593 21.470041 5.114927
4185 20.640537 8.780854
5533 20.473557 9.518806
3391 21.213632 6.248106
6812 20.365840 9.994852
20297 21.750239 3.876614
31364 21.399863 5.425072
3497 21.646327 4.335847
10252 20.397374 9.855490
75213 21.131616 6.610570
33698 21.045318 6.991958
14243 21.270965 5.994728
8598 20.584018 9.030634
1400 21.437194 5.260092
21227 20.468681 9.540355
18338 22.283222 1.521142
12914 21.119144 6.665688
6566 20.694876 8.540707
128 20.786031 8.137852
70740 21.357049 5.614286
70506 22.114451 2.267013
1322 20.935150 7.478835
41946 20.742995 8.328049
6155 20.611893 8.907440
4051 20.978066 7.289169
10315 20.818489 7.994408
994 20.672514 8.639534
35104 21.248371 6.094579
16782 21.258677 6.049034
2809 20.413065 9.786145
45707 20.772362 8.198264
2268 21.809355 3.615356
1142 20.929991 7.501633
21017 20.659843 8.695530
17997 20.530424 9.267486
19996 22.125383 2.218697
5309 20.699316 8.521085
2048 20.448149 9.631097
28837 22.491122 0.602344
5202 20.718959 8.434272
87359 20.869098 7.770746
28565 21.216819 6.234020
11842 20.545554 9.200622
15624 20.396380 9.859886
16643 20.763453 8.237634
34830 20.796756 8.090456
4267 20.766938 8.222234
11170 20.801648 8.068836
6868 21.274828 5.977654
10651 20.541417 9.218903
8662 21.152154 6.519804
50822 21.372640 5.545382
2024 20.480192 9.489483
5980 20.411371 9.793632
10748 21.364500 5.581359
17645 20.544929 9.203385
3803 21.039933 7.015752
62073 20.726058 8.402897
27938 20.466441 9.550255
2190 20.561824 9.128718
2388 21.731003 3.961628
3989 21.985554 2.836661
18781 21.067477 6.894026
34615 20.859843 7.811646
34106 21.262922 6.030274
15177 22.150397 2.108150
11467 21.156567 6.500301
13294 20.905677 7.609086
5205 20.570191 9.091741
20095 20.961673 7.361617
5796 20.806983 8.045257
27344 20.811709 8.024373
26502 21.297981 5.875334
2914 20.396763 9.858193
839 20.913295 7.575419
11289 20.936748 7.471771
24074 21.053833 6.954323
54362 20.823079 7.974123
16348 20.495122 9.423499
9468 20.524066 9.295586
10290 21.166246 6.457525
10636 21.190419 6.350692
13872 21.092935 6.781519
15776 20.902251 7.624230
10052 20.890378 7.676698
32052 20.975743 7.299437
13210 21.449522 5.205608
9290 22.536961 0.399764
66638 21.301578 5.859435
14182 20.801269 8.070509
80142 21.324798 5.756817
36166 20.948635 7.419237
773 20.530356 9.267788
33486 20.880506 7.720328
33233 20.724142 8.411367
11637 20.673157 8.636691
6358 21.159361 6.487954
2097 20.906907 7.603653
5602 21.146520 6.544701
5658 22.297654 1.457361
62114 20.900545 7.631768
16220 20.852993 7.841919
501 20.450221 9.621938
22965 20.819357 7.990572
9010 20.557158 9.149340
12105 20.491505 9.439488
2196 20.669734 8.651819
9130 21.945853 3.012116
51553 21.595980 4.558350
19092 20.624184 8.853125
68355 22.333550 1.298722
890 20.573947 9.075143
16129 21.303604 5.850480
5711 20.600926 8.955911
1700 20.686442 8.577978
39974 20.621629 8.864414
19149 20.429978 9.711399
7773 20.944575 7.437181
50122 20.831680 7.936113
26589 20.702897 8.505255
39474 20.680899 8.602476
12069 21.288653 5.916557
1065 20.653306 8.724421
29963 22.016730 2.698881
2084 20.367971 9.985437
12661 20.721081 8.424893
13846 21.174994 6.418865
13890 21.113645 6.689990
7586 21.719313 4.013292
3811 20.540984 9.220820
14437 22.508711 0.524613
15907 21.592661 4.573017
9306 20.631241 8.821936
1800 20.574485 9.072765
2942 20.422117 9.746142
7955 21.050824 6.967622
42542 21.529824 4.850720
26448 21.215715 6.238900
34683 20.630738 8.824159
2439 21.752191 3.867990
1136 21.019009 7.108224
1938 20.372729 9.964407
9799 20.534770 9.248280
13975 21.546517 4.776949
32044 21.997727 2.782861
181 21.804989 3.634651
10603 21.088858 6.799536
13181 20.407104 9.812488
3578 20.695934 8.536030
9927 20.656421 8.710654
97227 21.881604 3.296058
3582 21.495935 5.000492
6151 20.734614 8.365088
3548 21.328951 5.738462
15608 21.458070 5.167834
20503 21.689978 4.142935
698 21.516914 4.907776
42267 21.418401 5.343148
34551 21.079948 6.838912
12434 22.128830 2.203462
1564 21.094112 6.776316
8389 22.243325 1.697464
1256 21.416127 5.353197
8135 21.130747 6.614408
18269 20.608189 8.923809
2687 21.711375 4.048370
16992 21.017289 7.115829
28072 20.624848 8.850190
9673 21.674906 4.209543
8216 22.184410 1.957832
3263 20.670926 8.646550
906 20.397695 9.854071
62959 20.520457 9.311538
5426 20.426299 9.727658
16053 20.506397 9.373675
2560 20.403261 9.829476
7809 20.948579 7.419488
57554 20.933981 7.484001
15660 21.405453 5.400370
35210 21.110069 6.705794
18309 20.732763 8.373265
21608 20.749779 8.298066
15848 20.941199 7.452103
47318 21.000447 7.190257
7262 21.625408 4.428296
8875 21.611163 4.491250
5554 21.114613 6.685712
2293 21.365168 5.578406
11430 21.560770 4.713960
385 20.410340 9.798187
20270 21.741833 3.913767
863 21.904732 3.193849
16711 20.400701 9.840787
22906 20.442466 9.656213
3033 20.552468 9.170066
20084 20.657591 8.705485
65086 21.034748 7.038667
45564 21.122988 6.648698
10208 21.255703 6.062177
2433 20.914116 7.571793
7178 20.850407 7.853348
25969 22.160584 2.063129
24866 20.547845 9.190497
28609 21.104772 6.729204
81780 20.778767 8.169957
15651 21.661933 4.266875
13273 21.464077 5.141283
31287 21.392335 5.458342
17796 21.017380 7.115425
18944 21.213563 6.248411
9451 20.852333 7.844837
8237 20.848789 7.860499
4644 22.167735 2.031527
15823 21.068817 6.888102
13127 21.422891 5.323302
12742 21.706444 4.070164
5242 22.355049 1.203706
10485 21.205384 6.284558
3458 21.447839 5.213048
5763 22.073017 2.450126
31021 20.462885 9.565969
1091 20.950867 7.409373
15755 20.917528 7.556714
11616 20.901105 7.629292
60948 20.506554 9.372979
5701 20.799792 8.077038
16922 20.533630 9.253320
4127 20.470155 9.533841
6657 20.574450 9.072917
27466 21.810547 3.610091
4353 21.340427 5.687745
32994 22.094340 2.355889
6691 20.982053 7.271549
21476 20.478737 9.495916
5171 20.687944 8.571341
160 20.649693 8.740390
34529 21.084227 6.820001
3007 21.031704 7.052122
6465 21.744431 3.902283
3020 20.441817 9.659081
540 20.744726 8.320399
12034 21.070273 6.881669
4279 21.800722 3.653510
17932 20.979168 7.284301
12488 21.483567 5.055149
8615 20.609978 8.915904
27172 22.168946 2.026175
23712 21.069514 6.885024
25549 21.759833 3.834215
5389 21.432741 5.279774
3418 22.173718 2.005083
4241 20.808835 8.037072
20376 21.898737 3.220342
28057 21.068840 6.888002
10207 21.466710 5.129648
49858 21.028821 7.064863
3475 21.293029 5.897216
55254 21.851043 3.431121
1668 20.664657 8.674256
15531 22.060426 2.505772
81736 20.773256 8.194310
51789 20.947969 7.422183
8346 22.386637 1.064107
253 20.970277 7.323592
4824 21.015308 7.124582
16589 22.013390 2.713640
3336 21.328305 5.741319
6925 21.211065 6.259449
10025 20.793359 8.105467
8965 21.865442 3.367484
43092 20.399341 9.846796
27620 21.677310 4.198917
17151 20.873945 7.749325
8156 21.290979 5.906276
2881 20.549918 9.181336
20638 20.980929 7.276517
346 21.158290 6.492685
6789 20.903569 7.618406
3643 22.214369 1.825431
39253 20.367088 9.989339
9682 21.775331 3.765722
831 21.341696 5.682137
25972 20.630306 8.826068
7190 20.727376 8.397073
23731 20.927322 7.513428
23277 20.738979 8.345795
2744 21.908951 3.175200
17583 21.934057 3.064248
17982 21.604314 4.521517
8554 21.072310 6.872666
24438 20.478706 9.496049
7748 21.192411 6.341891
16692 21.574062 4.655216
15832 21.479687 5.072297
1007 21.024741 7.082894
8743 20.490067 9.445843
16377 21.612844 4.483821
3591 21.184615 6.376344
12007 20.591235 8.998738
45428 20.921972 7.537075
2229 22.103377 2.315951
5354 21.287198 5.922988
14908 21.117857 6.671375
3578 20.441195 9.661828
795 20.470288 9.533253
24486 21.233959 6.158273
69025 21.811859 3.604292
5950 21.885432 3.279141
2251 21.306955 5.835671
9541 20.401249 9.838365
3199 21.938785 3.043351
2195 21.908558 3.176939
12474 20.915902 7.563901
4597 21.034904 7.037979
27343 22.391389 1.043107
1668 21.269148 6.002760
2598 20.899722 7.635405
61312 20.853028 7.841767
5461 20.688722 8.567903
35838 21.470745 5.111816
7376 21.122458 6.651040
5268 20.717351 8.441379
55271 20.942042 7.448376
990 21.026575 7.074787
4133 20.565173 9.113915
41675 20.571101 9.087717
55499 20.777683 8.174748
29609 21.239519 6.133702
14120 21.149905 6.529744
25146 20.727990 8.394363
3247 21.017111 7.116615
11632 20.960651 7.366133
13791 21.346457 5.661095
7973 20.834918 7.921803
12618 21.748265 3.885337
33429 21.389910 5.469058
53481 20.383556 9.916556
16608 22.185605 1.952552
12582 21.712876 4.041741
36961 20.823747 7.971171
6594 20.566725 9.107058
7976 20.854815 7.833868
10956 20.425317 9.731998
4876 22.204610 1.868559
4036 21.215486 6.239912
1772 20.813696 8.015589
11582 20.457317 9.590576
3176 20.402237 9.833997
22051 22.049138 2.555657
2430 21.155968 6.502946
17384 20.763241 8.238572
19861 21.548900 4.766418
10419 20.955477 7.389001
41650 21.917957 3.135398
10875 20.612932 8.902852
7226 21.423632 5.320028
17507 20.998598 7.198432
2597 20.921214 7.540422
16996 21.563122 4.703565
15034 21.231763 6.167977
2719 20.959475 7.371331
467 21.745220 3.898796
6146 21.003565 7.176481
13569 22.333443 1.299196
14781 20.969601 7.326579
6900 20.675234 8.627512
9553 21.600923 4.536507
5545 22.427250 0.884622
29444 21.179521 6.398855
17568 21.445168 5.224852
48199 20.738982 8.345780
20643 20.746574 8.312232
508 20.510193 9.356895
22808 20.852685 7.843283
88 20.902950 7.621140
7959 21.686170 4.159762
10265 20.440273 9.665902
19216 20.490799 9.442608
28159 21.052413 6.960601
14113 20.601284 8.954328
31289 21.026937 7.073187
3076 20.420907 9.751487
51437 20.532629 9.257744
4855 21.802722 3.644670
6453 20.366206 9.993234
19053 20.886997 7.691644
44885 21.271953 5.990361
13868 20.390605 9.885405
8386 20.535868 9.243427
10096 20.892910 7.665510
16811 21.606426 4.512185
9049 20.865914 7.784819
9385 21.281472 5.948291
4076 20.584962 9.026463
26081 20.540407 9.223368
20032 20.651319 8.733201
5117 21.348352 5.652720
4906 20.838500 7.905969
12295 21.410633 5.377476
28441 21.670824 4.227584
3176 20.888065 7.686922
4824 20.934894 7.479967
57051 21.257622 6.053697
7249 21.497210 4.994856
12068 21.417804 5.345784
42924 20.864096 7.792851
25057 21.230264 6.174604
31605 20.669717 8.651895
11435 20.511679 9.350331
15528 21.483377 5.055989
4510 20.841273 7.893716
6372 21.425877 5.310108
16424 20.822646 7.976035
1524 20.992086 7.227211
14146 21.740762 3.918499
5715 21.110927 6.702001
48146 20.410888 9.795769
31997 21.650313 4.318229
2433 21.499463 4.984898
4044 21.147714 6.539426
110 20.971792 7.316899
24708 20.701556 8.511184
60900 22.421879 0.908359
10092 20.597705 8.970143
30169 21.706120 4.071598
1336 21.315211 5.799188
483 21.863149 3.377620
7769 20.714267 8.455009
19612 20.509423 9.360300
13255 20.495786 9.420569
428 21.181107 6.391845
7255 21.675927 4.205031
13859 20.564824 9.115458
9506 21.488335 5.034080
26127 20.862877 7.798239
4900 21.077450 6.849952
21800 21.521995 4.885322
500 20.562568 9.125428
2371 21.319606 5.779763
12183 21.848413 3.442742
24033 21.169145 6.444713
9677 21.606941 4.509909
10524 20.961010 7.364548
32060 21.699398 4.101302
22317 20.435891 9.685269
11318 21.750759 3.874319
76010 21.401360 5.418459
39257 20.495909 9.420025
21151 22.268336 1.586930
2214 22.089332 2.378021
15273 22.239762 1.713209
925 21.061744 6.919361
3689 21.293420 5.895490
35670 20.926761 7.515907
2689 20.920023 7.545685
3131 20.403709 9.827494
75594 21.552557 4.750256
17156 20.470668 9.531573
3676 20.667232 8.662876
17428 20.425525 9.731080
42593 21.196619 6.323293
6186 21.257488 6.054289
8026 20.506517 9.373142
13668 21.856934 3.405087
20464 21.058831 6.932237
11564 22.159367 2.068507
21717 20.888487 7.685058
49801 20.414633 9.779215
2570 21.952921 2.980879
1561 20.578747 9.053928
14161 21.828550 3.530525
35262 20.661622 8.687669
14409 21.021611 7.096726
14512 21.310595 5.819587
20646 20.752147 8.287600
21377 21.438982 5.252188
16507 20.811098 8.027071
5036 20.473354 9.519705
19765 21.034628 7.039198
84280 21.292299 5.900442
28711 21.987001 2.830264
11427 21.656043 4.292906
12849 20.499667 9.403416
13202 20.467138 9.547174
33785 21.427735 5.301896
18087 21.387818 5.478304
7438 21.426088 5.309174
3792 21.809712 3.613781
289 20.515919 9.331591
3709 21.257477 6.054336
4724 21.338690 5.695422
40780 21.584627 4.608524
30935 20.388145 9.896279
17638 21.771746 3.781566
6015 22.197058 1.901937
13301 20.448232 9.630728
4765 20.759012 8.257262
6038 21.204373 6.289026
6774 22.060864 2.503834
11673 21.437426 5.259066
14892 21.000220 7.191263
10131 21.405198 5.401498
11352 21.153287 6.514794
16589 20.540391 9.223440
2768 20.453443 9.607697
678 21.334114 5.715645
50789 21.547376 4.773150
19216 20.526186 9.286217
7455 20.861658 7.803628
28513 20.620253 8.870496
138 20.762202 8.243163
10157 21.163496 6.469678
14586 20.718588 8.435913
28445 21.846395 3.451663
7858 21.071365 6.876844
691 21.679241 4.190385
11731 21.769770 3.790299
56252 20.400295 9.842584
1387 20.458839 9.583852
4385 21.265859 6.017292
5360 20.893519 7.662821
17373 20.885839 7.696759
5637 21.079832 6.839425
35271 22.450969 0.779797
21583 21.462149 5.149805
63462 20.844887 7.877743
45871 22.070959 2.459220
25381 21.355559 5.620872
36744 20.718237 8.437464
10130 22.222794 1.788198
36921 20.865271 7.787658
2505 20.854404 7.835683
9191 21.620756 4.448853
22487 20.728747 8.391017
20780 21.197332 6.320141
1689 21.688739 4.148410
5583 20.576830 9.062401
17720 21.839264 3.483176
26622 21.880392 3.301413
45047 20.580199 9.047510
2523 20.890598 7.675729
2389 20.953422 7.398083
12284 20.932808 7.489183
2021 21.031889 7.051306
8498 21.659905 4.275838
6104 21.233608 6.159826
37716 21.662001 4.266578
8555 21.030068 7.059351
599 20.808735 8.037516
3597 21.222064 6.210841
1599 21.138126 6.581797
24730 21.575374 4.649419
24574 21.142032 6.564535
31355 20.607932 8.924948
18056 21.284106 5.936651
31565 22.037275 2.608083
30886 21.180316 6.395344
5427 21.135344 6.594093
34962 21.718894 4.015144
2092 22.050734 2.548604
6419 21.360146 5.600600
62583 20.844885 7.877753
27778 20.680837 8.602748
6383 20.479866 9.490925
26452 21.025933 7.077625
4339 20.832519 7.932404
35331 21.099663 6.751782
5776 22.059000 2.512071
2336 22.216500 1.816013
8295 20.796979 8.089468
18242 20.466810 9.548622
8552 20.888908 7.683197
4311 21.956088 2.966885
38751 21.363555 5.585532
5564 20.756304 8.269229
6670 21.145097 6.550992
25026 20.617019 8.884786
7305 20.822518 7.976602
2812 20.495952 9.419831
8700 20.902280 7.624102
23481 20.528541 9.275810
5996 20.616677 8.886298
31336 20.736751 8.355643
27517 21.125539 6.637426
7178 21.698360 4.105889
16537 20.525524 9.289144
24216 20.581780 9.040525
1664 21.987202 2.829376
23935 20.506157 9.374732
7324 20.555877 9.155001
18736 20.837131 7.912022
62843 20.577586 9.059058
28490 21.069907 6.883286
3085 20.656193 8.711663
13815 20.706904 8.487549
26743 20.586289 9.020598
20596 21.497221 4.994807
4314 22.370881 1.133740
73278 21.495152 5.003952
7498 20.410633 9.796896
46114 21.899229 3.218167
16819 20.683881 8.589295
14806 21.531112 4.845031
23795 21.637834 4.373379
5607 21.093627 6.778457
19199 22.337295 1.282171
12076 20.456402 9.594622
10759 20.643280 8.768728
20580 20.381736 9.924601
17108 22.304290 1.428034
2268 20.564792 9.115602
17325 21.608268 4.504046
18439 20.872497 7.755723
367 20.728704 8.391207
39192 20.833566 7.927777
892 20.620918 8.867558
2389 22.391561 1.042347
8552 21.619666 4.453672
739 20.489579 9.447996
1715 21.455700 5.178307
1794 21.372924 5.544129
58511 21.081479 6.832144
78485 20.616927 8.885194
15991 21.330984 5.729477
1627 21.519668 4.895603
11343 22.293294 1.476631
6491 22.227144 1.768975
5951 20.521635 9.306330
4586 20.896026 7.651742
52537 20.875816 7.741057
1922 21.010388 7.146328
1027 22.136953 2.167564
132 20.463802 9.561917
13305 21.049391 6.973957
6010 21.011346 7.142094
1997 21.266780 6.013221
10666 20.973659 7.308645
63631 21.261237 6.037719
3160 21.910094 3.170152
10530 21.571085 4.668370
5509 20.970714 7.321661
54344 21.430765 5.288506
11797 20.686980 8.575602
20292 21.138498 6.580157
306 20.503401 9.386914
6041 20.500809 9.398367
17270 21.846309 3.452043
7719 20.580916 9.044340
29038 20.700460 8.516029
30754 20.588189 9.012201
4443 20.400144 9.843249
25654 22.383652 1.077299
13480 20.603341 8.945237
17035 20.668910 8.655459
26081 21.119820 6.662702
3201 21.055025 6.949057
5220 20.718810 8.434933
10816 21.107066 6.719066
8415 20.634102 8.809292
22991 20.663693 8.678515
47439 20.367236 9.988685
8226 21.449431 5.206011
11290 20.884572 7.702361
9164 20.414697 9.778933
4902 22.141826 2.146029
22495 21.277693 5.964995
7627 20.924175 7.527336
5307 22.145001 2.131998
20554 20.600971 8.955712
620 20.647600 8.749636
6031 20.573110 9.078838
30580 21.492875 5.014017
41125 22.031758 2.632467
5227 21.227679 6.186027
14556 20.462999 9.565467
7619 20.619324 8.874599
22204 21.404485 5.404646
19624 21.386819 5.482720
17858 20.511370 9.351695
33033 21.869013 3.351702
12677 20.624431 8.852032
12180 20.689791 8.563180
1398 22.434340 0.853286
8734 22.206814 1.858818
17679 21.429586 5.293714
29293 20.951750 7.405470
1185 20.806357 8.048025
6484 21.375429 5.533058
5702 20.694244 8.543499
19525 20.757084 8.265784
28769 20.726878 8.399274
6579 21.284056 5.936872
15281 20.621206 8.866285
4980 20.522623 9.301963
20321 20.613222 8.901567
38211 21.250261 6.086228
3984 20.553188 9.166886
5265 20.878074 7.731075
17964 20.956371 7.385050
11860 21.894366 3.239659
13214 21.675158 4.208432
30072 21.810983 3.608161
8977 20.443833 9.650171
2488 21.072443 6.872078
1981 21.110070 6.705791
194 21.721239 4.004779
6951 20.884689 7.701842
20427 21.688282 4.150431
10261 20.600228 8.958995
8585 21.431416 5.285626
11060 22.034234 2.621525
55015 20.499962 9.402110
38855 22.011104 2.723747
15679 21.837447 3.491208
7111 21.914051 3.152660
6427 20.798124 8.084408
727 21.111267 6.700501
25614 20.371786 9.968575
1693 20.596093 8.977269
19537 21.099585 6.752126
29646 20.751961 8.288423
5491 20.565564 9.112188
32068 21.193335 6.337805
38853 21.135142 6.594984
7302 20.944095 7.439302
6300 20.713435 8.458683
40700 21.130776 6.614283
3550 21.612715 4.484393
25708 21.250559 6.084911
7188 21.880728 3.299930
2414 20.826188 7.960381
8240 21.392255 5.458694
25121 21.456936 5.172844
18693 20.599542 8.962027
22811 20.756030 8.270442
18482 21.185636 6.371831
73355 20.625852 8.845752
6801 20.448973 9.627451
34879 21.442910 5.234832
12555 21.365298 5.577830
1332 20.379211 9.935762
26803 20.639525 8.785326
725 20.706195 8.490681
1961 20.954184 7.394714
11432 20.453315 9.608263
23762 20.412224 9.789861
7845 20.771193 8.203431
65996 21.510975 4.934023
49718 20.514481 9.337945
34294 21.472045 5.106070
10696 21.662710 4.263445
11987 21.565679 4.692263
16087 21.151560 6.522427
14235 20.498073 9.410458
54228 20.502215 9.392154
27397 20.841736 7.891668
63372 20.696253 8.534618
30232 20.535257 9.246130
32810 20.435005 9.689183
28480 20.636542 8.798506
6241 21.972915 2.892518
41087 21.461369 5.153251
20755 20.719081 8.433735
25775 21.072494 6.871854
3010 20.419968 9.755637
374 20.839032 7.903621
8838 20.489165 9.449827
17843 22.237760 1.722056
12549 21.126261 6.634237
7437 21.724655 3.989681
11215 20.846530 7.870483
10645 21.404255 5.405661
6577 21.461769 5.151486
2299 21.483922 5.053584
55797 21.223370 6.205071
10220 21.018929 7.108578
2893 22.287948 1.500257
7747 20.395289 9.864707
51474 22.117010 2.255703
11989 20.460583 9.576142
30822 20.848560 7.861513
3051 20.754508 8.277166
437 20.426227 9.727975
1143 21.225008 6.197830
6491 20.567068 9.105543
11511 21.376369 5.528902
36233 22.235897 1.730289
3244 20.560243 9.135705
6428 21.308131 5.830477
2540 20.740506 8.339048
4921 22.123981 2.224895
1753 21.276182 5.971670
14937 20.401274 9.838254
24957 20.481205 9.485007
7903 21.637030 4.376935
2870 21.042693 7.003556
2338 20.404690 9.823160
46498 21.244374 6.112245
31364 20.585312 9.024915
6791 20.692827 8.549760
73102 20.564048 9.118889
7845 20.963455 7.353744
39263 21.884028 3.285345
669 21.244550 6.111468
2350 20.669538 8.652683
10346 20.410997 9.795286
10589 20.629400 8.830071
5088 20.698215 8.525947
44760 21.227783 6.185566
75402 21.160186 6.484305
45415 21.655326 4.296077
856 21.238435 6.138493
18826 20.508851 9.362826
16350 20.621957 8.862963
15663 20.639878 8.783763
24866 21.231151 6.170682
8963 22.126644 2.213125
5111 20.531287 9.263675
24432 22.204178 1.870470
58328 21.242037 6.122571
4336 21.872704 3.335393
9506 21.896115 3.231929
51025 21.629312 4.411041
7113 20.503883 9.384782
2875 20.743925 8.323937
10530 22.204444 1.869295
26576 21.641271 4.358193
4500 20.868444 7.773635
1500 20.849817 7.855957
442 20.913027 7.576604
8708 21.808278 3.620115
9867 22.077090 2.432127
334 21.205413 6.284431
5504 21.211522 6.257432
61857 20.801890 8.067767
21689 20.726539 8.400771
7801 20.552145 9.171492
53448 21.807089 3.625371
411 20.840774 7.895921
5351 20.806997 8.045195
14856 21.793205 3.686729
4311 21.322270 5.767989
4960 20.555724 9.155677
18683 20.911909 7.581547
6724 20.844424 7.879789
5197 21.977722 2.871275
9372 20.837444 7.910639
6210 21.181637 6.389503
28140 21.162471 6.474207
680 21.697654 4.109013
2015 20.714634 8.453386
23913 21.687647 4.153235
19814 21.401299 5.418729
15214 21.872238 3.337449
9300 21.548637 4.767579
17716 20.662447 8.684022
49445 21.982443 2.850408
4215 20.388697 9.893837
3544 21.921579 3.119391
19384 21.525795 4.868527
4755 20.957474 7.380176
28023 20.437817 9.676758
2478 22.343735 1.253711
13040 21.801342 3.650770
2195 20.758199 8.260854
14558 20.468956 9.539139
1952 20.398267 9.851543
3335 21.150795 6.525811
30601 20.666884 8.664415
28370 21.252278 6.077315
8524 20.755504 8.272764
4641 21.268476 6.005728
9900 20.534996 9.247281
12907 21.766226 3.805964
6776 20.370060 9.976203
34504 21.941051 3.033340
13337 21.556344 4.733517
109 22.125724 2.217192
2026 20.976346 7.296772
7913 21.113956 6.688616
10934 21.814606 3.592153
8987 20.466526 9.549877
9943 20.819160 7.991442
18555 21.003626 7.176212
15785 21.263477 6.027821
3141 21.260367 6.041566
4075 20.836490 7.914852
57448 20.404638 9.823387
2442 20.958222 7.376869
8665 21.906180 3.187448
28672 22.025572 2.659803
16942 21.108588 6.712341
5524 20.985691 7.255472
35036 21.438658 5.253624
4148 20.987502 7.247470
4645 21.133221 6.603478
13737 21.982255 2.851241
10280 20.596687 8.974646
3381 21.193828 6.335628
41305 20.642004 8.774368
8952 21.490557 5.024258
13559 21.000306 7.190885
38711 22.359895 1.182291
1375 21.827664 3.534444
12142 20.503300 9.387360
27956 20.622778 8.859336
7821 20.587541 9.015063
17258 20.480015 9.490264
14493 21.514932 4.916538
54844 21.119454 6.664316
14543 21.184041 6.378883
21225 21.427454 5.303138
19080 21.427691 5.302092
15717 20.889217 7.681830
313 20.377460 9.943501
14784 21.452843 5.190931
10660 21.093324 6.779795
10150 20.846957 7.868595
7268 21.080702 6.835581
6915 21.111394 6.699937
798 20.976745 7.295010
21680 20.998999 7.196658
8180 20.790804 8.116758
4985 20.582231 9.038529
12038 21.561656 4.710041
24046 20.807305 8.043836
35185 21.435343 5.268273
29640 20.535292 9.245973
13287 20.525621 9.288715
4649 22.069853 2.464106
23029 20.366012 9.994091
61671 20.491781 9.438265
11881 20.841720 7.891739
9142 21.728840 3.971188
33744 20.616172 8.888530
4715 21.361398 5.595068
8268 20.735307 8.362024
16875 20.694958 8.540344
19460 20.963055 7.355510
1675 20.699483 8.520345
5026 21.668118 4.239544
16199 20.508307 9.365231
17502 21.453966 5.185970
13405 21.726363 3.982132
3405 20.693171 8.548241
31212 22.199150 1.892692
21080 20.915237 7.566836
3073 20.471196 9.529239
1196 22.064526 2.487650
1952 20.669593 8.652441
5012 20.861971 7.802245
34507 21.128921 6.622480
52087 20.792978 8.107152
22521 20.542761 9.212964
38324 20.435715 9.686047
12302 21.087801 6.804208
29654 20.422536 9.744291
6913 20.418868 9.760498
20107 20.388118 9.896398
43696 22.159173 2.069364
8693 21.169559 6.442883
22717 20.668667 8.656533
18307 21.290935 5.906470
12528 20.878172 7.730646
8398 20.476368 9.506383
11286 21.413350 5.365468
27849 22.240855 1.708379
1840 20.728310 8.392948
676 22.220931 1.796433
45179 21.133136 6.603853
8205 20.594320 8.985105
9822 21.066487 6.898402
1069 20.792638 8.108652
25267 21.006805 7.162159
51833 21.738270 3.929513
6968 20.890508 7.676128
4809 21.028727 7.065280
6095 20.416185 9.772355
24713 21.466749 5.129478
5859 21.064508 6.907147
3303 21.006537 7.163346
29382 22.046463 2.567479
12921 21.507393 4.949855
13315 22.145619 2.129267
14425 22.607471 0.088148
3999 21.186435 6.368301
14205 20.911572 7.583035
15267 20.379728 9.933475
14481 20.868369 7.773969
5811 20.765798 8.227272
25121 20.639096 8.787221
7413 20.457562 9.589495
15665 21.866800 3.361484
6025 20.891594 7.671325
68977 21.100674 6.747315
7759 21.407066 5.393241
9763 21.026601 7.074674
5845 20.477263 9.502426
3624 20.572412 9.081923
28663 22.420452 0.914664
65209 21.173610 6.424978
6472 20.556263 9.153295
4149 21.141893 6.565150
23884 20.633523 8.811849
7405 21.150261 6.528167
24158 21.118495 6.668556
1387 21.503625 4.966505
8602 20.492054 9.437058
1575 20.878349 7.729862
6463 20.570597 9.089945
4683 20.950231 7.412184
45 20.545269 9.201881
10552 20.834789 7.922369
37402 21.454446 5.183847
7549 21.540389 4.804032
7687 21.101453 6.743872
21796 20.479597 9.492111
21561 20.458637 9.584744
28390 20.534061 9.251415
29932 21.476571 5.086071
51982 21.420918 5.332022
10409 20.391838 9.879959
315 21.367247 5.569216
848 21.954767 2.972721
1343 21.653222 4.305376
4265 20.836580 7.914457
138 21.785123 3.722448
3795 21.948845 2.998895
17396 20.369696 9.977813
9018 20.432981 9.698127
5268 20.390973 9.883779
8313 21.463900 5.142069
20862 21.733512 3.950537
24850 20.555077 9.158536
52988 20.725975 8.403265
18770 21.812519 3.601373
21949 21.017633 7.114306
34095 21.173059 6.427413
26093 21.687961 4.151847
49510 20.493807 9.429312
35261 21.498071 4.991053
20685 21.608067 4.504935
29188 20.905879 7.608195
58377 21.310280 5.820979
48812 20.747988 8.305980
21829 20.521202 9.308243
45402 20.816573 8.002875
28373 20.433504 9.695818
55108 21.313023 5.808857
33714 22.210746 1.841444
24960 21.136958 6.586960
35390 22.185284 1.953971
32151 20.782383 8.153974
43496 22.389978 1.049343
44207 21.151404 6.523115
31306 20.795915 8.094171
59066 20.838094 7.907764
72219 21.038944 7.020126
55706 20.424111 9.737329
55723 20.481486 9.483766
45831 20.961642 7.361755
69951 20.675683 8.625528
78450 21.022809 7.091433
51199 20.481966 9.481646
45406 20.383950 9.914819
51112 21.638554 4.370196
53475 21.399910 5.424864
50484 21.847211 3.448056
64825 21.613712 4.479984
103635 21.821629 3.561113
58661 21.459607 5.161041
94866 20.691692 8.554777
87142 21.378876 5.517824
59915 20.917819 7.555427
72642 21.621137 4.447173
99310 22.197311 1.900818
117364 20.424915 9.733774
