10 2994.530081 9.256664
10 2977.386677 9.776161
10 2984.148641 9.571253
10 3123.306228 5.354357
11 2993.873860 9.276550
11 2970.677355 9.979474
12 2998.336701 9.141312
12 3018.681743 8.524796
12 3075.267468 6.810077
12 3152.410317 4.472415
12 3242.082920 1.755063
12 3045.429282 7.714264
12 3010.462281 8.773870
12 3173.044510 3.847136
12 3247.556978 1.589182
12 3045.303868 7.718065
11 3044.417579 7.744922
12 2985.263917 9.537457
12 3253.974689 1.394706
12 3157.829098 4.308209
12 3052.132998 7.511121
13 3195.812071 3.157210
13 2977.560123 9.770905
13 3123.463457 5.349592
13 3081.380506 6.624833
13 3030.665514 8.161651
13 3018.578817 8.527915
13 3135.740003 4.977576
13 2994.880322 9.246051
13 3112.083390 5.694443
13 3131.518641 5.105496
13 3268.254396 0.961988
13 3013.012557 8.696589
13 3198.725073 3.068937
14 3264.974915 1.061366
14 2982.597968 9.618243
13 3126.997567 5.242498
14 3225.412463 2.260228
11 3133.447734 5.047038
14 3256.154416 1.328654
10 3119.306799 5.475552
15 3183.355329 3.534687
15 3030.375056 8.170453
12 3115.066665 5.604040
15 3132.687296 5.070082
14 3142.669712 4.767584
11 3045.548199 7.710661
12 3084.467135 6.531299
12 3246.201859 1.630247
12 3096.542741 6.165371
11 3045.666793 7.707067
11 2975.638024 9.829151
12 3257.747125 1.280390
11 3066.405372 7.078625
11 3268.295381 0.960746
12 3297.748823 0.068217
11 3238.153115 1.874148
13 3003.659827 8.980005
12 3157.237611 4.326133
13 3179.068199 3.664600
12 3038.240934 7.932093
11 3107.243918 5.841093
13 3079.955477 6.668016
12 3085.416206 6.502539
15 3103.131205 5.965721
13 3113.328015 5.656727
12 3134.469275 5.016083
12 3141.875366 4.791656
14 3124.417400 5.320685
14 3069.899274 6.972749
13 3165.475848 4.076489
11 3012.544900 8.710761
11 3013.759655 8.673950
11 3089.873060 6.367483
11 3072.312545 6.899620
11 3160.681754 4.221765
11 3028.323592 8.232618
13 3246.767928 1.613093
14 3097.512869 6.135974
15 3249.197126 1.539481
13 2996.948602 9.183376
11 3034.692074 8.039634
11 3095.222026 6.205393
12 3035.455311 8.016506
12 3271.646031 0.859211
12 3153.929912 4.426366
12 2983.454258 9.592295
12 3089.257492 6.386137
11 3055.754066 7.401392
14 3084.509831 6.530005
12 3065.327879 7.111276
12 3191.492890 3.288094
13 3021.251785 8.446916
10 3184.737025 3.492817
12 2987.282324 9.476293
12 3032.805901 8.096791
14 3121.772435 5.400835
12 3059.124779 7.299249
11 3115.748194 5.583388
17 3121.798041 5.400059
12 3002.449879 9.016670
13 2994.282465 9.264168
12 3246.225180 1.629540
12 3084.898253 6.518235
14 3126.061084 5.270876
12 3132.333166 5.080813
11 3092.000566 6.303013
14 3207.523284 2.802325
15 3007.454824 8.865005
12 3293.063823 0.210187
13 2985.877159 9.518874
13 3086.822367 6.459928
13 3030.255396 8.174079
14 3022.816865 8.399489
13 3010.270227 8.779690
12 3204.751094 2.886330
13 3245.222724 1.659917
12 3040.536689 7.862525
14 3166.419468 4.047895
12 3118.354747 5.504402
13 2972.265128 9.931360
15 3161.087980 4.209455
13 3094.558654 6.225495
12 3026.216689 8.296464
12 3101.176153 6.024965
12 3117.226536 5.538590
12 3100.973058 6.031119
13 3119.693578 5.463831
15 2971.414370 9.957140
13 3038.266596 7.931315
12 3292.371032 0.231181
12 3102.192547 5.994165
12 3077.245591 6.750134
13 3071.960732 6.910281
16 3214.635023 2.586817
13 2986.529664 9.499101
13 3285.520295 0.438779
14 3090.487584 6.348861
13 3038.682704 7.918706
13 3090.906675 6.336161
13 3025.834396 8.308049
12 3199.859805 3.034551
14 3009.131724 8.814190
12 3006.301992 8.899940
12 3072.012433 6.908714
14 3106.381451 5.867229
14 3014.483264 8.652022
12 3289.095122 0.330451
12 3017.224738 8.568947
11 3023.466692 8.379797
11 3074.310142 6.839087
12 3241.243986 1.780485
11 3056.786941 7.370093
12 3097.466628 6.137375
11 3082.209150 6.599723
12 3120.113116 5.451118
12 3158.060681 4.301191
11 3129.953641 5.152920
16 3192.119714 3.269100
11 3000.968364 9.061565
13 3025.389786 8.321522
12 3065.298806 7.112157
12 3172.621934 3.859941
13 3256.023598 1.332618
15 3082.909915 6.578487
12 3174.343768 3.807765
13 3088.039550 6.423044
14 2987.723485 9.462925
14 3065.848502 7.095500
13 3172.872359 3.852353
13 3299.687761 0.009462
failed to find solution after reaching max emtpy limit -- 20 iterations and 11 function evals
14 3274.774686 0.764403
15 3164.013856 4.120792
14 3089.175002 6.388636
14 3294.687728 0.160978
failed to find solution after reaching max emtpy limit -- 21 iterations and 12 function evals
13 2984.845421 9.550139
14 3150.923173 4.517480
13 3207.329368 2.808201
failed to find solution after reaching max emtpy limit -- 22 iterations and 13 function evals
14 3295.079861 0.149095
15 3072.482986 6.894455
failed to find solution after reaching max emtpy limit -- 20 iterations and 11 function evals
failed to find solution after reaching max emtpy limit -- 22 iterations and 13 function evals
21 3258.522478 1.256895
failed to find solution after reaching max emtpy limit -- 25 iterations and 16 function evals
failed to find solution after reaching max emtpy limit -- 21 iterations and 12 function evals
failed to find solution after reaching max emtpy limit -- 26 iterations and 16 function evals
failed to find solution after reaching max emtpy limit -- 19 iterations and 10 function evals
failed to find solution after reaching max emtpy limit -- 20 iterations and 11 function evals
failed to find solution after reaching max emtpy limit -- 22 iterations and 13 function evals
failed to find solution after reaching max emtpy limit -- 20 iterations and 11 function evals
failed to find solution after reaching max emtpy limit -- 21 iterations and 12 function evals
failed to find solution after reaching max emtpy limit -- 23 iterations and 14 function evals
failed to find solution after reaching max emtpy limit -- 19 iterations and 10 function evals
failed to find solution after reaching max emtpy limit -- 32 iterations and 13 function evals
failed to find solution after reaching max emtpy limit -- 21 iterations and 12 function evals
failed to find solution after reaching max emtpy limit -- 39 iterations and 16 function evals
failed to find solution after reaching max emtpy limit -- 40 iterations and 14 function evals
