10 -6843.033001 8.622288
10 -6804.816977 8.015670
9 -6636.728536 5.347532
10 -6712.405066 6.548777
10 -6899.995756 9.526482
11 -6796.220577 7.879215
10 -6766.049488 7.400297
12 -6921.932928 9.874699
13 -6786.472481 7.724480
13 -6904.431098 9.596886
13 -6883.663729 9.267237
14 -6858.631599 8.869891
16 -6908.910996 9.667997
17 -6807.001175 8.050340
17 -6920.272736 9.848346
18 -6883.363900 9.262477
18 -6822.436144 8.295346
14 -6819.672203 8.251473
19 -6858.768082 8.872058
20 -6864.609601 8.964783
23 -6561.357680 4.151140
19 -6832.820220 8.460177
24 -6841.589801 8.599380
30 -6923.348089 9.897163
16 -6890.510085 9.375912
41 -6917.689804 9.807347
32 -6880.033290 9.209609
36 -6851.113180 8.750548
29 -6758.244173 7.276400
22 -6845.888113 8.667609
47 -6926.029370 9.939724
17 -6425.341103 1.992092
13 -6790.888537 7.794578
36 -6701.593613 6.377162
37 -6825.340057 8.341441
38 -6815.457349 8.184569
52 -6690.509923 6.201226
24 -6861.218642 8.910956
60 -6923.328910 9.896858
11 -6766.862609 7.413204
22 -6869.050222 9.035270
42 -6543.249720 3.863704
14 -6839.044790 8.558982
97 -6710.997588 6.526436
46 -6590.507974 4.613854
26 -6874.030467 9.114324
23 -6899.742906 9.522468
39 -6722.336997 6.706431
105 -6893.444854 9.422496
19 -6839.278937 8.562698
128 -6708.893936 6.493043
31 -6703.840527 6.412829
110 -6424.061213 1.971776
124 -6696.996869 6.304196
160 -6853.024271 8.780884
44 -6892.553063 9.408341
13 -6834.907310 8.493306
139 -6537.570083 3.773549
12 -6811.603217 8.123390
24 -6847.417420 8.691884
10 -6545.372392 3.897398
31 -6920.147765 9.846363
20 -6908.463454 9.660893
233 -6728.733240 6.807961
94 -6607.358130 4.881324
219 -6927.385868 9.961256
171 -6491.957624 3.049524
146 -6766.333088 7.404799
10 -6911.423829 9.707884
236 -6914.492839 9.756600
223 -6882.353615 9.246441
10 -6390.593294 1.440526
203 -6658.377112 5.691169
123 -6770.159118 7.465531
64 -6911.814528 9.714086
64 -6878.478546 9.184930
11 -6907.014331 9.637890
260 -6814.425278 8.168186
54 -6926.172274 9.941992
303 -6491.577000 3.043482
301 -6596.671140 4.711685
19 -6469.172138 2.687840
21 -6913.788392 9.745418
27 -6899.870296 9.524490
316 -6867.276074 9.007109
16 -6815.994996 8.193103
57 -6583.966189 4.510014
34 -6834.305298 8.483750
224 -6922.990136 9.891481
67 -6672.828591 5.920563
14 -6899.312558 9.515637
166 -6624.953120 5.160616
157 -6841.736833 8.601714
47 -6428.252600 2.038308
34 -6541.150814 3.830388
183 -6877.158504 9.163976
29 -6871.618233 9.076033
17 -6921.483240 9.867561
10 -6873.051651 9.098787
26 -6911.354862 9.706789
14 -6914.111363 9.750544
434 -6912.773353 9.729306
131 -6903.976117 9.589663
202 -6701.657901 6.378183
117 -6555.467570 4.057643
55 -6440.733907 2.236429
350 -6680.012242 6.034592
356 -6722.071632 6.702218
343 -6679.775992 6.030842
30 -6381.637712 1.298370
17 -6915.331673 9.769915
22 -6873.590070 9.107333
254 -6664.083196 5.781744
363 -6860.405160 8.898044
396 -6883.658433 9.267153
197 -6788.056610 7.749625
87 -6565.493801 4.216794
16 -6923.671137 9.902291
11 -6923.145786 9.893952
13 -6652.360594 5.595666
100 -6927.131538 9.957219
10 -6676.005204 5.970987
10 -6746.974709 7.097515
28 -6928.790982 9.983560
33 -6458.569150 2.519535
23 -6888.786730 9.348556
17 -6904.261544 9.594194
11 -6913.817890 9.745886
18 -6886.756086 9.316323
565 -6613.754626 4.982858
14 -6918.185019 9.815207
17 -6911.564185 9.710112
466 -6695.800235 6.285202
82 -6859.425625 8.882495
22 -6917.311594 9.801343
78 -6673.107454 5.924990
failed to find solution after reaching max emtpy limit -- 1036 iterations and 489 function evals
10 -6431.689544 2.092864
27 -6924.838548 9.920821
706 -6765.493247 7.391468
17 -6904.121505 9.591971
failed to find solution after reaching max emtpy limit -- 1195 iterations and 446 function evals
741 -6801.633201 7.965132
18 -6696.813360 6.301284
19 -6864.646836 8.965374
failed to find solution in 1200 iterations and 490 function evals
failed to find solution in 1200 iterations and 427 function evals
358 -6850.213425 8.736266
failed to find solution in 1200 iterations and 439 function evals
539 -6469.937195 2.699984
28 -6651.511589 5.582190
68 -6919.169960 9.830842
failed to find solution in 1200 iterations and 603 function evals
failed to find solution after reaching max emtpy limit -- 964 iterations and 412 function evals
failed to find solution in 1200 iterations and 625 function evals
620 -6522.521950 3.534684
409 -6903.782779 9.586595
552 -6914.491222 9.756574
failed to find solution in 1200 iterations and 671 function evals
failed to find solution in 1200 iterations and 628 function evals
failed to find solution after reaching max emtpy limit -- 750 iterations and 352 function evals
502 -6870.156950 9.052838
failed to find solution in 1200 iterations and 726 function evals
326 -6807.059985 8.051274
failed to find solution in 1200 iterations and 675 function evals
failed to find solution after reaching max emtpy limit -- 1108 iterations and 396 function evals
failed to find solution in 1200 iterations and 662 function evals
382 -6731.999962 6.859815
failed to find solution in 1200 iterations and 910 function evals
failed to find solution in 1200 iterations and 911 function evals
failed to find solution in 1200 iterations and 811 function evals
637 -6781.746681 7.649465
failed to find solution in 1200 iterations and 930 function evals
failed to find solution in 1200 iterations and 968 function evals
704 -6803.386401 7.992961
881 -6915.378600 9.770660
failed to find solution in 1200 iterations and 848 function evals
failed to find solution in 1200 iterations and 764 function evals
failed to find solution in 1200 iterations and 388 function evals
639 -6909.179806 9.672264
failed to find solution in 1200 iterations and 814 function evals
failed to find solution in 1200 iterations and 863 function evals
failed to find solution in 1200 iterations and 1050 function evals
failed to find solution in 1200 iterations and 931 function evals
failed to find solution in 1200 iterations and 570 function evals
failed to find solution in 1200 iterations and 1104 function evals
failed to find solution in 1200 iterations and 1091 function evals
failed to find solution in 1200 iterations and 1164 function evals
failed to find solution in 1200 iterations and 900 function evals
failed to find solution in 1200 iterations and 1103 function evals
failed to find solution in 1200 iterations and 1157 function evals
failed to find solution in 1200 iterations and 1183 function evals
failed to find solution in 1200 iterations and 1098 function evals
failed to find solution in 1200 iterations and 1172 function evals
failed to find solution in 1200 iterations and 1198 function evals
failed to find solution in 1200 iterations and 1098 function evals
failed to find solution in 1200 iterations and 1150 function evals
failed to find solution in 1200 iterations and 1104 function evals
failed to find solution in 1200 iterations and 1167 function evals
failed to find solution in 1200 iterations and 1165 function evals
