16 -6.396929 6.615485
18 -6.554977 9.249613
23 -6.562189 9.369823
23 -6.498833 8.313890
24 -6.445416 7.423595
25 -6.470633 7.843876
26 -6.591656 9.860938
26 -6.545021 9.083679
26 -6.214315 3.571913
28 -6.584573 9.742878
28 -6.587541 9.792352
29 -6.394450 6.574175
30 -6.591629 9.860487
31 -6.297086 4.951439
31 -6.596867 9.947776
19 -6.526739 8.778979
36 -6.560361 9.339351
38 -6.509252 8.487534
39 -6.566755 9.445909
42 -6.595415 9.923578
23 -6.534638 8.910632
47 -6.559275 9.321252
40 -6.538229 8.970483
50 -6.588472 9.807864
48 -6.591834 9.863903
53 -6.580468 9.674465
35 -6.566874 9.447899
37 -6.515034 8.583903
36 -6.562437 9.373942
23 -6.574975 9.582909
53 -6.491870 8.197829
65 -6.568988 9.483136
64 -6.577514 9.625236
67 -6.576857 9.614291
25 -6.334132 5.568866
66 -6.579655 9.660922
43 -6.564909 9.415143
70 -6.550170 9.169505
73 -6.578042 9.634038
73 -6.578840 9.647333
29 -6.475838 7.930626
76 -6.562664 9.377732
31 -6.441125 7.352077
76 -6.566470 9.441162
19 -6.534154 8.902561
42 -6.597070 9.951170
80 -6.584974 9.749572
65 -6.595772 9.929538
65 -6.587235 9.787242
25 -6.592908 9.881801
87 -6.584759 9.745985
88 -6.574790 9.579829
88 -6.569482 9.491362
64 -6.587235 9.787246
90 -6.599100 9.984997
96 -6.586874 9.781235
55 -6.590586 9.843093
70 -6.591962 9.866037
100 -6.563172 9.386193
35 -6.557658 9.294299
25 -6.588887 9.814786
89 -6.554163 9.236046
86 -6.583014 9.716902
108 -6.597276 9.954604
109 -6.590716 9.845269
110 -6.576060 9.601006
32 -6.595728 9.928800
109 -6.556584 9.276406
110 -6.589135 9.818911
112 -6.582803 9.713392
41 -6.547259 9.120976
112 -6.565071 9.417848
101 -6.587354 9.789236
47 -6.589859 9.830979
116 -6.546610 9.110160
18 -6.417806 6.963438
49 -6.578069 9.634486
107 -6.573692 9.561541
31 -6.512796 8.546608
71 -6.581887 9.698113
23 -6.563717 9.395278
66 -6.593593 9.893211
49 -6.560633 9.343881
127 -6.591546 9.859101
110 -6.587989 9.799816
67 -6.588723 9.812049
96 -6.561617 9.360287
19 -6.410077 6.834611
34 -6.344184 5.736397
35 -6.536577 8.942946
79 -6.558664 9.311060
116 -6.584864 9.747736
76 -6.547965 9.132753
34 -6.551242 9.187368
42 -6.569958 9.499294
65 -6.590754 9.845898
28 -6.437086 7.284775
104 -6.593224 9.887068
100 -6.585606 9.760098
108 -6.587520 9.792005
38 -6.553267 9.221121
91 -6.569206 9.486775
80 -6.585280 9.754672
45 -6.593305 9.888420
34 -6.575383 9.589715
48 -6.572931 9.548856
36 -6.582253 9.704216
118 -6.592819 9.880314
29 -6.500945 8.349085
73 -6.560048 9.334139
92 -6.583620 9.727000
92 -6.589495 9.824910
25 -6.581497 9.691616
35 -6.576324 9.605392
72 -6.595677 9.927946
92 -6.590013 9.833544
96 -6.590362 9.839364
50 -6.599916 9.998604
32 -6.501414 8.356892
25 -6.511726 8.528761
106 -6.552990 9.216502
122 -6.590499 9.841642
93 -6.557178 9.286295
67 -6.566085 9.434751
89 -6.565434 9.423907
35 -6.563073 9.384553
37 -6.591280 9.854668
78 -6.589805 9.830086
30 -6.595248 9.920798
35 -6.411521 6.858685
55 -6.595505 9.925085
48 -6.472335 7.872252
102 -6.597534 9.958907
132 -6.559410 9.323496
88 -6.563818 9.396972
97 -6.590593 9.843216
55 -6.537482 8.958026
60 -6.572004 9.533402
31 -6.578713 9.645220
25 -6.461649 7.694153
66 -6.328704 5.478396
37 -6.568851 9.480845
43 -6.539874 8.997894
64 -6.576638 9.610630
90 -6.596767 9.946120
80 -6.560102 9.335039
17 -6.408399 6.806649
34 -6.501832 8.363869
29 -6.462706 7.711772
52 -6.576281 9.604676
28 -6.495374 8.256237
32 -6.595324 9.922061
74 -6.561370 9.356175
103 -6.580060 9.667670
76 -6.592376 9.872932
89 -6.593320 9.888669
114 -6.592525 9.875409
54 -6.566844 9.447407
46 -6.568051 9.467520
110 -6.492451 8.207511
20 -6.575046 9.584094
96 -6.560238 9.337298
79 -6.595208 9.920139
30 -6.585611 9.760183
101 -6.589948 9.832464
28 -6.599357 9.989285
64 -6.582026 9.700429
115 -6.547765 9.129423
108 -6.584615 9.743587
59 -6.564647 9.410785
96 -6.563033 9.383887
24 -6.551895 9.198253
82 -6.576000 9.599992
28 -6.436621 7.277024
58 -6.594976 9.916266
118 -6.564609 9.410153
112 -6.597144 9.952398
55 -6.588691 9.811510
103 -6.588443 9.807383
46 -6.510455 8.507590
101 -6.597690 9.961494
61 -6.570087 9.501450
91 -6.585349 9.755818
46 -6.587140 9.785659
48 -6.572943 9.549058
95 -6.595649 9.927486
74 -6.525257 8.754284
100 -6.598239 9.970648
130 -6.582523 9.708713
110 -6.594523 9.908712
119 -6.598843 9.980711
125 -6.577322 9.622037
112 -6.571515 9.525246
92 -6.575478 9.591301
108 -6.563104 9.385064
105 -6.582382 9.706372
107 -6.528008 8.800128
127 -6.561538 9.358967
111 -6.569702 9.495038
139 -6.576578 9.609628
