10 -6434.814892 2.142474
10 -6542.828501 3.857018
10 -6890.234519 9.371537
11 -6897.332438 9.484206
12 -6882.001612 9.240853
12 -6889.111001 9.353703
13 -6703.934778 6.414325
13 -6843.906507 8.636154
13 -6530.864716 3.667112
14 -6889.698945 9.363036
14 -6775.891743 7.556527
14 -6817.864697 8.222781
10 -6874.918238 9.128416
17 -6800.365589 7.945011
12 -6927.017457 9.955408
12 -6910.786608 9.697769
14 -6731.890630 6.858079
20 -6906.171185 9.624507
33 -6599.271907 4.752968
34 -6344.515740 0.709118
51 -6652.594400 5.599378
48 -6520.800907 3.507365
12 -6910.287336 9.689844
57 -6876.181736 9.148472
16 -6911.150597 9.703547
58 -6885.117996 9.290321
75 -6842.864323 8.619611
59 -6628.722067 5.220442
59 -6836.734612 8.522311
75 -6888.019435 9.336376
42 -6537.483197 3.772170
12 -6913.366382 9.738719
41 -6731.821322 6.856979
50 -6877.242362 9.165308
114 -6775.120981 7.544293
10 -6773.932698 7.525431
102 -6656.861910 5.667118
172 -6872.928301 9.096829
121 -6821.613834 8.282293
179 -6753.415240 7.199749
13 -6921.851449 9.873406
151 -6774.904299 7.540853
148 -6820.434600 8.263574
194 -6928.060445 9.971964
223 -6784.187169 7.688204
148 -6864.202975 8.958328
195 -6754.380498 7.215070
256 -6884.937349 9.287453
279 -6876.988636 9.161280
273 -6861.442243 8.914506
10 -6500.594671 3.186623
293 -6591.914237 4.636176
57 -6481.246121 2.879496
312 -6552.131379 4.004687
14 -6906.370360 9.627668
36 -6873.650736 9.108296
172 -6650.776538 5.570522
283 -6891.885303 9.397741
349 -6841.585614 8.599313
42 -6629.809295 5.237700
150 -6870.116018 9.052188
125 -6912.903663 9.731374
175 -6824.087058 8.321551
13 -6774.774611 7.538795
387 -6788.140672 7.750960
315 -6746.044618 7.082752
317 -6839.148518 8.560628
378 -6684.758657 6.109934
134 -6703.890435 6.413621
58 -6659.361892 5.706801
144 -6845.908813 8.667937
221 -6532.953319 3.700265
10 -6846.615673 8.679157
422 -6634.614107 5.313969
430 -6630.809258 5.253573
432 -6538.379019 3.786390
445 -6860.499496 8.899541
413 -6795.186048 7.862794
450 -6894.559659 9.440192
39 -6509.497184 3.327937
73 -6905.105499 9.607591
122 -6683.282071 6.086496
476 -6494.347210 3.087455
504 -6783.425524 7.676114
506 -6328.458525 0.454235
208 -6613.845201 4.984296
513 -6629.064195 5.225873
10 -6832.272938 8.451489
177 -6692.206874 6.228163
353 -6699.959841 6.351229
33 -6797.794416 7.904198
24 -6598.955342 4.747943
12 -6890.160660 9.370365
521 -6651.851470 5.587585
19 -6811.878316 8.127757
52 -6787.123098 7.734807
358 -6929.353624 9.992491
43 -6713.813778 6.571138
11 -6515.751005 3.427206
509 -6638.722337 5.379181
488 -6914.111834 9.750552
214 -6910.164225 9.687890
10 -6553.673077 4.029159
200 -6792.403723 7.818629
434 -6708.515743 6.487040
12 -6873.468398 9.105402
40 -6927.864236 9.968849
323 -6812.021661 8.130032
439 -6574.146178 4.354137
572 -6928.885313 9.985057
13 -6882.563408 9.249771
54 -6844.614547 8.647393
254 -6854.126615 8.798382
77 -6766.464048 7.406878
9 -6469.881910 2.699107
119 -6696.304882 6.293212
187 -6681.822938 6.063334
492 -6895.131567 9.449270
191 -6719.202484 6.656675
213 -6856.774711 8.840416
70 -6896.847458 9.476507
198 -6687.530579 6.153934
532 -6848.672789 8.711811
380 -6578.990653 4.431035
27 -6572.637656 4.330191
405 -6839.898895 8.572539
545 -6808.782197 8.078611
486 -6821.253967 8.276581
463 -6869.437867 9.041424
10 -6744.756845 7.062310
327 -6674.322169 5.944272
599 -6840.581951 8.583382
697 -6885.833205 9.301674
348 -6892.683924 9.410418
548 -6917.816782 9.809362
719 -6505.672519 3.267226
246 -6730.697124 6.839134
92 -6867.670005 9.013362
551 -6642.949851 5.446286
394 -6813.340601 8.150969
17 -6925.159552 9.925917
345 -6654.005776 5.621781
334 -6805.531654 8.027014
145 -6773.664951 7.521181
96 -6866.675122 8.997569
10 -6564.836166 4.206355
548 -6894.887584 9.445397
228 -6788.620201 7.758571
305 -6775.104453 7.544030
737 -6708.530215 6.487270
10 -6840.770387 8.586373
588 -6366.892567 1.064315
12 -6807.016415 8.050582
273 -6877.379346 9.167482
363 -6367.923779 1.080683
462 -6908.458224 9.660810
736 -6507.277917 3.292709
424 -6637.337622 5.357201
71 -6795.856599 7.873438
360 -6543.430477 3.866574
622 -6833.800014 8.475729
788 -6412.897613 1.794572
590 -6685.576612 6.122918
492 -6709.237611 6.498499
221 -6791.869755 7.810153
272 -6478.778825 2.840331
147 -6883.073000 9.257860
290 -6789.189951 7.767615
125 -6862.091752 8.924816
661 -6820.636691 8.266782
209 -6760.566764 7.313268
488 -6760.932042 7.319066
368 -6700.383574 6.357955
302 -6873.884826 9.112012
660 -6723.595178 6.726402
313 -6808.365094 8.071990
831 -6641.724472 5.426835
499 -6805.174900 8.021351
327 -6612.576672 4.964160
837 -6755.764760 7.237043
402 -6901.801269 9.555141
378 -6541.460202 3.835299
654 -6657.691583 5.680287
543 -6880.074377 9.210261
579 -6718.316664 6.642614
440 -6899.306177 9.515536
671 -6612.795568 4.967634
740 -6557.086086 4.083335
856 -6909.240323 9.673224
588 -6754.163572 7.211627
947 -6683.420084 6.088687
618 -6920.235037 9.847748
632 -6868.317098 9.023633
793 -6438.215010 2.196445
787 -6444.088804 2.289682
701 -6817.330301 8.214299
741 -6497.407325 3.136029
954 -6766.109010 7.401242
failed to find solution in 1200 iterations and 1187 function evals
failed to find solution in 1200 iterations and 1206 function evals
