10 -1.066480 6.647974
11 -1.055323 5.532337
11 -1.055836 5.583617
11 -1.091594 9.159393
11 -1.082246 8.224582
12 -1.036879 3.687918
12 -1.041704 4.170433
12 -1.093469 9.346932
12 -1.032774 3.277389
12 -1.058165 5.816534
12 -1.062222 6.222174
12 -1.081403 8.140266
12 -1.027759 2.775946
14 -1.077819 7.781903
13 -1.047207 4.720713
13 -1.063757 6.375735
13 -1.068633 6.863273
14 -1.088528 8.852768
14 -1.019389 1.938942
14 -1.065791 6.579144
14 -1.023297 2.329651
14 -1.045103 4.510340
15 -1.064197 6.419734
15 -1.029031 2.903135
15 -1.027131 2.713115
16 -1.034445 3.444549
15 -1.042233 4.223344
15 -1.028096 2.809615
16 -1.071858 7.185798
17 -1.094234 9.423412
16 -1.029627 2.962732
17 -1.088079 8.807870
16 -1.055589 5.558905
16 -1.050422 5.042173
16 -1.023359 2.335916
17 -1.043134 4.313436
17 -1.020386 2.038597
18 -1.054669 5.466866
18 -1.056243 5.624310
19 -1.077235 7.723528
17 -1.028120 2.811979
19 -1.049829 4.982940
17 -1.048028 4.802781
17 -1.036915 3.691489
17 -1.033507 3.350735
18 -1.044393 4.439338
10 -1.033991 3.399071
12 -1.076315 7.631545
15 -1.036507 3.650674
10 -1.061072 6.107154
12 -1.091293 9.129347
20 -1.050702 5.070205
14 -1.092709 9.270925
13 -1.096246 9.624619
14 -1.089069 8.906880
14 -1.018605 1.860468
16 -1.052075 5.207491
14 -1.099118 9.911835
12 -1.049090 4.908974
16 -1.074286 7.428569
14 -1.049123 4.912313
22 -1.024059 2.405875
17 -1.074969 7.496868
17 -1.049434 4.943435
14 -1.029414 2.941419
13 -1.082133 8.213324
12 -1.093645 9.364515
11 -1.099197 9.919745
16 -1.040644 4.064375
11 -1.077081 7.708082
11 -1.089131 8.913133
13 -1.067245 6.724546
13 -1.036139 3.613926
16 -1.048416 4.841624
20 -1.029499 2.949889
15 -1.036185 3.618533
17 -1.026325 2.632526
12 -1.094326 9.432645
16 -1.064018 6.401839
15 -1.041455 4.145456
15 -1.028224 2.822442
18 -1.084241 8.424095
15 -1.064015 6.401461
14 -1.097241 9.724118
14 -1.043015 4.301463
14 -1.099473 9.947259
13 -1.048425 4.842498
18 -1.072640 7.263955
14 -1.057494 5.749385
15 -1.018922 1.892217
14 -1.050563 5.056278
12 -1.097336 9.733574
17 -1.023684 2.368398
21 -1.027638 2.763762
12 -1.077200 7.720042
16 -1.045608 4.560774
19 -1.043552 4.355190
14 -1.079410 7.940955
13 -1.041732 4.173165
12 -1.043186 4.318647
15 -1.032454 3.245428
18 -1.033852 3.385220
12 -1.028181 2.818118
23 -1.050819 5.081905
17 -1.028473 2.847294
15 -1.032422 3.242178
13 -1.085223 8.522291
16 -1.046492 4.649176
15 -1.020678 2.067849
14 -1.023139 2.313860
14 -1.050145 5.014529
17 -1.045239 4.523932
18 -1.040648 4.064793
13 -1.049818 4.981776
12 -1.084260 8.425993
13 -1.070048 7.004848
11 -1.092032 9.203214
14 -1.087096 8.709623
12 -1.092324 9.232398
12 -1.054824 5.482405
15 -1.051688 5.168785
12 -1.041329 4.132872
16 -1.028021 2.802064
17 -1.073321 7.332075
14 -1.065950 6.594956
14 -1.098181 9.818136
13 -1.024080 2.407990
17 -1.052055 5.205452
15 -1.063819 6.381867
12 -1.095849 9.584939
17 -1.022631 2.263125
15 -1.084978 8.497806
20 -1.090234 9.023443
13 -1.090014 9.001393
11 -1.022240 2.224019
14 -1.050865 5.086523
16 -1.061209 6.120884
15 -1.029321 2.932072
15 -1.093485 9.348514
12 -1.040899 4.089922
17 -1.026828 2.682753
14 -1.081648 8.164790
17 -1.050440 5.043957
11 -1.090032 9.003198
18 -1.041314 4.131350
16 -1.065173 6.517345
13 -1.058649 5.864889
18 -1.031661 3.166100
18 -1.080102 8.010227
16 -1.078969 7.896939
14 -1.040695 4.069524
12 -1.037835 3.783467
16 -1.095707 9.570703
19 -1.050074 5.007416
16 -1.033471 3.347104
13 -1.062403 6.240340
12 -1.099895 9.989519
17 -1.031334 3.133423
13 -1.085377 8.537722
13 -1.083868 8.386776
19 -1.026772 2.677176
17 -1.025495 2.549539
19 -1.032558 3.255751
12 -1.099718 9.971848
14 -1.072245 7.224468
11 -1.052360 5.236046
15 -1.022419 2.241873
13 -1.070538 7.053835
14 -1.087231 8.723143
15 -1.093118 9.311769
15 -1.049558 4.955784
13 -1.026167 2.616669
15 -1.095447 9.544729
14 -1.058212 5.821224
17 -1.094065 9.406549
15 -1.077406 7.740588
12 -1.049166 4.916556
13 -1.028690 2.869003
14 -1.073348 7.334793
17 -1.038192 3.819156
16 -1.024565 2.456526
15 -1.048845 4.884470
18 -1.039091 3.909127
18 -1.019762 1.976159
14 -1.031056 3.105602
21 -1.059422 5.942240
25 -1.061364 6.136408
18 -1.039915 3.991538
16 -1.059729 5.972942
19 -1.023839 2.383881
19 -1.064586 6.458642
14 -1.053593 5.359320
14 -1.084677 8.467706
20 -1.051583 5.158282
21 -1.085797 8.579721
15 -1.055417 5.541678
18 -1.054196 5.419613
17 -1.080750 8.074956
19 -1.059566 5.956613
24 -1.030654 3.065352
