8 7.934528 6.635743
8 7.996595 5.905408
9 8.028835 5.526043
11 7.947466 6.483498
11 7.970987 6.206735
11 8.077868 4.949091
11 8.229087 3.169715
11 8.220545 3.270224
11 8.075417 4.977922
11 8.229715 3.162322
11 8.084269 4.873768
11 7.803488 8.177669
11 8.071615 5.022666
11 7.654894 9.926150
11 8.061749 5.138756
11 7.916953 6.842550
12 7.994442 5.930744
12 8.117196 4.486318
12 8.123691 4.409889
12 8.361252 1.614558
12 7.930339 6.685034
12 8.222964 3.241762
12 7.848854 7.643853
12 8.306838 2.254832
12 7.966962 6.254093
12 8.166615 3.904820
12 8.254497 2.870720
12 8.101213 4.674384
12 7.662107 9.841271
12 8.079125 4.934292
13 7.847326 7.661838
13 7.977704 6.127702
9 7.778192 8.475324
11 7.933492 6.647934
13 7.955162 6.392944
13 8.069556 5.046887
13 7.890633 7.152253
13 8.019395 5.637123
13 8.094184 4.757100
13 7.781471 8.436737
14 7.723541 9.118386
12 7.877208 7.310222
15 8.045885 5.325422
15 8.180667 3.739463
7 8.352356 1.719227
15 7.906265 6.968310
15 8.067659 5.069217
15 8.152329 4.072916
15 7.812167 8.075546
11 7.988832 5.996757
9 8.169955 3.865516
8 7.834553 7.812127
16 7.755551 8.741730
16 7.714416 9.225766
11 8.100741 4.679947
8 7.884000 7.230294
12 7.922659 6.775398
11 7.703724 9.351575
12 8.348740 1.761778
17 7.705234 9.333805
11 7.875550 7.329724
12 7.934161 6.640063
9 7.939419 6.578195
12 7.856621 7.552462
11 8.333197 1.944673
12 7.764720 8.633849
11 8.353188 1.709442
8 8.031413 5.495719
13 8.170393 3.860357
12 8.282020 2.546863
13 8.134210 4.286120
13 8.221697 3.256669
13 8.157034 4.017548
12 8.140820 4.208343
12 8.417094 0.957468
15 8.112866 4.537272
11 7.959921 6.336952
12 8.136920 4.254233
12 7.889688 7.163362
15 8.182519 3.717677
13 7.920275 6.803454
12 7.883832 7.232274
9 8.318943 2.112395
11 7.989244 5.991906
11 8.170644 3.857401
7 7.685763 9.562914
15 8.125755 4.385604
15 7.801679 8.198955
9 8.190212 3.627156
9 7.881197 7.263277
11 8.151031 4.088191
15 7.895364 7.096577
15 7.979484 6.106755
13 7.911754 6.903715
11 8.114069 4.523112
12 8.116704 4.492112
11 8.138595 4.234526
15 8.039524 5.400277
13 7.735638 8.976049
15 8.092221 4.780192
15 7.780328 8.450187
11 7.888065 7.182462
11 7.854776 7.574176
11 8.281507 2.552899
11 8.057313 5.190958
15 7.941405 6.554817
12 7.866292 7.438668
9 7.658047 9.889046
12 7.770163 8.569793
12 8.034752 5.456423
12 8.124292 4.402823
12 7.648917 9.996475
9 7.854371 7.578941
9 8.291643 2.433629
12 7.994943 5.924855
11 8.471028 0.322840
11 8.360303 1.625717
11 8.263177 2.768579
11 7.691118 9.499905
16 7.991139 5.969608
15 7.950971 6.442262
19 8.134899 4.278008
16 7.910636 6.916873
9 7.751658 8.787545
11 7.987552 6.011817
12 8.246425 2.965708
12 7.703071 9.359256
16 7.889632 7.164029
13 7.977192 6.133721
13 7.790672 8.328471
12 7.950628 6.446296
9 8.054064 5.229179
11 8.159379 3.989955
11 8.156365 4.025421
16 7.892051 7.135561
7 7.889795 7.162103
15 8.063379 5.119569
11 8.176239 3.791564
11 8.122828 4.420043
12 7.852363 7.602564
16 8.068942 5.054118
9 8.034353 5.461117
9 8.351555 1.728658
9 7.831365 7.849643
9 7.878638 7.293394
11 7.862811 7.479626
13 8.276420 2.612752
13 8.042796 5.361772
17 7.769264 8.580378
14 8.147212 4.133126
17 7.917801 6.832562
13 8.097781 4.714776
15 7.657875 9.891077
16 7.918133 6.828663
15 7.753731 8.763155
15 8.274498 2.635373
11 7.879674 7.281196
16 7.846540 7.671086
11 7.912616 6.893577
12 8.310997 2.205891
13 8.035173 5.451468
13 7.801382 8.202445
9 7.689211 9.522345
12 8.035246 5.450614
15 7.693030 9.477412
12 7.789119 8.346741
16 7.871127 7.381778
13 7.766620 8.611484
11 7.877307 7.309048
16 7.891876 7.137617
9 7.689304 9.521257
12 8.161783 3.961676
13 7.829632 7.870040
12 8.106279 4.614772
13 8.146117 4.146011
11 8.350133 1.745391
12 8.178458 3.765462
11 7.767903 8.596387
15 7.891454 7.142583
15 8.224050 3.228985
15 7.697787 9.421432
12 7.672741 9.716148
13 7.945120 6.511114
12 7.853361 7.590824
12 7.697685 9.422633
11 8.016668 5.669218
13 8.141240 4.203393
13 8.094422 4.754292
13 7.668503 9.766014
12 8.045493 5.330042
13 7.764450 8.637027
12 7.949186 6.463263
12 7.670244 9.745526
13 8.136821 4.255394
13 7.697142 9.429018
13 8.162607 3.951981
15 8.051769 5.256188
15 8.142507 4.188493
16 7.914889 6.866833
16 7.764675 8.634379
