16 14.783724 1.441841
16 14.579968 2.800214
17 14.268041 4.879727
17 13.652476 8.983493
17 14.458534 3.609772
17 14.418789 3.874740
17 13.628390 9.144070
17 13.602152 9.318988
17 13.558940 9.607066
17 14.236218 5.091878
18 13.821973 7.853515
18 13.797780 8.014801
18 14.129838 5.801080
18 14.520330 3.197803
18 14.351833 4.321113
19 14.689066 2.072890
19 14.370132 4.199122
19 14.249605 5.002633
19 14.590644 2.729037
19 14.396940 4.020398
19 13.752438 8.317082
20 14.341267 4.391556
20 14.486393 3.424044
15 13.590990 9.393401
20 14.589152 2.738989
21 13.965817 6.894552
16 14.148483 5.676780
21 14.449123 3.672512
18 14.489954 3.400307
22 14.096456 6.023625
23 14.139112 5.739255
23 13.961065 6.926232
23 14.275735 4.828435
17 13.984794 6.768043
18 13.714949 8.567003
23 14.256258 4.958281
17 14.060459 6.263604
22 14.461948 3.587012
19 14.092470 6.050203
24 13.741777 8.388152
18 14.054683 6.302116
19 13.810492 7.930053
25 14.036107 6.425957
21 14.395805 4.027965
23 13.607097 9.286022
18 14.233963 5.106914
16 14.260888 4.927416
24 13.650054 8.999637
20 14.450631 3.662462
21 14.310316 4.597891
22 14.361828 4.254479
20 14.332028 4.453147
18 14.526952 3.153655
15 13.849490 7.670069
15 13.590268 9.398213
16 13.717051 8.552992
23 13.846557 7.689618
24 13.969683 6.868779
16 13.673425 8.843833
22 13.916098 7.226016
18 14.240164 5.065571
19 13.601229 9.325140
16 13.620670 9.195531
20 14.174901 5.500663
23 13.847075 7.686166
24 14.443479 3.710139
19 14.132370 5.784201
21 14.227188 5.152080
24 13.904979 7.300138
17 13.894471 7.370194
27 14.013087 6.579423
25 14.387713 4.081915
17 14.644070 2.372868
20 14.155467 5.630221
18 14.387588 4.082747
19 14.508964 3.273574
17 14.337356 4.417627
21 13.868181 7.545461
18 14.144900 5.700666
17 14.165332 5.564454
22 14.177501 5.483324
26 13.569309 9.537942
25 13.534365 9.770901
19 14.527674 3.148843
17 13.830958 7.793611
26 14.539031 3.073127
16 13.538362 9.744252
17 13.501852 9.987654
17 14.285955 4.760298
25 14.338585 4.409436
25 14.244362 5.037585
17 14.555402 2.963984
21 13.862076 7.586160
26 14.197727 5.348486
28 14.193830 5.374467
17 14.318882 4.540787
16 13.854572 7.636188
20 13.828829 7.807808
18 14.361472 4.256855
20 13.685379 8.764138
20 14.127155 5.818967
29 13.881511 7.456594
21 14.081888 6.120749
21 14.348146 4.345692
18 13.749538 8.336413
25 13.630840 9.127733
27 13.766719 8.221875
24 14.411176 3.925496
19 13.928129 7.145809
18 14.311090 4.592735
17 14.385272 4.098188
21 14.103550 5.976333
17 14.619652 2.535652
18 13.685241 8.765060
26 14.269819 4.867871
20 14.123690 5.842064
18 13.828796 7.808026
21 13.743086 8.379430
28 14.475837 3.494418
19 14.201236 5.325096
19 13.844229 7.705137
21 13.930478 7.130147
25 14.542290 3.051397
27 14.456018 3.626548
19 13.910820 7.261201
27 14.525960 3.160265
23 13.738768 8.408215
failed to find solution after reaching max emtpy limit -- 43 iterations and 25 function evals
17 13.768899 8.207340
26 14.115120 5.899203
19 14.017276 6.551490
20 14.327653 4.482315
17 14.298361 4.677593
16 14.449131 3.672463
29 14.391923 4.053844
20 14.601662 2.655585
23 13.501392 9.990720
33 13.644294 9.038040
25 13.818179 7.878806
27 14.094687 6.035419
18 14.069442 6.203718
26 14.486982 3.420117
19 14.376530 4.156469
21 14.434385 3.770769
17 14.550162 2.998921
15 13.572967 9.513552
21 13.694749 8.701672
19 14.531283 3.124782
16 14.414504 3.903308
19 13.531732 9.788453
18 13.663292 8.911385
29 14.178897 5.474018
17 14.578210 2.811935
26 14.424110 3.839268
21 14.146987 5.686751
23 14.415276 3.898163
17 13.651878 8.987481
21 14.763824 1.574504
22 13.748505 8.343300
19 14.134453 5.770316
19 14.745768 1.694880
17 14.262806 4.914627
17 14.296614 4.689238
29 13.748929 8.340471
31 13.991763 6.721581
29 14.481839 3.454403
23 14.342306 4.384630
34 14.059088 6.272744
21 14.603962 2.640251
24 13.799122 8.005852
26 14.636217 2.425217
30 13.915451 7.230324
24 14.286675 4.755502
26 14.399350 4.004332
28 14.555313 2.964578
27 14.557864 2.947572
28 14.126191 5.825392
22 14.345896 4.360693
26 13.937750 7.081666
25 13.756915 8.287236
failed to find solution after reaching max emtpy limit -- 53 iterations and 31 function evals
failed to find solution after reaching max emtpy limit -- 66 iterations and 24 function evals
35 13.822041 7.853059
30 14.167971 5.546858
27 14.610735 2.595102
33 14.082430 6.117136
34 13.721136 8.525758
34 14.558095 2.946031
31 14.437692 3.748722
27 13.533750 9.775000
34 13.574595 9.502703
36 13.578001 9.479995
31 14.447102 3.685985
58 14.580937 2.793752
45 14.577332 2.817787
failed to find solution after reaching max emtpy limit -- 116 iterations and 30 function evals
failed to find solution after reaching max emtpy limit -- 116 iterations and 28 function evals
failed to find solution after reaching max emtpy limit -- 137 iterations and 34 function evals
32 14.607042 2.619719
59 13.915610 7.229265
