10 3094.775441 6.218926
10 3191.227415 3.296139
10 3077.122696 6.753858
10 3271.490256 0.863932
10 3197.763183 3.098085
10 3079.487837 6.682187
11 3159.160246 4.267871
11 2994.548654 9.256101
11 3102.835207 5.974691
11 3196.434219 3.138357
12 3217.612411 2.496594
12 2979.114364 9.723807
12 3035.455948 8.016486
12 3221.284634 2.385314
12 2970.527589 9.984012
12 3229.389744 2.139705
12 3268.407000 0.957364
12 3264.260056 1.083029
12 3087.579706 6.436979
12 3202.060617 2.967860
12 3061.474424 7.228048
12 3296.367365 0.110080
11 3093.649531 6.253045
13 3185.189141 3.479117
13 3111.803978 5.702910
13 3250.383164 1.503540
13 2989.140327 9.419990
13 3222.118177 2.360055
13 3154.843588 4.398679
13 3156.210889 4.357246
13 2971.815331 9.944990
12 2990.128155 9.390056
10 3207.064675 2.816222
14 3083.310677 6.566343
14 2997.618136 9.163087
14 3078.171006 6.722091
14 3153.234105 4.447451
12 3060.623258 7.253841
11 3050.379268 7.564265
13 3018.063244 8.543538
13 3018.650234 8.525750
11 3110.876768 5.731007
15 3071.871984 6.912970
15 3108.838732 5.792766
13 3016.790493 8.582106
14 3229.191941 2.145699
15 3088.716427 6.402533
12 3120.036729 5.453432
12 3250.687103 1.494330
12 3175.406240 3.775568
12 3024.992257 8.333568
12 3222.458961 2.349728
12 3102.938920 5.971548
16 3120.702831 5.433248
16 3244.002109 1.696906
13 3213.283459 2.627774
12 3124.343898 5.322912
14 3260.124163 1.208359
13 2980.846275 9.671325
12 3233.873052 2.003847
11 3097.469839 6.137278
13 3142.815183 4.763176
12 2974.342700 9.868403
12 3298.539358 0.044262
11 3101.556374 6.013443
12 3015.525908 8.620427
12 3099.487077 6.076149
12 3141.402555 4.805983
12 3132.582567 5.073256
11 3222.793335 2.339596
13 3035.615148 8.011662
12 2972.735192 9.917115
14 3121.049771 5.422734
14 3030.508134 8.166420
12 3063.506838 7.166459
11 2998.000720 9.151493
14 3187.026951 3.423426
13 2971.218286 9.963082
14 2991.781550 9.339953
12 3296.878294 0.094597
13 3112.827174 5.671904
15 3273.718840 0.796399
12 3117.892077 5.518422
10 3099.081096 6.088452
11 3015.224014 8.629575
13 3005.556565 8.922528
12 3007.315224 8.869236
12 3036.511695 7.984494
12 3003.294859 8.991065
15 3199.688598 3.039739
10 3222.452249 2.349932
12 3240.503473 1.802925
15 3270.054255 0.907447
14 3060.859701 7.246676
13 2993.474732 9.288644
13 3167.439002 4.017000
14 3135.502228 4.984781
11 3075.803319 6.793839
12 3264.811220 1.066327
16 3198.688185 3.070055
12 3210.169297 2.722143
12 2982.119501 9.632742
14 3143.478152 4.743086
15 3110.697511 5.736439
14 2987.732353 9.462656
15 3061.909603 7.214861
14 3109.043646 5.786556
12 3055.936708 7.395857
14 3100.297098 6.051603
11 3039.512493 7.893561
12 3031.281152 8.142995
15 3005.749525 8.916681
15 3019.525756 8.499220
13 3298.100120 0.057572
11 3209.675080 2.737119
15 3015.488758 8.621553
13 3092.968105 6.273694
11 3212.055520 2.664984
13 2983.907737 9.578553
11 3243.325131 1.717420
14 3015.333245 8.626265
14 3291.280576 0.264225
11 3205.472251 2.864477
11 3021.751403 8.431776
12 3207.032120 2.817208
12 3022.806113 8.399815
14 3173.115051 3.844998
14 3243.587376 1.709473
11 3077.383494 6.745955
13 3079.255958 6.689213
12 3198.200049 3.084847
12 3018.511816 8.529945
11 2997.538484 9.165500
13 3278.726992 0.644637
12 3282.402354 0.533262
12 3022.308058 8.414907
13 3003.411544 8.987529
13 3103.714859 5.948035
13 3169.812528 3.945075
12 3268.625906 0.950730
14 3216.773018 2.522030
17 3192.339908 3.262427
15 3287.229525 0.386984
11 3152.019617 4.484254
12 3047.767281 7.643416
11 3145.112665 4.693556
12 3013.155024 8.692272
14 3139.450628 4.865132
13 3105.904606 5.881679
12 3228.956206 2.152842
13 3280.441624 0.592678
12 3255.090120 1.360905
14 3267.045428 0.998623
11 3109.317399 5.778261
12 3091.804878 6.308943
15 3286.082644 0.421738
13 3133.981103 5.030876
12 3007.465672 8.864677
14 2973.037093 9.907967
13 3106.542853 5.862338
12 3235.570902 1.952397
13 3111.568515 5.710045
13 3165.675369 4.070443
13 2989.876644 9.397677
12 3275.964174 0.728358
16 3278.179916 0.661215
12 3093.663925 6.252608
12 3057.454835 7.349853
12 3093.274069 6.264422
13 3265.726510 1.038591
11 3064.252374 7.143867
12 3281.616610 0.557072
14 3067.130198 7.056661
15 3271.119972 0.875152
12 3208.137272 2.783719
12 3114.435206 5.623176
12 3180.942706 3.607797
14 3049.829562 7.580922
14 3012.707646 8.705829
12 3237.675118 1.888633
15 3224.938313 2.274597
failed to find solution after reaching max emtpy limit -- 20 iterations and 11 function evals
16 2992.392952 9.321426
16 3217.449313 2.501536
14 2980.377507 9.685530
16 3251.860463 1.458774
failed to find solution after reaching max emtpy limit -- 22 iterations and 13 function evals
16 3247.489763 1.591219
failed to find solution after reaching max emtpy limit -- 24 iterations and 15 function evals
20 3250.046809 1.513733
failed to find solution after reaching max emtpy limit -- 21 iterations and 12 function evals
failed to find solution after reaching max emtpy limit -- 20 iterations and 11 function evals
14 3072.628153 6.890056
16 3229.279981 2.143031
failed to find solution after reaching max emtpy limit -- 23 iterations and 14 function evals
16 3189.230131 3.356663
failed to find solution after reaching max emtpy limit -- 24 iterations and 15 function evals
failed to find solution after reaching max emtpy limit -- 24 iterations and 15 function evals
failed to find solution after reaching max emtpy limit -- 22 iterations and 13 function evals
failed to find solution after reaching max emtpy limit -- 34 iterations and 14 function evals
