17 -0.120321 8.288895
19 -0.116074 4.466201
21 -0.122059 9.852914
19 -0.119651 7.685664
21 -0.119381 7.443000
23 -0.121094 8.984981
19 -0.121914 9.723012
19 -0.117790 6.011406
19 -0.118284 6.455918
24 -0.115298 3.768523
24 -0.121273 9.145784
20 -0.120868 8.780807
21 -0.117483 5.734468
22 -0.121005 8.904827
22 -0.116387 4.748069
25 -0.120152 8.136569
25 -0.116176 4.558759
25 -0.121312 9.180746
26 -0.117920 6.128265
27 -0.120030 8.027035
22 -0.119018 7.116037
27 -0.115998 4.398475
28 -0.118822 6.939855
27 -0.119177 7.259739
29 -0.119715 7.743149
26 -0.118324 6.491756
27 -0.117756 5.980594
21 -0.119251 7.326001
21 -0.116962 5.265701
17 -0.117895 6.105500
28 -0.118535 6.681656
25 -0.116996 5.296686
24 -0.116448 4.803151
27 -0.118281 6.452979
30 -0.120014 8.012900
27 -0.119614 7.652916
28 -0.116635 4.971424
18 -0.115262 3.735740
26 -0.117554 5.798535
28 -0.116616 4.954308
17 -0.120927 8.834620
36 -0.117899 6.108675
17 -0.117961 6.164739
20 -0.117892 6.102699
24 -0.115642 4.077403
25 -0.119717 7.745425
36 -0.120766 8.689426
28 -0.121684 9.515628
38 -0.119407 7.466739
22 -0.121774 9.596196
34 -0.122203 9.982783
18 -0.122031 9.828126
25 -0.121723 9.551124
28 -0.122200 9.980015
29 -0.117895 6.105273
33 -0.116945 5.250236
26 -0.117885 6.096601
27 -0.121312 9.180855
27 -0.116913 5.221660
25 -0.119609 7.648241
31 -0.120680 8.612184
31 -0.119076 7.168465
31 -0.115584 4.025634
26 -0.119397 7.457105
26 -0.115966 4.369655
23 -0.121752 9.576488
24 -0.118884 6.995300
35 -0.117943 6.148910
28 -0.116087 4.478051
25 -0.119083 7.174383
26 -0.118227 6.404693
26 -0.119204 7.284008
23 -0.119429 7.485927
22 -0.117207 5.485867
17 -0.118136 6.322062
28 -0.116834 5.150173
22 -0.114199 2.779196
20 -0.119105 7.194815
24 -0.119723 7.750326
18 -0.115256 3.730083
21 -0.115243 3.718674
17 -0.116730 5.056759
22 -0.118778 6.900428
23 -0.114267 2.840538
31 -0.120431 8.387752
19 -0.116363 4.727054
35 -0.120786 8.707572
24 -0.117584 5.825856
28 -0.121899 9.709079
31 -0.115836 4.252722
31 -0.117818 6.035821
28 -0.114672 3.204521
20 -0.116041 4.437161
28 -0.119074 7.166244
17 -0.120119 8.106921
30 -0.121019 8.917131
25 -0.122171 9.953573
33 -0.120506 8.455143
21 -0.116111 4.500257
21 -0.119873 7.885777
33 -0.119285 7.356337
28 -0.118531 6.678146
32 -0.121654 9.488422
24 -0.119912 7.921184
23 -0.121998 9.798145
23 -0.114961 3.465248
24 -0.117902 6.111476
24 -0.120041 8.037030
26 -0.118677 6.808927
26 -0.114908 3.417276
26 -0.118083 6.274623
22 -0.115931 4.338051
20 -0.119831 7.847907
17 -0.120745 8.670189
26 -0.117229 5.505878
17 -0.116895 5.205295
28 -0.115132 3.618810
27 -0.118109 6.298310
26 -0.116892 5.202971
26 -0.119864 7.877270
30 -0.120177 8.159018
21 -0.117101 5.390528
32 -0.115135 3.621298
37 -0.118107 6.296565
27 -0.122019 9.817514
18 -0.117681 5.912617
28 -0.116183 4.564725
30 -0.118533 6.679401
22 -0.120600 8.540411
20 -0.119248 7.322895
22 -0.119332 7.398809
22 -0.118040 6.236201
24 -0.117403 5.662315
29 -0.121493 9.344134
17 -0.118051 6.245986
24 -0.119096 7.186733
28 -0.119116 7.204368
23 -0.120809 8.728212
33 -0.119349 7.413715
27 -0.115029 3.526528
22 -0.119648 7.682986
28 -0.117238 5.514125
19 -0.122127 9.914133
19 -0.116284 4.655436
20 -0.118705 6.834554
26 -0.115212 3.690598
17 -0.120393 8.353953
26 -0.117486 5.737100
20 -0.118423 6.580578
27 -0.117721 5.948786
26 -0.117900 6.109785
23 -0.119402 7.461557
22 -0.120675 8.607187
27 -0.117995 6.195933
26 -0.119690 7.720914
25 -0.118507 6.656516
20 -0.119800 7.820231
25 -0.118556 6.700316
31 -0.116600 4.939581
24 -0.118759 6.883207
23 -0.119212 7.290815
20 -0.116366 4.729369
27 -0.120837 8.753666
28 -0.119676 7.708700
25 -0.119178 7.260079
25 -0.119528 7.575082
25 -0.115487 3.937873
28 -0.120679 8.610651
24 -0.121736 9.562242
31 -0.117026 5.323823
28 -0.117595 5.835785
24 -0.120143 8.128893
24 -0.117662 5.896062
24 -0.119765 7.788152
31 -0.120525 8.472838
28 -0.117116 5.404265
29 -0.119967 7.969868
25 -0.116996 5.296710
29 -0.116431 4.787832
28 -0.120893 8.803766
27 -0.116614 4.952375
35 -0.116507 4.855960
28 -0.118294 6.464754
30 -0.120759 8.682714
29 -0.117437 5.693658
28 -0.120728 8.655639
32 -0.120317 8.285386
33 -0.117526 5.773458
35 -0.115559 4.002891
25 -0.120993 8.893815
33 -0.119287 7.357863
31 -0.117735 5.961820
32 -0.121284 9.155179
29 -0.118388 6.549159
34 -0.121459 9.313065
31 -0.118099 6.288830
36 -0.117125 5.412572
36 -0.116612 4.951137
41 -0.120735 8.661760
33 -0.118117 6.305676
