10 -1.051296 5.129611
11 -1.080756 8.075608
11 -1.071275 7.127522
11 -1.066447 6.644743
11 -1.091341 9.134067
11 -1.046526 4.652561
12 -1.052552 5.255225
12 -1.071020 7.101986
12 -1.067854 6.785393
12 -1.088148 8.814773
12 -1.075830 7.582991
12 -1.074340 7.433962
13 -1.099585 9.958526
13 -1.099650 9.965048
13 -1.075107 7.510695
13 -1.068384 6.838444
13 -1.073320 7.332038
13 -1.057154 5.715437
14 -1.062984 6.298441
14 -1.072647 7.264716
15 -1.044985 4.498458
10 -1.074919 7.491905
15 -1.075545 7.554488
15 -1.076395 7.639532
15 -1.023751 2.375067
15 -1.087485 8.748456
15 -1.094903 9.490326
16 -1.036989 3.698889
16 -1.054150 5.415008
16 -1.088609 8.860921
16 -1.029786 2.978608
10 -1.083682 8.368160
12 -1.094801 9.480144
12 -1.055494 5.549409
12 -1.097553 9.755284
9 -1.056843 5.684256
18 -1.091731 9.173062
10 -1.087366 8.736621
10 -1.059688 5.968780
20 -1.069375 6.937549
14 -1.061853 6.185282
13 -1.063667 6.366705
21 -1.084219 8.421853
15 -1.088914 8.891416
14 -1.085898 8.589828
16 -1.099257 9.925664
14 -1.037809 3.780930
11 -1.095066 9.506599
18 -1.089394 8.939360
10 -1.095815 9.581522
18 -1.088815 8.881535
19 -1.074194 7.419369
11 -1.059660 5.965959
10 -1.097846 9.784640
18 -1.079781 7.978124
15 -1.068307 6.830680
13 -1.076533 7.653261
25 -1.086453 8.645345
25 -1.038356 3.835603
21 -1.085318 8.531762
14 -1.073922 7.392223
16 -1.043209 4.320943
17 -1.056927 5.692731
11 -1.039807 3.980660
13 -1.065291 6.529065
27 -1.092456 9.245618
11 -1.084698 8.469767
13 -1.069444 6.944443
11 -1.076126 7.612605
11 -1.085726 8.572626
11 -1.052707 5.270679
22 -1.065955 6.595516
12 -1.082738 8.273774
10 -1.093383 9.338326
13 -1.076507 7.650711
failed to find solution after reaching max emtpy limit -- 12 iterations and 6 function evals
12 -1.079620 7.962047
13 -1.059235 5.923479
12 -1.091440 9.143951
31 -1.087417 8.741697
21 -1.094154 9.415440
14 -1.054906 5.490629
32 -1.099150 9.914961
14 -1.052226 5.222638
25 -1.076300 7.629990
15 -1.089508 8.950836
15 -1.038572 3.857166
25 -1.079843 7.984342
12 -1.069309 6.930898
35 -1.096001 9.600129
12 -1.058558 5.855782
12 -1.054584 5.458385
11 -1.090410 9.040998
16 -1.085447 8.544695
36 -1.062676 6.267616
29 -1.072833 7.283329
22 -1.096484 9.648434
36 -1.096769 9.676878
37 -1.061886 6.188607
28 -1.091731 9.173089
13 -1.081581 8.158127
15 -1.083451 8.345063
18 -1.099124 9.912390
30 -1.083225 8.322499
18 -1.024495 2.449479
failed to find solution after reaching max emtpy limit -- 34 iterations and 26 function evals
11 -1.070169 7.016876
10 -1.052028 5.202839
11 -1.052412 5.241173
15 -1.039686 3.968621
14 -1.057371 5.737150
21 -1.080981 8.098149
17 -1.096612 9.661219
16 -1.047562 4.756218
31 -1.082363 8.236332
43 -1.091984 9.198375
14 -1.057804 5.780442
14 -1.032124 3.212358
14 -1.092605 9.260541
13 -1.075572 7.557192
20 -1.043996 4.399625
17 -1.022844 2.284435
9 -1.085883 8.588279
12 -1.096244 9.624355
18 -1.063879 6.387940
42 -1.089504 8.950396
26 -1.084932 8.493247
11 -1.047351 4.735067
13 -1.081067 8.106744
27 -1.097234 9.723357
13 -1.056929 5.692855
21 -1.059490 5.948954
14 -1.067216 6.721570
19 -1.079323 7.932266
11 -1.095007 9.500692
21 -1.077397 7.739658
18 -1.096237 9.623739
12 -1.089350 8.935025
12 -1.077308 7.730815
16 -1.065803 6.580276
15 -1.073504 7.350402
12 -1.081409 8.140929
51 -1.090393 9.039264
23 -1.082851 8.285107
32 -1.099325 9.932520
20 -1.082659 8.265899
12 -1.066160 6.615955
15 -1.082168 8.216768
16 -1.075186 7.518616
19 -1.091638 9.163785
55 -1.088344 8.834423
11 -1.062156 6.215605
18 -1.084398 8.439848
10 -1.048252 4.825168
12 -1.088443 8.844318
13 -1.069195 6.919521
57 -1.089508 8.950807
52 -1.099886 9.988620
57 -1.090182 9.018241
12 -1.088163 8.816333
11 -1.098653 9.865314
12 -1.038576 3.857592
33 -1.088157 8.815691
20 -1.090459 9.045860
12 -1.039068 3.906846
12 -1.047793 4.779259
23 -1.071395 7.139534
38 -1.089194 8.919419
16 -1.023832 2.383175
14 -1.033367 3.336658
29 -1.095301 9.530107
33 -1.088698 8.869759
47 -1.081350 8.135042
23 -1.065209 6.520872
18 -1.096694 9.669363
17 -1.093719 9.371865
23 -1.089609 8.960868
25 -1.099229 9.922908
24 -1.074882 7.488182
43 -1.099461 9.946051
28 -1.082937 8.293696
32 -1.079596 7.959645
29 -1.079217 7.921664
30 -1.090294 9.029428
41 -1.098473 9.847279
54 -1.093434 9.343385
46 -1.087770 8.776965
42 -1.091513 9.151277
43 -1.088002 8.800178
45 -1.082603 8.260315
71 -1.059280 5.928019
46 -1.084457 8.445719
83 -1.096514 9.651380
66 -1.076576 7.657561
51 -1.099901 9.990098
63 -1.081413 8.141335
81 -1.088568 8.856839
63 -1.015840 1.584017
89 -1.051325 5.132463
98 -1.094061 9.406052
