9 8.163458 3.941962
8 8.007472 5.777418
8 7.866980 7.430568
10 8.404275 1.108310
10 7.793072 8.300235
9 8.144694 4.162751
9 7.676101 9.676613
9 7.923791 6.762080
9 7.703165 9.358153
9 7.987807 6.008813
9 7.804215 8.169112
9 8.220818 3.267014
9 8.069431 5.048356
7 7.926000 6.736090
11 8.373179 1.474211
11 7.716610 9.199950
11 7.810157 8.099192
11 7.824169 7.934315
11 8.096818 4.726103
8 7.850749 7.621561
12 8.024609 5.575781
12 7.657210 9.898893
12 7.773165 8.534479
12 7.740301 8.921183
12 7.862307 7.485556
12 7.973350 6.178936
12 8.037044 5.429457
12 8.157564 4.011321
12 7.800173 8.216678
12 7.957680 6.363314
9 7.918129 6.828706
9 8.170081 3.864034
13 7.685030 9.571544
13 8.129028 4.347097
13 7.672823 9.715181
13 8.028772 5.526794
13 7.888811 7.173692
13 7.869811 7.397257
13 7.707287 9.309652
13 7.912862 6.890686
13 7.819374 7.990735
12 8.114241 4.521095
9 8.026524 5.553242
9 7.844954 7.689743
12 7.663142 9.829098
15 7.941375 6.555180
8 7.677994 9.654336
13 8.263156 2.768835
12 7.706098 9.323644
9 7.886924 7.195896
12 7.857304 7.544420
9 7.807878 8.126017
14 8.046173 5.322031
11 8.046722 5.315572
13 7.800871 8.208464
9 8.217092 3.310857
12 8.285169 2.509813
9 7.661688 9.846204
11 7.937684 6.598603
11 8.221606 3.257740
17 7.809038 8.112361
11 7.735079 8.982627
15 7.907498 6.953806
12 8.023317 5.590983
11 7.813458 8.060350
12 7.783649 8.411109
11 8.167261 3.897209
10 7.770517 8.565627
12 8.190440 3.624475
12 7.927367 6.720007
15 7.935295 6.626721
17 7.806093 8.147017
9 8.079206 4.933339
19 8.129685 4.339360
12 7.869962 7.395481
11 7.819176 7.993066
8 7.965523 6.271026
12 7.791822 8.314944
7 8.140144 4.216296
15 7.749098 8.817671
9 7.817545 8.012264
9 7.970068 6.217551
9 7.941537 6.553268
13 7.808480 8.118933
11 8.185323 3.684685
12 7.814843 8.044052
15 8.118850 4.466857
15 8.240131 3.039758
15 7.706781 9.315601
16 7.672890 9.714398
7 8.266477 2.729749
8 7.785650 8.387570
12 7.717174 9.193312
11 7.854372 7.578925
9 7.664405 9.814237
17 7.938168 6.592908
12 7.978183 6.122067
11 8.224560 3.222990
9 8.085878 4.854828
9 8.134949 4.277421
11 7.984035 6.053198
15 7.936695 6.610245
8 7.995737 5.915511
12 8.124356 4.402068
9 7.861405 7.496169
13 7.803432 8.178323
14 8.136985 4.253468
12 8.006962 5.783429
16 7.788777 8.350770
12 8.171881 3.842845
16 7.865220 7.451276
28 8.008551 5.764732
16 7.669279 9.756885
9 8.212115 3.369418
11 7.686656 9.552409
11 7.664930 9.808059
13 7.794575 8.282543
11 7.853875 7.584772
13 8.188926 3.642285
12 7.884672 7.222386
7 7.686380 9.555654
12 7.695133 9.452669
11 7.887463 7.189545
16 7.899994 7.042096
11 8.061989 5.135935
13 8.079004 4.935721
7 8.290880 2.442607
9 7.890465 7.154221
9 8.030405 5.507576
15 7.952632 6.422714
12 7.727379 9.073225
9 7.722850 9.126522
9 8.206505 3.435438
9 8.074817 4.984986
13 7.954908 6.395939
10 7.657418 9.896447
11 7.825065 7.923775
13 7.749412 8.813967
9 7.921096 6.793796
15 7.827988 7.889379
9 7.750521 8.800924
8 7.790334 8.332449
13 8.045748 5.327040
9 7.976495 6.141928
12 7.665562 9.800617
22 7.788584 8.353040
15 7.841320 7.732506
17 8.077635 4.951830
13 8.024465 5.577473
20 7.772795 8.538824
11 8.029178 5.522015
9 7.715699 9.210669
16 8.042332 5.367229
15 7.846106 7.676194
12 7.867487 7.424608
7 8.080995 4.912295
11 7.711337 9.261998
17 8.065280 5.097212
12 7.662186 9.840346
13 7.724023 9.112720
15 7.743215 8.886890
13 7.753948 8.760593
11 7.961313 6.320565
12 7.950981 6.442145
9 8.207403 3.424870
16 8.053509 5.235716
12 8.004434 5.813171
9 7.815348 8.038112
11 7.731314 9.026932
11 7.814529 8.047756
15 7.807791 8.127034
13 7.953394 6.413755
12 7.746144 8.852422
11 7.852331 7.602938
44 8.237600 3.069542
13 7.728623 9.058596
23 7.742202 8.898810
12 8.060896 5.148797
15 7.938830 6.585127
16 7.873496 7.353898
16 7.768702 8.586985
15 7.934397 6.637280
45 7.787142 8.370012
14 7.790619 8.329090
18 7.694051 9.465400
23 7.692258 9.486490
21 7.905264 6.980088
26 7.817363 8.014407
24 7.883990 7.230410
23 7.720033 9.159674
27 8.039485 5.400730
27 7.948228 6.474533
36 7.768937 8.584228
42 7.876388 7.319872
60 8.010313 5.743992
60 7.657068 9.900565
58 7.748210 8.828110
61 8.184862 3.690106
68 7.939463 6.577677
103 7.864767 7.456605
