25 -1148.175086 1.039731
25 -1155.274235 1.664458
25 -1177.694027 3.637406
25 -1152.379238 1.409697
25 -1148.953902 1.108267
25 -1171.839387 3.122196
25 -1184.094709 4.200668
25 -1159.923584 2.073602
25 -1148.671452 1.083411
25 -1149.369850 1.144870
25 -1176.131706 3.499921
25 -1162.334189 2.285736
25 -1157.988666 1.903329
25 -1158.387284 1.938407
25 -1193.297197 5.010489
25 -1153.707485 1.526584
25 -1150.671464 1.259413
25 -1167.674831 2.755714
25 -1170.766298 3.027764
25 -1153.275526 1.488571
25 -1164.324312 2.460867
25 -1155.112219 1.650201
25 -1170.855897 3.035649
25 -1151.740108 1.353454
25 -1162.292180 2.282039
25 -1163.862809 2.420255
25 -1160.661297 2.138521
25 -1160.059202 2.085536
25 -1157.525841 1.862600
25 -1158.122846 1.915137
25 -1191.960000 4.892816
25 -1169.727625 2.936360
25 -1166.465441 2.649287
25 -1166.425379 2.645762
25 -1187.096746 4.464848
25 -1165.131302 2.531883
25 -1181.568103 3.978326
25 -1167.319044 2.724405
25 -1158.086093 1.911902
25 -1152.217841 1.395494
25 -1160.704293 2.142305
25 -1151.059334 1.293546
25 -1200.199925 5.617931
25 -1174.468597 3.353567
25 -1144.535704 0.719464
25 -1172.062017 3.141788
25 -1164.897769 2.511332
25 -1177.445318 3.615520
25 -1155.462546 1.681029
25 -1168.797466 2.854506
25 -1172.719864 3.199678
25 -1151.816712 1.360195
25 -1176.852778 3.563376
25 -1152.047319 1.380488
25 -1156.569452 1.778437
25 -1148.037185 1.027596
25 -1145.778265 0.828810
25 -1145.784490 0.829358
25 -1155.010572 1.641256
25 -1161.184345 2.184549
25 -1154.988458 1.639310
25 -1167.558017 2.745434
25 -1161.786466 2.237536
25 -1160.951114 2.164025
25 -1161.923331 2.249580
25 -1175.836131 3.473911
25 -1150.395778 1.235152
25 -1154.159565 1.566367
25 -1181.289084 3.953772
25 -1150.783459 1.269268
25 -1143.025560 0.586571
25 -1165.846481 2.594819
25 -1149.933801 1.194498
25 -1145.653878 0.817864
25 -1176.692583 3.549279
25 -1164.887203 2.510402
25 -1161.619924 2.222880
25 -1149.181419 1.128289
25 -1161.612031 2.222186
25 -1182.002067 4.016515
25 -1173.011439 3.225337
25 -1153.069450 1.470436
25 -1150.465004 1.241244
25 -1159.276139 2.016627
25 -1164.850915 2.507209
25 -1174.212225 3.331006
25 -1157.351175 1.847229
25 -1169.033526 2.875280
25 -1142.578389 0.547220
25 -1151.647266 1.345284
25 -1162.981540 2.342703
25 -1193.363644 5.016337
25 -1170.483704 3.002896
25 -1179.558327 3.801465
25 -1164.841976 2.506422
25 -1151.484797 1.330986
25 -1168.812256 2.855808
25 -1158.709799 1.966789
25 -1153.071067 1.470579
25 -1164.644292 2.489026
25 -1162.527450 2.302743
25 -1155.810049 1.711610
25 -1150.902370 1.279733
25 -1148.663838 1.082741
25 -1185.904995 4.359974
25 -1185.463803 4.321148
25 -1165.398014 2.555353
25 -1149.219966 1.131681
25 -1166.870703 2.684950
25 -1167.312685 2.723845
25 -1176.739433 3.553401
25 -1151.664294 1.346782
25 -1148.119155 1.034809
25 -1155.569575 1.690448
25 -1170.340320 2.990278
25 -1156.611092 1.782102
25 -1165.513360 2.565504
25 -1164.415137 2.468860
25 -1152.543021 1.424110
25 -1166.009254 2.609143
25 -1175.060685 3.405671
25 -1147.783962 1.005312
25 -1177.078787 3.583265
25 -1150.554792 1.249146
25 -1163.213443 2.363111
25 -1153.704215 1.526296
25 -1182.421650 4.053438
25 -1147.654681 0.993935
25 -1153.906073 1.544059
25 -1219.604527 7.325542
25 -1165.101345 2.529246
25 -1164.177064 2.447909
25 -1157.426329 1.853843
25 -1173.550311 3.272758
25 -1181.339479 3.958207
25 -1159.530580 2.039018
25 -1180.279827 3.864957
25 -1140.074133 0.326845
25 -1186.141994 4.380829
25 -1168.573873 2.834830
25 -1167.957669 2.780604
25 -1184.057196 4.197367
25 -1155.665444 1.698885
25 -1152.761095 1.443301
25 -1162.606830 2.309728
25 -1169.728565 2.936443
25 -1168.136933 2.796379
25 -1176.739114 3.553373
25 -1170.646255 3.017200
25 -1160.564242 2.129980
25 -1155.063038 1.645873
25 -1166.516480 2.653779
25 -1205.568339 6.090353
25 -1157.506035 1.860857
25 -1169.648864 2.929429
25 -1155.709219 1.702737
25 -1165.348940 2.551035
25 -1162.740026 2.321450
25 -1146.931676 0.930310
25 -1197.520965 5.382182
25 -1156.229560 1.748527
25 -1184.044049 4.196210
25 -1162.092965 2.264508
25 -1198.475050 5.466142
25 -1160.522762 2.126330
25 -1169.146589 2.885229
25 -1166.539650 2.655818
25 -1174.417203 3.349045
25 -1179.503413 3.796632
25 -1150.937614 1.282834
25 -1174.916909 3.393019
25 -1151.082093 1.295548
25 -1169.435830 2.910682
25 -1176.628177 3.543611
25 -1163.860177 2.420023
25 -1161.275130 2.192538
25 -1157.286835 1.841567
25 -1157.795335 1.886315
25 -1152.712784 1.439050
25 -1177.854437 3.651522
25 -1149.853374 1.187421
25 -1157.680902 1.876245
25 -1170.052173 2.964921
25 -1150.268902 1.223987
25 -1154.426078 1.589820
25 -1151.489017 1.331358
25 -1161.674330 2.227668
25 -1161.187302 2.184810
25 -1150.325150 1.228937
25 -1151.562777 1.337849
25 -1166.520750 2.654155
25 -1169.730928 2.936651
25 -1157.223620 1.836004
25 -1163.425234 2.381748
25 -1187.586588 4.507954
25 -1154.354492 1.583520
25 -1187.454748 4.496352
25 -1167.292418 2.722061
25 -1145.250288 0.782348
25 -1160.587650 2.132040
