188 -41.859546 9.583607
224 -40.660043 6.443443
347 -38.560962 0.948282
528 -41.905281 9.703336
486 -41.199585 7.855903
532 -39.082489 2.313583
713 -40.760446 6.706285
760 -41.924259 9.753017
1420 -41.255025 8.001038
1462 -40.875166 7.006611
1796 -41.931108 9.770947
2042 -40.352335 5.637898
2211 -41.341253 8.226773
2276 -39.523500 3.468099
2412 -39.326118 2.951375
2569 -40.764212 6.716145
2420 -41.894101 9.674069
2628 -40.581505 6.237839
2727 -39.153849 2.500395
2832 -40.577569 6.227535
2950 -40.300101 5.501154
1332 -39.708371 3.952072
3128 -40.926946 7.142164
3210 -40.307789 5.521281
3177 -39.880567 4.402862
601 -40.307953 5.521711
3396 -41.945542 9.808736
3481 -41.895901 9.678781
3173 -40.090616 4.952746
2182 -41.341595 8.227670
3495 -40.739360 6.651086
2336 -40.901732 7.076156
805 -41.863131 9.592992
3665 -40.430043 5.841327
3542 -40.585697 6.248813
877 -40.408808 5.785739
2119 -39.256561 2.769284
3708 -41.228288 7.931044
738 -40.678689 6.492255
1587 -40.661433 6.447082
2793 -40.334803 5.592000
1919 -42.008370 9.973210
1743 -41.440313 8.486103
2108 -41.304872 8.131532
2012 -41.999878 9.950979
854 -41.116047 7.637210
2597 -41.879099 9.634794
3121 -41.439881 8.484970
4565 -40.059769 4.871992
1188 -39.714234 3.967421
2034 -41.675494 9.101781
4683 -41.688800 9.136613
2230 -41.659885 9.060917
3007 -41.937090 9.786609
1290 -41.216051 7.899008
3497 -40.873064 7.001108
3849 -39.603931 3.678658
1498 -39.230084 2.699971
3899 -41.718726 9.214956
4706 -41.539198 8.744972
3427 -41.740466 9.271870
3112 -40.700140 6.548413
137 -39.769820 4.112938
5827 -38.910661 1.863756
5310 -41.049405 7.462749
5947 -41.086039 7.558652
1067 -41.754227 9.307895
6144 -40.139658 5.081132
885 -40.576412 6.224507
5704 -40.721579 6.604536
6071 -41.670501 9.088709
6442 -41.234684 7.947787
3559 -40.132624 5.062717
6434 -39.714563 3.968281
5793 -39.047011 2.220706
6578 -41.509592 8.667467
5771 -41.405318 8.394489
4141 -41.938386 9.790002
1469 -41.755365 9.310874
112 -41.006490 7.350402
3910 -41.253236 7.996356
2518 -40.361144 5.660957
1145 -41.495239 8.629892
7421 -41.493983 8.626604
7487 -41.116882 7.639395
6902 -39.670390 3.852642
7512 -41.743340 9.279394
3974 -41.822330 9.486179
7532 -39.971712 4.641468
466 -41.678716 9.110214
4446 -41.302189 8.124509
5020 -40.147809 5.102472
2063 -41.796325 9.418103
4958 -38.936469 1.931318
5631 -41.641813 9.013607
6661 -41.796079 9.417458
3094 -42.017065 9.995973
2659 -41.143475 7.709013
3519 -40.066562 4.889776
338 -40.739914 6.652535
1374 -41.881359 9.640711
5190 -41.568421 8.821475
5482 -40.672413 6.475827
8300 -41.988012 9.919916
878 -41.926139 9.757940
2957 -40.564022 6.192069
6166 -41.662667 9.068200
7758 -40.952110 7.208042
1854 -40.365144 5.671429
364 -40.783738 6.767262
6425 -41.803112 9.435868
7692 -39.720349 3.983429
2165 -41.125472 7.661885
9106 -41.043160 7.446401
9022 -41.550339 8.774137
3420 -41.888569 9.659585
4330 -39.907513 4.473403
1823 -40.407076 5.781202
6800 -40.662617 6.450182
362 -39.696514 3.921031
548 -41.161178 7.755357
2207 -41.640771 9.010878
2105 -39.605589 3.683000
6541 -40.098358 4.973014
9839 -38.896239 1.826002
2995 -39.854537 4.334717
9879 -40.313081 5.535135
10089 -38.744207 1.427997
2981 -41.494029 8.626725
7608 -40.521644 6.081129
2699 -40.940653 7.178048
3877 -40.747994 6.673689
7340 -41.683525 9.122804
5995 -38.694216 1.297127
9819 -41.805503 9.442130
3048 -40.567880 6.202170
7211 -40.721350 6.603937
865 -41.758241 9.318402
688 -41.523696 8.704390
7654 -41.659390 9.059621
984 -40.935925 7.165672
5644 -41.561866 8.804315
393 -39.585289 3.629857
8039 -41.712005 9.197362
3387 -41.307349 8.138017
3255 -40.444575 5.879372
3208 -40.379486 5.708976
1021 -39.382843 3.099877
10280 -41.895815 9.678556
11206 -41.567523 8.819122
11111 -39.396454 3.135507
11201 -41.261667 8.018426
246 -41.910061 9.715850
1273 -41.711964 9.197254
2470 -40.313353 5.535846
449 -41.519315 8.692920
902 -41.751149 9.299836
545 -41.378850 8.325199
1285 -41.585122 8.865195
6672 -41.703802 9.175887
10494 -40.912695 7.104856
2730 -41.527793 8.715114
3253 -40.129223 5.053815
2832 -40.086119 4.940973
3623 -40.333572 5.588778
523 -41.508279 8.664029
11630 -40.141276 5.085369
759 -41.359490 8.274518
9359 -40.206959 5.257319
3379 -40.754750 6.691374
3343 -40.862549 6.973582
10204 -39.745590 4.049506
5168 -39.794639 4.177913
1011 -40.713660 6.583805
5201 -41.881025 9.639837
138 -40.696989 6.540163
8892 -41.918773 9.738657
5330 -39.401614 3.149015
10045 -40.658177 6.438558
371 -41.611812 8.935066
4060 -41.347561 8.243287
7550 -41.663216 9.069638
6011 -38.785982 1.537360
2035 -39.587720 3.636220
6323 -38.946794 1.958348
7642 -41.531754 8.725483
11434 -40.219179 5.289311
3311 -40.008923 4.738883
12312 -41.224506 7.921144
2180 -42.010859 9.979729
2992 -40.781434 6.761231
2610 -38.948876 1.963799
4675 -40.752660 6.685903
2043 -40.270974 5.424903
9215 -39.600257 3.669042
683 -41.980770 9.900958
11506 -41.389301 8.352559
1079 -41.423065 8.440950
12651 -41.753906 9.307053
603 -38.556756 0.937274
315 -41.421890 8.437874
2061 -40.810492 6.837300
467 -40.947168 7.195103
7 -39.278641 2.827086
4326 -40.614784 6.324959
5115 -41.372793 8.309341
10532 -41.814851 9.466602
719 -39.488317 3.375994
213 -41.759645 9.322077
1888 -40.969472 7.253493
4133 -41.916392 9.732424
10813 -40.870607 6.994676
10268 -40.776276 6.747728
7014 -40.931748 7.154737
1778 -41.913431 9.724671
6033 -39.732449 4.015107
1647 -40.460858 5.921997
3460 -40.917620 7.117751
1133 -40.556780 6.173111
2714 -41.134225 7.684797
96 -41.376034 8.317827
6263 -41.990715 9.926992
3350 -41.089350 7.567319
249 -39.376073 3.082154
3097 -41.802744 9.434906
13112 -41.996939 9.943286
6241 -41.400665 8.382307
253 -41.991043 9.927853
583 -41.049959 7.464198
13178 -41.254404 7.999412
3409 -40.680528 6.497070
2318 -41.580386 8.852798
6942 -41.792513 9.408122
6085 -41.530860 8.723145
13498 -41.960698 9.848412
5608 -40.801128 6.812786
2304 -40.637730 6.385029
13642 -41.769418 9.347662
8389 -41.176562 7.795632
4756 -39.434324 3.234646
2936 -40.866926 6.985039
1508 -41.127260 7.666565
2822 -39.414985 3.184019
3455 -39.179710 2.568097
13509 -41.861454 9.588601
1651 -41.686456 9.130477
8475 -41.800464 9.428937
262 -39.152953 2.498050
5613 -41.787990 9.396282
297 -41.448838 8.508421
5859 -41.976268 9.889173
3216 -40.222332 5.297565
6602 -41.788246 9.396953
7016 -41.846760 9.550134
3802 -41.960755 9.848562
540 -38.969995 2.019087
1190 -39.086039 2.322877
4776 -40.049970 4.846340
13501 -41.014207 7.370604
2784 -41.954963 9.833398
471 -41.462016 8.542917
7414 -41.551276 8.776591
6086 -41.128665 7.670242
13232 -41.750257 9.297501
148 -38.903719 1.845583
14212 -41.742247 9.276531
4927 -38.912695 1.869082
5708 -41.198516 7.853104
4600 -41.377432 8.321486
8202 -41.204276 7.868183
3080 -41.709345 9.190398
7947 -41.075426 7.530868
14693 -41.931371 9.771636
146 -40.687440 6.515164
8835 -40.775395 6.745421
2240 -40.358787 5.654788
8335 -40.600312 6.287074
9641 -41.376682 8.319523
838 -41.664499 9.072995
3135 -41.662303 9.067246
381 -41.678827 9.110504
367 -41.621375 8.960101
4611 -38.617602 1.096560
7 -41.370493 8.303322
4194 -41.733433 9.253456
2819 -41.866608 9.602096
10004 -42.010507 9.978806
7886 -41.237267 7.954550
2035 -40.930161 7.150581
594 -41.034924 7.424838
1812 -41.322607 8.177960
2151 -40.140185 5.082512
3006 -41.677940 9.108184
2788 -41.540935 8.749518
10678 -41.919255 9.739918
1986 -41.767355 9.342261
1256 -41.574956 8.838581
1017 -41.215861 7.898512
5362 -41.554454 8.784912
6365 -40.735392 6.640697
1365 -40.443488 5.876525
6160 -41.628319 8.978280
259 -41.069511 7.515383
11933 -41.613613 8.939781
433 -38.332484 0.350154
4191 -40.842688 6.921587
5579 -41.952480 9.826899
5481 -38.894206 1.820680
2486 -41.734702 9.256778
442 -40.075058 4.912018
649 -41.948296 9.815944
1853 -41.828313 9.501844
13769 -41.719186 9.216161
12530 -41.502638 8.649261
971 -40.078113 4.920014
8556 -41.744256 9.281790
1062 -41.443203 8.493667
642 -41.329583 8.196223
130 -40.529136 6.100743
6118 -39.068087 2.275880
1105 -39.857898 4.343517
682 -41.669603 9.086357
398 -40.587845 6.254436
4087 -42.007214 9.970184
9452 -39.009438 2.122345
557 -41.775370 9.363245
3397 -41.900745 9.691462
5353 -39.820143 4.244679
3552 -41.399494 8.379243
1325 -42.000077 9.951502
15013 -41.579886 8.851490
1013 -41.174896 7.791269
4806 -41.715394 9.206234
7331 -41.053679 7.473938
11717 -41.378042 8.323082
2794 -41.309889 8.144665
268 -40.886352 7.035895
1231 -39.370235 3.066870
7333 -41.742897 9.278234
3470 -41.090053 7.569161
5176 -39.213485 2.656516
10438 -39.618254 3.716155
4562 -41.702066 9.171341
354 -40.125402 5.043813
6835 -41.487049 8.608451
1403 -41.713468 9.201192
1967 -41.725248 9.232030
10514 -40.842982 6.922356
4190 -40.158313 5.129970
2646 -41.274446 8.051881
3633 -38.684467 1.271605
15215 -41.899098 9.687150
2197 -40.247973 5.364689
4241 -41.192134 7.836398
7 -40.961183 7.231792
2167 -41.953987 9.830843
1070 -39.674205 3.862630
2632 -40.963752 7.238518
2638 -41.131174 7.676809
1389 -39.005008 2.110746
407 -41.181178 7.807715
2805 -41.245819 7.976939
3020 -40.262855 5.403648
1396 -39.920707 4.507944
1137 -41.714297 9.203360
93 -40.202782 5.246386
5102 -38.760060 1.469499
8002 -41.821548 9.484133
5074 -40.622683 6.345639
2283 -41.196540 7.847932
3524 -41.533303 8.729539
3478 -41.884031 9.647705
13100 -40.667232 6.462263
11153 -41.497707 8.636354
979 -41.215463 7.897471
727 -39.876986 4.393488
1057 -39.510511 3.434097
7772 -41.607628 8.924113
3260 -40.640626 6.392612
3701 -41.273409 8.049167
12317 -39.649766 3.798650
1131 -40.008532 4.737860
1507 -40.456212 5.909835
2117 -39.102471 2.365894
15395 -39.306986 2.901290
6366 -41.278665 8.062926
4526 -40.917982 7.118697
4612 -39.354296 3.025144
1612 -41.247618 7.981648
1991 -41.513064 8.676556
5333 -41.821511 9.484036
1326 -40.697712 6.542056
3633 -41.853628 9.568115
6163 -39.352297 3.019910
3299 -41.206946 7.875174
630 -40.778465 6.753457
6409 -38.858958 1.728402
1433 -40.628002 6.359563
11204 -38.534043 0.877812
3541 -41.136589 7.690987
389 -41.808713 9.450532
7603 -41.151675 7.730479
11009 -38.935478 1.928724
3659 -40.623185 6.346953
1301 -41.781591 9.379530
5529 -41.459877 8.537319
1724 -41.956310 9.836925
2076 -39.387425 3.111872
4712 -41.795265 9.415326
3940 -40.755179 6.692498
3170 -39.664336 3.836793
4975 -40.283168 5.456825
8342 -42.016561 9.994654
4765 -39.794968 4.178774
4676 -41.964700 9.858888
11919 -41.999940 9.951143
321 -39.985781 4.678301
1273 -41.448247 8.506872
635 -38.712418 1.344779
12583 -40.744729 6.665142
3459 -41.642822 9.016247
14450 -39.705036 3.943342
3992 -39.226416 2.690367
8086 -40.780816 6.759613
36 -39.521637 3.463224
10688 -39.554599 3.549514
16330 -38.883952 1.793836
6672 -41.668472 9.083398
9306 -41.907387 9.708848
3651 -40.800079 6.810042
9842 -41.428601 8.455441
16395 -39.949050 4.582142
3038 -40.114376 5.014948
10263 -41.918764 9.738633
2243 -40.341548 5.609659
1748 -41.999154 9.949085
3281 -41.739626 9.269669
5465 -41.973068 9.880794
3947 -39.415217 3.184627
1291 -40.743486 6.661887
587 -41.926684 9.759367
1139 -38.925606 1.902880
1035 -41.970004 9.872773
4548 -40.771274 6.734633
1092 -39.111897 2.390569
3513 -40.556679 6.172846
9876 -41.191628 7.835073
1657 -41.865089 9.598119
4906 -41.460142 8.538013
8190 -40.781315 6.760920
5375 -41.698739 9.162631
3555 -41.551856 8.778110
3875 -40.503840 6.034521
470 -41.807619 9.447668
8 -41.765703 9.337937
874 -41.825450 9.494347
2072 -40.094779 4.963645
720 -41.003058 7.341417
5289 -40.650351 6.418070
1576 -41.557848 8.793795
4550 -41.679835 9.113144
1178 -41.847649 9.552462
5015 -39.969504 4.635689
16698 -40.182160 5.192397
9416 -41.718095 9.213304
619 -40.998239 7.328801
4466 -39.863622 4.358502
11811 -40.627625 6.358576
15108 -39.982765 4.670405
9504 -42.004603 9.963349
10888 -41.908002 9.710460
5134 -40.391898 5.741470
2412 -41.882016 9.642432
2609 -41.866709 9.602360
5696 -40.169963 5.160468
483 -41.373096 8.310135
2137 -40.902276 7.077581
1444 -41.290096 8.092851
660 -39.446639 3.266887
3675 -39.555436 3.551705
3572 -41.489844 8.615768
15711 -40.505441 6.038713
1259 -41.463390 8.546516
12044 -40.474055 5.956548
3971 -39.878460 4.397345
1665 -40.788842 6.780625
1043 -41.773024 9.357103
1600 -41.784315 9.386660
1139 -41.218765 7.906115
9776 -40.923386 7.132846
3532 -41.402288 8.386558
8159 -41.956146 9.836495
11669 -41.283901 8.076634
1583 -40.994393 7.318733
3016 -40.074150 4.909639
10812 -40.225933 5.306992
5388 -39.501289 3.409954
13085 -39.746944 4.053052
11645 -41.511560 8.672620
1199 -41.457609 8.531381
2065 -40.848671 6.937249
9864 -40.807761 6.830153
3941 -41.259699 8.013274
3113 -41.983684 9.908587
506 -41.622818 8.963880
7834 -39.090249 2.333898
14313 -41.411120 8.409678
2227 -41.463550 8.546933
13867 -41.114935 7.634299
2137 -41.799690 9.426912
1763 -41.298310 8.114353
3635 -41.251041 7.990609
1175 -41.659563 9.060075
6000 -40.618767 6.335386
325 -40.078901 4.922078
4998 -39.176113 2.558679
4202 -41.734710 9.256801
759 -41.252913 7.995510
4008 -41.812087 9.459365
1294 -40.616304 6.328938
7994 -40.909677 7.096957
1702 -41.836552 9.523412
485 -41.332189 8.203046
1373 -40.878546 7.015458
2062 -39.828623 4.266879
6102 -40.622969 6.346387
12179 -40.976118 7.270891
317 -41.393983 8.364814
6217 -40.598554 6.282470
4164 -41.085946 7.558409
986 -40.653510 6.426341
7759 -41.222892 7.916919
1163 -40.221828 5.296244
6500 -41.810122 9.454220
6500 -41.220019 7.909398
8723 -41.942015 9.799501
11784 -40.466585 5.936992
1688 -41.860238 9.585419
20728 -39.187677 2.588952
820 -40.622825 6.346010
598 -41.230218 7.936098
11325 -39.972422 4.643328
3087 -41.846179 9.548613
3484 -40.531190 6.106119
17055 -40.518071 6.071776
5981 -41.427543 8.452671
9459 -41.061137 7.493463
5358 -41.224097 7.920072
13317 -40.536372 6.119685
3396 -38.812001 1.605476
338 -38.820343 1.627313
1974 -40.893553 7.054744
597 -38.983974 2.055680
6176 -40.570343 6.208618
426 -42.002297 9.957313
2467 -41.532227 8.726723
8850 -41.179430 7.803139
11939 -39.204086 2.631910
16193 -40.560942 6.184008
5455 -41.204135 7.867814
7615 -39.505068 3.419848
3234 -40.340172 5.606057
1735 -41.532069 8.726309
2309 -40.279328 5.446774
7512 -40.540546 6.130612
13905 -39.505843 3.421875
3244 -39.095256 2.347005
2789 -41.780695 9.377184
1581 -40.925830 7.139243
2838 -41.780424 9.376475
8269 -41.698977 9.163255
2893 -41.059912 7.490256
1321 -40.181782 5.191409
1680 -40.156779 5.125953
2849 -39.860659 4.350746
1728 -39.350190 3.014393
20284 -39.164034 2.527059
10337 -41.297923 8.113341
4652 -40.509760 6.050019
7514 -38.734998 1.403889
5959 -41.734166 9.255375
11688 -41.209684 7.882340
1834 -41.861400 9.588462
15343 -40.173992 5.171015
1623 -40.988737 7.303927
494 -40.521321 6.080285
897 -38.955573 1.981331
11390 -40.468458 5.941894
1388 -39.969131 4.634713
1112 -39.469513 3.326769
6654 -41.804969 9.440731
943 -40.859610 6.965887
6687 -41.703455 9.174978
5971 -41.667086 9.079768
5624 -40.829969 6.888290
7461 -39.356481 3.030862
7833 -41.712015 9.197386
600 -40.128609 5.052209
2693 -40.678967 6.492984
1024 -41.137275 7.692783
758 -40.375477 5.698481
1480 -38.285662 0.227578
7633 -41.797141 9.420237
395 -39.119395 2.410198
4428 -41.804437 9.439337
969 -41.338167 8.218696
2535 -41.653354 9.043819
10412 -41.386744 8.345864
1490 -40.255790 5.385153
2415 -39.668652 3.848091
12420 -41.523937 8.705019
3465 -41.244616 7.973790
11439 -41.983886 9.909116
1884 -38.859284 1.729257
6616 -41.579563 8.850643
6652 -41.344814 8.236096
8784 -41.413975 8.417152
30 -40.579032 6.231364
529 -41.382259 8.334123
2103 -41.926261 9.758258
9702 -40.629497 6.363476
2552 -40.687685 6.515806
3094 -41.613891 8.940509
13017 -41.209877 7.882847
1663 -41.773369 9.358006
2895 -38.804988 1.587115
14944 -41.652101 9.040539
3252 -39.838148 4.291815
9023 -39.397390 3.137958
4167 -41.733188 9.252817
5103 -41.130350 7.674653
5307 -39.832934 4.278164
10220 -40.957632 7.222497
250 -41.608138 8.925449
218 -41.610331 8.931191
7351 -40.941401 7.180006
8767 -40.624975 6.351638
2842 -40.616267 6.328842
667 -41.043835 7.448167
7050 -41.116162 7.637510
1366 -41.175110 7.791829
9790 -41.365152 8.289340
3333 -40.925811 7.139195
1200 -41.056607 7.481602
20020 -39.755669 4.075892
4968 -41.817511 9.473564
5006 -39.899374 4.452096
4812 -40.729353 6.624887
432 -41.505559 8.656910
3044 -40.394603 5.748549
4586 -41.531540 8.724925
3362 -41.217631 7.903146
8314 -41.382279 8.334177
16148 -39.494774 3.392898
1960 -41.973741 9.882556
10946 -39.961105 4.613701
883 -41.984082 9.909629
6969 -40.970472 7.256111
15822 -41.245139 7.975159
3170 -40.041404 4.823914
90 -41.611325 8.933793
1345 -40.842458 6.920986
2345 -38.898782 1.832658
3358 -41.660503 9.062536
6598 -41.311958 8.150082
541 -39.018786 2.146816
20 -40.776663 6.748742
7278 -41.840299 9.533219
10604 -41.379772 8.327614
3922 -41.124819 7.660174
6047 -41.386021 8.343972
2546 -41.237018 7.953900
2918 -39.407555 3.164570
5569 -39.412760 3.178196
271 -41.566482 8.816399
1479 -39.526806 3.476756
3207 -41.813026 9.461823
3564 -41.434161 8.469998
1272 -41.281424 8.070148
10446 -39.912633 4.486807
10100 -40.455319 5.907499
498 -39.557243 3.556437
10391 -41.953179 9.828728
4190 -39.557212 3.556353
161 -41.095824 7.584267
965 -41.844206 9.543448
4217 -39.322259 2.941273
14937 -41.357908 8.270374
10264 -41.350267 8.250373
5585 -41.516673 8.686005
7741 -40.851999 6.945962
4793 -41.465653 8.552438
6545 -40.035898 4.809501
4495 -40.744987 6.665817
4746 -40.860125 6.967236
6037 -41.198880 7.854058
1707 -41.890785 9.665386
8690 -41.248237 7.983268
2245 -40.771198 6.734434
11948 -41.754160 9.307719
1889 -41.661869 9.066112
426 -41.283938 8.076731
17494 -40.079153 4.922737
3396 -41.076744 7.534319
3886 -41.873687 9.620626
7359 -40.476402 5.962691
828 -39.986050 4.679005
13764 -39.391597 3.122793
593 -40.104384 4.988789
4766 -39.132821 2.445345
6751 -41.514002 8.679011
11128 -41.061709 7.494959
5185 -40.798938 6.807055
5843 -40.625486 6.352975
788 -40.703849 6.558120
2732 -40.751314 6.682381
5180 -40.935390 7.164270
5824 -41.683491 9.122714
1157 -39.211741 2.651949
1186 -41.961184 9.849684
3925 -41.774742 9.361601
11204 -40.243291 5.352431
4443 -41.217965 7.904021
7323 -38.473870 0.720286
9898 -42.001557 9.955377
2962 -41.374036 8.312596
261 -40.390731 5.738414
5776 -41.734254 9.255607
19886 -41.404888 8.393364
7043 -41.502760 8.649582
943 -41.791898 9.406512
12087 -40.765463 6.719421
2207 -41.286187 8.082616
8045 -41.921641 9.746165
8025 -41.380723 8.330103
737 -40.280924 5.450951
7455 -40.479645 5.971180
3860 -41.096731 7.586643
3169 -39.839334 4.294918
1588 -41.548521 8.769379
3409 -41.794001 9.412017
20247 -41.373764 8.311883
7704 -41.858024 9.579622
17675 -40.065720 4.887571
6912 -41.188000 7.825574
11315 -41.883819 9.647152
71 -39.195495 2.609419
3518 -41.385841 8.343500
15075 -41.430753 8.461075
4134 -41.282027 8.071727
9633 -41.993336 9.933854
5251 -41.229316 7.933735
6195 -40.896039 7.061253
501 -41.572120 8.831158
765 -41.412594 8.413537
6740 -41.422570 8.439653
7824 -40.817332 6.855207
6734 -41.351079 8.252498
7192 -41.118303 7.643115
4235 -40.704092 6.558758
2645 -41.095807 7.584224
1692 -41.399456 8.379143
7566 -40.899191 7.069504
9546 -40.337432 5.598882
874 -41.891065 9.666120
2933 -40.499251 6.022507
2966 -41.106666 7.612651
409 -38.806525 1.591140
1999 -41.284513 8.078234
9616 -41.940847 9.796445
5116 -40.625871 6.353984
1338 -39.298157 2.878178
453 -41.472614 8.570661
13568 -41.336209 8.213571
5181 -41.308664 8.141461
8083 -40.753457 6.687990
8897 -40.950373 7.203495
6480 -40.170235 5.161179
3613 -41.714921 9.204995
13124 -41.412194 8.412488
14655 -41.775037 9.362372
23037 -41.929437 9.766575
2919 -41.356892 8.267714
5475 -40.939080 7.173929
3569 -41.104280 7.606405
1195 -40.230902 5.319999
333 -41.280102 8.066689
2865 -40.623945 6.348943
4507 -39.463544 3.311142
2133 -41.023873 7.395908
1257 -41.305189 8.132363
5240 -41.858501 9.580872
11160 -41.796760 9.419240
1566 -39.392095 3.124097
6421 -41.809121 9.451601
394 -40.633176 6.373108
6563 -41.757919 9.317560
2418 -41.723436 9.227287
5502 -41.843429 9.541414
10728 -39.535401 3.499254
6493 -40.363403 5.666871
17711 -41.525559 8.709266
937 -41.369332 8.300283
2938 -41.355342 8.263657
1414 -39.272936 2.812151
1792 -41.353381 8.258525
5171 -40.770401 6.732348
4079 -40.146300 5.098521
9322 -41.938006 9.789007
91 -41.503369 8.651176
2302 -39.217652 2.667424
1874 -40.132983 5.063658
1151 -40.237492 5.337252
13089 -39.316539 2.926299
12659 -41.531232 8.724117
991 -40.465002 5.932848
24205 -40.875803 7.008277
9080 -41.615959 8.945924
1942 -41.900925 9.691932
4885 -39.042493 2.208878
546 -41.653755 9.044868
16554 -39.674084 3.862311
64 -41.880165 9.637585
15343 -41.582567 8.858508
6848 -39.176705 2.560229
3612 -41.168219 7.773791
3955 -41.752250 9.302719
3884 -40.645930 6.406497
5637 -40.066447 4.889474
23449 -41.094683 7.581283
765 -40.804406 6.821368
4979 -41.749437 9.295353
9500 -40.999870 7.333071
9658 -41.308022 8.139779
2345 -41.072282 7.522638
5086 -41.865946 9.600361
4122 -41.337374 8.216618
5198 -41.792359 9.407718
4292 -39.850740 4.324778
3361 -41.051375 7.467906
4479 -41.515902 8.683986
270 -41.301694 8.123213
181 -41.551908 8.778246
15985 -41.909818 9.715214
48 -41.225866 7.924703
3398 -39.495774 3.395516
7699 -40.767225 6.724034
6136 -40.472811 5.953290
3366 -41.769504 9.347888
1981 -40.912419 7.104134
3454 -40.924717 7.136331
655 -41.342882 8.231037
9729 -40.071169 4.901836
636 -41.336576 8.214531
3740 -39.600930 3.670804
8682 -39.992136 4.694936
1842 -41.746416 9.287445
1149 -40.039936 4.820072
356 -40.159527 5.133148
7077 -41.505508 8.656776
3323 -40.463142 5.927978
199 -41.314229 8.156029
10483 -40.911595 7.101976
3731 -41.663863 9.071332
2236 -38.767434 1.488803
5593 -40.371702 5.688597
2907 -41.867317 9.603951
9046 -39.633075 3.754956
2405 -41.049697 7.463512
14699 -40.983808 7.291022
5865 -38.931075 1.917199
11121 -41.893297 9.671963
6013 -41.822466 9.486536
2724 -40.434739 5.853621
15279 -38.735715 1.405766
3416 -39.699554 3.928991
2969 -39.975767 4.652084
7835 -41.533834 8.730929
5001 -40.825725 6.877180
12473 -40.880953 7.021759
6870 -41.372281 8.308001
13001 -42.017405 9.996863
3095 -39.810943 4.220592
1240 -41.192588 7.837587
816 -41.224654 7.921531
1909 -39.808940 4.215349
530 -40.780374 6.758457
5878 -38.636551 1.146167
923 -40.408248 5.784271
4081 -41.627440 8.975980
557 -40.848192 6.935995
1672 -41.560388 8.800444
1851 -41.788581 9.397828
8449 -41.421043 8.435654
5340 -41.687699 9.133732
1873 -41.102143 7.600811
1191 -41.733697 9.254148
3326 -41.060715 7.492356
1262 -40.294140 5.485548
6579 -41.857629 9.578588
6596 -41.835701 9.521184
1767 -41.202373 7.863201
14379 -40.066168 4.888743
2451 -42.000530 9.952688
11297 -41.683241 9.122061
60 -41.404571 8.392533
2131 -39.331885 2.966474
4157 -41.994336 9.936473
7272 -41.707640 9.185935
7486 -41.653956 9.045395
14402 -41.815159 9.467407
7430 -40.965019 7.241834
17209 -41.420745 8.434874
14619 -40.902699 7.078688
4227 -40.676272 6.485927
15860 -40.926683 7.141477
13167 -41.893003 9.671195
864 -41.909306 9.713874
11625 -41.646685 9.026362
3849 -41.994748 9.937550
316 -40.141180 5.085116
5690 -41.469281 8.561938
18654 -39.212770 2.654643
3660 -41.754739 9.309233
2564 -40.879060 7.016804
12174 -41.560053 8.799569
7760 -39.472961 3.335796
3177 -39.998998 4.712899
1020 -41.942174 9.799918
1600 -41.375430 8.316245
2313 -39.575821 3.605070
478 -40.813840 6.846065
996 -39.434569 3.235288
904 -41.031202 7.415095
9169 -41.081056 7.545606
5712 -40.687774 6.516039
19646 -40.798511 6.805936
887 -39.466783 3.319622
4423 -41.698920 9.163106
6656 -39.974067 4.647635
7 -41.053747 7.474114
724 -39.969594 4.635923
2782 -41.509784 8.667969
2747 -41.878040 9.632023
936 -40.832287 6.894357
6591 -41.493195 8.624542
6315 -41.571061 8.828385
3056 -41.994512 9.936932
3601 -41.512762 8.675766
3244 -40.958916 7.225858
716 -39.275087 2.817782
173 -41.693668 9.149356
25804 -40.443991 5.877841
5681 -40.865857 6.982241
431 -41.025768 7.400871
987 -41.194798 7.843370
3033 -40.242739 5.350988
2461 -41.924747 9.754296
3019 -41.936321 9.784597
1440 -40.558489 6.177586
4965 -40.044655 4.832426
209 -41.921202 9.745015
2346 -41.393301 8.363029
2353 -41.446453 8.502175
7895 -40.266873 5.414167
76 -41.942906 9.801834
1232 -41.723088 9.226375
22614 -39.787044 4.158029
530 -39.914555 4.491839
4838 -40.870082 6.993300
10271 -40.992639 7.314142
6831 -41.941871 9.799124
6890 -40.762060 6.710512
2026 -41.729000 9.241853
1404 -41.742992 9.278481
1755 -41.688914 9.136912
2207 -40.803292 6.818452
1871 -41.575413 8.839779
207 -41.801047 9.430463
18776 -41.843161 9.540714
600 -40.149785 5.107644
5152 -39.949817 4.584151
597 -41.266248 8.030420
2901 -41.628198 8.977964
562 -39.446587 3.266752
7352 -41.256765 8.005593
8741 -41.050530 7.465695
3621 -40.678875 6.492743
6882 -41.089465 7.567621
8346 -40.825507 6.876608
1825 -41.772272 9.355133
1305 -40.002595 4.722316
2488 -41.463969 8.548030
8437 -41.851906 9.563607
7 -41.517647 8.688554
9306 -40.938021 7.171158
1199 -41.223338 7.918087
2068 -41.118821 7.644472
2533 -41.169360 7.776777
2314 -40.996189 7.323436
14252 -40.920309 7.124789
1951 -40.682163 6.501349
1625 -40.948039 7.197383
3688 -40.717161 6.592971
10575 -40.255739 5.385020
15709 -41.503300 8.650994
15120 -39.471880 3.332965
5635 -41.046020 7.453886
18941 -39.207888 2.641864
706 -41.038955 7.435390
4980 -41.520633 8.696370
7811 -39.654356 3.810665
755 -41.274827 8.052878
7840 -39.260579 2.779804
6858 -41.666817 9.079065
9264 -41.930550 9.769488
9576 -40.345337 5.619578
4456 -39.100989 2.362014
6162 -39.950203 4.585162
12338 -41.254621 7.999981
23264 -41.691045 9.142492
3067 -41.008269 7.355059
10416 -40.109479 5.002128
11005 -41.846472 9.549381
3074 -41.193666 7.840407
787 -40.913839 7.107851
3587 -40.641387 6.394604
6691 -41.252239 7.993745
37 -40.770476 6.732543
3480 -40.716599 6.591501
7885 -41.789349 9.399840
95 -38.592448 1.030710
9748 -40.797078 6.802184
3752 -40.939828 7.175889
9856 -41.414951 8.419706
6330 -41.854607 9.570678
5713 -41.464485 8.549382
908 -40.621158 6.341647
6262 -41.922740 9.749043
5222 -40.637152 6.383517
11841 -41.095609 7.583706
5456 -38.765425 1.483543
5339 -40.679871 6.495351
27900 -41.447577 8.505118
10 -41.903427 9.698482
2418 -39.984772 4.675659
508 -41.597747 8.898247
8289 -41.881606 9.641359
11228 -41.180423 7.805738
2057 -40.275295 5.436215
4543 -40.333259 5.587959
10059 -39.889026 4.425008
10301 -39.938823 4.555368
5540 -39.213129 2.655584
1257 -40.492273 6.004239
248 -40.350838 5.633977
23462 -41.544445 8.758709
7538 -39.953370 4.593451
4959 -41.797886 9.422187
815 -41.168468 7.774443
2889 -39.963917 4.621062
4347 -41.849903 9.558364
21 -41.524007 8.705204
1214 -39.479128 3.351940
1874 -40.049848 4.846021
2636 -40.979354 7.279362
119 -40.802919 6.817477
965 -41.148784 7.722912
937 -40.857086 6.959278
1820 -40.378806 5.707197
5299 -39.177470 2.562232
12838 -41.359824 8.275391
4570 -38.352251 0.401902
1660 -41.701481 9.169810
5166 -41.317975 8.165835
2605 -40.300245 5.501533
9808 -41.937107 9.786652
1771 -39.877838 4.395717
1486 -41.457309 8.530595
9603 -40.277747 5.442633
5597 -40.347650 5.625632
2722 -41.053103 7.472428
377 -41.597685 8.898085
4887 -41.976897 9.890818
4429 -41.330791 8.199385
4451 -39.382098 3.097926
5832 -41.557760 8.793564
2377 -40.833866 6.898492
2878 -40.216584 5.282517
3406 -40.812698 6.843077
10574 -38.940240 1.941191
398 -40.556519 6.172428
9167 -39.149833 2.489882
326 -41.936425 9.784867
2794 -41.101039 7.597920
282 -41.529966 8.720803
454 -39.341391 2.991358
1734 -39.164863 2.529229
8559 -39.679105 3.875456
6133 -41.796165 9.417682
4739 -40.837103 6.906965
265 -41.869960 9.610869
1636 -40.223258 5.299988
16177 -40.978467 7.277040
6950 -39.495654 3.395204
1890 -41.896142 9.679411
6224 -40.801055 6.812595
359 -41.299286 8.116908
5980 -41.194449 7.842459
922 -41.428516 8.455219
1363 -41.317134 8.163634
8607 -41.546462 8.763988
9496 -41.866557 9.601962
5018 -40.956902 7.220587
15610 -40.798050 6.804729
1282 -41.959210 9.844516
6452 -40.778805 6.754349
12059 -40.388527 5.732644
3188 -40.558167 6.176743
9960 -38.848862 1.701973
1548 -41.037548 7.431709
14158 -41.276443 8.057108
958 -41.012643 7.366510
3439 -41.080144 7.543220
6952 -40.786959 6.775695
2692 -41.965565 9.861152
4181 -40.285019 5.461671
3000 -41.743048 9.278627
9912 -40.232118 5.323181
834 -41.370050 8.302161
2193 -41.047270 7.457160
331 -40.448690 5.890143
987 -41.711641 9.196408
3122 -41.747591 9.290522
770 -41.771180 9.352274
1377 -40.914929 7.110707
11286 -40.574678 6.219967
12746 -41.744539 9.282533
2693 -41.734847 9.257158
2349 -39.121475 2.415643
4761 -40.383477 5.719424
1719 -41.272221 8.046055
5131 -41.333176 8.205628
3760 -41.632711 8.989777
442 -40.616452 6.329325
1658 -41.776983 9.367466
519 -39.760217 4.087799
1915 -40.652076 6.422586
3295 -41.932815 9.775417
1087 -40.741383 6.656382
2395 -41.844937 9.545363
12043 -40.378046 5.705205
3877 -40.039093 4.817866
2709 -41.599704 8.903370
1248 -41.794949 9.414499
4770 -39.711180 3.959426
1119 -41.821736 9.484625
296 -39.332660 2.968503
5967 -39.527859 3.479512
389 -40.817661 6.856069
5743 -41.064740 7.502894
9864 -40.345591 5.620242
454 -38.754434 1.454772
1890 -41.319183 8.168998
1110 -41.871884 9.615907
6009 -41.239129 7.959426
1768 -41.165484 7.766630
1982 -38.616711 1.094229
23553 -40.406722 5.780276
15899 -41.661443 9.064997
9304 -41.717018 9.210486
4811 -39.788132 4.160877
3211 -41.488159 8.611358
520 -39.972119 4.642536
8183 -40.989649 7.306315
6906 -41.895523 9.677791
2976 -40.709242 6.572239
2535 -40.813408 6.844936
2083 -40.944655 7.188525
3338 -41.851401 9.562286
7985 -40.440878 5.869692
739 -39.503502 3.415749
2712 -41.676940 9.105565
10863 -39.525045 3.472144
1887 -41.759063 9.320553
7 -41.602778 8.911417
9632 -39.789861 4.165404
3576 -41.418995 8.430294
7104 -41.071022 7.519341
3105 -41.228363 7.931242
612 -40.560306 6.182341
2255 -41.613262 8.938862
2611 -40.236547 5.334778
1295 -41.291545 8.096645
880 -40.799088 6.807446
3381 -41.323211 8.179541
3749 -41.572271 8.831553
4890 -41.311232 8.148182
5256 -41.683855 9.123667
9659 -41.585415 8.865962
558 -41.810970 9.456439
940 -41.122257 7.653466
1653 -39.763529 4.096470
1966 -40.618962 6.335896
1498 -39.540385 3.512303
6152 -42.005875 9.966681
1817 -40.951605 7.206720
1564 -41.882565 9.643868
6401 -39.807218 4.210841
4637 -41.226501 7.926367
703 -40.135372 5.069912
3096 -41.334662 8.209520
3823 -40.799079 6.807422
35 -40.420590 5.816581
1685 -40.797026 6.802049
414 -41.209634 7.882211
4491 -40.121057 5.032438
1285 -41.378142 8.323345
9099 -41.621266 8.959818
4964 -39.238187 2.721182
5670 -39.885961 4.416981
831 -41.995491 9.939496
9911 -41.520299 8.695496
15695 -41.185180 7.818191
4193 -40.956572 7.219722
13133 -41.401937 8.385637
1970 -40.872066 6.998494
4710 -40.447725 5.887617
7111 -40.416468 5.805791
1676 -40.615490 6.326808
3892 -41.753347 9.305590
562 -39.436511 3.240372
2366 -39.643417 3.782031
1059 -41.368425 8.297908
392 -41.287928 8.087176
678 -41.370690 8.303838
3698 -40.900045 7.071741
8592 -40.558389 6.177324
4903 -39.985527 4.677636
2531 -40.938350 7.172020
1106 -41.779368 9.373710
3303 -39.273712 2.814184
6652 -41.240894 7.964045
3762 -41.366143 8.291933
14507 -41.821949 9.485184
3073 -40.867199 6.985754
1976 -41.344271 8.234675
1063 -42.013673 9.987095
7158 -39.471778 3.332698
5553 -39.738703 4.031477
1425 -38.474283 0.721367
4051 -38.649853 1.180991
1804 -40.703640 6.557574
293 -41.032154 7.417589
636 -41.684756 9.126027
2489 -40.699623 6.547059
4986 -40.921954 7.129095
771 -40.476851 5.963867
1839 -41.901621 9.693756
3444 -41.472087 8.569282
2808 -41.677837 9.107913
7086 -40.651197 6.420286
6329 -40.990621 7.308860
7812 -39.735288 4.022537
13687 -41.031934 7.417011
3785 -39.213084 2.655465
3386 -40.981707 7.285522
3465 -40.441860 5.872263
721 -41.497028 8.634576
5835 -39.323228 2.943812
8430 -41.811154 9.456923
9948 -41.386778 8.345953
3877 -40.854937 6.953653
2745 -40.283859 5.458634
210 -41.109403 7.619816
3638 -41.857857 9.579186
13516 -41.258652 8.010534
6140 -41.682807 9.120924
1115 -41.052554 7.470992
2947 -40.895117 7.058839
7510 -39.877747 4.395479
4779 -40.890508 7.046773
3529 -41.280938 8.068875
3009 -41.449830 8.511017
1451 -41.887989 9.658069
158 -41.689720 9.139021
14071 -40.877448 7.012583
1658 -40.315417 5.541249
2173 -40.584246 6.245015
662 -40.527069 6.095332
6169 -39.945191 4.572040
1815 -40.180280 5.187476
7762 -40.904431 7.083223
3915 -38.459227 0.681952
1321 -41.091665 7.573381
13197 -40.999733 7.332713
839 -41.565192 8.813021
4138 -39.327341 2.954578
1738 -41.567611 8.819354
1936 -41.839886 9.532139
8646 -41.869028 9.608430
669 -41.032318 7.418018
1690 -39.318350 2.931041
1513 -41.906482 9.706479
2726 -40.573887 6.217897
3624 -41.284923 8.079309
3768 -40.968174 7.250096
10027 -40.262514 5.402757
6449 -39.784867 4.152331
3239 -41.013012 7.367476
2313 -40.388355 5.732193
6883 -41.500445 8.643522
473 -40.017849 4.762250
793 -40.154842 5.120882
4623 -39.829491 4.269149
384 -41.198983 7.854327
1829 -41.012114 7.365124
11280 -40.691645 6.526174
3237 -41.761705 9.327470
3086 -41.289838 8.092174
1251 -39.521193 3.462060
1977 -40.647090 6.409534
19537 -41.720450 9.219470
5765 -38.951470 1.970591
2136 -39.299589 2.881925
3240 -41.976466 9.889690
845 -41.572761 8.832836
6331 -41.595224 8.891642
10138 -39.933809 4.542243
5418 -41.719725 9.217572
7345 -39.750365 4.062008
570 -39.138469 2.460133
12102 -39.764809 4.099821
8085 -41.418575 8.429195
7394 -39.283386 2.839509
4792 -41.893872 9.673469
15034 -40.396840 5.754407
8016 -39.269485 2.803117
5122 -41.970137 9.873122
6499 -41.639337 9.007124
6650 -39.924939 4.519023
166 -41.807144 9.446424
74 -40.938950 7.173589
3994 -40.702081 6.553494
2595 -41.711601 9.196303
1056 -41.602156 8.909788
22435 -40.852873 6.948250
6112 -40.138714 5.078662
9167 -41.397482 8.373976
3316 -39.050481 2.229790
2471 -40.890461 7.046652
9996 -40.642497 6.397508
2823 -41.582562 8.858494
8318 -41.379688 8.327391
5223 -39.666130 3.841490
1913 -38.635726 1.144008
18786 -41.909832 9.715249
2855 -41.678792 9.110412
708 -39.381586 3.096585
1935 -39.966815 4.628650
4694 -39.729605 4.007660
7717 -40.599971 6.286181
4940 -41.767226 9.341923
3791 -40.507212 6.043347
6411 -39.929562 4.531124
6307 -41.873405 9.619887
1862 -38.753939 1.453474
2689 -41.847190 9.551260
14054 -40.977319 7.274035
8451 -41.517346 8.687766
287 -40.806828 6.827709
14492 -40.504017 6.034985
13249 -41.965999 9.862290
1771 -41.778846 9.372344
13773 -41.484621 8.602095
450 -41.905744 9.704548
7042 -41.484191 8.600971
1496 -39.650570 3.800755
6479 -40.334934 5.592344
1134 -40.797031 6.802062
6068 -40.112468 5.009953
713 -41.859142 9.582549
1771 -39.822773 4.251564
99 -41.872861 9.618465
8785 -40.754261 6.690094
2285 -41.631994 8.987901
9393 -40.656215 6.433422
3213 -38.975176 2.032649
2715 -41.527437 8.714184
5723 -40.837625 6.908333
1893 -41.813038 9.461854
4935 -41.627995 8.977432
5885 -41.713859 9.202214
194 -40.021713 4.772366
2488 -41.635640 8.997446
291 -40.265413 5.410345
2331 -39.823980 4.254723
4206 -41.910411 9.716766
17760 -40.560496 6.182840
20986 -41.487100 8.608584
2382 -40.780355 6.758406
1041 -41.352636 8.256574
6712 -40.873345 7.001844
2671 -40.417320 5.808022
2136 -39.049565 2.227392
1621 -40.527904 6.097517
1622 -41.624004 8.966985
4353 -39.679695 3.877001
3349 -40.922524 7.130587
14901 -39.789008 4.163169
2181 -38.678979 1.257240
8727 -42.000571 9.952796
7915 -39.437293 3.242420
3337 -41.242938 7.969396
13845 -41.380677 8.329982
2431 -39.127703 2.431949
2687 -39.162083 2.521951
4023 -39.507447 3.426075
8644 -38.933886 1.924558
1571 -39.703781 3.940056
2289 -41.252044 7.993235
4716 -41.719600 9.217244
1165 -41.958048 9.841475
14995 -40.302524 5.507497
3936 -41.292156 8.098244
11542 -40.819694 6.861391
3731 -41.615149 8.943802
3705 -41.645602 9.023525
731 -39.935601 4.546935
2300 -39.047106 2.220954
2553 -41.864573 9.596768
3262 -41.958682 9.843133
4055 -41.611903 8.935306
7776 -39.277129 2.823128
23637 -41.076249 7.533023
505 -41.839769 9.531834
4491 -41.378763 8.324971
1924 -41.012052 7.364962
1481 -38.319507 0.316182
9454 -40.741355 6.656307
383 -40.325509 5.567669
15216 -40.963368 7.237514
820 -41.712873 9.199634
8411 -40.856438 6.957583
639 -41.781512 9.379322
10302 -40.440302 5.868186
1158 -41.001912 7.338416
4843 -38.938376 1.936311
1096 -41.897804 9.683761
1898 -41.433503 8.468274
10951 -41.158754 7.749011
4847 -41.458091 8.532643
1462 -39.120798 2.413873
7469 -41.827544 9.499830
313 -41.945202 9.807844
5246 -41.134842 7.686413
2758 -41.928641 9.764489
1870 -41.159494 7.750949
18994 -40.257505 5.389643
5407 -39.217128 2.666052
11594 -41.402847 8.388020
3693 -41.832807 9.513608
4222 -41.356116 8.265683
2616 -41.619873 8.956170
5393 -41.331724 8.201828
99 -40.719693 6.599600
3154 -41.744798 9.283211
3560 -41.806373 9.444407
7919 -41.137836 7.694250
18807 -41.965352 9.860594
731 -40.396820 5.754354
6473 -41.410473 8.407985
1386 -41.631701 8.987135
309 -41.817161 9.472649
4712 -41.415865 8.422099
9734 -40.473165 5.954217
103 -41.813842 9.463959
3171 -40.999908 7.333170
951 -40.681635 6.499968
3782 -41.354444 8.261307
4441 -41.733533 9.253720
2258 -40.761452 6.708921
4507 -40.675638 6.484267
7990 -41.913949 9.726028
1341 -39.588088 3.637183
9867 -40.091283 4.954493
4055 -41.074628 7.528781
5056 -40.709647 6.573301
2051 -39.917754 4.500214
1582 -41.959332 9.844835
695 -40.705460 6.562339
728 -40.032712 4.801159
1046 -41.374128 8.312837
1664 -39.956067 4.600511
10338 -39.737367 4.027980
5296 -41.718211 9.213609
6261 -40.973341 7.263622
2244 -41.760215 9.323569
7149 -41.532798 8.728218
1981 -41.623444 8.965520
9327 -41.465088 8.550961
7877 -40.700963 6.550567
3883 -41.399658 8.379671
1547 -41.518437 8.690621
308 -41.823326 9.488788
3984 -38.519057 0.838580
8220 -41.794148 9.412402
1021 -41.849310 9.556810
994 -38.979367 2.043622
7255 -41.316270 8.161372
8368 -40.708573 6.570488
3274 -39.256288 2.768568
6602 -41.969326 9.870998
3220 -41.439069 8.482846
2153 -39.956853 4.602569
684 -40.856596 6.957997
8424 -41.449247 8.509489
5717 -41.518950 8.691964
1399 -41.620573 8.958003
18846 -39.987226 4.682083
14849 -40.578705 6.230509
2339 -41.665166 9.074743
1888 -41.652750 9.042239
1855 -41.988078 9.920089
489 -42.012233 9.983324
5388 -41.847758 9.552747
6063 -39.186459 2.585766
8405 -40.418292 5.810565
6144 -41.030254 7.412613
3002 -39.681862 3.882673
265 -41.428161 8.454289
3194 -41.894596 9.675365
258 -39.902653 4.460681
883 -40.184668 5.198964
877 -41.082869 7.550354
336 -40.680219 6.496260
9482 -39.240930 2.728363
938 -41.772201 9.354947
1071 -41.090436 7.570164
6083 -41.398594 8.376888
601 -39.922798 4.513418
27713 -40.544064 6.139823
5205 -41.904305 9.700780
6473 -41.111359 7.624938
9355 -40.880334 7.020139
275 -40.190517 5.214277
3755 -39.800379 4.192938
12791 -41.957956 9.841234
787 -41.107215 7.614089
4701 -41.980476 9.900190
2308 -40.777838 6.751817
1810 -41.920235 9.742484
5312 -41.663267 9.069771
10824 -41.095238 7.582733
10935 -40.124357 5.041076
12263 -41.898604 9.685856
460 -40.712996 6.582069
6249 -40.441273 5.870728
3327 -40.727196 6.619242
186 -41.447623 8.505239
5556 -40.065898 4.888037
9680 -41.481248 8.593265
19 -41.859461 9.583383
1683 -39.026554 2.167150
1359 -40.059816 4.872115
501 -39.889867 4.427208
13586 -40.603164 6.294540
4941 -41.957141 9.839100
5192 -41.379096 8.325842
3096 -41.261195 8.017191
22835 -41.940712 9.796090
6141 -40.877821 7.013562
4187 -41.212267 7.889102
4499 -42.011960 9.982609
7342 -41.845401 9.546576
5058 -41.270117 8.040548
7211 -39.940695 4.560270
1678 -41.778301 9.370918
1455 -41.317749 8.165244
10378 -42.006500 9.968315
6682 -41.948639 9.816841
3652 -39.735216 4.022349
9242 -41.608319 8.925923
1305 -41.213275 7.891743
3205 -41.249536 7.986670
173 -41.300628 8.120422
3890 -41.643278 9.017441
6364 -41.898039 9.684379
3805 -41.465129 8.551069
49 -41.009255 7.357641
3201 -40.893800 7.055393
1914 -41.194816 7.843419
6729 -40.489591 5.997217
3744 -41.726708 9.235851
419 -38.874069 1.767963
3505 -40.368590 5.680452
7536 -38.961732 1.997455
5197 -41.165040 7.765467
1236 -41.952165 9.826074
14455 -40.547444 6.148672
2102 -41.004872 7.346166
14473 -40.530648 6.104701
1006 -40.811630 6.840281
4373 -41.538251 8.742493
3336 -38.640282 1.155934
8007 -40.572411 6.214031
1918 -41.322153 8.176772
12225 -41.358177 8.271079
2397 -40.636597 6.382063
6485 -42.012794 9.984793
1873 -41.985345 9.912936
20272 -40.311110 5.529976
8374 -41.261637 8.018347
3814 -41.488373 8.611919
872 -41.087648 7.562865
1063 -40.058218 4.867932
4195 -39.872328 4.381292
6405 -40.717036 6.592644
639 -41.760305 9.323806
8150 -41.576182 8.841791
4902 -41.694628 9.151871
8769 -39.458778 3.298666
3308 -39.961284 4.614170
4728 -41.253222 7.996318
1187 -40.413931 5.799149
685 -41.369866 8.301680
3151 -40.137074 5.074367
2804 -41.602161 8.909802
4132 -41.022752 7.392974
10312 -41.609891 8.930038
5962 -42.015365 9.991524
852 -39.800522 4.193312
2231 -38.764870 1.482091
153 -41.396136 8.370452
753 -40.254414 5.381550
3685 -40.963886 7.238869
164 -39.928702 4.528875
4191 -41.923372 9.750698
4588 -39.964118 4.621588
2357 -38.915063 1.875280
626 -39.589890 3.641902
3175 -39.907922 4.474475
195 -41.438268 8.480748
4939 -41.692041 9.145099
114 -41.389726 8.353671
5329 -40.133432 5.064834
3809 -41.609801 8.929802
54 -39.565953 3.579238
1347 -41.266810 8.031889
3812 -39.456123 3.291714
567 -40.367229 5.676888
1858 -39.255274 2.765914
9342 -41.610269 8.931029
5881 -38.767181 1.488143
7635 -41.890738 9.665264
1371 -41.737725 9.264693
831 -41.139880 7.699602
23816 -41.479565 8.588859
8605 -41.848234 9.553993
5889 -41.510119 8.668846
3937 -40.007190 4.734347
1257 -40.923116 7.132138
12565 -41.739262 9.268717
799 -39.747082 4.053412
10400 -41.196023 7.846578
4145 -39.090450 2.334424
2703 -40.397027 5.754895
20665 -40.937529 7.169870
3695 -40.165882 5.149785
627 -41.992981 9.932924
8663 -41.044784 7.450652
5938 -39.186726 2.586463
12629 -40.252954 5.377728
1288 -41.970496 9.874061
3739 -40.951736 7.207063
9345 -40.194900 5.225750
1023 -41.413716 8.416474
12298 -41.036289 7.428412
3556 -41.946039 9.810035
5511 -41.726960 9.236512
1296 -41.407732 8.400808
8073 -41.600476 8.905390
17249 -41.875865 9.626327
1306 -41.418195 8.428200
5649 -42.003793 9.961230
734 -41.618171 8.951713
5174 -41.101199 7.598340
2552 -41.504821 8.654977
3136 -41.303309 8.127440
22902 -39.217346 2.666624
2214 -41.615460 8.944617
1210 -41.092385 7.575267
10227 -40.488603 5.994633
1776 -41.606558 8.921312
16977 -40.379097 5.707957
3304 -41.460755 8.539617
249 -41.370119 8.302341
11157 -41.915605 9.730364
8542 -41.448698 8.508052
2696 -40.280455 5.449724
23200 -39.991408 4.693032
22378 -39.966361 4.627460
7863 -40.091510 4.955087
11538 -41.711426 9.195846
9169 -41.312513 8.151537
4032 -42.017090 9.996040
2913 -40.628648 6.361253
776 -39.229642 2.698813
4237 -41.440335 8.486160
2733 -41.695101 9.153108
7727 -41.468059 8.558739
12020 -40.579741 6.233220
4554 -40.959287 7.226829
7416 -41.854099 9.569348
2448 -40.662672 6.450325
1203 -41.898109 9.684560
6733 -41.364877 8.288618
8200 -40.280425 5.449645
3064 -41.217368 7.902458
1329 -41.103637 7.604721
399 -40.449721 5.892843
11465 -38.848097 1.699971
2977 -40.008042 4.736576
6530 -41.545293 8.760928
3201 -41.593118 8.886129
3703 -38.834058 1.663219
514 -41.683025 9.121496
19803 -41.528945 8.718132
3037 -40.806944 6.828013
2208 -41.886217 9.653429
9280 -40.560914 6.183934
12536 -40.206151 5.255204
7350 -40.873858 7.003185
8919 -41.645856 9.024190
8919 -41.193905 7.841034
1410 -41.662490 9.067737
5326 -40.609230 6.310420
3041 -41.700391 9.166956
586 -41.933169 9.776343
546 -41.232115 7.941063
269 -41.455196 8.525064
141 -38.946266 1.956967
1174 -41.179852 7.804245
1321 -41.869782 9.610405
836 -40.947378 7.195653
15019 -40.049734 4.845722
10421 -40.541746 6.133753
3812 -41.355367 8.263724
13 -42.003144 9.959531
1556 -40.768611 6.727662
922 -41.449266 8.509539
13517 -41.437593 8.478980
9857 -41.685197 9.127180
3290 -41.752533 9.303460
16009 -41.069502 7.515359
6192 -39.520393 3.459967
10427 -41.843131 9.540635
1492 -41.476157 8.579938
6634 -41.056352 7.480935
2138 -41.475469 8.578136
21026 -39.985773 4.678280
3217 -41.224349 7.920733
21584 -41.684663 9.125784
1278 -41.848329 9.554241
7981 -41.880110 9.637440
8993 -41.456677 8.528940
7807 -41.350540 8.251086
5420 -40.720623 6.602035
8481 -41.136278 7.690172
1561 -40.051929 4.851468
791 -40.565409 6.195702
243 -41.156834 7.743986
16187 -40.082532 4.931584
3310 -40.785213 6.771123
7948 -41.085810 7.558052
194 -41.468716 8.560459
2547 -41.967651 9.866615
1204 -39.807370 4.211240
4940 -40.035477 4.808399
1009 -39.533054 3.493110
1032 -41.614404 8.941852
1545 -41.177662 7.798510
4908 -41.094355 7.580424
5455 -39.612837 3.701973
8363 -40.790699 6.785485
1582 -40.592791 6.267386
7 -41.055087 7.477623
6521 -40.607802 6.306682
548 -40.264362 5.407593
4571 -39.805272 4.205747
8531 -41.182230 7.810471
2004 -39.384646 3.104595
3585 -39.992699 4.696410
1975 -40.958151 7.223855
8250 -40.090598 4.952698
164 -40.242419 5.350151
14462 -39.365908 3.055541
4960 -40.816342 6.852615
2005 -41.816925 9.472031
4549 -39.671362 3.855185
2579 -41.428854 8.456104
2635 -40.211327 5.268754
3090 -39.180909 2.571234
7052 -41.069957 7.516552
2909 -41.141800 7.704628
6277 -41.529869 8.720550
178 -40.723208 6.608802
5473 -41.258691 8.010636
1691 -41.457899 8.532139
2276 -40.619733 6.337915
7 -41.858160 9.579979
19 -42.004692 9.963584
4764 -39.960122 4.611126
3136 -40.854384 6.952204
4381 -41.379287 8.326344
3881 -40.887741 7.039531
2725 -42.000634 9.952959
815 -38.902863 1.843341
1969 -40.506764 6.042174
877 -41.468799 8.560675
35 -39.727544 4.002265
12460 -39.694951 3.916940
2378 -41.742884 9.278200
3796 -41.962777 9.853854
7959 -38.961521 1.996902
607 -41.031496 7.415865
5611 -40.227641 5.311462
2503 -41.003175 7.341724
2789 -40.545122 6.142592
3699 -39.580593 3.617563
12918 -40.992193 7.312973
1328 -41.591826 8.882745
6163 -40.440944 5.869867
2436 -40.558047 6.176430
2877 -40.671516 6.473479
14904 -40.052690 4.853461
5504 -40.470811 5.948053
333 -41.793926 9.411821
5044 -39.505898 3.422019
10742 -41.015409 7.373750
2995 -41.187814 7.825087
3407 -41.972283 9.878741
6987 -41.839728 9.531727
7869 -41.714224 9.203170
610 -38.672854 1.241203
1310 -40.983895 7.291252
8624 -41.692425 9.146103
8518 -40.648510 6.413250
6012 -41.658563 9.057457
1585 -41.862770 9.592046
89 -41.217863 7.903753
7273 -41.293915 8.102849
2145 -41.928236 9.763431
878 -40.702142 6.553652
2561 -41.206301 7.873485
7212 -40.121892 5.034624
3353 -41.137975 7.694614
6499 -40.018158 4.763060
5337 -41.863889 9.594976
14648 -40.921009 7.126623
3543 -41.648601 9.031376
9139 -40.085295 4.938816
4911 -41.848646 9.555073
7322 -40.071562 4.902866
10283 -40.948613 7.198886
3369 -40.987071 7.299565
1256 -41.433669 8.468708
3513 -41.067970 7.511349
243 -41.841261 9.535738
10442 -41.887587 9.657016
5276 -40.470834 5.948115
10219 -41.462910 8.545259
20297 -40.782162 6.763136
13036 -40.944951 7.189299
392 -40.923676 7.133605
2606 -39.616513 3.711598
13275 -40.648979 6.414479
3329 -40.640073 6.391163
4260 -41.800867 9.429991
7577 -40.929469 7.148768
14961 -40.004874 4.728283
526 -41.688045 9.134635
183 -40.995878 7.322621
4638 -41.984451 9.910594
8249 -39.259226 2.776261
1536 -41.631582 8.986822
1921 -41.219061 7.906890
7357 -40.115680 5.018360
3254 -41.606901 8.922211
2685 -41.409970 8.406668
7362 -41.906681 9.707002
3207 -40.158370 5.130119
13765 -39.767457 4.106752
1051 -39.429185 3.221195
1811 -40.237298 5.336743
4024 -41.433101 8.467223
1219 -42.017897 9.998152
5407 -40.191204 5.216074
1666 -41.740937 9.273101
836 -41.936215 9.784318
331 -41.711067 9.194907
185 -41.624165 8.967407
5801 -40.628766 6.361563
909 -40.618875 6.335669
1207 -39.610189 3.695041
27660 -41.507758 8.662666
7909 -41.695122 9.153164
3325 -40.477009 5.964280
6377 -40.906744 7.089278
432 -40.940020 7.176392
4613 -41.008446 7.355523
11058 -40.820078 6.862396
1186 -41.976130 9.888811
26274 -39.450739 3.277621
2790 -41.074787 7.529196
14486 -41.562055 8.804808
1969 -41.413039 8.414702
3771 -41.953035 9.828352
8061 -40.828471 6.884367
10711 -41.618217 8.951836
629 -41.802371 9.433931
265 -40.791107 6.786553
865 -41.297261 8.111609
4183 -41.332860 8.204803
5220 -41.370564 8.303506
694 -38.596497 1.041311
14179 -41.246663 7.979149
12586 -41.035244 7.425678
8538 -41.761566 9.327105
7560 -40.948302 7.198073
2104 -38.673455 1.242777
449 -41.341798 8.228200
3047 -41.755393 9.310947
2258 -41.955844 9.835705
2784 -41.624886 8.969295
15628 -41.102161 7.600858
6330 -41.221678 7.913739
9214 -41.239086 7.959312
3831 -41.896824 9.681197
6827 -39.585025 3.629166
333 -41.870624 9.612608
5148 -41.399567 8.379433
5840 -41.385773 8.343321
19523 -41.563275 8.808002
562 -40.154562 5.120151
271 -42.006120 9.967321
4833 -40.297524 5.494409
5654 -41.229511 7.934247
2348 -41.936177 9.784219
2612 -41.761607 9.327213
3608 -40.726364 6.617063
13052 -40.650654 6.418863
6007 -41.700098 9.166191
21230 -40.851726 6.945247
4154 -41.178244 7.800035
1356 -39.457110 3.294299
6218 -41.653013 9.042928
3473 -39.912164 4.485578
3115 -39.730867 4.010963
6107 -41.167815 7.772733
11095 -41.915008 9.728800
9692 -41.678107 9.108620
5389 -41.686131 9.129625
6215 -40.840832 6.916727
11123 -39.997911 4.710055
11831 -41.919562 9.740723
9828 -39.095920 2.348744
7516 -40.450145 5.893952
6402 -40.250051 5.370130
13931 -40.565988 6.197217
15409 -41.593339 8.886708
12165 -39.299987 2.882967
8617 -41.484973 8.603017
19588 -40.010887 4.744025
15156 -40.851598 6.944913
13682 -40.160295 5.135157
8496 -41.751733 9.301364
8439 -39.570556 3.591286
12096 -39.968493 4.633043
16494 -41.608189 8.925584
10313 -41.694391 9.151250
10033 -41.145288 7.713759
12272 -39.268033 2.799315
13009 -41.843039 9.540394
14850 -41.308075 8.139919
16277 -41.733744 9.254272
19185 -40.286267 5.464939
17765 -40.761198 6.708256
24179 -40.868612 6.989453
15194 -40.951310 7.205946
17811 -39.504954 3.419549
20506 -41.632201 8.988443
18082 -41.988993 9.922485
19500 -41.993927 9.935403
19984 -41.657846 9.055580
23010 -40.734610 6.638650
29850 -41.336945 8.215496
21440 -40.262027 5.401482
28197 -41.760207 9.323548
failed to find solution after reaching max emtpy limit -- 55700 iterations and 43210 function evals
