18 39.981558 9.132824
23 40.467442 8.028542
24 41.608208 5.435892
103 43.062855 2.129875
103 43.594613 0.921334
109 42.704315 2.944739
110 43.439059 1.274867
110 42.345379 3.760502
113 42.316909 3.825207
109 43.753545 0.560124
115 42.472112 3.472472
115 42.247146 3.983760
117 43.069411 2.114975
116 43.444065 1.263488
109 43.787530 0.482887
120 40.948001 6.936360
122 42.127171 4.256431
119 43.796474 0.462558
125 42.753137 2.833780
126 42.402888 3.629800
127 42.139763 4.227812
112 43.890317 0.249279
123 43.897563 0.232811
130 42.748968 2.843255
128 43.763746 0.536941
35 40.870986 7.111395
146 43.518275 1.094829
167 42.134327 4.240166
166 43.108615 2.025875
166 43.828356 0.390100
21 39.644677 9.898462
60 43.515479 1.101184
19 40.212247 8.608530
25 40.367211 8.256338
107 43.364889 1.443434
106 43.272840 1.652637
31 40.419478 8.137550
112 42.788216 2.754054
113 43.131521 1.973816
128 43.544473 1.035289
112 43.808310 0.435658
119 43.281178 1.633686
242 41.511472 5.655744
116 42.027536 4.482873
106 43.756684 0.552991
263 41.462861 5.766226
66 43.487996 1.163645
110 42.665440 3.033090
110 43.541913 1.041107
116 43.158997 1.911370
289 40.828952 7.206928
289 42.239613 4.000880
106 43.531593 1.064560
30 39.877670 9.368932
110 43.249173 1.706425
309 42.218698 4.048414
309 42.141911 4.222930
266 42.942024 2.404491
127 43.764941 0.534225
313 42.223361 4.037815
312 42.095339 4.328774
320 41.985264 4.578947
324 42.194876 4.102553
22 41.007542 6.801040
324 41.210203 6.340448
327 39.933199 9.242730
328 41.397434 5.914923
331 40.569196 7.797282
111 43.228522 1.753359
339 41.046089 6.713435
121 43.299587 1.591848
68 43.231865 1.745761
308 41.321979 6.086412
76 43.209256 1.797146
272 42.226210 4.031342
336 42.024942 4.488769
111 43.324949 1.534207
300 40.090685 8.884807
309 41.193864 6.377581
118 43.805401 0.442271
382 41.202625 6.357670
107 42.567500 3.255682
132 42.995563 2.282812
29 40.989260 6.842591
333 40.914494 7.012514
334 42.695305 2.965216
333 41.255470 6.237569
406 41.433530 5.832885
345 41.585947 5.486485
129 43.318197 1.549552
112 43.512586 1.107758
118 43.621034 0.861287
106 43.774982 0.511404
417 40.509303 7.933401
108 43.491361 1.155997
350 41.652578 5.335049
136 43.703342 0.674224
337 42.811241 2.701725
136 43.251298 1.701596
130 41.940249 4.681252
301 42.583463 3.219402
320 42.344544 3.762400
24 40.182911 8.675202
119 43.664307 0.762939
272 42.534491 3.330703
24 39.723854 9.718513
106 42.318895 3.820692
107 43.272320 1.653818
102 42.837854 2.641240
15 40.067871 8.936657
78 43.705841 0.668542
298 41.291882 6.154813
392 41.209844 6.341263
112 42.976501 2.326134
112 43.147557 1.937370
107 42.488329 3.435617
124 43.453437 1.242189
30 40.234217 8.558598
181 43.581559 0.951002
29 39.860663 9.407584
285 42.772300 2.790228
120 43.562113 0.995198
427 41.500676 5.680283
381 40.592195 7.745011
115 43.310371 1.567340
300 42.258405 3.958171
134 43.356095 1.463421
31 40.186637 8.666734
339 40.012922 9.061542
129 43.584815 0.943602
115 43.189900 1.841136
297 41.884922 4.806994
23 39.855275 9.419830
98 43.729900 0.613863
101 43.491303 1.156129
377 41.247400 6.255910
234 42.094294 4.331149
236 42.267285 3.937988
23 42.228189 4.026844
327 42.399265 3.638035
112 43.810167 0.431438
115 43.665224 0.760856
325 40.281566 8.450987
325 42.292856 3.879873
323 41.551183 5.565493
137 43.393326 1.378804
124 43.369879 1.432094
21 39.699993 9.772744
183 42.181119 4.133820
121 43.149344 1.933309
111 42.898973 2.502335
472 41.240016 6.272692
118 43.333981 1.513679
113 43.754813 0.557243
102 42.912020 2.472683
358 41.868147 4.845120
127 43.507633 1.119017
478 40.903184 7.038218
379 41.161746 6.450578
107 42.020782 4.498224
25 40.224557 8.580552
123 43.222026 1.768122
455 40.521186 7.906396
374 41.029415 6.751329
420 41.864376 4.853690
122 43.411429 1.337662
125 42.626263 3.122128
116 41.848661 4.889407
100 43.364408 1.444528
401 42.059900 4.409318
106 43.215202 1.783631
116 43.192378 1.835504
110 43.872010 0.290886
284 42.550813 3.293607
315 42.439545 3.546489
450 40.524209 7.899524
405 41.051205 6.701806
174 43.034313 2.194742
288 42.556463 3.280765
276 41.955330 4.646977
277 43.619080 0.865727
294 41.996733 4.552879
321 41.268638 6.207641
347 41.301901 6.132043
322 43.690204 0.704083
304 42.873168 2.560981
364 42.101210 4.315432
377 41.969639 4.614458
337 41.562903 5.538858
323 42.528510 3.344295
338 41.035008 6.738619
297 40.517114 7.915651
364 40.164535 8.716966
340 41.409505 5.887489
311 40.742702 7.402950
361 41.230484 6.294356
90 42.809719 2.705184
368 41.720990 5.179567
385 41.159176 6.456419
500 41.946594 4.666831
