8 29.074804 3.083988
8 27.386890 8.710366
7 28.989147 3.369509
7 28.459387 5.135375
8 28.543345 4.855516
8 27.518708 8.270973
8 28.852275 3.825751
8 28.073282 6.422392
9 28.616074 4.613086
9 27.021018 9.929939
9 28.232673 5.891090
9 28.989022 3.369928
8 28.231618 5.894607
9 27.612373 7.958756
9 29.571230 1.429234
9 28.329708 5.567639
10 28.712758 4.290805
10 29.053260 3.155800
10 27.098720 9.670933
10 29.632808 1.223974
10 29.031149 3.229503
10 28.339944 5.533521
10 27.567533 8.108222
10 28.384036 5.386548
10 27.818896 7.270346
9 28.165924 6.113587
10 27.649635 7.834551
10 28.612509 4.624970
10 27.249009 9.169970
9 28.494562 5.018126
8 28.256582 5.811392
11 28.437713 5.207624
11 29.902800 0.324000
9 27.294397 9.018677
10 29.133265 2.889116
10 29.006576 3.311415
8 28.076442 6.411859
9 29.380259 2.065803
9 28.745734 4.180887
9 29.127579 2.908071
9 27.280412 9.065293
9 27.599077 8.003075
9 27.577912 8.073628
12 28.412330 5.292234
11 29.162105 2.792983
12 27.997888 6.673705
9 28.325725 5.580917
12 28.081469 6.395105
12 29.050461 3.165131
10 28.895959 3.680138
11 29.368350 2.105499
11 28.248935 5.836885
13 28.148895 6.170352
13 29.321876 2.260414
13 29.189138 2.702875
9 27.802617 7.324611
8 28.474961 5.083464
8 27.828615 7.237949
8 29.563091 1.456362
8 27.227193 9.242691
13 29.980947 0.063512
11 29.819900 0.600334
10 29.844871 0.517096
9 29.994475 0.018417
14 28.419196 5.269346
10 29.386683 2.044389
12 28.865832 3.780559
9 28.087719 6.374269
9 28.808650 3.971166
10 29.228706 2.570981
10 27.050944 9.830187
8 27.386845 8.710515
9 29.029312 3.235627
10 29.384361 2.052129
10 27.079929 9.733569
8 28.663910 4.453635
13 29.991860 0.027134
8 28.209497 5.968343
11 29.931646 0.227846
11 28.686584 4.378055
9 29.450274 1.832420
9 29.179322 2.735595
11 27.354198 8.819339
8 28.435127 5.216244
9 29.864900 0.450332
8 28.641599 4.528005
11 29.951114 0.162952
7 29.657645 1.141185
11 28.859404 3.801987
8 29.504519 1.651603
10 29.255279 2.482404
10 28.081759 6.394138
8 27.502909 8.323635
13 29.609569 1.301436
9 29.787415 0.708616
12 27.911235 6.962551
11 29.169500 2.768332
10 27.509396 8.302014
12 28.431601 5.227995
9 28.740510 4.198301
13 28.957286 3.475713
10 29.429491 1.901696
8 28.438196 5.206014
8 28.967083 3.443058
10 29.090373 3.032092
11 29.807511 0.641628
9 27.237961 9.206797
8 27.332792 8.890694
9 29.053095 3.156349
9 29.583258 1.389140
10 29.064280 3.119068
10 28.199330 6.002234
11 29.456533 1.811556
11 29.660848 1.130507
10 29.890178 0.366074
12 29.600817 1.330609
16 29.126606 2.911314
11 29.855765 0.480782
10 29.651654 1.161154
10 28.894010 3.686634
12 29.051143 3.162857
10 27.702272 7.659093
13 27.788632 7.371227
10 27.775169 7.416104
10 28.163845 6.120518
10 29.920954 0.263488
8 28.548022 4.839928
10 29.576531 1.411563
8 27.494553 8.351491
8 29.559830 1.467234
15 28.833808 3.887307
10 29.872149 0.426171
10 29.562654 1.457821
10 29.756867 0.810445
10 29.195686 2.681048
8 28.158131 6.139562
8 29.119494 2.935022
9 28.952240 3.492533
8 28.249896 5.833679
11 29.736321 0.878930
11 29.090753 3.030824
8 29.698037 1.006544
9 28.121693 6.261022
11 29.479915 1.733618
10 29.069947 3.100175
7 27.044416 9.851947
10 28.258139 5.806203
9 28.922492 3.591693
13 29.878322 0.405593
12 28.509165 4.969450
8 29.264406 2.451981
12 29.208022 2.639925
15 29.156294 2.812353
11 29.138790 2.870700
10 27.035134 9.882885
10 28.512760 4.957468
12 27.469881 8.433731
9 29.345604 2.181321
7 27.901499 6.995005
8 28.239124 5.869588
10 29.854476 0.485080
10 29.988232 0.039227
9 27.335720 8.880934
13 29.084992 3.050025
10 28.593932 4.686894
11 29.811012 0.629960
10 27.517219 8.275935
15 28.261361 5.795463
8 28.659656 4.467814
9 29.281911 2.393631
10 28.542347 4.858842
12 29.338094 2.206355
10 27.492074 8.359754
9 29.965742 0.114195
9 28.945435 3.515215
10 27.798210 7.339301
8 28.437870 5.207101
12 29.029450 3.235168
10 28.118620 6.271267
11 29.042501 3.191664
13 29.269287 2.435708
11 28.250045 5.833183
11 29.715451 0.948497
9 29.826969 0.576771
9 29.170793 2.764023
9 29.029077 3.236411
11 27.319164 8.936120
10 29.287821 2.373930
10 29.611597 1.294678
9 29.435058 1.883138
10 29.841526 0.528246
13 27.751189 7.496036
11 29.454404 1.818652
10 27.076940 9.743534
10 29.276950 2.410165
11 29.000199 3.332670
12 27.163677 9.454410
13 27.886931 7.043563
17 29.990987 0.030045
45 29.632258 1.225805
