10 0.907450 9.254982
12 0.954082 4.591815
12 0.948941 5.105922
12 0.906417 9.358305
12 0.919664 8.033589
13 0.922518 7.748219
13 0.906592 9.340796
15 0.949970 5.002958
15 0.932857 6.714300
15 0.957362 4.263750
15 0.956104 4.389636
15 0.958610 4.139038
15 0.931823 6.817691
15 0.944570 5.543023
15 0.948627 5.137347
15 0.961881 3.811909
15 0.917432 8.256774
15 0.959798 4.020162
15 0.923179 7.682113
15 0.948094 5.190559
15 0.937621 6.237929
15 0.959763 4.023711
16 0.945188 5.481225
12 0.933384 6.661602
17 0.938607 6.139252
17 0.962389 3.761125
17 0.953627 4.637270
17 0.941353 5.864673
17 0.959228 4.077209
17 0.917726 8.227416
17 0.952185 4.781479
16 0.969395 3.060535
17 0.966137 3.386267
17 0.938093 6.190718
17 0.972535 2.746494
17 0.965546 3.445434
failed to find solution after reaching max emtpy limit -- 13 iterations and 7 function evals
18 0.962965 3.703458
18 0.930821 6.917866
19 0.972517 2.748324
19 0.917217 8.278312
19 0.966977 3.302254
20 0.952593 4.740745
15 0.953086 4.691377
12 0.912180 8.781979
12 0.935718 6.428157
15 0.929299 7.070058
12 0.901199 9.880114
22 0.922719 7.728102
21 0.979820 2.018043
21 0.976157 2.384253
22 0.969724 3.027636
16 0.957564 4.243590
15 0.967075 3.292519
13 0.939590 6.040994
23 0.963402 3.659814
15 0.951421 4.857854
17 0.970386 2.961380
15 0.951982 4.801793
20 0.964736 3.526356
11 0.902897 9.710291
12 0.916680 8.332049
15 0.954903 4.509686
15 0.946834 5.316645
17 0.947903 5.209660
17 0.934902 6.509751
15 0.937249 6.275082
15 0.958212 4.178774
16 0.921041 7.895905
17 0.951546 4.845431
18 0.967954 3.204581
18 0.963521 3.647917
16 0.940352 5.964839
19 0.926459 7.354112
17 0.928027 7.197294
18 0.941802 5.819807
17 0.931816 6.818377
12 0.917423 8.257694
12 0.913669 8.633111
17 0.947601 5.239884
15 0.947850 5.214994
17 0.964697 3.530343
20 0.956934 4.306589
13 0.944390 5.560985
19 0.973329 2.667073
18 0.956478 4.352236
15 0.953503 4.649734
19 0.933948 6.605249
18 0.936832 6.316760
15 0.933078 6.692191
19 0.943423 5.657707
20 0.971519 2.848110
20 0.956488 4.351151
22 0.966453 3.354660
19 0.957166 4.283403
12 0.904443 9.555666
15 0.971402 2.859824
17 0.960785 3.921505
23 0.903449 9.655059
17 0.962056 3.794399
17 0.960053 3.994683
13 0.930462 6.953768
11 0.910931 8.906941
18 0.966042 3.395767
15 0.947376 5.262384
17 0.947666 5.233400
15 0.923954 7.604569
19 0.946384 5.361556
15 0.942532 5.746815
16 0.959815 4.018483
18 0.966618 3.338247
12 0.912860 8.714011
17 0.967089 3.291092
21 0.948651 5.134912
15 0.929805 7.019482
20 0.932114 6.788618
17 0.955485 4.451530
15 0.939649 6.035064
19 0.970098 2.990191
17 0.935537 6.446275
22 0.950964 4.903614
16 0.951416 4.858351
16 0.959834 4.016631
16 0.961622 3.837807
18 0.972544 2.745593
15 0.940185 5.981514
19 0.936603 6.339654
12 0.906432 9.356786
17 0.932922 6.707813
15 0.911040 8.896015
16 0.965565 3.443521
14 0.955603 4.439672
23 0.955233 4.476730
16 0.955699 4.430053
19 0.958757 4.124340
17 0.923789 7.621143
22 0.954726 4.527368
13 0.960083 3.991684
12 0.954885 4.511548
19 0.901196 9.880449
16 0.942424 5.757626
19 0.945867 5.413324
17 0.953661 4.633910
12 0.900201 9.979897
15 0.969463 3.053737
21 0.934947 6.505265
15 0.936480 6.351953
17 0.905815 9.418499
17 0.941879 5.812070
21 0.974748 2.525227
16 0.950297 4.970305
12 0.931627 6.837323
12 0.949432 5.056828
17 0.965692 3.430778
12 0.903548 9.645238
15 0.922144 7.785612
15 0.969094 3.090635
24 0.977433 2.256742
20 0.947722 5.227754
15 0.949238 5.076164
15 0.960484 3.951563
13 0.968582 3.141822
19 0.958499 4.150073
22 0.962219 3.778077
22 0.969254 3.074578
17 0.931879 6.812116
19 0.946488 5.351230
17 0.921173 7.882681
15 0.916651 8.334857
16 0.926124 7.387621
24 0.952473 4.752697
20 0.967475 3.252485
17 0.916153 8.384686
15 0.913129 8.687106
17 0.910353 8.964689
16 0.938727 6.127291
12 0.948088 5.191156
13 0.935441 6.455895
18 0.937234 6.276604
15 0.971483 2.851670
23 0.936004 6.399578
25 0.908354 9.164633
15 0.956189 4.381061
22 0.967693 3.230689
25 0.928100 7.190000
19 0.915545 8.445547
19 0.953270 4.673017
18 0.946558 5.344217
15 0.931347 6.865314
19 0.966982 3.301834
17 0.913657 8.634320
15 0.906010 9.398973
17 0.961673 3.832722
18 0.958591 4.140920
19 0.934937 6.506262
19 0.967059 3.294062
18 0.963014 3.698579
19 0.945374 5.462551
21 0.975445 2.455514
25 0.900931 9.906884
