7 27.410497 8.631678
7 29.120051 2.933162
7 28.614148 4.619506
7 28.588063 4.706456
7 29.067539 3.108203
7 28.686549 4.378172
7 29.536203 1.545990
7 27.364571 8.784764
7 28.926324 3.578920
7 27.732083 7.559724
8 29.887674 0.374422
9 29.806786 0.644046
9 27.552897 8.157011
9 29.088555 3.038152
9 27.889550 7.034832
8 27.365665 8.781117
8 27.270062 9.099792
8 29.545013 1.516622
8 28.822639 3.924535
8 27.281874 9.060421
8 28.659743 4.467522
8 29.098969 3.003438
7 27.558526 8.138246
9 29.481022 1.729925
12 27.004726 9.984246
10 27.502280 8.325734
13 29.604400 1.318667
9 29.719930 0.933566
11 29.247411 2.508631
14 28.728263 4.239123
14 28.691928 4.360240
9 28.022520 6.591599
9 29.710479 0.965071
9 29.555974 1.480085
9 27.144464 9.518453
9 29.141191 2.862698
7 27.855941 7.146864
9 28.971499 3.428337
8 28.828046 3.906514
10 29.767015 0.776616
10 29.345081 2.183063
7 28.752127 4.159575
10 29.907430 0.308568
11 29.430707 1.897644
10 29.928577 0.238077
12 29.814762 0.617461
10 29.493560 1.688134
10 28.557813 4.807289
10 29.407636 1.974546
10 28.809365 3.968785
9 29.754901 0.816998
10 27.137815 9.540617
9 28.034167 6.552775
10 29.970149 0.099503
8 29.848051 0.506496
9 29.610153 1.299489
11 29.875367 0.415444
8 27.412668 8.624439
10 29.281783 2.394055
13 27.624084 7.919721
9 29.184077 2.719744
9 27.340674 8.864421
11 28.800739 3.997535
18 28.775034 4.083220
11 29.205768 2.647439
8 28.421811 5.260631
9 29.257988 2.473375
8 29.623636 1.254548
11 29.505916 1.646945
9 28.335453 5.548490
8 27.516200 8.279333
10 29.417197 1.942676
8 28.173041 6.089864
12 28.309647 5.634510
11 28.679244 4.402518
10 29.991352 0.028826
11 29.864723 0.450923
8 28.066400 6.445332
9 28.695816 4.347280
8 29.382176 2.059415
12 27.624778 7.917408
9 27.308762 8.970794
10 27.102823 9.657257
9 29.007337 3.308878
15 28.002075 6.659751
10 29.704388 0.985374
9 28.789281 4.035729
8 29.832996 0.556681
8 27.828463 7.238456
15 28.350496 5.498346
13 29.690420 1.031932
9 29.311108 2.296307
11 29.505035 1.649884
10 29.255863 2.480457
10 29.988148 0.039506
10 29.692793 1.024025
14 27.278580 9.071400
9 28.172974 6.090086
10 29.025841 3.247198
10 28.005885 6.647048
15 27.416962 8.610128
10 28.995068 3.349773
8 27.380217 8.732610
8 27.958932 6.803561
9 28.206086 5.979714
8 29.047246 3.175848
9 29.659671 1.134430
8 28.806983 3.976724
8 27.726852 7.577159
10 29.301229 2.329238
9 28.504575 4.984751
11 28.869365 3.768784
9 28.813110 3.956299
10 28.997822 3.340592
11 28.812487 3.958375
9 29.687222 1.042592
10 28.127443 6.241856
9 28.849432 3.835225
12 29.770624 0.764585
9 28.262701 5.790997
10 28.877250 3.742499
8 27.345595 8.848018
8 28.657164 4.476120
12 28.204322 5.985592
10 29.135200 2.882668
10 29.478949 1.736835
11 28.618123 4.606255
10 29.304383 2.318722
9 27.676745 7.744185
10 27.955017 6.816609
10 29.437284 1.875719
10 28.241693 5.861022
8 28.439018 5.203274
10 27.664422 7.785259
9 27.309864 8.967119
9 29.786168 0.712774
9 28.264714 5.784287
9 27.719694 7.601019
8 28.580624 4.731253
9 28.037858 6.540474
10 29.879877 0.400409
8 28.391238 5.362541
9 29.162847 2.790510
17 28.330356 5.565479
9 28.664861 4.450463
9 28.682192 4.392694
10 29.887224 0.375919
8 29.131870 2.893767
12 29.900835 0.330550
9 28.512986 4.956712
9 29.169297 2.769011
9 27.441412 8.528626
10 29.800067 0.666443
11 29.235859 2.547137
11 27.356415 8.811949
11 29.637348 1.208839
7 27.441621 8.527930
11 29.985210 0.049299
11 28.720284 4.265721
8 27.103059 9.656470
10 29.907100 0.309667
9 29.916794 0.277354
8 29.596586 1.344714
9 28.306788 5.644042
8 28.707341 4.308865
9 29.504731 1.650898
8 29.021475 3.261749
8 27.320472 8.931760
10 29.553663 1.487791
9 29.874813 0.417291
15 28.669216 4.435945
8 29.570414 1.431955
10 29.032820 3.223932
10 28.714261 4.285796
8 28.692811 4.357295
10 28.781309 4.062304
9 29.979148 0.069506
9 29.079010 3.069968
9 29.488599 1.704670
11 29.101288 2.995707
11 29.260724 2.464254
11 29.390241 2.032531
9 27.039991 9.866696
10 29.110057 2.966476
10 28.522392 4.925361
10 28.778885 4.070383
17 28.751317 4.162276
10 27.498970 8.336768
10 28.706234 4.312555
failed to find solution after reaching max emtpy limit -- 13 iterations and 7 function evals
10 29.758528 0.804906
10 29.176757 2.744144
failed to find solution after reaching max emtpy limit -- 16 iterations and 10 function evals
12 29.580834 1.397219
failed to find solution after reaching max emtpy limit -- 16 iterations and 10 function evals
failed to find solution after reaching max emtpy limit -- 25 iterations and 11 function evals
12 29.920174 0.266088
failed to find solution after reaching max emtpy limit -- 25 iterations and 12 function evals
failed to find solution after reaching max emtpy limit -- 26 iterations and 12 function evals
17 29.334463 2.218458
