10 -1.038531 3.853117
13 -1.032559 3.255919
16 -1.001885 0.188493
29 -1.070972 7.097236
30 -1.047213 4.721279
31 -1.065225 6.522486
37 -1.092557 9.255682
46 -1.057252 5.725184
45 -1.076575 7.657517
38 -1.015408 1.540848
35 -1.093013 9.301298
59 -1.076335 7.633522
56 -1.091925 9.192536
64 -1.016373 1.637285
71 -1.083138 8.313802
23 -1.071974 7.197436
49 -1.001765 0.176488
46 -1.046251 4.625095
26 -1.023466 2.346644
86 -1.008142 0.814212
19 -1.031928 3.192839
23 -1.018485 1.848491
47 -1.038535 3.853513
78 -1.047662 4.766190
89 -1.005963 0.596265
84 -1.007726 0.772572
19 -1.006409 0.640874
failed to find solution after reaching max emtpy limit -- 22 iterations and 15 function evals
97 -1.008133 0.813292
84 -1.008422 0.842177
81 -1.008103 0.810263
27 -1.032646 3.264572
82 -1.004821 0.482115
105 -1.011297 1.129668
119 -1.012467 1.246724
77 -1.007563 0.756260
50 -1.084003 8.400258
84 -1.005209 0.520903
113 -1.004074 0.407447
115 -1.003113 0.311263
28 -1.083207 8.320744
87 -1.007638 0.763753
75 -1.060692 6.069172
112 -1.000483 0.048344
118 -1.000581 0.058114
34 -1.071460 7.145952
119 -1.006080 0.607962
68 -1.000598 0.059816
42 -1.058219 5.821928
136 -1.099808 9.980840
39 -1.098497 9.849741
114 -1.009351 0.935142
124 -1.003033 0.303251
91 -1.003413 0.341267
43 -1.073902 7.390161
86 -1.001275 0.127540
62 -1.039312 3.931173
64 -1.083664 8.366408
165 -1.024233 2.423284
117 -1.002515 0.251544
47 -1.022362 2.236185
47 -1.015472 1.547249
161 -1.006243 0.624296
172 -1.009539 0.953950
177 -1.009125 0.912466
169 -1.004237 0.423720
53 -1.061019 6.101873
29 -1.070443 7.044316
128 -1.003369 0.336900
111 -1.007705 0.770465
123 -1.007033 0.703294
113 -1.007202 0.720186
52 -1.068623 6.862266
54 -1.014458 1.445773
167 -1.003199 0.319940
184 -1.006409 0.640873
36 -1.078645 7.864472
130 -1.006081 0.608130
26 -1.051490 5.148989
10 -1.008062 0.806168
38 -1.006835 0.683549
13 -1.046417 4.641677
167 -1.004819 0.481862
63 -1.061795 6.179548
36 -1.085960 8.595970
failed to find solution after reaching max emtpy limit -- 15 iterations and 9 function evals
178 -1.003212 0.321238
59 -1.053166 5.316570
42 -1.089299 8.929893
61 -1.010556 1.055574
21 -1.022943 2.294319
177 -1.004179 0.417935
57 -1.088808 8.880788
67 -1.003015 0.301494
41 -1.004369 0.436858
54 -1.003320 0.332011
191 -1.003024 0.302372
190 -1.001924 0.192353
106 -1.009031 0.903078
failed to find solution after reaching max emtpy limit -- 18 iterations and 12 function evals
38 -1.033039 3.303868
71 -1.004717 0.471700
41 -1.051546 5.154561
206 -1.000432 0.043206
87 -1.002113 0.211339
101 -1.009894 0.989376
31 -1.075198 7.519847
208 -1.004430 0.443043
123 -1.006222 0.622197
62 -1.008562 0.856231
64 -1.072543 7.254349
88 -1.011873 1.187347
77 -1.004096 0.409647
83 -1.012333 1.233251
249 -1.007689 0.768862
91 -1.000068 0.006789
91 -1.008567 0.856740
23 -1.043350 4.334964
57 -1.026434 2.643446
126 -1.016333 1.633335
78 -1.001989 0.198874
230 -1.010382 1.038164
7 -1.023383 2.338343
46 -1.085293 8.529280
51 -1.058149 5.814863
19 -1.021277 2.127668
71 -1.009895 0.989457
114 -1.002761 0.276116
100 -1.008496 0.849613
170 -1.010626 1.062600
71 -1.004680 0.468008
60 -1.009522 0.952220
65 -1.000906 0.090604
33 -1.092044 9.204446
247 -1.008559 0.855910
70 -1.072986 7.298611
100 -1.001576 0.157559
134 -1.004282 0.428179
29 -1.009276 0.927561
148 -1.000757 0.075686
268 -1.006039 0.603858
22 -1.004430 0.443033
76 -1.007317 0.731728
100 -1.003030 0.303002
66 -1.002162 0.216167
108 -1.009196 0.919649
91 -1.008878 0.887821
47 -1.005287 0.528749
252 -1.000931 0.093103
46 -1.098711 9.871101
11 -1.067673 6.767282
22 -1.083288 8.328816
39 -1.088403 8.840331
54 -1.088495 8.849455
94 -1.002017 0.201747
67 -1.094580 9.457991
108 -1.000214 0.021413
127 -1.006235 0.623500
110 -1.002393 0.239291
280 -1.008608 0.860827
286 -1.001528 0.152786
312 -1.002511 0.251094
296 -1.004541 0.454086
133 -1.010839 1.083886
107 -1.013706 1.370611
46 -1.007972 0.797214
100 -1.001241 0.124135
99 -1.002817 0.281708
80 -1.003253 0.325305
103 -1.011507 1.150689
122 -1.006364 0.636442
101 -1.003126 0.312585
110 -1.007793 0.779345
260 -1.000341 0.034127
257 -1.005875 0.587532
325 -1.003011 0.301111
failed to find solution in 1200 iterations and 315 function evals
180 -1.010153 1.015273
failed to find solution in 1200 iterations and 331 function evals
360 -1.046657 4.665746
269 -1.011894 1.189430
175 -1.015484 1.548449
120 -1.004499 0.449931
254 -1.005742 0.574159
220 -1.005853 0.585318
failed to find solution in 1200 iterations and 332 function evals
181 -1.015592 1.559195
152 -1.001798 0.179753
142 -1.008522 0.852214
183 -1.000744 0.074368
failed to find solution in 1200 iterations and 322 function evals
failed to find solution in 1200 iterations and 318 function evals
failed to find solution in 1200 iterations and 334 function evals
249 -1.002177 0.217747
221 -1.003874 0.387431
failed to find solution in 1200 iterations and 327 function evals
failed to find solution in 1200 iterations and 332 function evals
267 -1.013297 1.329656
failed to find solution in 1200 iterations and 330 function evals
failed to find solution in 1200 iterations and 333 function evals
