20 -0.015748 0.821174
22 -0.015760 0.899514
22 -0.016242 3.984528
22 -0.016901 8.207510
22 -0.016328 4.537430
22 -0.016838 7.798432
22 -0.015719 0.635852
21 -0.015908 1.846434
22 -0.016520 5.764300
24 -0.015707 0.561825
24 -0.016673 6.746172
24 -0.016542 5.903865
24 -0.016303 4.375220
24 -0.016975 8.678196
26 -0.016335 4.578430
26 -0.016301 4.366031
26 -0.016799 7.551546
25 -0.015647 0.175955
26 -0.015791 1.100791
26 -0.015950 2.115547
26 -0.015964 2.207129
26 -0.016336 4.587984
26 -0.016365 4.769615
26 -0.016269 4.159803
26 -0.015790 1.094301
26 -0.016317 4.467929
26 -0.016324 4.510658
26 -0.016091 3.019589
26 -0.016198 3.705606
27 -0.016689 6.844178
28 -0.015766 0.934908
27 -0.016188 3.642216
28 -0.015645 0.161521
28 -0.016032 2.640918
28 -0.015898 1.785501
28 -0.016184 3.612696
28 -0.016591 6.220365
28 -0.016108 3.124390
26 -0.015641 0.140542
28 -0.015957 2.158996
28 -0.016596 6.250790
23 -0.015679 0.378270
26 -0.016038 2.680812
30 -0.016029 2.620999
30 -0.016174 3.546789
26 -0.016144 3.360301
30 -0.015860 1.539656
24 -0.015723 0.663436
30 -0.015949 2.106969
21 -0.015636 0.108532
23 -0.017142 9.745448
26 -0.015928 1.971953
30 -0.015926 1.963096
32 -0.015838 1.398127
23 -0.015665 0.288295
24 -0.016184 3.614528
22 -0.015715 0.612099
32 -0.015954 2.144332
26 -0.016097 3.053824
28 -0.016013 2.519391
26 -0.016320 4.485388
30 -0.015752 0.846747
33 -0.016010 2.497907
30 -0.015672 0.336272
26 -0.015696 0.490395
30 -0.015692 0.462337
26 -0.016458 5.365104
24 -0.016288 4.277966
24 -0.016037 2.672193
30 -0.015734 0.734382
28 -0.015793 1.113679
24 -0.015813 1.239016
26 -0.016107 3.119871
28 -0.017101 9.482895
24 -0.016578 6.134987
26 -0.017038 9.079225
26 -0.016814 7.650423
22 -0.016936 8.426187
24 -0.016232 3.923328
24 -0.015857 1.520607
26 -0.016267 4.143919
28 -0.015792 1.102408
28 -0.016297 4.338305
28 -0.015720 0.646006
26 -0.015912 1.872724
27 -0.016253 4.053936
30 -0.016173 3.544577
28 -0.015843 1.433675
26 -0.015703 0.537149
28 -0.016897 8.179616
26 -0.016106 3.112337
24 -0.016277 4.212131
28 -0.016441 5.257347
24 -0.016709 6.975540
22 -0.016334 4.575882
28 -0.015830 1.345652
30 -0.016497 5.620582
26 -0.016032 2.641564
28 -0.016482 5.521640
28 -0.016770 7.365196
28 -0.015835 1.379322
28 -0.015691 0.457462
24 -0.016407 5.041007
20 -0.015886 1.707328
30 -0.016335 4.583232
26 -0.016170 3.523865
24 -0.016542 5.908042
24 -0.016271 4.168199
30 -0.015741 0.780299
25 -0.015985 2.337436
26 -0.016064 2.842738
28 -0.015968 2.229548
26 -0.016062 2.831699
24 -0.015751 0.842651
28 -0.015687 0.429915
28 -0.015648 0.184205
26 -0.016014 2.526917
22 -0.015906 1.834970
26 -0.015771 0.972657
26 -0.015813 1.239251
28 -0.016278 4.215737
22 -0.017142 9.748792
26 -0.016975 8.679055
24 -0.015690 0.448935
26 -0.015701 0.518678
26 -0.016087 2.991781
26 -0.015919 1.920368
24 -0.017025 8.996619
30 -0.015804 1.179453
33 -0.016008 2.484851
28 -0.016280 4.228248
28 -0.015993 2.389425
26 -0.016122 3.217098
31 -0.016135 3.303313
28 -0.015768 0.951218
26 -0.015717 0.622372
28 -0.015770 0.964256
26 -0.015920 1.923370
26 -0.016109 3.135655
32 -0.015902 1.807990
24 -0.017093 9.436223
24 -0.016750 7.237369
24 -0.015923 1.944004
26 -0.016311 4.425325
28 -0.016323 4.501063
30 -0.015788 1.079679
28 -0.015759 0.894573
26 -0.015816 1.256028
28 -0.015640 0.133726
40 -0.015954 2.138395
24 -0.015724 0.669778
24 -0.015638 0.119575
24 -0.016487 5.556464
24 -0.016011 2.508708
31 -0.015662 0.273624
24 -0.017163 9.878635
26 -0.016073 2.902086
26 -0.015842 1.424203
28 -0.016664 6.687468
24 -0.016482 5.520718
24 -0.016247 4.018890
28 -0.015682 0.402257
26 -0.015905 1.828203
26 -0.015934 2.013652
26 -0.015728 0.694780
24 -0.016203 3.737188
30 -0.015957 2.161988
26 -0.016642 6.544552
28 -0.015975 2.276726
32 -0.015877 1.647388
24 -0.017126 9.644661
28 -0.015907 1.837694
26 -0.016252 4.049502
24 -0.016094 3.035665
26 -0.016229 3.901681
26 -0.015748 0.821493
26 -0.016011 2.505177
30 -0.016469 5.440238
24 -0.015822 1.294687
30 -0.015849 1.470837
26 -0.015713 0.599269
26 -0.016020 2.562453
28 -0.016628 6.458700
30 -0.015777 1.009255
25 -0.015876 1.639196
24 -0.016396 4.969449
28 -0.016315 4.454465
28 -0.016652 6.607662
28 -0.016379 4.863797
24 -0.016349 4.673259
32 -0.015758 0.883535
28 -0.015851 1.480351
26 -0.016112 3.154526
30 -0.015786 1.065617
26 -0.016124 3.228273
30 -0.016217 3.826012
26 -0.016430 5.190278
32 -0.015794 1.118452
28 -0.016780 7.429539
32 -0.015686 0.425647
