7 -330.546252 7.845433
7 -327.104282 6.722441
9 -324.047018 5.724965
10 -329.670416 7.559679
10 -326.287358 6.455908
10 -313.506300 2.285905
10 -308.031408 0.499644
10 -318.372092 3.873439
10 -321.758781 4.978395
10 -331.159247 8.045431
11 -323.722523 5.619094
11 -334.097952 9.004226
12 -336.013519 9.629207
11 -321.000867 4.731115
12 -332.108347 8.355089
12 -324.779219 5.963856
12 -325.318421 6.139778
9 -324.795763 5.969254
13 -333.050246 8.662397
14 -323.502786 5.547402
14 -326.046564 6.377345
14 -324.357915 5.826400
14 -333.485263 8.804327
14 -329.082516 7.367868
16 -309.715913 1.049238
16 -319.574263 4.265665
15 -323.215737 5.453748
17 -322.532917 5.230968
17 -323.530967 5.556596
17 -336.065345 9.646116
12 -329.022719 7.348358
17 -322.469758 5.210361
18 -315.512881 2.940581
18 -326.212413 6.431456
12 -322.921173 5.357642
18 -329.002752 7.341844
18 -337.143476 9.997871
18 -330.773522 7.919583
18 -327.713053 6.921061
18 -334.821883 9.240419
12 -324.722412 5.945322
12 -334.623377 9.175653
19 -325.019198 6.042153
19 -324.018497 5.715660
19 -334.959063 9.285175
16 -328.022167 7.021914
19 -330.108818 7.702714
15 -327.936868 6.994084
17 -336.643852 9.834862
14 -330.727256 7.904488
17 -321.837021 5.003922
22 -309.577115 1.003953
22 -334.912582 9.270011
13 -319.667970 4.296238
23 -321.714215 4.963855
19 -328.683215 7.237590
14 -324.747803 5.953606
23 -321.104132 4.764807
15 -329.431088 7.481595
20 -335.129195 9.340683
24 -324.774132 5.962196
24 -315.813125 3.038540
24 -325.495449 6.197536
19 -326.106629 6.396942
13 -319.398485 4.208315
24 -320.286686 4.498103
14 -326.576413 6.550216
16 -334.238833 9.050190
23 -324.689019 5.934427
15 -326.852359 6.640247
26 -329.149627 7.389764
17 -318.704170 3.981785
17 -327.955678 7.000221
16 -325.755218 6.282290
24 -324.494030 5.870809
20 -330.076368 7.692127
17 -316.144215 3.146563
20 -327.242682 6.767596
19 -318.712556 3.984521
17 -334.285829 9.065523
16 -322.329806 5.164700
19 -325.957750 6.348369
14 -321.886385 5.020028
25 -327.640666 6.897444
12 -335.433836 9.440077
23 -323.457294 5.532559
19 -325.091286 6.065672
20 -331.092790 8.023749
15 -329.373903 7.462937
19 -322.040332 5.070255
18 -337.021586 9.958103
19 -322.986597 5.378988
12 -336.707929 9.855768
10 -314.809106 2.710964
12 -331.748000 8.237520
19 -327.285331 6.781511
20 -321.941279 5.037938
22 -322.307372 5.157381
17 -330.656414 7.881375
10 -335.415836 9.434204
19 -321.032643 4.741482
15 -328.630133 7.220272
11 -318.833160 4.023870
19 -330.698277 7.895033
18 -326.693911 6.588552
19 -323.264121 5.469534
25 -320.921450 4.705204
13 -329.438579 7.484039
19 -332.097024 8.351394
17 -334.078480 8.997873
20 -322.796202 5.316869
16 -330.109445 7.702918
22 -318.170783 3.807759
18 -335.297932 9.395736
13 -329.546909 7.519383
19 -323.455348 5.531924
23 -324.780297 5.964208
19 -333.478060 8.801977
26 -315.865333 3.055574
12 -333.044787 8.660616
19 -330.041327 7.680694
23 -333.253530 8.728721
10 -328.006320 7.016744
21 -314.820461 2.714669
21 -327.489490 6.848121
17 -334.224989 9.045673
24 -330.838785 7.940876
22 -335.700868 9.527200
17 -333.719236 8.880664
19 -321.856326 5.010221
11 -314.979124 2.766435
11 -330.389708 7.794358
17 -317.925235 3.727646
17 -332.486688 8.478528
22 -336.282082 9.716829
20 -315.987448 3.095415
12 -333.008502 8.648777
17 -326.589054 6.554341
22 -322.047066 5.072452
12 -335.646490 9.509458
12 -327.095462 6.719564
17 -330.680079 7.889096
19 -317.815888 3.691970
19 -322.171232 5.112963
19 -325.092277 6.065996
23 -326.909030 6.658737
14 -321.610904 4.930148
19 -315.536628 2.948329
14 -323.431867 5.524263
19 -316.044014 3.113871
13 -326.337506 6.472269
8 -316.559053 3.281910
17 -326.206175 6.429421
22 -323.519353 5.552807
26 -324.108202 5.744927
22 -322.545725 5.235147
24 -325.030339 6.045788
17 -323.009528 5.386469
14 -314.901382 2.741071
18 -318.363128 3.870515
22 -324.289062 5.803935
17 -320.308276 4.505147
18 -321.915791 5.029622
19 -323.052114 5.400364
14 -334.099843 9.004843
16 -333.443402 8.790670
19 -333.875691 8.931710
19 -322.397163 5.186676
19 -320.009593 4.407698
17 -324.037586 5.721888
18 -319.995177 4.402994
26 -329.503681 7.505279
12 -330.124899 7.707961
26 -319.759972 4.326255
17 -322.861735 5.338250
20 -330.765909 7.917099
16 -329.515520 7.509142
15 -323.281486 5.475199
15 -321.983779 5.051804
18 -322.913563 5.355159
22 -336.977332 9.943664
24 -323.916256 5.682302
14 -328.242008 7.093640
26 -322.916117 5.355992
26 -325.969896 6.352331
20 -324.121407 5.749235
20 -315.661464 2.989058
19 -331.794321 8.252633
18 -328.571229 7.201053
25 -319.752444 4.323799
20 -326.389179 6.489129
19 -323.794991 5.642738
18 -322.102619 5.090577
20 -328.802795 7.276605
19 -332.305021 8.419257
20 -326.351721 6.476907
24 -320.755967 4.651213
21 -330.353077 7.782407
24 -318.840050 4.026117
26 -326.695963 6.589221
