11 3044.701937 7.736305
11 2994.758447 9.249744
11 3094.382095 6.230846
13 3183.834694 3.520161
12 3113.598583 5.648528
13 3047.084149 7.664117
13 3073.250885 6.871185
13 2971.449965 9.956062
13 3106.625675 5.859828
13 3167.384160 4.018662
13 3176.920328 3.729687
13 2982.575889 9.618912
15 3271.591517 0.860863
15 3134.172522 5.025075
14 3181.287485 3.597349
14 3291.156738 0.267978
14 3213.154561 2.631680
14 3132.905806 5.063460
14 3269.189216 0.933660
15 3071.850399 6.913624
13 3299.160473 0.025440
14 3295.861249 0.125417
15 3131.110505 5.117863
13 3029.900890 8.184822
15 2970.869884 9.973640
15 2984.461732 9.561766
15 3179.460670 3.652707
15 3208.439898 2.774549
11 3058.894253 7.306235
15 2970.001105 9.999967
15 3260.290657 1.203313
13 3114.067571 5.634316
16 3296.489255 0.106386
17 3120.888312 5.427627
16 3279.551200 0.619661
13 2979.288472 9.718531
16 3253.056235 1.422538
16 3201.208182 2.993691
17 3059.209879 7.296670
15 3290.175259 0.297719
16 3288.522745 0.347796
16 3156.165357 4.358626
14 3296.163158 0.116268
18 3297.309887 0.081519
18 3184.413100 3.502633
18 3293.670438 0.191805
18 3263.934388 1.092897
18 3281.040007 0.574545
15 3249.716103 1.523754
11 3088.388523 6.412469
19 3270.884563 0.882286
18 3278.307054 0.657362
13 3115.258850 5.598217
13 3192.596485 3.254652
13 3180.916080 3.608604
13 3116.217984 5.569152
13 3077.956745 6.728583
15 3294.452312 0.168112
17 3297.626273 0.071931
22 3293.979668 0.182434
13 3119.466495 5.470712
15 3191.499928 3.287881
14 3275.143619 0.753224
13 3082.664616 6.585921
16 3247.260761 1.598159
17 3287.627232 0.374932
14 3298.312803 0.051127
15 3284.243626 0.477466
15 3189.387500 3.351894
15 3232.988144 2.030662
15 3176.848396 3.731867
15 3178.971684 3.667525
14 3256.351602 1.322679
14 3294.594252 0.163811
14 3280.311923 0.596608
19 3263.238124 1.113996
14 3264.224793 1.084097
14 3267.450314 0.986354
13 3205.867658 2.852495
15 3095.979773 6.182431
17 3242.199693 1.751524
11 3059.662422 7.282957
11 3035.598191 8.012176
17 3049.024446 7.605320
13 3114.830644 5.611193
13 3290.672904 0.282639
13 3251.106884 1.481610
16 3190.146979 3.328879
17 3236.228675 1.932464
13 3016.426634 8.593132
16 3170.779770 3.915765
14 3184.816028 3.490423
15 3178.293625 3.688072
19 3060.767577 7.249467
22 3296.307269 0.111901
13 3094.175671 6.237101
15 3203.650462 2.919683
16 3295.482207 0.136903
12 3108.997047 5.787968
14 3272.884229 0.821690
17 3121.233004 5.417182
11 3006.331327 8.899051
15 3055.606131 7.405875
13 3095.998309 6.181869
15 3155.931487 4.365713
17 3238.484717 1.864099
14 3298.674174 0.040177
13 3296.658994 0.101243
17 3298.762786 0.037491
16 3291.519985 0.256970
14 3282.416911 0.532821
15 3037.742984 7.947182
14 3020.122718 8.481130
18 3132.159626 5.086072
14 3238.647851 1.859156
14 3293.053612 0.210497
18 3296.726763 0.099189
15 3210.972171 2.697813
13 3017.405547 8.563468
15 3271.236416 0.871624
16 3258.193529 1.266863
11 3004.921199 8.941782
12 2974.541843 9.862368
13 3168.066141 3.997996
14 3060.075458 7.270441
12 3066.269327 7.082748
15 3156.424687 4.350767
15 3111.107211 5.724024
13 3091.422049 6.320544
15 3210.389283 2.715476
15 3217.244232 2.507751
15 3289.792206 0.309327
13 3086.314849 6.475308
15 3299.288023 0.021575
12 3196.481320 3.136930
15 3292.951858 0.213580
15 3112.824045 5.671999
20 3295.577051 0.134029
19 3157.148159 4.328844
13 3051.358237 7.534599
14 3297.988659 0.060950
13 3075.846119 6.792542
12 3154.888862 4.397307
17 3273.115487 0.814682
14 3262.549836 1.134853
15 3128.393770 5.200189
14 3281.736093 0.553452
15 3177.327250 3.717356
19 3277.961125 0.667845
13 3145.294516 4.688045
16 3071.223253 6.932629
14 3289.674918 0.312881
14 3125.241532 5.295711
15 3231.863626 2.064739
12 3258.024982 1.271970
17 3012.140063 8.723028
21 3299.265085 0.022270
15 3178.922186 3.669025
15 3097.578622 6.133981
13 3079.463065 6.682937
22 3255.937768 1.335219
14 3290.947746 0.274311
14 3067.971236 7.031175
16 3147.419172 4.623661
13 3215.351144 2.565117
17 3226.003812 2.242309
17 3000.903733 9.063523
13 3155.505117 4.378633
17 3124.783395 5.309594
13 3134.438127 5.017026
18 3231.899751 2.063644
14 3131.586960 5.103425
19 3291.360945 0.261790
21 3222.681309 2.342991
13 3126.799826 5.248490
15 3107.252740 5.840826
14 3284.906089 0.457391
14 3295.964085 0.122300
15 3148.818803 4.581248
17 3288.400397 0.351503
13 2980.196329 9.691020
15 3114.362309 5.625385
15 3236.648575 1.919740
14 3055.399686 7.412131
15 3008.664216 8.828357
15 3034.411698 8.048130
14 3250.840720 1.489675
17 3164.965769 4.091946
17 3280.589810 0.588188
16 3287.181252 0.388447
21 3283.770833 0.491793
22 3275.085427 0.754987
26 3191.789834 3.279096
30 3255.051554 1.362074
37 3156.606152 4.345268
60 3213.083619 2.633830
61 3221.917368 2.366140
72 3255.062479 1.361743
138 3267.430285 0.986961
148 3253.164145 1.419268
