7 7.750659 8.799300
9 7.651086 9.970962
9 7.975804 6.150056
9 8.108813 4.584957
9 7.788883 8.349528
9 7.939881 6.572759
9 8.014071 5.699776
9 7.897823 7.067645
11 8.097557 4.717408
11 8.034731 5.456671
11 8.048172 5.298510
11 7.714953 9.219441
11 7.911778 6.903438
11 8.101518 4.670802
11 8.073497 5.000517
11 8.160827 3.972915
11 8.208479 3.412211
11 7.908258 6.944858
11 7.685744 9.563137
11 8.220568 3.269961
12 7.922721 6.774672
12 7.870641 7.387495
12 7.890679 7.151703
12 7.680072 9.629881
12 8.367319 1.543158
12 7.853888 7.584617
12 7.864804 7.456175
12 8.010296 5.744189
12 7.739462 8.931048
12 7.829369 7.873126
12 8.032542 5.482426
12 8.224055 3.228932
7 7.927525 6.718150
13 7.908235 6.945128
13 7.798987 8.230635
13 8.256083 2.852055
13 8.074517 4.988520
13 8.055507 5.212203
13 7.995831 5.914399
13 7.797336 8.250056
8 7.672541 9.718494
11 7.855278 7.568263
11 8.366305 1.555091
15 7.753968 8.760366
15 7.947167 6.487021
15 7.803919 8.172597
15 8.150666 4.092485
15 7.914078 6.876380
15 8.009812 5.749891
12 8.128883 4.348806
11 7.732720 9.010380
12 8.154264 4.050147
9 8.137667 4.245444
9 7.924602 6.752545
9 7.793433 8.295986
16 7.785040 8.394740
16 7.788931 8.348958
11 8.210281 3.391002
11 8.197377 3.542842
9 7.995841 5.914288
9 8.305808 2.266958
13 8.328114 2.004487
12 8.170410 3.860158
17 7.987020 6.018084
12 8.246381 2.966225
12 8.201755 3.491327
12 7.703583 9.353237
17 7.735348 8.979459
12 8.128804 4.349732
9 7.687754 9.539486
9 8.457963 0.476574
9 8.139020 4.229523
9 7.729298 9.050645
13 7.706019 9.324570
12 7.988968 5.995160
12 8.019375 5.637364
15 8.289476 2.459125
12 7.728465 9.060449
13 8.114473 4.518360
13 7.843086 7.711725
13 7.853012 7.594926
9 7.784299 8.403468
12 7.700889 9.384936
14 8.419986 0.923436
8 8.236483 3.082693
15 7.849134 7.640555
13 8.180039 3.746854
9 8.309698 2.221178
11 7.878170 7.298898
13 7.657042 9.900879
9 8.072394 5.013500
10 8.003668 5.822184
14 7.842254 7.721511
15 7.786375 8.379034
13 8.051492 5.259447
15 7.722541 9.130164
15 8.071906 5.019241
12 7.814473 8.048406
12 8.068484 5.059508
12 7.739101 8.935296
11 7.970324 6.214532
13 7.885110 7.217234
10 7.772067 8.547397
12 8.067602 5.069881
13 7.788020 8.359672
11 7.799347 8.226399
15 7.649475 9.989911
12 8.022018 5.606262
11 8.036613 5.434520
11 8.223593 3.234358
14 8.185944 3.677374
13 7.682669 9.599326
11 7.854703 7.575033
8 7.716912 9.196397
12 7.906940 6.960361
9 7.972332 6.190908
15 7.945843 6.502601
15 7.865529 7.447647
12 8.226976 3.194553
12 7.827072 7.900160
12 8.166167 3.910087
12 8.227340 3.190278
19 7.737165 8.958078
13 8.275181 2.627334
12 7.788580 8.353088
13 8.036219 5.439159
10 8.122141 4.428128
9 8.131350 4.319769
15 7.919074 6.817589
13 7.994207 5.933506
16 8.108638 4.587025
11 7.944747 6.515500
12 7.806824 8.138413
12 8.100311 4.684999
13 7.806341 8.144100
13 8.303905 2.289345
11 7.683403 9.590683
17 7.665055 9.806589
9 8.031642 5.493016
15 8.068512 5.059170
11 7.947311 6.485332
13 7.840698 7.739825
12 7.981555 6.082386
9 7.858766 7.527219
12 7.927566 6.717666
12 8.301729 2.314944
13 7.787301 8.368135
12 7.914121 6.875866
12 8.026984 5.547828
12 8.285985 2.500206
11 8.255670 2.856914
16 7.788676 8.351959
13 7.878207 7.298463
13 8.331084 1.969530
9 8.104956 4.630349
15 7.808767 8.115547
15 7.732908 9.008177
17 7.923499 6.765516
9 7.848423 7.648924
12 7.804049 8.171070
9 8.488110 0.121836
15 7.815775 8.033086
13 7.708427 9.296237
15 8.025720 5.562707
16 7.761923 8.666757
12 8.126076 4.381831
9 7.981001 6.088907
17 7.846957 7.666177
13 7.813369 8.061399
13 8.192298 3.602608
15 7.866105 7.440862
15 7.921312 6.791258
13 8.135697 4.268621
11 7.776426 8.496102
11 7.874500 7.342087
13 8.264469 2.753388
13 7.885435 7.213413
11 7.792846 8.302886
13 7.943081 6.535101
15 7.916030 6.853401
11 8.234437 3.106763
12 8.061361 5.143323
13 8.010547 5.741237
15 7.760614 8.682155
19 7.859565 7.517814
12 8.057145 5.192924
12 7.863247 7.474491
12 7.891211 7.145447
13 7.705519 9.330452
15 8.196003 3.559012
17 8.150568 4.093640
16 8.191031 3.617518
14 7.870967 7.383651
13 7.962975 6.301009
15 7.674159 9.699466
13 8.205876 3.442840
15 7.812581 8.070671
14 8.175793 3.796816
16 7.947607 6.481843
16 7.658169 9.887610
