10 3086.058182 6.483085
10 3138.885076 4.882270
10 3183.304454 3.536229
10 3212.950390 2.637867
10 3280.887645 0.579162
10 3196.747495 3.128864
11 3002.800526 9.006045
11 3204.616483 2.890410
11 3111.502687 5.712040
11 3126.777315 5.249172
11 3019.589224 8.497296
11 3054.034431 7.453502
11 3218.052033 2.483272
11 2976.778953 9.794577
11 3158.024646 4.302283
11 3048.670912 7.616033
11 3021.814896 8.429852
12 3167.965828 4.001036
12 3289.742010 0.310848
12 3087.434892 6.441367
12 3270.025488 0.908319
12 3174.548239 3.801569
12 3288.564757 0.346523
12 3179.122605 3.662951
12 3284.989340 0.454868
12 3174.843943 3.792608
12 3280.387611 0.594315
11 3116.255876 5.568004
12 3057.004191 7.363509
12 3162.020154 4.181207
13 3295.792791 0.127491
13 3231.688364 2.070050
13 3299.608407 0.011866
13 3242.361436 1.746623
13 3280.149333 0.601535
11 3235.821394 1.944806
13 3297.108659 0.087616
11 2991.370064 9.352422
13 3179.436992 3.653424
13 3029.863088 8.185967
13 3272.552002 0.831758
13 3216.181364 2.539959
11 3153.997354 4.424323
12 3281.345055 0.565301
12 3237.334562 1.898953
14 3296.681856 0.100550
12 3154.307288 4.414931
11 3069.056560 6.998286
14 3209.343277 2.747173
11 3015.848128 8.610663
11 2999.099896 9.118185
10 3216.690337 2.524535
14 3288.769866 0.340307
12 3150.793044 4.521423
12 3247.571781 1.588734
12 3234.568021 1.982787
14 3291.372170 0.261449
13 3249.583790 1.527764
13 3290.545643 0.286496
12 3274.719940 0.766062
12 3288.706085 0.342240
14 3270.330748 0.899068
11 3114.881681 5.609646
11 3235.985518 1.939833
13 3274.073475 0.785652
11 3060.567718 7.255524
16 3298.072407 0.058412
14 3175.942070 3.759331
13 3272.073819 0.846248
10 3092.137806 6.298854
10 3120.797602 5.430376
10 3005.455070 8.925604
12 3088.130416 6.420290
12 3070.882546 6.942953
14 3267.019754 0.999401
11 3113.068271 5.664598
17 3270.082244 0.906599
10 2986.952705 9.486282
16 3276.180762 0.721795
10 3143.856052 4.731635
12 3274.600640 0.769678
13 3251.719456 1.463047
11 3048.416335 7.623747
12 3103.398978 5.957607
13 3060.800469 7.248471
11 3115.946455 5.577380
13 3157.175023 4.328030
13 3136.843453 4.944138
11 3024.321293 8.353900
10 3063.310532 7.172408
11 3013.955994 8.668000
13 3291.227524 0.265833
13 3298.536609 0.044345
12 3286.719902 0.402427
10 3084.931071 6.517240
12 3021.828209 8.429448
13 3212.876312 2.640112
12 3207.464622 2.804102
12 3289.363720 0.322312
14 3278.435862 0.653459
11 3140.459790 4.834552
19 3293.753058 0.189301
16 3257.350946 1.292396
11 3053.319080 7.475179
11 3299.393518 0.018378
14 3256.037123 1.332208
13 3268.995758 0.939522
12 3289.291314 0.324506
17 3269.855737 0.913463
16 3285.809762 0.430007
17 3231.009694 2.090615
18 3214.976983 2.576455
12 3283.481783 0.500552
12 3223.436887 2.320094
12 3128.115245 5.208629
12 3219.074292 2.452294
11 3051.317942 7.535820
12 3287.181466 0.388440
12 3295.004166 0.151389
14 3299.513208 0.014751
12 3079.868792 6.670643
10 3218.864773 2.458643
10 3134.694346 5.009262
12 3108.412667 5.805677
17 3246.989166 1.606389
10 3119.169939 5.479699
16 3291.254084 0.265028
10 2999.468173 9.107025
13 3105.315810 5.899521
18 3293.429991 0.199091
12 3254.705271 1.372568
12 3257.717066 1.281301
12 3264.532378 1.074776
13 2994.929045 9.244574
13 3262.177748 1.146129
12 3293.276740 0.203735
10 3272.805803 0.824067
11 3130.653664 5.131707
12 3030.168991 8.176697
16 3218.074820 2.482581
16 3283.577579 0.497649
13 3231.304163 2.081692
11 3207.107774 2.814916
10 3107.627314 5.829475
12 3026.912283 8.275385
11 3096.795544 6.157711
12 3248.671213 1.555418
11 3124.005621 5.333163
12 3117.372598 5.534164
12 3146.762316 4.643566
11 3129.266004 5.173757
12 3016.132572 8.602043
14 3248.871824 1.549339
17 3292.795066 0.218331
12 3273.667685 0.797949
12 3277.325157 0.687116
16 3294.950628 0.153011
16 3250.938209 1.486721
16 3295.061865 0.149640
12 3206.038774 2.847310
14 3298.975622 0.031042
13 3294.881889 0.155094
14 3040.378847 7.867308
13 3272.145713 0.844069
13 3274.077853 0.785520
13 3285.856056 0.428604
12 3256.621615 1.314497
14 3213.106314 2.633142
14 3296.815319 0.096505
12 3226.097158 2.239480
13 3289.082869 0.330822
11 2981.342973 9.656274
11 3276.374407 0.715927
11 3157.153842 4.328671
14 3298.995667 0.030434
12 3138.624237 4.890175
12 3295.074252 0.149265
18 3061.431972 7.229334
12 3186.753844 3.431702
14 3249.045804 1.544067
12 3183.519872 3.529701
16 3285.166995 0.449485
12 3270.758828 0.886096
13 3096.203154 6.175662
14 3269.661347 0.919353
22 3277.676777 0.676461
16 3259.811878 1.217822
17 3188.104724 3.390766
59 3130.598518 5.133378
78 3045.958685 7.698222
100 3242.942993 1.729000
129 2995.975165 9.212874
126 3112.853752 5.671098
141 2971.997614 9.939466
166 3214.513746 2.590493
183 3256.313605 1.323830
186 3043.578210 7.770357
202 3160.841496 4.216924
218 3148.583346 4.588383
failed to find solution in 1200 iterations and 217 function evals
