22 -0.016612 6.356064
22 -0.015748 0.824148
22 -0.016871 8.014300
22 -0.016233 3.930150
24 -0.016737 7.152514
24 -0.017021 8.974570
24 -0.015863 1.559807
24 -0.016881 8.074494
24 -0.015639 0.127489
24 -0.016011 2.506752
24 -0.015720 0.644939
24 -0.016833 7.766350
24 -0.017172 9.939778
24 -0.015855 1.505601
24 -0.015979 2.301979
24 -0.016378 4.857470
24 -0.015976 2.283544
24 -0.016236 3.950056
24 -0.016901 8.203754
26 -0.016542 5.902882
26 -0.015694 0.478683
26 -0.017095 9.448789
25 -0.016027 2.610551
26 -0.015909 1.853927
26 -0.016260 4.103613
26 -0.016031 2.634642
26 -0.015862 1.551452
26 -0.016991 8.779771
26 -0.016059 2.815165
26 -0.016418 5.113314
27 -0.016049 2.752318
28 -0.016073 2.900370
24 -0.017023 8.983121
28 -0.015795 1.122400
28 -0.015969 2.236082
28 -0.016331 4.554515
28 -0.015821 1.289040
28 -0.015653 0.216350
28 -0.015798 1.142087
28 -0.015807 1.202992
28 -0.015930 1.985765
28 -0.015939 2.044176
24 -0.015862 1.551424
30 -0.015908 1.844539
29 -0.016513 5.717409
24 -0.015963 2.198906
30 -0.016025 2.598385
29 -0.015752 0.847928
30 -0.015671 0.331231
24 -0.016065 2.850444
30 -0.015859 1.530735
26 -0.015737 0.752860
26 -0.016281 4.231917
28 -0.016498 5.624098
26 -0.015964 2.204041
26 -0.015890 1.729066
26 -0.016031 2.631734
26 -0.016101 3.082239
24 -0.015978 2.294935
22 -0.016619 6.398865
26 -0.015826 1.322885
24 -0.015724 0.667344
26 -0.015785 1.057592
22 -0.016031 2.637053
26 -0.015831 1.354200
25 -0.015650 0.192156
24 -0.015677 0.369753
24 -0.016362 4.751167
26 -0.015645 0.163778
26 -0.015669 0.316939
26 -0.016609 6.332914
30 -0.015806 1.193814
28 -0.016082 2.961380
34 -0.015922 1.938884
26 -0.015956 2.157241
30 -0.015723 0.665008
28 -0.016613 6.357377
28 -0.016123 3.225433
24 -0.016491 5.578186
28 -0.015997 2.415198
30 -0.016237 3.953471
24 -0.016253 4.054407
26 -0.015915 1.889420
28 -0.016113 3.156959
26 -0.015942 2.064101
30 -0.015712 0.592792
24 -0.016560 6.023519
24 -0.017019 8.957188
24 -0.015869 1.599396
24 -0.015953 2.137610
28 -0.015953 2.134014
28 -0.017076 9.325881
28 -0.015752 0.848513
26 -0.015860 1.539215
26 -0.016080 2.949507
26 -0.016283 4.245515
26 -0.016031 2.635636
26 -0.016579 6.139823
28 -0.015967 2.223515
28 -0.015778 1.014136
26 -0.015707 0.562720
26 -0.016207 3.761041
30 -0.016025 2.595941
24 -0.015773 0.981601
32 -0.015986 2.348811
28 -0.016229 3.902599
26 -0.016082 2.959743
30 -0.016096 3.048140
26 -0.015836 1.385304
30 -0.015890 1.733935
26 -0.016308 4.409563
24 -0.016501 5.642293
26 -0.016966 8.623313
30 -0.016149 3.389579
30 -0.015817 1.264664
24 -0.016524 5.789048
24 -0.016560 6.023260
24 -0.015692 0.464462
24 -0.015744 0.794253
29 -0.015827 1.330976
28 -0.016042 2.702084
24 -0.016931 8.394224
32 -0.016000 2.437047
26 -0.015910 1.856843
26 -0.015677 0.365378
26 -0.015996 2.412571
20 -0.017000 8.837136
26 -0.015676 0.362915
24 -0.016107 3.120876
28 -0.016676 6.763556
28 -0.016100 3.077390
28 -0.015690 0.451506
24 -0.016257 4.080948
24 -0.016103 3.092276
24 -0.016841 7.818155
26 -0.016041 2.700909
24 -0.016548 5.943917
24 -0.015968 2.229575
28 -0.017059 9.217234
22 -0.016079 2.943458
30 -0.015940 2.052352
26 -0.015845 1.440442
28 -0.015696 0.491330
26 -0.015919 1.917522
27 -0.016540 5.892240
26 -0.015888 1.719829
26 -0.016394 4.956935
29 -0.016415 5.094326
24 -0.015636 0.105713
26 -0.015801 1.162128
26 -0.015721 0.652270
30 -0.016434 5.213285
32 -0.015998 2.422089
28 -0.016345 4.645704
28 -0.015670 0.323303
25 -0.015878 1.651773
24 -0.016389 4.928688
22 -0.016647 6.580979
28 -0.015769 0.954289
28 -0.016163 3.479153
28 -0.015959 2.175497
26 -0.015807 1.199937
22 -0.017090 9.416194
26 -0.016159 3.456759
28 -0.016314 4.443662
28 -0.016057 2.801467
26 -0.015625 0.033660
26 -0.016232 3.922262
30 -0.015745 0.802040
24 -0.016235 3.940559
26 -0.016385 4.900445
26 -0.015981 2.316025
28 -0.016751 7.245301
24 -0.017015 8.933507
26 -0.016278 4.217971
24 -0.016192 3.665793
30 -0.016491 5.580017
26 -0.016780 7.431494
26 -0.016220 3.846017
28 -0.016065 2.850443
28 -0.016154 3.422071
24 -0.016149 3.389431
26 -0.016035 2.657477
24 -0.015859 1.535488
29 -0.016296 4.332495
32 -0.016020 2.562602
28 -0.016577 6.131014
30 -0.016039 2.688745
26 -0.016215 3.812733
28 -0.015985 2.339479
28 -0.016337 4.593969
24 -0.016108 3.128234
26 -0.015858 1.524404
26 -0.015697 0.495844
26 -0.015978 2.293594
27 -0.016930 8.389139
28 -0.015886 1.709243
28 -0.015931 1.992847
30 -0.015839 1.403854
34 -0.015831 1.351637
