11 -6705.119883 6.433136
11 -6747.231684 7.101594
11 -6773.905295 7.524996
11 -6816.251965 8.197182
13 -6653.161168 5.608374
11 -6848.053818 8.701986
15 -6377.658119 1.235201
13 -6872.112391 9.083877
21 -6621.846833 5.111309
26 -6794.630643 7.853978
26 -6815.175315 8.180092
38 -6857.738658 8.855717
40 -6839.730535 8.569867
11 -6529.228181 3.641135
36 -6872.789526 9.094626
48 -6744.787861 7.062803
15 -6917.248454 9.800341
50 -6766.306139 7.404371
10 -6864.354519 8.960733
17 -6798.859674 7.921107
11 -6771.696274 7.489931
59 -6518.458141 3.470177
22 -6699.119069 6.337883
58 -6775.916656 7.556923
73 -6912.230290 9.720685
63 -6739.051763 6.971751
11 -6927.664794 9.965684
94 -6533.217200 3.704454
26 -6822.609709 8.298101
11 -6561.525947 4.153811
91 -6645.158513 5.481345
104 -6707.440975 6.469980
106 -6681.856710 6.063870
122 -6777.621355 7.583982
89 -6752.000433 7.177291
11 -6763.341832 7.357317
17 -6459.312176 2.531329
67 -6491.309133 3.039230
154 -6757.789878 7.269189
134 -6901.864108 9.556139
70 -6542.479362 3.851476
149 -6531.090939 3.670703
19 -6528.314121 3.626626
64 -6548.050790 3.939914
11 -6799.325015 7.928493
183 -6463.917997 2.604439
174 -6846.053246 8.670230
147 -6805.714901 8.029923
211 -6608.642998 4.901719
242 -6847.650100 8.695577
11 -6906.532163 9.630237
82 -6907.652999 9.648028
11 -6679.733166 6.030163
17 -6727.358925 6.786146
76 -6767.853114 7.428927
224 -6631.508302 5.264669
182 -6621.217185 5.101314
11 -6764.091430 7.369216
11 -6822.846503 8.301860
24 -6604.888850 4.842128
17 -6903.365599 9.579972
12 -6785.675930 7.711836
249 -6912.630052 9.727031
245 -6888.435098 9.342974
277 -6727.998083 6.796291
15 -6552.199577 4.005769
203 -6807.495296 8.058184
300 -6690.046946 6.193877
15 -6456.821214 2.491789
186 -6421.828913 1.936342
172 -6765.234327 7.387358
11 -6830.091778 8.416867
15 -6920.205610 9.847281
65 -6788.674071 7.759427
269 -6586.793199 4.554888
290 -6918.707961 9.823508
13 -6914.312820 9.753742
303 -6428.135988 2.036457
285 -6654.194614 5.624779
45 -6817.665240 8.219615
308 -6885.500144 9.296387
331 -6834.727307 8.490449
252 -6927.712599 9.966442
362 -6874.681803 9.124663
215 -6854.218446 8.799839
164 -6772.580840 7.503972
111 -6774.094211 7.527994
83 -6805.868693 8.032364
13 -6709.974693 6.510199
90 -6513.684475 3.394403
15 -6710.182490 6.513497
11 -6843.409977 8.628272
309 -6665.762042 5.808393
204 -6449.375948 2.373607
11 -6910.689590 9.696229
377 -6761.498235 7.328053
37 -6747.948665 7.112975
11 -6544.466360 3.883017
321 -6750.917277 7.160097
27 -6456.582751 2.488004
11 -6929.724587 9.998380
138 -6466.072915 2.638645
448 -6724.046517 6.733567
502 -6840.123741 8.576108
91 -6734.285603 6.896096
245 -6579.900771 4.445482
516 -6790.853017 7.794014
311 -6550.815903 3.983806
58 -6700.364737 6.357656
231 -6631.169413 5.259290
161 -6446.527904 2.328399
177 -6536.851573 3.762144
435 -6873.114322 9.099781
23 -6902.045396 9.559016
15 -6863.755486 8.951225
412 -6651.540465 5.582648
274 -6676.406448 5.977356
354 -6529.755777 3.649510
10 -6826.304984 8.356758
154 -6432.556365 2.106623
512 -6538.225203 3.783948
212 -6342.231665 0.672862
262 -6786.293921 7.721645
193 -6920.098100 9.845574
13 -6842.442275 8.612911
11 -6817.932792 8.223862
105 -6651.358049 5.579753
399 -6500.277476 3.181588
149 -6557.386283 4.088100
350 -6882.605099 9.250432
287 -6887.026853 9.320621
15 -6912.908151 9.731445
11 -6701.797799 6.380404
373 -6555.991439 4.065959
440 -6758.117355 7.274387
33 -6835.536187 8.503288
702 -6449.912907 2.382131
79 -6507.272627 3.292625
262 -6780.181393 7.624619
587 -6764.576240 7.376912
234 -6779.911940 7.620342
130 -6782.526685 7.661846
384 -6565.626102 4.218894
386 -6647.870318 5.524390
15 -6888.618469 9.345885
127 -6628.075139 5.210173
666 -6605.337240 4.849245
711 -6754.812298 7.221925
185 -6752.731599 7.188897
11 -6744.953590 7.065433
110 -6922.782983 9.888193
17 -6483.990144 2.923053
567 -6775.042911 7.543053
132 -6820.585865 8.265976
535 -6568.005410 4.256662
213 -6717.842520 6.635088
520 -6741.265060 7.006884
211 -6874.628843 9.123822
309 -6893.039729 9.416066
308 -6586.501618 4.550260
416 -6803.720471 7.998264
884 -6871.912622 9.080706
279 -6651.835654 5.587334
358 -6704.083515 6.416686
365 -6847.312248 8.690215
486 -6862.321473 8.928462
767 -6883.659117 9.267163
785 -6903.339852 9.579564
685 -6867.470664 9.010197
836 -6800.521807 7.947491
560 -6842.129155 8.607941
867 -6916.852481 9.794055
1047 -6694.346678 6.262129
1063 -6906.320257 9.626873
1077 -6691.987776 6.224685
900 -6645.133952 5.480955
945 -6801.367916 7.960921
1156 -6839.547389 8.566960
1251 -6894.282414 9.435791
1174 -6481.710710 2.886870
1447 -6711.758400 6.538512
1661 -6801.928068 7.969813
1770 -6726.063336 6.765580
failed to find solution in 1200 iterations and 1545 function evals
1718 -6640.292435 5.404104
1842 -6646.714268 5.506040
failed to find solution in 1200 iterations and 1828 function evals
