22 -0.017163 9.884796
22 -0.016721 7.050179
22 -0.016868 7.991261
22 -0.016774 7.394160
24 -0.015895 1.763511
24 -0.016971 8.655396
24 -0.016107 3.122998
24 -0.016697 6.899833
24 -0.016655 6.629960
23 -0.015839 1.403136
24 -0.016143 3.351145
24 -0.015661 0.263373
24 -0.016418 5.110076
24 -0.016743 7.192374
24 -0.015912 1.875162
24 -0.017054 9.185345
24 -0.015747 0.814402
24 -0.016889 8.129561
26 -0.016221 3.849587
26 -0.016353 4.694437
26 -0.016217 3.827192
26 -0.017172 9.942510
26 -0.015747 0.815463
25 -0.015773 0.980007
26 -0.015952 2.127509
20 -0.015896 1.768072
26 -0.016247 4.014197
26 -0.015988 2.358606
26 -0.016363 4.758339
26 -0.015914 1.886553
26 -0.016109 3.132225
26 -0.015924 1.948427
26 -0.015712 0.593835
26 -0.015991 2.378961
28 -0.016453 5.334816
24 -0.017162 9.874185
24 -0.016518 5.755417
28 -0.015792 1.104079
28 -0.015885 1.698356
28 -0.016970 8.647501
28 -0.016348 4.662302
24 -0.016321 4.489740
30 -0.015787 1.070124
26 -0.016013 2.521839
24 -0.015693 0.468675
30 -0.015779 1.023994
21 -0.016166 3.498954
30 -0.016179 3.579596
30 -0.015974 2.269072
24 -0.015929 1.983768
30 -0.015932 2.002758
24 -0.016120 3.203108
30 -0.015788 1.080060
30 -0.016482 5.524213
26 -0.016114 3.163972
26 -0.016190 3.655532
26 -0.016029 2.619275
25 -0.015700 0.512649
24 -0.015892 1.742570
32 -0.015794 1.116385
23 -0.016403 5.013581
26 -0.016080 2.945269
24 -0.015929 1.981070
28 -0.015853 1.495259
32 -0.015799 1.150175
24 -0.016029 2.621421
26 -0.015712 0.595089
28 -0.016162 3.474908
26 -0.015925 1.953491
28 -0.015682 0.397303
26 -0.015684 0.410148
28 -0.017143 9.752925
22 -0.016968 8.633069
26 -0.016115 3.172635
26 -0.017060 9.222907
26 -0.016200 3.714091
24 -0.015961 2.186257
26 -0.015865 1.569849
28 -0.016321 4.489383
24 -0.016204 3.739068
29 -0.015703 0.531665
28 -0.016636 6.506069
22 -0.015659 0.252713
26 -0.015988 2.357354
28 -0.016074 2.906915
24 -0.016805 7.589348
24 -0.016336 4.585488
28 -0.016933 8.409649
24 -0.016772 7.376073
26 -0.015972 2.254491
24 -0.015869 1.597987
26 -0.016017 2.547753
26 -0.016239 3.969108
26 -0.017138 9.724563
24 -0.015911 1.865566
27 -0.016194 3.675088
22 -0.016126 3.245434
26 -0.016108 3.126811
24 -0.015859 1.534911
28 -0.015684 0.410810
28 -0.016493 5.592672
24 -0.015626 0.040907
20 -0.016349 4.671499
27 -0.015632 0.081404
24 -0.015957 2.158615
28 -0.015895 1.761234
24 -0.015914 1.888271
22 -0.016731 7.115948
26 -0.015771 0.967604
32 -0.015916 1.896141
26 -0.015892 1.747284
26 -0.016031 2.635408
26 -0.015959 2.172928
28 -0.016072 2.896370
24 -0.016991 8.783338
26 -0.015642 0.142746
28 -0.015854 1.499164
28 -0.016201 3.720089
23 -0.015791 1.097738
28 -0.015759 0.895625
22 -0.016739 7.164886
28 -0.015658 0.247652
25 -0.016092 3.025918
24 -0.015634 0.093171
26 -0.015863 1.560678
28 -0.016234 3.936815
22 -0.016402 5.009596
28 -0.015969 2.239698
30 -0.015909 1.851313
28 -0.015896 1.769161
25 -0.016128 3.258299
24 -0.016030 2.628837
30 -0.016615 6.371945
22 -0.015720 0.644363
28 -0.017045 9.126080
24 -0.016724 7.074196
28 -0.015928 1.973080
28 -0.016009 2.494553
24 -0.015827 1.327769
26 -0.016008 2.485549
28 -0.016178 3.575823
26 -0.016109 3.130704
28 -0.015805 1.189904
26 -0.015878 1.652469
26 -0.016684 6.816547
24 -0.015859 1.534267
22 -0.015996 2.413150
30 -0.015732 0.720632
26 -0.016663 6.681972
24 -0.016580 6.148287
28 -0.015971 2.247819
28 -0.015963 2.197674
24 -0.016054 2.781597
26 -0.015936 2.026453
28 -0.015658 0.243566
31 -0.016032 2.640812
22 -0.017087 9.397886
26 -0.015677 0.367918
32 -0.016156 3.436462
26 -0.015926 1.961665
24 -0.016192 3.665668
30 -0.016261 4.105865
22 -0.016621 6.412224
22 -0.015845 1.443152
28 -0.015901 1.804976
27 -0.016742 7.187615
24 -0.016730 7.111292
28 -0.015787 1.071776
24 -0.016181 3.595070
30 -0.015822 1.299372
28 -0.015821 1.290411
24 -0.016087 2.990525
27 -0.015899 1.790407
28 -0.015992 2.382460
24 -0.016272 4.176935
26 -0.016079 2.944437
28 -0.015973 2.259990
26 -0.016396 4.972677
25 -0.015748 0.819483
28 -0.015893 1.752191
23 -0.015739 0.766520
26 -0.015831 1.353514
26 -0.015949 2.106876
30 -0.016010 2.502249
26 -0.015915 1.890807
26 -0.015736 0.745141
31 -0.015703 0.534393
28 -0.016216 3.820952
28 -0.016299 4.352565
26 -0.015906 1.835846
26 -0.015972 2.254228
32 -0.016278 4.213851
37 -0.015914 1.883036
29 -0.016632 6.484360
30 -0.015826 1.323180
32 -0.016986 8.749413
32 -0.015706 0.555319
45 -0.015961 2.185908
41 -0.015767 0.944930
56 -0.015709 0.574712
