16 29212.051368 4.739807
16 29198.612343 4.783631
16 30031.290439 2.068277
16 28186.028188 8.085658
16 29646.306314 3.323706
16 29640.106346 3.343924
16 29320.072004 4.387553
16 28390.902726 7.417564
16 29614.123346 3.428654
16 28401.634371 7.382568
16 29097.493966 5.113377
16 29757.894058 2.959820
16 29385.058167 4.175633
16 28317.652906 7.656431
16 29607.288202 3.450944
16 28379.466148 7.454859
16 28604.058442 6.722465
16 30077.798049 1.916616
16 27872.277311 9.108796
16 29803.032482 2.812624
16 27608.214104 9.969903
16 29502.054049 3.794111
16 28715.153865 6.360184
16 30043.751124 2.027643
16 29417.260763 4.070621
16 27808.939661 9.315339
16 28726.947197 6.321726
16 29598.412901 3.479886
16 29471.375650 3.894153
16 29493.161282 3.823110
16 29978.705554 2.239756
16 28541.473223 6.926555
16 29297.768489 4.460284
16 29223.497002 4.702483
16 29411.381278 4.089794
16 28703.511636 6.398150
16 29222.115344 4.706988
16 29436.572240 4.007647
16 29417.322202 4.070421
16 28868.521742 5.860053
16 28629.073565 6.640891
16 27690.669196 9.701018
16 29471.719215 3.893033
16 29157.895218 4.916409
16 28398.547241 7.392635
17 29654.049977 3.298454
16 28782.490184 6.140601
17 29617.986446 3.416057
16 27936.354000 8.899843
16 29813.106164 2.779773
17 29559.797283 3.605811
16 29639.905202 3.344580
16 28017.201561 8.636200
16 28428.438849 7.295159
16 28929.717080 5.660496
16 29757.534363 2.960993
16 28902.315289 5.749853
16 29168.697432 4.881184
16 29206.747011 4.757104
16 29803.001700 2.812724
16 29005.488568 5.413406
16 28578.892862 6.804530
16 29024.581650 5.351144
16 29031.163239 5.329681
16 29573.584224 3.560852
16 29490.630302 3.831364
16 29308.518524 4.425228
16 29384.605156 4.177111
16 29230.607921 4.679294
16 29323.128859 4.377584
16 29508.228248 3.773977
16 29524.732106 3.720158
16 29393.414427 4.148384
16 29354.802367 4.274297
16 29691.469146 3.176431
16 28743.958573 6.266253
16 28053.785979 8.516898
16 29648.860780 3.315376
16 28404.486490 7.373267
16 28019.384020 8.629083
16 29543.335775 3.659492
16 29713.935750 3.103167
16 27877.638582 9.091313
16 27849.601800 9.182741
16 29129.074198 5.010395
16 29316.515039 4.399152
16 27822.630277 9.270694
16 30327.367633 1.102772
16 28614.019248 6.689983
16 29724.546566 3.068565
16 29766.064358 2.933176
16 28346.898098 7.561063
16 29091.059493 5.134360
16 29051.718053 5.262652
16 29373.766617 4.212455
16 29170.090248 4.876642
16 28646.105913 6.585349
16 30032.106575 2.065615
16 29591.130308 3.503634
16 29562.800700 3.596017
16 29374.791086 4.209114
16 29365.110472 4.240683
16 27769.417220 9.444222
16 28566.743975 6.844147
16 29767.250641 2.929308
16 28752.006239 6.240009
16 28587.994989 6.774848
16 29164.474075 4.894956
16 28619.866679 6.670915
16 29503.979500 3.787832
16 29479.335800 3.868195
16 27878.790526 9.087556
16 29138.973896 4.978112
16 28542.677615 6.922628
16 27669.796881 9.769083
16 29526.949724 3.712927
16 29391.287090 4.155321
16 29707.905708 3.122831
16 28291.230740 7.742593
16 28249.370253 7.879100
16 29365.373705 4.239824
16 29815.371607 2.772386
16 29544.734115 3.654932
16 29545.093729 3.653759
16 29409.278791 4.096650
16 30060.246288 1.973852
16 28924.552559 5.677337
16 28767.073477 6.190875
16 29413.415106 4.083162
16 29465.085697 3.914665
17 28904.254806 5.743528
17 29831.324395 2.720364
16 29430.838713 4.026344
17 29705.724013 3.129946
16 30036.488387 2.051326
16 29387.267607 4.168429
16 28580.510720 6.799254
16 29429.061926 4.032138
16 29662.064685 3.272318
16 27868.249213 9.121932
16 29155.006954 4.925828
16 27881.971142 9.077185
16 30165.870991 1.629411
16 28584.431664 6.786468
16 29125.896006 5.020759
16 29486.291105 3.845514
16 29487.922928 3.840193
16 29634.495622 3.362221
16 28821.105555 6.014677
16 29294.928626 4.469545
16 29751.579091 2.980413
16 29962.896855 2.291308
16 29418.371418 4.066999
16 29633.309836 3.366087
16 29527.581542 3.710866
16 29701.595666 3.143408
16 29938.888984 2.369597
16 27928.915961 8.924098
16 28924.182159 5.678545
16 29262.937960 4.573866
16 29413.725781 4.082149
16 29954.887153 2.317427
16 28598.485545 6.740639
16 28406.566032 7.366486
16 29394.462917 4.144965
17 29943.406157 2.354867
16 29555.789237 3.618881
16 30039.771420 2.040620
16 28678.998611 6.478086
16 29856.399532 2.638594
16 29026.271131 5.345634
16 27996.271718 8.704452
17 29244.298035 4.634651
16 29310.774665 4.417871
16 28472.619078 7.151088
16 29213.291326 4.735763
16 29143.354527 4.963827
16 29055.105343 5.251606
16 28337.148642 7.592855
17 29838.500562 2.696963
16 28537.626321 6.939100
16 28246.137922 7.889640
16 28923.870636 5.679561
16 29309.457075 4.422168
16 29478.683900 3.870321
16 28047.933179 8.535984
16 29199.834924 4.779645
16 29791.600949 2.849902
16 28114.788673 8.317969
16 27827.533097 9.254706
16 28541.687527 6.925856
16 29198.003930 4.785615
16 29275.825055 4.531842
16 29596.735254 3.485357
17 29635.722980 3.358218
17 29836.677417 2.702908
17 29271.872735 4.544730
17 29874.593928 2.579263
17 29992.535505 2.194656
18 29931.669211 2.393141
