11 -41.918959 9.739143
11 -41.310463 8.146169
11 -41.159230 7.750257
11 -41.106181 7.611383
12 -41.046031 7.453915
12 -41.399153 8.378350
12 -42.004325 9.962623
12 -40.717964 6.595074
12 -40.257648 5.390017
12 -39.698237 3.925543
13 -41.637304 9.001803
13 -41.922611 9.748705
13 -40.496182 6.014473
13 -41.358314 8.271439
13 -40.382527 5.716936
15 -41.859343 9.583075
15 -40.936621 7.167494
15 -40.674476 6.481226
14 -40.632216 6.370596
15 -41.753865 9.306945
15 -39.473123 3.336220
16 -40.911203 7.100952
16 -40.987560 7.300846
12 -40.399844 5.762270
17 -40.853504 6.949902
15 -41.934184 9.779001
17 -39.811480 4.221999
17 -40.871589 6.997247
16 -40.099901 4.977053
12 -40.144547 5.093931
18 -41.225889 7.924763
19 -39.573329 3.598548
17 -41.534357 8.732300
20 -41.061436 7.494244
13 -41.302604 8.125594
20 -40.787103 6.776071
12 -40.477583 5.965783
18 -41.573218 8.834033
21 -41.065806 7.505685
17 -41.704939 9.178863
17 -40.662210 6.449115
19 -40.326910 5.571336
15 -40.967456 7.248215
18 -40.043428 4.829213
15 -41.194895 7.843625
11 -41.536491 8.737885
13 -41.640456 9.010054
15 -40.713592 6.583627
16 -40.280879 5.450834
13 -40.819746 6.861527
19 -40.751912 6.683945
23 -39.284024 2.841178
15 -41.415899 8.422189
18 -40.936328 7.166725
18 -39.907066 4.472232
20 -40.884707 7.031587
13 -39.573064 3.597854
17 -40.418229 5.810401
20 -40.227657 5.311505
16 -41.414563 8.418692
16 -40.205834 5.254373
15 -41.268086 8.035230
13 -40.437575 5.861047
11 -40.727174 6.619183
11 -40.102718 4.984427
20 -40.718300 6.595953
20 -40.033326 4.802766
20 -40.726604 6.617692
16 -41.231310 7.938955
19 -42.000841 9.953501
21 -39.645500 3.787483
12 -41.465671 8.552486
12 -41.500988 8.644942
12 -41.097842 7.589552
19 -41.986678 9.916424
11 -41.039495 7.436805
15 -41.613286 8.938927
18 -40.790822 6.785806
12 -40.486066 5.987991
19 -41.664980 9.074256
11 -40.724960 6.613387
11 -41.596011 8.893702
17 -41.903820 9.699511
11 -41.616830 8.948204
16 -41.868078 9.605942
11 -41.296551 8.109749
18 -40.604260 6.297408
16 -41.912405 9.721987
15 -40.333622 5.588910
16 -39.432821 3.230713
12 -41.345092 8.236824
18 -40.511760 6.055254
15 -41.145110 7.713294
15 -40.455116 5.906965
16 -39.871486 4.379087
19 -41.001240 7.336659
11 -41.518256 8.690148
12 -41.411554 8.410815
16 -40.707068 6.566550
17 -41.623037 8.964452
12 -41.498051 8.637252
17 -41.867262 9.603808
13 -40.666931 6.461475
11 -40.467047 5.938200
12 -40.312292 5.533068
12 -40.060800 4.874691
13 -41.547851 8.767624
19 -40.684583 6.507686
16 -40.445227 5.881079
17 -41.319297 8.169297
15 -41.496252 8.632543
16 -41.073844 7.526726
11 -40.446693 5.884916
12 -40.901732 7.076158
11 -40.882858 7.026746
19 -41.972926 9.880423
15 -40.940062 7.176500
20 -40.796470 6.800594
11 -41.653908 9.045270
21 -40.676072 6.485404
13 -41.376741 8.319678
15 -39.511617 3.436991
19 -40.647146 6.409680
16 -40.825050 6.875411
12 -41.932249 9.773934
13 -41.132439 7.680121
16 -41.543786 8.756984
16 -40.688299 6.517414
12 -39.561092 3.566513
16 -41.352665 8.256650
16 -40.998995 7.330780
15 -39.414406 3.182504
15 -40.626343 6.355220
13 -39.652156 3.804907
19 -41.196178 7.846984
13 -41.737226 9.263386
18 -41.191624 7.835061
13 -40.997151 7.325953
13 -41.838888 9.529526
13 -41.248083 7.982867
13 -42.005052 9.964526
13 -40.787021 6.775856
16 -40.282247 5.454415
18 -41.125347 7.661556
13 -40.483527 5.981344
27 -39.743770 4.044742
21 -41.893675 9.672953
17 -39.659261 3.823507
12 -39.488660 3.376892
16 -42.012858 9.984961
17 -41.339133 8.221225
16 -41.320659 8.172861
18 -41.201830 7.861780
12 -39.718904 3.979646
15 -39.775957 4.129004
13 -41.866771 9.602522
15 -41.815406 9.468054
12 -39.711040 3.959058
18 -40.848114 6.935790
12 -41.735541 9.258976
16 -41.077916 7.537386
22 -41.277353 8.059491
12 -41.512755 8.675748
15 -41.510119 8.668846
18 -41.008392 7.355382
12 -40.468645 5.942385
17 -40.430603 5.842794
15 -40.929938 7.149998
19 -39.516607 3.450056
16 -40.738096 6.647776
21 -40.834860 6.901095
13 -41.418155 8.428096
18 -40.072990 4.906604
22 -41.838163 9.527630
24 -40.532230 6.108843
12 -40.917621 7.117754
16 -40.657079 6.435683
21 -41.181839 7.809445
16 -40.972573 7.261612
19 -40.640230 6.391575
17 -40.699148 6.545814
16 -39.470582 3.329568
15 -41.696655 9.157176
22 -40.673173 6.477816
18 -40.222972 5.299238
17 -39.600709 3.670224
16 -41.593134 8.886171
21 -40.666095 6.459285
18 -40.077109 4.917387
18 -41.104250 7.606326
18 -40.031254 4.797342
21 -40.524772 6.089318
23 -40.835236 6.902078
17 -40.811865 6.840895
20 -41.821118 9.483008
22 -41.275731 8.055246
21 -40.018608 4.764239
23 -41.324792 8.183680
18 -41.068014 7.511464
19 -40.624441 6.350241
