20 -6.323628 5.393792
31 -6.456997 7.616623
32 -6.559415 9.323588
32 -6.292971 4.882854
36 -6.579500 9.658339
36 -6.589250 9.820835
17 -6.561352 9.355859
42 -6.593583 9.893044
42 -6.566095 9.434915
46 -6.584643 9.744049
46 -6.596054 9.934229
47 -6.557317 9.288624
47 -6.567759 9.462646
48 -6.580046 9.667426
34 -6.597606 9.960098
50 -6.562298 9.371638
24 -6.514758 8.579308
53 -6.581492 9.691527
54 -6.590718 9.845307
23 -6.275868 4.597797
60 -6.344881 5.748010
60 -6.552941 9.215676
49 -6.435095 7.251580
34 -6.563954 9.399234
62 -6.569163 9.486056
64 -6.530152 8.835858
64 -6.588357 9.805947
37 -6.552578 9.209634
66 -6.582862 9.714360
67 -6.554000 9.233339
70 -6.585477 9.757955
24 -6.568215 9.470256
70 -6.580726 9.678768
70 -6.530791 8.846522
70 -6.596127 9.935447
31 -6.499901 8.331678
34 -6.563012 9.383535
25 -6.538000 8.966666
77 -6.572675 9.544583
77 -6.546189 9.103156
77 -6.543565 9.059409
41 -6.319124 5.318737
82 -6.548387 9.139777
81 -6.575522 9.592032
83 -6.563611 9.393521
52 -6.496663 8.277713
84 -6.589164 9.819405
38 -6.598061 9.967682
24 -6.564339 9.405654
37 -6.555865 9.264413
50 -6.580348 9.672471
89 -6.585237 9.753948
89 -6.585301 9.755008
89 -6.599224 9.987074
18 -6.595880 9.931335
37 -6.396445 6.607420
30 -6.587240 9.787338
28 -6.535005 8.916746
95 -6.576605 9.610089
40 -6.551962 9.199364
34 -6.406169 6.769490
73 -6.578107 9.635114
36 -6.477149 7.952490
42 -6.596156 9.935940
18 -6.415871 6.931188
97 -6.585841 9.764011
97 -6.588482 9.808031
102 -6.573397 9.556611
43 -6.541723 9.028718
103 -6.599398 9.989959
50 -6.393358 6.555970
66 -6.584836 9.747270
37 -6.575322 9.588701
26 -6.559021 9.317013
77 -6.577337 9.622282
72 -6.555274 9.254565
113 -6.578412 9.640196
30 -6.545177 9.086290
45 -6.599419 9.990319
29 -6.544364 9.072735
119 -6.590918 9.848632
82 -6.580305 9.671743
89 -6.587658 9.794295
28 -6.572576 9.542931
64 -6.589090 9.818158
98 -6.591328 9.855458
56 -6.558169 9.302821
122 -6.587242 9.787367
38 -6.598373 9.972892
43 -6.551567 9.192780
41 -6.598460 9.974326
41 -6.535183 8.919725
41 -6.558455 9.307580
67 -6.583012 9.716861
61 -6.360564 6.009393
37 -6.552694 9.211561
51 -6.589280 9.821332
106 -6.517718 8.628637
54 -6.598838 9.980640
58 -6.532304 8.871735
65 -6.584334 9.738904
18 -6.369568 6.159469
55 -6.581563 9.692716
62 -6.510487 8.508123
24 -6.473642 7.894027
22 -6.416139 6.935642
50 -6.575679 9.594647
34 -6.569373 9.489545
38 -6.576720 9.612007
53 -6.568877 9.481287
41 -6.591003 9.850057
50 -6.509029 8.483810
98 -6.594327 9.905449
46 -6.594198 9.903294
29 -6.573480 9.558008
36 -6.591516 9.858608
80 -6.566751 9.445853
36 -6.543206 9.053425
25 -6.587040 9.783995
29 -6.485616 8.093597
22 -6.536968 8.949462
79 -6.556586 9.276431
97 -6.585006 9.750102
80 -6.577320 9.621999
103 -6.565734 9.428900
46 -6.572634 9.543896
50 -6.521463 8.691046
67 -6.519317 8.655277
54 -6.573380 9.556331
29 -6.580287 9.671457
102 -6.593189 9.886476
64 -6.471847 7.864118
92 -6.597700 9.961672
19 -6.519194 8.653236
46 -6.587375 9.789578
95 -6.555176 9.252940
19 -6.578232 9.637205
42 -6.547654 9.127566
106 -6.572336 9.538939
41 -6.552517 9.208617
50 -6.517445 8.624088
20 -6.541296 9.021601
78 -6.561584 9.359733
43 -6.559367 9.322789
60 -6.596204 9.936729
60 -6.501585 8.359753
72 -6.570758 9.512625
35 -6.571319 9.521979
108 -6.576617 9.610287
25 -6.534460 8.907659
50 -6.504916 8.415265
19 -6.218269 3.637809
48 -6.439561 7.326021
77 -6.575464 9.591063
88 -6.584921 9.748688
22 -6.366535 6.108922
83 -6.596443 9.940713
42 -6.560015 9.333583
67 -6.580352 9.672539
51 -6.582968 9.716129
78 -6.550633 9.177220
85 -6.563349 9.389154
28 -6.462353 7.705884
95 -6.595832 9.930533
60 -6.588889 9.814815
120 -6.585166 9.752763
38 -6.561989 9.366478
39 -6.592461 9.874354
95 -6.576011 9.600189
60 -6.591986 9.866431
106 -6.574882 9.581367
89 -6.573784 9.563073
47 -6.575983 9.599709
98 -6.491771 8.196183
78 -6.575823 9.597051
106 -6.581963 9.699384
77 -6.523432 8.723873
94 -6.583223 9.720377
53 -6.549727 9.162109
44 -6.429664 7.161070
55 -6.552315 9.205247
36 -6.597649 9.960816
98 -6.556736 9.278939
46 -6.593474 9.891237
66 -6.588169 9.802825
85 -6.561128 9.352130
61 -6.567353 9.455880
89 -6.574465 9.574411
79 -6.579136 9.652274
130 -6.586157 9.769276
90 -6.561559 9.359308
92 -6.564060 9.401003
66 -6.593401 9.890019
83 -6.597260 9.954340
84 -6.599878 9.997964
77 -6.583913 9.731890
72 -6.574548 9.575792
93 -6.589456 9.824266
94 -6.548704 9.145060
110 -6.588117 9.801952
