15 0.941064 5.893647
14 0.988978 1.102200
17 0.958084 4.191642
19 0.966712 3.328782
17 0.902380 9.761961
19 0.934495 6.550498
18 0.942048 5.795174
16 0.939183 6.081726
24 0.938063 6.193735
18 0.994391 0.560867
12 0.917286 8.271386
20 0.954834 4.516627
21 0.975421 2.457869
24 0.975743 2.425708
21 0.934963 6.503697
24 0.972126 2.787365
17 0.956621 4.337943
26 0.910455 8.954498
22 0.954186 4.581439
20 0.946721 5.327945
20 0.967780 3.221956
20 0.958663 4.133729
23 0.920800 7.920015
23 0.994511 0.548930
22 0.923897 7.610337
22 0.975739 2.426123
31 0.910350 8.964974
30 0.949527 5.047329
24 0.931018 6.898214
18 0.957853 4.214676
19 0.996575 0.342453
25 0.900436 9.956395
30 0.956564 4.343618
14 0.919928 8.007172
35 0.992894 0.710649
22 0.918561 8.143887
27 0.955726 4.427440
20 0.952506 4.749365
28 0.994359 0.564113
25 0.952008 4.799236
28 0.998267 0.173292
29 0.999766 0.023398
44 0.996817 0.318303
11 0.936664 6.333619
23 0.901443 9.855739
30 0.913636 8.636431
29 0.944441 5.555897
18 0.958416 4.158361
37 0.980784 1.921604
10 0.903889 9.611085
29 0.962510 3.749028
26 0.908516 9.148379
20 0.907275 9.272524
27 0.945291 5.470859
36 0.965656 3.434388
24 0.947918 5.208158
18 0.924842 7.515796
23 0.961277 3.872284
15 0.933141 6.685896
20 0.970511 2.948876
24 0.903344 9.665603
25 0.902672 9.732838
12 0.933938 6.606155
34 0.984585 1.541507
25 0.941120 5.888000
18 0.984613 1.538727
22 0.916116 8.388395
19 0.997422 0.257753
30 0.998569 0.143124
36 0.925579 7.442119
31 0.975417 2.458346
19 0.961685 3.831457
18 0.948593 5.140669
27 0.992741 0.725911
36 0.936796 6.320420
25 0.902309 9.769112
28 0.973054 2.694607
15 0.973954 2.604635
14 0.966809 3.319123
38 0.983459 1.654060
18 0.935964 6.403648
28 0.936539 6.346050
32 0.995880 0.412046
17 0.941779 5.822080
27 0.955419 4.458112
35 0.938072 6.192756
30 0.987741 1.225852
22 0.942657 5.734319
12 0.924884 7.511605
26 0.962682 3.731796
28 0.919856 8.014405
35 0.942242 5.775798
40 0.919396 8.060373
42 0.970887 2.911263
15 0.966940 3.305963
25 0.912430 8.757031
23 0.923427 7.657311
20 0.928342 7.165828
18 0.917414 8.258645
26 0.996496 0.350438
43 0.929173 7.082703
23 0.986975 1.302522
32 0.980743 1.925750
17 0.932653 6.734714
21 0.919184 8.081591
24 0.981766 1.823394
37 0.966545 3.345537
38 0.923938 7.606166
18 0.983181 1.681862
25 0.942445 5.755469
23 0.915145 8.485487
21 0.933896 6.610410
39 0.900511 9.948854
19 0.952417 4.758328
17 0.920795 7.920534
11 0.933735 6.626493
9 0.962215 3.778543
33 0.983900 1.610043
11 0.997201 0.279898
38 0.972659 2.734123
32 0.995870 0.413018
37 0.901941 9.805879
39 0.997802 0.219809
23 0.931034 6.896643
44 0.961499 3.850052
32 0.928337 7.166349
13 0.938797 6.120296
43 0.990354 0.964617
42 0.996127 0.387349
10 0.910569 8.943057
30 0.998540 0.145977
24 0.964944 3.505592
47 0.999767 0.023294
17 0.930314 6.968633
26 0.924636 7.536403
24 0.982757 1.724292
27 0.907337 9.266262
24 0.973396 2.660361
31 0.944174 5.582626
30 0.994464 0.553578
35 0.924009 7.599121
16 0.907605 9.239503
39 0.920978 7.902200
32 0.967852 3.214804
27 0.903721 9.627929
24 0.987966 1.203394
31 0.990470 0.952962
32 0.948505 5.149502
31 0.970854 2.914610
32 0.948561 5.143934
37 0.970089 2.991107
21 0.989604 1.039589
25 0.993408 0.659175
39 0.938760 6.123955
31 0.990086 0.991352
27 0.927477 7.252325
22 0.976504 2.349564
19 0.964679 3.532128
18 0.948432 5.156796
23 0.975543 2.445658
26 0.938875 6.112530
39 0.946543 5.345721
16 0.975592 2.440805
35 0.907390 9.261045
15 0.970333 2.966690
29 0.914117 8.588344
29 0.937949 6.205147
31 0.995945 0.405454
31 0.972978 2.702205
18 0.967679 3.232070
39 0.952102 4.789822
25 0.975712 2.428796
31 0.993897 0.610277
42 0.969964 3.003617
53 0.935838 6.416205
62 0.972804 2.719599
35 0.987094 1.290570
32 0.924736 7.526397
37 0.995567 0.443250
38 0.981935 1.806479
38 0.909679 9.032088
29 0.921434 7.856646
64 0.950833 4.916662
41 0.936988 6.301158
60 0.972036 2.796432
69 0.979337 2.066293
38 0.968429 3.157082
73 0.900959 9.904100
51 0.924408 7.559242
43 0.956888 4.311152
54 0.967083 3.291663
47 0.904633 9.536719
65 0.962589 3.741051
90 0.914511 8.548906
57 0.930498 6.950171
61 0.984344 1.565552
76 0.966725 3.327469
79 0.997510 0.249003
75 0.933732 6.626846
82 0.960349 3.965087
