17 20.999880 7.192765
18 20.973728 7.308340
22 21.728762 3.971530
22 20.803542 8.060467
26 21.234251 6.156983
21 20.809930 8.032235
25 20.478735 9.495925
112 21.609353 4.499249
31 21.593475 4.569420
118 21.844379 3.460572
124 21.740680 3.918860
118 21.812105 3.603205
124 21.787096 3.713731
124 21.872699 3.335415
28 21.334285 5.714890
131 22.032527 2.629067
131 22.319827 1.359367
140 21.788676 3.706748
142 21.839062 3.484069
135 22.407711 0.970974
134 21.947020 3.006958
19 21.129548 6.619710
143 21.687558 4.153629
148 22.159622 2.067379
141 21.964129 2.931347
20 22.123151 2.228560
160 21.877303 3.315068
151 21.539694 4.807103
152 21.689901 4.143276
159 22.036840 2.610006
153 21.570368 4.671541
169 22.370823 1.133995
170 22.167753 2.031447
176 21.839468 3.482277
98 21.070442 6.880923
185 22.144371 2.134781
179 22.259044 1.627995
193 21.809377 3.615259
191 21.915286 3.147206
191 22.283283 1.520871
158 21.781783 3.737209
186 22.095381 2.351288
206 22.080522 2.416956
27 21.215062 6.241786
167 21.563644 4.701258
23 22.263039 1.610340
99 21.928766 3.087630
220 22.362106 1.172518
20 21.089368 6.797282
106 21.501483 4.975971
24 22.266631 1.594464
137 21.505384 4.958730
252 22.134300 2.179292
124 21.967586 2.916070
148 21.797059 3.669698
260 22.334252 1.295620
162 22.320504 1.356377
23 21.982439 2.850428
16 20.477543 9.501192
180 22.146475 2.125484
150 21.867649 3.357733
27 21.346292 5.661825
170 21.651298 4.313877
126 22.014419 2.709095
155 21.746965 3.891084
124 22.003360 2.757968
290 22.163532 2.050101
167 21.502190 4.972849
106 21.716871 4.024083
228 22.420017 0.916585
154 21.763068 3.819918
127 21.349926 5.645765
276 22.100819 2.327257
171 22.212302 1.834565
110 21.793365 3.686023
181 22.138212 2.161999
188 21.878689 3.308941
169 22.415324 0.937327
120 21.758716 3.839153
24 22.416647 0.931483
25 20.977118 7.293360
168 22.227464 1.767558
27 20.681506 8.599792
117 22.027770 2.650089
232 22.401004 1.000614
25 21.474396 5.095681
27 22.277203 1.547740
344 22.439636 0.829884
134 22.376665 1.108176
254 22.400873 1.001194
130 21.848561 3.442089
207 22.536150 0.403348
164 22.092320 2.364816
178 22.042358 2.585618
225 21.856267 3.408034
372 22.295097 1.468659
136 22.091842 2.366931
200 21.355676 5.620356
222 22.135963 2.171941
296 22.314908 1.381106
15 22.232563 1.745024
22 21.499256 4.985813
317 22.334672 1.293762
108 21.763827 3.816567
163 22.003196 2.758692
161 22.153828 2.092989
182 22.022618 2.672857
123 21.883594 3.287266
130 21.688656 4.148779
401 22.514654 0.498346
175 21.452769 5.191259
272 22.335738 1.289053
331 22.411525 0.954117
179 22.039758 2.597111
21 21.463237 5.144995
16 21.203927 6.290997
184 22.148263 2.117582
22 21.882074 3.293980
17 20.599492 8.962246
174 21.791463 3.694430
275 22.175573 1.996888
417 22.443719 0.811839
156 22.184046 1.959444
151 22.170294 2.020218
346 22.329827 1.315173
422 22.508936 0.523615
26 22.329857 1.315040
147 21.699863 4.099250
133 21.538011 4.814542
155 21.801301 3.650953
144 22.263044 1.610316
25 20.572895 9.079792
188 21.852413 3.425067
158 22.406408 0.976732
364 22.280450 1.533392
299 22.402830 0.992542
121 21.620843 4.448472
137 22.052594 2.540384
147 21.739453 3.924283
368 22.477179 0.663964
265 22.346150 1.243035
189 22.128565 2.204634
144 21.612404 4.485767
369 22.422197 0.906953
202 22.305011 1.424848
150 22.087196 2.387464
176 22.289826 1.491954
253 22.496637 0.577971
124 21.975015 2.883238
52 20.730267 8.384297
156 21.760057 3.833224
198 21.944100 3.019863
171 21.913797 3.153785
18 20.395815 9.862380
333 22.121376 2.236406
168 21.423188 5.321991
177 22.066234 2.480100
175 21.570934 4.669038
203 22.444624 0.807838
147 22.014534 2.708584
309 22.491708 0.599755
237 22.435244 0.849293
137 21.640869 4.359967
128 21.710145 4.053808
222 20.428934 9.716013
116 21.262088 6.033960
217 22.064795 2.486463
219 22.307805 1.412498
114 21.354983 5.623419
302 22.260859 1.619972
377 22.465115 0.717282
109 21.830554 3.521669
166 21.695401 4.118969
35 22.281921 1.526892
244 22.164429 2.046136
268 22.344328 1.251088
243 22.054847 2.530425
224 22.195690 1.907980
536 22.507033 0.532026
157 22.109545 2.288693
173 21.998741 2.778383
259 22.481386 0.645374
167 21.789840 3.701602
183 21.788591 3.707123
298 22.108244 2.294442
416 22.275543 1.555080
352 22.506211 0.535659
232 20.681964 8.597769
202 22.096227 2.347552
370 22.437548 0.839109
348 22.396566 1.020229
438 22.448667 0.789970
338 22.180131 1.976743
266 22.074521 2.443477
251 22.083133 2.405418
273 22.515746 0.493519
314 22.401307 0.999275
333 22.371008 1.133178
297 22.401510 0.998379
336 22.474767 0.674624
