16 13.792688 8.048747
16 14.739898 1.734016
16 13.685720 8.761869
17 13.516784 9.888104
17 13.983503 6.776649
17 14.457433 3.617114
17 14.576328 2.824479
17 14.376970 4.153532
18 14.316618 4.555882
18 14.436584 3.756104
18 14.171232 5.525120
18 13.952877 6.980823
19 14.427857 3.814287
19 14.780098 1.466011
19 14.765576 1.562826
19 13.692876 8.714160
19 13.500023 9.999844
19 14.422058 3.852948
20 13.846267 7.691551
20 14.403539 3.976408
16 14.316986 4.553427
20 13.569264 9.538239
17 13.864860 7.567600
22 14.064840 6.234397
22 13.850015 7.666569
22 14.404732 3.968451
22 14.186810 5.421264
16 14.136012 5.759922
18 13.842475 7.716836
18 14.412933 3.913778
24 14.048140 6.345733
24 13.855867 7.627555
20 14.264220 4.905202
18 14.507363 3.284244
18 14.170271 5.531527
19 14.849134 1.005773
27 13.750474 8.330176
26 14.417647 3.882354
18 14.078648 6.142346
22 13.990994 6.726706
17 13.825786 7.828092
18 13.978922 6.807184
26 14.662633 2.249115
17 13.596841 9.354394
21 13.975920 6.827201
25 14.510477 3.263486
24 14.467147 3.552350
20 14.070666 6.195561
27 14.543558 3.042947
25 14.306807 4.621288
29 14.512960 3.246931
17 14.497620 3.349202
18 14.463784 3.574771
24 14.076827 6.154484
24 13.816345 7.891034
24 14.317679 4.548804
25 14.308716 4.608560
30 14.209938 5.267079
23 14.139681 5.735460
15 13.613827 9.241156
26 13.753190 8.312070
29 14.300723 4.661845
28 14.207992 5.280050
30 14.455882 3.627456
18 14.223521 5.176529
25 14.337001 4.419991
18 14.203170 5.312199
27 14.758124 1.612505
26 14.565258 2.898279
26 14.206794 5.288037
29 14.472807 3.514621
19 13.827991 7.813395
16 14.306826 4.621161
19 14.090639 6.062408
19 14.431933 3.787111
19 14.424858 3.834278
23 13.734593 8.436047
16 13.528686 9.808760
17 13.618424 9.210504
24 14.541289 3.058074
19 14.349388 4.337411
25 14.448089 3.679409
16 13.967386 6.884094
17 14.353334 4.311106
18 14.218519 5.209874
27 14.715299 1.898005
19 14.480328 3.464483
25 14.401688 3.988747
22 14.527195 3.152033
17 13.557135 9.619103
25 13.953522 6.976517
33 14.051505 6.323303
31 14.036646 6.422363
26 14.602188 2.652079
28 14.468589 3.542740
19 13.917755 7.214966
18 13.955384 6.964108
24 13.596227 9.358485
18 14.544542 3.036383
18 14.468162 3.545584
18 14.455386 3.630762
18 13.600150 9.332331
17 14.519883 3.200780
22 14.040872 6.394190
22 13.877326 7.484493
28 14.638948 2.407014
31 14.552989 2.980077
18 13.971831 6.854463
33 14.229650 5.135668
22 13.909200 7.272000
31 14.395303 4.031315
24 14.669140 2.205733
18 14.683281 2.111463
24 14.088079 6.079473
25 14.225264 5.164908
19 14.366826 4.221157
21 14.314310 4.571270
19 14.370602 4.195988
17 14.381478 4.123482
18 14.451861 3.654260
17 14.195022 5.366522
19 14.178315 5.477899
28 14.341565 4.389564
26 14.709289 1.938075
27 14.501514 3.323239
37 14.220960 5.193598
17 13.792703 8.048645
24 14.419174 3.872174
23 13.911287 7.258086
16 14.360842 4.261050
23 14.402157 3.985619
15 13.512314 9.917906
19 14.370637 4.195752
16 13.927698 7.148682
22 14.529287 3.138086
21 13.963755 6.908297
27 14.498793 3.341380
17 14.124063 5.839582
16 13.790686 8.062090
27 14.641515 2.389898
25 14.446522 3.689852
25 14.354958 4.300281
26 14.518631 3.209129
18 14.207400 5.283998
23 13.665141 8.899058
33 14.420357 3.864284
25 14.509087 3.272751
16 13.590429 9.397139
17 14.029500 6.470002
18 14.193109 5.379273
26 14.350876 4.327494
22 14.019267 6.538222
19 14.189635 5.402433
29 14.231709 5.121941
20 14.375173 4.165513
24 14.520468 3.196879
23 13.632383 9.117448
18 14.048159 6.345604
18 14.508937 3.273753
31 14.593532 2.709785
19 14.684645 2.102365
16 14.324190 4.505399
22 13.877737 7.481757
17 13.828034 7.813109
26 14.534292 3.104719
28 13.979851 6.800996
24 13.824441 7.837059
23 14.600072 2.666188
26 14.597427 2.683820
25 14.183983 5.440111
22 13.979585 6.802769
23 13.941513 7.056578
25 13.949129 7.005809
20 14.606570 2.622868
21 13.795415 8.030569
23 14.000260 6.664933
27 13.854216 7.638559
25 13.544242 9.705053
24 13.620753 9.194979
25 13.557972 9.613523
28 14.569557 2.869623
26 14.337491 4.416723
30 14.258769 4.941537
29 13.660143 8.932377
27 14.255034 4.966438
29 13.724437 8.503753
29 14.456625 3.622499
28 14.148516 5.676563
34 14.504393 3.304049
27 14.657327 2.284484
27 13.521133 9.859115
27 14.134340 5.771067
29 14.722878 1.847478
25 13.571652 9.522323
26 14.113569 5.909538
32 14.296401 4.690661
28 14.492910 3.380601
31 14.533732 3.108452
27 14.024300 6.504665
31 14.112705 5.915302
