8 -333.456012 8.794784
8 -319.147115 4.126302
14 -335.144241 9.345593
15 -329.888695 7.630896
16 -330.343109 7.779155
13 -316.540490 3.275853
13 -332.396437 8.449082
18 -334.388182 9.098918
14 -333.457930 8.795409
14 -317.545318 3.603693
14 -334.578558 9.161030
14 -335.478174 9.454543
15 -322.380727 5.181314
16 -330.480229 7.823892
16 -331.641281 8.202702
16 -336.533571 9.798881
17 -320.478540 4.560698
17 -317.499733 3.588820
18 -333.017268 8.651637
14 -323.320847 5.488041
14 -318.186542 3.812901
14 -329.262341 7.426539
14 -319.765343 4.328007
14 -334.193191 9.035299
15 -326.372317 6.483627
15 -325.349346 6.149868
15 -336.556911 9.806496
15 -332.848264 8.596497
15 -325.404362 6.167818
17 -316.421138 3.236913
18 -316.335571 3.208996
18 -330.950566 7.977346
19 -328.039001 7.027407
17 -317.477167 3.581457
19 -322.906274 5.352781
15 -322.756239 5.303830
15 -325.592483 6.229195
18 -325.139217 6.081311
19 -317.386924 3.552014
20 -318.261668 3.837412
20 -318.708249 3.983116
16 -322.779917 5.311555
15 -315.668042 2.991205
17 -316.445711 3.244930
21 -315.122980 2.813370
22 -317.856529 3.705230
19 -320.145015 4.451881
20 -321.282272 4.822927
18 -325.192141 6.098578
22 -316.874135 3.384710
10 -322.481427 5.214169
10 -333.225606 8.719610
14 -327.286410 6.781863
14 -325.585521 6.226924
15 -331.595016 8.187607
15 -331.154891 8.044010
18 -318.774198 4.004632
13 -322.778056 5.310948
16 -336.176783 9.682474
13 -333.838821 8.919680
15 -325.493475 6.196892
14 -334.311618 9.073937
18 -328.164488 7.068348
14 -317.673636 3.645558
16 -323.560084 5.566096
17 -318.675612 3.972467
18 -317.388405 3.552497
16 -317.053235 3.443144
13 -336.261644 9.710161
18 -318.140812 3.797981
14 -324.379619 5.833481
16 -319.060612 4.098079
16 -325.525322 6.207283
20 -326.278911 6.453152
15 -328.007293 7.017061
17 -315.344881 2.885769
15 -335.395444 9.427551
18 -335.226491 9.372428
17 -318.598156 3.947196
16 -321.750480 4.975687
18 -314.993055 2.770981
20 -315.744462 3.016138
17 -315.789632 3.030875
17 -314.728059 2.684522
21 -318.715928 3.985621
16 -329.896002 7.633280
19 -317.907369 3.721817
19 -323.015938 5.388561
16 -329.190584 7.403127
12 -321.276188 4.820942
16 -331.490566 8.153529
14 -324.880713 5.996970
17 -325.817871 6.302731
17 -319.171938 4.134401
17 -315.872198 3.057813
17 -331.441831 8.137628
11 -331.991339 8.316913
16 -324.547359 5.888209
18 -318.452615 3.899711
17 -319.000299 4.078401
10 -332.471950 8.473720
13 -323.666993 5.600977
11 -308.550099 0.668874
19 -321.476579 4.886323
16 -334.492088 9.132818
17 -328.223109 7.087474
16 -336.904211 9.919808
16 -318.611640 3.951595
20 -317.500093 3.588937
15 -331.617014 8.194784
14 -332.856893 8.599313
17 -318.796036 4.011757
15 -326.694965 6.588896
13 -315.324162 2.879009
16 -323.019731 5.389798
12 -334.500994 9.135724
18 -318.003570 3.753204
17 -316.616000 3.300489
19 -317.188063 3.487133
16 -317.000309 3.425876
14 -317.491307 3.586071
16 -331.466981 8.145834
15 -320.535189 4.579181
19 -323.278011 5.474066
16 -324.274216 5.799092
16 -320.050643 4.421091
19 -324.093795 5.740227
17 -328.832801 7.286395
16 -321.861109 5.011781
13 -329.896505 7.633444
18 -323.527049 5.555318
19 -317.559966 3.608472
19 -321.894742 5.022754
18 -323.941812 5.690640
14 -327.278979 6.779439
16 -320.113528 4.441608
16 -317.706189 3.656179
15 -335.502027 9.462325
14 -320.276931 4.494920
17 -329.525153 7.512285
21 -315.334969 2.882535
17 -324.458635 5.859261
19 -310.342253 1.253590
15 -326.405582 6.494480
14 -330.081939 7.693944
18 -319.735538 4.318283
9 -319.303265 4.177248
21 -315.673011 2.992826
15 -322.624291 5.260780
16 -330.122607 7.707213
17 -326.240971 6.440774
16 -317.924073 3.727267
15 -321.710920 4.962780
17 -316.277923 3.190187
12 -331.111601 8.029886
16 -335.252093 9.380781
17 -332.577333 8.508102
15 -320.979515 4.724148
19 -315.157446 2.824615
15 -329.551755 7.520964
15 -329.937099 7.646688
22 -315.252440 2.855609
16 -329.836390 7.613830
22 -315.074724 2.797626
14 -326.886044 6.651238
17 -319.665247 4.295350
16 -327.253674 6.771182
22 -316.734080 3.339015
18 -330.828111 7.937393
15 -333.439655 8.789447
14 -335.154052 9.348794
13 -328.476898 7.170277
16 -318.595433 3.946308
15 -336.197089 9.689099
15 -320.411869 4.538946
16 -321.428420 4.870610
16 -327.676351 6.909087
18 -325.560280 6.218688
14 -318.970181 4.068574
16 -332.871075 8.603940
21 -313.952918 2.431621
19 -321.827082 5.000679
17 -325.103042 6.069508
16 -321.098547 4.762984
18 -325.330185 6.143617
18 -320.997365 4.729972
18 -320.810305 4.668941
14 -324.445793 5.855071
17 -314.565422 2.631459
17 -319.977279 4.397155
17 -329.016178 7.346224
14 -332.073659 8.343771
17 -315.668677 2.991412
15 -317.604331 3.622946
16 -320.524086 4.575558
20 -317.766107 3.675728
16 -318.817714 4.018830
19 -313.588579 2.312750
22 -321.049367 4.746939
19 -314.759132 2.694660
