8 28.582530 4.724900
8 28.020137 6.599545
8 28.800811 3.997297
8 28.255870 5.813766
7 27.232150 9.226167
8 27.725188 7.582707
8 29.300996 2.330013
8 27.820083 7.266391
7 28.510776 4.964081
9 29.357250 2.142501
9 28.232282 5.892392
9 28.336624 5.544587
8 29.918399 0.272005
9 27.764874 7.450419
10 28.061132 6.462893
10 27.443733 8.520889
10 28.802807 3.990643
9 28.797361 4.008796
10 29.962027 0.126575
10 29.751632 0.827894
10 27.267048 9.109838
10 28.700581 4.331395
10 29.330429 2.231902
10 28.705028 4.316574
10 28.298211 5.672630
10 28.987034 3.376553
11 29.864009 0.453304
11 29.694566 1.018114
11 29.737869 0.873770
11 29.654843 1.150523
11 28.353320 5.488933
10 29.777910 0.740300
11 28.286522 5.711593
10 29.959175 0.136083
8 28.751016 4.163281
11 29.195186 2.682714
11 28.482342 5.058859
9 29.957259 0.142471
11 29.171022 2.763259
11 29.470612 1.764628
11 29.845808 0.513972
9 28.845745 3.847516
12 28.150102 6.166325
11 29.332612 2.224628
11 28.640782 4.530726
12 27.847609 7.174638
12 27.786922 7.376927
12 29.878306 0.405647
8 27.890697 7.031009
12 28.972487 3.425043
10 28.058207 6.472642
11 29.730992 0.896695
11 29.301948 2.326840
9 27.976594 6.744685
11 29.415798 1.947339
9 29.839460 0.535134
11 29.794697 0.684344
11 28.762623 4.124589
8 28.769490 4.101701
9 27.224914 9.250287
9 28.862401 3.791998
9 28.965351 3.448832
8 28.949963 3.500124
10 29.715572 0.948094
9 27.202029 9.326572
11 29.126721 2.910929
10 27.710231 7.632562
9 29.853783 0.487391
10 29.555424 1.481921
10 27.220291 9.265698
8 28.630103 4.566325
10 29.938511 0.204963
10 28.922866 3.590445
10 29.836494 0.545020
9 29.993855 0.020483
10 28.443990 5.186701
12 28.754317 4.152275
11 29.708786 0.970713
9 29.689361 1.035463
10 28.873490 3.755032
10 27.262443 9.125189
9 28.913932 3.620226
16 27.466459 8.445136
11 27.646593 7.844689
11 28.896877 3.677077
8 28.581581 4.728064
11 28.452270 5.159099
10 27.693479 7.688405
12 29.376614 2.077952
8 29.023104 3.256319
10 27.601352 7.995492
10 29.443065 1.856450
10 29.484772 1.717427
12 28.042671 6.524431
13 28.692964 4.356785
9 29.828474 0.571755
8 27.728356 7.572146
8 28.086085 6.379715
10 29.914050 0.286499
10 28.824519 3.918269
11 29.778293 0.739025
11 27.875885 7.080384
12 28.985341 3.382197
11 29.763390 0.788701
9 27.404302 8.652327
9 27.739418 7.535274
9 27.360729 8.797570
12 27.337259 8.875802
9 27.817787 7.274042
11 29.603926 1.320246
9 29.691405 1.028650
10 27.532989 8.223369
11 29.947574 0.174752
9 28.702810 4.323968
12 28.596229 4.679238
10 29.603643 1.321190
12 28.269419 5.768604
11 27.133931 9.553564
11 29.570262 1.432459
10 27.567066 8.109779
8 28.454694 5.151020
8 28.914989 3.616703
10 27.154799 9.484004
10 29.848471 0.505098
10 29.775860 0.747134
16 29.039882 3.200394
8 28.922345 3.592184
13 28.764130 4.119568
12 28.810693 3.964355
8 27.180389 9.398702
8 29.054843 3.150522
8 27.743694 7.521018
11 28.230718 5.897605
9 27.600442 7.998525
11 29.507845 1.640518
11 29.637146 1.209515
11 27.813538 7.288208
9 29.265640 2.447867
8 27.290879 9.030402
10 27.549832 8.167227
10 28.978857 3.403809
9 29.430449 1.898505
11 29.044686 3.184380
10 29.791980 0.693399
10 29.824041 0.586531
10 29.332005 2.226651
8 29.074560 3.084801
10 28.555770 4.814099
7 28.120897 6.263678
11 28.883351 3.722163
8 28.122283 6.259056
10 29.034749 3.217504
9 29.483941 1.720196
9 28.802605 3.991316
10 29.843846 0.520513
7 27.158629 9.471237
10 29.390638 2.031208
9 29.417177 1.942743
15 29.826528 0.578239
9 29.692360 1.025467
10 29.599273 1.335756
10 29.785708 0.714306
11 29.746264 0.845786
9 28.183406 6.055312
8 27.827895 7.240350
9 29.909428 0.301907
9 29.039513 3.201622
11 28.545011 4.849965
10 27.454059 8.486469
10 28.193272 6.022426
9 27.024627 9.917909
9 28.386885 5.377050
9 27.931465 6.895118
8 27.152366 9.492113
8 27.732298 7.559008
9 28.500288 4.999039
9 29.167447 2.775177
11 28.852167 3.826109
9 29.264571 2.451432
13 28.533757 4.887477
11 29.723700 0.921000
12 28.038971 6.536764
22 29.308201 2.305995
16 29.982704 0.057653
11 28.442039 5.193203
9 28.957272 3.475759
10 29.214721 2.617597
10 29.542839 1.523870
11 28.524398 4.918674
11 27.584066 8.053115
11 28.526220 4.912599
10 29.350955 2.163483
11 29.476711 1.744297
11 29.204096 2.653015
11 28.931515 3.561618
16 29.575546 1.414846
11 28.551644 4.827853
14 28.653984 4.486720
12 28.240756 5.864146
10 29.021945 3.260182
