31 0.943019 5.698100
42 0.914573 8.542707
15 0.940650 5.935033
15 0.955978 4.402224
15 0.963306 3.669446
15 0.962747 3.725256
16 0.955412 4.458765
16 0.923226 7.677361
16 0.967645 3.235535
16 0.971864 2.813606
16 0.919412 8.058836
39 0.962631 3.736872
17 0.920190 7.981011
17 0.969201 3.079855
17 0.912189 8.781106
17 0.984810 1.519042
17 0.952776 4.722379
36 0.927419 7.258101
18 0.916059 8.394081
18 0.962862 3.713819
18 0.974123 2.587661
18 0.951773 4.822737
18 0.907769 9.223094
18 0.957070 4.292966
18 0.942640 5.736046
45 0.980567 1.943339
19 0.965879 3.412051
36 0.957218 4.278204
36 0.960995 3.900477
20 0.925211 7.478852
20 0.912864 8.713570
38 0.954611 4.538893
36 0.970043 2.995695
21 0.971883 2.811679
21 0.953898 4.610243
21 0.950960 4.904032
21 0.909140 9.086031
21 0.933876 6.612392
13 0.906908 9.309240
22 0.969809 3.019060
40 0.970680 2.931951
13 0.951279 4.872084
40 0.964400 3.560018
41 0.970743 2.925726
15 0.917997 8.200269
13 0.929253 7.074705
14 0.967698 3.230161
44 0.980049 1.995055
39 0.962418 3.758237
16 0.956667 4.333268
15 0.957421 4.257854
37 0.979476 2.052374
14 0.960555 3.944469
39 0.968862 3.113799
15 0.953582 4.641769
35 0.959630 4.036999
17 0.940714 5.928606
46 0.984046 1.595415
17 0.948911 5.108899
17 0.947007 5.299263
43 0.921449 7.855102
14 0.918243 8.175655
12 0.908668 9.133246
16 0.937625 6.237472
18 0.919260 8.074007
40 0.983607 1.639291
14 0.935667 6.433314
19 0.976792 2.320803
19 0.968864 3.113599
18 0.913251 8.674950
15 0.968746 3.125423
19 0.960129 3.987133
20 0.930582 6.941829
18 0.971898 2.810243
19 0.952834 4.716551
20 0.932995 6.700528
17 0.960894 3.910602
15 0.911020 8.898030
39 0.967153 3.284749
22 0.933393 6.660657
17 0.940385 5.961455
15 0.903257 9.674284
32 0.973612 2.638815
22 0.946714 5.328629
17 0.959523 4.047724
20 0.970261 2.973903
21 0.964136 3.586439
18 0.950053 4.994703
17 0.970747 2.925324
18 0.919429 8.057146
18 0.927894 7.210589
18 0.970542 2.945764
35 0.983359 1.664114
38 0.977719 2.228115
17 0.912384 8.761579
30 0.920944 7.905639
34 0.952430 4.756963
17 0.950446 4.955378
46 0.969706 3.029441
17 0.932383 6.761733
24 0.958260 4.174013
18 0.974544 2.545603
42 0.975620 2.437976
19 0.970987 2.901301
18 0.929108 7.089154
32 0.945236 5.476397
18 0.975101 2.489918
23 0.969459 3.054122
39 0.957809 4.219118
19 0.956873 4.312732
17 0.938232 6.176840
17 0.951696 4.830397
19 0.932644 6.735578
15 0.917024 8.297560
25 0.966448 3.355234
22 0.939450 6.054951
18 0.954019 4.598072
17 0.915200 8.479972
21 0.973628 2.637206
25 0.954092 4.590779
21 0.977372 2.262781
16 0.905959 9.404075
16 0.902138 9.786221
15 0.947081 5.291878
17 0.919802 8.019845
22 0.953148 4.685225
15 0.918019 8.198107
26 0.981122 1.887768
45 0.975196 2.480446
31 0.943788 5.621239
19 0.923539 7.646061
34 0.954737 4.526284
41 0.971565 2.843476
16 0.928781 7.121933
20 0.934500 6.550006
16 0.938530 6.146973
16 0.963933 3.606677
39 0.971420 2.857996
16 0.914441 8.555912
16 0.903469 9.653119
32 0.948917 5.108330
17 0.974447 2.555295
14 0.946158 5.384231
35 0.955660 4.433969
15 0.945637 5.436268
18 0.916412 8.358825
40 0.981072 1.892829
19 0.950473 4.952672
17 0.953073 4.692687
26 0.975345 2.465491
21 0.927030 7.297022
17 0.953169 4.683053
14 0.910732 8.926828
14 0.940221 5.977921
16 0.951096 4.890395
18 0.922573 7.742744
12 0.952985 4.701450
16 0.969114 3.088584
15 0.955325 4.467538
17 0.958889 4.111052
17 0.926672 7.332776
29 0.966639 3.336052
30 0.963308 3.669190
25 0.978647 2.135254
19 0.912692 8.730827
38 0.969670 3.033035
16 0.943693 5.630743
20 0.974320 2.567971
30 0.945285 5.471521
32 0.971562 2.843775
14 0.948847 5.115258
41 0.975130 2.486979
42 0.983804 1.619625
18 0.935655 6.434499
50 0.984476 1.552356
22 0.926933 7.306720
17 0.933573 6.642652
23 0.972504 2.749615
19 0.959161 4.083905
33 0.962712 3.728837
24 0.958554 4.144597
26 0.979339 2.066145
36 0.980945 1.905476
22 0.959036 4.096422
35 0.971596 2.840391
23 0.973460 2.653956
32 0.927368 7.263246
47 0.982666 1.733400
31 0.955618 4.438223
17 0.916513 8.348679
44 0.978448 2.155227
31 0.935921 6.407878
33 0.964027 3.597314
18 0.928771 7.122934
19 0.900115 9.988504
36 0.969870 3.012985
22 0.947986 5.201408
23 0.979115 2.088478
23 0.972451 2.754856
37 0.982725 1.727518
