17 41.919937 4.727416
18 39.770770 9.611886
19 42.128826 4.252669
19 40.495871 7.963931
19 40.899367 7.046894
19 41.556594 5.553195
19 41.005384 6.805947
20 40.977678 6.868913
20 40.935000 6.965910
21 40.068554 8.935105
21 40.152077 8.745279
22 41.036049 6.736252
22 41.995447 4.555802
22 41.273102 6.197496
23 41.381502 5.951131
23 40.150539 8.748775
23 41.077922 6.641086
23 40.586765 7.757352
23 41.272036 6.199918
23 41.445285 5.806170
24 40.315761 8.373272
24 40.509986 7.931849
24 39.821273 9.497107
25 40.402321 8.176543
25 40.734127 7.422438
26 41.282882 6.175269
27 40.991287 6.837984
27 40.011987 9.063667
27 39.934256 9.240327
27 39.699631 9.773566
27 40.523971 7.900065
21 42.258823 3.957221
28 40.835986 7.190942
20 39.901722 9.314269
28 39.980428 9.135390
19 41.153130 6.470158
22 41.603776 5.445963
30 40.544673 7.853015
23 40.390890 8.202522
30 40.034467 9.012575
23 41.381169 5.951889
31 40.176111 8.690657
31 39.738522 9.685177
22 39.802643 9.539447
24 41.350955 6.020557
21 41.571157 5.520098
21 41.047005 6.711353
22 39.721051 9.724884
32 39.755908 9.645663
23 40.081944 8.904673
19 40.973676 6.878010
29 40.657141 7.597408
23 42.623330 3.128796
27 40.267034 8.484013
35 39.926311 9.258385
22 42.711092 2.929337
23 42.257573 3.960060
22 40.589342 7.751496
26 41.974508 4.603391
26 40.659260 7.592592
37 39.858544 9.412400
26 40.050985 8.975035
30 40.868545 7.116944
22 41.212007 6.336347
20 39.781699 9.587048
22 41.394649 5.921252
22 41.878701 4.821134
27 40.589539 7.751048
21 40.439228 8.092663
24 40.757625 7.369034
19 40.158803 8.729992
18 40.042889 8.993435
22 39.605017 9.988597
41 40.106276 8.849373
29 40.304488 8.398891
24 41.068781 6.661861
20 40.038486 9.003441
42 40.177314 8.687923
31 39.687841 9.800361
19 40.106561 8.848724
23 41.200397 6.362735
44 40.315405 8.374079
23 40.728442 7.435359
36 40.318382 8.367314
31 39.857803 9.414083
27 39.709994 9.750013
37 39.715912 9.736563
42 39.962538 9.176049
21 42.130852 4.248064
22 40.965959 6.895548
43 39.635889 9.918435
33 40.493184 7.970036
17 42.120661 4.271226
27 40.107027 8.847666
21 40.261405 8.496807
21 39.775818 9.600413
23 42.553329 3.287889
34 39.807915 9.527465
25 39.741183 9.679130
38 39.620472 9.953472
33 41.021858 6.768505
42 39.616015 9.963601
46 39.677243 9.824447
29 39.644636 9.898554
31 39.971768 9.155072
24 40.109147 8.842847
38 40.725585 7.441852
19 39.801120 9.542910
16 42.000617 4.544052
22 40.429379 8.115048
19 41.686104 5.258855
27 42.229799 4.023184
30 40.247267 8.528939
34 40.109246 8.842623
33 39.925546 9.260123
37 40.187896 8.663873
24 40.357749 8.277844
24 40.429659 8.114411
23 39.628836 9.934463
20 40.021407 9.042257
28 41.542374 5.585513
23 40.187356 8.665101
22 39.813360 9.515091
29 40.149293 8.751606
28 39.627997 9.936371
24 39.702486 9.767077
29 39.606155 9.986011
23 39.726914 9.711559
29 40.801241 7.269907
22 40.653932 7.604700
41 40.615487 7.692075
36 41.488144 5.708763
19 41.084019 6.627229
25 39.966867 9.166212
24 39.619522 9.955633
29 40.147912 8.754744
22 40.384395 8.217285
25 39.657513 9.869288
24 41.137243 6.506265
27 40.538554 7.866922
34 39.652508 9.880665
22 40.096626 8.871304
28 39.885359 9.351456
46 39.846463 9.439857
22 40.836568 7.189619
38 39.641200 9.906363
37 39.644090 9.899796
21 40.036183 9.008674
39 39.612785 9.970944
38 40.640635 7.634921
22 41.659509 5.319298
19 40.342291 8.312975
39 40.050155 8.976920
44 39.916813 9.279971
35 40.020809 9.043615
29 39.613653 9.968971
23 40.216702 8.598404
26 40.855557 7.146462
22 40.295953 8.418290
25 42.902439 2.494458
29 39.870777 9.384598
41 39.637384 9.915036
20 40.208494 8.617059
31 39.815925 9.509262
24 40.154906 8.738850
23 41.540359 5.590092
22 40.256381 8.508224
22 40.072766 8.925532
19 41.220153 6.317834
21 39.611369 9.974162
31 39.829236 9.479008
38 39.758394 9.640013
28 41.914774 4.739150
27 39.924428 9.262663
23 41.311134 6.111058
26 40.244661 8.534861
36 39.643085 9.902080
28 40.212867 8.607121
25 39.971619 9.155412
27 41.901687 4.768894
36 39.755423 9.646765
34 39.840761 9.452816
26 40.168509 8.707933
37 39.984750 9.125568
36 39.888754 9.343742
26 39.615364 9.965081
28 39.864934 9.397877
41 39.747009 9.665889
29 40.731284 7.428899
34 40.322886 8.357077
41 39.847170 9.438250
37 39.636748 9.916482
45 39.919424 9.274036
37 40.677902 7.550222
40 40.001548 9.087390
42 39.705964 9.759174
36 39.914695 9.284784
38 40.810272 7.249382
38 40.059474 8.955742
28 41.532655 5.607603
