70 -25.189233 3.632913
72 -26.330514 8.328346
81 -26.265747 8.061882
85 -25.570712 5.202384
87 -25.376989 4.405375
96 -25.521072 4.998157
101 -25.655446 5.550998
103 -26.501539 9.031971
102 -25.337195 4.241658
102 -25.181315 3.600338
103 -25.163576 3.527358
105 -25.099405 3.263346
106 -25.644325 5.505243
110 -25.608405 5.357462
107 -25.555723 5.140719
107 -26.703556 9.863105
111 -25.693354 5.706959
112 -25.574667 5.218659
117 -25.536626 5.062151
115 -25.194193 3.653320
117 -25.380591 4.420194
116 -25.098129 3.258098
112 -25.123044 3.360601
116 -25.401734 4.507179
115 -25.229221 3.797431
116 -24.587874 1.158817
116 -25.735221 5.879207
119 -25.309768 4.128816
120 -24.840409 2.197792
122 -25.763195 5.994296
123 -25.413112 4.553994
127 -25.774234 6.039713
129 -25.935159 6.701787
124 -25.178310 3.587977
118 -25.126988 3.376827
129 -25.299033 4.084650
127 -24.947461 2.638223
128 -25.061763 3.108482
144 -24.647295 1.403287
142 -25.204411 3.695362
98 -25.462230 4.756074
146 -25.033927 2.993961
148 -25.387534 4.448761
147 -25.637589 5.477529
148 -25.226794 3.787448
151 -25.129392 3.386720
114 -25.505279 4.933182
86 -26.446865 8.807034
85 -26.487414 8.973858
112 -25.040516 3.021068
98 -26.221402 7.879439
158 -25.233549 3.815238
87 -25.395885 4.483116
115 -26.363760 8.465127
98 -25.080545 3.185753
83 -25.704287 5.751938
173 -25.701081 5.738747
98 -25.926652 6.666785
102 -24.585996 1.151094
98 -25.326423 4.197337
86 -25.877045 6.462692
97 -25.309218 4.126556
102 -25.271062 3.969574
100 -26.328503 8.320071
129 -25.290612 4.050004
113 -25.135368 3.411307
103 -25.495027 4.891003
97 -25.606730 5.350570
106 -25.353726 4.309670
97 -25.513508 4.967040
107 -25.902478 6.567330
77 -26.517890 9.099244
111 -25.192343 3.645710
130 -25.947458 6.752386
195 -25.568311 5.192507
110 -25.118128 3.340376
136 -25.040441 3.020759
74 -26.323831 8.300849
114 -25.653115 5.541405
85 -26.544388 9.208259
84 -26.056263 7.200027
112 -26.161311 7.632215
138 -25.276745 3.992953
108 -25.082121 3.192237
134 -25.646500 5.514193
110 -25.601230 5.327944
97 -25.478947 4.824850
116 -25.105376 3.287911
112 -25.276254 3.990934
128 -25.331345 4.217589
156 -25.195220 3.657546
152 -25.286687 4.033859
121 -25.432342 4.633107
104 -25.179480 3.592789
111 -25.424672 4.601550
103 -25.261815 3.931529
111 -25.964341 6.821846
142 -25.402923 4.512074
92 -25.573301 5.213036
156 -25.211555 3.724750
103 -25.754897 5.960155
75 -26.209309 7.829685
110 -26.347099 8.396580
156 -25.274161 3.982324
101 -25.980416 6.887979
131 -25.212004 3.726600
191 -25.584112 5.257514
170 -25.143236 3.443675
127 -26.633714 9.575761
132 -25.201052 3.681541
169 -25.158601 3.506888
157 -25.144830 3.450235
93 -25.340487 4.255202
110 -26.145178 7.565839
121 -25.506363 4.937641
110 -25.338275 4.246101
118 -25.155672 3.494839
123 -25.130531 3.391405
120 -25.114433 3.325174
136 -25.146004 3.455064
137 -25.594067 5.298474
126 -25.561754 5.165530
80 -25.345618 4.276308
141 -25.129316 3.386406
83 -26.337609 8.357536
107 -25.393645 4.473901
99 -25.156307 3.497453
120 -25.070612 3.144886
110 -26.307867 8.235172
78 -25.472095 4.796660
143 -25.100743 3.268853
91 -25.211755 3.725576
89 -25.683413 5.666056
84 -25.206156 3.702541
98 -25.749699 5.938772
188 -25.134279 3.406826
107 -25.543852 5.091881
137 -25.101757 3.273021
133 -25.876228 6.459331
99 -25.395429 4.481240
97 -26.275462 8.101852
122 -25.612749 5.375333
101 -25.273656 3.980246
71 -25.937609 6.711863
85 -25.541382 5.081719
145 -25.116330 3.332979
136 -25.169130 3.550207
94 -25.974321 6.862903
119 -25.166761 3.540460
116 -25.184451 3.613240
90 -25.607101 5.352095
108 -25.177428 3.584346
131 -25.049407 3.057645
136 -25.817400 6.217302
128 -25.221903 3.767324
111 -25.399441 4.497749
88 -25.762254 5.990423
98 -25.330732 4.215066
106 -25.086424 3.209939
105 -25.706259 5.760049
87 -26.700804 9.851782
115 -25.525471 5.016258
135 -25.613424 5.378113
98 -25.104214 3.283133
136 -24.935038 2.587112
136 -25.124726 3.367520
98 -25.314697 4.149095
96 -25.217002 3.747162
101 -25.579101 5.236901
114 -26.098441 7.373555
88 -25.575893 5.223702
146 -25.403143 4.512977
75 -26.684571 9.784997
79 -25.361991 4.343672
128 -25.227422 3.790030
105 -25.394194 4.476162
85 -25.861890 6.400345
118 -25.648399 5.522006
104 -25.127941 3.380750
98 -25.415332 4.563124
101 -25.969183 6.841764
117 -26.019310 7.047997
102 -25.366744 4.363226
114 -25.489537 4.868420
86 -25.916766 6.626115
90 -26.095712 7.362327
143 -25.267968 3.956843
199 -25.157895 3.503985
147 -24.790662 1.993125
101 -25.392674 4.469905
107 -25.144347 3.448244
99 -26.156923 7.614161
121 -25.439704 4.663395
146 -25.266240 3.949733
123 -25.078391 3.176892
128 -25.213187 3.731465
127 -26.330466 8.328149
126 -25.444903 4.684787
135 -24.955844 2.672711
139 -24.968774 2.725909
