10 -6754.464141 7.216398
10 -6399.491206 1.581766
10 -6777.347088 7.579629
10 -6631.119492 5.258498
10 -6573.240922 4.339767
10 -6772.373568 7.500682
10 -6763.279588 7.356329
19 -6705.191305 6.434270
28 -6905.097050 9.607457
46 -6907.151697 9.640071
52 -6743.344356 7.039889
53 -6839.638941 8.568413
73 -6778.057427 7.590904
11 -6743.002097 7.034456
91 -6818.227355 8.228538
107 -6792.267740 7.816470
12 -6926.123189 9.941213
116 -6839.311527 8.563216
120 -6703.221784 6.403007
131 -6917.833242 9.809623
132 -6579.868017 4.444962
10 -6929.185223 9.989818
137 -6859.872531 8.889589
143 -6403.616584 1.647250
144 -6667.249175 5.831999
146 -6779.305863 7.610721
19 -6875.660338 9.140195
11 -6494.324543 3.087095
95 -6714.449565 6.581230
217 -6490.200568 3.021633
159 -6433.108712 2.115391
10 -6892.113762 9.401367
273 -6921.140918 9.862127
271 -6506.897244 3.286667
281 -6634.898779 5.318488
100 -6501.698294 3.204142
294 -6806.906478 8.048837
300 -6693.868883 6.254545
12 -6673.619184 5.933113
10 -6464.332362 2.611017
224 -6908.167612 9.656197
58 -6890.653909 9.378195
322 -6879.610204 9.202893
332 -6657.711344 5.680601
35 -6760.975569 7.319757
107 -6790.514817 7.788645
362 -6777.135189 7.576265
368 -6822.971851 8.303849
374 -6785.102218 7.702729
167 -6780.666315 7.632316
389 -6787.132719 7.734960
18 -6860.755285 8.903601
101 -6826.167212 8.354571
397 -6740.806856 6.999610
10 -6811.650463 8.124140
19 -6886.301411 9.309106
321 -6758.219409 7.276007
94 -6650.968704 5.573572
64 -6570.034866 4.288876
433 -6850.554428 8.741679
16 -6713.807700 6.571042
10 -6594.256055 4.673349
10 -6797.124002 7.893556
10 -6828.417361 8.390288
367 -6525.210063 3.577354
192 -6897.294320 9.483601
83 -6836.409895 8.517157
270 -6710.162886 6.513186
246 -6860.179950 8.894469
54 -6723.515088 6.725131
40 -6508.337687 3.309531
184 -6916.567515 9.789532
583 -6743.889477 7.048542
307 -6862.999811 8.939230
256 -6582.079447 4.480065
611 -6868.766941 9.030774
614 -6549.366708 3.960802
602 -6884.159279 9.275103
609 -6713.794243 6.570828
394 -6814.216333 8.164869
637 -6723.385744 6.723078
10 -6363.079534 1.003789
409 -6810.156465 8.100425
101 -6845.710677 8.664792
76 -6893.328887 9.420656
676 -6927.751933 9.967067
143 -6607.996563 4.891458
102 -6475.885430 2.794403
668 -6533.219115 3.704485
102 -6903.807849 9.586993
308 -6752.760815 7.189361
306 -6927.110648 9.956887
226 -6701.180641 6.370607
616 -6681.789298 6.062800
184 -6674.727466 5.950705
224 -6899.825907 9.523785
145 -6709.547005 6.503410
317 -6705.095743 6.432753
555 -6652.866746 5.603701
341 -6582.665107 4.489361
30 -6804.418246 8.009340
364 -6737.626189 6.949122
203 -6898.934695 9.509639
290 -6515.386708 3.421423
18 -6576.324133 4.388708
391 -6928.553393 9.979789
107 -6690.528061 6.201514
160 -6917.948549 9.811454
10 -6915.979756 9.780202
97 -6913.244306 9.736781
11 -6880.981495 9.224660
17 -6870.372419 9.056258
10 -6883.440831 9.263698
820 -6880.935148 9.223925
300 -6575.135168 4.369835
161 -6883.693390 9.267707
810 -6441.221470 2.244168
115 -6849.702330 8.728153
136 -6754.997676 7.224867
149 -6630.988834 5.256424
145 -6829.222623 8.403070
343 -6526.872886 3.603748
10 -6732.112798 6.861606
298 -6906.028775 9.622246
126 -6796.172458 7.878451
380 -6744.662360 7.060810
786 -6543.028698 3.860196
136 -6565.529126 4.217355
230 -6751.633522 7.171467
912 -6730.685470 6.838949
184 -6875.183690 9.132629
360 -6720.891782 6.683490
424 -6659.181199 5.703933
169 -6847.381746 8.691318
258 -6821.851177 8.286060
145 -6907.779955 9.650043
106 -6683.537812 6.090555
250 -6363.759055 1.014575
56 -6766.148094 7.401862
420 -6491.694137 3.045341
212 -6623.141653 5.131862
819 -6780.103535 7.623383
857 -6505.668842 3.267168
175 -6911.652788 9.711518
60 -6830.889106 8.429523
35 -6895.494726 9.455035
723 -6849.466935 8.724417
83 -6728.706067 6.807530
69 -6827.763081 8.379903
305 -6669.586114 5.869094
149 -6684.666996 6.108479
133 -6845.000496 8.653519
10 -6721.032549 6.685725
132 -6820.669217 8.267299
557 -6640.919140 5.414051
328 -6782.670473 7.664129
997 -6907.364414 9.643447
318 -6613.087518 4.972269
748 -6735.046839 6.908179
497 -6877.720475 9.172897
failed to find solution in 1200 iterations and 1105 function evals
failed to find solution in 1200 iterations and 1126 function evals
failed to find solution in 1200 iterations and 1087 function evals
failed to find solution in 1200 iterations and 1102 function evals
failed to find solution in 1200 iterations and 1163 function evals
779 -6658.500929 5.693134
failed to find solution in 1200 iterations and 1137 function evals
failed to find solution in 1200 iterations and 1131 function evals
failed to find solution in 1200 iterations and 1142 function evals
failed to find solution in 1200 iterations and 1143 function evals
failed to find solution in 1200 iterations and 1174 function evals
failed to find solution in 1200 iterations and 1129 function evals
failed to find solution in 1200 iterations and 1189 function evals
984 -6814.513623 8.169588
1175 -6802.720075 7.982385
failed to find solution in 1200 iterations and 1192 function evals
failed to find solution in 1200 iterations and 1206 function evals
977 -6762.518444 7.344247
failed to find solution in 1200 iterations and 1193 function evals
failed to find solution in 1200 iterations and 1173 function evals
failed to find solution in 1200 iterations and 1198 function evals
failed to find solution in 1200 iterations and 1200 function evals
failed to find solution in 1200 iterations and 1162 function evals
failed to find solution in 1200 iterations and 1185 function evals
failed to find solution in 1200 iterations and 1198 function evals
failed to find solution in 1200 iterations and 1123 function evals
failed to find solution in 1200 iterations and 1179 function evals
failed to find solution in 1200 iterations and 1201 function evals
failed to find solution in 1200 iterations and 1164 function evals
failed to find solution in 1200 iterations and 1194 function evals
failed to find solution in 1200 iterations and 1191 function evals
failed to find solution in 1200 iterations and 1106 function evals
failed to find solution in 1200 iterations and 1131 function evals
failed to find solution in 1200 iterations and 1132 function evals
failed to find solution in 1200 iterations and 1190 function evals
failed to find solution in 1200 iterations and 1135 function evals
failed to find solution in 1200 iterations and 1146 function evals
failed to find solution in 1200 iterations and 1194 function evals
failed to find solution in 1200 iterations and 1163 function evals
failed to find solution in 1200 iterations and 1181 function evals
