11 -41.458851 8.534632
11 -41.958491 9.842635
11 -41.059753 7.489837
11 -40.939809 7.175839
12 -39.779443 4.138129
12 -40.132842 5.063289
12 -40.057258 4.865419
12 -39.725243 3.996240
13 -40.891579 7.049577
13 -41.611754 8.934916
13 -41.325309 8.185033
13 -40.974422 7.266451
13 -41.971150 9.875775
9 -39.570706 3.591681
13 -41.098401 7.591014
15 -39.939384 4.556839
15 -39.630373 3.747882
15 -39.609547 3.693363
15 -41.627421 8.975930
10 -40.896925 7.063573
15 -41.500278 8.643085
16 -39.431661 3.227677
16 -39.720588 3.984054
17 -41.671560 9.091480
16 -40.806797 6.827629
17 -42.016766 9.995192
16 -40.555469 6.169678
12 -39.858098 4.344040
9 -41.857928 9.579371
13 -40.914184 7.108756
11 -41.601589 8.908304
16 -40.846290 6.931016
19 -41.238706 7.958318
18 -40.750158 6.679353
19 -41.900172 9.689962
16 -40.069408 4.897227
20 -41.245071 7.974981
16 -41.722520 9.224888
20 -41.218127 7.904445
20 -40.746428 6.669589
15 -39.379092 3.090057
20 -41.708768 9.188888
20 -39.437955 3.244153
16 -41.292578 8.099350
14 -40.803977 6.820245
19 -41.201241 7.860238
14 -40.386455 5.727220
17 -41.295087 8.105917
15 -40.398358 5.758381
15 -41.409969 8.406665
21 -40.695417 6.536046
19 -41.162565 7.758989
13 -41.655960 9.050642
16 -40.685275 6.509497
13 -41.983407 9.907861
15 -40.170925 5.162986
12 -41.385514 8.342645
20 -40.185698 5.201660
13 -41.893163 9.671614
11 -41.123617 7.657028
15 -39.648140 3.794394
16 -39.711660 3.960681
22 -40.510006 6.050662
23 -41.630279 8.983413
13 -40.719074 6.597978
17 -39.345800 3.002901
15 -40.970542 7.256293
11 -40.394731 5.748886
11 -41.393938 8.364698
18 -40.231188 5.320748
14 -40.121225 5.032876
15 -40.407789 5.783069
15 -39.583932 3.626304
15 -41.354095 8.260392
16 -40.906599 7.088899
20 -41.732392 9.250733
19 -41.246068 7.977590
23 -40.743167 6.661051
16 -41.790772 9.403564
13 -40.840610 6.916147
15 -39.456096 3.291645
17 -39.788354 4.161457
17 -40.109453 5.002059
20 -39.971387 4.640618
20 -40.822314 6.868250
17 -41.765489 9.337377
22 -40.862804 6.974249
12 -41.086783 7.560600
20 -40.017675 4.761796
11 -39.940195 4.558961
12 -39.707050 3.948613
11 -41.095533 7.583508
13 -41.122460 7.653998
16 -40.419246 5.813063
17 -41.899938 9.689349
16 -39.345249 3.001459
20 -41.504818 8.654968
13 -41.239778 7.961123
11 -40.786108 6.773468
12 -39.938073 4.553405
20 -40.673639 6.479035
15 -39.661205 3.828597
6 -41.113846 7.631448
23 -41.164350 7.763662
12 -40.492027 6.003596
21 -41.836726 9.523867
12 -41.072454 7.523088
16 -39.859768 4.348412
13 -40.717603 6.594129
18 -41.027751 7.406060
11 -40.007640 4.735524
19 -41.238001 7.956472
22 -39.690317 3.904808
16 -40.391666 5.740861
16 -41.008057 7.354505
16 -41.337456 8.216834
19 -41.601161 8.907183
16 -39.529025 3.482563
17 -40.808949 6.833260
16 -40.632685 6.371821
19 -40.724647 6.612569
11 -39.966978 4.629075
15 -40.941697 7.180780
12 -41.921466 9.745707
15 -41.237722 7.955742
13 -40.091676 4.955522
17 -41.387632 8.348189
12 -39.768803 4.110276
22 -40.782458 6.763911
19 -40.723438 6.609403
17 -41.834803 9.518834
17 -41.235190 7.949112
19 -41.135362 7.687773
15 -41.106567 7.612392
17 -40.636063 6.380666
15 -41.424715 8.445269
22 -40.713462 6.583287
16 -39.921997 4.511320
16 -40.589066 6.257634
17 -40.865368 6.980961
15 -41.796658 9.418973
11 -41.793280 9.410129
17 -41.764689 9.335281
23 -40.854684 6.952992
19 -41.341777 8.228146
19 -40.960005 7.228710
16 -41.451780 8.516120
18 -41.988370 9.920854
21 -41.711605 9.196315
13 -39.880615 4.402988
17 -41.101604 7.599399
13 -40.427422 5.834466
17 -39.998510 4.711624
18 -41.209584 7.882079
17 -40.089656 4.950232
12 -40.516631 6.068006
15 -41.298051 8.113677
15 -41.626230 8.972812
13 -41.095084 7.582332
16 -41.994780 9.937634
16 -41.453961 8.521831
16 -39.446042 3.265323
16 -41.900658 9.691233
14 -40.127993 5.050596
24 -39.262245 2.784163
22 -40.879121 7.016965
25 -40.747251 6.671744
19 -40.828347 6.884044
13 -39.656575 3.816476
12 -40.968100 7.249901
19 -40.996473 7.324178
16 -40.469156 5.943723
17 -40.476708 5.963493
20 -40.848632 6.937147
22 -40.754528 6.690794
16 -41.881164 9.640202
16 -41.897969 9.684194
19 -40.726206 6.616651
17 -41.065875 7.505865
22 -40.718806 6.597278
18 -41.904829 9.702152
19 -41.230414 7.936609
17 -41.075388 7.530770
18 -40.904620 7.083718
24 -39.332303 2.967568
16 -40.914191 7.108773
19 -40.751397 6.682597
19 -41.264577 8.026045
16 -39.888720 4.424204
20 -40.099005 4.974709
19 -41.255065 8.001144
20 -41.074473 7.528373
21 -41.951346 9.823929
20 -40.764485 6.716860
17 -40.862964 6.974667
19 -41.338734 8.220179
19 -41.879749 9.636497
18 -41.074835 7.529322
20 -41.013329 7.368305
20 -40.753892 6.689129
