16 29438.114575 4.002617
16 29196.173981 4.791583
16 29316.636731 4.398755
16 29287.349437 4.494261
16 28997.367361 5.439889
16 29367.165911 4.233980
16 30037.602277 2.047694
16 29247.310873 4.624826
16 29369.857544 4.225203
16 29481.936945 3.859713
16 29589.046111 3.510431
15 29395.033966 4.143103
16 29736.834147 3.028496
16 29597.489296 3.482898
16 28870.234799 5.854467
16 29657.155031 3.288328
16 29430.178829 4.028495
16 29431.852541 4.023038
16 28975.088449 5.512540
16 29284.788358 4.502612
16 28958.591824 5.566336
16 29029.245057 5.335936
16 30016.278030 2.117232
16 29489.843605 3.833929
16 30055.140087 1.990503
16 29537.449843 3.678686
16 29661.636163 3.273716
16 29785.899686 2.868494
16 29196.414797 4.790798
16 29301.761766 4.447262
16 29495.661501 3.814957
16 29067.510422 5.211153
16 29240.918469 4.645672
16 29154.777358 4.926577
16 29274.376635 4.536565
16 29398.752346 4.130977
16 29566.345275 3.584458
16 29504.082679 3.787496
16 29553.409926 3.626640
16 29251.837664 4.610064
16 29539.300769 3.672650
16 29041.018055 5.297545
16 29550.139728 3.637304
16 28953.472698 5.583029
16 29380.743150 4.189705
16 29305.762970 4.434214
16 29018.860225 5.369801
16 29211.051821 4.743066
16 29312.940220 4.410809
16 29151.121376 4.938499
16 28919.008618 5.695416
16 29018.006491 5.372585
16 29059.694428 5.236641
16 29268.598697 4.555407
16 29084.378086 5.156148
16 29366.567467 4.235931
16 29072.739979 5.194100
16 29207.482648 4.754705
16 29343.608443 4.310801
16 29333.297985 4.344423
15 29341.376534 4.318079
16 29620.381324 3.408247
16 29105.720559 5.086551
16 29825.454756 2.739505
16 28919.182203 5.694850
16 29283.466773 4.506922
16 29155.748548 4.923410
16 29011.265798 5.394566
16 29502.486218 3.792702
16 28744.337163 6.265018
16 29448.202538 3.969720
16 29324.366954 4.373547
16 29695.595331 3.162975
16 29232.780024 4.672211
16 29311.145190 4.416663
16 29138.228280 4.980543
16 29321.806039 4.381898
16 29386.310612 4.171549
16 29472.212747 3.891423
16 29753.844853 2.973024
16 29311.149378 4.416649
16 28947.112418 5.603770
16 29212.651251 4.737851
16 29358.813765 4.261216
16 29250.310833 4.615043
16 29271.134520 4.547137
16 28468.176581 7.165575
16 29077.682311 5.177983
16 29466.483126 3.910108
16 29332.556508 4.346841
16 29650.183676 3.311062
16 29234.179467 4.667647
16 29460.670175 3.929064
16 29536.878560 3.680549
16 29393.339252 4.148629
17 29433.399014 4.017994
16 28649.935639 6.572860
16 29370.386508 4.223478
16 29936.085797 2.378738
17 29463.115585 3.921089
15 29259.395338 4.585419
16 29664.391435 3.264731
16 28756.183049 6.226389
16 29448.333752 3.969292
16 29516.490617 3.747034
16 29433.291579 4.018345
16 28937.691414 5.634492
16 28827.159633 5.994935
16 29210.620986 4.744471
16 29233.896866 4.668569
16 29237.342637 4.657332
16 28982.647465 5.487891
16 29252.236799 4.608763
16 28957.742797 5.569104
16 29296.268042 4.465177
16 29100.397218 5.103910
16 29282.113181 4.511336
16 29201.613416 4.773845
16 29628.917343 3.380411
16 29462.300799 3.923746
16 29399.915257 4.127185
16 29203.405507 4.768001
16 29264.907993 4.567442
16 29717.011858 3.093136
16 29444.053793 3.983249
16 29272.519431 4.542621
16 29386.588440 4.170643
16 28851.321510 5.916143
16 29228.280396 4.686884
16 29366.313803 4.236759
16 29431.373653 4.024599
16 29360.608150 4.255365
16 29083.187585 5.160030
16 29500.827881 3.798110
16 29474.928014 3.882569
16 29386.170169 4.172007
16 29539.089907 3.673338
16 28731.756619 6.306043
16 29151.448152 4.937433
16 28995.920625 5.444607
16 29202.770191 4.770073
16 29574.816915 3.556832
16 29194.589091 4.796751
16 29373.491770 4.213351
16 28902.119368 5.750492
16 29225.630669 4.695525
16 29576.767247 3.550472
16 29192.019595 4.805130
16 29178.698725 4.848569
16 29407.342362 4.102965
16 29322.501398 4.379630
16 29299.301471 4.455285
16 29065.496933 5.217719
16 29299.892622 4.453357
16 28995.204033 5.446944
16 29949.191272 2.336001
16 29214.165895 4.732911
16 29164.785710 4.893940
16 28930.388298 5.658307
16 28199.731418 8.040972
16 28997.365627 5.439895
16 28934.158130 5.646014
16 29327.831389 4.362249
16 29284.388667 4.503916
16 29161.667013 4.904110
16 29584.167119 3.526341
16 29890.818206 2.526355
16 29081.477177 5.165608
16 29552.591894 3.629308
16 29171.955139 4.870560
16 29284.205476 4.504513
16 29094.047193 5.124617
16 29066.178986 5.215495
16 29105.427131 5.087507
16 29453.279887 3.953163
16 28890.069131 5.789788
16 29361.146383 4.253610
16 28945.643652 5.608560
16 27642.871978 9.856884
16 29133.439933 4.996158
16 29002.727920 5.422408
16 29616.089055 3.422244
16 29284.610426 4.503193
16 29465.138974 3.914491
16 29605.996427 3.455156
16 30053.642683 1.995386
16 29540.321078 3.669323
16 29617.777932 3.416737
16 28866.579982 5.866385
16 29532.197697 3.695813
16 29459.876960 3.931650
16 29052.663343 5.259570
16 29190.114856 4.811342
16 28818.671859 6.022613
16 29145.469400 4.956930
16 29270.442066 4.549395
16 29385.716672 4.173486
16 29273.034105 4.540943
16 29121.059717 5.036530
16 29468.438644 3.903731
