10 -335.783304 9.554096
12 -332.715651 8.553230
12 -330.302994 7.766067
13 -330.957520 7.979615
13 -328.278048 7.105399
15 -333.888103 8.935760
16 -326.646022 6.572927
16 -329.062063 7.361195
16 -333.104808 8.680198
19 -330.306289 7.767142
19 -319.865161 4.360574
19 -323.528340 5.555739
16 -317.948883 3.735362
16 -332.669780 8.538264
20 -320.856202 4.683916
16 -315.791626 3.031526
17 -329.598792 7.536311
17 -317.676483 3.646487
17 -330.836037 7.939979
17 -323.018641 5.389442
17 -316.259943 3.184321
18 -319.086983 4.106683
17 -333.814843 8.911858
18 -333.117636 8.684384
18 -318.849965 4.029352
19 -322.327523 5.163955
20 -315.003391 2.774353
17 -321.671344 4.949867
17 -321.394648 4.859591
17 -317.922005 3.726592
21 -316.912192 3.397126
18 -321.060642 4.750617
18 -319.807558 4.341781
19 -324.701252 5.938418
14 -328.511838 7.181676
23 -316.042767 3.113464
19 -318.146061 3.799694
20 -319.053807 4.095859
20 -328.916734 7.313780
20 -316.950537 3.409637
21 -318.226961 3.826089
19 -317.665763 3.642990
20 -323.300533 5.481414
20 -317.599117 3.621245
21 -324.949451 6.019397
22 -315.799078 3.033957
22 -314.528811 2.619514
23 -317.020371 3.432421
21 -327.200720 6.753905
18 -324.835204 5.982122
14 -326.484238 6.520143
20 -332.951109 8.630052
14 -330.822741 7.935641
19 -330.780123 7.921737
19 -336.011889 9.628675
16 -321.928349 5.033719
18 -316.427070 3.238848
23 -317.225049 3.499200
19 -327.087066 6.716824
19 -315.657975 2.987920
18 -315.095162 2.804294
16 -323.414162 5.518487
19 -317.939446 3.732282
19 -330.079552 7.693165
20 -334.372100 9.093670
17 -322.059491 5.076506
18 -314.669881 2.665540
18 -325.243732 6.115410
17 -317.302520 3.524476
18 -317.742941 3.668170
19 -321.445320 4.876124
24 -316.367876 3.219535
19 -324.193420 5.772731
16 -315.900216 3.066955
20 -328.829758 7.285402
17 -327.138840 6.733716
17 -317.349111 3.539677
20 -321.196248 4.794861
19 -317.268472 3.513368
19 -320.370475 4.525441
19 -332.563410 8.503559
19 -327.560397 6.871255
15 -326.325554 6.468370
17 -317.203684 3.492230
17 -325.956992 6.348121
20 -322.903472 5.351867
20 -316.416330 3.235344
17 -325.728244 6.273489
18 -326.362842 6.480536
18 -334.016243 8.977567
20 -313.581134 2.310321
17 -324.122599 5.749625
24 -315.225906 2.846951
17 -336.233974 9.701133
20 -320.372211 4.526007
23 -315.796706 3.033183
12 -333.699259 8.874147
15 -334.020936 8.979098
14 -320.534400 4.578923
11 -326.526610 6.533967
11 -320.308448 4.505203
18 -335.614874 9.499143
16 -316.921189 3.400062
16 -331.133844 8.037143
15 -318.365629 3.871331
18 -327.727379 6.925736
19 -322.559447 5.239624
20 -334.680750 9.194372
17 -325.988561 6.358421
18 -337.007215 9.953414
20 -317.274016 3.515177
15 -320.413259 4.539399
19 -317.725080 3.662342
15 -325.656202 6.249984
20 -327.735319 6.928326
18 -326.970852 6.678908
17 -316.794933 3.358869
19 -324.609009 5.908323
18 -326.262467 6.447787
17 -325.700286 6.264367
18 -318.467632 3.904611
19 -317.511887 3.592785
16 -330.724754 7.903672
19 -328.068027 7.036877
22 -319.511886 4.245314
19 -326.555853 6.543508
19 -320.395385 4.533568
20 -330.136340 7.711693
18 -335.705289 9.528643
17 -317.959717 3.738896
16 -327.190327 6.750514
18 -325.793079 6.294642
17 -321.028578 4.740156
21 -316.815886 3.365705
20 -316.888368 3.389353
20 -319.196590 4.142444
20 -316.482052 3.256787
18 -323.575540 5.571139
16 -328.504149 7.179168
20 -321.373434 4.852670
15 -336.182266 9.684263
17 -335.663027 9.514854
18 -322.939651 5.363671
9 -336.113292 9.661759
21 -317.208255 3.493721
21 -321.941944 5.038155
20 -320.141780 4.450825
15 -323.807795 5.646915
19 -333.615964 8.846970
20 -331.771448 8.245171
26 -315.355220 2.889142
17 -315.962164 3.087166
19 -326.436885 6.504693
14 -331.254834 8.076618
16 -337.145110 9.998405
21 -325.820029 6.303435
19 -326.238566 6.439989
18 -323.196635 5.447516
17 -318.512132 3.919130
13 -332.579374 8.508768
17 -315.280592 2.864793
12 -324.331328 5.817725
17 -325.096847 6.067487
17 -328.243818 7.094231
21 -315.805180 3.035948
18 -336.486319 9.783464
19 -319.273066 4.167395
16 -325.832340 6.307452
17 -321.364805 4.849855
19 -315.252391 2.855592
19 -319.510634 4.244905
17 -325.790252 6.293720
19 -331.160558 8.045859
22 -319.340266 4.189320
19 -336.798830 9.885426
20 -320.346258 4.517539
14 -321.287482 4.824627
15 -319.993539 4.402460
19 -326.153454 6.412220
17 -321.527393 4.902902
16 -324.663074 5.925962
18 -326.108090 6.397419
18 -314.486672 2.605766
19 -329.609643 7.539851
20 -322.551802 5.237129
17 -315.135699 2.817520
16 -320.886037 4.693650
23 -323.817434 5.650060
18 -326.619141 6.564157
16 -308.696553 0.716657
19 -316.269398 3.187406
19 -335.302177 9.397121
19 -325.577354 6.224259
18 -315.693951 2.999658
19 -327.966418 7.003725
21 -315.408444 2.906507
19 -317.030075 3.435587
208 -310.995383 1.466683
245 -310.215429 1.212212
273 -310.715956 1.375516
