7 27.320938 8.930207
7 27.923299 6.922335
7 29.313233 2.289222
7 28.740275 4.199082
7 28.732440 4.225199
7 29.569689 1.434369
7 28.942986 3.523380
8 28.743683 4.187724
8 29.668270 1.105768
9 27.679536 7.734879
9 28.311091 5.629695
9 28.827868 3.907107
9 29.177661 2.741129
8 27.975343 6.748856
8 27.589410 8.035299
8 29.098297 3.005678
8 28.014701 6.617663
8 28.793732 4.020892
8 28.095983 6.346724
8 29.771468 0.761775
7 28.485076 5.049747
7 29.800050 0.666501
9 29.016025 3.279916
9 29.749762 0.834127
9 29.353025 2.156582
9 29.587685 1.374385
9 29.686806 1.043981
9 27.469747 8.434178
10 28.781728 4.060908
10 29.595984 1.346720
7 27.018774 9.937419
9 29.673605 1.087984
9 28.214609 5.951302
9 28.096132 6.346226
9 27.395060 8.683133
9 27.953876 6.820414
9 29.601970 1.326767
9 29.621465 1.261783
7 28.164779 6.117403
8 29.742258 0.859139
9 29.946534 0.178221
9 29.183462 2.721795
7 29.330167 2.232777
7 28.303880 5.653734
11 29.632024 1.226587
10 29.498983 1.670055
10 29.104955 2.983485
10 29.836431 0.545230
10 29.922734 0.257552
8 27.807826 7.307246
12 29.789935 0.700218
11 28.671491 4.428363
11 29.901848 0.327173
7 27.914330 6.952233
11 29.979341 0.068863
11 29.828038 0.573208
8 27.317211 8.942631
8 29.767467 0.775110
9 27.974668 6.751106
8 29.923284 0.255721
8 29.409245 1.969182
7 29.246219 2.512603
15 29.136178 2.879405
8 28.021912 6.593626
9 28.267383 5.775391
8 27.085795 9.714018
7 28.504603 4.984655
8 28.992970 3.356767
11 29.240483 2.531725
8 28.350697 5.497677
10 29.235450 2.548501
8 28.358255 5.472482
8 27.350952 8.830160
8 28.555631 4.814563
7 28.035868 6.547106
8 28.875503 3.748322
8 29.726446 0.911846
8 29.589020 1.369933
8 27.216255 9.279149
9 29.765608 0.781306
9 28.162277 6.125743
8 29.182650 2.724500
9 28.917722 3.607594
10 28.614890 4.617032
9 28.505326 4.982246
10 29.623133 1.256225
10 27.814425 7.285251
9 27.385231 8.715898
9 29.199907 2.666976
9 27.714328 7.618907
12 28.573872 4.753759
9 29.324625 2.251249
11 27.931599 6.894670
9 29.473677 1.754409
9 27.901596 6.994679
8 29.406301 1.978997
10 29.881059 0.396470
8 27.326691 8.911031
9 29.187583 2.708057
8 28.185914 6.046952
11 28.899482 3.668394
11 29.956596 0.144679
7 27.978016 6.739947
13 28.836726 3.877581
9 29.670465 1.098449
9 28.520662 4.931127
9 27.795071 7.349765
7 28.917013 3.609955
7 28.510148 4.966174
9 28.221046 5.929847
9 28.247550 5.841499
11 28.507211 4.975963
13 29.959802 0.133993
11 29.776174 0.746088
12 29.863333 0.455558
9 28.589866 4.700447
7 29.230877 2.563744
10 29.081679 3.061070
10 29.823052 0.589827
7 28.722085 4.259718
10 29.270466 2.431781
12 27.789714 7.367618
8 29.532299 1.559002
12 29.990699 0.031002
7 27.219567 9.268111
8 27.608305 7.972316
7 28.658022 4.473261
8 29.816530 0.611568
7 28.918993 3.603357
8 28.130526 6.231580
10 29.401503 1.994989
9 29.444838 1.850539
8 27.625422 7.915262
7 29.014817 3.283944
7 27.150029 9.499904
7 28.356299 5.479004
9 29.003062 3.323126
11 29.408989 1.970037
8 29.520017 1.599942
15 27.482893 8.390358
11 29.859125 0.469584
9 28.128563 6.238124
10 29.844579 0.518069
8 27.430425 8.565250
7 28.089125 6.369582
8 28.424903 5.250324
7 28.294075 5.686416
7 28.760406 4.131981
10 28.833296 3.889014
9 29.063689 3.121038
12 28.866564 3.778120
9 27.183120 9.389601
8 29.123065 2.923117
9 28.049145 6.502850
8 28.929353 3.568822
7 27.514243 8.285855
11 29.090890 3.030368
9 28.698355 4.338817
7 28.799683 4.001058
10 29.670930 1.096899
8 28.188290 6.039032
8 27.746780 7.510734
8 29.960493 0.131690
9 27.872828 7.090572
7 27.669170 7.769433
11 29.440544 1.864852
8 29.008253 3.305825
11 27.896206 7.012646
7 27.264900 9.117001
11 28.900311 3.665629
8 27.025732 9.914227
8 28.946015 3.513284
11 29.586500 1.378335
9 28.652193 4.492690
8 28.095322 6.348926
10 29.855826 0.480580
8 27.012488 9.958374
9 29.106443 2.978522
9 27.122520 9.591600
8 29.862021 0.459929
9 29.502312 1.658960
9 27.278839 9.070537
9 29.313687 2.287709
9 29.489790 1.700699
9 29.890606 0.364646
8 28.330285 5.565717
11 28.952769 3.490770
9 29.362643 2.124525
8 29.127810 2.907299
12 27.060548 9.798174
10 29.658254 1.139154
11 27.311293 8.962358
9 28.617323 4.608923
11 29.311167 2.296110
11 29.768797 0.770676
12 29.982544 0.058185
12 29.971589 0.094702
11 27.921503 6.928324
11 28.888671 3.704429
11 28.178490 6.071700
