7 28.122696 6.257679
8 27.386455 8.711817
8 29.875697 0.414344
8 29.200252 2.665827
8 28.663469 4.455105
8 27.693530 7.688234
8 28.465181 5.116064
8 28.889750 3.700833
8 28.877582 3.741395
8 28.601035 4.663218
8 28.232859 5.890472
8 28.228559 5.904802
8 27.012039 9.959870
8 29.949285 0.169049
8 29.638790 1.204032
9 29.633808 1.220639
9 28.721461 4.261796
9 29.233647 2.554508
9 29.013632 3.287892
9 28.730171 4.232762
9 29.351531 2.161562
8 29.604933 1.316892
9 29.023448 3.255172
9 28.887771 3.707431
9 29.296437 2.345209
9 29.545941 1.513529
9 28.202617 5.991275
9 29.719086 0.936379
9 27.485015 8.383282
9 29.557655 1.474484
9 29.309037 2.303210
9 29.218820 2.603932
9 29.918712 0.270960
10 27.141434 9.528553
10 29.495803 1.680655
8 27.471841 8.427198
10 29.617796 1.274012
10 28.524152 4.919495
8 29.892962 0.356794
10 29.756132 0.812893
10 29.039687 3.201042
10 29.809237 0.635875
10 28.813691 3.954362
7 29.410030 1.966567
9 28.505930 4.980234
8 28.118809 6.270637
10 28.770853 4.097155
10 29.378328 2.072241
11 27.346588 8.844707
11 29.921432 0.261895
9 29.194162 2.686128
8 29.427342 1.908862
8 27.460178 8.466074
8 27.590959 8.030137
9 27.830039 7.233202
9 29.801626 0.661246
9 29.892423 0.358591
12 29.170759 2.764138
9 29.677532 1.074893
9 29.696525 1.011582
10 28.411441 5.295196
11 29.557413 1.475291
8 28.741011 4.196629
8 29.488113 1.706290
9 28.563971 4.786764
9 29.236958 2.543474
9 29.210450 2.631832
11 28.399364 5.335454
11 27.998768 6.670775
10 29.875376 0.415413
9 28.592703 4.690991
8 28.264855 5.783816
10 29.671336 1.095547
10 29.126259 2.912470
9 29.841184 0.529386
8 27.950629 6.831237
9 29.573656 1.421147
7 27.762663 7.457791
9 28.375058 5.416475
8 28.998542 3.338195
9 29.677817 1.073943
7 29.210754 2.630821
11 28.729096 4.236346
8 27.694921 7.683598
8 28.511586 4.961380
9 29.569868 1.433773
9 27.748889 7.503704
11 28.429734 5.234220
10 28.993484 3.355055
10 29.249299 2.502338
10 28.187571 6.041429
9 29.256397 2.478676
11 28.398464 5.338452
10 29.773801 0.753996
10 29.949933 0.166892
9 28.722539 4.258203
9 27.328522 8.904927
9 28.682796 4.390681
9 29.059465 3.135116
7 27.597954 8.006819
8 29.417262 1.942462
9 27.222117 9.259609
9 29.426090 1.913033
9 28.069463 6.435124
9 29.782407 0.725310
11 29.460313 1.798957
7 28.063175 6.456083
9 27.139039 9.536537
9 28.589759 4.700802
10 28.279240 5.735866
10 28.564911 4.783630
9 29.390883 2.030391
10 29.739116 0.869613
8 29.553774 1.487421
10 27.281922 9.060261
9 29.968881 0.103730
9 29.761742 0.794192
10 29.321363 2.262122
8 27.745207 7.515978
11 29.353128 2.156239
8 27.973059 6.756471
8 27.510080 8.299733
12 29.511394 1.628687
7 27.896909 7.010303
11 28.237462 5.875126
9 28.932386 3.558713
10 27.933337 6.888877
8 27.410696 8.631014
8 28.408812 5.303959
11 28.644202 4.519326
10 28.298489 5.671702
9 29.020249 3.265838
7 29.191035 2.696551
9 29.907090 0.309701
11 27.340649 8.864502
8 29.681563 1.061456
9 29.496228 1.679240
7 29.530702 1.564326
8 29.454511 1.818297
8 28.538889 4.870369
9 29.722769 0.924103
9 29.918731 0.270898
8 28.771324 4.095586
9 29.701032 0.996561
8 27.043239 9.855871
10 29.859262 0.469127
9 29.540507 1.531643
9 27.176259 9.412469
9 29.437776 1.874079
8 29.151250 2.829165
9 29.302682 2.324392
9 29.692098 1.026340
8 29.586375 1.378749
9 27.754117 7.486276
10 29.225740 2.580866
8 28.619633 4.601224
11 28.557325 4.808916
8 28.861518 3.794941
9 28.797135 4.009552
8 27.459310 8.468967
9 29.671144 1.096187
8 27.832610 7.224632
8 28.661192 4.462694
8 29.493544 1.688187
12 27.388233 8.705891
8 28.166792 6.110692
8 29.051984 3.160052
11 29.581793 1.394023
9 29.733502 0.888326
9 28.922896 3.590347
10 29.914198 0.286008
9 29.442525 1.858250
8 27.694091 7.686363
8 28.074979 6.416737
8 29.174638 2.751206
8 27.362070 8.793099
9 29.163833 2.787224
8 28.568182 4.772727
8 27.649039 7.836538
9 29.831589 0.561371
9 29.607092 1.309694
10 27.928939 6.903535
10 29.896537 0.344876
10 28.226944 5.910186
10 28.972375 3.425418
10 29.404936 1.983548
11 29.988094 0.039687
11 29.856160 0.479466
10 28.671828 4.427241
10 29.019684 3.267719
11 29.368761 2.104129
11 29.913928 0.286907
10 28.860726 3.797582
11 29.982131 0.059563
10 28.019034 6.603220
11 29.876089 0.413036
11 28.766417 4.111944
12 28.244442 5.851860
failed to find solution after reaching max emtpy limit -- 39 iterations and 12 function evals
failed to find solution after reaching max emtpy limit -- 47 iterations and 14 function evals
