13 3386.259386 2.017958
13 3364.393428 2.650653
13 3297.135989 4.596760
14 3221.240098 6.792821
14 3454.106670 0.054784
15 3235.714674 6.373997
15 3242.579540 6.175361
15 3183.388295 7.888070
15 3165.230014 8.413483
15 3179.727381 7.993999
15 3117.844979 9.784578
15 3289.234533 4.825390
16 3326.852061 3.736920
16 3213.369594 7.020556
16 3363.295697 2.682416
16 3334.245354 3.522993
16 3270.992605 5.353223
16 3423.871694 0.929638
12 3213.066008 7.029340
39 3451.770689 0.122376
17 3380.685255 2.179246
17 3399.757191 1.627396
17 3384.755850 2.061463
17 3148.782864 8.889385
17 3199.468411 7.422789
11 3429.266185 0.773548
18 3295.273987 4.650637
12 3259.208053 5.694211
18 3303.072920 4.424973
18 3342.955572 3.270961
18 3173.434257 8.176092
19 3331.401710 3.605275
15 3161.005704 8.535715
13 3157.161958 8.646934
19 3374.673717 2.353191
19 3328.297709 3.695089
19 3242.310406 6.183148
19 3253.451327 5.860783
20 3294.407770 4.675701
20 3401.212112 1.585298
20 3220.177103 6.823579
20 3333.225669 3.552498
20 3286.938126 4.891837
14 3273.569122 5.278671
20 3249.945274 5.962232
21 3447.725955 0.239411
21 3341.277325 3.319522
21 3425.784931 0.874279
18 3201.865652 7.353424
16 3164.482113 8.435124
15 3369.848412 2.492812
15 3203.550119 7.304684
13 3246.229078 6.069760
19 3387.707067 1.976069
14 3187.360458 7.773135
38 3378.792619 2.234010
16 3282.216149 5.028468
15 3402.558988 1.546326
16 3401.047241 1.590068
16 3426.281474 0.859911
17 3254.354861 5.834639
18 3413.828578 1.220238
19 3398.286061 1.669964
19 3412.798428 1.250045
15 3331.980486 3.588528
18 3346.069545 3.180858
18 3315.215639 4.073622
16 3229.671867 6.548846
13 3157.346472 8.641595
17 3271.832813 5.328912
19 3346.276013 3.174884
21 3258.689392 5.709219
18 3113.708932 9.904255
18 3363.001697 2.690923
40 3365.627784 2.614937
19 3196.236529 7.516304
22 3369.637626 2.498911
13 3116.848944 9.813399
23 3188.163226 7.749907
15 3282.553709 5.018701
18 3311.113602 4.192315
13 3368.043628 2.545034
17 3403.213172 1.527397
13 3254.991979 5.816204
20 3207.443433 7.192030
21 3263.876583 5.559127
15 3222.681494 6.751114
17 3408.185092 1.383533
18 3199.260275 7.428811
17 3401.041819 1.590225
18 3127.509418 9.504936
21 3443.641028 0.357609
19 3342.338719 3.288810
39 3385.487843 2.040282
14 3306.891566 4.314480
14 3287.365213 4.879479
17 3384.604999 2.065828
15 3334.230840 3.523413
19 3230.655219 6.520393
21 3280.532820 5.077175
19 3133.106123 9.342994
15 3198.543199 7.449560
15 3248.484069 6.004512
18 3437.484752 0.535742
18 3361.711171 2.728265
failed to find solution after reaching max emtpy limit -- 22 iterations and 13 function evals
failed to find solution after reaching max emtpy limit -- 27 iterations and 18 function evals
18 3442.519757 0.390053
22 3149.713812 8.862448
15 3420.657452 1.022643
15 3302.040132 4.454857
16 3216.249081 6.937237
19 3402.581081 1.545686
13 3164.260526 8.441536
20 3317.232289 4.015269
21 3400.984561 1.591882
15 3420.876945 1.016292
16 3323.024665 3.847666
39 3366.285760 2.595898
failed to find solution after reaching max emtpy limit -- 24 iterations and 15 function evals
failed to find solution after reaching max emtpy limit -- 24 iterations and 15 function evals
17 3258.341038 5.719299
16 3229.793811 6.545318
20 3179.508827 8.000323
38 3438.108318 0.517699
15 3415.116081 1.182984
15 3441.380081 0.423030
20 3428.565854 0.793812
15 3288.040631 4.859935
19 3375.261542 2.336182
15 3312.701999 4.146354
failed to find solution after reaching max emtpy limit -- 27 iterations and 16 function evals
15 3308.057965 4.280730
15 3258.808655 5.705768
21 3231.323085 6.501068
17 3284.173382 4.971835
12 3280.996877 5.063748
17 3368.596045 2.529050
19 3293.913752 4.689996
25 3394.332575 1.784358
21 3417.320132 1.119209
18 3153.215421 8.761128
failed to find solution after reaching max emtpy limit -- 29 iterations and 17 function evals
15 3309.508178 4.238768
16 3131.028253 9.403118
15 3321.769875 3.883974
16 3403.776348 1.511101
failed to find solution after reaching max emtpy limit -- 26 iterations and 16 function evals
failed to find solution after reaching max emtpy limit -- 37 iterations and 17 function evals
15 3154.843894 8.714008
15 3419.319535 1.061356
17 3400.238197 1.613478
16 3285.400943 4.936315
16 3438.945505 0.493475
18 3377.758318 2.263938
14 3240.507385 6.235319
18 3296.138043 4.625635
14 3213.130362 7.027478
15 3117.529672 9.793702
19 3310.398161 4.213016
17 3338.211162 3.408242
22 3319.929486 3.937226
13 3360.503807 2.763200
16 3174.395898 8.148267
18 3400.923264 1.593656
18 3336.828946 3.448237
15 3314.411594 4.096887
16 3363.367665 2.680334
failed to find solution after reaching max emtpy limit -- 29 iterations and 17 function evals
15 3178.030418 8.043101
13 3127.715041 9.498986
16 3219.245790 6.850527
17 3414.004432 1.215150
19 3423.816645 0.931231
40 3373.126372 2.397964
19 3329.090840 3.672140
34 3317.696102 4.001849
17 3274.280263 5.258094
19 3363.898340 2.664979
failed to find solution after reaching max emtpy limit -- 35 iterations and 20 function evals
22 3281.473707 5.049951
18 3200.041297 7.406212
17 3121.576825 9.676596
21 3381.615443 2.152331
17 3438.137966 0.516841
failed to find solution after reaching max emtpy limit -- 45 iterations and 35 function evals
failed to find solution after reaching max emtpy limit -- 34 iterations and 16 function evals
21 3380.540637 2.183431
failed to find solution after reaching max emtpy limit -- 32 iterations and 15 function evals
21 3430.974236 0.724125
failed to find solution after reaching max emtpy limit -- 26 iterations and 16 function evals
failed to find solution after reaching max emtpy limit -- 27 iterations and 17 function evals
failed to find solution after reaching max emtpy limit -- 39 iterations and 21 function evals
failed to find solution after reaching max emtpy limit -- 45 iterations and 22 function evals
failed to find solution after reaching max emtpy limit -- 24 iterations and 15 function evals
failed to find solution after reaching max emtpy limit -- 53 iterations and 20 function evals
failed to find solution after reaching max emtpy limit -- 26 iterations and 17 function evals
19 3399.343509 1.639366
failed to find solution after reaching max emtpy limit -- 39 iterations and 22 function evals
failed to find solution after reaching max emtpy limit -- 65 iterations and 22 function evals
