11 3135.939020 4.971545
11 3181.034313 3.605021
11 3061.942631 7.213860
11 3092.944267 6.274416
11 3031.151991 8.146909
11 3111.497089 5.712209
11 3127.597049 5.224332
11 3194.868469 3.185804
11 3187.711760 3.402674
11 2986.214577 9.508649
11 2980.653547 9.677165
11 3008.658809 8.828521
12 2984.895963 9.548607
12 3215.520386 2.559988
12 3111.531584 5.711164
12 3154.410810 4.411794
12 2979.168499 9.722167
12 3251.220239 1.478175
12 3076.544383 6.771382
12 3017.338312 8.565506
12 2974.558904 9.861851
12 3096.794752 6.157735
12 3269.872446 0.912956
12 3027.069739 8.270614
10 3118.739953 5.492729
12 3090.116028 6.360120
12 3255.361269 1.352689
12 3002.608679 9.011858
12 3161.547542 4.195529
12 3266.666186 1.010116
12 3272.123292 0.844749
12 3076.702356 6.766595
12 3176.206972 3.751304
10 3009.576415 8.800715
12 3077.766362 6.734353
12 2997.713007 9.160212
12 3269.555672 0.922555
13 3000.622538 9.072044
13 3098.799721 6.096978
13 2977.394782 9.775916
13 3183.271791 3.537218
11 3107.808915 5.823972
11 3129.864773 5.155613
10 3006.713030 8.887484
14 3273.884300 0.791385
12 3150.806813 4.521006
14 3045.575345 7.709838
14 3099.230499 6.083924
11 2997.321078 9.172089
11 3221.846590 2.368285
11 2983.302405 9.596897
12 3036.099683 7.996979
12 3043.638373 7.768534
11 3015.717237 8.614629
12 3096.750278 6.159082
13 2993.689036 9.282150
12 3286.609804 0.405764
12 3117.340216 5.535145
12 3002.866622 9.004042
11 2987.601463 9.466622
12 3160.993757 4.212310
12 3158.529283 4.286991
12 3093.412876 6.260216
12 3113.321604 5.656921
16 3044.750424 7.734836
12 3290.076966 0.300698
14 3005.949482 8.910622
13 3063.275193 7.173479
11 3070.227863 6.962792
13 3031.100015 8.148484
14 3274.327049 0.777968
10 3006.490591 8.894225
13 3273.790603 0.794224
13 3291.247165 0.265237
13 3076.438496 6.774591
15 3073.681704 6.858130
12 3237.285949 1.900426
13 2984.043842 9.574429
12 3256.354469 1.322592
11 2974.380620 9.867254
12 3296.514515 0.105621
11 3099.632568 6.071740
13 3229.559397 2.134564
12 3091.051896 6.331761
13 3003.829796 8.974855
11 3164.350520 4.110590
12 3104.961995 5.910243
13 3142.334307 4.777748
16 3087.492873 6.439610
16 3211.872209 2.670539
15 3191.947858 3.274307
14 3019.536289 8.498900
13 3069.912327 6.972354
12 2986.528322 9.499142
13 3124.395880 5.321337
11 3037.252804 7.962036
12 3071.038552 6.938226
12 3284.909798 0.457279
13 3095.775108 6.188633
12 3208.139138 2.783662
15 3015.571514 8.619045
16 3192.727374 3.250686
14 3064.869545 7.125165
12 3055.352799 7.413552
11 3011.802507 8.733257
10 2979.315800 9.717703
11 3021.188120 8.448845
13 3120.281855 5.446004
14 3166.518132 4.044905
11 2999.157461 9.116441
12 3218.328376 2.474898
15 3149.830957 4.550577
16 3105.680234 5.888478
14 3028.221976 8.235698
17 3146.836877 4.641307
16 3294.293293 0.172931
11 2997.759612 9.158800
14 3281.752814 0.552945
13 3279.561551 0.619347
14 3104.894816 5.912278
12 3049.285533 7.597408
12 3295.971715 0.122069
16 3269.167278 0.934325
17 3150.334075 4.535331
11 3118.943107 5.486573
12 3279.808899 0.611852
12 3293.000800 0.212097
11 3203.289124 2.930633
11 3194.390283 3.200294
13 2987.905673 9.457404
15 3133.043750 5.059280
11 3085.295909 6.506185
13 3277.930487 0.668773
12 3116.265217 5.567721
12 3199.296985 3.051607
12 3293.591208 0.194206
12 3243.841537 1.701772
14 3077.711589 6.736012
11 3078.182783 6.721734
12 3166.666955 4.040395
16 3280.294717 0.597130
15 3224.199140 2.296996
11 3257.631273 1.283901
17 3155.095594 4.391043
12 3070.301283 6.960567
16 3227.118036 2.208544
12 3070.976839 6.940096
13 3036.260946 7.992093
12 3042.062482 7.816288
12 3137.445091 4.925906
14 3102.473688 5.985646
19 3039.357524 7.898257
12 3284.717160 0.463116
11 3043.503167 7.772631
12 3082.013597 6.605649
11 3057.376193 7.352237
12 3099.913209 6.063236
11 3171.066124 3.907087
13 3189.572456 3.346289
11 3072.071492 6.906924
14 3271.910303 0.851203
14 3117.772358 5.522050
16 2986.826648 9.490102
13 3022.313192 8.414752
14 3295.911811 0.123885
12 3265.338643 1.050344
12 3085.706057 6.493756
11 2982.973528 9.606863
12 3240.678973 1.797607
12 3136.972321 4.940233
14 3002.767184 9.007055
14 3082.768162 6.582783
12 3208.622206 2.769024
17 3128.452145 5.198420
12 3073.859981 6.852728
12 3295.401579 0.139346
13 3108.607484 5.799773
12 3183.454397 3.531685
14 3007.744513 8.856227
13 3016.756859 8.583125
17 3253.031843 1.423277
12 3002.645432 9.010744
13 3108.987053 5.788271
13 3245.690117 1.645754
14 3071.288411 6.930654
15 3186.395665 3.442556
15 2999.938254 9.092780
20 3173.538127 3.832178
17 3048.811920 7.611760
16 3130.654686 5.131676
17 3286.112794 0.420824
15 3260.967086 1.182816
18 3259.510915 1.226942
16 3186.001473 3.454501
19 3290.011223 0.302690
15 3231.774935 2.067426
16 3113.583250 5.648992
188 3288.741677 0.341161
failed to find solution in 1200 iterations and 213 function evals
failed to find solution in 1200 iterations and 212 function evals
