9 -0.268699 7.479500
10 -0.258134 3.253543
11 -0.256371 2.548443
13 -0.261426 4.570270
14 -0.272718 9.087118
12 -0.253450 1.379927
18 -0.274783 9.913237
15 -0.263598 5.439156
failed to find solution after reaching max emtpy limit -- 16 iterations and 10 function evals
24 -0.250506 0.202384
25 -0.273803 9.521306
29 -0.273541 9.416393
33 -0.267543 7.017267
41 -0.270533 8.213234
29 -0.270594 8.237627
44 -0.273433 9.373181
33 -0.265566 6.226321
45 -0.271821 8.728218
46 -0.250167 0.066987
42 -0.261949 4.779795
47 -0.255962 2.384706
49 -0.270835 8.333801
11 -0.262365 4.945980
34 -0.274835 9.934002
48 -0.260152 4.060760
13 -0.269225 7.690181
59 -0.274753 9.901352
64 -0.268048 7.219002
24 -0.271603 8.641133
failed to find solution after reaching max emtpy limit -- 50 iterations and 41 function evals
66 -0.260207 4.082664
30 -0.267122 6.848760
71 -0.261094 4.437747
53 -0.270089 8.035624
74 -0.265817 6.326602
16 -0.269789 7.915632
74 -0.265050 6.019817
74 -0.250011 0.004567
72 -0.269756 7.902294
74 -0.267731 7.092214
77 -0.268323 7.329221
44 -0.262340 4.936018
82 -0.260293 4.117305
76 -0.272616 9.046420
83 -0.258199 3.279773
82 -0.267667 7.066988
33 -0.258104 3.241785
87 -0.255130 2.052178
failed to find solution after reaching max emtpy limit -- 81 iterations and 68 function evals
51 -0.250212 0.084761
failed to find solution after reaching max emtpy limit -- 83 iterations and 76 function evals
91 -0.253086 1.234532
26 -0.274290 9.716110
failed to find solution after reaching max emtpy limit -- 87 iterations and 80 function evals
10 -0.264727 5.890631
16 -0.265710 6.284079
79 -0.265248 6.099042
28 -0.264484 5.793787
failed to find solution after reaching max emtpy limit -- 17 iterations and 11 function evals
98 -0.269587 7.834628
96 -0.254876 1.950373
19 -0.270211 8.084431
34 -0.269909 7.963420
70 -0.252340 0.936157
16 -0.264426 5.770579
103 -0.256951 2.780514
100 -0.251211 0.484436
64 -0.271277 8.510920
18 -0.268313 7.325386
failed to find solution after reaching max emtpy limit -- 108 iterations and 88 function evals
115 -0.251075 0.429835
52 -0.274328 9.731384
105 -0.273640 9.456060
28 -0.272856 9.142595
60 -0.263497 5.398698
108 -0.262270 4.907840
104 -0.270128 8.051104
68 -0.250382 0.152902
119 -0.257279 2.911772
31 -0.252804 1.121437
78 -0.263739 5.495479
89 -0.266021 6.408587
81 -0.254376 1.750296
26 -0.264191 5.676599
failed to find solution after reaching max emtpy limit -- 130 iterations and 118 function evals
19 -0.260435 4.173855
68 -0.258135 3.254169
failed to find solution after reaching max emtpy limit -- 67 iterations and 61 function evals
130 -0.261306 4.522286
20 -0.262501 5.000328
142 -0.256577 2.630864
73 -0.266496 6.598528
18 -0.264413 5.765126
76 -0.262198 4.879262
117 -0.271702 8.680886
42 -0.250309 0.123428
14 -0.259599 3.839442
17 -0.269882 7.952655
75 -0.258831 3.532335
65 -0.250539 0.215750
31 -0.267117 6.846837
66 -0.274733 9.893095
failed to find solution after reaching max emtpy limit -- 105 iterations and 99 function evals
10 -0.261740 4.696164
14 -0.271428 8.571251
66 -0.263234 5.293601
81 -0.267639 7.055716
72 -0.274117 9.646617
failed to find solution after reaching max emtpy limit -- 74 iterations and 67 function evals
36 -0.272263 8.905165
22 -0.259237 3.694629
38 -0.270424 8.169431
81 -0.250022 0.008651
failed to find solution after reaching max emtpy limit -- 19 iterations and 13 function evals
36 -0.268185 7.274195
failed to find solution after reaching max emtpy limit -- 18 iterations and 12 function evals
failed to find solution after reaching max emtpy limit -- 108 iterations and 102 function evals
25 -0.270326 8.130539
failed to find solution after reaching max emtpy limit -- 72 iterations and 64 function evals
33 -0.272585 9.033943
failed to find solution after reaching max emtpy limit -- 17 iterations and 11 function evals
138 -0.268801 7.520480
74 -0.266898 6.759001
failed to find solution after reaching max emtpy limit -- 17 iterations and 11 function evals
25 -0.270103 8.041387
97 -0.269940 7.976064
19 -0.274343 9.737242
92 -0.261956 4.782238
33 -0.263852 5.540794
25 -0.270553 8.221283
77 -0.273192 9.276685
98 -0.250087 0.034618
73 -0.261410 4.563866
69 -0.267394 6.957721
121 -0.274352 9.740784
193 -0.264741 5.896496
137 -0.262408 4.963065
failed to find solution after reaching max emtpy limit -- 56 iterations and 45 function evals
90 -0.274323 9.729277
26 -0.252673 1.069208
63 -0.272654 9.061489
failed to find solution after reaching max emtpy limit -- 128 iterations and 117 function evals
71 -0.254072 1.628694
19 -0.263230 5.291971
30 -0.269378 7.751260
10 -0.250077 0.030963
55 -0.264094 5.637597
95 -0.274632 9.852658
29 -0.250256 0.102421
25 -0.272329 8.931694
87 -0.273096 9.238586
11 -0.250016 0.006227
failed to find solution after reaching max emtpy limit -- 100 iterations and 87 function evals
56 -0.274090 9.636109
15 -0.268837 7.534607
27 -0.253974 1.589571
46 -0.274335 9.733904
67 -0.262155 4.861885
failed to find solution after reaching max emtpy limit -- 91 iterations and 84 function evals
76 -0.270044 8.017779
115 -0.267132 6.852855
failed to find solution after reaching max emtpy limit -- 85 iterations and 61 function evals
161 -0.257228 2.891264
143 -0.252100 0.840020
152 -0.251934 0.773446
39 -0.267851 7.140460
92 -0.271199 8.479637
106 -0.261904 4.761638
81 -0.262187 4.874921
90 -0.255549 2.219578
failed to find solution after reaching max emtpy limit -- 63 iterations and 57 function evals
62 -0.255728 2.291158
failed to find solution after reaching max emtpy limit -- 57 iterations and 51 function evals
51 -0.252083 0.833371
69 -0.251314 0.525595
failed to find solution after reaching max emtpy limit -- 102 iterations and 87 function evals
83 -0.267233 6.893175
102 -0.262605 5.041946
failed to find solution after reaching max emtpy limit -- 162 iterations and 155 function evals
72 -0.259640 3.856010
77 -0.250001 0.000242
failed to find solution after reaching max emtpy limit -- 124 iterations and 118 function evals
83 -0.250711 0.284560
125 -0.252112 0.844728
87 -0.264439 5.775624
failed to find solution after reaching max emtpy limit -- 122 iterations and 115 function evals
failed to find solution after reaching max emtpy limit -- 83 iterations and 77 function evals
77 -0.262535 5.014130
failed to find solution after reaching max emtpy limit -- 130 iterations and 122 function evals
failed to find solution after reaching max emtpy limit -- 181 iterations and 175 function evals
123 -0.266264 6.505418
81 -0.266307 6.522659
84 -0.254806 1.922393
88 -0.250042 0.016611
failed to find solution after reaching max emtpy limit -- 115 iterations and 109 function evals
failed to find solution after reaching max emtpy limit -- 124 iterations and 117 function evals
failed to find solution after reaching max emtpy limit -- 162 iterations and 146 function evals
118 -0.259467 3.786954
failed to find solution after reaching max emtpy limit -- 230 iterations and 222 function evals
230 -0.274688 9.875236
