28 0.902614 9.738647
33 0.946925 5.307518
36 0.949409 5.059065
20 0.912834 8.716566
40 0.961329 3.867094
21 0.917986 8.201418
21 0.904235 9.576488
23 0.924296 7.570412
23 0.906959 9.304136
24 0.960967 3.903321
25 0.922286 7.771394
25 0.940082 5.991768
25 0.924038 7.596249
25 0.914431 8.556897
25 0.925652 7.434827
25 0.953632 4.636796
49 0.982133 1.786689
27 0.954115 4.588514
27 0.965399 3.460111
28 0.970783 2.921653
28 0.934181 6.581854
39 0.977934 2.206615
28 0.951879 4.812117
28 0.939565 6.043477
29 0.970163 2.983652
19 0.932101 6.789909
31 0.944910 5.508988
31 0.963724 3.627614
32 0.969385 3.061534
17 0.923495 7.650527
33 0.926579 7.342133
33 0.966333 3.366671
55 0.983044 1.695574
35 0.981626 1.837425
35 0.978427 2.157301
35 0.970486 2.951380
35 0.974232 2.576811
35 0.967348 3.265240
36 0.982274 1.772631
38 0.963781 3.621941
37 0.988456 1.154449
37 0.986575 1.342530
37 0.976136 2.386380
52 0.981969 1.803124
21 0.949017 5.098344
40 0.983334 1.666592
41 0.983982 1.601782
39 0.961935 3.806526
43 0.981291 1.870938
29 0.986070 1.392965
44 0.982518 1.748242
44 0.986559 1.344072
23 0.928910 7.108998
25 0.922639 7.736116
38 0.963270 3.673025
36 0.958088 4.191172
45 0.983319 1.668148
28 0.961712 3.828761
29 0.956517 4.348309
40 0.968781 3.121940
39 0.976538 2.346188
29 0.929677 7.032333
23 0.927600 7.240044
29 0.969965 3.003492
51 0.982012 1.798750
43 0.980774 1.922595
32 0.971338 2.866155
31 0.979042 2.095842
23 0.947032 5.296791
27 0.970616 2.938389
33 0.978537 2.146298
25 0.929112 7.088784
27 0.900465 9.953543
33 0.976314 2.368573
38 0.980245 1.975540
24 0.915834 8.416567
33 0.963888 3.611176
29 0.976741 2.325853
51 0.977544 2.245631
28 0.955768 4.423200
28 0.977256 2.274352
37 0.975423 2.457653
45 0.972347 2.765348
37 0.982330 1.767039
37 0.967924 3.207585
42 0.977766 2.223360
44 0.986346 1.365446
41 0.985875 1.412537
32 0.946528 5.347224
33 0.965322 3.467844
32 0.959401 4.059921
46 0.979497 2.050293
29 0.952512 4.748801
42 0.969417 3.058333
36 0.914061 8.593883
25 0.953732 4.626759
17 0.930161 6.983887
28 0.962117 3.788261
27 0.936782 6.321792
24 0.929677 7.032293
29 0.955450 4.454991
39 0.959857 4.014274
28 0.971222 2.877804
28 0.955741 4.425894
33 0.972135 2.786505
32 0.981388 1.861241
43 0.970437 2.956265
28 0.951313 4.868661
24 0.954287 4.571279
33 0.926639 7.336117
25 0.956283 4.371696
41 0.979990 2.001014
28 0.933193 6.680652
33 0.976053 2.394687
28 0.962686 3.731368
29 0.973247 2.675316
25 0.947240 5.276021
27 0.943879 5.612082
41 0.973609 2.639137
31 0.961100 3.890003
42 0.967605 3.239479
36 0.977600 2.240037
39 0.959443 4.055725
37 0.977509 2.249141
24 0.909773 9.022663
33 0.983736 1.626412
41 0.961851 3.814863
29 0.972746 2.725375
24 0.907367 9.263250
27 0.923313 7.668706
35 0.969246 3.075441
24 0.904621 9.537948
20 0.966426 3.357420
19 0.935136 6.486379
29 0.964622 3.537761
32 0.973903 2.609740
37 0.974907 2.509252
39 0.976315 2.368514
36 0.968631 3.136905
29 0.975631 2.436881
44 0.973960 2.604034
38 0.964333 3.566747
38 0.967684 3.231590
48 0.986107 1.389339
45 0.971632 2.836849
35 0.970775 2.922475
35 0.983888 1.611243
46 0.977212 2.278783
46 0.977162 2.283769
21 0.905287 9.471323
49 0.984579 1.542060
46 0.981988 1.801213
36 0.984091 1.590873
34 0.907769 9.223102
32 0.976475 2.352548
21 0.906484 9.351561
33 0.982124 1.787624
24 0.905258 9.474194
27 0.938127 6.187317
21 0.919363 8.063698
31 0.964461 3.553897
27 0.962364 3.763600
31 0.963878 3.612167
36 0.980963 1.903692
27 0.929374 7.062590
36 0.976600 2.340022
29 0.972700 2.729961
35 0.941724 5.827558
17 0.903443 9.655697
17 0.909315 9.068507
31 0.973818 2.618241
36 0.957394 4.260615
41 0.986627 1.337314
40 0.970637 2.936281
35 0.968046 3.195433
23 0.934966 6.503371
33 0.929709 7.029124
23 0.919743 8.025651
31 0.930400 6.960036
37 0.964365 3.563466
37 0.977383 2.261665
35 0.968267 3.173258
43 0.974334 2.566643
31 0.974775 2.522508
37 0.979884 2.011628
27 0.978222 2.177814
41 0.985962 1.403796
27 0.965850 3.414993
43 0.969617 3.038275
27 0.932317 6.768283
43 0.971669 2.833136
39 0.970376 2.962373
37 0.983270 1.672996
39 0.977307 2.269269
36 0.973857 2.614279
32 0.974246 2.575431
33 0.979631 2.036906
41 0.983374 1.662602
48 0.976127 2.387342
49 0.981779 1.822098
