31 -6.582046 9.700765
34 -6.268645 4.477409
37 -6.505833 8.430542
40 -6.433464 7.224404
41 -6.363160 6.052665
42 -6.350731 5.845512
42 -6.576564 9.609398
42 -6.575293 9.588221
42 -6.434647 7.244109
43 -6.406471 6.774519
43 -6.442767 7.379447
43 -6.424002 7.066701
43 -6.416555 6.942584
44 -6.431332 7.188864
46 -6.512149 8.535817
46 -6.257596 4.293270
46 -6.395601 6.593348
47 -6.390835 6.513915
48 -6.247049 4.117479
48 -6.339483 5.658050
48 -6.337739 5.628977
48 -6.537335 8.955590
48 -6.339867 5.664446
49 -6.294909 4.915155
49 -6.459649 7.660810
49 -6.490722 8.178701
49 -6.325862 5.431025
49 -6.482360 8.039340
50 -6.215411 3.590185
50 -6.354715 5.911914
50 -6.346854 5.780903
52 -6.337331 5.622180
52 -6.364078 6.067959
52 -6.360672 6.011200
52 -6.270283 4.504712
53 -6.481633 8.027211
53 -6.456203 7.603383
53 -6.258027 4.300454
54 -6.367024 6.117064
54 -6.292713 4.878557
54 -6.299152 4.985862
54 -6.247506 4.125094
56 -6.247634 4.127240
56 -6.287420 4.790341
56 -6.471491 7.858185
58 -6.392378 6.539628
58 -6.317587 5.293123
58 -6.275663 4.594385
32 -6.456766 7.612762
47 -6.491388 8.189805
30 -6.455404 7.590074
43 -6.300654 5.010895
47 -6.556192 9.269874
38 -6.455325 7.588742
42 -6.491052 8.184206
40 -6.568163 9.469383
40 -6.524677 8.744611
44 -6.394983 6.583049
37 -6.519224 8.653739
48 -6.294390 4.906495
46 -6.356962 5.949375
43 -6.344354 5.739237
50 -6.289123 4.818723
41 -6.497804 8.296741
46 -6.417253 6.954213
44 -6.484635 8.077246
50 -6.277108 4.618468
46 -6.283467 4.724449
47 -6.243585 4.059750
47 -6.499811 8.330190
50 -6.362653 6.044216
46 -6.594653 9.910883
36 -6.542598 9.043301
43 -6.380540 6.342335
49 -6.371309 6.188489
48 -6.301229 5.020477
49 -6.300308 5.005129
43 -6.522966 8.716093
44 -6.548565 9.142755
52 -6.374200 6.236659
49 -6.183239 3.053987
44 -6.585881 9.764686
55 -6.182980 3.049663
43 -6.332012 5.533536
47 -6.510121 8.502020
48 -6.378993 6.316553
59 -6.213515 3.558586
49 -6.477743 7.962380
52 -6.260752 4.345870
50 -6.502462 8.374359
47 -6.328647 5.477455
46 -6.239942 3.999027
48 -6.380368 6.339469
46 -6.390361 6.506012
38 -6.564254 9.404232
43 -6.490209 8.170152
53 -6.393058 6.550960
36 -6.322383 5.373048
62 -6.377764 6.296063
46 -6.569829 9.497152
47 -6.412511 6.875182
40 -6.417796 6.963267
37 -6.581266 9.687764
32 -6.542342 9.039040
47 -6.460245 7.670742
42 -6.452486 7.541431
49 -6.288376 4.806259
50 -6.382153 6.369215
37 -6.527414 8.790227
55 -6.149667 2.494446
38 -6.500016 8.333606
43 -6.348508 5.808463
47 -6.370382 6.173039
44 -6.302648 5.044139
47 -6.593437 9.890614
48 -6.375817 6.263617
47 -6.441299 7.354987
37 -6.517044 8.617400
44 -6.516962 8.616041
47 -6.271805 4.530090
55 -6.289167 4.819456
44 -6.542947 9.049110
48 -6.240232 4.003868
47 -6.421003 7.016718
48 -6.408725 6.812078
50 -6.313008 5.216797
48 -6.592105 9.868416
37 -6.523306 8.721771
46 -6.558364 9.306059
52 -6.440553 7.342553
44 -6.559841 9.330683
53 -6.347763 5.796053
49 -6.341925 5.698748
54 -6.323566 5.392763
53 -6.461652 7.694195
49 -6.516022 8.600368
53 -6.377377 6.289623
43 -6.432939 7.215654
52 -6.355223 5.920389
53 -6.193382 3.223034
46 -6.511875 8.531243
47 -6.373256 6.220928
53 -6.281681 4.694683
59 -6.222189 3.703150
55 -6.235541 3.925688
66 -6.243580 4.059670
47 -6.299956 4.999274
60 -6.314822 5.247033
55 -6.222566 3.709426
50 -6.292786 4.879765
46 -6.291372 4.856193
47 -6.250143 4.169051
50 -6.191915 3.198590
52 -6.175599 2.926651
49 -6.433217 7.220286
44 -6.277705 4.628414
40 -6.596936 9.948932
40 -6.283223 4.720378
43 -6.407884 6.798070
54 -6.235072 3.917871
44 -6.346648 5.777467
52 -6.524238 8.737305
34 -6.279942 4.665701
49 -6.242776 4.046259
44 -6.441171 7.352851
40 -6.452690 7.544826
50 -6.275110 4.585162
43 -6.434883 7.248058
43 -6.434775 7.246254
43 -6.389128 6.485468
47 -6.459350 7.655829
52 -6.509264 8.487740
42 -6.411825 6.863752
43 -6.562707 9.378442
46 -6.468754 7.812561
44 -6.449699 7.494984
55 -6.349002 5.816693
49 -6.226738 3.778960
49 -6.490290 8.171504
53 -6.163743 2.729042
54 -6.256429 4.273815
50 -6.415911 6.931851
46 -6.500656 8.344270
44 -6.311663 5.194387
55 -6.543508 9.058465
46 -6.598431 9.973843
49 -6.263169 4.386154
50 -6.311216 5.186941
52 -6.323814 5.396893
53 -6.266895 4.448250
35 -6.599407 9.990124
49 -6.420924 7.015407
54 -6.333814 5.563564
43 -6.330118 5.501969
58 -6.316534 5.275561
49 -6.367137 6.118950
64 -6.157609 2.626823
52 -6.450004 7.500075
50 -6.334506 5.575104
56 -6.288203 4.803383
