17 -0.990560 3.883615
18 -1.008362 5.750574
18 -0.975862 2.342207
19 -1.032519 8.283932
19 -1.043102 9.393906
19 -0.985904 3.395311
20 -1.044202 9.509220
20 -1.029139 7.929482
20 -1.029550 7.972626
22 -0.996888 4.547250
22 -1.017036 6.660187
22 -1.040136 9.082756
22 -1.017209 6.678332
22 -1.046874 9.789474
22 -1.005524 5.452970
23 -0.996639 4.521080
23 -0.988529 3.670603
23 -1.012076 6.140100
23 -0.993433 4.184912
23 -0.985172 3.318499
23 -0.979260 2.698479
24 -0.988846 3.703804
24 -0.974794 2.230137
24 -1.026739 7.677863
24 -0.994364 4.282514
25 -0.993792 4.222560
25 -0.964156 1.114475
25 -0.958497 0.521011
25 -1.015937 6.545015
25 -1.032104 8.240488
25 -1.006077 5.510868
26 -1.000830 4.960590
26 -1.039845 9.052305
26 -0.981368 2.919639
26 -1.004088 5.302307
26 -0.992175 4.052931
26 -0.964410 1.141194
28 -0.993987 4.242962
28 -0.967237 1.437594
28 -0.965729 1.279474
28 -0.991665 3.999475
19 -1.030372 8.058851
29 -0.961027 0.786406
29 -0.978450 2.613556
19 -1.035188 8.563938
30 -0.975952 2.351593
30 -0.981783 2.963076
20 -0.973617 2.106678
31 -0.963074 1.001048
32 -0.979342 2.707166
32 -0.967498 1.464968
19 -1.001060 4.984760
22 -1.033505 8.387360
24 -0.981652 2.949357
20 -0.981420 2.925002
24 -0.969335 1.657665
20 -1.031886 8.217613
28 -1.011144 6.042273
19 -1.023929 7.383102
23 -1.036214 8.671504
23 -0.995700 4.422670
22 -1.021501 7.128437
23 -1.035734 8.621182
29 -0.962878 0.980500
19 -1.011867 6.118079
25 -1.019947 6.965525
28 -0.961960 0.884205
25 -1.022037 7.184646
26 -0.989652 3.788340
24 -0.993787 4.222046
25 -0.977212 2.483758
23 -0.975377 2.291329
20 -0.967694 1.485592
24 -1.044909 9.583335
24 -0.991971 4.031522
24 -0.974523 2.201734
29 -1.044638 9.554975
29 -1.002363 5.121401
25 -0.996860 4.544320
22 -0.998054 4.669492
30 -0.975662 2.321180
30 -0.968537 1.573924
26 -1.013021 6.239154
24 -1.026893 7.693972
25 -0.976462 2.405036
28 -0.984414 3.239029
28 -1.026465 7.649073
20 -1.013099 6.247360
26 -0.957990 0.467842
23 -1.037289 8.784203
19 -1.032900 8.323953
26 -0.968028 1.520584
23 -0.984758 3.275123
28 -0.984340 3.231324
32 -0.967793 1.495974
30 -1.011214 6.049646
26 -0.974697 2.220006
24 -1.008143 5.727541
26 -0.986070 3.412701
31 -0.970986 1.830824
23 -1.045650 9.661068
18 -1.031140 8.139360
23 -0.968441 1.563875
28 -0.980295 2.807068
22 -1.034817 8.524956
22 -1.027790 7.787998
22 -0.985451 3.347836
26 -1.002598 5.146014
20 -1.031720 8.200235
24 -0.978654 2.634999
30 -1.002118 5.095732
23 -0.986390 3.446221
25 -0.959356 0.611156
25 -0.972210 1.959119
26 -0.980913 2.871917
22 -1.007679 5.678870
23 -1.009530 5.873012
23 -0.997589 4.620725
25 -0.980278 2.805331
26 -1.029047 7.919893
22 -1.000723 4.949447
24 -0.972287 1.967186
22 -1.022925 7.277811
25 -0.974368 2.185477
18 -1.001485 5.029353
24 -0.979835 2.758769
29 -0.976484 2.407372
23 -0.980000 2.776080
29 -0.961626 0.849146
22 -0.982886 3.078762
22 -1.038557 8.917182
26 -0.990396 3.866384
26 -1.014372 6.380866
28 -0.992698 4.107761
24 -0.992032 4.038005
28 -0.989271 3.748452
26 -1.022377 7.220302
30 -0.974982 2.249848
18 -1.015796 6.530226
25 -0.967246 1.438526
18 -1.038679 8.929971
23 -1.021480 7.126283
26 -0.971273 1.860915
31 -0.969406 1.665047
25 -1.023312 7.318402
26 -1.020141 6.985893
26 -0.971623 1.897565
26 -0.976426 2.401293
28 -1.018444 6.807915
25 -0.966009 1.308792
24 -0.986700 3.478728
29 -0.972745 2.015263
18 -0.993312 4.172154
20 -1.039541 9.020403
25 -1.035695 8.617066
22 -1.042976 9.380615
29 -0.967119 1.425218
28 -0.972807 2.021761
26 -0.982706 3.059879
26 -0.973699 2.115356
29 -1.036972 8.750965
26 -0.979326 2.705491
26 -0.999007 4.769503
24 -0.977453 2.508971
22 -0.994610 4.308335
28 -0.971266 1.860209
25 -0.975039 2.255802
28 -0.981828 2.967841
23 -1.046471 9.747143
26 -0.975902 2.346337
28 -0.962479 0.938589
22 -1.031263 8.152288
24 -0.981415 2.924487
24 -1.043283 9.412875
26 -0.990980 3.927636
20 -1.035229 8.568143
19 -1.030518 8.074130
20 -0.979590 2.733166
24 -1.020105 6.982119
29 -0.964482 1.148651
28 -0.969113 1.634364
29 -0.965938 1.301408
29 -0.983602 3.153866
25 -0.978863 2.656881
31 -0.977967 2.562884
34 -0.969256 1.649347
28 -1.013237 6.261767
22 -1.038513 8.912574
29 -0.977132 2.475302
25 -0.977329 2.495957
25 -0.961017 0.785257
25 -0.974818 2.232662
28 -0.994057 4.250329
26 -0.974150 2.162629
31 -0.969697 1.695611
25 -0.990229 3.848842
30 -0.978102 2.577027
30 -0.962301 0.919921
31 -0.966047 1.312857
31 -1.006455 5.550510
