32 6290.259389 9.646257
30 6957.409810 0.063259
44 6935.225606 0.381915
50 6939.559898 0.319657
42 6934.092277 0.398194
44 6958.421633 0.048725
54 6416.382974 7.834608
63 6960.582901 0.017681
61 6793.891924 2.412042
54 6915.994183 0.658156
69 6935.713477 0.374907
49 6948.531403 0.190789
53 6932.799679 0.416761
48 6902.836314 0.847157
56 6803.546434 2.273364
61 6961.434415 0.005450
80 6953.748010 0.115858
79 6912.472398 0.708744
50 6557.870402 5.802272
71 6729.308335 3.339726
68 6748.152056 3.069053
50 6957.798312 0.057679
53 6794.852532 2.398244
63 6949.003351 0.184010
58 6956.641918 0.074289
57 6914.583477 0.678420
75 6906.129432 0.799854
67 6704.878616 3.690636
73 6633.679493 4.713345
100 6920.932441 0.587223
123 6564.814522 5.702527
130 6915.957835 0.658679
98 6801.714517 2.299678
37 6957.682689 0.059340
107 6650.398162 4.473197
64 6563.359127 5.723432
59 6872.940504 1.276583
118 6934.696817 0.389510
57 6960.826984 0.014175
50 6960.863112 0.013656
51 6951.236668 0.151931
99 6899.677875 0.892525
126 6955.026954 0.097487
53 6914.257132 0.683108
40 6945.132453 0.239612
70 6941.545824 0.291131
136 6717.168815 3.514099
70 6920.068195 0.599637
161 6949.695384 0.174070
82 6433.671250 7.586278
129 6935.225519 0.381916
108 6931.210974 0.439581
55 6812.501840 2.144728
88 6866.462336 1.369636
59 6953.989431 0.112390
35 6856.572147 1.511699
35 6461.792190 7.182347
96 6947.979649 0.198715
74 6947.189365 0.210067
87 6412.190344 7.894831
52 6890.768282 1.020503
59 6936.402755 0.365006
68 6494.421293 6.713660
111 6867.187742 1.359216
58 6928.210659 0.482678
74 6575.312505 5.551733
86 6940.739989 0.302706
88 6924.312892 0.538666
51 6874.655564 1.251947
89 6946.213743 0.224080
188 6800.098973 2.322884
53 6508.565123 6.510497
75 6852.257611 1.573673
88 6501.935149 6.605731
33 6956.434867 0.077264
77 6946.959755 0.213365
51 6951.317238 0.150774
59 6821.041956 2.022057
29 6945.002956 0.241472
40 6960.644343 0.016798
115 6938.854378 0.329791
105 6902.724035 0.848770
95 6939.443410 0.321330
106 6910.341574 0.739351
59 6501.627943 6.610143
93 6922.467411 0.565175
135 6895.655122 0.950308
60 6944.033153 0.255403
67 6912.560176 0.707483
47 6945.016793 0.241274
45 6915.634339 0.663325
42 6918.682325 0.619544
63 6815.697522 2.098825
45 6920.620624 0.591702
64 6938.511400 0.334718
73 6929.395436 0.465660
78 6951.012081 0.155157
38 6911.716484 0.719602
49 6736.010947 3.243449
85 6934.402291 0.393741
52 6631.916259 4.738672
75 6921.539232 0.578507
58 6955.477664 0.091013
61 6942.535392 0.276917
79 6905.959526 0.802295
70 6929.624750 0.462366
90 6928.639429 0.476519
127 6957.470870 0.062382
58 6950.804973 0.158132
106 6929.859614 0.458992
151 6943.070235 0.269234
89 6902.454752 0.852638
43 6859.813696 1.465137
50 6727.658834 3.363419
106 6902.372225 0.853823
37 6949.740607 0.173420
206 6862.497145 1.426592
50 6893.710316 0.978244
87 6824.146118 1.977469
117 6951.757649 0.144447
72 6321.829191 9.192786
29 6934.935820 0.386077
77 6939.538560 0.319963
67 6940.584491 0.304939
74 6706.638055 3.665363
71 6928.984833 0.471558
140 6939.420935 0.321653
94 6940.698972 0.303295
133 6761.475927 2.877668
81 6938.886574 0.329328
56 6946.762345 0.216200
53 6925.397172 0.523091
128 6513.317338 6.442236
59 6959.050329 0.039695
59 6905.741466 0.805427
48 6949.255004 0.180396
52 6481.904935 6.893446
40 6942.875202 0.272036
69 6311.671391 9.338693
102 6953.584697 0.118204
83 6949.516416 0.176641
84 6950.834031 0.157714
49 6827.228334 1.933196
151 6668.981519 4.206264
47 6961.240776 0.008231
47 6824.117495 1.977880
46 6887.380983 1.069159
28 6936.419650 0.364764
136 6958.140885 0.052758
50 6838.067197 1.777505
72 6896.615649 0.936511
60 6940.043933 0.312704
57 6904.792792 0.819054
80 6947.397703 0.207074
81 6544.322643 5.996873
90 6961.260707 0.007945
76 6958.772434 0.043687
51 6823.159303 1.991643
31 6530.068934 6.201615
148 6918.456578 0.622786
34 6728.067313 3.357552
75 6571.613849 5.604861
29 6916.407938 0.652213
30 6961.352208 0.006630
70 6917.751275 0.632917
53 6903.711827 0.834581
39 6329.397424 9.084075
73 6523.162515 6.300819
90 6732.331530 3.296300
89 6739.104209 3.199017
53 6919.336510 0.610147
54 6941.664080 0.289432
45 6951.624132 0.146365
165 6864.840652 1.392929
57 6916.481006 0.651164
71 6947.202895 0.209872
85 6629.090978 4.779255
124 6749.854285 3.044602
59 6923.964313 0.543673
45 6781.319958 2.592627
49 6957.009233 0.069013
85 6914.035088 0.686297
65 6946.099237 0.225725
78 6942.025420 0.284242
54 6921.982082 0.572146
131 6943.016626 0.270004
79 6572.476218 5.592473
50 6939.116270 0.326029
140 6933.425698 0.407769
72 6929.175238 0.468823
165 6954.366311 0.106976
88 6947.636916 0.203638
103 6910.024664 0.743903
58 6314.464657 9.298570
135 6371.613909 8.477674
103 6916.261461 0.654317
95 6842.128003 1.719176
104 6934.834487 0.387533
131 6948.549471 0.190530
84 6851.399360 1.586001
