12 -1.008557 0.855747
12 -1.048801 4.880128
13 -1.075201 7.520112
13 -1.005954 0.595356
14 -1.068456 6.845613
16 -1.028461 2.846090
16 -1.047533 4.753294
16 -1.012226 1.222596
16 -1.021752 2.175218
16 -1.044038 4.403823
16 -1.005398 0.539834
16 -1.049716 4.971633
17 -1.049518 4.951797
17 -1.067755 6.775541
17 -1.083232 8.323243
17 -1.039027 3.902704
17 -1.070456 7.045552
17 -1.091780 9.177981
17 -1.012688 1.268818
17 -1.021734 2.173356
14 -1.037737 3.773688
18 -1.089751 8.975143
18 -1.027965 2.796481
18 -1.053957 5.395683
18 -1.077399 7.739908
18 -1.096317 9.631671
18 -1.001716 0.171556
19 -1.034914 3.491362
19 -1.030924 3.092372
19 -1.058702 5.870165
20 -1.057616 5.761609
20 -1.037040 3.704038
20 -1.018243 1.824301
20 -1.072948 7.294834
14 -1.062674 6.267398
22 -1.012494 1.249351
22 -1.095979 9.597853
22 -1.032698 3.269848
22 -1.022246 2.224576
22 -1.057878 5.787810
22 -1.046677 4.667697
14 -1.002277 0.227655
23 -1.044783 4.478274
23 -1.077039 7.703925
23 -1.031798 3.179751
13 -1.081543 8.154340
24 -1.070545 7.054499
24 -1.063608 6.360808
17 -1.010187 1.018686
24 -1.091440 9.143952
17 -1.023046 2.304649
24 -1.010519 1.051913
16 -1.059896 5.989639
25 -1.022924 2.292382
16 -1.007933 0.793278
19 -1.052461 5.246077
18 -1.077125 7.712521
22 -1.042423 4.242265
26 -1.014173 1.417324
18 -1.063686 6.368642
19 -1.089588 8.958830
13 -1.071388 7.138791
18 -1.020046 2.004550
19 -1.072388 7.238775
18 -1.054714 5.471385
18 -1.079106 7.910571
25 -1.043261 4.326127
20 -1.041027 4.102654
22 -1.089267 8.926739
16 -1.053659 5.365867
20 -1.060231 6.023146
13 -1.091254 9.125403
25 -1.027218 2.721794
17 -1.083662 8.366217
23 -1.078679 7.867874
23 -1.086154 8.615415
22 -1.040789 4.078947
25 -1.013886 1.388619
19 -1.064452 6.445190
19 -1.029409 2.940904
23 -1.084558 8.455756
14 -1.007881 0.788107
18 -1.041206 4.120589
14 -1.067649 6.764913
16 -1.038280 3.827959
23 -1.019734 1.973428
23 -1.044113 4.411349
18 -1.021982 2.198186
22 -1.012244 1.224441
20 -1.005071 0.507138
22 -1.028910 2.891002
19 -1.068768 6.876755
18 -1.003027 0.302693
20 -1.090141 9.014066
19 -1.001656 0.165587
19 -1.013244 1.324447
13 -1.077216 7.721607
16 -1.076979 7.697901
18 -1.068907 6.890653
17 -1.096176 9.617552
23 -1.084293 8.429336
22 -1.070047 7.004664
20 -1.006623 0.662263
18 -1.011577 1.157709
18 -1.099175 9.917489
22 -1.058040 5.803984
14 -1.017425 1.742490
19 -1.072389 7.238904
14 -1.057571 5.757068
13 -1.020015 2.001509
23 -1.020534 2.053424
16 -1.043971 4.397093
17 -1.062166 6.216636
24 -1.013591 1.359052
26 -1.065740 6.573976
20 -1.085640 8.563991
17 -1.027585 2.758464
20 -1.055505 5.550520
17 -1.012804 1.280431
19 -1.051544 5.154354
19 -1.003028 0.302766
16 -1.021688 2.168772
28 -1.026238 2.623767
17 -1.024843 2.484334
19 -1.003205 0.320469
20 -1.044974 4.497434
17 -1.029518 2.951764
19 -1.072035 7.203471
22 -1.080212 8.021186
16 -1.057945 5.794469
18 -1.037048 3.704801
16 -1.087829 8.782859
19 -1.042050 4.205042
22 -1.014273 1.427280
19 -1.093290 9.328958
25 -1.012247 1.224664
17 -1.099868 9.986797
24 -1.047821 4.782052
17 -1.053740 5.373951
23 -1.044179 4.417870
22 -1.072060 7.206015
26 -1.071663 7.166334
16 -1.090612 9.061240
17 -1.077478 7.747827
18 -1.059820 5.981973
25 -1.027822 2.782168
20 -1.054204 5.420374
18 -1.024976 2.497561
20 -1.083664 8.366359
16 -1.062364 6.236398
19 -1.041656 4.165614
23 -1.017565 1.756473
23 -1.027053 2.705294
17 -1.032713 3.271260
18 -1.084994 8.499361
18 -1.030311 3.031110
16 -1.011108 1.110773
16 -1.026924 2.692364
16 -1.005762 0.576159
19 -1.013989 1.398938
28 -1.022080 2.208029
17 -1.088039 8.803949
16 -1.010115 1.011502
16 -1.000746 0.074646
30 -1.091081 9.108148
18 -1.043837 4.383713
18 -1.013511 1.351086
18 -1.040163 4.016274
19 -1.030847 3.084733
19 -1.023168 2.316768
22 -1.099578 9.957772
23 -1.015744 1.574387
18 -1.016969 1.696914
19 -1.063848 6.384793
17 -1.092585 9.258484
19 -1.006810 0.680991
22 -1.093296 9.329583
22 -1.088633 8.863324
22 -1.015764 1.576375
28 -1.005069 0.506868
23 -1.085096 8.509578
17 -1.099891 9.989139
24 -1.044583 4.458341
22 -1.095587 9.558673
19 -1.053165 5.316518
26 -1.057928 5.792803
20 -1.033998 3.399815
20 -1.022770 2.276999
22 -1.024935 2.493450
24 -1.082946 8.294599
22 -1.060144 6.014422
23 -1.005045 0.504465
20 -1.016557 1.655722
20 -1.033256 3.325556
22 -1.008977 0.897718
28 -1.027313 2.731318
25 -1.029301 2.930065
24 -1.088664 8.866414
29 -1.013018 1.301794
28 -1.033699 3.369929
