26 6293.859115 9.594550
28 6351.185342 8.771112
29 6921.884760 0.573544
26 6960.188388 0.023348
33 6675.282349 4.115759
50 6857.315557 1.501021
53 6746.396716 3.094267
38 6960.413392 0.020116
66 6924.217615 0.540034
61 6956.921626 0.070272
33 6956.581521 0.075157
39 6919.496465 0.607849
32 6918.914847 0.616204
31 6437.727395 7.528015
61 6920.636100 0.591480
71 6810.590667 2.172180
38 6805.953796 2.238785
79 6945.416949 0.235526
58 6938.110108 0.340482
82 6945.426688 0.235386
89 6945.409102 0.235638
56 6959.441737 0.034073
41 6762.843453 2.858025
77 6888.059820 1.059408
36 6959.687594 0.030541
40 6566.965500 5.671630
73 6890.580024 1.023207
56 6931.436603 0.436340
52 6569.152118 5.640221
55 6519.664935 6.351059
82 6935.377254 0.379737
53 6634.918279 4.695551
63 6958.332089 0.050012
59 6948.589692 0.189952
92 6937.845864 0.344277
46 6961.414600 0.005734
60 6904.995661 0.816140
63 6841.197848 1.732536
90 6928.883981 0.473006
35 6842.137445 1.719040
74 6920.452092 0.594123
130 6931.452076 0.436118
108 6935.370242 0.379837
33 6942.768201 0.273573
76 6948.597326 0.189843
74 6842.917850 1.707830
99 6921.955798 0.572523
77 6942.840099 0.272540
87 6936.448096 0.364355
94 6905.040120 0.815501
54 6936.853368 0.358534
126 6933.691416 0.403952
76 6895.623473 0.950763
64 6936.765704 0.359793
85 6650.340189 4.474030
63 6923.839006 0.545473
50 6937.230053 0.353123
44 6686.232747 3.958466
39 6934.361725 0.394324
48 6939.890336 0.314910
65 6941.833055 0.287005
61 6924.124105 0.541378
65 6924.994341 0.528878
40 6953.992511 0.112346
39 6958.748748 0.044027
82 6868.687916 1.337667
69 6938.876371 0.329475
47 6953.655088 0.117192
98 6907.189937 0.784621
109 6565.188375 5.697157
88 6869.049513 1.332473
83 6948.966385 0.184541
66 6912.430276 0.709349
115 6957.935148 0.055713
49 6956.826055 0.071644
108 6556.803313 5.817600
59 6909.549303 0.750731
55 6884.121257 1.115981
72 6953.961732 0.112788
60 6661.748894 4.310154
72 6942.999493 0.270250
32 6898.293251 0.912414
46 6890.044129 1.030905
47 6874.282166 1.257311
69 6886.832456 1.077038
80 6925.673332 0.519124
169 6850.882975 1.593419
60 6644.095976 4.563722
59 6953.364628 0.121365
69 6914.099777 0.685368
67 6955.642602 0.088644
72 6924.934748 0.529734
36 6938.548394 0.334186
107 6910.405913 0.738427
61 6935.201469 0.382262
60 6865.986433 1.376471
39 6928.685327 0.475860
67 6928.893013 0.472877
77 6931.867709 0.430148
56 6826.994383 1.936556
72 6620.229697 4.906539
99 6934.332912 0.394738
48 6504.529455 6.568466
100 6931.802353 0.431087
78 6925.308259 0.524368
67 6936.231542 0.367466
57 6890.250567 1.027940
82 6954.484819 0.105274
89 6920.854612 0.588341
63 6944.420398 0.249840
74 6950.134701 0.167760
48 6956.083870 0.082305
51 6953.875027 0.114033
87 6919.767531 0.603956
169 6875.913660 1.233876
156 6912.644294 0.706275
92 6933.653304 0.404500
61 6904.894145 0.817598
101 6953.312077 0.122120
69 6954.144262 0.110166
39 6935.738328 0.374550
45 6938.631843 0.332987
92 6352.277289 8.755427
94 6776.627314 2.660032
88 6937.022285 0.356107
72 6951.290789 0.151153
37 6951.135798 0.153380
109 6906.405652 0.795887
59 6938.086125 0.340826
85 6875.965236 1.233135
151 6952.882134 0.128295
81 6873.020345 1.275436
54 6914.604352 0.678120
54 6942.983854 0.270475
68 6914.181987 0.684187
58 6937.859258 0.344085
58 6946.479887 0.220258
87 6913.812890 0.689489
57 6931.388056 0.437038
66 6945.109270 0.239945
41 6954.346407 0.107262
101 6659.397825 4.343925
104 6952.603604 0.132296
201 6865.641560 1.381425
112 6912.231891 0.712198
85 6958.621601 0.045853
238 6920.860264 0.588260
45 6877.650105 1.208934
31 6658.736503 4.353424
29 6505.228777 6.558421
50 6769.614885 2.760759
47 6953.337955 0.121748
76 6945.424546 0.235417
50 6937.567826 0.348271
53 6913.660306 0.691680
16 6267.668871 9.970748
76 6751.617257 3.019279
69 6948.925326 0.185131
106 6918.068353 0.628363
64 6834.724812 1.825516
65 6952.799409 0.129484
49 6935.322903 0.380517
81 6631.957043 4.738087
51 6925.457773 0.522221
97 6957.757090 0.058271
39 6862.182424 1.431112
72 6951.622036 0.146395
37 6944.818589 0.244121
43 6953.652799 0.117225
60 6946.554227 0.219190
45 6927.702704 0.489974
47 6899.689142 0.892363
130 6881.016861 1.160573
87 6813.269639 2.133699
38 6939.502649 0.320479
56 6921.585525 0.577842
54 6820.369728 2.031713
57 6897.764089 0.920015
68 6942.635901 0.275473
92 6267.686477 9.970496
76 6960.831741 0.014107
197 6871.136076 1.302502
59 6757.431959 2.935756
72 6639.303127 4.632567
49 6929.551523 0.463418
52 6950.931476 0.156315
39 6940.125419 0.311534
83 6923.408616 0.551655
97 6884.308038 1.113299
49 6961.559780 0.003649
59 6932.000415 0.428242
69 6393.649952 8.161147
107 6954.995338 0.097941
74 6832.869421 1.852167
143 6949.375979 0.178658
59 6819.240841 2.047929
88 6792.356002 2.434104
148 6957.575872 0.060874
failed to find solution after reaching max emtpy limit -- 124 iterations and 69 function evals
109 6857.360699 1.500372
