10 3188.477108 7.740824
10 3238.609147 6.290245
11 3294.088744 4.684932
11 3136.275244 9.251295
10 3171.413546 8.234562
11 3366.010064 2.603875
12 3356.149683 2.889187
12 3172.168001 8.212731
12 3214.797736 6.979232
12 3238.350003 6.297743
12 3282.572697 5.018151
12 3326.618792 3.743669
13 3240.887572 6.224318
13 3285.667142 4.928613
13 3223.778793 6.719364
13 3305.333891 4.359552
10 3207.158788 7.200267
13 3346.544299 3.167121
13 3115.060211 9.865156
13 3147.297385 8.932367
12 3418.240954 1.092565
13 3112.330727 9.944134
13 3167.454841 8.349108
13 3168.907206 8.307083
13 3313.606508 4.120182
14 3223.540524 6.726258
14 3349.691187 3.076065
14 3282.076100 5.032520
14 3359.784852 2.784003
14 3124.498814 9.592048
14 3399.006513 1.649117
14 3342.761886 3.276566
14 3388.023868 1.966902
12 3316.028600 4.050098
15 3364.388634 2.650792
15 3413.164050 1.239466
15 3342.708031 3.278124
15 3439.241820 0.484901
15 3396.661077 1.716983
15 3167.857765 8.337449
13 3144.405037 9.016058
15 3164.923572 8.422350
16 3440.578152 0.446234
16 3314.206517 4.102821
12 3171.240510 8.239569
16 3383.367486 2.101635
14 3251.615755 5.913896
16 3258.673003 5.709693
14 3258.806502 5.705830
11 3234.944530 6.396281
12 3215.832777 6.949283
12 3236.279977 6.357640
16 3436.663685 0.559500
16 3382.037199 2.140127
12 3207.416180 7.192819
16 3313.590080 4.120657
16 3239.928495 6.252069
12 3337.982940 3.414845
13 3382.089527 2.138613
14 3356.846619 2.869021
17 3451.588846 0.127638
12 3243.527920 6.147919
11 3147.555982 8.924885
13 3348.188357 3.119550
14 3397.568353 1.690731
15 3262.476836 5.599629
38 3452.707679 0.095264
14 3324.758510 3.797497
18 3414.249275 1.208065
12 3213.070805 7.029201
11 3224.662579 6.693791
16 3159.033391 8.592784
12 3328.272883 3.695808
15 3426.463673 0.854639
14 3331.127963 3.613196
11 3155.360107 8.699071
11 3152.678941 8.776651
15 3249.443088 5.976762
13 3334.968808 3.502060
15 3282.422584 5.022495
16 3165.745985 8.398554
16 3382.256505 2.133782
14 3369.359282 2.506965
16 3386.250903 2.018203
15 3223.972023 6.713772
13 3351.841264 3.013852
13 3276.700237 5.188072
14 3173.194636 8.183026
12 3327.328892 3.723122
16 3438.181509 0.515581
15 3228.238406 6.590324
14 3334.426109 3.517763
15 3310.409214 4.212696
16 3185.014539 7.841015
16 3176.132969 8.098004
13 3177.089330 8.070332
13 3410.171694 1.326051
14 3225.908173 6.657750
15 3421.430717 1.000269
16 3409.056055 1.358332
16 3402.777365 1.540007
12 3288.304104 4.852312
11 3326.986595 3.733027
15 3363.259293 2.683470
20 3179.185666 8.009674
16 3317.774640 3.999576
16 3433.869088 0.640362
16 3427.735798 0.817830
12 3239.545525 6.263150
11 3182.758747 7.906286
12 3258.119537 5.725708
17 3366.253873 2.596821
12 3415.974796 1.158137
14 3152.862331 8.771345
14 3377.172019 2.280902
15 3158.816670 8.599055
14 3283.893695 4.979928
15 3401.217596 1.585139
36 3365.276252 2.625108
15 3384.915655 2.056839
14 3147.367207 8.930347
15 3204.681397 7.271950
12 3217.833303 6.891397
14 3430.524271 0.737145
13 3310.087804 4.221996
12 3124.614706 9.588695
14 3353.416675 2.968268
18 3448.922800 0.204780
14 3269.894716 5.384991
15 3190.583352 7.679880
13 3382.227641 2.134617
15 3200.822758 7.383601
15 3364.778822 2.639502
14 3380.505417 2.184450
11 3190.967537 7.668763
14 3271.288187 5.344671
14 3375.279654 2.335658
12 3203.018850 7.320056
14 3257.050895 5.756629
15 3189.685029 7.705873
12 3317.621713 4.004001
12 3350.668300 3.047792
18 3133.242858 9.339038
14 3357.568445 2.848135
46 3427.035923 0.838081
17 3375.007417 2.343535
13 3229.597470 6.550999
17 3214.936817 6.975208
12 3313.494944 4.123410
13 3356.425704 2.881201
13 3403.154054 1.529107
12 3185.393557 7.830048
12 3269.659278 5.391803
14 3356.497593 2.879121
14 3403.231917 1.526854
15 3358.384174 2.824532
13 3338.442810 3.401539
15 3210.043219 7.116805
14 3298.595591 4.554526
15 3430.961801 0.724485
13 3144.833231 9.003668
52 3406.908879 1.420461
14 3414.812966 1.191754
12 3223.588751 6.724863
14 3173.862283 8.163707
16 3159.354655 8.583488
12 3399.243509 1.642260
17 3345.772773 3.189445
16 3390.100653 1.906810
13 3294.176287 4.682399
12 3259.223664 5.693760
15 3191.304747 7.659006
17 3323.948948 3.820922
13 3282.732691 5.013522
15 3417.537307 1.112925
16 3388.682607 1.947841
36 3396.564785 1.719769
14 3386.912074 1.999072
13 3428.627783 0.792020
14 3238.237313 6.301004
13 3411.648145 1.283329
13 3302.875613 4.430682
14 3277.614071 5.161630
14 3298.231346 4.565065
17 3201.597437 7.361185
15 3292.564375 4.729040
14 3174.386680 8.148534
17 3232.378156 6.470539
14 3434.185349 0.631211
15 3159.156549 8.589220
15 3425.315500 0.887862
34 3446.154688 0.284876
52 3393.270088 1.815102
15 3124.551676 9.590519
16 3160.821156 8.541055
16 3405.548907 1.459812
36 3417.487250 1.114374
57 3346.638779 3.164387
65 3389.844482 1.914222
63 3425.068587 0.895006
