24 -6.300495 5.008244
26 -6.591398 9.856633
26 -6.280976 4.682938
26 -6.533112 8.885192
26 -6.585658 9.760967
26 -6.518532 8.642205
28 -6.294730 4.912164
28 -6.335874 5.597907
30 -6.449625 7.493746
30 -6.344480 5.741340
30 -6.570474 9.507903
33 -6.521245 8.687422
33 -6.555923 9.265379
33 -6.478887 7.981447
33 -6.456136 7.602275
33 -6.529544 8.825731
33 -6.230743 3.845720
33 -6.338562 5.642694
33 -6.322839 5.380644
33 -6.433335 7.222250
33 -6.399079 6.651313
35 -6.521709 8.695145
35 -6.262754 4.379235
35 -6.562629 9.377155
35 -6.508973 8.482885
35 -6.510562 8.509370
35 -6.547958 9.132626
35 -6.291872 4.864534
35 -6.191062 3.184374
37 -6.499402 8.323371
37 -6.357270 5.954504
37 -6.567636 9.460607
37 -6.571114 9.518575
39 -6.243701 4.061681
39 -6.262419 4.373657
39 -6.356999 5.949986
22 -6.437972 7.299537
39 -6.540392 9.006533
41 -6.511157 8.519285
41 -6.367784 6.129736
44 -6.334710 5.578497
44 -6.357832 5.963869
44 -6.598480 9.974675
44 -6.374646 6.244102
30 -6.443998 7.399972
50 -6.215161 3.586017
50 -6.294997 4.916610
50 -6.400512 6.675199
30 -6.481426 8.023771
26 -6.363413 6.056883
26 -6.357838 5.963973
52 -6.524924 8.748733
26 -6.456041 7.600684
52 -6.311722 5.195360
30 -6.390939 6.515651
37 -6.265940 4.432340
30 -6.584596 9.743272
30 -6.507306 8.455102
35 -6.407675 6.794591
30 -6.541943 9.032378
26 -6.515701 8.595018
28 -6.373630 6.227163
37 -6.267823 4.463719
28 -6.384483 6.408049
41 -6.318376 5.306267
33 -6.270436 4.507273
35 -6.422044 7.034068
37 -6.561249 9.354151
26 -6.268540 4.475668
37 -6.433277 7.221283
44 -6.263148 4.385805
33 -6.224239 3.737318
37 -6.377483 6.291389
48 -6.532186 8.869760
35 -6.471298 7.854969
27 -6.212627 3.543776
28 -6.566842 9.447367
46 -6.279448 4.657464
41 -6.473740 7.895660
35 -6.466782 7.779700
35 -6.234621 3.910353
41 -6.572704 9.545064
39 -6.231434 3.857225
26 -6.590670 9.844494
24 -6.469234 7.820560
22 -6.454741 7.579023
39 -6.413578 6.892965
48 -6.365140 6.085659
28 -6.533188 8.886459
37 -6.177282 2.954699
44 -6.497083 8.284715
39 -6.371626 6.193761
22 -6.507075 8.451254
48 -6.496583 8.276388
30 -6.352216 5.870259
28 -6.189227 3.153783
22 -6.523332 8.722199
35 -6.291541 4.859009
28 -6.334063 5.567712
33 -6.196439 3.273979
28 -6.263937 4.398955
33 -6.337938 5.632296
39 -6.381970 6.366171
26 -6.464685 7.744756
35 -6.320987 5.349780
50 -6.294283 4.904709
30 -6.364903 6.081712
33 -6.550247 9.170790
35 -6.319932 5.332194
33 -6.391029 6.517148
39 -6.188299 3.138318
44 -6.333783 5.563049
41 -6.562788 9.379807
39 -6.368718 6.145293
24 -6.292661 4.877678
30 -6.371539 6.192314
24 -6.476477 7.941287
26 -6.463086 7.718093
26 -6.276268 4.604460
30 -6.591391 9.856519
39 -6.502798 8.379959
33 -6.454661 7.577691
63 -6.339589 5.659810
28 -6.473507 7.891776
33 -6.191635 3.193925
26 -6.492184 8.203069
37 -6.181639 3.027320
48 -6.363768 6.062803
48 -6.429184 7.153060
57 -6.525797 8.763289
41 -6.577802 9.630036
38 -6.423891 7.064844
33 -6.430692 7.178202
33 -6.445229 7.420488
39 -6.399076 6.651270
33 -6.554237 9.237284
44 -6.228294 3.804907
30 -6.360103 6.001721
24 -6.153170 2.552835
37 -6.428365 7.139418
44 -6.382952 6.382533
33 -6.317391 5.289853
30 -6.417944 6.965736
30 -6.328439 5.473990
39 -6.350931 5.848853
30 -6.395182 6.586361
33 -6.333319 5.555308
28 -6.229488 3.824799
35 -6.501921 8.365342
33 -6.597395 9.956584
30 -6.566076 9.434600
30 -6.405446 6.757426
33 -6.376175 6.269588
39 -6.338389 5.639822
37 -6.283838 4.730626
28 -6.432100 7.201663
37 -6.302842 5.047374
52 -6.545421 9.090355
26 -6.353957 5.899284
46 -6.239234 3.987226
33 -6.236748 3.945808
26 -6.497943 8.299058
33 -6.449914 7.498570
33 -6.568183 9.469724
55 -6.480845 8.014087
37 -6.361944 6.032401
26 -6.321105 5.351748
33 -6.572621 9.543682
33 -6.163109 2.718489
41 -6.272874 4.547904
28 -6.463654 7.727560
35 -6.361729 6.028820
26 -6.398245 6.637423
33 -6.422587 7.043117
35 -6.431613 7.193549
37 -6.318735 5.312254
30 -6.462723 7.712057
44 -6.557515 9.291910
30 -6.238520 3.975341
35 -6.338610 5.643507
44 -6.251388 4.189795
36 -6.405900 6.764994
46 -6.234568 3.909469
30 -6.334970 5.582825
46 -6.236144 3.935728
37 -6.438782 7.313038
48 -6.450135 7.502245
37 -6.264972 4.416201
39 -6.166666 2.777763
43 -6.235929 3.932151
35 -6.181120 3.018659
61 -6.507753 8.462558
35 -6.549845 9.164091
35 -6.512091 8.534854
41 -6.420991 7.016520
39 -6.433409 7.223488
46 -6.584711 9.745178
44 -6.311042 5.184039
46 -6.582631 9.710511
52 -6.374615 6.243585
