8 8.182351 3.719648
10 7.935196 6.627881
10 7.671495 9.730802
10 8.002486 5.836091
10 8.288451 2.471185
10 7.945865 6.502345
10 8.243881 2.995642
10 7.832447 7.836909
10 7.669682 9.752144
12 8.235688 3.092049
12 8.040509 5.388686
12 8.276717 2.609267
12 7.688299 9.533073
12 8.106482 4.612385
12 7.830861 7.855571
12 7.869913 7.396058
10 8.147173 4.133581
12 8.105095 4.628706
15 7.809623 8.105482
15 7.940533 6.565079
15 7.779444 8.460586
15 7.772852 8.538152
15 7.957567 6.364652
15 7.969259 6.227068
15 8.270679 2.680314
15 7.996806 5.902930
15 8.122723 4.421286
15 8.063047 5.123485
15 7.825008 7.924444
15 8.199676 3.515789
15 8.020708 5.621681
15 7.874884 7.337563
15 7.768200 8.592898
10 7.833544 7.824007
17 7.900087 7.041003
17 7.869778 7.397639
10 7.801365 8.202647
17 7.712108 9.252922
17 7.835116 7.805505
10 8.114552 4.517425
17 8.033851 5.467024
10 7.939782 6.573925
17 7.657266 9.898236
17 7.948306 6.473617
17 8.128126 4.357704
17 7.889704 7.163175
12 7.760173 8.687351
12 8.178610 3.763672
12 7.771198 8.557625
18 8.133908 4.289675
10 8.102703 4.656851
19 7.947766 6.479972
10 8.325001 2.041107
19 7.802160 8.193298
10 7.785610 8.388041
19 7.798036 8.241820
10 7.772817 8.538569
10 7.771215 8.557414
15 7.685759 9.562966
14 7.756617 8.729196
10 8.186806 3.667232
8 8.045784 5.326611
12 8.282136 2.545500
12 8.022319 5.602719
22 8.011455 5.730558
15 8.086597 4.846369
15 7.663368 9.826440
10 8.092540 4.776444
10 7.700106 9.394150
12 8.188091 3.652107
12 8.027640 5.540107
12 7.771388 8.555380
10 7.806846 8.138156
19 7.763234 8.651332
16 7.772179 8.546074
24 7.805770 8.150815
15 7.827583 7.894144
15 8.069939 5.042381
12 7.943811 6.526510
12 8.274815 2.631640
10 7.857864 7.537834
17 7.655362 9.920644
14 7.796587 8.258867
10 7.889740 7.162756
19 7.876475 7.318842
12 7.683973 9.583987
16 7.806837 8.138265
9 8.043624 5.352033
15 7.874639 7.340442
17 8.115625 4.504801
19 7.906639 6.963907
19 7.871163 7.381347
19 8.252139 2.898470
12 8.017584 5.658432
12 7.854395 7.578656
11 7.833440 7.825223
17 7.838827 7.761842
17 7.797915 8.243248
12 7.907272 6.956461
12 7.782292 8.427081
19 8.092564 4.776160
12 8.048488 5.294799
10 7.655636 9.917422
8 8.184655 3.692539
17 8.121550 4.435092
17 7.862690 7.481048
15 7.769958 8.572209
12 8.051057 5.264570
12 8.124291 4.402837
12 7.837061 7.782621
16 8.089815 4.808512
12 8.362210 1.603283
17 8.034049 5.464699
12 7.903582 6.999877
12 7.770686 8.563645
15 7.802237 8.192386
15 7.844071 7.700134
12 7.938267 6.591742
17 8.046803 5.314621
19 7.817871 8.008421
15 7.876119 7.323027
22 8.011874 5.725622
17 7.785737 8.386539
10 7.681697 9.610761
15 8.041617 5.375639
22 7.808167 8.122613
10 8.050644 5.269425
10 8.329743 1.985317
12 7.913683 6.881026
22 8.225732 3.209196
15 7.816206 8.028012
15 8.037435 5.424852
15 7.809929 8.101874
12 7.721747 9.139505
8 8.109058 4.582078
19 7.932321 6.661713
15 7.831303 7.850369
17 7.670885 9.737981
19 7.767881 8.596648
12 7.846717 7.668995
12 7.667075 9.782822
17 7.986999 6.018326
12 7.664941 9.807930
17 8.204341 3.460893
11 7.914389 6.872709
8 8.043188 5.357160
17 7.749667 8.810972
17 7.648682 9.999245
10 8.083987 4.877082
19 7.996796 5.903047
15 8.007223 5.780352
15 8.246241 2.967868
17 7.924006 6.759550
15 7.779222 8.463203
15 8.024796 5.573575
17 8.061060 5.146861
15 8.151351 4.084422
11 8.275467 2.623977
16 8.050371 5.272632
15 7.964096 6.287823
17 7.817049 8.018098
12 7.658255 9.886601
12 8.049463 5.283326
15 7.825076 7.923651
14 7.960818 6.326398
15 8.267194 2.721315
17 8.115062 4.511431
24 8.214046 3.346701
17 7.708311 9.297596
12 7.714146 9.228939
15 8.222466 3.247622
17 8.057674 5.186707
12 8.353077 1.710746
12 7.889494 7.165647
15 7.939091 6.582050
12 7.956461 6.377657
12 8.115989 4.500523
15 7.692178 9.487433
17 8.008884 5.760806
12 8.128200 4.356838
12 7.796748 8.256973
12 7.806611 8.140923
15 8.040338 5.390699
17 7.941787 6.550328
12 8.366374 1.554286
12 7.652474 9.954626
13 7.852129 7.605319
15 8.061237 5.144777
17 7.934929 6.631023
12 7.723705 9.116467
17 7.875421 7.331241
15 7.963233 6.297974
17 7.974297 6.167783
19 7.929018 6.700582
19 8.138389 4.236949
17 7.871070 7.382440
17 7.736518 8.965695
19 7.753743 8.763015
22 7.978703 6.115948
67 8.171937 3.842187
