116 -7546.214086 7.048657
119 -7679.986634 8.946320
124 -7537.644392 6.927090
128 -7637.677452 8.346133
132 -7708.401748 9.349410
133 -7683.088310 8.990320
137 -7659.221398 8.651750
138 -7647.711686 8.488476
136 -7655.033860 8.592346
142 -7531.059412 6.833677
146 -7446.499901 5.634137
149 -7264.580407 3.053474
148 -7558.725151 7.226136
151 -7591.240067 7.687384
147 -7618.570148 8.075082
156 -7599.276398 7.801385
155 -7712.020527 9.400745
160 -7665.626355 8.742609
159 -7508.514625 6.513862
163 -7564.747323 7.311565
174 -7701.907231 9.257280
177 -7730.509899 9.663030
178 -7504.162538 6.452125
179 -7575.349259 7.461961
187 -7497.708277 6.360566
195 -7473.118532 6.011742
198 -7685.733006 9.027837
191 -7575.375004 7.462326
200 -7602.945118 7.853429
206 -7694.058252 9.145936
102 -7618.335301 8.071750
214 -7693.222492 9.134081
212 -7660.104801 8.664282
128 -7735.723019 9.736982
102 -7666.824847 8.759610
226 -7449.663170 5.679011
229 -7565.542309 7.322842
119 -7428.151059 5.373845
148 -7528.520794 6.797665
135 -7493.693518 6.303614
147 -7594.756599 7.737269
163 -7604.330225 7.873078
178 -7582.772136 7.567260
124 -7617.998950 8.066979
176 -7501.670334 6.416771
139 -7523.299060 6.723590
124 -7736.103881 9.742385
287 -7710.514067 9.379374
97 -7712.012623 9.400633
291 -7558.862036 7.228078
299 -7684.518561 9.010609
300 -7492.272006 6.283449
232 -7734.868906 9.724866
192 -7642.864139 8.419710
305 -7749.116843 9.926984
311 -7453.236444 5.729700
200 -7575.691753 7.466820
153 -7587.051247 7.627963
240 -7423.344173 5.305656
177 -7715.193072 9.445750
331 -7495.735651 6.332583
159 -7727.359216 9.618335
195 -7564.462828 7.307529
122 -7574.761308 7.453621
122 -7724.683773 9.580382
170 -7691.899724 9.115316
149 -7685.855128 9.029569
190 -7576.522040 7.478598
225 -7410.809641 5.127844
264 -7670.157215 8.806883
151 -7582.183172 7.558905
125 -7543.047574 7.003738
375 -7578.122804 7.501306
122 -7601.201494 7.828694
261 -7726.224009 9.602232
129 -7749.176293 9.927827
150 -7731.566447 9.678018
167 -7536.083840 6.904952
114 -7748.217177 9.914221
142 -7524.865130 6.745806
175 -7371.215486 4.566172
168 -7547.071344 7.060818
209 -7410.766642 5.127234
133 -7643.491006 8.428603
140 -7513.862925 6.589732
160 -7679.036075 8.932836
275 -7543.534678 7.010648
133 -7657.372935 8.625528
209 -7379.185374 4.679231
211 -7593.988713 7.726376
106 -7546.712816 7.055732
135 -7750.895384 9.952213
152 -7538.228018 6.935369
178 -7185.628335 1.933480
88 -7626.757059 8.191219
207 -7725.440974 9.591124
156 -7464.292476 5.886538
219 -7527.811273 6.787599
102 -7691.869520 9.114888
308 -7422.810147 5.298080
159 -7638.050763 8.351429
183 -7674.573158 8.869526
216 -7571.262716 7.403991
145 -7572.804874 7.425867
178 -7585.274538 7.602759
363 -7645.308576 8.454386
403 -7568.028680 7.358113
343 -7511.236080 6.552468
164 -7546.555083 7.053494
247 -7647.331409 8.483081
203 -7524.823547 6.745216
116 -7609.723801 7.949590
110 -7608.885785 7.937702
104 -7689.350885 9.079159
127 -7561.777467 7.269435
145 -7514.916158 6.604673
235 -7515.011060 6.606019
210 -7545.048673 7.032125
471 -7690.993514 9.102461
135 -7726.119722 9.600752
113 -7496.702190 6.346294
359 -7497.402958 6.356235
150 -7575.241885 7.460438
108 -7598.198768 7.786098
353 -7471.187435 5.984348
346 -7629.732750 8.233431
349 -7713.323473 9.419228
122 -7699.511254 9.223291
179 -7499.408487 6.384685
261 -7577.499233 7.492460
125 -7647.339833 8.483201
200 -7544.752863 7.027929
205 -7539.306197 6.950664
170 -7372.249685 4.580843
123 -7587.600670 7.635757
130 -7639.409852 8.370708
272 -7526.489485 6.768849
117 -7642.630306 8.416393
459 -7718.895322 9.498269
337 -7728.891322 9.640069
145 -7549.995367 7.102297
146 -7705.667009 9.310615
237 -7499.617897 6.387655
140 -7665.975732 8.747565
218 -7746.033787 9.883248
208 -7340.697324 4.133249
304 -7707.169923 9.331935
133 -7530.989670 6.832687
141 -7536.249508 6.907302
138 -7542.616775 6.997627
188 -7511.856746 6.561273
327 -7688.176365 9.062498
194 -7501.354675 6.412293
144 -7742.527551 9.833510
158 -7742.146798 9.828108
184 -7557.929869 7.214854
182 -7583.982351 7.584428
219 -7515.933347 6.619102
127 -7562.770001 7.283515
151 -7587.905387 7.640079
124 -7604.732439 7.878783
139 -7563.153530 7.288956
120 -7528.618582 6.799052
115 -7599.797173 7.808773
129 -7640.970817 8.392852
176 -7508.118961 6.508249
163 -7470.356063 5.972555
358 -7448.510073 5.662653
215 -7733.431554 9.704476
247 -7746.497481 9.889826
219 -7686.399854 9.037296
277 -7503.738037 6.446103
249 -7340.857098 4.135516
273 -7413.343839 5.163794
600 -7416.721207 5.211704
344 -7739.896380 9.796184
363 -7595.855693 7.752860
466 -7588.902316 7.654221
267 -7582.768547 7.567209
288 -7629.749315 8.233666
300 -7694.355510 9.150153
443 -7445.101338 5.614298
287 -7604.197313 7.871192
675 -7528.986399 6.804270
592 -7555.517020 7.180626
716 -7503.939238 6.448957
802 -7677.603488 8.912513
942 -7554.747451 7.169709
953 -7395.813324 4.915110
1089 -7609.563241 7.947312
