61 3044.702568 7.736286
88 3084.090749 6.542705
92 2972.830060 9.914241
181 3034.702728 8.039311
247 2987.023375 9.484140
264 3038.199784 7.933340
314 3086.508090 6.469452
323 2980.868159 9.670662
316 3075.637252 6.798871
387 3065.205935 7.114972
413 3103.515155 5.954086
438 2992.553105 9.316573
319 3042.877662 7.791586
588 3021.695227 8.433478
702 3061.337936 7.232184
98 3059.946897 7.274336
791 3165.534910 4.074700
686 2994.341316 9.262384
850 3081.782232 6.612660
82 3123.582336 5.345990
977 2975.859026 9.822454
429 3003.410949 8.987547
462 3177.234334 3.720172
998 3103.431790 5.956612
1030 3067.251172 7.052995
1037 2988.766432 9.431320
1122 3083.167475 6.570683
1037 3049.881424 7.579351
1176 3090.235490 6.356500
966 3061.930794 7.214218
1186 3199.914805 3.032885
1241 2989.500684 9.409070
1250 3232.225394 2.053776
1274 3036.331483 7.989955
748 3056.340275 7.383628
1273 2976.967950 9.788850
589 3092.261408 6.295109
129 3017.411505 8.563288
229 3051.360447 7.534532
549 3042.348311 7.807627
909 3086.405246 6.472568
1195 3130.261930 5.143578
395 3209.436111 2.744360
1505 3045.595058 7.709241
1006 3014.131002 8.662697
1435 3086.861216 6.458751
970 2994.948620 9.243981
1022 2970.313564 9.990498
1099 3096.797865 6.157640
1711 2989.302306 9.415082
1334 3051.461511 7.531469
1740 3086.873357 6.458383
1271 3039.318136 7.899450
860 2974.553078 9.862028
1436 3094.328623 6.232466
715 3048.847719 7.610675
1616 3040.977726 7.849160
942 3143.801251 4.733295
534 3051.746801 7.522824
887 3039.484225 7.894417
2006 3064.922145 7.123571
1005 3111.749489 5.704561
1387 3103.687693 5.948858
1675 3142.726549 4.765862
635 2979.356227 9.716478
2142 3052.594579 7.497134
1680 3151.380268 4.503628
810 3120.322972 5.444758
2314 2985.644658 9.525919
854 2975.570537 9.831196
901 2994.827980 9.247637
1177 3218.674512 2.464409
304 3047.985027 7.636817
994 3145.170499 4.691803
961 3131.644963 5.101668
2033 3186.436490 3.441318
2414 3083.976139 6.546178
522 3158.894107 4.275936
1926 3001.565436 9.043472
2570 3040.639974 7.859395
2738 3028.710901 8.220882
156 3188.418086 3.381270
1413 3040.831372 7.853595
2802 3014.429322 8.653657
1790 3176.151567 3.752983
1316 2980.894970 9.669849
174 3016.669916 8.585760
2892 3051.830052 7.520301
2908 2986.893689 9.488070
95 3009.805705 8.793767
1738 2979.658118 9.707330
3009 2998.024728 9.150766
735 3006.679540 8.888499
296 2991.922579 9.335679
2309 3012.637468 8.707956
393 3038.711738 7.917826
345 2989.665635 9.404072
1578 2979.468157 9.713086
105 2994.664372 9.252595
3155 2980.446806 9.683430
2023 3096.913318 6.154142
3208 3108.908294 5.790658
2286 3027.577793 8.255218
439 3022.566561 8.407074
950 3067.784183 7.036843
3277 2986.605567 9.496801
857 3113.494954 5.651668
256 2990.374115 9.382603
29 3025.617073 8.314634
578 3082.526707 6.590100
1826 2989.455049 9.410453
2525 3002.749006 9.007606
225 3140.255799 4.840733
986 3116.662059 5.555695
2499 2984.092193 9.572964
2936 3042.582844 7.800520
2828 2985.979128 9.515784
3401 3078.175006 6.721970
3004 3111.046666 5.725859
463 3155.130746 4.389977
3784 3040.397284 7.866749
731 3099.623721 6.072008
3884 3116.559391 5.558806
1088 3068.162556 7.025377
381 3065.069729 7.119099
2489 3105.985212 5.879236
939 3027.498170 8.257631
668 2983.347651 9.595526
289 3089.872490 6.367500
3751 2975.344417 9.838048
2579 3015.812745 8.611735
2177 3051.771640 7.522072
875 3030.504922 8.166518
526 2988.589529 9.436681
1469 3018.074835 8.543187
877 3066.659993 7.070909
806 2992.251338 9.325717
2567 3140.270229 4.840296
303 3015.558294 8.619446
3182 2989.103199 9.421115
1433 3165.314969 4.081365
784 3054.533238 7.438387
1138 3035.456805 8.016460
4343 2990.917204 9.366145
3616 3113.637658 5.647344
4300 3013.911995 8.669333
69 3050.442769 7.562340
541 3049.058500 7.604288
430 3056.565166 7.376813
878 2977.892687 9.760828
805 2990.170636 9.388769
398 3114.144556 5.631983
224 3020.073289 8.482628
4106 3032.307776 8.111886
4552 3037.002127 7.969633
1841 3150.543788 4.528976
872 3165.591531 4.072984
3310 2974.987331 9.848869
82 2989.156986 9.419485
4499 2985.521169 9.529662
1480 3071.274341 6.931081
3283 2992.846027 9.307696
2004 3043.541611 7.771466
1021 3155.135169 4.389843
3008 3025.713427 8.311714
1796 3056.675451 7.373471
632 2975.674640 9.828041
870 3005.165670 8.934374
1290 2980.186547 9.691317
1254 3185.948981 3.456091
4806 3188.481870 3.379337
858 3043.052811 7.786278
4694 3053.772441 7.461441
3086 2989.327775 9.414310
1417 3030.755592 8.158921
678 3011.582159 8.739935
562 3052.521617 7.499345
581 3063.165365 7.176807
1304 3092.641765 6.283583
815 2978.351756 9.746916
1468 3104.238106 5.932179
1023 3027.388295 8.260961
2278 3137.082101 4.936906
4941 2974.177171 9.873419
856 3059.104615 7.299860
4552 3057.626996 7.344636
5019 3062.018659 7.211556
37 3151.731638 4.492981
10 3009.221488 8.811470
153 2994.352326 9.262051
256 3001.685972 9.039819
527 3070.972698 6.940221
552 3050.447429 7.562199
1117 3077.707581 6.736134
4502 3199.501218 3.045418
5208 3031.478241 8.137023
1276 3074.405547 6.836196
1720 3100.174053 6.055332
1742 3058.125642 7.329526
3407 3070.273756 6.961401
2367 3101.036567 6.029195
1263 3019.413803 8.502612
3955 3005.202996 8.933243
12 2979.387997 9.715515
1837 3045.531864 7.711156
1330 2985.703898 9.524124
785 3099.360785 6.079976
2375 3078.775804 6.703764
5466 3100.502152 6.045389
1114 3016.694442 8.585017
439 3044.089896 7.754852
643 3038.720706 7.917554
176 3018.849347 8.519717
5434 3059.594629 7.285011
1136 3266.802758 1.005977
1431 3075.472381 6.803867
218 3030.385045 8.170150
625 2977.908332 9.760354
921 2993.109270 9.299719
997 2984.234658 9.568647
587 2971.499976 9.954546
4847 3048.241186 7.629055
184 2992.867709 9.307039
727 3133.330401 5.050594
2156 3102.852871 5.974155
386 3006.968536 8.879741
590 2977.282642 9.779314
4901 3050.144330 7.571384
1055 3093.611213 6.254206
2751 3114.337512 5.626136
3632 3074.011362 6.848141
763 3186.614129 3.435935
842 3073.723486 6.856864
2384 3093.480525 6.258166
1420 3038.648811 7.919733
1426 3069.319250 6.990326
1233 3128.414211 5.199569
539 3218.855175 2.458934
439 3004.975763 8.940128
5936 3207.320002 2.808485
2441 3112.994459 5.666835
851 3013.166633 8.691920
856 3087.704306 6.433203
3294 3061.570767 7.225128
5018 3103.033058 5.968695
18 3089.262647 6.385980
5723 3006.946186 8.880419
1536 3230.889473 2.094258
339 3079.258639 6.689132
1019 3013.982124 8.667208
17 2986.570258 9.497871
213 3054.774524 7.431075
5352 3138.333397 4.898988
1898 2987.478291 9.470355
4636 3040.346592 7.868285
5403 3027.559277 8.255779
475 3129.940488 5.153319
1808 2997.175248 9.176508
4102 3055.599628 7.406072
3626 3078.710708 6.705736
3870 3071.523919 6.923518
1037 3064.478849 7.137005
1379 3039.416094 7.896482
614 3095.689748 6.191220
3726 3064.736860 7.129186
1284 2987.710145 9.463329
1098 3069.745785 6.977400
1797 3072.229818 6.902127
116 3103.165839 5.964672
464 3145.023501 4.696258
1756 2970.172445 9.994774
264 2980.188833 9.691247
6158 2975.056817 9.846763
411 3019.386044 8.503453
3547 3014.366727 8.655554
4619 3062.554020 7.195333
1376 2971.249487 9.962137
4808 3041.384003 7.836848
1390 3110.888044 5.730665
666 3110.910840 5.729975
1933 3058.674963 7.312880
3802 3073.369641 6.867587
4257 2974.995629 9.848617
2624 3092.939751 6.274553
2971 3037.880656 7.943010
2548 3006.829681 8.883949
43 2988.314279 9.445022
623 3109.034359 5.786838
3797 2987.760349 9.461808
6398 3013.080274 8.694537
1506 3056.038679 7.392767
1306 3157.742477 4.310834
3093 3039.239285 7.901840
5228 3071.134885 6.935307
1420 3086.369358 6.473656
2910 3043.505882 7.772549
2945 3137.893165 4.912328
629 3151.066640 4.513132
1257 3000.511916 9.075396
1337 3047.479621 7.652133
736 3040.048612 7.877315
3047 3009.767877 8.794913
5688 2977.576877 9.770398
2530 3011.349621 8.746981
1367 3147.794569 4.612286
1580 2994.641162 9.253298
282 3020.431730 8.471766
1423 2974.239588 9.871528
395 2982.042674 9.635070
346 3018.521517 8.529651
2850 3048.778903 7.612761
461 3002.664169 9.010177
3111 3079.756857 6.674035
374 3025.357360 8.322504
1178 3032.185264 8.115598
1029 3123.207850 5.357338
254 2980.929581 9.668801
3090 3002.061252 9.028447
406 3112.277999 5.688545
4003 3074.395291 6.836506
7036 3027.563500 8.255652
420 3006.111414 8.905715
512 3034.494281 8.045628
1177 3035.867750 8.004008
516 3129.626760 5.162825
458 3092.940549 6.274529
962 3121.492908 5.409306
802 3002.988839 9.000338
1149 2980.794533 9.672893
965 2998.447930 9.137942
60 3044.599240 7.739417
1102 3016.068256 8.603992
244 3125.030964 5.302092
1249 3016.846630 8.580405
3257 3044.190331 7.751808
1327 2987.238809 9.477612
2156 3110.727490 5.735531
3042 2981.039657 9.665465
229 2974.303811 9.869581
1119 3030.619520 8.163045
1408 3100.467140 6.046450
3560 3062.919360 7.184262
6560 3071.799527 6.915166
4886 3036.726258 7.977992
828 3010.381206 8.776327
600 3055.943617 7.395648
619 3077.495981 6.742546
4658 3013.519119 8.681239
2425 3160.042816 4.241127
1369 3108.546520 5.801621
1640 3003.173847 8.994732
1933 3000.593698 9.072918
3390 3111.505082 5.711967
928 3032.846436 8.095563
3060 3070.965199 6.940449
7494 3106.096047 5.875877
57 2985.669292 9.525173
2254 3120.324600 5.444709
4814 2982.392227 9.624478
6822 3004.370367 8.958474
489 3036.903734 7.972614
5161 3071.906855 6.911913
2664 3109.097064 5.784937
2698 3013.500029 8.681817
1717 3015.018254 8.635810
3311 3157.398706 4.321251
1944 3125.071107 5.300876
4265 3005.118842 8.935793
2306 2982.412867 9.623853
6076 3064.711839 7.129944
1560 3005.098197 8.936418
377 2993.141838 9.298732
2358 3033.921659 8.062980
417 3230.569164 2.103965
1298 3112.510902 5.681488
3937 2986.890984 9.488152
5061 3094.214073 6.235937
1672 2998.491896 9.136609
1752 3097.371385 6.140261
3390 3036.395834 7.988005
3058 3016.793618 8.582012
2458 3029.425885 8.199216
1975 3075.811036 6.793605
2547 3091.591046 6.315423
3744 2986.496575 9.500104
3056 3016.430345 8.593020
1936 3054.549564 7.437892
1664 3033.462740 8.076887
2773 2994.757904 9.249760
3006 3139.666467 4.858592
1009 3103.629370 5.950625
5314 3123.765043 5.340453
1319 3127.893914 5.215336
2878 2982.848010 9.610666
674 3054.567805 7.437339
1169 2991.956185 9.334661
3100 3013.151877 8.692367
2441 3058.938254 7.304901
10 3044.709673 7.736071
1312 3115.151667 5.601465
1271 3091.442199 6.319933
3033 3169.619977 3.950910
453 3060.033348 7.271717
4656 2976.726087 9.796179
2296 3114.517854 5.620671
2142 3136.984386 4.939867
4412 3174.544144 3.801693
3092 2983.733100 9.583845
1783 2973.732968 9.886880
203 3027.854589 8.246831
1775 3042.916757 7.790401
1527 2973.684367 9.888353
502 3065.209472 7.114864
149 3017.140500 8.571500
3395 3150.196075 4.539513
817 3103.355350 5.958929
554 3007.828124 8.853693
220 3005.521416 8.923593
1582 3067.107264 7.057356
835 3137.949869 4.910610
403 3030.086576 8.179195
418 3089.386516 6.382227
411 2976.819268 9.793356
5371 3141.348708 4.807615
81 2977.203728 9.781705
614 3115.304712 5.596827
166 3046.562408 7.679927
126 3198.090678 3.088161
4922 3047.037994 7.665515
894 3066.679336 7.070323
2593 3162.309687 4.172434
666 2998.186052 9.145877
2705 3057.015045 7.363180
2750 2983.941240 9.577538
546 3114.330959 5.626335
1486 3004.235441 8.962562
502 3062.649728 7.192432
3539 3066.523362 7.075050
1571 3012.878603 8.700648
743 3048.565305 7.619233
3103 3006.378924 8.897608
1256 3072.826712 6.884039
859 3027.326694 8.262827
3152 2972.780206 9.915751
743 3027.257951 8.264911
262 3050.314584 7.566225
355 3086.153560 6.480195
5023 2970.392103 9.988118
2981 3006.431050 8.896029
48 3112.078615 5.694587
590 3009.277286 8.809779
1092 3052.942980 7.486576
4574 3091.039844 6.332126
2182 3179.996771 3.636461
4509 3012.007522 8.727045
1303 3002.798100 9.006118
259 3059.635677 7.283767
2842 2987.110996 9.481485
3134 3059.202447 7.296896
1633 3214.216021 2.599515
898 3055.202786 7.418097
752 3160.305149 4.233177
643 3038.674310 7.918960
640 3060.964611 7.243497
2324 3240.993082 1.788088
1231 2995.229013 9.235484
1521 3012.501943 8.712062
316 3080.829085 6.641543
481 2990.076870 9.391610
1234 3120.790403 5.430594
7783 3041.968762 7.819128
739 3015.175177 8.631055
442 2987.808609 9.460345
126 3012.696861 8.706156
1040 3083.495057 6.560756
1016 2990.547265 9.377356
2528 3231.790683 2.066949
1285 2977.116320 9.784354
3894 3054.365175 7.443480
782 3027.478749 8.258220
1385 2982.533961 9.620183
170 3052.420458 7.502410
696 3204.337131 2.898875
1549 2995.083801 9.239885
2405 2975.439231 9.835175
86 2974.338699 9.868524
220 3001.409277 9.048204
1814 3015.751002 8.613606
6291 3051.286106 7.536785
1818 3065.388404 7.109442
706 3036.387370 7.988262
1772 3110.398578 5.745498
4025 2984.975753 9.546189
1963 3084.126566 6.541619
1264 2971.405765 9.957401
666 2986.476035 9.500726
3140 3047.314605 7.657133
3494 3041.198932 7.842457
1021 3005.348951 8.928820
1727 3168.208548 3.993680
4936 3131.211640 5.114799
3400 3007.937424 8.850381
1035 3017.935092 8.547421
6519 3037.939852 7.941217
299 3108.736353 5.795868
7809 3021.868207 8.428236
960 3036.873110 7.973542
2395 3099.832522 6.065681
833 3037.115035 7.966211
8613 2992.881709 9.306615
238 3104.426520 5.926469
2281 3126.665994 5.252546
926 3057.571362 7.346322
2691 3060.960000 7.243636
1272 3029.835209 8.186812
1364 3212.568582 2.649437
161 3026.640254 8.283629
806 3056.469612 7.379709
1224 3024.079745 8.361220
1710 2979.828906 9.702154
2257 2995.519783 9.226673
7008 3024.200609 8.357557
1794 2992.680974 9.312698
604 2988.509511 9.439106
1098 2990.297646 9.384920
9485 2973.273242 9.900811
19 3032.208165 8.114904
2506 3010.883901 8.761094
1223 2976.781151 9.794511
174 3200.587571 3.012498
7873 2990.734576 9.371680
893 2973.702351 9.887808
69 3064.821086 7.126634
1506 3193.353854 3.231701
702 3093.788108 6.248845
100 3009.121621 8.814496
2753 3118.589183 5.497297
4715 3026.503893 8.287761
2813 3069.939573 6.971528
2393 2992.846333 9.307687
29 2973.306402 9.899806
5862 3135.907285 4.972507
838 3009.885035 8.791363
3568 2994.330130 9.262723
51 3030.675475 8.161349
3024 2995.458200 9.228539
2094 3004.238330 8.962475
574 3003.233064 8.992937
2276 3022.630033 8.405151
2093 3234.682271 1.979325
291 3064.302592 7.142346
43 3125.424670 5.290162
1340 3088.756341 6.401323
1896 3045.297861 7.718247
7523 2985.234178 9.538358
3601 3040.051054 7.877241
526 3218.331204 2.474812
4453 3058.460955 7.319365
1259 3127.570838 5.225126
1138 2998.461957 9.137516
621 3084.156187 6.540722
6050 3001.742785 9.038097
779 2976.233346 9.811111
3383 3187.796323 3.400111
842 2997.803880 9.157458
60 3081.375289 6.624991
4423 2993.534499 9.286833
1848 2985.690751 9.524523
679 3048.637026 7.617060
186 3005.024901 8.938639
1265 3110.399170 5.745480
8799 2998.590267 9.133628
1650 3176.568727 3.740342
836 3053.853099 7.458997
9350 2993.501071 9.287846
1429 3096.549467 6.165168
2469 3191.645643 3.283465
646 2980.994480 9.666834
3049 3051.840732 7.519978
624 3015.208040 8.630059
3844 3006.936139 8.880723
2560 3200.244578 3.022892
6485 2977.848945 9.762153
1471 2987.040004 9.483636
2056 3143.643018 4.738090
63 3000.506446 9.075562
1806 3061.695264 7.221356
3407 3065.112478 7.117804
2213 3019.928800 8.487006
6415 2992.478175 9.318843
6965 3040.103497 7.875652
155 3153.302206 4.445388
1608 2974.326551 9.868892
5220 3007.785553 8.854983
3599 3002.489244 9.015477
741 3053.402331 7.472657
245 3157.599352 4.315171
1287 2994.247530 9.265226
1213 3144.588370 4.709443
200 3114.339322 5.626081
4424 3050.312249 7.566295
56 2983.354682 9.595313
1240 2991.176368 9.358292
4998 3207.914410 2.790472
10 3006.887419 8.882199
1073 3075.089892 6.815458
1745 2970.339680 9.989707
2200 3028.256461 8.234653
2578 2986.923533 9.487166
2551 3007.318800 8.869127
1651 2980.448529 9.683378
2325 3048.696892 7.615246
411 3036.152155 7.995389
337 3033.686931 8.070093
143 2996.898914 9.184881
4430 3121.651372 5.404504
1192 3048.289269 7.627598
5056 3006.597709 8.890979
1871 3011.769879 8.734246
6894 3104.932207 5.911145
743 2978.184312 9.751991
4476 2974.193472 9.872925
1056 3036.364542 7.988953
4793 3027.397554 8.260680
2081 3183.722779 3.523552
67 2977.675087 9.767422
537 2986.874971 9.488637
2179 3035.115276 8.026810
42 3026.361530 8.292075
847 3152.084229 4.482296
1455 3032.727140 8.099178
2000 3004.711570 8.948134
1316 3190.163061 3.328392
578 3020.848085 8.459149
7179 2971.360795 9.958764
765 3037.309765 7.960310
761 3242.097588 1.754619
267 3009.353161 8.807480
260 3099.349223 6.080327
3085 2977.096042 9.784968
2203 3071.704943 6.918032
2055 2982.576503 9.618894
4906 3030.622069 8.162968
1159 3191.048367 3.301565
2767 3226.824195 2.217449
3916 3051.035163 7.544389
566 2980.230858 9.689974
913 2971.323162 9.959904
3403 3060.263501 7.264742
2823 3253.241082 1.416937
2887 3038.501237 7.924205
1080 3057.821032 7.338757
1307 3168.525267 3.984083
434 3075.647162 6.798571
943 3049.024217 7.605327
6018 3027.638072 8.253392
470 3093.635508 6.253469
2639 3108.688566 5.797316
5689 3048.992084 7.606300
61 2991.407228 9.351296
990 2979.727427 9.705229
1744 2983.765064 9.582877
10546 3111.173081 5.722028
69 3106.850778 5.853007
684 2979.043868 9.725943
2264 3132.451298 5.077233
1984 3018.698129 8.524299
1227 2995.902367 9.215080
2800 3021.015577 8.454073
2593 3026.663996 8.282909
203 3061.594142 7.224420
1294 3106.791322 5.854808
5416 2980.140272 9.692719
871 3056.070359 7.391807
661 3060.846704 7.247070
573 3025.737921 8.310972
7880 2974.728677 9.856707
1592 3105.871788 5.882673
624 3155.502150 4.378723
3634 3000.294250 9.081992
3907 3006.879821 8.882430
1247 3179.713357 3.645050
36 2974.898810 9.851551
3670 3034.693797 8.039582
3173 2987.295680 9.475888
2453 3052.615003 7.496515
26 2981.839007 9.641242
4000 2990.447856 9.380368
3442 3204.053513 2.907469
1112 3113.992959 5.636577
3329 2986.986501 9.485258
507 3000.122275 9.087204
2310 3002.154956 9.025607
1677 3065.625624 7.102254
794 3032.909735 8.093644
3237 3156.088363 4.360959
2597 3177.043998 3.725939
1958 3018.741717 8.522978
1338 3116.502358 5.560535
5256 3035.216823 8.023733
583 3161.549154 4.195480
4908 3083.125983 6.571940
247 3009.082884 8.815670
887 3040.382413 7.867200
492 2993.819315 9.278203
200 3120.064100 5.452603
1141 3008.808161 8.823995
1080 3041.153093 7.843846
7540 3033.615538 8.072256
6041 3045.799145 7.703056
165 3089.776084 6.370422
2244 3043.196868 7.781913
2446 2989.518503 9.408530
1208 3049.607037 7.587666
5467 3262.021034 1.150878
244 3098.838898 6.095791
629 3112.943539 5.668378
3588 3002.786882 9.006458
388 3067.906719 7.033130
287 3141.696596 4.797073
1164 3076.617219 6.769175
2496 3073.891810 6.851763
312 2996.754041 9.189271
6443 3041.755206 7.825600
4364 2998.489135 9.136693
2802 3023.016673 8.393434
1106 2986.838222 9.489751
1630 3003.230860 8.993004
4901 3040.920506 7.850894
2144 3124.123999 5.329576
1625 3146.202679 4.660525
489 2985.132194 9.541449
488 2993.699240 9.281841
404 3050.630340 7.556656
1531 3028.032290 8.241446
9309 3133.519121 5.044875
1867 3040.424369 7.865928
4729 3152.505972 4.469516
6178 2997.236605 9.174648
4206 3109.642783 5.768401
2960 2984.497465 9.560683
2133 2985.955257 9.516507
670 3061.144101 7.238058
1216 3055.643059 7.404756
1684 3000.942333 9.062354
684 3028.922330 8.214475
1188 2991.947659 9.334919
6819 3031.954970 8.122577
461 2979.671672 9.706919
807 3125.526883 5.287064
5390 3146.347795 4.656127
2010 3148.718617 4.584284
2613 3000.257776 9.083098
2533 3115.718147 5.584299
640 3025.704401 8.311988
6214 3043.156464 7.783137
2330 3016.835794 8.580734
641 3058.007005 7.333121
5264 3082.529696 6.590009
235 3102.994236 5.969872
264 2989.626091 9.405270
3219 2971.771156 9.946329
548 2993.054725 9.301372
325 3078.396961 6.715244
406 3050.307856 7.566429
578 3065.873678 7.094737
4366 3047.801421 7.642381
3292 3082.914689 6.578343
4283 3010.367125 8.776754
1686 3023.107862 8.390671
2365 2985.032940 9.544456
2306 2982.086736 9.633735
295 2981.041392 9.665412
5099 2971.471632 9.955405
2111 3001.844745 9.035008
354 2976.235116 9.811057
1950 3105.416626 5.896466
5914 3048.816602 7.611618
5582 3031.055154 8.149844
7726 3043.664796 7.767733
980 3141.343343 4.807777
2776 3068.903719 7.002918
569 3066.169584 7.085770
1331 3163.034460 4.150471
154 3003.994671 8.969858
1205 2993.993573 9.272922
99 3017.115908 8.572245
895 3078.850485 6.701500
3184 2981.837803 9.641279
9237 3077.910280 6.729992
2235 3191.839811 3.277581
4735 3033.469634 8.076678
398 3001.086997 9.057970
1383 2979.668466 9.707016
2040 3053.896206 7.457691
2465 3045.580477 7.709683
1202 3111.765679 5.704070
4060 3158.791398 4.279049
402 3007.279253 8.870326
952 3035.633889 8.011094
554 3010.237493 8.780682
4651 3036.161376 7.995110
1036 3061.530223 7.226357
1068 3008.250824 8.840884
1613 2990.371937 9.382669
2784 2972.221558 9.932680
846 3175.778646 3.764283
2251 3008.980982 8.818758
3386 3007.364608 8.867739
524 3018.029842 8.544550
449 2998.613429 9.132926
244 3117.176856 5.540095
334 3003.915011 8.972272
4126 3062.207934 7.205820
1401 2980.404658 9.684707
1795 3014.913619 8.638981
3604 2978.883125 9.730814
2332 3118.489579 5.500316
988 3055.760835 7.401187
2388 3190.797737 3.309159
2440 3123.655502 5.343773
3084 3027.684362 8.251989
3338 2973.579357 9.891535
308 3060.805932 7.248305
10151 3025.836549 8.307983
11387 3066.078150 7.088541
390 2977.585511 9.770136
12288 3044.560511 7.740591
304 2971.416343 9.957081
587 3122.583309 5.376263
6244 3143.350618 4.746951
511 3032.450002 8.107576
154 3165.076813 4.088581
7137 3129.690762 5.160886
622 3106.348048 5.868241
612 3143.694505 4.736530
1733 3027.843631 8.247163
4826 3164.141586 4.116922
1226 3073.233244 6.871720
916 3121.090714 5.421494
8463 3039.420535 7.896347
2356 2976.363402 9.807170
949 2986.869363 9.488807
168 3204.457778 2.895219
243 2994.595266 9.254689
6151 3037.277114 7.961300
1286 3125.200765 5.296947
1387 3026.680729 8.282402
739 2978.923229 9.729599
3938 3028.110215 8.239084
2357 3030.009342 8.181535
2679 3146.919153 4.638814
7453 3067.369758 7.049401
5028 2998.702510 9.130227
417 3178.512742 3.681432
7727 2971.358495 9.958833
680 3009.368757 8.807007
2587 3118.930158 5.486965
2175 3008.857424 8.822502
176 3057.712866 7.342034
6483 3115.720609 5.584224
2608 2992.422882 9.320519
214 3017.657070 8.555846
1192 3062.268754 7.203977
2225 3187.418454 3.411562
3567 3184.135646 3.511041
2679 3133.807820 5.036127
2937 2982.862651 9.610223
1750 3070.263647 6.961708
255 3057.735163 7.341359
1185 3197.730997 3.099061
750 3086.089467 6.482137
379 3083.165637 6.570738
2133 3135.202952 4.993850
955 3014.426134 8.653754
983 3001.111975 9.057213
250 3030.334249 8.171689
1112 3105.839137 5.883663
42 3104.843139 5.913844
1265 3230.822573 2.096286
649 3105.871017 5.882696
597 3132.729205 5.068812
275 3009.276467 8.809804
2023 3016.057721 8.604311
2142 3135.260461 4.992107
5890 2980.565882 9.679822
786 3093.362078 6.261755
2063 2995.267246 9.234326
3290 3081.367105 6.625239
118 3175.378812 3.776400
8620 2972.453766 9.925643
1711 3106.243444 5.871411
1838 3040.489850 7.863944
3397 3177.879429 3.700623
1943 3000.283644 9.082314
2598 3044.630898 7.738458
149 3057.917081 7.335846
405 2979.733375 9.705049
707 2989.379226 9.412751
8927 3084.676518 6.524954
1917 3098.094649 6.118344
1374 3100.789333 6.036687
1457 2971.937695 9.941282
10661 3182.942210 3.547206
601 2994.608947 9.254274
312 3130.065384 5.149534
318 3062.004271 7.211992
2726 3085.593424 6.497169
10 3095.194358 6.206232
1541 2979.303565 9.718074
3645 2999.524806 9.105309
4295 3010.406374 8.775564
3494 3056.522847 7.378096
6901 3137.480514 4.924833
777 2997.779157 9.158207
2678 3052.664550 7.495014
3209 2976.876299 9.791627
3019 2979.638726 9.707917
6200 2982.690736 9.615432
519 3013.340022 8.686666
1145 2999.496770 9.106158
1961 3022.873152 8.397783
311 3241.424955 1.775001
3051 3112.096019 5.694060
3067 3002.797210 9.006145
1982 3021.769652 8.431223
2831 3119.512593 5.469315
168 2979.618347 9.708535
3758 2999.458860 9.107307
2933 3014.408589 8.654285
346 3118.168021 5.510060
1082 3056.905089 7.366512
3384 3069.613338 6.981414
780 3015.222192 8.629631
2844 3083.139279 6.571537
321 3247.063355 1.604141
4954 3042.166590 7.813134
6690 3142.026067 4.787089
5696 3037.772565 7.946286
1260 3093.130729 6.268766
2295 3032.268240 8.113084
2313 3086.577396 6.467352
670 3066.527826 7.074914
5007 3162.251216 4.174206
4622 2997.109697 9.178494
226 3013.676419 8.676472
1565 3048.225762 7.629522
493 3028.432897 8.229306
234 3086.128070 6.480968
2269 3066.098223 7.087933
2426 3181.017383 3.605534
7403 3079.801370 6.672686
1769 3014.916533 8.638893
924 3062.175459 7.206804
817 3233.052684 2.028707
4948 3135.977118 4.970390
1204 3120.421110 5.441785
601 2980.143994 9.692606
745 2999.465295 9.107112
1145 3117.419702 5.532736
948 3019.351595 8.504497
2602 2972.746301 9.916779
6809 3004.021584 8.969043
1115 3000.182546 9.085377
742 3045.596579 7.709195
947 3047.886765 7.639795
671 3047.119122 7.663057
101 3011.896564 8.730407
7888 3079.977195 6.667358
1505 3083.495560 6.560741
892 3023.563283 8.376870
1366 3173.332420 3.838412
100 2977.812035 9.763272
1851 3032.790322 8.097263
1494 2986.173434 9.509896
1801 3141.124720 4.814402
2799 3029.207606 8.205830
918 3118.521428 5.499351
2066 3013.576855 8.679489
874 2982.292765 9.627492
2509 3158.350304 4.292415
1718 3236.194389 1.933503
3171 2974.369704 9.867585
1829 3024.180436 8.358169
5146 3027.368767 8.261553
2731 3122.557064 5.377059
856 3182.325313 3.565900
374 3159.082529 4.270226
1868 3109.780939 5.764214
820 2993.751450 9.280259
7055 3025.880779 8.306643
192 2999.464674 9.107131
393 3091.703391 6.312018
934 2974.918397 9.850958
2608 3108.574360 5.800777
3523 3068.832160 7.005086
10 3237.295564 1.900134
1044 3045.327344 7.717353
305 3006.654269 8.889265
91 3030.903022 8.154454
1057 3049.054108 7.604421
692 2996.770236 9.188781
5295 3073.990793 6.848764
1038 3113.900310 5.639385
4916 3006.296023 8.900121
347 3196.059090 3.149725
1506 2976.814331 9.793505
3773 3058.007205 7.333115
571 2970.168479 9.994895
938 3015.680391 8.615746
737 2987.409370 9.472443
402 3175.420879 3.775125
4889 2979.489620 9.712436
4742 2976.662421 9.798108
1921 3000.979000 9.061242
2265 3034.544058 8.044119
8432 2991.058796 9.361855
2788 2978.071245 9.755417
3107 3002.647987 9.010667
31 2988.774673 9.431071
2549 3219.867830 2.428248
353 3084.149014 6.540939
230 3027.969622 8.243345
1512 3155.149334 4.389414
10 3062.070002 7.210000
3195 3043.098468 7.784895
259 3101.578757 6.012765
1861 3179.611966 3.648122
348 3166.656645 4.040708
50 2979.954699 9.698342
6281 3071.328213 6.929448
2160 3099.435630 6.077708
132 2993.140638 9.298769
4021 3091.751663 6.310556
1011 3125.210589 5.296649
2109 3212.253477 2.658986
148 2989.729880 9.402125
1247 3114.697537 5.615226
10181 3040.992628 7.848708
8504 2994.433189 9.259600
391 3051.997322 7.515233
5400 2980.156672 9.692222
1063 3019.511375 8.499655
352 3121.609485 5.405773
1261 3149.115039 4.572272
2259 3003.584699 8.982282
408 3091.384219 6.321690
2305 3086.426800 6.471915
1238 3153.991679 4.424495
1450 3034.063133 8.058693
1433 3106.022986 5.878091
333 3061.164274 7.237446
3073 3054.047075 7.453119
1759 3030.031758 8.180856
993 3047.757718 7.643706
1834 2994.360560 9.261801
4321 2981.195817 9.660733
3958 3066.946538 7.062226
40 2998.748489 9.128834
1688 3049.711816 7.584490
623 3010.193272 8.782022
6402 3075.933020 6.789908
4955 3060.629078 7.253664
1661 3095.566766 6.194946
216 3007.437006 8.865545
10326 2991.634198 9.344418
574 3059.625371 7.284080
436 3042.705563 7.796801
1543 2984.329164 9.565783
1589 2983.010694 9.605737
177 3112.173165 5.691722
442 3015.447722 8.622796
5349 3211.979761 2.667280
378 2971.417617 9.957042
270 3024.542910 8.347185
4031 2984.471358 9.561474
5736 3024.926970 8.335546
1590 3140.960587 4.819376
3981 3018.413190 8.532934
110 3108.736081 5.795876
1296 2992.043643 9.332011
755 3000.760725 9.067857
10 3101.479934 6.015760
5224 3159.478025 4.258242
4282 3039.076023 7.906787
1134 3064.836720 7.126160
3804 2984.314249 9.566235
3015 3234.281391 1.991473
1518 3168.581384 3.982382
2138 3078.594216 6.709266
1070 3132.322918 5.081124
1646 2990.051569 9.392377
550 3059.324372 7.293201
607 3141.915292 4.790446
5457 2988.791816 9.430551
2870 2986.339155 9.504874
5229 3137.809158 4.914874
7536 3177.945034 3.698635
317 3115.416451 5.593441
3860 3008.073038 8.846272
4675 2979.521106 9.711482
903 3028.767695 8.219161
123 3138.332097 4.899027
4423 3042.592135 7.800238
2300 3029.048068 8.210665
811 3096.640737 6.162402
863 3024.682524 8.342954
846 2982.513826 9.620793
3817 3102.033115 5.998997
263 3030.088475 8.179137
2369 2971.469794 9.955461
2986 3069.059278 6.998204
3064 2979.672304 9.706900
6795 3037.856052 7.943756
3657 2974.470807 9.864521
277 3066.977076 7.061301
1322 3015.312814 8.626884
5694 3082.976186 6.576479
111 2975.903681 9.821101
6368 3074.736032 6.826181
421 2989.413004 9.411727
280 3023.074192 8.391691
824 3035.741551 8.007832
1327 3059.295574 7.294074
5174 3119.509953 5.469395
1352 3018.113254 8.542023
3280 2996.723558 9.190195
4361 3028.711206 8.220873
3768 2971.402549 9.957499
405 3019.856291 8.489203
3158 2983.965161 9.576813
811 3024.518283 8.347931
873 3049.922718 7.578099
1031 3127.208927 5.236093
1928 3133.412751 5.048098
897 3169.142442 3.965381
363 3064.314567 7.141983
4006 3061.947461 7.213713
1012 3034.787893 8.036731
2172 3056.825149 7.368935
4922 3128.718031 5.190363
4281 3119.941063 5.456331
96 3062.907787 7.184613
552 3135.838034 4.974605
5572 3024.195619 8.357709
2870 3000.013150 9.090511
4893 3141.332772 4.808098
3535 2972.448442 9.925805
364 3023.254334 8.386232
2868 3083.909557 6.548195
1001 2971.209890 9.963337
2078 2975.442624 9.835072
6262 2983.723317 9.584142
3253 3001.694159 9.039571
7749 3093.532270 6.256598
426 3080.925468 6.638622
6925 3035.433744 8.017159
1544 3051.088750 7.542765
1015 3096.319257 6.172144
2754 3063.889247 7.154871
2315 2991.415920 9.351033
116 3046.650855 7.677247
2818 3060.634438 7.253502
2198 3021.321836 8.444793
2774 3063.624313 7.162900
15 3162.796600 4.157679
2820 3059.467161 7.288874
999 3006.740419 8.886654
1775 2992.036248 9.332235
627 3009.568026 8.800969
1546 2976.338394 9.807927
327 3075.513661 6.802616
3569 3032.917740 8.093402
260 3093.434236 6.259569
1909 2985.321167 9.535722
1748 3218.771127 2.461481
702 3079.646544 6.677377
2964 3102.866137 5.973753
3108 3086.614240 6.466235
2375 2988.794305 9.430476
1254 3049.837687 7.580676
3476 3189.430057 3.350604
244 3082.985610 6.576194
2886 3066.162027 7.085999
6627 3111.984802 5.697430
289 3050.654306 7.555930
85 3082.457587 6.592194
3015 2988.702892 9.433246
259 3190.073263 3.331113
272 2991.573649 9.346253
735 3097.177341 6.146141
3892 2995.169458 9.237289
270 3034.927292 8.032506
1163 3034.871380 8.034201
767 3030.153542 8.177165
7850 3017.419436 8.563047
23 3219.293776 2.445643
674 2977.833979 9.762607
1636 3088.915164 6.396510
3812 3039.367360 7.897959
523 3048.261886 7.628428
133 2982.870387 9.609988
6356 3155.789586 4.370013
858 3089.189558 6.388195
70 3082.967220 6.576751
520 3044.147370 7.753110
340 3074.052356 6.846898
1282 3092.028254 6.302174
1660 2999.415002 9.108636
860 3074.631681 6.829343
5990 2993.164978 9.298031
3578 3030.034200 8.180782
2913 3042.923036 7.790211
612 2977.804378 9.763504
99 3137.980634 4.909678
4267 2989.496733 9.409190
551 3093.211753 6.266311
1338 2987.432056 9.471756
108 3201.699913 2.978791
1338 3088.524149 6.408359
279 3000.477429 9.076442
3292 2991.280473 9.355137
128 3045.242266 7.719931
1277 3047.061829 7.664793
6984 3027.587416 8.254927
1418 3072.069546 6.906983
1169 3123.834127 5.338360
449 2982.137451 9.632198
224 3140.193358 4.842626
903 3060.694150 7.251692
1604 3020.829164 8.459722
593 3140.568270 4.831265
324 2975.515824 9.832854
3722 3018.377931 8.534002
2170 3188.865723 3.367705
1693 2979.942410 9.698715
2823 3076.509423 6.772442
2173 3029.209407 8.205776
4935 3098.324045 6.111393
3452 3039.452164 7.895389
586 3012.692700 8.706282
3523 2998.278749 9.143068
717 3053.708589 7.463376
917 2974.674210 9.858357
2707 3111.305594 5.718012
8621 2974.101170 9.875722
2007 3039.502485 7.893864
2251 3062.590557 7.194226
122 3047.813401 7.642018
38 3023.124578 8.390164
565 3005.934053 8.911089
2629 3103.014043 5.969271
2032 3021.150706 8.449979
903 2993.502772 9.287795
1944 3163.515231 4.135902
3598 3039.637516 7.889772
135 3090.408134 6.351269
173 3048.649400 7.616685
202 3072.708900 6.887609
1218 3008.284523 8.839863
1109 3150.909029 4.517908
2076 2974.571959 9.861456
6667 3082.735363 6.583777
3384 2972.629593 9.920315
121 2999.425527 9.108317
6499 3053.579706 7.467282
1120 3057.551549 7.346923
1974 3019.550038 8.498484
3754 2975.869299 9.822142
948 3065.230882 7.114216
3501 3115.935649 5.577708
523 2972.093977 9.936546
6470 3150.157712 4.540675
2029 3254.751775 1.371158
2207 3228.688509 2.160954
2330 3055.492577 7.409316
2071 3110.320346 5.747868
2088 3064.817900 7.126730
963 3148.127637 4.602193
1705 3005.463333 8.925354
828 3132.047789 5.089461
1545 3051.556116 7.528603
2866 3176.520671 3.741798
8151 3027.586821 8.254945
2857 3037.903417 7.942321
1830 3124.446237 5.319811
1211 3072.664669 6.888949
879 3028.588884 8.224579
911 2975.666366 9.828292
883 3161.011974 4.211758
1508 3079.373391 6.685655
1712 3161.413927 4.199578
3175 3098.244447 6.113805
1376 2970.116667 9.996465
127 3018.340781 8.535128
2172 3050.198003 7.569757
912 3120.377662 5.443101
467 3055.484347 7.409565
1661 3115.346010 5.595575
155 3015.256420 8.628593
696 3027.475133 8.258329
25 3013.693950 8.675941
629 2977.419939 9.775153
1338 2993.849523 9.277287
1606 3134.499407 5.015169
114 2978.438332 9.744293
1332 2978.625757 9.738613
943 3126.607965 5.254304
2085 3214.452815 2.592339
487 3042.601492 7.799955
456 3110.749856 5.734853
803 3010.202856 8.781732
571 3114.577649 5.618859
213 3118.439882 5.501822
722 2980.252765 9.689310
716 3093.149219 6.268205
478 3166.799726 4.036372
512 3005.864637 8.913193
117 3059.867448 7.276744
650 3025.238757 8.326098
1529 2986.512966 9.499607
1441 3082.076984 6.603728
2126 3035.567950 8.013092
3269 3020.634219 8.465630
1850 3227.758222 2.189145
161 3079.605100 6.678633
197 3189.607197 3.345236
223 3087.647179 6.434934
8215 3062.023757 7.211401
1412 3094.739795 6.220006
379 2974.578971 9.861243
1765 3046.430458 7.683926
2033 3034.325193 8.050752
3933 2989.092259 9.421447
2129 3127.584394 5.224715
7343 2977.903059 9.760513
34 3190.407911 3.320972
950 3002.647974 9.010667
28 2987.068626 9.482769
106 3023.868244 8.367629
19 3073.463019 6.864757
3566 3025.079892 8.330912
748 3144.586375 4.709504
1108 3180.278662 3.627919
1987 3054.857527 7.428560
2414 3003.173227 8.994751
4402 3061.134967 7.238334
576 2990.045191 9.392570
6273 3081.555116 6.619542
2341 3013.632429 8.677805
5776 3105.504103 5.893815
1425 3047.737030 7.644332
5098 3059.824340 7.278050
115 3092.029944 6.302123
591 3092.172811 6.297794
785 2998.492531 9.136590
4332 3090.275928 6.355275
2167 3008.975469 8.818925
1573 3018.346904 8.534942
235 3005.870543 8.913014
1771 2975.148567 9.843983
5394 3091.606139 6.314965
2436 3042.063096 7.816270
3615 3101.386118 6.018602
3495 3016.096344 8.603141
2769 3218.123154 2.481117
10 3076.555346 6.771050
383 2996.697235 9.190993
351 2987.375092 9.473482
7630 3083.221978 6.569031
1238 3161.001205 4.212085
6859 3082.539725 6.589705
226 3210.544678 2.710767
1339 3059.179181 7.297601
3227 3011.070206 8.755448
1441 3240.678261 1.797628
617 3124.526473 5.317380
136 2990.091574 9.391164
1253 3006.082284 8.906597
5386 3049.827270 7.580992
2659 2993.056651 9.301314
129 2992.983161 9.303541
613 3074.944748 6.819856
3811 3013.780934 8.673305
2153 3064.476932 7.137063
4591 3080.417590 6.654012
1022 3044.584763 7.739856
3591 3102.136774 5.995855
126 3013.007755 8.696735
2600 3283.835111 0.489845
923 3130.514656 5.135920
1773 2977.254413 9.780169
850 3156.986079 4.333755
450 3036.698503 7.978833
505 3041.825780 7.823461
8172 3131.546658 5.104647
873 2996.978138 9.182481
202 3057.866657 7.337374
2415 2998.017794 9.150976
11613 2976.005509 9.818015
656 2997.124175 9.178055
1949 3018.339200 8.535176
1103 2978.829025 9.732454
1036 3099.345996 6.080424
209 3013.444143 8.683511
103 2992.448995 9.319727
41 3088.786280 6.400416
4153 3008.012988 8.848091
3435 3064.076654 7.149192
980 3024.000293 8.363627
2523 3046.421920 7.684184
11069 3015.876187 8.609813
4912 2977.421196 9.775115
3668 2973.079318 9.906687
2321 3121.122508 5.420530
2028 2975.303777 9.839279
899 3067.068934 7.058517
5986 3113.365626 5.655587
137 2995.720723 9.220584
328 3117.766435 5.522229
171 3118.552794 5.498400
3109 3125.883858 5.276247
500 3023.912370 8.366292
198 3060.501210 7.257539
5936 3031.889179 8.124570
994 3117.422697 5.532646
139 3113.990370 5.636655
7578 3112.328284 5.687022
3904 3052.953158 7.486268
2753 3008.015373 8.848019
2931 3213.193529 2.630499
1734 3066.520677 7.075131
6062 3143.091203 4.754812
45 3018.577861 8.527944
3620 3022.044522 8.422893
251 2980.528554 9.680953
4805 3125.735079 5.280755
1920 2990.816860 9.369186
1286 3120.145238 5.450144
2122 3054.741946 7.432062
47 2991.156631 9.358890
8280 3139.903431 4.851411
39 3030.942592 8.153255
2547 3108.107640 5.814920
457 3201.641273 2.980567
5112 3117.663189 5.525358
317 2996.753656 9.189283
2714 3191.678338 3.282475
1151 3123.879440 5.336987
41 2986.066223 9.513145
438 2978.418758 9.744886
2084 2998.285834 9.142854
4136 3062.882003 7.185394
1610 3016.981417 8.576321
2176 3037.022539 7.969014
252 2992.298528 9.324287
967 2972.375596 9.928012
2135 2993.548849 9.286399
812 2998.724186 9.129570
522 2989.857451 9.398259
2300 3016.853048 8.580211
1373 3044.084183 7.755025
1238 3029.194555 8.206226
184 3160.148177 4.237934
657 3027.327371 8.262807
1499 3056.059449 7.392138
1407 3028.637872 8.223095
9520 3107.170245 5.843326
1567 3063.730016 7.159696
528 3195.392201 3.169933
687 3033.078952 8.088517
9535 3012.367682 8.716131
93 3029.603737 8.193826
247 3150.558535 4.528529
2767 2977.131496 9.783894
778 2988.263275 9.446567
9933 3024.688207 8.342782
2243 3150.373516 4.534136
2967 3045.266656 7.719192
2358 3054.406163 7.442237
177 3086.977740 6.455220
1142 3077.654495 6.737743
20 3056.038298 7.392779
1094 3031.057487 8.149773
2597 2979.336679 9.717070
3706 3011.989640 8.727587
411 3096.409212 6.169418
1549 2987.696469 9.463743
2949 2977.713599 9.766255
867 3118.249659 5.507586
3712 3001.925285 9.032567
796 3012.388462 8.715501
700 3079.197212 6.690994
2660 2987.643732 9.465341
74 3276.835633 0.701951
1951 3013.757920 8.674002
2550 3057.749913 7.340912
486 2991.812571 9.339013
837 2974.646834 9.859187
79 3161.456775 4.198280
3961 2985.596506 9.527379
2558 3200.463719 3.016251
8939 3066.757910 7.067942
820 3003.357125 8.989178
2233 3066.213318 7.084445
650 2999.871630 9.094799
2602 2998.045221 9.150145
1256 3232.624701 2.041676
2170 2980.488984 9.682152
1046 3026.261845 8.295096
3530 3137.560997 4.922394
152 3181.568576 3.588831
1744 2986.146115 9.510724
1315 3154.096343 4.421323
4047 2997.127336 9.177960
600 3156.546978 4.347061
576 3175.885657 3.761041
6594 3016.301881 8.596913
347 2981.648564 9.647013
3194 3143.482334 4.742960
3065 3049.656230 7.586175
737 3124.648541 5.313681
1574 3092.683070 6.282331
2329 3071.508978 6.923970
10 3170.851028 3.913605
2459 2997.356424 9.171017
3416 2985.849323 9.519717
2365 3178.722873 3.675064
63 3026.523459 8.287168
493 3062.720027 7.190302
2834 3037.566080 7.952543
272 3086.475776 6.470431
176 3048.722260 7.614477
6009 3098.495892 6.106185
857 3179.148826 3.662157
1639 3115.677926 5.585517
4801 3075.281661 6.809647
10 2988.405454 9.442259
363 3066.641365 7.071474
273 3009.078124 8.815814
57 3177.478452 3.712774
1793 3100.006920 6.060396
1138 2984.014288 9.575325
1594 3034.921474 8.032683
2457 2979.972346 9.697808
968 3004.697799 8.948552
621 2995.459886 9.228488
880 3083.551100 6.559058
1736 2992.146955 9.328880
1356 3109.161929 5.782972
5251 2971.924373 9.941686
1023 3007.519337 8.863050
2216 3001.864523 9.034408
2102 3016.414151 8.593511
5680 3109.768981 5.764576
2211 3085.177133 6.509784
4425 2980.908908 9.669427
1736 3095.993053 6.182029
2913 3009.130159 8.814238
1473 2980.188927 9.691245
6153 2982.183065 9.630816
1109 2975.986288 9.818597
220 3009.587802 8.800370
2346 3073.138192 6.874600
571 2991.878574 9.337013
1939 3040.846281 7.853143
8964 3021.787924 8.430669
935 3034.525716 8.044675
952 2990.409388 9.381534
441 2984.421597 9.562982
11870 3067.901268 7.033295
1920 3012.884065 8.700483
2841 3124.627719 5.314312
4211 3039.874927 7.882578
10 3002.892474 9.003258
1738 3050.449335 7.562141
309 3057.179196 7.358206
2345 3123.718745 5.341856
486 3101.528632 6.014284
5538 3108.774526 5.794711
840 3005.551500 8.922682
3774 3046.530792 7.680885
1137 3130.639997 5.132121
292 3142.035613 4.786800
5370 3048.044963 7.635001
2770 3122.211688 5.387525
774 3072.260415 6.901200
42 3011.864507 8.731379
1396 3063.329038 7.171847
3411 3062.337502 7.201894
633 2994.908203 9.245206
628 2973.470812 9.894824
3011 3135.306619 4.990709
319 3019.258401 8.507321
1143 3184.353392 3.504443
270 3051.742696 7.522949
1641 3011.662298 8.737506
618 2975.507020 9.833121
536 3061.856077 7.216483
4593 2990.608907 9.375488
2877 3051.107389 7.542200
1293 3071.271534 6.931166
3244 2990.183840 9.388368
2089 3021.228415 8.447624
2952 3023.133766 8.389886
291 3110.843799 5.732006
241 2992.715863 9.311641
16712 3107.634200 5.829267
3958 3011.900911 8.730275
6899 3016.046737 8.604644
4910 3036.658195 7.980055
8047 2970.396963 9.987971
1131 3004.332087 8.959634
1736 3164.020865 4.120580
331 2971.516046 9.954059
641 3137.205706 4.933160
6689 3045.412832 7.714763
1116 2972.496285 9.924355
547 3084.633714 6.526251
1372 3026.748873 8.280337
2385 3056.710138 7.372420
3967 2983.275092 9.597724
11050 3002.479333 9.015778
534 2991.525189 9.347722
1615 3075.831835 6.792975
4340 3086.038100 6.483694
2363 3018.212155 8.539026
231 3097.484893 6.136821
1792 2996.271564 9.203892
866 3100.525612 6.044678
7566 3017.658817 8.555793
1602 3063.928169 7.153692
441 3000.302714 9.081736
583 3029.048302 8.210658
1963 3195.212574 3.175377
2076 3043.972418 7.758412
1737 3082.607440 6.587653
2552 3210.805055 2.702877
112 3178.982042 3.667211
187 3158.002672 4.302949
18 3074.856033 6.822544
290 3064.489850 7.136671
2109 3002.189354 9.024565
2421 2984.243690 9.568373
1611 3045.066663 7.725253
127 3118.908823 5.487611
215 2998.271697 9.143282
2923 3142.899969 4.760607
1028 2999.407902 9.108851
995 3185.712562 3.463256
1218 3046.153307 7.692324
2953 2990.945426 9.365290
2688 3061.212661 7.235980
1612 3068.763113 7.007178
773 2998.106094 9.148300
2172 3166.912953 4.032941
212 3161.305021 4.202878
839 3151.570479 4.497864
129 2982.201657 9.630253
1702 3106.891199 5.851782
2157 3054.614369 7.435928
1974 3150.364121 4.534421
2184 3039.112112 7.905694
1778 3007.691020 8.857848
1747 3068.304930 7.021063
1417 3115.877939 5.579456
935 3028.092028 8.239636
1617 2970.744867 9.977428
2831 3117.985412 5.515594
2923 3079.872023 6.670545
2493 3095.706898 6.190700
6324 3148.821315 4.581172
564 3042.729273 7.796083
1915 3088.766974 6.401001
2515 2975.326022 9.838605
859 3082.995393 6.575897
1986 3060.573986 7.255334
879 3234.250575 1.992407
575 3017.444309 8.562294
401 3158.982483 4.273258
2382 3036.271775 7.991764
8411 3060.014780 7.272279
1332 2998.123672 9.147768
4134 3117.449518 5.531833
3769 3088.047810 6.422794
1840 2987.090799 9.482097
643 3127.149226 5.237902
2392 3030.421495 8.169046
434 3065.273696 7.112918
10 3071.188741 6.933675
723 3048.583889 7.618670
843 3072.378564 6.897619
809 3030.201800 8.175703
1511 3161.277295 4.203718
107 2976.868287 9.791870
6085 3080.274917 6.658336
1007 3052.209060 7.508816
15159 2977.401687 9.775706
4858 3116.039750 5.574553
2050 3171.198522 3.903075
2708 3093.524458 6.256835
520 2990.458578 9.380043
810 3086.800278 6.460598
729 3045.243491 7.719894
2247 3102.436693 5.986767
77 2995.877227 9.215842
2059 3054.424885 7.441670
2663 3044.113820 7.754127
710 3086.070719 6.482705
2439 2995.617553 9.223711
1475 3055.413633 7.411708
523 3136.660441 4.949684
1012 2975.219371 9.841837
329 3137.462281 4.925385
4900 3050.215362 7.569231
1632 3126.781990 5.249031
672 3033.305060 8.081665
1718 3195.654017 3.161999
539 2999.717729 9.099463
2831 3033.028961 8.090031
881 3097.425492 6.138621
929 3069.171407 6.994806
1598 2979.533072 9.711119
7346 3015.224524 8.629560
1350 3133.971248 5.031174
5358 2973.093004 9.906273
5072 3057.626597 7.344649
1539 3021.499283 8.439416
3239 3053.154140 7.480178
1103 2998.035180 9.150449
10 3068.478854 7.015792
1124 3017.391752 8.563886
6623 3034.849358 8.034868
481 3084.146401 6.541018
157 3235.557745 1.952796
2394 3103.215449 5.963168
2734 3035.577122 8.012814
1051 3105.129327 5.905172
373 2983.762678 9.582949
1548 3084.441401 6.532079
680 3127.143597 5.238073
2482 3009.673817 8.797763
1178 3139.427907 4.865821
1225 3044.279345 7.749111
349 3029.514370 8.196534
1058 3199.646955 3.041001
5981 2971.545663 9.953162
920 3189.338001 3.353394
301 3143.046925 4.756154
528 3073.089721 6.876069
562 3071.006019 6.939212
294 3225.084345 2.270171
728 3080.957709 6.637645
1030 3231.439297 2.077597
3059 2973.401397 9.896927
1703 3022.842011 8.398727
1859 3005.309386 8.930019
782 3100.027881 6.059761
2655 3018.367209 8.534327
6241 2990.526266 9.377992
1389 2993.189515 9.297287
66 3147.790570 4.612407
4918 2974.291941 9.869941
1661 3184.525485 3.499228
1831 3032.469478 8.106986
4297 2985.030535 9.544529
1373 3048.733980 7.614122
2091 3059.986136 7.273147
2031 3011.977477 8.727955
2028 3072.017563 6.908559
5545 3000.014529 9.090469
543 3070.998069 6.939452
814 2994.827485 9.247652
1999 3058.973240 7.303841
1189 2983.798910 9.581851
221 3192.623245 3.253841
3590 3021.778673 8.430949
1608 3063.258893 7.173973
2770 3135.220952 4.993304
2380 3110.175300 5.752264
85 3090.027114 6.362815
4002 3091.967831 6.304005
2470 2973.843899 9.883518
1914 3082.488300 6.591264
2702 3022.674444 8.403805
1592 3052.612876 7.496580
1103 3029.297115 8.203118
720 3187.776913 3.400700
1301 3095.085716 6.209524
7414 3069.408211 6.987630
422 3014.580374 8.649080
445 2995.458246 9.228538
233 3089.698583 6.372770
3342 3025.405485 8.321046
3718 2996.630633 9.193011
226 3241.403279 1.775658
1013 3206.199882 2.842428
4539 3009.071580 8.816013
1875 2994.524695 9.256827
2281 3011.785624 8.733769
1634 3057.198267 7.357628
4589 3092.370163 6.291813
1212 3070.308106 6.960360
3017 3085.410191 6.502721
111 3009.459518 8.804257
224 3018.702103 8.524179
313 3182.570326 3.558475
395 3054.534619 7.438345
409 2980.041227 9.695720
6286 3059.206796 7.296764
602 3013.807508 8.672500
1201 3149.274182 4.567449
1386 3177.132600 3.723255
4368 3060.905105 7.245300
2610 2973.409577 9.896679
1369 3002.313439 9.020805
1470 3150.590255 4.527568
329 3081.282929 6.627790
2691 3107.477802 5.834006
1680 3091.312163 6.323874
1050 2974.158148 9.873996
3658 3009.568219 8.800963
598 3142.197290 4.781900
2596 2995.403199 9.230206
101 3018.683639 8.524738
1641 2980.822768 9.672037
234 3118.809125 5.490633
880 3058.228636 7.326405
1267 3120.020338 5.453929
523 3016.049531 8.604560
1583 3012.758123 8.704299
3539 3106.123039 5.875059
1564 2980.516169 9.681328
1423 2981.641796 9.647218
6331 3196.959158 3.122450
299 3021.758973 8.431546
606 3009.468651 8.803980
2302 3074.185365 6.842868
378 2995.088890 9.239731
114 3002.876852 9.003732
3373 3021.338102 8.444300
1981 3072.015965 6.908607
785 3019.202790 8.509006
3750 3003.971122 8.970572
6296 3033.286586 8.082225
8492 3061.927936 7.214305
704 3096.827963 6.156728
19 2985.315635 9.535890
1947 3152.026984 4.484031
431 3055.595396 7.406200
6495 3047.246977 7.659183
421 3045.026934 7.726457
266 3090.298141 6.354602
9548 2980.692032 9.675999
2202 2974.794344 9.854717
716 3115.193002 5.600212
714 3018.352409 8.534775
46 3021.136678 8.450404
2532 3076.360504 6.776954
2649 3130.791066 5.127543
78 3063.854977 7.155910
714 2980.582914 9.679306
3675 2987.131937 9.480850
3412 3020.987666 8.454919
2897 3123.701701 5.342373
2954 3063.718931 7.160032
2599 3164.228728 4.114281
787 2988.315618 9.444981
665 2997.010942 9.181487
6037 3184.351972 3.504486
1813 3015.134093 8.632300
1808 3038.270054 7.931210
1261 2983.693465 9.585047
1108 3229.561762 2.134492
124 3109.843643 5.762314
2136 3155.763101 4.370815
692 3024.182775 8.358098
314 3104.610341 5.920899
3416 3065.434993 7.108031
1879 3018.874506 8.518954
273 3100.481048 6.046029
179 3044.889619 7.730618
281 3197.051921 3.119639
2209 3137.802244 4.915084
6054 3002.520677 9.014525
4235 3179.729123 3.644572
538 2985.969948 9.516062
350 3173.114290 3.845022
1109 3066.135761 7.086795
316 3110.216202 5.751024
3972 3011.592558 8.739619
529 3073.807324 6.854324
1242 2988.628223 9.435508
988 3085.276388 6.506776
6385 3022.170918 8.419063
259 3119.574713 5.467433
801 2999.065006 9.119242
3389 2996.994615 9.181981
394 3102.951451 5.971168
1498 3024.268608 8.355497
320 3003.028791 8.999128
1741 2970.148064 9.995513
3020 3015.999853 8.606065
51 3188.562319 3.376899
2055 3059.545669 7.286495
461 3125.019973 5.302425
288 3185.101172 3.481783
1635 2976.779246 9.794568
1583 2994.062181 9.270843
14161 3013.662788 8.676885
1911 3097.244470 6.144107
4125 3184.906090 3.487694
4381 3021.560248 8.437568
879 3132.775058 5.067422
932 3138.889091 4.882149
119 2973.310639 9.899678
9661 3074.256146 6.840723
3557 3093.555667 6.255889
720 3080.883276 6.639901
252 3067.275733 7.052251
196 2998.243546 9.144135
1910 3137.576909 4.921912
40 2982.084872 9.633792
3097 3040.448535 7.865196
3817 3191.059108 3.301239
2425 3126.439926 5.259396
755 3031.315408 8.141957
122 3033.974684 8.061373
2075 3179.586090 3.648906
1991 3140.734864 4.826216
231 3033.347496 8.080379
2691 3070.855627 6.943769
6046 3004.999044 8.939423
3007 3035.395688 8.018312
3702 3010.392150 8.775995
2868 3013.368872 8.685792
1834 3022.493320 8.409293
2851 3091.562198 6.316297
1761 3110.584235 5.739872
3456 3123.909210 5.336085
549 3113.656667 5.646768
3534 3084.240719 6.538160
2991 3065.669971 7.100910
1025 3069.037414 6.998866
814 3223.266100 2.325270
2926 3135.317599 4.990376
1533 2979.181352 9.721777
858 2990.598208 9.375812
2648 3082.078781 6.603673
32 2999.137412 9.117048
719 3224.394429 2.291078
541 3110.127988 5.753697
1756 3085.085424 6.512563
6555 3001.111567 9.057225
10722 3006.224977 8.902273
5228 3046.964788 7.667734
2008 3008.478040 8.833999
3043 2973.368710 9.897918
3596 3021.027128 8.453723
3621 3045.719921 7.705457
5850 3138.065876 4.907095
1798 2975.429637 9.835466
1604 2983.018178 9.605510
2160 3103.318769 5.960037
12512 3186.180114 3.449087
3802 3121.554972 5.407425
3354 2990.945780 9.365279
3048 2971.726190 9.947691
6407 3193.129474 3.238501
3540 2974.905961 9.851335
3089 2988.666781 9.434340
4253 3106.022933 5.878093
10420 3055.910313 7.396657
4269 3046.554695 7.680161
2917 2994.650826 9.253005
4749 3068.189129 7.024572
6743 3144.852576 4.701437
5485 2990.668726 9.373675
6299 3063.045089 7.180452
5131 3168.098025 3.997030
4200 3145.323967 4.687153
8298 3102.766789 5.976764
4569 2973.741085 9.886634
8044 3105.848693 5.883373
11852 3048.853153 7.610511
5352 2985.393671 9.533525
4431 3166.617559 4.041892
5943 3019.684928 8.494396
6796 3018.007969 8.545213
5347 2980.186740 9.691311
6142 3116.629156 5.556692
6647 3120.873679 5.428070
9131 3179.213532 3.660196
11215 3042.123133 7.814451
9713 3037.082197 7.967206
10424 2993.767096 9.279785
9930 3240.728848 1.796096
10171 3113.011927 5.666305
11939 3021.305241 8.445296
16298 2998.003225 9.151417
