11 3436.997633 0.549837
11 3311.114210 4.192297
13 3375.442280 2.330953
15 3200.710258 7.386856
15 3302.363426 4.445503
15 3312.475194 4.152917
15 3244.703160 6.113913
14 3329.984960 3.646269
15 3391.043928 1.879516
15 3159.284435 8.585520
15 3244.600731 6.116877
15 3412.002787 1.273068
16 3116.955518 9.810315
17 3200.398723 7.395870
16 3388.236369 1.960753
17 3390.901827 1.883628
17 3328.863559 3.678716
16 3253.753089 5.852052
17 3370.708238 2.467933
16 3403.373241 1.522765
17 3332.858427 3.563124
17 3450.179185 0.168426
16 3239.083964 6.276506
16 3181.890105 7.931421
17 3243.957838 6.135479
17 3408.973093 1.360732
17 3351.133870 3.034321
17 3373.244306 2.394551
19 3231.553091 6.494413
19 3352.778983 2.986719
18 3321.601549 3.888844
18 3410.447996 1.318056
19 3408.586165 1.371928
19 3296.700298 4.609366
21 3435.548665 0.591763
17 3396.736762 1.714793
18 3451.436886 0.132035
18 3452.615271 0.097938
18 3422.886073 0.958158
19 3173.678092 8.169037
19 3183.051887 7.897804
13 3378.934869 2.229894
18 3283.258585 4.998305
16 3400.965913 1.592422
15 3307.718746 4.290546
15 3286.444607 4.906117
15 3217.638785 6.897026
13 3376.058671 2.313117
22 3265.222568 5.520180
21 3427.401933 0.827490
22 3410.398062 1.319501
22 3393.565743 1.806547
21 3268.153301 5.435379
22 3330.699805 3.625584
15 3437.739292 0.528377
17 3390.396906 1.898238
17 3335.374801 3.490312
15 3356.771568 2.871193
15 3156.404671 8.668846
17 3274.335646 5.256492
15 3193.971316 7.581849
17 3265.580190 5.509832
13 3154.195422 8.732771
24 3405.418381 1.463588
24 3323.078045 3.846121
15 3254.468687 5.831346
11 3373.476664 2.387828
19 3391.736340 1.859481
19 3251.917343 5.905169
17 3263.815910 5.560882
16 3414.854882 1.190542
14 3415.661043 1.167215
15 3158.712507 8.602069
18 3347.638318 3.135465
19 3203.999900 7.291670
15 3428.433799 0.797633
17 3386.057378 2.023803
17 3269.129635 5.407129
17 3378.334851 2.247255
17 3249.455378 5.976407
11 3186.556540 7.796396
19 3412.174821 1.268090
19 3419.875966 1.045256
17 3416.210684 1.151311
17 3290.693958 4.783161
13 3124.342293 9.596577
13 3147.361567 8.930510
19 3338.107703 3.411235
19 3130.980976 9.404486
16 3412.964279 1.245247
19 3283.963082 4.977920
12 3216.579628 6.927673
11 3380.364872 2.188516
15 3446.604417 0.271863
11 3167.965831 8.334322
17 3132.027491 9.374205
11 3163.438174 8.465331
21 3289.882833 4.806631
15 3246.813807 6.052841
13 3152.759747 8.774313
16 3407.554737 1.401773
18 3370.549148 2.472536
18 3308.090697 4.279783
19 3362.164890 2.715136
19 3443.862681 0.351196
19 3345.090107 3.209198
18 3312.005667 4.166503
17 3375.790110 2.320888
19 3337.087838 3.440745
22 3448.667584 0.212165
24 3440.374695 0.452121
17 3387.829686 1.972521
17 3386.497989 2.011054
13 3306.801481 4.317087
16 3420.280645 1.033546
19 3381.897346 2.144174
11 3360.590461 2.760693
14 3192.692573 7.618849
18 3352.713540 2.988613
22 3455.924404 0.002187
22 3318.549694 3.977150
11 3314.862663 4.083835
21 3236.710938 6.345170
17 3309.406343 4.241715
16 3259.404802 5.688518
17 3301.264011 4.477314
17 3208.825350 7.152044
16 3278.342578 5.140550
15 3307.661873 4.292191
19 3248.172894 6.013516
22 3421.759317 0.990760
19 3427.157831 0.834554
15 3361.870752 2.723647
22 3427.726138 0.818109
19 3348.809990 3.101563
19 3346.757729 3.160945
19 3160.672829 8.545346
19 3234.231691 6.416907
19 3354.766827 2.929201
13 3390.140013 1.905671
22 3425.277320 0.888966
19 3319.435677 3.951514
22 3250.619938 5.942710
13 3434.916891 0.610044
18 3385.947257 2.026989
23 3430.185030 0.746961
15 3381.875328 2.144811
17 3391.827120 1.856854
19 3242.372638 6.181347
19 3289.524416 4.817002
15 3356.766436 2.871342
22 3290.423822 4.790977
19 3443.793575 0.353195
16 3124.965587 9.578542
17 3371.562760 2.443207
19 3213.453018 7.018142
15 3144.803337 9.004533
17 3360.181011 2.772540
15 3141.311984 9.105556
11 3316.202083 4.045079
19 3394.403984 1.782292
17 3376.687935 2.294909
14 3325.442862 3.777695
17 3376.438307 2.302132
20 3385.179166 2.049214
15 3223.738093 6.720541
14 3259.861884 5.675293
18 3417.170375 1.123542
21 3241.690254 6.201092
17 3359.635462 2.788326
19 3272.244614 5.316996
17 3411.367758 1.291442
19 3441.075716 0.431837
17 3304.526559 4.382912
22 3264.149469 5.551231
17 3400.726356 1.599353
17 3259.073628 5.698101
17 3438.379827 0.509843
17 3351.616960 3.020343
20 3305.663479 4.350015
17 3415.923250 1.159628
17 3351.920416 3.011562
19 3442.763728 0.382994
24 3389.318398 1.929445
17 3327.254419 3.725277
19 3271.624776 5.334931
17 3176.274557 8.093908
22 3454.745088 0.036311
16 3420.421403 1.029473
19 3452.242315 0.108729
17 3357.195331 2.858931
19 3176.635843 8.083454
18 3352.108514 3.006119
24 3452.137594 0.111759
19 3317.695379 4.001870
18 3376.839112 2.290535
22 3269.148336 5.406587
21 3435.726789 0.586609
28 3453.191935 0.081252
37 3442.925776 0.378305
