21 -3.313980 5.681816
22 -3.165514 0.947286
23 -3.367741 7.396252
23 -3.313980 5.681816
23 -3.205909 2.235478
23 -3.313980 5.681816
23 -3.311205 5.593319
23 -3.313980 5.681816
24 -3.254359 3.780536
24 -3.305049 5.397001
24 -3.210260 2.374211
24 -3.338605 6.467110
24 -3.250079 3.644043
25 -3.313980 5.681816
25 -3.293459 5.027398
25 -3.166458 0.977389
25 -3.186680 1.622249
20 -3.365931 7.338528
26 -3.234157 3.136282
26 -3.313980 5.681816
26 -3.363657 7.266011
26 -3.313980 5.681816
27 -3.313980 5.681816
27 -3.313980 5.681816
27 -3.313980 5.681816
27 -3.280141 4.602707
27 -3.417990 8.998670
28 -3.171719 1.145154
28 -3.202274 2.119536
28 -3.313980 5.681816
28 -3.202070 2.113039
29 -3.275224 4.445903
22 -3.313980 5.681816
29 -3.184765 1.561197
29 -3.166557 0.980553
29 -3.244028 3.451070
23 -3.313980 5.681816
29 -3.180661 1.430308
30 -3.175757 1.273935
30 -3.288125 4.857294
24 -3.313980 5.681816
25 -3.177599 1.332681
23 -3.313980 5.681816
26 -3.313980 5.681816
24 -3.188838 1.691074
31 -3.201810 2.104743
27 -3.313980 5.681816
23 -3.308008 5.491386
33 -3.313980 5.681816
24 -3.313980 5.681816
23 -3.194869 1.883403
28 -3.313980 5.681816
23 -3.240902 3.351395
23 -3.449246 9.995402
35 -3.261988 4.023801
26 -3.315681 5.736073
27 -3.250612 3.661029
27 -3.432002 9.445517
25 -3.313980 5.681816
29 -3.313980 5.681816
23 -3.248776 3.602487
36 -3.195430 1.901281
36 -3.313980 5.681816
24 -3.301899 5.296550
26 -3.313980 5.681816
34 -3.304942 5.393586
26 -3.203082 2.145313
37 -3.434610 9.528671
34 -3.414962 8.902096
33 -3.313980 5.681816
38 -3.383103 7.886120
25 -3.313211 5.657280
26 -3.257978 3.895940
34 -3.197777 1.976128
23 -3.205566 2.224534
39 -3.313313 5.660544
39 -3.180244 1.417023
27 -3.313980 5.681816
27 -3.242146 3.391064
28 -3.367949 7.402879
25 -3.313980 5.681816
24 -3.219673 2.674392
22 -3.199728 2.038339
36 -3.320066 5.875895
33 -3.156384 0.656125
23 -3.186045 1.601998
27 -3.313980 5.681816
32 -3.313980 5.681816
22 -3.185887 1.596956
34 -3.296717 5.131298
23 -3.288699 4.875604
26 -3.313419 5.663926
34 -3.277092 4.505460
36 -3.313980 5.681816
31 -3.183625 1.524819
28 -3.195876 1.915523
29 -3.444799 9.853599
25 -3.180606 1.428550
36 -3.242825 3.412708
27 -3.293697 5.034986
39 -3.354728 6.981257
25 -3.294934 5.074454
39 -3.290789 4.942254
26 -3.283968 4.724729
26 -3.313980 5.681816
20 -3.304443 5.377673
24 -3.344006 6.639342
32 -3.169464 1.073244
24 -3.190769 1.752642
25 -3.313980 5.681816
30 -3.204082 2.177205
26 -3.185324 1.579005
24 -3.384881 7.942818
24 -3.203768 2.167183
32 -3.313980 5.681816
28 -3.360356 7.160724
28 -3.313980 5.681816
34 -3.188724 1.687442
31 -3.313980 5.681816
24 -3.404263 8.560919
22 -3.313980 5.681816
24 -3.431489 9.429135
32 -3.261597 4.011332
23 -3.239805 3.316395
50 -3.313980 5.681816
28 -3.207681 2.291981
33 -3.276271 4.479295
33 -3.252467 3.720176
25 -3.426419 9.267452
22 -3.240766 3.347053
25 -3.313980 5.681816
26 -3.313980 5.681816
42 -3.310568 5.573015
24 -3.313980 5.681816
42 -3.401206 8.463438
24 -3.313980 5.681816
22 -3.260016 3.960906
29 -3.199688 2.037088
33 -3.186445 1.614748
22 -3.170000 1.090347
36 -3.313980 5.681816
43 -3.313980 5.681816
26 -3.229576 2.990195
23 -3.247212 3.552617
24 -3.313980 5.681816
28 -3.255312 3.810903
23 -3.313980 5.681816
28 -3.405448 8.598690
38 -3.389788 8.099302
30 -3.208905 2.331019
28 -3.313980 5.681816
24 -3.390348 8.117156
29 -3.210754 2.389960
57 -3.427938 9.315900
28 -3.388353 8.053542
33 -3.362653 7.233982
32 -3.214920 2.522833
32 -3.374598 7.614907
24 -3.159078 0.742035
24 -3.446485 9.907344
24 -3.313980 5.681816
29 -3.240844 3.349538
29 -3.313980 5.681816
27 -3.313980 5.681816
27 -3.310096 5.557944
28 -3.436541 9.590265
31 -3.254712 3.791764
25 -3.313980 5.681816
37 -3.270485 4.294775
31 -3.191805 1.785699
27 -3.313980 5.681816
40 -3.276140 4.475096
43 -3.388981 8.073576
34 -3.254893 3.797554
39 -3.298176 5.177841
25 -3.272761 4.367365
27 -3.173889 1.214360
29 -3.160734 0.794838
33 -3.448182 9.961475
46 -3.306151 5.432158
27 -3.208891 2.330556
33 -3.313980 5.681816
37 -3.286906 4.818444
29 -3.379464 7.770075
35 -3.206239 2.245991
31 -3.312941 5.648678
32 -3.310977 5.586052
35 -3.344340 6.649999
45 -3.313980 5.681816
32 -3.231718 3.058490
31 -3.277775 4.527235
42 -3.424674 9.211824
37 -3.198115 1.986912
32 -3.278487 4.549966
36 -3.353546 6.943565
37 -3.313980 5.681816
37 -3.206067 2.240503
38 -3.299265 5.212546
40 -3.289452 4.899627
43 -3.313980 5.681816
