12 -1.843217 7.839167
14 -1.962547 1.872632
15 -1.892966 5.351685
16 -2.164309 8.215445
17 -2.055114 2.755708
17 -2.092513 4.625670
17 -1.904309 4.784544
17 -1.888182 5.590890
18 -1.869787 6.510650
18 -2.027258 1.362907
19 -1.867533 6.623332
20 -1.903732 4.813381
20 -2.199731 9.986559
20 -1.868647 6.567636
21 -2.037945 1.897234
12 -1.883309 5.834538
21 -2.134120 6.705997
21 -1.864965 6.751738
21 -1.876486 6.175678
22 -2.087993 4.399643
23 -1.890432 5.478403
23 -2.087081 4.354067
23 -1.939375 3.031258
23 -2.172813 8.640634
23 -1.902134 4.893304
23 -1.876663 6.166858
23 -1.847480 7.626021
24 -1.891566 5.421711
25 -1.860935 6.953256
25 -1.893090 5.345505
25 -1.953867 2.306673
15 -1.846660 7.666995
25 -2.037939 1.896965
failed to find solution after reaching max emtpy limit -- 20 iterations and 14 function evals
27 -1.975365 1.231738
16 -1.840992 7.950422
10 -1.962071 1.896452
28 -1.860007 6.999630
28 -1.916366 4.181701
29 -1.923532 3.823423
29 -1.864384 6.780815
failed to find solution after reaching max emtpy limit -- 23 iterations and 17 function evals
30 -1.842128 7.893606
31 -1.847440 7.628008
20 -2.068119 3.405932
25 -1.853361 7.331970
failed to find solution after reaching max emtpy limit -- 25 iterations and 19 function evals
failed to find solution after reaching max emtpy limit -- 25 iterations and 19 function evals
20 -1.852901 7.354947
33 -1.845296 7.735190
18 -1.888956 5.552198
14 -1.874765 6.261732
27 -2.053301 2.665029
38 -1.872391 6.380468
failed to find solution after reaching max emtpy limit -- 19 iterations and 13 function evals
25 -1.862434 6.878317
21 -1.841391 7.930470
40 -1.847377 7.631133
24 -1.903950 4.802519
27 -1.844448 7.777590
25 -1.881979 5.901059
23 -1.863079 6.846042
24 -2.043587 2.179341
29 -1.871381 6.430961
26 -2.105087 5.254350
21 -2.007663 0.383145
33 -1.885569 5.721530
failed to find solution after reaching max emtpy limit -- 27 iterations and 17 function evals
28 -1.989356 0.532198
28 -2.170931 8.546543
21 -1.965589 1.720554
26 -1.968363 1.581856
20 -1.981092 0.945378
failed to find solution after reaching max emtpy limit -- 25 iterations and 19 function evals
29 -1.877311 6.134428
44 -1.855732 7.213405
25 -1.954041 2.297955
13 -1.850483 7.475868
30 -1.854765 7.261761
32 -2.026045 1.302254
failed to find solution after reaching max emtpy limit -- 26 iterations and 16 function evals
failed to find solution after reaching max emtpy limit -- 22 iterations and 16 function evals
24 -2.120340 6.016994
27 -1.849493 7.525359
26 -1.926534 3.673317
22 -2.180283 9.014149
26 -1.852805 7.359744
38 -1.842651 7.867472
14 -2.010435 0.521753
26 -1.861547 6.922667
36 -1.852691 7.365428
failed to find solution after reaching max emtpy limit -- 18 iterations and 12 function evals
27 -1.990296 0.485221
14 -2.039885 1.994272
20 -1.941612 2.919424
15 -2.047874 2.393716
16 -1.864844 6.757810
failed to find solution after reaching max emtpy limit -- 22 iterations and 16 function evals
21 -1.857336 7.133207
26 -1.847313 7.634337
14 -1.857252 7.137413
failed to find solution after reaching max emtpy limit -- 21 iterations and 15 function evals
23 -1.989900 0.504999
49 -1.854126 7.293679
18 -1.870517 6.474125
26 -1.928715 3.564274
15 -1.986678 0.666121
17 -1.848635 7.568256
24 -1.991955 0.402248
failed to find solution after reaching max emtpy limit -- 30 iterations and 16 function evals
23 -1.851873 7.406337
19 -1.844571 7.771472
27 -1.878743 6.062838
23 -1.849848 7.507617
14 -1.882331 5.883475
19 -1.939058 3.047117
failed to find solution after reaching max emtpy limit -- 20 iterations and 14 function evals
25 -1.901486 4.925698
18 -1.865086 6.745707
39 -1.991113 0.444371
18 -2.037463 1.873138
16 -1.843194 7.840313
13 -2.110852 5.542616
24 -1.891431 5.428434
24 -1.852642 7.367897
18 -2.117936 5.896804
26 -1.859187 7.040663
19 -1.971187 1.440661
29 -1.861358 6.932091
32 -1.853761 7.311938
failed to find solution after reaching max emtpy limit -- 61 iterations and 35 function evals
28 -2.013477 0.673825
32 -1.901415 4.929225
19 -1.853448 7.327592
18 -2.189123 9.456154
21 -2.028278 1.413890
failed to find solution after reaching max emtpy limit -- 21 iterations and 15 function evals
failed to find solution after reaching max emtpy limit -- 22 iterations and 16 function evals
23 -1.845753 7.712355
25 -1.882857 5.857170
18 -2.018636 0.931821
18 -1.930971 3.451474
22 -1.859719 7.014030
31 -1.888609 5.569538
17 -2.044911 2.245569
14 -1.925135 3.743233
failed to find solution after reaching max emtpy limit -- 21 iterations and 15 function evals
27 -2.192094 9.604706
34 -1.855427 7.228659
17 -1.979924 1.003804
31 -1.878228 6.088591
23 -1.857836 7.108193
36 -1.870075 6.496230
18 -1.858622 7.068923
21 -1.850437 7.478169
16 -1.949743 2.512837
20 -1.842689 7.865571
17 -2.077205 3.860246
27 -1.866693 6.665337
24 -1.968515 1.574235
20 -1.842055 7.897249
29 -1.847695 7.615271
18 -1.862206 6.889710
failed to find solution after reaching max emtpy limit -- 25 iterations and 19 function evals
22 -2.032696 1.634789
16 -2.046161 2.308025
failed to find solution after reaching max emtpy limit -- 17 iterations and 11 function evals
21 -2.040652 2.032610
23 -2.042355 2.117731
failed to find solution after reaching max emtpy limit -- 57 iterations and 27 function evals
18 -1.842296 7.885176
22 -2.119196 5.959779
30 -1.935183 3.240865
failed to find solution after reaching max emtpy limit -- 24 iterations and 18 function evals
27 -1.882226 5.888718
17 -2.024864 1.243218
19 -1.847089 7.645555
27 -1.873124 6.343782
19 -1.857743 7.112827
22 -1.854194 7.290298
27 -2.121246 6.062320
22 -1.974350 1.282516
32 -1.908295 4.585231
26 -1.920925 3.953753
37 -1.846890 7.655483
32 -1.984820 0.758998
40 -1.849354 7.532295
22 -1.850302 7.484893
31 -1.850289 7.485566
failed to find solution after reaching max emtpy limit -- 34 iterations and 19 function evals
failed to find solution after reaching max emtpy limit -- 24 iterations and 18 function evals
failed to find solution after reaching max emtpy limit -- 79 iterations and 46 function evals
31 -1.844944 7.752801
failed to find solution after reaching max emtpy limit -- 28 iterations and 22 function evals
31 -2.008918 0.445903
37 -1.842500 7.875016
failed to find solution after reaching max emtpy limit -- 50 iterations and 28 function evals
failed to find solution after reaching max emtpy limit -- 44 iterations and 30 function evals
56 -1.847038 7.648109
failed to find solution after reaching max emtpy limit -- 70 iterations and 27 function evals
