7 8.424960 0.864911
8 8.182597 3.716760
8 7.987787 6.009058
8 7.912487 6.895095
8 7.730673 9.034469
9 7.983061 6.064669
9 7.798345 8.238183
9 8.146439 4.142221
9 7.779037 8.465374
9 7.745446 8.860634
9 8.138087 4.240500
9 7.873224 7.357101
9 7.916190 6.851525
9 8.148355 4.119680
11 8.209703 3.397799
11 8.230240 3.156151
11 7.964967 6.277576
11 8.078734 4.938900
11 7.918876 6.819915
11 7.672055 9.724222
11 7.705204 9.334158
9 8.159328 3.990556
8 7.799580 8.223657
12 7.676658 9.670055
12 8.120582 4.446471
12 7.672176 9.722800
12 7.869923 7.395933
12 8.137799 4.243885
13 8.119459 4.459688
13 7.679374 9.638099
13 7.949264 6.462348
13 8.146231 4.144674
13 7.901042 7.029766
13 7.725381 9.096746
13 7.687141 9.546702
13 7.867021 7.430082
13 7.939375 6.578708
12 8.209393 3.401454
7 7.802483 8.189495
11 7.665114 9.805892
9 7.720285 9.156700
15 7.859280 7.521178
15 7.921655 6.787219
15 8.107358 4.602077
15 7.930101 6.687833
12 8.296213 2.379856
13 7.920613 6.799480
12 7.856875 7.549473
9 7.991557 5.964687
11 7.820414 7.978500
8 8.002911 5.831095
13 7.883036 7.241644
9 8.175791 3.796838
17 7.699930 9.396222
12 7.994888 5.925495
11 7.986407 6.025288
14 7.649908 9.984816
17 7.703626 9.352733
11 7.843863 7.702584
15 7.959881 6.337423
13 7.875982 7.324646
13 7.883037 7.241632
9 8.123575 4.411259
13 7.854826 7.573580
12 7.993081 5.946757
11 8.047259 5.309253
16 7.824563 7.929680
11 8.017033 5.664922
11 7.920051 6.806091
7 7.764417 8.637409
13 8.109723 4.574253
11 7.660112 9.864744
15 8.132627 4.304748
11 7.720737 9.151390
13 7.883870 7.231824
9 7.722786 9.127270
12 8.030901 5.501743
11 7.694463 9.460545
8 8.169655 3.869042
13 7.909446 6.930883
11 7.714543 9.224268
10 8.013062 5.711644
12 7.706851 9.314783
9 7.735375 8.979138
12 8.146930 4.136442
16 8.004226 5.815618
16 7.858062 7.535502
9 8.039644 5.398859
11 7.662981 9.830989
12 8.208897 3.407293
24 7.773580 8.529587
12 7.853832 7.585275
15 8.025948 5.560025
15 8.170503 3.859067
12 7.652568 9.953522
9 7.676360 9.673566
18 7.709479 9.283862
11 7.716389 9.202551
18 7.888540 7.176881
15 7.715546 9.212470
12 7.924356 6.755431
11 8.194274 3.579356
12 8.076529 4.964839
9 7.741909 8.902259
17 7.662960 9.831238
13 7.837759 7.774412
13 7.837054 7.782707
11 7.992277 5.956223
15 7.717934 9.184370
11 7.989753 5.985921
9 7.895525 7.094686
12 7.649573 9.988758
21 7.703581 9.353253
9 7.955806 6.385372
11 7.979242 6.109598
11 7.716008 9.207026
11 7.909580 6.929307
12 8.158730 3.997595
11 8.041766 5.373896
9 7.789004 8.348094
13 7.986518 6.023981
13 7.932878 6.655159
13 7.924460 6.754214
13 7.886058 7.206083
20 7.758379 8.708455
15 7.670808 9.738893
12 8.247776 2.949803
15 7.666041 9.794981
12 7.852405 7.602071
11 8.163470 3.941817
7 7.742846 8.891232
8 8.126355 4.378543
13 7.825562 7.917926
13 8.178467 3.765357
15 7.878659 7.293147
11 7.688618 9.529323
19 8.019774 5.632672
12 8.056590 5.199461
11 8.059629 5.163701
15 7.755875 8.737922
16 8.068321 5.061420
12 7.772829 8.538424
13 8.123051 4.417422
13 7.880548 7.270921
8 7.665848 9.797260
15 7.754392 8.755376
7 7.686924 9.549255
13 8.045807 5.326341
9 8.090521 4.800203
12 8.073295 5.002891
8 7.796322 8.261989
11 7.773923 8.525557
12 8.017561 5.658707
17 7.836695 7.786923
9 8.216929 3.312777
9 7.843350 7.708622
12 7.969952 6.218912
12 7.878298 7.297391
17 7.649619 9.988219
11 8.032806 5.479325
15 7.842526 7.718310
11 8.204085 3.463908
15 7.854656 7.575580
12 7.717640 9.187823
11 8.043246 5.356474
11 8.086080 4.852454
11 7.879457 7.283753
12 7.940898 6.560787
13 7.789432 8.343067
12 7.956417 6.378176
12 7.964319 6.285192
12 7.774610 8.517473
13 8.129245 4.344537
16 7.748357 8.826390
15 7.703285 9.356743
19 7.741207 8.910523
13 7.860258 7.509666
15 7.970108 6.217075
17 7.760731 8.680786
16 8.071720 5.021428
18 7.654852 9.926646
19 7.892794 7.126825
27 7.790945 8.325262
25 7.795208 8.275103
16 7.808485 8.118873
24 7.857768 7.538959
44 8.327538 2.011257
28 8.208523 3.411693
31 8.031666 5.492732
32 7.811824 8.079576
32 8.023562 5.588089
35 7.877084 7.311681
83 7.694028 9.465668
41 7.684206 9.581239
190 8.169991 3.865089
58 7.693766 9.468749
54 7.658564 9.882968
59 7.657165 9.899431
61 7.705830 9.326799
64 8.272424 2.659777
