11 0.942298 5.770248
11 0.956568 4.343152
9 0.901663 9.833736
15 0.923886 7.611370
16 0.944459 5.554075
13 0.907410 9.259019
22 0.908057 9.194350
15 0.969315 3.068486
17 0.922413 7.758744
17 0.903830 9.617025
16 0.944208 5.579181
16 0.901565 9.843468
20 0.937126 6.287371
16 0.942283 5.771701
32 0.937939 6.206075
27 0.927394 7.260604
21 0.972682 2.731781
26 0.927325 7.267526
27 0.911865 8.813540
24 0.924588 7.541182
18 0.938760 6.124003
17 0.917268 8.273175
22 0.922785 7.721454
27 0.906375 9.362491
21 0.950478 4.952213
24 0.942980 5.702048
17 0.967998 3.200193
22 0.910663 8.933658
13 0.927797 7.220321
22 0.960073 3.992657
22 0.988729 1.127103
16 0.925281 7.471855
19 0.991821 0.817946
16 0.990565 0.943547
31 0.957192 4.280850
13 0.954283 4.571676
27 0.900009 9.999131
27 0.904451 9.554871
20 0.942012 5.798771
23 0.901702 9.829847
17 0.964501 3.549906
16 0.907818 9.218212
17 0.978375 2.162490
31 0.912757 8.724271
18 0.946752 5.324757
22 0.928371 7.162865
24 0.907972 9.202751
24 0.966149 3.385120
23 0.903936 9.606374
17 0.937581 6.241896
22 0.990354 0.964619
24 0.939509 6.049115
17 0.924676 7.532401
29 0.938638 6.136165
16 0.953073 4.692679
25 0.915767 8.423345
26 0.998349 0.165113
14 0.996808 0.319181
40 0.926410 7.358994
30 0.928154 7.184561
19 0.955781 4.421877
18 0.919253 8.074671
18 0.950062 4.993758
17 0.962857 3.714344
25 0.909636 9.036406
15 0.954224 4.577571
31 0.908706 9.129415
37 0.920386 7.961438
17 0.992842 0.715784
26 0.973638 2.636182
46 0.934620 6.538043
21 0.902683 9.731714
17 0.910189 8.981142
26 0.973205 2.679489
30 0.955763 4.423683
32 0.905948 9.405163
17 0.985517 1.448280
23 0.921852 7.814792
19 0.922965 7.703492
32 0.916508 8.349159
44 0.944803 5.519700
19 0.974032 2.596833
14 0.946848 5.315185
17 0.953417 4.658349
21 0.914853 8.514700
33 0.924984 7.501625
29 0.953447 4.655281
36 0.945237 5.476321
19 0.991573 0.842725
28 0.972167 2.783325
30 0.977541 2.245873
26 0.920216 7.978408
15 0.982514 1.748570
19 0.990122 0.987825
14 0.948865 5.113526
14 0.936648 6.335234
18 0.929351 7.064918
18 0.963909 3.609123
35 0.936773 6.322709
28 0.942192 5.780833
31 0.935974 6.402635
18 0.923198 7.680222
30 0.915417 8.458264
26 0.911201 8.879919
13 0.959149 4.085115
23 0.981930 1.806983
13 0.963869 3.613141
20 0.929511 7.048875
22 0.932762 6.723784
26 0.911163 8.883723
32 0.936980 6.301968
31 0.956856 4.314439
35 0.916424 8.357581
28 0.955792 4.420755
11 0.968827 3.117296
31 0.945350 5.465003
26 0.956865 4.313474
26 0.942644 5.735595
20 0.912712 8.728842
36 0.900937 9.906268
35 0.900722 9.927819
22 0.978413 2.158657
16 0.986871 1.312906
43 0.917325 8.267501
26 0.974475 2.552544
21 0.928804 7.119631
44 0.939381 6.061905
18 0.927892 7.210828
20 0.945242 5.475789
32 0.923276 7.672374
25 0.947498 5.250225
22 0.907016 9.298388
36 0.909006 9.099354
25 0.949485 5.051488
31 0.913852 8.614835
25 0.969751 3.024939
13 0.943267 5.673319
26 0.992511 0.748935
34 0.944421 5.557909
19 0.959483 4.051666
14 0.933830 6.616957
16 0.915999 8.400083
19 0.961698 3.830245
28 0.929737 7.026283
32 0.928771 7.122933
34 0.901213 9.878656
28 0.943878 5.612247
20 0.969312 3.068827
29 0.942834 5.716568
21 0.978282 2.171814
27 0.904781 9.521895
40 0.926495 7.350513
12 0.946061 5.393927
25 0.907545 9.245548
18 0.921651 7.834907
13 0.924610 7.538994
25 0.913048 8.695151
22 0.918736 8.126437
13 0.939960 6.003971
19 0.949587 5.041268
15 0.997076 0.292437
16 0.956620 4.338035
24 0.918088 8.191159
29 0.914289 8.571072
23 0.964065 3.593451
18 0.956159 4.384077
38 0.932611 6.738937
20 0.914913 8.508745
29 0.927577 7.242294
23 0.937257 6.274302
25 0.921365 7.863453
16 0.917517 8.248325
43 0.961566 3.843411
35 0.951834 4.816632
24 0.946774 5.322595
26 0.969150 3.084959
27 0.929382 7.061823
37 0.932839 6.716122
26 0.933825 6.617527
27 0.920141 7.985869
33 0.905812 9.418809
28 0.902032 9.796802
27 0.942308 5.769247
19 0.952648 4.735231
27 0.965594 3.440572
24 0.911141 8.885868
29 0.957735 4.226485
26 0.911323 8.867701
24 0.903325 9.667516
39 0.984797 1.520328
35 0.912616 8.738438
34 0.907752 9.224810
28 0.952794 4.720604
31 0.980736 1.926414
31 0.993037 0.696317
27 0.947440 5.256004
40 0.912058 8.794152
28 0.900090 9.990956
28 0.930548 6.945205
36 0.910433 8.956651
