10 -2.015437 0.771828
12 -1.948530 2.573508
12 -1.955639 2.218073
12 -1.862205 6.889749
13 -2.156464 7.823200
13 -2.082774 4.138677
13 -1.881258 5.937117
13 -2.198296 9.914785
14 -1.879079 6.046069
14 -1.937316 3.134219
14 -2.017166 0.858322
14 -1.852461 7.376931
14 -1.867469 6.626558
14 -1.877788 6.110613
15 -1.857331 7.133459
15 -1.950157 2.492153
15 -1.960876 1.956215
15 -2.010503 0.525134
15 -1.859047 7.047653
15 -1.890251 5.487426
16 -1.866851 6.657443
16 -2.138326 6.916295
16 -1.995931 0.203458
16 -1.943588 2.820608
17 -1.849983 7.500856
17 -1.926588 3.670588
17 -1.940948 2.952615
17 -1.853535 7.323256
17 -1.916906 4.154717
18 -1.854226 7.288708
18 -1.848978 7.551099
17 -1.886103 5.694840
18 -1.966138 1.693083
18 -1.844230 7.788496
18 -1.849841 7.507962
17 -1.847518 7.624093
12 -2.193529 9.676454
20 -1.845445 7.727772
15 -1.860535 6.973247
20 -1.894474 5.276306
20 -1.854186 7.290702
20 -1.953744 2.312779
20 -2.166409 8.320432
15 -1.844354 7.782307
21 -1.843850 7.807523
15 -1.856291 7.185463
16 -2.033176 1.658808
12 -1.857038 7.148090
18 -1.879637 6.018126
15 -1.860653 6.967358
17 -2.169240 8.461981
12 -1.961978 1.901105
12 -2.178853 8.942640
14 -1.855723 7.213861
16 -2.083812 4.190619
18 -1.902914 4.854302
15 -1.850440 7.478003
16 -1.911511 4.424429
16 -1.852617 7.369141
17 -1.867833 6.608326
18 -1.894546 5.272715
14 -1.843787 7.810671
14 -1.893189 5.340534
17 -1.866634 6.668310
19 -1.846463 7.676841
17 -1.871207 6.439632
15 -1.928281 3.585929
failed to find solution after reaching max emtpy limit -- 20 iterations and 14 function evals
15 -1.893417 5.329173
13 -1.884605 5.769756
17 -1.865510 6.724478
14 -1.904653 4.767365
19 -1.855562 7.221895
failed to find solution after reaching max emtpy limit -- 21 iterations and 15 function evals
15 -1.855594 7.220302
15 -1.887877 5.606133
failed to find solution after reaching max emtpy limit -- 23 iterations and 17 function evals
16 -1.842978 7.851119
21 -1.846421 7.678934
16 -1.852446 7.377685
13 -1.852944 7.352793
16 -1.881386 5.930716
20 -2.000486 0.024279
14 -1.856513 7.174367
18 -1.857197 7.140167
12 -1.948811 2.559470
13 -1.856199 7.190068
12 -2.032950 1.647510
15 -1.857054 7.147313
16 -1.919995 4.000249
22 -1.866377 6.681174
17 -1.852961 7.351927
16 -2.077125 3.856261
15 -1.933238 3.338088
22 -1.872176 6.391189
failed to find solution after reaching max emtpy limit -- 23 iterations and 15 function evals
14 -1.846698 7.665120
17 -1.843819 7.809039
16 -1.851083 7.445856
17 -2.070902 3.545106
15 -1.860331 6.983455
14 -1.877092 6.145400
16 -1.904686 4.765721
13 -2.184240 9.212017
22 -1.850096 7.495187
18 -1.854263 7.286867
18 -1.868365 6.581757
16 -1.853023 7.348830
18 -1.862053 6.897369
failed to find solution after reaching max emtpy limit -- 18 iterations and 12 function evals
14 -1.903119 4.844044
14 -1.892729 5.363549
20 -1.876103 6.194851
28 -1.877750 6.112502
16 -1.858865 7.056757
failed to find solution after reaching max emtpy limit -- 25 iterations and 19 function evals
failed to find solution after reaching max emtpy limit -- 23 iterations and 17 function evals
17 -2.052708 2.635380
22 -1.855282 7.235875
15 -1.847809 7.609570
19 -1.848686 7.565720
14 -2.199092 9.954625
14 -1.887633 5.618364
20 -1.847190 7.640496
16 -1.858578 7.071099
21 -1.844168 7.791579
16 -2.166926 8.346308
16 -1.853312 7.334401
12 -2.074577 3.728835
19 -1.881274 5.936322
17 -1.875071 6.246462
23 -1.870638 6.468123
18 -1.860145 6.992768
17 -1.849979 7.501026
failed to find solution after reaching max emtpy limit -- 29 iterations and 23 function evals
18 -2.073904 3.695176
16 -2.147945 7.397272
15 -1.913725 4.313748
15 -1.853595 7.320238
12 -2.077536 3.876784
14 -2.040194 2.009702
24 -1.890814 5.459305
15 -1.846575 7.671270
14 -1.935913 3.204339
15 -1.927608 3.619590
12 -2.016380 0.818999
13 -2.079078 3.953899
18 -1.998279 0.086026
15 -1.863746 6.812714
19 -1.903844 4.807797
27 -1.847134 7.643291
15 -1.916556 4.172192
12 -2.091517 4.575829
18 -1.986162 0.691894
14 -1.961364 1.931815
15 -1.842652 7.867409
16 -2.195311 9.765574
17 -1.849594 7.520311
16 -1.846831 7.658448
failed to find solution after reaching max emtpy limit -- 24 iterations and 18 function evals
18 -1.924735 3.763253
17 -1.858791 7.060448
15 -1.870303 6.484846
18 -1.844945 7.752769
20 -1.846535 7.673249
14 -1.848715 7.564243
14 -1.858422 7.078876
16 -2.063527 3.176332
20 -1.849906 7.504703
14 -1.845286 7.735677
20 -2.029138 1.456916
18 -1.926871 3.656441
14 -1.855734 7.213295
16 -2.121237 6.061851
19 -1.937957 3.102126
15 -2.085804 4.290214
14 -1.853974 7.301311
15 -1.845157 7.742173
16 -2.188275 9.413773
18 -2.122562 6.128078
21 -1.847209 7.639546
20 -1.874553 6.272340
15 -1.901989 4.900533
18 -1.876373 6.181353
17 -2.168344 8.417181
17 -1.849148 7.542599
17 -1.845516 7.724182
19 -1.841765 7.911738
20 -1.874499 6.275033
18 -1.853570 7.321510
21 -1.876835 6.158264
18 -1.887784 5.610775
18 -2.124395 6.219774
15 -1.851534 7.423296
failed to find solution after reaching max emtpy limit -- 27 iterations and 19 function evals
failed to find solution after reaching max emtpy limit -- 30 iterations and 19 function evals
failed to find solution after reaching max emtpy limit -- 22 iterations and 16 function evals
failed to find solution after reaching max emtpy limit -- 26 iterations and 20 function evals
failed to find solution after reaching max emtpy limit -- 26 iterations and 20 function evals
36 -1.951443 2.427861
