23 -3.313980 5.681816
24 -3.218706 2.643549
24 -3.310481 5.570243
25 -3.207294 2.279629
26 -3.313980 5.681816
26 -3.286583 4.808145
27 -3.313980 5.681816
28 -3.289738 4.908743
28 -3.208091 2.305040
29 -3.324002 6.001430
29 -3.269503 4.263458
28 -3.377025 7.692288
30 -3.313980 5.681816
30 -3.313980 5.681816
31 -3.230228 3.010996
31 -3.321853 5.932892
31 -3.337102 6.419182
32 -3.313980 5.681816
32 -3.313980 5.681816
33 -3.308488 5.506681
33 -3.313980 5.681816
26 -3.422032 9.127559
34 -3.313980 5.681816
26 -3.426467 9.268982
27 -3.313980 5.681816
35 -3.236194 3.201228
35 -3.166408 0.975788
35 -3.385134 7.950903
35 -3.313980 5.681816
36 -3.313980 5.681816
36 -3.404625 8.572473
24 -3.218695 2.643216
35 -3.313980 5.681816
27 -3.208584 2.320774
27 -3.313980 5.681816
33 -3.237487 3.242479
37 -3.382771 7.875545
39 -3.189179 1.701941
37 -3.436542 9.590270
29 -3.198107 1.986667
27 -3.190804 1.753765
33 -3.302234 5.307253
39 -3.286238 4.797138
36 -3.313980 5.681816
30 -3.256961 3.863508
25 -3.313980 5.681816
24 -3.313980 5.681816
30 -3.313980 5.681816
28 -3.367384 7.384842
29 -3.313980 5.681816
33 -3.207687 2.292166
28 -3.430349 9.392798
45 -3.397268 8.337833
44 -3.313980 5.681816
45 -3.313980 5.681816
45 -3.377502 7.707523
44 -3.305013 5.395856
30 -3.313980 5.681816
26 -3.176323 1.291960
27 -3.203234 2.150145
29 -3.299574 5.222422
27 -3.368625 7.424439
46 -3.313980 5.681816
30 -3.243304 3.427974
32 -3.251518 3.689919
50 -3.313980 5.681816
45 -3.436881 9.601091
24 -3.313980 5.681816
29 -3.313980 5.681816
50 -3.313980 5.681816
34 -3.313980 5.681816
38 -3.385552 7.964219
26 -3.296117 5.112168
32 -3.211881 2.425898
24 -3.313980 5.681816
31 -3.284061 4.727723
27 -3.177405 1.326480
31 -3.313980 5.681816
27 -3.413849 8.866599
31 -3.316827 5.772615
40 -3.403357 8.532018
25 -3.380698 7.809436
56 -3.199312 2.025094
30 -3.347520 6.751383
53 -3.199030 2.016097
33 -3.227551 2.925636
47 -3.443601 9.815385
27 -3.185079 1.571213
47 -3.313980 5.681816
55 -3.313980 5.681816
27 -3.209179 2.339743
23 -3.313980 5.681816
37 -3.313980 5.681816
55 -3.313980 5.681817
38 -3.242682 3.408130
27 -3.423521 9.175030
41 -3.296213 5.115247
34 -3.280016 4.598714
45 -3.376976 7.690731
35 -3.190336 1.738857
45 -3.156966 0.674700
30 -3.313980 5.681816
29 -3.313980 5.681816
29 -3.446765 9.916303
29 -3.313980 5.681816
27 -3.313980 5.681816
60 -3.313980 5.681816
24 -3.210354 2.377202
26 -3.240662 3.343739
28 -3.313980 5.681816
29 -3.298027 5.173085
35 -3.313980 5.681816
32 -3.401384 8.469089
37 -3.313980 5.681816
28 -3.344683 6.660918
24 -3.313980 5.681816
31 -3.313980 5.681816
33 -3.313980 5.681816
35 -3.313980 5.681816
25 -3.313980 5.681816
24 -3.187616 1.652105
40 -3.313980 5.681816
36 -3.310713 5.577631
24 -3.313980 5.681816
38 -3.397574 8.347595
29 -3.219879 2.680960
34 -3.271490 4.326827
26 -3.272312 4.353039
51 -3.313980 5.681816
24 -3.363959 7.275621
47 -3.338823 6.474037
31 -3.313980 5.681816
43 -3.445925 9.889511
27 -3.214329 2.503964
29 -3.313980 5.681816
43 -3.313980 5.681816
28 -3.313980 5.681816
46 -3.194172 1.861170
31 -3.313980 5.681816
26 -3.192507 1.808091
37 -3.313980 5.681816
34 -3.433461 9.492033
33 -3.313516 5.667022
30 -3.356615 7.041443
48 -3.313980 5.681805
38 -3.298037 5.173395
24 -3.313980 5.681816
35 -3.313980 5.681816
45 -3.440129 9.704659
37 -3.199438 2.029112
30 -3.181785 1.466144
41 -3.344652 6.659935
62 -3.272613 4.362624
30 -3.247265 3.554289
42 -3.313980 5.681816
32 -3.430287 9.390826
29 -3.235638 3.183503
24 -3.313980 5.681816
42 -3.415691 8.925357
32 -3.236241 3.202733
32 -3.313980 5.681816
35 -3.275965 4.469535
34 -3.276244 4.478424
34 -3.305466 5.410322
39 -3.313980 5.681816
25 -3.289009 4.885487
40 -3.313980 5.681819
29 -3.421023 9.095393
30 -3.313980 5.681816
63 -3.223492 2.796173
27 -3.199247 2.023016
36 -3.313980 5.681816
28 -3.228692 2.962020
39 -3.181827 1.467486
39 -3.400122 8.428846
46 -3.313980 5.681816
34 -3.235582 3.181739
35 -3.366621 7.360519
31 -3.251295 3.682822
32 -3.175249 1.257731
36 -3.289769 4.909747
39 -3.296751 5.132389
35 -3.313980 5.681816
48 -3.172623 1.173981
42 -3.404488 8.568090
32 -3.313980 5.681816
38 -3.331248 6.232482
41 -3.313980 5.681817
44 -3.313980 5.681816
42 -3.313980 5.681816
44 -3.313980 5.681816
47 -3.286439 4.803541
47 -3.173877 1.213971
41 -3.440964 9.731287
48 -3.313980 5.681817
45 -3.239411 3.303824
42 -3.184814 1.562740
62 -3.441261 9.740755
40 -3.313980 5.681816
56 -3.242661 3.407460
