7 7.956898 6.372514
7 8.180404 3.742562
7 8.216278 3.320437
7 7.892757 7.127250
8 8.169610 3.869570
8 8.358602 1.645731
7 8.027418 5.542723
8 7.955921 6.384009
8 8.056306 5.202805
8 8.365826 1.560728
8 7.835874 7.796592
10 7.821143 7.969924
9 8.091565 4.787920
9 8.089395 4.813443
9 7.702693 9.363711
9 7.836229 7.792415
9 8.116176 4.498327
9 7.805389 8.155298
9 8.051553 5.258731
9 7.800137 8.217097
9 8.258719 2.821043
11 7.934118 6.640568
11 7.657813 9.891805
11 7.648930 9.996332
11 8.182984 3.712202
8 7.982470 6.071618
8 7.849113 7.640810
12 7.961073 6.323397
12 8.087545 4.835219
12 7.882046 7.253295
12 8.155572 4.034754
12 7.787688 8.363582
11 8.133625 4.293000
12 8.047314 5.308610
10 7.981415 6.084031
8 7.784510 8.400976
13 7.892507 7.130196
13 7.705939 9.325517
13 8.134765 4.279593
13 7.842834 7.714687
13 8.044150 5.345835
11 7.691148 9.499558
13 7.719400 9.167120
12 7.683427 9.590406
12 7.863841 7.467507
12 7.821592 7.964636
12 7.669692 9.752022
8 7.931641 6.669709
15 7.866263 7.439002
12 7.890783 7.150478
9 7.734003 8.995282
16 7.760271 8.686197
16 7.861612 7.493736
16 7.793760 8.292132
16 7.673013 9.712945
13 7.656943 9.902041
16 7.751106 8.794035
17 7.726431 9.084381
12 7.807140 8.134693
11 7.806147 8.146385
17 7.764939 8.631266
12 7.774389 8.520077
12 7.988494 6.000730
12 7.954775 6.397494
11 7.961446 6.319005
8 7.818360 8.002673
8 8.142069 4.193642
12 7.675827 9.679832
12 8.266263 2.732275
13 7.665253 9.804258
8 7.802059 8.194481
19 7.756667 8.728599
9 7.677470 9.660501
11 7.921392 6.790315
13 7.862280 7.485878
9 7.749226 8.816155
15 7.841149 7.734516
20 7.787920 8.360851
9 7.966700 6.257178
10 8.106776 4.608928
16 7.868940 7.407510
9 7.953503 6.412463
15 7.810519 8.094937
16 7.652683 9.952168
9 7.859881 7.514103
10 8.289621 2.457426
9 7.823776 7.938942
11 8.197918 3.536478
9 7.826886 7.902345
21 7.659097 9.876693
12 7.901650 7.022617
13 7.904892 6.984463
13 7.833249 7.827477
9 7.901969 7.018864
7 7.661592 9.847338
9 8.129606 4.340297
10 7.970637 6.210860
7 8.042887 5.360700
8 7.687688 9.540263
12 7.751048 8.794722
17 7.861722 7.492444
12 7.706251 9.321846
25 7.677937 9.655010
16 7.768491 8.589470
11 8.243718 2.997556
11 7.889938 7.160426
11 7.658557 9.883050
13 7.820442 7.978169
8 8.385721 1.326627
9 7.932541 6.659119
9 7.799553 8.223970
9 7.750221 8.804455
15 7.650840 9.973846
9 8.206417 3.436475
16 7.688126 9.535112
8 7.862920 7.478347
16 7.738857 8.938172
12 8.056219 5.203829
19 7.685357 9.567697
12 8.039501 5.400547
11 7.752715 8.775107
9 7.860849 7.502706
58 7.815728 8.033645
12 8.093803 4.761581
27 7.742966 8.889823
8 7.777883 8.478957
7 8.257183 2.839120
11 8.021041 5.617764
11 8.002007 5.841734
13 7.927016 6.724136
12 8.232747 3.126655
9 8.065074 5.099624
23 7.692776 9.480402
9 7.721036 9.147869
15 7.733998 8.995344
11 8.216398 3.319029
11 8.335010 1.923334
13 7.784445 8.401742
12 8.066067 5.087946
9 7.832137 7.840556
11 7.690545 9.506649
13 7.710777 9.268582
23 7.698076 9.418038
12 7.707384 9.308507
12 7.974059 6.170586
21 7.667071 9.782865
28 7.699529 9.400938
15 7.872220 7.368911
12 8.095696 4.739309
14 7.654659 9.928918
12 7.707476 9.307426
9 7.973893 6.172539
9 7.889035 7.171049
12 7.776241 8.498285
16 7.730720 9.033912
12 7.727148 9.075943
19 7.738562 8.941640
11 7.848212 7.651410
17 7.743016 8.889229
11 7.673265 9.709979
11 7.687015 9.548192
11 8.222085 3.252107
12 7.686122 9.558692
21 7.663816 9.821167
19 7.651022 9.971714
23 7.723075 9.123869
17 7.689875 9.514535
17 7.662919 9.831714
15 7.651310 9.968316
25 7.774417 8.519744
13 8.138169 4.239528
24 7.752989 8.771886
15 7.672020 9.724632
16 7.663140 9.829119
22 7.810802 8.091602
20 7.710635 9.270251
22 7.674897 9.690772
59 8.155150 4.039725
failed to find solution after reaching max emtpy limit -- 32 iterations and 14 function evals
26 7.777017 8.489153
24 7.721203 9.145900
31 7.683555 9.588904
33 7.873533 7.353455
57 7.687049 9.547782
43 7.988622 5.999233
48 7.671806 9.727150
40 7.841074 7.735402
57 7.688283 9.533264
55 7.663658 9.823021
46 7.875406 7.331423
65 7.668085 9.770931
66 7.654403 9.931925
58 7.889231 7.168748
52 7.879581 7.282294
85 7.662957 9.831272
78 7.753014 8.771586
108 7.669119 9.758760
115 7.709374 9.285088
135 8.142976 4.182970
138 8.159254 3.991427
