10 4.165055 9.174678
11 4.458321 2.779576
11 4.220616 7.963093
12 4.250375 7.314144
12 4.239555 7.550104
12 4.316387 5.874654
12 4.279218 6.685194
12 4.198438 8.446710
12 4.259813 7.108354
12 4.423676 3.535064
12 4.428668 3.426214
13 4.449789 2.965621
13 4.373437 4.630601
11 4.458026 2.786017
13 4.318825 5.821495
13 4.299486 6.243218
14 4.186038 8.717125
14 4.297289 6.291114
14 4.383256 4.416473
15 4.516127 1.519035
15 4.286649 6.523134
10 4.273329 6.813602
11 4.167765 9.115584
12 4.376752 4.558307
15 4.147937 9.547961
12 4.250011 7.322085
16 4.283028 6.602097
16 4.502530 1.815540
16 4.365112 4.812129
13 4.453885 2.876315
11 4.356488 5.000197
17 4.507380 1.709781
14 4.428349 3.433150
17 4.274055 6.797772
17 4.203555 8.335124
17 4.316611 5.869775
13 4.301444 6.200507
14 4.245520 7.420017
18 4.262741 7.044497
18 4.345071 5.249165
19 4.432801 3.336080
15 4.287334 6.508214
19 4.252366 7.270734
19 4.180117 8.846243
11 4.260073 7.102667
19 4.284032 6.580216
19 4.433313 3.324911
20 4.537748 1.047559
10 4.289331 6.464652
14 4.198147 8.453058
17 4.366871 4.773776
20 4.408324 3.869834
20 4.411091 3.809498
21 4.248105 7.363650
18 4.528926 1.239927
21 4.332734 5.518197
16 4.308681 6.042709
12 4.381351 4.458017
18 4.172669 9.008657
11 4.467462 2.580234
12 4.389922 4.271115
15 4.393680 4.189180
22 4.271412 6.855404
22 4.248889 7.346553
22 4.345413 5.241698
22 4.438711 3.207196
21 4.383064 4.420666
16 4.304321 6.137787
14 4.296568 6.306855
14 4.300279 6.225914
22 4.428142 3.437666
16 4.365406 4.805718
17 4.382967 4.422789
14 4.257740 7.153538
17 4.196379 8.491608
12 4.529520 1.226984
22 4.285334 6.551815
17 4.180523 8.837382
18 4.568577 0.375270
11 4.522990 1.369363
16 4.188453 8.664466
18 4.301827 6.192167
12 4.169919 9.068615
16 4.432238 3.348363
10 4.276831 6.737232
13 4.314834 5.908525
15 4.434537 3.298227
13 4.359402 4.936649
15 4.432377 3.345333
21 4.550966 0.759307
12 4.425173 3.502421
26 4.468518 2.557226
16 4.368753 4.732738
14 4.425962 3.485222
20 4.175230 8.952805
24 4.272345 6.835065
27 4.158142 9.325436
13 4.284121 6.578279
13 4.154568 9.403372
18 4.139908 9.723053
17 4.266206 6.968935
11 4.305055 6.121766
16 4.442692 3.120399
21 4.535712 1.091951
19 4.445820 3.052189
13 4.187593 8.683218
19 4.533160 1.147594
12 4.306537 6.089458
12 4.380131 4.484618
16 4.367872 4.751960
19 4.524889 1.327957
19 4.379895 4.489774
18 4.230701 7.743167
15 4.483926 2.221210
12 4.299131 6.250960
19 4.542790 0.937611
19 4.525473 1.315222
20 4.259226 7.121143
21 4.400116 4.048828
20 4.171380 9.036766
11 4.308740 6.041418
13 4.159484 9.296159
29 4.200000 8.412656
18 4.444431 3.082461
16 4.294888 6.343471
20 4.374328 4.611162
11 4.398344 4.087464
15 4.524415 1.338298
16 4.363281 4.852060
34 4.543723 0.917246
21 4.446519 3.036946
23 4.524303 1.340745
18 4.399031 4.072488
21 4.528100 1.257946
23 4.465092 2.631931
22 4.499485 1.881935
23 4.532074 1.171276
18 4.437571 3.232069
21 4.280391 6.659604
23 4.128898 9.963142
15 4.441505 3.146273
17 4.348564 5.172985
16 4.410329 3.826110
14 4.397888 4.097416
21 4.440504 3.168110
25 4.448907 2.984860
22 4.445754 3.053608
17 4.468667 2.553964
11 4.182921 8.785080
30 4.144381 9.625513
18 4.491380 2.058673
22 4.391649 4.233465
18 4.342147 5.312916
14 4.392479 4.215360
21 4.272082 6.840806
18 4.367115 4.768459
22 4.426750 3.468020
11 4.213055 8.127982
14 4.412488 3.779033
18 4.493150 2.020087
14 4.339624 5.367933
13 4.403515 3.974705
16 4.330430 5.568425
18 4.498433 1.904870
17 4.245933 7.411026
18 4.236277 7.621576
16 4.201804 8.373323
25 4.454795 2.856476
21 4.231071 7.735105
15 4.439975 3.179632
16 4.152578 9.446771
21 4.472107 2.478958
15 4.315251 5.899423
22 4.430426 3.387877
17 4.422015 3.571286
15 4.426806 3.466817
18 4.202827 8.351020
15 4.355823 5.014693
21 4.146166 9.586586
20 4.506716 1.724246
15 4.458679 2.771766
25 4.472494 2.470506
21 4.495347 1.972167
17 4.288124 6.490970
28 4.526010 1.303521
20 4.446861 3.029490
24 4.141617 9.685791
22 4.156297 9.365673
19 4.408958 3.856012
20 4.428883 3.421526
23 4.429443 3.409297
24 4.415411 3.715295
21 4.533104 1.148814
23 4.236945 7.607021
24 4.527031 1.281250
24 4.439299 3.194389
25 4.552499 0.725877
27 4.473932 2.439150
16 4.355943 5.012075
failed to find solution after reaching max emtpy limit -- 58 iterations and 24 function evals
