25 -1178.913859 3.744752
25 -1177.769408 3.644040
25 -1170.020054 2.962094
25 -1146.787992 0.917666
25 -1175.953989 3.484282
25 -1147.810191 1.007620
25 -1187.423100 4.493567
25 -1147.663107 0.994677
25 -1151.557537 1.337388
25 -1169.489769 2.915429
25 -1166.438113 2.646882
25 -1162.253945 2.278674
25 -1161.288401 2.193706
25 -1167.168084 2.711120
25 -1178.194981 3.681490
25 -1202.105958 5.785663
25 -1146.311875 0.875768
25 -1156.499421 1.772275
25 -1168.225136 2.804141
25 -1162.592169 2.308438
25 -1171.431266 3.086281
25 -1168.902749 2.863771
25 -1177.246508 3.598024
25 -1157.380740 1.849831
25 -1163.162325 2.358612
25 -1159.395929 2.027168
25 -1168.123057 2.795158
25 -1167.636300 2.752323
25 -1195.204544 5.178336
25 -1172.418492 3.173157
25 -1144.531603 0.719103
25 -1185.130798 4.291844
25 -1147.067083 0.942226
25 -1193.375381 5.017370
25 -1193.370364 5.016928
25 -1179.648673 3.809415
25 -1165.487822 2.563257
25 -1171.885136 3.126222
25 -1152.804414 1.447113
25 -1152.242599 1.397673
25 -1153.999858 1.552312
25 -1150.311224 1.227712
25 -1153.216632 1.483388
25 -1181.882510 4.005994
25 -1153.880497 1.541809
25 -1202.996634 5.864043
25 -1161.271925 2.192256
25 -1157.731277 1.880678
25 -1191.417057 4.845037
25 -1158.223650 1.924007
25 -1185.539995 4.327853
25 -1165.845485 2.594731
25 -1153.560820 1.513677
25 -1161.145564 2.181137
25 -1182.465912 4.057333
25 -1193.311349 5.011735
25 -1187.777665 4.524769
25 -1188.020970 4.546180
25 -1146.565030 0.898046
25 -1164.021809 2.434247
25 -1177.565692 3.626113
25 -1184.237101 4.213198
25 -1165.301945 2.546899
25 -1172.984727 3.222986
25 -1177.573503 3.626800
25 -1151.236497 1.309136
25 -1177.607962 3.629832
25 -1153.744240 1.529818
25 -1158.924648 1.985695
25 -1162.615451 2.310487
25 -1162.333928 2.285713
25 -1179.668136 3.811128
25 -1197.591251 5.388367
25 -1191.533304 4.855266
25 -1152.878097 1.453597
25 -1180.313275 3.867901
25 -1149.412674 1.148639
25 -1148.506163 1.068866
25 -1162.027487 2.258746
25 -1176.763523 3.555521
25 -1148.281990 1.049139
25 -1167.088611 2.704126
25 -1145.226548 0.780259
25 -1197.397864 5.371349
25 -1200.426431 5.637864
25 -1175.200374 3.417964
25 -1163.830895 2.417447
25 -1149.399431 1.147474
25 -1167.235811 2.717080
25 -1196.695708 5.309559
25 -1170.505406 3.004805
25 -1198.707875 5.486631
25 -1152.749234 1.442257
25 -1180.568163 3.890331
25 -1160.747945 2.146146
25 -1143.982775 0.670806
25 -1153.384310 1.498144
25 -1159.454145 2.032291
25 -1148.087127 1.031990
25 -1172.931589 3.218310
25 -1159.626132 2.047426
25 -1166.015549 2.609697
25 -1186.865480 4.444496
25 -1194.847983 5.146959
25 -1154.492518 1.595667
25 -1161.167729 2.183087
25 -1176.375303 3.521358
25 -1166.053419 2.613029
25 -1146.949406 0.931871
25 -1172.330396 3.165405
25 -1162.271948 2.280259
25 -1155.824392 1.712872
25 -1179.767611 3.819882
25 -1161.977834 2.254377
25 -1167.303262 2.723016
25 -1168.486336 2.827127
25 -1156.244453 1.749837
25 -1171.310195 3.075627
25 -1176.641953 3.544823
25 -1176.298133 3.514567
25 -1159.926721 2.073878
25 -1168.162434 2.798623
25 -1175.094514 3.408648
25 -1176.336602 3.517952
25 -1155.959500 1.724762
25 -1152.800564 1.446774
25 -1158.645260 1.961109
25 -1160.052512 2.084948
25 -1171.096945 3.056861
25 -1158.127301 1.915529
25 -1158.717343 1.967453
25 -1167.604436 2.749519
25 -1180.615838 3.894526
25 -1159.943573 2.075361
25 -1157.384675 1.850177
25 -1163.064009 2.349960
25 -1155.057391 1.645376
25 -1152.672169 1.435475
25 -1181.804104 3.999094
25 -1156.303583 1.755041
25 -1178.130556 3.675821
25 -1176.779688 3.556944
25 -1176.376578 3.521470
25 -1144.165609 0.686896
25 -1154.183193 1.568446
25 -1174.253930 3.334677
25 -1178.745005 3.729892
25 -1160.015494 2.081690
25 -1170.546938 3.008460
25 -1184.013953 4.193561
25 -1182.745654 4.081951
25 -1177.102083 3.585315
25 -1161.622924 2.223144
25 -1178.355096 3.695580
25 -1166.192285 2.625249
25 -1180.785326 3.909441
25 -1161.407458 2.204183
25 -1193.023379 4.986393
25 -1176.123641 3.499212
25 -1175.429899 3.438162
25 -1181.232626 3.948804
25 -1189.368759 4.664786
25 -1155.049341 1.644667
25 -1164.575429 2.482966
25 -1151.664835 1.346830
25 -1178.888360 3.742508
25 -1164.888534 2.510519
25 -1200.688184 5.660898
25 -1147.237057 0.957184
25 -1157.840627 1.890301
25 -1174.763553 3.379523
25 -1175.448091 3.439763
25 -1212.127444 6.667556
25 -1180.156899 3.854139
25 -1152.939663 1.459015
25 -1162.435647 2.294664
25 -1176.424294 3.525669
25 -1165.563366 2.569904
25 -1187.524211 4.502465
25 -1149.408680 1.148288
25 -1161.273166 2.192366
25 -1157.864926 1.892440
25 -1171.085121 3.055820
25 -1146.741449 0.913570
25 -1181.710207 3.990831
25 -1188.734047 4.608931
25 -1156.718976 1.791596
25 -1217.847794 7.170949
25 -1163.957189 2.428560
25 -1164.310539 2.459655
25 -1196.537785 5.295662
25 -1155.233454 1.660869
25 -1159.514269 2.037582
25 -1191.105566 4.817625
25 -1204.321079 5.980594
25 -1157.744366 1.881830
25 -1189.789775 4.701835
25 -1178.110163 3.674026
25 -1175.610671 3.454070
25 -1170.591591 3.012390
