31 6637.995057 4.651356
44 6496.810824 6.679337
46 6625.139261 4.836018
42 6906.999646 0.787355
42 6783.226310 2.565244
52 6901.976210 0.859512
70 6960.241266 0.022588
58 6957.361777 0.063949
74 6939.309091 0.323259
91 6802.086604 2.294333
73 6892.617468 0.993941
104 6508.126049 6.516804
97 6442.680830 7.456864
124 6937.715810 0.346145
92 6590.906632 5.327738
81 6533.144081 6.157443
73 6946.612747 0.218349
78 6860.335040 1.457648
112 6953.300352 0.122288
167 6950.467682 0.162977
68 6937.698998 0.346387
149 6836.773644 1.796086
73 6564.663128 5.704701
109 6935.761044 0.374224
136 6529.887321 6.204224
53 6779.831831 2.614002
106 6931.507403 0.435323
90 6397.471951 8.106248
89 6272.674344 9.898849
32 6436.949272 7.539192
78 6516.778725 6.392516
112 6308.938233 9.377952
121 6509.548573 6.496371
194 6431.590354 7.616168
102 6935.090668 0.383853
102 6959.371950 0.035075
112 6903.126753 0.842985
52 6556.656078 5.819715
59 6538.601181 6.079057
84 6897.824066 0.919153
105 6956.150919 0.081342
107 6607.206790 5.093601
118 6803.102708 2.279738
109 6833.845625 1.838144
137 6786.783214 2.514152
94 6906.317772 0.797149
111 6935.153726 0.382947
114 6718.379705 3.496705
212 6955.146926 0.095764
81 6332.908157 9.033647
188 6941.926987 0.285656
59 6639.673358 4.627249
100 6672.054665 4.162121
77 6651.371776 4.459212
65 6363.337562 8.596556
38 6594.664158 5.273764
29 6728.246137 3.354983
69 6835.784800 1.810290
123 6872.755752 1.279236
151 6913.817723 0.689419
72 6944.187269 0.253189
50 6953.203067 0.123685
53 6822.300144 2.003984
47 6946.850082 0.214940
85 6948.438625 0.192122
192 6918.119941 0.627622
79 6329.033444 9.089303
39 6956.569370 0.075332
118 6874.853010 1.249111
169 6345.712581 8.849723
157 6457.959623 7.237398
76 6796.035887 2.381246
53 6909.424630 0.752522
87 6943.063341 0.269333
54 6309.889978 9.364281
144 6824.010965 1.979410
223 6768.531939 2.776315
95 6768.801559 2.772442
111 6641.899630 4.595271
106 6922.279199 0.567878
94 6951.556927 0.147331
66 6761.081863 2.883328
180 6892.637380 0.993655
97 6948.154017 0.196210
168 6454.490940 7.287223
134 6960.375449 0.020661
98 6902.798402 0.847702
106 6846.222182 1.660367
97 6811.636620 2.157156
91 6463.061018 7.164121
41 6278.030687 9.821911
128 6960.169900 0.023613
151 6713.263327 3.570197
73 6961.136556 0.009728
59 6953.164745 0.124236
65 6428.394605 7.662072
160 6818.351476 2.060703
92 6946.651745 0.217789
163 6950.964982 0.155833
204 6595.375667 5.263544
35 6955.619973 0.088969
44 6493.477113 6.727222
95 6543.150303 6.013713
188 6325.601268 9.138603
48 6886.383616 1.083485
205 6862.582693 1.425363
203 6928.283450 0.481633
56 6955.113439 0.096245
119 6945.864567 0.229096
73 6961.482721 0.004756
94 6960.758515 0.015158
136 6937.609363 0.347674
149 6961.597849 0.003102
293 6937.806806 0.344838
97 6504.779506 6.564874
81 6955.928279 0.084540
182 6811.976707 2.152271
59 6950.793033 0.158303
188 6832.548566 1.856775
79 6902.926395 0.845863
137 6832.045404 1.864003
167 6657.122189 4.376613
164 6860.300048 1.458151
96 6315.928789 9.277539
73 6868.502756 1.340327
79 6902.398290 0.853449
58 6880.509127 1.167866
119 6739.036709 3.199986
111 6883.625164 1.123107
146 6554.099018 5.856445
124 6951.942502 0.141792
72 6431.584554 7.616252
146 6920.563911 0.592517
178 6571.241027 5.610216
58 6859.772759 1.465725
68 6843.156211 1.704406
92 6690.092341 3.903027
50 6600.395795 5.191435
114 6874.321839 1.256741
201 6940.885539 0.300615
65 6377.498551 8.393147
127 6589.684593 5.345291
136 6465.363051 7.131055
100 6944.583663 0.247495
61 6928.227914 0.482430
46 6328.547407 9.096285
97 6435.037065 7.566659
55 6580.228461 5.481120
108 6568.673802 5.647092
45 6784.574610 2.545877
95 6790.691199 2.458018
130 6317.778975 9.250963
192 6901.371908 0.868192
80 6859.653984 1.467431
189 6734.811922 3.260672
43 6935.177885 0.382600
184 6842.607055 1.712294
89 6383.400387 8.308372
130 6681.249534 4.030046
47 6890.355324 1.026435
133 6354.250737 8.727080
86 6832.215072 1.861566
156 6854.705027 1.538518
84 6654.613193 4.412652
88 6917.130104 0.641840
223 6852.573750 1.569132
226 6829.246276 1.904210
103 6954.110722 0.110648
189 6734.362859 3.267122
146 6933.934238 0.400464
69 6862.102484 1.432261
75 6424.833692 7.713221
98 6938.753559 0.331239
144 6598.483197 5.218907
209 6958.453197 0.048272
66 6936.701118 0.360721
84 6475.036450 6.992105
140 6670.284370 4.187550
84 6949.198610 0.181206
145 6951.840469 0.143258
83 6824.895109 1.966710
134 6900.031282 0.887449
151 6892.544988 0.994982
151 6880.137181 1.173209
217 6794.676092 2.400778
244 6906.346732 0.796733
160 6947.144291 0.210714
186 6366.072280 8.557275
182 6961.006324 0.011599
136 6761.954533 2.870793
182 6694.459653 3.840295
134 6955.948089 0.084256
224 6849.831900 1.608516
201 6933.879261 0.401254
143 6676.762201 4.094502
180 6786.567462 2.517251
211 6759.244471 2.909721
166 6876.476343 1.225794
192 6930.604177 0.448297
159 6802.488301 2.288563
