18 40.235640 8.555364
17 42.994345 2.285580
18 42.147196 4.210919
19 40.575457 7.783052
20 41.081911 6.632022
21 39.634613 9.921335
21 40.944554 6.944195
21 40.799838 7.273095
22 40.642283 7.631175
21 40.117044 8.824901
21 43.272987 1.652301
22 39.834179 9.467775
22 41.771734 5.064240
23 42.005761 4.532361
23 40.361785 8.268670
23 40.136750 8.780114
22 39.888992 9.343201
25 41.989133 4.570152
24 39.689962 9.795541
24 39.721665 9.723488
25 41.958350 4.640114
23 40.528599 7.889547
25 41.097442 6.596723
23 42.485202 3.442722
25 40.778986 7.320486
25 39.732059 9.699865
25 41.093955 6.604648
19 39.878948 9.366028
24 40.786723 7.302902
27 40.022496 9.039781
27 41.077089 6.642980
20 40.490669 7.975752
28 40.267947 8.481939
28 39.962997 9.175007
22 39.682373 9.812788
23 39.848019 9.436320
32 39.746146 9.667851
28 40.996404 6.826355
30 39.818288 9.503890
24 39.993364 9.105991
21 40.830846 7.202623
20 40.473334 8.015149
31 40.284280 8.444819
23 41.266156 6.213282
30 40.226076 8.577100
32 40.860023 7.136312
32 40.417856 8.141237
24 39.991552 9.110109
23 41.386574 5.939604
22 40.558328 7.821982
34 40.344577 8.307780
26 39.958539 9.185139
22 40.131687 8.791621
22 39.998486 9.094351
34 40.337197 8.324553
22 40.294638 8.421278
22 40.356410 8.280887
36 40.566412 7.803610
25 40.167443 8.710357
24 42.243096 3.992963
34 40.537518 7.869277
20 41.218515 6.321558
36 39.665929 9.850162
34 39.919474 9.273922
27 40.880538 7.089687
29 40.103679 8.855275
22 39.962662 9.175767
28 39.729525 9.705625
22 39.752037 9.654461
23 42.708779 2.934594
28 42.244273 3.990289
25 41.775032 5.056745
32 40.644432 7.626290
30 40.440700 8.089318
28 40.074957 8.920552
24 39.643687 9.900711
31 39.934855 9.238966
21 40.441999 8.086365
39 39.786917 9.575189
28 39.646145 9.895126
23 39.656447 9.871711
24 41.241282 6.269814
21 40.517009 7.915888
24 39.651321 9.883361
28 40.453760 8.059636
27 40.335253 8.328970
21 40.795389 7.283206
23 40.794746 7.284669
32 40.361627 8.269029
25 40.919948 7.000118
28 41.030369 6.749162
25 41.972016 4.609054
43 39.762022 9.631768
22 40.414886 8.147987
36 39.818402 9.503631
24 39.856714 9.416559
21 41.950678 4.657549
23 41.393695 5.923421
32 39.747727 9.664257
28 40.032223 9.017674
22 40.842889 7.175251
27 39.730631 9.703112
28 39.879750 9.364204
26 40.392135 8.199693
34 39.691001 9.793178
19 40.048440 8.980818
22 40.948182 6.935950
24 40.348175 8.299603
22 39.843970 9.445524
22 41.176954 6.416014
25 39.642293 9.903880
28 41.004436 6.808100
25 40.999280 6.819819
20 39.918416 9.276328
29 40.571018 7.793142
24 39.760157 9.636008
22 41.540156 5.590556
24 39.756966 9.643260
22 40.710716 7.475646
26 42.527885 3.345715
20 41.650935 5.338785
25 41.085466 6.623940
37 39.759737 9.636960
20 41.949559 4.660094
21 41.570923 5.520630
29 41.130406 6.521804
24 39.768189 9.617753
21 39.811941 9.518315
21 40.045064 8.988490
25 39.916384 9.280945
30 40.586232 7.758564
32 39.937653 9.232608
25 39.624166 9.945077
29 40.058802 8.957268
24 40.365037 8.261280
19 41.809869 4.977570
29 39.782210 9.585887
31 39.917711 9.277930
28 40.980596 6.862281
22 40.771028 7.338572
27 39.985557 9.123735
29 40.761075 7.361193
30 39.904541 9.307862
21 39.961474 9.178468
21 41.171613 6.428153
22 40.602928 7.720618
23 40.022465 9.039851
24 41.150136 6.476963
23 40.863068 7.129392
26 41.152785 6.470943
37 40.021003 9.043176
32 40.128341 8.799225
18 41.393140 5.924682
26 40.660687 7.589349
24 39.839908 9.454754
20 43.335041 1.511271
34 39.742050 9.677159
21 41.225943 6.304674
26 40.218781 8.593680
19 41.097630 6.596296
24 41.152891 6.470702
21 40.510168 7.931437
32 39.906244 9.303990
22 39.745400 9.669545
24 40.323512 8.355653
24 40.495454 7.964878
23 39.811748 9.518754
30 41.386775 5.939148
24 41.742510 5.130659
21 40.465177 8.033689
23 39.732744 9.698310
20 40.933527 6.969257
22 40.756741 7.371043
23 40.917571 7.005520
21 39.870736 9.384690
23 40.358727 8.275621
27 39.990204 9.113173
22 40.493520 7.969273
19 41.555012 5.556791
19 40.351662 8.291676
25 41.082326 6.631078
29 39.700046 9.772623
27 39.876693 9.371153
22 40.432774 8.107332
49 40.389076 8.206646
22 40.694188 7.513209
31 39.882480 9.358000
30 39.605947 9.986485
25 41.722050 5.177160
24 40.050595 8.975921
28 39.803322 9.537904
31 40.441042 8.088540
29 39.880996 9.361373
30 40.452788 8.061846
36 40.317808 8.368618
36 39.957852 9.186700
36 40.201248 8.633527
35 40.366619 8.257685
40 40.263609 8.491797
41 42.217751 4.050565
