17 13.649154 9.005637
17 13.978433 6.810445
16 14.276847 4.821020
17 13.741117 8.392557
18 13.582979 9.446807
19 13.972965 6.846902
19 14.437182 3.752121
19 14.410110 3.932601
19 14.096610 6.022600
20 13.951829 6.987804
21 14.425793 3.828047
21 14.344394 4.370706
21 14.768956 1.540290
21 14.363461 4.243591
20 14.450787 3.661422
21 13.841415 7.723897
21 14.289203 4.738646
21 14.312760 4.581597
21 14.694837 2.034418
21 14.283315 4.777901
21 14.137750 5.748336
21 13.855724 7.628507
22 14.116315 5.891235
22 14.731005 1.793303
22 14.228524 5.143173
22 13.661486 8.923428
23 14.100805 5.994633
23 13.538233 9.745116
23 14.109042 5.939718
23 13.864023 7.573182
23 14.755829 1.627805
23 13.943510 7.043266
23 13.651750 8.988336
23 14.619953 2.533648
23 14.205081 5.299460
19 14.585514 2.763239
22 14.290157 4.732284
19 14.296791 4.688059
19 14.468927 3.540486
26 14.488681 3.408795
21 14.266213 4.891915
26 14.258001 4.946661
18 14.179334 5.471108
22 14.338978 4.406810
27 14.505680 3.295469
24 14.804651 1.302323
27 14.663152 2.245655
27 13.570705 9.528630
19 14.450957 3.660284
21 14.395745 4.028365
17 13.676941 8.820393
28 14.125367 5.830888
22 13.776859 8.154276
27 14.597564 2.682910
29 14.164859 5.567604
20 14.675959 2.160273
24 14.284514 4.769906
18 13.823396 7.844027
29 13.994510 6.703264
18 14.408329 3.944476
26 14.679064 2.139576
17 13.836035 7.759767
21 14.028093 6.479382
20 14.261072 4.926185
17 13.604947 9.300355
15 13.688325 8.744501
23 14.410154 3.932306
24 14.240908 5.060614
23 13.613845 9.241035
32 14.597096 2.686024
18 14.311840 4.587730
25 13.605306 9.297957
19 14.013482 6.576784
20 14.207883 5.280778
18 14.234776 5.101490
25 14.029270 6.471531
23 14.374627 4.169155
25 14.851337 0.991084
20 13.600191 9.332058
26 14.558629 2.942472
21 14.661014 2.259906
19 13.800999 7.993339
24 14.714128 1.905815
24 14.910150 0.598998
21 14.307317 4.617884
25 14.430800 3.794667
20 14.368653 4.208982
26 14.433724 3.775172
23 14.339349 4.404342
19 14.468232 3.545119
22 13.878249 7.478342
27 13.581340 9.457736
21 14.028655 6.475632
24 14.183809 5.441275
27 14.372376 4.184160
19 14.043645 6.375699
23 14.570132 2.865789
22 14.728902 1.807318
18 13.503478 9.976813
28 14.059394 6.270706
19 14.291474 4.723509
30 14.718177 1.878821
15 13.621504 9.189970
21 14.428887 3.807421
34 14.632257 2.451621
17 14.644957 2.366955
23 14.146068 5.692878
25 14.537260 3.084932
30 14.713802 1.907986
26 14.015380 6.564134
19 13.664818 8.901211
25 14.573928 2.840479
23 14.031631 6.455795
23 13.989480 6.736799
21 13.955100 6.966000
19 14.416491 3.890061
21 14.627391 2.484058
21 14.133024 5.779838
32 14.645705 2.361968
26 14.285464 4.763574
18 14.316874 4.554173
22 14.363164 4.245574
31 14.874122 0.839185
27 14.281750 4.788336
21 13.824876 7.834162
29 14.342938 4.380414
23 14.135482 5.763455
23 13.803443 7.977050
23 14.795077 1.366156
18 14.076889 6.154071
19 13.836192 7.758723
21 13.918724 7.208507
19 13.504822 9.967853
19 13.518971 9.873528
21 14.551429 2.990474
17 13.704428 8.637148
19 14.424043 3.839716
19 14.347690 4.348733
23 14.636966 2.420224
20 14.303495 4.643364
27 14.571089 2.859407
23 14.117535 5.883103
20 14.087700 6.082002
23 13.592942 9.380385
21 14.454326 3.637829
17 13.650577 8.996150
24 13.979705 6.801968
25 14.507640 3.282400
21 13.660662 8.928917
18 13.946841 7.021057
22 14.113269 5.911543
19 13.510825 9.927836
23 14.109689 5.935409
25 14.478105 3.479297
25 14.747120 1.685870
18 14.317897 4.547355
19 14.501255 3.324965
18 14.500946 3.327028
22 13.999822 6.667851
17 14.285416 4.763895
22 13.707272 8.618187
19 14.104145 5.972364
20 14.829167 1.138887
19 14.206549 5.289671
24 13.864255 7.571636
27 14.144652 5.702319
23 13.601594 9.322708
32 14.300081 4.666128
21 13.789934 8.067104
22 14.136203 5.758644
23 14.567260 2.884932
30 14.433300 3.778003
22 14.468232 3.545121
23 13.948500 7.009998
23 14.858318 0.944545
19 14.024129 6.505807
19 13.717545 8.549701
26 13.676360 8.824265
27 14.100463 5.996913
26 13.650770 8.994864
25 13.633388 9.110744
27 13.757331 8.284463
19 14.147869 5.680871
23 14.211580 5.256136
20 14.274151 4.838994
24 14.031265 6.458232
21 14.651419 2.323872
30 14.184349 5.437671
23 14.204628 5.302481
25 14.471404 3.523971
23 14.089295 6.071367
26 14.239085 5.072767
24 13.786179 8.092142
31 14.415488 3.896749
26 14.575582 2.829456
25 13.505669 9.962204
27 14.569830 2.867797
29 14.649853 2.334316
30 13.549176 9.672157
31 14.497720 3.348536
