7 94.112515 5.849825
7 94.608698 5.353444
7 92.854358 7.108485
7 94.008066 5.954316
7 90.832117 9.131536
7 93.958227 6.004175
7 91.346372 8.617075
7 96.677887 3.283427
7 97.570754 2.390202
7 97.047614 2.913552
7 94.811278 5.150782
7 98.665102 1.295416
8 93.949145 6.013260
8 94.056576 5.905786
8 97.443739 2.517268
8 96.140073 3.821456
8 90.476366 9.487429
7 98.162425 1.798294
7 97.912173 2.048646
9 94.010603 5.951778
9 98.263724 1.696955
9 97.363950 2.597089
9 94.550043 5.412122
7 98.468595 1.492001
8 94.431676 5.530537
8 95.107699 4.854242
9 90.624911 9.338825
7 98.423911 1.536703
7 92.413854 7.549166
8 89.964003 9.999997
8 92.129634 7.833499
7 94.404745 5.557478
9 94.891624 5.070404
11 94.640440 5.321689
10 90.599470 9.364276
11 98.993720 0.966666
11 92.690192 7.272717
11 96.693332 3.267975
11 98.391490 1.569138
11 95.818145 4.143512
11 90.610380 9.353362
11 94.030492 5.931881
11 90.828066 9.135588
11 91.780719 8.182554
7 90.110107 9.853835
7 99.531262 0.428910
7 93.590854 6.371695
12 98.202580 1.758124
12 97.829041 2.131811
12 96.096987 3.864559
7 98.972919 0.987476
12 94.319527 5.642730
7 94.139191 5.823138
12 91.481721 8.481672
12 98.802029 1.158434
12 94.828186 5.133867
11 90.273791 9.690085
11 99.115497 0.844841
12 98.920994 1.039422
11 94.025907 5.936468
7 93.276618 6.686056
8 95.249939 4.711946
7 96.850750 3.110494
8 92.031052 7.932121
13 90.642046 9.321683
13 92.132909 7.830224
11 98.124405 1.836329
11 90.259083 9.704799
10 97.218976 2.742121
12 90.388561 9.575269
12 92.417236 7.545782
12 96.694763 3.266544
9 91.474255 8.489140
9 98.855979 1.104463
9 96.191833 3.769675
8 96.884506 3.076725
7 98.817684 1.142773
15 96.138058 3.823471
15 98.840255 1.120193
15 97.586215 2.374735
8 90.587995 9.375755
9 94.907713 5.054309
9 93.667848 6.294670
11 96.840139 3.121110
12 97.219512 2.741584
11 97.745476 2.215410
7 99.374949 0.585285
8 91.326987 8.636468
11 95.985141 3.976449
7 91.781345 8.181927
7 98.564579 1.395979
16 94.218434 5.743863
16 93.502760 6.459824
11 99.559265 0.400895
15 93.197072 6.765634
7 99.246397 0.713888
8 92.002354 7.960831
11 96.198458 3.763047
7 96.222036 3.739460
9 90.392648 9.571180
9 91.014388 8.949192
9 90.556235 9.407528
11 95.467324 4.494474
7 96.170426 3.791091
11 98.114128 1.846611
11 98.983621 0.976770
7 92.665279 7.297640
11 90.069025 9.894933
11 95.685187 4.276524
11 99.878797 0.081236
11 95.448228 4.513577
17 90.455951 9.507852
9 95.549746 4.412019
9 98.066130 1.894627
13 90.400890 9.562935
13 99.420037 0.540179
11 93.966475 5.995924
13 92.549046 7.413919
7 94.961595 5.000406
7 97.281904 2.679167
7 96.082964 3.878587
11 91.141417 8.822112
7 90.507698 9.456084
9 90.163469 9.800452
8 98.611756 1.348784
11 98.901236 1.059187
8 96.282904 3.678568
9 99.489754 0.470434
8 94.976409 4.985585
12 96.374555 3.586880
14 95.282830 4.679042
15 99.947560 0.012445
9 99.385932 0.574297
7 91.951982 8.011222
11 98.264779 1.695900
9 94.097311 5.865035
7 94.531803 5.430369
17 93.960740 6.001661
8 93.803055 6.159408
13 98.994841 0.965545
12 95.805998 4.155664
16 93.578855 6.383698
15 95.251796 4.710088
15 94.711272 5.250829
14 93.950869 6.011535
12 90.597577 9.366170
11 94.143703 5.818625
11 97.883033 2.077798
8 90.041390 9.922579
8 91.996076 7.967110
7 93.721265 6.241231
7 92.949793 7.013012
7 97.942900 2.017907
7 97.507871 2.453111
12 94.031550 5.930823
12 95.157562 4.804359
12 99.118668 0.841669
7 91.108147 8.855395
12 96.220406 3.741091
11 99.522922 0.437253
15 98.497279 1.463306
12 99.377083 0.583150
11 95.816122 4.145536
7 95.071570 4.890387
11 92.437178 7.525832
11 92.588969 7.373981
8 91.792821 8.170447
13 97.921976 2.038839
9 90.341657 9.622192
12 96.153837 3.807687
11 93.501092 6.461493
14 92.425127 7.537889
19 91.912029 8.051191
13 91.018860 8.944718
12 98.964182 0.996217
9 97.278242 2.682831
13 90.528312 9.435462
11 95.298511 4.663354
9 94.344495 5.617752
12 98.457966 1.502636
11 97.391451 2.569577
11 95.867445 4.094192
13 94.585863 5.376288
11 97.085179 2.875971
11 99.357107 0.603134
12 97.090260 2.870888
12 99.363241 0.596998
11 96.828219 3.133034
11 95.315487 4.646371
17 92.940977 7.021832
15 90.325281 9.638574
15 94.937377 5.024633
13 92.127567 7.835567
12 94.831196 5.130856
17 92.448209 7.514797
15 96.612434 3.348905
15 93.811089 6.151372
18 97.571058 2.389898
17 99.181860 0.778452
27 93.037723 6.925047
