12 -2.142935 7.146753
16 -1.854963 7.251837
16 -1.853476 7.326183
20 -2.061132 3.056587
19 -1.868609 6.569551
20 -1.922151 3.892446
20 -1.879470 6.026507
21 -1.868199 6.590057
21 -1.842610 7.869522
20 -1.889688 5.515582
22 -1.922960 3.851990
23 -1.973517 1.324160
23 -1.919826 4.008699
23 -1.890285 5.485753
24 -2.055769 2.788450
25 -1.913246 4.337678
15 -1.850091 7.495433
25 -1.989879 0.506040
25 -1.847045 7.647771
27 -1.849781 7.510964
27 -1.863187 6.840628
27 -2.068465 3.423255
28 -2.049570 2.478477
28 -2.089134 4.456697
29 -1.959849 2.007538
29 -1.850949 7.452575
29 -2.186335 9.316772
29 -2.012532 0.626592
29 -1.922692 3.865375
31 -1.878377 6.081142
31 -1.841511 7.924439
17 -1.891506 5.424678
26 -1.856934 7.153301
12 -1.969081 1.545959
20 -1.846330 7.683490
33 -1.953620 2.318983
33 -1.934474 3.276313
33 -1.900240 4.987984
17 -1.841193 7.940328
17 -1.931114 3.444323
35 -1.842472 7.876380
35 -1.882904 5.854821
35 -1.906117 4.694155
15 -1.841719 7.914031
15 -1.948530 2.573503
24 -1.910520 4.474012
37 -1.856926 7.153714
37 -1.868839 6.558041
23 -1.846992 7.650422
24 -1.874742 6.262878
39 -1.888908 5.554621
39 -1.874684 6.265790
17 -1.960655 1.967236
17 -1.852804 7.359808
23 -1.841165 7.941727
36 -1.841792 7.910393
30 -1.881425 5.928765
38 -1.844667 7.766639
13 -2.063186 3.159313
27 -1.872500 6.374985
31 -1.962385 1.880760
45 -2.102935 5.146738
25 -1.886558 5.672122
36 -1.858134 7.093282
28 -2.092197 4.609859
24 -1.869303 6.534867
24 -2.075097 3.754829
23 -1.874426 6.278722
23 -1.853677 7.316171
29 -1.898265 5.086729
24 -1.852252 7.387404
19 -1.846501 7.674949
19 -2.170075 8.503773
23 -2.163422 8.171088
32 -1.909548 4.522592
28 -1.852780 7.360993
15 -2.130008 6.500377
23 -2.196390 9.819483
17 -2.031913 1.595642
27 -1.967994 1.600322
37 -1.889547 5.522635
17 -1.889852 5.507392
25 -1.968795 1.560254
27 -1.844348 7.782617
24 -1.949648 2.517624
27 -1.934554 3.272297
32 -1.855248 7.237594
23 -1.853763 7.311829
27 -1.896222 5.188887
40 -1.859102 7.044909
29 -1.923324 3.833806
33 -1.872380 6.380980
37 -1.999983 0.000839
19 -1.843711 7.814449
29 -1.847375 7.631226
19 -2.010284 0.514205
33 -1.881903 5.904844
36 -1.905734 4.713296
24 -2.119311 5.965535
20 -2.164449 8.222433
24 -1.874854 6.257310
32 -1.854218 7.289106
24 -2.193815 9.690752
27 -1.879549 6.022561
25 -1.845564 7.721791
21 -2.022820 1.141015
28 -2.170289 8.514431
49 -1.842689 7.865570
35 -1.884211 5.789433
28 -1.879972 6.001402
23 -1.851264 7.436777
21 -1.995279 0.236052
32 -1.845890 7.705522
24 -1.931438 3.428076
23 -1.954757 2.262142
23 -1.879652 6.017408
27 -1.882646 5.867722
25 -1.885610 5.719477
39 -1.842592 7.870417
28 -1.841827 7.908638
18 -1.866897 6.655147
28 -1.893561 5.321967
27 -1.959337 2.033166
37 -1.844103 7.794828
36 -1.894840 5.257980
45 -1.861207 6.939666
24 -1.841121 7.943927
25 -1.891410 5.429514
28 -1.859041 7.047933
16 -1.848409 7.579530
27 -1.932463 3.376863
31 -1.867915 6.604261
16 -1.998654 0.067314
19 -1.932262 3.386898
24 -2.070227 3.511373
25 -2.099564 4.978177
25 -1.856469 7.176526
24 -2.136234 6.811676
40 -1.875523 6.223827
21 -2.058580 2.929002
23 -2.034439 1.721970
29 -1.909938 4.503106
28 -2.080547 4.027333
22 -1.849957 7.502146
35 -1.845196 7.740212
28 -2.072925 3.646271
19 -1.962972 1.851412
20 -1.851154 7.442314
21 -1.842263 7.886833
21 -2.199991 9.999535
24 -1.956759 2.162043
31 -1.926290 3.685502
23 -1.847942 7.602897
16 -1.856134 7.193306
33 -1.929694 3.515283
24 -1.860541 6.972972
33 -1.842625 7.868752
39 -1.879991 6.000437
42 -1.847554 7.622319
32 -2.003051 0.152539
24 -1.857112 7.144409
28 -2.019494 0.974688
32 -1.841677 7.916169
21 -1.949667 2.516659
23 -1.841689 7.915531
48 -1.855250 7.237481
53 -1.878002 6.099913
19 -2.031170 1.558479
33 -1.846067 7.696662
21 -2.122188 6.109414
37 -1.843443 7.827832
22 -1.856438 7.178122
41 -1.873195 6.340254
28 -1.918551 4.072433
41 -1.870507 6.474675
31 -2.037059 1.852960
23 -1.888352 5.582391
24 -1.841531 7.923458
32 -1.911991 4.400458
21 -1.904948 4.752610
21 -2.096855 4.842757
33 -2.027979 1.398971
32 -1.878020 6.098985
35 -1.885620 5.719017
29 -1.845487 7.725652
32 -1.916556 4.172201
29 -1.900565 4.971754
58 -1.887505 5.624765
30 -1.854484 7.275775
31 -1.849613 7.519366
36 -1.841634 7.918287
31 -2.039070 1.953480
25 -1.849408 7.529601
28 -1.857799 7.110036
45 -1.877418 6.129104
54 -1.847980 7.600978
42 -1.861980 6.900994
52 -1.896319 5.184056
91 -1.846697 7.665135
110 -1.856667 7.166668
