116 20.667046 8.663699
116 22.462027 0.730928
28 21.667712 4.241335
128 22.005428 2.748829
131 22.147614 2.120451
132 21.768381 3.796440
132 21.732355 3.955652
134 22.045864 2.570128
139 21.875828 3.321587
30 21.202693 6.296448
144 21.886948 3.272443
149 21.933187 3.068094
149 22.153873 2.092787
153 21.811270 3.606893
147 21.082855 6.826063
157 22.021976 2.675698
157 21.703384 4.083689
146 21.907915 3.179779
168 21.529202 4.853469
167 21.892344 3.248595
33 20.418533 9.761980
171 22.278706 1.541101
164 21.686047 4.160305
167 21.970073 2.905077
183 21.858943 3.396208
36 21.105851 6.724434
179 22.425240 0.893504
147 22.426487 0.887994
197 21.771921 3.780794
38 22.257453 1.635026
201 22.252472 1.657037
214 22.109393 2.289363
217 22.210621 1.841993
49 21.136681 6.588185
55 22.518802 0.480017
131 22.097114 2.343632
147 22.198600 1.895123
137 21.710280 4.053213
47 20.699218 8.521516
262 22.296923 1.460593
134 21.352711 5.633456
36 22.235411 1.732437
265 22.285766 1.509898
150 21.881159 3.298024
32 21.434142 5.273582
134 20.558747 9.142314
159 22.073790 2.446710
283 22.416972 0.930046
264 22.430414 0.870640
294 22.576759 0.223879
60 22.582431 0.198812
297 22.398358 1.012305
290 22.261498 1.617148
301 22.286080 1.508510
28 22.012866 2.715956
114 21.545301 4.782324
293 22.401176 0.999852
216 22.376205 1.110212
192 22.228143 1.764560
43 21.517756 4.904054
165 21.686880 4.156624
317 22.415486 0.936611
152 21.813158 3.598552
32 21.285954 5.928485
177 22.013908 2.711353
199 22.094845 2.353658
31 21.155645 6.504373
209 22.499373 0.565882
174 22.172187 2.011851
50 22.509498 0.521133
28 21.993825 2.800109
157 21.723761 3.993635
45 22.274932 1.557780
229 22.105719 2.305603
144 21.384939 5.491028
125 21.445421 5.223732
230 22.137712 2.164213
242 22.395941 1.022988
111 21.838576 3.486218
26 21.771203 3.783965
226 22.090327 2.373624
136 22.331296 1.308682
150 22.262876 1.611057
34 21.992620 2.805432
109 22.064197 2.489104
384 22.513197 0.504784
156 21.646247 4.336201
323 22.060593 2.505031
92 21.750605 3.874996
194 21.765986 3.807025
128 21.567313 4.685041
159 21.791366 3.694857
198 22.139901 2.154538
169 21.751552 3.870813
155 21.822396 3.557726
49 22.187212 1.945451
164 21.566626 4.688078
154 21.466459 5.130756
308 22.482907 0.638649
336 22.511655 0.511602
90 21.130477 6.615602
144 22.061729 2.500009
178 21.867553 3.358157
219 22.180259 1.976176
139 21.482053 5.061842
105 21.389384 5.471386
357 22.388750 1.054767
174 21.848247 3.443478
39 20.684648 8.585906
97 21.844693 3.459185
128 21.466443 5.130828
250 22.198469 1.895701
192 22.237303 1.724078
144 21.949158 2.997508
149 21.840119 3.479400
30 20.474094 9.516433
231 22.287173 1.503682
213 22.133716 2.181871
100 21.812361 3.602072
38 21.586906 4.598452
284 22.236515 1.727558
200 22.208012 1.853526
179 22.222848 1.787960
198 22.134830 2.176946
70 20.992919 7.223527
234 21.857277 3.403568
167 22.351477 1.219493
291 22.137524 2.165042
246 22.090630 2.372285
41 22.516741 0.489125
21 20.876050 7.740022
139 21.775993 3.762796
32 20.520170 9.312802
30 22.168932 2.026237
256 22.308641 1.408806
102 22.401709 0.997497
36 21.460533 5.156949
153 21.952354 2.983383
38 20.389674 9.889518
184 22.176724 1.991802
39 22.512632 0.507284
173 21.915926 3.144377
41 22.041928 2.587520
209 22.192737 1.921033
143 21.979374 2.863973
169 22.296416 1.462831
35 20.753265 8.282659
39 21.877002 3.316396
46 20.917265 7.557877
449 22.284692 1.514645
337 22.385557 1.068882
233 21.980639 2.858380
251 22.368661 1.143550
349 22.372057 1.128541
182 22.062721 2.495628
371 22.478069 0.660033
94 21.284368 5.935496
36 20.953487 7.397796
150 21.622216 4.442404
152 21.660452 4.273420
146 21.412714 5.368281
144 21.994213 2.798394
160 22.184636 1.956834
245 22.136183 2.170968
254 22.078149 2.427447
39 21.492399 5.016118
108 22.469565 0.697614
337 22.240094 1.711741
196 21.927739 3.092170
120 22.331565 1.307493
254 22.308523 1.409327
122 21.536960 4.819185
319 22.354243 1.207268
217 21.898051 3.223372
241 22.025909 2.658316
194 21.767553 3.800097
226 22.341415 1.263961
314 22.122168 2.232907
101 20.810392 8.030192
325 22.206215 1.861467
327 22.567443 0.265050
156 22.120097 2.242061
181 22.340378 1.268544
146 21.761489 3.826895
138 21.965180 2.926701
190 22.004034 2.754988
210 22.167925 2.030685
324 22.494855 0.585847
326 22.405459 0.980925
234 22.246611 1.682939
391 22.540240 0.385271
279 22.589806 0.166217
355 22.470662 0.692766
360 22.505936 0.536874
286 22.276040 1.552884
329 22.464115 0.721701
351 22.435302 0.849036
328 22.226496 1.771835
445 22.439609 0.830002
452 22.469165 0.699383
