9 -1.076678 7.667754
11 -1.093208 9.320831
13 -1.087535 8.753516
15 -1.037890 3.789021
16 -1.083340 8.333954
16 -1.050077 5.007675
16 -1.066161 6.616071
16 -1.063805 6.380497
17 -1.034794 3.479406
17 -1.056830 5.682953
17 -1.065419 6.541858
19 -1.043231 4.323086
19 -1.036377 3.637683
19 -1.051461 5.146128
19 -1.037728 3.772809
20 -1.074053 7.405331
20 -1.029869 2.986950
20 -1.054781 5.478065
20 -1.021381 2.138060
20 -1.057913 5.791325
20 -1.068894 6.889402
20 -1.095211 9.521135
20 -1.037363 3.736302
21 -1.035832 3.583167
21 -1.037559 3.755919
21 -1.040833 4.083330
21 -1.041884 4.188415
21 -1.031682 3.168237
21 -1.030553 3.055281
23 -1.023425 2.342549
23 -1.020229 2.022896
23 -1.035214 3.521387
23 -1.034750 3.475034
23 -1.029634 2.963443
9 -1.076558 7.655776
24 -1.026294 2.629425
24 -1.016113 1.611311
24 -1.027699 2.769869
24 -1.027277 2.727696
24 -1.021678 2.167801
19 -1.062850 6.285042
24 -1.029543 2.954341
17 -1.053341 5.334122
25 -1.020073 2.007318
25 -1.023607 2.360660
25 -1.016589 1.658935
16 -1.054035 5.403480
27 -1.020595 2.059527
27 -1.018553 1.855276
27 -1.053245 5.324524
27 -1.022092 2.209204
28 -1.021541 2.154126
13 -1.067846 6.784561
16 -1.037407 3.740731
12 -1.059152 5.915224
21 -1.053043 5.304290
27 -1.029643 2.964257
21 -1.031390 3.138979
13 -1.099558 9.955826
20 -1.048926 4.892638
19 -1.052929 5.292936
16 -1.046539 4.653859
23 -1.047367 4.736673
19 -1.070304 7.030421
17 -1.041508 4.150786
19 -1.027138 2.713802
23 -1.024197 2.419747
19 -1.059703 5.970311
16 -1.081690 8.168972
17 -1.074686 7.468634
24 -1.020144 2.014406
25 -1.028393 2.839299
21 -1.025173 2.517346
20 -1.036843 3.684299
20 -1.030394 3.039377
21 -1.035697 3.569666
21 -1.031361 3.136140
19 -1.051635 5.163476
15 -1.021688 2.168789
23 -1.033915 3.391542
19 -1.053453 5.345295
21 -1.031565 3.156453
17 -1.037606 3.760612
17 -1.029334 2.933442
23 -1.035784 3.578369
17 -1.043313 4.331322
23 -1.036101 3.610098
20 -1.057982 5.798174
15 -1.071211 7.121106
20 -1.023035 2.303451
17 -1.089800 8.979979
20 -1.060401 6.040130
24 -1.032746 3.274633
17 -1.096311 9.631066
21 -1.029831 2.983145
23 -1.021985 2.198494
9 -1.094655 9.465481
19 -1.067056 6.705627
23 -1.033666 3.366610
20 -1.045193 4.519307
16 -1.081726 8.172620
24 -1.035795 3.579475
17 -1.077615 7.761482
13 -1.060125 6.012497
11 -1.096726 9.672561
17 -1.049057 4.905678
16 -1.064433 6.443256
16 -1.060616 6.061554
19 -1.052042 5.204165
21 -1.074354 7.435359
22 -1.024458 2.445823
16 -1.081210 8.120963
20 -1.047057 4.705678
15 -1.075296 7.529649
24 -1.022868 2.286783
17 -1.048752 4.875191
17 -1.071650 7.164956
17 -1.090290 9.028970
16 -1.096619 9.661896
19 -1.054003 5.400348
20 -1.046310 4.630961
19 -1.071005 7.100523
19 -1.050085 5.008524
19 -1.046832 4.683191
17 -1.059354 5.935350
15 -1.089118 8.911825
20 -1.038174 3.817386
19 -1.086444 8.644385
21 -1.027838 2.783825
20 -1.035755 3.575518
16 -1.032938 3.293815
19 -1.059784 5.978416
21 -1.037888 3.788811
13 -1.096662 9.666231
24 -1.032041 3.204143
21 -1.039013 3.901292
24 -1.033090 3.308997
19 -1.053330 5.332951
13 -1.034076 3.407649
17 -1.063748 6.374823
16 -1.087176 8.717639
21 -1.032472 3.247223
24 -1.035222 3.522224
20 -1.031456 3.145623
24 -1.037294 3.729403
29 -1.020920 2.091963
21 -1.037672 3.767152
20 -1.031404 3.140434
17 -1.094214 9.421351
15 -1.082210 8.221014
19 -1.091179 9.117924
27 -1.028648 2.864789
9 -1.092433 9.243319
21 -1.036497 3.649666
24 -1.025798 2.579848
16 -1.093870 9.387002
11 -1.078221 7.822122
20 -1.038613 3.861316
25 -1.028483 2.848266
17 -1.057958 5.795838
21 -1.027355 2.735474
17 -1.057005 5.700473
19 -1.085372 8.537156
12 -1.078840 7.883950
16 -1.035104 3.510443
20 -1.056871 5.687061
23 -1.027147 2.714714
17 -1.070278 7.027804
24 -1.030057 3.005672
17 -1.069969 6.996862
15 -1.070945 7.094450
16 -1.094246 9.424588
24 -1.035933 3.593337
23 -1.032211 3.221087
19 -1.027367 2.736715
27 -1.017964 1.796445
21 -1.034804 3.480413
23 -1.036732 3.673244
19 -1.074665 7.466486
17 -1.040050 4.004998
16 -1.029813 2.981288
20 -1.034611 3.461135
17 -1.081007 8.100674
21 -1.033350 3.334959
19 -1.041176 4.117572
20 -1.029820 2.981965
25 -1.022842 2.284235
19 -1.047867 4.786651
23 -1.029620 2.961996
19 -1.069560 6.956047
27 -1.018978 1.897781
20 -1.037805 3.780521
25 -1.026960 2.696039
24 -1.021917 2.191731
21 -1.028160 2.816031
23 -1.055497 5.549746
24 -1.020200 2.020011
24 -1.034518 3.451758
24 -1.021754 2.175419
29 -1.026520 2.652042
