7 -5.288362 5.767237
9 -5.321157 6.423134
11 -5.194603 3.892062
16 -5.091588 1.831768
16 -5.430559 8.611189
16 -5.151129 3.022570
17 -5.090924 1.818475
17 -5.256334 5.126687
19 -5.499449 9.988986
19 -5.404252 8.085041
20 -5.492911 9.858211
21 -5.300346 6.006918
21 -5.192161 3.843222
21 -5.394512 7.890245
21 -5.381798 7.635964
12 -5.333080 6.661608
23 -5.433078 8.661556
23 -5.252128 5.042553
23 -5.348262 6.965236
23 -5.197644 3.952887
23 -5.368190 7.363794
23 -5.289471 5.789423
23 -5.097413 1.948268
23 -5.047690 0.953807
23 -5.344014 6.880275
23 -5.249265 4.985298
24 -5.389617 7.792332
24 -5.298818 5.976351
24 -5.117987 2.359747
24 -5.475094 9.501888
24 -5.008350 0.167000
25 -5.035135 0.702695
25 -5.117301 2.346027
25 -5.129357 2.587136
25 -5.040841 0.816816
20 -5.012356 0.247127
27 -5.426959 8.539178
27 -5.262151 5.243011
28 -5.058120 1.162405
28 -5.053346 1.066923
28 -5.084809 1.696174
28 -5.083610 1.672197
29 -5.021432 0.428642
29 -5.049574 0.991481
17 -5.046843 0.936859
31 -5.144931 2.898614
31 -5.016237 0.324741
31 -5.010844 0.216873
32 -5.381464 7.629285
32 -5.191161 3.823223
16 -5.107760 2.155191
33 -5.141493 2.829852
33 -5.101732 2.034633
17 -5.470432 9.408633
17 -5.205807 4.116141
21 -5.247205 4.944091
33 -5.226075 4.521504
21 -5.325364 6.507290
25 -5.268285 5.365702
27 -5.319782 6.395635
27 -5.294233 5.884658
24 -5.432505 8.650109
24 -5.295443 5.908860
29 -5.288604 5.772089
17 -5.145382 2.907641
20 -5.387579 7.751576
20 -5.428644 8.572890
29 -5.129172 2.583445
23 -5.149325 2.986502
24 -5.340844 6.816876
23 -5.246299 4.925990
24 -5.125618 2.512369
20 -5.453025 9.060503
24 -5.152086 3.041715
25 -5.388577 7.771538
24 -5.299587 5.991747
25 -5.230784 4.615689
20 -5.148284 2.965684
17 -5.330271 6.605429
21 -5.397877 7.957536
25 -5.316855 6.337109
23 -5.226076 4.521522
24 -5.267411 5.348223
27 -5.035254 0.705073
19 -5.445946 8.918918
20 -5.442444 8.848874
27 -5.331953 6.639056
25 -5.296179 5.923589
23 -5.310569 6.211370
19 -5.222622 4.452433
27 -5.083722 1.674435
21 -5.378928 7.578554
13 -5.252279 5.045574
24 -5.491056 9.821121
28 -5.319996 6.399919
32 -5.144239 2.884773
31 -5.284169 5.683371
19 -5.387889 7.757787
21 -5.263615 5.272306
19 -5.153125 3.062507
16 -5.033478 0.669564
15 -5.437899 8.757971
17 -5.297516 5.950317
19 -5.219509 4.390183
28 -5.286260 5.725193
21 -5.160638 3.212750
20 -5.258739 5.174771
17 -5.174514 3.490289
27 -5.465029 9.300589
33 -5.330937 6.618735
19 -5.315201 6.304026
24 -5.260581 5.211618
24 -5.325883 6.517669
21 -5.486604 9.732071
25 -5.156038 3.120761
21 -5.483941 9.678827
25 -5.473998 9.479966
25 -5.012621 0.252423
21 -5.336724 6.734477
31 -5.025247 0.504940
21 -5.096211 1.924222
32 -5.179513 3.590268
21 -5.454862 9.097230
20 -5.259354 5.187085
21 -5.382897 7.657944
28 -5.225035 4.500695
24 -5.050659 1.013187
23 -5.121236 2.424714
25 -5.126847 2.536945
24 -5.029368 0.587354
25 -5.280489 5.609781
16 -5.410190 8.203793
27 -5.224926 4.498516
29 -5.269709 5.394176
23 -5.100977 2.019543
29 -5.066912 1.338239
23 -5.374382 7.487644
28 -5.205523 4.110451
21 -5.478414 9.568282
23 -5.136573 2.731459
27 -5.195073 3.901454
17 -5.240987 4.819743
11 -5.194669 3.893381
23 -5.113554 2.271082
39 -5.059943 1.198853
17 -5.286652 5.733033
28 -5.305705 6.114108
25 -5.227848 4.556956
25 -5.055645 1.112892
20 -5.274476 5.489528
20 -5.273536 5.470719
25 -5.176698 3.533964
17 -5.101312 2.026244
25 -5.315897 6.317943
32 -5.030819 0.616381
28 -5.283862 5.677247
31 -5.202577 4.051550
20 -5.493795 9.875905
25 -5.413201 8.264015
20 -5.312550 6.250997
17 -5.075417 1.508348
23 -5.265194 5.303875
16 -5.355210 7.104194
31 -5.051373 1.027462
23 -5.413618 8.272356
23 -5.049806 0.996126
23 -5.044244 0.884882
27 -5.400573 8.011467
25 -5.422840 8.456794
20 -5.404080 8.081593
19 -5.445284 8.905681
27 -5.138504 2.770080
20 -5.179138 3.582767
24 -5.421851 8.437020
24 -5.410633 8.212670
36 -5.130893 2.617864
23 -5.005325 0.106491
25 -5.115412 2.308242
20 -5.406486 8.129724
25 -5.121710 2.434191
23 -5.290407 5.808133
32 -5.179940 3.598800
29 -5.107866 2.157316
27 -5.159909 3.198179
27 -5.090569 1.811389
23 -5.012381 0.247626
28 -5.158599 3.171974
27 -5.376262 7.525243
24 -5.050066 1.001312
29 -5.115538 2.310759
37 -5.003601 0.072016
28 -5.038898 0.777961
28 -5.026698 0.533961
31 -5.054240 1.084793
29 -5.216412 4.328247
27 -5.455141 9.102818
35 -5.009071 0.181427
29 -5.242116 4.842319
35 -5.004961 0.099219
150 -5.001779 0.035571
