13 -1.081901 8.190102
13 -1.012400 1.240026
13 -1.012632 1.263233
14 -1.040221 4.022064
14 -1.077102 7.710174
14 -1.028656 2.865620
16 -1.030994 3.099423
16 -1.055905 5.590520
16 -1.052191 5.219111
16 -1.085344 8.534426
16 -1.019749 1.974854
17 -1.072801 7.280079
17 -1.049659 4.965890
17 -1.046226 4.622584
17 -1.045803 4.580257
17 -1.030115 3.011478
17 -1.071424 7.142380
17 -1.062246 6.224557
18 -1.021771 2.177080
18 -1.046230 4.623019
18 -1.000401 0.040134
19 -1.051860 5.185993
19 -1.010706 1.070563
19 -1.007575 0.757459
20 -1.078056 7.805613
20 -1.056146 5.614610
20 -1.085170 8.516966
20 -1.052506 5.250613
22 -1.058548 5.854831
22 -1.044440 4.443982
22 -1.024238 2.423799
22 -1.043409 4.340875
22 -1.044930 4.493040
17 -1.052619 5.261931
13 -1.093330 9.333012
22 -1.069927 6.992719
23 -1.098815 9.881493
18 -1.040584 4.058361
19 -1.034075 3.407532
24 -1.029418 2.941825
24 -1.063262 6.326235
24 -1.054301 5.430070
24 -1.019631 1.963118
25 -1.058130 5.812997
25 -1.041557 4.155654
18 -1.033648 3.364794
25 -1.010476 1.047634
25 -1.026395 2.639451
18 -1.098565 9.856527
19 -1.059505 5.950486
26 -1.047207 4.720721
22 -1.024670 2.467025
14 -1.021466 2.146560
20 -1.065412 6.541221
19 -1.004241 0.424107
19 -1.057780 5.777959
22 -1.019937 1.993679
29 -1.067419 6.741905
29 -1.050717 5.071688
22 -1.020843 2.084320
17 -1.018895 1.889524
19 -1.035889 3.588932
20 -1.033448 3.344820
14 -1.062991 6.299063
24 -1.005736 0.573575
30 -1.023032 2.303224
20 -1.050470 5.046969
20 -1.021821 2.182099
17 -1.050184 5.018431
23 -1.059927 5.992721
31 -1.019997 1.999710
14 -1.077885 7.788547
22 -1.093860 9.386039
20 -1.099541 9.954096
18 -1.083067 8.306697
16 -1.008061 0.806125
25 -1.047530 4.752970
17 -1.097315 9.731498
24 -1.027219 2.721913
24 -1.012196 1.219605
19 -1.098394 9.839428
22 -1.099787 9.978666
22 -1.031786 3.178555
22 -1.031440 3.143956
18 -1.041181 4.118086
22 -1.090734 9.073400
18 -1.030150 3.015017
17 -1.057028 5.702830
20 -1.053756 5.375648
16 -1.089943 8.994272
23 -1.079942 7.994216
16 -1.077509 7.750903
17 -1.079966 7.996570
29 -1.069792 6.979161
24 -1.034800 3.480005
20 -1.038456 3.845635
18 -1.076272 7.627239
24 -1.078544 7.854427
18 -1.023648 2.364760
24 -1.032969 3.296911
22 -1.040645 4.064459
23 -1.076936 7.693595
22 -1.057949 5.794876
18 -1.045327 4.532722
19 -1.076892 7.689168
23 -1.018934 1.893448
18 -1.093783 9.378252
20 -1.073330 7.332952
16 -1.057698 5.769816
20 -1.012489 1.248946
23 -1.043962 4.396200
20 -1.058057 5.805715
23 -1.091090 9.108970
26 -1.035694 3.569392
16 -1.031499 3.149867
22 -1.068603 6.860265
17 -1.026222 2.622181
28 -1.066038 6.603756
17 -1.050974 5.097412
23 -1.051725 5.172501
18 -1.024225 2.422488
19 -1.069123 6.912307
16 -1.033288 3.328803
18 -1.048481 4.848116
19 -1.025095 2.509519
19 -1.051872 5.187206
18 -1.092934 9.293435
19 -1.093601 9.360073
14 -1.011142 1.114171
18 -1.057993 5.799342
25 -1.011378 1.137784
24 -1.005669 0.566904
23 -1.073747 7.374748
19 -1.030248 3.024811
22 -1.020019 2.001900
19 -1.045050 4.504973
19 -1.051518 5.151824
22 -1.046979 4.697937
16 -1.078075 7.807454
22 -1.070916 7.091566
24 -1.007103 0.710281
20 -1.073153 7.315254
13 -1.029079 2.907913
26 -1.069500 6.949964
22 -1.070508 7.050805
25 -1.014089 1.408858
17 -1.010282 1.028235
23 -1.075042 7.504245
20 -1.035771 3.577091
17 -1.009804 0.980371
19 -1.016777 1.677742
19 -1.088783 8.878349
22 -1.034301 3.430112
24 -1.030041 3.004126
17 -1.023024 2.302419
24 -1.054997 5.499710
18 -1.086148 8.614758
20 -1.046818 4.681754
16 -1.013413 1.341307
28 -1.023472 2.347185
19 -1.029452 2.945247
20 -1.082014 8.201405
22 -1.094043 9.404311
19 -1.095180 9.517995
17 -1.009346 0.934581
19 -1.015661 1.566078
18 -1.012458 1.245809
22 -1.059152 5.915219
14 -1.040533 4.053312
20 -1.090982 9.098174
22 -1.072351 7.235106
17 -1.028444 2.844355
17 -1.090307 9.030715
23 -1.006048 0.604806
20 -1.032563 3.256300
22 -1.022807 2.280745
19 -1.007347 0.734710
25 -1.052794 5.279363
19 -1.022457 2.245663
19 -1.055901 5.590086
22 -1.065804 6.580368
19 -1.091476 9.147623
18 -1.019799 1.979913
22 -1.085042 8.504175
19 -1.034046 3.404586
23 -1.045622 4.562238
26 -1.018860 1.886038
22 -1.078546 7.854618
23 -1.027669 2.766941
20 -1.062787 6.278738
23 -1.082761 8.276095
23 -1.035916 3.591564
26 -1.004682 0.468171
22 -1.088990 8.898994
25 -1.086668 8.666750
22 -1.025123 2.512254
24 -1.050777 5.077680
25 -1.025333 2.533250
26 -1.043700 4.369950
26 -1.029545 2.954477
