8 -325.681659 6.258290
9 -327.957564 7.000837
10 -326.348758 6.475941
11 -310.582918 1.332110
11 -309.657740 1.030258
12 -318.431604 3.892856
12 -323.805929 5.646306
13 -324.602423 5.906174
13 -327.799326 6.949209
13 -335.746931 9.542229
13 -330.662803 7.883459
14 -332.701536 8.548625
14 -326.482095 6.519444
14 -324.095589 5.740812
14 -315.733826 3.012667
14 -326.148698 6.410668
14 -327.063719 6.709207
14 -333.039027 8.658736
15 -312.983086 2.115199
15 -333.400089 8.776538
15 -323.137168 5.428114
15 -328.004199 7.016052
16 -319.711350 4.310391
15 -324.269775 5.797643
15 -327.438414 6.831457
12 -330.526344 7.838938
15 -330.903976 7.962145
16 -331.504410 8.158046
11 -333.932035 8.950093
16 -327.644666 6.898749
16 -331.590460 8.186121
16 -332.474539 8.474564
17 -320.613241 4.604646
16 -323.552557 5.563640
17 -335.362495 9.416801
16 -320.024573 4.412585
17 -319.037414 4.090510
17 -320.166497 4.458890
16 -320.395048 4.533458
16 -324.282389 5.801758
17 -316.065118 3.120756
7 -318.447265 3.897966
17 -331.118249 8.032055
17 -314.701429 2.675833
17 -317.950510 3.735892
17 -321.980464 5.050722
18 -322.733495 5.296409
8 -329.228542 7.415511
18 -325.506568 6.201164
13 -330.129368 7.709419
11 -323.476494 5.538823
20 -314.508262 2.612810
7 -321.909283 5.027499
18 -315.332621 2.881769
20 -317.115982 3.463616
17 -315.210874 2.842047
12 -334.716418 9.206009
11 -314.454989 2.595429
11 -335.210112 9.367084
10 -312.306773 1.894542
21 -319.764070 4.327592
9 -323.484571 5.541459
15 -335.868978 9.582048
13 -324.769669 5.960740
12 -335.579814 9.487704
10 -311.437394 1.610895
15 -333.166452 8.700311
17 -316.668965 3.317770
12 -331.290303 8.088190
15 -319.314887 4.181040
14 -325.523979 6.206845
17 -322.789607 5.314717
16 -321.631429 4.936845
14 -314.121031 2.486470
14 -320.151758 4.454081
13 -317.626224 3.630089
11 -322.173197 5.113604
17 -317.013836 3.430289
17 -314.705245 2.677078
15 -326.040305 6.375303
15 -317.921504 3.726429
23 -315.960291 3.086555
19 -316.333368 3.208277
12 -333.016871 8.651508
17 -314.604677 2.644266
17 -337.054391 9.968806
16 -320.952331 4.715279
16 -330.255997 7.750733
16 -333.649634 8.857956
16 -333.731772 8.884754
17 -315.064093 2.794158
17 -316.342305 3.211192
16 -324.356996 5.826100
14 -325.883128 6.324022
16 -321.561737 4.914107
17 -333.777715 8.899744
9 -331.343742 8.105625
14 -326.241182 6.440842
17 -324.706035 5.939979
10 -313.792303 2.379218
16 -325.312402 6.137815
17 -325.089427 6.065066
13 -318.282236 3.844123
15 -317.264712 3.512141
16 -319.696493 4.305544
14 -332.394813 8.448552
17 -321.344229 4.843142
10 -331.816853 8.259985
13 -334.084022 8.999681
12 -323.557478 5.565246
23 -314.890405 2.737489
16 -321.110989 4.767044
10 -318.779204 4.006266
16 -321.588743 4.922918
15 -322.245481 5.137188
14 -325.980138 6.355673
15 -319.703243 4.307747
16 -319.324749 4.184257
15 -325.127968 6.077640
14 -314.580850 2.636493
12 -336.033985 9.635884
16 -322.705863 5.287394
10 -311.316205 1.571356
13 -317.918872 3.725570
13 -317.711069 3.657771
16 -327.673006 6.907995
13 -333.256834 8.729799
16 -320.675350 4.624910
18 -317.337658 3.535941
9 -334.181765 9.031571
16 -324.378139 5.832998
15 -319.303451 4.177309
14 -326.242466 6.441261
15 -332.673785 8.539571
17 -317.657799 3.640391
15 -327.650665 6.900707
15 -324.126037 5.750746
15 -318.183933 3.812050
15 -325.491153 6.196135
17 -329.334303 7.450017
16 -322.605072 5.254509
15 -323.473710 5.537915
19 -316.086118 3.127608
14 -323.985185 5.704791
17 -321.205169 4.797771
13 -334.126279 9.013468
16 -316.354566 3.215193
15 -323.411175 5.517512
17 -321.656501 4.945025
16 -312.982319 2.114949
15 -321.109090 4.766424
15 -322.173632 5.113746
17 -320.183548 4.464453
16 -324.199157 5.774603
13 -318.252508 3.834423
12 -332.037350 8.331925
13 -327.261420 6.773710
14 -320.442118 4.548815
13 -334.568133 9.157629
12 -313.054540 2.138512
16 -323.953914 5.694588
14 -317.398975 3.555946
14 -325.273427 6.125099
14 -325.176076 6.093336
14 -317.729330 3.663729
15 -324.810422 5.974036
12 -318.418905 3.888713
12 -328.860634 7.295476
16 -336.993543 9.948954
12 -333.059182 8.665312
16 -313.311216 2.222256
19 -328.516546 7.183212
16 -323.434154 5.525010
15 -323.471310 5.537132
17 -317.916710 3.724864
15 -333.507521 8.811589
13 -313.711208 2.352760
15 -319.823732 4.347058
13 -336.612913 9.824768
15 -312.606106 1.992204
17 -324.112026 5.746175
14 -322.807930 5.320695
16 -315.971613 3.090249
15 -316.327306 3.206299
15 -325.563466 6.219728
18 -317.764295 3.675137
16 -327.756349 6.935187
14 -321.434368 4.872551
14 -321.011246 4.734501
17 -316.486074 3.258099
18 -316.815938 3.365722
15 -334.218936 9.043699
18 -316.067313 3.121473
18 -310.538770 1.317706
15 -325.957238 6.348202
16 -314.708389 2.678104
17 -327.507843 6.854109
17 -319.212049 4.147487
failed to find solution after reaching max emtpy limit -- 33 iterations and 13 function evals
failed to find solution after reaching max emtpy limit -- 46 iterations and 26 function evals
