12 -2.124788 6.239381
12 -1.963119 1.844048
13 -1.870547 6.472634
13 -1.952228 2.388620
14 -1.849680 7.515995
14 -1.849855 7.507247
14 -1.858657 7.067137
14 -1.967860 1.606981
14 -1.848770 7.561505
14 -1.848432 7.578398
15 -1.863283 6.835862
15 -1.988735 0.563229
15 -1.861838 6.908106
15 -1.874369 6.281560
16 -1.859005 7.049771
16 -1.844381 7.780939
16 -1.892477 5.376145
16 -1.955780 2.210995
16 -1.893623 5.318867
16 -1.917198 4.140112
16 -1.929153 3.542344
16 -1.867273 6.636331
16 -1.842941 7.852962
16 -1.848837 7.558163
17 -1.954562 2.271916
17 -1.989209 0.539546
17 -2.000278 0.013889
17 -1.844233 7.788338
17 -1.860291 6.985440
17 -2.000111 0.005526
17 -1.847435 7.628272
18 -1.953063 2.346833
18 -1.844054 7.797299
19 -1.983639 0.818051
19 -1.847485 7.625728
19 -1.856593 7.170351
14 -2.085538 4.276916
16 -1.845112 7.744380
20 -1.865038 6.748123
14 -1.844318 7.784112
21 -1.868656 6.567201
21 -2.127138 6.356899
21 -1.850535 7.473244
14 -2.160377 8.018825
23 -1.878133 6.093370
13 -2.033451 1.672564
15 -2.038804 1.940218
12 -2.111383 5.569159
15 -1.879243 6.037854
17 -1.849360 7.532001
15 -1.929684 3.515818
14 -1.896680 5.165980
15 -1.931487 3.425642
14 -1.843343 7.832840
14 -1.861611 6.919462
14 -2.021584 1.079194
16 -1.862305 6.884740
13 -1.917081 4.145953
15 -1.848686 7.565694
17 -1.854843 7.257852
18 -2.089823 4.491162
failed to find solution after reaching max emtpy limit -- 19 iterations and 13 function evals
18 -1.944225 2.788773
16 -1.842503 7.874857
15 -1.931545 3.422767
16 -1.841882 7.905920
14 -1.875474 6.226307
16 -1.861526 6.923678
17 -1.865329 6.733547
17 -2.037531 1.876555
18 -1.878226 6.088710
15 -1.842213 7.889350
18 -1.865595 6.720264
failed to find solution after reaching max emtpy limit -- 22 iterations and 16 function evals
15 -1.875284 6.235803
20 -1.848917 7.554148
10 -2.068578 3.428910
12 -2.133509 6.675426
13 -1.907678 4.616077
12 -2.188026 9.401291
15 -1.853597 7.320169
17 -1.868629 6.568574
16 -1.865717 6.714164
29 -1.977040 1.148011
14 -1.980969 0.951539
19 -1.843704 7.814804
18 -1.876652 6.167421
14 -1.911997 4.400172
14 -1.844300 7.784990
15 -1.848957 7.552136
28 -1.871417 6.429142
17 -1.850908 7.454593
17 -1.849431 7.528443
17 -1.853621 7.318937
16 -1.856366 7.181690
14 -1.959571 2.021433
22 -2.145417 7.270851
13 -1.891323 5.433861
20 -1.871769 6.411540
14 -1.848330 7.583484
15 -1.923068 3.846599
15 -2.189339 9.466969
16 -1.863501 6.824958
15 -1.866946 6.652700
21 -1.864998 6.750095
17 -2.061643 3.082140
13 -1.939375 3.031249
14 -1.894162 5.291903
14 -1.988626 0.568684
19 -2.112655 5.632739
18 -1.843990 7.800519
17 -1.854041 7.297945
17 -1.886819 5.659063
12 -2.164429 8.221432
17 -1.859456 7.027223
19 -1.850932 7.453393
14 -1.844691 7.765432
15 -1.907694 4.615298
17 -2.186606 9.330297
15 -1.925099 3.745042
13 -1.844388 7.780582
13 -2.055873 2.793668
16 -1.970103 1.494860
16 -1.863872 6.806420
14 -1.933083 3.345867
failed to find solution after reaching max emtpy limit -- 33 iterations and 18 function evals
16 -1.854175 7.291267
14 -1.852789 7.360562
22 -1.889559 5.522038
17 -1.852353 7.382348
18 -1.841932 7.903400
18 -1.843060 7.847008
17 -2.149288 7.464417
16 -1.847099 7.645055
16 -1.851592 7.420391
16 -1.847982 7.600909
14 -2.062201 3.110059
15 -1.908570 4.571512
16 -1.878272 6.086384
15 -1.987796 0.610207
15 -1.850727 7.463658
16 -1.856715 7.164256
15 -1.902125 4.893766
14 -1.936651 3.167434
14 -1.857506 7.124712
18 -2.066786 3.339300
15 -1.842739 7.863031
15 -2.145535 7.276741
18 -1.861159 6.942053
12 -2.080271 4.013565
14 -1.853976 7.301206
19 -1.883306 5.834705
15 -1.848639 7.568051
19 -1.944502 2.774887
18 -1.872346 6.382696
15 -1.845779 7.711047
15 -1.842717 7.864153
14 -1.845509 7.724532
14 -1.895746 5.212683
12 -2.175471 8.773556
16 -1.842843 7.857865
20 -1.873592 6.320380
17 -1.864501 6.774934
18 -1.860324 6.983799
13 -1.877861 6.106931
19 -1.954846 2.257706
17 -1.856215 7.189232
17 -1.850453 7.477334
14 -1.844703 7.764843
13 -1.894122 5.293917
18 -1.847158 7.642090
21 -1.855172 7.241378
44 -1.887488 5.625624
17 -1.855486 7.225725
22 -1.985358 0.732089
failed to find solution after reaching max emtpy limit -- 19 iterations and 13 function evals
16 -1.914292 4.285404
19 -2.026866 1.343312
18 -1.846850 7.657519
failed to find solution after reaching max emtpy limit -- 22 iterations and 16 function evals
17 -1.883687 5.815664
18 -1.853602 7.319879
18 -1.965373 1.731349
20 -1.852409 7.379532
19 -1.843887 7.805658
21 -1.870285 6.485748
16 -1.848324 7.583779
24 -1.942411 2.879428
16 -1.861677 6.916172
17 -1.898305 5.084753
19 -2.035733 1.786638
20 -1.972579 1.371064
19 -1.880984 5.950778
18 -1.862868 6.856584
18 -1.908820 4.559002
17 -1.849750 7.512476
23 -1.854226 7.288698
22 -1.854093 7.295342
18 -1.857681 7.115934
38 -1.933723 3.313863
