7 95.832091 4.129561
7 94.300550 5.661714
7 95.501134 4.460650
7 94.304736 5.657527
7 99.412447 0.547772
7 98.305649 1.655013
7 99.767015 0.193062
7 90.111067 9.852874
7 97.092028 2.869120
7 98.677816 1.282697
7 99.349886 0.610358
7 92.710058 7.252843
8 95.219408 4.742489
8 98.123129 1.837606
7 92.594386 7.368562
7 92.908234 7.054588
7 91.854648 8.108596
7 91.912371 8.050849
7 96.692576 3.268731
9 91.438257 8.525153
9 97.737593 2.223296
9 95.773441 4.188234
9 96.094561 3.866986
9 93.786855 6.175615
7 94.941211 5.020798
9 98.323421 1.637234
8 94.750519 5.211566
7 95.661936 4.299784
10 94.612141 5.349999
7 94.246002 5.716284
7 96.015184 3.946395
9 92.349981 7.613065
7 95.006833 4.955149
9 97.482687 2.478305
11 93.194968 6.767739
11 96.704430 3.256873
11 97.574984 2.385970
7 90.064022 9.899937
11 93.945873 6.016534
11 94.238097 5.724192
11 98.792225 1.168242
11 92.256187 7.706895
11 92.602607 7.360338
11 93.001315 6.961469
11 98.346652 1.613993
7 90.051354 9.912611
7 95.707418 4.254283
9 94.474154 5.488041
7 99.599324 0.360821
12 98.934721 1.025689
12 96.648266 3.313059
12 96.219251 3.742246
12 97.048751 2.912413
12 97.382154 2.578878
11 95.319175 4.642682
11 94.744990 5.217097
9 97.717299 2.243598
8 93.595938 6.366608
7 96.946768 3.014438
7 90.802885 9.160779
12 98.506097 1.454485
13 96.950659 3.010545
13 92.315178 7.647881
8 90.294669 9.669199
13 94.920903 5.041113
11 96.784974 3.176297
13 97.846664 2.114182
8 96.916308 3.044910
7 92.639870 7.323059
11 94.971125 4.990872
11 94.713717 5.248382
10 91.197183 8.766324
7 91.867607 8.095632
9 96.621081 3.340255
8 92.474629 7.488366
11 97.734882 2.226009
13 95.842735 4.118912
7 90.646220 9.317507
9 93.887966 6.074464
11 95.899675 4.061950
11 94.950622 5.011383
7 91.674792 8.288523
15 98.868308 1.092129
15 95.661644 4.300076
9 98.483679 1.476911
10 98.444291 1.516316
15 91.448667 8.514739
7 91.761409 8.201872
15 96.969306 2.991891
15 97.447719 2.513286
15 98.152284 1.808439
9 94.505279 5.456904
9 98.870018 1.090418
7 91.499681 8.463704
9 95.346551 4.615295
7 91.735583 8.227708
7 96.691341 3.269967
12 92.331132 7.631920
8 91.957161 8.006042
11 96.882033 3.079199
16 96.093391 3.868156
16 96.183528 3.777983
7 96.950004 3.011201
11 98.458062 1.502539
9 91.508649 8.454733
7 98.413966 1.546652
9 91.266777 8.696701
7 90.433433 9.530380
9 93.033153 6.929618
9 90.364663 9.599176
12 92.656770 7.306152
11 94.525442 5.436733
12 98.121837 1.838898
12 98.755950 1.204532
7 98.210274 1.750426
8 94.697332 5.264774
9 97.259553 2.701528
8 95.371778 4.590058
7 99.895287 0.064739
7 96.795661 3.165605
9 95.681979 4.279732
8 94.106744 5.855598
7 91.861386 8.101854
7 98.282537 1.678134
13 96.500498 3.460886
11 96.946429 3.014777
11 92.042956 7.920212
7 98.136644 1.824086
12 93.874175 6.088260
9 95.100459 4.861486
16 98.806606 1.153855
9 98.059516 1.901244
7 99.473978 0.486216
12 95.815070 4.146589
7 97.197709 2.763397
12 90.784338 9.179334
11 91.581002 8.382351
12 95.498664 4.463122
8 90.545789 9.417979
11 95.096855 4.865091
12 93.487533 6.475057
12 97.351138 2.609906
7 97.684160 2.276751
8 91.805701 8.157562
7 94.530581 5.431592
14 97.948563 2.012242
15 94.724709 5.237386
11 96.254257 3.707226
12 96.887320 3.073909
7 94.978275 4.983719
7 98.874498 1.085936
11 95.271081 4.690795
7 93.280322 6.682351
12 97.441389 2.519619
11 97.211284 2.749816
10 93.224562 6.738133
10 96.176853 3.784661
12 98.980399 0.979993
12 97.377327 2.583706
12 98.981911 0.978480
8 93.633182 6.329350
9 93.784851 6.177620
7 99.495859 0.464327
11 93.195708 6.766999
9 96.795436 3.165831
12 97.597604 2.363341
15 90.449884 9.513921
11 93.240280 6.722409
11 99.193475 0.766832
9 98.855640 1.104802
11 91.655559 8.307764
11 98.395250 1.565376
11 96.872623 3.088613
12 95.758306 4.203375
9 95.949634 4.011970
11 94.263516 5.698764
11 93.592914 6.369634
13 91.570858 8.392499
11 95.408565 4.553257
9 93.499867 6.462719
15 98.001918 1.958865
13 93.533601 6.428971
11 95.809558 4.152102
11 98.388657 1.571972
16 90.191522 9.772387
11 99.399065 0.561160
11 96.324768 3.636687
11 93.528932 6.433641
12 97.377313 2.583721
12 94.499601 5.462584
13 98.508296 1.452285
17 92.264883 7.698197
15 98.050496 1.910268
13 94.048411 5.913955
15 95.639106 4.322623
15 99.345423 0.614823
15 97.000257 2.960927
15 98.651324 1.309200
17 98.236594 1.724096
17 91.813711 8.149549
