10 -319.656611 4.292532
15 -336.861059 9.905729
16 -332.459217 8.469565
17 -328.130810 7.057360
13 -320.477740 4.560437
14 -327.684264 6.911669
14 -337.010823 9.954592
17 -334.755582 9.218787
15 -336.881557 9.912417
15 -335.993485 9.622670
16 -321.630653 4.936591
16 -325.046119 6.050936
16 -334.642842 9.182004
17 -327.412793 6.823097
17 -336.391235 9.752442
18 -332.712805 8.552302
16 -324.266937 5.796717
16 -318.561226 3.935147
16 -317.105045 3.460047
21 -319.546588 4.256635
17 -323.841516 5.657917
21 -327.783165 6.943936
17 -323.949020 5.692992
18 -329.101718 7.374133
18 -324.511537 5.876521
19 -324.445283 5.854905
19 -318.598021 3.947152
19 -315.099456 2.805695
20 -316.000666 3.099728
20 -323.321233 5.488168
20 -317.146017 3.473415
20 -318.278304 3.842840
21 -324.202012 5.775534
21 -315.514241 2.941025
17 -319.535474 4.253010
17 -327.543637 6.865787
17 -323.189338 5.445135
17 -316.956917 3.411719
18 -327.104314 6.722452
20 -323.585082 5.574252
21 -316.709964 3.331146
19 -315.756623 3.020105
19 -325.648525 6.247480
21 -317.113024 3.462651
21 -316.830341 3.370421
18 -321.219014 4.802288
21 -318.379649 3.875905
22 -319.758166 4.325666
16 -316.374345 3.221646
21 -320.513172 4.571997
18 -323.959309 5.696349
13 -332.799026 8.580433
13 -335.529867 9.471408
15 -317.454165 3.573953
16 -319.628684 4.283421
16 -335.877116 9.584704
17 -321.188081 4.792196
18 -318.900999 4.046003
17 -319.393995 4.206850
17 -330.718702 7.901697
19 -332.287509 8.413543
19 -332.537085 8.494971
16 -330.921822 7.967968
18 -327.101968 6.721686
19 -335.163927 9.352015
17 -323.107911 5.418568
12 -328.183983 7.074709
17 -323.192233 5.446079
17 -327.220683 6.760419
15 -335.610149 9.497602
15 -330.569560 7.853038
22 -334.059297 8.991614
17 -334.013185 8.976569
17 -316.924704 3.401208
16 -317.920695 3.726165
19 -321.308425 4.831460
19 -318.370635 3.872964
18 -325.909247 6.332544
16 -331.625268 8.197477
20 -320.794823 4.663890
16 -328.758038 7.262003
16 -330.664492 7.884010
19 -333.546517 8.824312
21 -315.296285 2.869914
19 -327.464784 6.840060
18 -314.839364 2.720837
19 -335.281413 9.390347
18 -321.444206 4.875760
19 -323.632035 5.589571
18 -321.892681 5.022082
12 -334.226682 9.046226
18 -323.777256 5.636952
13 -314.816043 2.713228
19 -321.677817 4.951979
17 -316.633819 3.306303
14 -322.878534 5.343730
18 -316.986870 3.421491
16 -323.969911 5.699808
20 -311.779118 1.722388
17 -317.491899 3.586264
21 -317.480270 3.582470
21 -315.822155 3.041486
15 -324.474760 5.864522
17 -321.771458 4.982531
19 -315.912382 3.070924
19 -326.758716 6.609695
17 -314.306875 2.547104
15 -331.513847 8.161124
18 -320.002928 4.405523
19 -315.052660 2.790427
19 -317.307230 3.526013
20 -323.891634 5.674269
20 -315.562062 2.956627
23 -331.824337 8.262426
15 -325.351887 6.150697
16 -329.773022 7.593156
16 -322.427119 5.196450
17 -327.147277 6.736469
13 -308.108452 0.524780
18 -323.651893 5.596050
21 -321.645742 4.941514
18 -326.809870 6.626385
21 -319.172703 4.134650
19 -327.273690 6.777713
18 -334.293862 9.068144
18 -315.043337 2.787386
19 -315.879476 3.060188
18 -326.497354 6.524422
15 -320.713294 4.637290
17 -334.430048 9.112577
19 -332.763498 8.568841
21 -335.960943 9.612053
13 -310.584802 1.332725
21 -314.884448 2.735546
19 -320.338020 4.514852
20 -317.336215 3.535470
16 -320.190166 4.466612
16 -321.257496 4.814844
17 -331.982815 8.314132
18 -318.042571 3.765928
19 -329.531570 7.514379
18 -317.950188 3.735787
19 -333.397737 8.775771
18 -329.133287 7.384433
18 -328.231773 7.090301
18 -335.564722 9.482780
17 -328.601795 7.211026
16 -329.370413 7.461799
20 -320.013509 4.408975
16 -315.192840 2.836163
16 -326.511157 6.528926
16 -332.852444 8.597861
14 -323.440029 5.526926
18 -334.474743 9.127159
18 -318.742196 3.994191
12 -336.632802 9.831257
19 -329.754626 7.587154
18 -318.644432 3.962294
22 -318.014402 3.756738
23 -319.572283 4.265019
19 -321.413244 4.865659
17 -326.152194 6.411809
21 -316.718389 3.333895
16 -333.728424 8.883662
18 -332.455608 8.468388
14 -333.907490 8.942085
16 -328.882107 7.302482
17 -324.977290 6.028480
16 -330.681279 7.889488
15 -327.536504 6.863460
19 -331.769774 8.244624
18 -316.263717 3.185552
17 -321.309905 4.831943
21 -315.263434 2.859196
20 -317.239320 3.503856
18 -316.076653 3.124520
19 -315.771385 3.024922
17 -323.202326 5.449372
17 -322.295201 5.153410
20 -316.409935 3.233258
17 -335.740186 9.540028
19 -334.463173 9.123384
16 -328.868140 7.297925
17 -332.115705 8.357489
21 -336.786580 9.881429
19 -322.678397 5.278433
19 -317.403233 3.557335
19 -328.057405 7.033411
19 -331.471041 8.147159
19 -333.763095 8.894974
15 -331.513087 8.160877
18 -319.252493 4.160683
19 -317.250256 3.507424
17 -331.481173 8.150464
18 -316.214074 3.169355
20 -319.221788 4.150665
17 -334.965891 9.287403
20 -321.262876 4.816599
21 -319.433160 4.219628
194 -311.219791 1.539899
