7 91.747438 8.215849
7 90.895525 9.068102
7 96.187093 3.774417
7 95.401611 4.560213
7 92.721520 7.241377
7 95.539861 4.421908
7 96.993057 2.968130
7 92.135727 7.827404
7 96.288501 3.672968
7 95.850938 4.110706
7 91.472662 8.490734
7 94.234498 5.727794
7 96.803286 3.157977
8 93.550805 6.411759
7 98.631945 1.328586
8 95.759374 4.202307
8 96.542215 3.419153
8 93.465741 6.496858
8 95.404940 4.556883
8 94.654166 5.307957
8 93.924406 6.038009
8 95.479117 4.482676
7 94.485877 5.476314
8 90.822591 9.141066
7 95.266258 4.695621
8 92.419869 7.543148
9 93.371915 6.590721
9 90.035396 9.928575
8 99.116839 0.843498
7 90.798478 9.165188
8 94.435758 5.526452
8 91.730866 8.232426
7 91.170797 8.792720
10 99.805546 0.154516
7 92.778797 7.184077
7 97.308954 2.652107
9 90.750648 9.213037
9 95.849344 4.112301
8 91.768117 8.195161
7 98.197756 1.762949
7 92.164873 7.798247
7 93.023919 6.938856
10 99.910705 0.049315
10 92.498041 7.464945
11 92.544413 7.418554
11 98.473053 1.487542
11 92.860749 7.102092
11 93.030530 6.932243
11 92.912959 7.049861
11 98.220551 1.740145
9 91.307077 8.656386
7 92.488451 7.474539
7 91.719595 8.243703
9 92.482574 7.480418
7 94.442524 5.519684
7 92.501780 7.461204
7 99.097245 0.863100
7 96.350748 3.610696
7 91.244849 8.718638
12 98.097839 1.862906
12 96.149653 3.811872
12 93.102006 6.860739
11 95.202893 4.759011
7 99.346336 0.613909
7 97.263157 2.697922
7 90.140542 9.823388
11 96.937798 3.023411
8 91.686000 8.277311
8 95.393926 4.567901
11 97.975053 1.985742
7 90.229784 9.734109
9 97.361189 2.599851
8 93.959000 6.003402
9 99.359102 0.601139
11 96.603768 3.357575
7 96.660781 3.300539
7 99.304330 0.655932
12 93.082561 6.880191
8 94.666718 5.295400
7 96.548017 3.413348
13 90.961407 9.002194
9 94.291281 5.670988
15 93.468148 6.494450
15 97.869786 2.091050
8 93.964333 5.998066
15 90.193956 9.769952
7 96.473485 3.487910
11 94.646282 5.315844
10 97.466932 2.494066
7 91.152676 8.810848
7 97.882845 2.077986
9 91.876139 8.087096
16 90.475088 9.488707
15 96.144477 3.817050
11 95.482457 4.479335
7 98.283179 1.677492
16 96.779111 3.182162
7 91.757954 8.205328
7 98.196253 1.764453
12 90.735946 9.227745
7 98.631180 1.329352
15 99.600080 0.360064
17 90.243956 9.719932
7 96.660001 3.301319
7 95.922002 4.039614
7 92.345602 7.617445
12 99.954172 0.005830
8 96.475917 3.485478
8 90.531252 9.432521
7 96.189698 3.771811
9 93.279252 6.683421
11 96.256999 3.704483
7 92.986782 6.976009
7 92.006160 7.957023
11 94.100990 5.861355
9 92.895183 7.067644
9 90.350438 9.613408
9 91.058992 8.904570
7 94.792249 5.169819
9 98.095821 1.864925
7 91.558498 8.404864
9 91.334213 8.629239
19 92.537177 7.425793
7 91.544035 8.419333
19 98.335840 1.624810
15 90.287606 9.676265
19 97.620172 2.340764
19 91.171714 8.791803
19 93.096622 6.866124
7 92.024361 7.938815
11 97.616887 2.344051
8 93.157834 6.804888
8 90.745963 9.217724
8 89.972094 9.991903
11 96.671880 3.289436
15 94.945971 5.016036
7 99.327797 0.632456
7 95.775579 4.186095
7 94.985267 4.976724
19 98.532666 1.427905
7 98.179410 1.781302
15 90.312538 9.651323
18 98.483580 1.477010
12 90.061866 9.902095
7 93.283588 6.679083
8 93.756548 6.205934
15 94.002045 5.960339
8 96.553530 3.407833
9 92.161214 7.801907
8 91.069299 8.894259
7 99.209538 0.750763
7 91.238276 8.725214
7 92.222826 7.740270
8 96.324992 3.636463
9 91.408119 8.555303
19 92.961039 7.001762
9 91.066864 8.896694
7 91.506088 8.457295
8 98.630270 1.330262
9 98.154054 1.806668
7 91.622203 8.341133
7 90.480582 9.483211
12 91.553398 8.409966
8 98.212061 1.748639
11 90.784127 9.179545
22 96.954595 3.006608
11 90.263140 9.700740
11 97.131004 2.830128
8 93.243490 6.719197
17 90.381270 9.582563
8 90.122540 9.841396
16 95.289963 4.671905
12 90.509884 9.453898
15 93.617361 6.345177
9 98.612853 1.347686
11 99.627236 0.332898
10 95.581208 4.380545
22 91.845435 8.117812
19 98.147010 1.813716
12 93.276764 6.685910
11 98.352227 1.608417
13 90.415751 9.548068
13 95.904622 4.057001
17 91.785461 8.177810
27 91.154833 8.808690
23 90.025199 9.938776
15 91.779663 8.183611
16 99.860946 0.099094
15 91.348812 8.614634
19 97.879945 2.080887
16 90.023297 9.940679
27 96.732214 3.229078
17 90.439286 9.524524
23 95.009384 4.952597
19 95.563990 4.397769
23 93.989707 5.972682
20 93.336771 6.625879
21 95.259428 4.702453
23 93.552538 6.410026
35 98.454610 1.505993
