7 99.217023 0.743275
7 98.192358 1.768349
7 92.615120 7.347820
7 99.108422 0.851919
7 97.591060 2.369888
7 95.786971 4.174699
7 97.609403 2.351538
7 92.747355 7.215532
7 95.201609 4.760295
7 96.138851 3.822678
7 97.727823 2.233070
8 97.817894 2.142963
8 93.589020 6.373530
8 92.128695 7.834439
8 95.380259 4.581574
8 95.257905 4.703976
8 98.506977 1.453605
7 95.232627 4.729264
7 93.784938 6.177533
7 95.989397 3.972191
9 99.497662 0.462523
7 97.174948 2.786166
9 98.799289 1.161176
7 91.267256 8.696223
7 96.590765 3.370583
7 99.788601 0.171467
8 95.866670 4.094968
10 98.677260 1.283254
10 92.432948 7.530064
10 90.018788 9.945190
10 93.033541 6.929230
10 93.559920 6.402641
10 94.026912 5.935462
10 95.304815 4.657048
10 92.841681 7.121168
8 97.972872 1.987923
10 92.252410 7.710674
9 98.444915 1.515691
10 93.705587 6.256915
7 95.761229 4.200452
9 99.105681 0.854661
7 95.235841 4.726049
10 91.980959 7.982234
11 92.710218 7.252683
11 98.255176 1.705506
11 94.791974 5.170094
11 95.402097 4.559727
7 94.999977 4.962008
7 91.272512 8.690964
9 97.903750 2.057073
7 99.396109 0.564117
7 97.590131 2.370818
7 96.010993 3.950587
10 92.722318 7.240579
9 95.056174 4.905788
12 98.782738 1.177733
12 91.982081 7.981112
12 99.267958 0.692319
11 98.333037 1.627614
7 97.675285 2.285629
12 93.247247 6.715439
7 93.401897 6.560727
13 92.250925 7.712160
7 92.366996 7.596042
10 90.195762 9.768145
13 98.369398 1.591238
13 97.635217 2.325714
13 99.450948 0.509255
13 93.176117 6.786598
13 91.884389 8.078842
12 95.162635 4.799285
7 95.466070 4.495728
9 92.075639 7.887516
7 98.401348 1.559275
7 95.773469 4.188206
12 94.888927 5.073102
11 95.034351 4.927620
10 95.375195 4.586640
9 90.641789 9.321939
14 94.335700 5.626550
14 93.791891 6.170577
12 90.980333 8.983260
11 96.664129 3.297190
10 96.369419 3.592018
7 91.719994 8.243303
7 91.166196 8.797323
14 99.014488 0.945890
7 94.041243 5.921125
7 93.304923 6.657740
7 94.192814 5.769494
7 93.056382 6.906381
11 98.337803 1.622846
11 93.512395 6.450185
10 92.525073 7.437902
8 90.823825 9.139831
9 95.572682 4.389073
8 90.549177 9.414589
8 92.435087 7.527924
7 96.245140 3.716347
9 96.528925 3.432448
7 98.012220 1.948559
12 95.150565 4.811360
7 99.444257 0.515950
12 91.586816 8.376535
8 94.544020 5.418147
11 92.672840 7.290076
12 96.644269 3.317058
11 91.930743 8.032470
7 96.222172 3.739324
7 91.740363 8.222927
7 90.801201 9.162464
8 94.999328 4.962657
7 93.081508 6.881244
13 90.681236 9.282477
9 99.707248 0.252853
7 98.370434 1.590202
7 94.656565 5.305557
8 95.413610 4.548209
13 96.063911 3.897648
8 90.935266 9.028345
14 89.966285 9.997714
10 92.245691 7.717396
10 94.879316 5.082717
11 97.553106 2.407857
11 97.608760 2.352181
12 90.656985 9.306738
9 98.260718 1.699962
10 90.644191 9.319537
9 95.001289 4.960695
10 96.917544 3.043673
7 90.515929 9.447850
11 99.067454 0.892903
7 97.665000 2.295918
13 93.257788 6.704894
9 92.643364 7.319564
7 94.640047 5.322082
7 96.003935 3.957648
8 94.891128 5.070900
17 95.074585 4.887369
18 94.973792 4.988204
7 94.392129 5.570099
7 96.448794 3.512611
9 93.114778 6.847961
17 93.111739 6.851002
11 97.964757 1.996041
9 98.879918 1.080514
12 92.430817 7.532196
7 95.093080 4.868868
7 94.062532 5.899828
8 94.157158 5.805164
8 91.397901 8.565525
8 94.034572 5.927799
9 90.078283 9.885671
12 91.509393 8.453988
7 90.018834 9.945144
7 91.908563 8.054659
7 91.691205 8.272104
10 95.938214 4.023395
12 90.419634 9.544184
7 94.687425 5.274685
12 98.638611 1.321918
13 93.127487 6.835248
7 94.290520 5.671749
10 90.077545 9.886409
11 98.752880 1.207603
9 93.866782 6.095656
7 90.587091 9.376660
15 90.159084 9.804838
9 91.787418 8.175853
12 98.470325 1.490271
14 97.592748 2.368199
8 97.888648 2.072181
10 95.179584 4.782328
9 90.427909 9.535906
12 99.888679 0.071349
9 90.158151 9.805772
11 97.394027 2.567000
10 94.741803 5.220285
11 91.977020 7.986175
11 99.149663 0.810661
11 91.114600 8.848940
14 98.487609 1.472980
12 98.395679 1.564947
11 97.524045 2.436930
12 91.310617 8.652844
17 92.614356 7.348583
12 94.843053 5.118995
19 90.453538 9.510266
13 93.533460 6.429112
12 96.272044 3.689432
16 96.567912 3.393445
13 90.097742 9.866205
14 95.404060 4.557763
15 90.197681 9.766225
18 98.920314 1.040102
15 92.223451 7.739645
15 93.063896 6.898863
16 92.431043 7.531970
17 95.269177 4.692700
22 91.539886 8.423483
