9 -1.084540 8.454038
9 -1.052163 5.216275
11 -1.033210 3.321030
11 -1.062308 6.230833
12 -1.049230 4.922960
12 -1.034311 3.431102
12 -1.062154 6.215361
12 -1.057991 5.799138
12 -1.090399 9.039947
12 -1.072740 7.274019
12 -1.056636 5.663572
12 -1.050557 5.055736
12 -1.064856 6.485582
12 -1.076915 7.691538
12 -1.055184 5.518419
12 -1.045246 4.524589
12 -1.057271 5.727133
13 -1.054307 5.430677
13 -1.065037 6.503668
13 -1.052442 5.244208
13 -1.051712 5.171177
13 -1.068890 6.888956
13 -1.052200 5.220030
13 -1.091682 9.168152
13 -1.093534 9.353407
13 -1.061044 6.104421
15 -1.074342 7.434156
15 -1.075869 7.586935
15 -1.074457 7.445711
15 -1.070083 7.008251
15 -1.063616 6.361568
9 -1.095214 9.521400
15 -1.063871 6.387065
15 -1.048666 4.866592
15 -1.049236 4.923581
15 -1.053951 5.395103
16 -1.047516 4.751647
16 -1.082411 8.241142
16 -1.055845 5.584507
13 -1.092044 9.204358
16 -1.090066 9.006624
16 -1.054713 5.471273
16 -1.073269 7.326931
16 -1.075900 7.589995
16 -1.054576 5.457632
16 -1.079868 7.986843
16 -1.091380 9.137970
13 -1.096191 9.619097
16 -1.094227 9.422702
17 -1.092935 9.293516
17 -1.079689 7.968912
17 -1.049595 4.959471
12 -1.095475 9.547548
17 -1.077236 7.723612
17 -1.092271 9.227139
17 -1.094877 9.487659
8 -1.068480 6.847971
17 -1.070513 7.051275
17 -1.095826 9.582593
17 -1.096689 9.668866
17 -1.087180 8.717994
17 -1.072225 7.222528
17 -1.089850 8.984999
12 -1.061266 6.126642
13 -1.099838 9.983792
12 -1.091660 9.165979
7 -1.046778 4.677786
19 -1.072406 7.240577
19 -1.063481 6.348075
19 -1.078980 7.898042
19 -1.040854 4.085377
19 -1.055965 5.596472
19 -1.078155 7.815486
12 -1.077868 7.786811
12 -1.059565 5.956550
19 -1.047395 4.739547
19 -1.071408 7.140850
19 -1.079183 7.918304
19 -1.073892 7.389207
19 -1.077317 7.731678
20 -1.028007 2.800733
11 -1.079281 7.928131
11 -1.092514 9.251444
11 -1.087899 8.789887
20 -1.049913 4.991330
20 -1.063429 6.342880
20 -1.049831 4.983107
20 -1.051103 5.110339
20 -1.072126 7.212628
20 -1.084841 8.484109
20 -1.085742 8.574238
21 -1.079818 7.981842
11 -1.097276 9.727587
15 -1.086862 8.686158
15 -1.094432 9.443218
21 -1.084374 8.437399
21 -1.070757 7.075654
13 -1.048932 4.893243
9 -1.087925 8.792515
11 -1.082167 8.216657
13 -1.087083 8.708260
16 -1.095969 9.596856
16 -1.076624 7.662427
13 -1.055217 5.521690
16 -1.042645 4.264525
11 -1.069686 6.968637
16 -1.085996 8.599600
23 -1.071755 7.175521
16 -1.052902 5.290154
13 -1.097195 9.719467
12 -1.055627 5.562669
13 -1.055381 5.538128
15 -1.058875 5.887482
24 -1.089759 8.975886
13 -1.093764 9.376448
15 -1.057996 5.799566
17 -1.055458 5.545804
12 -1.065330 6.532957
15 -1.068922 6.892189
15 -1.085559 8.555918
12 -1.053149 5.314879
15 -1.047309 4.730940
15 -1.078939 7.893935
11 -1.023217 2.321683
19 -1.069470 6.946986
15 -1.096095 9.609542
20 -1.031975 3.197541
17 -1.057702 5.770163
15 -1.081305 8.130515
13 -1.081793 8.179326
20 -1.096595 9.659487
15 -1.099196 9.919620
17 -1.056477 5.647679
16 -1.097696 9.769601
13 -1.075322 7.532231
21 -1.098178 9.817772
27 -1.098054 9.805365
17 -1.065096 6.509641
12 -1.037038 3.703768
12 -1.044283 4.428264
13 -1.080046 8.004599
17 -1.049201 4.920135
13 -1.059789 5.978935
17 -1.056226 5.622571
28 -1.038398 3.839832
13 -1.056051 5.605139
28 -1.097807 9.780748
15 -1.076961 7.696118
12 -1.089086 8.908551
15 -1.086776 8.677573
13 -1.087305 8.730466
16 -1.095971 9.597064
19 -1.086804 8.680361
29 -1.054891 5.489061
16 -1.090263 9.026316
29 -1.081393 8.139273
16 -1.043908 4.390800
16 -1.081206 8.120625
24 -1.048186 4.818640
17 -1.088859 8.885944
17 -1.086998 8.699820
17 -1.073590 7.359021
23 -1.089802 8.980181
16 -1.069056 6.905590
17 -1.092770 9.276958
31 -1.065414 6.541445
17 -1.046247 4.624651
15 -1.050282 5.028222
19 -1.086354 8.635439
17 -1.050896 5.089636
20 -1.082167 8.216717
31 -1.099924 9.992353
25 -1.058220 5.821956
16 -1.058521 5.852133
32 -1.016748 1.674815
23 -1.082029 8.202935
20 -1.092597 9.259652
17 -1.086136 8.613647
21 -1.092031 9.203098
33 -1.083849 8.384938
20 -1.046182 4.618184
24 -1.080897 8.089672
21 -1.050414 5.041442
35 -1.067745 6.774546
23 -1.075356 7.535647
36 -1.089488 8.948817
37 -1.087595 8.759535
37 -1.083807 8.380735
28 -1.075211 7.521143
23 -1.081107 8.110653
23 -1.099461 9.946073
28 -1.099105 9.910542
28 -1.097832 9.783206
39 -1.084281 8.428132
37 -1.022113 2.211304
29 -1.088818 8.881794
32 -1.021119 2.111907
34 -1.086296 8.629571
37 -1.068582 6.858219
50 -1.063396 6.339569
