16 29399.313435 4.129147
16 29218.943799 4.717331
16 27968.212859 8.795951
16 28764.448234 6.199436
16 29495.867940 3.814284
16 28775.911138 6.162056
16 29336.313996 4.334588
16 29414.961544 4.078119
16 28325.416220 7.631115
16 29747.757422 2.992875
16 29817.400016 2.765771
16 29728.942080 3.054232
16 29374.873496 4.208846
16 28777.709551 6.156191
16 28999.660380 5.432412
16 29562.158420 3.598111
16 29026.190640 5.345897
16 29850.141487 2.659002
16 29592.982586 3.497594
16 29869.433547 2.596090
16 28320.368249 7.647576
16 29618.892760 3.413101
16 28907.280809 5.733660
16 29081.915959 5.164177
16 28810.165451 6.050353
16 29471.825662 3.892686
16 29089.700917 5.138790
16 29691.339793 3.176852
16 29396.728116 4.137578
16 28624.684740 6.655203
16 27956.887638 8.832883
16 29576.694725 3.550709
16 29686.910398 3.191297
16 28988.425329 5.469049
16 29692.624582 3.172663
16 28759.675303 6.215000
16 28909.664796 5.725886
16 28385.420968 7.435440
16 29433.457163 4.017805
16 28813.718520 6.038766
16 29528.561563 3.707670
16 29413.185595 4.083910
16 28563.595526 6.854415
16 28653.860060 6.560063
16 29344.092549 4.309222
16 28596.721319 6.746392
16 29541.381173 3.665866
16 29492.673909 3.824700
16 29157.330758 4.918250
16 29546.093426 3.650499
16 29420.846872 4.058927
16 29479.676953 3.867083
16 29364.430844 4.242899
16 29452.805120 3.954711
16 29341.606041 4.317330
16 30022.022353 2.098500
16 29743.596883 3.006442
16 28102.355910 8.358512
16 28574.814444 6.817830
16 28050.120352 8.528852
16 29558.649881 3.609553
16 29731.065513 3.047307
16 28577.795206 6.808110
16 28088.880463 8.402455
16 29729.581330 3.052147
16 29542.130577 3.663422
16 28164.726184 8.155123
16 29628.933875 3.380357
16 28485.853820 7.107929
16 29196.410719 4.790811
16 29519.532502 3.737114
16 28488.386097 7.099672
16 29219.326425 4.716083
16 29587.382623 3.515856
16 30021.264965 2.100970
16 29451.871341 3.957756
16 28513.826499 7.016711
16 27719.247600 9.607824
16 28723.976633 6.331413
16 29140.964014 4.971622
16 29583.803863 3.527526
16 27793.109593 9.366961
16 28982.879815 5.487133
16 29486.134842 3.846024
16 28653.910856 6.559897
16 29973.945041 2.255280
16 29637.852458 3.351274
16 28744.746493 6.263683
16 29489.793102 3.834094
16 28385.741424 7.434395
16 29470.427012 3.897247
16 28932.633958 5.650984
18 29614.037458 3.428934
16 29293.420973 4.474461
16 29387.451720 4.167828
16 28877.804693 5.829782
16 28193.278210 8.062015
16 29344.326934 4.308458
16 29777.766440 2.895016
16 27691.214984 9.699238
16 29165.845381 4.890484
16 28920.624934 5.690145
16 30159.310263 1.650806
16 28704.774615 6.394031
16 29787.742489 2.862484
16 28139.141465 8.238555
16 29120.397853 5.038688
17 29636.723737 3.354955
16 28778.827741 6.152545
16 29284.115065 4.504808
16 28693.758507 6.429954
16 29667.076623 3.255974
16 27804.935051 9.328398
16 28577.868225 6.807871
16 29665.638090 3.260665
16 28072.749735 8.455058
16 29510.544130 3.766425
16 29703.199955 3.138176
16 27956.016225 8.835724
16 29601.023086 3.471374
16 28526.274902 6.976117
16 28846.652448 5.931369
16 28613.846894 6.690545
16 29897.830324 2.503489
16 28371.410947 7.481126
16 29085.003015 5.154110
16 29331.676715 4.349710
16 29015.032573 5.382283
16 29397.666235 4.134519
16 27634.422609 9.884438
16 29520.359786 3.734416
16 28939.124496 5.629819
16 29519.036773 3.738731
16 29587.929414 3.514072
16 29252.353749 4.608381
16 29589.533539 3.508841
17 29891.656137 2.523623
16 29014.574738 5.383776
16 28021.591205 8.621885
16 29337.322695 4.331298
16 29051.303650 5.264003
16 29738.516975 3.023008
16 28231.052335 7.938834
16 28133.834988 8.255859
16 28324.608890 7.633747
16 29390.535150 4.157773
16 29273.639679 4.538968
16 29147.737687 4.949533
16 28373.010567 7.475910
16 29469.107830 3.901548
16 29333.685098 4.343161
16 29151.062874 4.938690
16 29401.237975 4.122871
16 29709.690544 3.117011
16 28375.516190 7.467739
16 29513.736234 3.756016
16 28934.943344 5.643453
16 29144.845432 4.958965
17 29875.906801 2.574981
16 29511.732767 3.762549
16 29916.410233 2.442900
16 29269.415795 4.552742
16 28905.422658 5.739720
16 28636.363162 6.617120
16 29682.032623 3.207203
16 28752.163983 6.239495
16 29390.949414 4.156422
16 29316.751755 4.398380
16 29432.908857 4.019593
16 28376.392887 7.464880
16 29907.286302 2.472653
16 29084.063624 5.157174
17 29735.790400 3.031899
16 29829.725608 2.725578
16 29622.480326 3.401402
16 28484.112247 7.113609
16 28383.842613 7.440587
16 28883.658859 5.810691
16 28376.607155 7.464182
16 28616.373858 6.682305
16 29205.131728 4.762372
16 29209.826479 4.747062
16 29845.797386 2.673168
17 29712.346350 3.108350
16 29985.997689 2.215976
16 29272.309451 4.543306
16 29351.652258 4.284570
16 29419.692584 4.062691
16 28365.746823 7.499597
16 29480.078915 3.865772
16 28335.677483 7.597653
16 28942.121373 5.620046
16 29002.666952 5.422607
16 28985.271410 5.479334
16 29037.220140 5.309930
16 29241.917105 4.642415
16 29248.079740 4.622319
16 28914.676011 5.709545
17 29638.047397 3.350638
17 29488.252899 3.839117
