81 -7727.107879 9.614770
96 -7574.327944 7.447473
98 -7540.031320 6.960950
108 -7669.094211 8.791803
105 -7638.506761 8.357897
107 -7687.086158 9.047032
107 -7623.975827 8.151765
107 -7676.749995 8.900406
109 -7593.372032 7.717628
114 -7514.414797 6.597561
116 -7650.309390 8.525326
122 -7614.631703 8.019212
122 -7734.559186 9.720472
123 -7710.216242 9.375150
122 -7594.569818 7.734619
123 -7367.015259 4.506588
129 -7599.747757 7.808072
129 -7345.568687 4.202353
136 -7601.879090 7.838307
145 -7530.711099 6.828736
147 -7688.478182 9.066779
162 -7751.204962 9.956605
127 -7634.281750 8.297962
120 -7635.688102 8.317913
101 -7576.423669 7.477202
124 -7516.586770 6.628372
119 -7518.388670 6.653933
117 -7665.696703 8.743607
201 -7706.776674 9.326357
128 -7662.307525 8.695529
214 -7430.279355 5.404037
226 -7595.698948 7.750637
92 -7701.923996 9.257518
175 -7617.489876 8.059757
183 -7673.753779 8.857902
124 -7633.903178 8.292592
121 -7754.167420 9.998630
142 -7717.731995 9.481766
192 -7627.882379 8.207183
148 -7606.653323 7.906033
333 -7605.485387 7.889465
109 -7611.625884 7.976572
125 -7692.370139 9.121989
