15 -1.928216 3.589217
17 -1.922779 3.861042
17 -1.907947 4.602634
17 -2.086148 4.307395
17 -2.002006 0.100285
17 -1.890569 5.471534
19 -1.919972 4.001418
19 -2.125624 6.281212
19 -2.181683 9.084165
19 -1.848300 7.584981
19 -1.854903 7.254827
19 -1.938700 3.064985
19 -2.140417 7.020867
19 -1.944611 2.769460
22 -1.920527 3.973660
22 -2.069355 3.467773
20 -1.947589 2.620530
21 -1.857743 7.112872
22 -1.851569 7.421535
22 -1.848325 7.583761
22 -1.842714 7.864277
22 -1.917980 4.100988
21 -1.856960 7.152003
22 -1.873119 6.344071
22 -2.164657 8.232840
22 -1.884785 5.760756
22 -1.902695 4.865261
22 -1.851879 7.406041
21 -1.854065 7.296753
21 -1.889662 5.516917
22 -1.902415 4.879227
24 -1.911759 4.412055
23 -1.845910 7.704525
24 -1.844390 7.780514
21 -1.847080 7.645983
24 -1.881842 5.907908
24 -1.933696 3.315185
24 -1.870087 6.495671
24 -1.843475 7.826274
24 -1.870160 6.491980
23 -2.004642 0.232082
24 -1.859917 7.004174
24 -1.884919 5.754030
24 -1.879211 6.039434
17 -1.966153 1.692373
24 -1.845941 7.702972
29 -1.865321 6.733946
17 -1.901237 4.938172
29 -1.868647 6.567647
19 -1.954679 2.266043
17 -2.106781 5.339054
22 -1.883974 5.801298
19 -1.883837 5.808162
19 -1.892290 5.385497
22 -1.936018 3.199081
17 -2.089542 4.477087
14 -1.877968 6.101585
24 -1.858016 7.099207
21 -2.030988 1.549403
19 -1.884960 5.752016
19 -1.908549 4.572569
19 -1.883784 5.810781
19 -1.941475 2.926264
22 -1.858105 7.094756
18 -1.841134 7.943297
22 -1.973479 1.326068
19 -1.979232 1.038387
18 -2.037176 1.858822
19 -1.863648 6.817596
22 -1.885136 5.743184
18 -1.893843 5.307843
24 -1.973260 1.336989
17 -1.841783 7.910828
19 -1.851748 7.412589
22 -2.064427 3.221346
21 -2.001017 0.050848
14 -1.938476 3.076221
22 -1.850936 7.453218
19 -1.890213 5.489334
22 -1.898907 5.054665
21 -1.846931 7.653463
10 -2.096630 4.831487
18 -1.874230 6.288489
19 -1.860654 6.967325
22 -2.052354 2.617677
22 -2.140103 7.005131
24 -1.890760 5.461996
21 -1.842953 7.852330
23 -1.851498 7.425111
23 -1.862500 6.874979
24 -1.860085 6.995772
19 -1.884720 5.763980
14 -1.941568 2.921612
16 -1.870523 6.473852
24 -1.841271 7.936474
17 -2.161057 8.052850
26 -2.162404 8.120192
19 -1.923354 3.832303
35 -1.853768 7.311589
24 -1.886585 5.670753
15 -1.976045 1.197768
19 -2.017046 0.852324
15 -2.187530 9.376514
15 -1.890885 5.455755
19 -1.874318 6.284080
24 -1.844116 7.794221
22 -1.883036 5.848211
22 -1.843268 7.836601
19 -1.868797 6.560148
15 -1.916863 4.156830
18 -1.911348 4.432615
25 -1.843588 7.820589
22 -1.883248 5.837580
19 -1.848089 7.595541
24 -1.857270 7.136519
19 -1.848282 7.585909
21 -1.883650 5.817497
22 -1.905825 4.708764
19 -1.866298 6.685109
20 -1.873668 6.316582
17 -1.900135 4.993262
22 -1.866988 6.650597
21 -1.858870 7.056492
26 -1.897289 5.135542
23 -1.850273 7.486360
22 -1.853222 7.338911
23 -1.849677 7.516157
23 -1.881286 5.935688
19 -2.041196 2.059790
26 -1.994310 0.284479
26 -2.034861 1.743045
19 -1.957379 2.131060
15 -2.016003 0.800173
21 -1.931059 3.447029
24 -1.855283 7.235841
22 -1.876096 6.195211
25 -1.861890 6.905501
28 -1.895781 5.210935
35 -1.848517 7.574154
22 -2.083065 4.153230
25 -1.873744 6.312814
16 -1.845566 7.721688
18 -1.864974 6.751294
19 -1.851325 7.433763
26 -1.955982 2.200883
22 -1.841830 7.908525
22 -1.852557 7.372141
27 -1.894573 5.271359
22 -1.899971 5.001441
21 -1.844913 7.754352
25 -1.854114 7.294289
22 -1.867098 6.645092
15 -2.112785 5.639253
19 -2.014557 0.727828
22 -1.920227 3.988660
19 -1.867678 6.616096
18 -1.916627 4.168675
24 -1.969817 1.509144
22 -1.845739 7.713072
29 -1.852725 7.363762
24 -1.873548 6.322584
22 -1.883797 5.810130
19 -1.863292 6.835383
22 -1.841149 7.942558
22 -1.862491 6.875455
17 -2.096784 4.839222
17 -1.900279 4.986041
19 -1.981672 0.916412
18 -1.855832 7.208380
24 -1.883454 5.827303
17 -2.017002 0.850091
19 -1.876781 6.160937
22 -1.886113 5.694349
15 -2.001908 0.095381
26 -1.961704 1.914823
19 -1.846149 7.692531
14 -2.024488 1.224387
17 -2.065273 3.263668
26 -1.899329 5.033550
22 -2.182889 9.144431
23 -1.856717 7.164125
22 -1.855788 7.210615
28 -2.088906 4.445301
22 -1.920663 3.966844
22 -1.884284 5.785809
24 -1.842871 7.856440
19 -2.043060 2.153001
19 -1.915198 4.240119
22 -1.913625 4.318769
23 -1.915962 4.201912
26 -2.179461 8.973054
18 -1.849906 7.504702
18 -1.965887 1.705635
26 -1.915744 4.212821
23 -1.882458 5.877115
22 -2.016286 0.814310
24 -1.907336 4.633204
23 -1.841667 7.916645
28 -1.873091 6.345473
29 -1.892110 5.394487
