10 0.974053 2.594713
13 0.994639 0.536105
13 0.998856 0.114350
13 0.916955 8.304544
16 0.977607 2.239273
13 0.917550 8.245042
15 0.989675 1.032529
15 0.948433 5.156740
19 0.965564 3.443573
17 0.938400 6.159989
20 0.999770 0.022952
17 0.919989 8.001092
16 0.927389 7.261120
17 0.917791 8.220912
16 0.901427 9.857314
19 0.905604 9.439557
16 0.974781 2.521893
19 0.902158 9.784211
failed to find solution after reaching max emtpy limit -- 15 iterations and 9 function evals
25 0.907974 9.202645
23 0.922912 7.708777
19 0.903787 9.621254
26 0.932088 6.791189
15 0.969686 3.031372
12 0.947987 5.201350
22 0.904197 9.580341
11 0.906313 9.368702
failed to find solution after reaching max emtpy limit -- 20 iterations and 14 function evals
21 0.954490 4.551039
13 0.962132 3.786773
21 0.919229 8.077144
24 0.936287 6.371258
16 0.932066 6.793426
failed to find solution after reaching max emtpy limit -- 23 iterations and 17 function evals
27 0.972281 2.771860
26 0.991340 0.865978
19 0.953301 4.669891
21 0.990426 0.957391
20 0.920592 7.940779
29 0.941976 5.802364
20 0.948299 5.170105
27 0.976616 2.338422
16 0.941234 5.876598
12 0.965618 3.438178
23 0.920058 7.994163
15 0.909361 9.063895
24 0.944435 5.556500
22 0.947137 5.286299
21 0.937095 6.290486
12 0.963405 3.659518
failed to find solution after reaching max emtpy limit -- 32 iterations and 22 function evals
21 0.999329 0.067140
25 0.907476 9.252360
23 0.923723 7.627691
11 0.988471 1.152890
16 0.905967 9.403336
24 0.918259 8.174116
19 0.928921 7.107947
20 0.920973 7.902706
failed to find solution after reaching max emtpy limit -- 31 iterations and 25 function evals
17 0.983750 1.625019
21 0.918240 8.175964
19 0.907920 9.207970
21 0.947350 5.264954
17 0.987001 1.299940
16 0.920580 7.942002
11 0.900365 9.963479
44 0.977661 2.233899
25 0.981849 1.815114
19 0.906266 9.373398
27 0.951087 4.891343
26 0.924437 7.556312
16 0.922180 7.782025
16 0.970237 2.976260
26 0.965465 3.453539
13 0.911423 8.857722
14 0.936801 6.319911
25 0.902857 9.714281
29 0.966008 3.399182
12 0.907450 9.255043
22 0.909597 9.040348
45 0.913090 8.691045
17 0.923019 7.698062
20 0.926114 7.388629
failed to find solution after reaching max emtpy limit -- 16 iterations and 10 function evals
21 0.945533 5.446650
31 0.915515 8.448494
26 0.926885 7.311525
18 0.977173 2.282667
14 0.947182 5.281830
26 0.903057 9.694344
16 0.924081 7.591923
failed to find solution after reaching max emtpy limit -- 50 iterations and 21 function evals
failed to find solution after reaching max emtpy limit -- 29 iterations and 18 function evals
23 0.912286 8.771396
18 0.974729 2.527128
22 0.907170 9.282986
24 0.915030 8.496991
20 0.986140 1.385965
25 0.911245 8.875519
15 0.908827 9.117338
29 0.978504 2.149554
24 0.990860 0.913999
22 0.902811 9.718863
22 0.914421 8.557942
10 0.952738 4.726159
17 0.967608 3.239180
failed to find solution after reaching max emtpy limit -- 20 iterations and 14 function evals
17 0.977123 2.287732
15 0.982661 1.733928
17 0.960708 3.929217
10 0.940762 5.923845
11 0.919771 8.022851
32 0.937329 6.267055
failed to find solution after reaching max emtpy limit -- 29 iterations and 13 function evals
failed to find solution after reaching max emtpy limit -- 19 iterations and 13 function evals
failed to find solution after reaching max emtpy limit -- 24 iterations and 11 function evals
27 0.936404 6.359614
13 0.921660 7.833962
19 0.905548 9.445230
22 0.926359 7.364128
10 0.907202 9.279809
17 0.900677 9.932296
21 0.935067 6.493329
17 0.915245 8.475549
failed to find solution after reaching max emtpy limit -- 55 iterations and 25 function evals
34 0.900542 9.945825
12 0.920195 7.980489
29 0.923988 7.601199
17 0.936677 6.332277
failed to find solution after reaching max emtpy limit -- 31 iterations and 17 function evals
12 0.922550 7.745005
27 0.923078 7.692190
39 0.907940 9.206048
16 0.910353 8.964745
21 0.965092 3.490783
22 0.905906 9.409369
12 0.952562 4.743835
18 0.911340 8.865973
12 0.966218 3.378195
19 0.920938 7.906209
29 0.914962 8.503786
25 0.932048 6.795164
11 0.964948 3.505157
14 0.921155 7.884523
12 0.979297 2.070256
26 0.938229 6.177098
35 0.913656 8.634395
20 0.900549 9.945083
28 0.948934 5.106591
11 0.951727 4.827316
20 0.930443 6.955733
25 0.906357 9.364260
19 0.984207 1.579316
23 0.901028 9.897212
24 0.917009 8.299132
19 0.977595 2.240472
12 0.921545 7.845477
17 0.924471 7.552913
failed to find solution after reaching max emtpy limit -- 36 iterations and 16 function evals
23 0.908457 9.154311
failed to find solution after reaching max emtpy limit -- 45 iterations and 15 function evals
19 0.920373 7.962652
failed to find solution after reaching max emtpy limit -- 26 iterations and 18 function evals
11 0.946245 5.375461
14 0.996815 0.318470
22 0.915633 8.436737
22 0.946857 5.314292
13 0.903241 9.675871
19 0.942714 5.728643
14 0.956397 4.360288
19 0.937596 6.240355
18 0.910277 8.972332
20 0.949809 5.019086
18 0.982943 1.705688
22 0.970568 2.943217
18 0.993960 0.604003
25 0.998002 0.199771
31 0.901305 9.869460
23 0.931666 6.833361
22 0.953770 4.623015
21 0.909122 9.087769
20 0.903385 9.661454
failed to find solution after reaching max emtpy limit -- 37 iterations and 27 function evals
30 0.906720 9.327993
24 0.999322 0.067830
25 0.964076 3.592403
27 0.998062 0.193794
33 0.904777 9.522338
25 0.903571 9.642884
failed to find solution after reaching max emtpy limit -- 40 iterations and 25 function evals
27 0.903701 9.629886
38 0.908692 9.130833
45 0.905186 9.481428
38 0.909095 9.090481
30 0.926163 7.383738
32 0.906435 9.356544
32 0.927372 7.262820
36 0.901983 9.801733
31 0.900964 9.903611
