11 4.200331 8.405438
13 4.225144 7.864359
13 4.474211 2.433061
13 4.431544 3.363485
13 4.419027 3.636435
13 4.456568 2.817793
13 4.369433 4.717917
15 4.411419 3.802349
15 4.377591 4.540023
15 4.412975 3.768424
15 4.204748 8.309110
13 4.175357 8.950040
15 4.131337 9.909961
15 4.297712 6.281904
15 4.387414 4.325820
16 4.339427 5.372233
17 4.353081 5.074484
13 4.216996 8.042030
13 4.169363 9.080746
13 4.373201 4.635753
19 4.362390 4.871500
11 4.352540 5.086283
19 4.433222 3.326906
19 4.256164 7.187926
20 4.291708 6.412826
14 4.243895 7.455452
22 4.515528 1.532098
22 4.176610 8.922706
22 4.440512 3.167934
17 4.191408 8.600012
13 4.408205 3.872426
23 4.542647 0.940722
24 4.310866 5.995051
24 4.399432 4.063734
13 4.236281 7.621499
19 4.385101 4.376257
19 4.128039 9.981879
19 4.351203 5.115454
25 4.344802 5.255034
22 4.200742 8.396484
26 4.481764 2.268377
25 4.411476 3.801098
26 4.357141 4.985962
13 4.435661 3.273710
26 4.130953 9.918329
26 4.150710 9.487501
26 4.486020 2.175566
22 4.470206 2.520404
13 4.149030 9.524134
17 4.253830 7.238807
28 4.420141 3.612151
27 4.452435 2.907939
15 4.338500 5.392453
28 4.183634 8.769542
26 4.464081 2.653964
28 4.398087 4.093072
27 4.459672 2.750111
13 4.365455 4.804665
28 4.127608 9.991276
27 4.514478 1.554990
13 4.137388 9.778015
30 4.142685 9.662493
13 4.375765 4.579833
13 4.217453 8.032061
30 4.500399 1.861992
15 4.449521 2.971476
15 4.224597 7.876273
28 4.338850 5.384826
29 4.450272 2.955087
11 4.434214 3.305272
15 4.241771 7.501772
26 4.422469 3.561386
22 4.360346 4.916071
23 4.357785 4.971907
15 4.452134 2.914502
13 4.483132 2.238533
24 4.181738 8.810879
33 4.432156 3.350144
27 4.396302 4.131987
17 4.393418 4.194877
28 4.129610 9.947618
19 4.406149 3.917267
32 4.548960 0.803057
25 4.362271 4.874100
27 4.247535 7.376081
13 4.237178 7.601939
17 4.153160 9.434077
19 4.413707 3.752453
15 4.353996 5.054535
19 4.153331 9.430352
15 4.238475 7.573654
24 4.302309 6.181660
22 4.323126 5.727709
13 4.413915 3.747914
17 4.314050 5.925631
17 4.522097 1.388836
20 4.160537 9.273205
13 4.407517 3.887443
27 4.456965 2.809143
19 4.265807 6.977630
19 4.435448 3.278353
15 4.412766 3.772973
17 4.277882 6.714316
17 4.154698 9.400527
19 4.281500 6.635431
23 4.303793 6.149296
22 4.439258 3.195263
15 4.132901 9.875843
15 4.495621 1.966186
22 4.292292 6.400084
15 4.207048 8.258970
19 4.329564 5.587316
24 4.247863 7.368922
13 4.336460 5.436945
15 4.181941 8.806460
26 4.385722 4.362715
22 4.127515 9.993310
15 4.447808 3.008822
15 4.274522 6.787600
19 4.230623 7.744874
32 4.470387 2.516460
19 4.392738 4.209718
27 4.511775 1.613927
15 4.445762 3.053447
26 4.366148 4.789545
24 4.401310 4.022782
33 4.149525 9.513342
22 4.376569 4.562305
37 4.317245 5.855946
15 4.397045 4.115792
19 4.252371 7.270635
13 4.177192 8.910027
26 4.496800 1.940479
22 4.361895 4.882294
26 4.491070 2.065436
24 4.411771 3.794661
30 4.513170 1.583510
15 4.375903 4.576831
17 4.518001 1.478174
13 4.151014 9.480874
23 4.166076 9.152422
13 4.396404 4.129764
15 4.201430 8.381474
17 4.168634 9.096635
19 4.343205 5.289855
13 4.137508 9.775398
17 4.505105 1.759376
31 4.490414 2.079749
17 4.396399 4.129883
13 4.352768 5.081318
26 4.216742 8.047580
22 4.273879 6.801617
22 4.386416 4.347578
20 4.216678 8.048956
15 4.387748 4.318537
19 4.200647 8.398538
30 4.561056 0.539278
25 4.348188 5.181191
24 4.420997 3.593486
30 4.570100 0.342056
15 4.260181 7.100311
17 4.466861 2.593341
22 4.341011 5.337706
15 4.304888 6.125409
24 4.140530 9.709497
17 4.344855 5.253873
15 4.461303 2.714550
22 4.321915 5.754125
24 4.252929 7.258467
39 4.460686 2.728010
32 4.528852 1.241544
39 4.396142 4.135474
24 4.341692 5.322853
35 4.330658 5.563470
26 4.499965 1.871466
25 4.538913 1.022143
22 4.437052 3.243382
27 4.133322 9.866672
26 4.547642 0.831805
17 4.463473 2.667220
19 4.397364 4.108846
30 4.132784 9.878396
28 4.215640 8.071599
26 4.298110 6.273212
26 4.411742 3.795307
26 4.186768 8.701209
28 4.459643 2.750738
26 4.447976 3.005161
26 4.238420 7.574860
30 4.505974 1.740422
30 4.518556 1.466057
33 4.450284 2.954825
32 4.322217 5.747540
37 4.408503 3.865937
26 4.490115 2.086265
29 4.330615 5.564394
31 4.515480 1.533132
27 4.349987 5.141959
33 4.461224 2.716263
35 4.569950 0.345333
