18 40.930864 6.975309
19 39.650349 9.885570
20 39.873564 9.378263
20 40.500100 7.954319
20 42.535930 3.327432
20 40.711739 7.473320
20 40.309126 8.388349
21 41.175641 6.418999
21 40.736325 7.417442
21 40.729044 7.433991
21 41.346106 6.031577
21 41.297570 6.141886
21 41.500051 5.681701
22 41.184257 6.399417
22 40.734314 7.422013
21 41.024092 6.763428
21 39.917191 9.279112
22 40.404253 8.172152
22 41.246160 6.258727
21 41.887925 4.800171
22 40.602359 7.721912
22 40.877138 7.097413
22 40.283935 8.445602
22 41.414004 5.877263
23 40.581908 7.768392
22 40.155870 8.736660
23 40.704016 7.490872
23 41.676784 5.280037
23 42.373177 3.697324
23 39.952082 9.199814
23 39.604666 9.989396
23 40.371154 8.247378
23 39.708283 9.753903
24 41.281978 6.177322
23 40.520953 7.906926
23 40.214336 8.603782
24 40.051411 8.974066
23 40.438145 8.095125
24 42.031864 4.473037
24 41.459209 5.774524
25 42.086623 4.348584
24 39.752573 9.653244
25 41.243678 6.264367
24 39.677773 9.823243
24 39.605862 9.986678
25 40.447777 8.073233
25 41.333316 6.060645
26 39.654040 9.877181
27 40.086600 8.894091
26 41.280463 6.180767
27 40.071381 8.928679
27 39.655772 9.873246
26 39.694463 9.785310
27 40.713959 7.468276
27 39.687020 9.802226
27 40.495209 7.965434
26 40.881220 7.088136
27 39.768589 9.616842
27 39.953030 9.197658
27 41.151860 6.473045
28 39.643454 9.901241
20 40.014058 9.058959
23 39.801626 9.541758
29 39.689350 9.796933
20 40.944299 6.944776
29 39.714630 9.739476
21 40.184737 8.671053
19 42.979323 2.319721
22 40.941264 6.951672
29 40.775722 7.327906
29 40.314045 8.377170
29 39.831969 9.472798
21 40.769376 7.342327
21 39.913035 9.288557
22 40.270337 8.476508
30 39.697810 9.777706
20 40.185674 8.668923
30 39.832288 9.472072
22 39.811706 9.518851
20 40.218013 8.595425
31 40.058644 8.957627
25 39.675728 9.827891
31 40.092510 8.880660
32 39.825711 9.487020
21 40.113636 8.832646
22 40.181110 8.679295
32 39.616069 9.963480
21 42.027001 4.484088
32 40.925377 6.987779
25 40.754635 7.375829
19 39.944499 9.217047
18 40.692344 7.517399
32 39.802672 9.539381
29 40.010954 9.066014
23 39.867929 9.391071
19 42.545368 3.305982
17 40.894650 7.057613
32 39.832022 9.472677
21 39.838328 9.458345
33 40.186151 8.667839
32 41.007573 6.800970
26 40.246478 8.530733
26 41.280252 6.181246
22 39.858015 9.413601
25 39.843819 9.445866
32 39.752867 9.652575
22 42.133803 4.241357
26 42.061135 4.406511
24 39.791980 9.563681
36 39.913822 9.286769
27 39.718522 9.730631
27 39.823185 9.492761
29 41.837903 4.913857
22 40.558032 7.822653
18 40.346958 8.302368
22 40.675600 7.555455
36 39.671286 9.837986
23 39.906600 9.303183
23 39.939972 9.227337
27 39.978020 9.140864
38 39.947850 9.209431
21 39.807005 9.529534
37 39.774384 9.603673
27 40.054153 8.967834
38 39.725667 9.714392
20 42.114963 4.284175
19 41.106192 6.576836
26 39.883474 9.355742
38 40.178490 8.685249
30 39.740283 9.681175
23 40.659623 7.591767
38 41.004270 6.808478
37 40.295221 8.419952
31 39.765543 9.623765
23 39.630064 9.931673
30 41.456099 5.781593
28 40.921545 6.996489
40 39.706223 9.758583
22 41.242780 6.266409
25 39.865970 9.395522
25 39.857903 9.413856
23 41.599232 5.456290
23 40.707224 7.483582
26 39.961093 9.179335
33 40.202966 8.629623
32 40.059611 8.955429
33 39.849566 9.432804
27 41.201265 6.360761
22 40.231951 8.563747
23 39.709369 9.751434
31 40.159637 8.728099
34 40.118898 8.820685
26 40.118239 8.822183
25 40.003494 9.082968
25 39.821114 9.497469
31 39.999442 9.092177
25 40.850574 7.157786
23 40.433715 8.105194
42 40.008988 9.070482
27 41.038964 6.729628
21 40.091337 8.883324
25 40.100109 8.863390
26 40.229313 8.569743
22 41.285186 6.170031
26 39.852344 9.426491
22 39.806566 9.530532
36 39.749860 9.659409
29 41.069458 6.660323
24 40.475516 8.010191
42 39.667827 9.845847
24 40.866876 7.120735
39 39.819990 9.500023
28 40.603863 7.718493
35 39.633248 9.924436
37 40.318586 8.366850
39 39.772236 9.608555
39 39.884997 9.352281
27 40.049116 8.979281
28 39.913996 9.286373
30 39.993859 9.104865
26 39.707216 9.756328
39 39.880074 9.363469
34 40.221683 8.587084
31 40.062092 8.949792
38 39.813106 9.515667
29 40.220241 8.590361
44 40.059599 8.955456
33 40.295178 8.420051
35 40.237315 8.551557
43 39.679812 9.818608
38 39.803353 9.537835
44 40.070594 8.930468
39 39.673611 9.832702
33 39.701881 9.768453
46 40.250112 8.522472
39 39.922786 9.266395
31 40.538170 7.867795
48 39.677164 9.824627
46 39.804387 9.535483
44 39.636083 9.917994
