25 29.347227 9.278438
29 29.495547 8.819933
29 29.785115 7.924788
31 29.533904 8.701360
32 30.234568 6.535385
32 29.179967 9.795492
32 29.526478 8.724316
33 29.386794 9.156124
33 29.553045 8.642189
34 29.917308 7.516137
34 29.140034 9.918935
34 29.130705 9.947777
35 30.370686 6.114603
36 29.936753 7.456026
37 30.011792 7.224056
38 29.982436 7.314806
38 30.147738 6.803806
38 30.236417 6.529671
39 29.383422 9.166547
39 29.689181 8.221348
39 30.114923 6.905247
39 29.228314 9.646036
40 29.975238 7.337058
40 29.755874 8.015179
40 29.337166 9.309539
40 29.997416 7.268496
41 29.176540 9.806085
41 29.335522 9.314623
41 29.503628 8.794952
41 29.391309 9.142167
41 29.115668 9.994260
41 30.005198 7.244441
42 30.038666 7.140979
43 29.399527 9.116760
43 29.528351 8.718527
44 30.528608 5.626414
44 30.413360 5.982682
44 29.646014 8.354793
44 29.634660 8.389892
34 29.255627 9.561603
45 30.036217 7.148553
27 29.254919 9.563792
46 30.251920 6.481746
45 30.310069 6.301988
48 29.467530 8.906544
48 30.291335 6.359900
34 29.864224 7.680236
28 29.154485 9.874265
32 29.604274 8.483825
51 29.205287 9.717218
32 30.026226 7.179436
29 29.354615 9.255598
38 29.752066 8.026952
52 30.290894 6.361263
30 29.472818 8.890197
35 29.726127 8.107137
34 30.127955 6.864961
38 30.200843 6.639640
30 29.214752 9.687960
29 30.364015 6.135225
35 29.780846 7.937985
46 29.612020 8.459878
43 29.350548 9.268172
33 29.741722 8.058930
30 29.323005 9.353317
26 30.007121 7.238498
38 29.378969 9.180313
41 30.227332 6.557755
29 30.018041 7.204740
36 29.735197 8.079100
47 30.383609 6.074651
50 30.507483 5.691720
41 29.282660 9.478034
32 29.437506 8.999357
33 29.988886 7.294866
40 29.443494 8.980845
35 29.996244 7.272120
47 29.814200 7.834875
71 30.671423 5.184929
69 29.547346 8.659806
48 30.405109 6.008191
22 29.966539 7.363947
44 29.753444 8.022693
31 29.458613 8.934109
30 30.096832 6.961172
44 29.350219 9.269189
49 30.168627 6.739229
36 30.070755 7.041784
41 29.488095 8.842969
26 29.271569 9.512320
50 30.257143 6.465598
50 30.468628 5.811832
45 29.235416 9.624082
32 29.192148 9.757835
49 29.380835 9.174545
49 29.610195 8.465520
55 29.727022 8.104372
54 29.304481 9.410578
30 29.282358 9.478967
51 29.199541 9.734982
56 29.442433 8.984127
59 30.610557 5.373086
53 30.290724 6.361790
33 29.631583 8.399402
52 29.714342 8.143570
38 29.968729 7.357179
46 29.950906 7.412276
34 29.828368 7.791079
39 30.221655 6.575304
30 29.270028 9.517083
54 30.126981 6.867971
39 29.503009 8.796867
32 29.798822 7.882414
30 29.858137 7.699052
42 29.760102 8.002112
32 29.760078 8.002185
65 29.915160 7.522778
43 30.297980 6.339358
32 29.596234 8.508677
54 30.368819 6.120373
38 29.350559 9.268138
33 29.268036 9.523241
33 29.817817 7.823696
36 29.939283 7.448205
39 30.094349 6.968847
52 30.385309 6.069397
40 30.103114 6.941753
41 30.096886 6.961004
42 29.141283 9.915077
35 30.074965 7.028769
31 30.116401 6.900677
44 30.315194 6.286147
29 29.782052 7.934256
42 29.557391 8.628753
43 29.484809 8.853130
34 30.392039 6.048594
32 29.640468 8.371938
37 29.742063 8.057873
49 29.128171 9.955608
50 29.467721 8.905954
78 29.298218 9.429939
39 30.232862 6.540659
39 29.808299 7.853120
41 29.708697 8.161020
40 29.136417 9.930118
34 29.810225 7.847165
34 29.262222 9.541214
35 29.597686 8.504188
43 29.342228 9.293890
52 30.160711 6.763701
36 29.357515 9.246635
36 29.421092 9.050098
52 29.882056 7.625113
33 29.632617 8.396207
34 29.638156 8.379084
43 29.208645 9.706839
53 29.115238 9.995589
41 29.144530 9.905037
60 29.445028 8.976105
38 29.799257 7.881069
30 29.650943 8.339556
40 29.907411 7.546732
39 29.382203 9.170316
65 30.163972 6.753621
30 29.200728 9.731311
44 29.329441 9.333419
36 29.972882 7.344341
33 30.277662 6.402168
36 29.329303 9.333845
36 29.257542 9.555681
24 29.430832 9.019989
45 29.649158 8.345072
31 29.268546 9.521664
39 29.917206 7.516453
38 30.268953 6.429090
42 29.694997 8.203370
60 29.670590 8.278821
28 30.448429 5.874274
75 30.014618 7.215321
41 29.403616 9.104122
40 29.402906 9.106317
44 29.658188 8.317160
39 29.680255 8.248943
41 30.317492 6.279041
38 29.549463 8.653263
45 30.419758 5.962906
40 29.841125 7.751643
52 30.015016 7.214091
47 30.134996 6.843195
46 30.089574 6.983610
38 29.470692 8.896767
44 29.690095 8.218523
44 29.807792 7.854686
46 30.492553 5.737873
45 29.557944 8.627044
45 29.347058 9.278960
49 29.227626 9.648163
51 29.504186 8.793228
51 29.855461 7.707326
59 30.061518 7.070339
