68 -26.208745 7.827364
83 -25.101166 3.270592
84 -25.423648 4.597339
85 -25.830853 6.272651
87 -25.669403 5.608419
91 -25.974986 6.865639
91 -25.281380 4.012022
91 -25.481505 4.835374
94 -25.087214 3.213192
97 -25.664232 5.587143
95 -26.508609 9.061059
98 -26.573566 9.328302
100 -25.834592 6.288035
98 -25.496529 4.897184
102 -25.329721 4.210906
103 -25.297318 4.077594
104 -25.388211 4.451545
106 -26.060516 7.217526
104 -25.299156 4.085158
113 -25.331674 4.218941
107 -25.158433 3.506200
109 -26.265448 8.060654
109 -26.463137 8.873979
109 -25.311354 4.135340
112 -25.153607 3.486343
107 -25.196163 3.661426
108 -25.229362 3.798014
110 -25.439292 4.661701
113 -25.397765 4.490850
112 -25.652190 5.537602
117 -25.277663 3.996731
119 -25.259635 3.922561
110 -25.179069 3.591098
82 -25.854201 6.368711
123 -24.923227 2.538519
125 -25.797975 6.137388
127 -25.299022 4.084607
126 -25.189878 3.635567
126 -25.808166 6.179314
125 -25.602193 5.331905
122 -25.089033 3.220673
131 -26.009956 7.009511
133 -25.298298 4.081628
87 -25.703880 5.750264
134 -25.584115 5.257530
140 -25.248792 3.877951
73 -25.229838 3.799972
74 -25.542205 5.085102
93 -25.808063 6.178891
153 -25.093751 3.240085
84 -26.628754 9.555356
99 -25.148540 3.465497
96 -25.529659 5.033487
159 -25.050584 3.062487
110 -25.328802 4.207128
108 -25.110455 3.308809
117 -25.319499 4.168853
160 -25.086095 3.208588
110 -25.173665 3.568867
104 -25.434603 4.642412
99 -25.650905 5.532314
103 -25.304933 4.108925
129 -25.242741 3.853055
79 -25.975125 6.866213
112 -25.655620 5.551713
104 -25.105309 3.287637
89 -25.941642 6.728458
111 -25.208769 3.713289
121 -24.859959 2.278224
176 -24.936856 2.594592
95 -25.241921 3.849684
116 -26.294156 8.178763
126 -25.078212 3.176154
127 -25.470088 4.788403
101 -26.338607 8.361640
116 -25.482057 4.837646
118 -25.420104 4.582758
127 -24.712168 1.670187
104 -25.599228 5.319707
127 -25.510866 4.956171
99 -25.325514 4.193601
135 -25.225004 3.780081
118 -25.238204 3.834389
91 -25.247830 3.873992
123 -25.363124 4.348331
115 -26.309548 8.242085
131 -25.667956 5.602467
141 -24.759003 1.862873
141 -25.184603 3.613867
114 -25.338114 4.245438
147 -25.606522 5.349714
164 -25.055120 3.081149
93 -25.957911 6.795390
148 -25.126058 3.373000
133 -25.292152 4.056341
102 -25.140615 3.432893
100 -25.327092 4.200091
112 -25.193852 3.651916
108 -25.239944 3.841551
94 -25.640074 5.487756
100 -25.050277 3.061225
98 -25.325144 4.192077
116 -25.156838 3.499637
94 -25.571418 5.205293
119 -25.124654 3.367226
87 -26.119228 7.459078
81 -25.112497 3.317211
90 -26.096634 7.366121
87 -25.565707 5.181797
96 -25.193112 3.648875
110 -25.439137 4.661065
87 -26.108692 7.415730
113 -24.391595 0.351294
126 -25.276548 3.992143
105 -26.493754 8.999943
100 -25.363432 4.349602
124 -25.212265 3.727672
149 -25.043191 3.032071
89 -25.148369 3.464791
118 -25.122322 3.357632
129 -25.121134 3.352743
129 -25.144756 3.449927
117 -25.307239 4.118414
77 -25.560949 5.162219
124 -25.991191 6.932311
103 -25.329463 4.209845
123 -25.333309 4.225668
103 -25.307256 4.118481
85 -25.626206 5.430698
138 -25.152965 3.483703
110 -25.255114 3.903962
104 -24.953441 2.662825
106 -25.428807 4.618563
155 -25.235051 3.821420
151 -25.018670 2.931190
114 -24.412451 0.437099
104 -25.808630 6.181223
109 -25.282999 4.018685
97 -25.796267 6.130361
113 -25.624298 5.422849
112 -25.227200 3.789118
114 -25.157894 3.503980
108 -25.338251 4.246000
208 -24.726913 1.730849
138 -26.548187 9.223891
123 -26.623412 9.533379
104 -25.556745 5.144925
147 -24.812365 2.082415
105 -26.071762 7.263795
135 -25.130499 3.391274
158 -25.209112 3.714702
84 -26.238978 7.951750
131 -25.315403 4.151999
100 -25.143024 3.442805
96 -26.625090 9.540284
107 -25.236645 3.827977
87 -25.678373 5.645322
117 -25.356716 4.321967
107 -25.397716 4.490649
124 -24.405371 0.407971
89 -25.634027 5.462876
154 -24.820141 2.114406
103 -25.035787 3.001611
91 -26.643793 9.617228
137 -25.160844 3.516117
99 -25.337209 4.241713
137 -26.556504 9.258106
125 -25.104464 3.284158
73 -25.485557 4.852042
103 -25.629874 5.445788
117 -25.493471 4.884605
124 -25.121509 3.354286
85 -25.945089 6.742640
86 -25.806922 6.174194
125 -25.205471 3.699722
138 -25.951204 6.767796
118 -26.222988 7.885963
118 -25.152576 3.482103
95 -26.588109 9.388136
116 -25.626125 5.430366
99 -25.450592 4.708193
137 -25.958298 6.796983
109 -25.257628 3.914304
117 -25.158127 3.504939
106 -25.575202 5.220858
106 -25.766220 6.006742
105 -25.386679 4.445243
126 -25.292835 4.059151
134 -25.115509 3.329601
116 -25.425458 4.604785
159 -25.047723 3.050720
138 -25.291949 4.055508
123 -25.084055 3.200193
113 -25.579692 5.239330
138 -24.823290 2.127363
125 -25.132563 3.399765
152 -25.295134 4.068611
123 -25.882191 6.483867
146 -25.504756 4.931030
145 -24.729362 1.740927
