7 29.093284 3.022385
7 27.771741 7.427532
7 29.086313 3.045623
7 29.119919 2.933603
7 28.558183 4.806057
7 29.888591 0.371363
7 28.229170 5.902766
8 28.225571 5.914764
8 27.977331 6.742229
8 27.622214 7.925954
8 27.935387 6.882045
8 29.008821 3.303929
8 29.522338 1.592208
8 28.381016 5.396613
8 28.855567 3.814778
8 29.870680 0.431066
8 28.055750 6.480834
8 27.137126 9.542913
8 28.707930 4.306900
8 27.180880 9.397067
7 28.385189 5.382704
10 29.554804 1.483985
9 29.178843 2.737189
8 29.127173 2.909423
9 28.289231 5.702563
10 29.638929 1.203570
10 29.729886 0.900380
10 28.769830 4.100567
10 29.883979 0.386737
10 27.883566 7.054780
8 28.143549 6.188169
8 28.952469 3.491770
9 29.682365 1.058783
9 28.667047 4.443178
9 28.704830 4.317232
8 28.368269 5.439103
9 29.390806 2.030647
9 28.677474 4.408420
8 27.324080 8.919732
8 29.195205 2.682650
9 29.214916 2.616947
9 27.897855 7.007151
12 29.346909 2.176971
12 29.770661 0.764462
11 29.190216 2.699281
7 27.717364 7.608787
7 28.947341 3.508865
10 28.591757 4.694145
10 29.596108 1.346306
10 28.409414 5.301954
10 29.941497 0.195010
8 29.357799 2.140671
7 29.091145 3.029515
12 28.661241 4.462532
12 29.380561 2.064796
9 29.247485 2.508383
11 29.358692 2.137693
11 28.196914 6.010288
11 28.269020 5.769934
10 28.396428 5.345239
12 29.711917 0.960278
9 29.179415 2.735282
8 28.210335 5.965550
8 27.841477 7.195075
8 27.624965 7.916784
9 29.050575 3.164750
9 29.834759 0.550805
7 29.798956 0.670148
10 27.617550 7.941499
9 27.951340 6.828867
11 28.076713 6.410958
8 29.431678 1.894407
10 27.387050 8.709834
9 29.158739 2.804202
11 29.669569 1.101436
13 27.971413 6.761955
10 28.863752 3.787493
9 27.845691 7.181031
9 28.766819 4.110605
9 29.182248 2.725841
11 29.030086 3.233047
7 27.612521 7.958263
10 29.647102 1.176327
10 29.052422 3.158592
10 29.913972 0.286759
7 27.381193 8.729355
9 28.998078 3.339739
8 28.649926 4.500246
11 29.932599 0.224668
8 29.483018 1.723274
12 27.333697 8.887677
8 28.641655 4.527817
12 27.347285 8.842383
9 29.811525 0.628249
8 28.555557 4.814810
8 29.255418 2.481941
9 29.634791 1.217364
8 27.883004 7.056653
10 29.097614 3.007954
8 29.798328 0.672239
11 29.680694 1.064353
9 27.410661 8.631129
10 28.936324 3.545586
9 29.796801 0.677329
9 29.277255 2.409151
9 27.983412 6.721959
7 29.187992 2.706692
7 29.627919 1.240268
10 28.305394 5.648688
9 28.679826 4.400581
8 27.472979 8.423404
12 29.621497 1.261678
8 28.407761 5.307463
9 29.689878 1.033740
8 28.531589 4.894704
7 28.504016 4.986614
9 27.316062 8.946460
9 29.850629 0.497903
12 27.178498 9.405006
10 29.408353 1.972157
11 29.919795 0.267350
8 29.262143 2.459522
7 28.492257 5.025809
15 29.909695 0.301016
14 28.212157 5.959477
7 28.282171 5.726097
10 29.270536 2.431547
8 28.854936 3.816881
15 28.074442 6.418528
12 28.486948 5.043506
7 28.571438 4.761873
9 28.834333 3.885555
12 27.639625 7.867916
10 29.520544 1.598186
8 27.661761 7.794129
10 29.868283 0.439056
10 28.280944 5.730188
12 28.859671 3.801096
12 28.368241 5.439196
8 27.012873 9.957089
8 28.340322 5.532261
12 27.405622 8.647926
8 29.709982 0.966726
17 29.678487 1.071711
11 29.844080 0.519734
7 29.673848 1.087173
7 29.033051 3.223164
7 27.237970 9.206766
12 29.949987 0.166711
8 28.599284 4.669053
10 29.634381 1.218730
11 27.293231 9.022564
8 29.804670 0.651100
12 29.260178 2.466072
7 28.001903 6.660325
11 29.750430 0.831899
12 29.695008 1.016641
8 28.903144 3.656187
9 28.006164 6.646118
9 28.395645 5.347850
8 28.698752 4.337494
16 28.969782 3.434059
9 28.126917 6.243610
9 29.068389 3.105369
7 29.910557 0.298145
11 27.321277 8.929075
7 28.344236 5.519215
8 28.579983 4.733389
10 28.446731 5.177564
10 27.651427 7.828578
9 29.861517 0.461610
16 29.117662 2.941125
9 28.124248 6.252508
9 27.595459 8.015137
11 27.054251 9.819162
11 29.702904 0.990320
8 28.332647 5.557844
8 29.516470 1.611767
11 27.268840 9.103866
9 28.215643 5.947856
9 28.921995 3.593350
11 29.924222 0.252594
9 28.279005 5.736650
10 29.608776 1.304079
10 29.205389 2.648702
11 29.916577 0.278075
14 29.828410 0.571967
11 29.844363 0.518790
11 29.861616 0.461281
10 29.655706 1.147648
10 29.854860 0.483800
12 29.593282 1.355728
10 28.141861 6.193796
12 28.182452 6.058492
12 29.857520 0.474934
10 29.777579 0.741404
13 29.341012 2.196626
14 27.812785 7.290716
failed to find solution after reaching max emtpy limit -- 19 iterations and 11 function evals
failed to find solution after reaching max emtpy limit -- 17 iterations and 11 function evals
