18 -6.584463 9.741049
20 -6.530287 8.838118
22 -6.441086 7.351436
24 -6.576469 9.607822
26 -6.543961 9.066013
29 -6.558956 9.315931
30 -6.516678 8.611298
30 -6.583252 9.720869
31 -6.558355 9.305916
36 -6.541999 9.033315
24 -6.440305 7.338421
41 -6.560672 9.344537
52 -6.542028 9.033794
43 -6.590581 9.843022
53 -6.566331 9.438849
56 -6.577935 9.632246
58 -6.590816 9.846925
60 -6.221056 3.684273
61 -6.595546 9.925766
42 -6.565349 9.422491
64 -6.583067 9.717790
64 -6.584830 9.747163
65 -6.587700 9.795001
66 -6.567023 9.450391
68 -6.577873 9.631211
52 -6.581561 9.692682
70 -6.571364 9.522738
71 -6.562225 9.370418
71 -6.591261 9.854358
71 -6.583330 9.722159
72 -6.573465 9.557748
72 -6.582745 9.712422
20 -6.378940 6.315672
43 -6.566436 9.440604
73 -6.595993 9.933223
74 -6.557932 9.298860
76 -6.566462 9.441030
22 -6.589838 9.830632
17 -6.516767 8.612786
67 -6.573504 9.558401
79 -6.561629 9.360480
80 -6.576294 9.604894
18 -6.576083 9.601391
82 -6.592193 9.869886
35 -6.530020 8.833661
18 -6.497401 8.290017
17 -6.467434 7.790573
55 -6.523017 8.716955
48 -6.576773 9.612884
91 -6.536159 8.935990
91 -6.594149 9.902477
22 -6.298587 4.976444
95 -6.589853 9.830880
96 -6.558769 9.312813
40 -6.594728 9.912134
95 -6.572650 9.544173
24 -6.538861 8.981010
23 -6.261303 4.355043
98 -6.587378 9.789631
37 -6.530731 8.845517
100 -6.582139 9.702313
38 -6.428631 7.143845
100 -6.583851 9.730851
26 -6.560840 9.347334
101 -6.575131 9.585525
40 -6.568508 9.475127
103 -6.588238 9.803964
82 -6.560173 9.336216
17 -6.504165 8.402756
104 -6.576062 9.601034
106 -6.598751 9.979191
18 -6.398239 6.637317
28 -6.501367 8.356118
38 -6.565577 9.426285
109 -6.589887 9.831455
22 -6.560366 9.339435
58 -6.562532 9.375529
91 -6.599646 9.994102
19 -6.459919 7.665311
25 -6.574357 9.572623
30 -6.580372 9.672868
115 -6.556790 9.279826
48 -6.535640 8.927340
28 -6.410666 6.844440
67 -6.586408 9.773463
19 -6.583812 9.730196
62 -6.581747 9.695784
35 -6.585239 9.753984
31 -6.460033 7.667214
91 -6.585997 9.766613
104 -6.569782 9.496362
16 -6.403082 6.718041
37 -6.396141 6.602353
17 -6.164646 2.744096
64 -6.479893 7.998214
60 -6.582783 9.713045
77 -6.506588 8.443125
29 -6.524350 8.739162
76 -6.572350 9.539171
32 -6.506285 8.438085
80 -6.576085 9.601411
115 -6.598629 9.977144
26 -6.583697 9.728290
31 -6.423702 7.061705
100 -6.576613 9.610223
36 -6.331637 5.527289
54 -6.583857 9.730953
88 -6.594706 9.911760
106 -6.575275 9.587922
26 -6.563543 9.392382
59 -6.447852 7.464206
35 -6.573393 9.556547
59 -6.554208 9.236802
52 -6.562946 9.382425
19 -6.553752 9.229196
40 -6.422242 7.037371
25 -6.443188 7.386466
100 -6.551378 9.189627
47 -6.586098 9.768292
103 -6.599091 9.984857
89 -6.450261 7.504346
18 -6.598498 9.974970
56 -6.573789 9.563157
48 -6.547982 9.133031
92 -6.588533 9.808880
101 -6.571370 9.522825
60 -6.572110 9.535163
45 -6.599927 9.998783
127 -6.571478 9.524633
85 -6.590981 9.849678
17 -6.336647 5.610778
31 -6.583644 9.727398
94 -6.580616 9.676929
95 -6.579050 9.650837
23 -6.284039 4.733979
41 -6.501154 8.352563
25 -6.516621 8.610349
36 -6.450664 7.511072
35 -6.567774 9.462897
24 -6.499883 8.331390
77 -6.566205 9.436749
47 -6.585759 9.762657
82 -6.567577 9.459625
66 -6.550869 9.181157
22 -6.593109 9.885153
25 -6.570475 9.507923
53 -6.576523 9.608721
31 -6.516268 8.604467
121 -6.586596 9.776599
70 -6.581007 9.683450
110 -6.584724 9.745405
95 -6.313453 5.224219
29 -6.569250 9.487504
101 -6.590273 9.837888
65 -6.594487 9.908113
55 -6.594616 9.910271
86 -6.567669 9.461147
20 -6.496299 8.271650
101 -6.592573 9.876214
114 -6.582909 9.715158
112 -6.577306 9.621759
22 -6.471173 7.852892
48 -6.590032 9.833861
83 -6.501745 8.362418
106 -6.599330 9.988830
54 -6.571826 9.530434
36 -6.457727 7.628779
98 -6.590687 9.844780
29 -6.425639 7.093978
51 -6.570267 9.504454
70 -6.567616 9.460261
42 -6.568875 9.481258
114 -6.577459 9.624324
48 -6.569201 9.486688
34 -6.414209 6.903476
131 -6.546997 9.116616
59 -6.476564 7.942728
115 -6.592747 9.879111
116 -6.513686 8.561430
37 -6.571076 9.517926
44 -6.577381 9.623017
96 -6.573609 9.560144
59 -6.586829 9.780480
76 -6.582592 9.709859
89 -6.576411 9.606853
88 -6.573299 9.554976
101 -6.575658 9.594308
89 -6.597219 9.953658
120 -6.591226 9.853775
92 -6.599843 9.997378
95 -6.529027 8.817118
85 -6.571647 9.527443
107 -6.554601 9.243357
104 -6.576182 9.603025
104 -6.583002 9.716706
103 -6.597482 9.958040
103 -6.587296 9.788269
115 -6.577933 9.632213
118 -6.573033 9.550551
126 -6.594333 9.905553
