22 -3.400158 8.430011
26 -3.217115 2.592835
26 -3.313980 5.681816
26 -3.313980 5.681816
27 -3.178416 1.358733
27 -3.215594 2.544304
27 -3.338315 6.457844
27 -3.365355 7.320147
28 -3.356108 7.025262
28 -3.441872 9.760264
28 -3.380044 7.788583
28 -3.151210 0.491146
29 -3.206275 2.247140
29 -3.163111 0.870635
29 -3.304370 5.375356
29 -3.422353 9.137808
29 -3.262994 4.055897
29 -3.157346 0.686820
29 -3.154504 0.596172
29 -3.313980 5.681816
30 -3.313980 5.681816
32 -3.313980 5.681816
32 -3.345994 6.702746
32 -3.327754 6.121068
33 -3.313980 5.681816
34 -3.381352 7.830293
34 -3.153910 0.577235
25 -3.313980 5.681816
34 -3.313980 5.681815
35 -3.313980 5.681816
35 -3.155048 0.613534
35 -3.382663 7.872101
25 -3.148364 0.400365
33 -3.313980 5.681816
37 -3.191619 1.779751
27 -3.313980 5.681816
29 -3.313980 5.681816
37 -3.300846 5.262980
36 -3.302678 5.321385
27 -3.203789 2.167870
38 -3.281986 4.661536
39 -3.157956 0.706251
38 -3.313980 5.681816
31 -3.349988 6.830113
40 -3.313980 5.681816
25 -3.151678 0.506041
25 -3.184345 1.547782
31 -3.313980 5.681816
26 -3.432542 9.462731
35 -3.313980 5.681816
28 -3.393200 8.208128
29 -3.332585 6.275113
25 -3.337852 6.443095
42 -3.313980 5.681816
45 -3.313980 5.681816
47 -3.313980 5.681816
35 -3.158460 0.722326
34 -3.313980 5.681816
27 -3.321365 5.917337
33 -3.312995 5.650396
36 -3.384677 7.936336
37 -3.202924 2.140289
37 -3.392442 8.183932
34 -3.172599 1.173211
37 -3.353773 6.950805
51 -3.312648 5.639351
39 -3.313980 5.681816
26 -3.313980 5.681816
42 -3.311171 5.592251
36 -3.271326 4.321597
31 -3.313980 5.681816
49 -3.313980 5.681818
42 -3.275348 4.449839
30 -3.230217 3.010635
44 -3.434684 9.531020
52 -3.313980 5.681816
55 -3.313980 5.681816
29 -3.230824 3.029981
35 -3.313980 5.681816
40 -3.278146 4.539067
26 -3.313980 5.681816
26 -3.313980 5.681816
29 -3.436087 9.575767
32 -3.233399 3.112103
28 -3.313980 5.681816
26 -3.322194 5.943770
34 -3.323776 5.994208
27 -3.313980 5.681816
26 -3.162034 0.836290
26 -3.313980 5.681816
30 -3.376784 7.684620
39 -3.199240 2.022802
35 -3.372598 7.551113
57 -3.345902 6.699797
41 -3.218420 2.634435
43 -3.313980 5.681816
25 -3.313980 5.681816
61 -3.205348 2.217580
40 -3.240211 3.329340
36 -3.349551 6.816178
28 -3.259136 3.932868
37 -3.313980 5.681816
39 -3.419913 9.059976
45 -3.337497 6.431775
50 -3.448165 9.960925
31 -3.434131 9.513394
40 -3.313980 5.681821
24 -3.197103 1.954648
28 -3.359381 7.129647
26 -3.286895 4.818091
30 -3.173910 1.215026
25 -3.429716 9.372598
31 -3.313980 5.681816
29 -3.313980 5.681816
38 -3.225202 2.850700
44 -3.201700 2.101230
27 -3.278760 4.558665
44 -3.334063 6.322254
41 -3.313980 5.681816
40 -3.313980 5.681816
34 -3.410241 8.751547
34 -3.267461 4.198344
35 -3.281139 4.634540
34 -3.230187 3.009676
30 -3.313980 5.681816
39 -3.313980 5.681816
40 -3.313980 5.681816
31 -3.313980 5.681816
25 -3.297872 5.168152
22 -3.313980 5.681816
35 -3.313980 5.681816
38 -3.313980 5.681816
64 -3.345293 6.680388
61 -3.276646 4.491239
25 -3.283346 4.704900
28 -3.359726 7.140629
54 -3.313980 5.681816
28 -3.313980 5.681816
35 -3.313980 5.681816
42 -3.398442 8.375268
29 -3.313980 5.681816
33 -3.313980 5.681816
31 -3.415647 8.923944
33 -3.290532 4.934075
33 -3.222623 2.768463
31 -3.313980 5.681816
24 -3.417073 8.969415
31 -3.313980 5.681816
31 -3.150822 0.478770
24 -3.239762 3.315016
31 -3.323673 5.990936
29 -3.313980 5.681816
37 -3.420036 9.063902
38 -3.313980 5.681816
25 -3.313980 5.681816
32 -3.296057 5.110253
28 -3.195491 1.903249
35 -3.313980 5.681816
34 -3.313980 5.681816
27 -3.237846 3.253926
36 -3.313980 5.681816
31 -3.301074 5.270261
29 -3.165628 0.950906
25 -3.426376 9.266105
45 -3.437564 9.622861
46 -3.218842 2.647897
41 -3.313980 5.681816
44 -3.386394 7.991063
50 -3.318259 5.818265
30 -3.368164 7.409724
38 -3.411153 8.780637
37 -3.313980 5.681816
31 -3.381931 7.848765
32 -3.313980 5.681816
29 -3.356938 7.051742
47 -3.300628 5.256023
39 -3.171076 1.124637
25 -3.313980 5.681816
27 -3.313980 5.681816
39 -3.359972 7.148502
36 -3.313980 5.681816
39 -3.443168 9.801589
28 -3.313980 5.681816
32 -3.293041 5.014090
32 -3.313980 5.681816
31 -3.192076 1.794343
33 -3.217772 2.613773
31 -3.436475 9.588139
36 -3.313980 5.681816
38 -3.313980 5.681816
35 -3.398148 8.365912
37 -3.273038 4.376195
43 -3.384419 7.928091
47 -3.313980 5.681816
44 -3.263431 4.069811
40 -3.204209 2.181262
56 -3.430916 9.410855
56 -3.190376 1.740110
58 -3.227727 2.931232
50 -3.337800 6.441443
