11 -1.056750 5.674989
12 -1.075155 7.515481
12 -1.064060 6.405982
12 -1.083390 8.338951
12 -1.096511 9.651104
12 -1.073524 7.352408
12 -1.076355 7.635465
12 -1.055962 5.596236
12 -1.097639 9.763933
12 -1.086705 8.670533
13 -1.058741 5.874068
13 -1.067862 6.786169
13 -1.053031 5.303143
13 -1.093300 9.329966
15 -1.056633 5.663316
15 -1.030284 3.028417
15 -1.067697 6.769686
15 -1.088958 8.895843
16 -1.065570 6.556975
16 -1.076987 7.698674
16 -1.088992 8.899209
16 -1.059969 5.996930
16 -1.083895 8.389464
16 -1.048302 4.830165
16 -1.040610 4.060976
17 -1.074202 7.420233
17 -1.059204 5.920438
17 -1.063566 6.356587
17 -1.061279 6.127904
17 -1.052635 5.263496
12 -1.090651 9.065093
11 -1.085388 8.538817
19 -1.039814 3.981357
13 -1.096248 9.624791
13 -1.077384 7.738371
8 -1.087638 8.763820
20 -1.041460 4.146018
20 -1.062625 6.262509
12 -1.093407 9.340696
20 -1.041471 4.147131
20 -1.094984 9.498407
15 -1.088189 8.818862
20 -1.083561 8.356149
11 -1.060161 6.016137
21 -1.024601 2.460056
15 -1.054465 5.446520
21 -1.085412 8.541153
13 -1.094401 9.440116
23 -1.085453 8.545280
23 -1.062645 6.264506
17 -1.089543 8.954255
13 -1.052157 5.215737
24 -1.054011 5.401091
24 -1.082552 8.255157
24 -1.092192 9.219177
12 -1.076244 7.624446
19 -1.064098 6.409824
16 -1.062690 6.269027
19 -1.083126 8.312555
16 -1.058935 5.893516
12 -1.082557 8.255688
12 -1.092070 9.207044
12 -1.079375 7.937468
19 -1.063861 6.386133
20 -1.058570 5.856979
16 -1.080421 8.042083
27 -1.066544 6.654405
27 -1.043261 4.326090
17 -1.078893 7.889311
12 -1.065857 6.585675
13 -1.078943 7.894336
28 -1.024807 2.480716
23 -1.052642 5.264213
29 -1.061002 6.100153
21 -1.066180 6.618011
16 -1.058865 5.886514
20 -1.043256 4.325624
11 -1.058342 5.834195
13 -1.079270 7.926972
12 -1.094991 9.499051
20 -1.097503 9.750342
11 -1.038835 3.883451
16 -1.052905 5.290535
20 -1.036925 3.692496
31 -1.059085 5.908484
17 -1.060310 6.031016
15 -1.082642 8.264236
20 -1.059059 5.905914
21 -1.072357 7.235726
11 -1.084693 8.469290
13 -1.088606 8.860566
23 -1.092701 9.270130
12 -1.070267 7.026664
12 -1.083466 8.346611
19 -1.060255 6.025484
20 -1.094220 9.421996
16 -1.093831 9.383059
17 -1.043470 4.346961
15 -1.094538 9.453808
23 -1.049823 4.982346
23 -1.089206 8.920588
13 -1.093486 9.348606
16 -1.088512 8.851207
16 -1.092991 9.299146
21 -1.052543 5.254319
17 -1.089510 8.950997
13 -1.068609 6.860871
12 -1.094241 9.424088
20 -1.070930 7.093013
13 -1.069035 6.903461
24 -1.026849 2.684927
24 -1.074796 7.479606
27 -1.052209 5.220924
12 -1.085996 8.599596
25 -1.094136 9.413605
20 -1.060692 6.069224
16 -1.046921 4.692067
16 -1.088169 8.816884
16 -1.077152 7.715177
13 -1.060459 6.045882
16 -1.087201 8.720095
15 -1.080671 8.067096
19 -1.066337 6.633723
24 -1.090108 9.010758
31 -1.054778 5.477799
19 -1.060964 6.096380
17 -1.061411 6.141116
21 -1.054860 5.485991
27 -1.065431 6.543061
21 -1.083325 8.332546
16 -1.076222 7.622201
15 -1.084016 8.401640
11 -1.067300 6.730039
13 -1.082393 8.239281
20 -1.059071 5.907100
12 -1.078487 7.848733
13 -1.064445 6.444454
9 -1.092483 9.248252
25 -1.051794 5.179446
21 -1.081809 8.180874
13 -1.043733 4.373301
15 -1.049064 4.906402
20 -1.092518 9.251818
25 -1.052175 5.217492
23 -1.049533 4.953277
7 -1.088238 8.823816
12 -1.080387 8.038734
17 -1.055570 5.556978
16 -1.062789 6.278897
12 -1.094392 9.439188
31 -1.068746 6.874576
20 -1.069485 6.948510
21 -1.072416 7.241631
19 -1.089817 8.981718
26 -1.059805 5.980528
23 -1.044328 4.432844
24 -1.047915 4.791452
20 -1.034493 3.449289
12 -1.042112 4.211232
19 -1.033201 3.320148
24 -1.056405 5.640469
23 -1.045370 4.536980
21 -1.077607 7.760735
16 -1.093912 9.391183
15 -1.061351 6.135067
17 -1.072659 7.265942
16 -1.064720 6.472043
9 -1.072209 7.220905
19 -1.081656 8.165573
13 -1.091650 9.164970
29 -1.092235 9.223462
24 -1.079385 7.938458
20 -1.051437 5.143676
24 -1.042062 4.206245
16 -1.061969 6.196866
13 -1.058110 5.811015
17 -1.057163 5.716343
19 -1.063920 6.391984
17 -1.088488 8.848817
23 -1.051092 5.109185
20 -1.092083 9.208298
15 -1.086806 8.680630
27 -1.050862 5.086185
20 -1.044105 4.410458
17 -1.055978 5.597825
21 -1.085113 8.511337
19 -1.086326 8.632584
21 -1.072405 7.240451
15 -1.091302 9.130217
21 -1.073645 7.364491
28 -1.076868 7.686825
20 -1.034766 3.476606
24 -1.052194 5.219446
17 -1.049603 4.960345
33 -1.067143 6.714340
23 -1.082099 8.209945
19 -1.041358 4.135801
21 -1.054691 5.469074
21 -1.054537 5.453720
27 -1.091050 9.105004
