7 97.253741 2.707342
7 95.890487 4.071141
7 96.233734 3.727757
7 92.219334 7.743763
7 92.063420 7.899740
7 92.907987 7.054835
7 96.583418 3.377933
7 95.953165 4.008438
7 97.922591 2.038224
7 97.308638 2.652423
7 92.028112 7.935062
7 93.529378 6.433196
7 95.319463 4.642394
7 96.862726 3.098514
7 94.837922 5.124127
7 91.933253 8.029959
7 96.197098 3.764407
7 92.292405 7.670663
7 99.437235 0.522974
7 96.080057 3.881496
8 92.062255 7.900905
8 93.167565 6.795153
8 92.119396 7.843742
8 98.858568 1.101873
8 97.499517 2.461468
8 99.024460 0.935915
8 91.343455 8.619993
8 98.646984 1.313542
7 92.705931 7.256972
7 99.687825 0.272284
7 98.444390 1.516216
7 94.069405 5.892952
7 98.043260 1.917507
7 98.515612 1.444966
7 97.428719 2.532294
9 91.931183 8.032030
9 93.290770 6.671898
9 92.775636 7.187239
9 92.617589 7.345349
9 98.188722 1.771987
9 93.944505 6.017902
7 94.296794 5.665472
7 92.449372 7.513634
7 94.068803 5.893554
8 91.965916 7.997283
7 90.796016 9.167651
7 97.618705 2.342232
7 92.093599 7.869549
7 90.013612 9.950368
10 91.763453 8.199827
7 91.540197 8.423172
7 95.881417 4.080215
8 90.800302 9.163363
7 93.320300 6.642357
7 95.482526 4.479266
9 91.998994 7.964192
9 99.592441 0.367706
7 91.154066 8.809458
8 96.248398 3.713088
7 95.428858 4.532955
7 97.950808 2.009996
7 92.154143 7.808981
8 98.932612 1.027799
8 94.986172 4.975818
7 93.797958 6.164507
7 91.465300 8.498100
9 91.066618 8.896941
7 92.064891 7.898268
7 94.546928 5.415238
10 91.745611 8.217676
10 94.697765 5.264340
10 94.705669 5.256434
10 94.621717 5.340420
10 90.870096 9.093542
7 91.474090 8.489306
7 98.639713 1.320815
7 90.639790 9.323940
12 89.995231 9.968756
8 91.747518 8.215769
9 98.669115 1.291401
10 91.006442 8.957141
7 90.716920 9.246779
8 95.350302 4.611542
7 97.820648 2.140208
7 94.693271 5.268837
7 97.360532 2.600508
8 97.280911 2.680161
7 90.803322 9.160342
8 90.157217 9.806706
7 94.277045 5.685229
7 89.981247 9.982746
8 90.643573 9.320155
11 98.776965 1.183509
9 92.771233 7.191644
11 97.902606 2.058217
9 91.543477 8.419891
7 96.782221 3.179050
7 97.725358 2.235536
9 98.283508 1.677162
7 90.725550 9.238146
9 90.358574 9.605268
10 91.434792 8.528620
7 92.567914 7.395044
10 91.317736 8.645722
8 90.405211 9.558613
10 93.310750 6.651911
7 97.309785 2.651276
7 92.753808 7.209076
8 97.464259 2.496739
16 89.998959 9.965027
16 90.077549 9.886406
11 90.509399 9.454383
8 92.379921 7.583112
10 98.565218 1.395340
7 91.543632 8.419736
15 90.746624 9.217062
7 97.055552 2.905610
9 95.315252 4.646607
7 93.917921 6.044496
12 90.072315 9.891642
17 90.477058 9.486737
7 99.454268 0.505935
10 96.670390 3.290926
14 90.159810 9.804111
7 90.126922 9.837012
8 96.097939 3.863607
7 91.626368 8.336967
8 90.596546 9.367201
7 97.145824 2.815302
7 98.709099 1.251401
9 90.407977 9.555845
8 92.704532 7.258372
19 90.078085 9.885870
8 99.009391 0.950989
8 95.920457 4.041160
7 98.475133 1.485461
11 92.757338 7.205545
7 96.326460 3.634994
7 90.512050 9.451730
9 91.465609 8.497791
7 95.401568 4.560256
10 91.265529 8.697951
7 98.466630 1.493968
7 93.156842 6.805880
7 99.258700 0.701580
10 94.184986 5.777325
12 93.317021 6.645637
7 92.465540 7.497459
16 90.411406 9.552415
8 96.463520 3.497880
12 90.091081 9.872869
8 98.597619 1.362926
9 91.463533 8.499867
12 92.510583 7.452398
7 94.637376 5.324754
9 90.048078 9.915888
20 90.054555 9.909408
7 99.229475 0.730818
8 91.640263 8.323066
9 94.415859 5.546360
13 93.468680 6.493917
15 90.131538 9.832395
8 93.148136 6.814590
20 90.009974 9.954008
10 98.586745 1.373804
14 90.528047 9.435727
11 96.530810 3.430562
26 90.020452 9.943525
15 90.106725 9.857218
26 90.310086 9.653775
15 90.152810 9.811114
15 90.054608 9.909356
20 90.003621 9.960363
24 90.122955 9.840982
25 89.989332 9.974657
33 90.977336 8.986259
27 89.987557 9.976434
30 90.012706 9.951274
35 90.017384 9.946595
35 90.248443 9.715443
30 89.967416 9.996583
33 90.164357 9.799563
36 89.974392 9.989604
31 90.264875 9.699005
45 90.084479 9.879473
49 89.983794 9.980199
39 89.965680 9.998319
43 89.992491 9.971497
60 90.006814 9.957169
47 90.017167 9.946811
65 90.024503 9.939473
76 90.003127 9.960858
68 89.977695 9.986300
93 89.997796 9.966190
93 89.996275 9.967712
119 90.028736 9.935238
116 90.030863 9.933110
161 89.977774 9.986221
163 89.985678 9.978313
209 89.978547 9.985447
