10 -6676.663060 5.981429
10 -6887.870726 9.334016
10 -6826.902315 8.366239
15 -6803.503422 7.994819
16 -6401.950188 1.620799
17 -6551.323734 3.991867
18 -6914.203879 9.752013
21 -6568.169858 4.259272
33 -6878.092113 9.178796
10 -6824.617343 8.329969
38 -6494.260161 3.086073
40 -6919.616514 9.837930
41 -6914.223627 9.752326
48 -6658.422107 5.691883
55 -6825.089138 8.337458
58 -6547.675059 3.933950
10 -6816.682165 8.204011
60 -6388.203254 1.402588
63 -6715.136525 6.592135
16 -6586.452396 4.549478
65 -6642.497927 5.439112
68 -6560.005921 4.129683
71 -6487.409533 2.977330
82 -6584.923490 4.525209
84 -6671.049551 5.892324
96 -6914.543245 9.757400
98 -6697.941878 6.319197
11 -6624.350277 5.151047
95 -6700.179608 6.354717
17 -6787.483526 7.740528
107 -6617.065860 5.035419
110 -6682.443853 6.073190
66 -6756.040901 7.241427
117 -6627.724522 5.204608
118 -6611.903493 4.953474
95 -6896.102220 9.464678
133 -6856.386967 8.834261
105 -6383.789146 1.332521
139 -6649.120492 5.544235
61 -6723.008126 6.717084
150 -6888.575799 9.345208
154 -6797.071544 7.892723
39 -6812.778908 8.142053
43 -6786.004237 7.717047
109 -6667.085224 5.829397
105 -6599.292677 4.753297
10 -6575.614739 4.377448
181 -6767.533222 7.423849
183 -6504.750450 3.252590
13 -6912.983732 9.732645
196 -6540.563815 3.821070
43 -6700.561061 6.360772
208 -6869.275641 9.038848
203 -6813.150968 8.147958
210 -6490.832024 3.031657
69 -6710.767017 6.522776
212 -6474.732511 2.776102
45 -6604.522422 4.836311
124 -6695.998588 6.288350
229 -6833.527986 8.471411
229 -6676.251418 5.974895
84 -6821.009294 8.272697
10 -6653.214238 5.609217
234 -6724.590439 6.742201
85 -6752.034911 7.177838
234 -6817.100086 8.210644
196 -6474.899680 2.778756
244 -6919.485697 9.835853
194 -6534.702907 3.728037
217 -6764.108598 7.369489
228 -6597.903492 4.731246
123 -6428.850859 2.047804
10 -6760.201654 7.307472
57 -6610.381827 4.929320
11 -6682.684514 6.077011
113 -6500.650995 3.187517
44 -6863.998066 8.955075
24 -6766.701172 7.410642
39 -6702.779467 6.395986
174 -6516.964968 3.446476
227 -6779.993694 7.621639
66 -6840.357000 8.579811
214 -6919.491117 9.835939
46 -6405.136619 1.671378
112 -6428.802135 2.047031
11 -6906.096453 9.623320
10 -6658.407011 5.691644
57 -6881.989504 9.240661
289 -6728.662422 6.806837
288 -6877.665372 9.172022
290 -6911.038197 9.701763
199 -6703.751895 6.411422
210 -6888.273388 9.340408
36 -6739.496255 6.978807
33 -6834.408202 8.485383
32 -6819.545941 8.249468
307 -6654.211758 5.625051
149 -6848.069960 8.702242
117 -6546.911261 3.921826
10 -6684.270009 6.102178
258 -6845.541861 8.662112
10 -6864.830891 8.968295
186 -6811.125783 8.115812
10 -6532.565610 3.694111
130 -6834.032599 8.479421
31 -6406.507328 1.693136
27 -6808.876625 8.080110
82 -6867.216909 9.006169
61 -6735.379145 6.913454
79 -6459.919803 2.540974
66 -6853.700712 8.791621
41 -6687.535268 6.154009
165 -6708.380874 6.484899
44 -6682.072642 6.067298
163 -6538.172071 3.783105
10 -6378.334776 1.245941
12 -6920.023910 9.844397
124 -6651.555343 5.582884
177 -6819.083486 8.242128
154 -6888.693777 9.347081
101 -6914.041113 9.749429
90 -6667.507016 5.836092
82 -6892.390887 9.405766
13 -6812.082088 8.130992
371 -6843.988499 8.637455
167 -6527.494300 3.613612
371 -6787.680740 7.743659
81 -6384.761759 1.347960
164 -6591.950390 4.636750
382 -6567.036429 4.241281
10 -6690.381947 6.199195
49 -6800.039418 7.939833
302 -6849.803069 8.729752
300 -6878.397427 9.183642
358 -6596.099278 4.702607
239 -6762.857100 7.349623
313 -6681.143529 6.052550
76 -6795.367182 7.865669
68 -6920.258840 9.848126
167 -6893.127513 9.417459
86 -6575.367513 4.373523
203 -6656.349735 5.658988
142 -6696.201424 6.291570
80 -6635.764226 5.332225
96 -6924.541843 9.916112
212 -6805.149336 8.020945
130 -6768.663738 7.441794
102 -6697.085556 6.305604
291 -6695.703729 6.283670
49 -6707.368704 6.468833
370 -6768.864519 7.444981
11 -6834.847786 8.492361
21 -6570.995826 4.304130
195 -6838.696118 8.553447
259 -6678.919640 6.017249
135 -6498.157085 3.147930
206 -6813.060677 8.146525
449 -6561.694005 4.156478
67 -6874.321156 9.118938
62 -6819.269829 8.245086
79 -6544.183145 3.878521
142 -6687.469627 6.152967
151 -6663.212779 5.767928
236 -6919.427748 9.834934
214 -6720.150133 6.671718
110 -6491.330688 3.039572
217 -6537.633683 3.774559
126 -6824.301220 8.324951
182 -6498.817358 3.158411
202 -6785.471453 7.708590
84 -6369.000095 1.097768
196 -6827.699202 8.378889
153 -6600.130249 4.766593
352 -6322.293905 0.356382
206 -6651.075107 5.575261
114 -6852.560751 8.773526
540 -6488.263095 2.990879
164 -6927.276028 9.959513
247 -6538.169829 3.783069
371 -6779.230122 7.609519
357 -6686.232395 6.133327
189 -6789.703824 7.775772
401 -6863.583802 8.948500
421 -6747.090739 7.099357
308 -6926.394262 9.945516
371 -6785.227471 7.704717
616 -6844.007362 8.637755
328 -6899.573139 9.519773
362 -6859.903826 8.890086
408 -6517.190459 3.450055
410 -6853.298942 8.785244
448 -6484.454020 2.930416
425 -6854.105767 8.798051
523 -6320.829682 0.333139
483 -6782.895294 7.667698
484 -6696.700289 6.299489
493 -6882.884867 9.254873
758 -6851.237155 8.752516
538 -6782.821555 7.666527
821 -6895.555954 9.456007
