21 6920.457849 0.594040
22 6632.089126 4.736189
29 6490.961915 6.763351
37 6945.629801 0.232468
39 6817.940387 2.066608
33 6956.937278 0.070047
34 6958.762580 0.043828
46 6927.092489 0.498740
40 6938.940802 0.328550
37 6891.425933 1.011057
49 6941.332833 0.294190
46 6763.199594 2.852909
41 6953.080499 0.125446
49 6618.109766 4.936990
54 6830.147446 1.891265
50 6948.203509 0.195499
51 6870.635593 1.309691
56 6951.322478 0.150698
61 6951.821251 0.143534
64 6283.790081 9.739182
49 6842.730147 1.710526
64 6759.032551 2.912765
64 6926.187588 0.511738
68 6816.279529 2.090465
70 6950.987867 0.155505
62 6947.228515 0.209504
72 6926.421714 0.508375
63 6944.170469 0.253430
83 6405.751738 7.987316
47 6954.209152 0.109234
64 6828.830299 1.910185
39 6938.232744 0.338720
49 6948.459086 0.191828
38 6958.856020 0.042486
52 6925.477142 0.521943
59 6952.822192 0.129156
67 6959.743409 0.029739
22 6347.849783 8.819024
80 6943.320792 0.265635
90 6956.034563 0.083014
68 6754.680016 2.975285
80 6955.520115 0.090403
100 6299.728820 9.510237
91 6950.892789 0.156870
80 6956.955645 0.069783
73 6957.820495 0.057360
71 6958.854785 0.042504
80 6858.338616 1.486325
39 6959.634802 0.031299
114 6918.216490 0.626235
89 6929.297383 0.467068
80 6936.375590 0.365396
87 6947.897340 0.199897
30 6955.186638 0.095193
45 6958.445205 0.048387
56 6921.765521 0.575257
54 6873.351684 1.270676
65 6944.373073 0.250520
61 6933.406922 0.408039
58 6928.605870 0.477001
54 6944.466562 0.249177
66 6845.278474 1.673922
56 6921.407832 0.580394
50 6908.103377 0.771501
67 6454.240779 7.290816
49 6807.032923 2.223284
79 6908.846523 0.760826
40 6876.242069 1.229159
89 6900.516669 0.880477
88 6930.748946 0.446218
106 6877.949592 1.204632
36 6932.173769 0.425752
84 6904.591964 0.821939
107 6940.964645 0.299479
107 6921.980654 0.572166
177 6937.002209 0.356396
79 6799.780073 2.327464
73 6891.821005 1.005382
79 6910.298056 0.739976
90 6607.213632 5.093503
112 6893.809968 0.976812
96 6537.049406 6.101347
47 6948.908400 0.185374
45 6309.313962 9.372555
25 6934.344491 0.394571
77 6510.524053 6.482359
43 6889.494557 1.038799
64 6825.350149 1.960174
41 6518.984541 6.360832
42 6925.671812 0.519146
32 6889.230015 1.042599
60 6953.885527 0.113882
42 6393.227996 8.167208
59 6904.000875 0.830429
45 6831.420433 1.872980
98 6901.358604 0.868383
68 6683.030745 4.004460
180 6951.789051 0.143996
135 6805.485888 2.245506
75 6932.038515 0.427695
106 6949.116296 0.182388
47 6948.893243 0.185592
50 6918.972147 0.615381
116 6943.117468 0.268556
88 6864.481166 1.398093
75 6931.242384 0.439130
99 6912.066838 0.714569
80 6947.794238 0.201378
38 6953.073414 0.125548
98 6941.352276 0.293911
75 6958.534679 0.047102
71 6878.937133 1.190447
59 6941.612664 0.290171
94 6906.444107 0.795334
55 6874.401348 1.255599
57 6955.348906 0.092862
89 6834.141582 1.833893
62 6905.847121 0.803910
66 6482.141890 6.890042
109 6753.508780 2.992109
115 6855.146394 1.532179
77 6955.123131 0.096105
49 6821.890140 2.009874
50 6846.073332 1.662505
78 6907.759202 0.776444
37 6933.311042 0.409416
68 6946.943745 0.213595
102 6933.153434 0.411680
49 6955.142161 0.095832
48 6823.524410 1.986399
63 6940.946557 0.299739
129 6953.219139 0.123454
87 6493.901974 6.721120
90 6910.230868 0.740941
73 6899.716845 0.891965
47 6954.193248 0.109462
69 6641.204936 4.605249
50 6346.979579 8.831524
57 6821.915381 2.009511
79 6911.256976 0.726202
62 6958.612255 0.045987
64 6949.457405 0.177488
58 6929.617031 0.462477
63 6945.290855 0.237337
194 6958.101533 0.053323
54 6930.795473 0.445550
50 6937.821698 0.344624
33 6952.494446 0.133864
259 6726.315773 3.382711
59 6722.238008 3.441284
44 6945.867570 0.229053
49 6906.159300 0.799425
36 6933.482206 0.406957
74 6949.675830 0.174351
186 6922.350730 0.566851
116 6876.009909 1.232493
85 6931.590317 0.434132
92 6462.239998 7.175915
55 6919.887592 0.602231
51 6911.624618 0.720921
55 6912.968016 0.701625
128 6912.867891 0.703063
59 6936.170762 0.368339
168 6913.065517 0.700224
38 6956.769887 0.072451
55 6940.083247 0.312139
36 6915.022250 0.672117
127 6932.707208 0.418089
70 6957.677726 0.059411
96 6935.788371 0.373831
65 6318.352393 9.242727
52 6947.237733 0.209372
77 6750.427401 3.036370
34 6939.731465 0.317192
63 6433.933498 7.582511
56 6387.549171 8.248779
53 6683.409074 3.999026
54 6804.632628 2.257762
50 6950.645097 0.160428
108 6735.549085 3.250083
117 6937.496124 0.349301
147 6882.533498 1.138788
57 6958.202069 0.051879
65 6905.731429 0.805571
88 6837.302796 1.788485
55 6949.963002 0.170226
77 6935.539614 0.377404
99 6945.395767 0.235830
93 6410.035374 7.925786
90 6950.263358 0.165912
65 6960.836439 0.014039
107 6941.173020 0.296486
140 6939.864226 0.315285
90 6951.334187 0.150530
119 6877.392221 1.212638
73 6933.061433 0.413001
152 6885.738200 1.092756
145 6739.075911 3.199423
139 6953.639088 0.117422
196 6840.368076 1.744455
