20 -0.015647 0.175158
21 -0.016777 7.413047
24 -0.016577 6.127749
24 -0.016673 6.742707
24 -0.016169 3.516776
24 -0.016202 3.728982
25 -0.016164 3.483314
25 -0.016655 6.626964
25 -0.016314 4.443375
26 -0.015946 2.089699
26 -0.016022 2.575880
26 -0.015818 1.269721
26 -0.016304 4.380124
27 -0.016058 2.810194
27 -0.015880 1.668833
27 -0.016285 4.258665
27 -0.015975 2.276761
27 -0.016222 3.855571
27 -0.016102 3.090346
27 -0.015992 2.386268
28 -0.015746 0.807948
26 -0.016893 8.151900
22 -0.016864 7.965053
28 -0.015952 2.128693
28 -0.016067 2.867134
28 -0.015713 0.599885
28 -0.016653 6.615660
28 -0.015897 1.774413
29 -0.016337 4.594579
29 -0.015981 2.315275
29 -0.015845 1.442856
29 -0.015787 1.072090
29 -0.015801 1.164521
21 -0.016074 2.909917
31 -0.016070 2.887262
31 -0.015889 1.726909
31 -0.016019 2.558330
28 -0.015926 1.960754
32 -0.015887 1.710243
32 -0.017036 9.069345
32 -0.016424 5.148661
22 -0.016407 5.044038
33 -0.015864 1.567586
33 -0.016150 3.394340
33 -0.015977 2.289605
34 -0.015869 1.599741
34 -0.016350 4.677449
27 -0.016273 4.181530
25 -0.016543 5.914276
26 -0.015951 2.122666
35 -0.015779 1.021412
35 -0.016158 3.446520
35 -0.015764 0.925927
26 -0.016049 2.748903
22 -0.016713 7.003363
36 -0.016240 3.969886
26 -0.015892 1.746261
26 -0.016284 4.255056
27 -0.016899 8.194138
21 -0.016296 4.333066
29 -0.015764 0.923917
28 -0.015638 0.120505
31 -0.016004 2.460804
29 -0.015994 2.395068
31 -0.016154 3.418888
38 -0.015655 0.225916
24 -0.016643 6.549433
24 -0.016474 5.471009
39 -0.015751 0.844155
29 -0.015916 1.895405
27 -0.016668 6.710287
29 -0.015930 1.989294
26 -0.016017 2.545941
31 -0.016114 3.163171
34 -0.016045 2.721013
31 -0.016502 5.650473
28 -0.015700 0.512380
23 -0.017117 9.588678
35 -0.016145 3.367489
24 -0.016608 6.326047
29 -0.015723 0.665647
32 -0.016040 2.689268
33 -0.016293 4.313573
36 -0.015948 2.102351
32 -0.015918 1.908884
28 -0.016751 7.246949
32 -0.015800 1.156189
29 -0.016486 5.546178
26 -0.016787 7.474522
35 -0.015950 2.113188
31 -0.015658 0.246621
33 -0.015771 0.967103
33 -0.015923 1.940974
34 -0.016033 2.645014
29 -0.016060 2.819932
36 -0.016141 3.337356
24 -0.016825 7.715251
28 -0.015842 1.425343
27 -0.016523 5.787365
31 -0.015681 0.395418
28 -0.016105 3.109313
26 -0.017144 9.759632
28 -0.016584 6.178011
32 -0.016278 4.216167
23 -0.016840 7.810749
23 -0.016483 5.526422
27 -0.015991 2.375874
28 -0.016014 2.527200
35 -0.016027 2.609631
31 -0.015986 2.347398
32 -0.015841 1.415695
27 -0.016167 3.506605
25 -0.016084 2.973154
33 -0.016208 3.770762
32 -0.015801 1.164690
37 -0.016026 2.603950
29 -0.015930 1.986706
31 -0.016029 2.623458
25 -0.016473 5.466183
27 -0.016042 2.701924
31 -0.015971 2.249722
27 -0.016312 4.431546
28 -0.015838 1.396816
28 -0.015905 1.827901
37 -0.016477 5.486661
27 -0.016008 2.487319
22 -0.017034 9.058129
38 -0.015637 0.114143
25 -0.016249 4.030789
33 -0.015739 0.764960
24 -0.016317 4.465729
32 -0.015826 1.319912
27 -0.016165 3.491014
24 -0.016031 2.631242
28 -0.015846 1.453045
23 -0.015876 1.641343
26 -0.016908 8.247509
31 -0.016110 3.137223
36 -0.015838 1.400741
26 -0.016209 3.774387
37 -0.016737 7.152570
38 -0.015955 2.149801
34 -0.016171 3.533263
36 -0.015788 1.080088
28 -0.015848 1.460026
27 -0.016184 3.614183
26 -0.015991 2.375939
20 -0.016226 3.885901
35 -0.015715 0.608675
31 -0.016216 3.820346
26 -0.015650 0.193227
34 -0.015882 1.678247
28 -0.017071 9.295027
23 -0.016199 3.712092
38 -0.015892 1.743956
34 -0.015754 0.859337
26 -0.015719 0.634906
38 -0.016422 5.140834
27 -0.015801 1.163729
39 -0.015820 1.285916
24 -0.015972 2.255702
32 -0.015807 1.198235
31 -0.015797 1.133333
25 -0.016485 5.540255
29 -0.015811 1.223163
31 -0.015969 2.240569
27 -0.016098 3.066482
25 -0.016328 4.536944
27 -0.015880 1.668859
27 -0.016181 3.592207
33 -0.016287 4.274389
31 -0.015827 1.329302
29 -0.016078 2.937475
35 -0.016036 2.669348
27 -0.016822 7.698053
25 -0.016531 5.832993
32 -0.015705 0.547277
27 -0.016019 2.555650
39 -0.016012 2.511578
26 -0.015723 0.664230
32 -0.016387 4.911744
35 -0.015629 0.058684
31 -0.015883 1.686097
35 -0.016141 3.340618
29 -0.016024 2.592226
28 -0.015669 0.316374
36 -0.015906 1.832425
33 -0.015763 0.919232
29 -0.016963 8.598945
29 -0.015974 2.267095
28 -0.015940 2.053127
32 -0.015937 2.030202
34 -0.016239 3.963773
38 -0.015792 1.107008
40 -0.015784 1.053265
33 -0.015875 1.634490
32 -0.015675 0.355871
33 -0.015799 1.150136
39 -0.015687 0.431792
40 -0.015633 0.084411
