8 7.826303 7.909203
8 7.859647 7.516850
8 7.660138 9.864442
9 8.267739 2.714907
9 7.826488 7.907033
9 7.812550 8.071034
9 7.909268 6.932968
9 8.135670 4.268944
9 7.751498 8.789420
9 7.997137 5.899029
11 7.868367 7.414245
11 7.874562 7.341356
11 8.243551 2.999523
9 7.777520 8.483224
12 7.844009 7.700862
12 7.900362 7.037765
12 7.847624 7.658325
12 7.950165 6.451747
12 8.165248 3.920895
12 7.724416 9.108101
12 8.122878 4.419456
12 7.809463 8.107365
12 8.050023 5.276737
12 7.778091 8.476507
13 8.042680 5.363142
13 8.146720 4.138920
13 7.716184 9.204959
13 7.964661 6.281169
11 8.061704 5.139286
12 7.690903 9.502442
13 7.975421 6.154557
15 7.726562 9.082845
15 7.830573 7.858967
15 7.689042 9.524334
12 8.046906 5.313412
13 7.671310 9.732985
9 8.155449 4.036198
9 7.660461 9.860642
9 7.930676 6.681066
16 7.769170 8.581480
16 7.664669 9.811126
16 7.925583 6.740994
16 7.791797 8.315236
11 7.925832 6.738066
16 7.789372 8.343764
13 7.939211 6.580636
11 8.054677 5.221974
11 7.819952 7.983945
11 8.114487 4.518190
12 8.243659 2.998255
11 8.176777 3.785234
failed to find solution after reaching max emtpy limit -- 15 iterations and 9 function evals
9 7.828769 7.880186
12 7.940077 6.570454
9 7.919544 6.812058
8 7.800397 8.214045
8 7.779579 8.458997
8 7.658612 9.882405
7 8.355178 1.686030
19 7.648778 9.998117
13 7.753763 8.762768
8 7.880987 7.265756
15 8.135314 4.273127
13 7.837969 7.771939
9 7.917847 6.832031
13 7.854434 7.578197
9 7.921713 6.786530
12 7.825229 7.921841
15 7.767909 8.596315
12 8.190097 3.628503
19 7.708001 9.301250
12 8.118894 4.466340
15 7.980289 6.097278
13 8.008855 5.761148
13 7.783125 8.417278
12 7.964754 6.280080
13 7.694888 9.455541
20 7.753160 8.769864
11 7.981512 6.082889
24 7.669751 9.751325
9 7.677904 9.655396
11 7.945596 6.505511
13 8.116888 4.489946
17 7.926075 6.735204
9 7.719920 9.161002
15 7.888811 7.173692
12 8.056939 5.195354
12 7.649306 9.991896
21 7.667024 9.783413
10 8.048973 5.289091
12 7.703362 9.355838
15 7.825758 7.915621
12 7.721057 9.147619
8 8.330956 1.971036
9 7.657767 9.892338
16 7.847528 7.659452
13 7.950291 6.450257
15 7.861626 7.493567
9 7.893520 7.118271
7 7.846813 7.667867
9 7.842488 7.718764
9 7.914104 6.876073
7 8.176652 3.786710
20 7.716930 9.196182
13 7.785915 8.384447
15 7.702602 9.364780
19 7.764276 8.639071
17 7.659769 9.868785
9 8.166120 3.910634
7 7.748404 8.825838
12 7.753525 8.765572
13 8.046133 5.322507
11 7.708290 9.297848
13 7.860333 7.508787
17 7.768155 8.593428
15 8.058505 5.176928
15 7.756876 8.726140
11 7.717382 9.190859
25 7.702335 9.367919
24 7.674134 9.699757
12 7.981229 6.086219
13 8.045163 5.333923
17 7.737900 8.949426
20 7.887932 7.184028
13 7.862478 7.483539
13 8.078198 4.945203
15 7.754362 8.755728
15 7.733595 9.000085
9 7.890090 7.158642
11 7.679879 9.632149
9 7.700405 9.390624
19 7.729297 9.050661
8 7.953297 6.414894
17 7.660668 9.858208
16 7.816527 8.024241
11 7.863036 7.476976
9 7.655486 9.919185
11 7.686255 9.557127
22 7.720567 9.153386
15 7.769907 8.572805
12 8.174962 3.806593
12 8.212519 3.364672
11 8.200221 3.509384
11 7.695408 9.449428
13 7.667279 9.780420
12 8.053792 5.232389
23 7.737727 8.951464
11 8.105453 4.624497
12 7.829541 7.871106
8 7.691246 9.498398
9 7.837191 7.781085
11 7.670287 9.745018
9 7.740430 8.919667
24 7.699490 9.401396
15 7.908416 6.942995
16 7.803039 8.182948
16 7.868172 7.416537
13 7.824310 7.932662
12 7.702793 9.362525
15 7.791426 8.319594
13 8.154552 4.046755
17 7.855463 7.566085
23 7.662368 9.838208
failed to find solution after reaching max emtpy limit -- 42 iterations and 14 function evals
23 7.754460 8.754573
28 7.837718 7.774894
27 7.744492 8.871865
32 7.755781 8.739023
23 7.651060 9.971266
35 7.717800 9.185945
40 7.705513 9.330529
36 7.710790 9.268429
51 7.787327 8.367829
177 8.084406 4.872158
58 7.709691 9.281367
63 7.720593 9.153084
52 7.704924 9.337456
51 7.987705 6.010018
74 7.693414 9.472893
76 7.723978 9.113249
70 7.888609 7.176059
73 7.687920 9.537536
98 7.678961 9.642953
86 8.103000 4.653363
111 7.834979 7.807116
113 7.706919 9.313978
105 7.686514 9.554077
102 7.901391 7.025662
131 7.755130 8.746691
132 7.710924 9.266854
134 7.692845 9.479589
139 8.114720 4.515448
158 7.733638 8.999584
162 7.791475 8.319019
179 7.689651 9.517168
179 8.101921 4.666061
187 7.881130 7.264073
186 7.663473 9.825201
197 7.811860 8.079154
221 7.752222 8.780912
