12 -1.052701 5.270070
14 -1.018499 1.849948
14 -1.038915 3.891532
16 -1.035764 3.576395
17 -1.060561 6.056134
17 -1.060238 6.023787
17 -1.078188 7.818837
17 -1.079968 7.996848
18 -1.007321 0.732145
18 -1.023870 2.387001
20 -1.073832 7.383240
13 -1.000775 0.077466
22 -1.028629 2.862857
22 -1.069813 6.981316
23 -1.062374 6.237403
23 -1.051799 5.179893
23 -1.096534 9.653448
23 -1.069492 6.949216
24 -1.097326 9.732603
25 -1.010811 1.081053
25 -1.042796 4.279552
25 -1.098986 9.898598
25 -1.059836 5.983590
26 -1.036560 3.655966
26 -1.077766 7.776583
26 -1.060492 6.049163
13 -1.064701 6.470134
14 -1.021491 2.149150
28 -1.060278 6.027816
28 -1.024806 2.480585
28 -1.039109 3.910876
29 -1.066202 6.620244
29 -1.017701 1.770148
29 -1.083061 8.306105
29 -1.068762 6.876185
29 -1.038297 3.829652
26 -1.043714 4.371395
30 -1.029652 2.965174
30 -1.034258 3.425836
30 -1.009349 0.934949
30 -1.062624 6.262436
30 -1.009375 0.937493
22 -1.025882 2.588157
30 -1.093868 9.386805
30 -1.090589 9.058888
31 -1.033479 3.347938
18 -1.053199 5.319869
31 -1.010919 1.091914
31 -1.075998 7.599790
32 -1.087666 8.766573
32 -1.026922 2.692152
24 -1.071087 7.108719
28 -1.061557 6.155696
34 -1.008648 0.864769
26 -1.024364 2.436376
16 -1.021764 2.176390
35 -1.034661 3.466113
35 -1.013352 1.335157
18 -1.016209 1.620903
26 -1.084600 8.460030
30 -1.013238 1.323824
16 -1.043598 4.359796
25 -1.081842 8.184172
29 -1.036557 3.655690
19 -1.029545 2.954476
24 -1.027224 2.722372
32 -1.023698 2.369786
24 -1.040830 4.082986
28 -1.014060 1.406010
26 -1.086230 8.623046
25 -1.078340 7.833984
25 -1.084473 8.447284
19 -1.060365 6.036493
28 -1.090824 9.082402
18 -1.086976 8.697624
28 -1.037294 3.729351
30 -1.068377 6.837742
20 -1.048591 4.859123
24 -1.048993 4.899347
23 -1.087392 8.739247
24 -1.091954 9.195364
25 -1.062327 6.232707
28 -1.080449 8.044913
25 -1.059123 5.912310
26 -1.008245 0.824520
26 -1.043575 4.357537
26 -1.096934 9.693385
31 -1.018403 1.840292
17 -1.044962 4.496230
26 -1.014334 1.433354
31 -1.062227 6.222657
28 -1.075880 7.588049
29 -1.001307 0.130719
14 -1.036889 3.688873
30 -1.037135 3.713546
31 -1.023517 2.351671
25 -1.088933 8.893328
28 -1.031508 3.150821
32 -1.042928 4.292762
30 -1.036554 3.655446
25 -1.074146 7.414604
25 -1.062435 6.243546
26 -1.000935 0.093540
23 -1.033722 3.372177
31 -1.061217 6.121658
30 -1.049959 4.995923
26 -1.038611 3.861063
18 -1.060170 6.017027
29 -1.081945 8.194508
32 -1.022382 2.238227
29 -1.050857 5.085718
24 -1.079795 7.979512
22 -1.012564 1.256369
36 -1.027126 2.712650
30 -1.040290 4.029011
19 -1.031525 3.152504
29 -1.045566 4.556554
16 -1.079496 7.949604
11 -1.090794 9.079376
28 -1.035742 3.574162
30 -1.014471 1.447108
20 -1.064462 6.446167
22 -1.038218 3.821840
31 -1.052033 5.203332
17 -1.072528 7.252819
22 -1.027748 2.774759
29 -1.015525 1.552459
28 -1.029726 2.972561
25 -1.057353 5.735311
26 -1.077162 7.716187
18 -1.079436 7.943552
28 -1.021338 2.133841
29 -1.054732 5.473158
29 -1.040208 4.020848
26 -1.018551 1.855096
25 -1.078305 7.830508
23 -1.003888 0.388815
29 -1.009072 0.907215
28 -1.075424 7.542433
29 -1.014556 1.455641
20 -1.029684 2.968431
27 -1.091833 9.183337
17 -1.058046 5.804650
28 -1.077602 7.760150
29 -1.015828 1.582759
29 -1.098472 9.847182
26 -1.041978 4.197790
14 -1.035058 3.505755
30 -1.020920 2.091952
22 -1.077043 7.704333
16 -1.004182 0.418193
23 -1.038055 3.805457
28 -1.082468 8.246819
28 -1.025142 2.514160
32 -1.040729 4.072922
20 -1.086902 8.690225
31 -1.011606 1.160633
31 -1.053629 5.362881
30 -1.073636 7.363600
29 -1.066453 6.645325
32 -1.029558 2.955805
30 -1.083044 8.304411
28 -1.085710 8.570984
24 -1.089415 8.941539
31 -1.088457 8.845710
26 -1.084843 8.484315
28 -1.087112 8.711170
26 -1.062912 6.291160
18 -1.034329 3.432894
23 -1.088923 8.892328
28 -1.068977 6.897746
23 -1.047973 4.797348
34 -1.039003 3.900320
29 -1.099717 9.971689
30 -1.026624 2.662420
30 -1.022494 2.249361
28 -1.079835 7.983536
35 -1.018882 1.888196
28 -1.062269 6.226920
31 -1.001775 0.177517
31 -1.097424 9.742375
28 -1.081658 8.165772
24 -1.059203 5.920252
30 -1.045181 4.518090
20 -1.047229 4.722906
31 -1.074685 7.468458
24 -1.058115 5.811526
29 -1.088879 8.887947
28 -1.084789 8.478911
29 -1.030389 3.038925
28 -1.065256 6.525614
24 -1.047990 4.799028
34 -1.012164 1.216375
28 -1.080909 8.090884
30 -1.086618 8.661784
32 -1.000750 0.074950
30 -1.040129 4.012910
29 -1.085013 8.501255
34 -1.009266 0.926650
35 -1.014957 1.495676
