9 0.911427 8.857292
9 0.934201 6.579866
9 0.951940 4.805952
9 0.910380 8.961979
9 0.904578 9.542183
9 0.948260 5.173973
9 0.965306 3.469369
10 0.936135 6.386543
10 0.967754 3.224643
11 0.945704 5.429599
11 0.917484 8.251580
11 0.929654 7.034632
12 0.946575 5.342451
12 0.904568 9.543229
12 0.934258 6.574194
12 0.940623 5.937680
12 0.926454 7.354610
12 0.905828 9.417222
12 0.942358 5.764154
9 0.914303 8.569700
12 0.913852 8.614772
12 0.911490 8.850974
13 0.949081 5.091914
13 0.902369 9.763053
13 0.925643 7.435733
13 0.958085 4.191486
8 0.923691 7.630907
13 0.935385 6.461476
13 0.951256 4.874360
13 0.941773 5.822673
13 0.935301 6.469906
14 0.957480 4.251977
14 0.932656 6.734386
15 0.924498 7.550163
15 0.961914 3.808576
15 0.959244 4.075603
15 0.940793 5.920701
15 0.942002 5.799836
12 0.934034 6.596580
15 0.957511 4.248908
15 0.966248 3.375231
15 0.944311 5.568884
15 0.971761 2.823870
15 0.952114 4.788593
15 0.964912 3.508811
9 0.918248 8.175180
12 0.919320 8.067992
16 0.901072 9.892799
13 0.955418 4.458172
16 0.902906 9.709387
10 0.942255 5.774548
16 0.970492 2.950802
10 0.902467 9.753298
12 0.925131 7.486922
16 0.954760 4.523973
17 0.948760 5.124022
13 0.957654 4.234605
17 0.969588 3.041245
13 0.934086 6.591398
11 0.928984 7.101646
10 0.927687 7.231300
11 0.939317 6.068283
12 0.964362 3.563751
12 0.942067 5.793324
12 0.900658 9.934186
11 0.929182 7.081755
13 0.947754 5.224570
16 0.944902 5.509796
12 0.941879 5.812110
16 0.937068 6.293176
12 0.912814 8.718645
12 0.939401 6.059941
13 0.938124 6.187622
13 0.920247 7.975344
11 0.945486 5.451437
13 0.903939 9.606119
9 0.927491 7.250856
11 0.921455 7.854475
14 0.949886 5.011415
14 0.909096 9.090365
13 0.939245 6.075453
15 0.908342 9.165766
11 0.902753 9.724658
12 0.908610 9.138972
13 0.955682 4.431804
13 0.960645 3.935480
13 0.927648 7.235172
15 0.939709 6.029138
10 0.949015 5.098480
14 0.946353 5.364713
13 0.914714 8.528593
13 0.962357 3.764272
15 0.940770 5.923023
18 0.965589 3.441092
15 0.948043 5.195681
15 0.957990 4.201028
15 0.910002 8.999759
13 0.908950 9.104956
15 0.956257 4.374259
16 0.935994 6.400562
11 0.922694 7.730572
16 0.957225 4.277515
12 0.923123 7.687667
16 0.925326 7.467377
13 0.900673 9.932718
17 0.963380 3.662008
12 0.908371 9.162940
16 0.959923 4.007745
16 0.914242 8.575790
12 0.904331 9.566943
15 0.922376 7.762403
13 0.927498 7.250207
12 0.944717 5.528307
16 0.946259 5.374118
11 0.927892 7.210814
19 0.901413 9.858738
12 0.922614 7.738573
16 0.912486 8.751393
11 0.918004 8.199625
16 0.975114 2.488619
12 0.918037 8.196314
12 0.960231 3.976869
13 0.955232 4.476802
12 0.960153 3.984746
13 0.911064 8.893585
13 0.958023 4.197677
12 0.966956 3.304361
9 0.921254 7.874555
12 0.948966 5.103360
15 0.912902 8.709758
15 0.907055 9.294502
12 0.954558 4.544189
17 0.906012 9.398818
13 0.954401 4.559910
12 0.942158 5.784233
12 0.908164 9.183579
13 0.954225 4.577535
9 0.901408 9.859158
16 0.965306 3.469399
failed to find solution after reaching max emtpy limit -- 13 iterations and 7 function evals
13 0.966345 3.365518
12 0.918442 8.155846
13 0.935683 6.431655
11 0.923581 7.641882
12 0.923272 7.672848
16 0.925190 7.480987
13 0.922037 7.796262
19 0.927522 7.247791
14 0.931901 6.809870
11 0.922389 7.761118
9 0.903216 9.678394
12 0.940276 5.972352
14 0.945008 5.499218
15 0.900657 9.934346
12 0.942358 5.764195
15 0.962487 3.751341
11 0.906195 9.380510
13 0.949223 5.077715
12 0.947370 5.262962
15 0.928340 7.165954
13 0.957435 4.256475
15 0.967344 3.265558
15 0.972788 2.721224
16 0.952951 4.704892
16 0.961088 3.891241
12 0.948840 5.116008
13 0.949881 5.011911
13 0.903200 9.679982
12 0.921443 7.855651
13 0.963955 3.604475
13 0.900227 9.977305
15 0.900140 9.985964
11 0.956286 4.371415
13 0.943131 5.686881
25 0.963982 3.601801
13 0.970039 2.996058
13 0.903890 9.610953
13 0.966683 3.331656
12 0.919317 8.068314
26 0.969410 3.059025
15 0.966361 3.363865
13 0.943042 5.695819
13 0.941720 5.827969
15 0.972090 2.790989
15 0.961502 3.849779
13 0.952144 4.785571
15 0.952182 4.781829
15 0.959879 4.012105
15 0.955272 4.472792
12 0.924237 7.576291
16 0.935324 6.467575
16 0.965796 3.420394
13 0.938741 6.125928
15 0.962238 3.776188
21 0.906873 9.312651
16 0.943442 5.655780
16 0.958433 4.156746
17 0.921193 7.880678
36 0.943224 5.677587
23 0.906243 9.375668
