16 39.940630 9.225842
19 42.062975 4.402329
20 40.378193 8.231379
21 42.690643 2.975812
22 40.042758 8.993731
23 40.468734 8.025605
23 41.883443 4.810357
24 40.518799 7.911820
24 39.750965 9.656899
22 40.308934 8.388787
25 40.499498 7.955686
25 41.186278 6.394822
25 42.227561 4.028269
26 40.221713 8.587017
26 39.985155 9.124649
26 42.493851 3.423067
26 39.745122 9.670178
26 42.071586 4.382758
26 39.715906 9.736577
26 40.235482 8.555723
26 40.288263 8.435765
27 41.323260 6.083500
27 39.813783 9.514129
27 40.688717 7.525644
27 39.759220 9.638136
27 40.714095 7.467966
27 40.263612 8.491790
27 40.787012 7.302245
28 41.857903 4.868403
25 40.926733 6.984698
28 40.471010 8.020431
28 40.676551 7.553294
28 40.639243 7.638083
28 39.894068 9.331663
26 39.715714 9.737013
29 41.591211 5.474520
29 43.105665 2.032580
21 41.246119 6.258820
31 39.745435 9.669466
31 40.166811 8.711793
23 40.633927 7.650166
21 40.410611 8.157703
32 40.544008 7.854528
31 41.485122 5.715631
31 40.678152 7.549654
32 40.304390 8.399114
23 41.719634 5.182651
31 40.586350 7.758295
35 39.615431 9.964931
22 41.711719 5.200638
23 40.749016 7.388601
22 42.215075 4.056647
21 41.660629 5.316752
23 39.655763 9.873265
23 40.253182 8.515495
23 41.218310 6.322023
38 39.913381 9.287770
23 41.189656 6.387146
27 41.520915 5.634285
31 39.782212 9.585883
28 42.937485 2.414807
25 40.954710 6.921115
38 40.063492 8.946608
22 41.701596 5.223645
26 42.023081 4.492997
40 39.959579 9.182774
26 40.975408 6.874072
26 39.886233 9.349471
19 40.744997 7.397735
29 41.384596 5.944100
32 39.935841 9.236725
42 40.250003 8.522720
21 39.968534 9.162424
30 40.367035 8.256739
31 40.219556 8.591919
23 40.027603 9.028175
27 39.627475 9.937557
31 40.973570 6.878250
28 40.348048 8.299890
28 42.304068 3.854392
30 40.601003 7.724994
26 41.290033 6.159017
23 39.634819 9.920867
21 42.396004 3.645444
26 41.135756 6.509646
32 40.851769 7.155071
23 40.965169 6.897343
25 39.981485 9.132989
30 40.370696 8.248419
18 40.918516 7.003374
31 41.012752 6.789199
28 41.706206 5.213169
33 39.789457 9.569416
20 41.568165 5.526899
22 40.851144 7.156492
22 42.364539 3.716956
24 40.058922 8.956994
31 39.851892 9.427518
22 40.564542 7.807859
26 40.105911 8.850203
29 41.794107 5.013394
25 41.168085 6.436171
25 40.439702 8.091587
21 40.379896 8.227509
25 40.759323 7.365174
24 41.771649 5.064435
31 40.821530 7.223796
27 39.853727 9.423348
28 41.805565 4.987352
38 39.895359 9.328730
40 40.269181 8.479134
35 39.612949 9.970571
22 40.159672 8.728018
23 40.900757 7.043735
30 40.656651 7.598521
24 41.529468 5.614847
35 39.753863 9.650312
21 40.224051 8.581703
24 41.421725 5.859717
21 39.762622 9.630405
33 40.431418 8.110413
21 42.438669 3.548479
27 39.854887 9.420711
32 39.866819 9.393592
27 39.759453 9.637608
24 39.925258 9.260776
27 40.386804 8.211810
26 40.347827 8.300394
29 39.981687 9.132530
30 40.855364 7.146900
39 40.133566 8.787349
22 40.687082 7.529360
23 43.010719 2.248367
31 40.466018 8.031777
21 40.912284 7.017536
24 39.611361 9.974180
55 40.039205 9.001806
46 40.442476 8.085281
29 41.629968 5.386436
29 40.184604 8.671354
24 40.002282 9.085723
21 43.084252 2.081246
23 42.279317 3.910644
21 42.590704 3.202946
27 40.567924 7.800172
36 40.622979 7.675047
25 41.166153 6.440561
24 39.949052 9.206701
24 41.370583 5.975947
33 42.308381 3.844590
37 40.868872 7.116200
25 41.147108 6.483845
26 40.940248 6.953981
20 40.637536 7.641964
25 41.622981 5.402317
34 40.162954 8.720560
24 40.115003 8.829538
23 41.477215 5.733603
37 39.747141 9.665589
36 40.382268 8.222117
21 42.146708 4.212028
28 42.764975 2.806874
23 40.392572 8.198700
24 39.942342 9.221951
37 40.069516 8.932918
26 39.852020 9.427226
29 40.550791 7.839110
29 39.996619 9.098593
22 41.469500 5.751135
29 40.985718 6.850640
24 40.192315 8.653829
22 40.713271 7.469839
22 40.990237 6.840371
22 39.836795 9.461830
22 42.147781 4.209589
22 41.070436 6.658100
28 42.184024 4.127219
29 39.933181 9.242771
28 40.192738 8.652867
24 39.694645 9.784898
35 41.026066 6.758941
29 40.302083 8.404356
26 39.751877 9.654825
36 40.999120 6.820182
29 39.657224 9.869946
27 40.226894 8.575242
25 39.845496 9.442055
36 40.961040 6.906728
41 39.735024 9.693127
29 40.163590 8.719114
31 40.675138 7.556505
30 39.969633 9.159924
35 40.969624 6.887219
37 39.744588 9.671392
35 40.347700 8.300682
35 40.299249 8.410797
34 39.666229 9.849479
42 39.770002 9.613632
44 40.184496 8.671599
46 40.163008 8.720436
