11 -1.049166 4.916614
12 -1.058757 5.875681
15 -1.078927 7.892743
15 -1.039160 3.915986
16 -1.044829 4.482864
16 -1.072782 7.278236
16 -1.086501 8.650139
16 -1.027917 2.791708
16 -1.092605 9.260497
17 -1.046518 4.651849
17 -1.065564 6.556363
17 -1.053442 5.344246
17 -1.078951 7.895126
19 -1.069114 6.911431
19 -1.021839 2.183925
19 -1.066897 6.689692
19 -1.063772 6.377249
19 -1.048892 4.889245
19 -1.040076 4.007647
19 -1.019762 1.976174
19 -1.031492 3.149244
20 -1.031166 3.116561
20 -1.035869 3.586889
20 -1.033290 3.328975
20 -1.030702 3.070172
20 -1.024981 2.498053
20 -1.041210 4.121045
20 -1.027869 2.786915
21 -1.029077 2.907653
16 -1.057319 5.731948
21 -1.018138 1.813779
21 -1.045998 4.599815
21 -1.029793 2.979256
21 -1.026062 2.606197
21 -1.034447 3.444745
21 -1.022931 2.293137
23 -1.024363 2.436327
23 -1.023897 2.389679
23 -1.022400 2.239972
23 -1.018973 1.897263
23 -1.022250 2.225044
23 -1.032271 3.227146
23 -1.021173 2.117278
24 -1.021352 2.135198
13 -1.039445 3.944474
24 -1.021001 2.100118
24 -1.010850 1.084996
24 -1.031537 3.153654
13 -1.066581 6.658129
24 -1.031856 3.185566
16 -1.040661 4.066053
16 -1.089749 8.974874
19 -1.042786 4.278579
28 -1.013476 1.347568
12 -1.053914 5.391426
15 -1.082638 8.263766
17 -1.064487 6.448655
11 -1.062393 6.239252
23 -1.023842 2.384203
17 -1.077109 7.710889
17 -1.044287 4.428717
15 -1.069546 6.954612
16 -1.085172 8.517212
19 -1.029792 2.979235
20 -1.057339 5.733906
21 -1.030637 3.063688
17 -1.060605 6.060451
23 -1.010656 1.065622
19 -1.055642 5.564225
19 -1.062018 6.201843
19 -1.049797 4.979711
19 -1.050916 5.091593
19 -1.031906 3.190603
20 -1.033579 3.357912
17 -1.049886 4.988608
19 -1.027679 2.767895
21 -1.029768 2.976826
17 -1.046259 4.625918
19 -1.078921 7.892147
17 -1.056720 5.671983
21 -1.017423 1.742306
19 -1.036386 3.638635
19 -1.087294 8.729400
19 -1.046578 4.657784
23 -1.028108 2.810759
20 -1.038312 3.831163
20 -1.046302 4.630183
25 -1.021237 2.123714
21 -1.037659 3.765861
19 -1.024488 2.448781
20 -1.030665 3.066500
20 -1.069471 6.947051
13 -1.069708 6.970770
19 -1.027815 2.781458
25 -1.033161 3.316109
17 -1.085073 8.507259
16 -1.087660 8.766005
15 -1.081277 8.127653
24 -1.023825 2.382492
16 -1.091164 9.116421
17 -1.066611 6.661138
23 -1.042472 4.247186
24 -1.023358 2.335777
21 -1.028242 2.824172
13 -1.092352 9.235157
19 -1.052315 5.231472
17 -1.067320 6.731988
16 -1.050926 5.092613
13 -1.074485 7.448495
19 -1.040735 4.073542
15 -1.073791 7.379076
16 -1.080239 8.023907
17 -1.051027 5.102661
16 -1.069481 6.948060
20 -1.045587 4.558678
16 -1.056084 5.608384
16 -1.077602 7.760180
23 -1.016169 1.616943
23 -1.027746 2.774642
16 -1.062789 6.278889
13 -1.074297 7.429656
16 -1.052217 5.221694
19 -1.031590 3.158964
31 -1.015855 1.585509
24 -1.023567 2.356700
16 -1.045174 4.517421
15 -1.089337 8.933708
19 -1.072909 7.290887
21 -1.018935 1.893495
15 -1.059835 5.983459
16 -1.084418 8.441769
17 -1.050944 5.094388
19 -1.061220 6.121981
16 -1.060535 6.053492
16 -1.052072 5.207152
23 -1.019362 1.936184
24 -1.024512 2.451185
16 -1.083716 8.371592
16 -1.099888 9.988802
15 -1.058579 5.857854
23 -1.028830 2.883043
20 -1.035852 3.585242
17 -1.087027 8.702682
16 -1.099660 9.965970
20 -1.023958 2.395819
24 -1.019886 1.988563
13 -1.081376 8.137619
16 -1.085173 8.517318
17 -1.093920 9.392020
17 -1.081499 8.149925
17 -1.049337 4.933722
19 -1.032969 3.296894
16 -1.031897 3.189659
17 -1.050371 5.037060
17 -1.040049 4.004933
20 -1.039087 3.908733
16 -1.099128 9.912780
13 -1.086719 8.671908
23 -1.028245 2.824512
16 -1.056971 5.697119
16 -1.073143 7.314345
20 -1.034224 3.422354
16 -1.097971 9.797105
19 -1.048594 4.859415
13 -1.085912 8.591182
16 -1.079414 7.941401
15 -1.052015 5.201489
17 -1.066136 6.613635
16 -1.041216 4.121584
17 -1.078341 7.834115
19 -1.065948 6.594829
20 -1.031508 3.150841
16 -1.049408 4.940810
19 -1.020839 2.083942
23 -1.042998 4.299775
17 -1.060526 6.052554
12 -1.095967 9.596744
16 -1.088592 8.859164
17 -1.066446 6.644588
19 -1.016105 1.610475
15 -1.097333 9.733281
19 -1.032677 3.267743
19 -1.043068 4.306822
24 -1.031896 3.189569
24 -1.097738 9.773841
19 -1.064385 6.438522
20 -1.024683 2.468264
21 -1.026345 2.634480
16 -1.070069 7.006857
16 -1.069697 6.969706
19 -1.048852 4.885185
17 -1.095074 9.507446
28 -1.016400 1.640048
17 -1.044822 4.482212
23 -1.024603 2.460277
23 -1.023465 2.346517
21 -1.048608 4.860773
27 -1.016071 1.607068
25 -1.021993 2.199261
29 -1.011593 1.159311
