7 94.513439 5.448741
7 94.605811 5.356332
7 97.489014 2.471975
7 90.837999 9.125651
7 96.941962 3.019246
7 96.929591 3.031622
7 95.559355 4.402406
7 90.591365 9.372384
7 92.245978 7.717109
7 92.375896 7.587139
7 96.531594 3.429778
7 95.561955 4.399805
7 90.262309 9.701572
7 91.327609 8.635845
7 95.973850 3.987745
7 90.380830 9.583003
7 93.494071 6.468517
8 95.215109 4.746790
8 99.803856 0.156207
8 93.972173 5.990223
7 97.573140 2.387815
7 96.967890 2.993307
7 91.812617 8.150643
7 98.496751 1.463835
7 96.390727 3.570702
9 92.784727 7.178144
9 94.659959 5.302162
9 91.092670 8.870878
9 94.162204 5.800116
9 91.945567 8.017640
8 94.067102 5.895256
8 97.723518 2.237377
7 90.945793 9.017814
10 98.015072 1.945706
8 92.344472 7.618575
9 91.535669 8.427702
9 94.420552 5.541665
9 98.043289 1.917478
7 90.159012 9.804910
11 90.405850 9.557973
11 93.116387 6.846351
11 99.211084 0.749215
11 91.016349 8.947229
11 96.608734 3.352607
11 90.587698 9.376052
11 92.987703 6.975088
8 97.215469 2.745629
8 90.255545 9.708338
8 93.875632 6.086803
12 97.948887 2.011918
12 99.100417 0.859927
12 97.231255 2.729837
12 95.159191 4.802730
12 91.018197 8.945381
7 92.331819 7.631234
7 99.104400 0.855942
11 95.993821 3.967766
7 90.898218 9.065408
9 95.740207 4.221481
9 97.982227 1.978565
12 94.063012 5.899347
13 96.270737 3.690740
7 91.116449 8.847090
11 90.729866 9.233827
7 94.004462 5.957921
12 94.511074 5.451106
12 90.436769 9.527042
14 99.417944 0.542273
7 93.764637 6.197842
7 92.567187 7.395771
9 90.493417 9.470372
13 98.617091 1.343446
13 98.973207 0.987188
8 91.145941 8.817586
11 99.248706 0.711579
12 90.972586 8.991010
12 95.018311 4.943666
13 98.257890 1.702791
11 98.423881 1.536734
7 99.593448 0.366699
15 92.981007 6.981786
15 97.357107 2.603934
15 93.800689 6.161776
15 99.213304 0.746994
15 96.062257 3.899303
15 96.589791 3.371557
9 93.963000 5.999400
7 97.927840 2.032973
12 96.176384 3.785130
9 92.820659 7.142197
11 98.129578 1.831155
9 90.432923 9.530889
11 96.991941 2.969246
7 92.441589 7.521420
13 92.207387 7.755716
11 92.983508 6.979283
7 93.705769 6.256734
7 90.784814 9.178857
7 90.754559 9.209125
9 93.990313 5.972076
9 92.574398 7.388558
12 97.727718 2.233175
12 96.472978 3.488417
7 92.794698 7.168169
17 94.150955 5.811369
12 97.027508 2.933665
15 99.835750 0.124300
8 91.407481 8.555941
11 96.323186 3.638270
9 93.117975 6.844763
8 94.118930 5.843407
7 93.265599 6.697080
9 92.631787 7.331146
12 90.584382 9.379370
7 98.483296 1.477295
12 96.216327 3.745172
7 90.124355 9.839581
19 97.257884 2.703197
9 95.798214 4.163451
9 95.302738 4.659125
9 95.363490 4.598350
11 95.724210 4.237485
7 91.927763 8.035451
7 95.072712 4.889244
13 98.281774 1.678897
12 92.214862 7.748237
11 97.357073 2.603968
11 98.980220 0.980172
12 97.222095 2.739001
12 95.234844 4.727047
11 92.182816 7.780296
11 98.046007 1.914759
15 99.738541 0.221548
11 92.259705 7.703377
11 89.985368 9.978624
15 97.631398 2.329533
7 92.966789 6.996009
12 90.604070 9.359674
7 91.225045 8.738450
9 98.117620 1.843117
7 97.378680 2.582353
13 92.762412 7.200468
7 90.285252 9.678620
12 95.095778 4.866168
7 97.283800 2.677271
7 99.780979 0.179092
14 97.346147 2.614899
8 92.312239 7.650821
9 95.160014 4.801907
8 91.943235 8.019973
9 99.945240 0.014766
8 91.040146 8.923424
9 90.937816 9.025794
11 92.835723 7.127128
7 92.719223 7.243675
12 95.632118 4.329613
12 93.212536 6.750164
11 93.681058 6.281454
13 92.327800 7.635254
7 93.365138 6.597501
8 91.774186 8.189089
13 99.123710 0.836624
11 92.030288 7.932885
7 99.307711 0.652550
20 95.852114 4.109530
17 92.330830 7.632223
8 93.817167 6.145291
9 96.906255 3.054967
12 93.395935 6.566692
11 96.361625 3.599815
12 98.763455 1.197024
11 99.522775 0.437400
11 98.353451 1.607192
15 94.710116 5.251985
8 97.411756 2.549264
9 97.303277 2.657787
12 93.886604 6.075827
19 98.912931 1.047488
9 96.737591 3.223699
11 99.433994 0.526217
11 96.382067 3.579365
11 95.140828 4.821100
10 97.304649 2.656414
12 95.405688 4.556135
12 90.154970 9.808953
15 93.541242 6.421326
12 93.613209 6.349331
15 98.005263 1.955520
11 95.784611 4.177060
11 93.212829 6.749870
13 92.786401 7.176470
13 95.397300 4.564526
19 99.267759 0.692518
12 90.447598 9.516208
16 93.270284 6.692393
13 90.288655 9.675215
15 90.976456 8.987139
13 92.624377 7.338558
15 97.845948 2.114898
19 91.758884 8.204398
