14 -1.037226 8.777668
16 -1.019582 6.927275
16 -0.984643 3.263006
16 -1.048638 9.974407
16 -1.033228 8.358376
17 -0.968622 1.582822
18 -0.996790 4.536913
18 -1.032125 8.242660
18 -0.970866 1.818197
18 -0.962088 0.897613
19 -0.971956 1.932531
19 -1.025844 7.583914
20 -0.982218 3.008691
20 -0.971142 1.847103
20 -0.971607 1.895919
20 -0.969828 1.709402
20 -0.982516 3.040029
22 -0.969926 1.719669
22 -0.989287 3.750114
16 -0.978121 2.579062
23 -0.965714 1.277919
23 -0.971170 1.850060
22 -0.965025 1.205628
24 -1.042925 9.375304
25 -1.001697 5.051533
18 -0.981715 2.956000
16 -0.980541 2.832812
17 -0.955967 0.255645
19 -0.968319 1.551046
18 -1.000493 4.925321
23 -0.975488 2.302899
25 -0.958563 0.527918
23 -0.966204 1.329336
18 -0.967493 1.464499
20 -0.966658 1.376852
18 -0.980304 2.807984
23 -0.983184 3.110057
24 -0.963130 1.006891
23 -0.981453 2.928499
22 -0.996838 4.541974
24 -0.973958 2.142437
19 -0.971979 1.934968
13 -0.993120 4.152087
19 -0.965394 1.244305
17 -0.989525 3.775012
18 -0.995605 4.412729
26 -0.963009 0.994191
18 -1.033836 8.422140
22 -0.978930 2.663903
23 -0.962152 0.904370
26 -0.977541 2.518203
28 -0.971817 1.917937
18 -0.961891 0.876976
13 -1.009388 5.858143
22 -0.998562 4.722737
16 -0.982759 3.065470
26 -0.969522 1.677218
20 -1.022829 7.267732
22 -0.972862 2.027557
19 -0.974036 2.150626
18 -0.968075 1.525551
18 -0.967172 1.430800
18 -1.038112 8.870522
17 -1.035604 8.607542
16 -1.034201 8.460427
17 -0.984564 3.254810
26 -0.962176 0.906886
16 -0.965431 1.248261
27 -0.962004 0.888848
22 -0.967813 1.498076
20 -0.959060 0.580019
19 -0.964953 1.198057
19 -0.982280 3.015188
17 -1.031218 8.147570
22 -0.965214 1.225418
24 -0.965223 1.226429
27 -0.971035 1.835957
19 -0.981638 2.947955
30 -0.987670 3.580511
17 -0.969929 1.719902
17 -0.963053 0.998789
23 -0.966378 1.347584
22 -0.957091 0.373580
18 -1.009882 5.909943
32 -0.978690 2.638738
19 -0.968559 1.576269
17 -0.975463 2.300324
20 -0.965663 1.272505
26 -0.966905 1.402828
25 -0.981000 2.880975
30 -0.979551 2.729042
32 -0.965254 1.229671
18 -0.963392 1.034403
22 -0.969268 1.650575
22 -0.962171 0.906362
24 -0.954965 0.150647
17 -0.984359 3.233275
16 -1.007297 5.638892
19 -0.967374 1.451991
24 -0.982014 2.987293
19 -0.986593 3.467560
29 -0.963054 0.998915
27 -0.987481 3.560657
32 -0.960024 0.681135
20 -1.015083 6.455417
20 -1.005391 5.438921
17 -1.019678 6.937306
19 -0.983225 3.114365
19 -0.971383 1.872414
23 -0.999596 4.831243
20 -0.969808 1.707225
18 -0.963889 1.086518
13 -0.999461 4.817052
22 -1.011144 6.042297
16 -1.039997 9.068218
23 -0.999298 4.799984
32 -0.955545 0.211405
26 -0.966155 1.324178
17 -1.039278 8.992801
22 -0.976983 2.459703
32 -0.964048 1.103190
22 -0.966627 1.373598
28 -0.969816 1.708043
22 -0.974138 2.161350
17 -0.981267 2.908960
30 -0.968443 1.564135
20 -0.965058 1.209115
18 -0.990003 3.825222
23 -0.966456 1.355683
33 -0.958538 0.525357
23 -0.965592 1.265151
33 -0.964780 1.179941
16 -1.020253 6.997624
19 -1.001621 5.043576
14 -0.994495 4.296226
20 -1.011435 6.072797
31 -0.964703 1.171903
33 -0.990134 3.838868
19 -0.987509 3.563618
20 -1.000011 4.874767
24 -0.966856 1.397709
20 -0.970132 1.741283
23 -0.970133 1.741322
17 -1.015131 6.460475
22 -0.993632 4.205786
38 -0.966168 1.325465
16 -0.979334 2.706247
13 -1.026806 7.684856
33 -0.964502 1.150742
19 -0.984790 3.278479
28 -0.983344 3.126781
22 -0.974682 2.218390
28 -0.971092 1.841926
36 -0.984912 3.291256
19 -1.020835 7.058663
28 -1.002660 5.152595
18 -0.973634 2.108516
23 -0.962996 0.992889
36 -0.981961 2.981775
36 -0.964480 1.148469
20 -0.971633 1.898693
18 -0.979213 2.693574
33 -0.980812 2.861333
33 -0.968477 1.567621
38 -0.968350 1.554327
24 -0.980049 2.781239
25 -0.974219 2.169843
18 -0.993328 4.173829
31 -0.971964 1.933334
23 -1.006641 5.570096
28 -0.967850 1.501907
25 -0.992990 4.138421
31 -0.963515 1.047325
27 -1.004722 5.368842
32 -0.991317 3.962937
28 -0.973412 2.085206
26 -0.980150 2.791842
29 -0.999751 4.847463
46 -0.965265 1.230812
47 -0.971119 1.844777
32 -0.954879 0.141544
30 -0.987246 3.535988
33 -0.962246 0.914170
39 -0.968880 1.609956
32 -0.985815 3.385975
47 -1.018957 6.861685
48 -0.965351 1.239802
50 -0.959173 0.591934
41 -0.989075 3.727829
44 -0.955008 0.155141
57 -0.980100 2.786574
57 -0.964739 1.175628
49 -0.969993 1.726615
59 -0.962633 0.954771
56 -0.975431 2.296949
57 -0.971813 1.917474
51 -0.968425 1.562216
70 -0.976572 2.416610
61 -0.970258 1.754494
89 -0.981981 2.983908
