9 -1.087146 8.714572
11 -1.047960 4.795959
12 -1.013788 1.378805
13 -1.060527 6.052673
13 -1.065958 6.595847
15 -1.044624 4.462448
15 -1.095308 9.530843
15 -1.092179 9.217930
16 -1.044518 4.451803
16 -1.068563 6.856267
16 -1.055919 5.591865
16 -1.073322 7.332191
16 -1.061426 6.142573
17 -1.049584 4.958415
17 -1.095110 9.510971
17 -1.035264 3.526382
17 -1.096960 9.696026
19 -1.064496 6.449555
19 -1.040587 4.058750
19 -1.065187 6.518718
19 -1.045417 4.541693
19 -1.035702 3.570201
19 -1.043333 4.333313
19 -1.035793 3.579339
19 -1.077333 7.733289
20 -1.023180 2.318017
20 -1.024089 2.408889
20 -1.036473 3.647316
20 -1.031579 3.157920
21 -1.030186 3.018605
21 -1.024254 2.425375
21 -1.050376 5.037613
21 -1.031880 3.187981
21 -1.028278 2.827761
21 -1.033787 3.378677
21 -1.025519 2.551915
21 -1.040271 4.027078
13 -1.064715 6.471489
23 -1.030021 3.002065
23 -1.040395 4.039517
23 -1.016583 1.658331
23 -1.020947 2.094728
17 -1.051315 5.131488
24 -1.044463 4.446306
24 -1.036364 3.636431
24 -1.016035 1.603487
21 -1.033505 3.350511
24 -1.025143 2.514326
15 -1.051931 5.193104
15 -1.098250 9.825042
21 -1.042652 4.265184
16 -1.029804 2.980414
24 -1.016680 1.668023
20 -1.021623 2.162278
16 -1.093532 9.353166
21 -1.027695 2.769539
19 -1.041894 4.189443
19 -1.025983 2.598281
29 -1.012258 1.225795
16 -1.052630 5.262997
29 -1.021029 2.102897
15 -1.036083 3.608310
20 -1.039382 3.938236
16 -1.060400 6.039992
13 -1.043426 4.342612
17 -1.094660 9.465980
12 -1.062894 6.289374
16 -1.050504 5.050362
19 -1.043923 4.392296
19 -1.037187 3.718677
23 -1.029275 2.927519
19 -1.038169 3.816852
17 -1.074030 7.403030
21 -1.043417 4.341695
17 -1.073806 7.380613
16 -1.065918 6.591839
20 -1.030206 3.020621
19 -1.039150 3.915031
24 -1.018950 1.895011
12 -1.079949 7.994902
17 -1.032016 3.201641
20 -1.072279 7.227915
17 -1.097317 9.731725
21 -1.025548 2.554784
24 -1.024311 2.431056
23 -1.079209 7.920876
19 -1.025996 2.599644
21 -1.037027 3.702693
23 -1.025408 2.540821
16 -1.022919 2.291923
20 -1.043263 4.326335
16 -1.077617 7.761678
20 -1.055843 5.584259
16 -1.084795 8.479495
25 -1.018112 1.811184
24 -1.022379 2.237928
12 -1.070457 7.045699
13 -1.041103 4.110262
19 -1.050743 5.074288
21 -1.018404 1.840359
16 -1.030166 3.016631
13 -1.075818 7.581764
20 -1.030787 3.078703
19 -1.039534 3.953433
27 -1.019895 1.989511
17 -1.040258 4.025755
20 -1.027784 2.778414
23 -1.020184 2.018444
13 -1.085533 8.553289
16 -1.059513 5.951301
20 -1.036929 3.692932
17 -1.094946 9.494596
15 -1.092466 9.246601
19 -1.052779 5.277882
12 -1.057416 5.741618
25 -1.072473 7.247252
21 -1.040702 4.070211
19 -1.037414 3.741425
28 -1.019064 1.906363
20 -1.086987 8.698653
21 -1.035518 3.551822
16 -1.085090 8.509035
16 -1.058974 5.897429
25 -1.016975 1.697520
17 -1.052094 5.209381
11 -1.074643 7.464319
20 -1.026270 2.627029
15 -1.098299 9.829911
17 -1.037054 3.705420
17 -1.087572 8.757195
19 -1.062088 6.208793
17 -1.067930 6.792989
15 -1.087277 8.727701
23 -1.032322 3.232225
13 -1.016777 1.677697
24 -1.018787 1.878714
13 -1.067407 6.740741
24 -1.022942 2.294218
21 -1.044355 4.435488
15 -1.044739 4.473869
23 -1.015007 1.500748
13 -1.032611 3.261093
21 -1.032310 3.231040
21 -1.057670 5.767032
19 -1.063835 6.383525
11 -1.063702 6.370161
19 -1.064670 6.467043
9 -1.087221 8.722142
17 -1.036491 3.649074
11 -1.076757 7.675734
21 -1.025798 2.579844
20 -1.098626 9.862585
19 -1.065042 6.504227
17 -1.049831 4.983118
24 -1.025419 2.541947
20 -1.032868 3.286776
21 -1.022903 2.290324
29 -1.021087 2.108726
25 -1.020581 2.058063
17 -1.058487 5.848701
17 -1.098022 9.802213
16 -1.069452 6.945215
23 -1.041744 4.174379
19 -1.044543 4.454348
17 -1.076393 7.639300
17 -1.031697 3.169698
16 -1.072498 7.249804
23 -1.021485 2.148494
17 -1.087034 8.703386
13 -1.073462 7.346154
24 -1.012809 1.280897
25 -1.013957 1.395734
21 -1.023973 2.397331
19 -1.056819 5.681908
19 -1.034234 3.423362
17 -1.053311 5.331089
16 -1.057043 5.704268
23 -1.043512 4.351245
20 -1.021046 2.104571
24 -1.044082 4.408238
23 -1.020856 2.085561
17 -1.044736 4.473633
25 -1.015717 1.571730
16 -1.069665 6.966520
16 -1.077934 7.793446
19 -1.043028 4.302821
19 -1.073533 7.353273
23 -1.036225 3.622464
21 -1.048153 4.815253
21 -1.019921 1.992073
17 -1.061088 6.108759
17 -1.086598 8.659800
20 -1.035746 3.574605
23 -1.061617 6.161740
19 -1.051529 5.152872
21 -1.022790 2.279044
24 -1.016784 1.678438
20 -1.046131 4.613112
25 -1.016568 1.656772
21 -1.024508 2.450797
