7 -5.344748 6.894958
13 -5.309803 6.196064
13 -5.441009 8.820186
13 -5.243257 4.865142
16 -5.351554 7.031075
16 -5.411098 8.221955
16 -5.197571 3.951417
16 -5.494674 9.893487
17 -5.354556 7.091114
17 -5.072831 1.456628
7 -5.335872 6.717442
19 -5.092009 1.840181
19 -5.389055 7.781090
19 -5.209514 4.190283
19 -5.007035 0.140692
19 -5.079543 1.590860
19 -5.480439 9.608777
20 -5.341599 6.831987
20 -5.210580 4.211599
20 -5.304494 6.089874
20 -5.150496 3.009917
21 -5.399477 7.989545
21 -5.066505 1.330103
21 -5.310911 6.218219
23 -5.045043 0.900864
23 -5.091076 1.821530
23 -5.081046 1.620913
23 -5.387787 7.755749
24 -5.343112 6.862236
24 -5.222077 4.441540
24 -5.021797 0.435932
23 -5.095862 1.917242
24 -5.177672 3.553436
24 -5.427443 8.548851
25 -5.163902 3.278048
25 -5.389641 7.792813
25 -5.447385 8.947701
27 -5.081253 1.625058
27 -5.052888 1.057759
27 -5.122999 2.459988
15 -5.127430 2.548590
27 -5.211631 4.232616
27 -5.183809 3.676181
28 -5.277786 5.555713
28 -5.156830 3.136608
20 -5.234054 4.681083
29 -5.051096 1.021913
21 -5.297328 5.946552
29 -5.023696 0.473928
20 -5.362431 7.248614
12 -5.155635 3.112690
31 -5.076414 1.528286
31 -5.176135 3.522696
20 -5.276648 5.532965
17 -5.199506 3.990119
17 -5.448715 8.974298
21 -5.432371 8.647418
19 -5.233308 4.666158
20 -5.162141 3.242825
33 -5.337985 6.759701
13 -5.359395 7.187902
21 -5.232419 4.648375
35 -5.013082 0.261639
19 -5.163426 3.268520
25 -5.431040 8.620798
13 -5.355356 7.107129
15 -5.383762 7.675242
28 -5.395014 7.900280
24 -5.109612 2.192233
19 -5.338871 6.777419
24 -5.275486 5.509713
7 -5.340148 6.802969
25 -5.054306 1.086128
25 -5.199538 3.990752
23 -5.245008 4.900156
21 -5.393003 7.860054
20 -5.473525 9.470500
13 -5.481789 9.635785
25 -5.323567 6.471341
24 -5.399618 7.992352
24 -5.284624 5.692477
17 -5.181966 3.639316
17 -5.402250 8.045004
27 -5.268476 5.369519
33 -5.294243 5.884867
13 -5.240136 4.802716
21 -5.367982 7.359647
19 -5.441649 8.832983
29 -5.252248 5.044958
32 -5.049993 0.999854
27 -5.131347 2.626950
24 -5.151752 3.035035
24 -5.489163 9.783253
28 -5.195494 3.909885
25 -5.172765 3.455300
19 -5.317248 6.344950
24 -5.219455 4.389102
24 -5.329185 6.583696
16 -5.026269 0.525373
28 -5.032559 0.651175
29 -5.259198 5.183967
28 -5.456038 9.120761
16 -5.051790 1.035799
28 -5.046839 0.936773
20 -5.099043 1.980861
20 -5.358838 7.176759
27 -5.297564 5.951285
20 -5.063615 1.272305
24 -5.027095 0.541908
24 -5.403173 8.063454
23 -5.431862 8.637249
21 -5.048573 0.971457
19 -5.439125 8.782506
27 -5.384598 7.691952
24 -5.223087 4.461748
29 -5.070189 1.403788
21 -5.486646 9.732922
20 -5.435475 8.709494
32 -5.179923 3.598451
23 -5.397428 7.948552
20 -5.234425 4.688498
24 -5.438189 8.763774
24 -5.213816 4.276318
31 -5.453566 9.071323
24 -5.316459 6.329181
20 -5.406457 8.129146
21 -5.087386 1.747722
20 -5.189434 3.788684
20 -5.461156 9.223114
39 -5.053474 1.069474
20 -5.175113 3.502262
31 -5.161641 3.232821
25 -5.221822 4.436437
37 -5.024423 0.488454
19 -5.449554 8.991081
20 -5.355188 7.103764
25 -5.211882 4.237632
21 -5.395913 7.918262
17 -5.426063 8.521259
23 -5.016798 0.335951
23 -5.237353 4.747060
21 -5.268484 5.369672
24 -5.464861 9.297216
24 -5.151097 3.021935
23 -5.346539 6.930776
25 -5.191945 3.838896
12 -5.114181 2.283626
33 -5.039248 0.784955
24 -5.229546 4.590926
31 -5.006905 0.138097
21 -5.388133 7.762653
28 -5.011380 0.227595
20 -5.389230 7.784604
25 -5.064270 1.285406
20 -5.156008 3.120152
19 -5.114636 2.292720
27 -5.302727 6.054540
23 -5.333874 6.677481
17 -5.373484 7.469677
24 -5.414363 8.287252
20 -5.407206 8.144113
29 -5.191352 3.827039
19 -5.442173 8.843450
23 -5.494304 9.886086
16 -5.149648 2.992969
12 -5.118504 2.370084
28 -5.444548 8.890965
21 -5.171521 3.430426
21 -5.087371 1.747428
32 -5.325826 6.516511
25 -5.034060 0.681207
21 -5.122682 2.453630
23 -5.201729 4.034572
29 -5.051624 1.032482
16 -5.262996 5.259923
37 -5.009422 0.188439
24 -5.374009 7.480189
27 -5.172773 3.455455
28 -5.436114 8.722278
21 -5.242350 4.847008
27 -5.124580 2.491602
24 -5.194297 3.885942
27 -5.115287 2.305744
27 -5.373343 7.466856
24 -5.319531 6.390620
27 -5.347509 6.950174
21 -5.095894 1.917877
23 -5.419450 8.388997
27 -5.311169 6.223372
25 -5.406702 8.134043
28 -5.139644 2.792884
28 -5.032870 0.657390
32 -5.033601 0.672021
32 -5.060459 1.209172
29 -5.103088 2.061753
31 -5.029519 0.590389
31 -5.153017 3.060336
31 -5.136389 2.727773
35 -5.367279 7.345586
111 -5.017395 0.347908
