17 -2.060093 3.004674
17 -1.898111 5.094472
17 -1.852370 7.381493
19 -2.044230 2.211476
19 -1.949801 2.509961
20 -1.865271 6.736468
20 -1.925560 3.722002
21 -1.846102 7.694912
21 -1.842284 7.885804
21 -1.961607 1.919638
21 -1.841462 7.926922
21 -1.845850 7.707486
21 -1.841453 7.927331
23 -1.889528 5.523616
23 -1.845453 7.727369
23 -2.006529 0.326441
23 -2.042633 2.131665
23 -1.844587 7.770663
23 -1.847150 7.642518
23 -1.841673 7.916345
24 -2.081242 4.062092
24 -1.859490 7.025500
25 -2.117369 5.868456
24 -1.865785 6.710772
21 -1.876324 6.183783
27 -1.876982 6.150904
27 -1.911206 4.439676
22 -1.883172 5.841411
28 -1.849714 7.514324
23 -1.857988 7.100589
27 -1.861454 6.927303
31 -1.841874 7.906304
19 -1.929130 3.543502
31 -1.841987 7.900647
31 -2.025537 1.276850
32 -1.868181 6.590927
33 -1.929939 3.503043
35 -1.906825 4.658736
17 -1.867045 6.647732
21 -1.850435 7.478250
33 -1.862020 6.898988
20 -2.020627 1.031351
36 -1.860896 6.955182
36 -1.995443 0.227846
25 -1.849230 7.538480
37 -1.888087 5.595635
24 -1.948795 2.560235
39 -1.891343 5.432834
39 -1.860982 6.950923
39 -1.870463 6.476840
21 -2.154807 7.740350
24 -1.931983 3.400849
23 -2.113745 5.687275
16 -1.841567 7.921646
21 -2.032312 1.615579
30 -1.862239 6.888042
25 -1.974424 1.278784
27 -1.947262 2.636881
21 -2.196714 9.835700
25 -2.134837 6.741826
43 -2.042443 2.122137
22 -1.858258 7.087084
19 -2.038219 1.910927
27 -1.854252 7.287409
24 -1.878287 6.085640
30 -2.034257 1.712846
33 -1.904235 4.788251
29 -1.884868 5.756601
20 -1.864889 6.755574
20 -1.849954 7.502277
26 -1.850264 7.486794
21 -2.073385 3.669259
27 -1.856733 7.163361
27 -1.856641 7.167965
35 -1.872178 6.391117
32 -1.841545 7.922762
20 -1.847806 7.609696
31 -1.875345 6.232752
28 -1.923115 3.844233
27 -2.089924 4.496196
20 -1.978951 1.052443
17 -1.841728 7.913614
25 -2.185063 9.253161
25 -1.886577 5.671172
17 -1.964070 1.796484
24 -1.886049 5.697569
24 -1.845120 7.743997
28 -1.852176 7.391221
25 -1.847833 7.608334
44 -1.841397 7.930155
21 -1.852799 7.360045
25 -1.859843 7.007844
19 -2.135951 6.797531
36 -1.852583 7.370848
29 -1.923218 3.839093
16 -1.848485 7.575758
28 -1.912151 4.392475
20 -1.875596 6.220185
25 -2.006372 0.318615
33 -1.949929 2.503558
33 -1.841865 7.906762
24 -2.059449 2.972437
31 -1.862549 6.872552
27 -1.854009 7.299552
26 -1.850804 7.459776
29 -1.941831 2.908440
29 -1.849268 7.536599
19 -1.842925 7.853745
12 -2.088821 4.441048
24 -1.907555 4.622269
17 -1.843850 7.807525
31 -1.912838 4.358089
32 -1.841782 7.910919
20 -1.858170 7.091520
35 -1.896409 5.179554
40 -1.843944 7.802787
28 -1.862565 6.871770
36 -1.841696 7.915184
29 -2.092048 4.602423
28 -2.067990 3.399476
23 -1.854077 7.296126
31 -1.897892 5.105388
19 -1.980376 0.981214
25 -1.848021 7.598964
19 -1.960068 1.996592
23 -2.120307 6.015341
21 -1.841523 7.923873
31 -1.859866 7.006707
38 -1.864290 6.785502
28 -1.851531 7.423433
33 -1.846656 7.667221
17 -1.899099 5.045044
19 -1.931224 3.438822
15 -1.842558 7.872112
29 -1.843964 7.801791
24 -1.891805 5.409732
24 -2.096730 4.836508
23 -1.847403 7.629836
45 -1.945934 2.703285
23 -2.141437 7.071836
31 -1.940214 2.989309
28 -1.843364 7.831789
55 -1.848958 7.552124
31 -1.844753 7.762357
16 -1.888086 5.595715
29 -1.890574 5.471323
28 -1.969141 1.542930
19 -1.880120 5.994007
32 -1.884922 5.753896
25 -1.841910 7.904515
32 -1.850291 7.485440
23 -2.034741 1.737066
29 -1.871544 6.422811
53 -1.848486 7.575715
16 -1.848110 7.594496
28 -2.139688 6.984376
23 -1.841212 7.939398
29 -1.855708 7.214586
41 -1.862188 6.890625
25 -1.955967 2.201672
40 -1.932266 3.386686
29 -2.061960 3.097995
30 -1.859871 7.006464
25 -2.109161 5.458050
36 -1.860017 6.999168
27 -1.851173 7.441331
45 -1.847941 7.602943
65 -1.849254 7.537298
21 -2.166384 8.319183
23 -1.875971 6.201429
29 -1.859718 7.014118
28 -1.891366 5.431705
26 -1.917971 4.101431
23 -1.850234 7.488287
27 -1.946372 2.681418
32 -1.860533 6.973355
20 -2.057818 2.890880
23 -1.842114 7.894310
26 -1.900921 4.953974
27 -1.885758 5.712105
36 -1.864364 6.781810
25 -2.058637 2.931860
23 -1.894764 5.261797
23 -2.027031 1.351531
28 -1.921806 3.909713
25 -2.056658 2.832876
27 -1.960047 1.997631
32 -1.852581 7.370968
31 -1.857570 7.121495
28 -1.864762 6.761885
33 -1.866243 6.687831
36 -1.858401 7.079954
39 -1.940661 2.966952
37 -1.844988 7.750614
35 -1.849947 7.502644
37 -1.864311 6.784429
69 -1.860119 6.994035
84 -1.847066 7.646686
78 -1.851565 7.421740
184 -1.890483 5.475857
