18 40.767333 7.346971
18 40.095322 8.874268
18 40.750353 7.385561
19 40.110817 8.839053
19 41.684966 5.261441
19 40.757116 7.370191
20 40.133200 8.788183
20 41.854756 4.875554
20 39.926058 9.258960
21 42.161420 4.178592
22 41.985926 4.577442
17 40.790844 7.293537
23 41.078610 6.639523
23 40.228753 8.571016
23 40.079633 8.909926
23 41.059259 6.683502
23 40.883721 7.082453
24 39.697430 9.778568
24 39.972866 9.152576
24 41.090560 6.612363
24 40.416599 8.144092
24 42.416660 3.598501
25 41.201436 6.360372
25 39.677315 9.824285
26 39.827145 9.483762
26 39.751076 9.656646
26 40.271679 8.473457
27 42.249818 3.977686
27 42.258128 3.958801
21 41.572019 5.518138
27 39.720375 9.726420
28 39.607848 9.982163
20 39.996941 9.097860
29 40.252313 8.517470
23 41.457049 5.779433
15 41.083668 6.628026
29 39.621316 9.951555
29 39.794753 9.557380
30 39.777355 9.596920
27 40.117390 8.824113
20 40.833696 7.196146
19 40.982947 6.856938
31 39.859556 9.410100
32 40.149348 8.751481
22 40.320972 8.361427
23 40.180927 8.679711
25 39.721973 9.722789
20 40.072847 8.925349
33 40.783681 7.309815
21 41.297474 6.142105
24 39.759791 9.636838
18 40.666049 7.577160
26 39.660045 9.863535
25 40.742339 7.403775
21 39.747385 9.665034
22 40.406756 8.166465
22 39.758426 9.639940
20 39.685435 9.805830
28 40.846108 7.167937
22 40.577467 7.778483
27 40.234464 8.558035
23 41.755883 5.100266
38 39.887995 9.345467
39 39.857873 9.413926
19 42.367378 3.710503
23 40.738072 7.413472
21 42.132649 4.243980
23 41.570639 5.521274
30 41.185141 6.397407
29 39.676334 9.826513
41 39.700006 9.772713
21 41.177918 6.413823
23 39.746577 9.666870
34 39.730784 9.702764
42 40.191988 8.654574
30 39.955435 9.192194
22 40.688948 7.525118
42 39.736805 9.689079
21 40.631086 7.656623
failed to find solution after reaching max emtpy limit -- 32 iterations and 20 function evals
20 39.826643 9.484902
33 39.635746 9.918760
20 40.961422 6.905858
39 40.143713 8.764288
25 39.607392 9.983200
40 39.862203 9.404085
25 39.731991 9.700019
21 39.703086 9.765714
27 40.546082 7.849814
39 39.892200 9.335908
22 40.686830 7.529932
24 39.916073 9.281652
31 39.891212 9.338155
20 41.333421 6.060406
37 39.920884 9.270718
20 39.745350 9.669659
36 40.015321 9.056089
32 39.880017 9.363597
29 40.170729 8.702889
25 40.733410 7.424067
25 40.498876 7.957100
21 39.657859 9.868501
20 41.892311 4.790202
27 41.006172 6.804155
21 42.118407 4.276348
23 39.642928 9.902436
25 40.786459 7.303501
24 40.190134 8.658786
27 39.619938 9.954686
25 39.792005 9.563625
26 39.682415 9.812693
40 39.636100 9.917955
19 42.730303 2.885675
failed to find solution after reaching max emtpy limit -- 36 iterations and 24 function evals
22 39.655852 9.873064
21 41.263279 6.219820
22 40.606418 7.712687
22 40.319139 8.365592
21 40.388377 8.208234
failed to find solution after reaching max emtpy limit -- 37 iterations and 25 function evals
20 42.175924 4.145626
29 40.346618 8.303140
24 42.158251 4.185792
31 39.869735 9.386966
32 40.960323 6.908357
30 39.888994 9.343196
28 39.861617 9.405416
29 39.659250 9.865341
26 39.778970 9.593249
35 40.050554 8.976015
37 40.945529 6.941980
24 41.918048 4.731708
32 39.645470 9.896659
22 40.839349 7.183297
27 42.529788 3.341390
18 41.162875 6.448012
failed to find solution after reaching max emtpy limit -- 37 iterations and 24 function evals
34 40.978731 6.866521
24 40.836010 7.190886
26 41.716176 5.190508
31 40.127459 8.801230
24 40.262463 8.494403
33 40.699617 7.500869
20 40.279320 8.456092
24 39.889551 9.341930
31 39.963567 9.173711
44 40.026626 9.030396
51 40.083811 8.900430
19 41.352038 6.018096
24 39.938402 9.230905
19 40.546903 7.847947
37 39.793799 9.559549
32 42.372490 3.698887
24 40.254838 8.511733
38 40.696792 7.507290
21 41.172531 6.426066
34 39.626209 9.940434
38 39.790125 9.567898
25 39.600970 9.997795
26 39.763029 9.629480
19 41.253594 6.241832
19 41.696568 5.235073
38 39.783940 9.581954
26 41.116894 6.552513
failed to find solution after reaching max emtpy limit -- 50 iterations and 26 function evals
35 39.641411 9.905885
29 40.234213 8.558606
23 39.639667 9.909848
27 39.939675 9.228012
38 39.805665 9.532579
25 40.132366 8.790078
24 40.947838 6.936732
23 40.298935 8.411511
28 39.942932 9.220610
28 40.576761 7.780089
34 39.705385 9.760488
30 39.745702 9.668860
42 40.262804 8.493627
29 39.658271 9.867566
27 40.358008 8.277255
38 40.407703 8.164311
23 40.190431 8.658112
30 40.014083 9.058903
25 40.497619 7.959956
25 39.788963 9.570539
51 39.730661 9.703042
failed to find solution after reaching max emtpy limit -- 43 iterations and 26 function evals
29 40.153904 8.741127
29 41.278274 6.185741
30 39.821655 9.496239
35 39.772737 9.607416
38 40.504526 7.944259
31 39.897086 9.324805
43 40.287868 8.436664
31 41.026056 6.758964
27 41.006036 6.804463
40 39.753551 9.651021
failed to find solution after reaching max emtpy limit -- 37 iterations and 25 function evals
49 39.951955 9.200103
52 39.822962 9.493268
