11 -5.139895 2.797903
12 -5.215836 4.316719
12 -5.462423 9.248459
12 -5.432462 8.649249
12 -5.351925 7.038506
12 -5.192270 3.845408
12 -5.359219 7.184386
13 -5.157273 3.145455
13 -5.407995 8.159903
13 -5.308000 6.160009
13 -5.045637 0.912734
13 -5.492530 9.850610
13 -5.055824 1.116474
13 -5.048896 0.977914
13 -5.235680 4.713609
15 -5.056761 1.135227
15 -5.136826 2.736523
15 -5.040725 0.814509
15 -5.468548 9.370950
15 -5.175959 3.519188
15 -5.103225 2.064509
15 -5.112360 2.247199
16 -5.457882 9.157640
16 -5.097830 1.956603
17 -5.277863 5.557257
17 -5.008392 0.167847
17 -5.178479 3.569571
17 -5.027875 0.557493
17 -5.032355 0.647100
17 -5.258963 5.179265
17 -5.406515 8.130294
17 -5.394167 7.883345
17 -5.227239 4.544784
17 -5.008192 0.163846
17 -5.452776 9.055529
17 -5.378362 7.567250
17 -5.136463 2.729254
17 -5.171934 3.438685
19 -5.121346 2.426928
19 -5.347325 6.946510
19 -5.101712 2.034244
19 -5.102073 2.041469
12 -5.189073 3.781464
13 -5.193022 3.860447
20 -5.166750 3.334998
13 -5.414852 8.297044
20 -5.223220 4.464407
15 -5.246920 4.938401
21 -5.399373 7.987469
16 -5.366037 7.320746
13 -5.244471 4.889421
12 -5.232162 4.643236
15 -5.309319 6.186387
16 -5.200663 4.013251
23 -5.086812 1.736232
13 -5.144813 2.896253
11 -5.432463 8.649264
16 -5.199414 3.988279
12 -5.102348 2.046968
13 -5.246164 4.923282
16 -5.456635 9.132696
17 -5.448451 8.969022
13 -5.352521 7.050413
17 -5.233405 4.668107
13 -5.090316 1.806312
25 -5.258068 5.161358
19 -5.206227 4.124550
15 -5.062416 1.248311
17 -5.368016 7.360317
19 -5.423331 8.466612
17 -5.153856 3.077121
16 -5.266586 5.331728
15 -5.286446 5.728912
16 -5.300667 6.013333
20 -5.287242 5.744837
28 -5.010416 0.208328
13 -5.214017 4.280332
12 -5.496705 9.934097
19 -5.188377 3.767543
17 -5.105765 2.115297
12 -5.302694 6.053886
16 -5.147139 2.942777
16 -5.251583 5.031658
17 -5.029217 0.584344
15 -5.055649 1.112982
19 -5.270515 5.410304
19 -5.057855 1.157095
17 -5.469766 9.395319
21 -5.293371 5.867410
16 -5.284487 5.689748
19 -5.253337 5.066737
17 -5.399149 7.982983
20 -5.417082 8.341635
13 -5.399670 7.993394
16 -5.469102 9.382046
17 -5.395349 7.906973
17 -5.026919 0.538375
15 -5.394074 7.881485
21 -5.338828 6.776563
17 -5.029732 0.594640
16 -5.078583 1.571664
15 -5.431932 8.638643
13 -5.360566 7.211328
13 -5.203390 4.067803
17 -5.014013 0.280250
20 -5.125639 2.512777
13 -5.359422 7.188436
15 -5.230687 4.613734
16 -5.289600 5.792008
12 -5.385648 7.712966
13 -5.164869 3.297375
15 -5.335437 6.708738
16 -5.429527 8.590548
11 -5.033875 0.677491
11 -5.109754 2.195085
16 -5.130409 2.608174
16 -5.424360 8.487203
12 -5.089328 1.786570
16 -5.067256 1.345124
15 -5.172820 3.456405
16 -5.058168 1.163359
15 -5.187326 3.746520
13 -5.427257 8.545147
16 -5.124167 2.483348
16 -5.236685 4.733692
13 -5.219580 4.391595
21 -5.175511 3.510214
19 -5.027731 0.554611
17 -5.266027 5.320545
31 -5.082847 1.656930
19 -5.423626 8.472528
23 -5.336938 6.738754
21 -5.172385 3.447707
15 -5.331922 6.638440
16 -5.142437 2.848731
15 -5.018788 0.375751
17 -5.015575 0.311508
15 -5.115771 2.315420
24 -5.071878 1.437559
20 -5.052731 1.054621
16 -5.405290 8.105792
17 -5.234859 4.697172
17 -5.368212 7.364232
20 -5.403920 8.078401
16 -5.340045 6.800895
13 -5.287586 5.751716
15 -5.280309 5.606176
20 -5.190722 3.814434
16 -5.397368 7.947356
13 -5.423643 8.472854
17 -5.129166 2.583311
13 -5.421387 8.427733
12 -5.196624 3.932482
17 -5.103426 2.068520
15 -5.330566 6.611330
16 -5.086573 1.731451
16 -5.226795 4.535904
17 -5.312372 6.247449
13 -5.483360 9.667200
20 -5.048015 0.960307
11 -5.425000 8.500003
16 -5.006845 0.136892
16 -5.114336 2.286721
21 -5.475974 9.519474
23 -5.486332 9.726636
17 -5.044434 0.888675
16 -5.159228 3.184552
16 -5.463616 9.272310
21 -5.066618 1.332353
24 -5.115446 2.308910
15 -5.118406 2.368125
16 -5.164452 3.289037
19 -5.449722 8.994433
16 -5.035978 0.719551
17 -5.054885 1.097702
16 -5.255271 5.105428
19 -5.372341 7.446816
19 -5.374885 7.497699
13 -5.330963 6.619259
15 -5.042015 0.840298
17 -5.113474 2.269486
17 -5.408676 8.173522
21 -5.097138 1.942762
17 -5.131722 2.634442
21 -5.290144 5.802875
16 -5.327598 6.551954
19 -5.092975 1.859509
19 -5.036900 0.737995
17 -5.399584 7.991689
23 -5.255181 5.103628
20 -5.427160 8.543192
16 -5.124068 2.481355
17 -5.326085 6.521697
28 -5.101750 2.035009
23 -5.251162 5.023239
27 -5.009871 0.197410
23 -5.092117 1.842342
30 -5.251170 5.023409
25 -5.428498 8.569969
27 -5.394869 7.897373
