9 -1.096986 9.698619
9 -1.082077 8.207701
10 -1.050586 5.058601
10 -1.075060 7.506011
11 -1.096935 9.693478
11 -1.096965 9.696517
11 -1.051303 5.130349
11 -1.056220 5.621975
11 -1.083244 8.324434
11 -1.095206 9.520646
11 -1.054386 5.438626
11 -1.058206 5.820608
11 -1.097944 9.794425
11 -1.046318 4.631840
11 -1.049255 4.925531
11 -1.070526 7.052596
11 -1.088810 8.880953
11 -1.054061 5.406144
11 -1.053418 5.341806
11 -1.099178 9.917803
11 -1.094498 9.449807
12 -1.099054 9.905377
12 -1.052667 5.266749
12 -1.045972 4.597227
12 -1.096029 9.602904
12 -1.098990 9.899013
13 -1.083297 8.329723
13 -1.093227 9.322691
13 -1.072002 7.200227
13 -1.053392 5.339216
13 -1.055090 5.509025
13 -1.056358 5.635845
8 -1.076930 7.692980
13 -1.080029 8.002878
13 -1.094271 9.427094
13 -1.055337 5.533663
13 -1.033096 3.309572
14 -1.086183 8.618270
14 -1.096513 9.651282
11 -1.028437 2.843675
14 -1.069122 6.912238
14 -1.068666 6.866552
14 -1.041413 4.141305
10 -1.083068 8.306776
15 -1.090503 9.050337
15 -1.095509 9.550883
15 -1.085379 8.537940
15 -1.043108 4.310786
15 -1.062219 6.221944
16 -1.033494 3.349397
9 -1.082895 8.289549
16 -1.097280 9.727983
16 -1.058381 5.838085
11 -1.098706 9.870599
16 -1.062396 6.239558
16 -1.019240 1.924025
16 -1.090282 9.028158
16 -1.092878 9.287775
16 -1.049806 4.980577
12 -1.035457 3.545654
12 -1.046302 4.630218
12 -1.069707 6.970743
17 -1.081702 8.170183
12 -1.092309 9.230893
17 -1.096710 9.671019
17 -1.071472 7.147156
17 -1.079360 7.935962
17 -1.076787 7.678663
17 -1.078994 7.899428
10 -1.084686 8.468628
13 -1.066434 6.643393
13 -1.056660 5.666028
18 -1.084860 8.485987
18 -1.089539 8.953851
18 -1.084417 8.441660
19 -1.037999 3.799912
19 -1.031945 3.194521
19 -1.089244 8.924425
12 -1.079350 7.934986
12 -1.064197 6.419707
13 -1.061197 6.119706
15 -1.074414 7.441383
20 -1.088340 8.834001
13 -1.056821 5.682065
7 -1.077012 7.701157
20 -1.069565 6.956499
20 -1.058552 5.855210
21 -1.092980 9.298015
21 -1.097184 9.718353
21 -1.048299 4.829906
14 -1.071555 7.155507
14 -1.071184 7.118389
18 -1.047963 4.796251
21 -1.095529 9.552922
16 -1.038469 3.846901
14 -1.051111 5.111138
12 -1.044621 4.462112
22 -1.096627 9.662693
13 -1.055653 5.565344
16 -1.098708 9.870817
16 -1.081021 8.102138
17 -1.070997 7.099685
15 -1.024952 2.495186
15 -1.091159 9.115921
13 -1.065061 6.506147
12 -1.091422 9.142151
12 -1.095857 9.585684
12 -1.098152 9.815243
14 -1.066263 6.626266
13 -1.055509 5.550938
11 -1.070688 7.068764
12 -1.045668 4.566819
14 -1.070247 7.024749
14 -1.050982 5.098196
19 -1.081518 8.151832
16 -1.094699 9.469896
12 -1.089427 8.942662
11 -1.075942 7.594179
14 -1.035468 3.546788
10 -1.059669 5.966864
18 -1.019811 1.981092
25 -1.020528 2.052751
16 -1.082062 8.206179
15 -1.074893 7.489313
11 -1.059016 5.901580
11 -1.054949 5.494881
12 -1.068166 6.816623
15 -1.067974 6.797423
17 -1.024053 2.405286
27 -1.092649 9.264910
13 -1.063988 6.398823
18 -1.094652 9.465238
12 -1.064318 6.431756
18 -1.067352 6.735245
14 -1.090455 9.045516
23 -1.050820 5.081974
14 -1.056196 5.619626
23 -1.073973 7.397330
28 -1.050266 5.026570
29 -1.089413 8.941331
15 -1.034055 3.405460
24 -1.060119 6.011861
16 -1.096728 9.672845
13 -1.063236 6.323576
20 -1.045543 4.554261
failed to find solution after reaching max emtpy limit -- 18 iterations and 12 function evals
30 -1.070019 7.001878
19 -1.081980 8.198045
17 -1.094098 9.409814
17 -1.092139 9.213899
25 -1.058311 5.831058
16 -1.096605 9.660484
31 -1.052102 5.210186
31 -1.095221 9.522125
31 -1.046870 4.687030
25 -1.066845 6.684507
27 -1.075136 7.513643
17 -1.039817 3.981698
22 -1.094068 9.406767
22 -1.054323 5.432295
20 -1.059048 5.904775
34 -1.087663 8.766331
30 -1.097256 9.725640
25 -1.089001 8.900064
35 -1.082952 8.295175
35 -1.074957 7.495684
19 -1.077570 7.757027
21 -1.089961 8.996072
28 -1.078261 7.826130
22 -1.065116 6.511605
24 -1.048725 4.872467
26 -1.098172 9.817176
22 -1.098902 9.890189
30 -1.091340 9.133999
37 -1.089264 8.926367
28 -1.083777 8.377732
24 -1.094195 9.419484
39 -1.061156 6.115572
34 -1.085711 8.571106
42 -1.094102 9.410206
43 -1.084928 8.492845
48 -1.091065 9.106522
36 -1.095876 9.587604
52 -1.098646 9.864593
38 -1.099246 9.924585
54 -1.087363 8.736327
46 -1.057611 5.761145
57 -1.084550 8.454974
51 -1.098622 9.862201
53 -1.096583 9.658348
47 -1.046633 4.663266
46 -1.088438 8.843786
67 -1.087468 8.746826
60 -1.073785 7.378488
71 -1.060291 6.029053
64 -1.095118 9.511800
68 -1.079889 7.988876
72 -1.062987 6.298718
74 -1.067355 6.735461
83 -1.084846 8.484564
