10 -6912.026160 9.717445
10 -6386.133745 1.369738
10 -6656.364978 5.659230
10 -6595.373097 4.691080
10 -6839.080877 8.559555
10 -6460.384796 2.548355
10 -6465.977709 2.637134
17 -6870.199592 9.053515
18 -6487.597045 2.980307
24 -6702.655294 6.394015
29 -6925.137438 9.925566
42 -6745.671056 7.076822
42 -6669.702825 5.870947
51 -6791.287725 7.800914
53 -6853.377602 8.786492
55 -6699.386209 6.342123
17 -6810.181852 8.100828
15 -6903.948762 9.589229
62 -6818.932468 8.239731
69 -6667.655952 5.838456
52 -6794.614279 7.853718
72 -6721.311243 6.690149
72 -6658.650597 5.695510
72 -6899.129135 9.512725
11 -6750.248779 7.149486
78 -6802.681207 7.981768
83 -6546.259191 3.911475
34 -6836.488254 8.518401
92 -6795.052992 7.860682
59 -6822.834552 8.301670
86 -6895.910633 9.461637
10 -6880.124928 9.211064
95 -6709.810351 6.507590
105 -6853.761609 8.792588
106 -6669.385177 5.865905
11 -6914.389864 9.754965
120 -6652.856633 5.603540
120 -6677.832306 5.999989
129 -6902.111361 9.560063
82 -6680.755650 6.046393
141 -6586.550484 4.551035
143 -6921.876910 9.873810
33 -6724.365889 6.738636
143 -6401.800082 1.618416
54 -6875.740918 9.141475
16 -6888.506297 9.344105
27 -6885.822505 9.301504
165 -6725.623446 6.758598
179 -6410.340393 1.753980
143 -6915.013828 9.764870
32 -6909.133416 9.671527
197 -6767.854508 7.428949
135 -6824.651765 8.330515
204 -6711.320708 6.531565
29 -6927.303027 9.959941
207 -6739.890487 6.985065
206 -6926.385724 9.945380
83 -6631.995551 5.272404
52 -6684.123580 6.099853
113 -6676.070978 5.972031
10 -6385.119793 1.353643
145 -6815.577509 8.186476
218 -6762.453565 7.343218
241 -6881.201152 9.228147
241 -6821.665148 8.283107
13 -6871.321659 9.071326
61 -6791.688813 7.807281
250 -6795.750683 7.871756
190 -6413.719066 1.807611
121 -6501.125611 3.195051
163 -6817.007814 8.209180
193 -6579.504407 4.439190
106 -6535.315283 3.737758
17 -6536.868485 3.762412
217 -6599.298274 4.753386
27 -6340.940401 0.652365
169 -6679.800936 6.031238
10 -6655.310988 5.642499
198 -6641.093339 5.416817
135 -6807.460580 8.057633
23 -6554.808420 4.047180
180 -6865.910516 8.985432
45 -6616.699747 5.029607
79 -6912.434806 9.723932
18 -6901.538179 9.550965
241 -6494.586835 3.091258
194 -6821.787125 8.285044
10 -6790.052696 7.781310
277 -6782.708267 7.664729
16 -6595.812388 4.698053
286 -6841.274935 8.594382
10 -6624.204391 5.148731
296 -6652.380330 5.595980
70 -6539.416540 3.802859
244 -6917.666773 9.806981
319 -6928.067327 9.972073
65 -6898.828010 9.507945
10 -6713.472576 6.565722
270 -6742.024302 7.018935
11 -6775.956627 7.557557
10 -6726.868913 6.778368
332 -6538.730379 3.791967
340 -6648.934430 5.541281
294 -6487.415869 2.977431
10 -6791.603761 7.805931
72 -6889.211693 9.355302
10 -6415.893305 1.842123
129 -6826.025499 8.352321
112 -6662.827615 5.761814
355 -6915.170068 9.767350
126 -6819.480492 8.248430
53 -6433.957593 2.128865
119 -6473.526032 2.756952
193 -6900.233288 9.530252
252 -6582.294063 4.483471
202 -6781.012371 7.637809
64 -6692.581225 6.234105
377 -6472.012082 2.732920
12 -6751.873703 7.175279
12 -6335.847264 0.571520
40 -6686.111649 6.131411
16 -6601.512209 4.788529
53 -6888.563258 9.345009
154 -6895.069317 9.448282
148 -6675.708928 5.966284
283 -6498.786940 3.157928
107 -6771.898805 7.493146
40 -6520.531581 3.503090
406 -6921.845752 9.873316
48 -6853.638470 8.790633
19 -6785.945758 7.716119
84 -6798.174474 7.910230
162 -6920.052216 9.844846
114 -6845.980105 8.669069
203 -6770.090785 7.464446
202 -6489.143776 3.004858
69 -6513.116179 3.385382
251 -6775.833128 7.555597
61 -6495.141494 3.100063
28 -6454.823802 2.460083
95 -6771.416437 7.485489
164 -6397.859345 1.555863
92 -6801.453907 7.962286
11 -6519.951910 3.493889
134 -6868.446783 9.025692
13 -6513.645669 3.393787
187 -6708.998044 6.494696
33 -6716.210335 6.609180
119 -6436.351907 2.166871
460 -6923.712738 9.902951
251 -6843.962120 8.637037
298 -6825.400495 8.342400
318 -6631.380324 5.262638
106 -6909.016042 9.669664
13 -6859.049394 8.876523
50 -6645.075505 5.480027
77 -6840.874195 8.588021
244 -6815.073803 8.178480
267 -6617.469929 5.041832
55 -6609.474838 4.914923
289 -6456.719470 2.490174
171 -6909.292194 9.674048
71 -6613.445186 4.977946
126 -6814.451310 8.168599
299 -6787.621200 7.742714
515 -6512.252508 3.371673
518 -6673.741023 5.935047
113 -6421.978154 1.938711
90 -6811.039722 8.114446
150 -6683.104862 6.083683
314 -6785.333421 7.706399
126 -6475.746130 2.792192
183 -6906.257827 9.625882
372 -6872.356780 9.087757
141 -6672.754640 5.919390
491 -6555.892506 4.064389
142 -6910.259656 9.689405
334 -6488.242526 2.990553
346 -6915.720288 9.776084
202 -6724.800565 6.745536
373 -6535.724035 3.744246
220 -6618.395066 5.056518
229 -6795.308372 7.864736
277 -6579.973485 4.446636
317 -6642.738568 5.442932
212 -6744.485865 7.058009
318 -6874.169826 9.116536
207 -6809.484825 8.089764
224 -6859.182492 8.878636
622 -6803.311231 7.991768
257 -6839.229854 8.561919
456 -6830.800598 8.428118
569 -6509.705522 3.331244
679 -6797.476804 7.899156
502 -6869.990581 9.050197
445 -6345.281811 0.721278
612 -6537.654355 3.774887
510 -6623.343350 5.135064
1030 -6562.797965 4.174002
1034 -6812.445196 8.136755
