53 95.874714 4.086921
11 92.916599 7.046219
100 97.237806 2.723283
7 91.297601 8.665865
63 97.054661 2.906502
19 94.547633 5.414533
18 98.397649 1.562976
7 95.193484 4.768423
54 96.200408 3.761096
7 93.337104 6.625546
33 92.426062 7.536953
12 90.555987 9.407776
24 94.138832 5.823497
7 96.979073 2.982119
7 91.564350 8.399010
7 93.769922 6.192555
7 97.113763 2.847376
7 94.735991 5.226100
24 94.079367 5.882986
156 97.427724 2.533289
45 95.187100 4.774810
17 94.863109 5.098930
59 95.817641 4.144017
21 97.954370 2.006432
103 94.858993 5.103049
7 99.498546 0.461638
72 90.659340 9.304382
7 93.668453 6.294065
7 95.740448 4.221241
31 94.211982 5.750318
19 96.921907 3.039308
62 94.877352 5.084682
7 90.958005 9.005597
7 96.525248 3.436126
14 94.796356 5.165710
62 90.168554 9.795364
68 90.439708 9.524101
8 92.530340 7.432633
7 90.002244 9.961741
10 96.954971 3.006231
10 90.605834 9.357910
55 93.339051 6.623598
61 95.657310 4.304412
14 90.165623 9.798297
7 98.920925 1.039491
54 91.598848 8.364498
45 93.976093 5.986301
7 97.350572 2.610472
7 96.158918 3.802604
165 96.540910 3.420458
17 90.867804 9.095834
69 99.414808 0.545410
13 93.654150 6.308373
44 92.417450 7.545568
42 99.569858 0.390298
7 97.118529 2.842608
7 93.041561 6.921208
52 97.570303 2.390654
66 93.744979 6.217508
7 93.182130 6.780582
58 91.824786 8.138470
29 99.410449 0.549771
88 94.135364 5.826966
30 97.836155 2.124695
35 96.646171 3.315155
17 91.453181 8.510224
74 98.561815 1.398745
21 98.492588 1.468000
8 93.065624 6.897135
24 90.835843 9.127808
102 92.468451 7.494547
41 92.370299 7.592738
15 96.873883 3.087352
7 96.707261 3.254040
8 90.155970 9.807953
7 91.707590 8.255713
29 97.377477 2.583556
8 90.779857 9.183817
51 94.330836 5.631417
22 93.197463 6.765243
14 91.773762 8.189514
11 91.751132 8.212153
11 96.052092 3.909472
27 90.234786 9.729106
59 93.502728 6.459856
11 92.376655 7.586379
44 90.533847 9.429925
24 93.599368 6.363177
7 95.128088 4.833845
34 90.302093 9.661771
7 93.149078 6.813647
7 98.815804 1.144654
85 95.346734 4.615112
8 90.035211 9.928761
74 95.265921 4.695958
157 98.755544 1.204938
55 92.586695 7.376256
40 97.557796 2.403166
10 96.461324 3.500076
10 96.997818 2.963367
7 96.676255 3.285059
29 96.954262 3.006941
16 91.579541 8.383813
83 90.712120 9.251581
62 94.705210 5.256893
14 93.689700 6.272809
37 97.388396 2.572633
15 91.618582 8.344756
20 98.100947 1.859797
30 99.731597 0.228494
18 93.153943 6.808780
36 94.748965 5.213120
9 93.827126 6.135328
7 93.347501 6.615145
154 96.082266 3.879286
51 97.217584 2.743513
7 91.910600 8.052621
26 92.629673 7.333261
7 91.406504 8.556919
46 95.902917 4.058706
7 95.923922 4.037693
7 91.357045 8.606398
8 96.419143 3.542274
8 93.489777 6.472812
16 97.161789 2.799330
33 90.822286 9.141371
7 90.905110 9.058513
52 94.413038 5.549182
25 92.809049 7.153813
8 93.379173 6.583460
12 90.389311 9.574519
39 90.623118 9.340619
32 93.297081 6.665585
7 91.086709 8.876842
40 93.921807 6.040609
7 91.202534 8.760970
7 98.442677 1.517930
7 91.850493 8.112752
7 98.444111 1.516495
40 91.449092 8.514313
7 94.925525 5.036490
17 95.481146 4.480646
7 94.060936 5.901425
42 91.620124 8.343214
7 94.914886 5.047133
8 97.508301 2.452680
13 91.759014 8.204268
80 90.147653 9.816273
7 90.592855 9.370893
27 90.960840 9.002761
22 95.190729 4.771179
8 99.175658 0.784655
26 91.838898 8.124352
63 90.900260 9.063365
27 97.683494 2.277417
34 98.537749 1.422820
117 96.892284 3.068943
82 99.664183 0.295935
18 90.122560 9.841377
34 91.331006 8.632447
60 95.829919 4.131734
31 91.611071 8.352270
36 91.629826 8.333507
65 95.606811 4.354931
8 96.078620 3.882933
11 97.016529 2.944649
62 95.697585 4.264121
26 97.115808 2.845330
33 92.532830 7.430142
24 99.200151 0.760153
18 91.144103 8.819424
7 93.045955 6.916812
9 93.400751 6.561873
15 96.022511 3.939064
7 90.845556 9.118091
7 94.554066 5.408097
17 90.280492 9.683381
24 92.643062 7.319866
11 92.492450 7.470538
49 91.466330 8.497069
41 93.261862 6.700819
41 91.922147 8.041069
78 95.112698 4.849242
7 91.380134 8.583299
105 90.866466 9.097173
114 93.277334 6.685341
82 90.561010 9.402751
94 97.582911 2.378040
181 97.205056 2.756047
21 91.949062 8.014144
17 96.921906 3.039310
13 94.226052 5.736242
113 97.726555 2.234339
7 99.655773 0.304349
73 97.777020 2.183854
34 90.401378 9.562447
30 95.873930 4.087705
7 94.504078 5.458105
13 94.514076 5.448103
23 93.030236 6.932537
7 98.291650 1.669017
12 95.140222 4.821707
123 99.441736 0.518472
34 91.900324 8.062901
25 99.688749 0.271360
102 98.916847 1.043570
15 95.194037 4.767871
7 99.091919 0.868428
7 92.008297 7.954885
13 92.797433 7.165434
73 93.224092 6.738603
53 99.706055 0.254047
125 92.614222 7.348717
22 92.030790 7.932383
7 99.250611 0.709672
32 92.428848 7.534166
48 90.049087 9.914879
21 91.614950 8.348389
61 98.826978 1.133475
7 93.944633 6.017774
165 97.245531 2.715555
27 97.516712 2.444266
9 97.476076 2.484917
7 93.194693 6.768014
41 99.357239 0.603003
9 97.240764 2.720324
78 93.887729 6.074700
18 96.860165 3.101075
97 93.703893 6.258611
7 91.802961 8.160303
49 90.245996 9.717891
45 93.205014 6.757689
61 97.083529 2.877622
25 98.062446 1.898313
36 98.512598 1.447982
7 95.863745 4.097894
134 95.376855 4.584979
99 95.825704 4.135950
25 96.996205 2.964981
100 95.603877 4.357867
26 92.530220 7.432754
24 91.151500 8.812025
7 95.245960 4.715927
56 93.579845 6.382709
41 94.259723 5.702558
7 97.385883 2.575147
8 90.830536 9.133117
16 92.037277 7.925893
58 94.856302 5.105741
57 94.011134 5.951246
28 98.736233 1.224257
66 95.931157 4.030455
39 94.350631 5.611614
88 90.298114 9.665752
12 94.354816 5.607427
7 97.616900 2.344038
52 96.836760 3.124490
96 98.606766 1.353775
20 99.394948 0.565278
7 94.464746 5.497453
134 99.072494 0.887861
42 92.122404 7.840733
7 98.272534 1.688141
7 97.775963 2.184911
7 96.534864 3.426507
53 92.727767 7.235127
7 99.177237 0.783077
10 97.878607 2.082226
14 91.966089 7.997110
13 99.102372 0.857972
34 93.851120 6.111324
7 99.802718 0.157345
19 93.714969 6.247530
77 94.618580 5.343558
75 93.768893 6.193584
12 94.376308 5.585927
11 99.560195 0.399965
22 99.954628 0.005374
201 92.979041 6.983752
26 92.835702 7.127149
15 97.317221 2.643836
7 97.168037 2.793080
15 99.765178 0.194900
28 90.791089 9.172580
28 90.455677 9.508126
108 91.493055 8.470333
34 97.065766 2.895392
91 97.796833 2.164033
24 99.080642 0.879710
137 97.194461 2.766646
47 99.722293 0.237803
51 90.725265 9.238431
19 92.230378 7.732715
16 99.248917 0.711368
49 90.272511 9.691365
9 95.543288 4.418480
51 95.100648 4.861296
54 92.720258 7.242639
18 94.596230 5.365916
36 99.102597 0.857746
7 98.911092 1.049328
25 95.111546 4.850394
35 90.119766 9.844171
14 98.405999 1.554623
23 95.881388 4.080244
67 90.820751 9.142906
41 96.132146 3.829385
18 96.859366 3.101875
51 96.821132 3.140124
99 93.232321 6.730371
95 91.551186 8.412178
7 92.880113 7.082721
12 94.659798 5.302323
76 99.068534 0.891823
116 93.062053 6.900707
119 92.773178 7.189698
72 98.122352 1.838383
7 99.613186 0.346953
32 98.005223 1.955559
13 98.646463 1.314062
26 94.577589 5.384565
29 98.004644 1.956138
10 93.180750 6.781963
10 96.595866 3.365480
7 93.226360 6.736334
7 92.874783 7.088052
22 99.511017 0.449162
12 90.286200 9.677671
50 96.669216 3.292100
102 96.050227 3.911338
7 98.972628 0.987767
37 96.434004 3.527407
16 97.772364 2.188511
47 97.335377 2.625673
7 99.862650 0.097389
46 93.354093 6.608550
15 91.363225 8.600215
30 94.353176 5.609067
17 94.664584 5.297535
7 94.536013 5.426157
13 93.852793 6.109651
53 96.907315 3.053907
7 90.359802 9.604039
7 91.954902 8.008301
57 96.833752 3.127499
7 97.384198 2.576833
45 99.270519 0.689757
37 93.058350 6.904412
41 93.557193 6.405369
7 93.785585 6.176886
50 96.677642 3.283671
27 98.597893 1.362652
7 96.792956 3.168311
7 99.860026 0.100014
7 93.761953 6.200527
60 98.295290 1.665376
43 91.736080 8.227211
10 96.208773 3.752728
7 92.885462 7.077368
87 92.407265 7.555758
7 98.998644 0.961741
14 94.117524 5.844814
7 95.056062 4.905901
53 90.341240 9.622609
9 91.376495 8.586940
7 99.245224 0.715062
53 92.538999 7.423971
27 99.906635 0.053386
109 92.047010 7.916156
7 91.043883 8.919684
58 93.856247 6.106196
81 91.124272 8.839264
62 98.386676 1.573954
8 98.232802 1.727889
29 95.630881 4.330852
32 97.648620 2.312305
13 94.794511 5.167556
82 99.006676 0.953705
47 95.710807 4.250894
68 95.627708 4.334026
76 98.307211 1.653450
7 93.806729 6.155733
35 96.867849 3.093388
55 98.964587 0.995811
15 98.396358 1.564268
28 91.938076 8.025134
7 95.764287 4.197392
7 98.626588 1.333945
7 98.917886 1.042531
39 90.732473 9.231219
103 90.598118 9.365629
15 94.224058 5.738237
7 95.998599 3.962986
7 97.881784 2.079048
41 95.189734 4.772175
109 90.786116 9.177555
7 99.378002 0.582231
67 91.529717 8.433657
15 96.764582 3.196696
9 94.211589 5.750712
41 92.845098 7.117749
7 90.319362 9.644496
7 98.288503 1.672166
7 93.599507 6.363038
62 92.211437 7.751664
7 91.912381 8.050839
7 95.335025 4.626825
14 95.617339 4.344399
7 97.854123 2.106720
18 93.223539 6.739156
91 98.429222 1.531391
7 98.110660 1.850080
56 99.082337 0.878014
7 92.190799 7.772310
19 98.056513 1.904248
14 92.255752 7.707331
38 93.758184 6.204297
7 90.841007 9.122642
13 99.747347 0.212738
85 91.594795 8.368553
7 96.025273 3.936302
7 91.637687 8.325643
14 90.774399 9.189276
41 98.952373 1.008030
22 97.863386 2.097453
22 94.456747 5.505455
25 91.495043 8.468344
25 94.184654 5.777657
50 93.256132 6.706550
224 94.520786 5.441391
63 94.063769 5.898591
24 98.664137 1.296381
7 99.710414 0.249686
7 92.736394 7.226497
53 91.839181 8.124069
68 96.128626 3.832907
18 90.112936 9.851004
23 99.661552 0.298568
7 92.237426 7.725665
174 99.589270 0.370879
52 91.650564 8.312761
17 97.418033 2.542984
99 97.925607 2.035207
73 98.422273 1.538342
7 95.732302 4.229390
66 90.672658 9.291059
47 99.181794 0.778517
10 99.423875 0.536339
15 92.125369 7.837766
56 97.581573 2.379379
22 96.668684 3.292633
31 92.667488 7.295430
7 93.893688 6.068740
11 94.677307 5.284807
7 95.640725 4.321003
16 91.189578 8.773932
7 97.709419 2.251482
24 96.586085 3.375266
18 99.594128 0.366018
9 93.980719 5.981674
19 90.347927 9.615919
56 97.676704 2.284210
37 94.781984 5.180088
7 99.242669 0.717618
20 94.008097 5.954285
45 96.380942 3.580490
11 91.723302 8.239994
7 90.628096 9.335638
7 96.653820 3.307503
24 91.011900 8.951681
7 91.538165 8.425206
87 96.262942 3.698537
7 92.499404 7.463581
55 91.582437 8.380916
14 97.207238 2.753864
7 91.577158 8.386197
7 90.611340 9.352401
14 93.287304 6.675366
19 92.418134 7.544884
30 94.943832 5.018176
38 97.292818 2.668250
99 98.364610 1.596028
25 99.485918 0.474272
61 96.569257 3.392099
7 93.053621 6.909143
59 90.587200 9.376550
7 90.909453 9.054169
76 99.104456 0.855886
31 96.551733 3.409630
7 93.317060 6.645598
11 95.957368 4.004234
11 95.398357 4.563469
7 91.740893 8.222396
28 91.266633 8.696846
24 90.222216 9.741680
42 98.358801 1.601840
7 98.996043 0.964342
7 97.516182 2.444796
33 95.794181 4.167486
12 93.574575 6.387980
8 93.478166 6.484428
28 99.701873 0.258230
7 92.240338 7.722751
19 93.537266 6.425304
80 96.604029 3.357314
15 94.647062 5.315064
57 92.240000 7.723089
68 91.366883 8.596556
29 93.503073 6.459511
21 97.722085 2.238811
21 95.951233 4.010371
40 95.375030 4.586805
11 94.404728 5.557495
83 94.911070 5.050950
157 98.884604 1.075826
15 93.367186 6.595452
151 96.939553 3.021656
7 91.428762 8.534652
8 92.457815 7.505187
8 96.863479 3.097760
8 90.941830 9.021779
16 91.584716 8.378635
27 95.739683 4.222006
24 98.590858 1.369690
7 96.208767 3.752734
59 97.097307 2.863838
9 98.649153 1.311371
288 94.244471 5.717816
7 99.173810 0.786504
49 94.204283 5.758020
21 97.550593 2.410371
28 95.603422 4.358321
97 93.470590 6.492007
21 95.123149 4.838787
9 90.280700 9.683173
7 99.498613 0.461572
7 99.573837 0.386318
73 90.726221 9.237474
25 96.764725 3.196553
9 94.742871 5.219217
46 98.417884 1.542733
9 98.537815 1.422754
19 97.837380 2.123469
49 97.306619 2.654443
66 95.946725 4.014881
13 92.863939 7.098900
15 97.552542 2.408421
7 94.293315 5.668952
30 98.500242 1.460342
11 92.995725 6.967061
8 98.157737 1.802984
9 97.752497 2.208386
19 93.405108 6.557515
15 96.614499 3.346839
7 92.720978 7.241919
21 94.980938 4.981054
134 97.920322 2.040494
7 97.388619 2.572410
7 97.961831 1.998969
37 93.524458 6.438117
23 92.653983 7.308940
17 91.623700 8.339636
102 92.175169 7.787947
38 97.368965 2.592072
60 90.845585 9.118062
23 99.207637 0.752664
147 90.362667 9.601173
9 91.625750 8.337586
7 91.953699 8.009505
24 93.264021 6.698658
44 97.000436 2.960749
7 91.048765 8.914801
15 99.486304 0.473886
7 99.507070 0.453111
30 91.090666 8.872883
17 92.347469 7.615577
8 90.169536 9.794382
65 92.331685 7.631368
7 97.976859 1.983935
58 93.332746 6.629906
11 93.590802 6.371746
15 90.800998 9.162667
37 91.359115 8.604327
15 92.739877 7.223012
7 97.405170 2.555853
23 95.415562 4.546256
34 98.362411 1.598228
35 93.760514 6.201967
47 96.737423 3.223866
15 92.766537 7.196342
9 90.235992 9.727899
7 90.374035 9.589801
24 98.047421 1.913344
37 91.787515 8.175755
9 93.496601 6.465985
20 96.647263 3.314063
7 95.305466 4.656396
15 94.859007 5.103034
15 91.837649 8.125602
26 95.028789 4.933184
8 96.688051 3.273259
73 92.858113 7.104729
7 93.582063 6.380489
48 96.825571 3.135684
44 93.420243 6.542374
61 93.743965 6.218523
23 99.284353 0.675917
36 91.258501 8.704981
7 91.736674 8.226616
17 96.435966 3.525444
16 94.692735 5.269372
13 96.241835 3.719653
35 91.770896 8.192381
67 91.176418 8.787097
28 95.738699 4.222991
18 93.992364 5.970024
7 92.649469 7.313457
131 93.586841 6.375710
7 91.652565 8.310760
23 92.988681 6.974109
7 94.147478 5.814848
33 93.039444 6.923325
171 91.246540 8.716947
46 92.374946 7.588089
7 97.617251 2.343687
63 91.630641 8.332693
7 91.781558 8.181715
54 94.251756 5.710529
7 91.203922 8.759582
9 96.830831 3.130421
18 97.601356 2.359588
21 96.310331 3.651129
12 92.497972 7.465014
14 97.325044 2.636011
7 94.646660 5.315466
7 93.571338 6.391219
7 98.639985 1.320543
55 98.000069 1.960715
24 98.744735 1.215751
7 92.492540 7.470448
126 90.266103 9.697776
7 92.217980 7.745118
8 97.879919 2.080913
35 98.006510 1.954272
10 95.866222 4.095417
7 96.319036 3.642421
11 95.267367 4.694511
85 97.374285 2.586750
30 97.171611 2.789505
57 91.773760 8.189516
54 95.531192 4.430580
110 95.339444 4.622405
105 95.381346 4.580486
54 92.931735 7.031077
33 97.460235 2.500766
7 95.104411 4.857532
25 98.747816 1.212669
33 97.918548 2.042269
49 91.383790 8.579642
10 94.732600 5.229492
9 96.146293 3.815233
40 99.065531 0.894826
78 94.767667 5.194411
23 92.874831 7.088005
27 96.572496 3.388860
7 99.308972 0.651289
7 91.462824 8.500576
7 92.172997 7.790119
81 98.045057 1.915710
79 93.224432 6.738263
31 90.631454 9.332279
84 98.475503 1.485091
92 90.113192 9.850748
22 97.255805 2.705277
7 97.096976 2.864170
20 92.147443 7.815683
17 98.217682 1.743015
48 90.630294 9.333439
16 91.437037 8.526373
7 96.968314 2.992883
7 90.964051 8.999549
7 95.270973 4.690903
26 91.868921 8.094317
15 96.491969 3.469419
7 95.827460 4.134193
7 90.995339 8.968248
16 98.377180 1.583454
9 99.800831 0.159232
7 98.467710 1.492887
28 91.770979 8.192298
41 98.653708 1.306814
42 96.588637 3.372712
22 91.905518 8.057705
7 91.438657 8.524753
8 98.772586 1.187889
20 99.551170 0.408994
26 96.369305 3.592132
43 93.692714 6.269794
7 98.713053 1.247446
26 91.306034 8.657429
118 90.721551 9.242146
7 91.034632 8.928940
32 94.438564 5.523646
18 90.337830 9.626021
100 97.010754 2.950426
9 98.017974 1.942803
87 92.154969 7.808154
11 95.728530 4.233163
15 97.484092 2.476899
21 97.231617 2.729475
15 90.395306 9.568521
19 89.980314 9.983680
19 92.552283 7.410681
7 98.820355 1.140101
84 90.449286 9.514520
16 98.975415 0.984979
18 95.764938 4.196741
11 92.529081 7.433893
31 93.063428 6.899332
7 90.176878 9.787037
10 94.161135 5.801186
39 97.072893 2.888263
25 95.529089 4.432684
7 93.730081 6.232412
7 95.586148 4.375602
31 94.607300 5.354841
13 96.172377 3.789139
29 90.700899 9.262806
47 93.328699 6.633955
30 90.971186 8.992411
38 96.618757 3.342580
7 95.398626 4.563199
7 93.230819 6.731874
18 92.073575 7.889581
214 96.951105 3.010099
179 95.602517 4.359227
33 99.038236 0.922133
16 99.665111 0.295007
33 97.819702 2.141154
38 99.089429 0.870919
25 97.671260 2.289656
29 91.057289 8.906274
119 97.045481 2.915685
90 98.074662 1.886093
8 94.239394 5.722895
14 93.588091 6.374459
13 98.826983 1.133471
69 94.380256 5.581977
23 93.354851 6.607792
31 96.744271 3.217016
7 91.956543 8.006659
32 92.617191 7.345747
30 97.229272 2.731821
10 90.066585 9.897374
26 93.969736 5.992661
9 95.199361 4.762544
68 93.022331 6.940445
41 96.343711 3.617736
48 95.404359 4.557464
114 90.794115 9.169553
41 93.294842 6.667825
73 90.144319 9.819609
51 99.074541 0.885814
11 93.256629 6.706053
7 90.897514 9.066113
13 92.029997 7.933176
64 96.587981 3.373369
38 94.362144 5.600096
21 93.159208 6.803514
41 91.063158 8.900402
44 92.650127 7.312798
54 94.918442 5.043576
26 91.192195 8.771313
21 99.550678 0.409485
7 91.166566 8.796952
35 99.405291 0.554931
27 90.227295 9.736599
19 96.315450 3.646008
10 97.930503 2.030309
57 92.217720 7.745378
109 92.931604 7.031208
7 99.513295 0.446884
24 97.780729 2.180144
7 95.855873 4.105769
18 95.157601 4.804320
11 96.737928 3.223362
7 97.783916 2.176954
164 94.158684 5.803637
15 94.070357 5.891999
7 90.033383 9.930589
17 95.870718 4.090918
19 98.693644 1.266863
29 92.905765 7.057058
8 97.738656 2.222233
55 93.204182 6.758522
7 93.511238 6.451343
57 91.965059 7.998140
42 95.932568 4.029044
171 97.161957 2.799162
22 98.313548 1.647111
57 95.883065 4.078566
13 95.536059 4.425711
26 90.469219 9.494579
41 94.222048 5.740248
7 93.442558 6.520050
7 98.353285 1.607358
11 95.421213 4.540603
7 92.372120 7.590916
11 95.134059 4.827873
45 96.084138 3.877413
11 90.989596 8.973994
19 91.114625 8.848915
94 91.659768 8.303554
27 93.899191 6.063234
33 92.980694 6.982098
7 99.558547 0.401613
34 92.034414 7.928757
7 97.206256 2.754845
7 98.888177 1.072252
11 97.193314 2.767793
22 91.674054 8.289262
8 90.482347 9.481445
14 93.646181 6.316346
63 91.005123 8.958460
12 99.026544 0.933830
41 99.097372 0.862973
12 96.936033 3.025177
86 96.030617 3.930955
13 99.032166 0.928205
55 97.377547 2.583486
44 93.793116 6.169351
64 95.298203 4.663662
29 92.099604 7.863541
42 95.240385 4.721503
50 90.568395 9.395363
45 90.713654 9.250046
7 95.770069 4.191608
116 98.320831 1.639825
18 96.502197 3.459187
51 95.218692 4.743205
7 90.913564 9.050056
55 99.303713 0.656550
10 91.206763 8.756739
19 94.778780 5.183294
8 98.762658 1.197821
17 91.828924 8.134330
55 92.990539 6.972250
63 94.769109 5.192968
33 98.699094 1.261410
7 91.446379 8.517028
25 93.172395 6.790321
20 97.388919 2.572110
52 95.824264 4.137391
30 90.551403 9.412362
7 99.837806 0.122243
133 93.598891 6.363654
9 91.698143 8.265163
35 95.106845 4.855097
8 96.039484 3.922085
12 93.360409 6.602232
47 91.688420 8.274890
23 91.185685 8.777827
7 93.915769 6.046650
56 96.422702 3.538714
41 96.798177 3.163088
20 96.593762 3.367585
8 93.963492 5.998907
7 90.029564 9.934410
31 94.372734 5.589502
20 93.038169 6.924600
80 91.196589 8.766918
29 96.434975 3.526435
56 94.956302 5.005701
269 92.618480 7.344457
62 92.280576 7.682497
10 92.693312 7.269596
7 96.323850 3.637605
7 99.544792 0.415374
9 90.855431 9.108212
14 93.682629 6.279883
24 95.757295 4.204387
83 90.656934 9.306789
7 97.186701 2.774408
8 93.816725 6.145733
121 93.708625 6.253876
10 99.504926 0.455256
7 96.757752 3.203529
31 99.206960 0.753341
14 91.242488 8.721000
53 92.721336 7.241560
31 92.037388 7.925783
82 95.031167 4.930805
31 99.243348 0.716939
21 97.891264 2.069564
28 98.384775 1.575855
61 94.264505 5.697774
21 90.744955 9.218733
27 91.454148 8.509256
55 92.081766 7.881386
7 93.381965 6.580667
26 90.576839 9.386916
7 94.668527 5.293591
7 94.322277 5.639979
29 95.044359 4.917608
14 92.911766 7.051054
90 90.481741 9.482052
15 98.436203 1.524407
55 90.747741 9.215945
33 96.369103 3.592334
23 94.939637 5.022372
7 94.133833 5.828499
168 94.418122 5.544095
66 90.500912 9.462873
44 97.062321 2.898839
17 98.490684 1.469904
92 94.683787 5.278325
77 93.188820 6.773889
27 94.735758 5.226333
23 99.213980 0.746319
7 91.645951 8.317376
14 96.150892 3.810632
26 91.738938 8.224352
38 92.041436 7.921733
7 91.733335 8.229957
27 95.190080 4.771829
7 98.498556 1.462029
27 92.974456 6.988339
61 92.894600 7.068227
9 94.109614 5.852727
41 90.334041 9.629811
23 90.741523 9.222166
16 99.165210 0.795108
22 93.317095 6.645563
9 91.351216 8.612229
34 98.705939 1.254563
12 97.987924 1.972865
41 94.684543 5.277568
11 96.255587 3.705895
92 97.478041 2.482953
7 95.166628 4.795290
21 95.425765 4.536049
28 93.743130 6.219358
33 96.365894 3.595544
16 96.579694 3.381658
7 94.783455 5.178617
57 98.599626 1.360919
186 93.768930 6.193547
21 98.379789 1.580843
55 93.928731 6.033683
12 90.417081 9.546737
23 98.101766 1.858978
53 94.659341 5.302780
61 92.065258 7.897902
17 95.499327 4.462458
10 92.013950 7.949230
53 94.521570 5.440606
57 92.195452 7.767655
42 91.063309 8.900251
14 97.428744 2.532269
131 97.078176 2.882977
14 99.342672 0.617575
7 94.995314 4.966672
62 90.302036 9.661829
7 95.144685 4.817242
60 99.415876 0.544342
22 95.645351 4.316375
38 90.079482 9.884472
27 91.244885 8.718602
33 98.796689 1.163777
48 90.601860 9.361885
29 97.199010 2.762095
15 94.983351 4.978640
18 96.603633 3.357710
42 95.776703 4.184971
13 91.751468 8.211817
45 93.826499 6.135955
9 92.155415 7.807709
15 98.829807 1.130645
63 95.999232 3.962353
8 92.074226 7.888929
7 91.560258 8.403104
23 99.181789 0.778522
7 95.952305 4.009298
49 97.389352 2.571676
10 99.262111 0.698169
30 90.368051 9.595787
32 98.372481 1.588155
7 99.909503 0.050517
68 91.376514 8.586921
37 96.626913 3.334420
71 93.984435 5.977956
74 94.262663 5.699617
55 95.450815 4.510990
9 92.772817 7.190060
83 91.293879 8.669589
16 98.032461 1.928311
87 95.648829 4.312896
38 93.869397 6.093040
7 97.990903 1.969885
7 95.855809 4.105833
40 92.230708 7.732385
78 95.597495 4.364251
7 94.268530 5.693748
41 97.653283 2.307640
12 91.838409 8.124841
7 99.226966 0.733327
217 96.854249 3.106994
103 92.950109 7.012696
21 92.479270 7.483723
22 96.377313 3.584121
7 93.745309 6.217178
55 91.156148 8.807375
28 95.585086 4.376664
12 97.137826 2.823303
77 90.855970 9.107674
27 92.201466 7.761639
20 93.766808 6.195670
34 97.474256 2.486738
15 90.840965 9.122684
174 98.152204 1.808519
7 91.433408 8.530004
7 95.940344 4.021265
56 99.415996 0.544222
7 93.521283 6.441294
41 90.610409 9.353332
7 98.572035 1.388521
15 98.912563 1.047856
29 93.951625 6.010779
42 92.663766 7.299154
7 92.986734 6.976056
7 92.597551 7.365395
10 95.970076 3.991520
7 90.363189 9.600651
29 90.076423 9.887532
7 95.040709 4.921260
7 99.165631 0.794687
20 98.868986 1.091451
88 96.678034 3.283279
33 92.896305 7.066522
33 95.548341 4.413425
39 95.165495 4.796424
73 99.197898 0.762407
7 91.862207 8.101033
7 97.809786 2.151075
19 91.843546 8.119702
58 95.767179 4.194499
55 98.397880 1.562746
7 95.975174 3.986420
58 95.878365 4.083268
11 96.340942 3.620506
24 99.375453 0.584781
29 95.739671 4.222018
93 94.242708 5.719580
7 92.194807 7.768301
28 94.343667 5.618580
19 99.455892 0.504310
39 92.452482 7.510522
133 97.881260 2.079572
33 91.459384 8.504018
59 98.451892 1.508711
20 98.891725 1.068702
40 98.014595 1.946183
16 96.712325 3.248975
116 90.705846 9.257857
7 99.925624 0.034389
83 91.752736 8.210548
15 95.830209 4.131444
29 93.104212 6.858531
28 97.841669 2.119179
7 95.213802 4.748097
7 93.469722 6.492875
28 97.477461 2.483532
96 97.758776 2.202105
49 98.939681 1.020727
23 95.202743 4.759161
55 94.626564 5.335570
12 91.057744 8.905818
41 99.115796 0.844541
37 95.189413 4.772496
28 90.466156 9.497643
7 96.395551 3.565876
98 97.644444 2.316483
8 93.595528 6.367019
18 91.422355 8.541061
7 97.369048 2.591988
79 90.477445 9.486349
73 96.845929 3.115317
22 93.330898 6.631755
7 99.372274 0.587962
53 92.798822 7.164044
30 91.053994 8.909569
7 96.058440 3.903121
108 90.301584 9.662281
45 93.571321 6.391236
42 98.184670 1.776041
43 96.170274 3.791242
46 91.245757 8.717731
96 93.695091 6.267416
41 94.900009 5.062016
25 90.671560 9.292157
9 98.140416 1.820313
7 91.199464 8.764042
30 97.368908 2.592129
11 93.280304 6.682369
69 99.190438 0.769870
111 91.583981 8.379371
41 98.886081 1.074349
156 99.925781 0.034232
13 95.024625 4.937350
30 92.068180 7.894978
90 93.810828 6.151633
16 93.181103 6.781609
17 98.817148 1.143310
19 99.409162 0.551059
9 94.989901 4.972088
19 95.863488 4.098151
55 97.987330 1.973459
39 93.676403 6.286112
7 92.565413 7.397546
14 98.684573 1.275938
130 93.757423 6.205059
21 95.218551 4.743346
41 93.281014 6.681659
51 93.978698 5.983695
7 99.729086 0.231006
44 94.970769 4.991228
17 91.285242 8.678229
41 97.783853 2.177018
37 94.498069 5.464116
7 92.986923 6.975867
38 90.991667 8.971922
20 93.854557 6.107886
105 93.506797 6.455785
29 90.204219 9.759685
13 95.453925 4.507878
39 97.287725 2.673345
7 98.335553 1.625097
26 90.341944 9.621905
7 96.536299 3.425071
54 97.565452 2.395506
14 95.038034 4.923936
17 90.820474 9.143183
21 91.967771 7.995427
13 92.112229 7.850911
47 92.050518 7.912647
59 93.963844 5.998556
26 92.471231 7.491766
15 99.657931 0.302190
32 94.154664 5.807659
38 94.136860 5.825470
40 96.718846 3.242451
57 97.261665 2.699414
62 93.355784 6.606859
35 94.896412 5.065614
24 95.159001 4.802920
38 92.152875 7.810249
24 98.171684 1.789031
32 93.455373 6.507230
7 99.169248 0.791069
51 98.982327 0.978064
41 96.148172 3.813353
29 95.135377 4.826554
17 92.289326 7.673743
72 96.067098 3.894460
15 93.733272 6.229219
112 93.606035 6.356508
7 92.987530 6.975260
13 91.267207 8.696272
86 93.351571 6.611074
12 97.978160 1.982634
80 93.928215 6.034199
17 96.073413 3.888142
126 93.754805 6.207678
8 97.349088 2.611957
7 92.273309 7.689767
11 93.440745 6.521863
8 93.305690 6.656973
7 96.739002 3.222286
7 99.083632 0.876719
28 90.328180 9.635674
41 97.542425 2.418543
10 90.597566 9.366181
7 97.127853 2.833281
30 90.463109 9.500691
14 90.843114 9.120534
16 98.664349 1.296169
55 94.424762 5.537453
71 99.831777 0.128274
29 93.109055 6.853686
86 99.370990 0.589245
21 97.776981 2.183892
85 93.315962 6.646697
20 93.144845 6.817882
26 94.522358 5.439818
12 99.492764 0.467423
106 99.596256 0.363889
18 90.314525 9.649334
7 92.308136 7.654926
7 95.126515 4.835419
26 90.270240 9.693638
8 95.003753 4.958230
27 95.299478 4.662387
18 97.156552 2.804570
35 90.087578 9.876373
81 94.116905 5.845433
12 93.258525 6.704157
34 93.211984 6.750717
7 99.319159 0.641097
27 97.587753 2.373196
44 99.524848 0.435326
7 92.017425 7.945753
24 91.117947 8.845592
28 91.766917 8.196362
34 95.518883 4.442894
7 99.324261 0.635993
30 93.328142 6.634511
12 93.342536 6.620112
14 94.866159 5.095880
16 95.413981 4.547838
14 94.050236 5.912128
13 90.583970 9.379782
30 97.924116 2.036699
17 97.105816 2.855326
47 94.906779 5.055243
30 99.808195 0.151866
40 90.997073 8.966514
13 91.926545 8.036669
14 92.219700 7.743397
7 94.815960 5.146099
7 97.371050 2.589986
27 91.603881 8.359463
8 95.942462 4.019145
29 99.599555 0.360589
64 92.352494 7.610550
67 90.178170 9.785745
11 97.973536 1.987259
29 98.068254 1.892503
57 93.225068 6.737627
7 90.011177 9.952804
9 90.450893 9.512912
10 99.901254 0.058769
7 90.473935 9.489861
7 94.566720 5.395438
14 91.212864 8.750636
42 94.636780 5.325350
7 98.318579 1.642078
24 97.685526 2.275384
7 98.920429 1.039987
7 98.901592 1.058832
11 92.709204 7.253698
45 92.377962 7.585072
23 91.716165 8.247134
23 95.992475 3.969112
13 91.714440 8.248859
54 93.656464 6.306058
7 91.594481 8.368867
78 92.760401 7.202480
83 90.032770 9.931202
65 92.333513 7.629539
43 92.584573 7.378378
39 98.030215 1.930558
26 97.091689 2.869458
47 99.635532 0.324597
20 99.921411 0.038604
18 98.141602 1.819126
55 99.033665 0.926706
10 95.473034 4.488762
8 98.813585 1.146874
21 94.893388 5.068639
23 99.140181 0.820147
7 99.616602 0.343535
58 97.620612 2.340324
39 91.124026 8.839510
49 96.803747 3.157516
80 98.713226 1.247273
81 90.601581 9.362164
11 91.140925 8.822605
27 98.594877 1.365669
20 93.630709 6.331823
7 96.340924 3.620524
35 91.365503 8.597936
7 90.818121 9.145537
17 98.901134 1.059289
13 95.608085 4.353656
33 97.954871 2.005931
14 93.004396 6.958387
7 98.605152 1.355390
155 95.450450 4.511355
17 96.517255 3.444123
153 90.085036 9.878915
15 91.433699 8.529713
11 91.434817 8.528594
8 96.222930 3.738565
70 92.631141 7.331791
7 99.352128 0.608115
65 91.011963 8.951618
91 91.688814 8.274496
78 98.670507 1.290009
11 97.009023 2.952158
105 99.611093 0.349047
29 92.797135 7.165732
22 94.042782 5.919586
166 90.512985 9.450796
31 89.995448 9.968539
57 90.307874 9.655989
21 91.016143 8.947436
31 96.862746 3.098494
16 97.743879 2.217007
7 90.838086 9.125565
39 90.442004 9.521805
7 99.924951 0.035063
29 94.765442 5.196636
57 96.962221 2.998978
8 94.984081 4.977910
13 95.478407 4.483386
10 91.983130 7.980062
21 98.146207 1.814519
44 96.094332 3.867215
9 92.835093 7.127758
43 98.990201 0.970187
8 98.700448 1.260056
17 98.640610 1.319918
96 97.199548 2.761557
18 95.418365 4.543453
63 96.733282 3.228010
18 96.288071 3.673398
7 97.740314 2.220574
11 98.452330 1.508273
30 96.644381 3.316946
11 98.251405 1.709278
66 97.804458 2.156405
7 98.379605 1.581027
37 94.395945 5.566281
80 95.220836 4.741060
28 93.866807 6.095632
28 97.549072 2.411893
16 97.302174 2.658890
7 96.767560 3.193717
10 90.819210 9.144448
19 99.477432 0.482761
53 92.906559 7.056263
7 90.540477 9.423292
7 98.756377 1.204105
13 92.553916 7.409048
60 92.305441 7.657622
21 97.298069 2.662996
63 98.850869 1.109575
63 97.122590 2.838546
26 95.757856 4.203825
8 99.604211 0.355931
7 90.698738 9.264968
51 96.460731 3.500669
60 95.253322 4.708561
35 98.427134 1.533480
19 90.674718 9.288998
100 97.433698 2.527313
27 98.212461 1.748239
21 97.984360 1.976431
10 93.852455 6.109989
7 98.703760 1.256742
7 90.709089 9.254612
7 99.920721 0.039295
44 98.111215 1.849525
55 97.609551 2.351389
57 93.066760 6.895998
25 95.964686 3.996913
7 99.406376 0.553846
28 94.140965 5.821363
30 95.299070 4.662795
25 99.083637 0.876713
7 97.504692 2.456290
164 90.609712 9.354030
56 99.234400 0.725891
51 94.454591 5.507612
7 93.405791 6.556832
30 92.352495 7.610549
7 93.883999 6.078432
7 91.030812 8.932762
48 97.047452 2.913714
7 91.060333 8.903228
13 99.481664 0.478527
30 90.569735 9.394022
19 96.183941 3.777570
7 90.814156 9.149504
10 90.810306 9.153355
32 95.686001 4.275709
80 96.534832 3.426539
90 91.084408 8.879144
78 93.610536 6.352005
44 97.655399 2.305524
14 91.214239 8.749261
25 93.324713 6.637942
7 98.034521 1.926249
18 94.202913 5.759391
41 93.820443 6.142014
100 91.647874 8.315452
7 91.108638 8.854904
26 94.965657 4.996341
11 94.507715 5.454467
7 99.611973 0.348167
7 95.174565 4.787350
7 99.848105 0.111940
7 98.658717 1.301804
14 95.542862 4.418905
8 93.064391 6.898369
106 96.905266 3.055956
11 91.644817 8.318511
7 92.666171 7.296748
22 92.880578 7.082255
21 97.059718 2.901442
60 97.963433 1.997366
40 91.136655 8.826876
83 92.912820 7.050000
56 91.474318 8.489078
77 90.139084 9.824846
83 93.845790 6.116657
30 95.840402 4.121247
13 99.364412 0.595827
113 96.753370 3.207913
9 93.684568 6.277944
17 90.727021 9.236674
7 96.707364 3.253938
31 98.784919 1.175551
47 90.487053 9.476738
34 92.654919 7.308004
7 97.289619 2.671449
21 91.390920 8.572509
7 96.056326 3.905236
70 98.451006 1.509598
7 90.276533 9.687342
10 93.158239 6.804483
92 91.234542 8.728949
40 91.785787 8.177484
7 90.774645 9.189031
58 90.169412 9.794506
7 94.030199 5.932174
59 95.079817 4.882136
24 91.200156 8.763350
32 97.533918 2.427053
54 99.568597 0.391560
7 93.713394 6.249106
57 98.870571 1.089865
103 97.989196 1.971593
24 94.408264 5.553957
10 98.018909 1.941868
25 91.478211 8.485183
19 95.573827 4.387928
12 94.499624 5.462561
34 90.929960 9.033653
29 92.676009 7.286905
7 96.232035 3.729456
66 94.258380 5.703901
14 98.702555 1.257948
18 98.601931 1.358613
97 99.170448 0.789868
28 95.345936 4.615910
19 91.730875 8.232418
15 96.279636 3.681837
43 95.137237 4.824693
25 94.150076 5.812249
7 96.554041 3.407322
15 90.532792 9.430980
12 95.259505 4.702376
19 92.521828 7.441148
44 99.857399 0.102642
10 98.792852 1.167615
83 92.939673 7.023137
7 96.861439 3.099801
31 92.219837 7.743260
125 90.239337 9.724553
7 94.136209 5.826122
17 91.343606 8.619842
66 94.531104 5.431069
7 95.973518 3.988078
30 93.887329 6.075101
41 94.589954 5.372195
39 97.423330 2.537685
30 92.850355 7.112490
103 91.051620 8.911945
7 94.584415 5.377737
13 93.100034 6.862711
42 98.275947 1.684727
96 91.157330 8.806192
26 93.362432 6.600208
16 93.369338 6.593299
7 92.296571 7.666495
57 96.528311 3.433062
16 91.918596 8.044622
14 94.678135 5.283979
12 98.097432 1.863313
7 91.345507 8.617940
12 93.153909 6.808814
42 94.674319 5.287796
70 91.793206 8.170062
7 96.342148 3.619300
24 99.011679 0.948701
7 97.985047 1.975743
8 98.989356 0.971033
136 96.048178 3.913387
36 97.239247 2.721842
7 97.378148 2.582885
49 98.756978 1.203503
14 90.144371 9.819557
30 92.155766 7.807357
30 92.071049 7.892108
21 99.605235 0.354907
7 95.086173 4.875777
7 91.936044 8.027167
23 97.750674 2.210210
17 92.923422 7.039394
43 91.446501 8.516906
99 96.009661 3.951919
38 91.094050 8.869497
53 98.090004 1.870744
7 92.619769 7.343168
24 91.360285 8.603156
44 96.064813 3.896745
36 99.412377 0.547842
178 92.977934 6.984860
95 92.532877 7.430095
13 96.286516 3.674954
55 98.199213 1.761491
31 96.312603 3.648857
15 93.537263 6.425307
10 95.631867 4.329865
29 99.813805 0.146253
7 91.193784 8.769724
47 96.451193 3.510211
7 90.649813 9.313912
32 93.111897 6.850844
14 93.782496 6.179976
17 91.176465 8.787050
13 96.965627 2.995571
38 98.551111 1.409453
109 98.048977 1.911788
19 99.283585 0.676685
7 93.973241 5.989155
73 90.772857 9.190819
8 93.219733 6.742964
8 92.917537 7.045281
27 91.221133 8.742364
38 90.366459 9.597380
71 95.800676 4.160988
71 97.282997 2.678075
12 93.443714 6.518894
25 97.646480 2.314446
9 90.649625 9.314100
7 91.924585 8.038630
17 93.969163 5.993235
29 95.063388 4.898572
7 92.910499 7.052321
17 96.905976 3.055247
9 94.277998 5.684276
22 93.597280 6.365266
62 97.367690 2.593347
73 95.699286 4.262419
39 94.884078 5.077954
51 99.840690 0.119357
7 96.836871 3.124378
48 90.888788 9.074842
59 92.630746 7.332187
7 98.289279 1.671389
12 93.062572 6.900189
115 93.717577 6.244921
18 98.264363 1.696315
198 92.525707 7.437268
30 95.321541 4.640316
61 95.120743 4.841194
41 91.102997 8.860547
88 96.418225 3.543192
7 90.897202 9.066424
27 90.702991 9.260713
61 91.669362 8.293956
9 94.779291 5.182782
8 90.356060 9.607783
24 94.355073 5.607170
15 90.342874 9.620975
281 93.158701 6.804020
21 95.518901 4.442876
40 94.013163 5.949217
74 90.137697 9.826234
9 92.326469 7.636586
7 98.625134 1.335400
26 94.203408 5.758895
82 96.383272 3.578159
42 95.825125 4.136530
14 95.425267 4.536548
7 97.671267 2.289649
7 96.654130 3.307193
59 90.227690 9.736205
55 91.653091 8.310233
7 92.471360 7.491636
18 99.429574 0.530639
63 98.976665 0.983729
18 94.993787 4.968201
10 96.999792 2.961392
15 96.525402 3.435973
19 90.509282 9.454500
11 90.701587 9.262117
137 92.506931 7.456052
20 98.624279 1.336256
146 90.394611 9.569216
10 90.833886 9.129766
81 94.219115 5.743182
43 91.755432 8.207851
16 98.218380 1.742317
17 96.074558 3.886997
24 97.439712 2.521297
9 98.085430 1.875320
27 93.560884 6.401677
21 97.186412 2.774698
16 97.132979 2.828153
11 91.405999 8.557424
7 97.778878 2.181995
17 96.934061 3.027149
9 95.639794 4.321935
16 98.569564 1.390992
47 92.925138 7.037677
27 95.767428 4.194250
10 90.975623 8.987972
7 93.179282 6.783431
12 94.474283 5.487912
7 94.096674 5.865673
17 91.369291 8.594146
27 93.361318 6.601323
59 94.847188 5.114858
33 91.040398 8.923171
43 90.914555 9.049065
9 93.889917 6.072512
40 92.323510 7.639545
89 96.126463 3.835071
37 94.503802 5.458381
18 90.835598 9.128053
15 91.221169 8.742328
26 93.614092 6.348448
27 97.083319 2.877832
7 96.860981 3.100259
26 99.888329 0.071700
50 98.263245 1.697434
7 99.247939 0.712346
7 98.736290 1.224200
22 97.578376 2.382577
7 90.609415 9.354326
13 96.204988 3.756514
36 93.556866 6.405696
78 94.874529 5.087506
63 95.163959 4.797961
12 90.400287 9.563539
13 98.309054 1.651607
17 90.207019 9.756884
42 91.022987 8.940589
12 95.512692 4.449088
54 95.468061 4.493737
29 97.261470 2.699609
34 97.520438 2.440538
16 96.574520 3.386834
30 96.972933 2.988262
17 90.629707 9.334027
53 91.590248 8.373101
19 96.941668 3.019540
13 97.031402 2.929770
15 91.978438 7.984756
105 96.890975 3.070253
12 94.127211 5.835123
36 97.113324 2.847815
22 92.545962 7.417005
10 97.926931 2.033882
7 95.129695 4.832238
14 95.235621 4.726270
65 96.222683 3.738812
7 97.863386 2.097453
7 90.480032 9.483762
7 95.943300 4.018307
56 94.447516 5.514690
64 94.451513 5.510691
10 97.194901 2.766206
25 90.069495 9.894463
7 95.941100 4.020508
9 92.420803 7.542214
14 94.025799 5.936576
104 99.334386 0.625865
50 95.470521 4.491275
25 91.738317 8.224973
20 92.716014 7.246884
13 93.814096 6.148363
37 97.111434 2.849706
48 93.245294 6.717393
9 94.576705 5.385449
48 92.829302 7.133552
47 90.980386 8.983208
10 96.816451 3.144807
7 97.611507 2.349432
156 94.240937 5.721351
26 97.043285 2.917882
7 91.878809 8.084425
9 90.104220 9.859723
8 98.241317 1.719371
7 95.394955 4.566871
11 94.640302 5.321827
12 90.417520 9.546299
56 98.401490 1.559134
7 91.971588 7.991608
7 94.058898 5.903464
24 98.198975 1.761730
11 99.186583 0.773727
7 97.779251 2.181622
17 91.092522 8.871026
25 91.858080 8.105162
99 97.034626 2.926545
9 91.025636 8.937940
10 97.742342 2.218546
11 99.581604 0.378547
88 97.512615 2.448365
14 97.091599 2.869548
18 92.382538 7.580494
26 98.575022 1.385532
22 90.949518 9.014088
22 93.840831 6.121617
50 93.102756 6.859988
122 90.976711 8.986883
32 90.156845 9.807077
15 95.906994 4.054628
15 98.888916 1.071513
7 92.597145 7.365802
12 90.689632 9.274077
89 91.489442 8.473947
125 91.177301 8.786213
76 99.057309 0.903052
200 91.014232 8.949347
60 90.794139 9.169529
8 93.366652 6.595986
80 94.048794 5.913571
117 98.201507 1.759197
36 97.696866 2.264039
7 92.012158 7.951022
7 97.111146 2.849994
7 93.367901 6.594737
34 93.616208 6.346331
7 92.568602 7.394356
71 94.361643 5.600598
8 94.652691 5.309433
27 91.803836 8.159427
45 95.302542 4.659322
25 90.415138 9.548681
20 90.945156 9.018451
11 91.672382 8.290935
30 98.470525 1.490071
27 96.780159 3.181114
7 97.856822 2.104020
30 95.109596 4.852345
7 98.883478 1.076953
53 93.380439 6.582194
65 93.686280 6.276231
33 90.394435 9.569392
12 98.511032 1.449548
75 99.711490 0.248610
65 96.043523 3.918045
49 97.557539 2.403423
45 99.249722 0.710563
7 97.573542 2.387413
37 90.224524 9.739371
16 92.197818 7.765288
7 91.940946 8.022263
28 95.572302 4.389454
102 95.839446 4.122203
53 95.381487 4.580345
18 94.395609 5.566618
7 97.982567 1.978224
9 95.152015 4.809909
29 93.605314 6.357229
84 91.632612 8.330720
51 91.656281 8.307042
8 96.809494 3.151767
42 94.602674 5.359469
41 97.315840 2.645218
61 93.661659 6.300861
113 91.715335 8.247964
7 94.937420 5.024590
36 98.950108 1.010296
26 97.552215 2.408749
28 96.283345 3.678127
7 90.871039 9.092598
21 97.756113 2.204769
7 95.386174 4.575657
23 91.307575 8.655887
7 96.972672 2.988523
38 97.374754 2.586280
7 95.641841 4.319887
38 94.976860 4.985135
11 92.915185 7.047634
47 92.250379 7.712706
24 92.013628 7.949552
38 93.131288 6.831444
65 92.998977 6.963809
10 96.376520 3.584914
43 98.845208 1.115238
7 97.728024 2.232869
26 90.507112 9.456670
22 95.239376 4.722513
63 92.349477 7.613569
74 99.149201 0.811123
27 97.394104 2.566923
12 99.402893 0.557330
7 92.127072 7.836063
90 93.575504 6.387051
29 95.338705 4.623144
67 99.353752 0.606491
89 97.115083 2.846056
7 91.891550 8.071678
81 94.325250 5.637005
13 96.631544 3.329787
72 98.678987 1.281526
42 96.246862 3.714623
82 94.767898 5.194180
9 92.804149 7.158715
7 95.012270 4.949710
20 92.914621 7.048198
31 96.170835 3.790681
7 93.672011 6.290505
23 96.701696 3.259608
65 98.174402 1.786312
143 93.839301 6.123148
25 94.510390 5.451791
7 97.471965 2.489031
34 97.852733 2.108111
16 91.009914 8.953667
115 97.191017 2.770091
23 95.422969 4.538846
12 91.251365 8.712119
11 94.595968 5.366179
9 93.161604 6.801117
42 92.307346 7.655716
75 98.199850 1.760854
7 95.739877 4.221812
47 92.523365 7.439611
7 96.844473 3.116774
7 90.248134 9.715752
17 92.060997 7.902164
8 90.005860 9.958123
7 90.591043 9.372706
9 93.563347 6.399212
88 94.030445 5.931928
41 94.449161 5.513044
7 90.736154 9.227537
7 91.816082 8.147176
72 95.948861 4.012744
7 99.853304 0.106739
36 96.693656 3.267651
7 97.614700 2.346239
47 96.989813 2.971376
12 94.818368 5.143690
69 90.227345 9.736550
13 96.625100 3.336234
7 92.687942 7.274968
23 90.380615 9.583219
20 90.074378 9.889578
16 92.935121 7.027690
7 97.512906 2.448073
31 94.188261 5.774048
19 97.890161 2.070667
11 90.317271 9.646588
17 96.857457 3.103784
27 96.011662 3.949918
54 97.261239 2.699841
8 92.065955 7.897203
7 99.829835 0.130217
10 90.856713 9.106930
116 95.918489 4.043128
38 92.557779 7.405184
11 90.485191 9.478601
66 97.506212 2.454770
49 95.517283 4.444495
27 99.108119 0.852222
23 93.628088 6.334445
54 92.436584 7.526427
63 99.777257 0.182816
27 99.874907 0.085127
65 93.043852 6.918916
14 91.455845 8.507558
123 90.081295 9.882658
114 96.542964 3.418404
7 95.797706 4.163959
25 98.249772 1.710912
21 95.660236 4.301485
81 94.476374 5.485821
7 96.959344 3.001857
55 94.099669 5.862676
42 93.650143 6.312382
14 95.405438 4.556384
7 92.265657 7.697422
7 94.662392 5.299728
25 96.460873 3.500527
21 92.731168 7.231725
19 96.842103 3.119144
7 92.054196 7.908968
11 92.913881 7.048939
7 97.345391 2.615655
7 97.347919 2.613127
7 92.061878 7.901282
49 93.167989 6.794729
13 99.079468 0.880884
63 97.902755 2.058068
35 91.363122 8.600319
19 99.545481 0.414685
54 92.198402 7.764704
10 96.951900 3.009303
65 95.931229 4.030383
34 92.777623 7.185251
11 96.465229 3.496169
32 95.440064 4.521745
133 95.359533 4.602308
37 97.255541 2.705542
33 90.170619 9.793298
7 98.211983 1.748716
27 98.373735 1.586900
144 93.239849 6.722840
100 93.547027 6.415539
28 97.305830 2.655232
41 96.085106 3.876444
7 94.900406 5.061619
7 90.901867 9.061758
7 93.713568 6.248931
46 96.853783 3.107460
67 98.037083 1.923687
27 99.645066 0.315060
51 95.135726 4.826205
109 99.576873 0.383280
29 98.231198 1.729493
7 98.641252 1.319276
83 96.168460 3.793057
44 91.064127 8.899433
16 95.169717 4.792200
7 93.533221 6.429350
20 94.991396 4.970592
44 93.240835 6.721854
9 93.046891 6.915875
7 94.960231 5.001770
76 90.685620 9.278091
138 92.238893 7.724196
46 95.908497 4.053124
29 95.147194 4.814732
32 94.391019 5.571209
16 91.614064 8.349275
31 92.783881 7.178990
72 95.002539 4.959445
7 98.742661 1.217826
30 90.147960 9.815966
65 92.393821 7.569207
26 91.805750 8.157513
24 92.337163 7.625887
41 99.350888 0.609355
75 90.311855 9.652006
29 94.801815 5.160249
19 92.918571 7.044246
60 90.208206 9.755696
7 90.095352 9.868595
7 93.326035 6.636620
18 93.823710 6.138746
49 95.036942 4.925028
10 91.767814 8.195464
8 93.956837 6.005565
32 94.353491 5.608752
23 99.216295 0.744003
110 97.765456 2.195422
7 99.470119 0.490077
16 95.014286 4.947693
13 90.460427 9.503375
7 95.528264 4.433509
156 90.431120 9.532693
7 96.434463 3.526948
61 92.392808 7.570221
7 94.566695 5.395464
31 92.003131 7.960053
36 97.435243 2.525768
25 95.719969 4.241727
18 91.100782 8.862763
7 92.526286 7.436689
14 94.667468 5.294650
9 98.940385 1.020023
81 93.907933 6.054489
7 97.370543 2.590493
42 99.351086 0.609158
35 93.116795 6.845944
7 92.537958 7.425012
7 98.702788 1.257715
7 97.113653 2.847486
29 94.289603 5.672666
14 98.275699 1.684975
38 97.594807 2.366140
24 92.915457 7.047362
44 99.782587 0.177484
17 97.989706 1.971082
33 97.702648 2.258256
29 99.184068 0.776243
8 99.186268 0.774042
82 96.191233 3.770275
68 97.432668 2.528344
45 94.972999 4.988996
72 94.877441 5.084593
119 99.123126 0.837209
