16 29598.522457 3.479529
16 29563.383924 3.594115
16 29088.952846 5.141230
16 29260.046974 4.583294
16 29522.080493 3.728805
16 30088.643804 1.881248
16 29696.089525 3.161363
16 29538.533950 3.675151
16 29290.042067 4.485480
16 29165.812514 4.890591
16 29411.628635 4.088987
16 28949.578114 5.595729
16 28844.319231 5.938977
16 29220.456684 4.712397
16 29197.820670 4.786213
16 29474.300885 3.884614
16 28926.496545 5.670998
16 29272.838515 4.541581
16 29437.215792 4.005548
16 29677.572046 3.221749
16 28684.783542 6.459222
16 29694.309571 3.167168
16 29130.020388 5.007309
16 29241.329570 4.644331
16 29251.072428 4.612560
16 29087.167707 5.147051
16 29493.343960 3.822515
16 30013.483075 2.126346
16 29131.032343 5.004009
16 29415.331569 4.076912
16 29031.924834 5.327198
16 29637.676809 3.351847
16 29327.292899 4.364005
16 28761.724713 6.208317
16 29344.709519 4.307210
15 29751.681429 2.980079
16 29137.585102 4.982641
16 29737.077015 3.027704
16 28806.704182 6.061640
16 28992.129601 5.456969
16 29627.043379 3.386522
16 28965.599804 5.543483
16 28966.148715 5.541693
16 29389.651823 4.160654
16 29437.778917 4.003712
16 29286.936975 4.495606
16 29336.452037 4.334138
16 29467.617078 3.906410
16 29358.920600 4.260868
16 29535.824330 3.683987
16 29396.683371 4.137724
16 29526.610897 3.714032
16 29548.806609 3.641652
16 29632.397019 3.369064
16 29671.361134 3.242003
16 29744.946922 3.002040
16 28920.108541 5.691829
16 28875.493005 5.837320
16 29300.482077 4.451435
16 29845.705832 2.673466
16 29431.535560 4.024071
16 29261.225238 4.579451
16 29118.517569 5.044820
16 29512.708842 3.759366
16 29437.845193 4.003496
16 29093.970622 5.124867
16 29233.393484 4.670210
16 29251.177622 4.612217
16 28951.203735 5.590428
16 29332.482799 4.347081
16 29432.499560 4.020928
16 27937.847548 8.894972
16 29377.748451 4.199470
16 29024.371591 5.351829
16 29435.879656 4.009905
16 29568.003066 3.579052
16 29430.533585 4.027339
16 29373.973777 4.211780
16 29501.803730 3.794927
16 29385.584605 4.173917
16 29454.421142 3.949442
16 29332.888362 4.345759
16 29652.092962 3.304836
15 29702.035005 3.141975
16 29225.497828 4.695958
16 28875.443173 5.837483
16 29483.197387 3.855603
16 29422.650308 4.053046
16 28821.554470 6.013213
16 29489.035167 3.836566
16 29064.872979 5.219754
16 29642.658199 3.335602
16 28866.417939 5.866914
16 29240.504333 4.647022
16 29133.894750 4.994675
16 29617.578377 3.417388
16 29324.585707 4.372834
16 29818.084883 2.763538
16 29677.703138 3.221321
16 29312.689222 4.411628
16 29216.417363 4.725569
16 27713.983002 9.624992
16 28898.443928 5.762477
16 28963.383988 5.550709
16 29677.550301 3.221820
16 29028.569453 5.338139
16 29192.145895 4.804718
16 29193.848942 4.799165
16 28960.754506 5.559283
16 29855.005323 2.643141
16 29446.869683 3.974067
16 29837.864203 2.699038
15 29807.260629 2.798836
16 29162.348584 4.901887
16 29772.296806 2.912852
16 29136.541492 4.986044
16 29022.800007 5.356954
16 29231.687168 4.675775
16 28874.000408 5.842187
16 29127.877598 5.014297
16 29302.620419 4.444462
16 29075.247411 5.185923
16 29366.378965 4.236546
16 29654.789420 3.296043
16 28926.292276 5.671664
16 29311.471540 4.415599
16 29218.650054 4.718289
16 28976.263774 5.508708
16 29434.609291 4.014048
16 29084.522888 5.155676
16 29293.892036 4.472925
16 29594.140204 3.493819
16 29417.677620 4.069262
16 29918.717609 2.435376
16 29625.304122 3.392194
16 29626.008655 3.389896
16 29693.168155 3.170890
16 29443.187764 3.986073
16 29604.884446 3.458782
16 29114.425810 5.058163
16 29389.869053 4.159945
16 29349.397673 4.291922
16 29435.714520 4.010444
16 29521.139901 3.731872
15 28186.840468 8.083009
16 29483.963718 3.853104
16 29080.129703 5.170002
16 29051.552321 5.263193
16 29299.765047 4.453773
16 28831.990117 5.979183
16 29076.750193 5.181023
16 29115.025438 5.056207
16 29722.166792 3.076326
16 28726.381762 6.323570
16 29738.320567 3.023649
16 29496.388280 3.812587
16 28960.640026 5.559657
16 29170.790801 4.874357
16 29509.502731 3.769821
16 29662.785775 3.269967
16 29293.857816 4.473037
16 28963.216364 5.551255
16 29709.848695 3.116495
16 29521.697788 3.730053
16 29339.282617 4.324907
16 29394.605947 4.144498
16 29451.332312 3.959514
16 29268.229606 4.556610
16 29676.997437 3.223623
16 29709.497759 3.117639
16 29231.697613 4.675741
16 29194.958528 4.795546
16 29260.196085 4.582807
16 29006.472995 5.410196
16 29349.801739 4.290604
16 28939.485454 5.628641
16 29192.391440 4.803918
16 29353.222603 4.279449
16 29262.734574 4.574529
16 29271.082086 4.547308
16 29072.998266 5.193258
16 29659.322057 3.281262
16 28331.938478 7.609846
16 29512.954656 3.758564
16 28898.624169 5.761890
16 29526.223017 3.715296
16 28978.895275 5.500126
16 29121.845214 5.033968
16 29548.953042 3.641174
16 29090.994276 5.134573
16 29448.391137 3.969105
16 28885.001577 5.806313
16 29303.485374 4.441642
16 29387.679816 4.167084
16 29556.270173 3.617313
16 29353.471303 4.278638
16 29509.011091 3.771424
16 29436.527848 4.007791
16 29447.176875 3.973065
16 29474.059584 3.885401
