11 0.927431 7.256869
11 0.941621 5.837883
10 0.947022 5.297812
13 0.971425 2.857469
13 0.906585 9.341460
16 0.946753 5.324685
18 0.906235 9.376526
24 0.998530 0.146954
18 0.969728 3.027246
20 0.973749 2.625056
17 0.901089 9.891118
24 0.998419 0.158131
16 0.939348 6.065155
24 0.916424 8.357607
22 0.925806 7.419351
20 0.924372 7.562773
11 0.973071 2.692909
30 0.901653 9.834656
24 0.920075 7.992481
19 0.940452 5.954781
23 0.963408 3.659211
23 0.948358 5.164228
23 0.917670 8.232959
25 0.937145 6.285516
24 0.925462 7.453813
34 0.932050 6.794985
22 0.992061 0.793927
19 0.954618 4.538177
24 0.957198 4.280178
28 0.934660 6.533975
17 0.905513 9.448739
27 0.927749 7.225101
29 0.919831 8.016894
17 0.925032 7.496769
42 0.990851 0.914927
24 0.964964 3.503646
17 0.919972 8.002811
24 0.911858 8.814187
22 0.966819 3.318115
17 0.921843 7.815735
24 0.937189 6.281074
27 0.905635 9.436462
28 0.925525 7.447505
23 0.957973 4.202669
16 0.986993 1.300703
28 0.976677 2.332315
14 0.922718 7.728212
22 0.932100 6.790043
29 0.969555 3.044478
24 0.917776 8.222426
11 0.931616 6.838445
12 0.972727 2.727308
12 0.946521 5.347928
26 0.940420 5.957997
9 0.912372 8.762842
26 0.974653 2.534749
28 0.989280 1.072025
39 0.990953 0.904715
9 0.915818 8.418249
26 0.991333 0.866655
22 0.943038 5.696188
17 0.930022 6.997847
13 0.993382 0.661811
27 0.974032 2.596836
26 0.946389 5.361142
18 0.937628 6.237180
39 0.900775 9.922476
27 0.982850 1.714996
23 0.915614 8.438554
34 0.957578 4.242238
22 0.944439 5.556068
20 0.928569 7.143098
18 0.929988 7.001182
34 0.980456 1.954406
26 0.959645 4.035517
32 0.958861 4.113853
33 0.960171 3.982916
32 0.916030 8.396980
23 0.948747 5.125259
14 0.927214 7.278598
36 0.976780 2.321986
18 0.986294 1.370649
17 0.948812 5.118822
35 0.905224 9.477625
41 0.946802 5.319756
33 0.998572 0.142765
12 0.994236 0.576436
20 0.940734 5.926629
13 0.915470 8.453003
27 0.954621 4.537858
21 0.943618 5.638227
18 0.947423 5.257678
15 0.993790 0.620956
26 0.960545 3.945504
17 0.992695 0.730534
32 0.959120 4.088017
41 0.996792 0.320837
32 0.950005 4.999451
24 0.958605 4.139497
23 0.978677 2.132314
32 0.905843 9.415745
23 0.997908 0.209150
18 0.980491 1.950919
22 0.971939 2.806083
39 0.928472 7.152767
29 0.983298 1.670209
28 0.970484 2.951557
21 0.907368 9.263241
22 0.971034 2.896592
34 0.972024 2.797605
39 0.995720 0.427979
18 0.995936 0.406374
44 0.958215 4.178534
11 0.932176 6.782435
26 0.978318 2.168165
22 0.990761 0.923876
21 0.934785 6.521522
18 0.983225 1.677460
16 0.981951 1.804909
15 0.931952 6.804837
20 0.987763 1.223706
15 0.911300 8.870008
24 0.972890 2.711029
29 0.960717 3.928288
18 0.959108 4.089216
28 0.958376 4.162394
31 0.944532 5.546808
23 0.947505 5.249461
23 0.987757 1.224327
26 0.996963 0.303686
20 0.924361 7.563946
22 0.949893 5.010694
22 0.935179 6.482091
22 0.996022 0.397824
44 0.993189 0.681080
18 0.953386 4.661404
17 0.955730 4.426955
37 0.943975 5.602472
18 0.951649 4.835088
32 0.992216 0.778442
19 0.946132 5.386826
19 0.997210 0.278955
33 0.926801 7.319909
29 0.957837 4.216279
41 0.990051 0.994918
21 0.997735 0.226510
13 0.953396 4.660384
29 0.988594 1.140595
18 0.991343 0.865734
36 0.932077 6.792313
18 0.940180 5.981990
27 0.997490 0.251015
20 0.974110 2.588989
17 0.994016 0.598363
13 0.985726 1.427392
17 0.922417 7.758332
29 0.900453 9.954736
32 0.962860 3.713980
24 0.968362 3.163771
26 0.997263 0.273731
23 0.979090 2.091036
43 0.908466 9.153417
18 0.978676 2.132365
16 0.922495 7.750499
38 0.916119 8.388059
35 0.992985 0.701545
31 0.997541 0.245926
28 0.969468 3.053206
21 0.996123 0.387743
30 0.950601 4.939934
19 0.963078 3.692155
41 0.997669 0.233133
31 0.972213 2.778667
23 0.993200 0.679954
21 0.925443 7.455734
27 0.961299 3.870095
24 0.971546 2.845417
31 0.931374 6.862616
33 0.954817 4.518313
21 0.908564 9.143609
37 0.973268 2.673158
31 0.926392 7.360816
26 0.930766 6.923350
23 0.952249 4.775115
38 0.956793 4.320699
29 0.963462 3.653818
24 0.900389 9.961126
26 0.915372 8.462831
25 0.992743 0.725748
34 0.985621 1.437932
31 0.918769 8.123118
34 0.922212 7.778822
32 0.995594 0.440592
43 0.914243 8.575683
39 0.980915 1.908494
32 0.995602 0.439799
47 0.984281 1.571888
39 0.968671 3.132939
47 0.976983 2.301701
67 0.990406 0.959434
