9 -5.364488 7.289759
10 -5.472645 9.452910
10 -5.221905 4.438101
11 -5.133820 2.676399
11 -5.320367 6.407339
11 -5.064059 1.281185
11 -5.396276 7.925525
11 -5.120328 2.406561
12 -5.124209 2.484179
12 -5.190672 3.813433
12 -5.318016 6.360318
12 -5.390767 7.815339
12 -5.419592 8.391830
12 -5.386494 7.729876
13 -5.153570 3.071408
13 -5.174605 3.492101
13 -5.176427 3.528550
13 -5.054501 1.090024
13 -5.380984 7.619680
13 -5.197487 3.949733
13 -5.297128 5.942555
14 -5.225284 4.505674
14 -5.013182 0.263636
14 -5.345758 6.915169
15 -5.200067 4.001345
15 -5.358308 7.166154
15 -5.387992 7.759847
15 -5.062754 1.255076
15 -5.084063 1.681263
15 -5.133508 2.670167
15 -5.214843 4.296860
15 -5.268100 5.362009
15 -5.326744 6.534886
15 -5.217419 4.348374
15 -5.030130 0.602601
16 -5.426209 8.524183
13 -5.047885 0.957696
16 -5.417013 8.340265
16 -5.240202 4.804046
11 -5.453475 9.069502
17 -5.455763 9.115261
13 -5.204188 4.083756
17 -5.051467 1.029336
17 -5.009769 0.195374
17 -5.058287 1.165746
17 -5.023411 0.468228
12 -5.371433 7.428657
12 -5.265166 5.303324
11 -5.268511 5.370224
18 -5.110436 2.208717
13 -5.131346 2.626926
18 -5.376848 7.536965
13 -5.117009 2.340187
13 -5.416349 8.326980
19 -5.034967 0.699339
12 -5.248369 4.967383
13 -5.094003 1.880052
9 -5.384685 7.693695
15 -5.467726 9.354517
20 -5.482156 9.643112
11 -5.290821 5.816419
15 -5.172932 3.458635
14 -5.247185 4.943703
14 -5.151661 3.033214
13 -5.416112 8.322232
13 -5.465339 9.306781
13 -5.460830 9.216594
13 -5.226337 4.526734
13 -5.384094 7.681885
15 -5.027001 0.540016
15 -5.256491 5.129815
15 -5.131978 2.639563
19 -5.163167 3.263345
14 -5.172992 3.459842
16 -5.396259 7.925189
13 -5.359744 7.194889
15 -5.109285 2.185698
16 -5.074601 1.492027
16 -5.099526 1.990517
15 -5.439310 8.786191
15 -5.059169 1.183376
13 -5.281065 5.621294
18 -5.022868 0.457360
12 -5.057664 1.153285
24 -5.026486 0.529713
13 -5.361826 7.236525
14 -5.234826 4.696515
14 -5.397004 7.940084
14 -5.407741 8.154812
12 -5.124835 2.496696
14 -5.258138 5.162766
13 -5.165938 3.318763
21 -5.394232 7.884644
11 -5.361087 7.221746
14 -5.353940 7.078796
10 -5.416856 8.337119
14 -5.191437 3.828736
14 -5.386979 7.739575
16 -5.137698 2.753953
15 -5.292014 5.840286
14 -5.326785 6.535705
12 -5.013311 0.266217
11 -5.367127 7.342532
11 -5.033184 0.663676
15 -5.428667 8.573340
12 -5.183061 3.661213
14 -5.216174 4.323482
19 -5.038154 0.763072
13 -5.236384 4.727688
11 -5.485652 9.713035
12 -5.184182 3.683641
17 -5.053788 1.075758
19 -5.138877 2.777541
14 -5.030670 0.613391
12 -5.285992 5.719831
19 -5.444725 8.894501
16 -5.182346 3.646929
12 -5.376587 7.531747
12 -5.073215 1.464308
16 -5.322441 6.448825
15 -5.172707 3.454146
13 -5.040214 0.804290
14 -5.223462 4.469244
13 -5.484185 9.683702
17 -5.446390 8.927803
20 -5.007198 0.143962
15 -5.432570 8.651395
14 -5.174209 3.484174
13 -5.412197 8.243932
17 -5.498481 9.969614
9 -5.119112 2.382243
13 -5.141738 2.834765
13 -5.443170 8.863404
15 -5.021430 0.428608
15 -5.066456 1.329119
24 -5.103494 2.069870
12 -5.302466 6.049316
16 -5.069970 1.399406
17 -5.264071 5.281429
12 -5.303025 6.060508
13 -5.485642 9.712846
13 -5.263906 5.278126
17 -5.210700 4.214001
14 -5.120148 2.402962
10 -5.030540 0.610806
14 -5.081415 1.628294
15 -5.041123 0.822459
14 -5.306849 6.136971
13 -5.410767 8.215341
14 -5.430126 8.602527
15 -5.370094 7.401878
13 -5.333649 6.672988
13 -5.088746 1.774926
14 -5.439972 8.799436
16 -5.105445 2.108892
17 -5.096970 1.939409
12 -5.373621 7.472419
14 -5.198014 3.960280
9 -5.154794 3.095881
19 -5.032936 0.658730
21 -5.379753 7.595055
13 -5.095622 1.912448
13 -5.334226 6.684529
15 -5.297443 5.948865
16 -5.262843 5.256851
21 -5.249789 4.995784
13 -5.068313 1.366257
15 -5.181432 3.628635
17 -5.466667 9.333342
10 -5.298564 5.971274
12 -5.276089 5.521785
11 -5.221677 4.433547
11 -5.144072 2.881440
22 -5.453302 9.066034
11 -5.072507 1.450131
14 -5.252375 5.047497
15 -5.232077 4.641532
14 -5.243802 4.876039
13 -5.135327 2.706530
18 -5.091063 1.821256
15 -5.467025 9.340510
13 -5.207195 4.143901
12 -5.119130 2.382598
15 -5.032646 0.652920
16 -5.312390 6.247807
21 -5.459139 9.182786
13 -5.195396 3.907912
19 -5.058559 1.171184
15 -5.385839 7.716777
16 -5.266808 5.336162
14 -5.488373 9.767463
17 -5.123520 2.470395
18 -5.037006 0.740113
17 -5.150336 3.006711
17 -5.298976 5.979514
21 -5.012314 0.246276
32 -5.490724 9.814488
25 -5.498922 9.978435
46 -5.480321 9.606427
failed to find solution after reaching max emtpy limit -- 49 iterations and 38 function evals
