22 -0.016035 2.660320
24 -0.016326 4.525522
24 -0.016746 7.213084
24 -0.016119 3.200816
24 -0.015764 0.922229
24 -0.015944 2.078158
24 -0.016340 4.613019
24 -0.016094 3.035156
24 -0.015967 2.226351
23 -0.015719 0.637309
24 -0.016857 7.921413
24 -0.015765 0.931294
26 -0.016028 2.612348
26 -0.015921 1.931629
26 -0.016264 4.129315
26 -0.016184 3.613814
26 -0.016010 2.501101
26 -0.015903 1.817392
26 -0.015693 0.470173
26 -0.015807 1.200360
26 -0.016076 2.919552
26 -0.015850 1.473613
26 -0.015773 0.985438
26 -0.015976 2.283569
26 -0.016534 5.855569
26 -0.015995 2.402889
26 -0.015882 1.678965
26 -0.015704 0.540767
26 -0.015765 0.929942
26 -0.015914 1.888413
26 -0.016224 3.870367
26 -0.016436 5.225918
26 -0.015928 1.977689
26 -0.015703 0.531575
28 -0.016342 4.626777
24 -0.016588 6.200776
28 -0.016410 5.060338
28 -0.015750 0.838275
28 -0.015826 1.324336
30 -0.016155 3.426434
24 -0.017015 8.931176
22 -0.015643 0.149164
30 -0.016356 4.717177
24 -0.016640 6.531101
30 -0.016079 2.939054
29 -0.015643 0.149176
30 -0.016286 4.267213
24 -0.016382 4.880355
22 -0.016695 6.885245
29 -0.016399 4.991384
30 -0.016001 2.441938
30 -0.016582 6.164699
30 -0.016023 2.585291
24 -0.015951 2.119629
26 -0.015988 2.357130
31 -0.016282 4.243295
26 -0.017121 9.609895
24 -0.016062 2.829800
24 -0.016306 4.396805
20 -0.015663 0.278011
26 -0.015973 2.263155
22 -0.016855 7.911705
26 -0.015740 0.768445
26 -0.015664 0.285049
26 -0.016138 3.319545
21 -0.015757 0.877654
24 -0.016424 5.148529
26 -0.016042 2.701969
26 -0.016345 4.645443
27 -0.016673 6.747761
24 -0.016907 8.242389
28 -0.015831 1.352095
28 -0.016269 4.158254
28 -0.016676 6.766551
28 -0.016127 3.246299
29 -0.015844 1.437864
28 -0.016516 5.737267
24 -0.015696 0.489663
28 -0.015802 1.168139
23 -0.015691 0.456080
27 -0.016196 3.690308
30 -0.015983 2.329377
28 -0.016600 6.278037
28 -0.015691 0.459798
24 -0.016669 6.719574
24 -0.016824 7.709417
26 -0.015645 0.164681
22 -0.016669 6.716577
28 -0.016408 5.046060
26 -0.015895 1.765183
26 -0.015707 0.561681
24 -0.016313 4.439551
26 -0.015794 1.119828
24 -0.016513 5.722513
24 -0.016076 2.923161
32 -0.015848 1.463537
27 -0.015968 2.229746
30 -0.015821 1.288997
21 -0.015679 0.380581
24 -0.016801 7.564542
28 -0.015793 1.112218
22 -0.017034 9.055684
26 -0.015920 1.920804
26 -0.016200 3.713872
26 -0.015999 2.430650
29 -0.016375 4.838801
24 -0.016535 5.859203
30 -0.015938 2.035976
26 -0.015701 0.519519
26 -0.016109 3.133114
26 -0.015775 0.996388
26 -0.016532 5.844405
28 -0.015908 1.847822
26 -0.016779 7.420557
34 -0.015814 1.245572
30 -0.015855 1.510202
22 -0.015794 1.118374
26 -0.016184 3.615865
34 -0.016030 2.625378
26 -0.015867 1.584189
26 -0.016238 3.959583
26 -0.016040 2.689683
26 -0.016055 2.788214
26 -0.015927 1.968221
26 -0.016107 3.120697
28 -0.015663 0.276963
24 -0.015733 0.724177
28 -0.015983 2.329923
26 -0.016444 5.280351
27 -0.016051 2.764068
26 -0.015703 0.537315
28 -0.016465 5.415840
30 -0.016177 3.570872
24 -0.016556 5.995695
30 -0.016687 6.833712
26 -0.015951 2.125063
28 -0.015813 1.241675
26 -0.016239 3.965219
28 -0.016421 5.134047
28 -0.015656 0.230489
26 -0.016203 3.737957
30 -0.015682 0.400533
26 -0.015802 1.167421
28 -0.015794 1.117582
26 -0.015702 0.526326
30 -0.016223 3.862970
24 -0.015834 1.371519
28 -0.015666 0.299589
28 -0.015723 0.665062
26 -0.016203 3.734345
22 -0.016751 7.246278
23 -0.016739 7.169208
26 -0.015953 2.135187
24 -0.017032 9.042445
26 -0.015897 1.773373
26 -0.016203 3.735381
24 -0.016895 8.168508
28 -0.015707 0.560882
26 -0.017169 9.920420
25 -0.016782 7.441492
32 -0.016037 2.672389
26 -0.015809 1.210792
28 -0.016438 5.239929
26 -0.015784 1.051984
28 -0.015907 1.843025
26 -0.016323 4.505663
24 -0.016271 4.168369
28 -0.015665 0.291296
26 -0.016911 8.267319
26 -0.016736 7.145145
22 -0.016242 3.987946
28 -0.016749 7.232409
24 -0.016108 3.130286
28 -0.016279 4.219334
26 -0.016773 7.385549
28 -0.015690 0.450847
22 -0.017081 9.355103
26 -0.015766 0.935228
28 -0.015731 0.715685
24 -0.016452 5.330376
26 -0.016456 5.354786
30 -0.016462 5.392065
29 -0.015751 0.838809
26 -0.015704 0.541809
24 -0.016546 5.932507
26 -0.016388 4.923238
26 -0.015940 2.054192
25 -0.016017 2.542894
28 -0.015986 2.345722
28 -0.017025 8.996740
32 -0.016165 3.493647
28 -0.015888 1.716373
26 -0.016069 2.874948
26 -0.015924 1.950730
28 -0.015991 2.378869
28 -0.016586 6.189233
29 -0.015689 0.442496
32 -0.015906 1.836247
43 -0.015830 1.349671
failed to find solution in 1200 iterations and 466 function evals
