29 -3.313980 5.681816
22 -3.313980 5.681816
22 -3.313980 5.681816
23 -3.248568 3.595855
28 -3.313980 5.681816
22 -3.181291 1.450392
23 -3.313980 5.681816
25 -3.313980 5.681816
26 -3.168268 1.035101
26 -3.312650 5.639411
24 -3.258215 3.903483
24 -3.286391 4.802015
25 -3.313980 5.681816
26 -3.313980 5.681816
28 -3.313980 5.681816
25 -3.210488 2.381503
25 -3.247275 3.554625
26 -3.442565 9.782363
24 -3.418670 9.020338
34 -3.259363 3.940097
27 -3.263169 4.061478
24 -3.313980 5.681816
26 -3.313980 5.681816
26 -3.363822 7.271251
27 -3.192277 1.800736
34 -3.313980 5.681816
28 -3.313980 5.681816
29 -3.313980 5.681816
29 -3.179438 1.391328
21 -3.313980 5.681816
30 -3.222159 2.753677
32 -3.313980 5.681816
29 -3.446859 9.919282
28 -3.368573 7.422761
25 -3.270606 4.298641
31 -3.149968 0.451535
32 -3.312778 5.643495
33 -3.423425 9.171982
28 -3.313980 5.681816
28 -3.313980 5.681816
22 -3.313980 5.681816
19 -3.313980 5.681816
24 -3.157147 0.680444
23 -3.265100 4.123041
22 -3.313980 5.681816
29 -3.313980 5.681816
27 -3.201347 2.089998
22 -3.213699 2.483878
31 -3.313980 5.681816
37 -3.178414 1.358669
29 -3.238065 3.260915
32 -3.167497 1.010502
24 -3.193569 1.841957
23 -3.273511 4.391261
24 -3.289917 4.914470
33 -3.313980 5.681816
38 -3.382796 7.876347
31 -3.313980 5.681816
26 -3.206114 2.241988
35 -3.402294 8.498109
24 -3.313980 5.681816
28 -3.313980 5.681816
37 -3.182868 1.500678
23 -3.313980 5.681816
29 -3.313980 5.681816
33 -3.324779 6.026181
45 -3.445201 9.866412
31 -3.432531 9.462380
35 -3.203612 2.162216
23 -3.284840 4.752565
25 -3.162252 0.843269
34 -3.224196 2.818633
25 -3.313980 5.681816
25 -3.202659 2.131839
24 -3.380621 7.806972
26 -3.201218 2.085882
23 -3.263004 4.056211
20 -3.432393 9.457967
28 -3.239317 3.300830
29 -3.313980 5.681816
34 -3.236329 3.205534
36 -3.313980 5.681816
25 -3.313980 5.681816
34 -3.313980 5.681816
23 -3.252951 3.735619
37 -3.160164 0.776654
33 -3.299296 5.213542
44 -3.313980 5.681816
34 -3.313980 5.681816
34 -3.263699 4.078360
25 -3.239668 3.312027
23 -3.313980 5.681816
22 -3.313980 5.681816
23 -3.208604 2.321400
23 -3.313980 5.681816
31 -3.187259 1.640731
47 -3.445552 9.877594
28 -3.271535 4.328266
28 -3.445070 9.862228
26 -3.283911 4.722927
41 -3.158530 0.724561
35 -3.275930 4.468416
26 -3.248737 3.601245
41 -3.187649 1.653159
31 -3.313980 5.681816
30 -3.313980 5.681816
26 -3.186305 1.610289
27 -3.199331 2.025679
24 -3.313980 5.681816
30 -3.313980 5.681816
19 -3.313980 5.681816
38 -3.179053 1.379040
28 -3.447508 9.939995
33 -3.400920 8.454300
27 -3.151461 0.499146
25 -3.313980 5.681816
26 -3.192719 1.814840
43 -3.313980 5.681816
24 -3.246020 3.514582
40 -3.313980 5.681816
34 -3.431461 9.428239
19 -3.313980 5.681816
26 -3.250992 3.673138
34 -3.313980 5.681816
34 -3.238753 3.282843
31 -3.235623 3.183024
39 -3.350941 6.860501
24 -3.313980 5.681816
39 -3.313980 5.681816
25 -3.235721 3.186145
26 -3.182242 1.480726
19 -3.313980 5.681816
29 -3.257789 3.889904
33 -3.179864 1.404897
27 -3.292885 5.009100
31 -3.282187 4.667941
30 -3.313980 5.681816
22 -3.288871 4.881100
24 -3.231032 3.036626
26 -3.415000 8.903312
32 -3.313980 5.681816
39 -3.325745 6.057004
30 -3.291418 4.962312
42 -3.184851 1.563923
36 -3.313980 5.681816
27 -3.313980 5.681816
29 -3.223890 2.808866
32 -3.326888 6.093456
37 -3.313980 5.681816
28 -3.369842 7.463227
34 -3.313980 5.681816
22 -3.265618 4.139563
21 -3.401065 8.458923
25 -3.313980 5.681816
31 -3.313980 5.681816
22 -3.313980 5.681816
28 -3.243337 3.429039
22 -3.319339 5.852710
43 -3.313980 5.681816
22 -3.247943 3.575921
34 -3.313980 5.681816
37 -3.273913 4.404084
36 -3.151434 0.498266
29 -3.313980 5.681816
36 -3.313980 5.681816
23 -3.200590 2.065829
38 -3.429194 9.355968
28 -3.313980 5.681816
28 -3.319710 5.864542
28 -3.424871 9.218099
25 -3.313980 5.681816
40 -3.281229 4.637383
29 -3.176545 1.299062
39 -3.313980 5.681816
40 -3.183545 1.522282
30 -3.313980 5.681816
31 -3.413756 8.863657
32 -3.343356 6.618595
37 -3.313980 5.681816
29 -3.279441 4.580383
30 -3.386603 7.997743
26 -3.174853 1.245102
28 -3.313980 5.681816
31 -3.313980 5.681816
45 -3.215507 2.541535
48 -3.286183 4.795380
37 -3.210154 2.370842
35 -3.313980 5.681816
28 -3.313980 5.681816
45 -3.265333 4.130474
32 -3.202232 2.118208
31 -3.243653 3.439099
30 -3.411770 8.800299
36 -3.286634 4.809749
35 -3.284009 4.726039
34 -3.313980 5.681816
33 -3.313980 5.681816
45 -3.334289 6.329459
38 -3.292703 5.003314
50 -3.313980 5.681816
