9 -0.263632 5.452959
9 -0.266194 6.477687
12 -0.250903 0.361331
13 -0.263858 5.543109
13 -0.267705 7.082160
15 -0.273871 9.548268
15 -0.251896 0.758558
16 -0.269022 7.608778
16 -0.254091 1.636583
16 -0.255068 2.027392
17 -0.251616 0.646575
17 -0.272124 8.849749
17 -0.266597 6.638615
17 -0.256001 2.400389
17 -0.251057 0.422862
19 -0.256574 2.629651
15 -0.255820 2.327984
19 -0.260585 4.234172
20 -0.250634 0.253685
16 -0.250183 0.073233
21 -0.273759 9.503478
21 -0.261500 4.600063
21 -0.251423 0.569363
21 -0.262705 5.082112
21 -0.263374 5.349487
23 -0.273628 9.451097
24 -0.255912 2.364982
24 -0.255038 2.015054
25 -0.267291 6.916292
27 -0.264881 5.952323
27 -0.274404 9.761525
28 -0.271516 8.606460
29 -0.271212 8.484964
29 -0.263247 5.298677
29 -0.259655 3.861921
29 -0.266973 6.789029
29 -0.250870 0.348126
30 -0.252562 1.024793
31 -0.270880 8.352179
17 -0.267763 7.105053
31 -0.252248 0.899118
31 -0.256103 2.441149
31 -0.250001 0.000453
9 -0.262411 4.964506
19 -0.265463 6.185336
32 -0.264396 5.758366
15 -0.255646 2.258500
27 -0.250218 0.087309
8 -0.254805 1.922054
21 -0.265827 6.330882
19 -0.252129 0.851477
33 -0.252790 1.116183
35 -0.273738 9.495198
25 -0.266605 6.642013
11 -0.274960 9.984093
19 -0.272401 8.960412
36 -0.255067 2.026856
36 -0.272722 9.088704
36 -0.261505 4.602024
37 -0.272776 9.110422
11 -0.274520 9.808069
13 -0.273572 9.428967
8 -0.251772 0.708821
31 -0.250519 0.207508
25 -0.270901 8.360558
15 -0.272816 9.126522
32 -0.251459 0.583709
28 -0.254340 1.735977
29 -0.273541 9.416497
41 -0.250001 0.000317
32 -0.250587 0.234835
28 -0.256829 2.731593
32 -0.250046 0.018559
19 -0.254970 1.988003
28 -0.250046 0.018225
29 -0.255473 2.189330
31 -0.250382 0.152837
36 -0.255666 2.266206
27 -0.260661 4.264209
12 -0.260703 4.281307
19 -0.251401 0.560586
23 -0.250054 0.021460
19 -0.271620 8.648152
39 -0.254746 1.898464
24 -0.254867 1.946721
20 -0.250887 0.354804
33 -0.250163 0.065325
23 -0.269132 7.652623
20 -0.250631 0.252272
35 -0.250276 0.110310
39 -0.265660 6.264172
27 -0.273825 9.529982
39 -0.254610 1.843954
19 -0.268567 7.426962
31 -0.272057 8.822722
16 -0.251326 0.530416
17 -0.256422 2.568753
27 -0.251502 0.600757
27 -0.273966 9.586494
31 -0.253864 1.545693
16 -0.267154 6.861544
36 -0.250146 0.058436
28 -0.274177 9.670690
31 -0.268062 7.224656
33 -0.269986 7.994241
21 -0.251642 0.656749
11 -0.251629 0.651422
12 -0.260793 4.317343
32 -0.251628 0.651111
16 -0.253843 1.537110
28 -0.262179 4.871753
31 -0.251144 0.457691
31 -0.250626 0.250277
28 -0.264185 5.673932
19 -0.252865 1.146112
36 -0.250601 0.240523
28 -0.250012 0.004900
20 -0.256668 2.667208
16 -0.258370 3.348082
15 -0.254357 1.742906
29 -0.259019 3.607728
27 -0.253712 1.484954
29 -0.251669 0.667580
20 -0.258082 3.232638
12 -0.250056 0.022456
33 -0.250126 0.050271
23 -0.250217 0.086751
29 -0.251225 0.489914
28 -0.250278 0.111314
16 -0.250021 0.008285
17 -0.260945 4.378073
24 -0.256144 2.457497
11 -0.251805 0.721899
39 -0.259058 3.623350
31 -0.250443 0.177020
17 -0.250778 0.311096
29 -0.251674 0.669771
12 -0.261499 4.599428
19 -0.251622 0.648803
21 -0.270720 8.288176
20 -0.251412 0.564873
16 -0.259235 3.694048
21 -0.254998 1.999018
29 -0.258870 3.547916
19 -0.250050 0.019914
41 -0.250980 0.391992
17 -0.250481 0.192338
27 -0.267113 6.845396
19 -0.253438 1.375044
23 -0.273810 9.524077
35 -0.252140 0.855830
21 -0.263988 5.595003
12 -0.255998 2.399348
35 -0.272989 9.195555
32 -0.258925 3.569869
31 -0.255527 2.210952
32 -0.270729 8.291640
28 -0.252805 1.121840
17 -0.260094 4.037495
28 -0.253382 1.352806
27 -0.250241 0.096298
35 -0.265348 6.139226
37 -0.259228 3.691376
13 -0.254921 1.968351
35 -0.265203 6.081062
25 -0.271699 8.679642
15 -0.260741 4.296268
24 -0.264582 5.832853
20 -0.254180 1.672060
32 -0.253180 1.271825
35 -0.258133 3.253206
24 -0.268490 7.396065
29 -0.251784 0.713424
24 -0.260279 4.111533
40 -0.250022 0.008656
37 -0.258419 3.367694
32 -0.261534 4.613596
27 -0.262278 4.911215
21 -0.273328 9.331183
21 -0.272810 9.124007
39 -0.250659 0.263443
21 -0.265179 6.071500
23 -0.253973 1.589255
31 -0.250304 0.121646
25 -0.255459 2.183553
32 -0.254066 1.626267
31 -0.255257 2.102753
29 -0.251933 0.773101
27 -0.250502 0.200686
32 -0.260005 4.002091
32 -0.253457 1.382932
27 -0.268688 7.475090
31 -0.255836 2.334428
36 -0.253741 1.496443
32 -0.268014 7.205621
28 -0.250360 0.144154
32 -0.255843 2.337248
35 -0.251094 0.437626
32 -0.267545 7.018166
35 -0.250000 0.000035
