74 0.782310 9.666650
77 0.803486 7.221436
79 0.795400 8.155172
79 0.785978 9.243105
80 0.791962 8.552083
81 0.796809 7.992449
83 0.791383 8.618966
88 0.785996 9.240943
92 0.781233 9.790993
92 0.781726 9.734011
92 0.784817 9.377132
95 0.780019 9.931203
95 0.788251 8.980635
97 0.781559 9.753338
96 0.803727 7.193616
97 0.782634 9.629194
98 0.782136 9.686746
98 0.803300 7.242894
101 0.783831 9.490961
102 0.799969 7.627486
103 0.800302 7.589076
104 0.788520 8.949516
107 0.796204 8.062252
107 0.780581 9.866258
107 0.784490 9.414852
109 0.788196 8.986999
111 0.782016 9.700618
110 0.795154 8.183488
112 0.784860 9.372215
113 0.790780 8.688612
114 0.799640 7.665554
115 0.800392 7.578687
114 0.784448 9.419757
118 0.803532 7.216138
117 0.787962 9.013952
120 0.788464 8.956075
122 0.782668 9.625270
121 0.794689 8.237230
125 0.791417 8.614981
127 0.780639 9.859534
127 0.785495 9.298843
129 0.790802 8.686007
134 0.789710 8.812117
136 0.794352 8.276134
142 0.786318 9.203838
96 0.785099 9.344563
147 0.792980 8.434527
149 0.786422 9.191755
96 0.780155 9.915500
83 0.793992 8.317716
104 0.794021 8.314396
76 0.783481 9.531445
76 0.782167 9.683190
117 0.786749 9.154041
104 0.797378 7.926748
89 0.800236 7.596696
103 0.790765 8.690299
103 0.784142 9.455112
83 0.779424 9.999922
97 0.795212 8.176844
91 0.792750 8.461085
127 0.780793 9.841828
111 0.816323 5.739153
107 0.795939 8.092907
92 0.792049 8.542006
127 0.784107 9.459094
94 0.787176 9.104785
117 0.787786 9.034291
89 0.799465 7.685742
103 0.791440 8.612339
128 0.804462 7.108761
94 0.788158 8.991296
186 0.782257 9.672744
68 0.783671 9.509512
97 0.796258 8.056103
92 0.785908 9.251202
121 0.805663 6.970025
135 0.798891 7.752024
118 0.782405 9.655651
126 0.789120 8.880217
125 0.780524 9.872854
130 0.784477 9.416366
119 0.782408 9.655251
123 0.781421 9.769331
104 0.789998 8.778905
119 0.795979 8.088257
94 0.785868 9.255727
84 0.800466 7.570123
74 0.789053 8.888039
125 0.799103 7.727530
106 0.796047 8.080407
135 0.798854 7.756260
156 0.781666 9.741004
90 0.788638 8.935871
133 0.794006 8.316113
126 0.796534 8.024159
102 0.789970 8.782087
102 0.795260 8.171295
110 0.783851 9.488625
115 0.787435 9.074837
98 0.788421 8.960982
75 0.784281 9.439000
84 0.788772 8.920497
95 0.781036 9.813778
81 0.810822 6.374386
99 0.803939 7.169151
134 0.795619 8.129793
90 0.788058 9.002914
111 0.781195 9.795332
92 0.782439 9.651705
87 0.784165 9.452375
94 0.783831 9.490938
114 0.796400 8.039634
133 0.782376 9.659053
95 0.790356 8.737495
68 0.787919 9.019002
107 0.789432 8.844240
74 0.794041 8.312032
123 0.795829 8.105611
103 0.779667 9.971769
102 0.790312 8.742577
91 0.782329 9.664446
87 0.782681 9.623785
118 0.786659 9.164478
107 0.784503 9.413356
108 0.786649 9.165576
97 0.792164 8.528779
93 0.782911 9.597175
88 0.796525 8.025206
94 0.790838 8.681912
113 0.788498 8.952088
131 0.781444 9.766642
91 0.782029 9.699038
114 0.782184 9.681140
113 0.793078 8.423190
88 0.786345 9.200733
113 0.790153 8.761006
126 0.786713 9.158189
113 0.782612 9.631757
68 0.780269 9.902329
94 0.793033 8.428413
109 0.781722 9.734533
65 0.791779 8.573262
132 0.793555 8.368104
88 0.797291 7.936743
100 0.789797 8.802115
110 0.779571 9.982950
102 0.803243 7.249511
73 0.791490 8.606554
96 0.795006 8.200649
84 0.779897 9.945196
92 0.801170 7.488801
111 0.783478 9.531696
87 0.783104 9.574955
116 0.787368 9.082594
122 0.798259 7.824985
96 0.784662 9.395085
110 0.787076 9.116311
119 0.811697 6.273293
105 0.793112 8.419261
89 0.783277 9.554939
117 0.789196 8.871460
95 0.790456 8.726005
109 0.796012 8.084457
114 0.782004 9.702001
99 0.791913 8.557724
103 0.792332 8.509372
142 0.779590 9.980655
112 0.793745 8.346197
104 0.805347 7.006525
101 0.790887 8.676211
117 0.791835 8.566750
61 0.795031 8.197730
106 0.789169 8.874669
132 0.793634 8.359005
103 0.780789 9.842275
130 0.797907 7.865649
112 0.786013 9.239024
116 0.788449 8.957804
134 0.797568 7.904734
99 0.781478 9.762675
101 0.789131 8.878995
88 0.796538 8.023729
86 0.780946 9.824178
118 0.790199 8.755697
99 0.794680 8.238253
111 0.782603 9.632795
99 0.784192 9.449295
144 0.786209 9.216366
89 0.791079 8.654011
109 0.781535 9.756131
118 0.798924 7.748250
120 0.780589 9.865381
123 0.780215 9.908542
109 0.789065 8.886581
122 0.798710 7.772947
124 0.804107 7.149705
151 0.795386 8.156732
129 0.797508 7.911733
147 0.784600 9.402253
