13 -1.944484 2.775794
15 -2.175124 8.756190
16 -2.152277 7.613855
16 -1.859031 7.048436
17 -1.845014 7.749301
17 -1.859444 7.027779
19 -2.115030 5.751498
19 -1.843929 7.803534
20 -2.099621 4.981032
20 -2.144121 7.206049
20 -2.014351 0.717541
20 -1.845003 7.749845
20 -2.187036 9.351824
20 -1.844503 7.774870
21 -1.851035 7.448231
23 -1.994228 0.288614
23 -1.950740 2.462989
23 -2.018788 0.939421
23 -1.872619 6.369045
24 -2.017871 0.893573
24 -1.857930 7.103482
25 -1.885918 5.704110
25 -1.864629 6.768553
27 -1.882433 5.878370
25 -1.841201 7.939973
27 -1.858812 7.059388
17 -2.085654 4.282686
28 -2.026574 1.328687
28 -1.933555 3.322271
29 -1.886104 5.694816
27 -1.947002 2.649924
29 -1.927548 3.622579
29 -1.924909 3.754565
26 -1.844279 7.786031
23 -1.966483 1.675874
16 -2.077774 3.888696
32 -2.009468 0.473385
19 -2.066951 3.347570
32 -1.934419 3.279062
27 -2.084192 4.209585
28 -1.856005 7.199763
29 -1.882112 5.894413
35 -1.874153 6.292365
19 -1.882052 5.897414
36 -1.862888 6.855596
24 -2.058227 2.911325
37 -1.992370 0.381475
20 -2.160939 8.046930
15 -1.842386 7.880676
39 -1.841584 7.920804
17 -2.099164 4.958189
33 -2.126943 6.347132
40 -1.844307 7.784651
20 -1.852856 7.357216
27 -1.845340 7.733021
25 -2.131649 6.582464
29 -1.846665 7.666742
18 -1.865161 6.741970
23 -1.990058 0.497121
21 -2.003334 0.166703
44 -1.869020 6.549018
45 -1.844745 7.762757
20 -1.869620 6.519001
29 -1.868629 6.568529
24 -1.850388 7.480598
47 -1.860240 6.988014
28 -1.947511 2.624434
20 -1.868320 6.584025
29 -1.841899 7.905074
23 -2.077962 3.898108
31 -1.844048 7.797589
21 -1.841179 7.941047
39 -1.909986 4.500719
20 -1.992610 0.369499
17 -2.108496 5.424787
17 -1.876347 6.182631
16 -1.845723 7.713856
28 -1.911561 4.421964
32 -1.913241 4.337967
21 -1.848516 7.574184
21 -1.847291 7.635446
27 -2.056919 2.845947
40 -1.858260 7.087020
37 -1.855417 7.229142
25 -1.914096 4.295212
23 -1.879318 6.034118
35 -1.947316 2.634187
18 -1.924868 3.756621
41 -1.854291 7.285470
20 -2.142899 7.144949
33 -1.852474 7.376310
19 -2.086582 4.329111
23 -1.886707 5.664631
32 -1.895602 5.219914
45 -1.867368 6.631608
21 -1.906515 4.674239
35 -1.867953 6.602348
33 -1.894310 5.284506
20 -1.878049 6.097528
42 -1.853500 7.324978
24 -1.868104 6.594803
28 -1.908873 4.556329
18 -1.896183 5.190843
19 -1.945969 2.701558
33 -1.977273 1.136362
20 -1.863951 6.802440
27 -1.848903 7.554869
28 -1.858108 7.094603
23 -1.875853 6.207343
27 -1.936564 3.171797
24 -2.059431 2.971567
45 -1.854541 7.272972
39 -1.848572 7.571392
19 -1.905961 4.701958
21 -1.921060 3.947007
32 -1.903121 4.843941
33 -1.892707 5.364626
33 -1.854057 7.297135
27 -2.166457 8.322857
27 -1.964298 1.785090
15 -2.182656 9.132787
27 -1.841192 7.940381
24 -1.860037 6.998172
37 -1.888167 5.591634
31 -1.856833 7.158360
16 -1.858251 7.087473
19 -2.067636 3.381789
17 -1.851146 7.442714
24 -1.949631 2.518453
20 -1.847748 7.612613
17 -1.844323 7.783841
21 -1.962817 1.859155
23 -1.926629 3.668526
40 -1.869214 6.539321
19 -1.854492 7.275425
43 -1.867124 6.643780
21 -1.847013 7.649366
23 -1.848106 7.594716
31 -1.850977 7.451147
20 -1.922678 3.866076
32 -1.847814 7.609285
24 -1.841888 7.905618
23 -2.029971 1.498530
25 -1.841602 7.919899
23 -1.862443 6.877857
28 -1.850465 7.476763
39 -1.856855 7.157245
31 -2.055189 2.759467
15 -1.963399 1.830067
28 -2.021126 1.056290
31 -1.902076 4.896212
29 -1.855490 7.225502
19 -1.916256 4.187219
31 -1.916938 4.153082
28 -1.856333 7.183362
15 -2.125799 6.289973
25 -1.902051 4.897433
62 -1.859307 7.034646
23 -1.900316 4.984176
43 -1.851797 7.410163
25 -1.861676 6.916210
24 -1.847895 7.605263
31 -1.859927 7.003667
27 -2.107962 5.398122
21 -2.059019 2.950935
28 -1.841247 7.937626
25 -1.862658 6.867125
33 -1.847812 7.609394
19 -1.851145 7.442737
33 -1.937166 3.141724
28 -1.861123 6.943872
51 -1.893758 5.312086
27 -1.999932 0.003421
27 -1.860366 6.981721
25 -1.861900 6.904978
21 -1.853348 7.332594
21 -1.879774 6.011291
33 -1.913634 4.318325
20 -1.870792 6.460386
21 -2.057284 2.864194
21 -1.866044 6.697788
23 -1.857355 7.132240
20 -2.191710 9.585497
24 -1.890310 5.484483
44 -1.844229 7.788563
40 -1.871736 6.413204
48 -1.845604 7.719796
25 -1.982549 0.872567
27 -1.891194 5.440283
25 -1.915702 4.214882
24 -1.912330 4.383488
38 -2.051857 2.592864
36 -1.863947 6.802651
31 -1.871777 6.411158
44 -1.853375 7.331255
33 -1.846218 7.689099
48 -1.859564 7.021795
64 -1.871990 6.400509
226 -1.843686 7.815724
280 -1.881946 5.902701
