68 0.808313 6.664110
75 0.803706 7.196064
86 0.790011 8.777416
87 0.800190 7.602060
94 0.783972 9.474731
101 0.782335 9.663688
110 0.806893 6.827966
110 0.795343 8.161741
110 0.782093 9.691699
117 0.800277 7.591989
117 0.779715 9.966224
119 0.790230 8.752153
120 0.833427 3.764111
120 0.805954 6.936398
107 0.797244 7.942209
122 0.797901 7.866311
121 0.792354 8.506799
130 0.797657 7.894482
129 0.781718 9.734984
131 0.785129 9.341117
131 0.799192 7.717250
128 0.787030 9.121578
136 0.790732 8.694095
136 0.783518 9.527081
139 0.786191 9.218449
142 0.794392 8.271565
139 0.794828 8.221202
144 0.804537 7.100068
141 0.797653 7.894965
142 0.798525 7.794257
148 0.781033 9.814033
148 0.793949 8.322710
150 0.785381 9.311994
151 0.784145 9.454679
145 0.793564 8.367105
151 0.787297 9.090817
153 0.797312 7.934384
152 0.781216 9.792904
155 0.793867 8.332106
153 0.801562 7.443552
149 0.785656 9.280309
157 0.787560 9.060455
124 0.792790 8.456463
169 0.786006 9.239819
162 0.798543 7.792218
76 0.784575 9.405085
171 0.782632 9.629490
175 0.797914 7.864857
95 0.799921 7.633059
92 0.783288 9.553744
174 0.780479 9.878074
120 0.794110 8.304120
101 0.792598 8.478626
94 0.780472 9.878908
95 0.783341 9.547579
118 0.793984 8.318607
182 0.794371 8.273890
85 0.788791 8.918269
104 0.809547 6.521538
133 0.788625 8.937455
149 0.816778 5.686583
128 0.799627 7.666988
156 0.789888 8.791567
131 0.782061 9.695379
121 0.792873 8.446926
126 0.794667 8.239708
112 0.799943 7.630531
108 0.781376 9.774528
106 0.784817 9.377113
105 0.785658 9.280069
120 0.807473 6.761027
129 0.786699 9.159873
147 0.798642 7.780743
147 0.799788 7.648420
103 0.789549 8.830748
129 0.782594 9.633850
151 0.779528 9.987885
130 0.793669 8.355023
144 0.788081 9.000249
124 0.780655 9.857704
133 0.799339 7.700286
134 0.784460 9.418317
98 0.782206 9.678592
104 0.796572 8.019801
140 0.807202 6.792325
118 0.787561 9.060319
145 0.804937 7.053908
136 0.799291 7.705794
148 0.780817 9.839053
141 0.808484 6.644267
120 0.794798 8.224671
139 0.795270 8.170097
119 0.794275 8.285006
124 0.791636 8.589804
75 0.807848 6.717692
155 0.794515 8.257346
158 0.782900 9.598478
142 0.799713 7.657077
128 0.783369 9.544282
146 0.792490 8.491167
113 0.779525 9.988204
155 0.812695 6.158067
126 0.795653 8.125854
120 0.795592 8.132992
142 0.785156 9.338029
115 0.789705 8.812741
145 0.792193 8.525466
168 0.798345 7.815009
97 0.807155 6.797784
131 0.779735 9.963988
124 0.799478 7.684262
111 0.788247 8.981086
99 0.781542 9.755358
126 0.790613 8.707875
133 0.784962 9.360397
104 0.788425 8.960526
121 0.793090 8.421844
174 0.782928 9.595223
135 0.802699 7.312316
109 0.782363 9.660520
98 0.800689 7.544413
143 0.782242 9.674446
121 0.804080 7.152818
135 0.785067 9.348270
224 0.784900 9.367556
145 0.779652 9.973572
122 0.782941 9.593788
178 0.783247 9.558372
109 0.790194 8.756249
131 0.797020 7.968060
141 0.788691 8.929852
142 0.800502 7.565994
126 0.801739 7.423138
117 0.799006 7.738725
115 0.808424 6.651221
126 0.793138 8.416303
130 0.793497 8.374869
141 0.799594 7.670828
125 0.794218 8.291624
117 0.793531 8.370939
118 0.798998 7.739617
160 0.784457 9.418694
146 0.798927 7.747830
96 0.799541 7.676953
121 0.779839 9.951929
106 0.780384 9.888984
157 0.783908 9.482113
131 0.797195 7.947821
126 0.793243 8.404230
144 0.803545 7.214559
127 0.779704 9.967554
167 0.787847 9.027304
134 0.785230 9.329406
147 0.802027 7.389927
101 0.786772 9.151339
105 0.803860 7.178186
100 0.802061 7.385925
180 0.811180 6.332992
88 0.781069 9.809909
117 0.794760 8.228982
122 0.798865 7.755029
147 0.780220 9.907942
92 0.792445 8.496380
118 0.785588 9.288141
146 0.779672 9.971222
122 0.792679 8.469282
115 0.790563 8.713691
116 0.783885 9.484731
69 0.781717 9.735111
145 0.783710 9.505015
160 0.784987 9.357520
134 0.785217 9.330930
169 0.786354 9.199716
123 0.793872 8.331562
178 0.786390 9.195553
94 0.780348 9.893135
122 0.784009 9.470439
134 0.813069 6.114856
119 0.797876 7.869202
123 0.794834 8.220467
154 0.814788 5.916439
137 0.782093 9.691700
132 0.810767 6.380715
149 0.782601 9.633072
162 0.799775 7.649924
122 0.788596 8.940791
197 0.799939 7.631014
143 0.800947 7.514641
118 0.779845 9.951217
146 0.781070 9.809792
229 0.788338 8.970588
129 0.785274 9.324418
170 0.796401 8.039488
147 0.792084 8.537969
120 0.813285 6.089892
137 0.790095 8.767666
138 0.787904 9.020637
143 0.797566 7.905034
158 0.782307 9.666963
146 0.801038 7.504073
