9 -0.250002 0.000770
10 -0.270997 8.398617
11 -0.263543 5.417307
12 -0.265234 6.093617
12 -0.251643 0.657389
13 -0.259933 3.973073
13 -0.258107 3.242960
16 -0.253232 1.292955
17 -0.272480 8.992170
19 -0.273280 9.312182
23 -0.250092 0.036922
23 -0.269712 7.884889
25 -0.272847 9.138826
25 -0.271008 8.403195
25 -0.250032 0.012782
23 -0.271584 8.633535
27 -0.267638 7.055139
27 -0.274212 9.684882
29 -0.260859 4.343650
29 -0.270658 8.263173
31 -0.268543 7.417338
32 -0.272772 9.108829
33 -0.251506 0.602437
31 -0.274449 9.779531
35 -0.272965 9.186035
35 -0.254561 1.824405
36 -0.265020 6.007861
17 -0.270748 8.299034
37 -0.272719 9.087420
37 -0.273995 9.597804
32 -0.261129 4.451519
39 -0.271411 8.564469
39 -0.273832 9.532920
39 -0.273377 9.350932
39 -0.251689 0.675789
27 -0.272587 9.034663
33 -0.266375 6.550081
40 -0.250346 0.138539
15 -0.250156 0.062507
39 -0.270546 8.218256
45 -0.270221 8.088508
45 -0.258818 3.527092
25 -0.273164 9.265478
17 -0.256927 2.770609
37 -0.271486 8.594588
47 -0.265607 6.242981
31 -0.269116 7.646443
47 -0.272349 8.939515
15 -0.273896 9.558290
48 -0.250563 0.225043
29 -0.252609 1.043596
17 -0.274907 9.962904
43 -0.260568 4.227347
51 -0.259149 3.659689
12 -0.258072 3.228927
52 -0.268664 7.465524
50 -0.252003 0.801179
31 -0.271112 8.444782
35 -0.259524 3.809688
24 -0.260916 4.366571
21 -0.261935 4.774011
19 -0.262602 5.040691
26 -0.250250 0.100028
59 -0.272757 9.102833
53 -0.265127 6.050894
17 -0.256680 2.671970
60 -0.272083 8.833400
60 -0.273591 9.436504
60 -0.252070 0.827950
20 -0.254520 1.808074
19 -0.264301 5.720523
32 -0.274046 9.618276
13 -0.267516 7.006311
49 -0.251095 0.438034
65 -0.266557 6.622792
37 -0.250186 0.074485
35 -0.273788 9.515064
36 -0.262246 4.898585
28 -0.269547 7.818861
35 -0.273102 9.240797
69 -0.250004 0.001504
29 -0.268164 7.265433
55 -0.250455 0.182109
47 -0.251191 0.476232
16 -0.253784 1.513747
17 -0.266545 6.618141
40 -0.267596 7.038430
80 -0.260077 4.030747
27 -0.263449 5.379712
39 -0.271510 8.603926
28 -0.261327 4.530724
61 -0.271894 8.757639
32 -0.274975 9.989989
40 -0.271820 8.727914
45 -0.250015 0.005913
54 -0.266558 6.623359
45 -0.274521 9.808527
36 -0.274065 9.626046
12 -0.251704 0.681440
16 -0.272475 8.990031
39 -0.274275 9.709966
37 -0.272877 9.150838
72 -0.250299 0.119415
31 -0.262153 4.861062
44 -0.250212 0.084909
17 -0.259701 3.880492
31 -0.268053 7.221395
47 -0.265673 6.269262
68 -0.273433 9.373079
14 -0.274816 9.926411
63 -0.274960 9.984069
48 -0.272877 9.150831
100 -0.260463 4.185298
65 -0.269735 7.894101
60 -0.274840 9.935925
84 -0.269547 7.818875
27 -0.268206 7.282362
41 -0.267696 7.078492
24 -0.274903 9.961288
63 -0.273898 9.559061
16 -0.257145 2.857889
31 -0.265491 6.196286
21 -0.274320 9.727929
31 -0.263441 5.376278
20 -0.264865 5.946180
67 -0.272583 9.033340
55 -0.274661 9.864574
37 -0.251656 0.662515
71 -0.250123 0.049366
89 -0.251362 0.544831
41 -0.274875 9.949847
65 -0.272839 9.135661
9 -0.270997 8.398873
36 -0.272226 8.890243
61 -0.267289 6.915687
67 -0.266548 6.619355
23 -0.255614 2.245595
67 -0.250313 0.125110
48 -0.271031 8.412406
29 -0.252298 0.919136
15 -0.251387 0.554654
32 -0.274684 9.873594
67 -0.262675 5.070083
67 -0.273327 9.330761
96 -0.258502 3.400902
74 -0.265242 6.096737
25 -0.262437 4.974633
104 -0.250024 0.009540
55 -0.260935 4.374004
21 -0.271573 8.629159
69 -0.258190 3.275907
32 -0.272657 9.062963
32 -0.272265 8.906080
73 -0.262866 5.146405
18 -0.255647 2.258868
48 -0.264047 5.618931
67 -0.250115 0.046070
12 -0.250009 0.003686
32 -0.269247 7.698832
68 -0.266189 6.475517
22 -0.250308 0.123313
52 -0.270308 8.123345
39 -0.274853 9.941198
17 -0.265221 6.088350
24 -0.266850 6.739949
45 -0.263723 5.489179
67 -0.266360 6.544118
39 -0.251242 0.496717
52 -0.263866 5.546477
27 -0.274905 9.962155
113 -0.250431 0.172554
80 -0.271368 8.547024
49 -0.270967 8.386853
67 -0.273418 9.367046
28 -0.250973 0.389315
59 -0.271395 8.558198
48 -0.255908 2.363350
63 -0.250045 0.017820
71 -0.273138 9.255043
51 -0.269699 7.879614
67 -0.258178 3.271096
28 -0.251764 0.705513
36 -0.273879 9.551713
44 -0.273618 9.447260
44 -0.265607 6.242649
33 -0.252663 1.065237
56 -0.270318 8.127084
47 -0.259767 3.906821
65 -0.250014 0.005506
117 -0.268766 7.506556
37 -0.253640 1.456198
51 -0.250068 0.027336
63 -0.262566 5.026581
48 -0.264996 5.998416
52 -0.251016 0.406390
64 -0.251328 0.531024
53 -0.251560 0.623864
51 -0.274391 9.756587
67 -0.255445 2.177815
148 -0.257366 2.946368
