11 4.226349 7.838069
13 4.279681 6.675099
13 4.430568 3.384783
13 4.129115 9.958402
13 4.301787 6.193028
13 4.403297 3.979450
13 4.404617 3.950670
15 4.346336 5.221571
15 4.293172 6.380895
15 4.365979 4.793225
15 4.145030 9.611353
15 4.140378 9.712794
15 4.448868 2.985707
15 4.339345 5.374034
15 4.137694 9.771341
15 4.380643 4.473471
17 4.141860 9.680493
17 4.316020 5.882669
17 4.257220 7.164878
17 4.165090 9.173914
17 4.450561 2.948785
17 4.342725 5.300320
17 4.331940 5.535500
17 4.193678 8.550507
17 4.295689 6.326023
17 4.324750 5.692295
11 4.140271 9.715129
19 4.164575 9.185160
13 4.150000 9.502985
19 4.169404 9.079848
19 4.143723 9.639870
19 4.303634 6.152768
12 4.255087 7.211393
15 4.164333 9.190423
15 4.183251 8.777896
22 4.182772 8.788331
13 4.322102 5.750040
22 4.280843 6.649755
14 4.290947 6.429418
13 4.486135 2.173046
18 4.262980 7.039277
23 4.316812 5.865400
23 4.177052 8.913070
17 4.393281 4.197869
15 4.343151 5.291039
15 4.196096 8.497793
22 4.402004 4.007653
25 4.191132 8.606036
22 4.431923 3.355216
26 4.326890 5.645632
26 4.496101 1.955723
22 4.225808 7.849879
19 4.197726 8.462241
26 4.224014 7.888995
15 4.297333 6.290170
24 4.494692 1.986459
13 4.253833 7.238756
22 4.273250 6.815321
28 4.365706 4.799187
15 4.352629 5.084349
30 4.392402 4.217030
15 4.164175 9.193881
13 4.216403 8.054974
24 4.146338 9.582842
17 4.150981 9.481586
24 4.422443 3.561957
17 4.408893 3.857437
19 4.490540 2.076991
15 4.144688 9.618816
11 4.138312 9.757855
11 4.211395 8.164181
17 4.258694 7.132737
15 4.292569 6.394045
19 4.148625 9.532969
24 4.277289 6.727244
33 4.457500 2.797472
11 4.134401 9.843140
27 4.396419 4.129435
19 4.186271 8.712041
11 4.197212 8.473456
33 4.456827 2.812161
19 4.170111 9.064421
28 4.450317 2.954112
13 4.212951 8.130240
26 4.200000 8.412656
23 4.514584 1.552684
26 4.207131 8.257154
17 4.426040 3.483520
17 4.403108 3.983585
21 4.412847 3.771197
13 4.331977 5.534707
30 4.452094 2.915370
11 4.314760 5.910147
28 4.298199 6.271279
15 4.362832 4.861863
37 4.303516 6.155329
24 4.193733 8.549327
19 4.153303 9.430965
26 4.389234 4.286128
34 4.504792 1.766200
24 4.386035 4.355891
15 4.438034 3.221970
17 4.357224 4.984142
13 4.195922 8.501583
39 4.464129 2.652934
15 4.262193 7.056454
17 4.288499 6.482795
17 4.387625 4.321201
19 4.340969 5.338622
17 4.188704 8.658990
24 4.380084 4.485662
24 4.456691 2.815131
19 4.421638 3.579504
30 4.544128 0.908416
17 4.388361 4.305160
19 4.352949 5.077364
19 4.454202 2.869399
26 4.172520 9.011908
15 4.498207 1.909812
11 4.156234 9.367044
15 4.338912 5.383468
13 4.385901 4.358795
22 4.368719 4.733491
30 4.172972 9.002050
26 4.438964 3.201675
27 4.493245 2.018013
19 4.312032 5.969636
22 4.161562 9.250847
22 4.416758 3.685931
15 4.354008 5.054274
19 4.427822 3.444661
11 4.257999 7.147908
15 4.392999 4.204021
19 4.131776 9.900384
33 4.335172 5.465033
13 4.377947 4.532244
15 4.151668 9.466617
17 4.355243 5.027349
32 4.392919 4.205774
24 4.448885 2.985349
22 4.420922 3.595121
14 4.362111 4.877575
15 4.376360 4.566870
25 4.349178 5.159607
15 4.474868 2.418753
17 4.193155 8.561930
50 4.353158 5.072814
30 4.459030 2.764112
22 4.447570 3.014007
15 4.236610 7.614315
33 4.427185 3.458536
24 4.236484 7.617057
15 4.400136 4.048394
15 4.351061 5.118534
17 4.396738 4.122497
17 4.529870 1.219334
18 4.526981 1.282331
17 4.249625 7.330514
28 4.342139 5.313094
33 4.404171 3.960401
17 4.246900 7.389940
13 4.466793 2.594821
17 4.131458 9.907324
13 4.345200 5.246357
33 4.237004 7.605729
30 4.481650 2.270849
15 4.191249 8.603493
19 4.347611 5.193765
25 4.304736 6.128738
19 4.446156 3.044855
26 4.403827 3.967902
24 4.171092 9.043047
22 4.412131 3.786814
17 4.226550 7.833689
15 4.369811 4.709676
15 4.395875 4.141302
24 4.339249 5.376114
22 4.311725 5.976331
26 4.405637 3.928435
22 4.352671 5.083433
30 4.361268 4.895967
22 4.384050 4.399158
19 4.148093 9.544561
28 4.361015 4.901484
36 4.222426 7.923632
26 4.556146 0.646362
33 4.355595 5.019682
22 4.283106 6.600403
33 4.413052 3.766732
19 4.191865 8.590046
33 4.378221 4.526268
33 4.250072 7.320763
33 4.551782 0.741520
30 4.162811 9.223614
32 4.471591 2.490207
32 4.502477 1.816697
28 4.145930 9.591731
30 4.530143 1.213383
36 4.546043 0.866659
34 4.174977 8.958311
