11 4.172110 9.020832
11 4.268811 6.912127
11 4.221473 7.944412
12 4.304987 6.123255
12 4.478363 2.342527
12 4.493682 2.008470
13 4.137389 9.777990
13 4.167822 9.114340
13 4.333152 5.509083
13 4.372891 4.642497
13 4.328381 5.613113
13 4.368142 4.746055
13 4.232078 7.713139
13 4.165419 9.166751
13 4.302473 6.178081
14 4.394038 4.181374
10 4.184244 8.756243
16 4.205089 8.301686
12 4.212277 8.144936
16 4.182077 8.803504
11 4.175670 8.943203
17 4.357932 4.968715
17 4.402398 3.999060
16 4.226633 7.831883
18 4.148328 9.539451
18 4.133036 9.872917
19 4.221274 7.948746
14 4.410159 3.829829
14 4.284825 6.562909
19 4.211732 8.156822
19 4.145011 9.611784
20 4.144797 9.616441
20 4.167196 9.127992
20 4.160119 9.282329
20 4.139811 9.725160
20 4.234596 7.658244
20 4.131640 9.903352
22 4.226981 7.824297
11 4.280768 6.651396
23 4.140422 9.711836
20 4.172723 9.007473
23 4.390574 4.256910
12 4.401936 4.009129
22 4.407878 3.879559
19 4.370898 4.685974
13 4.277124 6.730850
20 4.268596 6.916821
18 4.255486 7.202704
22 4.279069 6.688427
23 4.200130 8.409832
13 4.353414 5.067227
22 4.142277 9.671383
29 4.149653 9.510553
13 4.193329 8.558120
17 4.435740 3.271993
19 4.214127 8.104589
11 4.219970 7.977170
19 4.164029 9.197051
32 4.159430 9.297354
10 4.238246 7.578652
12 4.341741 5.321788
18 4.221947 7.934073
31 4.142951 9.656705
26 4.215961 8.064613
22 4.233044 7.692078
14 4.209559 8.204209
19 4.154662 9.401317
23 4.139717 9.727226
17 4.227757 7.807372
25 4.244405 7.444329
14 4.308687 6.042572
31 4.139738 9.726758
28 4.161879 9.243942
17 4.163377 9.211285
40 4.148445 9.536888
17 4.127643 9.990502
23 4.173685 8.986490
23 4.386467 4.346459
12 4.319885 5.798390
13 4.409513 3.843901
14 4.193961 8.544354
16 4.166815 9.136300
24 4.189982 8.631108
13 4.201719 8.375161
12 4.302880 6.169213
25 4.212483 8.140438
18 4.303453 6.156698
14 4.482724 2.247441
20 4.208739 8.222085
44 4.303281 6.160468
32 4.141771 9.682419
14 4.278007 6.711596
41 4.169321 9.081657
13 4.203982 8.325814
47 4.162414 9.232273
22 4.386200 4.352282
28 4.152640 9.445422
16 4.466931 2.591814
21 4.195720 8.505985
13 4.139458 9.732856
45 4.142081 9.675661
14 4.188247 8.668949
26 4.184630 8.747822
48 4.221341 7.947287
29 4.407424 3.889469
11 4.265549 6.983253
12 4.344885 5.253212
22 4.231430 7.727277
28 4.133684 9.858778
13 4.374423 4.609106
22 4.182868 8.786239
13 4.235915 7.629478
31 4.248168 7.362280
54 4.184271 8.755653
22 4.362507 4.868941
14 4.312478 5.959906
62 4.149394 9.516202
31 4.165794 9.158578
31 4.144778 9.616859
12 4.342961 5.295172
13 4.179883 8.851327
27 4.245597 7.418336
29 4.139078 9.741163
22 4.134062 9.850533
18 4.128023 9.982222
37 4.134018 9.851497
18 4.208039 8.237343
19 4.214616 8.093934
18 4.158579 9.315907
17 4.236115 7.625124
16 4.342086 5.314254
16 4.149991 9.503177
18 4.318710 5.823999
38 4.226889 7.826303
42 4.185052 8.738625
14 4.228945 7.781466
28 4.237874 7.586751
22 4.219640 7.984373
20 4.176873 8.916983
13 4.237618 7.592328
44 4.277295 6.727126
42 4.216980 8.042392
61 4.185105 8.737459
13 4.325836 5.668617
24 4.313951 5.927786
13 4.299395 6.245197
64 4.145873 9.592985
33 4.166102 9.151846
43 4.400728 4.035482
19 4.142531 9.665857
13 4.279777 6.673002
11 4.141825 9.681242
16 4.256684 7.176567
28 4.203169 8.343549
14 4.175021 8.957361
18 4.246368 7.401535
23 4.302315 6.181522
48 4.144724 9.618043
30 4.157078 9.348632
53 4.225363 7.859586
28 4.169374 9.080506
43 4.211123 8.170099
29 4.132243 9.890205
26 4.130920 9.919055
64 4.142695 9.662288
41 4.216085 8.061898
34 4.208224 8.233329
43 4.144282 9.627682
50 4.241690 7.503542
60 4.205255 8.298054
40 4.140037 9.720250
49 4.233436 7.683533
46 4.138571 9.752215
44 4.235072 7.647857
94 4.137029 9.785824
52 4.193579 8.552670
51 4.127309 9.997793
87 4.134923 9.831762
82 4.134400 9.843153
44 4.201051 8.389739
31 4.168874 9.091396
43 4.139925 9.722673
52 4.289339 6.464477
68 4.352323 5.091022
65 4.231885 7.717364
76 4.318605 5.826300
59 4.307958 6.058461
73 4.267800 6.934173
83 4.296182 6.315254
80 4.318340 5.832075
86 4.360016 4.923266
94 4.234681 7.656394
115 4.342118 5.313563
138 4.375745 4.580265
128 4.354930 5.034181
140 4.366842 4.774409
141 4.339367 5.373544
285 4.330063 5.576446
236 4.137860 9.767710
failed to find solution in 1200 iterations and 250 function evals
