12 -5.486345 9.726909
16 -5.291818 5.836367
16 -5.119460 2.389195
16 -5.209854 4.197084
16 -5.023057 0.461139
17 -5.271205 5.424108
19 -5.168983 3.379650
20 -5.387812 7.756249
20 -5.467147 9.342948
20 -5.053772 1.075448
20 -5.241216 4.824323
20 -5.250572 5.011446
21 -5.297784 5.955681
21 -5.351013 7.020252
21 -5.193182 3.863632
21 -5.010491 0.209816
23 -5.436510 8.730208
23 -5.336642 6.732832
23 -5.317818 6.356352
23 -5.022862 0.457239
23 -5.344629 6.892572
13 -5.372276 7.445520
24 -5.177488 3.549752
24 -5.393433 7.868663
24 -5.400633 8.012667
24 -5.119529 2.390576
24 -5.229011 4.580212
24 -5.452820 9.056399
25 -5.162418 3.248357
25 -5.250746 5.014921
25 -5.143188 2.863751
25 -5.318389 6.367770
25 -5.109047 2.180949
20 -5.301624 6.032483
27 -5.354324 7.086474
27 -5.053667 1.073333
27 -5.498658 9.973160
27 -5.457462 9.149249
27 -5.338439 6.768771
27 -5.110209 2.204175
27 -5.090346 1.806923
27 -5.137934 2.758678
28 -5.250807 5.016140
29 -5.098470 1.969403
19 -5.383758 7.675165
29 -5.422003 8.440061
15 -5.233859 4.677174
29 -5.152604 3.052084
31 -5.200600 4.012008
31 -5.141433 2.828670
31 -5.041298 0.825966
33 -5.179146 3.582917
23 -5.355331 7.106624
16 -5.216836 4.336724
13 -5.240859 4.817176
15 -5.356217 7.124331
20 -5.249341 4.986818
15 -5.229280 4.585609
23 -5.171328 3.426555
17 -5.498096 9.961920
16 -5.445238 8.904767
20 -5.147698 2.953968
20 -5.378747 7.574939
24 -5.464729 9.294588
20 -5.104379 2.087589
24 -5.346929 6.938576
24 -5.035949 0.718985
19 -5.433699 8.673989
24 -5.334020 6.680401
21 -5.454249 9.084988
21 -5.323771 6.475415
29 -5.101222 2.024436
21 -5.222871 4.457412
28 -5.272730 5.454594
23 -5.315171 6.303427
7 -5.308135 6.162696
27 -5.269101 5.382027
21 -5.205478 4.109559
20 -5.172858 3.457166
19 -5.224606 4.492118
25 -5.087325 1.746494
23 -5.324128 6.482560
23 -5.139693 2.793856
21 -5.174382 3.487642
25 -5.363566 7.271315
25 -5.370707 7.414143
21 -5.295390 5.907810
25 -5.189643 3.792863
19 -5.429757 8.595141
23 -5.451392 9.027847
28 -5.251426 5.028512
19 -5.422692 8.453845
24 -5.205099 4.101973
29 -5.222087 4.441743
16 -5.373457 7.469134
33 -5.026333 0.526657
20 -5.378859 7.577172
32 -5.321031 6.420630
17 -5.397119 7.942382
29 -5.200486 4.009715
25 -5.203812 4.076231
27 -5.358439 7.168772
35 -5.100863 2.017260
20 -5.286549 5.730973
27 -5.065849 1.316987
17 -5.436418 8.728359
20 -5.396190 7.923805
21 -5.359982 7.199643
19 -5.489932 9.798634
32 -5.034482 0.689636
15 -5.477985 9.559695
20 -5.118213 2.364256
20 -5.329826 6.596521
23 -5.337872 6.757446
25 -5.025672 0.513430
27 -5.028142 0.562849
27 -5.038568 0.771369
23 -5.186680 3.733605
25 -5.441555 8.831091
17 -5.379984 7.599674
21 -5.233883 4.677652
29 -5.123869 2.477381
17 -5.481922 9.638436
25 -5.134868 2.697367
31 -5.025096 0.501920
28 -5.173622 3.472441
13 -5.278034 5.560677
23 -5.249370 4.987398
25 -5.154803 3.096066
17 -5.294914 5.898282
19 -5.415413 8.308261
25 -5.242616 4.852328
23 -5.454266 9.085311
25 -5.079589 1.591788
20 -5.218190 4.363797
24 -5.278990 5.579798
24 -5.374489 7.489784
23 -5.425688 8.513757
12 -5.299931 5.998627
24 -5.213541 4.270829
23 -5.053341 1.066820
20 -5.187549 3.750970
28 -5.139977 2.799546
27 -5.163283 3.265655
20 -5.319093 6.381868
35 -5.295656 5.913124
21 -5.186647 3.732931
28 -5.384277 7.685538
31 -5.109961 2.199220
23 -5.155943 3.118861
24 -5.053420 1.068407
32 -5.025432 0.508631
25 -5.343143 6.862868
24 -5.145304 2.906084
39 -5.041287 0.825750
21 -5.334320 6.686410
21 -5.348269 6.965390
27 -5.017976 0.359524
31 -5.307100 6.141995
19 -5.019695 0.393892
21 -5.092067 1.841340
23 -5.150884 3.017682
19 -5.321425 6.428495
17 -5.254284 5.085681
35 -5.098378 1.967560
27 -5.221353 4.427067
21 -5.302740 6.054794
16 -5.313243 6.264866
39 -5.048796 0.975922
28 -5.237393 4.747865
20 -5.193486 3.869710
23 -5.009157 0.183141
23 -5.189848 3.796957
20 -5.275787 5.515748
20 -5.343325 6.866498
19 -5.253445 5.068900
32 -5.020818 0.416354
15 -5.032640 0.652804
23 -5.120896 2.417922
27 -5.341344 6.826876
19 -5.079707 1.594145
27 -5.149534 2.990672
24 -5.222709 4.454171
25 -5.029007 0.580149
17 -5.276706 5.534124
24 -5.318788 6.375759
20 -5.367032 7.340632
19 -5.082539 1.650779
23 -5.198667 3.973341
21 -5.166078 3.321557
21 -5.435013 8.700268
24 -5.039354 0.787087
25 -5.333035 6.660700
25 -5.218686 4.373715
27 -5.249675 4.993508
28 -5.209596 4.191913
28 -5.256256 5.125118
28 -5.095503 1.910050
31 -5.045395 0.907900
39 -5.000603 0.012065
