20 -0.016403 5.019262
21 -0.016977 8.693809
23 -0.016988 8.763326
24 -0.015664 0.282141
24 -0.016195 3.683951
24 -0.016529 5.821571
25 -0.016229 3.903155
25 -0.016399 4.991535
25 -0.016106 3.115783
25 -0.016656 6.635632
25 -0.016055 2.786430
25 -0.016133 3.286408
25 -0.016093 3.034351
26 -0.015948 2.101043
26 -0.016152 3.411146
26 -0.016046 2.727684
26 -0.016058 2.804224
26 -0.016251 4.043231
27 -0.016456 5.355778
27 -0.015825 1.315148
27 -0.016154 3.424073
28 -0.016500 5.638695
28 -0.016487 5.556015
28 -0.016585 6.181429
19 -0.016385 4.898134
26 -0.015896 1.771905
29 -0.015787 1.071641
29 -0.015648 0.184752
29 -0.016141 3.339794
29 -0.015894 1.760409
29 -0.015870 1.601526
31 -0.015783 1.044046
31 -0.016354 4.703870
31 -0.016044 2.715402
31 -0.016083 2.968549
31 -0.015896 1.769387
26 -0.016092 3.023839
29 -0.016351 4.684350
32 -0.016347 4.654937
33 -0.015958 2.165422
24 -0.016140 3.330018
33 -0.016102 3.089484
33 -0.015838 1.399323
33 -0.015870 1.606309
33 -0.016134 3.293648
26 -0.016611 6.348967
34 -0.015930 1.985754
27 -0.015907 1.839626
26 -0.016275 4.196510
22 -0.016985 8.742206
26 -0.016244 3.996824
35 -0.015907 1.839082
36 -0.015767 0.942608
37 -0.015910 1.856667
38 -0.015685 0.421791
27 -0.015883 1.689880
31 -0.016032 2.640690
29 -0.016003 2.452020
29 -0.015952 2.127666
32 -0.015957 2.159627
31 -0.016008 2.486550
39 -0.015814 1.244141
26 -0.016649 6.593909
24 -0.016382 4.878586
28 -0.016059 2.810948
26 -0.017089 9.406757
28 -0.015970 2.240731
25 -0.016883 8.089520
25 -0.016400 4.995748
34 -0.015647 0.176229
40 -0.015644 0.159507
28 -0.016834 7.775780
32 -0.016119 3.196330
28 -0.015687 0.432368
35 -0.016002 2.447639
31 -0.016646 6.573759
27 -0.016033 2.646151
34 -0.016113 3.159046
31 -0.016099 3.072473
28 -0.016097 3.058774
31 -0.015959 2.171804
31 -0.015813 1.241133
25 -0.016916 8.299734
31 -0.015926 1.960651
29 -0.016061 2.823439
37 -0.015936 2.027293
27 -0.016585 6.183929
38 -0.015749 0.830718
28 -0.016112 3.151501
25 -0.016985 8.742381
37 -0.015800 1.155198
25 -0.016855 7.907623
27 -0.016105 3.105544
25 -0.016228 3.898737
24 -0.015931 1.994504
32 -0.016322 4.500032
24 -0.016668 6.713847
33 -0.015835 1.381440
24 -0.015643 0.153291
24 -0.016649 6.592344
26 -0.016997 8.819455
27 -0.015976 2.283411
27 -0.015985 2.339501
37 -0.015680 0.384903
26 -0.016085 2.981938
38 -0.016199 3.713195
28 -0.016079 2.940490
43 -0.015836 1.385548
29 -0.015769 0.959175
29 -0.016015 2.531251
28 -0.016330 4.546819
26 -0.015639 0.122968
24 -0.016173 3.546099
27 -0.016180 3.590981
27 -0.016464 5.406309
29 -0.016245 4.003730
32 -0.016177 3.570085
25 -0.016481 5.513436
24 -0.016216 3.819584
28 -0.016223 3.865728
27 -0.015934 2.015767
38 -0.015745 0.805377
24 -0.016049 2.746803
32 -0.016055 2.790405
22 -0.016755 7.271056
24 -0.016302 4.371917
40 -0.015833 1.365812
28 -0.015949 2.111480
28 -0.015979 2.302486
29 -0.015761 0.904719
22 -0.017030 9.028247
38 -0.015660 0.258975
38 -0.015933 2.006057
25 -0.016182 3.603758
29 -0.016157 3.439897
27 -0.016306 4.396895
24 -0.016883 8.087234
29 -0.016031 2.635918
33 -0.015906 1.832521
35 -0.015628 0.054853
27 -0.016007 2.483958
25 -0.015960 2.181773
38 -0.016059 2.816092
26 -0.016180 3.590267
36 -0.015993 2.388672
37 -0.015884 1.690260
28 -0.015958 2.165022
27 -0.015884 1.693053
25 -0.016957 8.566052
29 -0.016000 2.434388
31 -0.015719 0.634570
44 -0.015737 0.753152
24 -0.016282 4.242607
25 -0.016163 3.481848
28 -0.015927 1.966349
38 -0.016223 3.866402
26 -0.016114 3.167188
33 -0.015674 0.345894
28 -0.015779 1.019116
22 -0.016401 5.004076
35 -0.015700 0.514078
26 -0.016252 4.047173
23 -0.016652 6.607233
28 -0.015928 1.971982
24 -0.016357 4.722515
21 -0.016802 7.571886
31 -0.016153 3.414373
33 -0.015767 0.943415
27 -0.015800 1.155142
29 -0.016146 3.368077
27 -0.015688 0.439169
31 -0.015875 1.634045
27 -0.015989 2.365107
28 -0.015869 1.596327
33 -0.016017 2.542480
33 -0.016075 2.915063
25 -0.016336 4.585870
31 -0.015877 1.649780
26 -0.016518 5.752578
37 -0.016096 3.051154
32 -0.015898 1.782411
37 -0.016819 7.681577
29 -0.016224 3.866939
27 -0.016017 2.546198
32 -0.016447 5.296071
33 -0.015885 1.698102
34 -0.015853 1.493973
34 -0.015961 2.189399
32 -0.016136 3.306429
31 -0.016022 2.573941
29 -0.015905 1.828329
34 -0.016058 2.809521
31 -0.015866 1.576182
36 -0.015855 1.509325
34 -0.015956 2.156840
33 -0.016210 3.781590
43 -0.015874 1.626592
37 -0.015983 2.326750
38 -0.016041 2.701300
97 -0.015871 1.611762
