16 -1.068546 6.854597
23 -1.023597 2.359734
24 -1.060670 6.066970
24 -1.097286 9.728616
24 -1.029222 2.922230
25 -1.007438 0.743845
24 -1.057783 5.778322
20 -1.070114 7.011418
33 -1.037587 3.758690
33 -1.076440 7.644045
32 -1.094972 9.497217
17 -1.066148 6.614837
34 -1.074674 7.467382
34 -1.023684 2.368374
26 -1.088008 8.800755
13 -1.083036 8.303585
20 -1.094859 9.485890
45 -1.047881 4.788111
28 -1.033257 3.325723
46 -1.062954 6.295383
45 -1.055502 5.550231
12 -1.088118 8.811790
47 -1.053978 5.397798
46 -1.080480 8.048018
46 -1.028001 2.800050
34 -1.010519 1.051914
53 -1.007413 0.741271
40 -1.049033 4.903295
52 -1.096519 9.651946
53 -1.070750 7.074967
53 -1.071152 7.115206
30 -1.081227 8.122661
35 -1.091861 9.186144
60 -1.017268 1.726849
62 -1.021918 2.191827
31 -1.033611 3.361079
48 -1.008182 0.818238
63 -1.004980 0.498015
26 -1.062111 6.211148
23 -1.095038 9.503763
18 -1.004675 0.467549
56 -1.007231 0.723099
70 -1.012287 1.228690
57 -1.005267 0.526687
66 -1.092920 9.292009
71 -1.008227 0.822728
24 -1.078190 7.818979
42 -1.081904 8.190404
21 -1.063967 6.396675
54 -1.001442 0.144165
14 -1.047366 4.736616
57 -1.004110 0.410962
25 -1.055055 5.505529
25 -1.042515 4.251524
49 -1.072167 7.216667
69 -1.007530 0.752964
70 -1.008141 0.814076
14 -1.014754 1.475375
64 -1.006949 0.694948
62 -1.010200 1.020009
13 -1.069302 6.930164
32 -1.013072 1.307208
50 -1.074058 7.405844
80 -1.005597 0.559671
21 -1.083320 8.332007
84 -1.001785 0.178475
81 -1.010123 1.012263
89 -1.026118 2.611842
85 -1.005484 0.548404
102 -1.004837 0.483744
105 -1.006685 0.668480
16 -1.066865 6.686548
94 -1.004338 0.433841
56 -1.026934 2.693363
34 -1.010451 1.045133
58 -1.008770 0.876982
79 -1.004347 0.434720
81 -1.002072 0.207175
29 -1.054808 5.480811
57 -1.093046 9.304556
90 -1.010459 1.045914
83 -1.007353 0.735270
62 -1.062763 6.276304
107 -1.006738 0.673833
98 -1.006820 0.682013
75 -1.002491 0.249146
11 -1.013731 1.373116
107 -1.007035 0.703521
18 -1.038455 3.845475
121 -1.007149 0.714889
81 -1.005235 0.523476
47 -1.066148 6.614816
134 -1.013694 1.369425
79 -1.007952 0.795199
93 -1.014407 1.440698
122 -1.011959 1.195927
103 -1.014473 1.447251
117 -1.003136 0.313618
49 -1.008703 0.870335
66 -1.089958 8.995820
97 -1.007294 0.729423
115 -1.011676 1.167609
27 -1.049715 4.971468
84 -1.001361 0.136140
75 -1.027304 2.730359
16 -1.033109 3.310911
133 -1.000817 0.081709
80 -1.009933 0.993333
44 -1.070578 7.057775
85 -1.004886 0.488591
59 -1.066881 6.688072
72 -1.009987 0.998735
31 -1.051244 5.124358
26 -1.047456 4.745572
79 -1.005837 0.583677
30 -1.022871 2.287063
153 -1.010499 1.049917
83 -1.012760 1.276046
142 -1.012104 1.210352
56 -1.010997 1.099683
61 -1.009873 0.987264
71 -1.005346 0.534591
55 -1.073187 7.318687
16 -1.095560 9.556019
16 -1.049706 4.970632
62 -1.094970 9.497023
160 -1.007193 0.719337
44 -1.032601 3.260066
19 -1.023058 2.305780
17 -1.026589 2.658852
72 -1.065292 6.529213
23 -1.073909 7.390879
43 -1.019836 1.983637
56 -1.090385 9.038520
88 -1.002711 0.271148
33 -1.025243 2.524254
33 -1.024223 2.422288
92 -1.007450 0.745027
29 -1.042512 4.251241
12 -1.002578 0.257807
87 -1.006195 0.619531
66 -1.094775 9.477475
62 -1.000673 0.067307
60 -1.015485 1.548475
108 -1.005916 0.591646
67 -1.001269 0.126924
39 -1.057658 5.765767
20 -1.029353 2.935349
14 -1.013188 1.318778
128 -1.002980 0.298001
70 -1.001123 0.112342
36 -1.062946 6.294644
39 -1.034267 3.426704
30 -1.043154 4.315367
115 -1.003191 0.319081
61 -1.063833 6.383290
67 -1.000543 0.054296
49 -1.051598 5.159790
59 -1.059892 5.989221
64 -1.006588 0.658768
166 -1.010230 1.022971
51 -1.006083 0.608314
192 -1.008554 0.855429
190 -1.001263 0.126268
121 -1.006845 0.684477
59 -1.082322 8.232231
132 -1.006658 0.665826
81 -1.013516 1.351554
200 -1.001475 0.147501
77 -1.000757 0.075676
173 -1.004548 0.454815
106 -1.006887 0.688669
210 -1.014528 1.452750
98 -1.014645 1.464528
72 -1.000157 0.015659
206 -1.007133 0.713336
79 -1.008522 0.852214
178 -1.001041 0.104076
227 -1.006939 0.693889
218 -1.006706 0.670609
169 -1.001010 0.100970
260 -1.002221 0.222088
158 -1.009975 0.997509
270 -1.001783 0.178319
187 -1.009598 0.959823
164 -1.005038 0.503778
178 -1.002272 0.227190
failed to find solution in 1200 iterations and 327 function evals
failed to find solution in 1200 iterations and 335 function evals
failed to find solution in 1200 iterations and 333 function evals
failed to find solution in 1200 iterations and 334 function evals
failed to find solution in 1200 iterations and 323 function evals
failed to find solution in 1200 iterations and 347 function evals
failed to find solution in 1200 iterations and 332 function evals
failed to find solution in 1200 iterations and 326 function evals
324 -1.003478 0.347760
failed to find solution in 1200 iterations and 329 function evals
failed to find solution in 1200 iterations and 336 function evals
failed to find solution in 1200 iterations and 329 function evals
330 -1.005116 0.511583
