3763 -1.016975 6.653811
5374 -1.014787 6.424376
6600 -0.980835 2.863692
6396 -1.026019 7.602314
9988 -0.992172 4.052642
12468 -1.037528 8.809291
15841 -1.019760 6.945870
17793 -0.993314 4.172371
19562 -1.030181 8.038777
19498 -1.039804 9.047964
19898 -1.000025 4.876259
22614 -1.039809 9.048483
6954 -0.997539 4.615515
27955 -1.000317 4.906818
24000 -1.021460 7.124154
30381 -0.995228 4.373177
27161 -0.998512 4.717572
34649 -0.992560 4.093352
34901 -1.028175 7.828380
37160 -0.995511 4.402770
14705 -1.042091 9.287850
43972 -1.023045 7.290432
44384 -0.999493 4.820421
42521 -0.998349 4.700496
47045 -0.964592 1.160213
51835 -1.011744 6.105192
26290 -1.019963 6.967179
30799 -0.990332 3.859728
14134 -1.021253 7.102444
6225 -1.044596 9.550576
44220 -1.008903 5.807330
10009 -1.013497 6.289097
9099 -1.026254 7.626898
2146 -1.009118 5.829855
60031 -1.036861 8.739324
60211 -0.991078 3.937881
61189 -1.044327 9.522340
9336 -1.032605 8.293050
6290 -0.994980 4.347117
12304 -1.013786 6.319346
55759 -1.020559 7.029648
67253 -1.021929 7.173353
73420 -1.007522 5.662404
67864 -1.021185 7.095362
38292 -0.978370 2.605136
3305 -1.032012 8.230809
74515 -1.048869 9.998640
1967 -0.983062 3.097281
78505 -0.988749 3.693686
79082 -0.974787 2.229454
79342 -1.018697 6.834383
79856 -1.026293 7.631083
81026 -1.032984 8.332733
61987 -1.035327 8.578454
46335 -1.041317 9.206678
18089 -1.037800 8.837867
23297 -0.985508 3.353758
41773 -1.005847 5.486803
84682 -1.041975 9.275646
14397 -0.997213 4.581266
86180 -1.038281 8.888277
8276 -0.988450 3.662265
88036 -1.032093 8.239295
24263 -1.048466 9.956398
89700 -1.012755 6.211233
34426 -0.997472 4.608466
4633 -0.976290 2.387045
10004 -1.004252 5.319530
90653 -1.029225 7.938526
59468 -1.036766 8.729405
95574 -1.006328 5.537213
75558 -1.038786 8.941206
10177 -0.980823 2.862428
40513 -1.007702 5.681363
39658 -0.993458 4.187549
40333 -1.047579 9.863358
10421 -1.013371 6.275897
101471 -1.009827 5.904200
103524 -1.009476 5.867368
70051 -1.042600 9.341258
66818 -1.014532 6.397595
27573 -1.042249 9.304410
20193 -1.027545 7.762383
3325 -1.010997 6.026908
60695 -1.011791 6.110142
69103 -1.026292 7.630934
110614 -0.967103 1.423591
111017 -1.006357 5.540256
47977 -1.006031 5.506136
13892 -0.966591 1.369832
109470 -1.042032 9.281680
34305 -0.978709 2.640746
23082 -1.005637 5.464724
29513 -1.025565 7.554649
62303 -1.021991 7.179835
104185 -1.018365 6.799583
58175 -1.028443 7.856518
114544 -0.994829 4.331329
119574 -0.968039 1.521745
59780 -1.034293 8.470063
78587 -1.027137 7.719546
14446 -1.024729 7.467042
89218 -0.985287 3.330570
63048 -1.030227 8.043596
67617 -1.048793 9.990719
22675 -0.997465 4.607747
133454 -1.006235 5.527465
133310 -0.970418 1.771234
133616 -0.994351 4.281151
17815 -1.009132 5.831329
58832 -0.961989 0.887200
59723 -1.036266 8.676978
6755 -1.011915 6.123114
20542 -1.031013 8.126058
41551 -0.974922 2.243593
136195 -0.988268 3.643182
84963 -0.974232 2.171214
25189 -0.980082 2.784722
6122 -0.998644 4.731384
66697 -1.045090 9.602295
47561 -1.045076 9.600889
143277 -1.045903 9.687595
106207 -1.046941 9.796503
143860 -1.000774 4.954791
86749 -1.045556 9.651178
49208 -1.045296 9.623899
150205 -0.989522 3.774761
11963 -1.047826 9.889239
80824 -0.993489 4.190742
76219 -1.027344 7.741210
80337 -1.043839 9.471181
33521 -1.014410 6.384860
44680 -1.005173 5.416128
80612 -1.009037 5.821378
7296 -1.004585 5.354442
115501 -0.978644 2.633876
99910 -1.038794 8.942031
247 -1.010482 5.972867
24637 -1.005955 5.498120
82797 -1.043909 9.478481
161569 -0.974351 2.183652
41352 -1.015191 6.466779
142508 -1.032957 8.329950
155621 -1.040894 9.162320
49617 -1.002652 5.151708
52811 -0.996409 4.496963
68071 -1.023774 7.366910
144808 -0.999386 4.809196
166436 -0.982974 3.088018
35644 -1.012549 6.189675
45830 -0.984740 3.273224
45653 -1.031502 8.177283
7140 -1.038441 8.905016
162647 -1.045571 9.652833
6402 -1.009572 5.877460
98012 -1.014216 6.364506
30631 -1.041096 9.183517
41491 -1.009541 5.874246
158690 -1.027630 7.771231
94090 -1.020909 7.066392
62246 -1.043802 9.467264
5061 -1.043983 9.486217
22589 -1.014234 6.366317
16956 -1.039151 8.979454
175352 -1.041230 9.197511
28932 -1.036287 8.679104
34470 -1.045625 9.658506
113620 -1.022659 7.249962
2241 -1.026948 7.699703
88385 -1.044622 9.553314
113031 -1.045003 9.593214
115405 -1.000047 4.878527
29603 -0.977521 2.516158
89517 -0.993165 4.156821
95175 -1.027838 7.793065
138230 -1.011183 6.046352
43285 -1.045669 9.663063
118934 -1.042140 9.293012
80878 -1.019329 6.900707
86235 -1.034687 8.511325
184110 -0.970745 1.805521
191136 -0.998514 4.717753
177974 -1.002762 5.163240
184453 -1.003120 5.200777
5127 -0.995429 4.394266
141753 -0.965101 1.213581
194409 -1.022531 7.236552
10945 -1.007832 5.694922
145830 -1.019461 6.914503
59775 -1.016283 6.581229
51085 -1.044819 9.573964
84776 -1.048146 9.922805
72676 -1.011731 6.103859
70709 -0.989667 3.789945
173281 -1.036885 8.741815
91998 -1.012636 6.198819
79851 -1.039991 9.067552
13387 -1.030440 8.065931
87327 -1.009970 5.919210
196889 -1.034390 8.480202
15989 -1.017187 6.676099
6708 -0.995916 4.445323
20964 -0.968770 1.598425
41686 -1.029628 7.980811
10093 -1.028314 7.842937
11055 -1.024551 7.448361
125852 -1.044918 9.584287
587 -1.045297 9.624007
49962 -1.048098 9.917856
36268 -1.001077 4.986574
29862 -1.027983 7.808278
18451 -1.005878 5.490017
8368 -1.011584 6.088465
13810 -1.045249 9.619048
85772 -1.046527 9.753043
169729 -1.022442 7.227195
154886 -1.038698 8.931996
10095 -1.040787 9.151065
26067 -1.019825 6.952671
15554 -1.033983 8.437552
185531 -1.042548 9.335751
56778 -1.046236 9.722501
10156 -1.008477 5.762563
9405 -1.042343 9.314209
25938 -1.005547 5.455293
4873 -1.042864 9.368912
110922 -1.042545 9.335399
40653 -1.001141 4.993259
48477 -1.022188 7.200546
184887 -1.023211 7.307824
72672 -1.026307 7.632536
32612 -1.037200 8.774935
192832 -1.014311 6.374393
35653 -1.032627 8.295310
11157 -1.031304 8.156524
56522 -1.006541 5.559569
118513 -1.005788 5.480618
93533 -1.047393 9.843851
23373 -1.044140 9.502673
37365 -0.998930 4.761408
25434 -1.045371 9.631796
72031 -1.022606 7.244412
158386 -0.969021 1.624703
7700 -0.993222 4.162727
78134 -1.048812 9.992671
45995 -0.971849 1.921280
138556 -1.036357 8.686475
18368 -1.043248 9.409214
150170 -1.046559 9.756440
11819 -0.996941 4.552750
45254 -1.020285 7.000936
72681 -1.034466 8.488218
31219 -1.038563 8.917806
70638 -1.012771 6.212947
117856 -1.032648 8.297528
16724 -1.017689 6.728740
11524 -1.041811 9.258460
15950 -0.977871 2.552815
125383 -1.008938 5.810936
21336 -0.964821 1.184237
70247 -0.972524 1.992079
109894 -1.029741 7.992610
21642 -1.023303 7.317482
20748 -1.046383 9.737968
86963 -1.021228 7.099878
79109 -1.044104 9.498992
14506 -1.044874 9.579720
106347 -0.991031 3.932996
34939 -0.972491 1.988604
6191 -1.009778 5.899080
58438 -1.010709 5.996721
26539 -1.039114 8.975616
74364 -1.031815 8.210115
113443 -1.013454 6.284579
85634 -0.971668 1.902344
179641 -1.043765 9.463357
66657 -1.034533 8.495242
35041 -1.035028 8.547122
14517 -1.005927 5.495216
54399 -1.043116 9.395375
116004 -0.997549 4.616578
38848 -0.972757 2.016510
38021 -1.014547 6.399209
164017 -1.017251 6.682808
44448 -0.993022 4.141744
73061 -1.027473 7.754791
16383 -1.028150 7.825737
40264 -1.034642 8.506632
7445 -0.983085 3.099653
75748 -1.038162 8.875817
38116 -1.004411 5.336172
47538 -1.041230 9.197519
21487 -1.020833 7.058421
3307 -0.999533 4.824575
9001 -1.016654 6.620210
101405 -1.007421 5.651879
55952 -1.046168 9.715415
31905 -1.023994 7.389892
123551 -1.027658 7.774177
10577 -1.043133 9.397078
73135 -1.006461 5.551192
18778 -1.048802 9.991648
40788 -1.044438 9.533954
124930 -1.031793 8.207860
32335 -0.986273 3.433951
29036 -1.026148 7.615857
86656 -1.012511 6.185628
161143 -0.991724 4.005660
106454 -1.037078 8.762087
119221 -1.044976 9.590414
23700 -1.002830 5.170382
80822 -0.995848 4.438137
76259 -0.970093 1.737122
27178 -0.992527 4.089923
17871 -1.013745 6.315033
46514 -1.044637 9.554846
4681 -1.039240 8.988859
9537 -0.987895 3.604128
70233 -1.035282 8.573719
33711 -1.030296 8.050881
27594 -0.969064 1.629204
57470 -1.047547 9.860022
221633 -1.005184 5.417253
87210 -1.010336 5.957575
625 -1.019526 6.921369
69036 -1.018383 6.801500
73474 -1.013422 6.281214
234166 -1.033936 8.432557
37742 -1.021117 7.088169
27226 -1.032026 8.232238
112653 -1.043181 9.402110
97288 -0.966923 1.404690
162504 -0.970082 1.735953
6792 -0.975978 2.354280
57452 -1.024099 7.400971
67625 -1.007638 5.674573
20599 -1.043840 9.471206
150377 -1.021395 7.117401
103229 -0.971645 1.899882
28498 -1.015862 6.537096
25410 -0.960582 0.739683
47777 -1.024713 7.465342
97264 -1.046377 9.737358
119574 -1.024058 7.396640
191232 -0.967541 1.469513
233898 -1.041882 9.265890
131650 -1.042598 9.341007
45255 -1.000370 4.912450
119045 -1.046498 9.749997
23783 -1.038450 8.906003
89420 -0.979964 2.772311
55830 -0.993365 4.177720
15556 -1.045461 9.641225
70530 -1.021853 7.165440
23227 -0.981576 2.941394
142989 -0.995791 4.432172
40787 -1.044473 9.537675
114428 -1.008354 5.749719
29882 -1.013702 6.310567
7191 -1.028466 7.858946
6801 -1.048721 9.983095
161463 -1.045880 9.685180
14577 -1.041973 9.275467
7122 -1.037454 8.801518
10590 -1.013328 6.271318
178422 -1.044911 9.583614
7775 -1.004820 5.379041
42120 -1.040441 9.114791
54029 -1.009168 5.835036
2888 -0.994651 4.312654
95678 -1.016046 6.556389
37649 -1.020338 7.006519
6597 -0.991228 3.953619
183895 -1.042381 9.318262
118618 -1.034884 8.532006
15651 -1.000520 4.928117
77070 -1.034041 8.443551
49729 -1.038084 8.867566
82680 -1.045202 9.614043
5390 -0.983264 3.118388
94278 -1.030415 8.063376
184278 -1.021118 7.088322
59863 -1.027330 7.739834
32274 -0.969398 1.664295
92280 -1.048400 9.949527
34647 -1.047300 9.834117
121540 -1.039952 9.063511
89803 -1.047881 9.894999
12135 -1.038208 8.880619
37820 -1.045572 9.652875
49227 -1.035774 8.625324
111826 -1.012700 6.205490
86386 -1.000697 4.946669
19816 -0.968409 1.560542
89106 -1.003655 5.256899
50291 -1.017302 6.688132
26585 -0.983433 3.136131
33247 -0.998930 4.761339
16794 -1.045790 9.675731
3577 -1.029779 7.996600
4880 -0.999691 4.841210
146845 -0.991384 3.969965
8683 -1.047728 9.879027
65662 -1.037611 8.817951
279198 -0.994775 4.325624
103721 -1.016755 6.630755
21215 -1.048636 9.974192
90291 -0.995141 4.364034
280965 -1.044894 9.581784
23564 -0.978308 2.598637
46614 -1.042501 9.330861
137879 -0.983349 3.127367
43242 -0.994970 4.346056
68496 -0.980897 2.870246
59225 -1.035926 8.641329
192463 -1.024721 7.466138
14029 -0.989241 3.745221
280978 -1.033005 8.334926
3036 -1.004574 5.353242
166271 -1.040645 9.136153
25078 -1.019320 6.899803
17776 -1.045933 9.690771
75378 -1.037574 8.814107
20016 -1.014154 6.357986
23928 -1.015253 6.473248
78636 -1.027270 7.733479
7014 -0.993972 4.241450
49949 -1.013504 6.289819
165153 -0.995025 4.351854
39441 -0.997652 4.627368
62587 -0.987485 3.561098
279868 -1.025648 7.563400
18363 -1.040442 9.114876
74579 -1.026846 7.689009
30676 -0.983061 3.097163
125488 -1.014638 6.408777
111351 -1.048743 9.985429
116315 -0.995639 4.416249
144054 -0.983577 3.151230
109647 -0.969936 1.720640
51375 -1.039439 9.009738
200919 -0.973158 2.058563
31876 -0.997353 4.595952
228089 -1.009284 5.847292
143313 -1.046948 9.797196
56330 -1.036783 8.731198
201604 -1.017576 6.716815
42022 -1.024364 7.428733
53842 -1.017838 6.744300
3650 -1.001747 5.056857
40628 -0.980966 2.877428
78028 -1.007835 5.695254
177987 -1.027674 7.775902
250399 -1.037106 8.764988
79589 -0.980686 2.848022
74560 -1.029669 7.985077
52022 -1.036861 8.739386
111110 -1.047089 9.812019
87365 -1.012824 6.218453
130959 -1.018533 6.817217
65014 -1.013365 6.275249
13012 -1.024181 7.409568
97620 -1.000907 4.968729
63070 -1.005413 5.441249
3490 -1.004506 5.346166
48593 -1.028246 7.835868
1619 -1.015902 6.541270
108011 -1.038157 8.875221
87938 -0.994385 4.284733
5948 -1.016756 6.630845
49186 -1.043042 9.387607
68840 -1.048323 9.941407
5022 -1.048141 9.922311
49218 -1.043856 9.472965
98410 -0.967014 1.414238
3719 -0.979840 2.759383
83316 -1.006019 5.504839
135974 -1.019397 6.907860
25171 -0.965263 1.230557
13963 -0.986158 3.421916
54518 -1.046411 9.740859
23496 -1.013831 6.324067
7519 -0.990044 3.829460
173667 -1.018730 6.837899
44991 -1.042820 9.364292
30691 -1.039304 8.995526
73083 -1.010084 5.931163
30809 -1.031085 8.133643
28809 -1.007509 5.661081
6934 -1.029751 7.993649
194350 -1.001026 4.981198
317030 -1.040227 9.092389
65603 -0.968954 1.617731
92674 -0.985406 3.343077
81380 -1.046161 9.714701
8058 -1.038549 8.916355
38755 -1.039571 9.023595
55680 -1.017373 6.695602
12800 -1.026435 7.645956
167367 -1.014414 6.385205
75658 -1.040303 9.100274
182768 -1.042786 9.360685
14519 -0.991464 3.978385
17021 -0.978079 2.574685
8567 -1.012055 6.137884
3548 -1.004970 5.394769
1430 -0.976758 2.436160
7382 -1.021266 7.103792
108890 -1.020069 6.978257
128682 -1.027296 7.736257
70620 -1.027335 7.740359
221669 -1.024457 7.438470
226230 -1.046844 9.786274
3639 -1.042595 9.340718
44046 -1.044877 9.579996
23780 -1.036579 8.709721
74724 -0.987490 3.561579
71704 -1.012568 6.191662
248012 -0.998437 4.709698
23291 -1.028392 7.851192
84376 -0.991512 3.983446
24033 -1.022868 7.271806
55696 -0.995609 4.413113
53911 -1.012896 6.226072
13202 -1.022395 7.222245
143138 -1.010137 5.936648
65458 -0.998765 4.744031
44726 -1.029899 8.009254
10281 -1.019633 6.932559
212600 -1.011307 6.059358
161014 -1.039001 8.963781
101545 -1.019924 6.963088
52010 -1.039094 8.973576
56214 -1.029740 7.992544
167864 -1.016562 6.610527
56540 -1.012424 6.176544
9869 -1.013967 6.338358
208299 -0.987084 3.519066
40682 -1.027339 7.740748
58638 -1.008127 5.725953
83282 -0.976362 2.394608
11547 -1.038648 8.926761
1014 -1.009916 5.913498
36413 -1.011294 6.058027
41273 -1.012521 6.186727
55801 -1.040996 9.172985
82573 -1.045033 9.596363
22866 -1.010635 5.988896
70995 -0.963204 1.014709
22327 -0.965661 1.272350
46993 -1.010840 6.010381
85711 -0.963224 1.016754
5327 -1.044151 9.503890
23279 -1.041324 9.207365
164900 -1.039691 9.036124
94075 -1.005582 5.459017
96737 -1.035198 8.564934
32873 -1.006952 5.602641
94047 -1.039900 9.058104
51794 -0.972080 1.945476
