22 22.083128 2.405441
23 22.006277 2.745077
30 21.629170 4.411672
21 21.166947 6.454428
28 21.715558 4.029887
30 20.827776 7.953365
27 21.422242 5.326172
33 21.514532 4.918303
33 22.118392 2.249593
24 20.533335 9.254620
27 21.653947 4.302172
36 21.096156 6.767282
23 22.016451 2.700115
26 21.641561 4.356908
32 22.072575 2.452079
27 21.283897 5.937578
26 20.582759 9.036199
27 21.364492 5.581393
32 21.022944 7.090837
22 20.958139 7.377237
27 21.525400 4.870274
22 21.833317 3.509461
27 22.271484 1.573015
32 21.606352 4.512513
33 21.347755 5.655359
23 21.960379 2.947921
28 20.434225 9.692629
27 20.992842 7.223869
30 20.450450 9.620928
34 21.113659 6.689927
29 20.381979 9.923526
33 20.448395 9.630010
25 21.026151 7.076662
23 22.185200 1.954339
27 20.890024 7.678266
36 22.219206 1.804057
39 22.057508 2.518666
29 22.024933 2.662629
24 20.661462 8.688374
42 22.550435 0.340217
28 21.283772 5.938128
31 20.531223 9.263957
33 20.590959 8.999956
22 20.502637 9.390288
29 22.530250 0.429420
25 21.175163 6.418117
30 21.213380 6.249218
27 21.909311 3.173609
33 22.002857 2.760191
27 21.090983 6.790142
28 21.985134 2.838519
34 22.103594 2.314994
25 20.708812 8.479118
22 20.864151 7.792607
27 21.948368 3.001002
29 20.495527 9.421713
25 21.158008 6.493931
26 21.282571 5.943438
31 22.001752 2.765074
35 22.402763 0.992838
27 21.576890 4.642718
55 22.473154 0.681754
25 21.343453 5.674373
27 22.345700 1.245025
24 22.079962 2.419434
28 20.723890 8.412480
36 21.799540 3.658732
21 22.307930 1.411947
23 20.776883 8.178282
30 22.401520 0.998335
28 22.115095 2.264166
24 20.829751 7.944636
28 21.681511 4.180352
28 20.695143 8.539525
22 21.253276 6.072902
25 20.871515 7.760062
16 20.458211 9.586627
28 20.821186 7.982488
27 21.532134 4.840512
30 21.567322 4.685001
21 20.972135 7.315380
35 22.336953 1.283680
28 21.092568 6.783137
33 22.124212 2.223875
37 21.803614 3.640731
33 21.860118 3.391015
33 20.599491 8.962252
25 20.972506 7.313743
39 20.962763 7.356803
37 21.430245 5.290802
34 20.488563 9.452488
24 21.308232 5.830027
35 22.450421 0.782220
32 21.499390 4.985220
28 22.526064 0.447921
31 21.399325 5.427453
34 22.387644 1.059658
36 22.114687 2.265968
38 21.889906 3.259367
31 21.017910 7.113085
44 21.512820 4.925868
27 22.295192 1.468239
32 22.241870 1.703895
30 21.596826 4.554611
25 21.574592 4.652872
32 22.092135 2.365635
42 21.278412 5.961815
33 21.934434 3.062581
32 20.745789 8.315701
28 22.518911 0.479533
34 20.719654 8.431201
28 22.218903 1.805394
31 21.587345 4.596510
27 21.555407 4.737660
29 21.561499 4.710739
40 22.393750 1.032673
19 21.100654 6.747401
20 21.605906 4.514484
28 21.356696 5.615846
31 21.636902 4.377497
30 21.913978 3.152986
34 22.041008 2.591584
27 22.254499 1.648081
41 21.715626 4.029584
28 21.378674 5.518715
27 22.109803 2.287553
29 21.840966 3.475653
23 22.097801 2.340594
29 22.037363 2.607696
31 20.876523 7.737930
30 21.893135 3.245100
28 21.123773 6.645228
31 22.122078 2.233302
36 21.760770 3.830073
29 21.722544 3.999009
31 21.013805 7.131226
34 22.413237 0.946553
31 21.641503 4.357165
30 21.843231 3.465643
24 21.984266 2.842353
27 21.694719 4.121981
25 21.065213 6.904032
19 20.717972 8.438635
32 21.141758 6.565746
31 21.422434 5.325322
29 21.794941 3.679058
24 21.461346 5.153354
32 20.557933 9.145914
34 21.183925 6.379392
26 21.635113 4.385408
25 22.022287 2.674323
25 21.640169 4.363060
25 21.952289 2.983670
28 21.825450 3.544228
29 22.278115 1.543712
48 22.517274 0.486768
29 21.940818 3.034368
25 22.497441 0.574419
30 22.436758 0.842601
32 21.706266 4.070953
28 22.159143 2.069497
34 22.240689 1.709112
35 22.171430 2.015197
31 22.092156 2.365541
33 21.921736 3.118698
31 21.025962 7.077498
34 21.906671 3.185278
34 21.068142 6.891085
31 21.026628 7.074556
42 22.580438 0.207619
28 20.997657 7.202588
30 22.381153 1.088343
27 22.157598 2.076324
33 20.922128 7.536383
34 22.153825 2.093003
27 21.325695 5.752853
28 21.460643 5.156462
37 22.025016 2.662260
31 21.227892 6.185083
33 21.122435 6.651142
27 21.789344 3.703795
36 20.422453 9.744655
26 21.525694 4.868972
26 21.381381 5.506754
33 22.328227 1.322247
32 21.636823 4.377848
27 21.759560 3.835420
28 21.176807 6.410852
36 22.571239 0.248275
25 22.004935 2.751006
33 22.110609 2.283992
37 22.418464 0.923450
37 22.551599 0.335071
32 20.999985 7.192303
34 22.409417 0.963433
34 22.516924 0.488315
31 22.206568 1.859909
40 22.391493 1.042645
38 22.358795 1.187151
41 22.245197 1.689189
