36 6333.579397 9.024005
43 6291.090160 9.634323
47 6322.104210 9.188835
51 6828.082625 1.920924
41 6957.739535 0.058523
52 6436.115481 7.551169
88 6576.247823 5.538298
62 6960.527072 0.018483
90 6952.320208 0.136367
62 6960.297305 0.021783
71 6947.234831 0.209414
79 6813.996954 2.123252
66 6308.263763 9.387640
62 6717.549320 3.508633
121 6914.132012 0.684905
77 6961.465303 0.005006
83 6842.414081 1.715066
90 6757.551154 2.934044
107 6286.880444 9.694792
89 6890.612516 1.022741
92 6742.806127 3.145842
104 6936.658848 0.361328
123 6942.581148 0.276259
84 6959.604051 0.031741
100 6848.514564 1.627439
133 6896.181982 0.942740
94 6956.139617 0.081505
50 6546.665959 5.963214
169 6897.519350 0.923530
185 6803.996306 2.266902
132 6798.406790 2.347190
115 6511.154453 6.473304
106 6938.287318 0.337936
75 6491.698148 6.752776
120 6873.389837 1.270128
40 6575.280662 5.552190
110 6804.979170 2.252784
117 6955.977997 0.083826
107 6484.980047 6.849275
111 6914.921290 0.673568
117 6590.523629 5.333239
127 6719.138381 3.485808
153 6931.053097 0.441849
109 6934.278651 0.395517
79 6927.973413 0.486086
57 6289.880599 9.651698
125 6751.745815 3.017432
42 6949.892648 0.171236
210 6897.273249 0.927065
145 6871.156039 1.302215
180 6874.706351 1.251218
97 6953.039970 0.126028
79 6916.849449 0.645871
133 6914.503702 0.679566
141 6838.091568 1.777155
161 6934.873462 0.386973
132 6951.942059 0.141799
89 6505.227536 6.558438
66 6899.862348 0.889875
71 6456.100301 7.264106
134 6955.459933 0.091268
77 6356.002043 8.701924
86 6709.562707 3.623353
115 6501.000051 6.619162
34 6535.008334 6.130665
119 6681.417300 4.027636
154 6942.708148 0.274435
168 6956.449079 0.077059
106 6674.973884 4.120190
108 6882.941231 1.132931
127 6806.999628 2.223762
154 6898.064845 0.915695
172 6777.713659 2.644428
73 6934.076792 0.398417
78 6943.718829 0.259918
78 6827.436000 1.930213
63 6781.721560 2.586858
148 6807.534828 2.216075
124 6512.799218 6.449678
114 6564.518928 5.706773
122 6939.777428 0.316532
97 6470.900601 7.051513
46 6532.582643 6.165508
104 6937.550358 0.348522
256 6841.313480 1.730876
87 6959.927778 0.027091
85 6804.699550 2.256801
82 6955.924022 0.084601
140 6933.370379 0.408564
194 6789.278046 2.478316
65 6950.275097 0.165743
49 6659.129289 4.347782
137 6960.104538 0.024552
55 6337.400210 8.969122
126 6881.141028 1.158790
123 6876.964931 1.218775
171 6935.428442 0.379001
90 6953.836361 0.114589
100 6570.110586 5.626454
61 6947.396382 0.207093
127 6935.538295 0.377423
126 6919.555975 0.606995
109 6900.399563 0.882159
109 6820.418351 2.031015
65 6952.237816 0.137550
136 6953.026479 0.126222
67 6297.481455 9.542518
145 6945.295168 0.237275
72 6961.090942 0.010383
112 6639.316728 4.632372
109 6937.174358 0.353923
192 6877.998518 1.203929
52 6350.640597 8.778936
63 6725.370104 3.396295
125 6942.434126 0.278371
125 6937.284574 0.352340
86 6914.608811 0.678056
165 6733.914941 3.273556
45 6324.048799 9.160903
149 6832.764932 1.853667
136 6272.894405 9.895688
165 6449.581419 7.357743
224 6833.026408 1.849912
136 6878.766594 1.192896
93 6886.341567 1.084089
51 6345.863040 8.847562
96 6942.419780 0.278577
102 6683.893275 3.992071
38 6640.251282 4.618948
151 6905.847968 0.803897
107 6961.406054 0.005857
142 6958.020958 0.054481
222 6951.184757 0.152676
101 6551.231895 5.897628
204 6906.527612 0.794135
129 6333.038421 9.031775
109 6961.632423 0.002605
142 6327.926819 9.105199
81 6906.223141 0.798508
149 6648.597238 4.499066
97 6945.949694 0.227873
169 6816.908409 2.081432
117 6529.856242 6.204670
162 6865.867546 1.378179
53 6766.525987 2.805128
159 6961.473623 0.004886
96 6914.150272 0.684643
146 6941.371435 0.293636
78 6957.401830 0.063374
114 6892.370857 0.997484
70 6522.072656 6.316474
82 6848.857136 1.622518
70 6420.587010 7.774221
80 6927.213717 0.496998
135 6867.140280 1.359897
127 6959.266509 0.036590
73 6396.265052 8.123584
115 6871.639970 1.295264
97 6941.388456 0.293391
99 6340.441996 8.925430
97 6936.100045 0.369354
133 6778.119121 2.638604
106 6927.336158 0.495240
110 6699.133271 3.773162
93 6372.244657 8.468614
84 6861.659448 1.438625
121 6290.025236 9.649620
209 6846.153836 1.661348
130 6886.018694 1.088727
120 6933.115082 0.412231
201 6780.566383 2.603451
138 6917.736523 0.633129
105 6617.998862 4.938583
192 6625.659198 4.828549
103 6431.139489 7.622645
99 6278.833730 9.810376
127 6930.623008 0.448027
201 6901.370875 0.868207
142 6860.605440 1.453764
135 6750.105557 3.040993
115 6913.275880 0.697202
84 6951.744973 0.144630
84 6954.837642 0.100206
129 6891.705315 1.007044
105 6436.351324 7.547781
164 6903.397330 0.839099
186 6922.539684 0.564136
100 6757.144890 2.939879
172 6723.574676 3.422084
135 6814.848156 2.111025
124 6815.436006 2.102581
223 6943.104148 0.268747
144 6759.962463 2.899407
195 6605.973697 5.111313
157 6936.097426 0.369392
183 6925.787209 0.517489
158 6872.538274 1.282360
283 6786.045546 2.524748
233 6304.505485 9.441625
210 6915.266839 0.668604
