16 20.781089 8.159694
18 22.102711 2.318894
23 22.063111 2.493903
19 21.020890 7.099913
26 21.482801 5.058535
21 21.158251 6.492856
21 21.789987 3.700953
25 22.415693 0.935697
20 21.704064 4.080682
21 21.426118 5.309040
29 20.796341 8.092288
17 20.518281 9.321154
25 21.940559 3.035511
33 22.466879 0.709485
27 22.037469 2.607225
30 20.958298 7.376534
23 21.253009 6.074081
24 21.334389 5.714430
25 22.249031 1.672244
13 21.601644 4.533321
27 20.830168 7.942793
27 22.094718 2.354218
23 20.656742 8.709237
27 21.223991 6.202326
21 22.176446 1.993027
25 22.207034 1.857848
43 21.665195 4.252461
24 20.918705 7.551513
33 21.189973 6.352666
27 21.354651 5.624883
27 22.137337 2.165869
28 21.602128 4.531181
25 21.628711 4.413699
33 21.344704 5.668843
31 22.357140 1.194469
37 22.586181 0.182239
30 21.009301 7.151130
27 21.114861 6.684617
47 21.324400 5.758576
17 20.422168 9.745916
28 20.906720 7.604476
26 21.295681 5.885498
23 22.085333 2.395695
28 21.740360 3.920275
26 21.520882 4.890239
20 21.669099 4.235207
21 21.129879 6.618245
30 21.753380 3.862736
27 21.903630 3.198718
25 21.529086 4.853984
22 20.735212 8.362445
23 20.748757 8.302585
27 21.861456 3.385102
21 21.797740 3.666691
29 22.170474 2.019422
33 22.556981 0.311287
25 20.619222 8.875052
28 21.604577 4.520356
38 22.063965 2.490128
34 20.993280 7.221935
21 21.865900 3.365461
24 21.769303 3.792363
18 21.008282 7.155635
22 20.681152 8.601355
21 20.668693 8.656419
30 22.310083 1.402430
31 20.750577 8.294538
26 21.952081 2.984591
28 20.972707 7.312853
24 22.227826 1.765958
30 21.766007 3.806929
29 21.518045 4.902780
27 21.947978 3.002726
27 22.114915 2.264962
23 20.753495 8.281645
23 21.588358 4.592036
33 21.513032 4.924934
26 21.208885 6.269086
28 22.192254 1.923165
25 22.035859 2.614344
30 22.065039 2.485382
33 20.486305 9.462468
38 21.097113 6.763050
22 22.363326 1.167129
48 21.407252 5.392418
21 21.573389 4.658191
29 20.601708 8.952453
31 21.877761 3.313043
46 21.951556 2.986914
18 21.355492 5.621168
30 22.088678 2.380915
32 22.238763 1.717623
27 20.601349 8.954040
41 20.633195 8.813301
29 21.830481 3.521993
31 22.332493 1.303393
24 20.551578 9.173999
37 21.313156 5.808270
33 21.173824 6.424035
24 21.467021 5.128276
26 22.447180 0.796541
42 22.218156 1.808696
24 21.147383 6.540887
25 21.065525 6.902651
20 22.050576 2.549302
26 21.141356 6.567522
66 21.797173 3.669195
21 21.502094 4.973274
24 21.872669 3.335547
22 21.250404 6.085594
31 21.242774 6.119317
23 21.351402 5.639242
28 22.174561 2.001362
20 21.985079 2.838759
24 21.519460 4.896524
37 21.886136 3.276028
27 21.381930 5.504325
33 21.343410 5.674561
24 21.067189 6.895300
40 21.461053 5.154649
28 21.977193 2.873610
49 22.197616 1.899472
39 22.165753 2.040288
30 22.603565 0.105413
36 21.857265 3.403624
27 21.591221 4.579383
28 22.013611 2.712666
17 20.544432 9.205581
17 21.865937 3.365297
24 22.086080 2.392394
31 20.973725 7.308357
33 22.129044 2.202520
26 21.081541 6.831872
23 21.732830 3.953552
29 20.848088 7.863596
16 21.846629 3.450630
33 21.705522 4.074238
24 21.527642 4.860366
18 21.098607 6.756452
23 20.581593 9.041348
28 21.732286 3.955958
24 21.848479 3.442451
20 20.631417 8.821155
30 21.548991 4.766015
24 21.476063 5.088315
23 22.471948 0.687081
17 22.137660 2.164439
40 20.785433 8.140496
35 22.096017 2.348479
35 21.407946 5.389353
21 21.473392 5.100120
37 20.384860 9.910795
31 20.624278 8.852707
30 22.100646 2.328021
31 21.279885 5.955308
20 22.012852 2.716018
31 22.302694 1.435087
27 20.642306 8.773035
27 22.512675 0.507092
18 21.305764 5.840934
29 22.454477 0.764293
25 21.528456 4.856767
43 21.159976 6.485235
27 20.951716 7.405623
19 21.442763 5.235482
28 21.109353 6.708958
22 21.861713 3.383965
22 21.653914 4.302317
27 21.264317 6.024106
24 21.458835 5.164450
21 21.925073 3.103952
37 20.892392 7.667801
34 21.800102 3.656249
20 21.854976 3.413739
20 20.518602 9.319733
21 21.642919 4.350906
36 22.015444 2.704563
20 21.702755 4.086468
22 21.023380 7.088907
29 20.609495 8.918042
23 20.876064 7.739960
30 21.771657 3.781962
36 20.395668 9.863029
24 21.681823 4.178973
35 22.026078 2.657570
22 21.196396 6.324277
28 21.792653 3.689172
23 22.085952 2.392960
28 22.345947 1.243932
31 21.390806 5.465101
25 20.686398 8.578171
26 21.321894 5.769651
36 20.398038 9.852555
25 22.053885 2.534678
26 21.675250 4.208025
26 20.620112 8.871117
32 21.264924 6.021424
32 22.465727 0.714576
28 22.506053 0.536356
41 21.052960 6.958182
