13 3190.883338 7.671200
16 3121.600795 9.675903
14 3390.670091 1.890333
14 3312.007744 4.166443
16 3343.853476 3.244980
16 3174.119536 8.156263
16 3221.888027 6.774073
16 3110.499149 9.997131
16 3134.524702 9.301947
16 3406.815581 1.423160
17 3334.437970 3.517420
17 3300.051320 4.512404
17 3433.428002 0.653125
17 3125.483038 9.563570
17 3310.900537 4.198480
17 3437.654154 0.530840
18 3273.102609 5.292170
18 3410.510222 1.316255
18 3288.261317 4.853550
18 3392.374532 1.841015
18 3352.892975 2.983421
18 3355.779528 2.899898
18 3414.586716 1.198301
18 3303.125637 4.423448
19 3219.487436 6.843535
19 3447.605786 0.242888
19 3346.360120 3.172450
19 3183.096482 7.896514
19 3166.206350 8.385233
19 3230.943628 6.512048
20 3393.131994 1.819097
20 3217.959132 6.887757
20 3319.913408 3.937691
20 3338.662415 3.395185
20 3351.137769 3.034208
15 3258.182733 5.723879
21 3132.737884 9.353649
22 3332.037407 3.586881
22 3210.767845 7.095838
22 3385.075694 2.052208
22 3391.450391 1.867755
22 3373.303319 2.392844
14 3256.603783 5.769566
15 3358.780026 2.813078
18 3303.676431 4.407511
21 3421.448811 0.999745
18 3126.258012 9.541145
18 3340.417867 3.344390
19 3205.164731 7.257965
18 3365.950093 2.605611
23 3445.780558 0.295701
18 3442.135705 0.401166
20 3353.485468 2.966277
18 3436.409158 0.566865
21 3290.703740 4.782878
17 3242.384947 6.180991
17 3423.040138 0.953700
16 3169.237651 8.297522
22 3405.252138 1.468399
19 3267.610329 5.451090
19 3137.492895 9.216062
18 3425.450343 0.883960
22 3158.340613 8.612829
14 3125.986918 9.548990
20 3433.188682 0.660050
22 3305.650815 4.350382
20 3396.843944 1.711691
17 3429.336663 0.771509
19 3346.074889 3.180703
22 3394.222977 1.787530
20 3406.274131 1.438827
19 3134.205048 9.311197
21 3445.699820 0.298038
18 3317.198585 4.016245
17 3321.208287 3.900223
24 3329.977122 3.646495
22 3283.648574 4.987020
19 3116.253749 9.830621
12 3337.171254 3.438332
13 3375.895217 2.317847
23 3341.965573 3.299607
18 3430.440820 0.739560
20 3266.097680 5.494859
25 3311.633299 4.177277
22 3187.357770 7.773213
19 3211.118575 7.085689
22 3409.661355 1.340817
14 3443.814982 0.352576
16 3209.658840 7.127927
17 3350.238239 3.060236
16 3375.638613 2.325272
10 3385.706714 2.033949
14 3353.590992 2.963224
14 3329.692957 3.654718
18 3404.288115 1.496293
16 3386.729756 2.004347
14 3200.298823 7.398761
16 3229.656688 6.549286
19 3123.535896 9.619910
22 3188.205834 7.748674
18 3429.003793 0.781140
16 3365.649334 2.614313
16 3340.129581 3.352732
19 3288.657778 4.842078
18 3406.795061 1.423754
22 3348.374040 3.114177
19 3354.031402 2.950480
17 3450.651965 0.154746
23 3386.720278 2.004622
22 3445.617188 0.300429
18 3331.367582 3.606262
22 3297.259530 4.593185
14 3376.643187 2.296204
20 3205.135457 7.258812
20 3187.547061 7.767736
17 3200.207562 7.401402
22 3339.646434 3.366712
23 3423.256578 0.947437
20 3298.606102 4.554222
17 3430.090277 0.749703
22 3409.649916 1.341148
21 3232.543328 6.465760
21 3207.891143 7.179076
23 3332.012862 3.587591
14 3215.210227 6.967297
22 3436.450389 0.565672
13 3222.318216 6.761626
12 3136.742276 9.237781
18 3137.369078 9.219645
16 3396.011051 1.735791
18 3154.823910 8.714586
22 3127.817498 9.496021
17 3292.702757 4.725036
20 3449.088140 0.199996
18 3354.506507 2.936733
18 3433.290457 0.657105
24 3315.553235 4.063853
17 3347.131005 3.150145
20 3427.002486 0.839048
19 3380.060294 2.197329
19 3266.810729 5.474227
13 3161.778954 8.513340
17 3389.024387 1.937952
14 3267.925540 5.441969
22 3366.738203 2.582807
16 3318.589845 3.975988
13 3360.453283 2.764662
16 3252.943492 5.875478
18 3163.161057 8.473349
27 3253.946568 5.846453
25 3351.616514 3.020355
26 3350.526767 3.051888
16 3340.436490 3.343852
17 3343.011466 3.269344
17 3416.312672 1.148360
13 3427.212128 0.832982
22 3421.776622 0.990260
16 3305.967169 4.341228
17 3416.752912 1.135622
14 3294.713738 4.666848
18 3385.248684 2.047202
18 3427.064099 0.837266
18 3417.407866 1.116671
17 3261.424283 5.630084
17 3183.827245 7.875369
14 3339.395053 3.373986
16 3216.273506 6.936530
18 3437.283191 0.541574
19 3124.375813 9.595607
17 3414.597961 1.197976
17 3371.166114 2.454684
19 3321.937306 3.879129
25 3430.469085 0.738742
16 3197.287024 7.485908
17 3395.955764 1.737391
20 3168.815370 8.309740
16 3323.864867 3.823355
17 3282.886749 5.009064
25 3235.399038 6.383130
22 3389.148105 1.934372
24 3383.389718 2.100992
17 3367.433958 2.562675
17 3428.569120 0.793718
20 3381.053848 2.168581
20 3160.122113 8.561281
19 3117.633289 9.790703
26 3423.491671 0.940635
27 3372.931758 2.403595
34 3445.995614 0.289479
28 3436.216874 0.572428
26 3440.005101 0.462815
27 3434.396964 0.625088
21 3352.437031 2.996614
23 3433.562169 0.649243
30 3365.440168 2.620365
29 3432.308558 0.685516
33 3446.245410 0.282251
50 3451.369025 0.133998
84 3292.458017 4.732118
165 3325.962564 3.762657
