11 -1.082866 8.286558
15 -1.053717 5.371709
15 -1.045300 4.530034
15 -1.015232 1.523162
15 -1.066928 6.692790
15 -1.039173 3.917320
17 -1.071065 7.106501
17 -1.020574 2.057365
17 -1.034799 3.479886
17 -1.062827 6.282681
17 -1.017062 1.706228
17 -1.010896 1.089637
17 -1.043759 4.375865
19 -1.063733 6.373262
19 -1.069689 6.968887
19 -1.034279 3.427864
19 -1.062232 6.223154
19 -1.051776 5.177640
19 -1.045529 4.552896
19 -1.099856 9.985574
19 -1.023009 2.300913
13 -1.020182 2.018222
19 -1.018524 1.852415
17 -1.077190 7.718959
22 -1.050057 5.005711
22 -1.011287 1.128685
22 -1.016889 1.688864
22 -1.034823 3.482290
22 -1.070349 7.034880
22 -1.096015 9.601494
22 -1.060936 6.093623
22 -1.000159 0.015883
22 -1.072020 7.202020
22 -1.092073 9.207309
22 -1.034859 3.485855
22 -1.011554 1.155431
17 -1.030790 3.079015
13 -1.015442 1.544248
24 -1.086857 8.685661
24 -1.096795 9.679510
24 -1.036465 3.646497
24 -1.036154 3.615357
24 -1.037227 3.722690
24 -1.007495 0.749529
24 -1.015789 1.578946
24 -1.037381 3.738073
24 -1.047330 4.732985
24 -1.092313 9.231301
17 -1.026349 2.634920
26 -1.070202 7.020190
26 -1.047483 4.748287
26 -1.042355 4.235511
26 -1.088570 8.857006
17 -1.004672 0.467212
19 -1.001461 0.146059
15 -1.031055 3.105476
15 -1.001608 0.160812
19 -1.087481 8.748096
19 -1.062622 6.262168
22 -1.019899 1.989933
17 -1.069962 6.996187
22 -1.083775 8.377472
24 -1.073589 7.358916
17 -1.012820 1.281986
22 -1.057679 5.767873
17 -1.021350 2.135042
17 -1.050120 5.012013
26 -1.074809 7.480941
19 -1.092790 9.278951
17 -1.021392 2.139157
22 -1.070870 7.087048
17 -1.035977 3.597719
19 -1.018274 1.827449
22 -1.037654 3.765360
22 -1.051084 5.108417
22 -1.016708 1.670750
19 -1.030075 3.007504
19 -1.030094 3.009382
24 -1.029550 2.954957
28 -1.040675 4.067503
24 -1.075814 7.581412
24 -1.003413 0.341305
22 -1.012525 1.252523
22 -1.005242 0.524151
19 -1.026124 2.612387
17 -1.059625 5.962500
15 -1.029768 2.976797
28 -1.046978 4.697786
28 -1.035798 3.579785
22 -1.031271 3.127059
22 -1.045057 4.505663
11 -1.065536 6.553649
24 -1.078514 7.851363
24 -1.076565 7.656524
22 -1.081409 8.140934
19 -1.032708 3.270825
17 -1.095772 9.577198
17 -1.012548 1.254778
19 -1.061355 6.135481
13 -1.063204 6.320394
15 -1.047233 4.723268
17 -1.012684 1.268351
17 -1.076596 7.659555
24 -1.045659 4.565923
24 -1.063050 6.304984
22 -1.024243 2.424272
22 -1.005161 0.516137
26 -1.036360 3.635957
17 -1.037924 3.792367
19 -1.042789 4.278923
19 -1.006566 0.656620
17 -1.014819 1.481915
26 -1.081420 8.141992
17 -1.078694 7.869398
17 -1.090684 9.068388
17 -1.015077 1.507734
24 -1.035349 3.534873
26 -1.037849 3.784887
24 -1.015030 1.502951
17 -1.052275 5.227518
19 -1.078730 7.873007
24 -1.045511 4.551132
11 -1.070938 7.093797
22 -1.068271 6.827117
19 -1.097617 9.761685
15 -1.039751 3.975058
19 -1.022904 2.290353
17 -1.034849 3.484934
17 -1.023217 2.321683
24 -1.045292 4.529201
17 -1.080949 8.094915
19 -1.034214 3.421390
22 -1.036317 3.631749
19 -1.044197 4.419720
19 -1.067074 6.707395
19 -1.095970 9.596988
26 -1.058752 5.875152
24 -1.019212 1.921242
22 -1.029701 2.970120
22 -1.080453 8.045349
22 -1.069159 6.915924
19 -1.041338 4.133820
24 -1.043476 4.347593
24 -1.061943 6.194261
19 -1.063472 6.347230
28 -1.071163 7.116298
22 -1.086962 8.696177
17 -1.023953 2.395321
24 -1.050764 5.076443
24 -1.073127 7.312743
24 -1.087757 8.775691
22 -1.054583 5.458257
24 -1.033833 3.383268
19 -1.016159 1.615890
22 -1.065537 6.553695
30 -1.045254 4.525399
22 -1.050242 5.024160
24 -1.079292 7.929245
22 -1.074250 7.424974
19 -1.068260 6.825976
19 -1.094639 9.463917
28 -1.078292 7.829210
24 -1.032863 3.286320
13 -1.097291 9.729145
26 -1.041162 4.116183
28 -1.064384 6.438364
26 -1.052695 5.269540
22 -1.020214 2.021450
19 -1.017698 1.769805
17 -1.037676 3.767599
26 -1.042816 4.281577
22 -1.023281 2.328063
22 -1.060448 6.044845
22 -1.010605 1.060535
33 -1.051127 5.112736
17 -1.033396 3.339564
28 -1.067291 6.729061
28 -1.085751 8.575139
17 -1.016527 1.652742
17 -1.005764 0.576409
17 -1.067095 6.709496
19 -1.050691 5.069148
26 -1.051304 5.130441
28 -1.080500 8.050037
19 -1.083681 8.368140
22 -1.053408 5.340829
28 -1.082539 8.253901
22 -1.013632 1.363177
24 -1.054765 5.476459
22 -1.093814 9.381356
22 -1.069402 6.940166
22 -1.075872 7.587214
35 -1.022704 2.270444
22 -1.019568 1.956761
24 -1.077423 7.742335
26 -1.062372 6.237237
28 -1.035640 3.564018
28 -1.070154 7.015374
26 -1.017152 1.715246
26 -1.043461 4.346061
