29 -6.400248 6.670798
34 -6.593058 9.884306
35 -6.521978 8.699631
35 -6.511580 8.526334
35 -6.195599 3.259988
35 -6.466580 7.776337
36 -6.591990 9.866497
36 -6.493737 8.228945
36 -6.284720 4.745332
36 -6.531441 8.857348
37 -6.463434 7.723901
38 -6.517781 8.629688
38 -6.435227 7.253778
40 -6.385162 6.419372
40 -6.254214 4.236893
40 -6.427170 7.119501
41 -6.387953 6.465891
41 -6.357470 5.957839
41 -6.318765 5.312747
41 -6.423816 7.063600
42 -6.420829 7.013820
42 -6.401496 6.691593
43 -6.481169 8.019476
42 -6.580951 9.682521
43 -6.405138 6.752292
43 -6.559110 9.318500
43 -6.429791 7.163177
43 -6.599989 9.999810
44 -6.393183 6.553044
44 -6.342931 5.715516
44 -6.346469 5.774477
46 -6.363805 6.063415
47 -6.258573 4.309547
47 -6.430541 7.175692
47 -6.287831 4.797183
47 -6.352526 5.875434
48 -6.276665 4.611075
48 -6.456093 7.601542
48 -6.377269 6.287822
49 -6.435174 7.252901
49 -6.322708 5.378461
50 -6.516986 8.616433
50 -6.233631 3.893842
52 -6.508356 8.472608
52 -6.535847 8.930786
52 -6.350199 5.836649
53 -6.313988 5.233141
28 -6.449125 7.485415
31 -6.557699 9.294987
60 -6.292611 4.876845
36 -6.583400 9.723332
37 -6.488916 8.148604
37 -6.493561 8.226015
41 -6.524363 8.739378
48 -6.485205 8.086744
43 -6.363307 6.055115
37 -6.453120 7.552005
42 -6.439041 7.317356
32 -6.415327 6.922112
35 -6.274185 4.569751
42 -6.464714 7.745240
40 -6.586135 9.768909
37 -6.465958 7.765962
46 -6.282756 4.712593
42 -6.591233 9.853890
40 -6.466408 7.773464
35 -6.358631 5.977176
38 -6.280547 4.675787
43 -6.341165 5.686079
42 -6.530254 8.837567
44 -6.256870 4.281171
31 -6.408217 6.803621
41 -6.506186 8.436441
43 -6.380899 6.348312
48 -6.391919 6.531978
47 -6.246466 4.107771
44 -6.435304 7.255072
47 -6.512062 8.534362
44 -6.397718 6.628631
47 -6.381203 6.353379
56 -6.320757 5.345958
41 -6.423205 7.053418
47 -6.289912 4.831866
46 -6.493650 8.227494
52 -6.322051 5.367509
46 -6.258288 4.304807
46 -6.251526 4.192108
48 -6.492574 8.209564
58 -6.497849 8.297480
49 -6.456043 7.600712
43 -6.428184 7.136396
49 -6.337417 5.623623
46 -6.299602 4.993359
47 -6.494356 8.239261
38 -6.476435 7.940590
46 -6.472105 7.868413
42 -6.396918 6.615293
54 -6.435351 7.255844
55 -6.321662 5.361027
28 -6.456663 7.611051
46 -6.331436 5.523940
41 -6.433961 7.232685
37 -6.278628 4.643795
31 -6.428150 7.135827
42 -6.245805 4.096755
40 -6.554500 9.241664
41 -6.509662 8.494369
42 -6.344031 5.733854
38 -6.569307 9.488443
36 -6.509393 8.489889
42 -6.408461 6.807682
47 -6.372624 6.210396
41 -6.375797 6.263277
38 -6.597830 9.963828
42 -6.527874 8.797904
49 -6.598682 9.978042
42 -6.438701 7.311683
50 -6.480559 8.009322
43 -6.503715 8.395255
44 -6.439390 7.323162
35 -6.382645 6.377423
37 -6.478760 7.979332
40 -6.346562 5.776026
48 -6.388560 6.476004
41 -6.279145 4.652425
42 -6.292129 4.868820
38 -6.489496 8.158274
48 -6.158996 2.649934
42 -6.289489 4.824815
38 -6.252371 4.206189
28 -6.465492 7.758200
47 -6.259857 4.330952
54 -6.258852 4.314200
52 -6.243838 4.063963
43 -6.564429 9.407143
41 -6.570573 9.509550
43 -6.451097 7.518289
46 -6.371835 6.197248
40 -6.511655 8.527578
41 -6.380287 6.338111
50 -6.431807 7.196778
43 -6.425089 7.084822
35 -6.585756 9.762603
41 -6.475734 7.928906
50 -6.491791 8.196519
49 -6.400053 6.667551
37 -6.317378 5.289636
44 -6.489040 8.150661
37 -6.366309 6.105153
42 -6.457215 7.620248
38 -6.406315 6.771909
49 -6.292109 4.868488
41 -6.424926 7.082095
38 -6.520811 8.680187
36 -6.526520 8.775325
40 -6.557713 9.295225
44 -6.413667 6.894442
42 -6.510863 8.514381
44 -6.318271 5.304521
46 -6.325133 5.418876
40 -6.453385 7.556415
53 -6.277777 4.629619
40 -6.401128 6.685469
38 -6.531767 8.862789
43 -6.321174 5.352904
43 -6.540521 9.008687
46 -6.345611 5.760175
47 -6.531752 8.862532
43 -6.415162 6.919360
38 -6.300555 5.009256
52 -6.317981 5.299687
37 -6.352437 5.873952
47 -6.304185 5.069742
48 -6.267212 4.453530
31 -6.564360 9.406008
46 -6.533051 8.884179
40 -6.431247 7.187453
36 -6.301738 5.028971
46 -6.553048 9.217459
48 -6.325271 5.421189
46 -6.432740 7.212341
44 -6.401697 6.694950
43 -6.309384 5.156395
44 -6.343057 5.717621
37 -6.379888 6.331475
38 -6.407838 6.797303
49 -6.281296 4.688265
41 -6.462868 7.714459
46 -6.347221 5.787015
42 -6.443766 7.396099
41 -6.443262 7.387693
54 -6.286962 4.782703
43 -6.393132 6.552198
46 -6.446228 7.437138
46 -6.339739 5.662324
49 -6.530680 8.844665
50 -6.301342 5.022366
48 -6.284288 4.738137
52 -6.222250 3.704167
54 -6.541464 9.024395
