15 0.909903 9.009697
16 0.941016 5.898444
16 0.916706 8.329441
16 0.914983 8.501685
17 0.928137 7.186259
17 0.944549 5.545073
17 0.942497 5.750276
17 0.921149 7.885072
17 0.966144 3.385624
17 0.936556 6.344406
19 0.957233 4.276685
19 0.930029 6.997137
19 0.920573 7.942659
20 0.900770 9.922977
20 0.950069 4.993062
20 0.978964 2.103612
20 0.919668 8.033170
20 0.984786 1.521364
21 0.952837 4.716282
21 0.901919 9.808098
21 0.925748 7.425200
21 0.948622 5.137771
21 0.970509 2.949112
21 0.942250 5.774954
21 0.921275 7.872548
23 0.956907 4.309292
23 0.974613 2.538695
23 0.967173 3.282726
23 0.969049 3.095141
23 0.971417 2.858287
24 0.956748 4.325189
24 0.956786 4.321432
24 0.929471 7.052926
25 0.974304 2.569564
23 0.964042 3.595835
27 0.977462 2.253773
27 0.978416 2.158406
27 0.957493 4.250713
27 0.952872 4.712826
17 0.927682 7.231808
26 0.974061 2.593898
17 0.963351 3.664889
29 0.977849 2.215092
29 0.984060 1.594033
31 0.970060 2.994050
31 0.982361 1.763906
31 0.979531 2.046853
15 0.903895 9.610546
31 0.980544 1.945566
20 0.958822 4.117842
21 0.934444 6.555581
18 0.945576 5.442411
19 0.956748 4.325172
33 0.975348 2.465156
34 0.983659 1.634089
23 0.960774 3.922580
23 0.939299 6.070056
20 0.957014 4.298616
16 0.965494 3.450576
21 0.940928 5.907226
22 0.951967 4.803342
22 0.917380 8.262039
19 0.950722 4.927775
19 0.964461 3.553937
21 0.946930 5.306992
19 0.947469 5.253087
26 0.972522 2.747818
21 0.972898 2.710217
27 0.973618 2.638153
21 0.955152 4.484789
23 0.965795 3.420473
19 0.925052 7.494809
22 0.948212 5.178811
19 0.978934 2.106647
19 0.946031 5.396892
27 0.972030 2.797037
26 0.981559 1.844121
29 0.968844 3.115602
20 0.961998 3.800226
21 0.921751 7.824916
17 0.960679 3.932065
32 0.982894 1.710564
28 0.970942 2.905830
19 0.930985 6.901481
36 0.983446 1.655356
20 0.942686 5.731353
21 0.966456 3.354409
29 0.972108 2.789189
25 0.959195 4.080452
22 0.941811 5.818936
28 0.973265 2.673505
21 0.928184 7.181630
17 0.966784 3.321559
20 0.913125 8.687464
20 0.959496 4.050370
17 0.909714 9.028553
26 0.956966 4.303372
28 0.960935 3.906519
21 0.947062 5.293796
18 0.926069 7.393120
24 0.959770 4.022968
30 0.939302 6.069834
23 0.943760 5.623987
24 0.916428 8.357205
28 0.970708 2.929187
24 0.946563 5.343749
29 0.967938 3.206243
21 0.953377 4.662314
21 0.909412 9.058765
23 0.955683 4.431726
25 0.970253 2.974680
17 0.940927 5.907324
25 0.958875 4.112508
20 0.952502 4.749774
24 0.962005 3.799452
24 0.982788 1.721203
16 0.950552 4.944815
14 0.906894 9.310639
27 0.958685 4.131491
16 0.943152 5.684817
24 0.976897 2.310266
23 0.953285 4.671463
20 0.958685 4.131473
21 0.969937 3.006253
21 0.901182 9.881844
21 0.915850 8.415019
17 0.959072 4.092817
27 0.971118 2.888162
25 0.976956 2.304425
44 0.984726 1.527381
30 0.931614 6.838636
16 0.947387 5.261302
21 0.956212 4.378763
24 0.978213 2.178710
18 0.945538 5.446217
19 0.958371 4.162883
23 0.920741 7.925912
16 0.957997 4.200333
18 0.937753 6.224715
22 0.952184 4.781553
27 0.975344 2.465558
24 0.926835 7.316529
19 0.973536 2.646378
22 0.961488 3.851235
37 0.972703 2.729732
17 0.910191 8.980903
17 0.937976 6.202415
32 0.971898 2.810219
29 0.973399 2.660060
41 0.981918 1.808243
20 0.946315 5.368467
26 0.970789 2.921128
19 0.962160 3.783974
17 0.937901 6.209884
24 0.917730 8.226986
18 0.938841 6.115949
31 0.968341 3.165871
21 0.920874 7.912585
23 0.952331 4.766934
28 0.981490 1.851001
24 0.947976 5.202387
21 0.906478 9.352213
24 0.975550 2.444955
21 0.967366 3.263416
20 0.941842 5.815777
17 0.957379 4.262106
25 0.956634 4.336573
23 0.946657 5.334280
21 0.913943 8.605703
27 0.941644 5.835593
28 0.979540 2.046049
23 0.952354 4.764559
21 0.978103 2.189704
24 0.969864 3.013561
28 0.976022 2.397772
20 0.941872 5.812783
24 0.963999 3.600094
20 0.967729 3.227130
21 0.953225 4.677482
20 0.935995 6.400465
19 0.933941 6.605853
18 0.956602 4.339759
29 0.972814 2.718590
22 0.924930 7.506987
24 0.963641 3.635910
31 0.966281 3.371885
23 0.954603 4.539735
21 0.955417 4.458262
19 0.972753 2.724732
25 0.973736 2.626391
21 0.935593 6.440712
31 0.975603 2.439705
27 0.955680 4.431989
49 0.989833 1.016662
28 0.954743 4.525720
33 0.973279 2.672143
28 0.981728 1.827243
29 0.958265 4.173545
49 0.989826 1.017391
36 0.985107 1.489261
