8 7.965060 6.276473
8 7.990466 5.977532
10 8.036952 5.430532
10 8.014485 5.694904
10 7.898454 7.060220
10 8.156952 4.018514
10 7.850635 7.622898
10 8.046886 5.313640
10 8.390191 1.274034
11 8.050568 5.270315
11 8.084233 4.874195
12 7.693272 9.474559
12 8.096763 4.726747
12 8.163278 3.944079
12 7.964371 6.284590
12 7.720845 9.150119
12 7.742388 8.896622
12 8.305467 2.270965
12 8.178321 3.767077
11 8.413908 0.994954
10 7.739076 8.935594
10 7.951209 6.439460
15 7.808819 8.114937
15 8.096736 4.727071
15 7.893344 7.120344
15 7.861674 7.493006
15 7.767991 8.595353
15 7.873082 7.358766
15 7.820014 7.983210
15 8.071560 5.023313
15 7.849630 7.634722
15 7.912168 6.898845
15 7.941667 6.551742
15 8.048947 5.289389
15 8.175783 3.796934
15 7.879223 7.286507
15 7.937967 6.595280
15 8.003479 5.824409
16 8.314644 2.162985
10 7.938768 6.585856
12 8.041728 5.374341
12 8.267109 2.722318
17 7.744236 8.874876
17 8.262423 2.777453
11 7.902759 7.009564
8 7.745401 8.861163
17 7.978105 6.122978
15 7.864542 7.459256
17 7.909520 6.930002
8 8.090938 4.795293
17 8.004073 5.817423
17 7.691258 9.498258
12 7.912294 6.897369
12 8.125116 4.393124
19 7.734580 8.988503
19 7.898123 7.064111
10 7.758150 8.711158
10 7.894138 7.111008
15 8.044446 5.342358
19 7.952440 6.424979
15 7.687426 9.543348
15 8.206510 3.435379
10 7.689723 9.516321
19 7.718568 9.176904
19 8.005089 5.805464
19 8.019067 5.640988
12 7.944798 6.514900
15 8.175213 3.803641
12 7.974965 6.159925
12 7.861657 7.493204
12 7.750328 8.803189
12 8.056770 5.197340
15 7.699687 9.399083
12 8.134727 4.280040
15 8.214941 3.336169
15 7.726433 9.084360
17 7.923121 6.769969
12 7.773561 8.529811
12 7.833883 7.820011
14 8.401874 1.136563
10 7.838235 7.768809
12 8.101696 4.668700
15 7.978435 6.119092
15 7.794404 8.284555
11 8.365009 1.570341
15 7.853085 7.594070
15 7.841869 7.726051
12 8.007226 5.780314
17 8.214277 3.343978
15 8.004616 5.811024
19 7.865213 7.451361
12 7.931319 6.673499
10 8.040017 5.394470
10 8.028681 5.527859
10 7.915968 6.854132
12 7.799651 8.222818
15 7.808468 8.119064
15 7.928236 6.709778
15 8.054320 5.226169
15 7.799730 8.221882
10 7.795042 8.277047
15 7.649476 9.989902
12 8.267781 2.714409
12 7.868916 7.407789
12 7.664824 9.809307
12 7.988613 5.999338
12 8.138636 4.234038
15 7.912975 6.889353
10 8.271985 2.664945
17 8.037858 5.419876
15 8.017025 5.665016
15 7.965591 6.270225
17 7.815496 8.036371
15 8.290161 2.451064
8 7.729872 9.043892
19 7.726688 9.081361
19 7.936885 6.608007
11 7.910970 6.912948
19 8.026282 5.556090
10 8.112875 4.537160
10 7.651702 9.963712
10 8.406743 1.079271
9 8.218203 3.297793
19 7.918014 6.830058
15 7.945161 6.510631
8 8.145885 4.148738
8 8.029432 5.519029
23 7.868624 7.411230
12 7.704671 9.340428
12 8.045459 5.330440
19 7.743974 8.877961
19 7.848187 7.651708
19 7.764069 8.641504
19 7.755975 8.736745
10 7.997133 5.899086
11 8.179705 3.750790
16 7.909883 6.925736
19 7.714330 9.226773
17 7.968563 6.235264
10 8.185211 3.685999
14 8.089326 4.814266
17 7.867338 7.426359
8 7.856008 7.559673
17 7.834755 7.809757
12 7.668745 9.763167
15 7.922747 6.774365
17 7.916252 6.850795
17 8.045806 5.326358
16 7.901821 7.020599
15 7.786148 8.381708
12 7.873996 7.348013
12 7.691228 9.498608
17 7.863271 7.474209
16 8.030757 5.503429
12 7.653372 9.944060
10 7.889448 7.166191
12 7.661273 9.851090
17 8.143499 4.176812
17 7.837005 7.783277
12 8.149945 4.100969
15 7.864509 7.459648
19 7.964433 6.283859
17 7.656897 9.902580
12 7.706113 9.323462
17 8.026862 5.549266
10 7.769093 8.582386
12 7.705218 9.333992
19 7.953775 6.409265
10 7.995637 5.916687
17 8.066889 5.078270
15 7.748058 8.829908
15 8.081402 4.907505
22 7.688703 9.528323
10 7.922995 6.771453
10 8.354012 1.699745
17 8.416025 0.970044
17 8.223204 3.238940
15 7.730007 9.042302
15 7.972788 6.185546
17 8.254912 2.865836
19 8.034255 5.462278
15 7.803681 8.175396
15 8.206334 3.437447
15 7.883194 7.239776
17 8.211516 3.376469
15 7.893479 7.118764
15 7.850216 7.627828
22 7.999708 5.868782
15 8.044914 5.336853
19 7.920303 6.803123
17 7.921471 6.789379
17 8.035898 5.442937
17 8.109448 4.577492
17 7.740528 8.918514
22 7.864856 7.455565
17 8.042903 5.360515
19 8.030557 5.505788
19 7.915277 6.862261
22 8.160702 3.974391
152 8.157655 4.010240
