9 8.214762 3.338276
9 7.864031 7.465266
9 7.705106 9.335313
9 7.925325 6.744037
11 7.664651 9.811336
11 7.787689 8.363578
11 8.116435 4.495277
11 8.047530 5.306071
11 7.857655 7.540295
11 7.884490 7.224533
11 8.033572 5.470310
11 7.880790 7.268074
11 7.913958 6.877787
11 7.955252 6.391891
11 8.418076 0.945910
11 7.878042 7.300408
11 8.103048 4.652794
11 7.828062 7.888511
11 8.044468 5.342100
11 8.296537 2.376044
11 7.678374 9.649864
11 7.805030 8.159521
11 8.287278 2.484994
8 8.086955 4.842165
12 8.080874 4.913717
12 7.953135 6.416801
12 7.714966 9.219291
12 7.995116 5.922816
12 7.897747 7.068544
12 8.015916 5.678066
12 8.100020 4.688422
13 7.993676 5.939754
13 7.840308 7.744411
13 8.064244 5.109401
13 8.117452 4.483310
13 7.740356 8.920526
13 8.133033 4.299963
9 7.810372 8.096671
11 7.776850 8.491107
8 8.389618 1.280774
9 7.776475 8.495523
15 7.958287 6.356172
15 7.697360 9.426457
15 7.820431 7.978306
15 7.931496 6.671426
15 7.795528 8.271332
15 7.911398 6.907912
15 7.699964 9.395812
15 8.202629 3.481049
15 7.840520 7.741918
15 8.235985 3.088543
15 8.164094 3.934474
9 7.957299 6.367797
12 8.352867 1.713221
12 8.391990 1.252866
9 8.443654 0.644944
16 8.115133 4.510591
7 8.195811 3.561274
11 7.941770 6.550525
11 7.713801 9.233000
11 7.976011 6.147621
11 7.972306 6.191219
11 7.992403 5.954739
11 8.011923 5.725046
12 7.996952 5.901214
13 8.289897 2.454178
11 8.147430 4.130564
12 8.140164 4.216063
12 7.669789 9.750879
8 7.818349 8.002806
13 8.334464 1.929766
13 7.810157 8.099191
9 7.927629 6.716928
11 8.474878 0.277538
11 8.393601 1.233904
9 7.688252 9.533636
11 8.182390 3.719196
13 7.793970 8.289669
11 7.776932 8.490148
13 8.161107 3.969625
11 8.200046 3.511442
12 8.088903 4.819238
12 7.893523 7.118241
11 7.896050 7.088512
11 7.959716 6.339363
14 8.362423 1.600770
11 8.290870 2.442728
11 8.257541 2.834902
15 7.921005 6.794860
15 7.838509 7.765579
15 7.704277 9.345066
15 8.226056 3.205385
12 7.786255 8.380445
11 8.219796 3.279043
15 8.089324 4.814279
15 8.316184 2.144860
11 8.100603 4.681564
9 8.167890 3.889810
15 7.648828 9.997531
11 8.105773 4.620733
13 8.091537 4.788243
13 8.247353 2.954781
12 7.872430 7.366443
15 7.723224 9.122125
13 8.070221 5.039066
12 8.244574 2.987481
12 8.125862 4.384348
13 8.077221 4.956694
9 8.230936 3.147960
13 7.870769 7.385988
9 7.712442 9.248988
13 7.792096 8.311711
9 8.107068 4.605499
12 8.337014 1.899758
9 8.039367 5.402125
11 7.942013 6.547663
13 7.962624 6.305138
15 7.799868 8.220269
13 8.259438 2.812579
12 8.390716 1.267850
12 7.904623 6.987631
15 7.945993 6.500841
11 8.265477 2.741519
16 8.068144 5.063502
8 7.818779 7.997744
15 7.983295 6.061909
15 8.012752 5.715296
10 8.175513 3.800113
12 7.773233 8.533673
15 8.026272 5.556201
12 7.844590 7.694027
11 7.918157 6.828382
13 8.108579 4.587713
9 7.703634 9.352639
9 8.403646 1.115705
15 7.738435 8.943131
11 7.965016 6.277000
8 7.858365 7.531937
13 7.723414 9.119884
15 7.952516 6.424081
9 7.947219 6.486412
12 8.267642 2.716049
7 7.754092 8.758897
7 7.951139 6.440280
12 7.965163 6.275271
11 8.181274 3.732319
13 8.232503 3.129521
15 7.900227 7.039360
12 8.148192 4.121597
15 8.158487 4.000452
16 7.715335 9.214954
16 8.174609 3.810751
15 8.037711 5.421600
15 7.895669 7.092985
7 8.007452 5.777657
11 8.260645 2.798374
12 7.856430 7.554707
12 8.299524 2.340895
15 7.961298 6.320748
12 7.655170 9.922899
11 7.789016 8.347953
13 8.191040 3.617409
9 8.152536 4.070482
15 7.700430 9.390332
10 8.006232 5.792011
13 7.810462 8.095608
11 8.254557 2.870011
15 7.992140 5.957838
12 7.720997 9.148332
15 7.945255 6.509519
12 7.665597 9.800212
15 8.002928 5.830894
17 7.805345 8.155817
12 7.655583 9.918045
12 7.709039 9.289030
15 8.184739 3.691547
11 8.359796 1.631683
15 7.999245 5.874233
13 7.656786 9.903888
15 8.010936 5.736662
10 7.921302 6.791376
11 8.126985 4.371138
11 7.883961 7.230756
13 7.875520 7.330076
13 7.963211 6.298232
11 7.769146 8.581761
13 8.263318 2.766931
12 8.149473 4.106523
16 8.197928 3.536356
12 8.071529 5.023673
12 7.780902 8.443436
12 8.106522 4.611923
12 7.941299 6.556069
12 8.018498 5.647680
15 7.965698 6.268976
15 7.991075 5.970361
13 7.745101 8.864701
13 7.715271 9.215706
15 8.092778 4.773645
15 8.050532 5.270740
