17 29635.608083 3.358593
17 29769.683659 2.921374
17 29389.369375 4.161575
17 29420.656942 4.059546
17 29808.093152 2.796121
17 29732.900885 3.041322
17 28929.452951 5.661357
17 29596.980438 3.484557
17 29080.288904 5.169483
17 29705.085922 3.132026
17 29110.891295 5.069689
17 29870.832574 2.591528
17 29820.473923 2.755747
17 29223.624085 4.702068
17 29475.730280 3.879953
17 29491.341093 3.829046
17 29356.051217 4.270225
17 29678.852496 3.217573
17 29656.585416 3.290186
17 29665.949660 3.259649
17 29878.048733 2.567996
17 29901.178682 2.492570
17 29350.226103 4.289220
17 29505.750332 3.782058
17 29190.823030 4.809032
17 29062.536348 5.227374
17 29576.464363 3.551460
17 29232.167492 4.674208
17 29932.241686 2.391274
17 29694.970587 3.165012
17 30192.066803 1.543987
17 28875.242983 5.838135
17 29921.021968 2.427861
17 29570.403918 3.571223
17 29424.825795 4.045952
17 29614.369000 3.427853
17 29519.766945 3.736350
17 29954.758671 2.317846
17 29630.096902 3.376565
17 29667.083514 3.255952
17 29498.752011 3.804879
17 29185.353342 4.826869
17 29331.594535 4.349978
17 29664.310266 3.264995
17 30029.689388 2.073498
17 29191.440809 4.807018
17 28987.631553 5.471638
17 29255.365245 4.598561
16 29624.912747 3.393470
17 29641.395778 3.339719
17 29248.515865 4.620897
17 29366.442239 4.236340
17 28924.106310 5.678793
17 29430.084712 4.028802
17 29343.811723 4.310138
17 29575.876663 3.553376
17 28953.983734 5.581363
17 29248.392029 4.621300
17 29572.530522 3.564288
17 29463.919238 3.918468
17 28900.278332 5.756495
17 29748.765575 2.989587
17 29319.921079 4.388045
17 29700.078094 3.148357
17 30027.320066 2.081224
17 29434.876769 4.013176
17 30010.360288 2.136530
17 29714.642233 3.100863
17 29475.575919 3.880456
17 30063.283897 1.963946
17 29984.753710 2.220033
17 29332.465136 4.347139
17 29255.633648 4.597685
17 29269.419404 4.552730
17 29247.481268 4.624270
17 29467.801288 3.905809
17 29964.325761 2.286648
17 29411.333413 4.089950
17 29293.303610 4.474844
17 29724.354630 3.069191
17 29288.307625 4.491136
17 29500.849380 3.798040
17 29268.541058 4.555595
17 29622.386512 3.401708
17 29912.428802 2.455883
17 27636.871101 9.876453
17 29998.317376 2.175802
17 29220.612453 4.711889
17 29510.926854 3.765177
17 29235.564244 4.663132
17 29291.825226 4.479665
17 29527.322409 3.711711
17 29138.574135 4.979415
17 29677.484115 3.222036
17 29916.508349 2.442580
17 29474.638377 3.883513
17 28935.831098 5.640558
17 29749.798546 2.986219
17 28806.317413 6.062901
17 29286.174476 4.498092
17 29641.535850 3.339262
17 29212.557244 4.738157
17 29198.486782 4.784041
17 29426.284450 4.041195
17 29838.769306 2.696086
17 29434.451327 4.014563
17 29914.670554 2.448573
17 29459.828794 3.931807
17 29601.357686 3.470283
17 29421.839329 4.055691
17 29671.712341 3.240857
17 29288.500494 4.490507
17 29242.307644 4.641141
17 28547.561867 6.906700
17 29133.543437 4.995820
17 30266.971737 1.299723
17 28976.491818 5.507964
17 29194.898172 4.795743
17 29537.845818 3.677395
17 29688.484658 3.186163
17 29426.192395 4.041495
17 29302.178897 4.445902
17 29367.428933 4.233122
17 29263.497100 4.572043
17 29216.374502 4.725709
17 29509.779723 3.768918
17 29532.938111 3.693399
17 29826.821527 2.735048
17 29422.730317 4.052785
17 29328.166872 4.361155
17 29597.875294 3.481639
17 29894.948653 2.512886
17 29233.119242 4.671105
17 29378.763342 4.196161
17 29240.487375 4.647077
17 29483.940555 3.853179
17 28946.441626 5.605957
17 30184.324189 1.569235
17 29267.744655 4.558192
17 29968.111630 2.274302
17 29563.938446 3.592307
17 29645.163695 3.327432
17 29340.594384 4.320629
17 29528.318574 3.708463
17 29316.712796 4.398507
17 29788.074536 2.861401
17 29026.878656 5.343653
16 29145.620924 4.956436
17 29077.437115 5.178783
17 29519.853935 3.736066
17 30243.073739 1.377654
17 29530.456706 3.701490
17 29054.184665 5.254609
17 29148.949497 4.945581
17 29786.942037 2.865094
17 29377.139677 4.201456
17 29429.520392 4.030643
17 29565.923794 3.585833
17 29554.077827 3.624462
17 29362.328644 4.249754
17 29357.435444 4.265711
17 29488.845420 3.837184
17 29497.380043 3.809353
17 29664.708138 3.263698
17 29553.756649 3.625510
17 29519.047077 3.738697
17 29272.738733 4.541906
16 29525.440841 3.717847
17 29196.271817 4.791264
17 28817.009588 6.028034
17 29347.214327 4.299042
17 29494.226097 3.819638
17 29875.385438 2.576681
17 28895.372817 5.772492
17 29453.676187 3.951871
17 29603.102390 3.464594
17 29138.988059 4.978066
17 29517.162033 3.744844
17 29324.396297 4.373451
17 30062.687362 1.965892
17 29504.743394 3.785341
17 29602.291341 3.467238
17 27716.927249 9.615391
17 29637.154417 3.353550
17 29716.434956 3.095017
17 29485.947333 3.846635
19 29621.364073 3.405042
17 29355.181210 4.273062
17 29872.736476 2.585320
18 29518.288567 3.741171
17 29567.335747 3.581228
17 29578.143275 3.545985
17 29703.828548 3.136127
17 29210.109508 4.746139
17 30010.581203 2.135809
17 29647.482781 3.319870
17 29613.538997 3.430560
17 29323.152212 4.377508
16 29795.682215 2.836593
17 29737.044182 3.027811
