12 -328.256305 7.098305
15 -336.844751 9.900408
15 -324.209142 5.777860
18 -333.919827 8.946110
16 -320.921418 4.705193
20 -334.622280 9.175295
20 -328.729654 7.252742
19 -328.792559 7.273266
17 -328.215460 7.084979
17 -322.862873 5.338621
20 -336.042814 9.638765
17 -330.991688 7.990763
20 -320.702494 4.633766
22 -324.959570 6.022698
20 -330.972134 7.984383
20 -328.278030 7.105393
19 -328.834480 7.286943
19 -333.161549 8.698711
19 -332.403803 8.451486
19 -336.614331 9.825230
20 -321.632092 4.937061
23 -327.748197 6.932528
20 -327.616022 6.889404
21 -322.142228 5.103500
21 -329.502980 7.505051
22 -332.442962 8.464262
22 -327.952565 6.999205
24 -332.174388 8.376636
21 -322.296030 5.153680
21 -333.871329 8.930287
25 -331.127177 8.034968
22 -329.198582 7.405736
22 -322.609606 5.255989
23 -331.218787 8.064857
23 -326.628721 6.567283
23 -323.405293 5.515593
23 -325.184376 6.096044
23 -325.754782 6.282148
23 -329.282015 7.432958
25 -322.199009 5.122026
23 -323.653416 5.596547
23 -331.678449 8.214828
24 -324.766508 5.959709
24 -334.637431 9.180239
25 -324.344275 5.821949
12 -336.029306 9.634357
24 -326.524184 6.533176
24 -323.137264 5.428145
25 -322.846941 5.333423
18 -321.083440 4.758056
20 -332.936033 8.625133
14 -331.831074 8.264624
21 -324.515221 5.877723
20 -330.223528 7.740140
18 -322.745911 5.300460
20 -332.380922 8.444020
19 -334.512691 9.139540
17 -330.538540 7.842917
23 -327.443657 6.833167
15 -329.208911 7.409106
24 -333.608636 8.844579
21 -321.243045 4.810129
20 -327.173847 6.745138
19 -329.169917 7.396384
21 -325.754442 6.282036
17 -325.610214 6.234980
17 -324.647901 5.921012
20 -333.508435 8.811887
22 -326.426362 6.501260
20 -334.519556 9.141780
22 -332.635404 8.527049
22 -331.555244 8.174631
24 -325.819074 6.303124
20 -326.342881 6.474023
17 -321.811791 4.995690
26 -326.291682 6.457319
23 -330.863857 7.949056
26 -334.055746 8.990456
20 -326.409351 6.495710
25 -335.830466 9.569483
22 -320.328455 4.511731
20 -321.183645 4.790749
24 -327.466638 6.840665
21 -334.577573 9.160709
24 -328.032100 7.025155
22 -330.624569 7.870985
26 -322.921366 5.357705
21 -335.465099 9.450277
24 -333.749107 8.890410
25 -322.804605 5.319610
21 -334.577665 9.160739
25 -323.275352 5.473198
25 -328.328267 7.121784
23 -337.146981 9.999015
24 -328.109926 7.050547
23 -321.523185 4.901528
21 -334.284502 9.065090
20 -326.853516 6.640625
20 -335.613393 9.498660
19 -333.278777 8.736958
19 -330.951791 7.977746
17 -326.493585 6.523193
21 -335.217925 9.369633
27 -332.047540 8.335249
22 -326.160165 6.414410
17 -324.150776 5.758818
26 -326.330133 6.469864
20 -334.173097 9.028743
22 -324.326083 5.816014
20 -321.519916 4.900462
27 -321.452144 4.878350
21 -324.322345 5.814795
19 -334.941007 9.279284
22 -325.185782 6.096503
25 -336.913360 9.922793
20 -322.020051 5.063638
25 -320.805912 4.667508
22 -326.438835 6.505329
21 -326.680716 6.584247
26 -330.015351 7.672219
18 -332.201303 8.385417
26 -328.754748 7.260929
18 -325.745493 6.279117
24 -325.171857 6.091960
23 -328.381701 7.139217
21 -325.915426 6.334560
17 -336.813740 9.890290
20 -332.528240 8.492085
16 -326.023843 6.369932
23 -324.905336 6.005004
21 -322.855140 5.336098
20 -323.868034 5.666569
24 -336.294052 9.720735
24 -331.011068 7.997086
21 -324.948372 6.019045
22 -321.576648 4.918972
26 -320.921368 4.705177
24 -326.877450 6.648434
25 -322.497838 5.219523
25 -332.847480 8.596241
23 -333.104465 8.680086
25 -325.774765 6.288667
17 -332.534758 8.494211
28 -323.607961 5.581716
25 -323.875916 5.669140
25 -322.443062 5.201651
22 -324.265063 5.796106
24 -336.004344 9.626213
18 -335.190238 9.360600
21 -328.115044 7.052217
24 -327.529349 6.861125
18 -321.070606 4.753868
23 -333.289964 8.740608
23 -337.076871 9.976141
21 -323.818779 5.650499
19 -328.169108 7.069856
19 -325.449379 6.182505
22 -322.960488 5.370469
18 -336.656075 9.838850
20 -325.579648 6.225008
20 -334.081794 8.998954
23 -326.160854 6.414634
21 -320.305322 4.504183
20 -325.792203 6.294357
17 -321.985650 5.052414
23 -324.654970 5.923318
23 -325.334955 6.145173
19 -322.428585 5.196928
22 -321.876120 5.016679
21 -327.593782 6.882148
20 -336.519954 9.794439
21 -332.591350 8.512675
22 -323.347265 5.496661
22 -328.755374 7.261134
21 -333.443625 8.790742
21 -319.717861 4.312516
17 -331.024882 8.001593
24 -323.886337 5.672541
20 -331.997769 8.319011
22 -325.170118 6.091393
19 -323.047930 5.398998
23 -330.435124 7.809176
26 -321.043138 4.744906
25 -328.764301 7.264046
21 -321.456378 4.879732
22 -336.236185 9.701855
20 -329.684440 7.564255
23 -334.129975 9.014674
21 -327.119930 6.727546
26 -329.497618 7.503301
20 -335.427254 9.437930
24 -330.104674 7.701362
21 -332.703217 8.549174
21 -324.467917 5.862289
21 -322.348035 5.170648
25 -327.310984 6.789881
26 -323.053674 5.400873
24 -330.118155 7.705760
25 -327.421764 6.826024
25 -321.245175 4.810824
