10 4.140436 9.711548
11 4.195648 8.507550
11 4.140063 9.719667
11 4.299822 6.235876
12 4.264450 7.007233
10 4.180679 8.833986
12 4.337974 5.403919
12 4.465370 2.625867
12 4.242797 7.479393
13 4.198808 8.438640
13 4.281817 6.628502
13 4.507672 1.703402
13 4.213527 8.117689
14 4.441382 3.148964
14 4.474050 2.436579
14 4.518494 1.467417
14 4.241678 7.503805
12 4.351974 5.098626
14 4.457796 2.791024
16 4.312231 5.965286
12 4.400050 4.050259
16 4.416709 3.686993
16 4.496915 1.937969
16 4.372661 4.647516
16 4.144333 9.626553
17 4.436633 3.252507
17 4.486167 2.172355
17 4.379037 4.508489
11 4.485040 2.196937
17 4.137093 9.784429
11 4.201317 8.383933
17 4.403566 3.973593
18 4.340392 5.351192
18 4.338955 5.382530
10 4.254632 7.221328
10 4.156568 9.359766
18 4.501189 1.844785
19 4.336602 5.433836
19 4.476712 2.378522
16 4.455975 2.830734
14 4.182975 8.783912
14 4.445313 3.063240
19 4.280719 6.652467
19 4.195134 8.518762
19 4.481605 2.271843
20 4.240699 7.525145
20 4.464727 2.639875
22 4.421646 3.579336
22 4.235520 7.638094
14 4.402052 4.006611
22 4.242796 7.479430
16 4.297635 6.283579
11 4.324015 5.708316
22 4.361517 4.890533
22 4.448276 2.998617
16 4.152050 9.458288
12 4.340711 5.344239
18 4.284543 6.569067
14 4.472137 2.478295
23 4.195078 8.519980
23 4.329547 5.587685
18 4.453823 2.877672
17 4.273840 6.802457
14 4.302803 6.170891
20 4.359408 4.936524
11 4.493644 2.009315
24 4.383051 4.420963
24 4.491256 2.061376
20 4.287159 6.512019
19 4.320869 5.776922
10 4.272544 6.830734
16 4.307627 6.065681
16 4.394261 4.176493
25 4.305997 6.101235
13 4.183649 8.769219
23 4.358280 4.961112
17 4.375477 4.586106
20 4.515775 1.526716
13 4.461688 2.706147
19 4.513978 1.565892
24 4.374403 4.609525
23 4.304014 6.144475
16 4.307180 6.075436
12 4.385024 4.377927
10 4.161614 9.249713
11 4.163869 9.200539
17 4.313153 5.945174
18 4.415489 3.713594
16 4.421497 3.582581
22 4.356260 5.005169
16 4.161153 9.259770
24 4.391673 4.232933
22 4.392137 4.222811
10 4.261141 7.079393
12 4.173944 8.980836
17 4.488760 2.115802
19 4.209986 8.194900
18 4.437571 3.232071
16 4.390050 4.268334
30 4.504507 1.772424
20 4.260620 7.090742
20 4.510212 1.648019
23 4.516706 1.506407
16 4.245399 7.422672
17 4.244337 7.445815
10 4.178525 8.880961
24 4.493899 2.003753
10 4.141503 9.688275
24 4.420070 3.613689
19 4.146992 9.568574
23 4.456696 2.815006
22 4.177104 8.911932
13 4.127644 9.990496
17 4.272760 6.826019
18 4.384976 4.378967
18 4.127781 9.987509
20 4.537833 1.045688
13 4.365923 4.794446
17 4.372543 4.650091
18 4.267175 6.947804
12 4.212434 8.141519
20 4.463904 2.657823
20 4.364263 4.830651
14 4.347243 5.201791
17 4.348128 5.182497
18 4.461702 2.705852
19 4.517668 1.485435
26 4.234358 7.663427
14 4.374197 4.614036
14 4.312077 5.968657
19 4.323833 5.712283
23 4.444881 3.072662
11 4.174864 8.960776
13 4.135048 9.829043
17 4.308251 6.052073
18 4.135670 9.815472
19 4.209603 8.203242
16 4.512920 1.588971
19 4.483446 2.231680
19 4.494858 1.982837
19 4.257936 7.149272
16 4.457127 2.805610
22 4.370451 4.695719
16 4.166962 9.133110
13 4.334253 5.485074
24 4.511281 1.624696
18 4.302532 6.176785
13 4.156346 9.364588
12 4.357665 4.974529
25 4.474215 2.432975
12 4.455128 2.849209
13 4.162492 9.230578
20 4.340974 5.338506
25 4.561229 0.535514
20 4.416429 3.693092
20 4.524322 1.340315
28 4.465681 2.619090
11 4.157066 9.348902
20 4.133478 9.863271
26 4.432311 3.346763
16 4.361148 4.898578
17 4.217667 8.027399
18 4.488036 2.131587
18 4.386474 4.346305
14 4.394830 4.164089
12 4.299914 6.233887
21 4.457081 2.806624
16 4.293543 6.372804
14 4.297590 6.284548
16 4.471507 2.492044
19 4.369202 4.722946
23 4.410716 3.817667
20 4.526981 1.282350
22 4.281020 6.645883
14 4.420082 3.613444
18 4.505789 1.744457
16 4.390707 4.253997
25 4.478965 2.329408
17 4.253670 7.242304
16 4.382144 4.440738
24 4.426995 3.462684
23 4.344492 5.261791
19 4.440964 3.158078
24 4.452755 2.900948
18 4.418148 3.655601
22 4.225861 7.848722
20 4.412883 3.770430
26 4.446994 3.026573
23 4.431825 3.357368
24 4.406413 3.911500
32 4.135064 9.828679
22 4.433285 3.325515
31 4.476049 2.392984
25 4.560151 0.559014
28 4.570957 0.323380
28 4.559209 0.579564
25 4.433383 3.323380
31 4.564028 0.474467
28 4.440349 3.171481
49 4.489311 2.103785
