10 3205.685683 7.242891
10 3119.052682 9.749633
11 3301.487576 4.470846
11 3393.012355 1.822559
11 3308.091821 4.279751
12 3367.033839 2.574252
12 3242.927020 6.165306
12 3133.792274 9.323140
12 3230.104770 6.536320
12 3315.546793 4.064040
12 3305.744544 4.347669
13 3133.670784 9.326656
13 3378.545494 2.241160
13 3232.063017 6.479658
12 3192.001577 7.638843
13 3393.462913 1.809522
13 3338.240360 3.407397
13 3356.449744 2.880505
13 3340.900950 3.330412
13 3148.927355 8.885204
13 3123.149807 9.631082
13 3188.035418 7.753605
13 3285.528152 4.932634
13 3332.192863 3.582382
13 3224.555906 6.696878
13 3322.824105 3.853469
13 3415.810712 1.162884
14 3197.780101 7.471641
14 3217.012796 6.915139
14 3381.051112 2.168660
14 3293.753396 4.694636
14 3295.521532 4.643474
14 3425.748876 0.875322
11 3358.412162 2.823722
12 3290.519652 4.788205
12 3300.779805 4.491325
12 3331.948794 3.589445
13 3255.811272 5.792498
16 3270.574291 5.365327
16 3329.979908 3.646415
16 3344.352873 3.230530
16 3445.165447 0.313500
32 3424.564370 0.909596
11 3164.991531 8.420384
12 3175.073053 8.128673
12 3317.261215 4.014432
17 3157.643805 8.632992
17 3280.661249 5.073459
17 3302.152912 4.451594
17 3402.499405 1.548050
17 3405.680948 1.455991
17 3235.779824 6.372112
17 3165.225001 8.413628
12 3296.484504 4.615610
13 3428.036088 0.809141
14 3409.215465 1.353719
14 3353.349740 2.970204
13 3387.052465 1.995010
18 3196.719981 7.502315
18 3404.258377 1.497153
14 3340.386424 3.345300
14 3351.174849 3.033135
12 3452.882138 0.090216
14 3289.172046 4.827198
14 3159.116474 8.590380
14 3401.350153 1.581303
13 3145.135763 8.994914
12 3209.836035 7.122800
19 3210.978949 7.089729
18 3171.196091 8.240854
16 3364.475656 2.648274
17 3221.411944 6.787849
12 3268.292221 5.431359
12 3182.854941 7.903503
10 3245.391697 6.093990
13 3245.973324 6.077161
10 3123.399166 9.623867
13 3420.435121 1.029076
16 3254.076645 5.842690
11 3277.558312 5.163243
11 3135.580418 9.271400
19 3429.598520 0.763932
13 3288.976434 4.832858
17 3247.413344 6.035494
13 3243.854126 6.138480
13 3163.080798 8.475671
16 3330.612167 3.628120
17 3286.137123 4.915014
12 3219.076262 6.855432
12 3114.922822 9.869131
16 3210.236084 7.111224
11 3228.840612 6.572899
12 3407.482822 1.403854
13 3324.247335 3.812288
14 3361.580260 2.732053
18 3376.663649 2.295612
18 3228.987681 6.568643
14 3371.005182 2.459341
12 3389.607729 1.921073
13 3313.581905 4.120894
58 3433.145708 0.661293
13 3304.450502 4.385113
14 3377.850893 2.261259
13 3307.548543 4.295470
11 3188.063762 7.752785
19 3436.658917 0.559638
16 3435.454335 0.594493
17 3298.862891 4.546791
16 3437.360302 0.539343
13 3375.601613 2.326342
17 3222.063995 6.768982
16 3263.493181 5.570220
14 3360.410557 2.765898
11 3251.841214 5.907372
37 3363.692511 2.670934
38 3387.704481 1.976143
18 3450.761609 0.151574
18 3439.950441 0.464397
13 3120.894197 9.696348
17 3430.587172 0.735325
13 3241.348774 6.210973
13 3260.354061 5.661051
14 3170.426088 8.263134
13 3316.009562 4.050649
18 3378.874358 2.231645
10 3341.321997 3.318229
12 3342.206225 3.292644
13 3291.319636 4.765057
12 3383.982220 2.083848
14 3453.298377 0.078172
14 3406.665771 1.427495
18 3212.374183 7.049358
14 3195.215996 7.545833
18 3408.320851 1.379605
11 3353.094005 2.977604
18 3434.833196 0.612465
14 3120.470609 9.708605
12 3254.919612 5.818298
12 3298.108424 4.568622
17 3335.505340 3.486535
12 3331.365797 3.606314
14 3381.296507 2.161559
13 3208.000212 7.175920
14 3143.646558 9.038005
14 3403.235639 1.526747
17 3304.599566 4.380800
16 3286.563157 4.902686
18 3450.182138 0.168341
12 3350.995908 3.038313
16 3302.007721 4.455795
11 3396.908472 1.709824
16 3397.796851 1.684119
38 3370.360376 2.477998
14 3370.369339 2.477739
16 3347.277806 3.145897
16 3434.862156 0.611627
12 3229.865613 6.543240
14 3313.178620 4.132563
14 3402.819857 1.538777
13 3245.165291 6.100541
13 3305.484676 4.355189
16 3117.968441 9.781006
38 3313.778142 4.115216
58 3351.336839 3.028448
14 3433.793943 0.642536
13 3291.843810 4.749890
12 3210.829580 7.094051
14 3249.087002 5.987066
13 3149.932874 8.856109
17 3337.410255 3.431416
18 3382.300628 2.132505
14 3175.835951 8.106599
16 3401.800023 1.568286
13 3183.130657 7.895525
12 3138.707351 9.180922
12 3234.855639 6.398853
19 3419.880650 1.045120
18 3436.526105 0.563481
18 3372.895017 2.404658
13 3187.412811 7.771620
13 3180.370948 7.975378
13 3150.347491 8.844112
16 3449.453502 0.189424
14 3206.563332 7.217496
18 3383.520628 2.097204
16 3316.534516 4.035460
17 3227.595652 6.608922
14 3186.174713 7.807445
14 3240.091723 6.247346
14 3167.130569 8.358490
17 3411.356909 1.291756
16 3418.197367 1.093826
16 3285.819667 4.924199
17 3265.865568 5.501575
17 3218.348285 6.876496
17 3415.233925 1.179574
19 3163.274028 8.470080
17 3401.307401 1.582540
75 3363.464134 2.677542
24 3344.737591 3.219398
