10 3163.793232 8.455057
11 3147.244030 8.933911
11 3282.597060 5.017446
11 3219.231583 6.850938
11 3118.865292 9.755055
11 3344.594525 3.223538
11 3392.446903 1.838921
11 3365.901783 2.607009
12 3287.683245 4.870276
12 3310.362965 4.214035
12 3310.829562 4.200534
12 3138.124543 9.197785
12 3170.097739 8.272635
12 3343.875486 3.244344
12 3347.350725 3.143787
12 3309.449859 4.240455
12 3151.540265 8.809599
10 3315.677811 4.060249
13 3184.443450 7.857539
13 3154.407214 8.726643
13 3307.992005 4.282639
13 3176.587623 8.084849
13 3185.552178 7.825458
13 3402.820347 1.538763
13 3287.949581 4.862570
13 3367.498090 2.560819
13 3190.358642 7.686382
13 3137.059026 9.228616
11 3152.857099 8.771496
13 3434.373463 0.625768
13 3423.038751 0.953740
13 3207.524814 7.189676
13 3172.916571 8.191071
13 3237.117453 6.333407
13 3275.305575 5.228427
13 3143.200846 9.050901
13 3343.594605 3.252471
13 3350.733806 3.045897
13 3269.085756 5.408398
13 3331.277372 3.608872
13 3272.972127 5.295945
13 3387.173733 1.991501
13 3267.733731 5.447519
13 3399.485516 1.635257
13 3143.713830 9.036058
14 3141.078705 9.112306
14 3272.811688 5.300588
14 3410.896414 1.305081
14 3257.268217 5.750341
14 3325.356056 3.780207
14 3148.552658 8.896046
14 3151.564565 8.808896
12 3154.973313 8.710263
14 3274.328203 5.256707
14 3349.828353 3.072096
14 3295.641072 4.640015
14 3345.807475 3.188441
15 3153.790301 8.744494
14 3323.731139 3.827224
14 3345.637834 3.193350
14 3428.038178 0.809081
11 3177.867274 8.047822
14 3386.445175 2.012582
14 3237.318385 6.327593
14 3233.345040 6.442562
14 3207.485148 7.190823
14 3305.972927 4.341061
14 3222.654532 6.751894
14 3321.017539 3.905743
14 3296.948086 4.602197
14 3269.697552 5.390696
14 3383.207644 2.106260
11 3302.658174 4.436974
15 3408.489025 1.374739
13 3266.018705 5.497144
14 3244.208337 6.128231
16 3389.206589 1.932680
16 3264.755018 5.533709
16 3210.226435 7.111504
16 3398.066986 1.676302
15 3304.368307 4.387491
11 3138.726651 9.180363
16 3197.356329 7.483903
16 3222.140943 6.766755
11 3199.442628 7.423535
16 3153.353126 8.757143
16 3213.515366 7.016338
10 3145.986389 8.970301
16 3378.590475 2.239859
16 3341.600990 3.310157
12 3238.218144 6.301558
12 3374.267109 2.364956
12 3261.385708 5.631201
17 3412.763572 1.251054
17 3213.771196 7.008935
17 3198.326281 7.455837
12 3207.534397 7.189398
11 3239.501474 6.264425
17 3389.166962 1.933826
13 3299.988472 4.514222
13 3324.534344 3.803983
17 3204.519455 7.276636
17 3433.747383 0.643884
12 3268.663489 5.420617
11 3170.827624 8.251516
17 3151.982569 8.796801
17 3406.983945 1.418289
17 3241.509767 6.206315
17 3445.906218 0.292065
18 3340.430554 3.344023
11 3378.433045 2.244414
13 3318.489390 3.978895
16 3387.024174 1.995828
12 3371.598185 2.442182
14 3307.527790 4.296071
14 3334.988839 3.501480
11 3358.949029 2.808188
13 3287.065383 4.888154
13 3254.226119 5.838365
18 3333.162985 3.554312
11 3393.294189 1.814404
12 3134.021123 9.316518
11 3170.296648 8.266879
18 3183.016009 7.898842
13 3297.012538 4.600332
10 3297.986114 4.572161
16 3334.934009 3.503067
12 3354.540233 2.935757
13 3175.509676 8.116039
12 3152.000922 8.796270
16 3150.676596 8.834589
12 3409.443314 1.347126
11 3125.305097 9.568718
16 3391.615848 1.862967
12 3135.479304 9.274326
14 3186.845457 7.788037
17 3253.136541 5.869892
14 3292.869144 4.720222
14 3410.797277 1.307949
13 3273.179868 5.289934
12 3257.754397 5.736273
16 3170.874205 8.250168
14 3413.082527 1.241825
14 3308.756365 4.260522
14 3357.595792 2.847344
13 3266.514721 5.482792
16 3310.619536 4.206611
14 3218.648473 6.867810
16 3352.291946 3.000812
14 3356.290369 2.885117
13 3370.192122 2.482867
14 3392.101936 1.848902
20 3112.368719 9.943035
13 3312.825432 4.142783
17 3214.517961 6.987328
16 3369.157032 2.512817
13 3319.300116 3.955436
14 3382.154030 2.136747
20 3407.113049 1.414553
14 3424.297613 0.917314
15 3430.107707 0.749198
16 3360.666921 2.758480
14 3343.494275 3.255374
15 3368.938783 2.519132
17 3446.253191 0.282026
14 3270.358515 5.371571
16 3116.286643 9.829669
16 3323.952276 3.820825
13 3294.781972 4.664873
16 3335.821604 3.477384
16 3171.467160 8.233010
13 3199.030367 7.435464
16 3315.001805 4.079809
16 3147.957496 8.913267
16 3436.996997 0.549855
14 3299.845518 4.518359
14 3269.157843 5.406312
14 3236.306310 6.356878
14 3366.129883 2.600408
14 3126.844941 9.524163
14 3350.103701 3.064129
14 3277.892917 5.153561
18 3160.534068 8.549361
14 3318.011051 3.992736
23 3195.214639 7.545873
18 3145.774286 8.976438
17 3323.429283 3.835958
16 3429.595433 0.764021
16 3363.278599 2.682911
16 3410.377664 1.320091
18 3177.866755 8.047837
18 3451.610459 0.127012
18 3430.322369 0.742987
20 3282.288807 5.026366
17 3444.151562 0.342837
17 3394.928534 1.767114
17 3290.630336 4.785002
17 3337.667069 3.423985
19 3442.972580 0.376951
21 3189.386519 7.714510
