18 -2.170279 8.513934
19 -1.847432 7.628401
20 -1.858990 7.050489
19 -1.855073 7.246349
20 -1.872251 6.387434
20 -2.111335 5.566765
21 -1.843318 7.834113
21 -1.844919 7.754057
21 -1.967052 1.647409
21 -2.105636 5.281818
19 -1.861254 6.937290
23 -1.848235 7.588256
23 -1.931938 3.403103
25 -1.864790 6.760481
25 -1.880966 5.951697
25 -1.978817 1.059144
25 -1.942553 2.872362
25 -1.866689 6.665553
23 -1.851856 7.407218
26 -2.145775 7.288733
26 -2.048605 2.430264
failed to find solution after reaching max emtpy limit -- 20 iterations and 14 function evals
27 -1.853067 7.346635
27 -1.992074 0.396281
27 -1.947444 2.627803
27 -1.933341 3.332969
27 -1.888078 5.596075
25 -1.869583 6.520856
16 -1.846328 7.683601
30 -2.018948 0.947412
30 -1.842980 7.850978
30 -1.870075 6.496258
30 -1.900194 4.990305
16 -1.851660 7.416976
31 -1.996492 0.175423
27 -1.870003 6.499831
17 -1.857546 7.122681
33 -1.856413 7.179329
22 -1.893968 5.301620
33 -1.875442 6.227923
failed to find solution after reaching max emtpy limit -- 27 iterations and 21 function evals
34 -2.042718 2.135901
35 -1.845383 7.730858
21 -1.929561 3.521925
19 -1.996958 0.152083
24 -2.096562 4.828123
20 -2.014727 0.736369
18 -2.120707 6.035344
failed to find solution after reaching max emtpy limit -- 32 iterations and 22 function evals
21 -1.876858 6.157093
26 -1.994691 0.265430
21 -1.854752 7.262399
17 -1.868994 6.550282
21 -1.865583 6.720833
failed to find solution after reaching max emtpy limit -- 35 iterations and 21 function evals
21 -1.877040 6.148013
24 -1.850210 7.489514
27 -1.994652 0.267376
17 -2.111006 5.550289
28 -1.889114 5.544283
18 -1.851080 7.446008
20 -1.895497 5.225170
31 -1.868171 6.591446
21 -1.842549 7.872561
23 -2.090636 4.531809
22 -1.883736 5.813184
failed to find solution after reaching max emtpy limit -- 21 iterations and 15 function evals
33 -1.868460 6.576980
27 -1.930913 3.454346
43 -1.842641 7.867972
25 -2.034722 1.736077
30 -1.911171 4.441466
18 -1.949364 2.531796
22 -2.170779 8.538967
29 -1.843465 7.826730
20 -2.092425 4.621242
27 -1.878273 6.086363
23 -2.115191 5.759565
27 -1.865608 6.719596
19 -1.855478 7.226111
40 -1.892696 5.365211
29 -1.867050 6.647523
34 -1.859863 7.006853
12 -1.979841 1.007948
10 -1.877098 6.145117
failed to find solution after reaching max emtpy limit -- 36 iterations and 19 function evals
16 -1.841468 7.926613
21 -1.861500 6.924976
17 -1.934188 3.290595
37 -1.858325 7.083764
25 -1.907619 4.619072
23 -2.006805 0.340249
17 -2.042472 2.123608
20 -1.842680 7.866004
20 -1.908439 4.578058
failed to find solution after reaching max emtpy limit -- 34 iterations and 18 function evals
17 -1.919516 4.024193
24 -2.071864 3.593178
failed to find solution after reaching max emtpy limit -- 24 iterations and 18 function evals
failed to find solution after reaching max emtpy limit -- 27 iterations and 21 function evals
failed to find solution after reaching max emtpy limit -- 27 iterations and 18 function evals
26 -1.939463 3.026873
failed to find solution after reaching max emtpy limit -- 33 iterations and 17 function evals
failed to find solution after reaching max emtpy limit -- 19 iterations and 13 function evals
30 -1.859224 7.038810
23 -1.913552 4.322385
42 -1.862416 6.879182
39 -1.850632 7.468424
16 -1.871501 6.424970
15 -1.844716 7.764199
15 -1.926551 3.672432
17 -1.901125 4.943750
24 -1.925755 3.712263
20 -2.060020 3.001010
24 -1.880563 5.971866
19 -1.865540 6.722984
20 -2.055141 2.757038
24 -1.851289 7.435564
39 -1.882057 5.897125
26 -1.841254 7.937280
17 -1.842671 7.866471
29 -1.897342 5.132892
failed to find solution after reaching max emtpy limit -- 64 iterations and 28 function evals
failed to find solution after reaching max emtpy limit -- 64 iterations and 27 function evals
27 -1.945038 2.748078
14 -1.860363 6.981874
32 -1.904511 4.774464
38 -1.914237 4.288130
14 -2.173407 8.670334
21 -1.851777 7.411143
23 -1.887124 5.643794
19 -1.844447 7.777629
16 -2.005130 0.256500
22 -1.864661 6.766926
28 -1.880402 5.979880
24 -1.927963 3.601843
26 -1.882624 5.868788
17 -1.859657 7.017156
22 -1.938041 3.097926
failed to find solution after reaching max emtpy limit -- 12 iterations and 6 function evals
25 -1.912464 4.376784
24 -2.103166 5.158306
31 -1.899167 5.041672
17 -2.066468 3.323425
26 -1.872425 6.378767
27 -2.041898 2.094903
20 -1.923154 3.842289
24 -1.882090 5.895486
21 -1.867132 6.643407
27 -1.870784 6.460779
18 -2.133741 6.687031
22 -1.978109 1.094535
45 -2.154920 7.745978
27 -1.855738 7.213084
22 -1.848003 7.599873
17 -1.846214 7.689294
31 -2.111652 5.582617
17 -1.883217 5.839129
29 -1.955302 2.234909
28 -1.842270 7.886495
25 -1.895504 5.224778
18 -1.841332 7.933421
22 -1.878468 6.076598
24 -2.052697 2.634843
26 -2.185857 9.292851
failed to find solution after reaching max emtpy limit -- 30 iterations and 24 function evals
26 -1.959429 2.028560
50 -1.901805 4.909761
27 -1.879489 6.025566
34 -1.842162 7.891899
24 -2.065515 3.275763
33 -1.858851 7.057470
42 -1.859792 7.010384
33 -1.857824 7.108781
failed to find solution after reaching max emtpy limit -- 24 iterations and 14 function evals
failed to find solution after reaching max emtpy limit -- 20 iterations and 14 function evals
24 -1.895856 5.207202
32 -1.862305 6.884727
20 -2.151030 7.551496
20 -1.899407 5.029641
28 -1.863341 6.832970
32 -1.856883 7.155869
21 -1.940450 2.977503
21 -1.859666 7.016686
18 -1.851488 7.425612
21 -2.191755 9.587733
failed to find solution after reaching max emtpy limit -- 24 iterations and 18 function evals
failed to find solution after reaching max emtpy limit -- 22 iterations and 16 function evals
50 -1.899564 5.021796
40 -1.842485 7.875770
19 -1.850121 7.493974
failed to find solution after reaching max emtpy limit -- 29 iterations and 20 function evals
36 -1.867353 6.632365
36 -1.949456 2.527213
30 -1.859900 7.004986
38 -1.859884 7.005782
31 -1.875482 6.225895
42 -1.843753 7.812357
failed to find solution after reaching max emtpy limit -- 73 iterations and 32 function evals
failed to find solution after reaching max emtpy limit -- 85 iterations and 35 function evals
