22 -0.015691 0.458477
22 -0.016580 6.151473
22 -0.016808 7.611674
24 -0.016077 2.929514
24 -0.016511 5.705532
24 -0.016272 4.176586
24 -0.016570 6.083362
24 -0.015636 0.104580
23 -0.015769 0.954287
24 -0.015759 0.890220
24 -0.017096 9.451252
24 -0.015715 0.608312
24 -0.015864 1.568282
25 -0.015874 1.630755
26 -0.016025 2.596059
26 -0.015804 1.180726
26 -0.015850 1.475968
25 -0.016051 2.764089
26 -0.015875 1.635222
26 -0.015755 0.865996
26 -0.015944 2.076425
26 -0.016766 7.340314
26 -0.016308 4.411032
26 -0.015731 0.711162
26 -0.016210 3.778446
26 -0.016206 3.757018
25 -0.015710 0.581943
26 -0.016391 4.939429
28 -0.015781 1.032812
27 -0.015907 1.840951
28 -0.016312 4.432407
27 -0.016222 3.860184
28 -0.015956 2.154877
28 -0.016381 4.877302
28 -0.016229 3.899769
28 -0.016015 2.530992
24 -0.015755 0.864651
28 -0.015993 2.391952
28 -0.016545 5.921998
28 -0.015975 2.275675
28 -0.016240 3.973346
28 -0.016788 7.481389
28 -0.015868 1.589801
30 -0.015922 1.938239
24 -0.016337 4.591095
24 -0.015771 0.972253
30 -0.016112 3.150185
20 -0.015816 1.258755
30 -0.015945 2.086407
26 -0.016159 3.450775
30 -0.016081 2.955358
30 -0.015952 2.130116
30 -0.015862 1.552858
20 -0.016463 5.402326
28 -0.016824 7.714513
24 -0.017078 9.336645
26 -0.016512 5.713045
24 -0.016076 2.924963
26 -0.016636 6.505635
26 -0.016091 3.016355
26 -0.015980 2.310890
26 -0.016072 2.896864
25 -0.016376 4.846210
26 -0.015902 1.806829
24 -0.015743 0.793213
26 -0.015804 1.179041
24 -0.015650 0.192131
28 -0.015805 1.184885
24 -0.015789 1.087175
22 -0.016033 2.645794
28 -0.016025 2.597068
26 -0.016322 4.497748
24 -0.016003 2.452725
26 -0.017181 9.994741
22 -0.016762 7.317631
28 -0.015648 0.181403
23 -0.015632 0.082747
24 -0.015938 2.036269
28 -0.016215 3.811998
28 -0.016334 4.573567
28 -0.016038 2.680214
28 -0.015761 0.902687
26 -0.017097 9.462153
29 -0.015723 0.663022
26 -0.015848 1.464077
24 -0.016155 3.430136
24 -0.016656 6.634438
28 -0.016413 5.082151
28 -0.016853 7.895411
26 -0.015861 1.545292
22 -0.016575 6.114069
32 -0.016078 2.934225
26 -0.015891 1.736733
28 -0.015688 0.435742
24 -0.016843 7.832996
26 -0.015964 2.202677
24 -0.015942 2.064558
24 -0.016507 5.681921
30 -0.016486 5.546785
26 -0.016381 4.872240
32 -0.015916 1.897001
29 -0.016162 3.476137
26 -0.016345 4.646223
31 -0.016096 3.053396
31 -0.015992 2.384823
32 -0.015891 1.735381
26 -0.016187 3.634224
28 -0.015824 1.307680
26 -0.015904 1.819104
30 -0.015814 1.243646
24 -0.015823 1.304491
25 -0.016779 7.424478
26 -0.016229 3.899450
24 -0.015855 1.509566
26 -0.015950 2.117071
30 -0.016011 2.503702
30 -0.016590 6.211221
29 -0.015947 2.096420
26 -0.016296 4.329334
26 -0.016045 2.726166
24 -0.016728 7.099759
22 -0.016669 6.719341
24 -0.016073 2.902120
24 -0.016385 4.901995
28 -0.015881 1.672078
26 -0.016371 4.813885
22 -0.016373 4.822862
26 -0.015810 1.218846
28 -0.016735 7.142248
26 -0.015727 0.686237
26 -0.015794 1.114475
20 -0.016283 4.246385
26 -0.016650 6.595737
30 -0.015965 2.209392
24 -0.015771 0.970196
28 -0.016420 5.121819
30 -0.015745 0.805422
30 -0.015679 0.380147
28 -0.016153 3.412680
30 -0.015623 0.020444
26 -0.015647 0.176814
22 -0.016758 7.288638
24 -0.016618 6.390326
22 -0.016109 3.132513
30 -0.015954 2.141450
28 -0.015797 1.134584
26 -0.015942 2.063986
28 -0.015649 0.186709
22 -0.015687 0.430968
24 -0.016990 8.773767
30 -0.015686 0.427906
26 -0.016019 2.559363
26 -0.015968 2.227959
26 -0.015966 2.219702
22 -0.015734 0.733083
26 -0.016200 3.717509
22 -0.016318 4.475020
29 -0.015690 0.450456
24 -0.017010 8.903750
28 -0.015669 0.315564
28 -0.016134 3.296351
28 -0.016331 4.557218
24 -0.017038 9.078525
30 -0.015722 0.653251
26 -0.015734 0.734644
28 -0.015975 2.276044
26 -0.017137 9.716898
30 -0.015846 1.449690
28 -0.015783 1.045265
24 -0.016268 4.151867
26 -0.015724 0.665795
24 -0.017176 9.965165
24 -0.015987 2.355074
23 -0.016884 8.094243
30 -0.016229 3.902385
24 -0.015940 2.049294
26 -0.016122 3.219652
28 -0.016216 3.818401
25 -0.015696 0.491555
26 -0.016020 2.562449
32 -0.016106 3.113572
28 -0.015984 2.332660
26 -0.015777 1.007208
26 -0.016253 4.058401
26 -0.015861 1.544988
26 -0.016030 2.625355
28 -0.016076 2.924880
28 -0.016005 2.470463
28 -0.015952 2.131563
28 -0.016386 4.904897
30 -0.015940 2.053121
32 -0.016092 3.024115
35 -0.015708 0.565652
34 -0.015958 2.170141
28 -0.015910 1.858567
32 -0.015900 1.792656
30 -0.016045 2.722818
28 -0.015666 0.295444
30 -0.015923 1.943571
failed to find solution in 1200 iterations and 554 function evals
