12 3173.642503 8.170066
12 3170.955943 8.247803
12 3272.168590 5.319196
12 3218.677999 6.866956
12 3175.998864 8.101885
13 3295.504005 4.643981
13 3275.057904 5.235593
13 3231.947172 6.483010
13 3385.626635 2.036266
13 3331.621465 3.598916
13 3159.743997 8.572222
13 3413.508462 1.229501
13 3259.816360 5.676610
13 3421.796472 0.989685
13 3332.317720 3.578770
13 3422.768927 0.961547
14 3115.289075 9.858534
14 3276.701859 5.188025
14 3299.125680 4.539188
14 3264.153061 5.551127
14 3267.255251 5.461364
14 3147.054948 8.939382
14 3387.410511 1.984650
10 3279.402933 5.109869
14 3263.377689 5.573562
15 3225.286849 6.675728
15 3135.609553 9.270557
15 3382.369272 2.130519
15 3175.043579 8.129526
15 3266.640990 5.479138
15 3297.179729 4.595494
15 3200.617409 7.389543
15 3364.718080 2.641259
15 3424.988767 0.897316
15 3130.199536 9.427097
12 3394.859373 1.769115
15 3211.657643 7.070091
15 3282.914987 5.008247
15 3126.478573 9.534764
12 3198.445186 7.452396
16 3442.168516 0.400217
16 3354.095767 2.948618
12 3201.054119 7.376906
16 3126.022220 9.547968
11 3356.028364 2.892698
16 3180.101566 7.983172
16 3213.914452 7.004790
12 3220.227134 6.822132
16 3149.509546 8.868358
16 3409.423962 1.347686
12 3189.280196 7.717587
17 3200.002409 7.407338
13 3308.421213 4.270220
13 3278.263218 5.142847
13 3330.064495 3.643967
15 3147.345913 8.930963
12 3224.863410 6.687980
13 3176.343974 8.091899
14 3219.870797 6.832442
14 3346.746608 3.161267
16 3433.886501 0.639858
14 3383.216191 2.106013
10 3249.424773 5.977292
15 3112.588862 9.936665
13 3342.015697 3.298157
15 3195.799312 7.528955
16 3116.905137 9.811773
14 3214.637806 6.983860
13 3403.121968 1.530036
13 3244.545463 6.118476
12 3180.315540 7.976981
16 3271.259463 5.345502
14 3428.058488 0.808493
20 3449.031888 0.201624
14 3220.847515 6.804181
13 3203.125833 7.316961
14 3366.496392 2.589803
17 3207.364643 7.194310
14 3172.076013 8.215393
14 3125.618027 9.559664
15 3127.387788 9.508455
15 3248.435254 6.005924
16 3387.447027 1.983593
15 3348.668974 3.105643
12 3194.925210 7.554247
17 3124.650864 9.587649
14 3237.090145 6.334197
15 3436.856989 0.553907
13 3166.901843 8.365109
11 3215.675467 6.953835
13 3301.135660 4.481028
15 3333.885424 3.533408
13 3240.286751 6.241703
16 3253.069525 5.871831
17 3449.636219 0.184137
13 3399.779351 1.626755
12 3235.613345 6.376929
13 3214.764311 6.980199
16 3424.009548 0.925650
12 3210.918070 7.091491
23 3134.301532 9.308405
11 3191.425857 7.655502
14 3269.501708 5.396363
16 3305.304822 4.360393
17 3165.462729 8.406750
16 3370.943103 2.461137
14 3398.471367 1.664602
16 3302.442964 4.443201
24 3201.237599 7.371597
12 3162.155145 8.502455
17 3433.330907 0.655934
18 3359.770580 2.784416
14 3180.329302 7.976583
18 3440.564988 0.446615
13 3410.941090 1.303788
13 3151.614642 8.807447
13 3151.399994 8.813658
13 3374.647446 2.353951
15 3436.900017 0.552662
14 3224.445955 6.700059
11 3290.588578 4.786210
13 3330.042577 3.644601
13 3265.913128 5.500199
15 3364.585804 2.645087
15 3210.874217 7.092760
15 3438.698396 0.500625
14 3411.937768 1.274949
10 3162.557776 8.490805
15 3401.104806 1.588403
12 3264.076821 5.553333
14 3274.620765 5.248242
14 3362.540989 2.704254
14 3214.447434 6.989368
14 3403.632555 1.515262
11 3156.795749 8.657530
15 3164.237930 8.442190
11 3298.298824 4.563113
14 3118.449197 9.767095
14 3127.120230 9.516197
15 3237.631016 6.318547
16 3136.003189 9.259167
13 3295.596003 4.641319
13 3195.775028 7.529658
15 3356.364390 2.882975
13 3193.430948 7.597484
13 3271.887869 5.327319
18 3409.379904 1.348961
12 3247.876258 6.022099
11 3373.728870 2.380530
16 3172.149076 8.213279
16 3443.679966 0.356482
18 3417.564197 1.112147
15 3115.867412 9.841799
14 3337.375865 3.432411
12 3242.678370 6.172501
16 3414.712925 1.194649
15 3175.039439 8.129646
15 3367.281904 2.567075
12 3339.421054 3.373233
14 3344.071949 3.238659
14 3199.955725 7.408689
17 3421.813114 0.989204
15 3359.628231 2.788535
14 3236.144386 6.361563
21 3329.112127 3.671524
17 3123.932092 9.608446
21 3132.277654 9.366966
14 3402.100079 1.559604
11 3147.531467 8.925594
11 3275.710484 5.216711
15 3231.905445 6.484217
15 3430.048138 0.750922
12 3120.327786 9.712738
14 3168.686488 8.313470
13 3187.633345 7.765239
15 3377.759670 2.263898
15 3169.374145 8.293572
13 3265.567374 5.510203
19 3145.208171 8.992819
14 3325.820577 3.766766
13 3364.991368 2.633352
15 3448.909471 0.205166
13 3336.361873 3.461751
13 3196.475712 7.509383
17 3229.436229 6.555665
16 3349.153088 3.091635
16 3189.566370 7.709306
21 3225.391439 6.672701
15 3413.669137 1.224851
15 3284.287322 4.968538
16 3328.965945 3.675754
20 3232.194305 6.475859
15 3379.666472 2.208725
17 3148.141896 8.907931
16 3402.268689 1.554725
22 3131.135263 9.400021
18 3220.572849 6.812128
26 3135.724311 9.267236
21 3258.639166 5.710672
failed to find solution after reaching max emtpy limit -- 28 iterations and 19 function evals
