30 0.925453 7.454695
25 0.947851 5.214921
22 0.960137 3.986304
30 0.946431 5.356874
41 0.919543 8.045686
17 0.916157 8.384347
57 0.932922 6.707781
42 0.929024 7.097599
41 0.937032 6.296807
69 0.950342 4.965754
82 0.909822 9.017806
67 0.923525 7.647507
56 0.977884 2.211616
19 0.924427 7.557308
94 0.971519 2.848135
77 0.988443 1.155664
94 0.933670 6.633030
102 0.980820 1.917994
96 0.969242 3.075773
failed to find solution after reaching max emtpy limit -- 93 iterations and 86 function evals
failed to find solution after reaching max emtpy limit -- 77 iterations and 64 function evals
70 0.910910 8.908973
143 0.924993 7.500700
failed to find solution after reaching max emtpy limit -- 109 iterations and 99 function evals
164 0.902903 9.709730
failed to find solution after reaching max emtpy limit -- 105 iterations and 92 function evals
176 0.904451 9.554913
176 0.957720 4.228010
167 0.934670 6.533006
101 0.975216 2.478424
98 0.980380 1.961980
failed to find solution after reaching max emtpy limit -- 159 iterations and 153 function evals
110 0.947201 5.279935
failed to find solution after reaching max emtpy limit -- 146 iterations and 135 function evals
211 0.939858 6.014219
132 0.984229 1.577106
23 0.996256 0.374361
79 0.966173 3.382694
153 0.978883 2.111685
211 0.962920 3.707953
failed to find solution after reaching max emtpy limit -- 182 iterations and 176 function evals
192 0.967001 3.299941
161 0.948501 5.149912
failed to find solution after reaching max emtpy limit -- 187 iterations and 179 function evals
failed to find solution after reaching max emtpy limit -- 160 iterations and 154 function evals
failed to find solution after reaching max emtpy limit -- 190 iterations and 182 function evals
67 0.971484 2.851611
27 0.956163 4.383707
211 0.984794 1.520560
230 0.986469 1.353128
253 0.916342 8.365814
253 0.981762 1.823774
52 0.916453 8.354710
56 0.939863 6.013674
268 0.939279 6.072139
failed to find solution after reaching max emtpy limit -- 51 iterations and 39 function evals
239 0.983251 1.674910
116 0.928427 7.157349
278 0.976478 2.352158
163 0.918663 8.133672
59 0.929912 7.008760
186 0.914767 8.523259
168 0.931077 6.892300
failed to find solution after reaching max emtpy limit -- 40 iterations and 24 function evals
112 0.918865 8.113508
293 0.905990 9.401046
24 0.969506 3.049430
37 0.917982 8.201756
100 0.948738 5.126192
93 0.990829 0.917056
171 0.942944 5.705644
181 0.957713 4.228661
60 0.958098 4.190237
114 0.965337 3.466304
152 0.983576 1.642429
99 0.979529 2.047063
failed to find solution after reaching max emtpy limit -- 179 iterations and 173 function evals
92 0.984831 1.516941
59 0.974721 2.527927
313 0.961801 3.819894
failed to find solution after reaching max emtpy limit -- 307 iterations and 295 function evals
230 0.985199 1.480131
52 0.934543 6.545689
122 0.915309 8.469062
failed to find solution after reaching max emtpy limit -- 315 iterations and 305 function evals
56 0.974161 2.583907
177 0.941442 5.855777
53 0.930222 6.977816
325 0.988487 1.151306
failed to find solution after reaching max emtpy limit -- 53 iterations and 35 function evals
197 0.936261 6.373864
13 0.919170 8.083015
199 0.929761 7.023882
failed to find solution after reaching max emtpy limit -- 157 iterations and 151 function evals
174 0.974112 2.588783
82 0.989496 1.050404
202 0.976198 2.380172
failed to find solution after reaching max emtpy limit -- 143 iterations and 137 function evals
42 0.937812 6.218770
63 0.961131 3.886871
failed to find solution after reaching max emtpy limit -- 20 iterations and 11 function evals
154 0.966120 3.387970
12 0.928232 7.176794
96 0.980966 1.903361
337 0.961157 3.884262
111 0.976167 2.383339
43 0.948631 5.136857
failed to find solution after reaching max emtpy limit -- 50 iterations and 43 function evals
81 0.971478 2.852185
25 0.921471 7.852865
failed to find solution after reaching max emtpy limit -- 159 iterations and 152 function evals
202 0.933624 6.637564
130 0.967317 3.268328
158 0.920159 7.984089
187 0.912927 8.707257
failed to find solution after reaching max emtpy limit -- 257 iterations and 238 function evals
419 0.943524 5.647632
failed to find solution after reaching max emtpy limit -- 212 iterations and 199 function evals
292 0.985072 1.492790
393 0.985075 1.492504
151 0.901389 9.861116
failed to find solution after reaching max emtpy limit -- 192 iterations and 172 function evals
187 0.983286 1.671423
31 0.965442 3.455838
failed to find solution after reaching max emtpy limit -- 103 iterations and 96 function evals
368 0.986066 1.393448
190 0.914591 8.540917
184 0.924030 7.596991
133 0.948901 5.109865
failed to find solution after reaching max emtpy limit -- 426 iterations and 416 function evals
176 0.913148 8.685241
75 0.919034 8.096596
185 0.973916 2.608389
155 0.900026 9.997370
451 0.916844 8.315619
failed to find solution after reaching max emtpy limit -- 386 iterations and 379 function evals
154 0.980499 1.950082
failed to find solution after reaching max emtpy limit -- 262 iterations and 256 function evals
64 0.972623 2.737724
73 0.905960 9.404007
126 0.983906 1.609423
147 0.929653 7.034730
69 0.989594 1.040562
82 0.987730 1.227015
139 0.913897 8.610259
148 0.926051 7.394898
58 0.988333 1.166746
281 0.949867 5.013346
378 0.929440 7.056033
141 0.921846 7.815438
147 0.981222 1.877762
24 0.938980 6.101978
145 0.933840 6.615953
77 0.983276 1.672376
19 0.916480 8.352014
19 0.962609 3.739114
251 0.964992 3.500810
57 0.979501 2.049927
85 0.970154 2.984553
72 0.951288 4.871152
220 0.968470 3.152969
121 0.936268 6.373151
134 0.929362 7.063819
69 0.986105 1.389474
142 0.970482 2.951849
132 0.947680 5.232012
220 0.947735 5.226547
failed to find solution after reaching max emtpy limit -- 140 iterations and 134 function evals
274 0.975173 2.482697
333 0.904779 9.522146
218 0.971408 2.859223
245 0.984586 1.541443
186 0.967879 3.212063
300 0.930287 6.971332
failed to find solution after reaching max emtpy limit -- 138 iterations and 127 function evals
491 0.918073 8.192661
246 0.953557 4.644302
failed to find solution after reaching max emtpy limit -- 386 iterations and 376 function evals
failed to find solution after reaching max emtpy limit -- 125 iterations and 111 function evals
309 0.935408 6.459177
failed to find solution after reaching max emtpy limit -- 207 iterations and 201 function evals
failed to find solution after reaching max emtpy limit -- 302 iterations and 293 function evals
434 0.929718 7.028152
327 0.972499 2.750070
268 0.914723 8.527710
400 0.947208 5.279234
320 0.971558 2.844217
493 0.908165 9.183484
437 0.912101 8.789881
316 0.912097 8.790266
425 0.923646 7.635360
403 0.940384 5.961581
522 0.936781 6.321890
447 0.945680 5.432029
619 0.969049 3.095137
587 0.968536 3.146441
640 0.918119 8.188116
641 0.932811 6.718933
695 0.935428 6.457174
749 0.949746 5.025438
