9 -1.071835 7.183497
10 -1.055827 5.582698
11 -1.044232 4.423152
11 -1.042663 4.266327
11 -1.079828 7.982813
12 -1.055317 5.531740
12 -1.052808 5.280785
12 -1.084267 8.426726
12 -1.097672 9.767194
13 -1.048169 4.816950
13 -1.081352 8.135250
13 -1.073757 7.375739
13 -1.050197 5.019657
14 -1.039149 3.914885
14 -1.047846 4.784567
14 -1.044171 4.417077
14 -1.065769 6.576872
14 -1.093699 9.369854
15 -1.052028 5.202757
15 -1.095931 9.593144
15 -1.040555 4.055484
15 -1.077316 7.731644
15 -1.082798 8.279800
15 -1.032509 3.250890
15 -1.048677 4.867714
15 -1.056817 5.681735
15 -1.052792 5.279248
15 -1.051946 5.194618
16 -1.094581 9.458059
16 -1.044096 4.409617
16 -1.085490 8.548998
16 -1.045524 4.552357
12 -1.049579 4.957943
8 -1.056754 5.675408
16 -1.069163 6.916257
16 -1.039789 3.978892
16 -1.099407 9.940678
17 -1.051198 5.119789
13 -1.069748 6.974798
14 -1.040069 4.006852
13 -1.068958 6.895791
20 -1.050640 5.063960
14 -1.072302 7.230249
11 -1.076956 7.695631
17 -1.043893 4.389300
20 -1.075586 7.558609
14 -1.081028 8.102770
12 -1.078896 7.889634
21 -1.038944 3.894399
13 -1.036820 3.681979
13 -1.065846 6.584593
21 -1.051522 5.152176
21 -1.046720 4.672046
13 -1.080872 8.087183
17 -1.054952 5.495207
15 -1.056290 5.628978
13 -1.052446 5.244582
14 -1.059943 5.994290
14 -1.088707 8.870700
13 -1.066232 6.623188
14 -1.052732 5.273248
14 -1.040835 4.083457
12 -1.083863 8.386315
16 -1.087802 8.780229
17 -1.038244 3.824437
9 -1.053454 5.345423
14 -1.040628 4.062795
14 -1.040936 4.093641
15 -1.064335 6.433530
16 -1.074180 7.417991
11 -1.050841 5.084057
16 -1.043144 4.314438
12 -1.035542 3.554236
16 -1.095165 9.516456
11 -1.051390 5.139047
13 -1.062525 6.252533
failed to find solution after reaching max emtpy limit -- 20 iterations and 14 function evals
18 -1.041672 4.167196
11 -1.055404 5.540433
15 -1.077745 7.774519
failed to find solution after reaching max emtpy limit -- 23 iterations and 14 function evals
21 -1.056142 5.614227
30 -1.085374 8.537430
failed to find solution after reaching max emtpy limit -- 23 iterations and 17 function evals
13 -1.047808 4.780782
14 -1.049153 4.915309
13 -1.045126 4.512623
14 -1.085734 8.573373
failed to find solution after reaching max emtpy limit -- 24 iterations and 18 function evals
20 -1.098191 9.819146
15 -1.065143 6.514281
19 -1.032359 3.235872
18 -1.036591 3.659066
12 -1.035325 3.532458
failed to find solution after reaching max emtpy limit -- 26 iterations and 20 function evals
14 -1.047431 4.743098
12 -1.041528 4.152804
18 -1.037700 3.769966
16 -1.049280 4.927973
18 -1.073978 7.397796
16 -1.064506 6.450643
11 -1.098930 9.893046
18 -1.038939 3.893893
21 -1.093554 9.355364
15 -1.058545 5.854523
15 -1.061891 6.189078
14 -1.073691 7.369115
11 -1.068499 6.849875
19 -1.042587 4.258665
17 -1.095417 9.541697
29 -1.060204 6.020360
17 -1.054663 5.466341
16 -1.060241 6.024090
12 -1.047187 4.718666
18 -1.084384 8.438423
12 -1.090414 9.041434
19 -1.044438 4.443811
failed to find solution after reaching max emtpy limit -- 25 iterations and 19 function evals
failed to find solution after reaching max emtpy limit -- 31 iterations and 25 function evals
16 -1.074285 7.428541
11 -1.055278 5.527824
failed to find solution after reaching max emtpy limit -- 24 iterations and 18 function evals
11 -1.066718 6.671814
13 -1.039222 3.922221
15 -1.083802 8.380247
16 -1.038717 3.871722
16 -1.052911 5.291126
failed to find solution after reaching max emtpy limit -- 19 iterations and 13 function evals
failed to find solution after reaching max emtpy limit -- 16 iterations and 10 function evals
12 -1.034610 3.461020
12 -1.092424 9.242435
11 -1.039363 3.936332
14 -1.059019 5.901940
18 -1.057141 5.714077
17 -1.088045 8.804517
failed to find solution after reaching max emtpy limit -- 21 iterations and 15 function evals
failed to find solution after reaching max emtpy limit -- 21 iterations and 15 function evals
15 -1.086509 8.650947
17 -1.041626 4.162593
18 -1.055372 5.537242
failed to find solution after reaching max emtpy limit -- 28 iterations and 22 function evals
19 -1.040136 4.013633
13 -1.089515 8.951482
failed to find solution after reaching max emtpy limit -- 22 iterations and 16 function evals
20 -1.057248 5.724835
12 -1.042008 4.200826
13 -1.080561 8.056124
14 -1.059361 5.936092
14 -1.060999 6.099927
failed to find solution after reaching max emtpy limit -- 20 iterations and 14 function evals
19 -1.070232 7.023162
13 -1.067456 6.745601
14 -1.074845 7.484476
14 -1.070587 7.058680
12 -1.068423 6.842338
14 -1.038406 3.840598
failed to find solution after reaching max emtpy limit -- 27 iterations and 21 function evals
10 -1.096520 9.652020
11 -1.040752 4.075165
14 -1.073571 7.357067
16 -1.063578 6.357819
20 -1.038027 3.802738
15 -1.040482 4.048216
20 -1.071754 7.175426
14 -1.049661 4.966138
failed to find solution after reaching max emtpy limit -- 34 iterations and 26 function evals
12 -1.058577 5.857691
13 -1.042423 4.242330
14 -1.080533 8.053339
failed to find solution after reaching max emtpy limit -- 27 iterations and 21 function evals
failed to find solution after reaching max emtpy limit -- 15 iterations and 9 function evals
15 -1.053853 5.385321
18 -1.038284 3.828399
failed to find solution after reaching max emtpy limit -- 40 iterations and 15 function evals
14 -1.077154 7.715364
14 -1.063866 6.386562
14 -1.036662 3.666244
16 -1.042324 4.232448
14 -1.059059 5.905897
failed to find solution after reaching max emtpy limit -- 21 iterations and 15 function evals
21 -1.035754 3.575384
13 -1.089419 8.941949
18 -1.057576 5.757627
15 -1.043771 4.377081
16 -1.075872 7.587193
18 -1.099710 9.971028
failed to find solution after reaching max emtpy limit -- 20 iterations and 14 function evals
failed to find solution after reaching max emtpy limit -- 20 iterations and 14 function evals
17 -1.079881 7.988096
failed to find solution after reaching max emtpy limit -- 23 iterations and 14 function evals
failed to find solution after reaching max emtpy limit -- 26 iterations and 20 function evals
failed to find solution after reaching max emtpy limit -- 22 iterations and 14 function evals
failed to find solution after reaching max emtpy limit -- 23 iterations and 17 function evals
failed to find solution after reaching max emtpy limit -- 24 iterations and 18 function evals
failed to find solution after reaching max emtpy limit -- 28 iterations and 22 function evals
failed to find solution after reaching max emtpy limit -- 21 iterations and 15 function evals
failed to find solution after reaching max emtpy limit -- 29 iterations and 23 function evals
failed to find solution after reaching max emtpy limit -- 27 iterations and 21 function evals
failed to find solution after reaching max emtpy limit -- 34 iterations and 25 function evals
failed to find solution after reaching max emtpy limit -- 59 iterations and 20 function evals
