7 27.826148 7.246172
7 29.839516 0.534948
7 28.881864 3.727119
7 28.056422 6.478593
7 28.063936 6.453548
8 27.426302 8.578993
8 27.566833 8.110557
8 28.940840 3.530534
8 29.748835 0.837217
8 27.998109 6.672971
8 29.669476 1.101748
8 28.463989 5.120037
8 29.511792 1.627362
8 29.023036 3.256546
8 27.137344 9.542187
8 27.318946 8.936848
7 27.389818 8.700607
9 28.984040 3.386534
9 29.371189 2.096038
9 29.945084 0.183054
9 28.823097 3.923009
9 29.936421 0.211931
9 29.705645 0.981183
9 28.769677 4.101077
9 29.967166 0.109446
9 29.207652 2.641161
8 27.349040 8.836533
9 27.842035 7.193216
9 29.125640 2.914534
9 29.255088 2.483039
9 27.799915 7.333617
9 29.924606 0.251312
9 27.740411 7.531963
9 29.817883 0.607057
9 27.945244 6.849186
9 29.429654 1.901153
9 28.875152 3.749492
8 29.039961 3.200130
10 28.337531 5.541562
10 28.784053 4.053158
10 27.934652 6.884492
8 28.220285 5.932385
9 29.289488 2.368372
7 28.069334 6.435553
7 27.009605 9.967984
7 28.132001 6.226665
10 29.655062 1.149792
10 29.442420 1.858600
10 28.725461 4.248462
8 27.656811 7.810630
8 28.832413 3.891957
11 28.245920 5.846933
9 27.014569 9.951437
8 28.791470 4.028434
11 29.861181 0.462728
11 29.875398 0.415339
8 27.791820 7.360601
7 28.457211 5.142631
11 29.329773 2.234088
9 28.347236 5.509213
8 27.063817 9.787278
8 29.028700 3.237666
8 29.438875 1.870418
11 27.708063 7.639790
11 29.849366 0.502113
9 28.633573 4.554758
9 29.492681 1.691065
9 27.065328 9.782240
8 28.466049 5.113169
8 28.436963 5.210124
7 29.693563 1.021457
9 29.625629 1.247904
10 29.299520 2.334933
7 27.838291 7.205697
8 29.612006 1.293312
9 28.270512 5.764959
9 29.512914 1.623619
9 27.768174 7.439420
8 29.780094 0.733020
10 28.376550 5.411500
8 29.285234 2.382553
8 29.008735 3.304216
9 29.713460 0.955134
9 28.075929 6.413568
7 27.874498 7.085006
12 28.496942 5.010193
9 28.832476 3.891747
7 29.776310 0.745633
10 29.437827 1.873911
10 29.715573 0.948091
7 29.293117 2.356276
9 29.844452 0.518495
9 29.141279 2.862403
7 27.505204 8.315986
8 29.178382 2.738726
8 27.970603 6.764655
8 29.162522 2.791593
8 29.607065 1.309784
9 28.870866 3.763781
7 29.576104 1.412985
8 27.628435 7.905218
7 27.576556 8.078147
10 28.706892 4.310361
10 28.694600 4.351333
8 29.445264 1.849119
8 27.400026 8.666580
8 29.276210 2.412633
7 27.757756 7.474147
8 28.966508 3.444973
9 29.387536 2.041548
8 28.494403 5.018656
8 28.174589 6.084704
9 29.664470 1.118435
8 28.263757 5.787476
8 28.915218 3.615941
10 27.404440 8.651865
8 28.863338 3.788873
7 28.266162 5.779459
10 29.357461 2.141798
9 28.544506 4.851645
7 27.691809 7.693970
7 28.177740 6.074200
11 29.365927 2.113577
9 29.280771 2.397430
9 27.560822 8.130592
7 28.846374 3.845420
8 27.657372 7.808762
8 28.212541 5.958197
10 27.943742 6.854194
8 28.173498 6.088340
8 29.153366 2.822114
8 27.150391 9.498696
9 28.635090 4.549701
7 28.709333 4.302224
8 29.610261 1.299130
12 28.784571 4.051431
7 29.704747 0.984177
10 28.954345 3.485515
9 29.510256 1.632478
9 27.826815 7.243951
7 27.439993 8.533357
11 27.141586 9.528047
7 29.272539 2.424871
8 28.035569 6.548102
8 28.124362 6.252125
8 29.887621 0.374597
8 29.113885 2.953716
9 29.765475 0.781749
7 29.125544 2.914852
9 27.333966 8.886781
10 29.917731 0.274231
9 28.732133 4.226223
10 27.216575 9.278083
9 29.682633 1.057891
7 28.765539 4.114870
9 29.844937 0.516877
8 29.625118 1.249608
7 29.533519 1.554935
9 29.061506 3.128313
8 27.303622 8.987928
9 27.057573 9.808090
9 29.762942 0.790194
7 27.152015 9.493283
12 29.656796 1.144014
8 28.455948 5.146839
10 28.073290 6.422368
8 28.777856 4.073812
10 29.773657 0.754478
10 29.881426 0.395247
8 29.307413 2.308623
9 28.990413 3.365291
9 28.208625 5.971251
11 29.440242 1.865860
11 29.555383 1.482056
8 29.722471 0.925096
8 28.792231 4.025895
8 29.645388 1.182040
11 29.280690 2.397699
10 28.927885 3.573716
9 29.723413 0.921958
9 29.420972 1.930092
8 27.408676 8.637748
8 29.858597 0.471344
8 28.174957 6.083478
9 29.841844 0.527188
10 29.415483 1.948390
13 29.724547 0.918177
10 28.936528 3.544905
11 28.206060 5.979801
11 27.765009 7.449970
10 28.904337 3.652210
10 27.096301 9.678996
9 28.869054 3.769821
11 29.915673 0.281090
13 28.990682 3.364394
11 28.970434 3.431887
12 27.702249 7.659169
11 28.932070 3.559766
failed to find solution after reaching max emtpy limit -- 15 iterations and 9 function evals
10 29.766007 0.779976
