7 96.966216 2.994982
7 94.710033 5.252068
7 99.470358 0.489838
7 97.131907 2.829225
7 96.819013 3.142244
7 93.285180 6.677491
7 99.435701 0.524509
7 96.068884 3.892673
7 97.373599 2.587436
7 91.651978 8.311347
7 95.359456 4.602385
7 95.116901 4.845037
7 90.118601 9.845337
8 91.765533 8.197746
8 91.824450 8.138806
8 96.336568 3.624882
8 92.116429 7.846710
7 94.452753 5.509451
7 93.354760 6.607883
7 95.622306 4.339429
7 95.277281 4.684593
7 92.438205 7.524805
7 98.179162 1.781551
9 92.228697 7.734397
9 92.105083 7.858061
9 91.230689 8.732804
7 91.198973 8.764533
7 90.059899 9.904063
9 96.291625 3.669842
9 94.366779 5.595459
8 93.560173 6.402388
7 94.776911 5.185163
7 97.206130 2.754972
7 95.812356 4.149304
7 91.292381 8.671087
9 96.966112 2.995086
11 98.546844 1.413722
11 98.853809 1.106633
11 94.635744 5.326386
11 96.540909 3.420459
11 91.317777 8.645681
11 96.737434 3.223855
11 94.055969 5.906394
11 98.857637 1.102804
7 91.279502 8.683971
7 93.268720 6.693957
12 95.992893 3.968694
7 91.830919 8.132334
12 97.843346 2.117501
12 99.359392 0.600848
12 92.368844 7.594193
12 96.838392 3.122857
12 93.106893 6.855849
11 98.043256 1.917511
13 99.295193 0.665073
7 94.893401 5.068627
13 97.489461 2.471528
8 98.643742 1.316785
7 97.637115 2.323815
7 93.847303 6.115143
13 95.561962 4.399798
8 98.349405 1.611240
13 99.239041 0.721248
8 94.164219 5.798100
13 94.104321 5.858022
11 96.842068 3.119179
11 91.605353 8.357990
7 95.840862 4.120786
10 98.822415 1.138040
12 95.996307 3.965279
11 91.019036 8.944542
7 96.937927 3.023283
11 98.973634 0.986761
9 90.227476 9.736418
7 96.662206 3.299113
7 94.781733 5.180340
7 90.093311 9.870637
13 92.941341 7.021467
7 95.274884 4.686991
12 97.795192 2.165675
13 97.861703 2.099137
13 99.395095 0.565131
7 98.706724 1.253778
7 98.733796 1.226694
15 99.044224 0.916143
15 96.173583 3.787932
15 96.890110 3.071118
11 95.003878 4.958105
7 92.720544 7.242353
7 93.572252 6.390304
7 92.819817 7.143040
7 98.959296 1.001105
8 93.272053 6.690623
7 96.986715 2.974475
7 96.701512 3.259792
13 97.250146 2.710939
16 98.717539 1.242959
10 97.666092 2.294826
7 96.709924 3.251376
7 91.729976 8.233317
8 95.819720 4.141937
9 91.359322 8.604120
7 94.440421 5.521787
13 93.361447 6.601194
12 92.267488 7.695590
7 97.421333 2.539682
7 94.400623 5.561601
9 92.546294 7.416672
7 91.625540 8.337795
11 95.798282 4.163384
12 93.149552 6.813173
15 90.972602 8.990994
12 98.975759 0.984635
11 94.144390 5.817937
7 90.418076 9.545742
17 99.003567 0.956816
8 95.128258 4.833675
7 91.991732 7.971457
8 97.081431 2.879721
7 90.502133 9.461651
7 97.962348 1.998451
7 93.894814 6.067613
7 93.302918 6.659746
11 92.445841 7.517165
11 92.193053 7.770055
13 94.569210 5.392947
7 95.710111 4.251590
11 99.249927 0.710357
7 94.567860 5.394298
12 97.786207 2.174663
7 93.521304 6.441273
13 94.656579 5.305543
8 90.312257 9.651604
7 99.677987 0.282126
19 99.664047 0.296071
19 90.153143 9.810781
13 94.895386 5.066641
15 91.738717 8.224573
17 93.697933 6.264573
11 99.205510 0.754792
12 98.273666 1.687008
12 93.055018 6.907746
12 95.942025 4.019583
8 97.481394 2.479598
11 97.620925 2.340011
13 90.254914 9.708970
7 93.395969 6.566658
12 90.871345 9.092292
11 99.302372 0.657891
8 97.066427 2.894731
12 95.162919 4.799001
17 95.438005 4.523805
11 96.856692 3.104549
11 96.869061 3.092176
12 98.598172 1.362373
9 94.240434 5.721855
13 92.742664 7.220224
9 97.681213 2.279699
11 98.201051 1.759653
11 97.180923 2.780189
8 98.024008 1.936767
11 93.008978 6.953804
9 92.610674 7.352267
20 99.957889 0.002112
11 98.522683 1.437892
11 95.041123 4.920845
10 94.159415 5.802906
9 92.944902 7.017906
11 95.847503 4.114143
11 91.786174 8.177097
12 93.986669 5.975721
15 94.595926 5.366221
9 96.802870 3.158394
10 92.751988 7.210897
11 90.625462 9.338273
15 99.460722 0.499478
11 99.825344 0.134710
9 91.504093 8.459290
11 93.978986 5.983408
9 95.777935 4.183739
9 89.998834 9.965153
12 96.725804 3.235490
12 92.231866 7.731226
13 90.102955 9.860989
11 93.683730 6.278782
12 97.721788 2.239108
13 95.809790 4.151871
11 99.346230 0.614015
12 93.184020 6.778692
15 92.994236 6.968552
12 97.914446 2.046373
11 92.893883 7.068945
15 95.420260 4.541557
13 89.983374 9.980619
13 96.247210 3.714276
13 94.424654 5.537561
19 92.641656 7.321273
13 93.573198 6.389358
13 93.175335 6.787380
17 95.860366 4.101274
