7 -312.596793 1.989166
10 -317.607439 3.623960
10 -328.230422 7.089860
11 -333.780319 8.900594
11 -325.193436 6.099000
12 -329.232298 7.416737
12 -325.798729 6.296486
12 -330.000183 7.667270
12 -318.106887 3.786912
13 -323.579681 5.572490
13 -330.769817 7.918374
13 -316.765792 3.349361
13 -330.977907 7.986266
13 -326.745603 6.605417
13 -322.699244 5.285234
14 -336.565380 9.809259
14 -336.503293 9.789003
15 -332.740162 8.561227
15 -324.744533 5.952539
15 -333.130018 8.688424
16 -335.935884 9.603877
13 -326.470014 6.515502
11 -334.304565 9.071636
17 -335.032055 9.308990
17 -335.753573 9.544396
17 -333.222678 8.718655
16 -326.245593 6.442282
7 -312.598549 1.989739
12 -326.410947 6.496231
18 -323.020124 5.389926
18 -335.951794 9.609068
13 -321.596276 4.925376
18 -332.853594 8.598236
18 -332.831501 8.591028
13 -327.128546 6.730358
19 -322.660764 5.272680
19 -324.114641 5.747028
19 -324.022168 5.716857
19 -319.557651 4.260245
19 -331.027971 8.002601
19 -326.703497 6.591679
16 -326.788518 6.619419
20 -329.959138 7.653879
19 -327.210843 6.757208
19 -323.703715 5.612957
12 -334.782966 9.227721
13 -319.871397 4.362609
20 -328.375618 7.137232
11 -327.208514 6.756448
21 -326.415811 6.497818
10 -320.158837 4.456391
17 -322.272408 5.145973
22 -323.219736 5.455052
22 -329.785504 7.597228
22 -316.281353 3.191306
22 -330.209072 7.735423
15 -321.527510 4.902940
23 -331.698209 8.221275
17 -330.794520 7.926434
24 -334.362414 9.090510
13 -323.843322 5.658506
24 -327.804120 6.950773
19 -324.160673 5.762047
25 -331.410449 8.127389
13 -325.447256 6.181813
18 -332.859046 8.600015
19 -329.649826 7.552961
17 -333.201997 8.711908
11 -335.237883 9.376145
15 -326.259799 6.446916
16 -335.219765 9.370233
19 -328.575019 7.202290
20 -320.906113 4.700200
16 -316.145262 3.146905
14 -316.686809 3.323592
14 -330.519501 7.836705
17 -319.665762 4.295518
15 -313.287614 2.214556
11 -335.371183 9.419636
28 -314.488199 2.606264
13 -332.993911 8.644017
15 -320.035213 4.416057
22 -317.811790 3.690633
16 -334.608701 9.170865
18 -328.525986 7.186292
16 -315.133814 2.816905
14 -335.354368 9.414150
16 -333.273840 8.735347
18 -333.901159 8.940019
19 -325.986113 6.357622
17 -335.548333 9.477433
13 -325.912356 6.333558
18 -323.401783 5.514448
14 -322.716606 5.290899
20 -336.044910 9.639449
22 -323.690547 5.608661
24 -325.861400 6.316933
19 -334.373512 9.094131
19 -328.764106 7.263982
10 -314.305983 2.546813
22 -323.212512 5.452696
22 -334.158428 9.023957
18 -329.941656 7.648175
15 -336.523119 9.795471
18 -322.119360 5.096039
11 -319.593619 4.271980
17 -333.310533 8.747319
16 -329.255480 7.424300
19 -314.227914 2.521342
23 -314.227612 2.521244
19 -330.980865 7.987232
17 -321.695897 4.957878
26 -328.018269 7.020643
11 -334.489756 9.132057
17 -325.769784 6.287042
18 -330.730974 7.905701
14 -325.065463 6.057247
19 -326.681157 6.584391
26 -325.158401 6.087570
12 -324.069754 5.732383
12 -328.489945 7.174533
11 -311.005877 1.470107
17 -322.851930 5.335051
17 -330.495472 7.828865
19 -324.237157 5.787001
19 -324.820332 5.977270
13 -330.745632 7.910484
24 -325.228020 6.110284
17 -317.264829 3.512179
13 -315.850355 3.050687
19 -324.485546 5.868041
12 -326.279029 6.453191
20 -328.078951 7.040441
22 -330.553189 7.847696
16 -326.499903 6.525254
19 -332.355982 8.435883
15 -334.841864 9.246938
13 -319.939686 4.384889
12 -332.297129 8.416682
12 -333.505545 8.810945
18 -328.555291 7.195854
18 -321.853741 5.009377
14 -330.493447 7.828205
17 -319.387612 4.204767
11 -309.839905 1.089692
10 -322.207674 5.124853
22 -318.256669 3.835781
24 -316.626954 3.304063
22 -329.836539 7.613879
13 -319.699241 4.306441
26 -330.542287 7.844139
12 -330.031803 7.677587
17 -334.541169 9.148832
12 -336.817008 9.891357
23 -331.507609 8.159089
14 -336.726484 9.861822
13 -320.695310 4.631422
24 -324.362071 5.827756
21 -328.773687 7.267108
16 -330.865079 7.949455
10 -315.969772 3.089648
10 -328.070992 7.037844
19 -323.622175 5.586354
15 -319.764071 4.327593
19 -331.282526 8.085653
12 -313.602155 2.317180
26 -322.404286 5.189000
22 -320.672480 4.623974
14 -322.817588 5.323846
20 -323.976054 5.701812
16 -329.291835 7.436162
17 -317.435585 3.567891
13 -325.040123 6.048980
17 -329.246760 7.421455
12 -327.221159 6.760574
15 -329.052066 7.357933
20 -336.692346 9.850684
12 -331.313979 8.095915
14 -323.914326 5.681672
18 -329.997702 7.666461
18 -331.033379 8.004365
19 -326.903444 6.656915
18 -327.460776 6.838752
18 -336.237999 9.702447
19 -318.961775 4.065832
16 -320.566425 4.589372
14 -336.726909 9.861960
17 -333.494356 8.807294
17 -319.072513 4.101962
19 -319.946565 4.387134
22 -334.739245 9.213457
23 -316.209116 3.167738
25 -323.854270 5.662078
22 -317.334838 3.535020
26 -326.838538 6.635738
19 -317.632280 3.632065
20 -322.221864 5.129482
20 -318.210512 3.820722
26 -331.563490 8.177321
22 -333.261549 8.731337
