20 -3.314947 5.712664
21 -3.313980 5.681816
23 -3.313980 5.681816
23 -3.366423 7.354205
23 -3.239044 3.292117
23 -3.265152 4.124720
23 -3.260338 3.971183
24 -3.197259 1.959624
24 -3.236743 3.218747
24 -3.251171 3.678858
24 -3.313980 5.681816
24 -3.190362 1.739670
24 -3.361822 7.207476
25 -3.313980 5.681816
25 -3.422021 9.127200
25 -3.313980 5.681816
25 -3.337261 6.424238
25 -3.313980 5.681816
25 -3.313980 5.681816
26 -3.209552 2.351630
26 -3.362640 7.233571
26 -3.165810 0.956713
26 -3.313980 5.681816
26 -3.435303 9.550759
26 -3.174911 1.246942
27 -3.197255 1.959487
28 -3.310989 5.586449
26 -3.391947 8.168163
28 -3.313980 5.681816
28 -3.205234 2.213927
21 -3.335425 6.365687
29 -3.194128 1.859768
29 -3.248020 3.578378
29 -3.313980 5.681816
29 -3.418017 8.999528
29 -3.313980 5.681816
29 -3.313980 5.681816
23 -3.364106 7.280324
25 -3.363564 7.263048
30 -3.313980 5.681816
25 -3.313980 5.681816
30 -3.313980 5.681816
23 -3.294325 5.055026
24 -3.313980 5.681816
23 -3.313980 5.681816
25 -3.311551 5.604366
27 -3.313980 5.681816
29 -3.363238 7.252643
26 -3.240909 3.351589
34 -3.313980 5.681816
34 -3.313980 5.681816
34 -3.313980 5.681816
22 -3.313980 5.681816
26 -3.157959 0.706360
26 -3.156272 0.652554
22 -3.164060 0.900927
24 -3.292678 5.002513
28 -3.290376 4.929103
24 -3.355499 7.005829
35 -3.181622 1.460945
25 -3.185180 1.574424
27 -3.239461 3.305424
24 -3.313980 5.681816
27 -3.313980 5.681816
23 -3.313980 5.681816
36 -3.313980 5.681816
36 -3.313980 5.681816
24 -3.242766 3.410832
25 -3.214152 2.498326
26 -3.366559 7.358542
32 -3.374867 7.623498
25 -3.313980 5.681816
29 -3.171092 1.125177
26 -3.305046 5.396927
30 -3.313980 5.681816
32 -3.192301 1.801511
23 -3.256279 3.841747
23 -3.313980 5.681816
23 -3.279085 4.569017
39 -3.415867 8.930966
24 -3.305937 5.425327
39 -3.375366 7.639387
21 -3.296812 5.134331
23 -3.313980 5.681816
39 -3.251772 3.698030
21 -3.340128 6.515684
40 -3.313980 5.681816
24 -3.313980 5.681816
23 -3.313980 5.681816
27 -3.201438 2.092872
27 -3.224477 2.827582
34 -3.188435 1.678224
33 -3.290765 4.941483
29 -3.295225 5.083741
24 -3.313980 5.681816
26 -3.183286 1.514019
24 -3.313980 5.681816
28 -3.388663 8.063450
24 -3.256451 3.847222
25 -3.219590 2.671744
24 -3.227476 2.923231
23 -3.250517 3.658014
34 -3.333706 6.310869
25 -3.229971 3.002799
22 -3.313980 5.681816
23 -3.422435 9.140418
28 -3.313980 5.681816
46 -3.413144 8.844136
28 -3.382685 7.872801
23 -3.313980 5.681816
28 -3.313372 5.662416
30 -3.313980 5.681816
26 -3.313980 5.681816
28 -3.312654 5.639520
33 -3.231000 3.035606
24 -3.403804 8.546290
25 -3.313980 5.681816
26 -3.313980 5.681816
27 -3.313980 5.681816
37 -3.159873 0.767389
28 -3.312119 5.622463
24 -3.179609 1.396763
33 -3.313980 5.681816
33 -3.201277 2.087744
44 -3.206041 2.239677
32 -3.212120 2.433540
34 -3.214295 2.502898
26 -3.174548 1.235380
27 -3.313980 5.681816
23 -3.327331 6.107587
29 -3.313980 5.681816
25 -3.313980 5.681816
25 -3.375706 7.650234
33 -3.346067 6.705061
33 -3.313980 5.681816
31 -3.313980 5.681816
28 -3.171745 1.145983
26 -3.157729 0.699017
24 -3.176629 1.301720
42 -3.306631 5.447466
25 -3.172675 1.175631
29 -3.222284 2.757648
28 -3.415724 8.926415
23 -3.366478 7.355968
29 -3.304554 5.381231
24 -3.439463 9.683440
25 -3.313980 5.681816
24 -3.448740 9.979267
25 -3.313980 5.681816
49 -3.313980 5.681816
32 -3.313980 5.681816
44 -3.313980 5.681816
35 -3.251091 3.676316
24 -3.264030 4.088937
23 -3.167175 1.000253
34 -3.313980 5.681816
28 -3.313980 5.681816
36 -3.216269 2.565834
32 -3.191980 1.791257
23 -3.313980 5.681816
27 -3.313980 5.681816
26 -3.313980 5.681816
24 -3.191433 1.773832
25 -3.267507 4.199821
24 -3.368401 7.417296
35 -3.234587 3.149988
28 -3.223743 2.804185
27 -3.313980 5.681816
30 -3.413033 8.840585
24 -3.270834 4.305905
24 -3.313980 5.681816
33 -3.313980 5.681816
27 -3.313980 5.681816
24 -3.306904 5.456157
34 -3.214146 2.498141
38 -3.295880 5.104619
26 -3.186598 1.619646
32 -3.203563 2.160642
38 -3.206626 2.258333
50 -3.313980 5.681816
28 -3.313980 5.681816
25 -3.250244 3.649306
39 -3.161796 0.828725
30 -3.313980 5.681816
28 -3.313980 5.681816
27 -3.262482 4.039571
36 -3.312010 5.618984
29 -3.213790 2.486796
28 -3.393222 8.208833
29 -3.313980 5.681816
28 -3.177954 1.343985
30 -3.351731 6.885685
49 -3.362470 7.228141
36 -3.313980 5.681816
35 -3.293482 5.028138
34 -3.283555 4.711582
39 -3.276508 4.486859
41 -3.202670 2.132167
44 -3.313980 5.681816
42 -3.362666 7.234397
