15 13.943860 7.040934
15 14.541496 3.056693
15 13.668797 8.874685
16 13.648875 9.007501
16 14.121990 5.853398
16 14.074347 6.171018
16 14.358227 4.278487
16 14.699346 2.004362
16 13.903104 7.312638
16 14.005382 6.630786
16 13.767961 8.213592
16 13.900698 7.328681
17 13.756965 8.286898
17 14.039800 6.401336
17 13.580362 9.464255
17 14.017401 6.550662
17 13.733277 8.444820
17 14.277309 4.817937
17 14.063979 6.240141
17 14.160914 5.593906
17 14.118757 5.874955
17 14.137471 5.750192
17 13.937250 7.085002
17 14.215318 5.231211
18 13.811791 7.921391
18 13.602354 9.317639
18 14.572638 2.849083
18 13.511466 9.923562
15 14.038096 6.412696
18 13.745982 8.360118
18 14.296025 4.693165
18 14.249003 5.006647
18 14.511506 3.256624
18 13.867990 7.546730
18 14.599438 2.670415
18 14.099507 6.003286
19 14.467491 3.550063
19 14.835117 1.099222
19 13.552151 9.652328
19 13.983680 6.775467
19 14.310878 4.594146
19 13.934161 7.105591
19 13.757518 8.283212
20 14.289026 4.739824
20 14.096702 6.021985
20 14.504239 3.305073
15 13.770130 8.199130
22 13.547525 9.683169
22 14.319079 4.539472
21 14.250993 4.993382
22 14.425287 3.831421
22 13.640678 9.062144
18 14.138846 5.741025
22 14.414341 3.904391
23 14.028165 6.478898
16 13.742908 8.380612
23 14.395752 4.028318
18 14.437154 3.752309
17 14.805589 1.296072
23 14.149325 5.671166
23 14.152679 5.648807
18 14.248781 5.008125
23 14.026594 6.489373
17 13.728245 8.478363
20 13.830829 7.794476
23 14.005300 6.631334
23 13.503566 9.976225
18 14.218267 5.211551
24 14.127341 5.817729
17 13.816883 7.887449
18 14.394775 4.034836
18 13.889853 7.400978
25 13.508416 9.943892
25 14.587431 2.750459
25 13.975892 6.827389
19 14.470293 3.531380
17 14.972389 0.184076
26 14.630864 2.460907
25 14.040928 6.393813
20 14.649018 2.339883
15 14.047093 6.352710
18 13.728523 8.476513
26 14.185269 5.431539
25 14.742695 1.715365
17 14.414380 3.904136
16 14.683210 2.111936
22 14.112105 5.919301
17 13.795670 8.028864
20 14.415854 3.894308
24 13.771220 8.191863
17 14.447471 3.683528
28 14.291726 4.721827
20 14.262841 4.914390
17 14.469754 3.534974
23 14.252346 4.984358
20 13.936585 7.089431
20 14.364330 4.237803
17 13.587437 9.417088
27 14.335963 4.426911
28 14.484207 3.438622
18 14.059336 6.271096
18 13.917244 7.218370
17 14.144849 5.701006
20 14.359885 4.267436
22 13.712977 8.580154
16 14.693992 2.040052
18 14.328874 4.474175
16 14.549872 3.000851
20 14.192870 5.380864
26 14.421964 3.853573
18 13.741959 8.386937
25 14.652951 2.313663
25 14.571861 2.854260
23 14.085546 6.096362
22 14.348513 4.343245
25 14.614337 2.571090
20 14.438759 3.741606
24 14.166242 5.558385
22 13.778470 8.143530
22 14.163312 5.577920
23 14.475283 3.498113
16 13.965141 6.899057
18 13.999189 6.672070
26 14.655450 2.296997
26 13.590580 9.396132
24 13.927420 7.150532
18 14.494750 3.368331
17 14.076239 6.158405
26 14.244094 5.039376
17 14.418618 3.875878
26 13.785990 8.093403
18 14.438205 3.745301
30 14.067188 6.218750
24 14.155953 5.626982
20 14.123550 5.843001
25 14.289999 4.733339
20 13.857210 7.618599
20 13.830031 7.799794
26 14.448993 3.673381
26 13.845833 7.694444
24 14.480621 3.462524
20 13.681522 8.789854
26 13.731562 8.456253
29 14.424716 3.835229
31 14.629142 2.472383
30 13.885117 7.432554
23 13.712788 8.581415
22 14.383495 4.110034
27 13.718815 8.541232
30 14.337020 4.419867
25 14.666258 2.224946
21 14.393270 4.044868
22 14.530766 3.128229
28 13.958411 6.943927
28 14.394946 4.033696
24 14.462950 3.580332
24 14.555023 2.966516
25 14.520671 3.195526
24 14.304131 4.639128
34 14.333382 4.444119
23 14.660860 2.260936
27 14.417858 3.880949
28 14.200408 5.330610
25 14.362499 4.250007
27 14.427304 3.817976
24 14.565378 2.897477
32 14.251697 4.988686
29 13.742631 8.382462
25 13.981426 6.790493
29 14.266872 4.887519
33 13.896546 7.356362
27 13.938400 7.077335
35 14.082642 6.115723
27 14.314390 4.570733
27 14.236255 5.091633
28 13.828867 7.807555
25 13.873989 7.506738
29 13.701666 8.655560
28 14.611112 2.592588
29 14.045856 6.360957
33 13.517402 9.883985
29 14.613664 2.575574
30 14.318825 4.541169
32 14.303494 4.643375
36 13.830297 7.798019
31 13.771706 8.188624
31 13.808826 7.941161
31 14.551322 2.991184
33 14.394735 4.035099
36 13.740103 8.399312
36 13.976767 6.821557
38 14.275863 4.827582
33 14.102647 5.982353
30 13.866916 7.553896
32 14.303903 4.640650
40 14.039556 6.402959
33 14.400453 3.996980
43 14.558128 2.945815
75 14.696584 2.022774
49 14.344924 4.367171
