19 -1.028518 2.851775
12 -1.084751 8.475136
12 -1.086176 8.617583
12 -1.084792 8.479209
12 -1.089487 8.948723
19 -1.071088 7.108815
19 -1.093260 9.326031
13 -1.045535 4.553470
26 -1.081817 8.181694
22 -1.062229 6.222881
23 -1.039632 3.963212
28 -1.081905 8.190459
21 -1.051552 5.155206
21 -1.062300 6.229968
24 -1.068132 6.813203
22 -1.073931 7.393066
22 -1.062776 6.277612
35 -1.071201 7.120144
15 -1.081780 8.178003
15 -1.098789 9.878855
15 -1.098128 9.812771
15 -1.096944 9.694448
28 -1.044970 4.497040
28 -1.029281 2.928123
28 -1.042117 4.211734
29 -1.059984 5.998368
29 -1.055663 5.566286
29 -1.075838 7.583775
30 -1.049860 4.986038
36 -1.048233 4.823266
31 -1.077865 7.786478
33 -1.049148 4.914781
29 -1.034763 3.476311
33 -1.039155 3.915503
40 -1.084674 8.467416
42 -1.090650 9.064987
40 -1.074631 7.463074
39 -1.029590 2.958998
43 -1.045467 4.546671
16 -1.044353 4.435290
45 -1.050685 5.068506
12 -1.036412 3.641190
17 -1.068677 6.867740
52 -1.056701 5.670104
19 -1.077291 7.729087
13 -1.056172 5.617205
13 -1.091606 9.160610
28 -1.041659 4.165868
21 -1.051223 5.122286
63 -1.089059 8.905932
33 -1.031529 3.152907
34 -1.056643 5.664337
22 -1.037309 3.730880
63 -1.071884 7.188397
16 -1.088620 8.861959
35 -1.064950 6.494951
65 -1.072500 7.249977
61 -1.072294 7.229422
29 -1.036696 3.669590
33 -1.054978 5.497839
15 -1.047039 4.703911
33 -1.099817 9.981715
15 -1.088368 8.836792
29 -1.026764 2.676429
9 -1.054257 5.425737
71 -1.034113 3.411333
30 -1.074945 7.494521
41 -1.041339 4.133901
15 -1.083660 8.365990
21 -1.029217 2.921720
23 -1.090559 9.055859
30 -1.027270 2.726959
37 -1.028278 2.827765
13 -1.050287 5.028673
35 -1.051131 5.113123
42 -1.096019 9.601876
41 -1.074748 7.474765
20 -1.042108 4.210839
20 -1.070813 7.081283
39 -1.034700 3.470017
36 -1.027441 2.744059
12 -1.071866 7.186595
46 -1.095884 9.588410
52 -1.099798 9.979839
11 -1.099299 9.929873
18 -1.048568 4.856815
19 -1.054618 5.461763
47 -1.036541 3.654131
13 -1.056530 5.653010
17 -1.092751 9.275118
21 -1.065257 6.525733
39 -1.094098 9.409830
28 -1.083446 8.344646
22 -1.037719 3.771930
16 -1.067891 6.789141
56 -1.030234 3.023361
26 -1.033405 3.340460
13 -1.049646 4.964595
25 -1.069999 6.999886
31 -1.037986 3.798618
23 -1.061956 6.195623
20 -1.049302 4.930189
20 -1.077172 7.717246
12 -1.060564 6.056374
12 -1.059012 5.901161
12 -1.075607 7.560698
35 -1.066854 6.685353
19 -1.035006 3.500630
16 -1.051895 5.189484
23 -1.079448 7.944764
36 -1.060816 6.081629
13 -1.053249 5.324899
17 -1.042831 4.283100
31 -1.028376 2.837552
41 -1.038847 3.884726
15 -1.043743 4.374288
42 -1.091398 9.139761
19 -1.051269 5.126930
22 -1.088961 8.896119
17 -1.074208 7.420786
24 -1.069183 6.918257
21 -1.061483 6.148289
60 -1.092516 9.251567
39 -1.068310 6.831034
19 -1.051487 5.148672
46 -1.075845 7.584527
15 -1.054246 5.424561
49 -1.031741 3.174092
22 -1.034572 3.457221
46 -1.034650 3.464973
30 -1.036423 3.642263
34 -1.047880 4.788037
37 -1.029720 2.971955
16 -1.057193 5.719303
37 -1.031514 3.151361
21 -1.030954 3.095360
27 -1.058533 5.853251
30 -1.060772 6.077218
31 -1.080643 8.064299
20 -1.074006 7.400576
37 -1.060635 6.063483
24 -1.042346 4.234630
27 -1.063385 6.338532
15 -1.043327 4.332720
20 -1.075042 7.504208
34 -1.085160 8.515970
16 -1.050745 5.074505
27 -1.094988 9.498754
15 -1.078669 7.866902
42 -1.031026 3.102564
38 -1.084042 8.404227
55 -1.071348 7.134756
33 -1.048016 4.801609
40 -1.031741 3.174138
37 -1.041783 4.178253
30 -1.049690 4.969007
30 -1.047069 4.706913
30 -1.037263 3.726299
24 -1.089702 8.970181
53 -1.073854 7.385378
60 -1.050658 5.065750
51 -1.043443 4.344329
18 -1.048579 4.857850
42 -1.085337 8.533741
34 -1.041772 4.177209
37 -1.083410 8.341032
15 -1.042324 4.232370
44 -1.035017 3.501721
30 -1.058599 5.859882
48 -1.044737 4.473687
11 -1.099935 9.993535
35 -1.040584 4.058443
44 -1.044115 4.411546
23 -1.054234 5.423371
34 -1.026228 2.622759
16 -1.073505 7.350478
13 -1.081136 8.113557
29 -1.089856 8.985637
35 -1.042069 4.206910
46 -1.087407 8.740677
43 -1.083036 8.303622
28 -1.078363 7.836259
31 -1.058020 5.802044
31 -1.033725 3.372488
30 -1.072946 7.294584
40 -1.093736 9.373643
41 -1.065438 6.543817
46 -1.032398 3.239844
53 -1.041996 4.199589
32 -1.066846 6.684573
22 -1.089063 8.906287
19 -1.083614 8.361374
41 -1.030372 3.037164
35 -1.085289 8.528934
25 -1.063307 6.330684
39 -1.084114 8.411437
36 -1.053730 5.373034
44 -1.089520 8.951981
48 -1.078535 7.853451
54 -1.039526 3.952627
