12 -1.058450 5.845013
12 -1.050620 5.062020
16 -1.058533 5.853341
18 -1.021428 2.142818
20 -1.077151 7.715125
23 -1.048925 4.892503
24 -1.099973 9.997251
24 -1.091869 9.186893
25 -1.090879 9.087920
25 -1.028529 2.852937
25 -1.049946 4.994637
25 -1.043690 4.369030
25 -1.042980 4.298032
25 -1.047858 4.785751
25 -1.084138 8.413849
26 -1.013786 1.378627
26 -1.093820 9.382039
11 -1.086100 8.610040
26 -1.094025 9.402505
26 -1.026386 2.638557
26 -1.047021 4.702135
28 -1.024520 2.452018
28 -1.010828 1.082799
28 -1.090771 9.077128
28 -1.081730 8.173040
28 -1.077039 7.703911
28 -1.098544 9.854362
28 -1.057019 5.701938
29 -1.054183 5.418339
29 -1.026663 2.666349
29 -1.055597 5.559695
29 -1.018924 1.892372
29 -1.020706 2.070576
30 -1.031646 3.164627
30 -1.022957 2.295726
30 -1.079011 7.901052
30 -1.046918 4.691796
31 -1.011966 1.196590
31 -1.016625 1.662468
31 -1.053844 5.384407
31 -1.040436 4.043564
31 -1.026540 2.653953
31 -1.053588 5.358836
31 -1.024740 2.474030
32 -1.011980 1.198016
32 -1.019611 1.961087
32 -1.025900 2.590043
16 -1.037185 3.718499
34 -1.007664 0.766438
35 -1.007011 0.701107
31 -1.030393 3.039334
10 -1.053759 5.375918
31 -1.058756 5.875606
12 -1.083515 8.351533
28 -1.095807 9.580732
25 -1.035887 3.588710
13 -1.049731 4.973074
12 -1.062897 6.289735
22 -1.008331 0.833093
23 -1.087564 8.756449
26 -1.078073 7.807340
24 -1.029049 2.904934
14 -1.011354 1.135449
26 -1.065314 6.531412
23 -1.061486 6.148557
20 -1.012886 1.288570
28 -1.042499 4.249931
28 -1.055550 5.554965
37 -1.004786 0.478592
24 -1.024707 2.470696
24 -1.099924 9.992437
26 -1.062616 6.261608
16 -1.015925 1.592487
20 -1.037052 3.705213
26 -1.059963 5.996293
29 -1.050389 5.038927
29 -1.094737 9.473724
24 -1.076423 7.642251
26 -1.058869 5.886929
29 -1.082252 8.225183
29 -1.047938 4.793829
29 -1.002742 0.274216
17 -1.032273 3.227321
28 -1.055675 5.567515
24 -1.024626 2.462611
25 -1.072889 7.288856
29 -1.035726 3.572622
26 -1.007255 0.725507
30 -1.034258 3.425806
26 -1.012176 1.217555
14 -1.023195 2.319454
30 -1.001139 0.113887
30 -1.017691 1.769136
25 -1.076017 7.601716
28 -1.059056 5.905648
17 -1.072624 7.262435
34 -1.085043 8.504301
30 -1.066409 6.640867
30 -1.021288 2.128808
25 -1.014842 1.484224
28 -1.024735 2.473529
18 -1.099077 9.907705
23 -1.079355 7.935461
31 -1.017296 1.729622
29 -1.055524 5.552441
35 -1.019816 1.981639
32 -1.048752 4.875171
14 -1.000390 0.038990
19 -1.041162 4.116232
36 -1.020475 2.047485
22 -1.083979 8.397907
23 -1.079838 7.983821
12 -1.027645 2.764483
31 -1.014157 1.415651
22 -1.048215 4.821466
22 -1.098909 9.890898
20 -1.026018 2.601814
20 -1.015805 1.580521
26 -1.052825 5.282474
29 -1.023578 2.357766
12 -1.078444 7.844385
30 -1.027815 2.781537
25 -1.015856 1.585621
29 -1.063228 6.322796
24 -1.070584 7.058410
26 -1.097123 9.712292
24 -1.011922 1.192219
31 -1.047782 4.778229
28 -1.086861 8.686114
28 -1.015265 1.526479
16 -1.057158 5.715848
22 -1.076734 7.673351
24 -1.000513 0.051292
24 -1.088070 8.806992
29 -1.034176 3.417555
29 -1.031887 3.188743
28 -1.087017 8.701651
29 -1.092479 9.247908
28 -1.017852 1.785207
25 -1.034498 3.449778
30 -1.031604 3.160426
23 -1.033719 3.371898
31 -1.081277 8.127662
29 -1.089079 8.907925
30 -1.013048 1.304816
29 -1.068923 6.892267
24 -1.058039 5.803922
29 -1.088977 8.897664
24 -1.097506 9.750614
26 -1.066790 6.678958
28 -1.024626 2.462626
12 -1.088574 8.857429
28 -1.088385 8.838485
29 -1.010397 1.039680
32 -1.029132 2.913159
28 -1.069924 6.992423
32 -1.020123 2.012318
34 -1.001071 0.107148
23 -1.025817 2.581735
28 -1.057311 5.731066
28 -1.089951 8.995128
28 -1.032358 3.235815
19 -1.086317 8.631735
26 -1.069794 6.979430
30 -1.030957 3.095733
22 -1.087953 8.795297
32 -1.001671 0.167068
31 -1.007460 0.745987
25 -1.023945 2.394536
28 -1.088371 8.837147
28 -1.097299 9.729872
22 -1.073648 7.364786
22 -1.062033 6.203251
28 -1.086605 8.660534
30 -1.071216 7.121553
28 -1.022999 2.299905
30 -1.051544 5.154406
26 -1.063250 6.324994
34 -1.009412 0.941172
23 -1.039540 3.954035
28 -1.037262 3.726187
30 -1.012463 1.246261
28 -1.016751 1.675109
29 -1.049716 4.971632
30 -1.096703 9.670283
30 -1.005397 0.539701
31 -1.001680 0.168018
24 -1.091338 9.133781
30 -1.009339 0.933931
26 -1.087664 8.766400
34 -1.038101 3.810101
28 -1.083298 8.329817
29 -1.022432 2.243181
26 -1.066156 6.615593
30 -1.022122 2.212230
35 -1.021476 2.147600
28 -1.077523 7.752337
30 -1.036389 3.638894
30 -1.036084 3.608368
30 -1.016644 1.664419
