22 29.830022 7.785966
25 29.649270 8.344727
31 29.439353 8.993647
32 30.023009 7.189381
32 29.692718 8.210417
32 29.352533 9.262036
32 29.831497 7.781407
33 29.899827 7.570176
33 29.127489 9.957718
33 29.200951 9.730622
34 29.304209 9.411419
35 30.143772 6.816064
35 29.624572 8.421075
36 29.269998 9.517178
38 30.259327 6.458846
38 30.040280 7.135991
37 29.430269 9.021727
38 29.321528 9.357883
39 29.245424 9.593144
39 29.552806 8.642928
39 29.889793 7.601195
40 29.240605 9.608040
40 29.445898 8.973415
30 29.333207 9.321777
41 29.785039 7.925021
41 29.702051 8.181563
42 30.072620 7.036019
43 30.157496 6.773640
43 29.967098 7.362220
43 29.380884 9.174392
24 29.179351 9.797397
44 29.114533 9.997769
43 29.218079 9.677674
44 30.335319 6.223932
42 29.759600 8.003662
44 29.383519 9.166248
46 29.207824 9.709376
46 29.204542 9.719520
29 29.245547 9.592761
24 29.173888 9.814282
48 29.180465 9.793953
26 29.370197 9.207429
49 30.031495 7.163149
49 29.942550 7.438107
50 29.956076 7.396293
43 29.931795 7.471354
34 29.259067 9.550969
52 29.306210 9.405233
51 29.619194 8.437703
36 29.246774 9.588970
55 29.234650 9.626449
30 29.199082 9.736402
39 29.998742 7.264399
34 30.023316 7.188431
32 29.699004 8.190982
41 29.208021 9.708767
58 29.951144 7.411538
58 29.245486 9.592950
37 29.449587 8.962009
36 29.478515 8.872585
60 29.718049 8.132109
35 29.194662 9.750064
24 29.866746 7.672438
38 29.390370 9.145068
62 29.277211 9.494878
56 29.143640 9.907789
28 29.114831 9.996848
35 29.121906 9.974976
39 29.501018 8.803022
35 29.652370 8.335145
39 29.448517 8.965317
39 29.228524 9.645387
42 29.878918 7.634812
39 29.199995 9.733579
35 29.772344 7.964267
51 29.492949 8.827965
47 29.506452 8.786223
38 29.833431 7.775428
42 29.193374 9.754047
42 29.698267 8.193263
42 29.225302 9.655348
29 29.171610 9.821325
42 29.209795 9.703283
27 29.290925 9.452483
34 29.496379 8.817360
50 29.824595 7.802741
54 29.620131 8.434806
29 29.377670 9.184328
45 29.632933 8.395230
39 29.285493 9.469277
45 29.169876 9.826686
44 29.282667 9.478013
29 29.344709 9.286222
43 29.504284 8.792926
49 30.009841 7.230089
46 29.732086 8.088716
29 29.252599 9.570961
44 30.208278 6.616656
38 30.010199 7.228981
39 30.030586 7.165959
36 29.516681 8.754603
40 29.270727 9.514924
49 30.309819 6.302760
36 29.220927 9.668872
33 29.491138 8.833563
46 29.249602 9.580228
44 29.676421 8.260794
51 29.770938 7.968613
35 29.169628 9.827451
36 29.350876 9.267157
50 29.461357 8.925624
34 29.250077 9.578759
31 29.445568 8.974433
39 29.472417 8.891434
50 29.254224 9.565940
33 29.842131 7.748533
44 29.772289 7.964436
60 30.172546 6.727115
36 29.872205 7.655565
25 29.219829 9.672264
34 29.140445 9.917668
42 29.801937 7.872786
39 29.197306 9.741892
34 29.709313 8.159116
39 29.426156 9.034442
72 30.525021 5.637505
45 29.955846 7.397003
44 29.450001 8.960731
41 29.209284 9.704862
57 30.523179 5.643197
46 29.834620 7.771751
39 29.339788 9.301435
58 29.510857 8.772605
41 30.045400 7.120164
42 29.360904 9.236157
30 29.448089 8.966640
45 29.207463 9.710493
44 29.190831 9.761907
40 29.722710 8.117701
51 29.251836 9.573322
36 29.762016 7.996192
52 30.246338 6.499002
29 29.891224 7.596771
27 29.507176 8.783984
44 29.248299 9.584255
41 30.265622 6.439389
53 29.253966 9.566737
50 30.380326 6.084802
40 29.483261 8.857915
49 29.665282 8.295229
41 29.957785 7.391008
51 29.633789 8.392584
30 29.128279 9.955276
43 29.222510 9.663976
33 29.612229 8.459233
33 29.868624 7.666633
42 30.282312 6.387795
35 30.033417 7.157207
49 30.211727 6.605994
35 29.746768 8.043331
41 29.997398 7.268554
47 29.245470 9.593000
34 29.661265 8.307647
39 29.287397 9.463390
34 29.345317 9.284343
38 29.341217 9.297018
36 30.174211 6.721969
43 29.713100 8.147408
48 30.598840 5.409307
34 29.620577 8.433426
32 30.175360 6.718418
39 29.228930 9.644132
41 29.486215 8.848781
30 29.641601 8.368434
33 29.477361 8.876153
36 29.198980 9.736717
31 29.488195 8.842661
33 29.346233 9.281509
41 30.097762 6.958298
45 29.915728 7.521020
43 30.168122 6.740790
34 29.894758 7.585847
37 29.727604 8.102572
38 30.019914 7.198948
36 29.323280 9.352466
42 29.131048 9.946717
46 29.932754 7.468388
54 30.152718 6.788411
39 30.129709 6.859538
39 29.527034 8.722596
65 30.468354 5.812680
39 29.922720 7.499407
41 29.597080 8.506062
57 29.882835 7.622704
43 29.193486 9.753699
52 30.729062 5.006749
50 30.673612 5.178163
56 29.612450 8.458551
54 30.364481 6.133782
52 30.179880 6.704444
