9 0.917773 8.222705
9 0.925763 7.423695
11 0.931678 6.832163
11 0.901422 9.857796
11 0.941570 5.843008
21 0.948387 5.161305
12 0.927768 7.223157
12 0.950753 4.924657
12 0.909108 9.089152
12 0.961482 3.851783
12 0.955972 4.402818
12 0.911787 8.821268
12 0.925817 7.418260
12 0.957892 4.210782
12 0.965565 3.443546
12 0.912487 8.751281
21 0.919642 8.035797
26 0.952622 4.737756
27 0.933297 6.670332
23 0.964144 3.585626
28 0.953146 4.685412
13 0.945661 5.433946
13 0.917958 8.204177
13 0.929172 7.082821
30 0.957567 4.243288
13 0.929249 7.075092
13 0.955256 4.474430
26 0.916273 8.372711
13 0.952018 4.798246
13 0.921806 7.819403
13 0.949586 5.041379
26 0.927864 7.213565
31 0.959776 4.022411
27 0.948778 5.122208
15 0.904125 9.587512
15 0.954967 4.503282
15 0.966230 3.376958
15 0.911146 8.885406
15 0.967012 3.298817
15 0.920161 7.983932
19 0.949378 5.062248
16 0.956723 4.327680
14 0.913672 8.632755
16 0.943737 5.626272
17 0.928156 7.184386
11 0.904803 9.519702
12 0.957035 4.296537
11 0.932641 6.735857
11 0.902315 9.768537
13 0.965066 3.493376
12 0.921365 7.863475
12 0.951614 4.838583
23 0.926880 7.312013
12 0.917920 8.208007
13 0.917308 8.269241
15 0.937353 6.264748
19 0.903619 9.638103
13 0.955942 4.405795
13 0.934628 6.537239
15 0.919795 8.020464
16 0.908488 9.151235
13 0.922296 7.770359
16 0.945756 5.424388
13 0.958476 4.152407
29 0.956863 4.313714
33 0.946661 5.333909
31 0.945908 5.409242
28 0.952495 4.750547
28 0.945075 5.492497
15 0.903271 9.672943
13 0.958505 4.149494
13 0.901679 9.832132
14 0.922782 7.721773
13 0.901316 9.868422
9 0.912203 8.779670
13 0.957725 4.227518
18 0.962958 3.704224
15 0.967524 3.247584
13 0.935971 6.402867
13 0.966496 3.350394
15 0.934155 6.584455
16 0.924441 7.555869
16 0.900746 9.925427
13 0.933018 6.698227
33 0.954394 4.560642
22 0.975376 2.462425
15 0.925569 7.443113
12 0.938140 6.185954
15 0.968124 3.187598
12 0.928604 7.139560
27 0.939948 6.005235
12 0.917316 8.268403
15 0.947269 5.273087
11 0.900583 9.941666
11 0.915164 8.483626
11 0.945694 5.430605
11 0.961804 3.819597
25 0.943079 5.692076
16 0.921370 7.862983
12 0.918972 8.102754
11 0.959189 4.081102
24 0.919137 8.086254
27 0.946991 5.300872
22 0.959874 4.012592
12 0.919977 8.002280
25 0.949258 5.074193
11 0.929789 7.021147
24 0.946541 5.345914
13 0.913700 8.630041
23 0.942004 5.799611
15 0.971689 2.831133
15 0.949579 5.042090
11 0.945408 5.459241
12 0.951417 4.858306
12 0.941630 5.836976
9 0.934046 6.595436
13 0.930613 6.938741
28 0.958519 4.148126
15 0.928884 7.111554
35 0.972826 2.717391
15 0.932141 6.785890
21 0.934807 6.519310
12 0.925457 7.454325
15 0.947257 5.274313
21 0.922640 7.735994
26 0.940032 5.996841
11 0.936190 6.381036
22 0.976262 2.373783
13 0.961623 3.837746
27 0.966707 3.329285
11 0.929614 7.038630
13 0.912954 8.704628
15 0.939555 6.044548
11 0.947337 5.266293
13 0.957432 4.256844
25 0.932947 6.705304
13 0.964498 3.550244
13 0.960169 3.983084
11 0.959886 4.011404
12 0.952511 4.748900
11 0.904051 9.594857
13 0.930429 6.957055
11 0.958721 4.127904
11 0.938870 6.112953
12 0.960698 3.930204
11 0.926493 7.350700
13 0.942278 5.772174
23 0.926729 7.327120
15 0.972597 2.740257
12 0.970031 2.996950
17 0.964751 3.524938
12 0.965037 3.496271
12 0.934601 6.539862
13 0.958087 4.191343
13 0.945445 5.455534
28 0.940348 5.965218
12 0.930874 6.912596
23 0.935642 6.435849
13 0.932519 6.748073
15 0.968730 3.127042
16 0.951371 4.862894
11 0.921267 7.873316
15 0.941460 5.853982
12 0.933176 6.682376
31 0.913638 8.636211
15 0.956355 4.364509
13 0.939343 6.065691
15 0.967556 3.244408
17 0.963988 3.601181
13 0.926811 7.318896
24 0.939946 6.005382
13 0.942483 5.751682
13 0.963664 3.633620
13 0.904976 9.502372
34 0.958228 4.177163
13 0.938706 6.129363
11 0.950491 4.950880
13 0.941308 5.869185
16 0.944955 5.504512
15 0.924220 7.578038
15 0.963555 3.644518
17 0.971718 2.828169
16 0.932945 6.705531
16 0.946843 5.315737
35 0.972414 2.758599
15 0.943151 5.684866
13 0.940333 5.966687
33 0.957945 4.205545
16 0.965594 3.440633
15 0.907089 9.291072
13 0.951268 4.873238
15 0.965280 3.471961
19 0.938698 6.130189
19 0.908568 9.143223
15 0.932621 6.737872
15 0.936398 6.360156
17 0.947953 5.204721
16 0.961187 3.881314
18 0.963317 3.668291
17 0.951542 4.845765
