22 -3.313980 5.681816
22 -3.378608 7.742782
22 -3.239000 3.290736
22 -3.278300 4.543978
23 -3.313410 5.663647
23 -3.313980 5.681816
24 -3.306705 5.449812
24 -3.173544 1.203351
24 -3.308078 5.493600
24 -3.214612 2.513003
24 -3.173743 1.209712
25 -3.313980 5.681816
25 -3.334419 6.333613
25 -3.313980 5.681816
25 -3.313980 5.681816
25 -3.313980 5.681816
24 -3.313980 5.681816
25 -3.263261 4.064408
26 -3.313980 5.681816
26 -3.313980 5.681816
26 -3.278416 4.547687
27 -3.313980 5.681816
27 -3.224949 2.842647
28 -3.313980 5.681816
28 -3.402790 8.513940
24 -3.433277 9.486166
29 -3.313980 5.681816
29 -3.313980 5.681816
29 -3.313980 5.681816
29 -3.313980 5.681816
29 -3.313980 5.681816
26 -3.244523 3.466855
23 -3.234712 3.153983
25 -3.256332 3.843454
32 -3.313980 5.681816
27 -3.313980 5.681816
32 -3.274354 4.418168
32 -3.313980 5.681816
32 -3.138913 0.098968
33 -3.313980 5.681816
26 -3.273444 4.389150
33 -3.438144 9.641365
33 -3.280441 4.612255
33 -3.313980 5.681816
33 -3.313980 5.681816
23 -3.313656 5.671482
26 -3.313980 5.681816
28 -3.444417 9.841402
25 -3.313980 5.681816
34 -3.313980 5.681816
28 -3.311412 5.599908
35 -3.313980 5.681816
24 -3.269680 4.269105
32 -3.195744 1.911290
28 -3.313980 5.681816
36 -3.313980 5.681816
29 -3.313980 5.681816
28 -3.313980 5.681816
23 -3.313980 5.681816
37 -3.274820 4.433020
37 -3.272919 4.372387
26 -3.191969 1.790915
27 -3.344058 6.640995
24 -3.195670 1.908950
30 -3.241069 3.356716
24 -3.313980 5.681816
27 -3.219937 2.682805
27 -3.248286 3.586862
36 -3.197256 1.959536
23 -3.313980 5.681816
22 -3.245885 3.510285
34 -3.280909 4.627180
26 -3.313980 5.681816
40 -3.397577 8.347713
25 -3.215061 2.527304
26 -3.153739 0.571781
34 -3.441439 9.746436
24 -3.276089 4.473485
27 -3.276758 4.494818
27 -3.208649 2.322846
32 -3.148136 0.393103
21 -3.313980 5.681816
31 -3.313980 5.681816
34 -3.313980 5.681816
29 -3.299803 5.229723
26 -3.435525 9.557864
24 -3.313980 5.681816
25 -3.310081 5.557480
25 -3.244490 3.465788
45 -3.408530 8.696982
32 -3.313980 5.681816
35 -3.313980 5.681816
32 -3.288310 4.863196
24 -3.313980 5.681816
37 -3.340032 6.512613
26 -3.203441 2.156774
38 -3.288908 4.882281
22 -3.197834 1.977941
31 -3.219515 2.669370
28 -3.242554 3.404058
23 -3.258819 3.922733
39 -3.313980 5.681816
40 -3.313980 5.681816
28 -3.432220 9.452463
28 -3.158478 0.722915
25 -3.313980 5.681816
24 -3.215183 2.531197
26 -3.383974 7.913899
22 -3.429186 9.355709
33 -3.313980 5.681816
34 -3.313980 5.681816
27 -3.241490 3.370147
29 -3.313980 5.681816
27 -3.313980 5.681816
36 -3.342359 6.586802
23 -3.313980 5.681816
22 -3.401107 8.460255
35 -3.162486 0.850722
27 -3.195293 1.896917
35 -3.313980 5.681816
51 -3.396449 8.311738
25 -3.242966 3.417211
25 -3.143163 0.234514
24 -3.360048 7.150897
24 -3.207475 2.285399
33 -3.234896 3.159856
21 -3.313980 5.681816
32 -3.189753 1.720263
41 -3.287828 4.847843
33 -3.270961 4.309956
27 -3.313980 5.681816
26 -3.202338 2.121577
24 -3.437569 9.623047
28 -3.313980 5.681816
25 -3.248183 3.583584
22 -3.170096 1.093395
28 -3.426389 9.266500
29 -3.203485 2.158172
39 -3.311964 5.617515
21 -3.171493 1.137952
24 -3.313980 5.681816
23 -3.155058 0.613842
30 -3.313980 5.681816
26 -3.415839 8.930058
29 -3.160918 0.800700
25 -3.241978 3.385681
29 -3.313980 5.681816
29 -3.313980 5.681816
36 -3.369613 7.455939
24 -3.313980 5.681816
41 -3.437754 9.628918
28 -3.399155 8.398031
34 -3.352105 6.897603
28 -3.163258 0.875342
29 -3.299013 5.204532
32 -3.313980 5.681816
30 -3.303065 5.333736
41 -3.185922 1.598074
31 -3.313980 5.681816
28 -3.257217 3.871672
26 -3.413760 8.863772
23 -3.313980 5.681816
23 -3.164300 0.908554
38 -3.313980 5.681816
25 -3.298098 5.175337
27 -3.160377 0.783456
23 -3.313980 5.681816
32 -3.193657 1.844756
29 -3.313980 5.681816
33 -3.184837 1.563475
38 -3.411241 8.783436
24 -3.268812 4.241414
40 -3.313980 5.681816
26 -3.308713 5.513841
30 -3.313980 5.681816
34 -3.313980 5.681816
24 -3.307589 5.477998
34 -3.303003 5.331757
44 -3.299749 5.228009
28 -3.313980 5.681816
25 -3.313980 5.681816
36 -3.258155 3.901562
38 -3.313980 5.681816
38 -3.313980 5.681816
29 -3.311540 5.604019
44 -3.142977 0.228582
32 -3.313980 5.681816
28 -3.313980 5.681816
28 -3.448315 9.965706
33 -3.313980 5.681816
32 -3.148077 0.391234
39 -3.313980 5.681816
44 -3.380066 7.789273
36 -3.313980 5.681816
37 -3.353924 6.955630
41 -3.283670 4.715246
39 -3.313980 5.681816
39 -3.313980 5.681816
34 -3.250522 3.658173
39 -3.248958 3.608293
