10 -6612.922412 4.969648
10 -6726.542957 6.773194
10 -6722.375552 6.707043
10 -6630.505094 5.248745
10 -6745.091593 7.067624
10 -6536.325751 3.753797
11 -6817.378236 8.215060
11 -6612.100875 4.956607
11 -6865.496062 8.978854
12 -6609.992047 4.923133
12 -6556.531478 4.074531
12 -6918.292196 9.816909
18 -6621.987197 5.113537
14 -6376.502677 1.216860
22 -6916.341694 9.785947
11 -6871.790350 9.078766
32 -6857.660871 8.854482
30 -6543.930010 3.874503
16 -6744.965318 7.065619
41 -6799.037785 7.923934
53 -6571.862783 4.317891
53 -6577.627595 4.409399
53 -6678.979722 6.018203
56 -6717.547382 6.630403
10 -6813.653575 8.155936
58 -6884.282683 9.277061
70 -6491.502433 3.042298
23 -6416.818743 1.856813
73 -6781.016528 7.637875
78 -6791.224373 7.799908
18 -6666.449710 5.819309
82 -6922.123885 9.877730
96 -6865.551480 8.979733
64 -6855.681164 8.823058
98 -6816.527361 8.201553
48 -6805.491730 8.026380
120 -6763.716523 7.363265
124 -6799.210067 7.926669
66 -6673.567045 5.932285
137 -6817.514116 8.217216
59 -6768.262279 7.435422
144 -6850.428415 8.739679
156 -6517.063271 3.448036
13 -6584.660104 4.521029
143 -6733.127392 6.877711
167 -6614.153922 4.989196
16 -6829.614964 8.409298
176 -6884.699143 9.283672
10 -6696.602016 6.297929
10 -6638.963084 5.383002
182 -6856.446544 8.835207
205 -6824.286807 8.324722
207 -6854.264568 8.800572
13 -6438.558269 2.201894
209 -6840.219554 8.577629
46 -6804.456514 8.009948
134 -6825.064665 8.337069
10 -6358.304524 0.927993
169 -6354.975505 0.875150
46 -6628.627953 5.218948
11 -6893.118772 9.417320
248 -6696.024142 6.288756
204 -6907.497969 9.645567
51 -6824.228986 8.323804
33 -6875.537760 9.138250
187 -6747.276544 7.102306
273 -6646.159149 5.497228
153 -6801.525130 7.963417
175 -6862.162957 8.925946
288 -6867.807108 9.015538
66 -6892.278863 9.403988
18 -6490.517059 3.026657
316 -6561.282858 4.149952
326 -6859.219103 8.879217
210 -6838.533191 8.550861
279 -6702.473035 6.391122
164 -6736.163612 6.925906
115 -6705.528164 6.439617
10 -6707.696301 6.474033
14 -6921.198135 9.863036
124 -6895.603171 9.456756
347 -6887.857481 9.333806
198 -6867.208302 9.006033
249 -6735.984667 6.923066
10 -6663.724072 5.776044
389 -6812.357318 8.135360
11 -6726.391234 6.770785
24 -6641.970205 5.430735
424 -6648.924868 5.541130
447 -6891.624763 9.393605
158 -6733.525181 6.884025
71 -6551.511284 3.994844
136 -6621.740038 5.109614
84 -6628.137677 5.211166
126 -6721.146542 6.687534
279 -6717.522152 6.630003
62 -6655.652094 5.647914
10 -6805.769510 8.030789
284 -6621.343906 5.103326
164 -6868.245937 9.022504
268 -6651.302589 5.578872
556 -6912.153440 9.719466
452 -6680.165353 6.037023
549 -6639.950180 5.398671
575 -6610.664107 4.933801
12 -6738.994388 6.970840
496 -6768.802499 7.443997
210 -6928.957630 9.986205
84 -6574.441433 4.358823
58 -6829.913854 8.414043
498 -6609.937593 4.922269
300 -6851.667349 8.759345
95 -6898.644391 9.505031
10 -6581.320565 4.468019
634 -6736.962143 6.938582
235 -6431.729414 2.093497
10 -6677.118412 5.988657
483 -6663.697169 5.775617
48 -6536.354352 3.754251
90 -6844.969500 8.653027
647 -6830.182995 8.418315
547 -6765.991729 7.399380
22 -6851.783291 8.761185
375 -6843.592459 8.631169
54 -6794.821077 7.857000
284 -6912.142280 9.719288
169 -6634.819992 5.317237
11 -6561.402109 4.151845
10 -6836.959344 8.525879
509 -6896.690423 9.474015
495 -6663.158559 5.767067
68 -6456.855157 2.492328
273 -6717.297840 6.626442
232 -6460.445937 2.549326
28 -6857.204966 8.847246
10 -6706.992110 6.462855
602 -6581.202324 4.466142
29 -6470.064632 2.702007
735 -6844.263403 8.641819
138 -6883.613098 9.266433
149 -6463.752198 2.601807
13 -6469.960316 2.700351
63 -6443.172889 2.275144
25 -6808.602239 8.075755
74 -6742.915591 7.033083
363 -6679.834804 6.031776
426 -6830.200797 8.418597
221 -6845.034197 8.654054
15 -6489.248595 3.006522
393 -6538.664855 3.790927
10 -6804.327223 8.007895
434 -6769.909839 7.461574
53 -6819.480226 8.248425
122 -6743.176796 7.037229
121 -6670.462857 5.883011
242 -6698.345495 6.325604
824 -6912.625700 9.726962
901 -6850.375098 8.738832
610 -6730.504010 6.836069
981 -6771.510583 7.486983
919 -6709.431416 6.501575
failed to find solution in 1200 iterations and 1209 function evals
failed to find solution in 1200 iterations and 1209 function evals
failed to find solution in 1200 iterations and 1209 function evals
failed to find solution in 1200 iterations and 1209 function evals
failed to find solution in 1200 iterations and 1209 function evals
failed to find solution in 1200 iterations and 1209 function evals
failed to find solution in 1200 iterations and 1209 function evals
failed to find solution in 1200 iterations and 1209 function evals
failed to find solution in 1200 iterations and 1209 function evals
failed to find solution in 1200 iterations and 1209 function evals
failed to find solution in 1200 iterations and 1209 function evals
failed to find solution in 1200 iterations and 1209 function evals
failed to find solution in 1200 iterations and 1209 function evals
failed to find solution in 1200 iterations and 1209 function evals
failed to find solution in 1200 iterations and 1209 function evals
failed to find solution in 1200 iterations and 1209 function evals
failed to find solution in 1200 iterations and 1209 function evals
failed to find solution in 1200 iterations and 1209 function evals
failed to find solution in 1200 iterations and 1209 function evals
failed to find solution in 1200 iterations and 1209 function evals
failed to find solution in 1200 iterations and 1209 function evals
failed to find solution in 1200 iterations and 1209 function evals
failed to find solution in 1200 iterations and 1209 function evals
failed to find solution in 1200 iterations and 1209 function evals
failed to find solution in 1200 iterations and 1209 function evals
failed to find solution in 1200 iterations and 1209 function evals
failed to find solution in 1200 iterations and 1209 function evals
failed to find solution in 1200 iterations and 1209 function evals
failed to find solution in 1200 iterations and 1209 function evals
failed to find solution in 1200 iterations and 1209 function evals
1137 -6797.856568 7.905184
failed to find solution in 1200 iterations and 1209 function evals
failed to find solution in 1200 iterations and 1209 function evals
failed to find solution in 1200 iterations and 1209 function evals
failed to find solution in 1200 iterations and 1209 function evals
failed to find solution in 1200 iterations and 1209 function evals
failed to find solution in 1200 iterations and 1209 function evals
failed to find solution in 1200 iterations and 1209 function evals
failed to find solution in 1200 iterations and 1209 function evals
