7 -41.571587 8.829764
7 -38.643939 1.165508
7 -41.075076 7.529953
7 -40.519867 6.076479
7 -38.281878 0.217672
7 -38.716680 1.355935
8 -41.178922 7.801809
9 -41.905769 9.704613
9 -41.308634 8.141382
9 -41.151048 7.728839
9 -40.085804 4.940149
9 -39.523743 3.468737
9 -40.943001 7.184194
9 -41.805996 9.443419
9 -40.413756 5.798690
9 -40.699283 6.546169
11 -41.231721 7.940031
11 -39.989932 4.689167
11 -40.208642 5.261726
11 -40.869061 6.990629
11 -41.597754 8.898265
11 -41.459209 8.535570
11 -40.917018 7.116175
11 -41.783879 9.385518
11 -40.050853 4.848651
7 -38.774281 1.506728
11 -40.573730 6.217485
11 -39.955477 4.598969
11 -40.826861 6.880153
11 -41.082987 7.550664
11 -39.789901 4.165507
11 -41.224825 7.921978
11 -39.392240 3.124475
11 -39.149648 2.489396
12 -38.265680 0.175269
8 -41.891870 9.668228
12 -41.975718 9.887732
12 -39.316060 2.925046
11 -41.017744 7.379863
11 -41.351788 8.254353
12 -38.687034 1.278327
9 -40.338448 5.601543
12 -38.771608 1.499732
12 -38.421849 0.584102
12 -39.655554 3.813803
12 -40.978019 7.275867
7 -38.736252 1.407174
7 -38.661024 1.210234
12 -38.292293 0.244937
12 -40.019185 4.765749
8 -40.585693 6.248803
13 -38.699661 1.311381
7 -41.543235 8.755539
13 -40.888499 7.041515
13 -40.931087 7.153006
13 -41.038482 7.434153
7 -39.155448 2.504581
13 -38.576373 0.988628
9 -41.918381 9.737631
8 -40.638463 6.386949
9 -38.359729 0.421479
15 -39.544404 3.522824
9 -39.193918 2.605291
8 -41.572957 8.833350
9 -40.906945 7.089805
13 -40.013270 4.750264
8 -41.796194 9.417759
8 -39.782018 4.144871
12 -40.284643 5.460687
9 -39.780541 4.141006
11 -40.712298 6.580241
9 -40.419944 5.814889
8 -41.226546 7.926484
11 -41.442818 8.492659
9 -38.791928 1.552927
12 -38.957853 1.987300
16 -38.801818 1.578818
9 -40.193530 5.222164
11 -40.605541 6.300762
12 -38.590140 1.024668
12 -40.292576 5.481456
12 -39.097648 2.353267
13 -38.995511 2.085885
13 -38.290900 0.241292
7 -39.701317 3.933605
13 -40.863215 6.975325
12 -41.313827 8.154977
9 -41.122100 7.653056
12 -41.536081 8.736813
11 -40.559436 6.180064
11 -41.635888 8.998094
13 -40.828837 6.885327
12 -40.576645 6.225115
11 -41.213492 7.892310
8 -40.877838 7.013606
12 -38.972225 2.024924
12 -39.928114 4.527334
13 -39.601123 3.671308
9 -40.319199 5.551151
11 -39.051697 2.232972
13 -39.047315 2.221501
11 -40.999534 7.332193
12 -40.716549 6.591369
11 -40.002005 4.720772
15 -41.423466 8.442000
13 -41.917382 9.735014
12 -38.915768 1.877127
13 -40.528449 6.098943
9 -39.848011 4.317632
8 -40.867072 6.985420
11 -38.565532 0.960247
12 -39.699833 3.929719
9 -40.793254 6.792174
9 -39.425641 3.211916
12 -41.906880 9.707523
13 -38.857620 1.724900
11 -39.826576 4.261520
9 -40.334796 5.591981
9 -40.921382 7.127600
9 -39.954819 4.597245
11 -40.144284 5.093242
7 -40.600383 6.287261
11 -41.675482 9.101748
9 -39.784489 4.151340
7 -41.582708 8.858877
13 -39.638739 3.769782
15 -39.476770 3.345766
12 -39.585193 3.629604
8 -41.955147 9.833881
12 -40.351561 5.635871
11 -39.979595 4.662105
12 -38.721975 1.369799
11 -41.654858 9.047757
9 -40.321096 5.556117
9 -39.419051 3.194664
7 -41.742817 9.278024
16 -39.944337 4.569805
11 -38.832773 1.659854
9 -38.743665 1.426579
11 -39.330747 2.963495
8 -41.900004 9.689523
7 -40.482540 5.978759
11 -41.396385 8.371103
9 -40.143581 5.091402
9 -41.832963 9.514016
12 -39.310126 2.909511
20 -38.809709 1.599475
9 -41.753144 9.305058
9 -40.707904 6.568738
9 -38.773112 1.503669
11 -39.999752 4.714875
9 -41.284493 8.078182
9 -41.710839 9.194309
9 -41.812594 9.460693
8 -41.964174 9.857512
8 -40.088418 4.946991
13 -39.630527 3.748285
13 -39.164837 2.529161
12 -38.780040 1.521805
11 -40.584425 6.245483
12 -40.742095 6.658244
16 -39.099171 2.357254
11 -41.698152 9.161096
11 -39.825224 4.257979
12 -41.175492 7.792830
17 -38.738493 1.413039
12 -42.007613 9.971230
12 -40.615218 6.326096
11 -40.409296 5.787016
12 -39.019649 2.149076
9 -39.606386 3.685086
15 -39.418783 3.193963
12 -39.271887 2.809406
13 -39.632724 3.754037
11 -39.421381 3.200765
9 -39.041872 2.207251
11 -38.873134 1.765514
9 -41.548361 8.768959
12 -41.315427 8.159163
15 -39.111261 2.388905
9 -39.147539 2.483877
12 -41.038248 7.433542
19 -39.278919 2.827814
12 -39.835606 4.285158
12 -39.896808 4.445380
13 -38.686214 1.276179
12 -41.281782 8.071087
11 -40.798524 6.805971
11 -41.042201 7.443889
12 -41.734254 9.255606
11 -40.833508 6.897554
12 -41.158820 7.749184
12 -39.234964 2.712744
12 -39.712066 3.961746
13 -39.268597 2.800793
15 -38.566655 0.963187
15 -39.086064 2.322942
16 -38.744713 1.429322
15 -40.609205 6.310355
21 -38.718006 1.359407
