13 -1.901016 4.949221
13 -1.859122 7.043922
13 -1.867772 6.611387
13 -1.934313 3.284366
15 -1.885465 5.726772
15 -1.937067 3.146668
16 -2.073546 3.677292
16 -1.913119 4.344043
16 -1.917882 4.105925
16 -1.846169 7.691533
16 -1.872546 6.372718
16 -1.899876 5.006187
16 -1.884674 5.766311
16 -1.866346 6.682679
17 -1.846862 7.656886
17 -1.842759 7.862035
17 -2.070146 3.507308
17 -2.150866 7.543287
17 -1.849888 7.505614
17 -1.844104 7.794818
17 -2.180897 9.044831
17 -1.845457 7.727155
19 -1.841552 7.922415
19 -1.850934 7.453294
19 -1.891951 5.402429
19 -1.850391 7.480443
19 -1.858148 7.092601
19 -1.888434 5.578325
19 -1.845096 7.745223
20 -1.946282 2.685888
20 -2.115119 5.755965
20 -1.980605 0.969748
20 -1.849327 7.533644
20 -2.140384 7.019177
20 -1.897643 5.117837
20 -1.847367 7.631634
21 -1.865576 6.721184
21 -1.875316 6.234188
20 -1.858948 7.052592
21 -1.853200 7.340020
21 -1.873440 6.327986
16 -1.935303 3.234847
20 -2.004566 0.228311
16 -1.864436 6.778207
16 -1.868515 6.574233
25 -1.849430 7.528485
25 -1.868936 6.553212
15 -1.944829 2.758575
16 -1.924343 3.782873
15 -1.885489 5.725549
16 -2.086248 4.312415
15 -2.150544 7.527177
16 -2.135867 6.793371
13 -2.147853 7.392668
17 -2.072685 3.634246
12 -2.180142 9.007082
17 -1.891102 5.444887
15 -2.088826 4.441322
17 -1.854861 7.256937
16 -1.848460 7.577025
17 -1.867439 6.628025
16 -1.925616 3.719207
19 -2.055926 2.796285
20 -1.846591 7.670468
20 -1.889975 5.501236
19 -1.849544 7.522805
22 -1.877905 6.104727
19 -1.842717 7.864147
13 -1.906851 4.657452
19 -1.847760 7.612012
23 -1.853937 7.303168
17 -1.853152 7.342390
21 -1.864685 6.765751
20 -1.843996 7.800192
20 -1.844528 7.773592
24 -1.853642 7.317889
16 -2.045060 2.252995
16 -1.905429 4.728572
19 -2.111397 5.569853
19 -1.850417 7.479152
19 -1.953003 2.349840
16 -1.912343 4.382836
22 -1.860811 6.959468
15 -1.847235 7.638265
23 -1.850571 7.471458
22 -1.858293 7.085366
17 -1.857626 7.118713
24 -1.860852 6.957400
24 -1.866543 6.672875
12 -1.882910 5.854502
21 -1.860893 6.955358
16 -1.928721 3.563941
19 -1.849130 7.543485
15 -1.857566 7.121701
17 -1.850438 7.478101
17 -1.931254 3.437290
21 -1.858226 7.088714
17 -2.159412 7.970581
20 -1.996404 0.179793
19 -1.849284 7.535780
19 -1.862878 6.856076
20 -1.874953 6.252358
19 -1.881343 5.932849
22 -1.851723 7.413848
20 -1.859685 7.015755
21 -1.860146 6.992684
16 -1.842865 7.856752
23 -1.943044 2.847820
17 -1.870077 6.496172
16 -1.945508 2.724603
13 -2.002093 0.104656
19 -1.849570 7.521481
24 -1.846811 7.659432
15 -1.865022 6.748904
18 -1.855933 7.203329
15 -1.915300 4.234997
13 -1.969354 1.532302
16 -2.033472 1.673604
20 -2.073261 3.663062
23 -2.071617 3.580846
16 -1.871057 6.447143
23 -1.865704 6.714795
17 -1.852111 7.394441
17 -1.846468 7.676622
17 -2.045029 2.251458
16 -1.851138 7.443080
21 -2.113011 5.650531
16 -2.074107 3.705373
16 -1.845682 7.715922
19 -1.843846 7.807711
16 -1.855219 7.239044
22 -1.851946 7.402689
37 -1.850443 7.477858
17 -1.845428 7.728622
16 -1.934581 3.270966
24 -1.940359 2.982066
16 -2.057078 2.853904
16 -1.851352 7.432416
17 -1.842248 7.887590
13 -2.190134 9.506701
21 -1.947341 2.632931
19 -1.865116 6.744193
15 -1.855049 7.247561
21 -1.842559 7.872025
15 -2.129137 6.456832
21 -1.900749 4.962558
19 -1.904814 4.759292
23 -1.914184 4.290810
20 -1.891422 5.428919
19 -2.148576 7.428808
16 -2.127167 6.358332
21 -2.082387 4.119358
16 -2.026580 1.329012
24 -1.849457 7.527156
17 -2.129413 6.470659
21 -1.868979 6.551045
20 -1.856259 7.187041
16 -1.881162 5.941891
17 -1.861901 6.904964
16 -1.850969 7.451547
17 -1.887106 5.644700
19 -1.904124 4.793803
17 -1.964764 1.761820
19 -1.844780 7.761013
19 -1.858032 7.098421
23 -1.986016 0.699176
24 -1.863756 6.812223
17 -2.089260 4.463003
16 -2.113046 5.652307
15 -1.883512 5.824410
19 -1.928091 3.595468
19 -1.855841 7.207955
13 -2.145396 7.269800
19 -1.852668 7.366610
23 -1.917884 4.105808
19 -1.851158 7.442075
23 -1.880250 5.987522
17 -2.055817 2.790858
23 -1.845095 7.745256
16 -1.857124 7.143818
17 -1.912679 4.366041
21 -1.845418 7.729076
21 -2.016041 0.802039
23 -1.844750 7.762514
21 -1.846255 7.687263
21 -1.857418 7.129109
25 -1.861419 6.929062
21 -2.030858 1.542903
21 -1.851686 7.415711
19 -1.847226 7.638678
20 -1.923569 3.821534
21 -1.847578 7.621082
23 -1.942008 2.899602
23 -1.933750 3.312480
24 -1.878073 6.096356
35 -1.886631 5.668431
23 -1.856683 7.165865
38 -1.841596 7.920200
41 -1.846226 7.688708
41 -1.854855 7.257260
