12 -1.011794 1.179383
12 -1.059659 5.965852
14 -1.056744 5.674385
14 -1.025896 2.589595
14 -1.021848 2.184805
16 -1.013802 1.380237
17 -1.057295 5.729471
18 -1.050474 5.047405
20 -1.040167 4.016746
20 -1.030946 3.094643
20 -1.003947 0.394729
23 -1.032304 3.230410
16 -1.032256 3.225580
24 -1.046126 4.612583
24 -1.080014 8.001352
25 -1.049725 4.972550
26 -1.029052 2.905210
26 -1.001483 0.148314
26 -1.047932 4.793227
26 -1.017297 1.729678
26 -1.056062 5.606250
26 -1.049971 4.997090
28 -1.059524 5.952376
28 -1.065664 6.566422
28 -1.014313 1.431302
28 -1.073119 7.311865
28 -1.047459 4.745869
28 -1.073732 7.373203
28 -1.083381 8.338112
28 -1.045795 4.579541
28 -1.061828 6.182757
28 -1.011255 1.125470
29 -1.003199 0.319896
14 -1.009261 0.926078
29 -1.023659 2.365947
25 -1.071664 7.166446
29 -1.049673 4.967250
11 -1.002786 0.278607
23 -1.025426 2.542633
30 -1.020350 2.035038
30 -1.048462 4.846192
30 -1.034484 3.448440
30 -1.020578 2.057789
30 -1.019795 1.979462
30 -1.088745 8.874486
31 -1.005693 0.569272
31 -1.017125 1.712452
12 -1.001200 0.120010
13 -1.083925 8.392528
31 -1.036343 3.634259
31 -1.089589 8.958917
31 -1.014071 1.407087
32 -1.035178 3.517792
32 -1.007441 0.744073
26 -1.098329 9.832921
20 -1.006420 0.641978
28 -1.032115 3.211528
14 -1.016701 1.670104
34 -1.026444 2.644414
14 -1.009103 0.910334
31 -1.005686 0.568560
18 -1.056591 5.659108
24 -1.022005 2.200527
29 -1.062832 6.283224
28 -1.064088 6.408765
19 -1.028821 2.882146
19 -1.026263 2.626256
26 -1.088702 8.870180
19 -1.080346 8.034588
18 -1.027761 2.776138
18 -1.093007 9.300724
28 -1.095409 9.540906
26 -1.091214 9.121426
18 -1.050331 5.033118
16 -1.069015 6.901528
25 -1.053654 5.365437
26 -1.070201 7.020139
28 -1.079287 7.928675
25 -1.033431 3.343070
18 -1.082427 8.242655
17 -1.063136 6.313608
17 -1.099514 9.951384
25 -1.018240 1.824022
24 -1.066456 6.645607
25 -1.082004 8.200425
26 -1.014722 1.472172
29 -1.069151 6.915146
24 -1.095780 9.577964
28 -1.090939 9.093855
26 -1.055474 5.547351
13 -1.011200 1.120006
16 -1.003578 0.357778
29 -1.050269 5.026898
28 -1.023078 2.307778
26 -1.055632 5.563233
29 -1.005643 0.564308
30 -1.007871 0.787109
29 -1.004847 0.484695
30 -1.095959 9.595933
25 -1.091034 9.103418
31 -1.029404 2.940441
22 -1.036001 3.600112
26 -1.056312 5.631199
18 -1.017854 1.785361
31 -1.062674 6.267395
28 -1.055095 5.509475
32 -1.042595 4.259489
31 -1.042774 4.277396
30 -1.041348 4.134758
30 -1.027333 2.733295
31 -1.039949 3.994866
30 -1.058099 5.809893
32 -1.016209 1.620928
29 -1.032494 3.249362
28 -1.022728 2.272826
18 -1.081180 8.117999
34 -1.038994 3.899412
28 -1.049215 4.921455
23 -1.008366 0.836574
13 -1.069676 6.967608
23 -1.029766 2.976612
17 -1.051814 5.181417
29 -1.090180 9.017959
24 -1.043220 4.321996
35 -1.031063 3.106311
20 -1.068972 6.897220
24 -1.012365 1.236522
24 -1.082911 8.291081
13 -1.020540 2.053958
31 -1.055592 5.559233
25 -1.062472 6.247238
29 -1.012701 1.270067
30 -1.027433 2.743267
26 -1.041943 4.194303
28 -1.020350 2.034973
31 -1.024829 2.482854
22 -1.063061 6.306122
25 -1.008113 0.811275
26 -1.079457 7.945733
28 -1.034606 3.460589
29 -1.006076 0.607611
28 -1.004840 0.483966
32 -1.042943 4.294312
17 -1.024688 2.468792
28 -1.067929 6.792930
26 -1.079792 7.979207
28 -1.055015 5.501524
25 -1.044440 4.444028
30 -1.008966 0.896577
26 -1.018370 1.837043
29 -1.068597 6.859738
28 -1.034824 3.482401
30 -1.029255 2.925453
35 -1.031801 3.180104
25 -1.082050 8.205048
28 -1.084993 8.499330
24 -1.086906 8.690647
28 -1.081685 8.168543
28 -1.023041 2.304082
29 -1.000505 0.050535
14 -1.089899 8.989898
25 -1.085484 8.548416
17 -1.032626 3.262568
32 -1.046974 4.697357
25 -1.001305 0.130472
31 -1.001572 0.157222
32 -1.013545 1.354495
22 -1.066109 6.610940
14 -1.086555 8.655529
32 -1.020273 2.027259
30 -1.003858 0.385784
31 -1.004217 0.421748
30 -1.059299 5.929913
25 -1.075390 7.538954
26 -1.085490 8.548962
24 -1.026831 2.683122
26 -1.009060 0.905966
24 -1.096765 9.676464
30 -1.031238 3.123844
30 -1.043145 4.314465
24 -1.073840 7.383991
29 -1.048479 4.847883
28 -1.060218 6.021830
23 -1.083133 8.313349
28 -1.039700 3.969989
26 -1.014064 1.406427
24 -1.051625 5.162526
26 -1.032333 3.233300
24 -1.072553 7.255291
25 -1.069822 6.982218
32 -1.018233 1.823311
25 -1.096802 9.680236
30 -1.062328 6.232809
28 -1.002303 0.230273
28 -1.086101 8.610123
30 -1.056852 5.685221
32 -1.008267 0.826722
32 -1.019553 1.955331
30 -1.055700 5.569992
30 -1.026639 2.663897
