24 30.132645 6.850463
25 29.786819 7.919521
26 29.438797 8.995367
26 29.553716 8.640116
27 29.449870 8.961137
27 29.385465 9.160231
27 29.562863 8.611838
27 29.550566 8.649852
27 29.327140 9.340534
29 29.403846 9.103412
29 29.791488 7.905085
29 29.833592 7.774929
29 29.151188 9.884456
29 30.524616 5.638755
30 29.677759 8.256660
31 29.279213 9.488691
31 29.192340 9.757243
31 31.018549 4.111853
31 30.680376 5.157252
31 29.610480 8.464640
31 30.685167 5.142443
31 29.811407 7.843509
32 29.542834 8.673753
33 29.492453 8.829499
34 30.256994 6.466060
34 29.421464 9.048948
26 29.399371 9.117243
35 30.260082 6.456515
35 29.831443 7.781574
33 29.153699 9.876693
36 29.906900 7.548311
36 29.832782 7.777432
36 30.779383 4.851191
36 30.350300 6.177623
36 30.086374 6.993501
21 29.429142 9.025211
21 30.071165 7.040515
26 29.293413 9.444794
38 30.798480 4.792155
38 29.132844 9.941162
37 29.339498 9.302331
25 29.444749 8.976967
39 30.888811 4.512913
39 29.432153 9.015905
39 29.421868 9.047700
28 29.490754 8.834750
29 30.055234 7.089765
40 29.548959 8.654820
28 29.912466 7.531104
40 30.072922 7.035084
40 29.733135 8.085472
40 30.345504 6.192446
27 29.569910 8.590055
41 29.345985 9.282277
23 29.298402 9.429370
31 29.127027 9.959144
27 29.432642 9.014394
29 29.713803 8.145234
30 29.559219 8.623103
44 30.336250 6.221055
44 30.398014 6.030123
25 29.816864 7.826641
29 29.576853 8.568591
34 30.097956 6.957695
34 30.432354 5.923968
46 29.638328 8.378551
24 29.262532 9.540255
21 29.978493 7.326996
31 29.264879 9.533002
39 29.373779 9.196357
29 29.560172 8.620157
33 29.718870 8.129572
33 29.976528 7.333069
31 30.318168 6.276952
25 29.908440 7.543549
29 30.234819 6.534611
27 29.586142 8.539875
32 30.576402 5.478669
31 29.215187 9.686616
28 30.016188 7.210466
37 30.445589 5.883054
30 29.810504 7.846303
33 30.249338 6.489726
32 30.037398 7.144901
40 29.373517 9.197167
39 30.341306 6.205426
27 29.126885 9.959584
34 29.978382 7.327337
30 29.491534 8.832340
32 30.077971 7.019478
30 29.169578 9.827607
25 29.276660 9.496583
39 30.197365 6.650391
30 29.944640 7.431645
35 30.047800 7.112743
34 30.560538 5.527708
33 29.806485 7.858725
30 29.930625 7.474971
37 30.317889 6.277814
39 29.803058 7.869320
35 30.510475 5.682469
29 29.762719 7.994022
40 29.140804 9.916557
27 30.112071 6.914061
31 30.553836 5.548427
29 29.370828 9.205478
35 29.831129 7.782544
35 29.113813 9.999995
27 30.315898 6.283969
31 29.533435 8.702810
31 30.192683 6.664865
40 30.165809 6.747941
37 29.919469 7.509456
25 30.532624 5.614000
40 29.236344 9.621211
39 30.558344 5.534491
43 30.171745 6.729591
35 30.746763 4.952028
27 29.566506 8.600577
35 30.013280 7.219456
40 29.197700 9.740674
29 29.655062 8.326821
48 29.908050 7.544755
36 29.897993 7.575846
30 29.341633 9.295731
39 29.881781 7.625963
26 29.324056 9.350066
28 30.029489 7.169349
31 29.304500 9.410519
34 29.430684 9.020446
29 30.173531 6.724071
36 30.243431 6.507989
27 29.218073 9.677695
29 30.242397 6.511184
24 29.841998 7.748944
31 29.134915 9.934761
25 29.213024 9.693300
35 29.318621 9.366868
25 29.817005 7.826204
26 29.232846 9.632024
41 29.483676 8.856631
41 29.939432 7.447744
40 30.661846 5.214535
33 29.707555 8.164549
37 29.441103 8.988237
32 29.822612 7.808872
25 29.520692 8.742202
32 29.387665 9.153432
50 30.441406 5.895984
27 29.183775 9.783721
40 31.143269 3.726303
30 29.157201 9.865869
48 30.388259 6.060280
33 29.289677 9.456341
22 29.279893 9.486589
29 30.610169 5.374284
27 29.875493 7.645402
27 29.597469 8.504860
45 29.978308 7.327568
42 29.868052 7.668401
38 30.501359 5.710651
28 29.117579 9.988352
29 29.386125 9.158191
33 30.311097 6.298810
43 29.777857 7.947223
27 29.565720 8.603008
35 29.315496 9.376527
35 29.701077 8.184575
48 30.581191 5.463865
38 30.543073 5.581700
29 29.794386 7.896128
31 29.466407 8.910014
26 29.888362 7.605619
40 29.651061 8.339189
30 29.745483 8.047303
28 29.566544 8.600460
47 30.151117 6.793360
39 30.381724 6.080481
32 29.591207 8.524217
33 30.501488 5.710252
27 29.878429 7.636324
34 29.656605 8.322051
29 29.730104 8.094843
34 29.724747 8.111404
40 30.024454 7.184915
34 29.365626 9.221559
39 30.537581 5.598676
31 30.089904 6.982588
29 29.200907 9.730758
28 30.547624 5.567630
37 29.329353 9.333691
39 29.605114 8.481228
39 29.921858 7.502072
39 30.645022 5.266543
37 30.807248 4.765051
39 29.423501 9.042650
48 31.138475 3.741123
50 30.773546 4.869235
52 29.689841 8.219310
51 30.996526 4.179932
