14 -0.993405 4.181916
14 -1.009159 5.834133
14 -0.992667 4.104571
16 -0.986880 3.497616
16 -0.997127 4.572294
16 -1.026901 7.694805
16 -0.984948 3.295065
17 -1.005206 5.419549
17 -1.021951 7.175646
17 -1.039835 9.051256
18 -0.961564 0.842726
18 -1.022671 7.251180
18 -0.972745 2.015255
18 -0.981383 2.921147
19 -0.987220 3.533293
19 -1.034083 8.447987
20 -0.963431 1.038476
20 -0.979525 2.726260
20 -0.980064 2.782833
20 -0.965256 1.229913
14 -1.000160 4.890337
22 -0.964639 1.165136
22 -0.966332 1.342719
16 -1.036159 8.665756
22 -0.965595 1.265391
23 -0.996020 4.456173
22 -0.988953 3.715051
21 -0.978706 2.640392
24 -0.958840 0.556975
18 -0.981164 2.898186
16 -0.990157 3.841347
20 -0.962983 0.991477
24 -0.982849 3.074959
17 -0.987533 3.566184
17 -0.999558 4.827287
16 -0.986387 3.445952
24 -0.969568 1.682100
23 -0.975930 2.349298
23 -0.962452 0.935790
22 -0.973223 2.065352
24 -0.980814 2.861526
19 -0.958817 0.554585
18 -0.963325 1.027362
24 -0.961735 0.860566
22 -0.968534 1.573610
19 -0.968501 1.570215
19 -0.973981 2.144923
18 -1.042164 9.295442
19 -0.968571 1.577485
20 -0.969804 1.706804
22 -0.971310 1.864723
23 -0.995014 4.350655
20 -0.975983 2.354817
31 -0.959551 0.631531
14 -1.012031 6.135326
18 -0.965677 1.274071
27 -0.959626 0.639444
25 -0.969374 1.661788
21 -0.995843 4.437606
18 -0.989923 3.816738
18 -1.001292 5.009075
27 -1.016128 6.564985
23 -0.974461 2.195278
18 -0.973140 2.056649
19 -1.003635 5.254850
19 -0.973514 2.095877
16 -0.997244 4.584555
24 -0.984784 3.277855
19 -0.989066 3.726900
25 -0.971827 1.918947
19 -1.022451 7.228155
17 -0.971539 1.888798
20 -0.975141 2.266546
19 -0.980314 2.809010
25 -0.962225 0.912027
19 -0.992550 4.092289
24 -0.970966 1.828697
17 -0.996301 4.485713
22 -0.994471 4.293778
22 -0.957132 0.377904
30 -0.974507 2.200069
17 -0.957487 0.415074
20 -0.991039 3.933854
16 -1.024968 7.492100
19 -0.988856 3.704852
17 -1.013805 6.321381
18 -1.006222 5.526111
19 -0.971754 1.911375
19 -1.021829 7.162920
22 -0.970809 1.812211
16 -1.027191 7.725255
14 -1.027150 7.720929
23 -0.971291 1.862779
17 -1.031953 8.224648
18 -0.993656 4.208308
28 -0.964025 1.100815
20 -0.968282 1.547239
22 -0.977721 2.537069
20 -0.985050 3.305699
22 -0.969590 1.684384
13 -1.011298 6.058492
24 -0.964365 1.136418
16 -1.027073 7.712824
19 -0.979968 2.772770
25 -0.981745 2.959143
14 -1.038835 8.946331
18 -0.987557 3.568652
14 -1.022979 7.283443
19 -1.039665 9.033379
20 -0.957923 0.460807
24 -0.992875 4.126361
19 -0.969083 1.631262
31 -0.959467 0.622784
20 -0.977192 2.481682
32 -0.965882 1.295547
17 -1.002262 5.110838
31 -0.963798 1.076915
18 -0.978135 2.580559
29 -0.964427 1.142977
34 -0.959168 0.591373
14 -0.994990 4.348192
24 -0.981355 2.918200
28 -0.970506 1.780436
28 -0.959485 0.624657
22 -0.969057 1.628489
31 -0.960465 0.727383
31 -0.989996 3.824472
27 -0.970151 1.743226
36 -0.970215 1.749938
22 -0.965599 1.265861
25 -0.977686 2.533414
27 -0.991527 3.985008
19 -0.988946 3.714366
38 -0.958702 0.542560
24 -0.964055 1.103954
35 -0.962651 0.956659
24 -0.965101 1.213644
22 -0.957226 0.387727
16 -1.030669 8.089996
20 -1.002430 5.128401
30 -0.972997 2.041727
25 -0.976100 2.367092
32 -0.966161 1.324729
41 -0.968961 1.618439
18 -0.983936 3.188859
17 -0.992124 4.047590
24 -0.969058 1.628642
40 -0.964560 1.156877
17 -1.029243 7.940427
23 -0.982439 3.031942
14 -0.985519 3.354884
20 -1.004039 5.297195
19 -0.968462 1.566132
41 -0.966509 1.361316
32 -0.960397 0.720279
20 -0.966274 1.336635
18 -0.993732 4.216298
19 -0.990432 3.870152
16 -0.992611 4.098694
17 -0.993636 4.206168
24 -0.965691 1.275514
29 -0.961847 0.872406
43 -0.958500 0.521352
22 -1.006448 5.549789
32 -0.985924 3.397380
28 -0.961443 0.829941
35 -0.971290 1.862721
26 -1.035271 8.572554
45 -0.959034 0.577359
22 -1.014281 6.371268
27 -0.965887 1.296006
28 -0.968079 1.525958
32 -0.963464 1.041965
33 -0.961850 0.872616
48 -0.961489 0.834787
44 -0.981933 2.978875
37 -0.992785 4.116900
53 -0.963431 1.038455
51 -0.963277 1.022329
39 -0.968523 1.572526
37 -0.961766 0.863869
44 -0.973136 2.056270
53 -0.966555 1.366081
49 -0.962243 0.913917
49 -1.003885 5.281068
58 -1.000027 4.876376
50 -0.979984 2.774405
43 -0.978419 2.610294
56 -1.023822 7.371897
61 -0.958105 0.479941
47 -0.967772 1.493781
56 -0.983353 3.127769
54 -1.045281 9.622404
61 -0.955905 0.249238
65 -0.978023 2.568805
77 -0.972822 2.023359
75 -0.968403 1.559869
85 -0.966258 1.334971
92 -0.978643 2.633758
102 -1.012184 6.151346
