12 -1.059786 5.978589
12 -1.071207 7.120711
12 -1.091899 9.189863
12 -1.091705 9.170495
12 -1.077908 7.790840
12 -1.035806 3.580605
15 -1.077580 7.758049
13 -1.072991 7.299077
15 -1.097662 9.766246
15 -1.078916 7.891629
15 -1.089868 8.986838
15 -1.086016 8.601618
15 -1.071749 7.174885
15 -1.038065 3.806544
17 -1.099761 9.976062
17 -1.074055 7.405470
17 -1.077502 7.750153
17 -1.098116 9.811616
17 -1.026506 2.650571
17 -1.067015 6.701469
17 -1.074001 7.400114
17 -1.053545 5.354495
17 -1.075051 7.505092
17 -1.063657 6.365654
19 -1.050952 5.095216
19 -1.066095 6.609451
19 -1.069352 6.935172
19 -1.061284 6.128376
19 -1.050710 5.070993
19 -1.089179 8.917865
19 -1.070891 7.089055
19 -1.035270 3.527024
19 -1.062794 6.279436
19 -1.069756 6.975616
19 -1.020274 2.027385
19 -1.076797 7.679679
19 -1.061212 6.121222
19 -1.030600 3.060014
15 -1.061775 6.177539
22 -1.081242 8.124161
21 -1.055485 5.548505
22 -1.047183 4.718267
22 -1.055542 5.554190
12 -1.045955 4.595459
24 -1.042051 4.205129
24 -1.067010 6.700977
24 -1.063843 6.384325
24 -1.045612 4.561203
24 -1.028216 2.821618
15 -1.040264 4.026378
15 -1.095530 9.552994
24 -1.049886 4.988586
19 -1.071809 7.180850
19 -1.048668 4.866784
19 -1.032779 3.277869
12 -1.088854 8.885425
15 -1.046736 4.673573
17 -1.034296 3.429571
15 -1.059807 5.980748
17 -1.052488 5.248847
17 -1.094628 9.462758
12 -1.033307 3.330715
17 -1.040284 4.028376
19 -1.034583 3.458330
17 -1.080477 8.047711
17 -1.072129 7.212882
17 -1.056032 5.603226
24 -1.087189 8.718856
12 -1.089479 8.947926
15 -1.073349 7.334950
17 -1.041826 4.182640
22 -1.095792 9.579242
19 -1.034721 3.472101
12 -1.050697 5.069698
17 -1.063108 6.310820
24 -1.033560 3.355953
17 -1.044894 4.489408
19 -1.062238 6.223784
22 -1.028999 2.899876
19 -1.091851 9.185084
15 -1.040001 4.000083
12 -1.025268 2.526765
19 -1.048167 4.816682
19 -1.080768 8.076761
22 -1.051637 5.163717
22 -1.048398 4.839828
15 -1.075739 7.573863
17 -1.075336 7.533587
17 -1.080999 8.099855
24 -1.063349 6.334922
22 -1.037900 3.789973
22 -1.057975 5.797450
17 -1.055266 5.526625
17 -1.055563 5.556319
22 -1.052697 5.269736
17 -1.062647 6.264689
19 -1.076703 7.670297
17 -1.056365 5.636516
17 -1.063722 6.372158
19 -1.044029 4.402931
24 -1.065101 6.510076
22 -1.050349 5.034949
12 -1.043280 4.327975
19 -1.064108 6.410778
19 -1.051103 5.110310
15 -1.076369 7.636906
26 -1.034723 3.472350
15 -1.053839 5.383863
15 -1.041783 4.178316
15 -1.055386 5.538608
19 -1.067026 6.702593
15 -1.044269 4.426925
12 -1.040300 4.029967
12 -1.019507 1.950653
17 -1.063585 6.358466
19 -1.067283 6.728250
22 -1.058098 5.809761
15 -1.052932 5.293229
17 -1.051645 5.164525
12 -1.038209 3.820917
17 -1.086591 8.659058
19 -1.037347 3.734669
12 -1.098006 9.800610
22 -1.049527 4.952736
24 -1.036461 3.646136
17 -1.071559 7.155867
19 -1.044867 4.486700
17 -1.083007 8.300718
15 -1.038160 3.815958
15 -1.068100 6.809968
22 -1.060024 6.002443
19 -1.050200 5.020044
17 -1.087096 8.709552
12 -1.070031 7.003056
24 -1.050722 5.072214
22 -1.053511 5.351120
19 -1.027344 2.734424
17 -1.048424 4.842401
12 -1.077792 7.779212
19 -1.032945 3.294484
22 -1.071022 7.102205
15 -1.056660 5.665969
22 -1.052201 5.220082
24 -1.047508 4.750800
17 -1.066686 6.668551
17 -1.079356 7.935628
15 -1.095061 9.506108
17 -1.064545 6.454489
17 -1.099469 9.946914
19 -1.097457 9.745700
17 -1.059065 5.906510
17 -1.081515 8.151485
15 -1.045445 4.544476
15 -1.061101 6.110081
24 -1.039503 3.950276
22 -1.059256 5.925580
19 -1.053856 5.385581
17 -1.035053 3.505269
19 -1.098311 9.831122
19 -1.030793 3.079347
17 -1.047812 4.781184
19 -1.064049 6.404855
15 -1.037306 3.730556
15 -1.046852 4.685208
17 -1.070101 7.010109
19 -1.072294 7.229443
17 -1.059921 5.992098
19 -1.089802 8.980196
19 -1.057312 5.731223
12 -1.098287 9.828709
19 -1.070008 7.000839
17 -1.043727 4.372661
15 -1.077885 7.788506
22 -1.094260 9.426014
15 -1.093491 9.349106
22 -1.021461 2.146124
19 -1.077220 7.722018
12 -1.055629 5.562947
15 -1.058448 5.844831
17 -1.066894 6.689357
22 -1.055394 5.539374
19 -1.036604 3.660425
17 -1.049804 4.980408
15 -1.071423 7.142327
19 -1.042442 4.244193
19 -1.026120 2.611990
26 -1.057641 5.764145
17 -1.043281 4.328140
22 -1.073369 7.336889
26 -1.045938 4.593774
19 -1.053043 5.304335
22 -1.054977 5.497740
24 -1.058456 5.845600
22 -1.054645 5.464463
19 -1.069859 6.985942
19 -1.073011 7.301067
26 -1.038716 3.871552
22 -1.035156 3.515615
26 -1.037782 3.778203
24 -1.044767 4.476734
