10 3019.459508 8.501227
10 3191.639219 3.283660
10 3058.425950 7.320426
10 3077.516025 6.741939
10 3044.774702 7.734100
11 3200.950755 3.001492
11 3093.014542 6.272287
11 3052.871163 7.488753
11 3122.570258 5.376659
11 3133.225770 5.053765
11 3069.251339 6.992384
10 3268.658358 0.949747
12 3282.885929 0.518608
12 3283.432731 0.502038
12 3092.052679 6.301434
12 3257.486958 1.288274
12 3236.316833 1.929793
12 2983.595974 9.588001
12 3158.141763 4.298734
12 3111.773875 5.703822
12 3013.912442 8.669320
12 3138.694191 4.888055
12 3194.341787 3.201764
12 2994.713097 9.251118
12 3248.847834 1.550066
11 3075.602028 6.799939
13 3289.895236 0.306205
13 2974.252100 9.871148
13 3296.584809 0.103491
13 3122.584371 5.376231
13 3206.829552 2.823347
12 3285.080976 0.452092
11 3115.089659 5.603344
13 3205.034337 2.877747
10 2974.900416 9.851503
12 3267.237477 0.992804
11 3134.694478 5.009258
13 3298.217094 0.054027
14 3289.549672 0.316677
14 3282.947054 0.516756
14 3249.885529 1.518620
14 3295.906491 0.124046
14 3299.051224 0.028751
10 3007.723796 8.856855
11 2975.291598 9.839649
11 2989.647092 9.404634
14 3291.710602 0.251194
12 3053.568769 7.467613
12 3159.200683 4.266646
12 3120.011154 5.454207
12 3092.037497 6.301894
11 3112.514755 5.681371
12 3298.871336 0.034202
12 3144.854936 4.701366
12 3254.296307 1.384960
16 3271.865956 0.852547
16 3299.512578 0.014770
16 3297.060242 0.089084
16 3278.548344 0.650050
16 3284.778076 0.461270
12 3165.303561 4.081710
13 3291.879674 0.246070
14 3275.921986 0.729637
14 3101.860243 6.004235
13 3291.145415 0.268321
12 3130.978549 5.121862
13 3298.897993 0.033394
16 3260.063804 1.210188
17 3281.756677 0.552828
12 2980.737655 9.674617
12 3250.716701 1.493433
13 3196.255131 3.143784
12 3151.852301 4.489324
12 3244.561465 1.679956
12 3039.523797 7.893218
13 3283.384514 0.503500
14 3287.960633 0.364829
13 3003.163868 8.995034
11 3111.723961 5.705335
16 3291.703096 0.251421
10 3256.813009 1.308697
13 3212.757123 2.643724
13 3298.552890 0.043852
13 3068.625309 7.011354
11 3032.257534 8.113408
14 3298.249058 0.053059
12 3048.856930 7.610396
14 3264.816167 1.066177
12 3128.095686 5.209222
13 3139.797990 4.854606
12 3200.161489 3.025409
11 3213.914636 2.608647
15 3296.757047 0.098271
12 3296.603203 0.102933
12 3095.323240 6.202326
12 3136.339481 4.959410
11 3059.522479 7.287198
13 3283.003754 0.515038
10 3223.076046 2.331029
13 3217.099070 2.512149
13 3130.981697 5.121767
16 3216.867775 2.519158
16 3294.749969 0.159092
14 3266.211005 1.023909
13 3212.849962 2.640910
12 3142.920621 4.759981
12 3262.161365 1.146625
13 3260.002342 1.212050
11 3077.261473 6.749652
11 3269.942583 0.910831
11 3210.553706 2.710494
12 3082.434014 6.592909
10 3024.980040 8.333938
17 3248.199797 1.569703
13 3295.913022 0.123848
11 3151.399621 4.503042
12 3136.702508 4.948409
13 3202.596421 2.951624
12 3019.836578 8.489801
15 3112.539108 5.680633
18 3059.423219 7.290205
16 3262.732917 1.129306
11 3138.562260 4.892053
12 3238.801729 1.854493
14 3283.791324 0.491172
13 3299.869126 0.003966
11 3205.459553 2.864862
13 3061.337477 7.232198
13 3192.332281 3.262658
12 3298.483297 0.045961
12 3270.835370 0.883777
10 3197.222816 3.114460
12 3206.459978 2.834546
11 3046.051047 7.695423
11 3008.015664 8.848010
13 3234.415627 1.987405
17 3290.852466 0.277198
16 3266.909709 1.002736
16 3291.159147 0.267905
13 3022.231241 8.417235
13 3203.414600 2.926830
13 3277.510613 0.681497
13 3290.416751 0.290401
13 3213.705365 2.614989
12 3156.819406 4.338806
11 3152.898307 4.457627
13 3293.926338 0.184050
13 3298.878826 0.033975
16 3287.153092 0.389300
16 3297.472945 0.076577
12 3288.274737 0.355311
17 3292.016845 0.241914
11 3177.609711 3.708797
12 3106.259674 5.870919
14 3296.394207 0.109266
12 3126.648410 5.253078
13 3299.173440 0.025047
12 2973.580301 9.891506
13 3244.068437 1.694896
10 3209.297234 2.748569
12 3232.779068 2.036998
11 2993.351630 9.292375
16 3277.133585 0.692922
17 3265.012820 1.060218
11 3138.674656 4.888647
12 2994.566738 9.255553
13 3270.099775 0.906067
12 3159.247678 4.265222
17 3288.713735 0.342008
13 3289.388791 0.321552
11 2970.761267 9.976931
12 3089.830770 6.368765
14 3294.635419 0.162563
12 3245.816476 1.641925
13 2989.177416 9.418866
13 3182.910428 3.548169
13 3169.954584 3.940770
12 3288.974287 0.334113
13 3292.321253 0.232689
13 3269.255935 0.931638
13 3289.656641 0.313435
13 3265.741256 1.038144
17 3288.631385 0.344503
16 3227.937665 2.183707
14 3179.344713 3.656221
17 3291.125942 0.268911
14 3187.630122 3.405148
21 3295.356942 0.140699
33 2982.972395 9.606897
42 3104.280865 5.930883
73 3283.481306 0.500566
96 3165.275767 4.082553
107 3248.936211 1.547388
118 3002.627994 9.011273
123 3233.450706 2.016645
127 3003.925459 8.971956
137 3019.423552 8.502317
141 2980.970367 9.667565
151 2996.550620 9.195436
166 3133.618530 5.041863
