25 -1164.784630 2.501375
25 -1171.259000 3.071122
25 -1182.731002 4.080661
25 -1170.003776 2.960662
25 -1152.806631 1.447308
25 -1143.715123 0.647253
25 -1163.382463 2.377984
25 -1158.265637 1.927702
25 -1172.121882 3.147056
25 -1150.829110 1.273286
25 -1171.987894 3.135265
25 -1175.159407 3.414359
25 -1154.829940 1.625360
25 -1169.255531 2.894816
25 -1206.555597 6.177232
25 -1168.099961 2.793126
25 -1180.088430 3.848114
25 -1172.959984 3.220809
25 -1159.634224 2.048138
25 -1166.801260 2.678839
25 -1156.243902 1.749789
25 -1162.255442 2.278806
25 -1202.114103 5.786380
25 -1147.459253 0.976737
25 -1151.131383 1.299886
25 -1158.261044 1.927298
25 -1166.040887 2.611926
25 -1165.978915 2.606473
25 -1164.761091 2.499304
25 -1148.956402 1.108487
25 -1165.334555 2.549769
25 -1171.565071 3.098056
25 -1151.315907 1.316124
25 -1147.275975 0.960609
25 -1198.981037 5.510669
25 -1156.334028 1.757720
25 -1174.284901 3.337402
25 -1162.403071 2.291798
25 -1156.282044 1.753146
25 -1157.861016 1.892095
25 -1167.909571 2.776371
25 -1150.772737 1.268325
25 -1161.253562 2.190641
25 -1173.949376 3.307876
25 -1152.967767 1.461488
25 -1167.539643 2.743817
25 -1170.308297 2.987460
25 -1169.487372 2.915218
25 -1157.705307 1.878393
25 -1154.409135 1.588329
25 -1192.613359 4.950311
25 -1179.851257 3.827243
25 -1152.700783 1.437994
25 -1163.081392 2.351490
25 -1164.661439 2.490535
25 -1162.490175 2.299463
25 -1155.918622 1.721164
25 -1149.116506 1.122576
25 -1155.312308 1.667808
25 -1173.206074 3.242465
25 -1178.753294 3.730622
25 -1144.268868 0.695983
25 -1150.560945 1.249687
25 -1163.599777 2.397108
25 -1153.240848 1.485519
25 -1156.911978 1.808580
25 -1142.732373 0.560771
25 -1156.339460 1.758198
25 -1175.348145 3.430968
25 -1167.923870 2.777629
25 -1152.155805 1.390035
25 -1178.205457 3.682412
25 -1164.653666 2.489851
25 -1159.424350 2.029669
25 -1158.386864 1.938370
25 -1148.830068 1.097369
25 -1157.040189 1.819862
25 -1196.431933 5.286347
25 -1142.716414 0.559366
25 -1170.366131 2.992549
25 -1223.499592 7.668309
25 -1167.646652 2.753234
25 -1185.577625 4.331165
25 -1189.562047 4.681795
25 -1150.151526 1.213658
25 -1157.670179 1.875302
25 -1159.755496 2.058810
25 -1191.304647 4.835144
25 -1169.234368 2.892954
25 -1165.908464 2.600273
25 -1173.329429 3.253320
25 -1185.827417 4.353147
25 -1189.910187 4.712432
25 -1166.876576 2.685467
25 -1170.385878 2.994287
25 -1155.196554 1.657622
25 -1169.609673 2.925981
25 -1158.086908 1.911974
25 -1147.061660 0.941749
25 -1181.460755 3.968879
25 -1151.891339 1.366762
25 -1149.418517 1.149153
25 -1157.883202 1.894048
25 -1157.313510 1.843915
25 -1153.120479 1.474927
25 -1181.960259 4.012836
25 -1152.195404 1.393520
25 -1164.319060 2.460405
25 -1175.320254 3.428513
25 -1170.148816 2.973425
25 -1147.739388 1.001389
25 -1144.424924 0.709716
25 -1167.490509 2.739494
25 -1174.845911 3.386771
25 -1157.743741 1.881775
25 -1158.953364 1.988222
25 -1193.014135 4.985580
25 -1152.148762 1.389415
25 -1153.736670 1.529152
25 -1175.546736 3.448444
25 -1151.095063 1.296690
25 -1177.945021 3.659494
25 -1171.947314 3.131694
25 -1153.935554 1.546654
25 -1164.851667 2.507275
25 -1154.976856 1.638289
25 -1169.940955 2.955133
25 -1162.938240 2.338893
25 -1166.107091 2.617752
25 -1162.581616 2.307510
25 -1170.382409 2.993982
25 -1152.818436 1.448347
25 -1159.572242 2.042684
25 -1166.285381 2.633442
25 -1165.479473 2.562522
25 -1153.284856 1.489392
25 -1148.933550 1.106476
25 -1175.933818 3.482507
25 -1159.931603 2.074308
25 -1165.688504 2.580917
25 -1149.740728 1.177508
25 -1192.204294 4.914314
25 -1162.526607 2.302669
25 -1151.859804 1.363987
25 -1180.971696 3.925842
25 -1150.011067 1.201298
25 -1166.574200 2.658858
25 -1151.308786 1.315497
25 -1149.736355 1.177123
25 -1189.682925 4.692432
25 -1156.676052 1.787818
25 -1150.318507 1.228353
25 -1151.517793 1.333890
25 -1197.144512 5.349054
25 -1170.871660 3.037036
25 -1156.844345 1.802628
25 -1160.282854 2.105218
25 -1142.531849 0.543124
25 -1148.674051 1.083640
25 -1143.770839 0.652156
25 -1163.037619 2.347638
25 -1162.887909 2.334463
25 -1161.613671 2.222330
25 -1149.231822 1.132724
25 -1171.682297 3.108372
25 -1155.393417 1.674946
25 -1172.721337 3.199808
25 -1149.282750 1.137206
25 -1150.175110 1.215734
25 -1177.138055 3.588480
25 -1194.925010 5.153737
25 -1170.825227 3.032950
25 -1160.872609 2.157117
25 -1159.955909 2.076447
25 -1162.474180 2.298055
25 -1168.870659 2.860947
25 -1148.042532 1.028066
25 -1164.683176 2.492447
25 -1146.785220 0.917422
25 -1152.969519 1.461642
25 -1147.932761 1.018406
25 -1161.434151 2.206532
25 -1168.132479 2.795987
25 -1193.147150 4.997285
25 -1177.588763 3.628143
25 -1158.061348 1.909725
25 -1157.595884 1.868764
25 -1148.290778 1.049912
25 -1149.671871 1.171448
25 -1158.168498 1.919154
25 -1173.904745 3.303948
25 -1175.091947 3.408422
25 -1167.411495 2.732540
25 -1150.798870 1.270625
25 -1169.874606 2.949295
25 -1161.965566 2.253297
25 -1170.495565 3.003939
25 -1151.820563 1.360534
25 -1158.679706 1.964140
25 -1168.837143 2.857998
