10 -0.254285 1.713912
15 -0.257114 2.845453
15 -0.270285 8.113817
17 -0.257333 2.933343
17 -0.254123 1.649265
17 -0.270894 8.357589
17 -0.255924 2.369553
17 -0.252255 0.902067
17 -0.270579 8.231767
17 -0.250191 0.076539
19 -0.252048 0.819151
19 -0.250650 0.260173
19 -0.256908 2.763233
19 -0.250254 0.101468
22 -0.254995 1.997994
22 -0.260259 4.103565
22 -0.271864 8.745559
22 -0.262170 4.868161
22 -0.253042 1.216756
22 -0.254890 1.955886
22 -0.269757 7.902678
22 -0.250781 0.312423
24 -0.250324 0.129529
24 -0.250290 0.115997
24 -0.250189 0.075623
24 -0.256662 2.664675
24 -0.264136 5.654282
24 -0.264069 5.627675
24 -0.252796 1.118372
24 -0.259485 3.794082
24 -0.257902 3.160645
26 -0.257804 3.121778
26 -0.274120 9.648049
26 -0.261844 4.737742
26 -0.250602 0.240908
26 -0.251504 0.601638
26 -0.253875 1.550002
22 -0.271354 8.541680
12 -0.251657 0.662677
29 -0.251462 0.584784
29 -0.251396 0.558453
29 -0.272287 8.914805
29 -0.251472 0.588942
19 -0.251023 0.409001
31 -0.264387 5.754808
31 -0.256072 2.428959
31 -0.256779 2.711795
31 -0.259237 3.694690
31 -0.258430 3.371944
19 -0.272121 8.848346
24 -0.272959 9.183505
22 -0.251007 0.402719
22 -0.263661 5.464222
22 -0.257823 3.129290
33 -0.260506 4.202217
12 -0.251768 0.707257
19 -0.251524 0.609421
19 -0.270513 8.205097
22 -0.256191 2.476385
17 -0.257291 2.916385
36 -0.271617 8.646703
19 -0.266100 6.439987
17 -0.267694 7.077523
26 -0.250011 0.004468
19 -0.262572 5.028953
29 -0.252703 1.081377
19 -0.252775 1.109968
26 -0.264680 5.872138
22 -0.266419 6.567543
24 -0.252667 1.066872
22 -0.250379 0.151481
22 -0.251336 0.534397
22 -0.262678 5.071231
24 -0.260261 4.104335
24 -0.250042 0.016694
26 -0.250102 0.040887
22 -0.252057 0.822933
26 -0.257747 3.098661
17 -0.274751 9.900382
12 -0.261889 4.755579
33 -0.257642 3.056976
24 -0.257361 2.944574
19 -0.261199 4.479501
22 -0.255737 2.294666
29 -0.252876 1.150554
12 -0.254521 1.808415
22 -0.257043 2.817083
15 -0.256877 2.750716
35 -0.250266 0.106584
19 -0.253046 1.218472
29 -0.254376 1.750328
26 -0.259020 3.608056
22 -0.250451 0.180350
22 -0.259574 3.829470
26 -0.261210 4.483982
36 -0.273115 9.246101
29 -0.262387 4.954732
22 -0.274538 9.815186
24 -0.251470 0.587993
22 -0.269034 7.613512
24 -0.269538 7.815065
24 -0.251962 0.784637
26 -0.268937 7.574698
29 -0.269098 7.639183
26 -0.255459 2.183436
24 -0.273299 9.319590
33 -0.250018 0.007371
29 -0.255297 2.118856
22 -0.255472 2.188981
36 -0.271938 8.775033
22 -0.257452 2.980797
26 -0.250255 0.102161
19 -0.274289 9.715456
24 -0.257831 3.132316
31 -0.264400 5.760017
22 -0.250485 0.194052
26 -0.250099 0.039415
24 -0.259796 3.918330
22 -0.270071 8.028211
29 -0.270899 8.359739
17 -0.251212 0.484636
12 -0.250618 0.247300
19 -0.251698 0.679234
26 -0.273293 9.317045
24 -0.263741 5.496494
26 -0.251194 0.477665
19 -0.264871 5.948351
26 -0.266768 6.707073
26 -0.253172 1.268764
17 -0.266286 6.514477
24 -0.272207 8.882640
19 -0.263793 5.517262
10 -0.250463 0.185236
24 -0.274223 9.689016
31 -0.271007 8.402704
26 -0.272184 8.873609
22 -0.250045 0.017833
19 -0.261017 4.406627
19 -0.263032 5.212754
26 -0.257603 3.041338
12 -0.252436 0.974247
33 -0.267859 7.143466
24 -0.268154 7.261452
13 -0.251635 0.654189
19 -0.252670 1.067908
31 -0.273868 9.547246
22 -0.250029 0.011638
26 -0.251531 0.612521
33 -0.265055 6.022089
33 -0.250576 0.230441
26 -0.250206 0.082312
22 -0.267453 6.981269
33 -0.250614 0.245773
24 -0.272988 9.195196
24 -0.263631 5.452296
24 -0.253225 1.290004
26 -0.250081 0.032264
26 -0.273337 9.334770
19 -0.257895 3.157938
38 -0.270130 8.051856
31 -0.263291 5.316384
24 -0.256865 2.746032
26 -0.253711 1.484405
31 -0.251258 0.503146
31 -0.258578 3.431030
33 -0.251043 0.417002
24 -0.251629 0.651589
17 -0.259643 3.857214
19 -0.252951 1.180460
22 -0.273470 9.388144
36 -0.251699 0.679421
31 -0.266041 6.416565
19 -0.272960 9.184149
24 -0.265944 6.377634
24 -0.274214 9.685496
29 -0.268397 7.358657
22 -0.263622 5.448972
29 -0.254957 1.982779
22 -0.250346 0.138598
22 -0.250496 0.198578
19 -0.267919 7.167477
24 -0.262252 4.900943
26 -0.270271 8.108280
29 -0.250058 0.023343
29 -0.253998 1.599281
43 -0.266580 6.632065
26 -0.250086 0.034293
26 -0.250992 0.396776
22 -0.254347 1.738997
33 -0.262796 5.118586
29 -0.269844 7.937726
29 -0.257289 2.915426
24 -0.264513 5.805358
36 -0.269730 7.891989
26 -0.250764 0.305670
33 -0.264452 5.780715
26 -0.257009 2.803671
29 -0.251103 0.441199
31 -0.250983 0.393116
36 -0.250422 0.168646
