8 91.455470 8.507934
8 97.630003 2.330929
8 92.234551 7.728540
8 91.374726 8.588710
8 91.315115 8.648344
8 90.111039 9.852902
8 98.783485 1.176986
8 90.981798 8.981795
8 94.060929 5.901432
8 99.757603 0.202478
8 91.731325 8.231967
8 99.348084 0.612160
8 93.045362 6.917405
8 91.819878 8.143379
8 91.393717 8.569710
8 99.334202 0.626048
8 91.285599 8.677872
8 96.525057 3.436318
8 98.483320 1.477271
8 95.846068 4.115578
10 97.767786 2.193091
10 97.273634 2.687441
8 94.797058 5.165008
10 97.073866 2.887289
8 93.790253 6.172216
10 96.458205 3.503196
10 92.354517 7.608526
8 99.309037 0.651224
10 93.061343 6.901418
10 90.462611 9.501190
10 93.638162 6.324368
10 90.515130 9.448649
8 90.835457 9.128194
10 90.272783 9.691093
10 94.261662 5.700618
10 93.196853 6.765853
10 92.309762 7.653300
8 95.069179 4.892778
10 90.623438 9.340298
10 96.773751 3.187524
8 91.912525 8.050695
12 98.391518 1.569109
8 90.992866 8.970723
12 97.128246 2.832887
8 92.759062 7.203820
10 92.140044 7.823086
10 90.338872 9.624978
8 94.579259 5.382894
8 94.530687 5.431486
8 92.654477 7.308446
12 90.768540 9.195138
8 97.146230 2.814896
10 94.952475 5.009528
10 93.103294 6.859450
12 92.897120 7.065706
8 96.619869 3.341468
12 99.072455 0.887900
8 90.727325 9.236370
10 94.926458 5.035556
12 91.095226 8.868322
8 94.093537 5.868811
8 94.670382 5.291734
8 93.677155 6.285360
8 98.061566 1.899194
10 90.134059 9.829873
13 92.520474 7.442503
10 97.775610 2.185264
12 90.374359 9.589477
8 91.949405 8.013800
8 92.202361 7.760744
8 93.803546 6.158918
10 96.556522 3.404840
8 90.436750 9.527061
10 92.067356 7.895802
10 96.232694 3.728798
12 99.495918 0.464268
8 93.644142 6.318386
8 93.029999 6.932774
8 97.786050 2.174820
8 94.476120 5.486074
8 96.709158 3.252142
8 96.040365 3.921204
8 90.825611 9.138044
10 94.715673 5.246425
10 95.050120 4.911845
10 90.953296 9.010308
12 95.346606 4.615240
12 91.327491 8.635963
8 96.299149 3.662316
12 94.044232 5.918136
8 96.751463 3.209821
8 93.819584 6.142873
15 92.992963 6.969825
15 93.774639 6.187836
15 98.355004 1.605639
8 95.991497 3.970091
15 98.815560 1.144898
8 91.150753 8.812772
8 96.661562 3.299758
10 93.267322 6.695357
8 98.079326 1.881426
8 99.725213 0.234881
8 90.456381 9.507422
8 95.595600 4.366146
8 97.796808 2.164058
8 97.806619 2.154242
12 92.816798 7.146061
8 90.723656 9.240040
8 91.072007 8.891549
15 90.586212 9.377539
8 90.663541 9.300179
15 99.198590 0.761715
12 93.494816 6.467771
10 90.376244 9.587591
10 97.996374 1.964412
12 95.392486 4.569341
10 94.392474 5.569754
10 93.509932 6.452649
12 91.378683 8.584751
8 92.520685 7.442291
8 98.377915 1.582718
12 90.618808 9.344930
10 94.336035 5.626215
10 98.003273 1.957510
12 99.354049 0.606193
10 91.847427 8.115819
10 98.609281 1.351259
8 90.633096 9.330636
8 91.956500 8.006702
10 93.906887 6.055535
8 91.396854 8.566572
10 90.785059 9.178613
10 94.883532 5.078500
8 95.997641 3.963944
19 92.325252 7.637804
8 91.412177 8.551244
8 96.089053 3.872496
12 95.173293 4.788623
8 95.077820 4.884133
12 98.072019 1.888737
10 93.171799 6.790918
10 90.389182 9.574648
12 90.060914 9.903047
8 92.193179 7.769929
8 95.083824 4.878127
8 93.990046 5.972343
10 94.186651 5.775659
8 94.221879 5.740417
10 93.657562 6.304960
8 92.096094 7.867053
8 98.564477 1.396081
8 94.621535 5.340601
10 92.582485 7.380468
8 96.886931 3.074298
8 97.418504 2.542513
8 96.803905 3.157358
15 98.401531 1.559092
17 99.345796 0.614450
22 91.610131 8.353211
8 92.310967 7.652094
10 97.493806 2.467181
8 96.579242 3.382111
8 94.347142 5.615104
8 92.418591 7.544427
8 92.849508 7.113337
8 99.315014 0.645244
8 90.705426 9.258277
8 93.517952 6.444626
8 91.154951 8.808573
10 99.449345 0.510859
10 91.924062 8.039154
12 92.260370 7.702711
10 98.947213 1.013193
15 91.374747 8.588688
10 92.330251 7.632802
10 89.993128 9.970860
10 95.578023 4.383731
15 91.570865 8.392492
8 97.456331 2.504671
15 98.229046 1.731646
22 92.833731 7.129120
10 94.022686 5.939690
10 97.914099 2.046720
10 96.478102 3.483291
12 95.102521 4.859423
10 94.767511 5.194567
10 94.198561 5.763744
12 91.031848 8.931724
19 93.001445 6.961339
20 95.313889 4.647970
19 94.077909 5.884445
15 92.702668 7.260236
15 98.769596 1.190880
17 91.464361 8.499039
15 96.923426 3.037790
15 90.090221 9.873729
22 92.870967 7.091870
24 91.754764 8.208520
26 90.216438 9.747461
26 95.648045 4.313681
