24 -6.212945 3.549077
26 -6.381892 6.364863
28 -6.536167 8.936112
28 -6.367487 6.124788
28 -6.564070 9.401165
28 -6.334830 5.580504
28 -6.598631 9.977185
28 -6.590201 9.836680
30 -6.455457 7.590945
30 -6.497579 8.292992
30 -6.463721 7.728676
30 -6.424290 7.071500
30 -6.360571 6.009514
30 -6.229005 3.816749
33 -6.217242 3.620699
33 -6.297280 4.954665
33 -6.418169 6.969489
35 -6.235510 3.925159
35 -6.377448 6.290806
35 -6.307222 5.120367
35 -6.155365 2.589419
35 -6.501218 8.353634
35 -6.267323 4.455375
35 -6.344495 5.741590
37 -6.593037 9.883952
37 -6.218936 3.648928
37 -6.509563 8.492715
37 -6.277806 4.630097
39 -6.579148 9.652468
39 -6.583089 9.718157
39 -6.513803 8.563391
39 -6.388011 6.466845
41 -6.292991 4.883183
41 -6.541738 9.028971
41 -6.342107 5.701782
41 -6.555756 9.262600
41 -6.473364 7.889396
41 -6.156681 2.611343
24 -6.533172 8.886207
46 -6.240434 4.007236
46 -6.340183 5.669717
30 -6.167505 2.791746
46 -6.383779 6.396313
26 -6.581020 9.683663
46 -6.353834 5.897241
46 -6.583990 9.733174
24 -6.185562 3.092705
26 -6.341084 5.684736
30 -6.336406 5.606762
30 -6.285568 4.759464
30 -6.517320 8.622001
52 -6.321508 5.358465
28 -6.413518 6.891972
55 -6.551348 9.189138
35 -6.403748 6.729141
37 -6.232730 3.878835
30 -6.464913 7.748552
28 -6.220237 3.670620
59 -6.552654 9.210905
33 -6.442420 7.373671
35 -6.299600 4.993342
35 -6.579231 9.653852
30 -6.413408 6.890132
33 -6.528208 8.803471
39 -6.279477 4.657955
63 -6.517149 8.619149
41 -6.442958 7.382633
22 -6.377088 6.284808
35 -6.329090 5.484825
63 -6.450479 7.507990
48 -6.434598 7.243293
39 -6.297076 4.951274
28 -6.435063 7.251051
28 -6.553819 9.230320
46 -6.424963 7.082719
41 -6.310859 5.180991
26 -6.598521 9.975355
37 -6.279934 4.665563
39 -6.202695 3.378253
48 -6.327669 5.461149
46 -6.365526 6.092108
19 -6.272653 4.544216
46 -6.372544 6.209070
26 -6.266708 4.445126
37 -6.226331 3.772189
17 -6.532363 8.872722
41 -6.180715 3.011915
37 -6.413256 6.887607
39 -6.568430 9.473834
39 -6.599529 9.992146
35 -6.398074 6.634574
37 -6.287015 4.783586
37 -6.271791 4.529845
30 -6.454201 7.570009
50 -6.320156 5.335940
28 -6.448986 7.483108
33 -6.344848 5.747459
33 -6.478059 7.967654
26 -6.188766 3.146092
35 -6.594236 9.903929
44 -6.563798 9.396630
28 -6.596425 9.940423
48 -6.389975 6.499582
50 -6.455234 7.587230
26 -6.504979 8.416312
26 -6.332745 5.545748
24 -6.484143 8.069045
30 -6.386221 6.437010
28 -6.234183 3.903055
37 -6.465951 7.765852
50 -6.298763 4.979391
33 -6.490782 8.179700
48 -6.492596 8.209929
30 -6.404523 6.742055
28 -6.504598 8.409973
28 -6.385786 6.429766
37 -6.490093 8.168222
59 -6.554661 9.244358
37 -6.318564 5.309392
48 -6.526299 8.771655
44 -6.042430 0.707168
35 -6.138797 2.313275
39 -6.531165 8.852752
39 -6.487219 8.120315
24 -6.364705 6.078410
50 -6.578433 9.640542
37 -6.527237 8.787289
41 -6.139396 2.323264
37 -6.597801 9.963354
44 -6.126671 2.111187
33 -6.391850 6.530829
26 -6.245335 4.088918
30 -6.468359 7.805988
37 -6.386740 6.445663
37 -6.300339 5.005643
28 -6.398883 6.648050
44 -6.549946 9.165773
44 -6.424387 7.073114
41 -6.462868 7.714470
44 -6.450231 7.503852
44 -6.493276 8.221263
24 -6.382303 6.371713
30 -6.568251 9.470847
28 -6.442553 7.375881
48 -6.502195 8.369913
39 -6.442352 7.372539
41 -6.488876 8.147936
48 -6.544185 9.069742
26 -6.577755 9.629243
22 -6.230744 3.845737
28 -6.377328 6.288794
30 -6.532289 8.871478
48 -6.397791 6.629852
33 -6.276029 4.600479
30 -6.538228 8.970473
24 -6.441468 7.357808
30 -6.584407 9.740118
22 -6.589152 9.819197
33 -6.440161 7.336021
24 -6.203788 3.396460
44 -6.493136 8.218941
39 -6.416747 6.945786
41 -6.400342 6.672373
44 -6.498078 8.301304
39 -6.502544 8.375733
28 -6.458099 7.634991
26 -6.385855 6.430917
30 -6.333329 5.555491
47 -6.440342 7.339027
28 -6.482448 8.040804
41 -6.554930 9.248830
44 -6.521812 8.696863
44 -6.493164 8.219395
30 -6.475023 7.917053
39 -6.452523 7.542044
39 -6.332084 5.534727
39 -6.552899 9.214978
39 -6.578180 9.636338
33 -6.452509 7.541815
33 -6.242188 4.036465
37 -6.327263 5.454390
28 -6.561691 9.361523
55 -6.507596 8.459940
44 -6.235906 3.931767
39 -6.227174 3.786241
37 -6.327366 5.456094
39 -6.258876 4.314599
39 -6.352013 5.866885
30 -6.206643 3.444054
39 -6.280771 4.679523
33 -6.565464 9.424399
33 -6.419197 6.986621
50 -6.300566 5.009438
39 -6.537658 8.960960
41 -6.471760 7.862660
35 -6.479235 7.987252
44 -6.270755 4.512575
55 -6.455357 7.589283
52 -6.533063 8.884382
55 -6.507226 8.453767
