11 -1.065988 6.598798
11 -1.053711 5.371104
12 -1.094464 9.446354
12 -1.088034 8.803447
12 -1.036992 3.699179
12 -1.096497 9.649727
14 -1.055412 5.541186
13 -1.058905 5.890492
13 -1.035675 3.567522
13 -1.079059 7.905931
13 -1.056932 5.693236
14 -1.044580 4.458017
14 -1.053146 5.314550
14 -1.026046 2.604622
14 -1.076040 7.603964
14 -1.078915 7.891485
15 -1.022631 2.263130
15 -1.041326 4.132594
16 -1.045822 4.582240
15 -1.060341 6.034145
15 -1.076456 7.645570
15 -1.061306 6.130556
16 -1.080374 8.037430
16 -1.035377 3.537698
17 -1.096526 9.652642
17 -1.064599 6.459910
17 -1.020331 2.033114
18 -1.079078 7.907813
18 -1.049548 4.954767
19 -1.056774 5.677443
13 -1.071293 7.129309
18 -1.025276 2.527607
18 -1.029405 2.940539
19 -1.050917 5.091679
19 -1.019576 1.957574
19 -1.042243 4.224267
20 -1.096390 9.638979
20 -1.064223 6.422270
20 -1.028250 2.825001
20 -1.055861 5.586081
19 -1.024462 2.446183
15 -1.032794 3.279377
21 -1.061539 6.153871
21 -1.022220 2.222000
14 -1.038111 3.811141
21 -1.020175 2.017503
14 -1.087736 8.773563
22 -1.023175 2.317479
22 -1.057802 5.780205
14 -1.099278 9.927829
21 -1.030241 3.024091
14 -1.044244 4.424399
22 -1.022892 2.289235
24 -1.064669 6.466856
16 -1.074152 7.415170
16 -1.065716 6.571567
15 -1.066310 6.630957
17 -1.056466 5.646639
17 -1.025081 2.508063
17 -1.057333 5.733298
16 -1.084561 8.456103
16 -1.029781 2.978097
13 -1.026453 2.645261
12 -1.060306 6.030581
17 -1.061877 6.187687
13 -1.081860 8.186022
17 -1.062685 6.268468
15 -1.037145 3.714519
18 -1.075289 7.528850
16 -1.074119 7.411886
19 -1.098483 9.848329
15 -1.066530 6.652991
13 -1.034277 3.427690
18 -1.027579 2.757942
16 -1.096792 9.679229
15 -1.035744 3.574411
21 -1.032573 3.257318
15 -1.060413 6.041261
18 -1.027554 2.755366
17 -1.091751 9.175069
16 -1.059451 5.945082
13 -1.024257 2.425703
15 -1.075481 7.548115
18 -1.097893 9.789288
16 -1.056355 5.635458
15 -1.045098 4.509760
17 -1.030193 3.019338
17 -1.051464 5.146424
15 -1.024672 2.467237
15 -1.065177 6.517744
13 -1.097344 9.734385
16 -1.087846 8.784642
13 -1.029459 2.945946
17 -1.022957 2.295743
17 -1.043067 4.306668
11 -1.034603 3.460256
17 -1.038909 3.890896
15 -1.056240 5.624009
12 -1.049707 4.970673
10 -1.068145 6.814541
13 -1.034549 3.454898
15 -1.053942 5.394195
12 -1.056560 5.656007
13 -1.075152 7.515250
17 -1.081031 8.103089
14 -1.072477 7.247746
18 -1.039408 3.940836
19 -1.029185 2.918494
12 -1.061315 6.131495
17 -1.046383 4.638318
17 -1.043666 4.366647
19 -1.075323 7.532253
16 -1.046187 4.618661
13 -1.063599 6.359863
16 -1.040780 4.077983
17 -1.056765 5.676486
18 -1.061353 6.135298
12 -1.041589 4.158900
17 -1.033176 3.317633
18 -1.036732 3.673151
16 -1.090127 9.012699
24 -1.022412 2.241237
15 -1.043377 4.337652
16 -1.052029 5.202881
23 -1.032628 3.262804
19 -1.086117 8.611689
15 -1.059656 5.965605
14 -1.062421 6.242058
12 -1.085266 8.526575
13 -1.062590 6.258958
15 -1.053303 5.330267
14 -1.066406 6.640561
14 -1.064315 6.431464
13 -1.094254 9.425448
16 -1.070986 7.098599
17 -1.024305 2.430485
19 -1.025002 2.500213
16 -1.036940 3.694039
21 -1.035133 3.513330
18 -1.029033 2.903291
16 -1.032069 3.206855
23 -1.031667 3.166735
19 -1.097991 9.799093
20 -1.041692 4.169227
23 -1.026867 2.686657
14 -1.024948 2.494848
18 -1.027955 2.795519
17 -1.077801 7.780073
15 -1.089526 8.952627
12 -1.049747 4.974728
22 -1.030500 3.049973
18 -1.045409 4.540945
18 -1.081972 8.197219
16 -1.045757 4.575707
12 -1.061641 6.164098
14 -1.019293 1.929268
12 -1.071950 7.194967
21 -1.028354 2.835447
19 -1.098600 9.859990
16 -1.081390 8.139014
17 -1.054269 5.426896
14 -1.071544 7.154412
14 -1.090996 9.099630
12 -1.051190 5.119027
16 -1.024087 2.408657
17 -1.047134 4.713378
27 -1.027309 2.730920
14 -1.078288 7.828826
19 -1.024845 2.484495
16 -1.071290 7.129024
19 -1.061198 6.119834
18 -1.047659 4.765917
13 -1.032427 3.242738
18 -1.076505 7.650531
13 -1.076409 7.640869
17 -1.087623 8.762251
13 -1.073133 7.313310
13 -1.051237 5.123656
14 -1.082884 8.288439
13 -1.097705 9.770506
19 -1.049051 4.905125
13 -1.088737 8.873702
13 -1.050743 5.074330
12 -1.034540 3.453981
16 -1.056638 5.663755
13 -1.025381 2.538128
16 -1.079282 7.928178
16 -1.099961 9.996077
17 -1.038887 3.888675
21 -1.024061 2.406114
18 -1.022847 2.284665
20 -1.033578 3.357787
17 -1.032090 3.209033
22 -1.031111 3.111071
18 -1.025571 2.557095
17 -1.049435 4.943489
20 -1.067678 6.767795
17 -1.024817 2.481739
20 -1.029248 2.924816
29 -1.021903 2.190268
