13 -2.142032 7.101608
15 -2.054238 2.711917
15 -1.842384 7.880790
15 -1.867444 6.627793
15 -1.886833 5.658327
15 -2.129846 6.492297
15 -1.867982 6.600903
16 -1.882195 5.890256
16 -1.897803 5.109871
16 -1.982548 0.872604
16 -1.942795 2.860229
16 -1.851233 7.438349
16 -2.060227 3.011362
16 -1.957066 2.146698
16 -2.109484 5.474209
16 -1.845993 7.700337
16 -1.893959 5.302052
17 -2.106525 5.326227
17 -1.843325 7.833767
17 -1.857740 7.113023
17 -1.845496 7.725175
17 -1.900155 4.992256
17 -1.849698 7.515104
17 -2.014100 0.705019
17 -1.843238 7.838122
17 -1.846274 7.686288
17 -1.841738 7.913087
17 -1.940414 2.979319
17 -1.861273 6.936343
19 -1.849157 7.542165
19 -1.858171 7.091446
19 -1.888730 5.563498
19 -1.857029 7.148562
19 -1.862548 6.872576
19 -1.849560 7.521995
19 -1.919109 4.044543
20 -1.910819 4.459069
20 -1.847650 7.617478
20 -2.094102 4.705108
20 -1.851827 7.408671
20 -1.927171 3.641467
21 -1.861904 6.904821
20 -1.929935 3.503226
21 -2.055791 2.789565
21 -2.052354 2.617710
23 -1.857627 7.118628
12 -1.877058 6.147116
13 -2.108073 5.403645
17 -1.845590 7.720499
16 -1.892924 5.353799
16 -1.858791 7.060444
15 -1.860609 6.969534
12 -2.028694 1.434709
15 -2.047207 2.360373
16 -1.966454 1.677297
17 -1.918266 4.086714
17 -1.925670 3.716483
17 -2.101581 5.079046
17 -1.986236 0.688196
17 -1.949404 2.529823
17 -1.868797 6.560171
15 -2.059175 2.958763
19 -1.859527 7.023671
17 -1.851020 7.449009
19 -1.914193 4.290347
19 -1.987108 0.644584
20 -1.938060 3.097001
15 -1.916568 4.171608
19 -1.845070 7.746483
19 -2.095749 4.787427
16 -1.881865 5.906768
17 -1.959986 2.000721
17 -1.847575 7.621275
16 -1.850827 7.458665
20 -2.020518 1.025912
20 -1.856442 7.177902
21 -1.961468 1.926590
19 -1.843941 7.802932
21 -1.843077 7.846132
13 -2.141631 7.081549
11 -2.060240 3.011982
17 -1.856589 7.170562
19 -1.847781 7.610972
21 -1.868319 6.584054
19 -1.847881 7.605944
21 -1.844565 7.771757
23 -1.847549 7.622530
17 -1.869855 6.507237
20 -1.954359 2.282027
19 -1.842839 7.858036
16 -1.868223 6.588853
20 -1.855606 7.219701
17 -1.841303 7.934847
21 -1.846177 7.691148
19 -1.889363 5.531868
21 -1.857019 7.149043
12 -2.069393 3.469642
19 -1.871329 6.433535
16 -2.004251 0.212573
16 -1.845409 7.729551
16 -2.047473 2.373650
13 -1.846940 7.653001
15 -1.874687 6.265646
19 -1.846056 7.697209
19 -1.847029 7.648532
20 -1.959230 2.038482
16 -1.941254 2.937303
17 -1.859373 7.031366
19 -1.927125 3.643741
20 -1.914959 4.252044
17 -1.911422 4.428920
17 -1.866355 6.682250
16 -1.881702 5.914880
16 -1.846110 7.694478
17 -2.080957 4.047839
20 -1.849614 7.519321
19 -1.990145 0.492748
16 -2.072163 3.608127
17 -2.003420 0.170999
17 -2.052637 2.631850
23 -1.863754 6.812314
21 -1.879319 6.034044
20 -1.844472 7.776395
20 -1.920539 3.973067
19 -1.847490 7.625524
17 -1.847393 7.630341
21 -1.902125 4.893739
19 -1.842688 7.865589
16 -1.954507 2.274630
20 -2.095856 4.792785
23 -1.930551 3.472448
19 -1.849611 7.519475
21 -1.852506 7.374687
17 -1.872209 6.389531
19 -2.106932 5.346607
16 -1.928710 3.564488
16 -1.977912 1.104414
20 -1.910214 4.489314
16 -1.978809 1.059528
18 -1.875216 6.239201
19 -1.877360 6.131984
19 -1.894661 5.266949
19 -1.861727 6.913637
23 -1.910145 4.492762
17 -1.844135 7.793232
16 -1.936507 3.174668
16 -1.904136 4.793198
17 -1.863365 6.831769
16 -1.865179 6.741055
19 -1.869946 6.502679
19 -1.853421 7.328951
24 -1.856918 7.154109
19 -1.853744 7.312797
28 -1.852991 7.350442
17 -2.052684 2.634197
17 -1.997190 0.140485
23 -1.927365 3.631745
20 -1.855885 7.205772
19 -1.863311 6.834469
21 -2.141845 7.092241
16 -1.846984 7.650803
16 -1.919399 4.030068
19 -1.844596 7.770192
16 -1.860146 6.992719
23 -1.937392 3.130393
16 -2.051272 2.563616
16 -1.867006 6.649723
21 -1.852916 7.354213
20 -2.170180 8.509003
15 -1.929499 3.525055
16 -2.163782 8.189115
16 -1.844145 7.792728
20 -1.914352 4.282392
13 -1.895549 5.222548
17 -1.966682 1.665894
17 -1.854225 7.288774
17 -1.867148 6.642616
16 -1.947176 2.641197
19 -1.850492 7.475382
16 -1.993374 0.331280
17 -2.168507 8.425326
16 -1.854397 7.280152
17 -1.883206 5.839700
15 -1.952860 2.357000
20 -1.872242 6.387911
17 -1.889176 5.541195
23 -2.090420 4.520994
20 -1.907111 4.644474
23 -1.871462 6.426922
21 -1.901664 4.916798
19 -1.854827 7.258667
20 -1.844285 7.785755
23 -1.857958 7.102094
20 -1.853330 7.333511
21 -2.047321 2.366058
21 -1.849247 7.537670
21 -1.925535 3.723274
36 -1.850769 7.461534
27 -1.862738 6.863095
51 -1.855926 7.203679
