12 -2.151121 7.556071
13 -1.871582 6.420911
15 -1.934314 3.284289
15 -1.849403 7.529840
15 -1.892651 5.367468
16 -1.867891 6.605463
16 -1.881424 5.928780
16 -1.852358 7.382100
16 -2.016485 0.824263
16 -1.866806 6.659720
16 -1.871029 6.448540
16 -2.101066 5.053297
16 -2.140368 7.018408
17 -1.861882 6.905906
17 -1.860941 6.952940
17 -1.968433 1.578340
17 -1.842108 7.894600
17 -1.845780 7.711024
19 -1.928848 3.557585
19 -1.900066 4.996719
19 -1.997033 0.148341
19 -1.861504 6.924813
19 -1.843138 7.843100
19 -1.867606 6.619697
19 -1.980171 0.991448
19 -1.880640 5.968000
19 -1.852684 7.365814
13 -1.944561 2.771937
20 -1.849387 7.530644
20 -1.871138 6.443124
20 -1.883331 5.833446
20 -1.862550 6.872522
21 -1.974703 1.264846
21 -1.961893 1.905364
21 -1.898284 5.085794
21 -1.844897 7.755173
21 -2.040397 2.019863
21 -1.862538 6.873097
21 -1.856968 7.151617
22 -1.862970 6.851525
23 -1.844792 7.760410
23 -1.902182 4.890914
23 -1.887414 5.629295
23 -2.024779 1.238929
21 -2.041324 2.066199
23 -1.894372 5.281386
24 -1.983698 0.815088
24 -1.907225 4.638756
24 -1.852458 7.377079
16 -2.151884 7.594188
15 -2.153241 7.662069
12 -1.973103 1.344862
19 -2.009142 0.457104
13 -2.133824 6.691223
15 -1.952643 2.367848
17 -2.122670 6.133511
17 -1.848704 7.564807
16 -1.965757 1.712148
16 -2.083094 4.154680
17 -1.846081 7.695942
19 -1.882034 5.898318
19 -1.842187 7.890642
17 -1.922842 3.857919
16 -1.847218 7.639087
17 -1.888886 5.555698
17 -1.893925 5.303737
21 -1.935663 3.216825
20 -1.854767 7.261642
20 -1.917076 4.146222
17 -2.109665 5.483255
16 -2.143108 7.155392
21 -1.962132 1.893382
20 -1.847490 7.625517
15 -1.949922 2.503912
15 -2.064786 3.239287
19 -1.846576 7.671217
19 -1.895012 5.249410
22 -1.941973 2.901366
17 -1.874799 6.260038
20 -1.845667 7.716645
16 -2.043944 2.197199
19 -1.846939 7.653025
15 -2.121584 6.079200
17 -1.844318 7.784095
19 -1.984818 0.759120
17 -1.857743 7.112836
19 -2.030724 1.536219
19 -1.906150 4.692510
20 -1.867321 6.633943
24 -1.870778 6.461094
17 -1.852682 7.365915
21 -1.928123 3.593845
12 -2.079093 3.954653
19 -1.847440 7.627986
20 -2.016836 0.841784
17 -1.844913 7.754355
16 -1.853090 7.345524
16 -1.859480 7.025977
19 -1.860330 6.983504
21 -1.844177 7.791158
13 -2.125821 6.291048
21 -1.945349 2.732566
24 -1.855419 7.229036
19 -1.895300 5.235014
24 -1.911624 4.418787
17 -1.874666 6.266697
21 -1.859132 7.043385
19 -1.842660 7.866984
19 -1.847122 7.643899
17 -1.935267 3.236665
17 -1.873066 6.346722
15 -2.011876 0.593795
15 -1.953704 2.314789
17 -1.846223 7.688856
17 -1.889185 5.540749
19 -1.862923 6.853826
17 -1.844975 7.751227
20 -1.904528 4.773616
19 -2.002121 0.106073
21 -2.004062 0.203107
19 -1.855291 7.235448
17 -1.858723 7.063837
21 -1.870443 6.477834
19 -1.855867 7.206667
25 -1.861033 6.948344
17 -1.939288 3.035616
13 -2.175927 8.796334
17 -1.874205 6.289771
20 -1.898343 5.082836
20 -1.860135 6.993235
19 -2.109455 5.472765
20 -1.879530 6.023480
19 -2.143829 7.191459
15 -1.919329 4.033525
19 -1.847459 7.627060
16 -2.092679 4.633969
15 -1.849394 7.530276
17 -1.992720 0.364000
22 -1.864163 6.791831
16 -1.848585 7.570732
17 -1.843000 7.850019
19 -1.845154 7.742299
24 -1.870066 6.496695
19 -1.865933 6.703359
23 -1.939507 3.024628
20 -1.848885 7.555768
23 -1.843764 7.811821
13 -2.135655 6.782772
21 -1.877904 6.104800
17 -1.851223 7.438851
15 -2.154374 7.718683
23 -1.848444 7.577796
19 -1.857966 7.101676
19 -1.933295 3.335238
16 -2.022902 1.145080
15 -1.867885 6.605760
16 -1.850939 7.453050
16 -2.129492 6.474606
15 -2.027427 1.371325
19 -2.089021 4.451040
16 -1.877404 6.129787
17 -2.073006 3.650280
17 -2.194753 9.737629
20 -1.965639 1.718067
17 -1.859303 7.034868
16 -1.870929 6.453529
19 -1.978199 1.090025
17 -1.884356 5.782198
16 -1.882206 5.889725
19 -1.857874 7.106309
19 -1.898887 5.055649
20 -1.843617 7.819147
24 -2.068541 3.427025
27 -1.865954 6.702303
18 -1.901927 4.903673
16 -1.912302 4.384912
13 -2.060721 3.036062
17 -1.879182 6.040910
20 -1.846069 7.696551
13 -1.878805 6.059747
24 -1.844770 7.761506
19 -1.842710 7.864482
16 -1.842940 7.852979
21 -1.951297 2.435136
17 -1.881353 5.932325
21 -1.856117 7.194127
16 -1.844782 7.760885
20 -1.858496 7.075194
16 -1.987246 0.637723
20 -2.105483 5.274140
23 -1.879329 6.033553
17 -1.980998 0.950124
24 -1.878961 6.051931
28 -1.938930 3.053505
19 -1.854671 7.266468
19 -1.865473 6.726334
21 -1.860229 6.988567
20 -1.849735 7.513249
23 -1.855898 7.205101
23 -1.899689 5.015566
