9 0.916825 8.317477
9 0.936489 6.351058
9 0.921260 7.874037
9 0.914942 8.505782
11 0.932445 6.755509
11 0.918322 8.167841
11 0.952444 4.755613
11 0.924604 7.539608
11 0.935311 6.468869
11 0.906297 9.370271
11 0.900211 9.978886
25 0.929253 7.074723
12 0.918724 8.127644
12 0.939815 6.018455
26 0.931139 6.886106
12 0.960791 3.920860
12 0.926423 7.357650
12 0.932041 6.795863
28 0.952416 4.758409
28 0.941548 5.845235
29 0.971898 2.810227
29 0.956631 4.336917
29 0.955992 4.400784
25 0.915239 8.476063
30 0.945740 5.425978
25 0.932393 6.760654
30 0.969383 3.061655
31 0.954738 4.526243
13 0.935945 6.405523
13 0.937486 6.251382
13 0.918402 8.159789
13 0.910592 8.940847
13 0.922618 7.738200
33 0.968793 3.120711
9 0.902722 9.727800
15 0.933349 6.665051
15 0.930412 6.958808
15 0.936843 6.315749
15 0.970131 2.986884
15 0.972005 2.799526
15 0.963271 3.672865
26 0.938812 6.118826
11 0.937511 6.248899
34 0.948394 5.160580
16 0.963143 3.685672
11 0.939064 6.093612
16 0.961192 3.880799
16 0.929563 7.043731
29 0.947422 5.257844
30 0.955955 4.404483
17 0.961375 3.862490
12 0.946452 5.354757
17 0.906911 9.308887
11 0.969879 3.012094
17 0.943902 5.609796
12 0.965093 3.490735
11 0.935373 6.462709
9 0.907569 9.243122
21 0.929729 7.027115
15 0.970781 2.921926
12 0.919787 8.021272
27 0.931802 6.819802
23 0.939528 6.047244
12 0.968025 3.197518
12 0.965461 3.453897
12 0.940527 5.947314
11 0.924469 7.553101
13 0.923247 7.675276
9 0.928274 7.172637
20 0.918769 8.123121
15 0.941449 5.855067
12 0.907161 9.283867
23 0.957687 4.231322
30 0.956808 4.319214
13 0.925107 7.489329
13 0.969906 3.009427
29 0.951868 4.813204
33 0.970046 2.995443
12 0.928576 7.142380
12 0.931734 6.826569
26 0.968566 3.143367
15 0.930990 6.900991
25 0.929946 7.005422
12 0.920829 7.917105
11 0.943406 5.659445
12 0.909611 9.038860
11 0.904960 9.503952
12 0.966669 3.333065
13 0.920378 7.962217
25 0.929655 7.034544
16 0.951944 4.805607
16 0.956237 4.376274
16 0.974814 2.518575
31 0.966950 3.305032
12 0.919554 8.044640
13 0.916188 8.381166
17 0.943888 5.611211
29 0.951510 4.849019
9 0.907484 9.251585
8 0.911308 8.869235
12 0.944977 5.502321
15 0.916407 8.359297
13 0.941119 5.888077
36 0.952605 4.739459
12 0.961909 3.809121
13 0.945007 5.499285
28 0.960595 3.940529
12 0.965466 3.453415
17 0.950309 4.969104
16 0.965922 3.407763
13 0.948289 5.171124
13 0.902582 9.741833
12 0.902497 9.750349
23 0.950104 4.989564
15 0.910081 8.991877
13 0.933939 6.606093
12 0.905472 9.452804
16 0.962670 3.732959
25 0.936063 6.393667
13 0.954590 4.541017
15 0.935312 6.468830
20 0.923669 7.633061
16 0.947817 5.218316
15 0.965761 3.423883
21 0.932964 6.703621
15 0.927011 7.298927
9 0.908522 9.147828
15 0.926998 7.300177
25 0.906465 9.353484
16 0.966107 3.389259
24 0.941683 5.831674
13 0.905486 9.451367
30 0.929308 7.069178
17 0.939484 6.051636
12 0.953016 4.698440
16 0.914168 8.583247
13 0.970118 2.988241
13 0.901909 9.809084
17 0.939122 6.087849
13 0.900977 9.902316
15 0.966604 3.339565
17 0.941965 5.803521
15 0.927118 7.288172
15 0.940561 5.943896
12 0.939313 6.068699
22 0.967639 3.236071
9 0.958851 4.114936
12 0.967333 3.266720
29 0.972665 2.733481
17 0.943026 5.697408
17 0.944901 5.509859
13 0.956461 4.353905
13 0.910138 8.986167
13 0.950139 4.986113
9 0.946874 5.312594
25 0.977837 2.216251
12 0.935188 6.481221
12 0.913117 8.688264
12 0.900436 9.956370
12 0.943070 5.693004
13 0.940007 5.999347
12 0.920392 7.960784
22 0.915049 8.495070
12 0.954500 4.549967
13 0.963312 3.668786
28 0.943470 5.653021
17 0.936920 6.308035
13 0.909820 9.017962
12 0.913714 8.628613
22 0.933200 6.679980
14 0.929361 7.063886
37 0.965948 3.405151
11 0.908716 9.128438
15 0.952002 4.799784
16 0.965042 3.495782
13 0.925888 7.411166
25 0.950400 4.959952
13 0.943924 5.607600
15 0.964189 3.581104
13 0.964268 3.573231
12 0.949138 5.086183
12 0.952212 4.778752
26 0.939367 6.063315
16 0.968263 3.173714
29 0.933697 6.630263
12 0.910995 8.900528
14 0.944412 5.558842
13 0.956453 4.354737
28 0.945451 5.454949
12 0.955485 4.451458
15 0.923771 7.622894
15 0.945108 5.489151
17 0.955283 4.471744
19 0.911620 8.837975
16 0.908436 9.156432
16 0.915791 8.420855
16 0.952935 4.706531
20 0.937616 6.238364
17 0.925080 7.492026
21 0.960522 3.947763
