8 96.774560 3.186715
8 98.579308 1.381244
8 94.866490 5.095548
8 92.400862 7.562163
8 96.232133 3.729359
8 94.624215 5.337920
8 93.665800 6.296719
8 90.503861 9.459923
8 94.692573 5.269535
8 99.204629 0.755673
8 99.088823 0.871526
8 96.993843 2.967344
8 98.776753 1.183720
8 90.525678 9.438097
8 96.696153 3.265153
8 91.678202 8.285112
8 93.118690 6.844048
8 90.710491 9.253210
8 92.107053 7.856089
8 97.143121 2.818006
10 97.774568 2.186306
8 97.298287 2.662778
10 99.419304 0.540913
10 90.386265 9.577566
10 98.115171 1.845567
8 98.485118 1.475472
8 98.124686 1.836048
10 97.453359 2.507644
10 92.900471 7.062354
10 95.793715 4.167952
10 95.304499 4.657364
10 94.926511 5.035504
10 95.354427 4.607416
8 95.791899 4.169769
10 90.586704 9.377047
8 90.560262 9.403500
8 90.650761 9.312964
10 94.397059 5.565168
8 91.940960 8.022248
8 95.171113 4.790804
10 93.448100 6.514506
8 98.082050 1.878701
8 96.980031 2.981161
8 92.957606 7.005196
8 93.294447 6.668221
8 98.268146 1.692531
8 96.486658 3.474732
10 90.411237 9.552584
10 91.997912 7.965274
10 96.898969 3.062256
10 93.018555 6.944222
12 93.706368 6.256135
8 91.712033 8.251268
12 99.955840 0.004162
8 96.082631 3.878921
10 90.487654 9.476136
8 90.463729 9.500071
12 92.382431 7.580601
10 91.365083 8.598357
8 94.685189 5.276922
12 93.119725 6.843012
12 95.229064 4.732829
8 93.270020 6.692658
10 94.555335 5.406828
8 95.717901 4.243797
10 95.726489 4.235205
10 93.926568 6.035847
8 93.890577 6.071852
8 97.704931 2.255971
8 97.889034 2.071795
8 95.875041 4.086594
8 90.575835 9.387920
10 95.886602 4.075028
10 91.455300 8.508103
10 94.878836 5.083197
10 95.211797 4.750103
8 92.309834 7.653227
8 99.129609 0.830723
15 97.860810 2.100030
15 98.894499 1.065927
15 96.553478 3.407886
15 97.470399 2.490597
15 96.943696 3.017511
15 93.712116 6.250384
15 93.513683 6.448897
8 97.750682 2.210202
10 90.641792 9.321937
8 99.708435 0.251666
12 99.222915 0.737380
8 98.594531 1.366016
12 93.089214 6.873535
10 91.537684 8.425686
10 95.550216 4.411548
10 93.425260 6.537355
8 95.928921 4.032692
13 90.705436 9.258267
17 91.019907 8.943671
8 93.413624 6.548996
17 91.075247 8.888309
17 99.183331 0.776980
15 93.493499 6.469089
15 92.492092 7.470896
8 96.366938 3.594500
8 93.080269 6.882484
8 92.642291 7.320637
10 90.307956 9.655907
10 99.720948 0.239148
10 97.224200 2.736895
8 98.783584 1.176886
8 94.666481 5.295638
12 91.485186 8.478205
8 94.430941 5.531271
8 92.494137 7.468851
10 94.874194 5.087841
8 93.737049 6.225441
12 90.311917 9.651943
12 94.315248 5.647011
12 95.429699 4.532114
8 99.669764 0.290352
8 92.027204 7.935970
8 90.746155 9.217532
17 90.745061 9.218626
17 99.073030 0.887325
8 92.401923 7.561101
17 95.893104 4.068523
10 98.607007 1.353535
8 90.304511 9.659353
15 98.644175 1.316351
10 90.069591 9.894367
8 90.797530 9.166137
8 98.444073 1.516534
12 98.023384 1.937391
8 96.988375 2.972814
12 90.578436 9.385318
8 93.894759 6.067668
8 93.915554 6.046865
12 92.425738 7.537277
12 91.606510 8.356833
10 93.515972 6.446606
8 96.582047 3.379304
8 97.476800 2.484194
10 92.795325 7.167542
8 97.170198 2.790918
15 92.466693 7.496306
8 96.796516 3.164750
10 92.889908 7.072921
15 93.747482 6.215004
10 94.217603 5.744695
10 94.866744 5.095294
10 91.295007 8.668461
8 96.221139 3.740357
8 96.838245 3.123004
10 92.287862 7.675208
10 95.102281 4.859663
13 92.455539 7.507464
15 91.435366 8.528045
10 91.887435 8.075796
12 90.215871 9.748028
8 95.417891 4.543927
8 97.122530 2.838606
12 97.407970 2.553051
8 94.194101 5.768207
8 91.707016 8.256287
10 93.890126 6.072302
10 96.663822 3.297497
13 98.891468 1.068960
13 96.611911 3.349429
15 90.102744 9.861201
8 93.311196 6.651465
10 91.236565 8.726926
10 91.671828 8.291489
8 96.508782 3.452599
10 92.499511 7.463475
10 95.448920 4.512885
10 98.469205 1.491392
12 94.931428 5.030584
12 92.573503 7.389453
10 97.964510 1.996289
17 94.597056 5.365090
17 92.822008 7.140849
10 96.662442 3.298877
15 91.665221 8.298098
19 90.169215 9.794703
10 91.109552 8.853990
10 99.624174 0.335960
15 96.828707 3.132546
10 96.110606 3.850934
12 93.095722 6.867025
12 93.323591 6.639064
15 97.732975 2.227916
24 91.738124 8.225166
22 90.861558 9.102083
12 96.124318 3.837217
12 98.689852 1.270656
17 95.417983 4.543835
17 95.582475 4.379276
24 92.451146 7.511859
17 92.016686 7.946493
22 98.768011 1.192466
22 91.785087 8.178184
