12 -1.007405 0.740529
30 -1.062732 6.273235
35 -1.018706 1.870619
32 -1.046488 4.648763
11 -1.024792 2.479171
34 -1.031197 3.119704
42 -1.045013 4.501344
42 -1.023657 2.365732
48 -1.000421 0.042054
49 -1.051002 5.100240
47 -1.027396 2.739573
52 -1.095288 9.528803
55 -1.079358 7.935800
49 -1.004356 0.435595
41 -1.031588 3.158750
59 -1.076522 7.652187
58 -1.085935 8.593537
56 -1.076579 7.657875
54 -1.056668 5.666761
58 -1.097314 9.731418
52 -1.089309 8.930877
64 -1.095104 9.510365
30 -1.086246 8.624574
45 -1.021494 2.149356
28 -1.086904 8.690394
77 -1.098694 9.869395
65 -1.054712 5.471194
77 -1.093698 9.369792
46 -1.084138 8.413800
failed to find solution after reaching max emtpy limit -- 62 iterations and 54 function evals
70 -1.079900 7.989974
32 -1.066157 6.615747
80 -1.073224 7.322431
failed to find solution after reaching max emtpy limit -- 68 iterations and 51 function evals
64 -1.099841 9.984092
71 -1.071467 7.146664
76 -1.081493 8.149300
94 -1.096361 9.636092
63 -1.096911 9.691112
80 -1.014418 1.441822
79 -1.087261 8.726083
59 -1.091961 9.196122
85 -1.080143 8.014253
failed to find solution after reaching max emtpy limit -- 82 iterations and 63 function evals
83 -1.091443 9.144337
8 -1.052148 5.214831
57 -1.055690 5.569040
68 -1.066427 6.642731
67 -1.079309 7.930906
80 -1.067051 6.705141
failed to find solution after reaching max emtpy limit -- 85 iterations and 66 function evals
38 -1.000659 0.065897
77 -1.093787 9.378710
82 -1.091577 9.157730
81 -1.057034 5.703358
failed to find solution after reaching max emtpy limit -- 90 iterations and 63 function evals
86 -1.024213 2.421263
58 -1.094601 9.460141
73 -1.089946 8.994624
84 -1.098523 9.852296
75 -1.076135 7.613498
failed to find solution after reaching max emtpy limit -- 70 iterations and 49 function evals
53 -1.024360 2.436037
57 -1.075949 7.594915
failed to find solution after reaching max emtpy limit -- 118 iterations and 54 function evals
75 -1.094085 9.408542
73 -1.099278 9.927785
78 -1.088595 8.859478
failed to find solution after reaching max emtpy limit -- 90 iterations and 72 function evals
63 -1.011446 1.144621
59 -1.051751 5.175079
74 -1.071056 7.105571
failed to find solution after reaching max emtpy limit -- 82 iterations and 81 function evals
85 -1.037784 3.778397
63 -1.043715 4.371467
failed to find solution after reaching max emtpy limit -- 24 iterations and 18 function evals
98 -1.048170 4.817015
48 -1.076127 7.612664
60 -1.053246 5.324599
61 -1.047005 4.700501
59 -1.057296 5.729559
74 -1.098733 9.873310
91 -1.086676 8.667599
53 -1.002904 0.290367
62 -1.059089 5.908874
87 -1.087778 8.777754
77 -1.076119 7.611865
56 -1.083346 8.334595
71 -1.060761 6.076078
failed to find solution after reaching max emtpy limit -- 90 iterations and 78 function evals
86 -1.084488 8.448801
61 -1.045157 4.515731
45 -1.013754 1.375380
72 -1.083838 8.383780
72 -1.065237 6.523729
52 -1.006887 0.688701
48 -1.083883 8.388344
75 -1.004799 0.479893
72 -1.056009 5.600920
failed to find solution after reaching max emtpy limit -- 155 iterations and 119 function evals
62 -1.093843 9.384291
failed to find solution after reaching max emtpy limit -- 48 iterations and 49 function evals
31 -1.018131 1.813086
61 -1.094450 9.444957
39 -1.038998 3.899823
61 -1.090788 9.078794
failed to find solution after reaching max emtpy limit -- 170 iterations and 85 function evals
failed to find solution after reaching max emtpy limit -- 103 iterations and 74 function evals
77 -1.092650 9.264998
47 -1.047804 4.780448
90 -1.030365 3.036500
63 -1.092253 9.225321
55 -1.029446 2.944642
77 -1.085558 8.555776
78 -1.093785 9.378540
82 -1.091760 9.175983
74 -1.084564 8.456403
38 -1.036258 3.625791
58 -1.044545 4.454523
failed to find solution after reaching max emtpy limit -- 106 iterations and 62 function evals
50 -1.078543 7.854337
54 -1.072746 7.274576
89 -1.079779 7.977912
71 -1.093554 9.355391
74 -1.017681 1.768130
46 -1.076791 7.679073
70 -1.036728 3.672813
failed to find solution after reaching max emtpy limit -- 127 iterations and 82 function evals
100 -1.073175 7.317530
failed to find solution after reaching max emtpy limit -- 87 iterations and 62 function evals
84 -1.037290 3.728964
86 -1.067103 6.710306
13 -1.054554 5.455420
failed to find solution after reaching max emtpy limit -- 41 iterations and 45 function evals
85 -1.085363 8.536289
73 -1.084518 8.451849
47 -1.000124 0.012369
32 -1.090807 9.080692
45 -1.085224 8.522377
64 -1.051423 5.142278
92 -1.097517 9.751711
73 -1.080439 8.043903
72 -1.090357 9.035746
86 -1.065851 6.585103
81 -1.075281 7.528100
64 -1.057347 5.734705
86 -1.008473 0.847311
29 -1.052765 5.276534
77 -1.099843 9.984264
failed to find solution after reaching max emtpy limit -- 91 iterations and 75 function evals
83 -1.095213 9.521251
74 -1.084084 8.408415
28 -1.073070 7.307024
49 -1.021660 2.165979
67 -1.087581 8.758062
54 -1.000069 0.006884
50 -1.087187 8.718658
75 -1.081317 8.131712
77 -1.022352 2.235215
failed to find solution after reaching max emtpy limit -- 116 iterations and 93 function evals
54 -1.027396 2.739579
30 -1.058234 5.823383
failed to find solution after reaching max emtpy limit -- 198 iterations and 123 function evals
failed to find solution after reaching max emtpy limit -- 131 iterations and 100 function evals
72 -1.014681 1.468142
failed to find solution after reaching max emtpy limit -- 43 iterations and 38 function evals
102 -1.067945 6.794478
54 -1.070767 7.076662
58 -1.094491 9.449075
failed to find solution after reaching max emtpy limit -- 192 iterations and 90 function evals
69 -1.035654 3.565351
72 -1.030455 3.045527
84 -1.095627 9.562685
85 -1.092488 9.248790
63 -1.092846 9.284619
73 -1.084222 8.422211
108 -1.065625 6.562550
96 -1.094193 9.419305
85 -1.095891 9.589079
78 -1.089236 8.923583
failed to find solution after reaching max emtpy limit -- 118 iterations and 74 function evals
failed to find solution after reaching max emtpy limit -- 104 iterations and 66 function evals
72 -1.068172 6.817225
73 -1.087630 8.762959
84 -1.095459 9.545853
failed to find solution after reaching max emtpy limit -- 98 iterations and 75 function evals
82 -1.078973 7.897301
failed to find solution after reaching max emtpy limit -- 83 iterations and 88 function evals
failed to find solution after reaching max emtpy limit -- 93 iterations and 69 function evals
failed to find solution after reaching max emtpy limit -- 106 iterations and 85 function evals
113 -1.099621 9.962077
failed to find solution after reaching max emtpy limit -- 112 iterations and 99 function evals
failed to find solution after reaching max emtpy limit -- 182 iterations and 91 function evals
failed to find solution after reaching max emtpy limit -- 349 iterations and 168 function evals
97 -1.096723 9.672276
failed to find solution after reaching max emtpy limit -- 177 iterations and 97 function evals
failed to find solution after reaching max emtpy limit -- 269 iterations and 153 function evals
failed to find solution after reaching max emtpy limit -- 373 iterations and 202 function evals
failed to find solution after reaching max emtpy limit -- 515 iterations and 235 function evals
failed to find solution after reaching max emtpy limit -- 546 iterations and 258 function evals
