11 -5.461676 9.233519
12 -5.209901 4.198015
13 -5.155557 3.111135
13 -5.302522 6.050435
13 -5.358103 7.162056
13 -5.451312 9.026234
13 -5.126772 2.535441
13 -5.060323 1.206468
13 -5.494279 9.885571
13 -5.138728 2.774553
15 -5.245702 4.914033
15 -5.113593 2.271866
15 -5.208493 4.169867
16 -5.221954 4.439084
16 -5.060868 1.217365
16 -5.134607 2.692131
16 -5.284477 5.689541
16 -5.195165 3.903306
16 -5.295482 5.909642
16 -5.176373 3.527451
16 -5.053141 1.062826
16 -5.257161 5.143226
17 -5.243142 4.862849
17 -5.499310 9.986194
12 -5.014219 0.284376
7 -5.284501 5.690015
17 -5.250335 5.006692
17 -5.146289 2.925782
17 -5.306117 6.122335
17 -5.052790 1.055790
17 -5.250117 5.002343
19 -5.082164 1.643281
19 -5.254406 5.088123
19 -5.206392 4.127844
19 -5.137990 2.759806
20 -5.422569 8.451387
20 -5.032092 0.641843
20 -5.176220 3.524408
20 -5.202376 4.047516
20 -5.108357 2.167149
20 -5.312708 6.254169
20 -5.094916 1.898313
20 -5.429597 8.591942
20 -5.456826 9.136527
20 -5.118383 2.367669
21 -5.030321 0.606415
21 -5.014373 0.287461
21 -5.423724 8.474488
15 -5.212122 4.242438
21 -5.022949 0.458977
15 -5.011013 0.220255
12 -5.147406 2.948114
12 -5.004396 0.087930
13 -5.307071 6.141415
24 -5.272981 5.459620
16 -5.441789 8.835782
17 -5.060800 1.216010
12 -5.152308 3.046169
12 -5.183735 3.674705
16 -5.054601 1.092025
11 -5.157200 3.143991
13 -5.443060 8.861196
15 -5.071862 1.437232
17 -5.250474 5.009475
16 -5.082122 1.642441
15 -5.256431 5.128611
19 -5.132541 2.650823
16 -5.435398 8.707963
17 -5.046971 0.939415
20 -5.427768 8.555357
16 -5.225850 4.516995
17 -5.195770 3.915395
16 -5.306350 6.126997
15 -5.119699 2.393974
17 -5.268065 5.361290
21 -5.284987 5.699738
11 -5.497072 9.941432
17 -5.344665 6.893301
17 -5.346157 6.923148
13 -5.330813 6.616254
19 -5.067526 1.350517
20 -5.367035 7.340699
23 -5.091763 1.835261
13 -5.354060 7.081203
16 -5.107208 2.144161
16 -5.095158 1.903152
17 -5.304828 6.096552
17 -5.086596 1.731929
17 -5.366179 7.323581
15 -5.104423 2.088464
16 -5.154914 3.098286
16 -5.108625 2.172490
16 -5.050766 1.015323
17 -5.069655 1.393096
13 -5.160787 3.215737
12 -5.193909 3.878175
15 -5.243814 4.876289
19 -5.110901 2.218027
17 -5.312181 6.243613
25 -5.476280 9.525607
23 -5.108966 2.179329
7 -5.308991 6.179817
13 -5.072232 1.444640
23 -5.020495 0.409893
15 -5.273892 5.477847
17 -5.449179 8.983584
13 -5.211524 4.230473
16 -5.244154 4.883075
21 -5.118751 2.375013
13 -5.074099 1.481985
15 -5.079309 1.586172
17 -5.169099 3.381973
16 -5.423930 8.478597
17 -5.294895 5.897896
16 -5.337231 6.744628
13 -5.035906 0.718116
21 -5.016572 0.331439
19 -5.396745 7.934893
24 -5.093640 1.872803
15 -5.442658 8.853158
13 -5.122508 2.450160
16 -5.475224 9.504483
16 -5.114256 2.285111
17 -5.056368 1.127367
16 -5.294946 5.898912
20 -5.470339 9.406778
13 -5.337413 6.748267
20 -5.200559 4.011173
19 -5.207780 4.155602
16 -5.357915 7.158307
16 -5.365323 7.306458
17 -5.185669 3.713376
16 -5.033964 0.679283
19 -5.195356 3.907120
20 -5.021767 0.435350
15 -5.336333 6.726657
19 -5.130416 2.608317
13 -5.342915 6.858297
17 -5.032255 0.645106
16 -5.050156 1.003119
17 -5.341251 6.825025
24 -5.338098 6.761962
16 -5.319658 6.393157
16 -5.377897 7.557944
16 -5.249653 4.993067
19 -5.291640 5.832806
19 -5.057829 1.156584
17 -5.144601 2.892020
23 -5.033429 0.668576
13 -5.153253 3.065054
23 -5.107101 2.142024
12 -5.253641 5.072824
20 -5.095534 1.910680
12 -5.053960 1.079198
17 -5.077163 1.543268
19 -5.296797 5.935950
12 -5.435007 8.700130
15 -5.387746 7.754914
17 -5.167259 3.345177
15 -5.109758 2.195165
16 -5.384268 7.685355
19 -5.236756 4.735129
17 -5.155816 3.116322
19 -5.175966 3.519312
12 -5.363834 7.276670
17 -5.024790 0.495795
16 -5.423419 8.468384
17 -5.097599 1.951981
19 -5.075565 1.511298
13 -5.031120 0.622399
17 -5.130079 2.601581
16 -5.463054 9.261082
15 -5.173347 3.466933
16 -5.144965 2.899292
16 -5.245540 4.910803
16 -5.066384 1.327690
19 -5.469409 9.388178
21 -5.027154 0.543089
13 -5.419707 8.394142
25 -5.062672 1.253443
20 -5.228851 4.577016
17 -5.204697 4.093941
20 -5.461758 9.235154
20 -5.177265 3.545303
16 -5.268621 5.372411
17 -5.017082 0.341642
17 -5.090450 1.809010
16 -5.288391 5.767814
24 -5.416828 8.336557
17 -5.224372 4.487440
19 -5.374177 7.483531
19 -5.261832 5.236637
17 -5.050673 1.013469
17 -5.227018 4.540358
16 -5.379282 7.585645
16 -5.179521 3.590423
17 -5.161945 3.238902
20 -5.208985 4.179695
24 -5.071848 1.436970
27 -5.310655 6.213090
