23 -3.383146 7.887497
24 -3.411640 8.796168
24 -3.323738 5.993007
25 -3.427454 9.300481
25 -3.192595 1.810875
26 -3.375147 7.632416
27 -3.428669 9.339207
27 -3.262037 4.025374
27 -3.370469 7.483230
28 -3.206137 2.242743
29 -3.414336 8.882125
33 -3.397305 8.339020
33 -3.439993 9.700329
23 -3.234935 3.161082
25 -3.323432 5.983236
38 -3.438884 9.664973
34 -3.190520 1.744705
28 -3.429791 9.375004
38 -3.415388 8.915677
43 -3.438426 9.650350
39 -3.317794 5.803432
39 -3.326769 6.089658
45 -3.378931 7.753096
45 -3.286624 4.809433
36 -3.448742 9.979350
37 -3.265205 4.126392
32 -3.237026 3.227786
24 -3.315725 5.737473
50 -3.313497 5.666397
47 -3.328169 6.134283
35 -3.358551 7.103172
52 -3.262078 4.026669
35 -3.313980 5.681816
46 -3.313980 5.681813
45 -3.372637 7.552375
47 -3.359723 7.140536
25 -3.313980 5.681816
32 -3.359052 7.119163
26 -3.229202 2.978271
24 -3.219502 2.668952
58 -3.409036 8.713109
24 -3.395039 8.266776
60 -3.447847 9.950799
32 -3.251315 3.683448
33 -3.324101 6.004569
34 -3.253416 3.750461
36 -3.282720 4.684932
67 -3.407929 8.677819
60 -3.259075 3.930908
51 -3.424567 9.208386
30 -3.189897 1.724843
29 -3.214627 2.513464
36 -3.413724 8.862626
29 -3.312267 5.627183
23 -3.419167 9.036200
25 -3.262901 4.052909
32 -3.445427 9.873621
56 -3.343521 6.623882
34 -3.198664 2.004416
69 -3.410614 8.763443
58 -3.313980 5.681815
55 -3.362852 7.240324
67 -3.313980 5.681806
59 -3.346021 6.703600
55 -3.320542 5.891071
72 -3.406049 8.617860
73 -3.411592 8.794629
45 -3.313980 5.681815
41 -3.313980 5.681808
30 -3.327670 6.118394
39 -3.426124 9.258053
71 -3.357520 7.070283
44 -3.428319 9.328065
42 -3.389499 8.090085
65 -3.313867 5.678210
51 -3.412649 8.828328
34 -3.210007 2.366143
44 -3.445165 9.865258
37 -3.360739 7.172940
54 -3.352722 6.917272
84 -3.391349 8.149084
62 -3.314003 5.682559
32 -3.207466 2.285112
29 -3.387960 8.041028
76 -3.393206 8.208322
78 -3.367114 7.376243
32 -3.263661 4.077145
45 -3.411276 8.784552
27 -3.235354 3.174442
55 -3.429665 9.370983
43 -3.349957 6.829102
100 -3.368008 7.404768
49 -3.207232 2.277665
30 -3.313980 5.681816
27 -3.326951 6.095459
36 -3.427123 9.289906
79 -3.297883 5.168487
100 -3.407077 8.650655
64 -3.313980 5.681815
64 -3.345373 6.682941
65 -3.448140 9.960125
78 -3.447449 9.938086
28 -3.435975 9.572210
55 -3.365537 7.325948
26 -3.418482 9.014364
28 -3.394510 8.249900
91 -3.277382 4.514729
29 -3.282191 4.668086
28 -3.349927 6.828149
25 -3.314282 5.691441
38 -3.254094 3.772076
44 -3.320919 5.903113
113 -3.413866 8.867135
42 -3.406793 8.641605
27 -3.308845 5.518062
99 -3.310576 5.573258
66 -3.238463 3.273590
72 -3.322894 5.966094
42 -3.270164 4.284522
32 -3.337126 6.419928
38 -3.387365 8.022053
33 -3.281888 4.658413
62 -3.404783 8.577512
49 -3.413018 8.840117
28 -3.440988 9.732068
37 -3.331027 6.225436
32 -3.360925 7.178876
40 -3.209016 2.334541
28 -3.434923 9.538640
29 -3.430481 9.397007
124 -3.314044 5.683844
45 -3.443037 9.797399
33 -3.420296 9.072210
40 -3.313981 5.681846
36 -3.313980 5.681818
54 -3.191751 1.783972
26 -3.361876 7.209214
25 -3.186741 1.624207
47 -3.399637 8.413380
101 -3.309778 5.547830
57 -3.345677 6.692611
42 -3.423501 9.174413
33 -3.372927 7.561614
51 -3.365611 7.328312
52 -3.411091 8.778642
39 -3.381775 7.843791
80 -3.365907 7.337755
52 -3.196557 1.937218
54 -3.265438 4.133811
62 -3.390796 8.131445
40 -3.389342 8.085101
103 -3.413077 8.841993
33 -3.352412 6.907388
27 -3.250748 3.665362
82 -3.254741 3.792698
23 -3.263759 4.080290
28 -3.270975 4.310388
80 -3.242198 3.392695
61 -3.239895 3.319256
57 -3.424825 9.216638
59 -3.168523 1.043227
32 -3.445007 9.860217
116 -3.313982 5.681871
125 -3.382270 7.859548
42 -3.317030 5.779073
81 -3.373219 7.570945
69 -3.314844 5.709370
55 -3.313983 5.681919
51 -3.313980 5.681815
66 -3.223760 2.804717
61 -3.219159 2.658007
117 -3.249860 3.637047
75 -3.250119 3.645307
80 -3.313990 5.682128
74 -3.395124 8.269483
74 -3.246613 3.533495
79 -3.231298 3.045107
101 -3.445492 9.875698
97 -3.441609 9.751850
166 -3.198367 1.994947
75 -3.313979 5.681798
134 -3.313980 5.681816
139 -3.363651 7.265821
153 -3.219187 2.658906
87 -3.360777 7.174155
172 -3.381613 7.838600
70 -3.313980 5.681816
120 -3.313967 5.681389
113 -3.430770 9.406210
94 -3.360373 7.161286
157 -3.353058 6.928006
176 -3.277045 4.503970
83 -3.300920 5.265327
165 -3.229358 2.983239
172 -3.313989 5.682097
165 -3.196455 1.933964
191 -3.381393 7.831610
199 -3.369872 7.464180
130 -3.345641 6.691465
310 -3.329575 6.179120
