16 -6.469157 7.819278
20 -6.307177 5.119621
20 -6.528001 8.800017
25 -6.223039 3.717319
25 -6.265206 4.420093
29 -6.421068 7.017802
29 -6.599059 9.984322
30 -6.538076 8.967933
31 -6.591432 9.857194
31 -6.542513 9.041881
29 -6.342882 5.714700
31 -6.558027 9.300445
17 -6.562614 9.376892
36 -6.536913 8.948548
31 -6.588555 9.809252
38 -6.582467 9.707789
38 -6.596280 9.938007
38 -6.565628 9.427139
40 -6.580596 9.676593
41 -6.514965 8.582756
22 -6.432940 7.215673
46 -6.570040 9.500660
46 -6.579900 9.665002
48 -6.259245 4.320746
48 -6.568895 9.481577
50 -6.568566 9.476106
49 -6.495331 8.255520
25 -6.390549 6.509144
29 -6.551455 9.190920
55 -6.591673 9.861219
58 -6.569056 9.484262
32 -6.575718 9.595297
60 -6.596836 9.947266
44 -6.552619 9.210318
61 -6.569577 9.492951
52 -6.549849 9.164147
61 -6.598754 9.979225
37 -6.457646 7.627434
60 -6.579848 9.664139
68 -6.599114 9.985231
28 -6.374548 6.242470
69 -6.583817 9.730275
73 -6.561381 9.356355
36 -6.354401 5.906678
74 -6.578058 9.634304
64 -6.572528 9.542139
78 -6.598632 9.977201
18 -6.210058 3.500970
28 -6.583631 9.727183
79 -6.563174 9.386237
71 -6.584475 9.741249
58 -6.582007 9.700119
60 -6.583535 9.725580
82 -6.583832 9.730528
38 -6.533625 8.893755
82 -6.575112 9.585198
83 -6.590892 9.848192
58 -6.582668 9.711128
52 -6.594052 9.900858
89 -6.554476 9.241275
86 -6.523486 8.724767
92 -6.557820 9.296994
73 -6.561963 9.366048
64 -6.584690 9.744832
59 -6.557431 9.290515
61 -6.577501 9.625013
22 -6.542913 9.048546
97 -6.587340 9.789007
90 -6.593377 9.889622
70 -6.565343 9.422382
102 -6.596716 9.945260
35 -6.509044 8.484074
104 -6.558543 9.309052
43 -6.593707 9.895117
41 -6.596344 9.939067
67 -6.557669 9.294479
36 -6.597440 9.957330
60 -6.567865 9.464416
61 -6.399190 6.653171
85 -6.570550 9.509170
64 -6.582873 9.714548
32 -6.486765 8.112758
35 -6.589924 9.832061
35 -6.574988 9.583139
18 -6.558737 9.312286
58 -6.592040 9.867342
77 -6.590297 9.838279
49 -6.327033 5.450549
89 -6.476480 7.941341
50 -6.572745 9.545754
35 -6.548747 9.145784
32 -6.583414 9.723569
74 -6.574268 9.571130
60 -6.586915 9.781922
78 -6.577018 9.616963
14 -6.544634 9.077237
78 -6.593697 9.894955
107 -6.586920 9.782008
29 -6.335519 5.591985
61 -6.502338 8.372306
35 -6.591067 9.851113
50 -6.588758 9.812635
70 -6.583621 9.727015
89 -6.570003 9.500051
53 -6.597557 9.959280
34 -6.567746 9.462431
30 -6.517597 8.626620
34 -6.577564 9.626072
78 -6.570715 9.511912
46 -6.535196 8.919934
41 -6.576002 9.600039
43 -6.525954 8.765905
43 -6.556971 9.282850
71 -6.542184 9.036408
34 -6.586202 9.770041
44 -6.588743 9.812390
122 -6.561609 9.360143
18 -6.512312 8.538532
65 -6.574144 9.569063
79 -6.592030 9.867166
18 -6.444018 7.400302
59 -6.597889 9.964818
67 -6.535650 8.927502
59 -6.593171 9.886184
19 -6.242109 4.035143
75 -6.569819 9.496976
54 -6.562302 9.371692
26 -6.511621 8.527022
43 -6.411252 6.854199
85 -6.588524 9.808734
89 -6.599175 9.986252
49 -6.560572 9.342859
42 -6.470228 7.837125
96 -6.589391 9.823180
61 -6.585740 9.762339
37 -6.581263 9.687724
25 -6.538919 8.981982
128 -6.582314 9.705237
40 -6.567546 9.459093
18 -6.238048 3.967472
55 -6.527441 8.790679
108 -6.599849 9.997475
20 -6.357109 5.951813
82 -6.565635 9.427254
28 -6.520434 8.673892
37 -6.448209 7.470145
59 -6.359519 5.991990
71 -6.564659 9.410986
77 -6.553255 9.220919
29 -6.496211 8.270184
106 -6.594691 9.911517
35 -6.567601 9.460015
41 -6.586295 9.771588
37 -6.486268 8.104475
67 -6.579748 9.662472
59 -6.544703 9.078391
20 -6.467864 7.797740
19 -6.431696 7.194933
71 -6.590906 9.848440
79 -6.544974 9.082902
70 -6.558481 9.308019
43 -6.573157 9.552619
54 -6.588673 9.811217
73 -6.542374 9.039574
107 -6.592038 9.867299
60 -6.576230 9.603840
77 -6.582655 9.710922
55 -6.592929 9.882155
44 -6.548390 9.139826
58 -6.590148 9.835799
144 -6.592899 9.881656
71 -6.587401 9.790021
42 -6.569373 9.489552
70 -6.567925 9.465425
74 -6.576859 9.614314
102 -6.589080 9.818004
64 -6.571457 9.524282
78 -6.578851 9.647520
92 -6.587574 9.792908
54 -6.575531 9.592183
41 -6.576310 9.605171
49 -6.597508 9.958474
55 -6.598823 9.980379
55 -6.554033 9.233883
90 -6.584907 9.748458
54 -6.573885 9.564752
84 -6.598548 9.975792
84 -6.584346 9.739092
71 -6.576570 9.609501
61 -6.576674 9.611233
62 -6.554814 9.246897
80 -6.576090 9.601496
96 -6.577582 9.626360
83 -6.574487 9.574789
64 -6.561895 9.364914
86 -6.599648 9.994128
139 -6.596049 9.934150
84 -6.582214 9.703573
84 -6.591225 9.853749
143 -6.575649 9.594152
