17 -6.290806 4.846768
17 -6.464040 7.733997
24 -6.499775 8.329590
25 -6.562481 9.374686
27 -6.589295 9.821590
28 -6.596086 9.934771
29 -6.545262 9.087695
30 -6.539692 8.994875
31 -6.500686 8.344766
37 -6.565131 9.418858
39 -6.594176 9.902931
42 -6.540296 9.004928
45 -6.599709 9.995145
43 -6.551878 9.197961
29 -6.188179 3.136321
47 -6.589325 9.822076
48 -6.562030 9.367161
47 -6.549651 9.160858
45 -6.597690 9.961501
51 -6.591235 9.853922
52 -6.581483 9.691385
43 -6.553021 9.217013
37 -6.582718 9.711964
54 -6.584938 9.748967
20 -6.587336 9.788939
35 -6.546623 9.110384
failed to find solution after reaching max emtpy limit -- 31 iterations and 16 function evals
35 -6.555068 9.251141
failed to find solution after reaching max emtpy limit -- 48 iterations and 24 function evals
59 -6.564301 9.405011
59 -6.582898 9.714964
23 -6.506433 8.440558
62 -6.474295 7.904918
60 -6.592119 9.868652
42 -6.596864 9.947735
66 -6.557077 9.284621
65 -6.574515 9.575250
66 -6.580334 9.672237
33 -6.513076 8.551265
64 -6.558337 9.305620
34 -6.557928 9.298799
79 -6.550647 9.177444
79 -6.550943 9.182387
80 -6.590683 9.844722
45 -6.598756 9.979269
82 -6.586877 9.781288
failed to find solution after reaching max emtpy limit -- 39 iterations and 27 function evals
37 -6.597704 9.961729
89 -6.558661 9.311010
91 -6.588651 9.810842
54 -6.578843 9.647379
48 -6.598211 9.970190
80 -6.544148 9.069134
57 -6.567645 9.460749
failed to find solution after reaching max emtpy limit -- 87 iterations and 78 function evals
76 -6.414383 6.906382
94 -6.554733 9.245548
99 -6.576014 9.600234
22 -6.516500 8.608338
60 -6.596900 9.948338
56 -6.588206 9.803433
79 -6.598466 9.974426
105 -6.594285 9.904753
41 -6.597754 9.962575
69 -6.591882 9.864707
75 -6.547294 9.121571
22 -6.561814 9.363569
34 -6.590818 9.846966
114 -6.582341 9.705685
62 -6.565275 9.421252
69 -6.598278 9.971303
27 -6.541595 9.026577
78 -6.586720 9.778671
31 -6.414287 6.904782
73 -6.576340 9.605671
64 -6.570317 9.505284
54 -6.590283 9.838048
55 -6.599672 9.994533
31 -6.567485 9.458084
72 -6.592788 9.879804
46 -6.559125 9.318743
127 -6.594152 9.902537
16 -6.444858 7.414294
94 -6.574832 9.580527
75 -6.591842 9.864031
57 -6.573444 9.557400
23 -6.535636 8.927264
81 -6.568356 9.472602
135 -6.569839 9.497315
49 -6.559442 9.324027
53 -6.586440 9.773997
92 -6.562002 9.366706
77 -6.574558 9.575972
52 -6.590513 9.841879
65 -6.561079 9.351309
39 -6.581128 9.685466
failed to find solution after reaching max emtpy limit -- 29 iterations and 20 function evals
failed to find solution after reaching max emtpy limit -- 29 iterations and 20 function evals
52 -6.580881 9.681349
26 -6.428631 7.143843
35 -6.579305 9.655085
111 -6.570653 9.510888
33 -6.538491 8.974851
47 -6.585003 9.750042
90 -6.567295 9.454922
39 -6.594472 9.907873
39 -6.551801 9.196688
112 -6.598625 9.977075
67 -6.595118 9.918629
44 -6.580911 9.681851
123 -6.590978 9.849636
116 -6.599927 9.998776
failed to find solution after reaching max emtpy limit -- 158 iterations and 133 function evals
109 -6.586187 9.769775
20 -6.541043 9.017379
38 -6.537304 8.955068
47 -6.582405 9.706758
32 -6.531934 8.865562
27 -6.585380 9.756338
failed to find solution after reaching max emtpy limit -- 47 iterations and 21 function evals
38 -6.552853 9.214215
21 -6.580911 9.681842
169 -6.584482 9.741365
131 -6.589707 9.828451
23 -6.451952 7.532538
39 -6.598302 9.971695
78 -6.581806 9.696775
failed to find solution after reaching max emtpy limit -- 50 iterations and 41 function evals
97 -6.584270 9.737827
78 -6.564024 9.400400
24 -6.593913 9.898545
20 -6.528084 8.801405
50 -6.575987 9.599779
23 -6.525079 8.751310
149 -6.579968 9.666129
91 -6.591945 9.865751
71 -6.586958 9.782630
54 -6.524352 8.739193
54 -6.581808 9.696793
97 -6.573641 9.560685
50 -6.570919 9.515315
28 -6.572811 9.546856
31 -6.545223 9.087054
89 -6.577542 9.625697
50 -6.571318 9.521974
73 -6.593221 9.887019
108 -6.565589 9.426477
86 -6.592175 9.869581
29 -6.544489 9.074809
49 -6.588026 9.800439
89 -6.594639 9.910644
71 -6.574219 9.570316
71 -6.591000 9.849998
62 -6.559513 9.325223
79 -6.579818 9.663630
48 -6.580425 9.673742
84 -6.563793 9.396558
164 -6.579977 9.666281
32 -6.511275 8.521247
25 -6.599546 9.992432
55 -6.542138 9.035641
119 -6.547905 9.131742
57 -6.578278 9.637967
58 -6.578617 9.643609
90 -6.594833 9.913877
153 -6.599939 9.998988
45 -6.594622 9.910371
24 -6.446615 7.443582
140 -6.568064 9.467733
failed to find solution after reaching max emtpy limit -- 27 iterations and 18 function evals
failed to find solution after reaching max emtpy limit -- 56 iterations and 47 function evals
103 -6.558950 9.315829
failed to find solution after reaching max emtpy limit -- 71 iterations and 57 function evals
159 -6.579402 9.656693
230 -6.575357 9.589288
71 -6.568780 9.479662
71 -6.586147 9.769116
114 -6.581486 9.691427
49 -6.581794 9.696575
66 -6.597859 9.964310
99 -6.580332 9.672197
51 -6.547209 9.120146
95 -6.598918 9.981965
58 -6.588323 9.805377
104 -6.574016 9.566929
failed to find solution after reaching max emtpy limit -- 115 iterations and 50 function evals
170 -6.579731 9.662184
50 -6.351473 5.857879
82 -6.580323 9.672049
109 -6.565605 9.426746
126 -6.565179 9.419655
104 -6.582290 9.704830
140 -6.586331 9.772179
111 -6.589806 9.830097
135 -6.568490 9.474831
111 -6.571031 9.517176
128 -6.572095 9.534923
161 -6.590493 9.841549
failed to find solution after reaching max emtpy limit -- 133 iterations and 124 function evals
168 -6.579980 9.666328
