9 0.921654 7.834606
10 0.916038 8.396238
10 0.941124 5.887559
11 0.906966 9.303412
11 0.906967 9.303332
11 0.949543 5.045728
11 0.937994 6.200597
11 0.965772 3.422806
11 0.924746 7.525361
12 0.939195 6.080506
12 0.900913 9.908708
12 0.902713 9.728690
12 0.946057 5.394333
12 0.941143 5.885654
12 0.961796 3.820388
12 0.921933 7.806728
12 0.940842 5.915799
12 0.965391 3.460888
12 0.950479 4.952091
12 0.923862 7.613847
12 0.936163 6.383673
13 0.943168 5.683210
13 0.920750 7.924992
13 0.930488 6.951242
13 0.964387 3.561279
13 0.955145 4.485452
13 0.951302 4.869751
12 0.912118 8.788163
15 0.934399 6.560076
15 0.956616 4.338383
15 0.968371 3.162866
15 0.943861 5.613947
15 0.911476 8.852351
15 0.949031 5.096865
15 0.931586 6.841407
15 0.922790 7.721042
15 0.974579 2.542138
16 0.965562 3.443847
16 0.938392 6.160815
16 0.963113 3.688657
16 0.966867 3.313252
16 0.934926 6.507382
17 0.905720 9.427962
17 0.904885 9.511509
12 0.939039 6.096073
13 0.967019 3.298139
12 0.944593 5.540740
12 0.952705 4.729492
13 0.902879 9.712093
18 0.962574 3.742629
11 0.931113 6.888680
12 0.950024 4.997599
12 0.901547 9.845293
9 0.920014 7.998583
12 0.955631 4.436948
13 0.950774 4.922603
12 0.913543 8.645743
19 0.935348 6.465213
14 0.952081 4.791862
13 0.962576 3.742384
9 0.916689 8.331056
11 0.959251 4.074920
13 0.949132 5.086795
13 0.922829 7.717066
12 0.953684 4.631579
11 0.915005 8.499483
12 0.936177 6.382282
12 0.924596 7.540402
15 0.968479 3.152146
16 0.958533 4.146725
13 0.938419 6.158052
15 0.923901 7.609884
13 0.941820 5.817991
13 0.947249 5.275121
17 0.941618 5.838249
13 0.933186 6.681412
16 0.958913 4.108734
16 0.926387 7.361300
15 0.940965 5.903538
11 0.975452 2.454838
11 0.964537 3.546253
19 0.941199 5.880064
17 0.970879 2.912117
16 0.954143 4.585721
11 0.917607 8.239313
13 0.951279 4.872057
13 0.920962 7.903842
9 0.967661 3.233864
12 0.955654 4.434615
11 0.918233 8.176703
13 0.934736 6.526364
16 0.950574 4.942586
24 0.917071 8.292868
12 0.965867 3.413275
12 0.926346 7.365365
11 0.900041 9.995931
13 0.905263 9.473727
13 0.907035 9.296508
11 0.926780 7.321965
13 0.961143 3.885701
14 0.904527 9.547350
11 0.941142 5.885770
12 0.962625 3.737451
16 0.926184 7.381602
13 0.966196 3.380431
15 0.911816 8.818413
15 0.913317 8.668276
12 0.960187 3.981333
9 0.935463 6.453722
13 0.963593 3.640736
12 0.967020 3.297960
12 0.952601 4.739862
12 0.966250 3.374992
12 0.948898 5.110203
11 0.916690 8.330970
13 0.952497 4.750273
11 0.918696 8.130356
11 0.920495 7.950464
16 0.953120 4.687984
13 0.939605 6.039519
12 0.962056 3.794364
12 0.943881 5.611941
13 0.947743 5.225680
11 0.911732 8.826784
11 0.951483 4.851729
12 0.911259 8.874128
13 0.927796 7.220414
18 0.966848 3.315199
12 0.938066 6.193387
16 0.922190 7.780952
15 0.909595 9.040510
13 0.937860 6.213975
13 0.968452 3.154816
13 0.923693 7.630737
14 0.956000 4.399984
15 0.936978 6.302159
9 0.918630 8.136952
10 0.927136 7.286377
14 0.941251 5.874918
12 0.959070 4.093021
12 0.957370 4.263007
9 0.921632 7.836834
15 0.930344 6.965581
14 0.911011 8.898913
19 0.903107 9.689275
16 0.906092 9.390813
11 0.929579 7.042134
22 0.912702 8.729769
16 0.942587 5.741324
9 0.915168 8.483179
15 0.949709 5.029142
14 0.957481 4.251875
17 0.957210 4.279002
15 0.955370 4.463010
15 0.937069 6.293051
12 0.940439 5.956055
13 0.944988 5.501248
13 0.968270 3.173046
10 0.926871 7.312868
11 0.940800 5.919985
17 0.962075 3.792507
15 0.963606 3.639420
12 0.958511 4.148909
13 0.965123 3.487744
11 0.951903 4.809735
9 0.951604 4.839593
13 0.937003 6.299669
15 0.922700 7.730024
15 0.965913 3.408721
15 0.961816 3.818432
16 0.968255 3.174546
16 0.930971 6.902911
11 0.939380 6.061951
13 0.932328 6.767178
21 0.973728 2.627221
12 0.908165 9.183511
15 0.938370 6.162961
9 0.958562 4.143811
13 0.968487 3.151286
17 0.958928 4.107231
12 0.941269 5.873129
13 0.962306 3.769371
11 0.950870 4.912961
13 0.909480 9.051990
13 0.902898 9.710152
13 0.923999 7.600055
16 0.940740 5.926008
failed to find solution after reaching max emtpy limit -- 13 iterations and 7 function evals
13 0.910970 8.902978
16 0.938339 6.166103
20 0.960085 3.991504
15 0.961298 3.870202
15 0.956246 4.375413
14 0.936367 6.363288
13 0.924035 7.596498
13 0.940016 5.998393
20 0.955709 4.429097
19 0.902490 9.750962
15 0.965063 3.493690
16 0.939387 6.061308
