167 0.936086 6.391423
312 0.952020 4.798004
243 0.901324 9.867596
417 0.928279 7.172137
505 0.975981 2.401931
505 0.942420 5.758000
529 0.932921 6.707886
618 0.925900 7.409958
394 0.907888 9.211166
869 0.952130 4.787010
54 0.943910 5.609034
997 0.917890 8.211031
1021 0.955400 4.460026
850 0.982935 1.706471
1088 0.916771 8.322946
1304 0.908686 9.131392
1490 0.957180 4.281978
1553 0.971216 2.878385
649 0.957210 4.278986
1915 0.931627 6.837250
1587 0.961297 3.870330
1902 0.901535 9.846524
2032 0.926448 7.355159
2246 0.928686 7.131376
2761 0.907728 9.227248
2644 0.902993 9.700708
2930 0.958853 4.114702
3045 0.947703 5.229676
1462 0.928559 7.144129
2888 0.934973 6.502655
3783 0.909733 9.026744
3797 0.925259 7.474094
3303 0.965778 3.422205
3905 0.947446 5.255389
246 0.939864 6.013566
2643 0.938273 6.172676
2867 0.981410 1.859024
1140 0.925564 7.443637
4020 0.918556 8.144420
285 0.943365 5.663536
618 0.922381 7.761870
3692 0.961857 3.814270
4099 0.906127 9.387281
2196 0.973735 2.626482
1420 0.905315 9.468498
1221 0.902592 9.740755
228 0.907890 9.210982
986 0.917975 8.202493
3854 0.952635 4.736494
4309 0.929361 7.063923
1342 0.910686 8.931444
4261 0.969563 3.043714
1668 0.981116 1.888381
830 0.926022 7.397807
1877 0.962739 3.726120
169 0.912258 8.774162
2372 0.908012 9.198840
2116 0.906452 9.354781
2960 0.947247 5.275255
4974 0.910700 8.929980
3101 0.961060 3.893974
3065 0.972636 2.736418
5150 0.938933 6.106712
1526 0.956591 4.340900
5314 0.936823 6.317717
5331 0.922661 7.733876
427 0.908220 9.178045
2046 0.951280 4.871970
5408 0.917635 8.236537
1604 0.908830 9.116985
306 0.970637 2.936321
5491 0.980990 1.901008
5652 0.912163 8.783720
3409 0.951227 4.877283
5794 0.929040 7.095983
3994 0.906121 9.387871
696 0.923356 7.664398
48 0.914762 8.523769
3972 0.947871 5.212875
6013 0.931728 6.827239
2735 0.930582 6.941817
2793 0.926428 7.357188
6492 0.953299 4.670064
3896 0.905714 9.428566
2190 0.977166 2.283443
590 0.922922 7.707766
3934 0.931760 6.824034
6904 0.915814 8.418584
881 0.938551 6.144854
7185 0.944386 5.561361
7215 0.912154 8.784588
3256 0.920754 7.924595
1769 0.909130 9.087048
7360 0.953907 4.609286
3730 0.924242 7.575761
2102 0.986399 1.360128
7866 0.921211 7.878939
5932 0.972685 2.731520
7975 0.918966 8.103434
7798 0.952487 4.751332
3465 0.908215 9.178514
2964 0.960911 3.908947
3902 0.933576 6.642359
3284 0.970014 2.998582
6105 0.911599 8.840109
3741 0.942164 5.783637
8449 0.990866 0.913420
7041 0.915466 8.453403
6283 0.987771 1.222894
3720 0.911686 8.831397
2669 0.939278 6.072228
7755 0.960638 3.936229
6755 0.904599 9.540084
355 0.960418 3.958169
3733 0.936375 6.362524
8972 0.904561 9.543859
1127 0.912450 8.755040
4542 0.956096 4.390421
695 0.912152 8.784780
4004 0.913323 8.667673
2883 0.913899 8.610101
1527 0.912976 8.702432
714 0.926139 7.386122
4194 0.941130 5.887015
9367 0.935152 6.484835
2177 0.967146 3.285362
6886 0.931647 6.835332
9587 0.926453 7.354705
1787 0.924955 7.504519
716 0.942906 5.709413
325 0.955940 4.405965
9291 0.916184 8.381626
9957 0.925792 7.420762
4923 0.922385 7.761519
7849 0.901077 9.892306
6258 0.905204 9.479600
2328 0.976081 2.391899
910 0.923858 7.614164
2265 0.903978 9.602234
241 0.931635 6.836492
2500 0.936634 6.336620
9320 0.940531 5.946855
6051 0.904149 9.585121
10492 0.911320 8.867977
9891 0.975718 2.428178
10215 0.927778 7.222216
6556 0.951469 4.853100
2343 0.906545 9.345493
3977 0.903829 9.617061
2002 0.916462 8.353751
1814 0.928468 7.153155
7093 0.941923 5.807660
271 0.900973 9.902714
1178 0.905324 9.467577
9676 0.940082 5.991800
5857 0.904104 9.589596
6399 0.928683 7.131718
672 0.908415 9.158482
2995 0.930529 6.947057
9514 0.921105 7.889518
8057 0.926841 7.315880
6073 0.915854 8.414634
1749 0.916771 8.322916
768 0.902507 9.749323
2713 0.916414 8.358566
5433 0.934245 6.575508
1400 0.902857 9.714317
2484 0.903281 9.671932
2489 0.918453 8.154736
1886 0.906072 9.392815
525 0.927048 7.295152
2751 0.926273 7.372737
7165 0.910578 8.942162
5400 0.925826 7.417355
1912 0.901344 9.865626
11555 0.922596 7.740446
620 0.952469 4.753107
261 0.939400 6.059975
4275 0.987633 1.236690
1028 0.981595 1.840453
4766 0.934647 6.535254
1185 0.901370 9.863047
6089 0.940565 5.943504
11886 0.982193 1.780736
5094 0.945496 5.450388
11867 0.951592 4.840790
2158 0.907986 9.201428
2416 0.961647 3.835256
5722 0.928357 7.164334
431 0.931059 6.894146
3921 0.925640 7.435980
4166 0.919317 8.068263
2065 0.960512 3.948786
1603 0.916237 8.376343
1406 0.945806 5.419409
435 0.948208 5.179239
11935 0.907079 9.292116
7172 0.945452 5.454755
3571 0.941297 5.870268
3739 0.901214 9.878559
3384 0.907434 9.256561
9216 0.901863 9.813682
4211 0.960337 3.966323
101 0.955411 4.458865
3782 0.933823 6.617735
8764 0.944986 5.501412
7625 0.931549 6.845083
2531 0.981074 1.892604
10884 0.962608 3.739158
2100 0.911713 8.828729
12031 0.909139 9.086092
83 0.950002 4.999831
8450 0.945533 5.446674
6840 0.906160 9.384023
1941 0.912677 8.732311
3169 0.931384 6.861564
7898 0.918985 8.101525
7107 0.970546 2.945378
3471 0.957921 4.207896
1940 0.936500 6.350001
11450 0.950243 4.975696
2217 0.921468 7.853166
7275 0.901398 9.860185
3989 0.921308 7.869208
12364 0.906308 9.369196
2240 0.927716 7.228414
3591 0.914439 8.556098
4582 0.908798 9.120162
549 0.904221 9.577932
8714 0.961821 3.817898
7468 0.940415 5.958544
12667 0.944682 5.531761
1344 0.918727 8.127294
6913 0.905576 9.442419
3165 0.902224 9.777632
4662 0.923470 7.652963
1687 0.925952 7.404786
2022 0.982772 1.722796
7057 0.908695 9.130455
7105 0.976147 2.385347
3886 0.970353 2.964681
1624 0.955868 4.413185
7332 0.955531 4.446881
90 0.919900 8.010039
8481 0.941258 5.874243
9109 0.909925 9.007507
2158 0.934994 6.500638
3561 0.956326 4.367381
6860 0.946187 5.381317
5265 0.918324 8.167575
42 0.904309 9.569078
4253 0.976506 2.349439
4578 0.900953 9.904676
11780 0.929647 7.035342
1237 0.906295 9.370531
5786 0.906426 9.357450
1067 0.967166 3.283379
7480 0.906083 9.391666
8484 0.903093 9.690694
2334 0.948838 5.116176
1470 0.917133 8.286697
1582 0.934949 6.505090
14331 0.925210 7.479013
5375 0.918939 8.106120
5136 0.965527 3.447285
7791 0.909033 9.096728
2574 0.906752 9.324776
3819 0.940615 5.938476
5527 0.950805 4.919485
277 0.958634 4.136622
6322 0.916616 8.338390
308 0.960220 3.978005
751 0.938121 6.187859
5382 0.961974 3.802585
600 0.971560 2.844012
5227 0.943225 5.677464
5457 0.938623 6.137735
361 0.958317 4.168285
3948 0.926763 7.323685
7523 0.944893 5.510690
201 0.959589 4.041113
7832 0.922246 7.775394
9921 0.907710 9.228976
2082 0.923906 7.609435
12514 0.907641 9.235863
8121 0.965522 3.447847
6556 0.959005 4.099530
1553 0.942056 5.794436
647 0.933427 6.657346
11806 0.903196 9.680414
6062 0.989294 1.070609
3153 0.915447 8.455309
4399 0.904357 9.564333
2259 0.979872 2.012837
15624 0.940477 5.952273
6882 0.983697 1.630254
492 0.947642 5.235804
5283 0.950941 4.905900
15798 0.912335 8.766490
6786 0.929606 7.039371
31 0.947981 5.201917
1265 0.960161 3.983935
808 0.912364 8.763602
12343 0.919521 8.047868
4528 0.991116 0.888420
522 0.906758 9.324241
768 0.936718 6.328186
1517 0.910262 8.973803
11073 0.917608 8.239210
227 0.910288 8.971237
13393 0.901795 9.820467
5013 0.915508 8.449230
3030 0.918667 8.133264
2136 0.913368 8.663191
9832 0.956509 4.349121
1305 0.935203 6.479729
4302 0.927388 7.261159
15619 0.925436 7.456380
1664 0.938948 6.105238
5020 0.920350 7.964964
11035 0.926345 7.365542
847 0.923955 7.604492
3198 0.949966 5.003352
16117 0.917064 8.293603
3942 0.901653 9.834736
866 0.901298 9.870223
8633 0.960433 3.956730
1135 0.955608 4.439202
1226 0.912426 8.757353
887 0.922941 7.705861
1240 0.979838 2.016242
1531 0.948795 5.120492
3054 0.911488 8.851184
15999 0.912929 8.707085
2758 0.911228 8.877151
4295 0.923765 7.623543
10911 0.906269 9.373100
1400 0.910436 8.956360
5009 0.929660 7.034040
10145 0.927189 7.281069
8953 0.908247 9.175287
5434 0.910047 8.995267
4754 0.928981 7.101867
478 0.933539 6.646104
2528 0.945281 5.471851
2005 0.913223 8.677722
1453 0.911453 8.854700
295 0.965019 3.498087
4734 0.969215 3.078531
5227 0.954787 4.521348
6849 0.935223 6.477736
2623 0.908689 9.131139
501 0.908445 9.155520
2513 0.933152 6.684816
3805 0.963112 3.688762
3207 0.904724 9.527644
202 0.940295 5.970479
4971 0.905945 9.405505
1581 0.956081 4.391882
8857 0.927522 7.247804
5113 0.960747 3.925301
7006 0.990799 0.920054
838 0.951488 4.851223
10311 0.917610 8.238953
10493 0.928097 7.190304
1676 0.966551 3.344852
2202 0.929157 7.084321
9094 0.925507 7.449268
750 0.917592 8.240821
1844 0.914974 8.502611
758 0.951689 4.831061
10526 0.978544 2.145554
1121 0.992516 0.748390
10737 0.940967 5.903346
1279 0.908312 9.168793
6683 0.917725 8.227525
807 0.943253 5.674675
12394 0.909976 9.002350
8170 0.946600 5.340031
6665 0.938266 6.173390
2328 0.959945 4.005531
10718 0.918610 8.139046
9516 0.959497 4.050298
2518 0.901401 9.859861
2746 0.952333 4.766665
424 0.943495 5.650452
17765 0.955980 4.401975
3093 0.938074 6.192617
8064 0.975581 2.441948
3413 0.906591 9.340892
3152 0.990504 0.949599
187 0.926098 7.390248
8988 0.996251 0.374913
189 0.900616 9.938389
601 0.955019 4.498063
1910 0.904928 9.507181
7156 0.909095 9.090509
9388 0.971662 2.833817
2731 0.943469 5.653083
4470 0.910994 8.900579
2004 0.909249 9.075132
1928 0.903486 9.651442
3069 0.945556 5.444404
2639 0.938459 6.154057
16995 0.964256 3.574436
7532 0.979875 2.012518
321 0.916865 8.313543
7244 0.918387 8.161327
10556 0.963397 3.660328
782 0.940976 5.902365
1757 0.977166 2.283449
4356 0.916416 8.358439
9416 0.955105 4.489543
830 0.964015 3.598510
1484 0.935895 6.410501
5227 0.963386 3.661424
1775 0.906028 9.397243
921 0.923021 7.697908
376 0.902080 9.792038
8368 0.931114 6.888592
5560 0.942875 5.712470
4739 0.958195 4.180513
648 0.902618 9.738219
13220 0.940536 5.946385
1258 0.954330 4.567029
6117 0.911096 8.890435
8536 0.936813 6.318730
7832 0.917459 8.254064
3833 0.945297 5.470349
260 0.909624 9.037612
1262 0.903630 9.637007
630 0.953528 4.647163
6998 0.904341 9.565950
19098 0.905304 9.469567
3891 0.916029 8.397142
2831 0.910779 8.922099
3227 0.916097 8.390334
388 0.913502 8.649761
534 0.941550 5.845021
5239 0.952531 4.746923
9549 0.935288 6.471207
1761 0.916976 8.302433
3149 0.902485 9.751526
15812 0.931242 6.875787
7537 0.936089 6.391054
818 0.926745 7.325518
1068 0.972547 2.745309
2305 0.924531 7.546854
10613 0.927756 7.224373
6706 0.965409 3.459060
805 0.953383 4.661744
2252 0.948073 5.192683
877 0.945073 5.492700
3435 0.944126 5.587430
6150 0.960934 3.906623
8170 0.913039 8.696133
4348 0.920758 7.924208
1514 0.927507 7.249315
2908 0.950753 4.924731
11974 0.929465 7.053537
2867 0.968861 3.113864
15742 0.920767 7.923320
1376 0.907794 9.220642
12001 0.919223 8.077679
3782 0.965555 3.444513
5570 0.941926 5.807389
1226 0.904458 9.554240
1336 0.950971 4.902861
5054 0.960070 3.992959
14416 0.964122 3.587822
2066 0.912832 8.716789
19470 0.917496 8.250419
800 0.928751 7.124874
17436 0.970749 2.925060
1204 0.941400 5.859988
10537 0.931584 6.841643
5717 0.936677 6.332334
900 0.933886 6.611414
9026 0.932431 6.756924
317 0.970186 2.981390
2604 0.906357 9.364253
2709 0.922501 7.749923
15499 0.916887 8.311284
5440 0.933607 6.639333
16073 0.915317 8.468284
9557 0.913948 8.605203
1868 0.920926 7.907422
48 0.915044 8.495620
372 0.938743 6.125698
4215 0.932237 6.776321
2058 0.974431 2.556933
3215 0.903719 9.628121
5219 0.933462 6.653796
1611 0.944772 5.522797
3289 0.944119 5.588085
9241 0.951602 4.839826
2359 0.937393 6.260742
1884 0.927447 7.255348
2261 0.917993 8.200711
496 0.954102 4.589767
6899 0.917484 8.251629
5018 0.967362 3.263773
3546 0.971227 2.877263
464 0.929725 7.027452
1141 0.945784 5.421573
3605 0.974821 2.517888
6716 0.935586 6.441423
20494 0.913169 8.683080
11320 0.941285 5.871524
163 0.930477 6.952293
15496 0.931448 6.855221
16489 0.909518 9.048245
3884 0.990314 0.968588
653 0.987053 1.294724
2950 0.901798 9.820202
5387 0.912184 8.781571
227 0.913301 8.669871
11269 0.964946 3.505380
5939 0.926942 7.305826
7387 0.964034 3.596600
2306 0.907540 9.245953
10742 0.982693 1.730662
7660 0.919954 8.004573
16993 0.964673 3.532721
7260 0.958667 4.133268
2639 0.980853 1.914680
12966 0.927391 7.260877
828 0.930023 6.997674
17613 0.906993 9.300739
900 0.919704 8.029581
378 0.929159 7.084055
852 0.913898 8.610172
7570 0.925542 7.445772
70 0.925938 7.406229
2120 0.908610 9.139047
7631 0.903874 9.612578
7593 0.955954 4.404634
5535 0.947268 5.273219
915 0.930398 6.960244
6851 0.958369 4.163142
1856 0.934535 6.546522
2971 0.903166 9.683412
5112 0.934905 6.509465
2180 0.927535 7.246470
211 0.947340 5.266006
5305 0.918599 8.140073
586 0.975117 2.488332
921 0.958284 4.171569
6271 0.916914 8.308623
223 0.927827 7.217296
6516 0.934335 6.566507
7841 0.946250 5.374975
8277 0.915835 8.416515
7518 0.940094 5.990566
5316 0.902499 9.750101
4890 0.910222 8.977793
2312 0.979521 2.047916
8762 0.982457 1.754344
4204 0.942797 5.720267
6354 0.964626 3.537352
13395 0.940941 5.905895
2731 0.910801 8.919950
597 0.951249 4.875105
14660 0.936550 6.344973
6527 0.977934 2.206629
686 0.917067 8.293275
1481 0.911154 8.884569
326 0.931189 6.881101
2470 0.956253 4.374740
1777 0.910215 8.978477
4831 0.925511 7.448909
4616 0.968613 3.138701
8519 0.906508 9.349207
7000 0.986820 1.318030
714 0.930196 6.980361
583 0.904745 9.525547
9077 0.915009 8.499093
14510 0.915457 8.454269
2676 0.907838 9.216232
428 0.906255 9.374475
14501 0.901724 9.827606
5695 0.962810 3.718966
898 0.989328 1.067161
2089 0.977337 2.266333
21433 0.924467 7.553295
31 0.940731 5.926933
22565 0.939517 6.048349
1693 0.940849 5.915057
1662 0.915156 8.484421
3075 0.930021 6.997886
536 0.906944 9.305557
1317 0.920260 7.973979
3990 0.904927 9.507273
3067 0.900639 9.936105
15146 0.936684 6.331553
8018 0.971480 2.852023
11387 0.901267 9.873259
15117 0.912163 8.783692
2024 0.968092 3.190841
1532 0.926523 7.347731
374 0.924201 7.579852
4554 0.966185 3.381549
2039 0.976895 2.310465
16156 0.908974 9.102563
4527 0.931841 6.815941
1468 0.957626 4.237418
12044 0.915055 8.494533
8654 0.947319 5.268051
1441 0.901464 9.853571
2341 0.930736 6.926439
7276 0.950522 4.947824
10841 0.976626 2.337407
1465 0.943441 5.655869
1477 0.912603 8.739683
369 0.914558 8.544189
14777 0.930659 6.934122
5654 0.956967 4.303252
225 0.902689 9.731077
1395 0.980903 1.909712
3555 0.906331 9.366880
4484 0.913747 8.625295
774 0.925074 7.492553
5165 0.908200 9.179976
537 0.904491 9.550895
666 0.925118 7.488185
143 0.904532 9.546771
2450 0.917619 8.238086
781 0.904677 9.532263
4433 0.965741 3.425943
2461 0.984402 1.559849
15195 0.912924 8.707633
4209 0.909219 9.078109
2478 0.907118 9.288180
1621 0.920044 7.995564
4627 0.956977 4.302253
5487 0.905895 9.410452
1905 0.955790 4.420980
3670 0.905241 9.475884
121 0.931789 6.821147
6845 0.939420 6.057989
1891 0.980351 1.964899
1526 0.955227 4.477341
5886 0.984868 1.513202
1035 0.901913 9.808684
1095 0.907518 9.248157
1198 0.904701 9.529931
7809 0.913040 8.695972
2520 0.975839 2.416140
6689 0.913756 8.624408
9115 0.936093 6.390695
2513 0.942189 5.781139
11635 0.962641 3.735884
1167 0.919446 8.055352
5252 0.958710 4.128965
4602 0.971800 2.820023
738 0.936381 6.361902
2094 0.914754 8.524556
5811 0.932081 6.791886
407 0.906752 9.324765
3085 0.939967 6.003330
18336 0.917902 8.209781
2377 0.971723 2.827677
17310 0.915309 8.469126
2860 0.906244 9.375607
381 0.900710 9.929028
1562 0.903187 9.681339
19772 0.946157 5.384255
2600 0.919347 8.065270
5563 0.904926 9.507390
603 0.953172 4.682811
7431 0.909823 9.017724
3852 0.928697 7.130327
8699 0.981131 1.886918
3179 0.950094 4.990568
21488 0.905058 9.494193
1086 0.913263 8.673732
4594 0.920058 7.994214
423 0.901621 9.837916
83 0.929461 7.053938
5350 0.917581 8.241890
9478 0.900315 9.968517
6372 0.903194 9.680640
1895 0.925265 7.473451
7557 0.976012 2.398819
226 0.925348 7.465187
1404 0.922697 7.730306
1715 0.919824 8.017645
2756 0.935707 6.429283
1464 0.921575 7.842533
811 0.905344 9.465644
1401 0.923436 7.656445
3122 0.900400 9.959983
5899 0.902222 9.777755
1661 0.902591 9.740888
273 0.920497 7.950301
871 0.945435 5.456451
564 0.972540 2.745974
9711 0.946135 5.386475
994 0.911874 8.812634
3122 0.960538 3.946171
5116 0.947551 5.244874
9886 0.961872 3.812802
4008 0.906769 9.323067
1641 0.914028 8.597191
98 0.924988 7.501233
3414 0.922916 7.708426
520 0.900929 9.907126
664 0.955503 4.449686
3400 0.914239 8.576118
6129 0.933210 6.679023
4762 0.995879 0.412053
13800 0.903768 9.623163
5296 0.938997 6.100253
2063 0.922116 7.788383
1326 0.926235 7.376476
2068 0.978706 2.129411
7390 0.919435 8.056499
1472 0.960630 3.936987
3542 0.928315 7.168493
2440 0.905980 9.402038
812 0.908460 9.154010
2870 0.954975 4.502546
4940 0.919725 8.027521
1132 0.924491 7.550897
1673 0.936111 6.388867
13015 0.907999 9.200125
4259 0.949639 5.036133
2751 0.932613 6.738682
268 0.941930 5.807015
9616 0.950995 4.900479
4099 0.937925 6.207479
5614 0.916802 8.319833
4434 0.925939 7.406067
13960 0.948067 5.193262
2743 0.906223 9.377650
2927 0.927639 7.236054
3830 0.914844 8.515627
985 0.907798 9.220231
1142 0.934361 6.563908
11692 0.901482 9.851837
4711 0.930096 6.990417
2219 0.950458 4.954235
1001 0.931071 6.892902
2330 0.938035 6.196480
10972 0.920493 7.950660
3430 0.929945 7.005512
5317 0.941665 5.833494
2120 0.931663 6.833693
6932 0.928459 7.154077
635 0.921238 7.876164
11589 0.906240 9.376013
3535 0.900949 9.905134
7310 0.950118 4.988186
3200 0.933380 6.661962
6149 0.901740 9.825982
17792 0.971579 2.842066
4352 0.954028 4.597240
1183 0.924514 7.548574
1910 0.920112 7.988830
4058 0.938238 6.176156
6973 0.928115 7.188506
7360 0.943913 5.608746
1061 0.903249 9.675111
5281 0.955568 4.443152
3117 0.937763 6.223726
10752 0.956975 4.302534
8777 0.959836 4.016371
1585 0.906664 9.333574
5779 0.909625 9.037501
4740 0.901757 9.824312
1242 0.925378 7.462174
5338 0.984575 1.542496
6490 0.900984 9.901639
1800 0.912416 8.758434
1085 0.931159 6.884125
3542 0.988273 1.172663
2660 0.904797 9.520336
2699 0.915418 8.458162
6597 0.904272 9.572829
1099 0.944354 5.564633
5212 0.978344 2.165645
4618 0.905124 9.487598
1354 0.941812 5.818790
6085 0.973318 2.668156
2930 0.938845 6.115536
2431 0.976911 2.308939
11960 0.905207 9.479290
8991 0.931634 6.836632
193 0.924979 7.502118
422 0.951802 4.819840
3277 0.954002 4.599756
2428 0.908528 9.147183
5123 0.933201 6.679939
472 0.901613 9.838662
1009 0.992621 0.737944
10370 0.915747 8.425291
7288 0.901735 9.826547
3447 0.900078 9.992228
7846 0.936804 6.319598
2103 0.902801 9.719854
983 0.912521 8.747890
1552 0.927943 7.205700
6696 0.915796 8.420400
18166 0.994049 0.595105
10555 0.950819 4.918060
1011 0.930286 6.971405
6230 0.934984 6.501601
551 0.904232 9.576775
4846 0.904178 9.582160
1034 0.963554 3.644613
2157 0.958276 4.172392
1148 0.986148 1.385190
7496 0.952376 4.762358
2766 0.975131 2.486880
15233 0.968582 3.141832
4926 0.904239 9.576097
1683 0.909540 9.045981
3033 0.938706 6.129404
8747 0.919755 8.024486
7907 0.909720 9.027974
7189 0.935971 6.402857
5978 0.908368 9.163157
32 0.940670 5.933001
4758 0.954249 4.575077
3355 0.924152 7.584801
562 0.906350 9.364992
1858 0.900460 9.953998
4941 0.982955 1.704510
5910 0.950336 4.966378
140 0.937167 6.283252
963 0.946786 5.321404
7817 0.912782 8.721798
2535 0.980102 1.989843
3876 0.925979 7.402053
4600 0.984195 1.580546
1773 0.919565 8.043527
628 0.918619 8.138136
134 0.904970 9.503024
398 0.923836 7.616414
4249 0.908524 9.147647
5788 0.903911 9.608857
5711 0.951174 4.882552
4906 0.931802 6.819757
2479 0.950099 4.990102
19456 0.924979 7.502136
7999 0.936138 6.386174
7473 0.963944 3.605555
9098 0.907335 9.266514
3937 0.916517 8.348340
3482 0.920630 7.936969
3657 0.921905 7.809550
5005 0.969057 3.094338
14715 0.928204 7.179603
21980 0.979885 2.011463
8417 0.934467 6.553316
12 0.909203 9.079658
9210 0.922799 7.720096
10788 0.909363 9.063678
17911 0.940817 5.918338
361 0.961543 3.845679
11785 0.981929 1.807091
8351 0.956109 4.389069
9960 0.931339 6.866086
8531 0.901868 9.813241
4435 0.953840 4.615952
662 0.927371 7.262928
17626 0.909800 9.019994
3053 0.948761 5.123913
752 0.974762 2.523759
6577 0.901676 9.832436
2197 0.966062 3.393814
1756 0.974555 2.544511
1149 0.910604 8.939609
1081 0.911603 8.839746
6641 0.920897 7.910319
7151 0.972157 2.784335
443 0.921691 7.830942
10156 0.954980 4.501951
5416 0.937128 6.287219
4512 0.937547 6.245328
4804 0.939186 6.081425
2360 0.984315 1.568504
178 0.903933 9.606657
1927 0.901576 9.842403
2463 0.900454 9.954568
14165 0.933487 6.651324
6821 0.910771 8.922856
581 0.906572 9.342770
1755 0.906704 9.329588
20738 0.926442 7.355782
15045 0.909089 9.091091
13825 0.938160 6.183995
473 0.937496 6.250394
3806 0.953799 4.620100
9459 0.907081 9.291924
9118 0.920400 7.959965
6236 0.910725 8.927458
860 0.905485 9.451506
1592 0.906712 9.328808
13358 0.914749 8.525061
1975 0.905394 9.460624
9980 0.906351 9.364901
6820 0.909740 9.026019
3090 0.913096 8.690372
9699 0.972201 2.779908
762 0.926004 7.399588
73 0.953066 4.693383
614 0.917281 8.271877
73 0.911657 8.834287
2686 0.909339 9.066106
1841 0.957654 4.234552
12475 0.920525 7.947510
6815 0.942502 5.749761
357 0.913180 8.681990
8183 0.911552 8.844837
4323 0.914356 8.564376
1133 0.925079 7.492088
4575 0.922518 7.748169
1279 0.931389 6.861074
10171 0.916765 8.323510
1169 0.905648 9.435193
317 0.908523 9.147675
6349 0.907569 9.243055
2394 0.963383 3.661685
309 0.966270 3.373031
3562 0.921222 7.877838
5590 0.926913 7.308696
2399 0.900037 9.996301
15292 0.926874 7.312612
1999 0.974184 2.581552
474 0.960441 3.955897
4816 0.910257 8.974317
12499 0.954315 4.568500
13045 0.922884 7.711563
14556 0.943573 5.642727
1781 0.903639 9.636122
105 0.985395 1.460534
9802 0.941302 5.869818
5740 0.957898 4.210153
4398 0.924579 7.542147
3463 0.900532 9.946827
324 0.906926 9.307438
14963 0.905180 9.481978
4459 0.943284 5.671635
1562 0.907949 9.205147
2988 0.960512 3.948786
10464 0.968494 3.150634
5490 0.912970 8.703012
15641 0.928244 7.175643
6006 0.907783 9.221700
1192 0.916457 8.354289
3537 0.903499 9.650091
5056 0.924093 7.590711
13165 0.954559 4.544116
70 0.900179 9.982096
271 0.943939 5.606134
5871 0.922390 7.760987
999 0.904674 9.532579
5592 0.912874 8.712602
9256 0.910673 8.932654
12964 0.909734 9.026554
801 0.918928 8.107178
9436 0.917476 8.252362
7874 0.914952 8.504794
1870 0.922724 7.727630
2023 0.932694 6.730583
5714 0.958336 4.166435
264 0.910643 8.935712
425 0.919556 8.044359
2919 0.967566 3.243353
6108 0.919076 8.092379
19 0.947713 5.228690
7983 0.906437 9.356250
1143 0.916427 8.357334
11506 0.915687 8.431295
15146 0.966542 3.345773
5332 0.933147 6.685332
25486 0.913632 8.636772
6299 0.936742 6.325811
7705 0.944400 5.560003
2325 0.941742 5.825775
1963 0.968084 3.191614
3260 0.931624 6.837575
4044 0.966218 3.378231
6339 0.959728 4.027221
7336 0.907515 9.248458
6571 0.955022 4.497825
6893 0.912711 8.728878
134 0.905150 9.484976
1071 0.913605 8.639504
26087 0.900300 9.969968
3417 0.928098 7.190192
2796 0.946929 5.307115
566 0.918380 8.162025
1705 0.932243 6.775658
2976 0.907365 9.263546
14625 0.913841 8.615935
2472 0.904350 9.564972
2790 0.955700 4.430035
1495 0.920584 7.941599
2388 0.915573 8.442720
8296 0.931316 6.868361
8218 0.935883 6.411660
4297 0.941288 5.871243
2878 0.961583 3.841698
5887 0.915084 8.491617
3243 0.909628 9.037173
3229 0.931700 6.829995
385 0.935805 6.419516
4232 0.907694 9.230596
3666 0.921403 7.859745
3518 0.932688 6.731153
6611 0.935801 6.419909
18739 0.927557 7.244301
3866 0.917358 8.264227
2700 0.905626 9.437372
4638 0.921167 7.883285
10095 0.972704 2.729562
2807 0.900090 9.990957
1991 0.911029 8.897103
438 0.941059 5.894051
14897 0.976247 2.375343
906 0.944545 5.545467
1878 0.925435 7.456482
2100 0.910401 8.959902
9469 0.943288 5.671188
5646 0.900445 9.955535
13415 0.931595 6.840464
12455 0.906195 9.380515
3468 0.934945 6.505498
11177 0.955551 4.444923
7688 0.954546 4.545429
3187 0.952283 4.771690
2554 0.969749 3.025124
7343 0.915849 8.415150
1291 0.938252 6.174765
3422 0.910741 8.925925
6311 0.950246 4.975424
698 0.974339 2.566112
3623 0.908690 9.131012
20980 0.914132 8.586791
5132 0.997615 0.238484
681 0.972320 2.768022
11921 0.908505 9.149479
1185 0.954462 4.553833
11604 0.932255 6.774457
294 0.930037 6.996289
625 0.962732 3.726784
11495 0.985285 1.471505
2305 0.936728 6.327200
76 0.905092 9.490820
8973 0.937087 6.291314
5864 0.956503 4.349700
11106 0.962573 3.742709
6090 0.955710 4.428988
5547 0.909721 9.027896
8087 0.921227 7.877294
3330 0.983257 1.674303
2190 0.915595 8.440463
7578 0.905718 9.428232
24207 0.942289 5.771059
15389 0.907406 9.259372
2944 0.961893 3.810737
235 0.933143 6.685710
5778 0.901494 9.850565
6537 0.912086 8.791441
6067 0.910741 8.925871
837 0.921577 7.842273
859 0.928605 7.139547
2912 0.926393 7.360749
15720 0.935978 6.402206
4224 0.958960 4.104048
12076 0.907158 9.284164
302 0.972484 2.751620
9036 0.907082 9.291768
4669 0.949447 5.055319
15461 0.965438 3.456184
353 0.950048 4.995154
6475 0.905397 9.460307
2009 0.925321 7.467934
8006 0.909454 9.054571
743 0.900003 9.999701
4996 0.935218 6.478159
914 0.928256 7.174383
10056 0.931810 6.819025
10352 0.926848 7.315249
3795 0.905259 9.474131
3114 0.916023 8.397679
1510 0.964398 3.560158
4170 0.925286 7.471392
9747 0.988746 1.125446
4913 0.938538 6.146226
6616 0.908855 9.114484
11176 0.942968 5.703197
13954 0.907371 9.262923
463 0.902081 9.791946
3832 0.902536 9.746374
1175 0.942159 5.784063
623 0.913735 8.626455
6805 0.910826 8.917385
1003 0.904724 9.527632
482 0.974121 2.587871
6764 0.912681 8.731908
5847 0.909535 9.046461
2747 0.935552 6.444824
7259 0.933437 6.656257
8175 0.947606 5.239439
3389 0.976108 2.389203
4559 0.950323 4.967703
5961 0.948488 5.151242
9483 0.954044 4.595553
2702 0.909445 9.055500
4099 0.955890 4.410971
4679 0.917159 8.284056
4959 0.901714 9.828640
4418 0.933759 6.624104
10674 0.925823 7.417705
3820 0.909421 9.057870
2944 0.939773 6.022662
1636 0.902475 9.752518
1240 0.919862 8.013828
1877 0.962747 3.725342
17386 0.900038 9.996208
5554 0.921044 7.895613
98 0.985397 1.460271
29224 0.943545 5.645486
8349 0.920316 7.968430
10039 0.925081 7.491895
626 0.917615 8.238520
220 0.937129 6.287112
15922 0.928363 7.163672
10123 0.915045 8.495479
441 0.931223 6.877707
4910 0.957662 4.233836
5033 0.961710 3.828998
2004 0.962920 3.708012
223 0.929440 7.055955
2029 0.917764 8.223607
3040 0.912527 8.747341
3963 0.907765 9.223475
6812 0.945225 5.477463
4358 0.921775 7.822472
542 0.926368 7.363223
3948 0.939759 6.024115
10334 0.975636 2.436391
8512 0.915874 8.412642
8638 0.911821 8.817905
1999 0.917234 8.276574
13590 0.915599 8.440143
3704 0.909459 9.054112
5784 0.934841 6.515891
488 0.931669 6.833110
1635 0.940148 5.985198
1486 0.916488 8.351208
550 0.904534 9.546619
11284 0.963661 3.633878
3108 0.901272 9.872783
13143 0.906395 9.360473
311 0.957103 4.289728
468 0.948410 5.159014
1551 0.951032 4.896821
1067 0.925800 7.419956
2921 0.917923 8.207665
1504 0.955424 4.457605
1648 0.948452 5.154843
8242 0.959772 4.022800
5381 0.959952 4.004838
3376 0.945676 5.432438
331 0.952341 4.765931
3507 0.918314 8.168634
823 0.957154 4.284554
9253 0.953146 4.685387
4898 0.910940 8.906015
4926 0.921231 7.876926
3778 0.944933 5.506711
2820 0.925634 7.436558
548 0.907934 9.206639
2714 0.977857 2.214307
3924 0.959621 4.037879
6563 0.954999 4.500052
6149 0.923813 7.618716
4391 0.914585 8.541508
5474 0.964949 3.505099
1874 0.992935 0.706513
5078 0.921725 7.827478
1740 0.920084 7.991589
7092 0.942979 5.702147
1031 0.976421 2.357928
449 0.930711 6.928922
715 0.941314 5.868565
11501 0.923334 7.666601
321 0.959213 4.078684
1124 0.904821 9.517888
1738 0.970454 2.954575
5243 0.930381 6.961932
5766 0.927995 7.200473
2089 0.968415 3.158509
6625 0.915385 8.461462
9761 0.977922 2.207788
2994 0.955635 4.436529
2044 0.927043 7.295747
1294 0.945809 5.419064
7126 0.901290 9.870994
10829 0.933996 6.600400
3170 0.901702 9.829849
7013 0.941756 5.824449
3833 0.974649 2.535050
69 0.902299 9.770070
360 0.954372 4.562764
5303 0.922621 7.737930
9069 0.929118 7.088183
210 0.924942 7.505832
9556 0.947540 5.245995
184 0.920850 7.915007
7705 0.946157 5.384262
2948 0.927391 7.260893
5300 0.928208 7.179196
2523 0.957892 4.210782
1014 0.905394 9.460597
1633 0.912234 8.776563
6769 0.905184 9.481580
5077 0.967562 3.243765
388 0.950381 4.961901
999 0.920192 7.980844
2134 0.921913 7.808662
4072 0.900636 9.936395
8112 0.947351 5.264887
14043 0.960986 3.901404
3748 0.903251 9.674921
6403 0.902510 9.749034
39 0.949051 5.094917
6014 0.929401 7.059891
3088 0.928548 7.145181
4213 0.932398 6.760202
2405 0.903703 9.629652
15310 0.909186 9.081411
491 0.939469 6.053138
10745 0.963847 3.615297
11650 0.961357 3.864308
477 0.911948 8.805229
2166 0.903052 9.694842
6312 0.924639 7.536107
5423 0.944620 5.537992
7567 0.908869 9.113091
811 0.913819 8.618134
898 0.962018 3.798219
2282 0.920278 7.972215
1064 0.931067 6.893330
248 0.948404 5.159627
10736 0.924574 7.542649
8371 0.937829 6.217119
5383 0.944602 5.539783
12831 0.926183 7.381681
1310 0.907358 9.264201
885 0.910043 8.995676
2530 0.905584 9.441552
7423 0.947423 5.257734
294 0.911379 8.862137
3500 0.927407 7.259258
1431 0.914832 8.516761
3653 0.904089 9.591053
22718 0.916725 8.327472
1477 0.951331 4.866901
13712 0.943419 5.658109
6825 0.935316 6.468436
22088 0.918641 8.135886
1178 0.925184 7.481598
3195 0.978230 2.177022
1915 0.907838 9.216232
2190 0.954748 4.525229
865 0.922647 7.735322
3165 0.938247 6.175340
594 0.961445 3.855485
325 0.909118 9.088233
2218 0.933768 6.623219
2385 0.930159 6.984124
3392 0.908581 9.141876
3320 0.944804 5.519577
2141 0.976900 2.309953
6428 0.909259 9.074111
266 0.905580 9.441957
8016 0.914251 8.574888
4349 0.923975 7.602489
3247 0.964849 3.515109
2409 0.989709 1.029080
2363 0.910634 8.936580
3857 0.906243 9.375695
8245 0.969164 3.083588
7739 0.910509 8.949095
16041 0.973791 2.620884
1017 0.941488 5.851206
2377 0.939861 6.013863
2826 0.958649 4.135143
2571 0.943876 5.612438
8629 0.986024 1.397582
3531 0.925802 7.419774
15674 0.939956 6.004389
905 0.916279 8.372058
3080 0.919586 8.041362
2000 0.930203 6.979725
2071 0.941837 5.816289
6747 0.910401 8.959898
19270 0.929912 7.008780
6103 0.901561 9.843865
16774 0.907823 9.217729
3468 0.920482 7.951789
5975 0.902876 9.712447
7194 0.900532 9.946840
11667 0.900911 9.908901
11989 0.902454 9.754554
4629 0.910174 8.982572
5645 0.902775 9.722517
1806 0.901706 9.829445
31030 0.969016 3.098369
5836 0.916467 8.353272
1951 0.923405 7.659518
7531 0.904766 9.523358
5510 0.919580 8.042016
11876 0.963669 3.633093
3161 0.953734 4.626610
1386 0.926977 7.302262
3324 0.915935 8.406523
7787 0.907709 9.229150
688 0.968754 3.124572
9648 0.918850 8.114972
118 0.943074 5.692644
72 0.926446 7.355367
2590 0.923081 7.691932
442 0.912810 8.719045
13098 0.994182 0.581779
14373 0.933068 6.693163
2503 0.903145 9.685499
605 0.942563 5.743693
7164 0.915363 8.463731
2590 0.928227 7.177294
2110 0.905961 9.403927
5111 0.972996 2.700366
2723 0.962895 3.710501
18762 0.909699 9.030097
16343 0.921224 7.877586
4425 0.936530 6.347021
452 0.957614 4.238576
116 0.907849 9.215094
13941 0.946630 5.336958
2701 0.961223 3.877713
1159 0.969298 3.070205
5164 0.968753 3.124661
3178 0.923361 7.663938
615 0.914797 8.520252
46 0.934311 6.568866
9653 0.982751 1.724921
600 0.974149 2.585147
9182 0.925513 7.448735
4582 0.926946 7.305405
5798 0.920909 7.909065
10867 0.925033 7.496692
6787 0.993725 0.627536
4031 0.962966 3.703357
959 0.908680 9.131958
2067 0.916798 8.320180
2745 0.906250 9.374957
563 0.931416 6.858405
3750 0.917634 8.236649
2634 0.924292 7.570776
5519 0.924352 7.564782
716 0.923625 7.637536
2658 0.951879 4.812116
8939 0.955367 4.463270
5278 0.923398 7.660237
5220 0.926380 7.362031
13390 0.901270 9.873013
1994 0.927174 7.282601
4536 0.919138 8.086239
97 0.957263 4.273725
2385 0.929751 7.024944
9462 0.942804 5.719649
5729 0.919797 8.020334
11476 0.926036 7.396387
1766 0.942001 5.799855
11586 0.943403 5.659688
1324 0.927414 7.258639
2602 0.934574 6.542636
753 0.958240 4.175987
7642 0.957614 4.238614
2993 0.928199 7.180091
179 0.972659 2.734121
7066 0.924890 7.510973
7933 0.928342 7.165814
1642 0.950850 4.915024
2711 0.980425 1.957513
2068 0.908766 9.123390
13192 0.958020 4.198036
526 0.956612 4.338797
1260 0.911040 8.896027
133 0.926951 7.304853
2300 0.940273 5.972707
2688 0.909515 9.048451
5585 0.900947 9.905299
15305 0.912762 8.723780
1252 0.949922 5.007824
4242 0.904684 9.531611
7279 0.904263 9.573740
1741 0.921270 7.873027
17913 0.947952 5.204790
10704 0.938027 6.197325
8959 0.943046 5.695353
570 0.914071 8.592865
3492 0.921197 7.880337
1973 0.963763 3.623660
9518 0.942173 5.782726
1824 0.955728 4.427201
1291 0.948549 5.145055
626 0.938330 6.166994
6465 0.952204 4.779649
18267 0.959068 4.093201
3436 0.961904 3.809602
8700 0.927223 7.277679
8130 0.904838 9.516219
98 0.916926 8.307428
6453 0.911695 8.830495
304 0.949998 5.000222
5928 0.931883 6.811739
1141 0.907524 9.247612
3640 0.942670 5.732967
5588 0.986954 1.304586
2465 0.924212 7.578797
1158 0.954928 4.507235
11016 0.967874 3.212576
531 0.928214 7.178637
7934 0.986614 1.338641
4596 0.963192 3.680811
5597 0.935299 6.470070
12463 0.947810 5.218964
13796 0.933793 6.620696
11835 0.909444 9.055622
19291 0.911952 8.804843
4184 0.924861 7.513903
1063 0.913504 8.649577
4682 0.908945 9.105475
2088 0.914515 8.548518
1729 0.939731 6.026923
7011 0.955423 4.457726
2473 0.977307 2.269318
18390 0.901354 9.864623
2818 0.903216 9.678353
1036 0.903330 9.667032
8288 0.923509 7.649058
2263 0.938460 6.154013
7261 0.966259 3.374089
3232 0.961409 3.859142
11194 0.964299 3.570141
5484 0.945055 5.494468
2065 0.903435 9.656504
10967 0.904563 9.543684
1749 0.902616 9.738397
1346 0.952104 4.789633
6245 0.903925 9.607472
275 0.972977 2.702283
847 0.910376 8.962430
4783 0.952381 4.761881
5032 0.902344 9.765615
1295 0.916696 8.330388
240 0.931324 6.867619
3064 0.955764 4.423639
306 0.923447 7.655273
3927 0.947121 5.287915
10331 0.959085 4.091518
14126 0.910944 8.905588
1297 0.957303 4.269742
2270 0.936221 6.377931
8001 0.939520 6.048008
8903 0.905551 9.444946
5744 0.978114 2.188595
1477 0.904596 9.540370
1789 0.900833 9.916705
23651 0.943090 5.690968
1341 0.961908 3.809227
607 0.907101 9.289949
226 0.926801 7.319916
409 0.944315 5.568549
357 0.980988 1.901227
2358 0.976356 2.364425
707 0.965084 3.491579
2527 0.904474 9.552566
12209 0.904587 9.541289
326 0.927484 7.251621
2800 0.949365 5.063475
1741 0.947572 5.242803
1090 0.925981 7.401887
6889 0.901334 9.866597
1312 0.923731 7.626931
11089 0.905473 9.452661
3272 0.988218 1.178248
742 0.938548 6.145184
1519 0.959782 4.021814
1422 0.911728 8.827231
7287 0.930062 6.993778
1235 0.946807 5.319343
5918 0.973759 2.624053
8574 0.912523 8.747678
8597 0.916306 8.369448
1703 0.906793 9.320684
112 0.906317 9.368266
3745 0.905362 9.463832
1071 0.904719 9.528089
4760 0.906234 9.376637
1004 0.979910 2.009028
432 0.935813 6.418716
10305 0.935488 6.451242
1366 0.904241 9.575894
10978 0.943227 5.677342
3121 0.957058 4.294166
3600 0.960979 3.902072
4695 0.956570 4.342998
5738 0.926972 7.302778
9062 0.967358 3.264243
768 0.902632 9.736784
2188 0.916047 8.395281
4996 0.902457 9.754332
1782 0.900087 9.991335
13269 0.931239 6.876110
3944 0.958902 4.109794
12134 0.975746 2.425421
5260 0.900749 9.925063
8139 0.930752 6.924769
1288 0.905453 9.454706
3965 0.901143 9.885671
11822 0.914426 8.557382
4306 0.925960 7.404016
10771 0.905028 9.497172
2646 0.937237 6.276262
2864 0.922546 7.745354
5512 0.901976 9.802419
381 0.938143 6.185687
13007 0.905294 9.470640
13246 0.914141 8.585880
10598 0.917971 8.202851
485 0.978746 2.125431
6253 0.916899 8.310055
6537 0.964161 3.583892
920 0.950518 4.948236
3214 0.918117 8.188328
6101 0.905068 9.493211
6033 0.960664 3.933626
13209 0.917308 8.269183
2116 0.942426 5.757387
223 0.904438 9.556236
4205 0.917632 8.236838
4485 0.916073 8.392728
7999 0.956067 4.393273
1100 0.967272 3.272842
150 0.919017 8.098326
1006 0.909654 9.034620
1781 0.959711 4.028927
13417 0.903483 9.651659
490 0.938269 6.173078
16343 0.928122 7.187837
3740 0.935020 6.497989
9045 0.922478 7.752222
9569 0.961057 3.894331
828 0.958425 4.157514
275 0.914847 8.515276
18848 0.964545 3.545524
5723 0.902375 9.762527
12524 0.907519 9.248134
3492 0.922510 7.749039
7953 0.924363 7.563720
3346 0.982693 1.730685
13193 0.926447 7.355316
13505 0.900819 9.918148
17815 0.970777 2.922329
7250 0.966057 3.394307
287 0.923810 7.618958
30 0.901557 9.844294
875 0.917069 8.293051
4705 0.915276 8.472447
4408 0.926027 7.397265
2331 0.951730 4.827000
2928 0.963223 3.677684
864 0.931611 6.838911
3530 0.921458 7.854172
15494 0.948871 5.112891
161 0.959908 4.009232
6361 0.909590 9.041047
880 0.920539 7.946053
2260 0.908323 9.167718
842 0.924393 7.560723
1440 0.917903 8.209664
11647 0.930981 6.901884
5673 0.968328 3.167238
2488 0.909752 9.024780
2317 0.907709 9.229059
1083 0.932133 6.786693
4246 0.929114 7.088622
9225 0.912085 8.791505
768 0.906978 9.302166
2998 0.982251 1.774934
2577 0.926369 7.363132
6569 0.937540 6.246014
7070 0.971240 2.876013
10284 0.917184 8.281618
3100 0.973269 2.673119
332 0.902594 9.740574
9600 0.916822 8.317806
6767 0.933354 6.664581
1180 0.964212 3.578751
480 0.915244 8.475576
2214 0.941659 5.834097
3538 0.952389 4.761075
595 0.940499 5.950055
650 0.907737 9.226319
2823 0.906661 9.333855
1957 0.970133 2.986699
10682 0.909520 9.047965
3432 0.910606 8.939355
2579 0.929676 7.032355
670 0.960209 3.979101
9684 0.912724 8.727566
3235 0.957891 4.210937
5120 0.960728 3.927165
394 0.915058 8.494199
12356 0.940949 5.905077
1816 0.949969 5.003147
804 0.937360 6.263972
246 0.906823 9.317658
4038 0.947236 5.276371
8531 0.901776 9.822387
8571 0.968076 3.192426
89 0.936358 6.364158
5426 0.943137 5.686344
1839 0.900740 9.926039
1259 0.924463 7.553726
5309 0.965504 3.449579
197 0.904934 9.506551
11160 0.943091 5.690850
8528 0.913230 8.676989
7554 0.920190 7.980954
12318 0.908999 9.100150
9830 0.921039 7.896069
6371 0.939727 6.027343
1270 0.949173 5.082660
2527 0.909518 9.048235
11443 0.944201 5.579859
2605 0.923937 7.606349
1479 0.978095 2.190525
620 0.951889 4.811055
10936 0.939596 6.040433
6561 0.931913 6.808717
13057 0.911033 8.896717
60 0.965540 3.445959
16423 0.909709 9.029088
7487 0.926054 7.394635
2415 0.930025 6.997520
7247 0.970805 2.919533
5824 0.940797 5.920319
2415 0.902833 9.716734
1458 0.969782 3.021843
4862 0.947468 5.253188
7658 0.908446 9.155408
5037 0.908187 9.181257
10813 0.930913 6.908672
5560 0.915344 8.465610
5930 0.949047 5.095268
1678 0.925866 7.413413
149 0.964665 3.533476
18153 0.942948 5.705225
616 0.975112 2.488814
1924 0.927128 7.287232
2171 0.948057 5.194300
10555 0.925776 7.422410
5704 0.922616 7.738414
340 0.940041 5.995914
5517 0.948312 5.168845
4749 0.905251 9.474852
2054 0.914261 8.573936
19268 0.956590 4.341048
3404 0.984461 1.553889
5881 0.935413 6.458702
10734 0.954903 4.509678
108 0.921641 7.835884
7551 0.904865 9.513529
1568 0.907011 9.298932
1636 0.948317 5.168258
13922 0.920944 7.905568
11886 0.909862 9.013761
4526 0.993218 0.678238
212 0.930444 6.955644
9447 0.984267 1.573306
1436 0.972295 2.770450
11996 0.903744 9.625596
2163 0.963966 3.603354
5942 0.914244 8.575642
1004 0.943178 5.682219
4807 0.926420 7.358016
4999 0.921359 7.864128
30 0.963921 3.607864
5563 0.936604 6.339641
2778 0.900248 9.975214
2961 0.906609 9.339086
270 0.912882 8.711781
11327 0.945107 5.489296
9335 0.903143 9.685749
2278 0.921613 7.838662
4731 0.940479 5.952117
1193 0.924270 7.573037
4573 0.931304 6.869593
4674 0.960558 3.944249
12892 0.911465 8.853463
2595 0.958995 4.100476
15576 0.918973 8.102716
7319 0.970340 2.966027
1236 0.935294 6.470560
3263 0.910755 8.924505
3661 0.951192 4.880825
19 0.927113 7.288692
116 0.987516 1.248420
4604 0.923725 7.627451
10304 0.940509 5.949087
1288 0.970533 2.946749
1990 0.950359 4.964077
4822 0.907809 9.219134
359 0.975543 2.445720
12921 0.960598 3.940237
12756 0.936760 6.323963
5866 0.902236 9.776403
5313 0.906047 9.395334
263 0.907460 9.254050
6890 0.918989 8.101068
5255 0.941660 5.833982
1921 0.913696 8.630352
11760 0.910595 8.940480
126 0.914336 8.566378
9537 0.931330 6.867006
16206 0.916291 8.370927
18350 0.988238 1.176210
321 0.917769 8.223117
5372 0.915050 8.495020
3367 0.962557 3.744288
1262 0.956415 4.358539
8322 0.908075 9.192550
3133 0.935367 6.463292
861 0.983860 1.613974
3479 0.939371 6.062912
1958 0.927378 7.262158
22640 0.947610 5.238988
1155 0.900476 9.952428
1033 0.910793 8.920666
5049 0.977361 2.263884
2291 0.933842 6.615837
578 0.946425 5.357534
1140 0.959632 4.036752
6813 0.903163 9.683673
563 0.907202 9.279781
2914 0.926112 7.388848
919 0.935616 6.438430
5257 0.936971 6.302885
6127 0.931738 6.826179
10102 0.922365 7.763467
6977 0.922467 7.753261
3070 0.916071 8.392918
892 0.942304 5.769593
1190 0.991690 0.831019
11019 0.946429 5.357117
3672 0.902406 9.759407
749 0.902784 9.721629
1848 0.905986 9.401400
6552 0.945028 5.497234
11762 0.929639 7.036054
5995 0.909502 9.049814
10334 0.946341 5.365851
2283 0.967522 3.247847
8755 0.921663 7.833730
2865 0.902035 9.796481
2176 0.929069 7.093074
895 0.983852 1.614831
3246 0.905962 9.403784
8827 0.936951 6.304891
6138 0.946489 5.351093
7658 0.910638 8.936233
11199 0.916429 8.357075
6723 0.964343 3.565665
9578 0.904837 9.516329
4267 0.942025 5.797483
3208 0.922191 7.780901
16067 0.933738 6.626246
5226 0.929012 7.098839
1631 0.900905 9.909477
274 0.941752 5.824838
5271 0.947857 5.214296
1578 0.947069 5.293090
1881 0.905062 9.493842
1561 0.927229 7.277121
3615 0.904376 9.562366
2013 0.903472 9.652807
281 0.918968 8.103179
5432 0.901478 9.852239
5575 0.914317 8.568330
5315 0.903531 9.646892
3238 0.949978 5.002200
9183 0.905126 9.487359
238 0.907993 9.200654
5244 0.932821 6.717930
16198 0.919408 8.059160
3055 0.987577 1.242339
621 0.928163 7.183676
6765 0.907550 9.245019
14355 0.915910 8.409049
6956 0.933026 6.697432
14841 0.945593 5.440679
328 0.909122 9.087814
2747 0.914138 8.586176
5880 0.900581 9.941870
1907 0.908818 9.118153
8641 0.930994 6.900615
2016 0.954457 4.554285
700 0.917154 8.284615
15837 0.919116 8.088423
3148 0.916258 8.374208
5101 0.925501 7.449858
6913 0.927516 7.248435
3975 0.942747 5.725283
1470 0.924581 7.541946
930 0.920689 7.931099
4506 0.939230 6.076957
3048 0.907882 9.211839
2241 0.965570 3.443014
9599 0.912711 8.728885
241 0.983121 1.687938
112 0.972763 2.723730
2487 0.954559 4.544118
1776 0.931579 6.842100
8430 0.902693 9.730675
8242 0.916177 8.382290
8786 0.908503 9.149671
13058 0.948310 5.169029
21434 0.933044 6.695551
2843 0.903485 9.651462
15338 0.975596 2.440414
4217 0.985969 1.403075
16549 0.950698 4.930214
3380 0.947946 5.205419
3980 0.919405 8.059546
13690 0.916461 8.353904
5281 0.906732 9.326842
15691 0.973810 2.618985
1761 0.960442 3.955787
484 0.904571 9.542899
1066 0.957818 4.218214
6364 0.918306 8.169444
4757 0.937178 6.282201
2437 0.904381 9.561933
678 0.918799 8.120121
1054 0.916580 8.341969
2660 0.922992 7.700789
2713 0.953516 4.648418
387 0.922142 7.785773
986 0.907877 9.212317
5782 0.902838 9.716162
1921 0.905302 9.469817
2519 0.940673 5.932734
642 0.992619 0.738073
24 0.980052 1.994817
6677 0.918809 8.119072
5765 0.968428 3.157151
2978 0.929633 7.036650
7688 0.973839 2.616067
2399 0.947482 5.251845
1927 0.938434 6.156624
1891 0.945709 5.429053
5443 0.905651 9.434904
4828 0.922353 7.764728
2228 0.913031 8.696916
13074 0.940652 5.934821
94 0.944407 5.559335
2324 0.926372 7.362752
12770 0.933025 6.697496
110 0.957623 4.237724
1562 0.920368 7.963219
6230 0.951207 4.879313
991 0.966948 3.305212
6147 0.926422 7.357821
1171 0.946235 5.376453
1603 0.904580 9.542000
5079 0.907086 9.291438
18351 0.903178 9.682170
1764 0.918806 8.119446
7599 0.942260 5.773988
5805 0.979719 2.028135
20847 0.918656 8.134361
864 0.900621 9.937906
15995 0.901511 9.848926
9184 0.942915 5.708461
7267 0.937365 6.263500
561 0.911514 8.848620
2499 0.907212 9.278773
1681 0.930595 6.940519
7009 0.953291 4.670857
4827 0.939774 6.022571
2828 0.958216 4.178433
537 0.913074 8.692613
18352 0.941479 5.852140
2169 0.904913 9.508656
17865 0.925876 7.412359
1500 0.950267 4.973306
10526 0.951819 4.818083
487 0.916104 8.389647
3530 0.925268 7.473188
10368 0.962501 3.749869
4750 0.945817 5.418321
233 0.900239 9.976143
4787 0.958939 4.106060
7777 0.900552 9.944790
1207 0.907856 9.214352
5072 0.953406 4.659355
5141 0.922862 7.713789
3860 0.931367 6.863290
4093 0.954101 4.589850
15474 0.926563 7.343732
13464 0.929007 7.099293
936 0.910123 8.987671
4217 0.904847 9.515311
532 0.948763 5.123693
12404 0.950678 4.932190
5775 0.969268 3.073199
1326 0.941156 5.884403
3132 0.913509 8.649095
3670 0.933009 6.699111
10019 0.917288 8.271232
6927 0.948564 5.143629
4610 0.906308 9.369151
6786 0.919368 8.063195
11912 0.923163 7.683659
1321 0.944869 5.513078
3297 0.929804 7.019631
11394 0.935998 6.400203
1368 0.986744 1.325627
21706 0.913211 8.678884
6080 0.906115 9.388477
5735 0.925443 7.455732
3090 0.940580 5.941998
4135 0.966195 3.380487
12197 0.911482 8.851759
2072 0.983561 1.643915
3208 0.916627 8.337296
4893 0.930355 6.964540
725 0.927882 7.211834
3976 0.916383 8.361688
1375 0.947166 5.283378
9405 0.918567 8.143314
10410 0.961385 3.861508
914 0.955676 4.432437
659 0.924578 7.542225
4674 0.927288 7.271208
4318 0.929346 7.065409
4992 0.930970 6.902972
5250 0.905149 9.485095
7512 0.917008 8.299231
3607 0.909740 9.025985
13820 0.923934 7.606583
10506 0.916594 8.340593
4345 0.924875 7.512475
7246 0.936269 6.373097
11086 0.916503 8.349673
8039 0.972630 2.736984
9999 0.924853 7.514710
7357 0.929789 7.021130
5868 0.909599 9.040066
18336 0.937766 6.223416
17907 0.906739 9.326143
8470 0.926964 7.303612
11378 0.907453 9.254700
11391 0.943086 5.691405
15222 0.911668 8.833163
10321 0.961224 3.877624
14303 0.940356 5.964370
9011 0.926978 7.302215
18995 0.928390 7.160989
11407 0.909043 9.095655
9280 0.937298 6.270153
21189 0.901722 9.827774
12058 0.911823 8.817714
11708 0.939837 6.016291
16972 0.912460 8.754027
17835 0.919429 8.057089
10663 0.934378 6.562159
15012 0.910523 8.947679
12753 0.939762 6.023786
13003 0.910197 8.980338
15551 0.905614 9.438589
17009 0.911436 8.856405
13251 0.925956 7.404402
25071 0.913402 8.659826
17644 0.916666 8.333357
17988 0.932992 6.700836
18350 0.977361 2.263897
22267 0.950439 4.956075
24466 0.952115 4.788468
26427 0.912560 8.744024
29167 0.918745 8.125459
28801 0.977758 2.224174
