22 -0.121110 8.998738
22 -0.115913 4.321841
23 -0.117266 5.539085
23 -0.118190 6.371386
24 -0.121861 9.675178
24 -0.119647 7.682168
24 -0.116187 4.568320
25 -0.119662 7.695825
25 -0.119128 7.214802
25 -0.118499 6.648748
25 -0.118167 6.350258
25 -0.117238 5.513929
25 -0.120522 8.470059
26 -0.119268 7.340863
26 -0.115210 3.688883
26 -0.120317 8.285112
26 -0.117141 5.427114
26 -0.119071 7.163607
26 -0.121765 9.588385
26 -0.120843 8.759045
27 -0.118031 6.227970
27 -0.115354 3.818548
27 -0.119478 7.530329
27 -0.118247 6.422036
27 -0.116745 5.070148
27 -0.117854 6.068583
26 -0.119205 7.284945
27 -0.120148 8.132948
27 -0.120886 8.797503
27 -0.115444 3.899236
27 -0.117449 5.703755
28 -0.117236 5.512714
29 -0.119610 7.649021
29 -0.121179 9.060692
29 -0.116568 4.911003
29 -0.120425 8.382072
29 -0.117153 5.437918
29 -0.114726 3.253019
30 -0.116194 4.574818
31 -0.122154 9.938292
31 -0.119996 7.996094
31 -0.120864 8.778034
31 -0.115699 4.128848
31 -0.118167 6.349890
33 -0.120617 8.555169
34 -0.114183 2.764558
35 -0.117462 5.715824
36 -0.118881 6.992521
20 -0.117232 5.509223
27 -0.118811 6.930041
24 -0.120644 8.579760
25 -0.120895 8.805870
27 -0.119174 7.256495
25 -0.119661 7.695157
25 -0.120265 8.238838
24 -0.118795 6.915910
24 -0.118914 7.022550
23 -0.119366 7.429787
25 -0.118418 6.575931
27 -0.120768 8.691075
27 -0.120573 8.515763
27 -0.121903 9.713143
27 -0.118049 6.243889
25 -0.120721 8.649028
29 -0.117166 5.449244
27 -0.116836 5.152749
27 -0.114729 3.256104
31 -0.117025 5.322782
29 -0.116568 4.911522
25 -0.118449 6.603698
27 -0.116810 5.129294
24 -0.120529 8.475790
27 -0.121838 9.653802
31 -0.119544 7.589576
29 -0.118856 6.970380
26 -0.121457 9.311193
25 -0.121180 9.061755
34 -0.119975 7.977116
29 -0.114717 3.245370
29 -0.116825 5.142276
27 -0.115146 3.631826
28 -0.119812 7.831172
26 -0.117182 5.463379
31 -0.117633 5.869390
29 -0.118790 6.910959
31 -0.115168 3.651152
27 -0.115158 3.642311
33 -0.117220 5.497749
27 -0.116032 4.428833
34 -0.120618 8.556442
29 -0.119045 7.140916
29 -0.118820 6.938276
29 -0.114811 3.329938
38 -0.116026 4.423327
24 -0.117404 5.663744
24 -0.121956 9.760503
23 -0.121289 9.160160
22 -0.116028 4.424917
22 -0.116568 4.910763
24 -0.117467 5.720605
30 -0.119425 7.482121
31 -0.115028 3.525162
31 -0.115847 4.262060
25 -0.117941 6.146699
27 -0.118110 6.298748
28 -0.116837 5.153444
23 -0.120697 8.627223
24 -0.117671 5.904018
27 -0.117742 5.967408
24 -0.116533 4.879371
25 -0.117829 6.045885
26 -0.116911 5.220235
28 -0.118961 7.064589
24 -0.119994 7.994167
27 -0.118417 6.574906
19 -0.117513 5.761903
27 -0.120152 8.136454
25 -0.118356 6.520730
25 -0.116964 5.267351
24 -0.116490 4.841173
27 -0.114961 3.465278
28 -0.115543 3.988431
33 -0.113759 2.383237
25 -0.115864 4.277629
29 -0.117279 5.551069
25 -0.121463 9.317068
27 -0.122016 9.814825
23 -0.120072 8.064373
27 -0.116021 4.418709
24 -0.118096 6.285992
24 -0.117334 5.600790
23 -0.120535 8.481554
31 -0.119314 7.382377
31 -0.114787 3.308125
29 -0.121210 9.089082
27 -0.122155 9.939654
31 -0.114622 3.159418
28 -0.117767 5.990736
31 -0.117101 5.391305
27 -0.119825 7.842860
23 -0.121521 9.368632
23 -0.119809 7.828057
30 -0.115317 3.785099
25 -0.120282 8.253923
27 -0.114382 2.943770
23 -0.121454 9.308778
24 -0.120660 8.594105
24 -0.117353 5.618065
26 -0.121549 9.394087
26 -0.119687 7.718030
27 -0.118447 6.602459
24 -0.119391 7.451994
25 -0.120834 8.750446
27 -0.118722 6.849911
27 -0.115742 4.167409
29 -0.120065 8.058195
26 -0.120450 8.405432
29 -0.119738 7.763875
26 -0.118845 6.960225
31 -0.114129 2.716474
27 -0.116834 5.150777
28 -0.121725 9.552227
29 -0.119771 7.793823
25 -0.119072 7.164917
29 -0.114905 3.414779
27 -0.121995 9.795543
25 -0.118364 6.527636
25 -0.115037 3.533047
25 -0.120829 8.745926
25 -0.116736 5.062704
31 -0.120686 8.617624
27 -0.120442 8.397363
26 -0.116972 5.274399
29 -0.119846 7.861572
26 -0.121266 9.139824
25 -0.118377 6.539022
25 -0.117527 5.774730
31 -0.120939 8.844770
29 -0.115225 3.702451
27 -0.114789 3.310126
27 -0.114813 3.331311
30 -0.116571 4.913970
25 -0.120910 8.818879
29 -0.119708 7.737467
31 -0.116282 4.653585
26 -0.115484 3.935697
24 -0.119877 7.888979
29 -0.120216 8.194674
28 -0.116903 5.213012
27 -0.118292 6.463206
27 -0.115151 3.636053
28 -0.114906 3.415174
25 -0.117941 6.147142
34 -0.119323 7.390690
31 -0.114641 3.176567
27 -0.114349 2.914312
24 -0.121432 9.289162
28 -0.116695 5.025240
31 -0.115706 4.135449
31 -0.115540 3.986139
