10 -1.093279 9.327890
12 -1.088632 8.863210
failed to find solution after reaching max emtpy limit -- 21 iterations and 15 function evals
23 -1.027939 2.793935
17 -1.098768 9.876826
29 -1.006741 0.674117
29 -1.000885 0.088474
33 -1.016645 1.664548
31 -1.009426 0.942591
31 -1.068419 6.841945
32 -1.028722 2.872152
32 -1.023006 2.300627
36 -1.017053 1.705322
40 -1.042882 4.288169
46 -1.066167 6.616650
37 -1.002678 0.267762
19 -1.005667 0.566721
36 -1.042611 4.261126
42 -1.002676 0.267644
67 -1.009475 0.947542
60 -1.008561 0.856099
56 -1.081775 8.177493
61 -1.007280 0.728001
73 -1.010905 1.090510
31 -1.028236 2.823577
45 -1.048958 4.895752
60 -1.026615 2.661472
63 -1.005160 0.515997
11 -1.049689 4.968930
43 -1.049890 4.989002
63 -1.002404 0.240439
78 -1.012194 1.219381
9 -1.015394 1.539351
69 -1.004313 0.431340
9 -1.048862 4.886160
74 -1.011235 1.123516
57 -1.000206 0.020583
57 -1.001495 0.149533
52 -1.005796 0.579562
63 -1.003933 0.393270
79 -1.008877 0.887722
44 -1.095513 9.551251
79 -1.000635 0.063456
38 -1.016207 1.620744
30 -1.032737 3.273713
55 -1.052225 5.222504
83 -1.007154 0.715408
69 -1.004149 0.414873
64 -1.009775 0.977542
84 -1.000760 0.075965
43 -1.059965 5.996454
87 -1.010186 1.018560
84 -1.093243 9.324264
24 -1.049605 4.960529
77 -1.018095 1.809542
37 -1.070320 7.032048
85 -1.006535 0.653509
78 -1.008148 0.814803
101 -1.002262 0.226215
99 -1.000034 0.003418
27 -1.059701 5.970091
82 -1.004215 0.421528
93 -1.002527 0.252654
113 -1.003900 0.389958
90 -1.000594 0.059391
84 -1.014290 1.429033
111 -1.002655 0.265486
81 -1.004752 0.475165
54 -1.049638 4.963777
67 -1.009224 0.922398
130 -1.006176 0.617587
84 -1.002661 0.266142
126 -1.006815 0.681485
121 -1.001768 0.176840
129 -1.000679 0.067924
147 -1.005733 0.573311
126 -1.010399 1.039888
44 -1.052089 5.208904
58 -1.097940 9.794022
105 -1.009426 0.942592
32 -1.036998 3.699811
101 -1.002166 0.216639
56 -1.002074 0.207374
46 -1.074106 7.410574
136 -1.010019 1.001872
123 -1.009687 0.968721
56 -1.008853 0.885323
53 -1.084648 8.464761
141 -1.005569 0.556884
39 -1.065365 6.536497
74 -1.000434 0.043353
47 -1.083137 8.313676
77 -1.015428 1.542809
76 -1.002495 0.249501
37 -1.075514 7.551367
83 -1.008200 0.820018
105 -1.000845 0.084481
73 -1.001527 0.152695
72 -1.002354 0.235396
54 -1.013372 1.337179
60 -1.003432 0.343210
109 -1.004899 0.489889
32 -1.043706 4.370577
81 -1.005019 0.501919
169 -1.007054 0.705408
183 -1.007080 0.707951
166 -1.007387 0.738713
193 -1.011836 1.183626
42 -1.005445 0.544483
52 -1.001265 0.126534
55 -1.088311 8.831062
66 -1.003312 0.331185
45 -1.062710 6.271032
49 -1.008073 0.807271
26 -1.009460 0.945996
121 -1.021506 2.150578
196 -1.096373 9.637320
75 -1.013962 1.396211
38 -1.026156 2.615576
107 -1.000533 0.053297
180 -1.006319 0.631876
171 -1.001774 0.177435
41 -1.073034 7.303423
50 -1.083143 8.314325
29 -1.015730 1.572973
failed to find solution after reaching max emtpy limit -- 21 iterations and 15 function evals
132 -1.008134 0.813413
100 -1.006985 0.698464
183 -1.010274 1.027433
41 -1.025851 2.585057
228 -1.010670 1.067024
101 -1.006022 0.602224
92 -1.007559 0.755875
222 -1.004062 0.406205
77 -1.002505 0.250528
53 -1.056463 5.646292
63 -1.011416 1.141626
87 -1.004928 0.492764
31 -1.030011 3.001145
216 -1.009334 0.933409
234 -1.004096 0.409564
60 -1.002598 0.259838
8 -1.000313 0.031272
66 -1.007580 0.758006
135 -1.006293 0.629258
60 -1.006926 0.692616
188 -1.007303 0.730279
255 -1.006968 0.696807
91 -1.000817 0.081712
204 -1.008867 0.886671
21 -1.029192 2.919158
244 -1.006209 0.620935
64 -1.005835 0.583476
60 -1.002515 0.251475
34 -1.082308 8.230838
155 -1.002175 0.217463
125 -1.011946 1.194641
72 -1.002479 0.247879
54 -1.007525 0.752504
70 -1.002894 0.289358
232 -1.007271 0.727087
259 -1.009103 0.910284
63 -1.011322 1.132171
212 -1.003071 0.307073
67 -1.009836 0.983589
77 -1.008625 0.862496
83 -1.008943 0.894326
72 -1.008982 0.898215
81 -1.005693 0.569304
80 -1.008530 0.852963
204 -1.001608 0.160835
90 -1.010260 1.025998
136 -1.001464 0.146416
86 -1.006124 0.612387
106 -1.004181 0.418149
81 -1.003292 0.329190
187 -1.004130 0.412979
105 -1.010376 1.037565
179 -1.004727 0.472723
233 -1.000860 0.086024
112 -1.010226 1.022592
186 -1.004290 0.429003
259 -1.004306 0.430567
failed to find solution in 1200 iterations and 324 function evals
failed to find solution in 1200 iterations and 340 function evals
168 -1.008699 0.869876
345 -1.094551 9.455137
160 -1.008172 0.817190
failed to find solution in 1200 iterations and 322 function evals
210 -1.018914 1.891392
failed to find solution in 1200 iterations and 329 function evals
failed to find solution in 1200 iterations and 327 function evals
failed to find solution in 1200 iterations and 328 function evals
245 -1.005932 0.593240
failed to find solution in 1200 iterations and 335 function evals
failed to find solution in 1200 iterations and 344 function evals
310 -1.007850 0.784996
failed to find solution in 1200 iterations and 364 function evals
failed to find solution in 1200 iterations and 331 function evals
failed to find solution in 1200 iterations and 348 function evals
