8 -335.141667 9.344753
11 -313.861084 2.401659
11 -332.712072 8.552063
11 -328.490677 7.174772
12 -326.861041 6.643080
12 -324.958882 6.022474
13 -334.816877 9.238785
14 -325.906838 6.331758
14 -327.136902 6.733084
14 -329.621735 7.543796
15 -317.542080 3.602636
15 -326.315352 6.465042
15 -335.750839 9.543504
16 -333.592659 8.839367
16 -325.628982 6.241103
16 -330.189425 7.729013
17 -322.063743 5.077893
7 -325.679388 6.257549
17 -326.994941 6.686767
12 -335.721170 9.533824
18 -324.274249 5.799102
18 -327.025200 6.696640
18 -318.982923 4.072732
18 -325.823309 6.304505
18 -321.073580 4.754839
18 -321.845190 5.006587
18 -321.145983 4.778461
18 -328.601833 7.211038
19 -322.840342 5.331270
19 -315.367706 2.893216
19 -335.167321 9.353123
19 -330.589359 7.859497
19 -334.241258 9.050982
19 -328.843558 7.289905
11 -316.520360 3.269285
21 -331.090265 8.022925
20 -332.211688 8.388805
20 -326.721021 6.597397
20 -318.562422 3.935537
21 -326.237072 6.439501
21 -325.232281 6.111674
18 -325.256790 6.119671
22 -316.223726 3.172504
22 -330.594163 7.861064
22 -336.409559 9.758421
22 -323.388655 5.510165
22 -321.157444 4.782200
22 -336.856565 9.904263
22 -322.495539 5.218773
18 -326.455237 6.510681
18 -331.695163 8.220281
13 -326.745782 6.605475
22 -335.050521 9.315015
24 -331.777280 8.247073
10 -326.568689 6.547696
24 -328.210275 7.083287
7 -316.750848 3.344486
17 -324.407653 5.842627
13 -333.529408 8.818730
19 -332.402490 8.451057
13 -333.614802 8.846591
12 -325.275272 6.125700
15 -327.250845 6.770259
18 -332.275921 8.409762
18 -327.038189 6.700877
26 -322.505998 5.222185
18 -336.245858 9.705011
16 -331.534672 8.167919
14 -333.359079 8.763158
9 -321.152475 4.780579
9 -307.754013 0.409140
17 -328.133923 7.058376
14 -335.718512 9.532957
12 -336.739028 9.865914
12 -331.088607 8.022384
16 -335.140089 9.344238
20 -324.329232 5.817041
24 -333.120540 8.685331
17 -326.350316 6.476449
19 -323.767456 5.633754
19 -321.603768 4.927820
11 -310.537514 1.317297
17 -329.265118 7.427445
20 -326.200103 6.427440
14 -317.444071 3.570660
17 -332.460101 8.469853
18 -322.544930 5.234887
19 -334.377268 9.095357
20 -328.314494 7.117290
23 -314.130808 2.489660
13 -331.537574 8.168866
17 -334.872299 9.256868
18 -330.722859 7.903054
18 -331.743598 8.236084
12 -333.819998 8.913539
13 -331.530065 8.166416
19 -315.617087 2.974580
14 -335.318106 9.402318
21 -319.149848 4.127194
22 -327.299972 6.786288
15 -329.092751 7.371208
16 -330.262673 7.752911
20 -329.115117 7.378505
19 -314.999552 2.773100
18 -335.397108 9.428094
22 -335.138527 9.343728
20 -318.349012 3.865909
24 -327.757168 6.935455
17 -327.014141 6.693031
18 -326.720099 6.597096
18 -322.430595 5.197584
14 -331.920393 8.293766
26 -314.039948 2.460016
22 -318.929044 4.055153
17 -329.411657 7.475255
13 -325.450790 6.182966
14 -326.138941 6.407485
15 -332.641906 8.529170
19 -332.474778 8.474642
21 -336.501000 9.788255
18 -329.706198 7.571353
22 -317.355358 3.541716
13 -320.807297 4.667960
25 -325.809320 6.299941
16 -334.806098 9.235269
11 -335.969726 9.614919
14 -321.924344 5.032412
10 -332.270920 8.408131
19 -322.032561 5.067720
11 -312.588592 1.986490
11 -313.154896 2.171255
25 -325.406498 6.168515
17 -334.335937 9.081872
13 -321.001213 4.731228
20 -335.727808 9.535990
17 -323.085677 5.411314
14 -335.649180 9.510336
18 -326.283245 6.454566
17 -329.245063 7.420902
12 -325.377964 6.159205
17 -332.032909 8.330476
12 -317.431795 3.566654
14 -318.574080 3.939341
26 -326.574552 6.549609
11 -317.769443 3.676817
15 -331.022404 8.000784
15 -329.272994 7.430014
8 -320.157441 4.455935
25 -322.436312 5.199449
12 -328.376349 7.137471
18 -324.398809 5.839742
20 -327.005539 6.690225
18 -325.062887 6.056407
17 -323.583311 5.573674
12 -335.001912 9.299156
17 -325.033432 6.046797
14 -326.793052 6.620898
12 -332.931976 8.623810
16 -328.176286 7.072198
19 -331.754886 8.239767
22 -320.837905 4.677946
12 -317.279026 3.516811
13 -335.367037 9.418283
18 -323.071754 5.406771
12 -335.600243 9.494370
13 -332.670775 8.538589
24 -318.831454 4.023313
12 -333.778244 8.899916
12 -326.581431 6.551853
20 -326.103782 6.396014
19 -313.845024 2.396419
20 -330.826313 7.936807
22 -324.324808 5.815598
17 -325.180512 6.094784
13 -333.162415 8.698993
17 -316.557989 3.281563
17 -329.310685 7.442312
14 -325.443844 6.180699
13 -332.239990 8.398039
19 -315.917689 3.072655
19 -323.416891 5.519377
19 -324.239504 5.787766
20 -325.552300 6.216085
19 -321.480726 4.887676
19 -325.008430 6.038640
20 -316.677142 3.320438
18 -321.337796 4.841043
18 -332.656958 8.534081
24 -333.657923 8.860660
20 -336.155064 9.675388
22 -320.287620 4.498408
20 -327.959148 7.001353
23 -332.805781 8.582637
19 -313.413827 2.255735
19 -329.835611 7.613576
19 -334.713520 9.205064
20 -322.843743 5.332379
26 -324.594133 5.903469
26 -327.512498 6.855627
26 -318.569499 3.937846
