12 4.336668 5.432402
12 4.179924 8.850438
12 4.426809 3.466739
13 4.272193 6.838389
13 4.322726 5.736439
13 4.170615 9.053451
13 4.179877 8.851477
13 4.216531 8.052181
14 4.136198 9.803962
14 4.324428 5.699314
14 4.152744 9.443148
14 4.512482 1.598512
14 4.344278 5.266454
11 4.377536 4.541205
15 4.192302 8.580514
11 4.457677 2.793624
13 4.385202 4.374042
16 4.150850 9.484455
16 4.363271 4.852295
16 4.253460 7.246885
16 4.258598 7.134832
16 4.186287 8.711684
16 4.136935 9.787875
17 4.133430 9.864306
18 4.165229 9.170888
11 4.380148 4.484254
18 4.297037 6.296614
13 4.376077 4.573021
18 4.193376 8.557106
19 4.407081 3.896941
15 4.249127 7.341372
20 4.459003 2.764702
13 4.242820 7.478897
20 4.267158 6.948180
15 4.184799 8.744133
20 4.266053 6.972268
17 4.248427 7.356628
15 4.212350 8.143353
22 4.198439 8.446688
12 4.464257 2.650131
24 4.362177 4.876143
12 4.383005 4.421946
17 4.484176 2.215768
24 4.261094 7.080406
24 4.231695 7.721500
20 4.271072 6.862831
14 4.196565 8.487572
12 4.304866 6.125899
25 4.300995 6.210308
16 4.392343 4.218320
18 4.335540 5.456994
15 4.136994 9.786599
22 4.207929 8.239746
23 4.202817 8.351222
14 4.385373 4.370325
22 4.139915 9.722903
20 4.139553 9.730800
15 4.323801 5.712997
13 4.478104 2.348177
13 4.306086 6.099294
30 4.128675 9.968001
21 4.154678 9.400965
12 4.286250 6.531852
19 4.351002 5.119838
22 4.310531 6.002365
16 4.134106 9.849575
14 4.228900 7.782443
failed to find solution after reaching max emtpy limit -- 23 iterations and 14 function evals
14 4.169803 9.071140
17 4.306594 6.088219
12 4.290758 6.433536
29 4.193275 8.559311
18 4.185810 8.722080
17 4.319201 5.813300
11 4.288328 6.486524
15 4.270384 6.877826
20 4.150262 9.497272
21 4.157882 9.331107
failed to find solution after reaching max emtpy limit -- 27 iterations and 18 function evals
failed to find solution after reaching max emtpy limit -- 28 iterations and 19 function evals
19 4.155520 9.382619
23 4.187066 8.694697
10 4.281816 6.628534
18 4.213630 8.115435
39 4.130203 9.934678
15 4.190392 8.622183
22 4.147073 9.566811
21 4.283190 6.598579
35 4.212257 8.145376
17 4.413821 3.749964
16 4.284923 6.560788
15 4.379652 4.495065
31 4.127879 9.985359
11 4.244615 7.439761
13 4.318789 5.822282
14 4.280031 6.667464
27 4.135335 9.822778
17 4.362904 4.860297
15 4.495349 1.972135
12 4.264954 6.996236
16 4.166305 9.147428
22 4.164900 9.178064
12 4.275625 6.763539
15 4.221929 7.934456
19 4.151312 9.474365
45 4.130182 9.935150
failed to find solution after reaching max emtpy limit -- 36 iterations and 27 function evals
failed to find solution after reaching max emtpy limit -- 37 iterations and 28 function evals
13 4.360813 4.905884
48 4.145178 9.608127
failed to find solution after reaching max emtpy limit -- 27 iterations and 17 function evals
15 4.163246 9.214122
failed to find solution after reaching max emtpy limit -- 32 iterations and 23 function evals
failed to find solution after reaching max emtpy limit -- 24 iterations and 15 function evals
14 4.145848 9.593517
28 4.149716 9.509182
26 4.156567 9.359775
failed to find solution after reaching max emtpy limit -- 33 iterations and 22 function evals
failed to find solution after reaching max emtpy limit -- 37 iterations and 20 function evals
33 4.164055 9.196491
failed to find solution after reaching max emtpy limit -- 24 iterations and 15 function evals
15 4.244433 7.443721
22 4.215002 8.085516
34 4.183156 8.779959
42 4.176809 8.918377
failed to find solution after reaching max emtpy limit -- 42 iterations and 15 function evals
11 4.319143 5.814559
26 4.162070 9.239787
13 4.368756 4.732666
15 4.303342 6.159133
12 4.171035 9.044282
14 4.478146 2.347264
failed to find solution after reaching max emtpy limit -- 41 iterations and 32 function evals
14 4.176608 8.922751
12 4.369369 4.719319
14 4.159756 9.290230
26 4.138674 9.749957
23 4.131689 9.902277
15 4.460639 2.729036
13 4.233985 7.671566
16 4.236719 7.611949
23 4.196959 8.478965
21 4.197724 8.462290
22 4.128799 9.965300
16 4.209368 8.208366
16 4.247933 7.367397
31 4.141030 9.698591
14 4.140276 9.715037
failed to find solution after reaching max emtpy limit -- 33 iterations and 24 function evals
failed to find solution after reaching max emtpy limit -- 25 iterations and 16 function evals
21 4.145869 9.593073
16 4.379311 4.502498
37 4.137267 9.780643
failed to find solution after reaching max emtpy limit -- 23 iterations and 14 function evals
34 4.129997 9.939187
failed to find solution after reaching max emtpy limit -- 24 iterations and 15 function evals
15 4.143541 9.643837
30 4.143753 9.639211
37 4.216513 8.052568
15 4.231173 7.732889
17 4.144798 9.616428
17 4.236084 7.625786
22 4.358993 4.945570
29 4.186704 8.702597
14 4.177074 8.912585
failed to find solution after reaching max emtpy limit -- 52 iterations and 43 function evals
15 4.511774 1.613952
62 4.319788 5.800501
35 4.179991 8.848982
failed to find solution after reaching max emtpy limit -- 24 iterations and 15 function evals
34 4.148357 9.538802
57 4.277991 6.711945
failed to find solution after reaching max emtpy limit -- 37 iterations and 26 function evals
failed to find solution after reaching max emtpy limit -- 21 iterations and 12 function evals
failed to find solution after reaching max emtpy limit -- 27 iterations and 18 function evals
failed to find solution after reaching max emtpy limit -- 22 iterations and 13 function evals
failed to find solution after reaching max emtpy limit -- 52 iterations and 35 function evals
failed to find solution after reaching max emtpy limit -- 31 iterations and 22 function evals
failed to find solution after reaching max emtpy limit -- 38 iterations and 29 function evals
38 4.132481 9.885011
failed to find solution after reaching max emtpy limit -- 31 iterations and 22 function evals
failed to find solution after reaching max emtpy limit -- 27 iterations and 18 function evals
failed to find solution after reaching max emtpy limit -- 66 iterations and 18 function evals
failed to find solution after reaching max emtpy limit -- 41 iterations and 19 function evals
failed to find solution after reaching max emtpy limit -- 31 iterations and 18 function evals
72 4.131960 9.896381
failed to find solution after reaching max emtpy limit -- 34 iterations and 17 function evals
failed to find solution after reaching max emtpy limit -- 55 iterations and 38 function evals
42 4.198399 8.447567
32 4.353038 5.075431
36 4.131187 9.913238
61 4.131643 9.903292
60 4.130569 9.926703
failed to find solution after reaching max emtpy limit -- 51 iterations and 42 function evals
35 4.147739 9.552279
failed to find solution after reaching max emtpy limit -- 102 iterations and 33 function evals
failed to find solution after reaching max emtpy limit -- 51 iterations and 19 function evals
39 4.127453 9.994653
failed to find solution after reaching max emtpy limit -- 85 iterations and 40 function evals
82 4.318867 5.820585
