17 40.798485 7.276170
19 39.876387 9.371848
20 41.359584 6.000946
21 40.470742 8.021041
21 40.517884 7.913900
21 41.211416 6.337691
21 40.582519 7.767003
21 40.496348 7.962846
21 41.442579 5.812320
22 39.772495 9.607967
22 39.675532 9.828337
22 41.814823 4.966312
22 41.611080 5.429363
23 41.321186 6.088214
23 41.076539 6.644229
23 40.536970 7.870523
23 40.876478 7.098913
24 40.024300 9.035683
24 40.830038 7.204459
24 39.764979 9.625048
24 39.611852 9.973063
24 39.804308 9.535664
24 41.057466 6.687577
25 40.951407 6.928620
27 40.370075 8.249830
27 42.142399 4.221821
18 40.768283 7.344812
28 40.432516 8.107918
28 39.883921 9.354726
26 39.938281 9.231179
21 41.693659 5.241684
29 39.691883 9.791176
29 40.355069 8.283934
19 39.871723 9.382449
21 42.170741 4.157406
19 40.553284 7.833444
31 39.861245 9.406261
19 41.593919 5.468366
31 40.591320 7.747001
23 40.090685 8.884807
22 39.746601 9.666815
16 40.578583 7.775948
29 40.088436 8.889919
24 42.661879 3.041184
25 40.730663 7.430311
27 40.258042 8.504451
24 40.257576 8.505509
23 41.470246 5.749441
23 39.674706 9.830213
22 42.226448 4.030801
20 41.676358 5.281004
26 41.127968 6.527346
25 40.806740 7.257410
36 39.805966 9.531894
28 40.815704 7.237036
18 41.389307 5.933393
23 39.671026 9.838578
29 41.882909 4.811569
18 41.601548 5.451028
40 40.092521 8.880635
28 39.919283 9.274357
24 39.624055 9.945329
19 40.305697 8.396142
17 41.273587 6.196392
24 39.891521 9.337452
35 39.889792 9.341382
25 40.634444 7.648990
37 40.853894 7.150240
26 39.686658 9.803051
42 40.387520 8.210182
33 39.995841 9.100361
23 41.302626 6.130395
31 40.025916 9.032010
21 41.166754 6.439195
44 40.277149 8.461026
25 40.150098 8.749777
22 41.972380 4.608226
26 40.572112 7.790656
20 41.300050 6.136250
22 40.703738 7.491505
46 39.674885 9.829807
30 40.243766 8.536897
47 40.002441 9.085361
21 40.283813 8.445880
21 41.426665 5.848489
48 39.846666 9.439395
22 41.121583 6.541856
29 40.953198 6.924550
20 41.288331 6.162884
38 39.875017 9.374961
25 40.211407 8.610438
33 39.953483 9.196630
26 39.883038 9.356731
26 40.208617 8.616779
21 41.412997 5.879553
47 39.770129 9.613343
28 39.731622 9.700858
27 39.854735 9.421056
20 41.186261 6.394862
35 40.447289 8.074343
32 39.894721 9.330180
22 41.803726 4.991533
32 40.521495 7.905694
28 40.059749 8.955116
19 39.809116 9.524736
34 40.568106 7.799759
21 41.397854 5.913969
25 39.905388 9.305936
18 39.692731 9.789247
25 41.469103 5.752038
38 39.639344 9.910581
30 40.874505 7.103399
27 40.118752 8.821019
21 40.750596 7.385010
28 40.089060 8.888500
26 42.040781 4.452769
33 39.636724 9.916535
20 39.727838 9.709459
23 39.944076 9.218009
18 41.642554 5.357832
34 40.019444 9.046717
30 39.642392 9.903654
29 40.275298 8.465232
18 41.548521 5.571543
29 39.867830 9.391296
22 40.223785 8.582307
21 40.740150 7.408750
26 42.105160 4.306454
21 39.764703 9.625676
25 39.934266 9.240305
19 41.810783 4.975494
23 40.789649 7.296251
23 39.848067 9.436212
25 41.683136 5.265600
28 39.885269 9.351662
35 41.385529 5.941980
43 39.688095 9.799784
20 40.146020 8.759046
24 40.230666 8.566669
21 41.177597 6.414552
22 40.588744 7.752855
49 39.765526 9.623806
21 41.508199 5.663184
25 39.737502 9.687495
25 39.775472 9.601200
25 40.891611 7.064520
24 40.100583 8.862311
23 39.918724 9.275627
22 39.894795 9.330011
26 39.778040 9.595364
38 39.601193 9.997288
21 41.398115 5.913375
23 40.481494 7.996604
27 40.837690 7.187069
23 41.530008 5.613617
25 40.513024 7.924945
21 41.933168 4.697346
23 40.417749 8.141480
23 39.649306 9.887940
33 41.269018 6.206776
44 40.199542 8.637404
23 39.860826 9.407214
23 40.658249 7.594888
27 40.383608 8.219072
36 39.691965 9.790989
21 39.745037 9.670371
28 39.919558 9.273733
23 40.144166 8.763259
25 40.410860 8.157137
42 39.779472 9.592110
21 40.861204 7.133627
38 39.765973 9.622790
24 39.748628 9.662209
34 39.847820 9.436773
37 40.720245 7.453990
37 39.628447 9.935347
21 39.979600 9.137272
36 40.427001 8.120453
23 40.912973 7.015970
30 40.680190 7.545023
36 39.807372 9.528700
23 40.091259 8.883503
32 40.214858 8.602595
27 40.448008 8.072710
25 40.659141 7.592860
33 39.958026 9.186305
35 39.642521 9.903361
35 40.039436 9.001283
31 39.782681 9.584815
36 39.799945 9.545580
47 39.756493 9.644335
40 40.355769 8.282343
34 40.240832 8.543563
38 40.168749 8.707388
44 39.831724 9.473354
38 39.802860 9.538954
36 39.733184 9.697308
45 40.291999 8.427275
34 40.122129 8.813343
35 39.956584 9.189581
