15 14.035891 6.427395
16 13.683391 8.777396
16 14.355221 4.298525
16 14.191170 5.392199
16 14.212664 5.248910
17 13.785927 8.093820
17 14.500656 3.328959
17 13.823750 7.841663
17 14.528934 3.140441
17 13.671091 8.859391
17 13.699951 8.666995
18 14.063046 6.246361
18 13.867246 7.551696
18 14.138384 5.744109
18 13.734968 8.433548
18 13.943142 7.045718
19 13.975032 6.833122
19 13.774231 8.171794
15 13.837364 7.750909
19 13.744648 8.369011
19 13.891884 7.387438
19 14.031750 6.455002
20 14.360382 4.264119
20 13.572171 9.518857
20 14.667780 2.214797
21 14.110256 5.931627
15 14.374273 4.171516
16 14.461229 3.591808
22 13.623726 9.175157
16 13.967367 6.884223
17 14.258349 4.944340
23 14.208349 5.277672
23 14.030118 6.465880
15 13.642750 9.048336
15 13.733283 8.444778
20 14.163207 5.578617
22 14.154702 5.635321
23 13.707125 8.619165
25 13.988518 6.743214
25 14.269236 4.871759
18 14.613343 2.577714
19 14.312234 4.585104
18 14.809519 1.269875
22 14.612146 2.585690
19 14.550376 2.997493
20 14.383532 4.109788
19 14.442724 3.715176
16 14.021176 6.525494
26 14.528219 3.145208
18 13.798040 8.013064
16 13.970409 6.863940
18 13.843444 7.710371
18 13.509434 9.937108
19 13.700372 8.664186
27 14.648100 2.345998
17 14.617210 2.551933
19 14.087684 6.082108
26 14.613784 2.574774
23 14.521805 3.187969
19 14.699696 2.002026
25 14.177173 5.485511
17 13.898390 7.344066
24 14.249434 5.003770
17 14.402256 3.984957
18 14.043223 6.378510
18 14.424658 3.835616
16 13.665611 8.895930
20 14.048778 6.341479
24 14.378658 4.142278
15 13.800193 7.998712
28 14.179104 5.472639
18 14.185104 5.432637
31 14.560121 2.932525
19 14.375458 4.163614
18 14.037149 6.419004
16 14.066678 6.222150
15 14.622328 2.517811
23 14.345274 4.364841
28 14.276080 4.826135
19 14.425814 3.827909
18 14.934989 0.433404
22 14.679564 2.136241
17 14.541971 3.053529
30 14.249231 5.005126
17 13.648648 9.009014
17 13.856346 7.624361
18 13.667688 8.882082
18 14.657863 2.280914
19 14.763556 1.576293
16 14.389224 4.071842
22 14.529475 3.136833
27 14.634962 2.433590
18 13.944943 7.033712
20 14.490236 3.398429
15 13.749724 8.335170
19 13.627870 9.147534
20 14.043278 6.378146
17 13.887494 7.416710
18 14.073561 6.176259
18 13.845350 7.697665
27 14.460311 3.597929
19 14.507656 3.282291
24 13.722169 8.518870
30 14.011413 6.590582
31 14.736448 1.757013
26 14.018705 6.541970
31 13.764642 8.235719
24 13.546550 9.689665
18 14.305204 4.631971
20 14.008797 6.608022
24 14.647793 2.348046
33 14.081074 6.126173
17 13.597754 9.348307
16 13.996352 6.690984
28 14.637044 2.419706
24 14.377876 4.147497
22 14.099659 6.002273
29 14.573840 2.841067
26 14.347266 4.351562
19 14.596451 2.690328
34 14.623648 2.509012
16 13.923270 7.178199
32 14.548603 3.009314
16 14.251799 4.988008
20 14.517095 3.219367
27 13.968890 6.874068
25 14.375922 4.160520
29 14.433739 3.775075
35 14.625294 2.498042
23 14.577646 2.815696
18 13.936650 7.089003
18 14.484993 3.433378
25 13.666953 8.886980
18 14.588981 2.740127
15 14.281899 4.787337
36 14.063579 6.242804
24 13.722814 8.514572
18 14.144896 5.700696
18 13.875720 7.495202
39 14.089262 6.071585
16 14.243864 5.040906
16 13.669784 8.868107
24 14.478256 3.478296
19 13.607712 9.281920
24 14.205552 5.296321
26 13.764719 8.235206
19 13.816741 7.888390
32 13.909706 7.268629
15 13.506692 9.955387
19 14.239852 5.067655
25 14.719232 1.871788
37 14.087275 6.084832
33 13.911141 7.259057
26 14.075703 6.161982
16 14.905636 0.629092
34 14.559822 2.934521
16 14.069136 6.205760
19 13.696080 8.692799
26 14.557072 2.952853
23 13.883335 7.444432
24 14.554987 2.966753
16 14.274232 4.838454
19 14.386815 4.087898
36 13.826791 7.821396
29 14.288279 4.744805
17 13.985967 6.760221
27 13.773390 8.177401
36 14.137644 5.749042
21 13.843498 7.710015
19 14.346425 4.357169
21 14.098734 6.008438
36 14.291207 4.725287
39 14.205177 5.298821
24 13.578902 9.473985
29 14.041512 6.389923
27 14.449989 3.666737
39 13.869618 7.535878
33 14.586818 2.754546
26 14.090065 6.066233
26 14.555000 2.966670
28 13.526034 9.826439
26 14.281963 4.786916
29 14.404916 3.967226
35 13.884264 7.438237
29 14.579438 2.803749
33 14.280334 4.797772
30 14.072729 6.181805
32 13.811428 7.923813
30 14.279864 4.800905
33 13.639891 9.067392
32 14.234882 5.100789
39 13.924494 7.170038
33 13.937872 7.080854
40 14.167848 5.547679
33 14.534768 3.101547
38 14.377344 4.151037
36 13.672462 8.850254
33 14.507588 3.282748
42 14.378550 4.143001
40 14.384773 4.101517
