10 -6583.133179 4.496791
11 -6656.086200 5.654804
11 -6770.227281 7.466613
11 -6775.143817 7.544655
12 -6447.869669 2.349698
12 -6731.939511 6.858855
16 -6772.701417 7.505886
16 -6519.282695 3.483266
24 -6815.725743 8.188829
24 -6805.708105 8.029815
38 -6784.856148 7.698823
49 -6416.759605 1.855875
54 -6857.185631 8.846939
81 -6788.613036 7.758458
126 -6471.898230 2.731113
122 -6821.446687 8.279640
141 -6705.864209 6.444951
10 -6698.633261 6.330172
144 -6827.178674 8.370626
156 -6436.975990 2.176778
173 -6781.981943 7.653200
179 -6813.314308 8.150551
12 -6472.136525 2.734895
191 -6793.039095 7.828714
205 -6518.198542 3.466057
216 -6650.316773 5.563224
48 -6526.013321 3.590104
231 -6742.952791 7.033674
248 -6799.959581 7.938566
250 -6850.491399 8.740678
275 -6565.845409 4.222375
164 -6803.317820 7.991873
290 -6844.491385 8.645438
271 -6916.827789 9.793663
306 -6903.903637 9.588513
311 -6831.997625 8.447119
326 -6608.876336 4.905423
10 -6764.183154 7.370672
330 -6911.925610 9.715849
240 -6840.540099 8.582717
26 -6805.316845 8.023604
360 -6839.670001 8.568906
362 -6742.172913 7.021294
9 -6835.319003 8.499841
379 -6878.326552 9.182517
101 -6693.870845 6.254576
386 -6640.928318 5.414197
292 -6659.136905 5.703230
224 -6892.587733 9.408891
403 -6899.004102 9.510741
13 -6539.470634 3.803717
36 -6868.966399 9.033940
122 -6612.764635 4.967143
432 -6399.505265 1.581989
116 -6724.235116 6.736560
12 -6819.054621 8.241670
13 -6837.508566 8.534597
434 -6906.319547 9.626862
49 -6788.098604 7.750292
418 -6698.554143 6.328916
409 -6861.968120 8.922853
301 -6726.891640 6.778728
32 -6433.553869 2.122457
457 -6860.146788 8.893942
411 -6678.370174 6.008527
250 -6547.156877 3.925724
40 -6608.834364 4.904757
469 -6618.794701 5.062861
54 -6826.937751 8.366802
164 -6440.075587 2.225979
10 -6597.061128 4.717875
318 -6535.631958 3.742785
516 -6852.813523 8.777539
320 -6448.031485 2.352266
174 -6365.803441 1.047026
307 -6728.907974 6.810735
42 -6726.675957 6.775305
216 -6905.748794 9.617802
40 -6908.205670 9.656801
266 -6752.318292 7.182336
133 -6746.788649 7.094562
10 -6642.242936 5.435065
191 -6663.259690 5.768672
360 -6534.446361 3.723965
163 -6752.576942 7.186442
477 -6607.255314 4.879692
265 -6663.701915 5.775692
568 -6789.425971 7.771362
509 -6813.213459 8.148950
92 -6863.117304 8.941095
257 -6783.057654 7.670275
102 -6919.595585 9.837598
71 -6710.077407 6.511829
56 -6794.279042 7.848397
70 -6886.467765 9.311746
242 -6782.118691 7.655370
626 -6830.000315 8.415415
11 -6650.941284 5.573137
115 -6669.624753 5.869708
564 -6696.021139 6.288708
539 -6920.139558 9.846232
471 -6867.491466 9.010528
10 -6802.982445 7.986549
303 -6903.756850 9.586183
296 -6899.667539 9.521272
77 -6549.737675 3.966690
226 -6745.186732 7.069134
378 -6482.664870 2.902016
646 -6564.794338 4.205691
365 -6862.605943 8.932978
11 -6905.326528 9.611099
665 -6631.441691 5.263612
101 -6756.965354 7.256101
110 -6452.397820 2.421575
429 -6864.054933 8.955978
687 -6624.831684 5.158689
41 -6818.405210 8.231361
336 -6786.813792 7.729898
10 -6641.397378 5.421643
294 -6640.833271 5.412688
58 -6771.550767 7.487621
22 -6673.745496 5.935118
260 -6745.079373 7.067430
214 -6868.376945 9.024583
240 -6819.099434 8.242381
100 -6799.322586 7.928455
20 -6626.850477 5.190734
240 -6798.261342 7.911609
355 -6664.052862 5.781263
233 -6640.681930 5.410286
15 -6748.514852 7.121963
220 -6801.478699 7.962680
101 -6673.505430 5.931307
188 -6585.769119 4.538632
52 -6718.821698 6.650631
154 -6910.115417 9.687115
121 -6585.939690 4.541340
11 -6684.396422 6.104184
22 -6899.820805 9.523704
215 -6772.316996 7.499784
61 -6894.623290 9.441202
205 -6703.647094 6.409758
430 -6853.659021 8.790959
149 -6595.563375 4.694101
182 -6546.909213 3.921793
178 -6632.590534 5.281848
616 -6527.846951 3.619210
89 -6531.065623 3.670301
803 -6822.063621 8.289433
101 -6655.508693 5.645637
427 -6753.416830 7.199774
60 -6663.728057 5.776107
140 -6840.214246 8.577545
74 -6900.871870 9.540388
67 -6869.297809 9.039200
181 -6486.232904 2.958653
282 -6718.502243 6.645560
690 -6715.709869 6.601236
591 -6741.971784 7.018102
684 -6875.973046 9.145159
233 -6676.874867 5.984792
460 -6892.879324 9.413520
916 -6901.542909 9.551040
345 -6836.942148 8.525606
433 -6824.079028 8.321424
680 -6830.680863 8.426218
793 -6831.604027 8.440871
857 -6878.845802 9.190760
999 -6616.231369 5.022172
908 -6445.880874 2.318129
969 -6918.084917 9.813618
failed to find solution in 1200 iterations and 1145 function evals
failed to find solution in 1200 iterations and 1118 function evals
failed to find solution in 1200 iterations and 1135 function evals
failed to find solution in 1200 iterations and 1115 function evals
failed to find solution in 1200 iterations and 1115 function evals
failed to find solution in 1200 iterations and 1199 function evals
failed to find solution in 1200 iterations and 1098 function evals
1034 -6864.254407 8.959144
failed to find solution in 1200 iterations and 1199 function evals
1086 -6906.700265 9.632905
1097 -6684.127198 6.099911
1019 -6576.525233 4.391900
failed to find solution in 1200 iterations and 1194 function evals
failed to find solution in 1200 iterations and 1197 function evals
failed to find solution in 1200 iterations and 1192 function evals
failed to find solution in 1200 iterations and 1126 function evals
1142 -6728.223777 6.799874
failed to find solution in 1200 iterations and 1144 function evals
failed to find solution in 1200 iterations and 1164 function evals
failed to find solution in 1200 iterations and 1118 function evals
failed to find solution in 1200 iterations and 1202 function evals
failed to find solution in 1200 iterations and 1170 function evals
failed to find solution in 1200 iterations and 1157 function evals
failed to find solution in 1200 iterations and 1129 function evals
failed to find solution in 1200 iterations and 1184 function evals
failed to find solution in 1200 iterations and 1201 function evals
failed to find solution in 1200 iterations and 1193 function evals
failed to find solution in 1200 iterations and 1167 function evals
failed to find solution in 1200 iterations and 1198 function evals
