12 -1.090881 9.088092
13 -1.075427 7.542733
13 -1.088072 8.807191
13 -1.072761 7.276088
15 -1.078724 7.872399
16 -1.084977 8.497702
15 -1.058596 5.859634
16 -1.072228 7.222792
16 -1.044677 4.467700
17 -1.038240 3.823951
17 -1.098607 9.860736
17 -1.067385 6.738496
17 -1.052383 5.238308
17 -1.055238 5.523762
17 -1.053181 5.318084
17 -1.060307 6.030749
17 -1.097007 9.700663
17 -1.086037 8.603744
17 -1.071126 7.112582
19 -1.023203 2.320322
19 -1.053844 5.384395
19 -1.034257 3.425671
19 -1.050132 5.013238
19 -1.053437 5.343667
20 -1.036278 3.627757
20 -1.037597 3.759699
20 -1.030131 3.013113
20 -1.021762 2.176237
20 -1.055639 5.563942
20 -1.047281 4.728130
21 -1.035863 3.586316
21 -1.024444 2.444396
21 -1.036621 3.662101
21 -1.021171 2.117100
23 -1.029990 2.998993
23 -1.032429 3.242922
23 -1.022566 2.256587
23 -1.023251 2.325069
23 -1.019202 1.920159
23 -1.044946 4.494563
23 -1.020200 2.020031
24 -1.022061 2.206088
24 -1.020368 2.036806
24 -1.021464 2.146379
24 -1.032370 3.236976
17 -1.076174 7.617389
25 -1.021092 2.109172
25 -1.016935 1.693489
16 -1.039799 3.979916
12 -1.046946 4.694642
15 -1.042850 4.285042
12 -1.096932 9.693169
19 -1.063802 6.380151
27 -1.013149 1.314860
20 -1.037981 3.798075
16 -1.082145 8.214509
16 -1.039634 3.963354
17 -1.078083 7.808335
17 -1.086217 8.621667
19 -1.029069 2.906921
19 -1.054699 5.469887
16 -1.082754 8.275384
23 -1.019755 1.975538
19 -1.040501 4.050056
19 -1.045757 4.575732
19 -1.028587 2.858675
21 -1.018362 1.836201
17 -1.056970 5.697037
15 -1.034724 3.472351
17 -1.051308 5.130795
16 -1.045140 4.513972
19 -1.047716 4.771575
17 -1.073951 7.395079
17 -1.015516 1.551649
21 -1.026268 2.626826
17 -1.048903 4.890326
23 -1.051459 5.145884
17 -1.059781 5.978075
20 -1.043324 4.332423
20 -1.062782 6.278210
16 -1.057902 5.790153
12 -1.097223 9.722261
20 -1.026334 2.633440
17 -1.026537 2.653652
17 -1.078564 7.856416
13 -1.022941 2.294132
19 -1.035997 3.599746
19 -1.047851 4.785139
15 -1.058098 5.809780
25 -1.019174 1.917437
17 -1.038839 3.883940
13 -1.097986 9.798577
23 -1.036723 3.672258
24 -1.021673 2.167260
19 -1.085202 8.520239
21 -1.018848 1.884840
20 -1.036331 3.633079
17 -1.049671 4.967083
27 -1.019890 1.988984
19 -1.052096 5.209600
20 -1.031675 3.167505
11 -1.082463 8.246330
19 -1.043346 4.334649
20 -1.048317 4.831713
17 -1.048694 4.869365
11 -1.078072 7.807213
19 -1.072679 7.267894
16 -1.075478 7.547754
20 -1.027219 2.721903
23 -1.033571 3.357143
17 -1.051790 5.178988
19 -1.083609 8.360907
25 -1.016075 1.607534
19 -1.020529 2.052902
15 -1.096486 9.648586
21 -1.030895 3.089488
21 -1.035080 3.508040
16 -1.065963 6.596309
11 -1.090419 9.041939
25 -1.024731 2.473119
24 -1.024566 2.456552
21 -1.040476 4.047568
23 -1.022019 2.201950
19 -1.038887 3.888742
21 -1.036765 3.676476
24 -1.025126 2.512561
19 -1.068633 6.863253
16 -1.063382 6.338179
25 -1.016024 1.602415
17 -1.077107 7.710702
16 -1.083682 8.368168
16 -1.044251 4.425125
17 -1.065242 6.524184
20 -1.041315 4.131459
16 -1.052801 5.280074
7 -1.080976 8.097568
13 -1.036263 3.626348
21 -1.031786 3.178570
23 -1.017170 1.716978
23 -1.062633 6.263330
20 -1.037491 3.749051
23 -1.022100 2.210039
17 -1.075361 7.536146
19 -1.023971 2.397129
23 -1.017613 1.761310
13 -1.092293 9.229349
20 -1.036651 3.665139
23 -1.024230 2.422959
19 -1.021134 2.113414
16 -1.069972 6.997156
17 -1.082496 8.249587
23 -1.022789 2.278893
24 -1.020543 2.054343
24 -1.037585 3.758521
16 -1.053788 5.378772
19 -1.072504 7.250371
23 -1.050973 5.097305
20 -1.080157 8.015696
23 -1.028089 2.808888
15 -1.095124 9.512425
24 -1.078147 7.814674
23 -1.034236 3.423637
15 -1.097104 9.710356
17 -1.066390 6.638956
16 -1.093690 9.368958
24 -1.029186 2.918575
11 -1.092144 9.214427
15 -1.055151 5.515100
17 -1.079398 7.939815
16 -1.042977 4.297735
19 -1.057281 5.728143
19 -1.062763 6.276332
24 -1.034256 3.425645
24 -1.080059 8.005882
17 -1.043984 4.398365
27 -1.016393 1.639316
19 -1.081939 8.193931
17 -1.060097 6.009684
20 -1.030931 3.093074
19 -1.031695 3.169525
28 -1.017107 1.710726
21 -1.097658 9.765758
31 -1.013241 1.324062
17 -1.065029 6.502894
19 -1.062119 6.211925
19 -1.050176 5.017610
20 -1.037999 3.799890
19 -1.035219 3.521948
20 -1.046684 4.668356
21 -1.018751 1.875106
17 -1.048565 4.856488
20 -1.033736 3.373649
23 -1.023027 2.302658
23 -1.031850 3.185014
21 -1.020254 2.025402
24 -1.025493 2.549311
27 -1.035747 3.574743
25 -1.020707 2.070657
25 -1.020621 2.062077
24 -1.021111 2.111091
