19 -1.009889 5.910674
19 -1.026320 7.633899
19 -1.001474 5.028201
20 -0.967730 1.489314
20 -0.985536 3.356666
20 -1.026837 7.688043
20 -1.025249 7.521505
21 -1.012353 6.169058
21 -1.025996 7.599932
21 -1.014657 6.410712
22 -0.984651 3.263936
22 -0.973860 2.132251
22 -1.020404 7.013435
22 -0.995012 4.350468
22 -0.975287 2.281858
23 -1.019014 6.867656
23 -1.009551 5.875225
23 -1.005988 5.501586
23 -0.985101 3.311134
23 -1.020149 6.986681
24 -1.036834 8.736527
24 -1.023233 7.310110
24 -0.965667 1.273013
25 -0.988521 3.669767
25 -1.033398 8.376136
25 -0.984205 3.217103
25 -0.992123 4.047490
25 -1.006670 5.573089
25 -1.031532 8.180519
26 -1.000299 4.905000
26 -0.961378 0.823214
27 -0.994456 4.292170
27 -0.969288 1.652704
27 -0.998568 4.723463
27 -0.981620 2.946006
27 -0.966782 1.389950
27 -0.984557 3.254066
27 -0.960514 0.732546
27 -0.984011 3.196756
28 -0.969009 1.623507
28 -0.967322 1.446582
28 -0.977659 2.530568
28 -0.957343 0.400026
29 -0.962069 0.895598
17 -0.985421 3.344626
29 -0.989821 3.806106
30 -0.964255 1.124918
30 -0.997671 4.629315
21 -1.035815 8.629675
20 -0.963577 1.053815
31 -1.017645 6.724141
18 -1.018016 6.762998
19 -1.010451 5.969621
18 -1.040469 9.117696
24 -0.970163 1.744487
24 -0.976045 2.361401
18 -0.973869 2.133195
21 -0.998987 4.767329
24 -0.988576 3.675546
22 -0.990891 3.918265
19 -1.029963 8.015942
24 -0.971259 1.859462
18 -1.029062 7.921409
25 -0.961404 0.825930
18 -0.969096 1.632543
24 -1.015266 6.474574
22 -1.015611 6.510798
22 -0.985168 3.318097
24 -0.963643 1.060700
24 -0.966893 1.401561
26 -0.973249 2.068157
21 -1.004324 5.327033
19 -0.962486 0.939323
21 -1.032865 8.320279
20 -1.023917 7.381860
23 -1.006095 5.512775
23 -0.991400 3.971694
28 -0.968216 1.540286
22 -1.007542 5.664540
27 -0.968301 1.549173
23 -0.966297 1.339085
27 -1.009855 5.907076
25 -0.995479 4.399486
22 -0.993718 4.214748
19 -1.037385 8.794337
25 -0.970645 1.795073
25 -0.960315 0.711714
30 -0.969496 1.674558
22 -1.007419 5.651645
27 -0.983198 3.111495
24 -0.984636 3.262282
24 -0.982454 3.033474
18 -0.963310 1.025786
26 -0.968559 1.576273
22 -0.997225 4.582542
19 -1.042245 9.303987
27 -1.019918 6.962420
24 -0.968896 1.611567
25 -0.995565 4.408512
24 -0.961717 0.858761
19 -1.005007 5.398690
20 -1.040505 9.121523
29 -0.971628 1.898111
22 -1.015625 6.512209
21 -1.030492 8.071373
22 -0.977302 2.493136
20 -0.967007 1.413455
24 -0.972699 2.010431
23 -0.999610 4.832647
20 -1.005185 5.417413
24 -0.998170 4.681727
24 -0.981831 2.968184
26 -0.972032 1.940473
22 -0.997948 4.658415
20 -0.997597 4.621603
23 -1.006795 5.586192
22 -0.970826 1.814047
23 -1.008626 5.778223
20 -1.023840 7.373746
26 -1.006494 5.554648
22 -1.025032 7.498790
24 -0.978273 2.595046
22 -1.029437 7.960716
19 -1.004477 5.343105
19 -1.001281 5.007934
19 -1.022308 7.213073
19 -0.966513 1.361645
26 -0.963400 1.035200
28 -1.027405 7.747673
26 -1.039671 9.034067
24 -0.962336 0.923590
16 -0.980063 2.782729
19 -1.036718 8.724391
23 -1.009315 5.850477
20 -0.985889 3.393673
24 -0.983932 3.188532
25 -1.015690 6.519069
19 -1.029620 7.979958
24 -0.963369 1.031937
27 -0.984360 3.233419
21 -1.016458 6.599634
24 -0.974546 2.204100
28 -0.976474 2.406362
25 -1.023536 7.341910
27 -0.964979 1.200777
26 -0.982168 3.003536
26 -1.007427 5.652530
20 -1.013345 6.273168
18 -1.023949 7.385177
25 -1.007483 5.658319
29 -1.023508 7.338983
26 -1.033761 8.414193
27 -0.966158 1.324510
23 -1.036307 8.681245
20 -1.021322 7.109686
25 -0.963363 1.031318
24 -0.989825 3.806557
22 -0.996861 4.544431
22 -0.987411 3.553385
24 -0.994423 4.288672
26 -0.966355 1.345163
22 -1.037400 8.795844
27 -0.981358 2.918519
27 -1.006860 5.593070
24 -1.003282 5.217793
25 -0.988338 3.650531
19 -0.988420 3.659167
26 -0.969553 1.680552
29 -0.972347 1.973554
27 -0.998015 4.665470
30 -0.966919 1.404306
25 -1.009553 5.875443
19 -1.036861 8.739349
22 -1.031536 8.180859
25 -0.965629 1.268976
24 -0.968325 1.551752
28 -0.972284 1.966868
19 -1.034221 8.462521
24 -0.979913 2.766987
19 -1.045862 9.683304
25 -0.997275 4.587857
23 -0.986142 3.420241
22 -1.031222 8.148006
21 -1.004227 5.316878
27 -0.975710 2.326186
29 -1.037283 8.783592
25 -0.977900 2.555903
26 -0.985554 3.358557
23 -0.981633 2.947408
28 -1.010152 5.938320
27 -0.974201 2.167997
25 -0.968887 1.610685
26 -1.022510 7.234287
26 -0.969094 1.632382
25 -0.971153 1.848320
27 -0.985029 3.303560
30 -1.021682 7.147473
29 -0.961859 0.873625
27 -0.970986 1.830755
failed to find solution after reaching max emtpy limit -- 105 iterations and 44 function evals
