10 3039.874488 7.882591
11 3154.323923 4.414427
11 3256.850636 1.307556
11 3055.656333 7.404354
11 3054.644081 7.435028
11 3065.995234 7.091054
11 3263.716097 1.099512
11 3052.606820 7.496763
11 3163.022118 4.150845
11 3127.783356 5.218686
12 3264.119874 1.087277
12 3180.204246 3.630174
12 3141.060084 4.816361
12 3099.759447 6.067896
12 3056.350010 7.383333
12 3051.146642 7.541011
12 3220.903761 2.396856
12 3156.004584 4.363497
12 3177.067213 3.725236
12 2996.981632 9.182375
12 3070.686009 6.948909
12 3229.514921 2.135911
12 3185.264217 3.476842
12 2973.865841 9.882853
12 3228.122030 2.178120
13 3095.695874 6.191034
13 3225.971664 2.243283
13 3231.258975 2.083061
13 3100.915216 6.032872
11 3200.917438 3.002502
10 3162.550392 4.165140
10 3077.919339 6.729717
13 3043.832508 7.762651
11 3209.803777 2.733219
13 3096.876090 6.155270
13 2979.788858 9.703368
13 3110.339038 5.747302
11 3073.900982 6.851485
13 3088.768908 6.400942
14 3149.605332 4.557414
14 3250.680617 1.494527
14 3087.564848 6.437429
11 3021.627700 8.435524
14 3080.914840 6.638944
12 3176.149463 3.753047
11 3188.524167 3.378056
14 3037.618048 7.950968
12 3073.106945 6.875547
12 3014.976667 8.637071
12 3200.868378 3.003989
12 3016.741304 8.583597
13 2983.146392 9.601624
12 3037.162611 7.964769
11 2975.927429 9.820381
12 3139.752262 4.855992
12 2988.590881 9.436640
13 3109.568294 5.770658
14 2980.781284 9.673294
13 3128.633351 5.192929
15 3073.690524 6.857863
12 3021.535549 8.438317
13 2976.763953 9.795032
10 3049.963123 7.576875
16 3243.165068 1.722271
12 3097.916903 6.123730
12 3094.551673 6.225707
11 2993.304138 9.293814
10 2989.591939 9.406305
12 3116.418223 5.563084
11 3071.156315 6.934657
13 3292.192667 0.236586
12 2986.840258 9.489689
12 3045.747161 7.704631
11 2994.619554 9.253953
13 3155.203056 4.387786
12 3265.775207 1.037115
12 3294.720826 0.159975
11 3016.917792 8.578249
11 2991.886576 9.336770
12 3124.828719 5.308221
15 3196.398822 3.139430
12 3156.319226 4.353963
11 2987.530344 9.468777
13 3001.237131 9.053420
15 3131.807072 5.096755
14 3170.784570 3.915619
14 3013.200032 8.690908
14 3284.130333 0.480899
14 3076.895073 6.760755
13 3285.749906 0.431821
14 3030.636017 8.162545
12 3018.950718 8.516645
14 2998.587957 9.133698
11 3064.775742 7.128008
12 3093.955470 6.243774
12 3073.933699 6.850494
13 3289.585361 0.315595
12 3227.134775 2.208037
12 3096.884203 6.155024
10 3137.471499 4.925106
14 3019.437827 8.501884
15 3240.967849 1.788853
10 3026.261604 8.295103
12 3248.578075 1.558240
12 3157.260187 4.325449
15 3068.616384 7.011625
12 3020.326419 8.474957
11 2971.462124 9.955693
13 3267.733395 0.977776
13 3145.860563 4.670892
14 3289.206882 0.327064
14 3174.241782 3.810855
11 3053.923107 7.456876
12 3036.130126 7.996057
13 3289.668751 0.313068
12 3144.665674 4.707101
13 3118.864370 5.488958
12 3271.641150 0.859359
12 3009.861819 8.792066
12 3177.883957 3.700486
12 3005.193390 8.933534
11 3060.845104 7.247118
14 3276.301203 0.718145
12 2988.752958 9.431729
12 3122.719010 5.372151
18 3293.205998 0.205879
14 3218.645764 2.465280
16 3269.639264 0.920022
11 2984.352284 9.565082
14 3198.685937 3.070123
14 3051.408198 7.533085
10 2988.737436 9.432199
15 3020.632860 8.465671
13 3189.884397 3.336836
11 3249.948936 1.516699
12 3166.579461 4.043047
13 3077.825917 6.732548
14 3119.221591 5.478134
16 3098.007272 6.120992
12 3265.788666 1.036707
12 2986.503160 9.499904
12 3013.370823 8.685733
12 3073.553255 6.862023
16 3053.472786 7.470522
15 3265.158098 1.055815
11 3017.984699 8.545918
12 3159.164880 4.267731
14 3070.957925 6.940669
12 2971.235771 9.962552
13 3187.207825 3.417945
14 2982.848590 9.610649
11 3179.075276 3.664386
12 3122.372899 5.382639
14 3291.368811 0.261551
12 2999.089269 9.118507
15 3021.979886 8.424852
16 3283.837324 0.489778
11 3078.424435 6.714411
11 3089.108443 6.390653
20 3283.702982 0.493849
13 3200.456303 3.016476
13 3155.422608 4.381133
12 2973.930894 9.880882
17 3079.631958 6.677819
13 3025.910969 8.305728
13 3266.776714 1.006766
13 3002.517118 9.014633
15 3281.877863 0.549156
14 3107.955141 5.819541
14 3096.607244 6.163417
14 3135.647084 4.980391
14 3281.268577 0.567619
14 3265.592309 1.042657
12 3162.688808 4.160945
14 3243.617003 1.708576
14 3048.497131 7.621299
failed to find solution after reaching max emtpy limit -- 20 iterations and 11 function evals
15 3054.001980 7.454485
14 3286.621470 0.405410
15 3100.709983 6.039091
15 3292.862765 0.216280
failed to find solution after reaching max emtpy limit -- 22 iterations and 13 function evals
16 3041.728665 7.826404
14 3285.235918 0.447396
failed to find solution after reaching max emtpy limit -- 21 iterations and 12 function evals
failed to find solution after reaching max emtpy limit -- 22 iterations and 13 function evals
failed to find solution after reaching max emtpy limit -- 21 iterations and 12 function evals
15 3273.756940 0.795244
17 3285.580334 0.436960
failed to find solution after reaching max emtpy limit -- 21 iterations and 12 function evals
15 3299.134763 0.026219
14 3087.309677 6.445161
16 3270.237014 0.901909
failed to find solution after reaching max emtpy limit -- 21 iterations and 12 function evals
failed to find solution after reaching max emtpy limit -- 21 iterations and 12 function evals
failed to find solution after reaching max emtpy limit -- 22 iterations and 13 function evals
failed to find solution after reaching max emtpy limit -- 21 iterations and 12 function evals
18 3270.291909 0.900245
16 3225.810107 2.248179
failed to find solution after reaching max emtpy limit -- 21 iterations and 12 function evals
