7 -315.466411 2.925420
9 -331.098469 8.025602
10 -335.255034 9.381740
10 -334.228454 9.046804
11 -329.317631 7.444578
11 -331.815636 8.259587
11 -329.106578 7.375719
13 -324.655356 5.923444
13 -332.669244 8.538089
13 -327.192895 6.751352
13 -333.070103 8.668875
13 -323.277495 5.473897
13 -329.378863 7.464556
13 -335.936625 9.604119
13 -326.653438 6.575347
14 -321.502616 4.894818
14 -326.018901 6.368320
15 -327.003629 6.689602
15 -325.163173 6.089127
15 -334.375183 9.094676
15 -326.028633 6.371495
8 -327.489974 6.848279
16 -328.823456 7.283346
16 -331.154209 8.043788
12 -329.991981 7.664594
17 -330.428524 7.807022
17 -320.180032 4.463306
17 -333.737884 8.886748
18 -329.526894 7.512853
18 -324.659084 5.924660
15 -336.797038 9.884841
18 -330.880866 7.954606
18 -322.415074 5.192520
11 -328.213520 7.084346
14 -336.416164 9.760575
12 -336.814111 9.890411
20 -322.502993 5.221205
20 -320.818705 4.671682
20 -330.008508 7.669986
20 -328.566138 7.199393
20 -336.795994 9.884501
12 -323.892507 5.674554
21 -327.034409 6.699644
21 -335.421148 9.435937
21 -325.994907 6.360492
21 -334.383104 9.097261
21 -329.125270 7.381817
21 -324.084191 5.737093
21 -320.991388 4.728022
21 -330.543903 7.844666
21 -320.638050 4.612740
14 -324.023065 5.717150
14 -322.287575 5.150922
10 -331.611890 8.193113
17 -323.958520 5.696091
23 -328.268569 7.102306
23 -326.592641 6.555511
11 -326.196220 6.426173
14 -336.602488 9.821366
24 -324.488308 5.868942
14 -325.050510 6.052369
24 -321.639579 4.939504
14 -329.560678 7.523875
18 -326.352549 6.477177
18 -323.152878 5.433239
11 -331.810122 8.257789
14 -327.457668 6.837738
13 -322.374450 5.179266
13 -325.398213 6.165812
19 -323.074924 5.407806
14 -325.480918 6.192796
18 -329.524947 7.512218
9 -329.978340 7.660144
11 -324.465722 5.861573
27 -325.060478 6.055621
13 -326.514980 6.530173
16 -326.239712 6.440363
21 -328.459134 7.164481
13 -327.909060 6.985011
11 -321.023387 4.738462
14 -321.496466 4.892811
17 -323.273094 5.472461
20 -329.324677 7.446877
11 -331.735718 8.233513
16 -332.854351 8.598483
14 -325.749252 6.280343
17 -333.062937 8.666537
19 -325.910056 6.332808
24 -324.116640 5.747680
15 -323.511353 5.550197
20 -326.501970 6.525928
20 -325.202354 6.101910
13 -328.933622 7.319289
12 -330.047621 7.682747
17 -327.631126 6.894331
19 -328.854243 7.293391
13 -330.892175 7.958295
23 -326.878584 6.648804
17 -325.568535 6.221382
11 -328.794427 7.273875
18 -320.723384 4.640582
12 -333.425946 8.784974
14 -327.072647 6.712120
18 -330.495961 7.829025
18 -331.454499 8.141761
17 -324.481853 5.866836
16 -324.712564 5.942109
17 -325.869218 6.319484
15 -330.586283 7.858494
19 -324.532812 5.883462
13 -329.981119 7.661050
17 -329.443263 7.485567
12 -336.589948 9.817275
20 -335.113847 9.335676
8 -332.858730 8.599912
15 -320.263943 4.490683
11 -330.240209 7.745582
19 -322.782149 5.312283
17 -324.032954 5.720376
14 -325.759949 6.283833
22 -321.442592 4.875234
15 -328.062074 7.034934
11 -328.063181 7.035296
12 -327.680440 6.910421
15 -321.171927 4.786926
25 -328.298825 7.112178
18 -335.469456 9.451698
21 -334.378697 9.095823
24 -322.242428 5.136192
16 -323.011508 5.387115
18 -325.169562 6.091211
20 -324.059125 5.728915
14 -331.591844 8.186572
17 -336.471584 9.778657
13 -325.038913 6.048585
20 -320.704885 4.634546
21 -321.249014 4.812076
23 -332.283036 8.412084
21 -324.951829 6.020173
13 -327.715148 6.921745
16 -326.843495 6.637355
10 -326.526569 6.533954
19 -322.139207 5.102515
14 -329.652783 7.553926
20 -323.398743 5.513456
20 -332.207243 8.387355
12 -328.686648 7.238711
21 -325.068848 6.058352
23 -335.402990 9.430013
16 -325.629783 6.241365
13 -326.314039 6.464613
17 -323.839645 5.657307
16 -321.428037 4.870485
18 -335.211183 9.367433
23 -327.881834 6.976129
18 -321.342702 4.842643
19 -326.260539 6.447158
20 -325.465437 6.187745
24 -331.921378 8.294087
19 -329.367594 7.460879
22 -330.194142 7.730552
23 -335.023429 9.306176
14 -330.397936 7.797043
11 -327.706946 6.919069
20 -335.228644 9.373130
21 -327.581716 6.878211
17 -336.234152 9.701192
14 -331.315627 8.096453
20 -324.013933 5.714171
14 -324.334129 5.818639
12 -330.240314 7.745616
18 -332.184916 8.380070
16 -335.358872 9.415619
19 -326.808020 6.625781
18 -330.646433 7.878118
19 -326.506449 6.527390
19 -326.348438 6.475836
15 -321.377991 4.854157
19 -332.876463 8.605697
20 -321.862427 5.012211
16 -334.252648 9.054698
16 -320.635235 4.611822
14 -329.867523 7.623988
26 -321.628870 4.936010
16 -330.229460 7.742075
23 -322.156466 5.108145
18 -334.327384 9.079081
22 -328.463364 7.165861
18 -322.439036 5.200338
24 -323.193722 5.446565
21 -326.014265 6.366808
18 -335.603500 9.495432
18 -326.880353 6.649381
20 -327.973581 7.006062
21 -333.326805 8.752628
24 -325.347957 6.149415
23 -335.003170 9.299566
21 -323.381326 5.507773
21 -327.089564 6.717639
23 -324.424681 5.848183
