19 20.731286 8.379794
21 22.416505 0.932109
23 20.756003 8.270558
26 21.652133 4.310188
21 20.459376 9.581477
23 21.004251 7.173446
26 22.094119 2.356866
96 21.966301 2.921747
93 22.232245 1.746429
106 21.206560 6.279362
111 22.588355 0.172630
123 21.756137 3.850549
125 20.613210 8.901621
126 21.565809 4.691688
131 22.245853 1.686291
12 21.152663 6.517554
141 21.958121 2.957899
140 21.980684 2.858183
139 21.810718 3.609333
23 20.461222 9.573320
24 21.061139 6.922037
154 22.279917 1.535746
159 22.242406 1.701524
157 21.827616 3.534653
153 22.374909 1.115940
106 21.394736 5.447731
165 22.005259 2.749575
162 21.889754 3.260039
152 22.538614 0.392455
163 21.845653 3.454941
167 21.775855 3.763410
21 21.010438 7.146107
167 21.876265 3.319652
156 21.235044 6.153476
183 21.930010 3.082133
192 21.936689 3.052613
194 22.153261 2.095494
198 22.279206 1.538889
141 21.843098 3.466232
134 22.189513 1.935282
146 22.400401 1.003280
216 22.384963 1.071505
137 21.642121 4.354432
230 22.261085 1.618974
233 22.304721 1.426128
113 21.694280 4.123922
86 21.734197 3.947514
202 21.959394 2.952271
10 21.717398 4.021753
243 22.386016 1.066853
26 21.225260 6.196718
144 22.242668 1.700366
155 22.183350 1.962518
22 21.668170 4.239315
260 22.091923 2.366571
132 21.417775 5.345913
18 21.776955 3.758548
131 21.973001 2.892136
192 22.482611 0.639960
153 22.212568 1.833392
174 22.144118 2.135900
22 21.388027 5.477382
278 22.391291 1.043537
151 21.489612 5.028433
271 22.096721 2.345366
182 22.300917 1.442939
287 22.327721 1.324481
289 22.312551 1.391526
141 22.265605 1.598998
290 22.451170 0.778910
166 22.180185 1.976503
168 22.350045 1.225823
22 21.626831 4.422009
144 21.965190 2.926657
98 21.629810 4.408840
28 22.190085 1.932754
162 21.920273 3.125165
114 22.028232 2.648050
160 21.870901 3.343359
230 22.362320 1.171575
130 21.826670 3.538833
169 21.588384 4.591921
24 22.201058 1.884257
341 22.307756 1.412717
343 22.481730 0.643853
329 22.343712 1.253812
158 22.256262 1.640287
27 22.282498 1.524340
206 22.355743 1.200641
160 22.290448 1.489207
181 21.908102 3.178954
355 22.549127 0.345995
23 21.209547 6.266158
23 20.430815 9.707700
149 21.841531 3.473158
144 22.506070 0.536285
246 22.207331 1.856537
371 20.831788 7.935636
155 21.676544 4.202307
24 21.507226 4.950591
160 21.732028 3.957099
128 21.677956 4.196065
142 21.366028 5.574606
22 22.416096 0.933915
142 21.534010 4.832222
193 22.243910 1.694878
279 22.365229 1.158719
254 21.984260 2.842379
152 22.311099 1.397939
25 22.483127 0.637679
25 21.416231 5.352736
189 21.850505 3.433500
185 21.983880 2.844057
168 21.501784 4.974642
156 22.041253 2.590505
17 20.449009 9.627293
26 21.703113 4.084886
306 22.421899 0.908271
193 21.938909 3.042802
141 21.535182 4.827043
162 21.920123 3.125825
136 21.248323 6.094790
196 22.157274 2.077757
147 22.141010 2.149638
44 22.240961 1.707912
424 22.394852 1.027801
142 22.412669 0.949062
225 22.183285 1.962807
338 22.475008 0.673561
114 22.117932 2.251625
363 22.209683 1.846143
134 22.256122 1.640908
158 22.084238 2.400536
148 21.565782 4.691806
26 21.783664 3.728895
150 21.467679 5.125365
130 21.679054 4.191212
134 21.615506 4.472058
134 21.396601 5.439490
156 22.209782 1.845703
24 21.072098 6.873606
39 20.646897 8.752742
160 21.831388 3.517985
153 22.062987 2.494451
182 21.850198 3.434854
147 21.977535 2.872098
133 22.493377 0.592378
197 21.726814 3.980141
175 22.049904 2.552273
377 22.585686 0.184428
168 21.752685 3.865807
145 22.382464 1.082552
334 22.444770 0.807195
192 22.263786 1.607036
254 22.437414 0.839703
131 22.295553 1.466647
227 22.394016 1.031496
163 21.601866 4.532338
22 21.258576 6.049479
276 21.837026 3.493070
175 21.739587 3.923691
147 22.329147 1.318179
272 22.087227 2.387325
21 21.050729 6.968043
140 21.957775 2.959426
127 21.902551 3.203485
160 22.259773 1.624770
88 21.675235 4.208089
410 22.458074 0.748399
29 21.702629 4.087025
329 22.556323 0.314193
174 22.128621 2.204386
175 21.776217 3.761806
150 22.403373 0.990142
135 21.585214 4.605930
370 22.500499 0.560905
177 22.291191 1.485924
103 20.417551 9.766321
146 22.215105 1.822178
125 21.933577 3.066369
123 21.804639 3.636201
190 22.304628 1.426538
130 22.003303 2.758219
151 21.768465 3.796069
198 22.391298 1.043507
229 22.377174 1.105930
161 22.172656 2.009778
226 22.174624 2.001080
167 22.091838 2.366948
228 22.413895 0.943641
265 22.192398 1.922528
260 21.984597 2.840891
349 22.196699 1.903524
326 22.502180 0.553477
334 22.232552 1.745072
409 22.376781 1.107664
347 22.254075 1.649956
370 22.397833 1.014630
392 22.384405 1.073970
435 22.474567 0.675508
