12 -1.046661 4.666069
12 -1.051200 5.119994
13 -1.091280 9.128034
13 -1.061802 6.180185
13 -1.066449 6.644866
14 -1.038706 3.870635
15 -1.026961 2.696118
15 -1.068337 6.833712
15 -1.039983 3.998257
16 -1.022617 2.261668
16 -1.020362 2.036188
17 -1.039949 3.994859
18 -1.031566 3.156601
17 -1.090085 9.008546
17 -1.059276 5.927616
18 -1.092750 9.274985
18 -1.061880 6.187952
18 -1.068733 6.873348
18 -1.082775 8.277501
18 -1.066402 6.640222
19 -1.046188 4.618818
19 -1.033455 3.345519
19 -1.077274 7.727389
19 -1.060879 6.087858
19 -1.040651 4.065138
19 -1.081853 8.185303
19 -1.045183 4.518286
20 -1.069517 6.951750
21 -1.090729 9.072880
21 -1.069349 6.934871
21 -1.078012 7.801187
20 -1.017641 1.764069
21 -1.040133 4.013319
22 -1.061442 6.144175
22 -1.043078 4.307820
22 -1.050496 5.049581
22 -1.044579 4.457949
22 -1.013512 1.351181
22 -1.029651 2.965130
12 -1.068255 6.825538
16 -1.055237 5.523693
23 -1.054797 5.479681
23 -1.044850 4.485011
24 -1.069115 6.911466
24 -1.038450 3.845013
25 -1.090869 9.086912
17 -1.041443 4.144267
25 -1.070995 7.099548
25 -1.041226 4.122562
24 -1.018181 1.818087
27 -1.086905 8.690462
15 -1.046025 4.602474
18 -1.045578 4.557850
22 -1.079826 7.982582
18 -1.058891 5.889136
15 -1.065831 6.583114
20 -1.079993 7.999339
17 -1.086831 8.683071
17 -1.027262 2.726197
11 -1.074865 7.486519
18 -1.029772 2.977234
16 -1.050808 5.080781
18 -1.064524 6.452405
22 -1.092225 9.222476
22 -1.032715 3.271496
24 -1.096090 9.609045
18 -1.035416 3.541569
17 -1.051377 5.137658
20 -1.025131 2.513085
17 -1.036009 3.600876
15 -1.067043 6.704309
17 -1.028373 2.837267
15 -1.074953 7.495280
20 -1.029091 2.909054
15 -1.031367 3.136678
20 -1.047508 4.750830
17 -1.057362 5.736198
18 -1.078404 7.840400
17 -1.076915 7.691525
24 -1.060517 6.051690
19 -1.070190 7.018951
14 -1.050267 5.026686
21 -1.053482 5.348232
27 -1.019088 1.908768
24 -1.036608 3.660764
16 -1.038298 3.829760
20 -1.090779 9.077948
24 -1.099538 9.953805
26 -1.042185 4.218540
20 -1.057549 5.754872
24 -1.036761 3.676129
13 -1.048123 4.812291
15 -1.033226 3.322637
20 -1.024392 2.439155
17 -1.083306 8.330578
15 -1.026366 2.636594
13 -1.087517 8.751683
15 -1.072435 7.243461
10 -1.025040 2.503970
28 -1.054259 5.425945
28 -1.081826 8.182649
19 -1.058857 5.885679
27 -1.029872 2.987184
22 -1.034255 3.425469
17 -1.091438 9.143809
16 -1.082206 8.220565
18 -1.048179 4.817859
17 -1.024262 2.426249
19 -1.047926 4.792604
18 -1.081217 8.121684
17 -1.093439 9.343945
16 -1.049846 4.984620
26 -1.048238 4.823824
19 -1.066469 6.646885
26 -1.066783 6.678281
20 -1.047931 4.793145
16 -1.081917 8.191675
21 -1.097664 9.766410
19 -1.050210 5.020976
17 -1.074081 7.408105
20 -1.085094 8.509448
17 -1.030290 3.028965
24 -1.035103 3.510289
13 -1.046017 4.601736
17 -1.046455 4.645481
13 -1.047368 4.736803
14 -1.080880 8.087956
12 -1.092508 9.250804
15 -1.090163 9.016326
21 -1.099168 9.916786
26 -1.030684 3.068373
22 -1.062539 6.253883
13 -1.053610 5.360987
18 -1.085719 8.571871
15 -1.040840 4.083974
20 -1.037178 3.717777
23 -1.053397 5.339685
14 -1.043241 4.324071
17 -1.016185 1.618467
15 -1.060706 6.070567
17 -1.057652 5.765237
17 -1.070953 7.095306
18 -1.075201 7.520114
16 -1.075619 7.561905
16 -1.030048 3.004822
15 -1.075154 7.515432
22 -1.073644 7.364408
18 -1.025387 2.538692
25 -1.076419 7.641898
19 -1.073914 7.391420
19 -1.063266 6.326588
15 -1.063600 6.360013
18 -1.021751 2.175077
19 -1.053909 5.390920
21 -1.045148 4.514765
24 -1.075182 7.518219
25 -1.028840 2.884049
24 -1.061926 6.192561
15 -1.076203 7.620261
17 -1.048278 4.827825
17 -1.027398 2.739757
27 -1.051198 5.119806
17 -1.029874 2.987382
20 -1.059354 5.935435
20 -1.076628 7.662848
17 -1.043371 4.337084
26 -1.023039 2.303900
16 -1.077749 7.774924
24 -1.038284 3.828360
23 -1.033395 3.339452
17 -1.081954 8.195422
23 -1.061721 6.172124
23 -1.064964 6.496413
18 -1.024637 2.463715
16 -1.064070 6.407027
15 -1.049440 4.943968
21 -1.074022 7.402248
19 -1.030692 3.069240
22 -1.080328 8.032827
20 -1.057559 5.755917
15 -1.081124 8.112360
29 -1.064314 6.431388
21 -1.054473 5.447307
22 -1.029390 2.938984
17 -1.031781 3.178114
19 -1.041826 4.182552
18 -1.082316 8.231625
15 -1.093804 9.380444
19 -1.084008 8.400784
14 -1.037583 3.758255
21 -1.056244 5.624373
21 -1.067534 6.753401
25 -1.094216 9.421588
19 -1.024287 2.428727
25 -1.044984 4.498373
20 -1.035943 3.594279
23 -1.044353 4.435328
21 -1.020297 2.029652
21 -1.029527 2.952683
28 -1.094494 9.449413
