10 -0.250436 0.174344
14 -0.257895 3.157931
14 -0.271767 8.706788
15 -0.270217 8.086763
17 -0.253017 1.206943
19 -0.270604 8.241789
failed to find solution after reaching max emtpy limit -- 13 iterations and 7 function evals
22 -0.250115 0.046086
22 -0.272281 8.912393
23 -0.266074 6.429564
24 -0.272502 9.000756
23 -0.267234 6.893567
15 -0.267058 6.823033
27 -0.257468 2.987374
9 -0.250644 0.257799
30 -0.265474 6.189660
failed to find solution after reaching max emtpy limit -- 17 iterations and 11 function evals
10 -0.268819 7.527483
35 -0.271005 8.402103
34 -0.273386 9.354292
36 -0.252424 0.969521
36 -0.270639 8.255565
38 -0.273212 9.284957
38 -0.250440 0.175826
18 -0.251239 0.495715
41 -0.264952 5.980756
40 -0.274046 9.618454
46 -0.252081 0.832461
40 -0.272165 8.866083
48 -0.273479 9.391626
50 -0.263476 5.390257
49 -0.264495 5.797920
50 -0.274965 9.985827
53 -0.258253 3.301364
55 -0.271749 8.699580
53 -0.269698 7.879100
32 -0.270650 8.260190
54 -0.268100 7.240167
55 -0.273826 9.530331
50 -0.252307 0.922672
56 -0.251860 0.743822
56 -0.270205 8.081922
56 -0.270415 8.166117
26 -0.274964 9.985703
58 -0.264312 5.724848
55 -0.272919 9.167494
59 -0.272022 8.808967
48 -0.263601 5.440211
59 -0.250004 0.001524
60 -0.273086 9.234241
62 -0.265526 6.210565
17 -0.261036 4.414501
63 -0.274601 9.840527
64 -0.264054 5.621438
65 -0.261669 4.667706
67 -0.271241 8.496556
27 -0.274573 9.829282
66 -0.251787 0.714607
64 -0.274364 9.745739
34 -0.274033 9.613157
66 -0.253570 1.428004
70 -0.250336 0.134223
67 -0.251615 0.645806
69 -0.264958 5.983330
22 -0.271955 8.781977
failed to find solution after reaching max emtpy limit -- 64 iterations and 58 function evals
24 -0.254685 1.873996
38 -0.274130 9.652067
71 -0.267724 7.089596
71 -0.254731 1.892500
31 -0.261999 4.799607
74 -0.256032 2.412608
17 -0.273950 9.579990
25 -0.273099 9.239757
11 -0.250628 0.251083
10 -0.251265 0.505840
15 -0.268750 7.499943
28 -0.270736 8.294274
failed to find solution after reaching max emtpy limit -- 71 iterations and 53 function evals
13 -0.250954 0.381725
71 -0.271778 8.711332
76 -0.256464 2.585675
62 -0.265069 6.027586
78 -0.255507 2.202877
81 -0.274695 9.878029
82 -0.250099 0.039733
39 -0.267606 7.042557
83 -0.264876 5.950487
36 -0.268259 7.303690
82 -0.250209 0.083769
82 -0.252217 0.886874
31 -0.273732 9.492628
83 -0.256182 2.472728
82 -0.255339 2.135651
69 -0.250146 0.058478
13 -0.264404 5.761725
13 -0.270670 8.267879
90 -0.257382 2.952819
74 -0.273458 9.383037
94 -0.261749 4.699489
93 -0.269074 7.629539
26 -0.273944 9.577527
35 -0.265806 6.322548
94 -0.250368 0.147230
45 -0.271371 8.548598
failed to find solution after reaching max emtpy limit -- 90 iterations and 74 function evals
92 -0.274303 9.721258
46 -0.264429 5.771768
59 -0.265933 6.373300
93 -0.271313 8.525253
96 -0.267550 7.020019
failed to find solution after reaching max emtpy limit -- 91 iterations and 85 function evals
66 -0.269765 7.905914
30 -0.266015 6.406156
failed to find solution after reaching max emtpy limit -- 93 iterations and 79 function evals
18 -0.269444 7.777466
87 -0.254433 1.773348
19 -0.269665 7.865983
95 -0.271005 8.401892
92 -0.261786 4.714329
39 -0.250044 0.017477
failed to find solution after reaching max emtpy limit -- 97 iterations and 86 function evals
98 -0.251185 0.473881
28 -0.264049 5.619484
36 -0.272686 9.074333
104 -0.252788 1.115382
45 -0.250236 0.094584
44 -0.261845 4.738010
failed to find solution after reaching max emtpy limit -- 51 iterations and 44 function evals
failed to find solution after reaching max emtpy limit -- 109 iterations and 90 function evals
66 -0.259221 3.688464
113 -0.250380 0.152183
49 -0.262317 4.926892
failed to find solution after reaching max emtpy limit -- 110 iterations and 101 function evals
69 -0.257991 3.196268
62 -0.257780 3.111908
41 -0.274186 9.674518
120 -0.250473 0.189096
91 -0.262685 5.074189
failed to find solution after reaching max emtpy limit -- 119 iterations and 109 function evals
39 -0.266011 6.404204
122 -0.273676 9.470208
57 -0.271121 8.448224
128 -0.258943 3.577223
failed to find solution after reaching max emtpy limit -- 96 iterations and 88 function evals
73 -0.268039 7.215524
98 -0.250029 0.011415
83 -0.250500 0.200017
failed to find solution after reaching max emtpy limit -- 61 iterations and 52 function evals
83 -0.273328 9.331365
50 -0.262082 4.832970
77 -0.256510 2.604185
120 -0.270551 8.220527
128 -0.270493 8.197091
120 -0.274160 9.664078
126 -0.269650 7.860164
76 -0.253639 1.455540
81 -0.270494 8.197696
97 -0.273631 9.452476
failed to find solution after reaching max emtpy limit -- 102 iterations and 96 function evals
70 -0.250004 0.001534
85 -0.262892 5.156641
115 -0.263272 5.308655
failed to find solution after reaching max emtpy limit -- 107 iterations and 95 function evals
60 -0.251277 0.510917
failed to find solution after reaching max emtpy limit -- 70 iterations and 64 function evals
failed to find solution after reaching max emtpy limit -- 69 iterations and 59 function evals
137 -0.270939 8.375404
91 -0.264552 5.820986
96 -0.270883 8.353084
122 -0.273037 9.214812
failed to find solution after reaching max emtpy limit -- 99 iterations and 93 function evals
failed to find solution after reaching max emtpy limit -- 80 iterations and 74 function evals
95 -0.250109 0.043444
80 -0.274486 9.794203
failed to find solution after reaching max emtpy limit -- 157 iterations and 144 function evals
79 -0.267581 7.032302
failed to find solution after reaching max emtpy limit -- 77 iterations and 63 function evals
failed to find solution after reaching max emtpy limit -- 80 iterations and 72 function evals
failed to find solution after reaching max emtpy limit -- 98 iterations and 83 function evals
failed to find solution after reaching max emtpy limit -- 150 iterations and 141 function evals
failed to find solution after reaching max emtpy limit -- 104 iterations and 98 function evals
failed to find solution after reaching max emtpy limit -- 101 iterations and 62 function evals
157 -0.250225 0.089924
102 -0.256703 2.681243
170 -0.254455 1.782138
136 -0.250614 0.245792
127 -0.260812 4.324925
129 -0.270616 8.246462
169 -0.252880 1.151850
124 -0.259200 3.679816
113 -0.260027 4.010983
162 -0.269296 7.718370
147 -0.260772 4.308753
134 -0.250924 0.369626
failed to find solution after reaching max emtpy limit -- 127 iterations and 120 function evals
151 -0.250157 0.062971
182 -0.264018 5.607299
failed to find solution after reaching max emtpy limit -- 205 iterations and 191 function evals
failed to find solution after reaching max emtpy limit -- 239 iterations and 233 function evals
