7 92.057207 7.905955
7 92.714693 7.248206
7 93.052344 6.910420
7 96.407756 3.553666
7 91.215533 8.747966
7 91.267863 8.695615
7 97.965394 1.995404
7 96.017667 3.943911
7 92.328543 7.634511
7 95.544596 4.417171
7 95.109991 4.851950
7 95.557499 4.404263
8 91.993898 7.969290
8 94.156463 5.805859
8 91.892318 8.070910
8 93.240591 6.722098
8 94.483211 5.478980
8 94.176495 5.785820
7 90.357021 9.606822
7 89.999924 9.964061
9 94.544777 5.417390
9 94.565513 5.396646
9 90.893941 9.069687
9 97.446584 2.514422
9 91.827252 8.136002
9 97.691623 2.269285
7 96.005140 3.956442
9 94.028492 5.933881
9 91.020005 8.943572
9 98.649269 1.311256
9 91.325642 8.637814
7 97.354063 2.606979
9 92.857281 7.105561
8 96.725905 3.235389
8 94.378041 5.584192
8 94.948518 5.013487
10 89.990982 9.973007
7 91.841921 8.121327
10 93.141575 6.821154
7 98.355809 1.604833
7 93.726165 6.236330
10 97.928592 2.032221
9 97.136674 2.824456
7 91.663515 8.299805
11 98.397517 1.563109
11 96.308815 3.652646
11 90.013255 9.950725
7 99.381401 0.578831
7 91.423232 8.540184
11 90.075054 9.888901
11 91.925282 8.037933
11 95.831622 4.130030
9 99.713208 0.246891
10 96.729707 3.231586
11 97.413670 2.547349
7 93.607592 6.354950
7 97.942075 2.018732
7 92.583836 7.379116
7 99.087936 0.872413
10 93.087532 6.875218
8 95.649573 4.312152
7 91.688503 8.274807
12 99.364443 0.595796
7 97.636697 2.324233
12 97.385612 2.575418
7 90.249365 9.714521
9 93.763167 6.199313
9 97.901855 2.058968
10 93.929587 6.032826
13 98.849753 1.110691
8 95.748922 4.212763
10 98.742984 1.217503
7 98.842363 1.118084
7 99.835521 0.124528
7 95.244208 4.717679
12 96.675925 3.285389
7 93.668033 6.294485
12 99.736392 0.223697
7 96.752397 3.208886
13 90.260594 9.703287
10 94.631761 5.330371
13 93.574510 6.388045
12 98.744716 1.215770
8 95.561239 4.400521
8 94.899587 5.062438
11 91.341489 8.621960
12 93.648855 6.313671
7 94.779858 5.182215
11 96.661058 3.300262
11 94.889269 5.072760
9 97.527764 2.433209
9 97.443364 2.517643
14 90.632100 9.331633
11 93.868319 6.094119
7 95.413258 4.548561
12 91.769178 8.194100
10 92.623474 7.339462
7 98.342123 1.618524
13 96.961335 2.999865
10 95.902497 4.059127
7 96.519654 3.441723
7 99.702954 0.257148
7 96.434413 3.526998
9 97.346723 2.614322
9 90.132856 9.831077
7 91.770142 8.193135
7 94.124235 5.838100
12 97.365315 2.595724
10 91.725480 8.237815
12 90.972260 8.991336
10 98.053718 1.907045
13 96.681142 3.280170
8 98.714193 1.246306
11 93.648458 6.314067
9 91.216142 8.747357
9 92.312213 7.650848
9 93.174940 6.787775
7 97.230613 2.730480
16 92.702248 7.260656
7 92.825968 7.136887
8 95.183402 4.778509
15 93.509778 6.452803
9 90.227243 9.736652
8 93.814467 6.147992
17 96.523474 3.437901
12 94.415645 5.546574
8 97.389816 2.571212
11 93.952746 6.009658
7 89.978417 9.985577
12 90.652489 9.311236
7 91.009881 8.953700
9 98.983659 0.976731
15 93.740802 6.221686
10 94.119658 5.842679
12 92.547269 7.415697
18 93.179905 6.782808
8 90.699064 9.264642
8 92.150127 7.812999
9 90.609010 9.354732
11 97.281050 2.680022
7 92.422074 7.540943
9 96.723417 3.237878
10 98.769769 1.190707
13 94.649422 5.312703
7 91.773350 8.189926
9 94.358946 5.603295
16 98.867189 1.093248
11 91.624284 8.339051
7 98.129741 1.830991
12 98.606466 1.354076
11 95.848571 4.113074
12 91.570588 8.392769
10 94.646234 5.315892
9 90.530756 9.433017
8 91.512045 8.451335
7 97.110298 2.850842
13 97.962548 1.998251
7 95.481351 4.480441
10 92.377078 7.585957
9 96.635762 3.325568
9 99.361040 0.599199
13 93.317972 6.644686
13 92.738053 7.224837
10 93.329829 6.632824
11 92.780435 7.182437
11 90.409634 9.554187
9 96.557911 3.403451
12 96.812561 3.148698
12 93.993381 5.969007
14 99.504067 0.456115
13 90.808316 9.155346
11 93.664942 6.297577
14 95.286331 4.675539
10 91.293250 8.670218
13 98.818773 1.141684
12 96.347505 3.613940
9 97.074661 2.886494
9 91.945407 8.017800
12 96.075410 3.886145
10 96.012835 3.948745
10 91.054323 8.909241
10 94.063069 5.899290
10 93.399290 6.563335
13 89.972918 9.991079
11 92.475429 7.487566
11 91.588999 8.374351
12 92.134225 7.828906
12 99.096509 0.863837
11 99.394369 0.565857
12 97.338794 2.622255
13 94.262207 5.700073
12 96.629061 3.332272
16 95.036005 4.925965
15 90.048651 9.915315
15 97.721842 2.239054
14 93.296582 6.666084
15 92.261510 7.701571
16 92.432547 7.530465
16 99.642325 0.317802
17 91.364372 8.599067
