14 14.129527 5.803152
14 14.080296 6.131362
24 13.953937 6.973756
27 13.802895 7.980701
23 14.177606 5.482625
24 14.398530 4.009798
17 14.310765 4.594902
19 13.803990 7.973402
28 13.863056 7.579625
29 13.545235 9.698432
31 14.325029 4.499808
33 14.110948 5.927014
24 14.184847 5.434355
26 14.263636 4.909096
17 14.284115 4.772566
19 14.507848 3.281011
20 13.648183 9.012110
29 14.318327 4.544487
23 13.926014 7.159905
32 14.461545 3.589699
18 14.345955 4.360302
28 14.399778 4.001477
20 13.709822 8.601184
19 13.780078 8.132811
21 14.112859 5.914273
19 14.276232 4.825123
27 14.391124 4.059176
20 14.256130 4.959135
60 14.758215 1.611898
19 13.773526 8.176494
27 13.847727 7.681820
18 14.189721 5.401863
26 13.813031 7.913124
20 14.165460 5.563600
14 13.728064 8.479575
29 14.363358 4.244283
24 13.827898 7.814011
22 14.063277 6.244823
24 13.934129 7.105804
25 14.460210 3.598600
105 13.973910 6.840602
31 14.267908 4.880612
21 14.462315 3.584569
25 14.280240 4.798403
23 14.086514 6.089910
28 13.933693 7.108713
111 14.011778 6.588150
22 14.590565 2.729564
100 14.808899 1.274005
32 14.311176 4.592161
122 14.043066 6.379560
116 14.178360 5.477603
101 14.067377 6.217490
26 13.606538 9.289745
16 14.089966 6.066894
23 13.766198 8.225344
25 14.474695 3.502031
25 14.391701 4.055326
28 13.675845 8.827700
22 13.990100 6.732664
98 14.310014 4.599905
19 14.093323 6.044513
123 14.226792 5.154717
31 14.422088 3.852749
28 13.856531 7.623123
141 13.851063 7.659577
26 13.573028 9.513147
114 13.816566 7.889560
136 14.233325 5.111166
147 14.032626 6.449157
156 14.333980 4.440133
149 14.110919 5.927208
22 14.019178 6.538816
154 14.007016 6.619893
27 14.211364 5.257574
132 14.079342 6.137721
156 13.861561 7.589590
98 14.826345 1.157697
27 14.277840 4.814402
25 14.253168 4.978879
25 13.713060 8.579603
19 14.243600 5.042665
136 13.876445 7.490368
28 13.852412 7.650589
34 14.227807 5.147952
29 14.269865 4.867568
159 14.498755 3.341633
33 14.488692 3.408719
26 14.457353 3.617647
146 14.539600 3.069330
27 13.516812 9.887922
24 14.488597 3.409351
25 14.331382 4.457452
120 14.803646 1.309028
156 13.944359 7.037609
26 14.201697 5.322022
183 13.948554 7.009643
16 13.987813 6.747916
17 13.655852 8.960987
138 14.308982 4.606784
23 13.666318 8.891212
16 14.016864 6.554238
18 13.593831 9.374461
32 14.379075 4.139497
20 14.470161 3.532258
22 13.730147 8.465690
27 14.394043 4.039716
21 14.021630 6.522469
23 14.361008 4.259943
131 14.617709 2.548607
27 14.394278 4.038146
30 14.579138 2.805747
23 14.168695 5.542033
25 13.919590 7.202735
22 14.469385 3.537437
23 14.372831 4.181128
21 14.247779 5.014807
20 14.518589 3.209408
98 14.798971 1.340191
18 14.345465 4.363565
24 14.509134 3.272439
192 14.161750 5.588335
26 13.845181 7.698796
119 13.992915 6.713902
24 14.000663 6.662249
148 14.256828 4.954479
27 14.043642 6.375717
18 13.565928 9.560477
24 14.305384 4.630774
25 14.172005 5.519964
27 13.560620 9.595869
17 13.812425 7.917168
25 14.193966 5.373563
232 14.280335 4.797766
31 14.411929 3.920474
23 13.595746 9.361693
138 14.033367 6.444217
26 14.645522 2.363185
27 14.533747 3.108350
17 14.323085 4.512765
15 13.605656 9.295628
135 14.001728 6.655148
19 14.435758 3.761615
159 14.267843 4.881050
147 13.723910 8.507264
233 14.447599 3.682675
23 13.847741 7.681727
125 14.073242 6.178385
23 13.810971 7.926857
21 14.336775 4.421498
30 14.178266 5.478224
27 14.208352 5.277654
23 14.361054 4.259642
21 14.052279 6.318138
30 14.039189 6.405405
31 14.225326 5.164491
20 13.541534 9.723105
35 14.279892 4.800720
28 13.969890 6.867398
25 14.447079 3.686143
154 13.932332 7.117790
32 14.664332 2.237787
27 14.303695 4.642031
31 14.432599 3.782675
30 14.715416 1.897226
22 14.561218 2.925210
30 14.365689 4.228742
21 13.771757 8.188285
29 13.586550 9.422998
83 14.831664 1.122240
27 14.714250 1.905003
30 14.374760 4.168263
114 13.757276 8.284826
29 14.584699 2.768675
23 14.176562 5.489587
164 14.172204 5.518641
153 14.074689 6.168742
116 14.115512 5.896584
204 14.212348 5.251016
100 14.697763 2.014911
152 13.994850 6.701003
24 14.238843 5.074378
156 14.075648 6.162350
29 13.546195 9.692032
188 14.065381 6.230790
185 14.375601 4.162661
163 13.804624 7.969170
140 14.628877 2.474153
156 14.079048 6.139682
28 13.502877 9.980819
167 13.840810 7.727934
24 13.683914 8.773908
27 14.151720 5.655198
188 13.955224 6.965176
184 14.244094 5.039371
199 13.991707 6.721952
33 14.214906 5.233957
34 14.462491 3.583397
39 13.599875 9.334167
43 13.934765 7.101570
