9 -0.252921 1.168442
11 -0.263747 5.498779
11 -0.267979 7.191745
13 -0.250070 0.028178
13 -0.250615 0.245983
15 -0.250082 0.032673
15 -0.250782 0.312852
16 -0.269248 7.699395
16 -0.252721 1.088562
16 -0.255544 2.217623
17 -0.253991 1.596274
17 -0.268761 7.504299
17 -0.271632 8.652704
19 -0.250491 0.196440
19 -0.261215 4.486187
19 -0.253542 1.416942
20 -0.251898 0.759138
15 -0.258731 3.492354
23 -0.260045 4.017805
24 -0.251223 0.489139
24 -0.270348 8.139228
20 -0.263059 5.223666
25 -0.271666 8.666203
25 -0.272453 8.981097
25 -0.257669 3.067576
25 -0.255785 2.313859
25 -0.273024 9.209513
27 -0.251144 0.457530
28 -0.271889 8.755401
17 -0.268577 7.430716
28 -0.266398 6.559114
28 -0.254918 1.967013
29 -0.272133 8.853213
29 -0.259748 3.899288
29 -0.250455 0.182198
31 -0.270897 8.358876
11 -0.254650 1.859807
31 -0.257542 3.016704
17 -0.272351 8.940365
31 -0.272248 8.899248
31 -0.265995 6.397889
32 -0.250640 0.256185
24 -0.270939 8.375766
28 -0.257482 2.992973
21 -0.259009 3.603466
33 -0.253696 1.478555
33 -0.258812 3.524729
33 -0.262675 5.069917
35 -0.250098 0.039135
35 -0.250279 0.111485
17 -0.271761 8.704502
35 -0.250233 0.093257
35 -0.263368 5.347282
13 -0.260754 4.301566
36 -0.250504 0.201458
36 -0.250820 0.327984
20 -0.250341 0.136343
37 -0.263501 5.400347
27 -0.269884 7.953451
27 -0.261761 4.704210
28 -0.259276 3.710305
40 -0.251465 0.586075
35 -0.258564 3.425639
11 -0.270856 8.342429
23 -0.269763 7.905078
21 -0.250050 0.020121
15 -0.272472 8.988829
28 -0.250132 0.052736
12 -0.252716 1.086374
31 -0.250961 0.384599
23 -0.264965 5.986052
28 -0.262021 4.808362
35 -0.269061 7.624599
15 -0.271540 8.616114
17 -0.262863 5.145041
29 -0.274917 9.966758
12 -0.258692 3.476669
24 -0.269790 7.915912
20 -0.266921 6.768232
23 -0.259083 3.633320
19 -0.251077 0.430948
27 -0.252863 1.145274
39 -0.250748 0.299099
20 -0.252199 0.879730
12 -0.270042 8.016636
24 -0.250514 0.205415
29 -0.259718 3.887047
17 -0.269369 7.747570
25 -0.254963 1.985050
13 -0.255657 2.262700
23 -0.262139 4.855709
32 -0.258217 3.286612
19 -0.255776 2.310429
31 -0.251506 0.602565
11 -0.250049 0.019436
17 -0.273600 9.440110
11 -0.273743 9.497321
17 -0.265923 6.369238
27 -0.252531 1.012265
32 -0.252331 0.932516
29 -0.250016 0.006548
27 -0.267887 7.154978
11 -0.250070 0.027972
33 -0.250635 0.253873
20 -0.264868 5.947079
31 -0.251943 0.777157
36 -0.261442 4.576999
21 -0.250407 0.162771
35 -0.261861 4.744336
25 -0.259534 3.813579
37 -0.261898 4.759388
12 -0.251287 0.514690
33 -0.269677 7.870777
27 -0.273263 9.305215
32 -0.251054 0.421570
27 -0.263674 5.469684
33 -0.254861 1.944226
16 -0.250208 0.083068
29 -0.255751 2.300327
33 -0.252607 1.042946
24 -0.268383 7.353118
19 -0.270366 8.146480
32 -0.263398 5.359249
16 -0.257863 3.145239
25 -0.270247 8.098734
39 -0.250001 0.000217
36 -0.251309 0.523474
31 -0.265847 6.338717
31 -0.258016 3.206277
32 -0.253527 1.410895
29 -0.250959 0.383744
29 -0.274278 9.711394
25 -0.273419 9.367432
35 -0.250791 0.316501
39 -0.250153 0.061113
31 -0.259668 3.867193
29 -0.267956 7.182326
44 -0.250032 0.012769
28 -0.252552 1.020849
15 -0.255115 2.045841
7 -0.254870 1.947964
40 -0.252518 1.007296
23 -0.266678 6.671004
13 -0.257630 3.052069
27 -0.260085 4.034134
16 -0.259030 3.612046
19 -0.267253 6.901265
16 -0.250157 0.062911
31 -0.252541 1.016370
8 -0.255019 2.007573
39 -0.274076 9.630552
24 -0.271231 8.492346
19 -0.251145 0.457947
37 -0.253805 1.522166
15 -0.250584 0.233617
24 -0.267394 6.957531
28 -0.250166 0.066326
24 -0.254111 1.644413
32 -0.253877 1.550888
33 -0.269114 7.645636
20 -0.267639 7.055564
33 -0.253314 1.325533
37 -0.250265 0.105983
23 -0.250171 0.068322
39 -0.251706 0.682264
15 -0.271096 8.438373
39 -0.260129 4.051550
17 -0.272467 8.986643
25 -0.271483 8.593176
17 -0.250215 0.085883
36 -0.257920 3.168008
33 -0.259101 3.640461
27 -0.256019 2.407417
21 -0.252951 1.180319
39 -0.250018 0.007030
21 -0.253268 1.307017
31 -0.251791 0.716330
27 -0.266057 6.422878
37 -0.251420 0.567806
31 -0.250049 0.019503
24 -0.250541 0.216351
36 -0.250277 0.110801
40 -0.262853 5.141284
32 -0.269138 7.655380
24 -0.257083 2.833084
32 -0.250071 0.028530
35 -0.253174 1.269796
39 -0.260556 4.222464
25 -0.273515 9.406007
31 -0.269090 7.635936
28 -0.266852 6.740890
35 -0.250661 0.264301
37 -0.265121 6.048414
40 -0.251463 0.585099
37 -0.266285 6.514188
32 -0.250264 0.105582
36 -0.250938 0.375351
37 -0.250276 0.110569
37 -0.256297 2.518649
40 -0.250256 0.102411
