9 -335.913801 9.596672
10 -334.602932 9.168983
10 -336.781450 9.879755
11 -336.802645 9.886671
11 -329.428949 7.480897
11 -331.503406 8.157718
11 -337.055995 9.969329
11 -334.192274 9.035000
12 -322.759833 5.305003
12 -327.629446 6.893783
12 -325.826632 6.305590
12 -324.109919 5.745487
12 -323.115586 5.421072
13 -323.280898 5.475007
13 -324.424831 5.848232
13 -334.061991 8.992493
13 -335.770898 9.550048
14 -327.752835 6.934041
14 -329.480830 7.497824
14 -328.160650 7.067096
14 -331.457909 8.142874
14 -332.761878 8.568313
14 -320.633874 4.611378
14 -321.551053 4.910621
14 -330.139075 7.712586
14 -336.786873 9.881525
14 -324.227514 5.783855
14 -322.229278 5.131901
14 -323.283533 5.475867
15 -329.530965 7.514181
15 -326.628091 6.567077
15 -324.514018 5.877331
10 -334.656202 9.186363
11 -335.235353 9.375319
16 -325.821530 6.303925
16 -336.639575 9.833467
17 -324.242152 5.788630
17 -324.058134 5.728592
17 -336.059254 9.644129
17 -331.085439 8.021350
17 -330.568687 7.852753
14 -326.746958 6.605859
12 -330.402322 7.798474
18 -322.992566 5.380935
10 -335.261340 9.383798
12 -334.417080 9.108346
18 -330.839417 7.941082
11 -331.815647 8.259591
11 -325.326618 6.142453
11 -323.916510 5.682385
14 -331.881481 8.281071
13 -335.168793 9.353603
8 -335.179503 9.357097
20 -332.140203 8.365482
20 -326.704962 6.592157
12 -326.420629 6.499390
20 -335.199601 9.363654
14 -334.672249 9.191598
9 -328.591422 7.207642
14 -331.593407 8.187082
12 -329.186017 7.401637
12 -326.417278 6.498296
13 -327.142342 6.734859
9 -328.076843 7.039753
22 -329.210674 7.409681
9 -323.049969 5.399664
22 -335.445921 9.444020
16 -332.523620 8.490577
12 -330.124548 7.707846
18 -328.790692 7.272656
19 -326.414477 6.497382
15 -335.188455 9.360018
15 -333.250070 8.727592
16 -322.495549 5.218776
20 -322.336131 5.166764
14 -323.947022 5.692340
13 -323.564256 5.567457
13 -327.836158 6.961226
17 -326.337316 6.472207
20 -335.612526 9.498377
15 -331.384624 8.118964
12 -326.227035 6.436227
20 -333.987760 8.968274
11 -335.980782 9.618526
19 -326.680337 6.584123
15 -321.971249 5.047716
21 -323.084228 5.410841
26 -324.951751 6.020147
14 -330.158416 7.718896
12 -322.453063 5.204915
14 -328.227065 7.088765
11 -327.792416 6.946955
14 -334.840844 9.246605
26 -325.596817 6.230609
12 -329.693599 7.567243
11 -325.747836 6.279881
17 -328.990486 7.337842
15 -321.628043 4.935740
18 -327.864613 6.970510
20 -337.010258 9.954407
13 -331.864032 8.275378
18 -330.122035 7.707026
12 -334.838176 9.245735
11 -331.483564 8.151244
11 -324.469577 5.862831
11 -328.127115 7.056155
18 -324.745380 5.952816
14 -333.041455 8.659529
19 -330.732068 7.906058
22 -327.371001 6.809462
10 -335.803621 9.560725
17 -323.534121 5.557625
11 -334.600484 9.168184
11 -327.191960 6.751047
11 -328.178889 7.073047
15 -329.774105 7.593509
19 -324.007595 5.712103
11 -333.425380 8.784789
12 -326.287579 6.455980
11 -335.296265 9.395192
14 -321.148505 4.779284
16 -321.706492 4.961335
12 -332.989805 8.642677
16 -330.062440 7.687582
14 -329.406186 7.473470
11 -329.491281 7.501234
12 -326.209611 6.430542
14 -330.745731 7.910516
14 -325.469871 6.189191
18 -330.629685 7.872654
11 -324.172153 5.765792
15 -331.650071 8.205570
11 -326.522562 6.532647
12 -331.680027 8.215343
12 -334.424934 9.110908
21 -336.669094 9.843098
22 -336.768772 9.875619
19 -330.385008 7.792825
14 -334.880478 9.259536
22 -335.924006 9.600002
18 -324.642388 5.919213
16 -322.164921 5.110904
19 -323.601899 5.579739
18 -328.345596 7.127438
18 -321.890301 5.021305
12 -331.990457 8.316625
10 -329.783433 7.596552
8 -335.965977 9.613696
13 -321.948337 5.040240
23 -327.965989 7.003585
18 -325.168304 6.090801
12 -322.597397 5.252005
16 -336.585971 9.815978
9 -326.663729 6.578704
9 -332.293846 8.415611
18 -329.926015 7.643072
15 -328.630374 7.220350
13 -329.343967 7.453170
11 -329.455947 7.489705
24 -336.979260 9.944294
23 -327.580057 6.877669
16 -324.667956 5.927555
16 -335.223356 9.371405
20 -331.790332 8.251332
13 -321.626128 4.935115
11 -331.860422 8.274200
14 -322.555988 5.238495
12 -325.640806 6.244961
12 -332.421249 8.457178
12 -328.857332 7.294399
18 -321.529308 4.903526
11 -323.075023 5.407838
15 -333.740563 8.887622
14 -330.720629 7.902326
15 -328.146814 7.062582
15 -325.150429 6.084969
16 -335.339975 9.409454
16 -330.569608 7.853053
22 -327.161689 6.741171
24 -331.589421 8.185782
21 -335.396641 9.427942
15 -320.357443 4.521188
19 -331.354071 8.108995
14 -321.775159 4.983739
13 -328.289020 7.108979
13 -329.498505 7.503591
16 -334.016383 8.977613
19 -330.058262 7.686219
16 -333.810386 8.910403
21 -327.889088 6.978495
17 -325.310758 6.137278
17 -329.747728 7.584903
18 -336.927060 9.927263
20 -324.365815 5.828977
17 -325.262392 6.121498
24 -323.784057 5.639170
20 -322.922827 5.358182
21 -329.357614 7.457623
25 -324.780725 5.964347
24 -325.959901 6.349071
