10 3151.042389 8.824005
10 3276.134276 5.204448
11 3366.542138 2.588480
11 3147.734270 8.919726
11 3153.944473 8.740033
12 3384.208287 2.077307
12 3170.055856 8.273847
12 3207.600893 7.187474
13 3128.359661 9.480334
13 3379.037303 2.226930
13 3361.054626 2.747262
13 3170.739958 8.254052
13 3256.954994 5.759404
13 3235.095065 6.391925
12 3206.970653 7.205710
13 3174.489774 8.145551
13 3344.870601 3.215550
13 3377.514504 2.270992
13 3168.752197 8.311568
13 3196.048681 7.521740
14 3283.529618 4.990462
14 3258.024669 5.728453
14 3361.766361 2.726668
10 3263.282071 5.576329
14 3361.014947 2.748410
14 3302.639881 4.437503
14 3227.667273 6.606850
14 3333.108776 3.555880
14 3321.124001 3.902662
14 3441.594429 0.416828
14 3407.500552 1.403341
14 3140.587415 9.126522
14 3217.353570 6.905279
14 3390.381606 1.898680
14 3396.492265 1.721867
14 3138.109842 9.198211
12 3317.689044 4.002053
14 3411.861754 1.277148
13 3393.122759 1.819365
14 3156.440567 8.667808
16 3386.490983 2.011256
16 3157.239872 8.644680
16 3309.005246 4.253320
11 3340.460081 3.343169
12 3274.991164 5.237524
12 3183.817175 7.875660
17 3272.907873 5.297805
17 3363.892457 2.665149
17 3235.348002 6.384606
17 3421.875516 0.987398
12 3141.222558 9.108144
13 3374.652262 2.353812
13 3245.855087 6.080582
13 3201.653482 7.359564
18 3435.084686 0.605188
18 3119.731689 9.729986
11 3142.301853 9.076914
14 3300.513022 4.499044
14 3362.097153 2.717096
13 3110.704935 9.991177
14 3406.279796 1.438663
13 3431.844793 0.698935
16 3201.042794 7.377234
19 3348.478049 3.111168
14 3278.529952 5.135129
11 3273.902593 5.269022
12 3186.156462 7.807973
19 3130.313366 9.423803
17 3128.726280 9.469726
14 3229.282967 6.560099
19 3434.349386 0.626465
14 3220.200568 6.822900
12 3189.991854 7.696995
14 3229.771186 6.545973
16 3381.882477 2.144604
20 3443.532013 0.360764
12 3233.974442 6.424351
16 3131.545124 9.388162
12 3146.793101 8.946959
10 3339.777903 3.362908
12 3379.671057 2.208592
14 3415.274921 1.178388
11 3115.413765 9.854926
10 3295.986581 4.630018
18 3412.358075 1.262787
13 3403.296247 1.524993
18 3450.292870 0.165137
14 3146.502536 8.955366
12 3368.445450 2.533407
10 3175.487233 8.116689
17 3152.765361 8.774150
17 3394.850639 1.769368
13 3140.410111 9.131652
11 3139.953143 9.144874
18 3354.124701 2.947781
17 3373.792966 2.378676
13 3427.399681 0.827556
17 3335.631957 3.482872
13 3195.485883 7.538024
13 3375.381422 2.332713
18 3122.567682 9.647926
13 3163.031158 8.477108
12 3255.648947 5.797195
18 3373.865104 2.376588
18 3298.860074 4.546873
19 3408.424452 1.376607
14 3357.521135 2.849504
14 3312.669926 4.147282
12 3323.119237 3.844929
11 3380.655495 2.180107
14 3214.216744 6.996043
19 3407.285763 1.409555
18 3328.403706 3.692022
13 3178.713413 8.023339
13 3223.191656 6.736353
13 3273.904908 5.268955
10 3408.566766 1.372489
19 3443.778472 0.353632
14 3246.253917 6.069042
13 3145.763147 8.976761
16 3286.174944 4.913919
18 3453.288739 0.078451
13 3365.575503 2.616450
18 3422.664294 0.964575
14 3377.610743 2.268208
14 3388.722780 1.946679
11 3406.869221 1.421608
17 3328.870150 3.678526
16 3181.375054 7.946324
12 3237.696947 6.316639
18 3340.556151 3.340389
14 3385.426285 2.042064
13 3213.447287 7.018308
13 3345.693732 3.191732
11 3384.986425 2.054791
10 3126.144492 9.544430
14 3286.937202 4.891863
10 3135.832972 9.264092
12 3124.926842 9.579663
17 3365.020630 2.632505
10 3347.371348 3.143190
13 3148.194787 8.906401
14 3427.170064 0.834200
13 3134.808386 9.293739
12 3332.124041 3.584374
12 3345.153363 3.207368
17 3434.114931 0.633249
13 3207.366404 7.194259
16 3330.691819 3.625815
13 3324.084725 3.816993
20 3157.794347 8.628636
10 3189.937613 7.698564
14 3263.014194 5.584080
12 3414.802904 1.192046
18 3237.543166 6.321089
14 3245.204963 6.099393
16 3280.855392 5.067842
12 3219.644287 6.838996
16 3399.716278 1.628580
19 3300.093735 4.511177
13 3311.670232 4.176209
16 3402.467993 1.548959
12 3216.290984 6.936025
19 3421.572848 0.996156
18 3439.206494 0.485923
14 3343.654454 3.250739
11 3115.034366 9.865904
17 3371.568339 2.443046
17 3448.796241 0.208442
12 3301.653576 4.466042
11 3373.268139 2.393862
13 3271.722240 5.332111
13 3394.782327 1.771345
12 3424.332468 0.916306
13 3113.452734 9.911669
14 3288.347285 4.851062
13 3319.444034 3.951272
18 3357.609159 2.846957
17 3377.389731 2.274603
13 3364.296951 2.653445
12 3268.538161 5.424243
17 3398.136257 1.674298
16 3271.249963 5.345777
17 3256.488222 5.772910
14 3437.729979 0.528646
14 3297.877205 4.575312
14 3153.522145 8.752253
16 3385.330800 2.044826
17 3171.081369 8.244173
18 3156.122020 8.677025
18 3229.620704 6.550327
19 3240.778569 6.227472
16 3138.183221 9.196087
20 3434.536909 0.621039
17 3199.673159 7.416865
17 3389.327342 1.929186
17 3443.419014 0.364033
17 3409.411426 1.348049
17 3220.581330 6.811883
21 3153.446904 8.754430
