10 -6702.100242 6.385204
10 -6588.462952 4.581393
10 -6735.107219 6.909138
10 -6767.154741 7.417841
11 -6900.896058 9.540772
12 -6908.061746 9.654516
13 -6821.710759 8.283831
13 -6827.325374 8.372955
13 -6885.509803 9.296540
13 -6892.885374 9.413616
14 -6919.843397 9.841531
14 -6894.059079 9.432246
15 -6633.085022 5.289697
15 -6684.622034 6.107766
16 -6833.665770 8.473598
16 -6895.482818 9.454846
11 -6925.434727 9.930285
12 -6924.065564 9.908552
17 -6922.536935 9.884287
18 -6924.335742 9.912840
18 -6811.956158 8.128993
18 -6926.100510 9.940853
19 -6900.884916 9.540596
16 -6855.553368 8.821029
20 -6909.723971 9.680902
13 -6906.596079 9.631251
24 -6918.333014 9.817556
25 -6916.993741 9.796298
15 -6376.542020 1.217484
10 -6684.191654 6.100934
28 -6795.859523 7.873484
26 -6926.884424 9.953297
22 -6517.806283 3.459830
29 -6894.189708 9.434320
23 -6922.775876 9.888080
25 -6762.126161 7.338021
20 -6870.703739 9.061517
31 -6855.664581 8.822795
23 -6833.342657 8.468469
11 -6859.842694 8.889115
24 -6815.098895 8.178879
34 -6917.734849 9.808062
37 -6924.649752 9.917825
22 -6606.312789 4.864731
12 -6733.395510 6.881967
18 -6925.711661 9.934681
10 -6814.688840 8.172370
23 -6840.330904 8.579397
40 -6889.532859 9.360400
10 -6524.399356 3.564485
46 -6900.842352 9.539920
11 -6484.388886 2.929382
28 -6915.974699 9.780122
31 -6908.482075 9.661188
30 -6910.540459 9.693862
25 -6872.907287 9.096495
31 -6929.104854 9.988542
16 -6784.638175 7.695363
19 -6906.826475 9.634908
13 -6765.635624 7.393728
38 -6905.142148 9.608172
18 -6828.574272 8.392779
10 -6417.842610 1.873066
41 -6787.577437 7.742019
25 -6557.849824 4.095458
9 -6491.195711 3.037430
19 -6929.234171 9.990595
28 -6765.504068 7.391639
43 -6814.994452 8.177221
38 -6915.961630 9.779914
31 -6797.046497 7.892325
29 -6875.773611 9.141993
23 -6920.482887 9.851682
79 -6920.453681 9.851219
31 -6863.998653 8.955085
80 -6911.062230 9.702144
73 -6917.274587 9.800756
43 -6904.688537 9.600972
78 -6865.398912 8.977312
44 -6928.066750 9.972064
14 -6875.264124 9.133906
10 -6432.427935 2.104584
20 -6831.929420 8.446037
17 -6884.337971 9.277939
91 -6899.964140 9.525980
56 -6920.119503 9.845914
27 -6875.683280 9.140560
68 -6866.659904 8.997328
94 -6925.755525 9.935377
75 -6909.564484 9.678370
55 -6908.324261 9.658683
34 -6929.128439 9.988917
21 -6911.739336 9.712892
34 -6925.155377 9.925851
17 -6840.720953 8.585588
12 -6785.258471 7.705209
41 -6890.173931 9.370576
107 -6921.506360 9.867928
23 -6913.228203 9.736526
36 -6523.550920 3.551017
57 -6871.331671 9.071485
71 -6874.637719 9.123963
111 -6556.875747 4.079996
14 -6927.463752 9.962492
26 -6923.195605 9.894742
12 -6879.391046 9.199415
23 -6876.961398 9.160848
82 -6817.364615 8.214843
117 -6571.507294 4.312249
73 -6896.011256 9.463234
120 -6928.258217 9.975103
63 -6929.085508 9.988235
68 -6816.832048 8.206390
28 -6924.649620 9.917823
45 -6915.192261 9.767702
17 -6848.659932 8.711607
41 -6925.832297 9.936596
88 -6727.920224 6.795056
43 -6923.504873 9.899651
37 -6859.443705 8.882782
27 -6926.041838 9.939922
67 -6918.772159 9.824527
25 -6895.490348 9.454965
58 -6894.352402 9.436902
53 -6924.286179 9.912053
10 -6432.637010 2.107903
19 -6706.819226 6.460111
32 -6917.776872 9.808729
47 -6921.297997 9.864621
10 -6914.603784 9.758361
127 -6886.552611 9.313093
10 -6522.988222 3.542085
18 -6889.391463 9.358155
10 -6729.777208 6.824532
43 -6896.351014 9.468627
13 -6862.884787 8.937404
105 -6736.371884 6.929212
116 -6925.694535 9.934409
52 -6926.798238 9.951928
142 -6926.212058 9.942624
25 -6929.067030 9.987942
87 -6879.885199 9.207258
21 -6862.819553 8.936368
16 -6854.914226 8.810884
136 -6884.476488 9.280138
165 -6752.349743 7.182835
27 -6870.711395 9.061639
229 -6922.746798 9.887618
95 -6882.939605 9.255742
18 -6877.428328 9.168259
112 -6925.114405 9.925200
50 -6886.889597 9.318442
192 -6528.480717 3.629270
29 -6819.951535 8.255907
16 -6910.435155 9.692190
25 -6883.957555 9.271901
26 -6877.115000 9.163286
55 -6885.855621 9.302029
52 -6902.024381 9.558683
37 -6867.831545 9.015926
153 -6769.524549 7.455458
83 -6921.688173 9.870814
83 -6650.489360 5.565964
33 -6904.221425 9.593557
123 -6724.500679 6.740776
50 -6818.601098 8.234471
82 -6856.350626 8.833684
120 -6919.260143 9.832273
60 -6928.168846 9.973685
244 -6921.615908 9.869667
87 -6839.420297 8.564942
187 -6885.915188 9.302975
122 -6929.719447 9.998298
101 -6923.178932 9.894478
259 -6709.794525 6.507339
114 -6909.093545 9.670895
123 -6909.501507 9.677370
230 -6925.022730 9.923745
183 -6744.365755 7.056102
71 -6922.061593 9.876742
249 -6795.681400 7.870657
230 -6544.965791 3.890944
222 -6906.378049 9.627790
226 -6907.901018 9.651965
162 -6801.332789 7.960364
178 -6923.664240 9.902181
190 -6668.004270 5.843985
311 -6709.071008 6.495854
316 -6328.937228 0.461834
285 -6776.464245 7.565615
379 -6682.619155 6.075973
406 -6520.346223 3.500148
549 -6643.222793 5.450618
566 -6839.916250 8.572815
608 -6869.448253 9.041588
753 -6801.942915 7.970048
551 -6594.419180 4.675938
failed to find solution in 1200 iterations and 743 function evals
failed to find solution in 1200 iterations and 900 function evals
failed to find solution in 1200 iterations and 1020 function evals
