17 -2.186798 9.339891
17 -1.883745 5.812767
17 -1.931151 3.442433
17 -1.883380 5.830983
17 -1.844224 7.788808
17 -2.032752 1.637597
17 -1.911204 4.439780
17 -1.929888 3.505599
17 -1.857566 7.121700
19 -1.884938 5.753109
19 -1.847716 7.614187
19 -1.992927 0.353663
19 -1.869476 6.526201
18 -1.967510 1.624496
18 -1.876048 6.197613
19 -1.865639 6.718058
19 -2.145517 7.275848
18 -1.873111 6.344461
19 -1.871951 6.402427
19 -1.967528 1.623582
17 -1.928242 3.587917
19 -1.958356 2.082191
18 -2.176686 8.834323
22 -2.053091 2.654551
22 -1.883455 5.827273
19 -1.859815 7.009226
22 -1.853681 7.315933
22 -1.914504 4.274795
22 -2.117165 5.858260
22 -1.903877 4.806128
22 -1.865672 6.716403
22 -1.844084 7.795794
22 -1.903455 4.827253
21 -1.890208 5.489599
22 -1.877180 6.141022
22 -1.848117 7.594167
21 -1.842672 7.866422
21 -2.002735 0.136755
22 -1.878513 6.074335
21 -1.854064 7.296817
22 -1.856163 7.191831
23 -1.853044 7.347794
24 -1.889471 5.526428
26 -1.918437 4.078163
26 -1.847016 7.649225
26 -1.846653 7.667361
24 -1.857044 7.147810
29 -1.908598 4.570120
19 -2.047111 2.355570
17 -2.103672 5.183625
19 -1.892243 5.387832
17 -2.069789 3.489444
18 -1.855585 7.220775
19 -1.968482 1.575903
16 -1.873652 6.317390
22 -2.049148 2.457406
17 -1.997896 0.105225
17 -1.845278 7.736102
17 -2.084712 4.235625
22 -1.867485 6.625725
17 -2.185924 9.296197
17 -2.062889 3.144444
21 -1.951158 2.442101
16 -1.969959 1.502030
18 -1.857688 7.115592
22 -1.879996 6.000215
21 -1.905729 4.713549
22 -1.936823 3.158848
19 -2.116294 5.814711
19 -1.850112 7.494377
22 -1.924045 3.797734
22 -1.930874 3.456320
22 -1.856636 7.168206
15 -1.962378 1.881090
24 -1.948424 2.578803
19 -2.016935 0.846734
23 -1.859602 7.019913
23 -1.873055 6.347234
20 -1.853221 7.338934
22 -1.919546 4.022686
26 -1.861366 6.931698
25 -1.853871 7.306469
25 -1.843674 7.816321
24 -1.909755 4.512255
21 -1.878413 6.079340
24 -1.957653 2.117350
24 -1.917627 4.118629
22 -1.942486 2.875685
22 -1.946446 2.677720
26 -1.937176 3.141208
22 -1.905619 4.719032
24 -1.845455 7.727267
24 -1.857314 7.134311
19 -2.114361 5.718066
14 -1.876454 6.177305
15 -2.088638 4.431916
14 -1.846140 7.692997
15 -2.132060 6.603021
24 -1.843768 7.811577
11 -1.947747 2.612648
17 -2.102173 5.108670
17 -2.002436 0.121825
19 -1.879785 6.010766
35 -1.998400 0.079980
22 -1.885469 5.726557
21 -1.871738 6.413091
19 -1.888546 5.572684
24 -2.087658 4.382911
18 -1.847797 7.610128
22 -2.080403 4.020174
21 -1.896269 5.186564
22 -1.964036 1.798212
26 -1.866932 6.653391
20 -1.944326 2.783676
21 -1.885846 5.707689
17 -1.918842 4.057914
18 -2.190748 9.537402
26 -1.925943 3.702862
22 -2.037078 1.853890
24 -1.843678 7.816102
22 -1.931544 3.422799
22 -1.908263 4.586847
19 -2.184898 9.244903
23 -2.038295 1.914761
19 -1.847619 7.619028
24 -1.879610 6.019479
17 -1.924684 3.765807
24 -1.859269 7.036544
17 -1.926730 3.663519
22 -1.841392 7.930411
22 -1.904100 4.794981
19 -2.134934 6.746694
17 -2.026524 1.326222
22 -1.903206 4.839691
22 -1.894635 5.268247
22 -1.858479 7.076034
18 -1.860945 6.952754
15 -2.006092 0.304620
19 -1.841620 7.918999
18 -1.883251 5.837440
19 -1.864281 6.785943
15 -2.041484 2.074194
26 -1.847114 7.644323
22 -1.845641 7.717925
24 -1.920758 3.962111
18 -1.851838 7.408116
19 -1.923368 3.831609
22 -1.949135 2.543260
25 -1.866737 6.663125
18 -1.841181 7.940937
17 -2.127475 6.373740
18 -1.903345 4.832764
19 -2.078081 3.904070
22 -1.856528 7.173604
19 -1.846616 7.669221
29 -1.847872 7.606389
21 -2.078946 3.947295
22 -1.976523 1.173843
17 -1.964120 1.794002
29 -1.882443 5.877867
23 -1.841718 7.914105
19 -1.850479 7.476052
19 -1.844999 7.750066
22 -1.881803 5.909835
19 -1.933394 3.330282
22 -2.026588 1.329416
19 -1.902387 4.880626
22 -1.843794 7.810311
21 -1.858283 7.085852
19 -1.882367 5.881640
23 -1.870872 6.456420
26 -1.896013 5.199326
22 -1.858632 7.068416
16 -1.842980 7.851022
19 -1.916454 4.177292
24 -1.844924 7.753790
23 -1.871243 6.437835
22 -1.844312 7.784416
18 -1.845868 7.706611
25 -1.850233 7.488334
26 -1.886590 5.670519
17 -2.096979 4.848972
22 -1.843516 7.824184
22 -1.843254 7.837296
25 -1.854864 7.256806
26 -1.977225 1.138739
24 -1.893917 5.304153
22 -1.849867 7.506645
22 -1.846185 7.690775
26 -1.863771 6.811462
24 -1.856937 7.153164
24 -1.849101 7.544925
21 -1.886667 5.666670
22 -1.849064 7.546805
22 -1.857296 7.135176
26 -1.851086 7.445690
23 -1.913391 4.330429
26 -1.858366 7.081704
29 -1.854162 7.291875
28 -1.879857 6.007174
