7 -41.628877 8.979742
7 -41.578822 8.848703
8 -39.486031 3.370009
8 -38.463135 0.692183
8 -39.767593 4.107109
8 -40.221351 5.294997
8 -41.520335 8.695589
8 -40.711068 6.577021
9 -41.269609 8.039219
9 -39.997884 4.709985
9 -39.202656 2.628166
9 -40.268473 5.418357
9 -41.830481 9.507517
9 -40.582712 6.240998
9 -41.643504 9.018033
9 -38.810773 1.602262
9 -39.377100 3.084842
8 -40.602125 6.291819
11 -39.506618 3.423904
11 -40.184765 5.199219
11 -39.976282 4.653433
11 -41.616598 8.947595
11 -41.447625 8.505244
11 -39.627189 3.739547
8 -41.829487 9.504916
9 -39.673910 3.861858
8 -40.297055 5.493180
8 -40.050999 4.849035
12 -41.197763 7.851133
12 -38.758044 1.464221
12 -38.921558 1.892284
12 -39.572171 3.595514
12 -39.231184 2.702850
12 -38.822806 1.633761
12 -39.470653 3.329754
12 -39.863387 4.357885
12 -39.426440 3.214007
12 -39.470320 3.328881
12 -39.094220 2.344292
7 -40.600698 6.288085
8 -41.941327 9.797700
8 -41.246600 7.978984
11 -40.593319 6.268768
13 -39.172280 2.548645
13 -40.237903 5.338328
13 -39.841030 4.299358
13 -40.734709 6.638910
8 -41.465451 8.551911
13 -41.930397 9.769086
13 -38.834756 1.665044
13 -39.299913 2.882774
13 -39.212974 2.655177
12 -41.998576 9.947572
9 -38.667974 1.228430
11 -41.820872 9.482364
8 -40.984669 7.293278
11 -39.258408 2.774120
15 -38.554147 0.930442
9 -40.940558 7.177801
9 -40.384433 5.721925
13 -40.445925 5.882905
12 -41.404908 8.393416
13 -39.221366 2.677147
9 -41.879807 9.636649
16 -38.707752 1.332563
16 -40.852839 6.948161
16 -40.692878 6.529402
16 -40.613603 6.321867
11 -39.576756 3.607518
9 -41.371231 8.305253
9 -39.487964 3.375071
9 -39.732083 4.014146
13 -40.982332 7.287158
11 -41.976552 9.889916
12 -40.227592 5.311334
11 -39.751862 4.065927
11 -41.819635 9.479126
7 -40.372407 5.690444
8 -39.841141 4.299649
12 -40.067657 4.892643
9 -41.194214 7.841843
12 -40.987989 7.301968
9 -39.513154 3.441015
11 -41.150709 7.727951
13 -38.868806 1.754185
12 -39.792992 4.173601
14 -40.773475 6.740396
12 -40.994620 7.319328
8 -40.952951 7.210242
7 -39.442367 3.255704
9 -38.250572 0.135718
12 -40.294490 5.486465
12 -38.819653 1.625507
12 -38.782727 1.528840
13 -39.866457 4.365924
19 -40.540519 6.130542
11 -41.670544 9.088821
8 -41.304997 8.131859
13 -40.865880 6.982302
12 -40.876490 7.010076
12 -41.836793 9.524042
11 -41.940050 9.794357
9 -40.092160 4.956789
15 -39.413763 3.180821
15 -38.965762 2.008005
15 -39.064726 2.267081
15 -41.870525 9.612349
7 -40.167098 5.152968
9 -41.155840 7.741383
9 -40.125148 5.043147
9 -38.828615 1.648968
13 -40.549619 6.154364
8 -41.916976 9.733952
13 -38.941867 1.945449
12 -39.521323 3.462400
12 -38.947798 1.960976
7 -41.474032 8.574375
15 -38.851230 1.708173
15 -39.308622 2.905573
13 -41.868056 9.605885
13 -39.643705 3.782784
16 -38.574048 0.982541
12 -39.382173 3.098121
12 -40.386870 5.728306
15 -38.772100 1.501020
11 -40.223476 5.300560
9 -38.688269 1.281560
18 -40.922947 7.131697
11 -40.732163 6.632243
9 -38.759034 1.466813
12 -39.012547 2.130483
12 -41.729852 9.244082
13 -41.515052 8.681760
9 -39.083768 2.316930
12 -39.928002 4.527041
15 -40.729862 6.626221
15 -39.765341 4.101212
9 -39.363092 3.048170
9 -40.186191 5.202950
12 -39.641813 3.777830
9 -41.913443 9.724704
9 -39.048434 2.224431
15 -38.472498 0.716694
7 -40.744370 6.664200
12 -38.275070 0.199851
12 -39.184715 2.581200
11 -38.970083 2.019315
15 -39.363323 3.048774
13 -38.705409 1.326428
12 -40.566952 6.199740
8 -40.993093 7.315330
11 -39.533355 3.493899
12 -41.209667 7.882297
9 -41.691785 9.144429
9 -38.957361 1.986011
15 -38.917167 1.880789
11 -39.005010 2.110751
16 -39.140852 2.466370
11 -40.323756 5.563080
12 -39.712721 3.963460
7 -39.957246 4.603599
19 -40.797756 6.803960
9 -41.047421 7.457555
8 -41.588691 8.874540
9 -40.037447 4.813556
11 -40.728099 6.621606
12 -39.083331 2.315786
8 -41.107491 7.614810
12 -39.483173 3.362527
13 -40.350222 5.632365
9 -39.755852 4.076372
12 -41.021317 7.389218
11 -41.013858 7.369692
9 -39.053410 2.237457
12 -39.222388 2.679823
11 -39.921845 4.510922
9 -40.614312 6.323723
12 -40.026208 4.784134
15 -40.227584 5.311313
16 -38.448414 0.653646
13 -40.892532 7.052072
9 -39.386720 3.110025
9 -41.902759 9.696735
11 -39.644661 3.785286
11 -40.441492 5.871301
15 -38.234210 0.092883
13 -39.982875 4.670691
12 -40.109721 5.002760
17 -40.957726 7.222744
13 -38.955461 1.981038
13 -38.927316 1.907358
12 -40.284663 5.460738
11 -39.102734 2.366581
12 -40.156517 5.125269
15 -39.120480 2.413039
12 -41.332411 8.203626
12 -39.234496 2.711519
15 -40.983429 7.290030
16 -38.549605 0.918552
16 -41.003315 7.342090
