15 13.840977 7.726819
15 13.851481 7.656792
16 13.611739 9.255073
16 14.357297 4.284685
16 13.620120 9.199199
17 14.141836 5.721091
17 14.411091 3.926059
17 14.328202 4.478653
18 13.638302 9.077985
18 14.145053 5.699648
18 14.495731 3.361797
18 14.055301 6.297993
19 13.955118 6.965882
20 14.349773 4.334848
20 14.097428 6.017144
20 14.225367 5.164221
21 14.149830 5.667797
20 14.660067 2.266219
22 14.163982 5.573451
22 14.224515 5.169903
22 14.546727 3.021821
19 13.990705 6.728631
22 14.793022 1.379851
22 14.536244 3.091705
22 13.660076 8.932824
22 14.121162 5.858921
18 14.316613 4.555916
23 14.678745 2.141702
23 14.618639 2.542405
23 14.336641 4.422395
20 14.042835 6.381099
24 14.355410 4.297266
24 14.637089 2.419406
24 14.535745 3.095031
14 13.773051 8.179658
24 14.554673 2.968846
24 14.215149 5.232343
24 14.711772 1.921521
24 14.610538 2.596412
24 14.562618 2.915879
24 14.299128 4.672483
20 14.058390 6.277399
25 14.435698 3.762015
20 14.267212 4.885254
16 14.040116 6.399229
19 14.570400 2.864003
26 14.459452 3.603655
26 14.636113 2.425913
26 14.463625 3.575833
18 14.484656 3.435623
21 14.712309 1.917941
23 14.042924 6.380506
22 14.392942 4.047056
27 14.738501 1.743327
18 14.227124 5.152504
28 14.760043 1.599714
25 14.454278 3.638144
28 14.805023 1.299850
28 14.878885 0.807431
28 14.563925 2.907165
17 13.615622 9.229190
19 14.105560 5.962935
19 13.666241 8.891725
16 13.845510 7.696603
19 13.678478 8.810146
19 14.076002 6.159987
19 13.931202 7.125319
23 14.342994 4.380041
23 14.842105 1.052635
31 14.876532 0.823123
26 14.400285 3.998103
24 14.081996 6.120027
24 14.574034 2.839776
20 14.249018 5.006545
28 14.279279 4.804807
26 14.727991 1.813395
32 14.830591 1.129396
21 13.902534 7.316439
19 14.754503 1.636649
22 14.671265 2.191568
23 13.831456 7.790290
20 14.439727 3.735154
18 13.698256 8.678292
16 13.981857 6.787618
22 14.349321 4.337857
22 14.664597 2.236021
22 14.379850 4.134335
24 14.503698 3.308683
24 14.692124 2.052504
19 14.312332 4.584452
16 14.632432 2.450454
19 14.446401 3.690663
15 13.704489 8.636739
25 14.551038 2.993081
23 14.973576 0.176158
23 14.660572 2.262851
22 13.769734 8.201773
22 14.589811 2.734596
22 14.591898 2.720683
15 14.012629 6.582476
20 14.364742 4.235054
23 14.372513 4.183249
23 14.500063 3.332914
20 14.623098 2.512679
18 14.937204 0.418639
18 13.548092 9.679389
26 14.887397 0.750684
23 14.475923 3.493844
22 14.690357 2.064290
19 14.538957 3.073623
18 14.063871 6.240858
20 14.127064 5.819571
19 13.828764 7.808242
23 13.550023 9.666512
19 14.003413 6.643916
22 14.524707 3.168619
30 14.001344 6.657708
23 14.325515 4.496568
20 13.916341 7.224391
18 13.564887 9.567422
26 14.755148 1.632350
19 14.116604 5.889310
17 13.990351 6.730993
26 14.422356 3.850963
20 14.489550 3.402999
19 14.075704 6.161974
20 13.754904 8.300638
19 14.080727 6.128488
25 14.196223 5.358515
18 14.082136 6.119096
20 13.940974 7.060175
22 13.820713 7.861911
19 14.020119 6.532540
22 14.116152 5.892320
24 14.668760 2.208270
22 14.304826 4.634493
23 14.902615 0.649234
22 14.516675 3.222167
17 14.483885 3.440768
22 14.173505 5.509969
20 14.808523 1.276510
22 14.330428 4.463812
23 13.832930 7.780464
17 14.404301 3.971326
18 14.194786 5.368093
20 14.053393 6.310715
30 13.797688 8.015414
25 14.463856 3.574292
26 14.473059 3.512939
23 14.622431 2.517128
26 13.817516 7.883224
22 14.682938 2.113749
22 14.213061 5.246259
20 14.309588 4.602745
18 14.616112 2.559254
25 14.436761 3.754927
21 13.786022 8.093185
25 14.010485 6.596764
29 14.491294 3.391373
23 14.629332 2.471120
24 14.617462 2.550254
20 14.698220 2.011865
20 14.919192 0.538720
19 14.625497 2.496686
19 14.648042 2.346387
24 14.440578 3.729482
19 13.610063 9.266247
25 14.692096 2.052690
20 14.265285 4.898102
17 13.784654 8.102304
18 14.176726 5.488492
23 14.484064 3.439574
22 14.290279 4.731472
21 14.388111 4.079262
18 13.966835 6.887767
17 14.307139 4.619076
17 14.094814 6.034576
24 14.715275 1.898166
23 14.608788 2.608078
19 14.256548 4.956344
23 14.601545 2.656365
24 14.693220 2.045200
21 13.825914 7.827239
19 14.535941 3.093727
27 14.269659 4.868942
23 14.552786 2.981424
31 14.475907 3.493951
25 14.633736 2.441762
25 14.449873 3.667511
24 13.930079 7.132808
24 14.566085 2.892767
24 14.397056 4.019628
23 14.602802 2.647984
27 14.703836 1.974429
27 14.751946 1.653696
25 14.688214 2.078571
27 14.498310 3.344597
27 14.774809 1.501275
30 14.638417 2.410556
40 14.613430 2.577132
