11 -1.040405 4.040478
11 -1.066783 6.678296
24 -1.054074 5.407399
24 -1.049685 4.968464
25 -1.087863 8.786255
25 -1.096859 9.685909
17 -1.045605 4.560477
22 -1.080769 8.076928
22 -1.053912 5.391244
18 -1.025058 2.505781
19 -1.061139 6.113908
25 -1.041340 4.133980
12 -1.033355 3.335538
25 -1.036420 3.641992
26 -1.050906 5.090640
31 -1.062146 6.214587
32 -1.038248 3.824827
30 -1.032487 3.248705
34 -1.062636 6.263592
30 -1.028974 2.897442
30 -1.019560 1.956001
13 -1.063115 6.311515
31 -1.017799 1.779878
31 -1.065237 6.523695
31 -1.037299 3.729899
19 -1.041037 4.103663
32 -1.029590 2.959007
33 -1.018579 1.857894
34 -1.044777 4.477696
39 -1.091636 9.163553
22 -1.039574 3.957372
35 -1.030254 3.025408
14 -1.079181 7.918061
14 -1.027963 2.796298
14 -1.025452 2.545216
37 -1.022035 2.203507
37 -1.033110 3.311004
42 -1.089882 8.988158
43 -1.089153 8.915287
45 -1.091480 9.148047
43 -1.022564 2.256413
44 -1.020793 2.079348
44 -1.022318 2.231791
45 -1.027785 2.778466
20 -1.050823 5.082313
21 -1.061275 6.127543
48 -1.018124 1.812387
49 -1.023373 2.337325
26 -1.028833 2.883267
25 -1.017822 1.782243
12 -1.058194 5.819386
23 -1.046210 4.621008
12 -1.025099 2.509888
32 -1.046162 4.616242
13 -1.070794 7.079375
20 -1.033301 3.330096
23 -1.041186 4.118555
22 -1.034065 3.406530
27 -1.089069 8.906917
23 -1.084203 8.420276
41 -1.088212 8.821151
28 -1.060959 6.095910
13 -1.050541 5.054105
13 -1.042380 4.238009
19 -1.036516 3.651619
33 -1.056124 5.612428
36 -1.021718 2.171807
19 -1.080300 8.030048
24 -1.050390 5.039047
19 -1.050509 5.050933
71 -1.018276 1.827609
32 -1.099941 9.994134
40 -1.016987 1.698703
34 -1.021723 2.172280
37 -1.061086 6.108608
44 -1.025900 2.589963
38 -1.034030 3.402987
11 -1.071499 7.149945
49 -1.090901 9.090077
37 -1.034270 3.426991
26 -1.033502 3.350220
27 -1.036725 3.672525
42 -1.081587 8.158678
32 -1.031618 3.161792
27 -1.045243 4.524255
49 -1.029680 2.968036
23 -1.019689 1.968949
18 -1.048421 4.842059
60 -1.072408 7.240761
26 -1.042125 4.212509
36 -1.016480 1.647983
28 -1.016859 1.685936
19 -1.095314 9.531387
16 -1.052923 5.292335
32 -1.068870 6.886960
51 -1.050425 5.042499
33 -1.027518 2.751821
33 -1.072663 7.266277
51 -1.017780 1.777972
28 -1.063764 6.376413
20 -1.018599 1.859861
58 -1.021026 2.102561
37 -1.093154 9.315378
12 -1.032918 3.291758
19 -1.030740 3.073975
10 -1.082276 8.227571
40 -1.018393 1.839340
64 -1.065229 6.522894
12 -1.048497 4.849709
32 -1.024709 2.470854
18 -1.080937 8.093670
31 -1.056766 5.676632
30 -1.039616 3.961608
26 -1.023746 2.374591
17 -1.056259 5.625889
14 -1.033694 3.369399
13 -1.048518 4.851753
17 -1.099727 9.972652
37 -1.027837 2.783688
33 -1.088058 8.805807
22 -1.034509 3.450900
12 -1.036759 3.675931
33 -1.033801 3.380060
38 -1.060274 6.027401
22 -1.022113 2.211280
26 -1.028937 2.893716
15 -1.025268 2.526837
14 -1.091565 9.156490
30 -1.046314 4.631371
19 -1.082876 8.287635
46 -1.025465 2.546482
34 -1.033367 3.336709
43 -1.018338 1.833849
39 -1.047032 4.703218
35 -1.073169 7.316861
12 -1.089307 8.930666
33 -1.021126 2.112575
12 -1.073240 7.323983
18 -1.047605 4.760512
33 -1.031658 3.165841
25 -1.027873 2.787266
9 -1.076780 7.678044
25 -1.034630 3.462985
19 -1.044560 4.455988
42 -1.025501 2.550138
13 -1.040334 4.033355
28 -1.072292 7.229243
31 -1.030142 3.014227
27 -1.040731 4.073123
51 -1.031044 3.104445
18 -1.045823 4.582300
44 -1.060427 6.042668
16 -1.039994 3.999353
25 -1.069148 6.914809
19 -1.094254 9.425406
43 -1.018535 1.853489
24 -1.036127 3.612667
29 -1.040820 4.082002
64 -1.099392 9.939173
10 -1.054697 5.469728
33 -1.040470 4.046963
13 -1.056827 5.682671
31 -1.052189 5.218919
14 -1.088594 8.859408
44 -1.025106 2.510604
35 -1.034461 3.446112
32 -1.035885 3.588461
15 -1.043483 4.348347
21 -1.027860 2.785990
30 -1.032553 3.255347
20 -1.059924 5.992356
24 -1.025662 2.566242
12 -1.071469 7.146889
31 -1.060708 6.070774
23 -1.063700 6.369995
14 -1.041950 4.194977
45 -1.028072 2.807189
44 -1.088284 8.828409
37 -1.058492 5.849152
11 -1.085788 8.578761
52 -1.035090 3.508956
22 -1.027713 2.771348
12 -1.044821 4.482094
39 -1.074460 7.446029
41 -1.021271 2.127134
15 -1.038741 3.874072
59 -1.062171 6.217110
12 -1.075790 7.578988
18 -1.031065 3.106545
56 -1.023287 2.328689
16 -1.037936 3.793561
48 -1.034797 3.479717
39 -1.023148 2.314843
46 -1.023079 2.307944
40 -1.037819 3.781895
43 -1.021394 2.139388
39 -1.047660 4.765978
30 -1.017522 1.752192
18 -1.037554 3.755433
20 -1.026816 2.681613
