20 -0.017164 9.888010
20 -0.016877 8.052759
21 -0.017002 8.852928
21 -0.016885 8.100597
21 -0.017071 9.289910
22 -0.016854 7.903321
22 -0.016275 4.196605
22 -0.015676 0.361442
22 -0.016205 3.750878
22 -0.015667 0.303226
22 -0.017173 9.944923
22 -0.015712 0.593873
22 -0.015688 0.441609
22 -0.016218 3.828953
22 -0.016747 7.219235
22 -0.016084 2.975437
22 -0.016223 3.861119
22 -0.015960 2.182517
22 -0.016399 4.990671
23 -0.016984 8.733007
23 -0.015670 0.323490
23 -0.015697 0.494973
23 -0.015685 0.420599
23 -0.015688 0.440609
23 -0.016211 3.787480
23 -0.015659 0.255291
23 -0.015710 0.579582
23 -0.015701 0.522047
23 -0.015685 0.421592
23 -0.015668 0.308270
21 -0.016871 8.011997
23 -0.015686 0.422964
23 -0.015722 0.658029
23 -0.015711 0.587098
23 -0.015713 0.598431
23 -0.015739 0.767639
24 -0.015740 0.772400
24 -0.016527 5.812472
20 -0.015830 1.348405
25 -0.016775 7.395291
25 -0.015695 0.482674
25 -0.015736 0.746050
23 -0.015691 0.455336
21 -0.016401 5.001796
25 -0.015768 0.950422
22 -0.016054 2.778896
26 -0.016369 4.797176
26 -0.017004 8.861194
22 -0.016612 6.353018
21 -0.015990 2.373971
26 -0.015727 0.689029
22 -0.015835 1.379879
20 -0.017139 9.726527
26 -0.016122 3.219484
22 -0.015829 1.341407
22 -0.016848 7.864643
27 -0.015644 0.157912
24 -0.015699 0.506798
22 -0.016795 7.523062
23 -0.015664 0.287538
22 -0.015998 2.422256
23 -0.015689 0.447467
23 -0.017165 9.894671
23 -0.015709 0.574723
22 -0.015680 0.385346
22 -0.015923 1.941613
25 -0.015681 0.390878
23 -0.015698 0.500876
23 -0.016355 4.706439
28 -0.015719 0.636002
23 -0.016116 3.179607
28 -0.015681 0.396162
24 -0.015869 1.595032
23 -0.015799 1.150084
24 -0.016126 3.239905
22 -0.016213 3.796633
21 -0.016473 5.465179
25 -0.015714 0.602132
22 -0.016433 5.208104
22 -0.015773 0.980830
24 -0.015699 0.509399
22 -0.016872 8.019275
25 -0.016049 2.750803
22 -0.016079 2.943533
26 -0.015697 0.495008
23 -0.016231 3.912258
22 -0.016763 7.320572
22 -0.015814 1.246546
26 -0.015701 0.522540
21 -0.016468 5.434238
21 -0.015996 2.412939
21 -0.017060 9.224605
22 -0.016129 3.261725
23 -0.016261 4.103831
23 -0.016085 2.982358
27 -0.016142 3.346722
22 -0.016770 7.368026
20 -0.016823 7.706650
23 -0.016091 3.017177
23 -0.016642 6.545637
23 -0.015799 1.146422
24 -0.016340 4.610747
21 -0.016089 3.005688
27 -0.015694 0.474750
23 -0.017089 9.408971
22 -0.015849 1.470606
23 -0.016515 5.730852
27 -0.016843 7.835622
21 -0.016898 8.186888
23 -0.015703 0.535938
23 -0.015692 0.466037
24 -0.016769 7.359622
28 -0.015689 0.443685
31 -0.015663 0.278601
22 -0.015679 0.382162
22 -0.016736 7.149577
24 -0.015684 0.414016
26 -0.016774 7.392022
24 -0.015691 0.455563
23 -0.015978 2.292232
27 -0.016938 8.440438
26 -0.015899 1.786741
27 -0.015755 0.865858
28 -0.015815 1.248793
24 -0.016052 2.766905
23 -0.015668 0.311712
24 -0.017107 9.522269
23 -0.015717 0.622973
22 -0.016417 5.102951
23 -0.016124 3.227440
32 -0.015664 0.284163
23 -0.015685 0.422192
21 -0.017056 9.194294
26 -0.016871 8.009177
23 -0.015729 0.699421
22 -0.015808 1.208084
25 -0.015790 1.093341
26 -0.016275 4.197271
24 -0.016876 8.045082
22 -0.015706 0.550536
27 -0.015710 0.576785
24 -0.015719 0.637343
24 -0.015702 0.528837
27 -0.015671 0.329422
25 -0.016943 8.471366
27 -0.015679 0.383787
27 -0.016765 7.335240
23 -0.017134 9.698432
23 -0.016295 4.327028
22 -0.015805 1.185955
25 -0.015778 1.015652
26 -0.015670 0.325903
22 -0.016347 4.660660
23 -0.015685 0.417407
27 -0.015730 0.709087
19 -0.016266 4.138716
23 -0.015774 0.989387
29 -0.016076 2.923542
22 -0.015840 1.411047
22 -0.016492 5.586539
26 -0.015681 0.394037
23 -0.015644 0.159775
25 -0.015752 0.850500
22 -0.016882 8.082511
26 -0.015705 0.546389
24 -0.015704 0.543264
21 -0.016243 3.992683
25 -0.015672 0.333336
25 -0.015656 0.231137
22 -0.015796 1.131586
23 -0.016756 7.279140
27 -0.015745 0.804855
28 -0.015684 0.411926
24 -0.015960 2.179623
22 -0.017124 9.630803
24 -0.015667 0.303417
22 -0.015701 0.521474
34 -0.016213 3.797678
23 -0.015654 0.218000
29 -0.016556 5.997277
22 -0.016306 4.396411
23 -0.015859 1.532750
25 -0.016317 4.463710
24 -0.015693 0.468895
27 -0.015763 0.919062
32 -0.015968 2.228955
25 -0.015703 0.534489
25 -0.016042 2.707336
25 -0.015682 0.403101
25 -0.016565 6.050224
28 -0.015688 0.441428
27 -0.015658 0.245622
31 -0.015842 1.422702
27 -0.015681 0.391598
29 -0.016862 7.957520
27 -0.016469 5.437574
27 -0.015682 0.402149
28 -0.016518 5.749397
33 -0.015955 2.145425
29 -0.015806 1.193439
