13 -1.078278 7.827798
16 -1.053009 5.300863
16 -1.011304 1.130448
17 -1.016520 1.651972
17 -1.097440 9.744045
18 -1.073828 7.382753
19 -1.081841 8.184085
20 -1.070662 7.066235
22 -1.084005 8.400526
22 -1.091041 9.104084
23 -1.070351 7.035089
24 -1.084288 8.428775
20 -1.009359 0.935922
25 -1.032194 3.219355
25 -1.053669 5.366907
26 -1.045298 4.529821
26 -1.086135 8.613462
26 -1.002005 0.200516
26 -1.021323 2.132329
13 -1.076951 7.695146
28 -1.078948 7.894770
28 -1.050701 5.070106
28 -1.053927 5.392707
29 -1.068897 6.889669
29 -1.036142 3.614210
29 -1.085866 8.586566
29 -1.060264 6.026426
29 -1.077228 7.722845
29 -1.010292 1.029246
29 -1.024314 2.431387
29 -1.027295 2.729468
29 -1.052418 5.241752
14 -1.067265 6.726471
30 -1.095876 9.587649
30 -1.081527 8.152676
30 -1.050280 5.028018
30 -1.048268 4.826808
30 -1.091344 9.134412
30 -1.010723 1.072316
30 -1.010133 1.013261
30 -1.094911 9.491135
31 -1.049831 4.983127
31 -1.006432 0.643207
31 -1.058814 5.881415
31 -1.014449 1.444881
31 -1.026327 2.632732
32 -1.033362 3.336172
25 -1.039847 3.984744
32 -1.060391 6.039131
32 -1.019769 1.976855
32 -1.037436 3.743571
13 -1.042282 4.228183
13 -1.011702 1.170222
34 -1.030742 3.074234
28 -1.056109 5.610935
16 -1.014834 1.483407
13 -1.090976 9.097619
29 -1.043277 4.327683
16 -1.094760 9.476037
13 -1.090751 9.075147
28 -1.072070 7.206978
29 -1.019555 1.955548
12 -1.008691 0.869051
19 -1.013025 1.302486
29 -1.066023 6.602301
28 -1.028677 2.867721
20 -1.073267 7.326743
20 -1.074425 7.442478
19 -1.011981 1.198127
16 -1.046247 4.624665
29 -1.020305 2.030533
30 -1.009286 0.928590
26 -1.098563 9.856342
23 -1.054238 5.423850
24 -1.092170 9.217013
28 -1.080933 8.093322
23 -1.090603 9.060276
29 -1.036591 3.659070
28 -1.052847 5.284679
24 -1.087518 8.751837
26 -1.088396 8.839581
26 -1.043486 4.348638
14 -1.036613 3.661256
29 -1.056915 5.691539
26 -1.031499 3.149897
24 -1.099879 9.987896
29 -1.063765 6.376471
25 -1.090269 9.026931
25 -1.068822 6.882157
19 -1.078054 7.805442
31 -1.051419 5.141940
28 -1.091348 9.134849
30 -1.084611 8.461063
30 -1.021157 2.115654
31 -1.021298 2.129752
30 -1.055641 5.564078
31 -1.046162 4.616197
28 -1.068504 6.850405
30 -1.011567 1.156678
14 -1.084686 8.468608
22 -1.088448 8.844761
31 -1.076719 7.671900
19 -1.048410 4.841010
20 -1.041982 4.198196
28 -1.002167 0.216650
30 -1.011101 1.110149
16 -1.091452 9.145153
28 -1.092768 9.276801
30 -1.066385 6.638535
29 -1.096883 9.688251
12 -1.053608 5.360848
26 -1.054418 5.441806
31 -1.071313 7.131298
28 -1.046031 4.603091
29 -1.074926 7.492611
24 -1.031073 3.107305
28 -1.093562 9.356196
30 -1.066522 6.652201
31 -1.021819 2.181900
32 -1.039740 3.974023
13 -1.005793 0.579314
25 -1.020523 2.052288
30 -1.028701 2.870103
28 -1.044324 4.432404
24 -1.039444 3.944420
25 -1.060726 6.072622
25 -1.042834 4.283377
26 -1.096730 9.673031
20 -1.077054 7.705442
29 -1.024227 2.422710
29 -1.079535 7.953512
30 -1.033008 3.300779
31 -1.000219 0.021914
26 -1.096178 9.617794
25 -1.042116 4.211593
13 -1.051764 5.176398
30 -1.012906 1.290614
30 -1.004400 0.439983
29 -1.049928 4.992806
28 -1.077255 7.725465
25 -1.085885 8.588538
19 -1.021901 2.190051
22 -1.069685 6.968485
11 -1.059169 5.916923
22 -1.074825 7.482504
24 -1.066700 6.669973
25 -1.084873 8.487293
30 -1.026479 2.647941
28 -1.040059 4.005930
28 -1.095844 9.584416
16 -1.025326 2.532647
17 -1.079636 7.963584
30 -1.021205 2.120517
23 -1.047231 4.723113
30 -1.092770 9.276995
28 -1.078330 7.832964
14 -1.068679 6.867862
29 -1.086508 8.650810
30 -1.084351 8.435104
29 -1.071948 7.194797
16 -1.040264 4.026411
29 -1.003987 0.398727
20 -1.065277 6.527716
28 -1.047300 4.730002
14 -1.077336 7.733595
19 -1.053597 5.359671
16 -1.045690 4.568967
16 -1.013640 1.363963
31 -1.030977 3.097703
30 -1.066091 6.609077
19 -1.066237 6.623696
34 -1.091224 9.122368
31 -1.066835 6.683470
29 -1.066623 6.662250
20 -1.044843 4.484265
22 -1.048954 4.895379
32 -1.006790 0.678998
22 -1.024016 2.401574
29 -1.062125 6.212507
19 -1.034635 3.463540
25 -1.051035 5.103478
36 -1.040433 4.043318
28 -1.049696 4.969550
34 -1.027280 2.727984
30 -1.098509 9.850930
31 -1.015928 1.592822
24 -1.090827 9.082654
29 -1.002344 0.234424
28 -1.087989 8.798859
25 -1.088391 8.839068
29 -1.072464 7.246427
28 -1.088777 8.877730
30 -1.020381 2.038141
31 -1.063956 6.395555
31 -1.009744 0.974371
29 -1.046581 4.658144
29 -1.042027 4.202716
29 -1.034182 3.418188
35 -1.008258 0.825788
32 -1.002200 0.220011
