13 0.927475 7.252518
15 0.954523 4.547660
16 0.906679 9.332148
17 0.908130 9.186979
17 0.901237 9.876342
19 0.904370 9.563048
19 0.962486 3.751431
19 0.973022 2.697846
19 0.932951 6.704917
19 0.949804 5.019566
19 0.918134 8.186606
20 0.932334 6.766562
20 0.925075 7.492478
20 0.969076 3.092359
20 0.959737 4.026289
20 0.971487 2.851322
21 0.960652 3.934807
23 0.932288 6.771248
39 0.964743 3.525709
23 0.949053 5.094679
23 0.968455 3.154523
23 0.968220 3.178007
38 0.958365 4.163546
39 0.950628 4.937155
38 0.965472 3.452831
24 0.973678 2.632160
24 0.929411 7.058929
24 0.970018 2.998184
24 0.978829 2.117124
24 0.902294 9.770619
25 0.954209 4.579102
25 0.963827 3.617346
27 0.981367 1.863295
43 0.972064 2.793597
27 0.951521 4.847902
31 0.928503 7.149721
28 0.912731 8.726863
28 0.981569 1.843112
28 0.956313 4.368674
17 0.949146 5.085432
15 0.908427 9.157304
29 0.960874 3.912578
29 0.975701 2.429930
29 0.970669 2.933113
21 0.971108 2.889247
29 0.967386 3.261377
29 0.957805 4.219514
41 0.982321 1.767901
17 0.951399 4.860092
15 0.905163 9.483665
21 0.956571 4.342852
17 0.902243 9.775652
32 0.984247 1.575335
20 0.946054 5.394647
47 0.975800 2.419956
19 0.938825 6.117451
24 0.971985 2.801473
35 0.981472 1.852798
17 0.963270 3.672980
36 0.959799 4.020117
35 0.939298 6.070168
19 0.978308 2.169201
19 0.944476 5.552358
19 0.944906 5.509373
24 0.966810 3.319029
23 0.950908 4.909152
40 0.968265 3.173511
20 0.943733 5.626703
44 0.971034 2.896632
19 0.932435 6.756487
20 0.966902 3.309834
21 0.940696 5.930415
27 0.944469 5.553055
17 0.939087 6.091303
23 0.964240 3.576044
28 0.966415 3.358453
40 0.928697 7.130340
24 0.964884 3.511606
16 0.968813 3.118684
34 0.945934 5.406627
19 0.959474 4.052567
21 0.965949 3.405139
16 0.916653 8.334676
23 0.957150 4.285020
23 0.974298 2.570242
17 0.964386 3.561416
23 0.980320 1.967975
35 0.938953 6.104747
28 0.931224 6.877551
23 0.940146 5.985399
45 0.975025 2.497541
17 0.972991 2.700873
25 0.960447 3.955281
24 0.958627 4.137255
42 0.960190 3.981013
27 0.928333 7.166674
24 0.967073 3.292746
17 0.908947 9.105326
43 0.974799 2.520130
16 0.906615 9.338473
42 0.981127 1.887297
29 0.976487 2.351294
16 0.906361 9.363916
36 0.976990 2.300981
21 0.971546 2.845423
28 0.975344 2.465584
25 0.967315 3.268540
42 0.984749 1.525081
19 0.961039 3.896098
24 0.914371 8.562912
24 0.952958 4.704246
36 0.954551 4.544946
21 0.935576 6.442410
19 0.913658 8.634156
23 0.977232 2.276845
17 0.945642 5.435814
42 0.972917 2.708260
30 0.916214 8.378555
21 0.938209 6.179114
25 0.967345 3.265452
16 0.929342 7.065834
38 0.976378 2.362200
41 0.974743 2.525729
21 0.921685 7.831545
32 0.978191 2.180911
35 0.985164 1.483586
17 0.918965 8.103460
32 0.974424 2.557642
28 0.967048 3.295191
20 0.935168 6.483244
16 0.965527 3.447336
33 0.958154 4.184609
17 0.927308 7.269184
19 0.913855 8.614517
23 0.979769 2.023118
20 0.941675 5.832478
13 0.913188 8.681176
49 0.975279 2.472079
41 0.980799 1.920141
27 0.955226 4.477431
43 0.973855 2.614502
25 0.958320 4.168014
23 0.956902 4.309837
28 0.978943 2.105662
27 0.968144 3.185593
23 0.960558 3.944193
19 0.952616 4.738437
20 0.942935 5.706542
39 0.968330 3.167035
38 0.972710 2.728961
20 0.958969 4.103077
33 0.915018 8.498175
19 0.904478 9.552159
21 0.981512 1.848782
24 0.975825 2.417503
24 0.934640 6.535959
40 0.961291 3.870890
28 0.949658 5.034237
20 0.940461 5.953867
24 0.924791 7.520864
41 0.981692 1.830801
41 0.970508 2.949202
45 0.983606 1.639380
19 0.938365 6.163513
24 0.931011 6.898919
17 0.917899 8.210088
25 0.970847 2.915341
43 0.983042 1.695821
21 0.970210 2.978951
13 0.932858 6.714177
61 0.985645 1.435545
35 0.968761 3.123924
39 0.968555 3.144494
25 0.956169 4.383084
17 0.975441 2.455893
20 0.943321 5.667852
33 0.983122 1.687762
34 0.962828 3.717183
48 0.980703 1.929708
23 0.955200 4.479991
21 0.975862 2.413761
24 0.974180 2.581985
23 0.955846 4.415384
27 0.981291 1.870881
20 0.939134 6.086559
32 0.981113 1.888655
19 0.924389 7.561107
23 0.922901 7.709945
23 0.964300 3.570038
44 0.971201 2.879942
43 0.973614 2.638555
27 0.962309 3.769078
44 0.974818 2.518175
28 0.965621 3.437915
33 0.985652 1.434778
42 0.973707 2.629271
27 0.935615 6.438478
32 0.986388 1.361192
31 0.980996 1.900442
47 0.975477 2.452324
