7 97.303989 2.657074
7 95.202975 4.758929
7 91.018564 8.945014
7 94.626052 5.336082
7 94.716366 5.245732
7 90.810615 9.153046
7 96.673331 3.287984
7 94.066671 5.895687
7 92.404791 7.558233
7 94.167538 5.794780
7 92.459430 7.503572
7 92.480163 7.482830
7 95.250516 4.711369
7 92.211527 7.751574
7 95.015459 4.946519
7 98.539629 1.420940
7 92.443196 7.519812
7 91.735383 8.227909
8 95.338115 4.623735
8 90.569537 9.394221
8 92.044582 7.918585
8 96.550081 3.411284
8 93.625200 6.337335
8 99.048549 0.911816
8 93.907019 6.055403
8 90.551174 9.412592
8 95.750471 4.211214
7 93.648782 6.313744
7 91.610995 8.352346
7 93.506591 6.455991
7 96.635905 3.325425
7 96.502323 3.459060
7 92.897652 7.065174
7 93.599367 6.363178
9 90.915473 9.048146
9 91.492720 8.470669
9 91.753141 8.210143
9 98.344387 1.616260
9 91.167669 8.795849
9 97.695452 2.265454
7 95.922776 4.038839
7 92.775543 7.187332
7 98.170180 1.790536
8 90.155756 9.808167
8 92.803566 7.159298
8 92.435662 7.527349
8 98.276989 1.683684
7 97.490116 2.470872
8 94.558274 5.403887
7 90.982760 8.980832
7 97.990155 1.970633
8 92.704719 7.258184
8 92.723718 7.239178
8 99.172183 0.788132
8 94.147694 5.814632
7 93.303662 6.659001
7 92.583395 7.379557
11 97.701874 2.259030
11 96.178583 3.782930
11 90.081421 9.882532
11 90.507630 9.456152
8 93.862653 6.099787
8 91.833185 8.130067
7 99.532418 0.427753
7 95.599527 4.362218
9 92.459638 7.503363
8 91.456767 8.506636
8 95.353085 4.608759
7 98.209073 1.751628
8 95.478077 4.483716
7 91.943942 8.019266
8 94.608049 5.354093
12 90.208075 9.755827
7 94.357285 5.604957
11 91.318801 8.644657
11 96.035131 3.926439
8 95.667555 4.294163
8 96.175113 3.786401
9 94.960335 5.001666
7 99.255431 0.704851
7 98.500568 1.460016
13 95.083441 4.878511
8 97.807670 2.153191
7 96.766427 3.194851
11 99.508713 0.451467
7 95.059560 4.902401
7 91.729380 8.233913
7 95.435698 4.526113
9 91.399187 8.564239
8 98.497418 1.463167
8 94.734901 5.227190
7 96.631377 3.329955
7 94.190409 5.771900
7 92.171319 7.791798
8 96.947968 3.013237
8 94.134117 5.828215
11 95.016445 4.945534
7 93.132295 6.830437
11 93.100466 6.862279
9 91.593705 8.369643
7 96.649206 3.312119
7 90.523428 9.440348
11 96.043174 3.918393
12 91.116686 8.846853
7 96.451431 3.509973
14 95.417151 4.544667
7 92.902122 7.060702
7 97.116117 2.845021
7 93.482283 6.480309
8 99.326125 0.634129
7 91.068994 8.894564
9 94.058497 5.903864
7 97.299001 2.662063
13 91.042301 8.921267
7 91.319751 8.643707
7 97.232615 2.728477
7 99.919882 0.040134
16 91.655614 8.307709
15 92.866623 7.096215
8 94.142298 5.820030
8 94.341275 5.620974
7 98.736492 1.223998
7 92.801203 7.161661
11 90.686403 9.277307
7 96.912258 3.048961
13 90.990232 8.973357
11 91.158051 8.805471
7 93.121964 6.840772
12 90.581238 9.382515
15 90.690081 9.273628
15 94.150840 5.811485
9 93.663004 6.299516
9 98.802407 1.158056
8 98.460687 1.499913
7 92.207864 7.755238
8 96.199232 3.762273
7 96.406260 3.555162
9 91.740477 8.222812
9 91.651503 8.311821
7 92.378645 7.584389
7 99.154969 0.805353
8 96.380684 3.580749
7 91.265203 8.698277
11 90.459210 9.504592
7 98.134172 1.826558
7 97.482742 2.478250
19 93.914535 6.047885
19 90.264250 9.699630
19 92.858264 7.104578
19 98.889336 1.071092
19 90.552244 9.411520
8 90.232667 9.731225
7 99.613391 0.346748
8 90.264844 9.699036
8 91.870478 8.092759
11 90.329661 9.634192
19 92.281515 7.681557
7 99.137913 0.822416
7 90.516789 9.446989
8 94.892523 5.069505
7 93.441941 6.520667
12 96.292956 3.668511
9 96.508833 3.452548
19 96.543305 3.418063
9 94.141979 5.820349
9 92.389381 7.573649
22 99.097112 0.863233
12 92.052314 7.910850
16 98.297979 1.662686
9 95.958858 4.002743
9 95.527688 4.434085
15 93.041085 6.921684
11 90.711784 9.251917
11 90.790011 9.173658
13 90.968806 8.994792
12 91.382726 8.580706
24 91.142176 8.821353
23 98.919114 1.041303
12 90.442039 9.521770
16 95.346179 4.615667
19 96.270344 3.691132
15 90.084626 9.879325
13 91.229549 8.733944
23 97.960451 2.000349
20 92.009887 7.953294
27 96.091291 3.870258
16 92.365001 7.598038
16 93.599380 6.363166
18 90.889586 9.074044
21 90.059368 9.904594
19 90.661727 9.301994
18 95.026207 4.935767
17 90.785397 9.178275
20 90.310668 9.653193
23 90.105200 9.858743
29 90.536684 9.427086
25 91.304846 8.658618
23 99.445005 0.515201
31 91.214881 8.748619
27 91.579974 8.383379
