11 4.404920 3.944063
11 4.428534 3.429134
11 4.162336 9.233974
11 4.137394 9.777871
11 4.298358 6.267818
11 4.174642 8.965625
11 4.154146 9.412574
12 4.147330 9.561197
12 4.418535 3.647165
12 4.279192 6.685757
13 4.170859 9.048119
13 4.226690 7.830643
13 4.299257 6.248199
13 4.290539 6.438316
13 4.487856 2.135510
13 4.403310 3.979172
14 4.314381 5.918409
12 4.375910 4.576680
14 4.435581 3.275456
14 4.163841 9.201164
14 4.348851 5.166737
16 4.232719 7.699162
16 4.361802 4.884316
16 4.194759 8.526944
17 4.160753 9.268492
17 4.362384 4.871628
17 4.228653 7.787835
17 4.186667 8.703402
18 4.180404 8.839976
11 4.201983 8.369405
19 4.145046 9.611000
16 4.185888 8.720379
16 4.258392 7.139331
13 4.238304 7.577369
17 4.146018 9.589821
13 4.371590 4.670881
17 4.263440 7.029254
22 4.278167 6.708116
12 4.324309 5.701917
14 4.360574 4.911107
16 4.190361 8.622858
18 4.188985 8.652848
13 4.361938 4.881349
12 4.408600 3.863810
28 4.226390 7.837178
25 4.131384 9.908922
28 4.190823 8.612769
23 4.303193 6.162387
12 4.169701 9.073375
29 4.134436 9.842370
24 4.152409 9.450445
30 4.172357 9.015455
12 4.384846 4.381800
24 4.242776 7.479852
24 4.300912 6.212111
28 4.133585 9.860930
29 4.225866 7.848616
17 4.351008 5.119707
12 4.182177 8.801309
22 4.220707 7.961108
10 4.227295 7.817452
28 4.297885 6.278134
34 4.162933 9.220962
32 4.160404 9.276098
19 4.377310 4.546140
13 4.430236 3.392014
37 4.127340 9.997120
13 4.450649 2.946877
36 4.168633 9.096669
34 4.160160 9.281432
26 4.172604 9.010063
18 4.372686 4.646975
14 4.445184 3.066050
18 4.128090 9.980753
25 4.209210 8.211827
26 4.152521 9.448011
23 4.204807 8.307822
23 4.163782 9.202444
41 4.130229 9.934115
12 4.400666 4.036823
14 4.384635 4.386411
47 4.254480 7.224641
18 4.213549 8.117192
42 4.182197 8.800868
47 4.171240 9.039806
16 4.397865 4.097902
25 4.155744 9.377720
46 4.160565 9.272600
14 4.155082 9.392163
49 4.215986 8.064068
30 4.149006 9.524664
33 4.131871 9.898311
13 4.236376 7.619432
14 4.368797 4.731792
22 4.256823 7.173542
36 4.247243 7.382454
11 4.289894 6.452382
32 4.145741 9.595853
35 4.131756 9.900824
41 4.186186 8.713888
25 4.133208 9.869154
23 4.183751 8.766984
36 4.292370 6.398381
16 4.245958 7.410475
18 4.137976 9.765189
18 4.147925 9.548241
13 4.161431 9.253702
13 4.132905 9.875756
36 4.154165 9.412153
48 4.202711 8.353547
13 4.383961 4.401117
37 4.169680 9.073819
23 4.149152 9.521473
34 4.143279 9.649546
53 4.129353 9.953211
16 4.159327 9.299594
16 4.130836 9.920887
14 4.312578 5.957730
24 4.168530 9.098900
21 4.230789 7.741250
13 4.214700 8.092099
12 4.282707 6.609096
26 4.227125 7.821148
29 4.228512 7.790914
75 4.197340 8.470651
55 4.178357 8.884606
18 4.203032 8.346533
47 4.172960 9.002306
36 4.185939 8.719278
62 4.199145 8.431300
45 4.325453 5.676970
18 4.216133 8.060860
41 4.136714 9.792702
24 4.167563 9.119983
11 4.318639 5.825551
20 4.183836 8.765135
25 4.352597 5.085044
14 4.366881 4.773566
36 4.152254 9.453821
13 4.508898 1.676677
16 4.159920 9.286667
23 4.174390 8.971112
58 4.130342 9.931653
failed to find solution after reaching max emtpy limit -- 54 iterations and 20 function evals
18 4.293727 6.368792
14 4.140503 9.710078
25 4.431458 3.365372
23 4.256356 7.183720
62 4.133693 9.858571
23 4.181905 8.807235
48 4.270008 6.886032
12 4.378717 4.515468
16 4.167300 9.125719
16 4.162419 9.232168
97 4.131700 9.902034
40 4.374800 4.600870
25 4.349263 5.157751
64 4.165500 9.164989
20 4.171670 9.030431
18 4.192564 8.574810
failed to find solution after reaching max emtpy limit -- 88 iterations and 38 function evals
47 4.248299 7.359412
28 4.252165 7.275110
failed to find solution after reaching max emtpy limit -- 48 iterations and 30 function evals
31 4.136481 9.797782
40 4.234908 7.651441
114 4.347978 5.185781
48 4.169011 9.088418
62 4.135753 9.813667
69 4.348803 5.167778
47 4.137868 9.767531
failed to find solution after reaching max emtpy limit -- 54 iterations and 27 function evals
25 4.140128 9.718248
failed to find solution after reaching max emtpy limit -- 147 iterations and 46 function evals
62 4.173796 8.984065
failed to find solution after reaching max emtpy limit -- 89 iterations and 31 function evals
49 4.184795 8.744213
69 4.407450 3.888895
92 4.129045 9.959928
56 4.219934 7.977970
78 4.237738 7.589719
86 4.249324 7.337070
86 4.316524 5.871671
80 4.159926 9.286540
85 4.152899 9.439758
80 4.164071 9.196152
84 4.163710 9.204024
88 4.172547 9.011303
failed to find solution after reaching max emtpy limit -- 378 iterations and 75 function evals
130 4.221607 7.941491
165 4.139478 9.732420
143 4.239463 7.552114
192 4.149151 9.521494
215 4.137444 9.776791
177 4.232917 7.694860
failed to find solution in 1200 iterations and 223 function evals
261 4.147231 9.563372
failed to find solution in 1200 iterations and 240 function evals
failed to find solution in 1200 iterations and 232 function evals
failed to find solution in 1200 iterations and 230 function evals
