9 -333.429796 8.786230
15 -320.612560 4.604424
15 -336.431645 9.765626
18 -332.682596 8.542446
16 -326.332342 6.470585
19 -330.874987 7.952687
17 -325.426565 6.175062
21 -322.574975 5.244690
18 -331.433049 8.134763
19 -321.907519 5.026923
19 -331.611122 8.192862
19 -333.456948 8.795089
17 -333.093014 8.676350
17 -326.488003 6.521371
18 -326.092336 6.392279
21 -321.144876 4.778100
19 -333.502589 8.809980
21 -331.663058 8.209807
19 -332.074328 8.343990
19 -323.428520 5.523171
22 -322.684407 5.280394
23 -331.899330 8.286894
17 -326.619788 6.564368
22 -327.893349 6.979885
22 -333.834747 8.918352
23 -325.492258 6.196495
24 -333.568892 8.831612
21 -323.750169 5.628114
21 -322.416547 5.193001
21 -325.058434 6.054954
23 -327.507245 6.853914
22 -335.350472 9.412878
22 -327.311561 6.790069
23 -330.163811 7.720656
24 -328.818221 7.281638
24 -331.157826 8.044968
23 -329.746813 7.584605
24 -325.457839 6.185266
24 -334.152914 9.022158
25 -323.147941 5.431628
26 -326.514580 6.530043
26 -336.735251 9.864682
26 -323.078486 5.408968
13 -330.140934 7.713192
25 -329.737110 7.581439
25 -328.353482 7.130010
26 -324.952585 6.020419
26 -330.824222 7.936125
27 -324.104027 5.743565
18 -326.768448 6.612871
27 -336.984721 9.946075
16 -334.076471 8.997217
21 -325.349138 6.149800
14 -325.949313 6.345616
21 -336.475890 9.780062
16 -323.846353 5.659495
18 -327.481169 6.845406
19 -322.931659 5.361063
21 -336.258076 9.708997
22 -328.694202 7.241175
21 -330.307263 7.767459
22 -325.822212 6.304147
22 -326.402018 6.493317
25 -335.361158 9.416365
21 -334.808764 9.236138
17 -324.773387 5.961953
23 -335.685139 9.522068
25 -326.242297 6.441206
22 -336.789541 9.882395
23 -335.708809 9.529791
22 -327.028161 6.697606
17 -323.579935 5.572573
19 -332.302061 8.418291
20 -324.474663 5.864490
22 -336.589767 9.817216
15 -321.922933 5.031952
17 -323.046691 5.398594
20 -328.403417 7.146302
22 -329.734278 7.580515
20 -326.244870 6.442046
20 -335.144508 9.345680
17 -325.917834 6.335345
26 -325.470485 6.189391
24 -333.564810 8.830281
24 -326.026179 6.370695
24 -335.372092 9.419932
25 -322.985665 5.378683
20 -335.715872 9.532095
21 -331.526109 8.165125
19 -321.579283 4.919831
22 -327.032562 6.699041
24 -336.995865 9.949711
25 -335.020096 9.305088
29 -322.785072 5.313237
26 -333.945900 8.954617
25 -330.354789 7.782966
25 -332.744597 8.562674
23 -327.124975 6.729192
21 -329.692769 7.566972
23 -331.766698 8.243621
24 -329.926893 7.643358
25 -323.112197 5.419967
17 -325.861272 6.316891
19 -330.124578 7.707856
27 -333.963040 8.960209
20 -336.254145 9.707714
20 -326.334331 6.471234
16 -327.084067 6.715846
20 -334.146985 9.020224
26 -330.074965 7.691669
20 -336.948731 9.934333
23 -334.401440 9.103243
23 -324.144567 5.756792
25 -325.162476 6.088899
22 -326.243710 6.441667
25 -323.978664 5.702663
23 -323.612981 5.583354
20 -324.553339 5.890159
21 -329.390122 7.468229
27 -329.438520 7.484020
15 -326.480744 6.519003
19 -335.515723 9.466794
24 -332.791696 8.578041
24 -330.195331 7.730940
23 -325.184670 6.096140
26 -331.104064 8.027427
26 -336.421606 9.762351
27 -324.830768 5.980675
26 -325.779742 6.290291
20 -325.489093 6.195463
20 -337.044231 9.965491
20 -329.341152 7.452252
22 -333.234092 8.722379
27 -326.733689 6.601530
22 -332.880233 8.606927
25 -322.203047 5.123343
26 -331.715126 8.226795
24 -328.716753 7.248533
16 -325.692612 6.261864
20 -325.713546 6.268694
22 -326.271125 6.450612
25 -326.482374 6.519535
20 -323.202252 5.449348
22 -329.994378 7.665376
22 -327.919126 6.988296
27 -326.198328 6.426861
25 -334.393384 9.100615
21 -327.773835 6.940892
17 -325.300006 6.133770
26 -332.136405 8.364243
19 -329.414190 7.476081
20 -336.052901 9.642056
20 -334.281385 9.064074
27 -327.212756 6.757832
18 -329.733671 7.580317
23 -334.143356 9.019039
19 -328.048503 7.030507
24 -324.678924 5.931134
21 -321.244446 4.810586
26 -327.137242 6.733195
24 -334.776008 9.225451
24 -331.487408 8.152499
26 -325.340523 6.146990
21 -333.692922 8.872079
17 -330.124685 7.707891
25 -330.013470 7.671605
23 -327.959067 7.001327
25 -321.701053 4.959561
21 -336.330715 9.732697
20 -333.534692 8.820454
21 -336.025579 9.633142
21 -323.906827 5.679226
24 -326.068730 6.384577
23 -327.697737 6.916064
23 -331.845089 8.269197
26 -324.663218 5.926009
16 -327.619350 6.890489
25 -325.595552 6.230196
23 -328.240365 7.093104
24 -336.543607 9.802156
21 -334.568494 9.157747
25 -333.264612 8.732337
24 -326.630932 6.568004
19 -324.467322 5.862095
25 -327.804775 6.950987
22 -320.931199 4.708385
25 -327.429926 6.828687
20 -323.786657 5.640018
26 -325.290119 6.130545
22 -329.096751 7.372513
19 -334.846544 9.248464
24 -331.735804 8.233541
26 -321.082502 4.757749
25 -325.939163 6.342304
25 -332.982934 8.640435
22 -331.269543 8.081417
24 -331.015360 7.998486
29 -325.221040 6.108007
24 -326.957274 6.674478
27 -331.277687 8.084074
