24 -0.121546 9.391401
25 -0.121938 9.744207
26 -0.122146 9.931201
26 -0.119939 7.945322
26 -0.120226 8.203468
26 -0.117935 6.141309
26 -0.121525 9.372933
27 -0.117605 5.844418
27 -0.119141 7.226632
27 -0.118729 6.855802
28 -0.120574 8.516462
28 -0.117447 5.702136
28 -0.117864 6.077885
28 -0.117615 5.853341
29 -0.118704 6.833986
29 -0.117124 5.411209
29 -0.118918 7.026572
29 -0.117385 5.646789
29 -0.121272 9.144700
29 -0.119384 7.445436
29 -0.116699 5.028735
29 -0.118948 7.052960
29 -0.120312 8.280465
30 -0.116551 4.896245
30 -0.119826 7.843412
30 -0.116968 5.271641
31 -0.118074 6.266476
31 -0.115282 3.754007
31 -0.114559 3.103528
31 -0.114188 2.769575
32 -0.118356 6.520727
32 -0.117136 5.421989
33 -0.117042 5.338125
33 -0.115636 4.072698
33 -0.121734 9.560544
35 -0.114831 3.348199
34 -0.115342 3.807351
35 -0.113920 2.527863
35 -0.116131 4.518037
35 -0.115204 3.683870
35 -0.120197 8.177061
36 -0.115665 4.098793
37 -0.115099 3.589506
38 -0.114140 2.725605
38 -0.116989 5.290483
39 -0.112848 1.562828
25 -0.120122 8.109378
42 -0.117697 5.927571
26 -0.118845 6.960209
45 -0.113096 1.786355
30 -0.117109 5.398080
27 -0.120036 8.032475
27 -0.117462 5.716030
25 -0.122106 9.895727
26 -0.121113 9.001570
31 -0.116853 5.167301
27 -0.119641 7.676560
29 -0.121718 9.545862
29 -0.119427 7.484589
30 -0.115587 4.027999
29 -0.118290 6.460994
32 -0.115398 3.857952
30 -0.118308 6.477449
33 -0.119799 7.818725
31 -0.117789 6.010076
31 -0.116908 5.217364
27 -0.120974 8.876838
35 -0.114127 2.714435
33 -0.115426 3.883098
28 -0.117376 5.638460
30 -0.114708 3.236831
26 -0.122204 9.983238
27 -0.119135 7.221587
33 -0.116482 4.833357
32 -0.120641 8.576652
35 -0.121994 9.794519
26 -0.119111 7.199519
37 -0.116457 4.811060
30 -0.118986 7.087067
31 -0.115165 3.648134
35 -0.115033 3.530034
36 -0.116862 5.176139
29 -0.119766 7.789332
32 -0.115831 4.248030
35 -0.113849 2.463991
36 -0.116476 4.828169
32 -0.115353 3.817283
41 -0.113803 2.423072
27 -0.121271 9.143808
36 -0.114713 3.241862
32 -0.115963 4.366519
28 -0.118124 6.311440
38 -0.117977 6.178943
39 -0.113593 2.233309
32 -0.120226 8.203819
27 -0.121737 9.562986
29 -0.119178 7.260176
37 -0.113810 2.429092
26 -0.119347 7.412740
28 -0.118907 7.015911
30 -0.115997 4.397494
25 -0.120896 8.806462
29 -0.120883 8.794298
35 -0.119331 7.397687
32 -0.118933 7.039771
41 -0.120958 8.862433
32 -0.115208 3.687318
29 -0.115847 4.262461
29 -0.119876 7.888065
30 -0.117012 5.310783
33 -0.115902 4.311640
35 -0.119027 7.124172
29 -0.116858 5.172593
27 -0.117805 6.024675
32 -0.114385 2.946757
29 -0.120095 8.085271
31 -0.117798 6.018611
31 -0.117668 5.901190
33 -0.117234 5.510374
31 -0.117810 6.028911
36 -0.114942 3.447923
31 -0.115614 4.052318
31 -0.118174 6.356973
34 -0.115615 4.053577
34 -0.115575 4.017747
31 -0.120675 8.607580
31 -0.120074 8.066714
33 -0.117144 5.429311
39 -0.113571 2.214105
36 -0.120791 8.711620
27 -0.119935 7.941486
32 -0.117898 6.108551
30 -0.118042 6.238086
33 -0.118245 6.420928
26 -0.117889 6.100259
25 -0.121048 8.942801
29 -0.117131 5.417928
28 -0.117964 6.167517
30 -0.116041 4.437010
32 -0.116189 4.570235
42 -0.114551 3.095755
26 -0.118971 7.073992
29 -0.118985 7.086514
35 -0.117009 5.308341
39 -0.114035 2.631813
25 -0.120255 8.229945
25 -0.121140 9.026416
26 -0.120218 8.196397
33 -0.120522 8.469821
25 -0.120510 8.458550
25 -0.120254 8.228384
26 -0.121664 9.497691
32 -0.118987 7.088036
32 -0.114680 3.211587
28 -0.119973 7.975421
27 -0.121126 9.013541
33 -0.119817 7.834940
35 -0.115365 3.828409
32 -0.118490 6.641183
30 -0.115614 4.052703
24 -0.120591 8.532124
39 -0.116034 4.430653
31 -0.122033 9.829327
31 -0.116702 5.031932
25 -0.120202 8.181383
31 -0.118914 7.022712
27 -0.119134 7.220311
35 -0.115129 3.616514
32 -0.118757 6.881206
33 -0.116050 4.444976
37 -0.115305 3.774502
37 -0.113478 2.130056
35 -0.122079 9.871389
24 -0.120915 8.823463
36 -0.121646 9.481565
35 -0.114048 2.643026
36 -0.120559 8.503000
34 -0.115064 3.557572
29 -0.115418 3.876311
30 -0.117884 6.095514
29 -0.121795 9.615702
32 -0.114732 3.258798
36 -0.115186 3.666970
32 -0.115446 3.901375
36 -0.115322 3.789580
31 -0.118605 6.744168
34 -0.114950 3.454758
26 -0.118997 7.097315
36 -0.113821 2.439232
31 -0.115066 3.559669
28 -0.118247 6.422676
39 -0.113293 1.963587
32 -0.117810 6.029297
30 -0.115735 4.161887
33 -0.117216 5.494546
36 -0.113323 1.990271
35 -0.113409 2.067794
35 -0.114008 2.607186
35 -0.120983 8.884985
37 -0.113316 1.984387
