22 21.291521 5.903881
26 21.910424 3.168693
24 20.412909 9.786835
26 22.066870 2.477289
27 22.571042 0.249145
67 21.445328 5.224143
29 21.795317 3.677397
29 21.829447 3.526561
109 22.214149 1.826405
28 22.409890 0.961344
113 21.397643 5.434883
113 21.422720 5.324058
120 21.211679 6.256737
117 21.894750 3.237962
118 21.193506 6.337053
130 21.877824 3.312765
136 21.784161 3.726701
138 22.117548 2.253322
141 22.189033 1.937404
139 21.924215 3.107745
155 22.542119 0.376966
20 21.377521 5.523813
156 22.028672 2.646105
155 22.308613 1.408930
143 22.487331 0.619100
157 22.179493 1.979564
146 21.488290 5.034279
155 21.755053 3.855343
160 21.992748 2.804866
10 20.787084 8.133199
165 21.655187 4.296691
164 22.167585 2.032188
21 21.771330 3.783404
171 21.493418 5.011614
178 21.862894 3.378747
115 21.531105 4.845062
176 21.867153 3.359925
184 21.732329 3.955769
93 20.788609 8.126460
139 21.978500 2.867837
20 20.400268 9.842702
26 21.037345 7.027190
198 22.316283 1.375031
200 21.934973 3.060201
21 21.485413 5.046991
21 20.759847 8.253573
219 22.061107 2.502762
204 22.165468 2.041545
218 22.123892 2.225288
227 22.330718 1.311235
227 22.323511 1.343086
168 22.000873 2.768959
133 21.338208 5.697551
23 21.381193 5.507583
149 22.307442 1.414103
169 22.200981 1.884599
161 21.892677 3.247121
223 22.061638 2.500412
119 22.410916 0.956808
115 21.717258 4.022373
116 21.658546 4.281844
256 22.155222 2.086826
131 21.008120 7.156348
142 22.200979 1.884607
152 21.697236 4.110859
155 21.857568 3.402284
204 22.009159 2.732340
127 21.781832 3.736994
278 22.264598 1.603446
185 22.020671 2.681463
141 21.755795 3.852061
93 20.864752 7.789952
205 22.249296 1.671076
22 21.378243 5.520622
173 21.964990 2.927543
19 20.387485 9.899195
149 21.635241 4.384838
300 22.275872 1.553622
23 21.719463 4.012627
289 22.359000 1.186247
26 22.190123 1.932583
133 21.815396 3.588660
198 21.979734 2.862381
272 21.359836 5.601968
202 22.099051 2.335068
20 20.891552 7.671510
29 21.555605 4.736785
87 21.254682 6.066688
209 22.110477 2.284574
330 22.329581 1.316260
113 22.060370 2.506019
193 22.166285 2.037936
24 22.410605 0.958184
216 22.314756 1.381780
110 21.350200 5.644555
346 22.562950 0.284906
246 22.208560 1.851106
158 21.899848 3.215432
261 22.354952 1.204135
176 22.082993 2.406036
122 22.442415 0.817599
158 22.049909 2.552247
196 21.960571 2.947072
327 22.462414 0.729217
215 21.975140 2.882686
236 22.334137 1.296125
161 21.593530 4.569177
115 22.264640 1.603263
158 21.887405 3.270424
111 22.599250 0.124482
165 22.175917 1.995367
244 22.200062 1.888661
268 22.372684 1.125773
298 22.197530 1.899849
197 22.158724 2.071348
400 22.430581 0.869898
135 22.026095 2.657491
166 22.179184 1.980927
143 22.140708 2.150970
37 22.396906 1.018722
167 22.420816 0.913057
167 21.691038 4.138250
269 22.251083 1.663177
31 22.474090 0.677614
106 21.875995 3.320847
213 22.489096 0.611299
261 22.427487 0.883575
161 21.870794 3.343834
158 21.785024 3.722887
112 21.821660 3.560976
187 22.135324 2.174765
20 21.382357 5.502439
20 20.905143 7.611447
178 21.879963 3.303313
18 22.329369 1.317198
202 22.083544 2.403602
20 20.874684 7.746060
298 22.460919 0.735825
22 21.797091 3.669559
172 22.053948 2.534397
91 21.221553 6.213102
30 21.455218 5.180438
325 22.296141 1.464045
278 22.389767 1.050277
179 21.924579 3.106135
129 21.463805 5.142487
166 21.722677 3.998423
160 21.711453 4.048027
368 22.245002 1.690053
177 22.105832 2.305102
190 22.359212 1.185311
100 21.560527 4.715034
253 22.357993 1.190698
126 21.543486 4.790343
229 22.402989 0.991839
129 21.964034 2.931767
150 21.893288 3.244422
128 21.906615 3.185527
138 21.271462 5.992530
187 21.500678 4.979528
204 22.218751 1.806066
351 22.520991 0.470343
159 22.172575 2.010138
25 21.317991 5.786898
178 22.178721 1.982977
178 22.225264 1.777281
136 21.958562 2.955948
307 22.088358 2.382328
136 21.996648 2.787633
175 21.831931 3.515587
115 22.095654 2.350083
320 22.575677 0.228660
278 22.302759 1.434798
117 21.652247 4.309683
30 22.294515 1.471235
213 22.075690 2.438313
290 22.369610 1.139358
141 21.628402 4.415064
269 22.112307 2.276486
234 22.114271 2.267806
210 22.348948 1.230670
354 22.563124 0.284138
146 21.609862 4.497001
170 22.009158 2.732346
168 21.838551 3.486326
267 22.395255 1.026021
233 22.430513 0.870200
303 22.459676 0.741318
346 22.191646 1.925856
238 22.105516 2.306497
240 22.330837 1.310709
289 22.411419 0.954584
331 22.265604 1.599003
262 22.394813 1.027975
331 22.145776 2.128571
312 22.397936 1.014173
280 22.472082 0.686489
317 22.420435 0.914740
429 22.388278 1.056856
437 22.235296 1.732947
