10 -1.054347 5.434704
12 -1.085600 8.559999
12 -1.072473 7.247269
12 -1.097902 9.790178
15 -1.079884 7.988372
15 -1.062830 6.282988
15 -1.095241 9.524105
15 -1.067147 6.714671
15 -1.088752 8.875192
15 -1.093250 9.325040
15 -1.043714 4.371398
15 -1.033600 3.359953
15 -1.078832 7.883183
15 -1.062844 6.284391
17 -1.037853 3.785346
17 -1.091539 9.153853
17 -1.098953 9.895327
17 -1.051792 5.179152
17 -1.057136 5.713632
17 -1.092144 9.214445
17 -1.067121 6.712055
17 -1.067183 6.718270
19 -1.040088 4.008774
15 -1.086837 8.683743
19 -1.027923 2.792323
19 -1.053565 5.356511
19 -1.076066 7.606556
19 -1.057490 5.749026
10 -1.068397 6.839704
19 -1.023748 2.374794
19 -1.059018 5.901758
19 -1.054367 5.436705
19 -1.062526 6.252571
19 -1.053238 5.323801
19 -1.051770 5.177036
19 -1.054173 5.417272
19 -1.052917 5.291651
19 -1.061586 6.158624
19 -1.074759 7.475890
19 -1.028336 2.833579
19 -1.048182 4.818165
22 -1.078858 7.885813
22 -1.037266 3.726610
22 -1.047895 4.789480
22 -1.057089 5.708892
22 -1.080418 8.041784
12 -1.092861 9.286127
12 -1.087663 8.766252
10 -1.091809 9.180866
24 -1.093033 9.303330
15 -1.078899 7.889934
17 -1.067171 6.717060
24 -1.016187 1.618696
24 -1.049738 4.973804
24 -1.048547 4.854670
19 -1.065082 6.508190
17 -1.059098 5.909774
15 -1.085797 8.579712
12 -1.052420 5.241984
12 -1.064689 6.468856
17 -1.060014 6.001443
17 -1.090132 9.013214
15 -1.073988 7.398833
17 -1.096968 9.696785
19 -1.045746 4.574588
15 -1.094984 9.498408
12 -1.085131 8.513071
22 -1.040745 4.074465
15 -1.086346 8.634614
12 -1.091318 9.131797
17 -1.076022 7.602233
15 -1.067611 6.761124
17 -1.040484 4.048419
22 -1.040279 4.027855
17 -1.090534 9.053407
19 -1.030980 3.097956
19 -1.036671 3.667139
22 -1.067019 6.701899
22 -1.075158 7.515821
17 -1.058268 5.826789
19 -1.035450 3.544975
17 -1.042901 4.290114
15 -1.067651 6.765070
10 -1.046798 4.679789
17 -1.072038 7.203762
15 -1.073327 7.332712
19 -1.050047 5.004685
19 -1.083528 8.352838
19 -1.074909 7.490940
19 -1.056813 5.681292
19 -1.072078 7.207826
22 -1.055260 5.526049
15 -1.064497 6.449720
19 -1.055473 5.547314
19 -1.052940 5.294020
19 -1.065937 6.593668
22 -1.076854 7.685446
15 -1.090951 9.095075
22 -1.041153 4.115329
12 -1.058983 5.898250
15 -1.070789 7.078906
19 -1.041293 4.129299
17 -1.087818 8.781756
19 -1.054354 5.435395
17 -1.088545 8.854526
19 -1.033731 3.373080
12 -1.029004 2.900378
17 -1.039371 3.937083
24 -1.053357 5.335727
15 -1.071371 7.137150
22 -1.043734 4.373393
17 -1.049521 4.952148
26 -1.024931 2.493077
15 -1.050758 5.075849
17 -1.036483 3.648301
17 -1.044462 4.446245
15 -1.075310 7.531016
15 -1.091890 9.189020
17 -1.043150 4.314997
19 -1.059601 5.960057
22 -1.056356 5.635608
22 -1.086222 8.622201
15 -1.077890 7.788974
15 -1.088306 8.830577
15 -1.056523 5.652276
15 -1.038724 3.872421
17 -1.041457 4.145742
19 -1.054682 5.468181
17 -1.060097 6.009674
15 -1.069545 6.954541
19 -1.051814 5.181420
17 -1.084259 8.425851
19 -1.029261 2.926064
19 -1.079850 7.985018
22 -1.073054 7.305358
19 -1.055658 5.565836
12 -1.080566 8.056605
17 -1.068643 6.864272
24 -1.014910 1.490994
15 -1.098374 9.837391
17 -1.053782 5.378168
12 -1.056979 5.697906
17 -1.066410 6.641045
15 -1.062307 6.230668
12 -1.081035 8.103451
12 -1.046677 4.667735
22 -1.057274 5.727446
15 -1.073886 7.388603
22 -1.068037 6.803695
19 -1.046695 4.669522
19 -1.066197 6.619747
19 -1.060247 6.024713
24 -1.091455 9.145532
15 -1.075546 7.554641
17 -1.060402 6.040206
17 -1.064746 6.474630
19 -1.080803 8.080304
12 -1.086805 8.680456
12 -1.047932 4.793190
19 -1.055721 5.572103
19 -1.049277 4.927744
17 -1.053356 5.335585
15 -1.097375 9.737527
19 -1.088689 8.868892
19 -1.076215 7.621460
17 -1.063087 6.308703
17 -1.087831 8.783093
15 -1.055940 5.594040
12 -1.053003 5.300266
19 -1.041742 4.174185
19 -1.075305 7.530530
29 -1.097882 9.788162
17 -1.094843 9.484301
17 -1.063700 6.370028
12 -1.089182 8.918230
22 -1.089130 8.913044
19 -1.098936 9.893644
15 -1.071233 7.123309
19 -1.050146 5.014636
12 -1.081090 8.109012
19 -1.037990 3.799044
15 -1.075592 7.559236
19 -1.046716 4.671645
15 -1.097851 9.785080
15 -1.041277 4.127689
15 -1.062248 6.224769
19 -1.069468 6.946780
22 -1.093610 9.360969
17 -1.057207 5.720681
19 -1.053256 5.325606
22 -1.035079 3.507905
19 -1.062318 6.231833
17 -1.058701 5.870062
26 -1.065893 6.589270
17 -1.072868 7.286843
17 -1.042815 4.281547
26 -1.020695 2.069537
22 -1.081508 8.150794
26 -1.062104 6.210367
29 -1.058029 5.802943
