26 -1173.826447 3.297058
26 -1168.845366 2.858721
26 -1154.707182 1.614557
26 -1157.834965 1.889803
26 -1171.001915 3.048498
26 -1149.137965 1.124465
26 -1165.771571 2.588227
26 -1164.637162 2.488398
26 -1179.029749 3.754950
26 -1185.199762 4.297913
26 -1161.067930 2.174305
26 -1153.839224 1.538177
26 -1169.047518 2.876511
26 -1193.301285 5.010849
26 -1177.415041 3.612855
25 -1143.922062 0.665464
26 -1166.446587 2.647628
26 -1168.458787 2.824702
26 -1176.586191 3.539916
26 -1154.249979 1.574323
26 -1151.331192 1.317469
26 -1169.132261 2.883968
26 -1152.114326 1.386385
26 -1159.525894 2.038605
25 -1175.647590 3.457319
26 -1157.011674 1.817353
26 -1171.146678 3.061237
25 -1189.964682 4.717227
25 -1155.715092 1.703254
26 -1151.436920 1.326773
26 -1162.277604 2.280756
26 -1189.149442 4.645486
26 -1153.599572 1.517087
26 -1162.437653 2.294841
26 -1146.795234 0.918304
25 -1183.237703 4.125251
26 -1165.550664 2.568787
26 -1156.150115 1.741536
26 -1163.698355 2.405783
26 -1151.299727 1.314700
25 -1160.369175 2.112814
26 -1165.565692 2.570109
26 -1160.234486 2.100962
26 -1160.764778 2.147627
26 -1158.082536 1.911589
26 -1175.830890 3.473449
26 -1145.460707 0.800865
26 -1154.604591 1.605529
26 -1172.134183 3.148138
26 -1157.090017 1.824247
26 -1164.132769 2.444011
26 -1176.119748 3.498869
26 -1158.894691 1.983059
25 -1167.840556 2.770298
26 -1142.717566 0.559468
26 -1164.949958 2.515924
26 -1158.437014 1.942783
26 -1173.628091 3.279603
26 -1198.080920 5.431458
26 -1144.840217 0.746261
26 -1159.387679 2.026442
26 -1150.546788 1.248441
26 -1174.611436 3.366137
26 -1158.450382 1.943960
25 -1155.881833 1.717927
26 -1159.608235 2.045851
26 -1158.443420 1.943347
26 -1152.644859 1.433072
26 -1144.826969 0.745096
25 -1177.484811 3.618995
26 -1149.383684 1.146088
26 -1199.250891 5.534416
25 -1174.231862 3.332735
26 -1156.205080 1.746373
25 -1158.900843 1.983601
26 -1163.899585 2.423491
26 -1157.778641 1.884846
26 -1148.951498 1.108055
26 -1173.293238 3.250135
26 -1146.668647 0.907164
26 -1144.995246 0.759904
26 -1166.871108 2.684986
25 -1153.254982 1.486763
26 -1146.940173 0.931058
26 -1149.572712 1.162722
26 -1161.937255 2.250806
26 -1154.913886 1.632747
26 -1165.939903 2.603040
25 -1145.951219 0.844030
26 -1154.358093 1.583837
26 -1151.650357 1.345556
26 -1166.287739 2.633649
26 -1145.569394 0.810429
26 -1170.003898 2.960673
26 -1167.678184 2.756009
26 -1180.785567 3.909462
26 -1167.013506 2.697517
26 -1152.512282 1.421405
26 -1154.271298 1.576199
26 -1207.272440 6.240315
25 -1148.757183 1.090956
26 -1163.122420 2.355100
25 -1146.863530 0.924314
26 -1181.458357 3.968668
26 -1172.847745 3.210932
25 -1180.924644 3.921701
26 -1172.764063 3.203568
26 -1164.110769 2.442075
25 -1180.655961 3.898057
26 -1156.373997 1.761237
26 -1158.073941 1.910833
26 -1177.332933 3.605630
25 -1156.549694 1.776699
26 -1182.023895 4.018436
26 -1166.712997 2.671072
26 -1141.606374 0.461682
26 -1153.643548 1.520957
26 -1155.104144 1.649490
26 -1183.898855 4.183433
26 -1147.474959 0.978120
26 -1147.780226 1.004983
26 -1167.590751 2.748315
25 -1168.339962 2.814246
26 -1165.423142 2.557565
26 -1164.346960 2.462860
26 -1154.867881 1.628699
26 -1188.662344 4.602621
26 -1160.009288 2.081144
26 -1144.132589 0.683990
26 -1169.413487 2.908716
26 -1176.787116 3.557598
26 -1159.738487 2.057313
26 -1169.895871 2.951166
25 -1152.232536 1.396788
26 -1153.532104 1.511150
26 -1171.635947 3.104293
26 -1148.490606 1.067497
26 -1154.571934 1.602655
26 -1148.730660 1.088622
26 -1143.519657 0.630052
26 -1168.590171 2.836264
26 -1157.931047 1.898258
26 -1169.981843 2.958732
26 -1182.746160 4.081995
26 -1163.124183 2.355256
26 -1144.615536 0.726489
26 -1164.406861 2.468132
26 -1188.673242 4.603580
26 -1159.643743 2.048976
26 -1159.650679 2.049586
26 -1150.956778 1.284521
26 -1155.210999 1.658893
26 -1157.205792 1.834436
26 -1164.998042 2.520156
26 -1152.961052 1.460897
26 -1158.356990 1.935741
25 -1166.897345 2.687295
26 -1151.013736 1.289533
26 -1170.359489 2.991965
26 -1181.701954 3.990105
26 -1166.700197 2.669946
25 -1171.056555 3.053307
26 -1196.146419 5.261222
26 -1163.400390 2.379562
25 -1151.753597 1.354641
26 -1161.797172 2.238478
26 -1159.083652 1.999688
26 -1172.163193 3.150691
26 -1170.991263 3.047561
26 -1181.471648 3.969838
26 -1173.050518 3.228776
26 -1168.938226 2.866893
26 -1151.481135 1.330664
26 -1182.288427 4.041715
26 -1183.061891 4.109780
26 -1174.344910 3.342683
25 -1150.591222 1.252352
25 -1156.189959 1.745042
26 -1157.120826 1.826959
26 -1162.674269 2.315663
25 -1165.134197 2.532137
25 -1167.934601 2.778574
25 -1162.882050 2.333948
26 -1169.045851 2.876364
26 -1156.159660 1.742376
26 -1177.730723 3.640635
26 -1147.655919 0.994044
25 -1162.465158 2.297261
26 -1187.478978 4.498484
26 -1146.771942 0.916254
26 -1148.877687 1.101560
26 -1196.648447 5.305400
26 -1157.460427 1.856844
26 -1146.170597 0.863335
26 -1151.852459 1.363341
25 -1164.938106 2.514881
26 -1162.508632 2.301087
25 -1158.336136 1.933906
26 -1148.640013 1.080645
26 -1154.734038 1.616920
