25 -1156.926190 1.809830
25 -1195.189463 5.177009
25 -1163.711019 2.406897
25 -1162.528887 2.302869
25 -1202.327945 5.805198
25 -1191.121314 4.819011
25 -1160.461559 2.120944
25 -1175.660038 3.458414
25 -1169.785073 2.941416
25 -1152.609920 1.429998
25 -1156.906458 1.808094
25 -1173.946873 3.307655
25 -1180.530324 3.887001
25 -1161.846680 2.242835
25 -1169.284401 2.897357
25 -1160.141467 2.092776
25 -1177.762727 3.643452
25 -1167.991963 2.783622
25 -1181.039413 3.931801
25 -1157.698518 1.877796
25 -1157.647001 1.873262
25 -1160.516345 2.125765
25 -1193.270163 5.008110
25 -1149.343953 1.142592
25 -1186.152746 4.381776
25 -1171.686425 3.108735
25 -1182.024204 4.018463
25 -1182.122968 4.027154
25 -1171.052663 3.052964
25 -1168.966343 2.869367
25 -1172.282736 3.161211
25 -1177.636994 3.632387
25 -1189.152703 4.645773
25 -1157.156408 1.830090
25 -1173.814264 3.295986
25 -1191.608479 4.861882
25 -1194.283630 5.097296
25 -1157.878089 1.893598
25 -1156.530385 1.775000
25 -1178.110315 3.674039
25 -1155.582690 1.691602
25 -1156.371829 1.761047
25 -1160.486693 2.123156
25 -1153.484189 1.506933
25 -1162.554060 2.305085
25 -1168.802880 2.854983
25 -1202.699783 5.837920
25 -1158.691912 1.965215
25 -1153.678994 1.524076
25 -1148.776150 1.092625
25 -1194.875314 5.149364
25 -1162.081704 2.263517
25 -1176.122428 3.499105
25 -1177.451877 3.616097
25 -1169.828652 2.945251
25 -1156.715840 1.791320
25 -1176.228498 3.508439
25 -1174.529136 3.358895
25 -1150.680354 1.260195
25 -1181.901196 4.007638
25 -1163.427109 2.381913
25 -1199.216291 5.531371
25 -1155.933297 1.722456
25 -1190.347219 4.750891
25 -1179.670395 3.811327
25 -1177.494336 3.619833
25 -1188.581638 4.595519
25 -1159.156412 2.006091
25 -1154.072756 1.558728
25 -1150.090379 1.208277
25 -1191.716255 4.871366
25 -1166.101892 2.617295
25 -1159.143246 2.004932
25 -1173.108362 3.233866
25 -1192.897697 4.975333
25 -1155.047114 1.644471
25 -1168.640642 2.840706
25 -1166.182950 2.624428
25 -1154.219844 1.571671
25 -1160.155530 2.094013
25 -1153.153737 1.477854
25 -1155.295549 1.666334
25 -1160.493618 2.123765
25 -1158.338655 1.934128
25 -1142.885339 0.574232
25 -1167.571438 2.746615
25 -1183.815475 4.176095
25 -1150.974097 1.286045
25 -1169.799363 2.942673
25 -1166.674739 2.667706
25 -1168.006690 2.784918
25 -1165.647757 2.577331
25 -1161.553962 2.217076
25 -1226.807258 7.959384
25 -1174.360976 3.344097
25 -1174.844143 3.386615
25 -1164.992518 2.519670
25 -1192.670339 4.955326
25 -1164.387319 2.466412
25 -1148.223708 1.044010
25 -1165.718244 2.583534
25 -1208.686396 6.364743
25 -1147.319395 0.964430
25 -1147.622382 0.991093
25 -1180.900807 3.919604
25 -1146.723411 0.911983
25 -1160.796434 2.150413
25 -1190.431169 4.758278
25 -1178.920717 3.745355
25 -1159.205307 2.010393
25 -1157.407754 1.852208
25 -1156.966474 1.813376
25 -1160.241916 2.101615
25 -1149.618529 1.166754
25 -1179.238633 3.773332
25 -1212.452156 6.696131
25 -1144.300183 0.698738
25 -1146.056482 0.853293
25 -1175.898993 3.479443
25 -1152.249295 1.398262
25 -1152.511738 1.421357
25 -1163.651520 2.401661
25 -1167.250216 2.718348
25 -1166.325408 2.636964
25 -1163.928165 2.426006
25 -1182.206539 4.034508
25 -1218.980163 7.270598
25 -1164.155560 2.446017
25 -1178.228118 3.684406
25 -1177.515348 3.621682
25 -1199.443528 5.551368
25 -1173.195828 3.241563
25 -1155.145058 1.653090
25 -1191.347164 4.838886
25 -1181.587539 3.980036
25 -1161.766488 2.235778
25 -1176.052735 3.492972
25 -1159.178417 2.008027
25 -1183.732179 4.168765
25 -1158.474794 1.946108
25 -1148.943574 1.107358
25 -1164.936270 2.514720
25 -1148.266358 1.047763
25 -1175.403727 3.435859
25 -1168.743239 2.849734
25 -1183.216974 4.123427
25 -1142.775542 0.564569
25 -1157.397426 1.851299
25 -1163.484255 2.386942
25 -1161.695854 2.229562
25 -1149.479569 1.154526
25 -1165.220785 2.539757
25 -1196.694335 5.309438
25 -1172.190797 3.153120
25 -1165.104202 2.529498
25 -1177.178645 3.592052
25 -1151.465601 1.329297
25 -1147.767269 1.003843
25 -1178.298788 3.690625
25 -1162.090355 2.264278
25 -1154.642724 1.608885
25 -1158.079937 1.911361
25 -1161.638731 2.224535
25 -1155.473632 1.682005
25 -1163.818915 2.416392
25 -1163.523225 2.390371
25 -1179.457660 3.792606
25 -1154.868548 1.628757
25 -1195.704755 5.222355
25 -1155.155388 1.653999
25 -1162.635012 2.312208
25 -1163.679123 2.404091
25 -1169.559208 2.921540
25 -1172.800855 3.206805
25 -1178.641738 3.720805
25 -1168.577215 2.835124
25 -1158.555150 1.953179
25 -1182.893874 4.094994
25 -1152.566906 1.426212
25 -1169.406595 2.908110
25 -1159.844319 2.066627
25 -1157.892869 1.894899
25 -1160.614589 2.134411
25 -1217.016203 7.097769
25 -1165.947243 2.603686
25 -1165.594257 2.572623
25 -1192.425489 4.933779
25 -1176.034066 3.491329
25 -1166.424955 2.645725
25 -1181.895190 4.007110
25 -1159.787308 2.061610
25 -1159.843064 2.066516
25 -1160.951087 2.164023
25 -1176.878922 3.565677
25 -1162.953458 2.340232
25 -1174.209101 3.330732
25 -1151.283579 1.313279
25 -1151.511446 1.333331
25 -1167.135245 2.708230
25 -1155.650422 1.697563
