7 29.154651 2.817829
7 29.160862 2.797127
7 27.724957 7.583477
7 28.829168 3.902773
7 29.408524 1.971587
8 29.408879 1.970402
8 28.625596 4.581346
8 28.204313 5.985624
8 27.896357 7.012144
9 29.019506 3.268313
9 27.141096 9.529679
9 29.330599 2.231337
8 28.998108 3.339639
8 28.400125 5.332915
8 28.664662 4.451126
8 28.529344 4.902186
8 28.746744 4.177520
8 29.114447 2.951843
8 27.190483 9.365058
8 29.623337 1.255543
8 28.229210 5.902634
10 29.928454 0.238486
9 28.115001 6.283328
10 29.274081 2.419731
10 28.445044 5.183188
8 28.527642 4.907859
12 27.728340 7.572198
9 29.769919 0.766937
9 29.891536 0.361546
9 27.992861 6.690464
9 28.985139 3.382868
9 27.515856 8.280481
9 28.510418 4.965272
8 29.593287 1.355711
9 28.382545 5.391518
9 28.969111 3.436296
7 27.726907 7.576975
7 28.855720 3.814266
11 29.565697 1.447678
11 29.343259 2.189138
10 29.184976 2.716747
8 27.427674 8.574421
9 28.849354 3.835487
9 29.797150 0.676168
14 28.877323 3.742258
11 28.675441 4.415195
11 28.892893 3.690357
9 28.249599 5.834671
7 27.889259 7.035803
8 28.891134 3.696221
9 29.867520 0.441601
7 28.688374 4.372087
15 27.446527 8.511577
8 28.258325 5.805582
10 27.237240 9.209199
11 28.673672 4.421093
8 28.143913 6.186957
8 29.771983 0.760057
11 29.169536 2.768215
11 28.961078 3.463073
8 27.353528 8.821573
9 29.344314 2.185619
12 28.700604 4.331321
8 29.338210 2.205966
9 29.365522 2.114925
8 27.394434 8.685220
7 29.579587 1.401376
8 28.690799 4.364002
14 27.542812 8.190626
9 27.183539 9.388203
11 28.418238 5.272539
12 29.957292 0.142361
12 27.992625 6.691250
7 29.974861 0.083796
10 28.617154 4.609488
8 27.768010 7.439967
10 29.667927 1.106910
9 29.146997 2.843343
10 29.432327 1.892244
11 29.404871 1.983763
12 29.262644 2.457853
8 29.558426 1.471914
7 29.248316 2.505613
8 27.965699 6.781002
17 29.409091 1.969697
9 28.710475 4.298416
9 29.858426 0.471914
8 28.654025 4.486585
8 29.383104 2.056321
11 29.278877 2.403744
18 29.515736 1.614215
8 28.748948 4.170173
7 28.816888 3.943707
12 28.013116 6.622948
8 29.012022 3.293260
9 27.615787 7.947378
13 29.516699 1.611005
12 29.955527 0.148244
9 28.083552 6.388160
9 29.088290 3.039034
9 27.110887 9.630377
8 28.243042 5.856527
10 29.420530 1.931568
8 27.071026 9.763245
10 29.625118 1.249608
13 29.345361 2.182131
9 29.975527 0.081578
8 29.214842 2.617194
11 28.271568 5.761439
9 28.755721 4.147595
10 29.678015 1.073283
8 28.064087 6.453043
7 29.511822 1.627261
9 27.244346 9.185512
8 29.541089 1.529705
10 29.650874 1.163753
8 28.757494 4.141685
9 29.310055 2.299817
11 29.882765 0.390784
17 28.795705 4.014317
13 27.888960 7.036801
9 28.718607 4.271310
8 27.440565 8.531450
16 28.751103 4.162991
11 29.420655 1.931150
9 29.570510 1.431633
9 28.756897 4.143678
13 29.663052 1.123160
8 29.352516 2.158281
9 29.549099 1.503003
13 28.228763 5.904123
11 29.189757 2.700811
9 28.420590 5.264701
8 29.194113 2.686291
7 27.073250 9.755833
11 27.773074 7.423088
11 29.966831 0.110563
15 29.849528 0.501573
7 27.525256 8.249146
9 28.037198 6.542672
9 29.398604 2.004653
10 28.064755 6.450816
10 28.327890 5.573700
11 29.276437 2.411877
8 29.285494 2.381688
7 28.543929 4.853572
9 28.464586 5.118046
11 27.975833 6.747223
10 28.476828 5.077241
9 29.137527 2.874910
7 28.398829 5.337238
7 28.881011 3.729962
7 28.953209 3.489304
9 28.400682 5.331061
8 29.703239 0.989202
16 29.993835 0.020551
9 28.693176 4.356079
8 28.003730 6.654232
11 28.354446 5.485181
8 29.283998 2.386674
9 29.824392 0.585362
8 28.140770 6.197433
8 29.774617 0.751277
7 27.024672 9.917760
9 27.200633 9.331225
7 28.519135 4.936215
8 28.066647 6.444510
8 27.161147 9.462845
9 27.524688 8.251040
7 28.306015 5.646615
11 29.676378 1.078741
8 27.162091 9.459697
10 29.009045 3.303183
9 28.253101 5.822997
9 27.956690 6.811032
8 29.741087 0.863044
8 29.192864 2.690452
9 29.504706 1.650979
10 28.844094 3.853021
11 29.979289 0.069036
13 29.311097 2.296344
12 28.145145 6.182849
12 29.919615 0.267951
9 29.168153 2.772823
8 28.882554 3.724819
8 27.569963 8.100125
11 29.306307 2.312311
9 28.399119 5.336270
13 29.876352 0.412161
9 29.323392 2.255359
17 29.385361 2.048796
14 29.980619 0.064602
9 29.398407 2.005309
13 29.039422 3.201927
11 29.580712 1.397626
11 29.191638 2.694540
11 28.684322 4.385595
11 28.982550 3.391500
12 29.984019 0.053269
305 27.410042 8.633194
