11 0.949511 5.048890
12 0.948803 5.119718
12 0.983583 1.641728
14 0.971755 2.824522
14 0.900008 9.999160
16 0.908207 9.179271
17 0.954839 4.516138
17 0.971851 2.814863
15 0.978033 2.196690
16 0.924527 7.547334
21 0.940016 5.998425
16 0.926902 7.309791
14 0.913278 8.672207
19 0.934427 6.557266
15 0.990709 0.929090
24 0.956710 4.329020
23 0.900217 9.978274
22 0.970164 2.983609
24 0.987287 1.271313
26 0.965703 3.429743
17 0.900405 9.959508
22 0.901006 9.899377
13 0.913488 8.651188
20 0.942106 5.789440
17 0.916545 8.345470
20 0.915485 8.451493
23 0.999563 0.043662
18 0.967634 3.236571
21 0.998723 0.127741
31 0.961168 3.883223
30 0.946033 5.396658
14 0.903397 9.660316
30 0.927342 7.265778
23 0.914687 8.531283
18 0.930097 6.990332
35 0.972338 2.766237
39 0.903182 9.681773
18 0.959034 4.096576
11 0.926098 7.390157
30 0.921613 7.838709
15 0.914913 8.508674
28 0.950927 4.907306
18 0.983393 1.660741
20 0.911559 8.844050
17 0.991746 0.825361
29 0.917957 8.204317
14 0.927697 7.230331
23 0.977627 2.237275
35 0.949050 5.095039
17 0.902437 9.756321
9 0.952600 4.739994
29 0.941840 5.816016
18 0.937259 6.274104
37 0.908640 9.136009
21 0.963839 3.616103
37 0.958356 4.164425
12 0.933095 6.690454
26 0.904568 9.543158
23 0.914161 8.583876
30 0.994370 0.562961
18 0.974971 2.502876
23 0.937375 6.262532
15 0.983993 1.600721
23 0.980489 1.951137
36 0.903974 9.602575
20 0.962138 3.786175
11 0.949955 5.004451
17 0.979243 2.075711
27 0.934949 6.505077
12 0.920856 7.914407
16 0.990011 0.998932
25 0.903478 9.652213
33 0.940402 5.959793
13 0.999451 0.054915
36 0.930030 6.997049
26 0.946323 5.367724
26 0.908840 9.115962
33 0.921506 7.849416
39 0.900642 9.935789
13 0.933088 6.691219
19 0.916378 8.362220
18 0.905956 9.404356
51 0.913442 8.655820
19 0.904455 9.554508
24 0.964248 3.575214
32 0.920190 7.980994
17 0.946332 5.366758
17 0.933504 6.649581
28 0.940055 5.994512
24 0.957215 4.278451
29 0.912461 8.753884
19 0.929949 7.005097
16 0.964096 3.590411
55 0.923120 7.688003
33 0.993857 0.614305
21 0.914012 8.598755
25 0.920399 7.960057
32 0.932250 6.774980
13 0.953787 4.621276
24 0.972455 2.754520
14 0.976086 2.391447
30 0.913467 8.653271
44 0.916754 8.324563
38 0.923023 7.697666
11 0.901002 9.899786
35 0.917000 8.300050
31 0.977772 2.222814
27 0.900133 9.986659
22 0.990145 0.985477
25 0.900496 9.950367
18 0.926185 7.381465
26 0.965112 3.488798
16 0.955875 4.412517
32 0.907783 9.221718
19 0.978161 2.183925
26 0.925153 7.484697
27 0.968061 3.193902
30 0.934486 6.551375
29 0.926489 7.351150
49 0.913870 8.612970
25 0.917651 8.234945
17 0.973751 2.624938
8 0.916626 8.337429
26 0.973239 2.676051
16 0.906143 9.385656
28 0.904953 9.504664
34 0.911981 8.801937
30 0.931148 6.885238
31 0.940279 5.972136
25 0.969455 3.054520
17 0.965324 3.467625
17 0.962659 3.734146
26 0.921158 7.884217
29 0.908651 9.134859
36 0.925677 7.432305
39 0.913792 8.620755
32 0.918374 8.162643
32 0.909256 9.074403
11 0.924151 7.584914
21 0.937943 6.205654
33 0.910649 8.935097
37 0.917451 8.254858
11 0.953646 4.635352
16 0.915220 8.477976
20 0.987791 1.220911
21 0.959159 4.084110
25 0.907918 9.208174
44 0.929256 7.074391
29 0.918674 8.132633
20 0.928610 7.139040
28 0.915236 8.476373
20 0.945977 5.402316
23 0.911849 8.815072
44 0.908820 9.117951
24 0.932666 6.733439
25 0.997007 0.299290
26 0.919578 8.042208
28 0.923287 7.671265
41 0.917426 8.257408
20 0.943860 5.613973
12 0.920553 7.944673
18 0.969155 3.084518
30 0.974454 2.554645
20 0.900479 9.952101
14 0.999082 0.091758
14 0.933123 6.687666
24 0.981531 1.846949
23 0.901005 9.899522
45 0.979992 2.000795
23 0.923426 7.657367
37 0.901068 9.893231
16 0.947080 5.292016
24 0.995158 0.484230
23 0.941738 5.826199
39 0.934887 6.511256
18 0.972422 2.757808
21 0.924643 7.535735
25 0.905757 9.424299
17 0.988663 1.133681
38 0.916602 8.339773
30 0.905979 9.402130
33 0.907968 9.203242
22 0.949762 5.023843
30 0.910243 8.975741
25 0.912990 8.700997
26 0.968185 3.181469
36 0.915217 8.478347
23 0.973337 2.666282
33 0.905397 9.460310
25 0.937513 6.248659
28 0.918718 8.128245
40 0.931528 6.847212
57 0.920056 7.994407
34 0.917393 8.260715
49 0.901401 9.859901
58 0.905416 9.458410
32 0.925981 7.401907
67 0.909704 9.029604
39 0.901671 9.832863
63 0.901422 9.857754
