33 -6.486111 8.101855
33 -6.581661 9.694344
34 -6.576705 9.611756
35 -6.440759 7.345991
35 -6.267771 4.462851
35 -6.378175 6.302912
36 -6.445441 7.424025
37 -6.421467 7.024458
37 -6.309968 5.166133
37 -6.201580 3.359663
37 -6.517419 8.623645
37 -6.553880 9.231341
37 -6.591922 9.865365
38 -6.522474 8.707902
38 -6.375786 6.263099
38 -6.342852 5.714199
40 -6.450006 7.500107
40 -6.500701 8.345010
40 -6.486660 8.110994
40 -6.339066 5.651106
40 -6.445520 7.425340
41 -6.425924 7.098741
42 -6.544139 9.068991
42 -6.425087 7.084780
42 -6.304949 5.082476
42 -6.413941 6.899017
43 -6.249082 4.151375
44 -6.222599 3.709982
44 -6.305313 5.088552
45 -6.418698 6.978303
45 -6.229366 3.822768
45 -6.595625 9.927086
46 -6.281287 4.688117
46 -6.214184 3.569741
47 -6.513808 8.563465
47 -6.520395 8.673258
47 -6.356161 5.936021
47 -6.322212 5.370194
47 -6.239929 3.998811
48 -6.267101 4.451675
48 -6.507394 8.456569
49 -6.391768 6.529462
49 -6.335561 5.592688
49 -6.297019 4.950317
49 -6.493376 8.222928
50 -6.303870 5.064507
52 -6.556626 9.277098
53 -6.317688 5.294795
31 -6.404030 6.733833
30 -6.450083 7.501388
38 -6.478434 7.973903
36 -6.438234 7.303895
39 -6.517188 8.619795
39 -6.220976 3.682935
38 -6.385606 6.426761
35 -6.465512 7.758540
31 -6.349965 5.832749
39 -6.419559 6.992646
40 -6.550520 9.175341
43 -6.387174 6.452901
40 -6.200580 3.343006
31 -6.371479 6.191315
46 -6.309863 5.164376
43 -6.310320 5.171997
43 -6.335720 5.595330
44 -6.475074 7.917899
42 -6.478096 7.968259
40 -6.510255 8.504248
39 -6.269957 4.499285
36 -6.390968 6.516135
41 -6.335478 5.591292
44 -6.453086 7.551439
44 -6.386469 6.441152
42 -6.471757 7.862624
44 -6.438365 7.306082
37 -6.536684 8.944726
45 -6.578291 9.638177
38 -6.492039 8.200643
22 -6.439105 7.318418
48 -6.528041 8.800685
45 -6.358969 5.982816
45 -6.361640 6.027338
41 -6.515933 8.598879
41 -6.297045 4.950748
44 -6.406982 6.783038
50 -6.374696 6.244932
42 -6.327070 5.451170
44 -6.290608 4.843459
45 -6.406107 6.768456
50 -6.236286 3.938098
47 -6.292428 4.873796
47 -6.347347 5.789121
47 -6.263718 4.395302
32 -6.492115 8.201911
49 -6.239992 3.999860
56 -6.267064 4.451061
38 -6.431815 7.196912
31 -6.511659 8.527657
46 -6.295370 4.922836
47 -6.345545 5.759077
36 -6.587998 9.799970
39 -6.478174 7.969572
36 -6.414265 6.904412
34 -6.376341 6.272348
48 -6.278850 4.647492
38 -6.362654 6.044237
39 -6.592729 9.878809
23 -6.565454 9.424231
38 -6.472658 7.877630
38 -6.543057 9.050949
38 -6.563336 9.388935
42 -6.398841 6.647344
47 -6.217151 3.619190
42 -6.390702 6.511692
39 -6.590761 9.846016
40 -6.519892 8.664870
47 -6.304343 5.072390
35 -6.344237 5.737288
42 -6.463325 7.722077
41 -6.313461 5.224352
47 -6.392345 6.539086
28 -6.522178 8.702972
41 -6.309167 5.152791
48 -6.345038 5.750636
39 -6.501587 8.359777
43 -6.542497 9.041614
40 -6.440395 7.339910
38 -6.442835 7.380581
37 -6.511905 8.531743
33 -6.450040 7.500665
34 -6.420207 7.003443
40 -6.510007 8.500119
39 -6.512337 8.538958
36 -6.590021 9.833686
46 -6.364620 6.076999
50 -6.230117 3.835283
46 -6.443565 7.392746
37 -6.557564 9.292739
46 -6.331103 5.518379
35 -6.594223 9.903724
32 -6.536635 8.943918
52 -6.384942 6.415705
46 -6.332551 5.542511
47 -6.235365 3.922754
49 -6.432129 7.202150
50 -6.357211 5.953517
48 -6.479825 7.997089
39 -6.371208 6.186804
48 -6.213371 3.556182
38 -6.400613 6.676891
44 -6.418950 6.982500
44 -6.274755 4.579254
34 -6.446297 7.438279
43 -6.446007 7.433453
38 -6.267429 4.457152
38 -6.553489 9.224820
36 -6.595456 9.924273
33 -6.397770 6.629505
44 -6.531864 8.864399
38 -6.452820 7.547004
31 -6.511813 8.530218
30 -6.336311 5.605177
43 -6.217971 3.632846
35 -6.400791 6.679850
56 -6.278926 4.648767
31 -6.565473 9.424547
41 -6.397878 6.631297
38 -6.481662 8.027706
39 -6.435696 7.261605
50 -6.265076 4.417926
33 -6.216829 3.613815
45 -6.503863 8.397714
41 -6.526123 8.768719
40 -6.507639 8.460652
37 -6.502473 8.374551
39 -6.466098 7.768292
37 -6.583978 9.732972
40 -6.421195 7.019913
43 -6.435762 7.262693
44 -6.439734 7.328893
42 -6.487045 8.117413
41 -6.422664 7.044396
39 -6.558765 9.312757
42 -6.536927 8.948782
48 -6.299369 4.989490
49 -6.332943 5.549044
44 -6.251355 4.189247
38 -6.474970 7.916173
48 -6.300780 5.013000
38 -6.582497 9.708281
45 -6.394517 6.575279
42 -6.444140 7.402341
48 -6.298785 4.979755
42 -6.534194 8.903231
50 -6.356511 5.941856
41 -6.540609 9.010148
41 -6.429929 7.165480
43 -6.310437 5.173944
51 -6.213756 3.562592
51 -6.302241 5.037345
