52 0.791146 8.646386
62 0.794759 8.229085
68 0.795941 8.092630
76 0.785739 9.270650
84 0.786282 9.207921
85 0.797145 7.953595
85 0.789759 8.806488
87 0.789744 8.808224
88 0.813373 6.079797
88 0.787442 9.074024
89 0.792445 8.496342
91 0.783823 9.491888
93 0.788078 9.000597
95 0.788807 8.916411
99 0.808812 6.606409
98 0.788679 8.931195
99 0.800150 7.606613
99 0.797959 7.859585
103 0.783093 9.576263
103 0.813038 6.118463
101 0.785798 9.263895
105 0.784275 9.439712
105 0.792728 8.463654
107 0.790675 8.700735
107 0.783803 9.494218
110 0.791283 8.630463
109 0.785606 9.285998
112 0.781999 9.702496
113 0.781314 9.781583
115 0.784120 9.457585
114 0.781982 9.704498
94 0.779631 9.975986
119 0.796421 8.037219
118 0.786651 9.165375
119 0.779930 9.941441
120 0.796454 8.033377
121 0.785030 9.352576
89 0.786754 9.153497
63 0.786080 9.231351
77 0.790347 8.738583
124 0.792716 8.465050
128 0.783596 9.518088
128 0.782571 9.636495
133 0.788090 8.999245
61 0.786630 9.167741
78 0.781793 9.726368
139 0.784180 9.450717
139 0.798887 7.752484
103 0.786898 9.136899
84 0.791165 8.644161
143 0.789514 8.834816
78 0.801095 7.497532
150 0.781352 9.777197
152 0.786553 9.176648
152 0.800246 7.595500
155 0.808574 6.633954
96 0.782363 9.660550
70 0.785045 9.350841
106 0.784621 9.399819
85 0.789718 8.811255
67 0.782893 9.599284
94 0.795727 8.117361
88 0.779751 9.962123
79 0.783507 9.528352
112 0.798921 7.748565
97 0.785641 9.281970
90 0.780591 9.865113
99 0.796882 7.983952
107 0.792213 8.523146
111 0.801034 7.504518
81 0.805842 6.949394
116 0.786062 9.233396
106 0.805049 7.040976
95 0.792063 8.540471
72 0.781340 9.778670
127 0.796602 8.016296
96 0.793465 8.378540
136 0.791706 8.581697
81 0.786712 9.158272
102 0.794588 8.248862
112 0.786768 9.151866
122 0.798045 7.849754
100 0.790397 8.732827
115 0.789592 8.825726
71 0.797185 7.948988
61 0.798249 7.826124
126 0.789753 8.807173
114 0.789171 8.874437
84 0.794925 8.209975
93 0.782878 9.600979
91 0.796546 8.022794
138 0.802992 7.278466
107 0.792610 8.477234
110 0.783134 9.571465
74 0.795880 8.099698
126 0.781912 9.712562
120 0.793252 8.403116
139 0.793344 8.392535
216 0.785441 9.305086
133 0.787985 9.011311
120 0.782570 9.636565
109 0.782901 9.598331
91 0.790028 8.775393
97 0.803915 7.171887
141 0.780793 9.841739
102 0.797412 7.922837
126 0.787093 9.114309
95 0.793901 8.328259
88 0.799361 7.697723
102 0.790559 8.714144
113 0.782283 9.669719
128 0.798993 7.740278
113 0.793658 8.356263
183 0.789204 8.870515
94 0.783873 9.486164
115 0.782415 9.654451
86 0.780835 9.836982
129 0.793405 8.385521
90 0.785774 9.266638
122 0.799362 7.697673
80 0.782959 9.591655
72 0.794401 8.270430
67 0.783219 9.561706
110 0.793589 8.364266
95 0.803939 7.169116
68 0.792531 8.486451
105 0.791683 8.584331
100 0.780818 9.838957
96 0.788068 9.001758
99 0.782450 9.650478
112 0.800452 7.571713
114 0.796189 8.063981
72 0.780935 9.825369
92 0.789213 8.869590
131 0.792531 8.486368
81 0.780727 9.849446
82 0.805460 6.993479
123 0.784079 9.462406
98 0.784498 9.413935
93 0.801724 7.424838
112 0.783931 9.479431
85 0.807004 6.815162
113 0.800176 7.603586
95 0.790071 8.770444
132 0.786968 9.128742
73 0.794573 8.250609
98 0.786070 9.232453
87 0.781116 9.804467
94 0.791535 8.601368
97 0.803631 7.204713
75 0.797188 7.948654
91 0.787054 9.118799
118 0.780294 9.899449
96 0.791840 8.566244
102 0.785357 9.314751
121 0.788560 8.944953
156 0.798906 7.750257
114 0.788863 8.910003
119 0.791331 8.624943
95 0.791215 8.638415
141 0.791184 8.641991
129 0.800157 7.605843
96 0.804047 7.156600
126 0.780450 9.881353
110 0.792511 8.488714
128 0.791767 8.574600
99 0.787346 9.085074
90 0.802751 7.306298
102 0.786431 9.190818
88 0.781717 9.735068
114 0.782906 9.597808
90 0.797613 7.899545
87 0.781617 9.746589
102 0.784279 9.439244
112 0.784828 9.375866
139 0.790923 8.672083
87 0.802033 7.389244
125 0.790897 8.675120
118 0.806387 6.886423
101 0.779431 9.999117
86 0.795837 8.104707
102 0.794078 8.307759
116 0.792804 8.454914
112 0.791814 8.569217
107 0.791522 8.602891
106 0.788994 8.894864
107 0.779903 9.944554
105 0.801769 7.419657
91 0.788648 8.934781
96 0.780059 9.926578
120 0.796171 8.066052
108 0.788434 8.959473
97 0.783485 9.530922
105 0.783464 9.533382
104 0.800285 7.591085
142 0.794264 8.286265
104 0.780210 9.909125
116 0.792710 8.465745
149 0.792438 8.497176
126 0.788741 8.924036
