11 -1.047924 4.792435
14 -1.084746 8.474584
16 -1.028984 2.898407
16 -1.049202 4.920215
17 -1.077963 7.796255
18 -1.014604 1.460439
13 -1.075194 7.519380
19 -1.064441 6.444105
20 -1.098515 9.851463
20 -1.081447 8.144666
22 -1.004470 0.447020
22 -1.076564 7.656357
23 -1.054661 5.466121
24 -1.028917 2.891680
24 -1.050401 5.040124
25 -1.091870 9.187021
26 -1.001516 0.151636
26 -1.086679 8.667906
26 -1.084749 8.474895
26 -1.079529 7.952919
26 -1.070709 7.070899
26 -1.083273 8.327287
26 -1.066760 6.675961
19 -1.023031 2.303094
26 -1.001256 0.125564
26 -1.020736 2.073637
17 -1.048527 4.852705
10 -1.011035 1.103475
29 -1.002521 0.252148
29 -1.017361 1.736064
29 -1.017835 1.783472
29 -1.045103 4.510293
29 -1.001833 0.183282
29 -1.020821 2.082069
29 -1.041022 4.102153
29 -1.089570 8.957026
29 -1.044908 4.490840
29 -1.084969 8.496943
29 -1.035810 3.580973
29 -1.014559 1.455918
29 -1.034404 3.440391
30 -1.022059 2.205934
30 -1.043810 4.381002
30 -1.022670 2.266967
30 -1.023747 2.374747
30 -1.023075 2.307468
30 -1.005691 0.569093
13 -1.071529 7.152922
31 -1.023654 2.365356
31 -1.040039 4.003915
31 -1.025128 2.512803
30 -1.066623 6.662281
12 -1.066940 6.693969
13 -1.042835 4.283504
14 -1.024327 2.432691
35 -1.051129 5.112923
35 -1.012780 1.278040
18 -1.055123 5.512294
28 -1.060133 6.013286
30 -1.004769 0.476889
18 -1.020287 2.028733
26 -1.085546 8.554607
29 -1.040727 4.072666
31 -1.006978 0.697775
29 -1.012290 1.229023
23 -1.014662 1.466161
26 -1.089517 8.951672
23 -1.095031 9.503101
30 -1.096055 9.605545
30 -1.000272 0.027190
25 -1.041481 4.148108
25 -1.071945 7.194467
26 -1.094727 9.472660
28 -1.000251 0.025142
24 -1.079698 7.969778
28 -1.053071 5.307110
26 -1.019639 1.963867
31 -1.028178 2.817802
26 -1.036374 3.637376
29 -1.020082 2.008241
30 -1.012395 1.239479
28 -1.051603 5.160253
26 -1.058194 5.819430
23 -1.063062 6.306176
25 -1.043429 4.342920
31 -1.021488 2.148843
26 -1.065398 6.539807
34 -1.026208 2.620792
29 -1.036905 3.690507
29 -1.029299 2.929946
29 -1.005589 0.558857
19 -1.018860 1.886012
29 -1.052114 5.211401
30 -1.013634 1.363423
29 -1.055951 5.595081
16 -1.075033 7.503325
22 -1.096943 9.694263
26 -1.035352 3.535166
29 -1.001614 0.161391
30 -1.024909 2.490885
25 -1.063180 6.317994
31 -1.006759 0.675936
30 -1.026473 2.647318
31 -1.032264 3.226353
30 -1.030462 3.046206
24 -1.032112 3.211157
18 -1.003068 0.306820
23 -1.074314 7.431434
31 -1.019573 1.957299
29 -1.049640 4.964019
17 -1.003941 0.394150
31 -1.035652 3.565199
26 -1.041790 4.178964
18 -1.073076 7.307643
26 -1.071301 7.130114
32 -1.028314 2.831405
16 -1.034644 3.464381
25 -1.042131 4.213072
16 -1.036300 3.630018
20 -1.046195 4.619453
28 -1.050597 5.059659
28 -1.031426 3.142639
16 -1.089189 8.918920
26 -1.007984 0.798426
24 -1.087101 8.710058
35 -1.044199 4.419867
18 -1.057060 5.706022
28 -1.018993 1.899256
30 -1.009071 0.907127
28 -1.032519 3.251900
26 -1.017047 1.704675
29 -1.030060 3.005969
25 -1.010785 1.078538
24 -1.040297 4.029666
16 -1.096495 9.649525
24 -1.024521 2.452148
30 -1.030026 3.002639
29 -1.023077 2.307700
28 -1.000384 0.038443
26 -1.058444 5.844408
23 -1.078369 7.836863
14 -1.085937 8.593747
26 -1.097258 9.725785
25 -1.084315 8.431464
24 -1.037871 3.787121
26 -1.007920 0.791960
31 -1.011922 1.192217
18 -1.041131 4.113142
30 -1.032998 3.299802
30 -1.096571 9.657072
28 -1.022677 2.267694
29 -1.007664 0.766374
30 -1.002089 0.208888
31 -1.009887 0.988705
32 -1.098309 9.830915
29 -1.050471 5.047057
23 -1.062119 6.211888
28 -1.031942 3.194157
32 -1.014709 1.470947
30 -1.040905 4.090485
14 -1.068135 6.813502
32 -1.035620 3.561959
28 -1.010233 1.023268
25 -1.056136 5.613638
13 -1.016890 1.688999
26 -1.061544 6.154431
26 -1.044695 4.469524
28 -1.030851 3.085068
29 -1.028366 2.836568
28 -1.001540 0.154027
20 -1.082899 8.289909
22 -1.045548 4.554838
30 -1.008045 0.804546
24 -1.045141 4.514066
30 -1.048138 4.813769
26 -1.091394 9.139370
29 -1.013185 1.318481
29 -1.048215 4.821522
28 -1.076555 7.655461
28 -1.026805 2.680523
29 -1.038244 3.824415
22 -1.093470 9.346978
24 -1.038191 3.819139
28 -1.075477 7.547681
24 -1.088506 8.850597
26 -1.043283 4.328329
31 -1.041415 4.141546
25 -1.069505 6.950498
25 -1.002426 0.242558
30 -1.007947 0.794654
29 -1.016956 1.695560
30 -1.068542 6.854209
32 -1.010656 1.065566
26 -1.013646 1.364573
31 -1.005756 0.575590
29 -1.062452 6.245193
34 -1.006085 0.608467
30 -1.021441 2.144058
30 -1.048383 4.838265
37 -1.028550 2.855033
