7 27.018070 9.939766
7 27.799504 7.334986
7 28.675403 4.415323
7 28.247284 5.842385
7 28.300862 5.663792
8 27.711363 7.628789
8 27.535399 8.215336
8 28.807871 3.973763
8 29.359043 2.136523
8 29.490154 1.699487
8 27.734820 7.550601
8 27.730082 7.566394
8 28.303061 5.656464
8 27.708416 7.638613
8 28.386176 5.379413
8 27.564754 8.117488
7 27.055044 9.816521
9 29.472799 1.757336
9 29.159391 2.802031
9 28.211827 5.960578
9 29.126858 2.910475
9 29.278138 2.406206
9 29.167463 2.775122
9 28.289323 5.702257
9 29.340848 2.197173
9 29.185595 2.714684
9 29.703721 0.987598
9 29.529475 1.568416
8 27.367373 8.775423
7 28.695323 4.348922
9 29.020598 3.264674
9 29.943722 0.187595
9 29.500086 1.666380
9 28.796120 4.012932
8 28.781280 4.062401
8 29.092253 3.025825
8 28.858590 3.804701
10 27.484708 8.384307
10 29.328168 2.239441
10 29.874074 0.419752
10 28.287351 5.708829
7 28.645473 4.515090
9 29.038780 3.204067
8 29.475738 1.747541
9 27.670484 7.765052
7 27.802754 7.324152
11 27.390858 8.697140
11 29.019637 3.267876
11 29.828070 0.573100
8 27.372456 8.758479
8 28.338385 5.538718
8 28.685387 4.382043
11 29.940553 0.198158
11 27.472682 8.424392
8 29.661318 1.128940
9 29.011941 3.293529
9 29.947838 0.173874
11 29.695012 1.016628
9 28.139273 6.202423
8 27.965658 6.781140
9 27.096898 9.677007
9 29.640163 1.199458
11 29.131597 2.894677
8 29.958914 0.136952
9 28.742522 4.191595
7 29.721559 0.928136
7 28.275090 5.749700
8 29.591322 1.362259
9 29.757225 0.809251
8 28.083228 6.389240
8 29.135707 2.880976
9 29.620654 1.264488
9 29.898631 0.337896
8 29.207803 2.640656
9 28.446429 5.178570
7 27.891733 7.027556
9 29.638945 1.203517
9 29.790083 0.699722
12 28.169870 6.100432
9 27.306336 8.978881
13 27.822271 7.259097
9 29.038828 3.203906
8 27.628939 7.903538
8 29.404337 1.985542
8 27.569400 8.102000
8 29.332042 2.226527
7 28.703865 4.320452
10 29.914131 0.286229
9 27.465861 8.447128
8 28.663900 4.453667
11 29.096406 3.011979
8 29.581059 1.396470
9 27.666771 7.777432
14 27.533431 8.221896
12 27.357665 8.807782
14 29.503611 1.654631
9 27.827937 7.240210
8 29.085226 3.049248
8 28.128241 6.239196
9 29.695874 1.013752
9 28.928012 3.573292
8 29.561677 1.461076
7 27.676921 7.743597
10 29.117943 2.940188
8 27.822302 7.258994
9 27.356668 8.811107
9 27.072669 9.757772
7 28.637537 4.541544
11 27.289674 9.034420
9 28.392929 5.356902
9 28.772121 4.092930
9 27.408358 8.638807
11 28.408038 5.306541
8 29.064553 3.118156
11 29.588043 1.373190
9 29.106582 2.978058
7 29.364061 2.119795
8 29.128396 2.905348
9 29.799190 0.669366
7 29.424746 1.917514
8 27.163956 9.453482
10 29.713499 0.955003
11 28.397971 5.340096
10 29.473629 1.754569
12 29.845477 0.515078
8 29.446733 1.844224
12 27.646913 7.843622
10 29.190683 2.697725
11 27.580287 8.065712
8 28.880667 3.731109
10 29.822249 0.592502
10 28.328514 5.571621
9 29.668526 1.104914
8 27.527304 8.242321
11 29.600819 1.330605
9 27.271627 9.094577
8 29.094648 3.017840
11 28.059321 6.468931
8 29.357028 2.143239
8 29.165426 2.781914
8 27.944537 6.851544
8 28.256308 5.812307
10 29.413966 1.953446
9 27.235068 9.216441
12 28.650799 4.497338
8 28.624616 4.584614
9 27.091450 9.695165
8 27.445188 8.516040
8 28.400302 5.332326
9 27.382570 8.724766
7 27.305248 8.982507
9 29.496998 1.676675
9 28.638699 4.537669
7 29.382315 2.058950
8 28.182216 6.059279
8 28.850371 3.832097
10 29.876193 0.412691
13 29.943990 0.186700
8 28.646497 4.511676
11 29.009400 3.302000
8 29.786616 0.711279
10 27.857220 7.142601
7 27.776487 7.411711
9 27.968724 6.770918
11 29.508894 1.637021
8 29.127998 2.906673
10 29.781736 0.727548
8 28.931431 3.561898
9 29.393143 2.022858
8 27.600395 7.998682
9 28.268244 5.772519
13 28.352944 5.490188
11 28.321601 5.594665
9 29.858317 0.472275
8 27.817866 7.273780
8 29.285481 2.381730
9 28.307733 5.640891
11 28.768779 4.104071
9 27.377490 8.741700
11 28.635651 4.547832
8 27.476246 8.412514
13 28.044106 6.519647
8 28.141664 6.194453
9 29.380680 2.064400
12 27.629161 7.902796
12 29.997827 0.007244
10 27.603950 7.986832
11 28.167066 6.109780
10 29.715032 0.949892
10 27.252845 9.157183
10 27.933536 6.888213
13 29.096370 3.012099
12 27.175816 9.413946
12 27.809635 7.301218
12 28.204041 5.986531
10 29.904191 0.319362
11 27.556828 8.143908
12 29.856348 0.478839
11 28.771637 4.094544
16 29.172799 2.757336
