9 -5.488806 9.776125
12 -5.361098 7.221966
12 -5.449699 8.993984
12 -5.080310 1.606207
12 -5.453516 9.070315
12 -5.216764 4.335271
13 -5.087450 1.748991
13 -5.136638 2.732768
13 -5.111243 2.224863
13 -5.179573 3.591467
13 -5.010440 0.208802
13 -5.448683 8.973668
13 -5.223314 4.466287
13 -5.350922 7.018431
13 -5.207701 4.154025
15 -5.071363 1.427260
15 -5.111876 2.237512
15 -5.339635 6.792705
15 -5.146599 2.931989
16 -5.265618 5.312365
16 -5.179975 3.599500
16 -5.213642 4.272836
16 -5.002764 0.055276
16 -5.043346 0.866928
16 -5.075451 1.509014
16 -5.089666 1.793314
16 -5.162651 3.253023
16 -5.334790 6.695798
17 -5.488369 9.767390
17 -5.288468 5.769352
17 -5.497096 9.941915
17 -5.239635 4.792709
17 -5.310361 6.207228
17 -5.415520 8.310390
17 -5.286093 5.721866
17 -5.310946 6.218920
19 -5.183141 3.662812
19 -5.413311 8.266217
19 -5.460047 9.200942
20 -5.147077 2.941531
20 -5.302551 6.051027
20 -5.115871 2.317418
20 -5.414769 8.295382
13 -5.316510 6.330192
9 -5.307201 6.144027
17 -5.458195 9.163892
21 -5.029318 0.586355
21 -5.036022 0.720444
15 -5.065369 1.307384
21 -5.097958 1.959152
21 -5.043293 0.865853
21 -5.166233 3.324659
16 -5.485219 9.704389
16 -5.053683 1.073670
16 -5.162521 3.250422
16 -5.284656 5.693124
15 -5.143423 2.868462
16 -5.165718 3.314361
16 -5.036825 0.736509
13 -5.047732 0.954648
12 -5.233422 4.668432
13 -5.042102 0.842034
16 -5.223494 4.469873
16 -5.060692 1.213838
13 -5.108617 2.172350
12 -5.449481 8.989622
13 -5.024678 0.493559
16 -5.139853 2.797059
15 -5.333402 6.668049
15 -5.370263 7.405267
17 -5.220544 4.410886
19 -5.135512 2.710249
7 -5.157583 3.151669
17 -5.229941 4.598811
20 -5.111505 2.230109
16 -5.009461 0.189226
13 -5.374499 7.489988
13 -5.269732 5.394636
19 -5.046312 0.926249
13 -5.032760 0.655201
11 -5.468425 9.368493
19 -5.294277 5.885545
15 -5.277604 5.552080
16 -5.097458 1.949162
12 -5.006136 0.122715
11 -5.361633 7.232664
17 -5.130053 2.601063
20 -5.035472 0.709449
19 -5.035258 0.705166
15 -5.258837 5.176736
13 -5.070029 1.400572
20 -5.018577 0.371539
21 -5.341107 6.822130
20 -5.026371 0.527416
17 -5.382434 7.648687
17 -5.242519 4.850386
16 -5.455370 9.107394
17 -5.295814 5.916273
16 -5.015212 0.304232
19 -5.081132 1.622645
16 -5.139100 2.782003
16 -5.034259 0.685179
20 -5.296291 5.925813
17 -5.116336 2.326723
13 -5.360617 7.212348
17 -5.250089 5.001781
16 -5.145342 2.906850
19 -5.028912 0.578244
13 -5.293948 5.878951
13 -5.390913 7.818259
19 -5.168288 3.365766
17 -5.168402 3.368045
11 -5.413492 8.269838
19 -5.249287 4.985735
19 -5.381286 7.625728
12 -5.053349 1.066974
13 -5.135272 2.705436
19 -5.006832 0.136634
15 -5.321110 6.422190
12 -5.200183 4.003663
17 -5.032531 0.650624
29 -5.004584 0.091689
21 -5.111990 2.239805
20 -5.475142 9.502839
13 -5.460822 9.216438
13 -5.354567 7.091338
16 -5.337272 6.745437
15 -5.080207 1.604134
27 -5.425222 8.504438
13 -5.423356 8.467127
16 -5.184057 3.681137
15 -5.083718 1.674359
19 -5.084845 1.696890
20 -5.432599 8.651990
11 -5.308062 6.161243
16 -5.423886 8.477724
12 -5.372057 7.441138
16 -5.368731 7.374618
19 -5.095716 1.914321
20 -5.279716 5.594320
16 -5.064989 1.299780
19 -5.081379 1.627586
12 -5.026419 0.528388
17 -5.457013 9.140259
17 -5.386981 7.739612
13 -5.118872 2.377435
16 -5.014039 0.280775
23 -5.186227 3.724531
16 -5.156070 3.121399
16 -5.040489 0.809785
13 -5.248583 4.971663
15 -5.308241 6.164825
23 -5.076735 1.534709
12 -5.164421 3.288413
12 -5.072305 1.446095
17 -5.142161 2.843226
17 -5.374031 7.480612
17 -5.189889 3.797785
19 -5.215303 4.306059
16 -5.486897 9.737932
12 -5.376777 7.535540
16 -5.015525 0.310497
19 -5.062414 1.248272
13 -5.063360 1.267203
21 -5.250403 5.008064
16 -5.198811 3.976210
15 -5.257313 5.146256
19 -5.013835 0.276692
17 -5.300155 6.003100
20 -5.200805 4.016098
15 -5.379739 7.594776
15 -5.330757 6.615137
17 -5.387676 7.753527
24 -5.435321 8.706425
20 -5.383625 7.672506
19 -5.255038 5.100760
19 -5.061560 1.231206
20 -5.170238 3.404763
17 -5.279448 5.588955
13 -5.172291 3.445814
23 -5.171399 3.427989
13 -5.404353 8.087067
16 -5.032185 0.643702
15 -5.482140 9.642805
15 -5.006707 0.134135
19 -5.131071 2.621425
17 -5.211339 4.226775
21 -5.137907 2.758140
17 -5.170344 3.406879
16 -5.234917 4.698331
23 -5.225960 4.519199
17 -5.037044 0.740882
17 -5.241328 4.826563
16 -5.186123 3.722464
16 -5.390500 7.810002
21 -5.068341 1.366828
25 -5.008415 0.168292
21 -5.284151 5.683017
20 -5.375081 7.501629
25 -5.141352 2.827047
