10 2992.338338 9.323081
10 2996.704106 9.190785
10 3025.961648 8.304192
10 3064.710945 7.129971
11 3116.555376 5.558928
11 3050.970980 7.546334
11 3126.739327 5.250323
11 2979.634666 9.708040
11 3238.380310 1.867263
11 3147.297671 4.627343
11 3158.333091 4.292937
11 3055.206814 7.417975
11 3253.472173 1.409934
12 3171.313389 3.899594
12 3094.916374 6.214655
12 3004.742345 8.947202
12 3049.417839 7.593399
12 3254.999005 1.363667
12 3151.916901 4.487367
12 3017.694359 8.554716
12 3049.636690 7.586767
12 3145.269001 4.688818
12 3021.875663 8.428010
12 3036.170871 7.994822
12 3141.735744 4.795887
12 3121.546832 5.407672
12 2993.346351 9.292535
12 3182.037224 3.574630
12 3089.736860 6.371610
12 3082.177862 6.600671
12 3236.779450 1.915774
10 3015.561286 8.619355
13 3168.850411 3.974230
13 3039.694853 7.888035
13 3235.364703 1.958645
13 3072.489668 6.894252
13 3256.585273 1.315598
13 3115.244372 5.598655
13 3129.149432 5.177290
13 2977.861448 9.761774
13 3262.726572 1.129498
12 2971.734821 9.947430
13 2988.897272 9.427355
11 3134.781307 5.006627
13 3080.112020 6.663272
14 3274.272339 0.779626
11 2990.138555 9.389741
13 3121.649700 5.404555
14 3082.512620 6.590527
10 3028.212746 8.235977
11 2980.433064 9.683847
11 3046.093445 7.694138
11 3166.864260 4.034416
12 2997.046809 9.180400
12 3155.898765 4.366704
12 3101.913112 6.002633
12 3081.760310 6.613324
12 3066.295546 7.081953
12 2972.837086 9.914028
14 3021.999073 8.424271
12 3209.696746 2.736462
12 3002.668161 9.010056
11 3226.701166 2.221177
10 3197.598860 3.103065
14 2996.178028 9.206726
13 2975.272084 9.840240
12 3074.393650 6.836556
11 3199.814873 3.035913
12 3233.028845 2.029429
13 3123.665098 5.343482
11 3057.689106 7.342754
13 3101.746191 6.007691
17 3290.599641 0.284859
15 3093.810067 6.248180
17 3272.700372 0.827261
13 3169.379262 3.958204
13 3031.923084 8.123543
14 3221.548847 2.377308
11 3150.092030 4.542666
12 3258.213890 1.266246
14 2986.343253 9.504750
14 3258.178118 1.267330
13 3296.658200 0.101267
12 3140.360628 4.837557
12 3086.013796 6.484430
13 3011.927100 8.729482
11 3113.004170 5.666540
12 3192.307633 3.263405
13 3292.384803 0.230764
14 3156.204647 4.357435
14 3079.942701 6.668403
14 3285.331424 0.444502
12 3003.569956 8.982729
13 3291.726030 0.250726
13 3056.272980 7.385667
11 3075.585869 6.800428
12 3092.894205 6.275933
12 3201.944969 2.971365
13 3094.147986 6.237940
12 3069.919356 6.972141
14 2976.311149 9.808753
13 3151.384869 4.503489
12 3286.175728 0.418917
12 3010.967899 8.758549
12 2995.306514 9.233136
12 3004.810497 8.945136
14 3063.670732 7.161493
12 3144.938072 4.698846
16 3104.587225 5.921599
13 3093.758289 6.249749
12 3239.357993 1.837637
12 3039.311133 7.899663
13 3079.759708 6.673948
13 3050.869975 7.549395
13 3039.029114 7.908209
16 3015.410508 8.623924
16 3293.553876 0.195337
16 3151.020519 4.514530
13 3202.273432 2.961411
12 3297.503561 0.075650
12 3210.186081 2.721634
12 3088.674203 6.403812
14 3022.319084 8.414573
12 3176.995639 3.727405
13 3120.561344 5.437535
12 3270.063539 0.907165
14 3288.934032 0.335332
16 3107.191843 5.842671
18 3277.472192 0.682661
17 3284.573253 0.467477
15 3262.455328 1.137717
14 3114.434785 5.623188
19 3276.847150 0.701602
11 3243.346164 1.716783
14 2977.237871 9.780671
13 3181.614828 3.587429
12 3148.834348 4.580777
14 3049.439532 7.592741
13 2971.082442 9.967199
15 3169.637403 3.950382
11 3009.913485 8.790500
16 2999.452573 9.107498
15 3190.441644 3.319950
16 3136.301147 4.960571
15 2971.293680 9.960798
12 3282.472335 0.531141
12 3109.818914 5.763063
11 3182.396322 3.563748
14 3086.613895 6.466246
11 3084.886190 6.518600
13 3032.206970 8.114940
13 3018.039078 8.544270
14 3289.947175 0.304631
11 3099.800986 6.066637
12 3059.475450 7.288623
14 3256.193272 1.327477
14 3050.369646 7.564556
11 3051.849009 7.519727
12 3109.450516 5.774227
16 3068.701195 7.009055
12 3039.250739 7.901493
16 3089.277578 6.385528
19 3163.993609 4.121406
12 3196.213767 3.145037
13 3068.210890 7.023912
14 3214.725885 2.584064
12 3263.470745 1.106947
11 3004.609798 8.951218
12 3070.937639 6.941284
12 3005.643618 8.919890
12 3199.795984 3.036485
12 2987.091876 9.482064
15 3000.359396 9.080018
14 3188.520319 3.378172
13 3141.492402 4.803261
12 3096.993117 6.151724
11 3126.379538 5.261226
14 3074.770907 6.825124
14 3027.366447 8.261623
12 2981.903157 9.639298
12 3293.845842 0.186490
12 3042.801189 7.793903
12 3027.678681 8.252161
16 3248.605286 1.557416
17 3153.295931 4.445578
13 3120.142203 5.450236
13 2982.140539 9.632105
14 3090.569579 6.346376
14 3103.531097 5.953603
16 3298.841094 0.035118
16 3151.322983 4.505364
18 3228.847454 2.156138
16 3146.426785 4.653734
17 2993.628143 9.283996
17 3299.600587 0.012103
17 3299.192270 0.024477
17 3122.476505 5.379500
18 3291.021180 0.272085
21 3173.900375 3.821201
failed to find solution in 1200 iterations and 215 function evals
