105 -7585.385537 7.604333
109 -7733.733834 9.708764
114 -7655.255776 8.595495
116 -7693.111798 9.132510
115 -7673.738267 8.857682
118 -7682.071652 8.975898
121 -7574.428454 7.448899
126 -7607.556450 7.918844
130 -7672.651414 8.842265
129 -7700.667722 9.239697
132 -7549.034545 7.088667
135 -7658.988281 8.648443
137 -7603.367670 7.859423
146 -7505.169917 6.466415
152 -7350.568833 4.273284
153 -7638.310839 8.355118
159 -7625.428498 8.172372
163 -7727.346095 9.618149
165 -7667.090992 8.763386
164 -7749.476299 9.932083
165 -7553.855817 7.157061
173 -7684.026783 9.003633
176 -7543.088299 7.004315
181 -7678.815141 8.929702
202 -7681.224561 8.963881
199 -7727.334757 9.617988
206 -7690.567603 9.096419
208 -7614.387017 8.015741
211 -7608.906363 7.937994
106 -7541.239054 6.978083
214 -7643.302046 8.425922
142 -7702.042645 9.259201
216 -7697.606529 9.196271
216 -7551.258726 7.120219
220 -7749.006512 9.925418
220 -7741.884997 9.824394
220 -7701.078006 9.245517
131 -7644.830270 8.447601
151 -7559.107255 7.231556
227 -7628.407495 8.214632
234 -7663.350594 8.710326
168 -7521.340703 6.695810
149 -7648.274421 8.496459
145 -7692.815927 9.128313
248 -7479.472146 6.101873
170 -7429.984762 5.399858
170 -7715.616696 9.451759
255 -7331.389071 4.001205
181 -7623.323125 8.142506
149 -7662.719884 8.701378
156 -7584.946849 7.598110
197 -7718.146350 9.487644
167 -7594.783809 7.737655
282 -7527.572396 6.784211
164 -7613.091202 7.997359
287 -7590.001690 7.669817
168 -7636.187169 8.324992
199 -7488.375934 6.228180
234 -7620.008182 8.095481
171 -7684.878581 9.015716
135 -7547.851003 7.071878
315 -7656.461018 8.612592
316 -7631.333377 8.256138
146 -7407.724907 5.084085
160 -7502.055227 6.422231
120 -7594.430383 7.732641
323 -7491.704250 6.275395
207 -7544.626353 7.026134
258 -7649.774900 8.517744
223 -7641.608507 8.401898
165 -7753.179189 9.984611
142 -7694.826030 9.156828
186 -7746.054184 9.883537
192 -7634.526828 8.301439
176 -7630.334301 8.241965
171 -7508.676113 6.516153
176 -7555.226017 7.176498
364 -7549.020310 7.088465
167 -7561.521920 7.265810
207 -7588.276845 7.645349
132 -7722.403182 9.548030
217 -7640.015792 8.379304
158 -7679.873693 8.944718
206 -7343.980294 4.179820
115 -7694.107405 9.146634
162 -7579.184349 7.516365
249 -7686.290675 9.035748
234 -7499.132230 6.380766
251 -7306.010193 3.641186
173 -7485.730116 6.190647
202 -7667.657203 8.771418
229 -7386.401688 4.781599
188 -7603.983564 7.868160
141 -7528.206284 6.793203
282 -7561.495977 7.265442
211 -7742.910995 9.838949
259 -7572.642857 7.423569
318 -7561.934575 7.271664
189 -7651.770931 8.546059
294 -7439.777599 5.538776
195 -7497.101979 6.351965
155 -7704.435437 9.293145
206 -7547.269491 7.063629
135 -7653.246583 8.566993
173 -7629.393957 8.228625
146 -7564.149551 7.303085
167 -7654.321555 8.582242
316 -7736.976928 9.754770
266 -7534.644801 6.884538
350 -7502.302825 6.425743
126 -7580.393873 7.533523
165 -7579.730580 7.524113
211 -7649.176250 8.509252
195 -7709.956437 9.371464
144 -7507.449269 6.498749
163 -7718.090023 9.486845
205 -7564.184256 7.303577
156 -7540.154141 6.962692
173 -7380.490157 4.697740
129 -7584.905448 7.597523
191 -7749.416286 9.931231
96 -7736.943055 9.754289
268 -7410.936572 5.129645
262 -7290.882106 3.426583
179 -7490.398851 6.256876
469 -7659.840638 8.660534
191 -7534.194910 6.878156
138 -7640.192456 8.381810
124 -7664.949623 8.733009
229 -7710.870405 9.384429
144 -7620.027467 8.095755
482 -7714.205466 9.431740
226 -7735.116215 9.728374
144 -7640.755126 8.389792
195 -7543.020833 7.003358
171 -7478.577316 6.089179
113 -7663.740900 8.715862
201 -7640.258319 8.382744
185 -7684.619919 9.012047
309 -7691.498645 9.109627
230 -7550.571821 7.110475
149 -7574.397301 7.448457
106 -7750.156701 9.941735
152 -7724.390103 9.576216
332 -7638.691427 8.360517
327 -7662.146842 8.693249
130 -7578.382701 7.504993
226 -7402.100508 5.004299
195 -7339.362177 4.114309
138 -7599.507450 7.804663
167 -7721.886571 9.540702
167 -7667.235920 8.765442
213 -7677.535721 8.911552
201 -7580.347368 7.532863
255 -7564.119013 7.302652
198 -7514.047388 6.592349
192 -7699.913678 9.229000
153 -7384.910470 4.760445
166 -7460.760778 5.836438
145 -7566.041416 7.329922
208 -7702.241973 9.262029
265 -7670.766187 8.815521
198 -7511.206236 6.552045
282 -7627.642221 8.203776
155 -7417.095421 5.217013
261 -7541.585050 6.982991
137 -7543.445345 7.009380
237 -7732.529209 9.691676
363 -7650.505230 8.528104
203 -7493.250291 6.297326
127 -7737.402913 9.760813
447 -7726.092961 9.600373
192 -7525.698531 6.757629
176 -7713.602199 9.423182
137 -7724.406738 9.576452
187 -7671.509805 8.826070
179 -7688.117516 9.061663
170 -7491.785626 6.276549
220 -7614.274842 8.014149
211 -7452.033225 5.712632
190 -7700.634775 9.239229
300 -7703.403522 9.278506
238 -7698.028733 9.202261
401 -7668.086139 8.777503
202 -7546.758867 7.056385
169 -7649.973549 8.520562
195 -7744.288032 9.858483
175 -7509.528513 6.528245
384 -7503.128249 6.437452
602 -7715.001185 9.443028
334 -7414.044356 5.173731
285 -7644.186351 8.438466
479 -7752.652717 9.977143
374 -7668.129517 8.778118
292 -7497.353694 6.355536
288 -7548.457996 7.080489
369 -7489.133826 6.238931
365 -7720.221982 9.517088
519 -7344.261917 4.183815
