36 4.259554 7.113998
84 4.256464 7.181368
147 4.236577 7.615036
412 4.175386 8.949397
654 4.199239 8.429245
737 4.205768 8.286879
1079 4.347935 5.186717
2108 4.137670 9.771853
1944 4.258710 7.132402
3025 4.214827 8.089335
4225 4.315136 5.901933
4596 4.234076 7.669572
4630 4.346035 5.228140
4903 4.365196 4.810306
5925 4.233900 7.673412
6390 4.283787 6.585553
6721 4.329726 5.583795
8378 4.326750 5.648687
9338 4.157889 9.330941
8702 4.452487 2.906803
7215 4.194729 8.527589
10290 4.194725 8.527675
9963 4.348397 5.176636
10853 4.167403 9.123493
10828 4.159081 9.304951
4889 4.221217 7.949983
11202 4.262970 7.039490
8401 4.399812 4.055459
12038 4.192215 8.582415
11323 4.146763 9.573580
11454 4.189965 8.631483
9080 4.128130 9.979883
13580 4.140680 9.706210
12583 4.175536 8.946140
13712 4.148970 9.525451
14638 4.220841 7.958194
2853 4.185972 8.718550
15010 4.168104 9.108187
14993 4.240301 7.533835
16289 4.258100 7.145708
16340 4.149931 9.504495
3817 4.294118 6.360268
6342 4.210713 8.179035
13469 4.325894 5.667346
17472 4.168501 9.099549
565 4.284163 6.577363
11609 4.252515 7.267483
2150 4.136126 9.805533
17380 4.141918 9.679218
2979 4.272606 6.829368
17704 4.213967 8.108092
19451 4.130133 9.936214
18263 4.224434 7.879846
11398 4.130377 9.930890
19640 4.210852 8.176001
18956 4.311607 5.978903
18352 4.493031 2.022682
8395 4.241707 7.503169
19924 4.173590 8.988560
19849 4.350767 5.124953
12327 4.144104 9.631554
19915 4.387407 4.325959
20647 4.248649 7.351781
23320 4.232024 7.714332
22117 4.133112 9.871248
16547 4.207739 8.243887
22513 4.221418 7.945609
23314 4.152346 9.451826
23762 4.237679 7.591005
25154 4.209916 8.196432
23757 4.180163 8.845228
24453 4.256179 7.187594
24458 4.148562 9.534329
4910 4.165443 9.166222
11515 4.359683 4.930524
13651 4.141686 9.684277
25450 4.272691 6.827515
24434 4.164805 9.180142
26354 4.155312 9.387142
22176 4.194687 8.528503
20117 4.181210 8.822392
4700 4.181930 8.806696
27575 4.300515 6.220767
3061 4.151559 9.468986
12850 4.143343 9.648149
27052 4.146143 9.587100
26523 4.137793 9.769171
7032 4.476257 2.388444
27672 4.189710 8.637035
4891 4.281640 6.632364
7860 4.275882 6.757938
27952 4.205414 8.294592
7599 4.328186 5.617372
3566 4.282323 6.617479
3248 4.218290 8.013822
9169 4.198451 8.446439
19084 4.360546 4.911702
24170 4.190422 8.621509
2240 4.176948 8.915333
30200 4.238610 7.570701
31267 4.246988 7.388021
29413 4.324695 5.693495
33062 4.372415 4.652897
15983 4.202257 8.363445
34024 4.364744 4.820171
33396 4.339384 5.373177
10088 4.162777 9.224364
2419 4.227228 7.818914
34972 4.222809 7.915266
20253 4.175186 8.953762
33810 4.177850 8.895668
31051 4.253527 7.245413
25597 4.135773 9.813229
36001 4.178438 8.882855
35649 4.135841 9.811735
30959 4.255742 7.197115
14384 4.352010 5.097850
3381 4.267326 6.944509
37362 4.319832 5.799535
10250 4.127377 9.996320
37449 4.205348 8.296038
39256 4.368808 4.731538
34289 4.246210 7.404980
37343 4.188368 8.666318
15699 4.222007 7.932758
20661 4.147254 9.562866
38445 4.166028 9.153465
16423 4.190988 8.609183
39541 4.223565 7.898788
14760 4.246319 7.402607
28020 4.213174 8.125369
41214 4.382203 4.439449
40453 4.273267 6.814964
2315 4.257467 7.159509
24713 4.289963 6.450868
198 4.135868 9.811141
32848 4.428356 3.433019
11259 4.138472 9.754370
13744 4.194146 8.540317
11551 4.164230 9.192664
42723 4.212748 8.134666
32891 4.229054 7.779091
43506 4.189857 8.633847
39666 4.205824 8.285661
39630 4.175365 8.949857
39547 4.137109 9.784090
15885 4.300863 6.213181
42002 4.348465 5.175148
43555 4.140071 9.719491
1378 4.385684 4.363529
8408 4.139985 9.721365
119 4.141145 9.696089
19312 4.425141 3.503119
2702 4.315462 5.894842
28022 4.154001 9.415730
17927 4.154430 9.406387
5713 4.498902 1.894639
20935 4.201197 8.386561
4184 4.143152 9.652320
44592 4.349749 5.147158
6541 4.329844 5.581219
45020 4.236128 7.624828
20909 4.355874 5.013591
2949 4.153836 9.419322
22604 4.189867 8.633629
46647 4.219667 7.983781
48553 4.184126 8.758804
45550 4.145766 9.595306
41953 4.171864 9.026198
49940 4.162708 9.225860
27723 4.174260 8.973963
10242 4.144682 9.618959
41776 4.155856 9.375282
42189 4.140589 9.708192
30640 4.148139 9.543568
11110 4.299462 6.243730
24183 4.368010 4.748947
52684 4.139768 9.726105
46017 4.373509 4.629036
39475 4.150511 9.491833
37295 4.244550 7.441178
13856 4.137295 9.780042
49803 4.252534 7.267070
39619 4.148027 9.546011
34389 4.491412 2.057988
54052 4.333696 5.497217
39706 4.299757 6.237305
573 4.162957 9.220426
49215 4.181861 8.808209
54838 4.210305 8.187941
39754 4.178018 8.892012
36825 4.165393 9.167319
8847 4.157794 9.333014
54416 4.145915 9.592071
6961 4.352494 5.087302
173 4.430733 3.381170
5299 4.150484 9.492421
3988 4.276288 6.749072
2701 4.248143 7.362826
4652 4.251011 7.300278
55759 4.214672 8.092704
52290 4.377888 4.533537
54223 4.178152 8.889080
16985 4.329619 5.586116
8439 4.310051 6.012821
27407 4.265325 6.988136
3519 4.147196 9.564129
15048 4.139828 9.724805
30899 4.311904 5.972418
16713 4.130150 9.935842
9812 4.223989 7.889547
23631 4.290100 6.447888
4495 4.238700 7.568753
57482 4.135523 9.818680
56601 4.164022 9.197203
2285 4.153756 9.421070
46927 4.155528 9.382435
56493 4.153449 9.427775
4654 4.232744 7.698625
20876 4.197825 8.460077
5498 4.309464 6.025624
16790 4.362122 4.877335
61560 4.213649 8.115011
8294 4.266682 6.958554
13262 4.139928 9.722622
59419 4.214750 8.091007
25230 4.157848 9.331849
19713 4.206414 8.272791
50894 4.275467 6.766974
41956 4.348068 5.183806
5551 4.195481 8.511205
56945 4.143103 9.653370
44455 4.255445 7.203585
40457 4.320848 5.777387
12633 4.276124 6.752659
12920 4.435583 3.275413
37723 4.213110 8.126778
14306 4.180828 8.830728
41142 4.300099 6.229836
44125 4.134472 9.841600
17025 4.310091 6.011946
61411 4.394183 4.178204
30732 4.373376 4.631936
20374 4.432380 3.345263
30473 4.146617 9.576762
17744 4.182801 8.787698
1396 4.200010 8.412427
56892 4.232180 7.710915
28356 4.181260 8.821315
36961 4.321922 5.753966
3641 4.176086 8.934128
33316 4.295613 6.327670
1019 4.333294 5.505978
24706 4.127971 9.983364
24442 4.274186 6.794919
64434 4.181664 8.812492
39607 4.170840 9.048543
24089 4.185776 8.722831
44682 4.188363 8.666426
66773 4.137508 9.775395
9318 4.156177 9.368290
52623 4.149572 9.512324
3929 4.137159 9.783000
23149 4.170057 9.065604
30294 4.159010 9.306508
69192 4.154431 9.406367
31917 4.189802 8.635031
1586 4.156739 9.356036
68133 4.150232 9.497924
10267 4.243940 7.454470
15934 4.138310 9.757904
57631 4.364995 4.814700
7786 4.376537 4.562990
17984 4.192127 8.584334
44895 4.193076 8.563638
69769 4.254351 7.227444
46017 4.304510 6.133651
2369 4.213324 8.122111
35926 4.129601 9.947807
31766 4.245425 7.422085
6553 4.237085 7.603969
36227 4.209322 8.209365
23494 4.137222 9.781632
15673 4.181128 8.824195
17373 4.323870 5.711478
72020 4.135044 9.829130
1091 4.338983 5.381911
5435 4.142661 9.663009
68429 4.316199 5.878769
1174 4.143920 9.635566
47162 4.246988 7.388018
67228 4.320887 5.776541
12004 4.185289 8.733450
29889 4.394199 4.177846
25269 4.225058 7.866236
835 4.244423 7.443951
56440 4.142224 9.672539
53967 4.514178 1.561529
8356 4.141759 9.682697
15945 4.204040 8.324555
8140 4.383114 4.419576
41639 4.330488 5.567171
63938 4.397844 4.098371
14479 4.183962 8.762382
20620 4.183218 8.778603
58394 4.386332 4.349412
67654 4.350028 5.141061
1983 4.235698 7.634207
32298 4.191605 8.595714
49445 4.213236 8.124036
13747 4.168060 9.109149
49538 4.191440 8.599318
397 4.381565 4.453352
25510 4.137459 9.776466
47989 4.330031 5.577128
701 4.145793 9.594719
14942 4.413442 3.758236
20423 4.253090 7.254948
40355 4.197705 8.462712
33614 4.215562 8.073311
75359 4.288638 6.479765
13222 4.476902 2.374382
28647 4.261396 7.073831
36698 4.182319 8.798221
2940 4.132835 9.877282
5700 4.225483 7.856964
52552 4.498942 1.893780
14698 4.223091 7.909130
5342 4.157801 9.332878
34903 4.129510 9.949799
7655 4.292483 6.395924
70826 4.203109 8.344850
42423 4.376623 4.561135
31491 4.221431 7.945315
18103 4.163770 9.202708
23367 4.190308 8.624008
37216 4.184185 8.757529
39593 4.161613 9.249750
15833 4.155163 9.390388
12143 4.136917 9.788284
29557 4.426049 3.483326
81713 4.130554 9.927024
76977 4.198223 8.451401
82308 4.278924 6.691604
122 4.173091 8.999447
67128 4.238182 7.580049
20591 4.487762 2.137564
85131 4.272474 6.832248
895 4.314119 5.924123
44520 4.236113 7.625158
3123 4.199234 8.429357
22487 4.171638 9.031125
8919 4.285426 6.549815
31893 4.446749 3.031931
2216 4.329908 5.579806
2540 4.154055 9.414565
9585 4.183334 8.776092
12556 4.170425 9.057586
11534 4.332799 5.516783
25872 4.300715 6.216415
47008 4.434447 3.300181
35239 4.144217 9.629097
5570 4.143585 9.642876
31597 4.213984 8.107706
22086 4.156688 9.357134
13061 4.277533 6.721924
13114 4.387544 4.322966
8265 4.145677 9.597261
53144 4.161636 9.249242
85558 4.224890 7.869885
6667 4.255789 7.196088
85936 4.464542 2.643915
58838 4.264310 7.010288
17094 4.521610 1.399474
77970 4.278723 6.695976
18910 4.143448 9.645862
76274 4.167028 9.131657
37028 4.295983 6.319607
42249 4.306105 6.098875
88535 4.159129 9.303906
4949 4.153675 9.422844
27958 4.213631 8.115418
71921 4.320902 5.776201
46167 4.293718 6.368994
20702 4.311649 5.977977
23781 4.250253 7.316821
37324 4.154586 9.402985
39313 4.148097 9.544481
69663 4.307867 6.060458
89959 4.188112 8.671885
10194 4.144002 9.633785
1190 4.175049 8.956750
25479 4.297100 6.295233
13539 4.189810 8.634854
433 4.466847 2.593646
15843 4.232915 7.694899
47260 4.199358 8.426660
11887 4.377472 4.542609
16431 4.176314 8.929172
6589 4.176643 8.921994
5007 4.219376 7.990140
69612 4.183600 8.770279
11451 4.135540 9.818308
62202 4.297565 6.285103
9398 4.386047 4.355628
92827 4.215187 8.081485
92325 4.149496 9.513970
8556 4.141068 9.697768
35674 4.150359 9.495148
18853 4.296987 6.297699
11412 4.137921 9.766381
64343 4.170560 9.054633
32255 4.202011 8.368792
83984 4.154709 9.400298
16141 4.128050 9.981627
28912 4.212770 8.134191
2919 4.306871 6.082183
1877 4.366850 4.774236
18264 4.271909 6.844561
31920 4.204913 8.305529
38865 4.139487 9.732236
14877 4.145192 9.607830
23287 4.150073 9.501394
2891 4.235418 7.640319
93096 4.258365 7.139915
29960 4.330901 5.558156
4637 4.129616 9.947484
22714 4.143757 9.639130
1889 4.310366 6.005952
88366 4.281267 6.640497
29815 4.267626 6.937964
27787 4.293710 6.369160
92509 4.270409 6.877289
53315 4.407989 3.877145
4555 4.252966 7.257658
31363 4.171801 9.027580
20910 4.426795 3.467051
10699 4.169935 9.068259
87009 4.227923 7.803757
6642 4.142682 9.662560
71551 4.370475 4.695201
77089 4.149887 9.505441
13483 4.258077 7.146190
20642 4.141609 9.685962
96080 4.470654 2.510636
2715 4.258414 7.138841
30973 4.155252 9.388448
70023 4.130527 9.927614
18828 4.481717 2.269399
4546 4.334144 5.487436
75255 4.159497 9.295881
39479 4.193709 8.549833
15508 4.403211 3.981336
60215 4.429750 3.402616
40060 4.183025 8.782827
15906 4.239969 7.541076
93216 4.145013 9.611730
30164 4.267581 6.938941
25972 4.438340 3.215284
5064 4.247209 7.383190
18877 4.399928 4.052921
10178 4.240923 7.520264
13117 4.350210 5.137093
7523 4.258757 7.131373
7679 4.220854 7.957894
62302 4.130411 9.930144
6911 4.209384 8.208017
86878 4.211933 8.152446
32832 4.164656 9.183392
30207 4.287917 6.495488
77616 4.130104 9.936841
4283 4.297442 6.287783
16646 4.255753 7.196868
41100 4.335275 5.462786
7258 4.172142 9.020137
41081 4.422270 3.565727
40114 4.421966 3.572354
2392 4.271366 6.856415
96884 4.237631 7.592050
11557 4.453069 2.894113
39093 4.287548 6.503550
57904 4.293980 6.363273
16060 4.213018 8.128768
83770 4.314286 5.920486
73378 4.396338 4.131215
1565 4.334127 5.487806
39042 4.148713 9.531039
14624 4.293652 6.370428
15683 4.315710 5.889417
24762 4.249139 7.341111
10725 4.213642 8.115163
10774 4.359303 4.938819
8148 4.209136 8.213441
13998 4.133375 9.865507
42348 4.174449 8.969840
83455 4.237171 7.602085
12608 4.195697 8.506486
80084 4.191315 8.602055
962 4.127224 9.999638
13146 4.193291 8.558950
6866 4.161065 9.261685
43857 4.167547 9.120346
13587 4.246479 7.399109
3320 4.180969 8.827663
75832 4.134141 9.848812
78094 4.204575 8.312901
101939 4.240335 7.533081
1474 4.150699 9.487738
5394 4.360366 4.915628
14657 4.185172 8.735993
20871 4.411474 3.801151
105 4.218676 8.005403
21609 4.127831 9.986410
2646 4.396843 4.120188
15461 4.238812 7.566291
106079 4.225415 7.858440
103725 4.260242 7.098982
19629 4.152394 9.450783
87483 4.229130 7.777437
38950 4.324814 5.690893
14205 4.147314 9.561565
65114 4.240966 7.519325
98202 4.200362 8.404769
13333 4.179754 8.854147
46427 4.352453 5.088196
81223 4.216328 8.056590
51338 4.155048 9.392891
60946 4.230545 7.746577
41545 4.131624 9.903700
7941 4.181322 8.819962
28476 4.201666 8.376324
10990 4.148750 9.530246
46817 4.161351 9.255465
16423 4.395141 4.157313
3480 4.293475 6.374299
13437 4.291153 6.424935
1741 4.209475 8.206033
6871 4.201189 8.386720
106561 4.153925 9.417394
14979 4.138735 9.748635
19344 4.208043 8.237257
6634 4.143320 9.648655
65844 4.186177 8.714087
7597 4.182190 8.801026
39761 4.399838 4.054894
25754 4.227713 7.808342
11648 4.176772 8.919184
108955 4.206399 8.273127
40598 4.150608 9.489729
9500 4.159729 9.290828
23765 4.238756 7.567525
16140 4.206719 8.266143
3589 4.188042 8.673423
70250 4.187995 8.674432
33209 4.487919 2.134147
12496 4.179615 8.857174
13569 4.147781 9.551364
56369 4.262905 7.040911
38433 4.257224 7.164795
102010 4.217539 8.030183
17340 4.222347 7.925351
34864 4.179195 8.866332
47586 4.292514 6.395253
8714 4.359342 4.937968
33073 4.160066 9.283483
87937 4.164844 9.179288
109019 4.221114 7.952236
29953 4.138449 9.754867
38505 4.157358 9.342536
38264 4.161581 9.250436
107228 4.243573 7.462479
86210 4.156365 9.364192
88734 4.157717 9.334696
11749 4.308328 6.050405
89879 4.182948 8.784509
48234 4.225818 7.849646
30211 4.214458 8.097367
4267 4.224888 7.869943
834 4.177052 8.913064
14191 4.250741 7.306162
8393 4.239323 7.555152
31283 4.133067 9.872242
29730 4.452435 2.907937
7867 4.191489 8.598258
15474 4.163368 9.211463
2657 4.173132 8.998552
7216 4.201449 8.381053
4416 4.139498 9.731996
29821 4.299404 6.244992
17723 4.393975 4.182746
34029 4.355199 5.028317
70776 4.290446 6.440343
55058 4.272454 6.832690
50055 4.172904 9.003520
4589 4.130268 9.933259
28181 4.411676 3.796735
67549 4.192062 8.585758
21944 4.242335 7.489476
1180 4.194488 8.532848
31442 4.411121 3.808837
11576 4.164441 9.188065
112028 4.193534 8.553648
69735 4.187551 8.684135
15568 4.353876 5.057168
44376 4.222643 7.918895
29117 4.322176 5.748434
76178 4.207624 8.246405
67990 4.341050 5.336839
2687 4.246282 7.403401
112405 4.177520 8.902872
10276 4.251001 7.300511
61963 4.321846 5.755625
115435 4.140054 9.719870
20970 4.209626 8.202750
5957 4.280457 6.658159
112147 4.301736 6.194142
4618 4.202713 8.353484
74208 4.467904 2.570605
19624 4.157424 9.341080
18105 4.194471 8.533228
16109 4.432147 3.350336
260 4.448208 3.000103
4625 4.273868 6.801861
14062 4.133305 9.867048
40420 4.272427 6.833271
28502 4.237989 7.584255
28134 4.149261 9.519090
12902 4.164549 9.185719
108138 4.170053 9.065706
30977 4.199183 8.430477
39152 4.273470 6.810529
15895 4.209668 8.201830
3135 4.216677 8.048991
7854 4.177864 8.895359
14105 4.184613 8.748184
20829 4.146084 9.588384
71235 4.204740 8.309298
21990 4.238810 7.566341
62619 4.353445 5.066564
15925 4.382001 4.443857
21065 4.184709 8.746107
11802 4.201208 8.386310
19276 4.155632 9.380174
62722 4.213562 8.116918
28626 4.219740 7.982199
51697 4.343626 5.280676
3511 4.156352 9.364464
3357 4.409988 3.833545
55565 4.401168 4.025882
45794 4.406754 3.904078
715 4.177789 8.896999
6792 4.137904 9.766764
25331 4.280037 6.667333
52964 4.168008 9.110291
22255 4.346347 5.221347
16873 4.134256 9.846294
8034 4.295449 6.331252
84011 4.136682 9.793403
28740 4.226777 7.828750
107509 4.238301 7.577455
12674 4.408045 3.875927
6093 4.256646 7.177403
12947 4.267868 6.932689
77072 4.141297 9.692774
66414 4.222352 7.925242
7589 4.236414 7.618585
56042 4.166970 9.132927
31302 4.136172 9.804532
4364 4.196947 8.479228
28757 4.455400 2.843263
13344 4.193685 8.550354
29802 4.271515 6.853161
44431 4.318500 5.828581
17513 4.360458 4.913628
38707 4.247390 7.379248
35410 4.326690 5.649991
12923 4.190832 8.612586
48567 4.249113 7.341671
33711 4.211890 8.153367
113182 4.212938 8.130514
33416 4.217507 8.030880
15196 4.162849 9.222789
44523 4.265816 6.977439
82002 4.277557 6.721405
107547 4.145761 9.595419
8490 4.347376 5.198905
48285 4.140760 9.704472
101777 4.263156 7.035442
14522 4.142786 9.660295
3647 4.213316 8.122281
70948 4.202189 8.364914
9126 4.251786 7.283388
37457 4.373836 4.621909
2472 4.234580 7.658581
7649 4.326304 5.658402
55440 4.295790 6.323819
50250 4.241671 7.503954
84822 4.172105 9.020944
9124 4.356868 4.991923
32573 4.187445 8.686432
79803 4.243187 7.470892
14854 4.304498 6.133914
5628 4.382605 4.430670
7725 4.338852 5.384785
7409 4.217143 8.038817
36360 4.130129 9.936292
124733 4.161771 9.246303
8723 4.238733 7.568029
59917 4.194139 8.540464
14052 4.171189 9.040922
39807 4.260224 7.099378
74654 4.153336 9.430240
25202 4.171280 9.038945
4574 4.130992 9.917476
14301 4.301384 6.201826
28374 4.269228 6.903033
81694 4.557642 0.613723
36252 4.260186 7.100220
23628 4.137487 9.775841
48114 4.138857 9.745965
1631 4.380235 4.482363
71165 4.441098 3.155142
26711 4.413094 3.765828
54009 4.212912 8.131080
22142 4.279254 6.684405
27789 4.263560 7.026635
26652 4.255065 7.211875
33164 4.169100 9.086477
50921 4.156303 9.365536
62954 4.148740 9.530462
32945 4.213511 8.118034
40618 4.208835 8.220006
17349 4.166042 9.153172
2530 4.234288 7.664957
31335 4.384347 4.392689
41670 4.151630 9.467439
4404 4.153041 9.436666
9692 4.347780 5.190080
19423 4.312724 5.954542
42893 4.182730 8.789244
3864 4.132822 9.877575
23952 4.366453 4.782904
22105 4.287899 6.495884
110887 4.174288 8.973356
62425 4.181275 8.820978
63583 4.220694 7.961386
53456 4.266200 6.969060
17121 4.276849 6.736857
97683 4.144989 9.612255
47225 4.250805 7.304775
62812 4.216219 8.058969
66237 4.173777 8.984481
52452 4.132870 9.876522
128221 4.222578 7.920313
16271 4.452930 2.897145
68240 4.196897 8.480311
331 4.166612 9.140739
27448 4.211229 8.167796
13905 4.130986 9.917607
3071 4.235921 7.629335
19195 4.193770 8.548517
11987 4.159006 9.306593
113 4.140339 9.713660
11397 4.306464 6.091047
12817 4.224992 7.867667
197 4.282172 6.620761
11628 4.138478 9.754226
16225 4.196135 8.496939
32803 4.155308 9.387241
174 4.161302 9.256522
20901 4.504655 1.769202
476 4.214950 8.086657
12560 4.303147 6.163374
47449 4.134248 9.846488
58882 4.215766 8.068847
31029 4.138216 9.759959
41136 4.281336 6.638995
4393 4.187690 8.681090
13089 4.299242 6.248526
33733 4.382939 4.423396
17392 4.320497 5.785043
14726 4.210883 8.175332
40519 4.134674 9.837197
36386 4.175788 8.940644
7224 4.219077 7.996650
70065 4.307533 6.067743
8770 4.342431 5.306728
19917 4.158053 9.327381
126629 4.176164 8.932428
48825 4.169061 9.087332
50450 4.261173 7.078686
63731 4.185454 8.729850
106036 4.233931 7.672742
37806 4.271481 6.853913
3253 4.230191 7.754300
19043 4.256830 7.173397
36470 4.131148 9.914073
43425 4.302790 6.171164
30487 4.335400 5.460056
30039 4.163424 9.210253
83682 4.273275 6.814787
16574 4.136767 9.791551
58257 4.282929 6.604256
41231 4.268823 6.911872
18523 4.156476 9.361756
19437 4.164895 9.178179
40771 4.176138 8.933000
13915 4.212597 8.137964
77730 4.182323 8.798140
85275 4.172596 9.010236
6608 4.159175 9.302905
8278 4.256984 7.170032
1371 4.269566 6.895660
83212 4.268332 6.922563
3253 4.454713 2.858255
72703 4.178409 8.883486
74243 4.146058 9.588945
34875 4.363856 4.839534
33235 4.278668 6.697179
39434 4.278818 6.693902
97000 4.149555 9.512691
82191 4.377572 4.540419
41074 4.128331 9.975504
94226 4.243632 7.461190
33645 4.170565 9.054521
16535 4.226364 7.837741
1043 4.319046 5.816668
16294 4.242471 7.486511
9676 4.256767 7.174773
22391 4.163224 9.214611
22275 4.380034 4.486738
92057 4.286225 6.532395
49940 4.462559 2.687158
6954 4.297516 6.286164
1114 4.135830 9.811987
4635 4.172773 9.006389
97239 4.140926 9.700865
17880 4.149385 9.516400
62523 4.435533 3.276503
102192 4.163313 9.212666
69467 4.331070 5.554476
58356 4.309203 6.031316
27390 4.261753 7.066032
11137 4.364966 4.815319
45944 4.161938 9.242659
24999 4.178218 8.887649
27 4.295765 6.324362
83217 4.204069 8.323914
5609 4.421137 3.590434
28383 4.160847 9.266456
43948 4.262050 7.059564
5057 4.172558 9.011069
5270 4.156661 9.357732
8446 4.284887 6.561560
29835 4.329979 5.578258
30980 4.191935 8.588533
68247 4.272195 6.838335
108963 4.205961 8.282678
20176 4.304948 6.124113
199 4.211794 8.155460
92385 4.266366 6.965455
24612 4.132221 9.890673
73538 4.227096 7.821794
57442 4.335449 5.458995
85018 4.262948 7.039970
44508 4.188754 8.657881
11983 4.308545 6.045667
14120 4.165211 9.171289
42388 4.144536 9.622124
77997 4.173472 8.991137
1410 4.225741 7.851335
33037 4.183297 8.776896
7249 4.269841 6.889670
29190 4.312320 5.963358
20952 4.218972 7.998945
43986 4.201653 8.376617
24400 4.279170 6.686235
2626 4.252219 7.273950
60360 4.132331 9.888273
29505 4.284973 6.559701
11109 4.170104 9.064582
1847 4.159444 9.297033
16619 4.402905 3.988004
53458 4.383238 4.416885
49245 4.284398 6.572241
4353 4.138820 9.746782
92250 4.239978 7.540873
5421 4.244579 7.440540
1313 4.174646 8.965543
66379 4.139115 9.740335
5848 4.241717 7.502959
13464 4.361199 4.897464
58576 4.238586 7.571238
49361 4.254737 7.219036
8245 4.203533 8.335617
3108 4.184522 8.750187
33438 4.184505 8.750555
16270 4.136581 9.795613
60288 4.286654 6.523033
51432 4.239431 7.552810
22216 4.264736 7.000996
36035 4.207809 8.242366
26033 4.256439 7.181911
19987 4.188424 8.665087
1179 4.189680 8.637702
767 4.203201 8.342854
5123 4.174653 8.965389
50083 4.251912 7.280639
211 4.176658 8.921665
27747 4.374870 4.599354
2444 4.253345 7.249393
3987 4.175239 8.952608
83300 4.291142 6.425162
28168 4.134633 9.838072
16422 4.412332 3.782430
42169 4.161195 9.258868
65063 4.191032 8.608227
89944 4.200789 8.395457
55087 4.213692 8.114086
36161 4.224538 7.877561
11322 4.343651 5.280124
29979 4.204750 8.309086
5935 4.428579 3.428154
57599 4.452197 2.913119
6620 4.194388 8.535033
25808 4.408327 3.869761
79049 4.317356 5.853521
65031 4.148308 9.539872
34135 4.131170 9.913599
71303 4.175814 8.940058
31403 4.141564 9.686942
112191 4.231965 7.715606
3725 4.141751 9.682864
19756 4.388025 4.312492
17147 4.130446 9.929397
13434 4.156455 9.362225
87853 4.222951 7.912166
7035 4.219170 7.994615
16683 4.129022 9.960444
31348 4.230809 7.740818
52387 4.178712 8.876879
4049 4.150385 9.494588
62710 4.173693 8.986324
68093 4.155849 9.375430
140304 4.145918 9.591994
17795 4.270551 6.874183
19650 4.413222 3.763029
15761 4.146614 9.576821
88978 4.326105 5.662741
16975 4.170197 9.062566
5895 4.376282 4.568571
31382 4.138243 9.759363
67193 4.141355 9.691496
67939 4.268257 6.924202
14120 4.275741 6.761001
2921 4.211178 8.168913
37162 4.176546 8.924097
17667 4.234584 7.658493
25895 4.128746 9.966459
3433 4.184347 8.753993
57327 4.226146 7.842513
100539 4.338673 5.388681
7702 4.294362 6.354961
104597 4.201820 8.372960
39057 4.144067 9.632358
4168 4.159584 9.293977
13974 4.185945 8.719154
3185 4.400410 4.042411
12911 4.166162 9.150543
7579 4.158789 9.311331
28204 4.132250 9.890057
21266 4.157726 9.334513
35759 4.166668 9.139513
82571 4.222400 7.924189
665 4.286399 6.528596
3614 4.200695 8.397508
40432 4.145235 9.606890
13618 4.196109 8.497515
58502 4.138189 9.760546
52944 4.208886 8.218873
62259 4.362088 4.878079
12412 4.138977 9.743359
70610 4.183152 8.780047
9263 4.225934 7.847131
88446 4.200473 8.402345
24214 4.139612 9.729515
23227 4.140564 9.708752
22874 4.229721 7.764545
3445 4.187864 8.677292
6368 4.178737 8.876326
31956 4.153697 9.422367
31647 4.194950 8.522783
4382 4.152492 9.448632
13921 4.143582 9.642925
8376 4.274676 6.784238
22625 4.157994 9.328663
52625 4.278499 6.700858
31470 4.157334 9.343050
69871 4.221889 7.935342
31156 4.409626 3.841452
13291 4.161109 9.260728
56393 4.250260 7.316661
152982 4.173155 8.998052
51003 4.279872 6.670935
73080 4.248009 7.365757
77770 4.319626 5.804041
3271 4.221213 7.950075
24007 4.203878 8.328087
144430 4.286332 6.530052
20001 4.149529 9.513249
50173 4.325220 5.682046
536 4.156455 9.362216
3192 4.138702 9.749360
87895 4.370405 4.696713
8531 4.133054 9.872520
5967 4.128030 9.982067
82129 4.281542 6.634511
17717 4.333826 5.494385
17571 4.251791 7.283284
440 4.213221 8.124343
74778 4.176418 8.926890
4126 4.343968 5.273226
13825 4.239409 7.553289
16844 4.232442 7.705199
70399 4.209738 8.200298
723 4.147967 9.547304
78203 4.209642 8.202400
19465 4.335190 5.464623
5813 4.364426 4.827109
48231 4.222173 7.929136
46400 4.145515 9.600774
27417 4.255249 7.207858
135718 4.301364 6.202257
21435 4.262675 7.045926
36490 4.129561 9.948674
7100 4.206479 8.271374
7502 4.157121 9.347704
33517 4.147151 9.565101
14871 4.474055 2.436466
37356 4.499053 1.891359
100698 4.227758 7.807350
6554 4.381357 4.457889
15536 4.289155 6.468495
56367 4.215662 8.071114
10589 4.370673 4.690868
35179 4.164118 9.195120
68233 4.133405 9.864863
36736 4.137508 9.775397
124373 4.215583 8.072839
3273 4.209477 8.205994
103702 4.261443 7.072792
113183 4.140943 9.700487
9935 4.456341 2.822743
24082 4.384193 4.396053
29398 4.128136 9.979750
5117 4.307402 6.070596
53047 4.135128 9.827293
9547 4.308879 6.038394
236 4.223254 7.905566
28124 4.278904 6.692025
31598 4.363290 4.851881
157655 4.170567 9.054488
19995 4.348761 5.168703
128787 4.132470 9.885244
8586 4.441358 3.149483
53312 4.167189 9.128147
72652 4.358911 4.947358
10120 4.230362 7.750566
16749 4.161681 9.248258
37497 4.165835 9.157676
44975 4.211169 8.169099
45294 4.318809 5.821839
73570 4.372486 4.651337
54867 4.155016 9.393598
9930 4.190785 8.613601
39381 4.201011 8.390602
18163 4.175475 8.947470
32372 4.169757 9.072144
92426 4.170569 9.054445
18038 4.339768 5.364796
17714 4.162876 9.222209
114122 4.178240 8.887168
23682 4.297800 6.279983
110528 4.367258 4.765337
10201 4.235483 7.638890
27539 4.322744 5.736046
122823 4.164511 9.186549
6791 4.225085 7.865629
49701 4.128810 9.965057
130438 4.310314 6.007089
30349 4.257885 7.150388
55183 4.175733 8.941841
33975 4.371108 4.681385
44200 4.130563 9.926825
15359 4.229441 7.770651
7381 4.141313 9.692406
70007 4.246994 7.387877
145141 4.385517 4.367167
5674 4.219361 7.990453
74644 4.135137 9.827093
83885 4.160358 9.277115
44273 4.199884 8.415194
31779 4.263430 7.029466
23084 4.145963 9.591013
11291 4.307576 6.066803
4642 4.178105 8.890109
8151 4.152953 9.438581
62967 4.155800 9.376506
27805 4.138023 9.764149
18789 4.194183 8.539514
4613 4.151875 9.462099
4843 4.240719 7.524725
40490 4.305313 6.116148
40318 4.195409 8.512759
32454 4.337592 5.412263
27277 4.127711 9.989027
23019 4.369233 4.722269
16775 4.203546 8.335334
33833 4.253311 7.250138
96604 4.321563 5.761796
135544 4.250403 7.313536
14389 4.147284 9.562217
3120 4.312495 5.959533
37822 4.243650 7.460801
73097 4.176278 8.929954
80558 4.319367 5.809681
20629 4.389206 4.286733
1166 4.291553 6.416209
76418 4.206982 8.260413
39485 4.251360 7.292681
12468 4.253781 7.239882
19099 4.339157 5.378128
83521 4.171300 9.038505
33234 4.330203 5.573375
33531 4.189360 8.644672
13936 4.525273 1.319577
26141 4.139678 9.728069
30184 4.214886 8.088038
62201 4.137355 9.778716
6618 4.205420 8.294458
107375 4.221742 7.938538
21745 4.163077 9.217816
75442 4.157084 9.348506
23469 4.257093 7.167657
5483 4.155458 9.383969
10616 4.319923 5.797561
41467 4.283585 6.589953
14720 4.437636 3.230645
29032 4.179907 8.850813
34558 4.140209 9.716481
35811 4.165702 9.160578
31215 4.230339 7.751058
6900 4.188217 8.669596
52297 4.175669 8.943223
10224 4.217793 8.024662
21131 4.233054 7.691856
40489 4.141289 9.692946
58174 4.343316 5.287435
5863 4.211625 8.159156
3338 4.298092 6.273601
91329 4.205805 8.286074
8615 4.165413 9.166868
160988 4.310399 6.005239
64525 4.171291 9.038690
30612 4.498732 1.898360
94706 4.264086 7.015164
6598 4.217040 8.041069
47265 4.369089 4.725416
7957 4.224552 7.877255
117453 4.375262 4.590797
2839 4.205496 8.292811
2150 4.147839 9.550114
37900 4.148905 9.526865
134349 4.251669 7.285933
47168 4.196329 8.492711
3479 4.225040 7.866622
26477 4.152337 9.452030
21010 4.339584 5.368806
1378 4.176748 8.919705
8894 4.133131 9.870834
11061 4.265480 6.984762
39425 4.352561 5.085828
5935 4.262016 7.060295
25311 4.198884 8.436996
90196 4.173307 8.994738
47512 4.158622 9.314957
39502 4.271495 6.853606
19053 4.136631 9.794507
83475 4.215117 8.083001
82580 4.462125 2.696629
49412 4.130260 9.933438
46348 4.281747 6.630046
65111 4.172565 9.010912
56626 4.209286 8.210166
78512 4.248727 7.350091
29002 4.201889 8.371473
405 4.421530 3.581868
20283 4.197663 8.463621
81141 4.146108 9.587851
8055 4.173552 8.989404
91265 4.168959 9.089559
7053 4.283078 6.601014
67322 4.373334 4.632844
9752 4.367683 4.756070
15008 4.133150 9.870425
17681 4.184257 8.755966
36829 4.159850 9.288197
1847 4.261530 7.070903
2529 4.179398 8.861920
118414 4.350619 5.128188
12352 4.135795 9.812751
22796 4.175362 8.949929
11164 4.341965 5.316901
8493 4.200306 8.405989
1264 4.212984 8.129521
16946 4.167823 9.114318
75345 4.389545 4.279344
63289 4.323857 5.711764
50030 4.128541 9.970934
47508 4.178510 8.881275
47879 4.218722 8.004385
9231 4.139284 9.736663
33507 4.244317 7.446257
72607 4.297392 6.288870
13189 4.180130 8.845962
2498 4.306626 6.087523
10307 4.145156 9.608622
22736 4.181901 8.807337
1922 4.164851 9.179122
46684 4.226353 7.837986
9261 4.153178 9.433678
12277 4.149353 9.517084
12856 4.158224 9.323647
25108 4.193729 8.549406
25273 4.243309 7.468234
92763 4.320947 5.775217
30888 4.349395 5.154873
83496 4.129942 9.940382
24410 4.228319 7.795126
21484 4.184719 8.745887
19545 4.158021 9.328079
30770 4.139688 9.727841
14533 4.317293 5.854906
48790 4.314520 5.915378
159463 4.142253 9.671907
75892 4.166403 9.145295
53848 4.166701 9.138785
39768 4.145247 9.606634
37559 4.169869 9.069705
100165 4.317787 5.844131
42186 4.151617 9.467713
24236 4.407783 3.881634
14766 4.409358 3.847285
41541 4.153976 9.416273
124464 4.255727 7.197435
83239 4.342309 5.309390
14555 4.214745 8.091117
250 4.336053 5.445814
16433 4.228246 7.796706
92191 4.205480 8.293156
23426 4.185957 8.718886
15370 4.382950 4.423157
20256 4.232479 7.704395
38825 4.253616 7.243477
42319 4.308920 6.037483
15978 4.175894 8.938329
56493 4.239109 7.559816
42970 4.269445 6.898310
142529 4.518168 1.474519
20030 4.323400 5.721735
55234 4.128790 9.965498
2218 4.433926 3.311552
65517 4.187047 8.695109
3989 4.269776 6.891095
38445 4.325018 5.686448
85000 4.164609 9.184421
10135 4.197834 8.459895
14032 4.301735 6.194164
3365 4.200814 8.394913
11121 4.194093 8.541459
50744 4.331532 5.544410
13369 4.381020 4.465244
32993 4.264745 7.000798
23019 4.153552 9.425522
6439 4.238953 7.563233
40525 4.154149 9.412513
113428 4.171449 9.035260
162158 4.234918 7.651214
24308 4.334333 5.483321
6209 4.204230 8.320418
292 4.247371 7.379656
13520 4.159243 9.301433
3222 4.326014 5.664730
11542 4.195140 8.518629
36255 4.159116 9.304192
46052 4.129871 9.941920
31130 4.214408 8.098474
99780 4.310370 6.005867
9661 4.135266 9.824275
27083 4.262020 7.060220
74641 4.181276 8.820969
59818 4.141985 9.677761
20022 4.279358 6.682136
6415 4.185993 8.718091
8025 4.234523 7.659831
24484 4.199423 8.425234
10807 4.480990 2.285242
1067 4.266586 6.960657
131985 4.221320 7.947736
736 4.186145 8.714795
16417 4.188066 8.672889
14580 4.315498 5.894049
62125 4.175373 8.949685
86043 4.188069 8.672834
98990 4.418383 3.650487
32798 4.353429 5.066901
21262 4.140491 9.710331
14061 4.241580 7.505942
38549 4.285796 6.541738
111007 4.158791 9.311279
125669 4.149229 9.519798
21578 4.191916 8.588933
159445 4.340450 5.349925
32763 4.275616 6.763726
12404 4.159332 9.299482
139501 4.236864 7.608785
24138 4.487819 2.136324
3484 4.132840 9.877190
20367 4.197525 8.466620
108472 4.150044 9.502028
77586 4.145419 9.602886
33015 4.158339 9.321130
7360 4.307115 6.076847
90066 4.140973 9.699833
64395 4.227645 7.809815
126902 4.133399 9.864990
46213 4.140093 9.719013
22795 4.202575 8.356507
17883 4.340438 5.350191
29413 4.162269 9.235429
19576 4.135166 9.826449
99846 4.211923 8.152661
11385 4.316664 5.868628
1786 4.198193 8.452057
5002 4.325669 5.672259
442 4.240850 7.521861
27355 4.140573 9.708554
9511 4.351813 5.102155
35961 4.248668 7.351377
5098 4.176635 8.922169
27658 4.195025 8.521137
75096 4.190929 8.610466
18189 4.155341 9.386516
9635 4.222448 7.923136
47801 4.133930 9.853414
7995 4.187619 8.682648
8934 4.145090 9.610042
1288 4.200576 8.400099
12548 4.181483 8.816456
29993 4.284571 6.568465
42493 4.325479 5.676394
90809 4.229382 7.771940
31041 4.223202 7.906693
45196 4.135891 9.810646
108269 4.158917 9.308523
72713 4.237808 7.588203
2090 4.197955 8.457251
25313 4.156876 9.353034
1308 4.146386 9.581798
60918 4.152905 9.439626
35753 4.231960 7.715727
85049 4.174211 8.975029
3681 4.367428 4.761644
28812 4.177308 8.907486
25483 4.321373 5.765937
4827 4.325779 5.669865
71157 4.240715 7.524810
70461 4.483244 2.236083
97810 4.369375 4.719187
5719 4.129919 9.940868
20192 4.389742 4.275053
54898 4.276262 6.749657
18719 4.191726 8.593074
3551 4.209100 8.214213
5199 4.168972 9.089276
14411 4.235177 7.645576
3367 4.207085 8.258156
16134 4.242127 7.494011
20088 4.132252 9.890000
33614 4.138004 9.764582
28849 4.193866 8.546424
86148 4.263764 7.022185
106477 4.359484 4.934859
15296 4.179589 8.857755
2337 4.464799 2.638305
88063 4.234504 7.660250
9473 4.159323 9.299686
10662 4.300251 6.226531
38513 4.217340 8.034529
22832 4.157924 9.330177
72646 4.334547 5.478665
82869 4.183319 8.776411
9214 4.248998 7.344179
27694 4.456106 2.827885
38063 4.193485 8.554716
26867 4.172358 9.015423
29603 4.150346 9.495436
17108 4.231542 7.724832
8897 4.220621 7.962974
78057 4.495749 1.963406
65415 4.174240 8.974394
11421 4.356571 4.998382
21873 4.236088 7.625697
30397 4.186374 8.709786
70944 4.170967 9.045762
1447 4.286622 6.523743
21884 4.259694 7.110929
66781 4.145445 9.602301
23201 4.374415 4.609270
186616 4.315514 5.893696
20587 4.208861 8.219434
40058 4.139611 9.729539
20092 4.157550 9.338332
85384 4.136275 9.802286
28832 4.138875 9.745581
21221 4.227765 7.807190
33039 4.190644 8.616688
8462 4.164730 9.181763
1083 4.455958 2.831110
64916 4.252559 7.266535
21995 4.172054 9.022058
14790 4.136292 9.801895
16476 4.212387 8.142542
9151 4.224320 7.882314
3695 4.263084 7.037004
78839 4.272521 6.831227
22505 4.215727 8.069701
16576 4.244500 7.442264
35301 4.195748 8.505371
7338 4.268267 6.923997
68473 4.166859 9.135347
22030 4.275090 6.775197
10801 4.158896 9.309001
19857 4.280522 6.656743
16204 4.208687 8.223219
25671 4.242933 7.476429
11163 4.175889 8.938423
6653 4.163247 9.214117
6455 4.278594 6.698794
83921 4.152659 9.444990
23429 4.227208 7.819345
7254 4.195075 8.520045
2786 4.170665 9.052358
94562 4.151381 9.472864
15787 4.155275 9.387947
46303 4.250243 7.317029
29467 4.136669 9.793691
53143 4.260491 7.093554
43194 4.338768 5.386619
21006 4.210700 8.179328
1414 4.468669 2.553914
480 4.463084 2.675704
2538 4.214741 8.091197
10210 4.221075 7.953080
175 4.438704 3.207347
17553 4.321368 5.766052
30061 4.180110 8.846398
14644 4.210122 8.191922
61496 4.210578 8.181980
63494 4.179082 8.868802
26188 4.272849 6.824080
69174 4.206294 8.275414
12061 4.176391 8.927477
9094 4.349492 5.152767
95416 4.169477 9.078249
35791 4.181288 8.820694
89842 4.154838 9.397489
19765 4.360065 4.922186
8811 4.184468 8.751359
82401 4.165476 9.165493
40330 4.135649 9.815933
77817 4.297304 6.290798
52748 4.187728 8.680259
43295 4.197425 8.468815
36776 4.170162 9.063316
65049 4.157170 9.346624
4714 4.174405 8.970795
68531 4.269624 6.894407
17730 4.134313 9.845069
96749 4.288713 6.478132
1956 4.227637 7.809987
28967 4.242622 7.483219
14462 4.136130 9.805432
77618 4.157877 9.331204
22056 4.170594 9.053898
22423 4.234883 7.651978
604 4.191576 8.596346
6236 4.303601 6.153487
27742 4.276650 6.741186
1738 4.175617 8.944358
69037 4.208539 8.226444
4787 4.348330 5.178089
43701 4.165935 9.155497
67326 4.322531 5.740685
20999 4.180140 8.845742
60897 4.222887 7.913567
9680 4.168176 9.106625
8832 4.266994 6.951759
26945 4.138951 9.743931
4668 4.220337 7.969172
14437 4.350303 5.135077
14916 4.297084 6.295593
170 4.274580 6.786334
72937 4.180887 8.829438
23472 4.319430 5.808296
41178 4.129836 9.942695
15180 4.305538 6.111249
85142 4.161776 9.246184
36529 4.213382 8.120831
11489 4.194019 8.543072
30227 4.287412 6.506508
4299 4.337182 5.421203
4697 4.243917 7.454987
53340 4.127954 9.983728
1054 4.296532 6.307630
18679 4.198400 8.447539
157635 4.284782 6.563851
82657 4.356238 5.005651
20491 4.344883 5.253257
4248 4.279307 6.683238
8923 4.160754 9.268470
581 4.313659 5.934141
40234 4.293197 6.380348
73650 4.222909 7.913096
40429 4.229587 7.767459
3980 4.322172 5.748507
19997 4.328823 5.603470
9616 4.165696 9.160700
10712 4.242370 7.488723
32846 4.234702 7.655916
7102 4.132610 9.882188
23358 4.330611 5.564496
16454 4.329300 5.593082
10128 4.198954 8.435468
31056 4.337536 5.413482
3773 4.185784 8.722648
1657 4.267429 6.942262
33102 4.160838 9.266648
19938 4.178842 8.874038
10691 4.308711 6.042050
96915 4.132647 9.881381
78897 4.160225 9.280016
62013 4.277051 6.732443
21754 4.179956 8.849753
95924 4.250686 7.307380
15997 4.194990 8.521897
19617 4.186278 8.711877
53445 4.211174 8.169001
1477 4.165997 9.154148
20987 4.166298 9.147578
54027 4.278392 6.703211
2787 4.241919 7.498558
43884 4.300331 6.224781
8776 4.215255 8.080001
21053 4.306694 6.086037
18171 4.275242 6.771884
13102 4.217322 8.034921
160717 4.151050 9.480076
31419 4.371809 4.666097
54100 4.372154 4.658579
47577 4.286415 6.528249
87273 4.170167 9.063219
14648 4.268093 6.927778
15059 4.141303 9.692624
14972 4.133781 9.856670
