9 -40.952900 7.210109
11 -41.468734 8.560505
12 -40.283077 5.456587
12 -41.370806 8.304141
12 -40.378422 5.706191
12 -40.884048 7.029863
12 -41.180226 7.805224
13 -41.993547 9.934407
13 -39.666930 3.843584
13 -39.803680 4.201581
13 -41.554258 8.784398
12 -41.137625 7.693699
15 -41.648649 9.031503
15 -41.781518 9.379339
15 -40.605583 6.300872
15 -41.403425 8.389532
15 -39.808400 4.213938
16 -41.551986 8.778450
16 -40.819746 6.861527
16 -40.529296 6.101163
16 -41.891164 9.666381
15 -41.983874 9.909085
13 -41.047494 7.457745
17 -41.410857 8.408989
16 -41.058526 7.486625
17 -41.870272 9.611685
17 -40.891953 7.050558
17 -41.975473 9.887090
17 -41.225071 7.922623
12 -39.845855 4.311989
18 -39.530235 3.485731
14 -41.656680 9.052525
19 -40.969514 7.253603
19 -40.773026 6.739219
12 -41.348706 8.246285
18 -41.785283 9.389195
20 -39.453194 3.284048
18 -39.674504 3.863410
13 -41.621501 8.960432
20 -40.687110 6.514300
19 -40.950669 7.204269
20 -40.867829 6.987403
17 -39.802953 4.199677
20 -40.755644 6.693716
12 -41.656787 9.052808
20 -40.769419 6.729776
11 -40.899587 7.070542
16 -40.035257 4.807822
13 -41.128556 7.669958
16 -41.490899 8.618532
21 -40.192014 5.218194
12 -41.775803 9.364377
17 -39.908330 4.475543
13 -41.937121 9.786689
11 -39.817031 4.236531
21 -41.148590 7.722404
20 -41.085233 7.556541
13 -41.177571 7.798272
14 -40.943283 7.184934
15 -39.798568 4.188197
11 -40.415399 5.802992
11 -41.837554 9.526035
17 -41.655704 9.049972
17 -40.915535 7.112292
19 -41.844180 9.543381
15 -39.552825 3.544870
16 -40.852634 6.947625
12 -41.288197 8.087878
16 -39.730963 4.011214
21 -41.849191 9.556499
15 -41.865119 9.598196
20 -40.781054 6.760236
20 -40.739642 6.651823
13 -41.230641 7.937205
16 -41.732409 9.250776
12 -40.789283 6.781779
22 -40.694386 6.533348
9 -41.956739 9.838048
13 -41.609933 8.930149
17 -40.268157 5.417530
17 -40.794049 6.794256
20 -39.996347 4.705961
15 -39.769728 4.112697
11 -41.774332 9.360526
15 -41.961991 9.851798
16 -39.966040 4.626621
16 -39.534652 3.497295
18 -39.734740 4.021102
22 -40.664608 6.455394
21 -39.506173 3.422740
17 -40.869608 6.992061
12 -40.767967 6.725976
12 -40.423677 5.824662
25 -40.789875 6.783328
16 -40.964689 7.240973
22 -40.823467 6.871269
19 -40.807246 6.828803
15 -41.180287 7.805382
18 -39.446044 3.265330
18 -40.979875 7.280727
12 -41.330481 8.198574
12 -41.505699 8.657275
16 -40.834939 6.901300
12 -41.163923 7.762543
16 -41.678580 9.109858
13 -41.715956 9.207705
18 -41.965488 9.860950
16 -41.210250 7.883822
17 -40.796218 6.799933
16 -41.681888 9.118519
13 -41.452476 8.517942
11 -40.951402 7.206187
20 -40.826629 6.879545
17 -41.207372 7.876290
11 -40.172410 5.166873
17 -41.960164 9.847014
21 -41.167422 7.771705
17 -40.008420 4.737567
16 -39.714607 3.968397
19 -40.507894 6.045133
11 -41.962257 9.852493
23 -40.351129 5.634739
9 -41.142304 7.705947
16 -41.382436 8.334587
12 -40.778861 6.754495
18 -40.494214 6.009319
20 -39.682864 3.885298
17 -40.371194 5.687267
18 -41.863601 9.594221
12 -41.796136 9.417607
19 -40.223069 5.299492
15 -41.674290 9.098627
17 -39.793322 4.174465
11 -40.418569 5.811291
16 -40.680871 6.497968
15 -40.780978 6.760038
11 -40.072347 4.904921
18 -41.661945 9.066311
20 -40.820541 6.863609
16 -41.575071 8.838885
16 -41.307928 8.139532
13 -40.420527 5.816417
16 -40.253020 5.377902
12 -41.208632 7.879586
17 -41.264715 8.026406
11 -41.757288 9.315907
17 -40.081758 4.929557
19 -41.054050 7.474910
11 -39.712517 3.962926
12 -40.704499 6.559825
13 -41.042628 7.445006
15 -41.802090 9.433193
17 -41.846076 9.548343
11 -40.830465 6.889588
13 -41.409156 8.404536
17 -39.597981 3.663084
13 -41.368532 8.298187
13 -41.078039 7.537710
12 -40.934397 7.161671
19 -39.820436 4.245445
11 -41.467249 8.556618
15 -41.846114 9.548443
17 -40.176710 5.178130
15 -40.293703 5.484405
13 -40.540521 6.130548
14 -41.865790 9.599952
16 -40.102255 4.983216
16 -41.961290 9.849962
12 -40.974480 7.266603
17 -39.669324 3.849852
13 -40.205248 5.252839
13 -41.003957 7.343771
17 -39.884089 4.412082
17 -41.699815 9.165448
13 -41.581106 8.854683
21 -40.703066 6.556073
19 -39.731843 4.013520
13 -40.634579 6.376781
19 -41.621123 8.959442
16 -41.035109 7.425324
19 -39.689598 3.902927
16 -39.663794 3.835373
13 -41.363061 8.283864
20 -40.554801 6.167929
16 -40.773555 6.740604
15 -40.862315 6.972968
18 -39.765595 4.101879
16 -41.662027 9.066525
21 -41.051328 7.467784
16 -41.103938 7.605509
19 -41.867051 9.603254
20 -40.873127 7.001274
19 -39.623741 3.730520
20 -40.592270 6.266020
19 -41.649201 9.032948
18 -40.170548 5.161999
21 -39.686290 3.894267
24 -41.719023 9.215732
24 -41.093272 7.577587
20 -39.630155 3.747310
