10 2979.878871 9.700640
10 3075.702188 6.796903
10 2973.306993 9.899788
11 3125.787461 5.279168
11 3269.105987 0.936182
11 3010.386942 8.776153
11 3157.758971 4.310334
11 3011.980175 8.727873
11 3017.211812 8.569339
11 3158.537846 4.286732
12 3293.307894 0.202791
12 3299.925749 0.002250
10 2982.675830 9.615884
12 3199.590692 3.042706
12 3258.081930 1.270245
12 3272.006472 0.848289
12 3217.229015 2.508212
12 3202.678263 2.949144
12 2982.865863 9.610125
12 3252.599708 1.436372
12 3280.753119 0.583239
12 3263.108246 1.117932
12 3217.018730 2.514584
10 3257.305670 1.293768
12 3277.454759 0.683189
12 3207.482370 2.803565
13 3247.684958 1.585304
13 3245.165222 1.661660
13 3272.178266 0.843083
11 3169.496149 3.954662
13 3005.869272 8.913052
11 3186.069390 3.452443
13 3040.954695 7.849858
13 3296.398299 0.109142
12 3272.375935 0.837093
13 3295.238987 0.144273
12 3138.993499 4.878985
14 3214.617838 2.587338
12 3151.896637 4.487981
14 3294.732873 0.159610
11 2992.913336 9.305656
14 3290.683030 0.282332
14 3033.058655 8.089132
11 3154.614446 4.405623
13 3291.624819 0.253793
14 3217.926377 2.487079
13 3258.391584 1.260861
14 3288.359161 0.352753
12 3270.618982 0.890334
11 3106.415766 5.866189
11 3010.858206 8.761873
12 3298.713037 0.038999
12 3291.266815 0.264642
12 3298.370274 0.049386
16 3185.615162 3.466207
14 3182.022689 3.575070
16 3298.961908 0.031457
16 3098.835620 6.095890
16 3299.283566 0.021710
12 3290.583446 0.285350
12 3280.420025 0.593333
13 3051.231744 7.538432
11 2984.774942 9.552274
13 3040.568909 7.861548
11 3092.083514 6.300500
13 3285.036911 0.453427
13 3133.618979 5.041849
17 3297.893780 0.063825
12 3112.041769 5.695704
12 3028.618222 8.223690
11 3104.684691 5.918646
12 3287.734672 0.371677
11 3067.575238 7.043175
13 3247.649685 1.586373
14 3266.287501 1.021591
10 2993.356350 9.292232
14 3286.525674 0.408313
13 3289.390814 0.321490
13 2993.629758 9.283947
12 3264.584496 1.073197
12 3279.814934 0.611669
18 3296.287240 0.112508
14 3030.434246 8.168659
12 3294.472051 0.167514
12 3188.055295 3.392264
11 3023.217744 8.387341
12 3203.646538 2.919802
16 3297.575931 0.073457
12 3271.763704 0.855645
12 3291.831752 0.247523
16 3173.522315 3.832657
14 3259.638078 1.223089
12 3271.998696 0.848524
12 3271.382672 0.867192
11 3035.842911 8.004760
11 3004.199475 8.963652
11 3061.822608 7.217497
14 3291.735455 0.250441
12 3207.526367 2.802231
10 3068.391100 7.018452
12 3213.730907 2.614215
13 3288.733815 0.341400
17 3268.106867 0.966459
11 3030.886722 8.154948
20 3299.498459 0.015198
12 3019.831257 8.489962
11 3136.365170 4.958631
10 2979.506330 9.711929
12 3245.975785 1.637097
12 3209.912512 2.729924
16 3274.191173 0.782086
11 3100.542157 6.044177
16 3110.557580 5.740679
17 3281.570597 0.558467
11 3060.701836 7.251460
11 3159.301892 4.263579
12 3273.978313 0.788536
13 3264.005120 1.090754
12 3152.481684 4.470252
19 3296.988213 0.091266
14 3289.464593 0.319255
17 3286.353082 0.413543
16 3299.157061 0.025544
12 3070.183080 6.964149
12 3282.861179 0.519358
14 3284.660886 0.464822
14 3289.653842 0.313520
11 3284.510995 0.469364
12 2994.303837 9.263520
12 3230.488696 2.106403
12 3289.051451 0.331774
14 3148.042232 4.604781
12 3289.338837 0.323066
10 3194.610994 3.193606
13 3287.370804 0.382703
11 3213.735337 2.614081
13 3299.226971 0.023425
12 2972.861376 9.913292
12 3293.319122 0.202451
16 3267.835715 0.974675
11 3059.563867 7.285943
10 3170.813409 3.914745
12 3276.458407 0.713382
10 3122.363297 5.382930
16 3293.787423 0.188260
12 3292.753003 0.219606
18 3285.254137 0.446844
13 3120.835774 5.429219
11 3266.287019 1.021605
14 3181.413534 3.593529
14 3274.040122 0.786663
13 3288.732768 0.341431
11 3148.026020 4.605272
12 3239.907348 1.820989
12 3273.617187 0.799479
11 3114.777946 5.612790
17 3295.142135 0.147208
13 3231.316576 2.081316
12 3226.184741 2.236826
14 3250.899511 1.487894
12 3266.390839 1.018459
12 3199.194662 3.054707
12 3024.916767 8.335856
17 3290.119414 0.299412
12 3153.619403 4.435776
13 3220.529466 2.408198
11 3002.556129 9.013451
16 3239.812122 1.823875
13 3285.572575 0.437195
13 3298.969059 0.031241
13 3224.274654 2.294707
13 3045.058766 7.725492
12 3188.391164 3.382086
14 3267.435951 0.986789
13 3074.327494 6.838561
12 3176.132286 3.753567
16 3289.459580 0.319407
12 3132.420088 5.078179
13 3289.104023 0.330181
14 3266.458302 1.016415
14 3275.516945 0.741911
13 3040.780742 7.855129
14 3257.993018 1.272939
14 3229.379429 2.140017
19 3250.304146 1.505935
18 3267.827839 0.974914
18 3285.650411 0.434836
20 3298.728833 0.038520
18 3288.383157 0.352026
69 3002.510637 9.014829
99 3073.261774 6.870855
98 3192.629454 3.253653
97 2977.112441 9.784471
112 2988.186278 9.448901
113 3287.286945 0.385244
124 3160.676043 4.221938
128 3048.448094 7.622785
145 3137.131896 4.935397
156 3003.578098 8.982482
173 3079.185051 6.691362
