23 29.386753 9.156249
23 29.459240 8.932170
24 29.962875 7.375276
24 30.492409 5.738318
24 29.196544 9.744248
25 29.496397 8.817305
25 29.614133 8.453347
25 30.286368 6.375257
26 29.178665 9.799515
26 30.475673 5.790054
26 30.156504 6.776707
26 29.797296 7.887133
27 29.706481 8.167869
28 30.287870 6.370613
28 29.409814 9.084961
28 29.189030 9.767475
20 29.398936 9.118588
29 29.659559 8.312922
29 30.172484 6.727308
29 29.993578 7.280361
29 30.559161 5.531966
30 30.844785 4.649011
30 30.119506 6.891080
30 30.148976 6.799977
31 29.125353 9.964320
22 30.045677 7.119307
32 29.342866 9.291919
32 30.812468 4.748915
33 29.398297 9.120565
33 30.179462 6.705735
33 29.129791 9.950601
33 30.245975 6.500123
33 30.001272 7.256579
33 30.202966 6.633077
34 30.901360 4.474120
34 30.442249 5.893379
34 29.250546 9.577308
34 29.899264 7.571917
25 29.640683 8.371271
35 30.506013 5.696264
35 30.383810 6.074032
35 30.856171 4.613813
28 30.770080 4.879950
25 29.382223 9.170255
36 29.905981 7.551153
36 30.803348 4.777107
24 29.116338 9.992189
37 30.088831 6.985906
28 29.358134 9.244721
24 29.555535 8.634492
29 29.127557 9.957508
37 30.372423 6.109233
37 29.556262 8.632243
37 30.698975 5.099755
27 29.765253 7.986187
23 29.286786 9.465281
22 29.565293 8.604326
27 29.424041 9.040981
24 29.916892 7.517423
29 30.446820 5.879248
40 29.356682 9.249209
28 30.019312 7.200810
27 30.653355 5.240782
32 29.998796 7.264232
32 30.227883 6.556050
27 29.463360 8.919432
24 29.385180 9.161111
24 29.830837 7.783447
30 29.966829 7.363052
26 30.350386 6.177355
24 30.427616 5.938614
25 29.343862 9.288840
34 29.551937 8.645616
32 29.769708 7.972414
28 29.598747 8.500909
32 29.774081 7.958897
46 30.839797 4.664431
24 29.308313 9.398733
25 29.708261 8.162367
25 30.523637 5.641782
26 29.598672 8.501140
28 29.129644 9.951056
31 29.827407 7.794048
48 29.445891 8.973436
22 29.124118 9.968139
30 30.265131 6.440905
31 29.745714 8.046587
29 29.304101 9.411754
30 29.602590 8.489029
30 30.431265 5.927333
32 30.121201 6.885839
31 29.679924 8.249966
26 30.112507 6.912715
33 29.900891 7.566887
30 30.324274 6.258077
37 30.749235 4.944387
33 30.161014 6.762763
30 29.712077 8.150571
32 30.850685 4.630773
27 30.012678 7.221317
32 29.664042 8.299061
32 29.649572 8.343795
30 29.772307 7.964382
39 29.541772 8.677038
35 30.889394 4.511113
32 29.702558 8.179998
36 29.741500 8.059616
32 30.661182 5.216586
32 29.806413 7.858948
42 29.994282 7.278187
29 29.859592 7.694554
37 30.058415 7.079930
31 30.902607 4.470267
29 29.550534 8.649952
28 30.140599 6.825875
31 30.136227 6.839388
42 29.653354 8.332103
40 30.017788 7.205522
47 30.038406 7.141786
30 30.606212 5.386518
38 30.241586 6.513690
29 30.115785 6.902582
26 29.980288 7.321444
29 29.851500 7.719571
32 29.892020 7.594311
33 30.432492 5.923542
25 29.656229 8.323215
31 29.389195 9.148702
24 29.916209 7.519534
29 30.393715 6.043413
27 29.545785 8.664631
34 29.250630 9.577050
40 30.977883 4.237564
33 29.830763 7.783674
32 30.681523 5.153707
34 29.419235 9.055839
30 30.411195 5.989375
22 30.379890 6.086149
32 30.907190 4.456099
27 30.038379 7.141869
42 30.621522 5.339189
33 29.604737 8.482392
30 29.477372 8.876117
25 29.555689 8.634015
39 30.785732 4.831565
23 29.548940 8.654878
36 29.908722 7.542679
29 29.809538 7.849288
26 30.376189 6.097590
26 29.892253 7.593590
41 29.701178 8.184264
36 30.243178 6.508769
37 29.279586 9.487538
31 29.768588 7.975877
30 30.050977 7.102925
32 30.361099 6.144238
26 30.313510 6.291352
28 30.433653 5.919950
34 30.312944 6.293101
39 29.967547 7.360831
31 30.467318 5.815881
27 29.174393 9.812722
32 29.734150 8.082335
25 29.415502 9.067379
33 29.156789 9.867142
23 29.136634 9.929447
30 29.388568 9.150640
42 29.559549 8.622084
25 29.620139 8.434779
31 29.801785 7.873255
33 29.164950 9.841912
25 29.346372 9.281082
28 30.490860 5.743105
32 31.022363 4.100063
30 29.692359 8.211525
35 30.676951 5.167842
30 29.294151 9.442514
38 29.543034 8.673136
30 29.768950 7.974758
40 29.272219 9.510312
29 29.924990 7.492389
33 29.397578 9.122786
27 29.728814 8.098831
30 30.406420 6.004138
38 29.331019 9.328540
28 29.861385 7.689013
39 30.616098 5.355956
40 29.210470 9.701198
33 29.986613 7.301894
30 29.564311 8.607364
36 30.448305 5.874656
33 29.533672 8.702078
33 29.693425 8.208230
33 30.414341 5.979650
31 29.173273 9.816186
32 29.176139 9.807326
36 29.331305 9.327658
33 29.794067 7.897113
34 29.933893 7.464867
47 30.981584 4.226122
