30 -6.491602 8.193361
34 -6.373368 6.222802
35 -6.583002 9.716698
35 -6.517123 8.618719
36 -6.573441 9.557357
37 -6.566932 9.448870
37 -6.313447 5.224112
38 -6.522891 8.714856
41 -6.344315 5.738578
41 -6.497176 8.286274
42 -6.575552 9.592535
42 -6.534955 8.915918
42 -6.179728 2.995463
42 -6.418519 6.975322
43 -6.302514 5.041900
43 -6.324956 5.415940
44 -6.531956 8.865926
44 -6.418209 6.970155
44 -6.563696 9.394941
44 -6.410647 6.844110
44 -6.464641 7.744010
46 -6.221226 3.687092
46 -6.247683 4.128049
47 -6.379355 6.322583
47 -6.542099 9.034991
47 -6.585917 9.765284
47 -6.542663 9.044385
47 -6.450946 7.515764
47 -6.561596 9.359935
48 -6.304810 5.080174
48 -6.241348 4.022472
49 -6.369504 6.158408
49 -6.336367 5.606114
49 -6.282755 4.712585
49 -6.314395 5.239925
49 -6.280120 4.668674
50 -6.340432 5.673873
50 -6.312147 5.202458
50 -6.590363 9.839389
50 -6.303530 5.058835
50 -6.362802 6.046697
52 -6.306848 5.114134
52 -6.503423 8.390375
53 -6.310760 5.179337
53 -6.355878 5.931303
53 -6.271081 4.518011
53 -6.291329 4.855477
30 -6.461807 7.696777
65 -6.322817 5.380275
41 -6.354291 5.904852
38 -6.540870 9.014502
47 -6.370327 6.172116
43 -6.368987 6.149784
44 -6.443400 7.390006
37 -6.227557 3.792610
44 -6.308966 5.149426
47 -6.385412 6.423527
42 -6.395321 6.588684
34 -6.249350 4.155828
42 -6.283333 4.722213
43 -6.397248 6.620797
35 -6.349478 5.824636
35 -6.436506 7.275104
42 -6.569639 9.493982
42 -6.337734 5.628900
36 -6.512311 8.538513
35 -6.587464 9.791073
43 -6.329383 5.489714
41 -6.414111 6.901842
40 -6.481323 8.022052
41 -6.375655 6.260919
46 -6.404541 6.742357
44 -6.312229 5.203815
38 -6.531954 8.865892
46 -6.289116 4.818594
50 -6.516471 8.607847
43 -6.579399 9.656656
46 -6.366431 6.107184
48 -6.244357 4.072624
46 -6.582342 9.705694
40 -6.487114 8.118571
43 -6.519515 8.658584
56 -6.367129 6.118821
43 -6.318596 5.309937
52 -6.215793 3.596551
46 -6.599896 9.998263
53 -6.528973 8.816222
50 -6.317220 5.286999
52 -6.581394 9.689893
47 -6.320946 5.349101
38 -6.417046 6.950767
35 -6.437332 7.288867
48 -6.353953 5.899219
56 -6.391613 6.526884
53 -6.362664 6.044407
53 -6.485613 8.093553
40 -6.557119 9.285310
59 -6.315841 5.264020
42 -6.507808 8.463474
36 -6.510230 8.503836
41 -6.477131 7.952177
43 -6.210331 3.505510
37 -6.352514 5.875232
35 -6.495912 8.265192
42 -6.363186 6.053097
40 -6.399592 6.659865
42 -6.460799 7.679989
44 -6.233822 3.897037
42 -6.591127 9.852123
38 -6.495329 8.255484
43 -6.382841 6.380691
42 -6.355490 5.924838
38 -6.507893 8.464879
43 -6.512549 8.542483
44 -6.396624 6.610395
47 -6.383943 6.399051
47 -6.407891 6.798179
40 -6.543538 9.058971
40 -6.350059 5.834321
41 -6.336262 5.604368
43 -6.322106 5.368435
48 -6.362230 6.037166
48 -6.317202 5.286697
44 -6.298290 4.971503
42 -6.528420 8.807006
44 -6.359750 5.995831
46 -6.468053 7.800888
46 -6.596513 9.941876
49 -6.307966 5.132769
49 -6.340841 5.680689
48 -6.349860 5.831006
52 -6.298852 4.980871
43 -6.527842 8.797374
40 -6.333804 5.563404
42 -6.303947 5.065776
47 -6.327004 5.450073
52 -6.200720 3.345335
54 -6.266044 4.434071
50 -6.336692 5.611535
35 -6.322004 5.366729
46 -6.401635 6.693924
47 -6.598848 9.980793
43 -6.557665 9.294412
46 -6.290751 4.845848
44 -6.364528 6.075469
42 -6.388173 6.469546
41 -6.583751 9.729178
41 -6.284820 4.747003
40 -6.301397 5.023290
37 -6.472827 7.880449
40 -6.493253 8.220876
34 -6.586480 9.774672
54 -6.375856 6.264268
44 -6.216918 3.615308
53 -6.350421 5.840347
43 -6.325129 5.418812
38 -6.538138 8.968967
35 -6.584988 9.749806
31 -6.288916 4.815272
44 -6.360611 6.010192
38 -6.542633 9.043886
48 -6.461068 7.684463
37 -6.596998 9.949968
40 -6.455340 7.588992
49 -6.323454 5.390903
44 -6.293281 4.888012
47 -6.369228 6.153796
49 -6.294049 4.900824
46 -6.417881 6.964689
37 -6.378774 6.312897
58 -6.359758 5.995973
42 -6.594821 9.913677
48 -6.263523 4.392044
38 -6.396660 6.610996
52 -6.385439 6.423980
42 -6.452228 7.537135
58 -6.498170 8.302832
32 -6.451308 7.521801
48 -6.204723 3.412043
48 -6.154682 2.578033
40 -6.287538 4.792298
47 -6.417213 6.953554
41 -6.424326 7.072104
47 -6.321988 5.366475
44 -6.361781 6.029681
47 -6.360100 6.001663
44 -6.388111 6.468514
55 -6.403561 6.726021
54 -6.239708 3.995136
46 -6.327917 5.465275
48 -6.333959 5.565981
49 -6.205041 3.417358
47 -6.354068 5.901139
46 -6.480669 8.011153
52 -6.362701 6.045012
52 -6.242798 4.046627
43 -6.375352 6.255860
53 -6.292747 4.879123
47 -6.597871 9.964514
52 -6.258707 4.311789
