16 -6.452853 7.547553
16 -6.541098 9.018304
18 -6.226377 3.772945
18 -6.469175 7.819590
19 -6.565706 9.428427
19 -6.563748 9.395794
23 -6.323353 5.389225
23 -6.580603 9.676717
29 -6.572642 9.544040
23 -6.522171 8.702842
29 -6.536081 8.934685
30 -6.587931 9.798857
30 -6.591885 9.864743
33 -6.589053 9.817548
35 -6.590367 9.839453
24 -6.585663 9.761058
10 -6.580829 9.680477
36 -6.424809 7.080158
34 -6.588638 9.810625
26 -6.560709 9.345147
23 -6.552923 9.215376
41 -6.567560 9.459341
31 -6.562615 9.376917
45 -6.575824 9.597073
46 -6.556321 9.272013
21 -6.493860 8.230992
49 -6.595860 9.930999
41 -6.530663 8.844375
49 -6.470833 7.847213
55 -6.526745 8.779076
54 -6.593016 9.883607
53 -6.587727 9.795445
53 -6.562692 9.378195
58 -6.573091 9.551522
54 -6.574270 9.571162
27 -6.595220 9.920331
31 -6.444427 7.407112
24 -6.551242 9.187363
28 -6.541666 9.027765
60 -6.568852 9.480871
66 -6.599709 9.995147
24 -6.569856 9.497605
24 -6.344049 5.734149
72 -6.569904 9.498394
37 -6.586956 9.782599
65 -6.551666 9.194441
15 -6.470211 7.836850
failed to find solution after reaching max emtpy limit -- 55 iterations and 44 function evals
16 -6.549707 9.161790
75 -6.576839 9.613987
74 -6.579821 9.663685
53 -6.594611 9.910176
74 -6.571917 9.531957
77 -6.569851 9.497523
55 -6.578642 9.644030
78 -6.555818 9.263639
failed to find solution after reaching max emtpy limit -- 49 iterations and 40 function evals
79 -6.589378 9.822963
84 -6.563971 9.399519
21 -6.341298 5.688304
88 -6.580364 9.672732
69 -6.517994 8.633228
56 -6.583146 9.719094
50 -6.584524 9.742065
96 -6.568311 9.471858
61 -6.573043 9.550717
41 -6.572633 9.543882
62 -6.556376 9.272932
39 -6.577297 9.621617
28 -6.502043 8.367389
37 -6.573695 9.561575
76 -6.564097 9.401613
48 -6.552238 9.203960
110 -6.569019 9.483649
107 -6.581606 9.693425
47 -6.571708 9.528463
49 -6.591525 9.858756
34 -6.598642 9.977369
95 -6.587238 9.787301
98 -6.588521 9.808679
116 -6.599080 9.984666
91 -6.588096 9.801604
62 -6.590413 9.840222
113 -6.595795 9.929923
96 -6.572974 9.549567
56 -6.577552 9.625864
77 -6.599886 9.998096
99 -6.584387 9.739776
77 -6.599988 9.999806
21 -6.544733 9.078883
53 -6.599852 9.997529
77 -6.542088 9.034799
77 -6.560551 9.342522
82 -6.576472 9.607868
65 -6.594045 9.900751
69 -6.599469 9.991145
22 -6.464111 7.735184
failed to find solution after reaching max emtpy limit -- 63 iterations and 51 function evals
70 -6.596309 9.938480
111 -6.581278 9.687962
109 -6.580380 9.673003
failed to find solution after reaching max emtpy limit -- 71 iterations and 53 function evals
25 -6.543657 9.060954
failed to find solution after reaching max emtpy limit -- 36 iterations and 23 function evals
25 -6.322293 5.371546
65 -6.587678 9.794639
44 -6.598661 9.977687
144 -6.570017 9.500276
105 -6.560629 9.343818
45 -6.593503 9.891725
72 -6.568440 9.473992
36 -6.594920 9.915338
86 -6.552260 9.204331
27 -6.514670 8.577832
17 -6.584132 9.735528
24 -6.522104 8.701730
53 -6.594214 9.903575
failed to find solution after reaching max emtpy limit -- 30 iterations and 21 function evals
52 -6.577131 9.618857
44 -6.592478 9.874635
44 -6.595442 9.924041
25 -6.573283 9.554716
33 -6.586245 9.770753
47 -6.567939 9.465650
failed to find solution after reaching max emtpy limit -- 25 iterations and 16 function evals
107 -6.573283 9.554721
62 -6.599804 9.996726
161 -6.587518 9.791974
21 -6.275059 4.584322
72 -6.587929 9.798824
62 -6.589530 9.825496
169 -6.581046 9.684107
112 -6.573679 9.561324
56 -6.586246 9.770766
26 -6.469397 7.823277
49 -6.550361 9.172685
43 -6.597347 9.955791
26 -6.438205 7.303418
80 -6.575529 9.592142
97 -6.557255 9.287575
122 -6.591089 9.851489
107 -6.590814 9.846892
41 -6.553500 9.224992
66 -6.590634 9.843897
57 -6.596788 9.946474
35 -6.572526 9.542104
26 -6.495329 8.255483
76 -6.592080 9.867994
42 -6.570694 9.511571
35 -6.562382 9.373039
55 -6.566613 9.443553
89 -6.590508 9.841808
32 -6.591493 9.858220
24 -6.538808 8.980141
24 -6.527292 8.788194
failed to find solution after reaching max emtpy limit -- 35 iterations and 26 function evals
81 -6.578137 9.635624
114 -6.598716 9.978593
111 -6.585021 9.750343
114 -6.587920 9.798667
81 -6.557884 9.298062
failed to find solution after reaching max emtpy limit -- 36 iterations and 27 function evals
71 -6.590143 9.835713
47 -6.559730 9.328836
61 -6.573266 9.554425
126 -6.593592 9.893201
34 -6.521621 8.693677
56 -6.593977 9.899621
62 -6.597049 9.950817
164 -6.598053 9.967550
115 -6.578220 9.637000
108 -6.599149 9.985809
36 -6.482797 8.046623
75 -6.577965 9.632753
122 -6.580872 9.681197
122 -6.585024 9.750403
failed to find solution after reaching max emtpy limit -- 91 iterations and 81 function evals
49 -6.586787 9.779787
84 -6.594870 9.914497
95 -6.578573 9.642880
57 -6.551525 9.192088
80 -6.576895 9.614916
59 -6.592582 9.876363
69 -6.589760 9.829330
101 -6.591762 9.862703
115 -6.593351 9.889186
82 -6.584805 9.746756
86 -6.575135 9.585581
78 -6.541728 9.028797
143 -6.584852 9.747526
115 -6.566215 9.436912
135 -6.599980 9.999663
88 -6.581546 9.692432
96 -6.586407 9.773457
139 -6.582839 9.713988
135 -6.592155 9.869242
128 -6.575032 9.583867
147 -6.591283 9.854714
148 -6.569829 9.497145
173 -6.597553 9.959220
