9 -1.099843 9.984302
11 -1.080365 8.036479
11 -1.052329 5.232918
12 -1.075204 7.520358
12 -1.072669 7.266900
12 -1.053355 5.335510
12 -1.088327 8.832742
12 -1.068760 6.875964
13 -1.086935 8.693518
13 -1.049260 4.926037
13 -1.071260 7.126014
13 -1.082429 8.242892
13 -1.076264 7.626382
13 -1.092799 9.279939
15 -1.058162 5.816152
15 -1.063573 6.357262
15 -1.043882 4.388187
15 -1.072610 7.261037
15 -1.045432 4.543205
15 -1.066158 6.615777
15 -1.046903 4.690327
16 -1.085351 8.535055
16 -1.056064 5.606425
11 -1.077598 7.759805
16 -1.096572 9.657163
16 -1.099709 9.970868
16 -1.062990 6.299034
16 -1.067364 6.736428
16 -1.092292 9.229197
16 -1.091800 9.179953
17 -1.050778 5.077814
17 -1.095813 9.581311
17 -1.047460 4.746007
19 -1.051839 5.183868
12 -1.057309 5.730870
19 -1.042032 4.203178
19 -1.047911 4.791119
20 -1.081818 8.181761
13 -1.081634 8.163413
20 -1.077170 7.717009
12 -1.057753 5.775292
21 -1.075453 7.545289
21 -1.058477 5.847721
15 -1.080787 8.078667
21 -1.087235 8.723506
12 -1.046688 4.668848
15 -1.062876 6.287612
19 -1.090883 9.088259
23 -1.070347 7.034688
23 -1.053938 5.393786
17 -1.065397 6.539703
24 -1.087841 8.784065
13 -1.062616 6.261638
17 -1.071200 7.119956
16 -1.096372 9.637235
25 -1.056064 5.606376
17 -1.078608 7.860825
17 -1.066504 6.650436
16 -1.087268 8.726835
12 -1.095461 9.546077
20 -1.076155 7.615489
15 -1.053260 5.326019
21 -1.049960 4.996009
27 -1.089863 8.986267
13 -1.063849 6.384942
16 -1.090066 9.006591
16 -1.095669 9.566930
20 -1.068837 6.883693
13 -1.057804 5.780397
13 -1.068539 6.853932
15 -1.070317 7.031702
19 -1.095166 9.516629
12 -1.068978 6.897822
28 -1.075353 7.535287
20 -1.054674 5.467395
16 -1.078212 7.821207
17 -1.059188 5.918783
20 -1.031748 3.174773
12 -1.087980 8.797969
19 -1.048092 4.809194
15 -1.085152 8.515204
13 -1.090800 9.080014
21 -1.067946 6.794573
20 -1.098851 9.885089
15 -1.051248 5.124839
16 -1.067367 6.736718
21 -1.031725 3.172472
16 -1.060269 6.026875
16 -1.095527 9.552692
12 -1.064841 6.484057
13 -1.077380 7.737972
13 -1.057741 5.774137
16 -1.052231 5.223146
15 -1.070396 7.039632
9 -1.088359 8.835850
27 -1.076974 7.697381
25 -1.048419 4.841887
17 -1.088957 8.895679
13 -1.084627 8.462679
29 -1.086978 8.697833
16 -1.056619 5.661941
37 -1.095888 9.588812
15 -1.060841 6.084132
16 -1.056555 5.655538
20 -1.051829 5.182893
17 -1.067720 6.772041
16 -1.092365 9.236531
12 -1.076566 7.656589
21 -1.064306 6.430553
19 -1.043388 4.338761
24 -1.093285 9.328528
40 -1.068585 6.858518
15 -1.092355 9.235523
20 -1.075419 7.541911
17 -1.021121 2.112074
17 -1.096356 9.635573
20 -1.081534 8.153374
16 -1.089323 8.932334
13 -1.070185 7.018495
19 -1.073405 7.340509
16 -1.066453 6.645255
21 -1.049693 4.969257
21 -1.037837 3.783675
20 -1.063203 6.320320
17 -1.094425 9.442491
15 -1.078842 7.884184
15 -1.096417 9.641657
15 -1.095094 9.509359
33 -1.062379 6.237878
12 -1.092066 9.206583
11 -1.045575 4.557460
15 -1.061338 6.133750
20 -1.070027 7.002687
15 -1.086192 8.619220
11 -1.090821 9.082074
17 -1.074391 7.439072
15 -1.054715 5.471453
13 -1.082706 8.270617
17 -1.061566 6.156638
35 -1.039704 3.970392
12 -1.085805 8.580537
28 -1.052990 5.299012
25 -1.089494 8.949399
13 -1.061782 6.178242
25 -1.093567 9.356691
21 -1.052660 5.266007
25 -1.017657 1.765692
28 -1.064437 6.443686
12 -1.073726 7.372591
12 -1.075134 7.513403
21 -1.063001 6.300054
27 -1.049884 4.988422
32 -1.073395 7.339542
19 -1.048872 4.887217
21 -1.090185 9.018537
11 -1.065801 6.580100
17 -1.065218 6.521825
19 -1.083373 8.337339
32 -1.076607 7.660657
8 -1.096856 9.685647
19 -1.076733 7.673336
13 -1.046082 4.608216
20 -1.070656 7.065633
25 -1.049620 4.962018
13 -1.045444 4.544367
20 -1.067290 6.728990
12 -1.057869 5.786936
11 -1.067586 6.758592
23 -1.033942 3.394206
17 -1.068969 6.896880
13 -1.095617 9.561725
24 -1.037758 3.775751
15 -1.067577 6.757655
20 -1.084727 8.472676
17 -1.034903 3.490286
20 -1.054460 5.446027
17 -1.085809 8.580938
17 -1.098563 9.856320
23 -1.077154 7.715393
25 -1.089932 8.993226
27 -1.059775 5.977529
24 -1.045115 4.511482
29 -1.091338 9.133797
19 -1.052905 5.290461
32 -1.099920 9.991966
20 -1.079216 7.921578
31 -1.089000 8.899988
21 -1.049247 4.924729
32 -1.093793 9.379302
21 -1.082351 8.235071
20 -1.042198 4.219807
20 -1.094333 9.433311
36 -1.071074 7.107361
29 -1.044946 4.494550
28 -1.088381 8.838115
25 -1.095395 9.539524
29 -1.099169 9.916929
36 -1.053826 5.382573
33 -1.047012 4.701218
32 -1.059432 5.943157
