7 7.680612 9.623524
8 7.791518 8.318514
8 8.021685 5.610180
8 7.743353 8.885263
9 7.859308 7.520846
9 7.997580 5.893815
9 7.971094 6.205474
9 8.240476 3.035710
10 7.938791 6.585579
10 8.235490 3.094374
11 8.103994 4.641666
11 7.947109 6.487700
11 7.897565 7.070684
11 7.963361 6.296469
11 8.050094 5.275893
11 7.734880 8.984972
11 8.304169 2.286242
11 7.694731 9.457395
12 7.893228 7.121709
12 8.038251 5.415255
12 7.649571 9.988782
9 8.022961 5.595162
12 7.698404 9.414176
12 7.995226 5.921521
12 7.744349 8.873552
9 7.843458 7.707346
12 7.774541 8.518282
12 7.649401 9.990786
13 8.104990 4.629942
13 7.691168 9.499314
9 7.841256 7.733257
13 8.031208 5.498126
8 7.851231 7.615890
11 7.798467 8.236752
8 7.875547 7.329756
15 7.787057 8.371008
15 8.086288 4.850006
15 7.905546 6.976770
15 7.779156 8.463979
15 7.797609 8.246844
6 7.650478 9.978110
15 7.916561 6.847155
13 7.815605 8.035086
15 7.656871 9.902880
15 7.649440 9.990326
15 7.792703 8.304570
16 7.656049 9.912563
11 7.907626 6.952296
9 7.685244 9.569031
7 7.794371 8.284942
8 8.122024 4.429513
16 7.686443 9.554921
11 8.249400 2.930697
9 8.033873 5.466761
9 7.867742 7.421599
11 7.916128 6.852252
17 7.698295 9.415454
8 7.784875 8.396687
9 7.934179 6.639849
17 7.811806 8.079794
7 7.707859 9.302921
13 7.989708 5.986446
15 7.793711 8.292712
8 8.318488 2.117749
12 7.741612 8.905747
11 7.944933 6.513312
13 8.008625 5.763857
19 7.776551 8.494636
15 7.869145 7.405095
13 7.918172 6.828198
11 8.115247 4.509253
11 7.683878 9.585094
16 7.808241 8.121743
13 7.753176 8.769678
16 7.886129 7.205240
13 8.162274 3.955893
12 7.799485 8.224768
16 7.870913 7.384288
21 7.757947 8.713545
11 8.207338 3.425628
11 7.703684 9.352047
11 7.768088 8.594214
12 8.066760 5.079796
12 7.860399 7.508012
11 7.803767 8.174389
11 7.695715 9.445812
11 7.847663 7.657871
16 7.866377 7.437664
13 7.766270 8.615607
9 7.809089 8.111761
15 7.864304 7.462055
15 7.665048 9.806669
8 7.874986 7.336366
9 7.957438 6.366162
11 7.722393 9.131898
12 8.139733 4.221135
16 7.725357 9.097024
15 8.262357 2.778232
13 7.809081 8.111862
13 8.076712 4.962685
11 7.803202 8.181028
11 8.051017 5.265039
13 7.841156 7.734435
11 7.854866 7.573109
12 7.930640 6.681495
13 7.809685 8.104744
9 8.208062 3.417114
8 7.803560 8.176819
17 7.705365 9.332266
11 8.027406 5.542863
11 8.044820 5.337953
11 8.072998 5.006387
13 7.756059 8.735761
13 7.943361 6.531801
12 7.998116 5.887513
11 8.226460 3.200623
16 7.807080 8.135407
12 7.726568 9.082768
13 8.109759 4.573833
21 7.699657 9.399431
8 8.127842 4.361049
9 8.278521 2.588031
9 7.874915 7.337193
12 7.848321 7.650128
12 7.672992 9.713190
11 7.741725 8.904420
18 7.669333 9.756252
11 8.068060 5.064489
15 7.974817 6.161667
12 7.936967 6.607038
16 7.726655 9.081747
11 7.741439 8.907792
11 7.775710 8.504533
12 7.689790 9.515530
15 8.043760 5.350424
12 8.181722 3.727053
9 7.915522 6.859379
20 7.900773 7.032927
8 7.758109 8.711630
13 7.827229 7.898310
12 7.664555 9.812464
18 7.777389 8.484772
11 8.057551 5.188147
9 8.133073 4.299495
11 8.211266 3.379415
16 7.771225 8.557298
29 7.774845 8.514709
19 8.150391 4.095716
16 7.677680 9.658035
9 7.845217 7.686649
16 7.713053 9.241799
15 7.852426 7.601823
12 8.137431 4.248217
10 8.021889 5.607785
13 7.775203 8.510496
13 7.715304 9.215316
9 7.759482 8.695477
16 7.676058 9.677119
12 7.769754 8.574608
10 8.220632 3.269199
11 8.158210 4.003716
25 7.673575 9.706334
17 7.697330 9.426807
21 7.849585 7.635250
20 7.793914 8.290328
13 7.821972 7.960170
16 7.766964 8.607445
15 7.772949 8.537021
12 7.938544 6.588482
13 7.815689 8.034103
19 7.887030 7.194647
16 7.690526 9.506876
15 7.661341 9.850288
16 7.653674 9.940505
13 7.665205 9.804820
15 7.818228 8.004225
19 7.649649 9.987867
17 7.780623 8.446717
15 7.864884 7.455228
17 7.736073 8.970929
19 7.662073 9.841671
19 7.696675 9.434520
24 7.848113 7.652568
22 7.721712 9.139917
25 7.878821 7.291233
20 7.915850 6.855525
25 8.069554 5.046912
27 7.709239 9.286685
26 8.079596 4.928756
29 8.099216 4.697888
37 7.695380 9.449752
36 8.058619 5.175584
37 7.731204 9.028221
46 8.176359 3.790153
37 7.883424 7.237072
47 8.133704 4.292069
53 8.263960 2.759366
51 7.898139 7.063928
69 7.729930 9.043215
83 8.186078 3.675796
