7 28.612172 4.626093
7 28.581035 4.729883
7 29.881511 0.394964
7 28.903692 3.654361
8 29.307166 2.309448
8 29.489546 1.701515
9 27.091552 9.694826
8 27.814974 7.283420
8 28.549203 4.835989
8 29.065131 3.116230
8 28.321245 5.595851
8 28.621619 4.594603
8 28.642366 4.525447
8 27.557966 8.140115
9 28.218200 5.939332
9 28.221455 5.928483
9 29.490303 1.698990
9 28.953021 3.489929
9 29.654582 1.151394
9 29.768209 0.772637
9 29.800132 0.666227
8 29.084551 3.051496
9 27.300134 8.999552
9 29.109003 2.969989
9 28.441750 5.194166
9 29.818895 0.603682
8 28.490677 5.031077
9 27.519335 8.268885
9 28.612945 4.623518
9 29.114467 2.951778
9 29.059913 3.133625
9 29.106270 2.979101
9 29.697178 1.009406
9 29.103952 2.986825
10 29.617756 1.274147
10 28.062507 6.458310
10 27.690234 7.699219
10 29.269003 2.436657
8 29.761169 0.796105
8 29.515365 1.615451
8 27.890523 7.031591
8 27.385164 8.716121
8 28.922429 3.591902
7 27.404292 8.652359
9 29.321692 2.261026
9 29.915097 0.283011
8 29.266530 2.444901
7 29.567406 1.441980
11 28.515319 4.948937
11 29.515637 1.614542
11 29.212365 2.625450
11 29.718516 0.938281
8 27.676872 7.743760
8 27.614565 7.951450
8 28.229376 5.902080
8 28.603904 4.653654
12 29.400040 1.999868
12 29.090657 3.031144
9 29.643903 1.186990
8 27.970541 6.764864
9 27.252755 9.157484
9 27.600409 7.998636
9 28.675039 4.416537
9 28.988571 3.371429
8 27.610467 7.965109
12 29.885937 0.380209
12 29.931748 0.227507
12 29.952583 0.158056
9 29.470520 1.764932
9 27.565292 8.115692
8 27.947913 6.840289
9 29.694453 1.018490
13 29.845000 0.516667
12 27.892543 7.024856
9 29.621542 1.261528
8 28.570722 4.764260
9 29.374229 2.085904
9 27.085668 9.714441
9 29.769067 0.769777
9 29.177357 2.742144
11 29.514613 1.617957
8 27.921738 6.927539
8 27.903144 6.989520
9 28.528790 4.904034
9 28.484856 5.050479
10 28.630700 4.564332
9 27.178731 9.404230
12 29.594455 1.351817
10 28.522514 4.924953
10 27.341274 8.862421
8 29.058299 3.139004
9 27.965904 6.780320
8 28.983148 3.389507
9 29.819650 0.601168
8 27.713000 7.623333
9 28.448359 5.172136
8 29.394089 2.019703
9 28.112062 6.293126
11 29.877977 0.406744
10 27.395960 8.680132
9 28.226284 5.912387
10 29.782631 0.724562
13 29.753892 0.820359
7 27.684409 7.718637
13 29.781332 0.728892
9 29.508501 1.638329
10 29.498852 1.670492
8 27.116703 9.610990
8 27.475639 8.414538
9 29.363216 2.122613
9 29.905263 0.315791
10 27.769651 7.434497
10 29.899916 0.333614
10 29.826408 0.578639
9 28.941181 3.529396
12 29.961676 0.127748
8 29.308918 2.303608
9 29.942365 0.192117
9 29.395121 2.016264
10 29.847074 0.509754
9 27.196353 9.345489
7 28.180200 6.065999
8 28.669778 4.434073
9 29.185646 2.714513
9 29.710114 0.966285
12 29.480101 1.732998
11 29.074903 3.083657
9 28.671439 4.428538
9 29.307299 2.309005
8 29.542577 1.524744
9 27.967225 6.775916
8 28.863804 3.787318
9 29.770297 0.765677
9 29.240720 2.530933
11 29.624523 1.251591
8 28.063582 6.454725
8 27.361486 8.795048
8 28.400552 5.331492
9 29.038115 3.206283
9 28.440719 5.197603
9 29.935105 0.216317
11 28.849284 3.835719
9 29.362207 2.125976
10 29.417665 1.941115
8 28.716966 4.276781
9 29.654327 1.152242
10 28.903917 3.653611
9 29.389118 2.036273
9 28.583962 4.720126
8 27.810646 7.297848
8 29.345687 2.181043
8 27.277880 9.073734
11 27.579098 8.069674
8 28.646624 4.511255
9 29.776995 0.743350
12 29.805307 0.648976
9 29.097549 3.008170
9 29.699352 1.002161
8 27.322436 8.925212
12 29.799404 0.668654
12 29.910829 0.297238
9 29.777622 0.741260
10 29.942196 0.192680
11 27.945792 6.847359
11 29.919395 0.268683
9 29.916191 0.279364
8 29.554010 1.486632
8 27.490494 8.365020
8 28.172214 6.092619
10 29.475082 1.749726
8 28.808441 3.971862
12 28.142866 6.190445
9 29.280706 2.397648
9 29.701380 0.995399
11 29.120756 2.930813
8 28.845262 3.849125
8 28.195116 6.016281
13 29.941580 0.194734
9 29.184762 2.717460
8 29.484131 1.719564
8 28.077412 6.408626
11 28.928007 3.573309
10 28.059617 6.467942
9 28.240852 5.863825
9 29.863292 0.455694
9 27.885875 7.047084
9 29.041347 3.195511
10 29.812443 0.625190
12 29.129025 2.903251
10 27.799350 7.335501
12 29.507302 1.642326
11 27.686352 7.712161
10 28.629125 4.569582
14 29.903809 0.320635
12 29.859687 0.467709
11 29.952653 0.157822
13 29.988450 0.038500
14 29.956169 0.146104
17 29.957710 0.140965
17 29.989951 0.033498
