9 0.905536 9.446368
9 0.906702 9.329782
9 0.926938 7.306159
10 0.907178 9.282181
10 0.948473 5.152663
11 0.943165 5.683515
11 0.954676 4.532385
11 0.913931 8.606873
12 0.940855 5.914544
12 0.905749 9.425061
12 0.952619 4.738129
12 0.955383 4.461692
12 0.966768 3.323171
12 0.970540 2.945971
13 0.931838 6.816228
13 0.935918 6.408174
13 0.943370 5.663030
13 0.969301 3.069910
13 0.957445 4.255541
13 0.909935 9.006523
13 0.910791 8.920857
13 0.902412 9.758779
13 0.948655 5.134512
13 0.937547 6.245328
13 0.948208 5.179174
13 0.937459 6.254118
13 0.921247 7.875339
13 0.956310 4.369038
12 0.907024 9.297596
13 0.943335 5.666514
14 0.904134 9.586647
14 0.965414 3.458591
14 0.920569 7.943149
15 0.952409 4.759078
15 0.962471 3.752899
15 0.912975 8.702544
15 0.968307 3.169339
8 0.912330 8.767013
12 0.909354 9.064570
16 0.975040 2.495961
11 0.917525 8.247485
13 0.933037 6.696295
9 0.921520 7.847979
9 0.933996 6.600426
17 0.934882 6.511849
17 0.967552 3.244781
12 0.915657 8.434288
17 0.966660 3.334033
13 0.964136 3.586366
15 0.962112 3.788774
9 0.904480 9.552046
12 0.920903 7.909685
13 0.965512 3.448803
11 0.950527 4.947311
19 0.965228 3.477193
18 0.945141 5.485920
13 0.908227 9.177282
12 0.952203 4.779694
11 0.961393 3.860706
15 0.969455 3.054460
11 0.939992 6.000792
12 0.959608 4.039240
12 0.957990 4.200990
20 0.951517 4.848283
18 0.971097 2.890297
12 0.960803 3.919662
13 0.938229 6.177101
13 0.956449 4.355096
20 0.927888 7.211161
12 0.958877 4.112325
15 0.952039 4.796073
16 0.957239 4.276144
16 0.957503 4.249692
15 0.961201 3.879891
16 0.916389 8.361141
12 0.905212 9.478782
13 0.919809 8.019061
16 0.949366 5.063444
17 0.947719 5.228089
13 0.956634 4.336572
12 0.904739 9.526147
16 0.903911 9.608933
15 0.920823 7.917736
13 0.935578 6.442242
11 0.902222 9.777785
11 0.907745 9.225485
11 0.938477 6.152326
17 0.953915 4.608490
16 0.939754 6.024551
15 0.955761 4.423928
21 0.937835 6.216480
18 0.940768 5.923215
16 0.970093 2.990715
15 0.948735 5.126546
13 0.971862 2.813788
13 0.918357 8.164252
13 0.902781 9.721868
13 0.929995 7.000491
15 0.970739 2.926086
15 0.936861 6.313879
12 0.969681 3.031950
13 0.955515 4.448454
13 0.931461 6.853856
9 0.925400 7.459972
14 0.923411 7.658904
11 0.920252 7.974776
15 0.931619 6.838075
11 0.929814 7.018559
11 0.926510 7.349007
16 0.962950 3.704991
13 0.948218 5.178197
14 0.970062 2.993786
15 0.974792 2.520826
12 0.937280 6.272045
15 0.950013 4.998750
15 0.916891 8.310885
9 0.919574 8.042592
13 0.927969 7.203078
10 0.959164 4.083595
11 0.945788 5.421249
12 0.960246 3.975373
failed to find solution after reaching max emtpy limit -- 13 iterations and 7 function evals
17 0.939445 6.055535
9 0.919245 8.075533
10 0.910123 8.987727
8 0.931348 6.865174
22 0.965547 3.445253
12 0.903124 9.687600
13 0.921738 7.826217
13 0.961712 3.828765
10 0.966782 3.321765
12 0.950098 4.990229
13 0.931074 6.892625
13 0.935929 6.407107
12 0.932490 6.751019
11 0.933108 6.689152
17 0.952924 4.707577
13 0.963469 3.653075
12 0.936116 6.388430
13 0.965456 3.454360
9 0.943972 5.602789
16 0.948587 5.141317
15 0.966403 3.359748
17 0.967167 3.283280
15 0.956787 4.321315
17 0.968482 3.151778
17 0.932951 6.704875
9 0.917155 8.284499
12 0.930745 6.925504
10 0.927161 7.283852
12 0.918447 8.155269
13 0.955523 4.447748
12 0.922941 7.705862
17 0.962771 3.722886
12 0.913230 8.676953
16 0.955911 4.408913
13 0.904691 9.530898
11 0.923785 7.621508
19 0.960686 3.931402
15 0.923714 7.628604
17 0.959629 4.037091
13 0.928301 7.169879
13 0.939197 6.080304
11 0.959461 4.053938
16 0.945896 5.410416
12 0.959411 4.058900
16 0.942063 5.793654
12 0.951098 4.890198
17 0.937865 6.213493
13 0.902887 9.711252
12 0.932249 6.775120
21 0.911318 8.868175
12 0.917044 8.295635
17 0.934976 6.502436
12 0.941476 5.852410
16 0.970265 2.973501
16 0.950962 4.903792
19 0.932986 6.701445
13 0.944447 5.555318
13 0.943696 5.630384
12 0.945483 5.451699
13 0.909915 9.008537
15 0.961585 3.841514
13 0.954013 4.598738
13 0.944890 5.510977
13 0.957906 4.209378
13 0.938017 6.198321
16 0.914197 8.580332
16 0.939437 6.056349
21 0.926544 7.345631
13 0.947821 5.217933
16 0.958558 4.144171
15 0.968085 3.191496
19 0.952243 4.775746
13 0.942457 5.754296
13 0.946166 5.383390
15 0.973925 2.607454
23 0.956095 4.390535
16 0.950999 4.900103
21 0.917261 8.273904
