17 14.021178 6.525481
17 13.568243 9.545045
16 13.686710 8.755266
18 14.158308 5.611283
18 14.220960 5.193603
18 13.872192 7.518720
19 14.494840 3.367735
19 14.062408 6.250614
18 14.820219 1.198539
19 13.830748 7.795013
19 14.300953 4.660316
20 14.105916 5.960559
20 14.671074 2.192839
20 14.251744 4.988376
20 13.749106 8.339296
21 13.999634 6.669104
21 14.443933 3.707116
21 13.897866 7.347557
21 14.415857 3.894287
21 14.227218 5.151877
21 13.861746 7.588359
22 14.244354 5.037642
22 14.383805 4.107964
23 14.590435 2.730432
23 14.286984 4.753441
23 13.907400 7.284003
24 14.596486 2.690094
17 14.043425 6.377169
19 14.109493 5.936712
25 14.096269 6.024874
18 14.009844 6.601041
25 13.598264 9.344904
25 13.614957 9.233620
25 14.467108 3.552615
25 14.588697 2.742019
20 14.746021 1.693197
26 13.945099 7.032671
19 14.513444 3.243705
26 14.603069 2.646208
21 14.181842 5.454385
19 14.153076 5.646158
21 14.703468 1.976879
27 14.417124 3.885838
20 13.709380 8.604134
17 14.661474 2.256838
26 14.798745 1.341701
27 14.423704 3.841974
21 13.836634 7.755774
27 13.745947 8.360352
27 14.546671 3.022193
26 13.983654 6.775640
27 14.005567 6.629553
27 14.357035 4.286437
27 14.436527 3.756488
28 14.565555 2.896301
19 13.838230 7.745130
28 14.572807 2.847956
21 14.701209 1.991940
17 14.243181 5.045458
19 14.348671 4.342191
24 14.438064 3.746238
20 13.576171 9.492195
30 14.815119 1.232541
18 14.346175 4.358833
15 13.608164 9.278907
31 14.493953 3.373646
21 14.835232 1.098455
32 14.535177 3.098820
22 14.266950 4.886999
17 14.291607 4.722621
21 14.014735 6.568435
19 13.939933 7.067115
20 14.667261 2.218261
24 14.630545 2.463032
21 14.027840 6.481066
25 14.567327 2.884489
25 14.397077 4.019487
27 14.428818 3.807882
21 13.663658 8.908946
21 14.100817 5.994557
21 13.730264 8.464909
27 14.289277 4.738151
25 14.796040 1.359736
21 14.707575 1.949502
23 14.518911 3.207261
22 14.284866 4.767558
17 13.849920 7.667200
19 13.629368 9.137546
28 14.487752 3.414985
25 13.654546 8.969693
22 13.663578 8.909479
20 14.480397 3.464022
24 13.640459 9.063610
22 14.488116 3.412560
17 14.416857 3.887623
21 14.549801 3.001329
20 14.384244 4.105042
23 14.826926 1.153830
19 14.426523 3.823182
17 13.775944 8.160374
19 14.456249 3.625006
25 14.885430 0.763800
24 14.210718 5.261877
19 14.783263 1.444911
25 14.332492 4.450055
18 13.758775 8.274831
21 14.342573 4.382845
21 14.820033 1.199782
21 13.615467 9.230222
24 14.664232 2.238455
24 14.561389 2.924072
25 14.648168 2.345544
26 13.928069 7.146208
28 14.755479 1.630140
18 13.744343 8.371045
21 13.683776 8.774827
24 14.724588 1.836083
25 14.566000 2.893331
19 14.682108 2.119283
19 14.276675 4.822167
19 13.664589 8.902740
19 14.463208 3.578614
26 14.155896 5.627358
30 14.604808 2.634612
18 13.737503 8.416645
16 14.071518 6.189880
19 14.134350 5.771003
26 13.963263 6.911577
23 13.757593 8.282716
22 14.698653 2.008979
20 14.167678 5.548812
19 14.101251 5.991661
20 14.517974 3.213507
19 14.380904 4.127309
19 14.383184 4.112104
21 14.016134 6.559109
21 14.153464 5.643572
31 14.253873 4.974177
16 13.686834 8.754443
25 13.917058 7.219612
20 14.323418 4.510548
26 14.110822 5.927851
20 14.524573 3.169516
23 14.081913 6.120578
21 14.206537 5.289756
21 14.629585 2.469435
21 14.505743 3.295045
21 14.343484 4.376775
24 14.651781 2.321461
25 14.426321 3.824526
26 13.606219 9.291876
24 14.342885 4.380765
18 14.359239 4.271740
23 14.101540 5.989732
23 14.358478 4.276810
25 14.440040 3.733064
25 14.630823 2.461177
19 14.300225 4.665164
22 14.079833 6.134449
22 14.141014 5.726575
20 14.292208 4.718615
20 13.557392 9.617388
28 14.331607 4.455954
25 14.624215 2.505230
18 13.952484 6.983439
19 14.097992 6.013386
18 14.258429 4.943804
21 14.571734 2.855105
24 14.571783 2.854778
21 14.578735 2.808434
25 14.457369 3.617538
19 14.478173 3.478849
19 13.568573 9.542848
23 14.697576 2.016161
20 14.818859 1.207605
19 14.609034 2.606442
24 14.481826 3.454495
20 14.556734 2.955106
27 14.471509 3.523271
24 14.322799 4.514673
29 14.315743 4.561713
24 13.949554 7.002976
23 13.812845 7.914366
24 14.010437 6.597087
21 14.286968 4.753547
22 14.304139 4.639075
21 13.838446 7.743690
25 14.593297 2.711352
27 14.801744 1.321709
21 14.033283 6.444782
26 13.707990 8.613402
23 14.705457 1.963617
26 13.500770 9.994865
25 14.128227 5.811819
28 14.524004 3.173309
29 14.557298 2.951347
27 14.661450 2.257002
30 14.240587 5.062756
24 14.385499 4.096675
31 14.500923 3.327182
