23 -3.412290 8.816884
24 -3.265865 4.147446
24 -3.396031 8.298412
25 -3.314385 5.694728
26 -3.312998 5.650514
27 -3.423616 9.178065
28 -3.405600 8.603537
23 -3.313980 5.681816
32 -3.445756 9.884099
33 -3.431990 9.445111
28 -3.313980 5.681816
32 -3.228396 2.952582
35 -3.364934 7.306712
36 -3.314685 5.704293
22 -3.321034 5.906779
37 -3.268760 4.239755
38 -3.442634 9.784559
40 -3.397524 8.346023
38 -3.310370 5.566680
28 -3.437656 9.625806
40 -3.313980 5.681818
28 -3.436674 9.594484
37 -3.369906 7.465268
39 -3.329375 6.172772
25 -3.403425 8.534195
40 -3.395522 8.282158
38 -3.422440 9.140587
46 -3.399971 8.424046
24 -3.425854 9.249447
38 -3.313981 5.681841
42 -3.423581 9.176947
48 -3.272471 4.358101
41 -3.313980 5.681819
27 -3.364618 7.296638
38 -3.420890 9.091149
50 -3.313968 5.681445
33 -3.348225 6.773867
55 -3.427121 9.289852
44 -3.413770 8.864082
46 -3.433147 9.482031
47 -3.332770 6.281016
46 -3.320117 5.877531
32 -3.201602 2.098121
50 -3.269854 4.274661
28 -3.385346 7.957644
35 -3.283928 4.723467
25 -3.354900 6.986753
52 -3.424318 9.200447
55 -3.190773 1.752779
37 -3.181958 1.471672
41 -3.203826 2.169022
32 -3.426384 9.266352
36 -3.327867 6.124665
41 -3.310804 5.580548
30 -3.425256 9.230368
49 -3.364939 7.306875
70 -3.395338 8.276294
72 -3.244027 3.451042
43 -3.412611 8.827142
39 -3.234701 3.153623
30 -3.313980 5.681816
40 -3.313980 5.681816
53 -3.376714 7.682375
24 -3.276655 4.491536
52 -3.211441 2.411866
24 -3.386319 7.988684
42 -3.430810 9.407479
25 -3.320635 5.894029
56 -3.369120 7.440213
56 -3.330404 6.205564
86 -3.430741 9.405304
44 -3.225463 2.859024
33 -3.404250 8.560484
24 -3.287910 4.850446
31 -3.387015 8.010868
72 -3.432807 9.471178
33 -3.266153 4.156635
84 -3.353217 6.933080
31 -3.344217 6.646077
34 -3.411149 8.780496
24 -3.226026 2.877000
32 -3.238141 3.263335
58 -3.416699 8.957483
81 -3.330855 6.219949
30 -3.313980 5.681816
20 -3.313980 5.681816
95 -3.313980 5.681816
75 -3.431063 9.415572
81 -3.403968 8.551512
76 -3.313330 5.661088
67 -3.341953 6.573852
32 -3.199709 2.037759
24 -3.292202 4.987321
106 -3.370440 7.482295
34 -3.449242 9.995270
79 -3.313967 5.681409
70 -3.314010 5.682767
38 -3.358343 7.096527
61 -3.378454 7.737883
34 -3.270975 4.310411
41 -3.434362 9.520776
35 -3.341679 6.565140
27 -3.338784 6.472799
98 -3.308040 5.492394
33 -3.212954 2.460123
75 -3.313978 5.681767
59 -3.410565 8.761879
70 -3.424123 9.194236
73 -3.387750 8.034305
79 -3.381494 7.834803
74 -3.423779 9.183257
100 -3.315285 5.723422
31 -3.296248 5.116353
26 -3.442807 9.790076
26 -3.215027 2.526249
73 -3.441441 9.746496
28 -3.372481 7.547384
53 -3.330321 6.202913
67 -3.378690 7.745391
72 -3.435741 9.564735
62 -3.354329 6.968541
102 -3.312394 5.631239
60 -3.314006 5.682630
48 -3.375192 7.633842
23 -3.189864 1.723781
47 -3.313980 5.681817
73 -3.278414 4.547611
27 -3.345257 6.679239
28 -3.444823 9.854366
53 -3.319151 5.846717
30 -3.270437 4.293231
24 -3.309915 5.552187
76 -3.240181 3.328394
23 -3.335372 6.364001
29 -3.383489 7.898445
76 -3.391240 8.145615
97 -3.361276 7.190087
33 -3.391482 8.153346
46 -3.248333 3.588357
95 -3.262837 4.050881
24 -3.447565 9.941816
23 -3.224139 2.816817
72 -3.357873 7.081550
86 -3.410263 8.752237
119 -3.439245 9.676482
27 -3.421488 9.110209
52 -3.220362 2.696358
54 -3.404021 8.553198
35 -3.303578 5.350084
34 -3.302361 5.311292
49 -3.392251 8.177870
71 -3.414582 8.889989
85 -3.440805 9.726215
41 -3.443819 9.822332
49 -3.339532 6.496655
25 -3.292051 4.982491
56 -3.394379 8.245709
33 -3.422339 9.137349
90 -3.315553 5.731994
107 -3.362719 7.236085
46 -3.250422 3.654986
54 -3.363572 7.263305
42 -3.405840 8.611196
33 -3.435557 9.558869
51 -3.437366 9.616570
75 -3.365613 7.328381
55 -3.313980 5.681825
69 -3.411311 8.785658
109 -3.261802 4.017883
61 -3.197872 1.979177
60 -3.440198 9.706858
89 -3.424438 9.204298
73 -3.313980 5.681810
88 -3.187444 1.646632
115 -3.299923 5.233533
95 -3.286808 4.815315
144 -3.375717 7.650605
77 -3.313873 5.678390
98 -3.351728 6.885602
118 -3.423353 9.169681
120 -3.404537 8.569645
97 -3.324246 6.009200
101 -3.313288 5.659764
90 -3.364752 7.300922
76 -3.314253 5.690513
101 -3.312901 5.647407
190 -3.216171 2.562720
113 -3.444976 9.859251
80 -3.315740 5.737948
86 -3.381221 7.826099
123 -3.318386 5.822327
104 -3.164052 0.900649
126 -3.324665 6.022556
112 -3.402611 8.508243
130 -3.445065 9.862066
134 -3.442110 9.767858
143 -3.445580 9.878513
199 -3.407527 8.665000
115 -3.312058 5.620520
129 -3.396211 8.304136
