416 -1.083491 8.349050
192 -1.080333 8.033297
685 -1.056289 5.628934
496 -1.087451 8.745070
2028 -1.065253 6.525258
3106 -1.080310 8.030951
3636 -1.063943 6.394280
123 -1.095649 9.564875
3738 -1.068746 6.874606
3958 -1.036300 3.630048
1652 -1.043067 4.306749
4726 -1.021375 2.137492
7053 -1.033889 3.388878
3657 -1.069245 6.924514
7066 -1.072266 7.226579
1361 -1.098763 9.876340
8484 -1.096928 9.692797
7612 -1.029088 2.908758
8722 -1.079976 7.997598
5399 -1.099264 9.926351
8973 -1.069645 6.964484
9100 -1.043463 4.346258
9301 -1.063854 6.385352
10486 -1.097927 9.792696
10523 -1.076390 7.638972
11176 -1.069743 6.974307
11255 -1.094878 9.487833
9360 -1.053099 5.309887
11946 -1.009432 0.943190
489 -1.034077 3.407703
12386 -1.049146 4.914570
7419 -1.085595 8.559452
12774 -1.091710 9.170975
13146 -1.096618 9.661795
13118 -1.070745 7.074510
6260 -1.096698 9.669772
7492 -1.088522 8.852174
1705 -1.085128 8.512755
11281 -1.083752 8.375156
5340 -1.042766 4.276565
3791 -1.029672 2.967168
3955 -1.081456 8.145617
6446 -1.077515 7.751477
14667 -1.026875 2.687523
15174 -1.058189 5.818930
9359 -1.075359 7.535906
15832 -1.052853 5.285326
15446 -1.097688 9.768844
3677 -1.058785 5.878521
16452 -1.053317 5.331737
1937 -1.021489 2.148919
3981 -1.090341 9.034091
15007 -1.075203 7.520308
15204 -1.066084 6.608388
13128 -1.093009 9.300858
35 -1.035633 3.563284
19284 -1.080444 8.044414
1359 -1.064762 6.476191
8106 -1.096311 9.631146
17959 -1.048174 4.817421
12993 -1.057807 5.780654
4648 -1.038099 3.809855
20415 -1.091952 9.195154
20065 -1.049866 4.986583
16963 -1.093163 9.316348
9284 -1.054600 5.460017
22868 -1.032023 3.202271
22958 -1.049548 4.954771
23467 -1.095833 9.583279
24401 -1.066935 6.693549
23872 -1.050338 5.033841
8021 -1.037738 3.773827
13969 -1.084982 8.498223
2966 -1.084703 8.470342
27019 -1.099674 9.967366
27380 -1.034421 3.442084
1393 -1.032815 3.281479
20072 -1.073063 7.306278
9921 -1.087334 8.733396
28107 -1.045738 4.573794
18482 -1.045087 4.508673
3444 -1.096515 9.651487
20042 -1.096051 9.605134
28809 -1.078507 7.850661
27040 -1.081962 8.196224
29537 -1.038963 3.896279
29946 -1.062184 6.218419
12915 -1.076785 7.678491
25676 -1.026920 2.692046
29894 -1.055360 5.536036
21397 -1.022276 2.227645
33507 -1.040165 4.016516
33320 -1.073187 7.318717
18915 -1.018328 1.832812
34944 -1.049581 4.958110
33405 -1.061037 6.103679
35735 -1.092350 9.235008
28749 -1.067133 6.713317
16436 -1.050108 5.010828
6485 -1.065237 6.523655
36207 -1.054190 5.418989
36156 -1.069353 6.935301
7830 -1.006883 0.688272
33419 -1.095918 9.591847
1566 -1.061695 6.169532
10392 -1.013592 1.359161
13643 -1.092379 9.237856
3392 -1.091978 9.197835
7360 -1.026236 2.623603
37915 -1.051292 5.129237
34597 -1.078765 7.876459
33965 -1.090093 9.009307
3728 -1.054725 5.472544
39021 -1.064017 6.401723
39943 -1.038835 3.883471
23324 -1.094153 9.415309
39961 -1.070989 7.098902
30994 -1.041623 4.162296
40596 -1.069572 6.957179
4068 -1.028719 2.871857
39387 -1.053910 5.391011
31401 -1.093053 9.305271
14133 -1.088105 8.810518
4558 -1.099838 9.983827
14767 -1.098727 9.872735
39338 -1.055588 5.558772
21786 -1.056779 5.677906
3749 -1.015479 1.547892
3018 -1.077690 7.769032
7046 -1.071440 7.143970
42322 -1.092210 9.220951
12154 -1.096010 9.600973
33441 -1.055065 5.506455
776 -1.083868 8.386811
26866 -1.032483 3.248294
41495 -1.062983 6.298332
7046 -1.068200 6.819997
22001 -1.087389 8.738900
1278 -1.066467 6.646682
17984 -1.029544 2.954352
27541 -1.082851 8.285070
35277 -1.099734 9.973439
2939 -1.061273 6.127319
28627 -1.093457 9.345717
42184 -1.068580 6.857979
7625 -1.097385 9.738548
11437 -1.036956 3.695573
10975 -1.038825 3.882514
19458 -1.092351 9.235055
7202 -1.092568 9.256815
5647 -1.073778 7.377790
24985 -1.075095 7.509454
6943 -1.088870 8.886951
26079 -1.017530 1.752968
33799 -1.079761 7.976139
11029 -1.036137 3.613713
27773 -1.058009 5.800932
18005 -1.073429 7.342885
24615 -1.056586 5.658640
34917 -1.076854 7.685444
3109 -1.038570 3.856964
43792 -1.074057 7.405726
30941 -1.074474 7.447358
44683 -1.040482 4.048188
38281 -1.079211 7.921064
3445 -1.072832 7.283168
46424 -1.097814 9.781445
27246 -1.076328 7.632780
2353 -1.050109 5.010894
14630 -1.052538 5.253778
41071 -1.085279 8.527931
4953 -1.040234 4.023382
9644 -1.077427 7.742732
20486 -1.043014 4.301370
13470 -1.099088 9.908826
10476 -1.099852 9.985181
8717 -1.094620 9.462037
41198 -1.095449 9.544864
19424 -1.047890 4.789005
6511 -1.076091 7.609055
10873 -1.075734 7.573439
7775 -1.015782 1.578199
13175 -1.060791 6.079117
27393 -1.084035 8.403452
4701 -1.094299 9.429857
15297 -1.098248 9.824761
4224 -1.063977 6.397750
14644 -1.058543 5.854258
1236 -1.066690 6.668970
20446 -1.045819 4.581901
18777 -1.053600 5.359965
1327 -1.097818 9.781755
21157 -1.069545 6.954523
8375 -1.090645 9.064459
12237 -1.056139 5.613899
34234 -1.090168 9.016797
15676 -1.093235 9.323517
49714 -1.091354 9.135396
29769 -1.098488 9.848830
1368 -1.086757 8.675674
7908 -1.076394 7.639406
18676 -1.077162 7.716158
27837 -1.055580 5.558009
34862 -1.041207 4.120734
2084 -1.080530 8.052993
17495 -1.060779 6.077885
52991 -1.085049 8.504946
26859 -1.065351 6.535093
50799 -1.080662 8.066212
8611 -1.092057 9.205721
15237 -1.072418 7.241764
23647 -1.077982 7.798152
4842 -1.066090 6.608993
31336 -1.099461 9.946059
9437 -1.089001 8.900146
3092 -1.092518 9.251823
11095 -1.055834 5.583354
22862 -1.071170 7.117048
11698 -1.065819 6.581899
17801 -1.045926 4.592568
3334 -1.090112 9.011215
26801 -1.099867 9.986659
14818 -1.032199 3.219937
39484 -1.019487 1.948670
36809 -1.033334 3.333377
4868 -1.099480 9.947991
16809 -1.030198 3.019796
54624 -1.068109 6.810921
1360 -1.059306 5.930565
698 -1.064469 6.446883
7945 -1.098322 9.832158
20726 -1.017038 1.703844
12181 -1.053836 5.383634
5849 -1.095517 9.551657
13088 -1.061491 6.149091
10627 -1.071314 7.131355
28743 -1.075493 7.549253
7386 -1.065585 6.558529
11376 -1.037286 3.728625
35861 -1.030216 3.021567
28999 -1.036150 3.615038
49929 -1.092551 9.255120
27825 -1.093312 9.331211
52351 -1.045101 4.510083
2580 -1.040067 4.006693
18193 -1.034836 3.483571
9880 -1.073688 7.368751
20774 -1.023896 2.389551
38963 -1.093133 9.313257
21881 -1.031518 3.151802
11041 -1.080746 8.074614
24221 -1.095386 9.538622
36126 -1.078953 7.895253
28986 -1.090114 9.011433
49526 -1.074744 7.474375
10148 -1.094235 9.423466
12012 -1.081180 8.117988
10945 -1.045386 4.538576
12546 -1.067350 6.734977
18785 -1.096164 9.616432
47454 -1.074464 7.446351
9994 -1.098254 9.825413
54987 -1.093758 9.375806
59754 -1.005258 0.525776
19628 -1.043016 4.301625
13131 -1.058155 5.815459
31449 -1.098788 9.878822
45813 -1.071526 7.152602
37261 -1.044520 4.452019
12151 -1.072564 7.256444
1925 -1.026048 2.604753
18484 -1.096467 9.646744
2185 -1.052125 5.212485
36760 -1.069337 6.933700
4297 -1.025069 2.506870
2200 -1.092642 9.264211
16941 -1.070635 7.063472
12461 -1.017990 1.798952
14804 -1.034186 3.418638
13184 -1.061947 6.194691
61571 -1.024047 2.404675
32732 -1.094951 9.495125
19852 -1.082022 8.202238
27941 -1.029386 2.938631
4328 -1.021603 2.160309
8794 -1.064694 6.469417
14284 -1.098200 9.819954
10316 -1.068860 6.886006
13048 -1.036817 3.681671
30070 -1.079436 7.943556
1782 -1.026241 2.624051
3731 -1.073347 7.334723
5922 -1.030494 3.049397
39023 -1.060565 6.056484
26818 -1.094682 9.468207
9060 -1.089141 8.914124
23301 -1.080168 8.016817
4586 -1.094935 9.493497
21213 -1.084654 8.465372
24239 -1.079443 7.944324
406 -1.089090 8.909040
25561 -1.056873 5.687326
16593 -1.061805 6.180460
1403 -1.012034 1.203356
3400 -1.013064 1.306416
17775 -1.078958 7.895783
8184 -1.052144 5.214382
8719 -1.050302 5.030176
41051 -1.022124 2.212376
25686 -1.082965 8.296475
32856 -1.087955 8.795494
1611 -1.087887 8.788685
59172 -1.081178 8.117850
22008 -1.099198 9.919837
30519 -1.082234 8.223411
17587 -1.059685 5.968500
791 -1.082724 8.272379
3192 -1.028739 2.873894
39904 -1.082203 8.220293
51432 -1.046732 4.673220
42967 -1.092729 9.272910
31187 -1.028228 2.822815
3446 -1.084520 8.451965
15761 -1.067012 6.701163
38324 -1.047812 4.781174
27327 -1.096978 9.697794
3002 -1.081772 8.177212
9740 -1.029384 2.938434
42761 -1.078348 7.834803
11831 -1.087482 8.748219
39284 -1.075493 7.549330
9562 -1.033937 3.393690
29123 -1.053454 5.345366
5371 -1.096888 9.688811
10183 -1.084701 8.470053
911 -1.057084 5.708376
7045 -1.061587 6.158679
23979 -1.090720 9.072029
19631 -1.029636 2.963628
24821 -1.082094 8.209412
32622 -1.043487 4.348687
68363 -1.075279 7.527892
19870 -1.096395 9.639546
51324 -1.043364 4.336357
2171 -1.073753 7.375304
12403 -1.028414 2.841424
8102 -1.048958 4.895751
38497 -1.051618 5.161846
6588 -1.072037 7.203702
32697 -1.063463 6.346306
38577 -1.057961 5.796058
31799 -1.063778 6.377819
5495 -1.098799 9.879882
7035 -1.099764 9.976352
18408 -1.066659 6.665870
31027 -1.046815 4.681514
20295 -1.044752 4.475184
2231 -1.093191 9.319137
47426 -1.071120 7.112011
2044 -1.072810 7.281022
10995 -1.081070 8.106962
16572 -1.012928 1.292785
1874 -1.018695 1.869459
2523 -1.026201 2.620085
29655 -1.019903 1.990266
14619 -1.075637 7.563749
51306 -1.023216 2.321556
38534 -1.071613 7.161266
5635 -1.075121 7.512115
35668 -1.094054 9.405374
7680 -1.091274 9.127396
6110 -1.059453 5.945305
15628 -1.040055 4.005518
61289 -1.062619 6.261885
29170 -1.075744 7.574424
21575 -1.026817 2.681737
13416 -1.099559 9.955919
53773 -1.031887 3.188697
8919 -1.066971 6.697051
18357 -1.035465 3.546524
14806 -1.089870 8.986997
3600 -1.099747 9.974692
28094 -1.050376 5.037558
166 -1.096820 9.682037
7849 -1.076999 7.699935
23577 -1.083390 8.339033
35557 -1.050146 5.014558
5188 -1.078195 7.819506
738 -1.080161 8.016137
5877 -1.092787 9.278685
17624 -1.048235 4.823519
12992 -1.081408 8.140813
4847 -1.048314 4.831352
47995 -1.096058 9.605778
32954 -1.079814 7.981399
69964 -1.056009 5.600904
34854 -1.082591 8.259107
30656 -1.081762 8.176175
12766 -1.079390 7.939002
39606 -1.091752 9.175227
6216 -1.084942 8.494177
17602 -1.013367 1.336715
9418 -1.064325 6.432476
8331 -1.044787 4.478696
40874 -1.006547 0.654669
63313 -1.049233 4.923336
20807 -1.035763 3.576277
39149 -1.085187 8.518688
2421 -1.054196 5.419595
17532 -1.037963 3.796282
26371 -1.023112 2.311164
2405 -1.025403 2.540267
5008 -1.046682 4.668203
11988 -1.076555 7.655497
2756 -1.090895 9.089522
5004 -1.068509 6.850911
17790 -1.076403 7.640298
20507 -1.070415 7.041535
2370 -1.082764 8.276419
52134 -1.042229 4.222874
35157 -1.083183 8.318277
12133 -1.048066 4.806621
10534 -1.043958 4.395814
8202 -1.081550 8.155033
3485 -1.032007 3.200677
11194 -1.069686 6.968640
14157 -1.082234 8.223363
18017 -1.067159 6.715873
39142 -1.092532 9.253190
30048 -1.075496 7.549574
1913 -1.082300 8.230036
7560 -1.084824 8.482375
6172 -1.077842 7.784154
55729 -1.045125 4.512478
52843 -1.078896 7.889602
15751 -1.055622 5.562237
4830 -1.063886 6.388578
74357 -1.032178 3.217766
20829 -1.075049 7.504919
9382 -1.057568 5.756799
5793 -1.081810 8.180976
3222 -1.050588 5.058848
61331 -1.095750 9.574960
10718 -1.054695 5.469462
38949 -1.084358 8.435763
2655 -1.047356 4.735608
9578 -1.092394 9.239434
24240 -1.050211 5.021115
55485 -1.085360 8.536007
50564 -1.077484 7.748367
8599 -1.087657 8.765733
1381 -1.084926 8.492583
12038 -1.049989 4.998858
21588 -1.045742 4.574180
15079 -1.045301 4.530073
31017 -1.086722 8.672213
37874 -1.045685 4.568456
25655 -1.082651 8.265068
1495 -1.048606 4.860631
14174 -1.089435 8.943492
3530 -1.031331 3.133071
9067 -1.074724 7.472397
17701 -1.094682 9.468204
4262 -1.053207 5.320735
6239 -1.068199 6.819942
523 -1.026023 2.602313
16806 -1.081103 8.110263
889 -1.071327 7.132666
18673 -1.076734 7.673375
20917 -1.054065 5.406516
64518 -1.052108 5.210823
1074 -1.096645 9.664494
29411 -1.051178 5.117830
14087 -1.016826 1.682607
24603 -1.087025 8.702476
6721 -1.088254 8.825396
12864 -1.045150 4.515013
16312 -1.077954 7.795427
59059 -1.077667 7.766667
30236 -1.063140 6.313980
82312 -1.084777 8.477702
7762 -1.029591 2.959083
5153 -1.010695 1.069540
27736 -1.077684 7.768371
43970 -1.084461 8.446115
55997 -1.083594 8.359425
32896 -1.028008 2.800820
3811 -1.035862 3.586212
22694 -1.046804 4.680364
76360 -1.098144 9.814450
9107 -1.043755 4.375540
16427 -1.053695 5.369483
29775 -1.084148 8.414824
84429 -1.071519 7.151916
33247 -1.028114 2.811387
59126 -1.011967 1.196735
10064 -1.047240 4.724033
12984 -1.099263 9.926251
44475 -1.070810 7.080984
80961 -1.085657 8.565737
12789 -1.072853 7.285348
20301 -1.097970 9.796990
18595 -1.090477 9.047740
7503 -1.076414 7.641384
9485 -1.044136 4.413561
23340 -1.083658 8.365811
281 -1.017733 1.773272
17784 -1.002006 0.200581
36479 -1.089676 8.967637
28700 -1.059424 5.942422
22270 -1.059798 5.979774
37685 -1.097436 9.743624
35114 -1.046621 4.662123
56859 -1.030631 3.063060
59220 -1.052082 5.208182
624 -1.091600 9.160031
19119 -1.095204 9.520352
7173 -1.084538 8.453760
13861 -1.041199 4.119941
15373 -1.025056 2.505627
10762 -1.065517 6.551715
10156 -1.094193 9.419315
24374 -1.058034 5.803420
18349 -1.045261 4.526063
43885 -1.098125 9.812470
10450 -1.079377 7.937651
1873 -1.075078 7.507756
43096 -1.022256 2.225623
18365 -1.072099 7.209925
83513 -1.084940 8.494045
4685 -1.065025 6.502500
31985 -1.054476 5.447600
30358 -1.093797 9.379661
47742 -1.042780 4.278041
18455 -1.093130 9.313010
8456 -1.049292 4.929227
13978 -1.091454 9.145370
5681 -1.083210 8.320988
5097 -1.035457 3.545733
18269 -1.074588 7.458769
16090 -1.087725 8.772527
14930 -1.041045 4.104545
34744 -1.065373 6.537289
15412 -1.099001 9.900119
19943 -1.035122 3.512160
11283 -1.066284 6.628429
8610 -1.051234 5.123391
21147 -1.070940 7.094040
13211 -1.067808 6.780837
7218 -1.049802 4.980216
38143 -1.065406 6.540596
6243 -1.067562 6.756228
36803 -1.034926 3.492637
20981 -1.035893 3.589333
26900 -1.083799 8.379907
11517 -1.052830 5.282954
9382 -1.089008 8.900790
61828 -1.050485 5.048549
76004 -1.078446 7.844611
3880 -1.057481 5.748143
6291 -1.065587 6.558658
35661 -1.074990 7.499043
54451 -1.084704 8.470420
27373 -1.065674 6.567410
61153 -1.043198 4.319822
7566 -1.062693 6.269289
9506 -1.057496 5.749638
36276 -1.014741 1.474054
52448 -1.080730 8.073023
17147 -1.045381 4.538090
11691 -1.079066 7.906625
42992 -1.042744 4.274414
18670 -1.067371 6.737125
7967 -1.033078 3.307833
43052 -1.057168 5.716833
1411 -1.046497 4.649691
1229 -1.050439 5.043894
15491 -1.078779 7.877869
3450 -1.077288 7.728770
26529 -1.059939 5.993859
3941 -1.096514 9.651383
63935 -1.045917 4.591749
9377 -1.065534 6.553430
6624 -1.071904 7.190354
17789 -1.036845 3.684455
2023 -1.040945 4.094546
33571 -1.077760 7.775978
23825 -1.075894 7.589380
8187 -1.049559 4.955889
47286 -1.039263 3.926319
478 -1.036068 3.606799
29802 -1.009892 0.989207
21319 -1.093873 9.387290
7859 -1.035022 3.502212
88856 -1.069658 6.965767
44326 -1.090959 9.095910
22448 -1.090975 9.097510
10455 -1.090264 9.026380
54301 -1.043116 4.311596
34368 -1.071538 7.153766
41538 -1.077105 7.710538
27011 -1.080752 8.075219
8374 -1.054743 5.474287
12065 -1.084365 8.436510
17482 -1.065258 6.525829
27810 -1.045267 4.526701
33962 -1.072000 7.199964
7852 -1.040719 4.071928
55807 -1.048245 4.824490
27156 -1.038625 3.862515
2843 -1.090785 9.078520
76740 -1.054630 5.462959
51822 -1.094769 9.476935
15920 -1.097259 9.725916
8386 -1.086084 8.608438
8350 -1.097241 9.724141
11211 -1.075300 7.530013
84215 -1.083392 8.339249
7535 -1.092591 9.259071
13608 -1.064102 6.410242
30168 -1.068616 6.861600
4528 -1.062320 6.231981
6124 -1.089683 8.968290
19271 -1.097670 9.767022
1047 -1.048983 4.898320
2933 -1.023109 2.310927
46699 -1.083393 8.339276
5700 -1.082613 8.261339
31896 -1.024967 2.496749
72743 -1.092551 9.255050
22922 -1.097352 9.735219
3126 -1.055935 5.593546
22009 -1.097958 9.795774
1962 -1.071810 7.181047
20427 -1.079390 7.939002
19935 -1.088280 8.827975
28811 -1.037575 3.757483
6122 -1.040888 4.088765
23913 -1.035090 3.508986
5853 -1.041468 4.146770
7797 -1.090472 9.047250
9868 -1.063625 6.362459
15718 -1.020097 2.009673
21059 -1.041366 4.136572
73143 -1.068690 6.869048
51903 -1.043892 4.389216
10036 -1.076956 7.695639
12794 -1.072454 7.245357
9145 -1.033050 3.305026
12931 -1.061942 6.194243
18881 -1.073991 7.399134
27843 -1.021084 2.108426
9393 -1.059313 5.931289
15946 -1.025112 2.511200
88584 -1.091678 9.167846
39753 -1.081996 8.199578
9573 -1.070697 7.069663
37536 -1.016212 1.621205
4832 -1.097693 9.769329
12397 -1.046898 4.689781
172 -1.076422 7.642250
36605 -1.064850 6.484999
4885 -1.077281 7.728116
44091 -1.042722 4.272186
7230 -1.093500 9.350019
22045 -1.099557 9.955673
29658 -1.082668 8.266842
27220 -1.081221 8.122055
54261 -1.082211 8.221077
1523 -1.082515 8.251464
80836 -1.095124 9.512447
7762 -1.066570 6.657040
12901 -1.082765 8.276542
11095 -1.032562 3.256178
35997 -1.066906 6.690597
3411 -1.020753 2.075252
29552 -1.039507 3.950651
59201 -1.038373 3.837334
68016 -1.089665 8.966531
failed to find solution after reaching max emtpy limit -- 142592 iterations and 104956 function evals
15624 -1.079712 7.971228
2880 -1.063155 6.315512
15410 -1.056822 5.682174
53753 -1.087004 8.700408
33791 -1.075706 7.570613
44848 -1.073917 7.391748
12946 -1.023544 2.354432
18277 -1.089332 8.933242
5108 -1.027807 2.780734
29261 -1.022316 2.231590
11739 -1.080161 8.016054
22143 -1.065409 6.540884
13702 -1.056784 5.678379
46223 -1.070174 7.017444
6952 -1.060327 6.032653
10501 -1.072827 7.282733
13048 -1.081891 8.189110
53503 -1.097853 9.785258
47209 -1.092196 9.219612
95091 -1.091531 9.153071
20327 -1.099583 9.958261
14692 -1.092070 9.207035
5784 -1.062074 6.207409
10989 -1.096725 9.672538
9491 -1.087365 8.736513
27058 -1.039234 3.923351
32598 -1.095324 9.532371
15801 -1.040508 4.050757
28510 -1.085482 8.548213
5865 -1.065893 6.589301
3354 -1.036431 3.643126
32643 -1.082129 8.212948
14774 -1.072070 7.207021
10014 -1.086360 8.635953
665 -1.069445 6.944479
40050 -1.041924 4.192412
51225 -1.034690 3.469046
6147 -1.094409 9.440853
859 -1.098694 9.869440
4539 -1.071281 7.128136
8560 -1.017955 1.795459
18648 -1.033558 3.355752
6040 -1.062808 6.280836
1873 -1.048818 4.881779
90571 -1.098389 9.838856
108387 -1.073981 7.398108
49365 -1.054236 5.423595
75750 -1.077269 7.726949
19289 -1.061496 6.149623
29047 -1.041913 4.191314
29389 -1.089481 8.948124
23250 -1.054947 5.494717
93594 -1.071490 7.149028
26954 -1.073807 7.380678
25105 -1.067805 6.780533
1746 -1.034155 3.415506
7788 -1.074568 7.456836
85841 -1.045783 4.578308
3901 -1.058101 5.810133
88428 -1.075172 7.517175
41621 -1.092085 9.208466
1944 -1.019232 1.923164
28600 -1.071007 7.100665
5586 -1.068921 6.892138
10016 -1.053554 5.355399
5971 -1.084542 8.454154
11879 -1.062281 6.228132
9954 -1.034097 3.409668
48093 -1.019899 1.989856
19398 -1.063829 6.382879
5502 -1.048170 4.817030
5689 -1.098997 9.899705
1239 -1.067844 6.784382
9803 -1.097196 9.719601
41351 -1.089037 8.903657
34160 -1.091141 9.114130
16630 -1.069957 6.995713
51354 -1.014386 1.438579
123 -1.054757 5.475718
12950 -1.050585 5.058495
36741 -1.005311 0.531122
827 -1.042244 4.224387
7916 -1.041950 4.195024
19776 -1.072092 7.209195
13721 -1.084047 8.404686
70006 -1.055198 5.519820
34128 -1.066810 6.681021
27355 -1.056059 5.605885
28842 -1.080654 8.065443
4371 -1.061731 6.173050
63713 -1.037904 3.790442
22652 -1.082600 8.259996
70938 -1.054080 5.408018
27663 -1.083801 8.380120
77808 -1.097808 9.780779
34083 -1.080696 8.069641
59739 -1.068248 6.824793
50501 -1.068884 6.888431
18390 -1.039254 3.925429
18484 -1.087498 8.749811
5482 -1.078255 7.825534
24408 -1.068272 6.827232
75994 -1.084609 8.460879
5293 -1.062548 6.254820
9156 -1.040601 4.060086
63966 -1.045174 4.517379
6898 -1.080468 8.046787
18424 -1.049690 4.969037
4057 -1.017370 1.737017
52036 -1.071777 7.177712
3513 -1.025839 2.583891
53208 -1.066223 6.622257
40852 -1.089392 8.939208
7086 -1.085878 8.587757
31328 -1.098023 9.802305
32362 -1.059061 5.906103
38263 -1.044030 4.403043
69462 -1.041824 4.182447
20845 -1.038147 3.814723
23846 -1.048421 4.842096
36863 -1.019727 1.972683
41944 -1.082896 8.289630
15167 -1.066362 6.636168
96370 -1.095912 9.591198
36175 -1.059806 5.980643
12518 -1.048266 4.826649
36836 -1.076605 7.660495
95278 -1.039897 3.989663
19853 -1.048417 4.841717
20732 -1.036738 3.673768
27574 -1.078136 7.813551
62758 -1.035850 3.585016
5891 -1.030986 3.098584
157 -1.050108 5.010848
19358 -1.057534 5.753377
32203 -1.068359 6.835881
10770 -1.085173 8.517291
30407 -1.036949 3.694946
3466 -1.068758 6.875832
73391 -1.066029 6.602900
1164 -1.035472 3.547164
2278 -1.087696 8.769560
31699 -1.090427 9.042717
16113 -1.081318 8.131786
15071 -1.039789 3.978874
6508 -1.036892 3.689196
35899 -1.084383 8.438254
1695 -1.093854 9.385431
2273 -1.064812 6.481157
2445 -1.018916 1.891607
24145 -1.071762 7.176219
18212 -1.013720 1.371961
21552 -1.068421 6.842091
2787 -1.070870 7.087049
28817 -1.039440 3.943951
5971 -1.090913 9.091327
49709 -1.083379 8.337927
18257 -1.043031 4.303066
3966 -1.098645 9.864468
22056 -1.027983 2.798334
57178 -1.057072 5.707215
59081 -1.073112 7.311168
35813 -1.063065 6.306521
10189 -1.096299 9.629945
1362 -1.072587 7.258710
30273 -1.028768 2.876781
596 -1.077508 7.750781
2561 -1.089555 8.955474
79630 -1.092177 9.217670
11784 -1.096739 9.673865
81187 -1.041865 4.186541
16702 -1.077464 7.746384
44987 -1.096626 9.662550
29038 -1.029186 2.918650
10086 -1.096714 9.671431
45476 -1.011018 1.101752
58781 -1.090392 9.039195
17100 -1.039668 3.966794
8607 -1.043432 4.343244
77897 -1.055879 5.587868
3717 -1.080488 8.048837
801 -1.043531 4.353087
4399 -1.034954 3.495415
30521 -1.057528 5.752826
43113 -1.071960 7.195954
8974 -1.060446 6.044565
109544 -1.044809 4.480853
58006 -1.079608 7.960820
8706 -1.084600 8.459957
86738 -1.074036 7.403626
46943 -1.061416 6.141580
4030 -1.084411 8.441091
2560 -1.059135 5.913525
15150 -1.074293 7.429325
63347 -1.093982 9.398172
43300 -1.072254 7.225435
31165 -1.096431 9.643095
8771 -1.090920 9.091986
18676 -1.099488 9.948830
51281 -1.067257 6.725726
25321 -1.080194 8.019398
17501 -1.079048 7.904838
13323 -1.051268 5.126805
13629 -1.051006 5.100562
1061 -1.084992 8.499231
35029 -1.094600 9.459990
10105 -1.090340 9.034022
20759 -1.012077 1.207698
43319 -1.060541 6.054111
28441 -1.090494 9.049425
10597 -1.031890 3.189046
38509 -1.091236 9.123573
4301 -1.082698 8.269811
19517 -1.075609 7.560888
8922 -1.027615 2.761531
36720 -1.098122 9.812235
29505 -1.016626 1.662639
13954 -1.046116 4.611615
18552 -1.056749 5.674893
2367 -1.098128 9.812761
8315 -1.065714 6.571412
24189 -1.096053 9.605267
7078 -1.089140 8.913970
51681 -1.033793 3.379252
32465 -1.087988 8.798782
28743 -1.059615 5.961520
34601 -1.023711 2.371139
24842 -1.099940 9.993969
20982 -1.044106 4.410553
23410 -1.073266 7.326600
82985 -1.014330 1.433027
26680 -1.094362 9.436224
26485 -1.024358 2.435767
20434 -1.003423 0.342349
27569 -1.061602 6.160165
45459 -1.052353 5.235291
4276 -1.033384 3.338369
13003 -1.065142 6.514152
16518 -1.084711 8.471058
4036 -1.088086 8.808579
4162 -1.049563 4.956330
612 -1.092288 9.228805
52295 -1.082956 8.295567
9700 -1.089356 8.935567
73489 -1.078781 7.878097
12295 -1.078436 7.843551
31605 -1.025936 2.593582
18048 -1.040934 4.093377
23916 -1.039751 3.975084
30154 -1.058625 5.862514
19090 -1.025681 2.568111
21319 -1.074551 7.455132
659 -1.030565 3.056491
9716 -1.097308 9.730802
21240 -1.036407 3.640681
7292 -1.073310 7.330990
15859 -1.046560 4.656043
21575 -1.050639 5.063873
10911 -1.082930 8.293030
44802 -1.050614 5.061392
72336 -1.049329 4.932880
27265 -1.004297 0.429728
17952 -1.022191 2.219131
26684 -1.037831 3.783142
75880 -1.031435 3.143478
82322 -1.094116 9.411550
22807 -1.089702 8.970153
3788 -1.096962 9.696229
31940 -1.070320 7.032032
6696 -1.075263 7.526307
22036 -1.087614 8.761373
78351 -1.034450 3.444979
45404 -1.086475 8.647516
7752 -1.073290 7.329013
64486 -1.086656 8.665613
25875 -1.067979 6.797932
12054 -1.097779 9.777880
49388 -1.093951 9.395094
6482 -1.087269 8.726900
16244 -1.063399 6.339931
48660 -1.020511 2.051147
21535 -1.074518 7.451800
41738 -1.064931 6.493057
49368 -1.085333 8.533325
8585 -1.040809 4.080946
8483 -1.030965 3.096452
5438 -1.079416 7.941587
13389 -1.040716 4.071640
23338 -1.050816 5.081646
37796 -1.087074 8.707396
28021 -1.074202 7.420174
17871 -1.097891 9.789122
9552 -1.055376 5.537568
86726 -1.037032 3.703213
64183 -1.087675 8.767452
7829 -1.077970 7.797004
52140 -1.068467 6.846748
26300 -1.071082 7.108205
27438 -1.054189 5.418910
10883 -1.079599 7.959880
51150 -1.083745 8.374497
44609 -1.066731 6.673082
failed to find solution after reaching max emtpy limit -- 168139 iterations and 119057 function evals
22618 -1.045412 4.541206
28472 -1.027020 2.701972
19530 -1.071551 7.155124
failed to find solution after reaching max emtpy limit -- 119379 iterations and 91429 function evals
57910 -1.072589 7.258888
3013 -1.067051 6.705097
1733 -1.077021 7.702096
46278 -1.042236 4.223594
14876 -1.038722 3.872195
39302 -1.039173 3.917282
745 -1.078132 7.813160
6837 -1.095105 9.510477
36223 -1.040363 4.036250
31832 -1.052321 5.232098
97829 -1.095713 9.571308
18667 -1.044294 4.429411
41839 -1.068601 6.860102
69997 -1.041840 4.184004
10345 -1.046734 4.673395
42868 -1.051096 5.109646
51470 -1.050641 5.064076
10366 -1.070658 7.065801
5320 -1.054726 5.472582
5228 -1.090261 9.026121
8505 -1.097488 9.748847
47885 -1.096193 9.619306
48531 -1.041807 4.180696
66574 -1.051490 5.149017
13963 -1.072049 7.204858
40757 -1.068415 6.841487
612 -1.083998 8.399795
71444 -1.091273 9.127341
24602 -1.050300 5.030005
69861 -1.050204 5.020398
87945 -1.029678 2.967770
12784 -1.061080 6.108008
15873 -1.041353 4.135317
6479 -1.099225 9.922514
18476 -1.017786 1.778612
8005 -1.017658 1.765792
40039 -1.069189 6.918875
13253 -1.057603 5.760316
22855 -1.056176 5.617594
47268 -1.071576 7.157602
20535 -1.041976 4.197608
17538 -1.018342 1.834250
28529 -1.028023 2.802300
20747 -1.077253 7.725343
7220 -1.083428 8.342756
3991 -1.035979 3.597891
88133 -1.051535 5.153460
11229 -1.043950 4.395004
6928 -1.057653 5.765349
51320 -1.015701 1.570148
31628 -1.081896 8.189568
127 -1.089679 8.967925
7690 -1.099082 9.908167
82459 -1.075943 7.594329
27984 -1.076825 7.682509
5514 -1.096347 9.634721
20107 -1.095009 9.500903
40237 -1.034415 3.441539
17485 -1.054337 5.433684
2073 -1.058498 5.849814
2110 -1.094302 9.430217
23534 -1.084386 8.438595
58316 -1.057232 5.723177
26210 -1.085900 8.590009
33413 -1.075151 7.515080
66571 -1.084873 8.487263
3607 -1.083070 8.306995
45375 -1.034007 3.400698
17171 -1.052332 5.233243
7200 -1.095741 9.574145
10474 -1.032459 3.245936
31694 -1.099783 9.978296
10691 -1.074926 7.492574
4219 -1.063860 6.385953
7698 -1.036365 3.636521
38333 -1.040841 4.084138
42725 -1.034295 3.429467
16816 -1.050569 5.056933
25334 -1.079399 7.939877
19069 -1.041619 4.161861
80233 -1.066850 6.684951
52318 -1.098910 9.891001
31787 -1.099968 9.996820
13258 -1.097392 9.739189
44246 -1.069283 6.928286
61361 -1.070241 7.024079
32940 -1.066751 6.675103
23813 -1.099911 9.991080
17813 -1.058913 5.891314
4734 -1.065796 6.579615
19270 -1.028696 2.869615
37467 -1.075555 7.555506
30459 -1.070125 7.012458
64623 -1.089760 8.976011
18373 -1.086815 8.681525
8529 -1.045471 4.547064
45134 -1.097440 9.744047
4561 -1.031538 3.153786
33222 -1.013413 1.341303
13825 -1.065276 6.527603
4264 -1.078379 7.837872
95 -1.011925 1.192511
16977 -1.081782 8.178216
49659 -1.055249 5.524908
11454 -1.071613 7.161307
4658 -1.080622 8.062177
16897 -1.073986 7.398613
18104 -1.035992 3.599198
4733 -1.099124 9.912398
9670 -1.053954 5.395400
10656 -1.032541 3.254051
16862 -1.066050 6.604959
21082 -1.085078 8.507798
48924 -1.053524 5.352437
51476 -1.087660 8.765971
10356 -1.079939 7.993873
67793 -1.095632 9.563173
60526 -1.085700 8.570005
79596 -1.095478 9.547798
3358 -1.055115 5.511475
17174 -1.058341 5.834150
5915 -1.029668 2.966808
53439 -1.036049 3.604854
20222 -1.063902 6.390165
6100 -1.020482 2.048190
21147 -1.078189 7.818893
13705 -1.042715 4.271486
75146 -1.095707 9.570690
2212 -1.014654 1.465353
28493 -1.074465 7.446536
15460 -1.034235 3.423488
22337 -1.050537 5.053654
4351 -1.004839 0.483897
11320 -1.043944 4.394392
2759 -1.036672 3.667236
14950 -1.091782 9.178202
16196 -1.096563 9.656303
44817 -1.023710 2.371048
28071 -1.055709 5.570933
358 -1.023874 2.387404
24971 -1.048964 4.896428
68064 -1.088080 8.807982
86406 -1.067768 6.776825
425 -1.093681 9.368068
2294 -1.070836 7.083559
4384 -1.046276 4.627643
62170 -1.082342 8.234178
19668 -1.008345 0.834524
13901 -1.063420 6.341972
5669 -1.080089 8.008901
4200 -1.084878 8.487771
28744 -1.094449 9.444938
61521 -1.073509 7.350914
51281 -1.007561 0.756103
35172 -1.063425 6.342548
70494 -1.083284 8.328422
41295 -1.094413 9.441272
1549 -1.060764 6.076363
28129 -1.011888 1.188781
36218 -1.080474 8.047438
7446 -1.088297 8.829652
73315 -1.098996 9.899625
7647 -1.096158 9.615761
9696 -1.089672 8.967243
15933 -1.034633 3.463305
2165 -1.057022 5.702241
80204 -1.087726 8.772647
32244 -1.077028 7.702842
30358 -1.084318 8.431795
44694 -1.020143 2.014336
11929 -1.022401 2.240086
42199 -1.075516 7.551561
18624 -1.069250 6.924978
18980 -1.084293 8.429300
1803 -1.048811 4.881081
10199 -1.054673 5.467265
45998 -1.048810 4.881034
52331 -1.040373 4.037338
50966 -1.073783 7.378338
38033 -1.089706 8.970645
28823 -1.080255 8.025470
7427 -1.092432 9.243186
10434 -1.065578 6.557834
8287 -1.050229 5.022891
69361 -1.026208 2.620779
14906 -1.092034 9.203429
52537 -1.079081 7.908150
5345 -1.074781 7.478108
24175 -1.088065 8.806521
27773 -1.097360 9.736042
48663 -1.071121 7.112141
24060 -1.053157 5.315673
4364 -1.070235 7.023478
17776 -1.060742 6.074247
16614 -1.017833 1.783254
12267 -1.063770 6.376991
34412 -1.092319 9.231851
9057 -1.091689 9.168893
19505 -1.088535 8.853508
4346 -1.072559 7.255864
72765 -1.066337 6.633690
24635 -1.096693 9.669289
1518 -1.085224 8.522354
18265 -1.060654 6.065436
31082 -1.098128 9.812757
24202 -1.061021 6.102052
14800 -1.098734 9.873395
2939 -1.052217 5.221736
32041 -1.084019 8.401907
55946 -1.081344 8.134419
5825 -1.035372 3.537177
65286 -1.084981 8.498143
22953 -1.096568 9.656808
9495 -1.088715 8.871470
2911 -1.064416 6.441553
61363 -1.085385 8.538469
12515 -1.067498 6.749787
37175 -1.053252 5.325180
41452 -1.067142 6.714168
36542 -1.042501 4.250058
41237 -1.068334 6.833374
18969 -1.091697 9.169705
3527 -1.037779 3.777948
14212 -1.085660 8.566014
1802 -1.064195 6.419494
23970 -1.054609 5.460949
27143 -1.059760 5.975979
11408 -1.040493 4.049328
7466 -1.097666 9.766603
17639 -1.052166 5.216608
27349 -1.095706 9.570591
10085 -1.020385 2.038466
27244 -1.082143 8.214323
54225 -1.064731 6.473111
1944 -1.087059 8.705945
12742 -1.067931 6.793053
28834 -1.061022 6.102191
8398 -1.068781 6.878144
4279 -1.022629 2.262855
9214 -1.021400 2.140019
4454 -1.009159 0.915884
27870 -1.013520 1.351986
56333 -1.052196 5.219614
15074 -1.070967 7.096709
594 -1.082473 8.247282
18584 -1.026604 2.660398
14115 -1.088635 8.863541
58348 -1.048822 4.882187
17863 -1.060444 6.044450
1284 -1.038713 3.871271
30288 -1.041997 4.199692
12957 -1.094359 9.435875
3167 -1.096113 9.611274
24519 -1.072853 7.285345
28627 -1.062393 6.239307
9771 -1.056149 5.614853
25410 -1.067275 6.727525
14671 -1.074907 7.490659
1331 -1.054095 5.409468
32242 -1.049412 4.941241
17551 -1.040696 4.069586
12657 -1.088987 8.898665
24868 -1.047324 4.732353
6614 -1.093544 9.354366
6301 -1.078236 7.823621
14284 -1.026560 2.656008
17068 -1.066991 6.699093
67142 -1.069869 6.986859
27094 -1.060395 6.039503
3177 -1.076296 7.629585
25798 -1.074463 7.446280
18136 -1.042442 4.244241
16314 -1.083048 8.304776
81965 -1.087563 8.756317
26387 -1.088650 8.864991
20313 -1.056842 5.684233
31929 -1.055804 5.580363
1632 -1.058623 5.862321
14373 -1.033062 3.306206
45429 -1.084601 8.460127
34204 -1.044758 4.475791
45424 -1.028933 2.893288
69453 -1.051279 5.127926
23273 -1.063371 6.337064
61740 -1.079124 7.912432
20571 -1.090457 9.045676
8371 -1.034588 3.458816
9866 -1.033033 3.303270
22749 -1.088718 8.871830
15002 -1.069558 6.955785
70435 -1.064828 6.482849
20231 -1.099149 9.914871
85572 -1.095264 9.526375
3320 -1.062919 6.291905
27674 -1.085393 8.539344
68749 -1.062123 6.212333
16431 -1.039183 3.918344
3987 -1.063399 6.339869
41067 -1.017362 1.736173
failed to find solution after reaching max emtpy limit -- 139316 iterations and 102969 function evals
26550 -1.089773 8.977350
16257 -1.098278 9.827768
22751 -1.055955 5.595488
32815 -1.064149 6.414902
35640 -1.047673 4.767299
12618 -1.086232 8.623167
5906 -1.031820 3.182002
1130 -1.011711 1.171057
26739 -1.082835 8.283538
38845 -1.089241 8.924059
9951 -1.069770 6.976990
51980 -1.076913 7.691291
24263 -1.024684 2.468396
11913 -1.081718 8.171764
4188 -1.056837 5.683705
71 -1.097610 9.761010
13659 -1.098986 9.898592
38735 -1.068566 6.856567
20855 -1.051809 5.180879
6321 -1.092677 9.267689
12747 -1.061565 6.156471
24985 -1.099091 9.909086
30799 -1.048864 4.886383
10375 -1.095794 9.579396
3633 -1.083547 8.354732
23988 -1.013406 1.340631
80111 -1.052580 5.257986
16252 -1.094571 9.457114
61191 -1.032048 3.204840
4256 -1.086592 8.659206
12533 -1.091276 9.127555
18591 -1.078252 7.825170
8644 -1.075606 7.560566
15504 -1.056998 5.699845
11632 -1.096001 9.600073
13253 -1.067359 6.735921
19402 -1.088817 8.881744
14464 -1.055519 5.551860
8292 -1.077460 7.745993
88896 -1.062642 6.264207
10035 -1.099739 9.973873
27572 -1.066249 6.624878
1728 -1.062643 6.264324
46792 -1.086626 8.662596
19195 -1.089694 8.969426
3156 -1.028186 2.818627
9363 -1.097952 9.795181
54518 -1.051850 5.184957
25622 -1.031726 3.172630
1140 -1.054101 5.410050
26995 -1.073385 7.338521
8907 -1.060058 6.005754
8396 -1.074766 7.476614
1006 -1.066734 6.673425
51728 -1.054189 5.418891
11667 -1.062239 6.223883
7713 -1.014030 1.403028
16525 -1.092399 9.239935
7914 -1.004593 0.459264
54100 -1.083359 8.335912
19208 -1.092891 9.289093
42578 -1.029764 2.976386
36501 -1.067747 6.774698
33623 -1.069385 6.938457
11088 -1.061721 6.172123
60788 -1.058157 5.815678
24073 -1.034199 3.419866
17305 -1.099491 9.949148
7368 -1.085131 8.513103
7162 -1.080483 8.048308
53388 -1.079261 7.926150
97824 -1.028376 2.837597
32729 -1.036947 3.694736
17259 -1.082773 8.277274
24236 -1.019490 1.949012
25637 -1.041130 4.112953
30778 -1.086381 8.638135
2304 -1.060772 6.077181
72675 -1.078507 7.850653
14018 -1.028814 2.881386
76398 -1.085387 8.538668
66977 -1.095704 9.570396
5918 -1.084556 8.455604
52225 -1.088526 8.852577
4193 -1.088497 8.849682
5615 -1.038918 3.891769
83263 -1.058764 5.876411
62337 -1.026595 2.659472
8205 -1.099578 9.957838
17489 -1.057199 5.719916
15179 -1.029217 2.921705
14871 -1.073615 7.361529
8876 -1.087160 8.715976
111925 -1.097938 9.793793
3258 -1.069199 6.919890
4657 -1.044956 4.495646
2568 -1.089826 8.982558
10593 -1.043102 4.310224
31251 -1.063930 6.393034
20059 -1.077206 7.720555
failed to find solution after reaching max emtpy limit -- 103463 iterations and 80980 function evals
9443 -1.088102 8.810198
24442 -1.081230 8.123011
33201 -1.027034 2.703430
15639 -1.083566 8.356624
9107 -1.047753 4.775319
73341 -1.040515 4.051516
42744 -1.052633 5.263340
13633 -1.026981 2.698094
47404 -1.069098 6.909809
13313 -1.011271 1.127099
30047 -1.031459 3.145883
37096 -1.066295 6.629502
41909 -1.042568 4.256789
82617 -1.077425 7.742500
9440 -1.060057 6.005686
2454 -1.072547 7.254670
7154 -1.070560 7.055971
34365 -1.065127 6.512732
15988 -1.082748 8.274775
9651 -1.085275 8.527472
5041 -1.072547 7.254706
24541 -1.052776 5.277641
1836 -1.084278 8.427843
37657 -1.091130 9.113010
13840 -1.092222 9.222163
26959 -1.065478 6.547837
12105 -1.073483 7.348307
962 -1.030137 3.013672
3203 -1.048143 4.814314
12013 -1.085932 8.593165
5249 -1.030032 3.003179
17851 -1.077204 7.720416
22598 -1.050389 5.038860
568 -1.087062 8.706177
68681 -1.099241 9.924069
40728 -1.082841 8.284129
52362 -1.057852 5.785189
11770 -1.088442 8.844217
5705 -1.046198 4.619818
3285 -1.086589 8.658880
33296 -1.048317 4.831714
3793 -1.072269 7.226884
247 -1.087649 8.764897
25870 -1.055374 5.537397
51261 -1.036298 3.629817
59602 -1.052498 5.249844
1415 -1.084725 8.472539
6856 -1.087393 8.739281
7460 -1.037067 3.706742
315 -1.039094 3.909388
20201 -1.097552 9.755172
5858 -1.063184 6.318433
4260 -1.066421 6.642141
71973 -1.046913 4.691254
25842 -1.024493 2.449331
5719 -1.017554 1.755364
111618 -1.085591 8.559117
11514 -1.032218 3.221782
27928 -1.083862 8.386237
19937 -1.087878 8.787773
32131 -1.091837 9.183662
18463 -1.066828 6.682823
39432 -1.077651 7.765093
37374 -1.076131 7.613127
19826 -1.070917 7.091686
23793 -1.095979 9.597887
24612 -1.067120 6.712025
53866 -1.071803 7.180306
6989 -1.057739 5.773851
5052 -1.088708 8.870840
15163 -1.040809 4.080883
2241 -1.071223 7.122328
45883 -1.097338 9.733781
67667 -1.082569 8.256891
4386 -1.075849 7.584928
2478 -1.081108 8.110822
23758 -1.083697 8.369670
3566 -1.079845 7.984491
14688 -1.045125 4.512500
55331 -1.092677 9.267661
34421 -1.019053 1.905288
39220 -1.037694 3.769371
21766 -1.061378 6.137802
7789 -1.089860 8.986028
61365 -1.077716 7.771636
15470 -1.099770 9.977013
23600 -1.096311 9.631092
44260 -1.099690 9.968957
28804 -1.047617 4.761733
25628 -1.004901 0.490125
4994 -1.082941 8.294119
7599 -1.055556 5.555617
5748 -1.057416 5.741597
2425 -1.045256 4.525643
13468 -1.056955 5.695460
13095 -1.091943 9.194303
18745 -1.060014 6.001427
9388 -1.097063 9.706265
9361 -1.093546 9.354554
25865 -1.078646 7.864580
10668 -1.078024 7.802366
92261 -1.045734 4.573417
28460 -1.065145 6.514481
37987 -1.097074 9.707440
9468 -1.029608 2.960770
4049 -1.084570 8.456978
17827 -1.080169 8.016899
2329 -1.092306 9.230633
46385 -1.036494 3.649438
15424 -1.021486 2.148568
6116 -1.096987 9.698696
24051 -1.074552 7.455155
16811 -1.035298 3.529764
17267 -1.094966 9.496577
8798 -1.041186 4.118637
3147 -1.023299 2.329943
50409 -1.090746 9.074575
25955 -1.070276 7.027635
16220 -1.080457 8.045743
14198 -1.098204 9.820424
36595 -1.071568 7.156839
83895 -1.095977 9.597747
6883 -1.048662 4.866152
6327 -1.016696 1.669642
9117 -1.072773 7.277320
29399 -1.092213 9.221303
8562 -1.080229 8.022877
26711 -1.055866 5.586553
25935 -1.076278 7.627763
16153 -1.062170 6.216966
46531 -1.099878 9.987832
7619 -1.073887 7.388705
13426 -1.096055 9.605548
38171 -1.085492 8.549240
40453 -1.057987 5.798736
15663 -1.030725 3.072527
6666 -1.049580 4.958039
24487 -1.009874 0.987397
56927 -1.099114 9.911420
38948 -1.092116 9.211634
25184 -1.045270 4.526956
3402 -1.026171 2.617143
9475 -1.059530 5.953041
1589 -1.066604 6.660376
6149 -1.099011 9.901142
59018 -1.067314 6.731385
30619 -1.074061 7.406124
46451 -1.092755 9.275528
42545 -1.030462 3.046159
20137 -1.085373 8.537332
10936 -1.079956 7.995612
32309 -1.054073 5.407292
4523 -1.090007 9.000731
40770 -1.047373 4.737275
20816 -1.008323 0.832273
5643 -1.070550 7.054959
47504 -1.097495 9.749482
38061 -1.023892 2.389158
18642 -1.050135 5.013521
6246 -1.041737 4.173684
13494 -1.031796 3.179623
13193 -1.045601 4.560090
6595 -1.068135 6.813533
42527 -1.077009 7.700937
22100 -1.044280 4.427993
4330 -1.079573 7.957340
13633 -1.066435 6.643480
22088 -1.069433 6.943320
480 -1.097517 9.751680
1064 -1.022314 2.231370
92 -1.071892 7.189233
4223 -1.077355 7.735463
32860 -1.056190 5.618977
8811 -1.075672 7.567235
4782 -1.093080 9.308040
4065 -1.097710 9.770998
1948 -1.056876 5.687637
10541 -1.067265 6.726469
7455 -1.028973 2.897278
11998 -1.049411 4.941089
6718 -1.079300 7.930043
32546 -1.042855 4.285546
26581 -1.079987 7.998740
24251 -1.095340 9.534009
30701 -1.064662 6.466246
28041 -1.080430 8.043016
76422 -1.076611 7.661150
10997 -1.025346 2.534586
6600 -1.061607 6.160710
5205 -1.039478 3.947807
8525 -1.082490 8.249021
29078 -1.055932 5.593230
19254 -1.079153 7.915326
27590 -1.057946 5.794575
3461 -1.089510 8.950966
1442 -1.030375 3.037498
27791 -1.098878 9.887795
28528 -1.074069 7.406870
6145 -1.085613 8.561292
34029 -1.044277 4.427745
72284 -1.067477 6.747736
19197 -1.096286 9.628553
44527 -1.032568 3.256751
68326 -1.071185 7.118477
46903 -1.040667 4.066661
19317 -1.062430 6.243050
46929 -1.060730 6.072957
2921 -1.087559 8.755887
6299 -1.090755 9.075533
14429 -1.046620 4.662038
4829 -1.095008 9.500800
126 -1.007078 0.707836
3939 -1.097667 9.766694
12324 -1.041119 4.111911
12765 -1.088877 8.887711
10576 -1.041383 4.138322
10267 -1.096607 9.660719
58701 -1.088579 8.857919
18667 -1.088591 8.859119
43704 -1.085178 8.517817
28080 -1.065899 6.589927
14845 -1.084081 8.408126
17221 -1.077931 7.793124
10235 -1.092398 9.239849
15039 -1.098676 9.867556
8987 -1.099478 9.947812
27258 -1.053743 5.374314
15265 -1.094075 9.407527
20453 -1.081353 8.135297
20571 -1.067170 6.716966
2115 -1.090715 9.071460
96638 -1.042622 4.262198
43303 -1.030174 3.017449
8313 -1.006466 0.646550
6430 -1.075222 7.522203
11423 -1.074743 7.474335
35207 -1.076030 7.603020
1233 -1.056739 5.673869
15750 -1.074538 7.453766
11635 -1.095205 9.520525
24874 -1.083098 8.309801
57773 -1.084545 8.454497
24384 -1.098595 9.859457
2331 -1.075365 7.536472
1106 -1.050106 5.010577
17840 -1.094359 9.435900
5212 -1.034147 3.414740
113793 -1.053008 5.300783
14251 -1.031077 3.107717
22729 -1.037054 3.705409
16226 -1.069557 6.955705
8841 -1.016127 1.612698
56081 -1.068376 6.837617
63973 -1.032713 3.271297
27423 -1.075767 7.576722
3127 -1.069504 6.950410
1245 -1.083060 8.306030
35259 -1.075238 7.523752
30175 -1.074943 7.494301
21135 -1.023710 2.371030
4859 -1.008834 0.883428
24549 -1.080603 8.060264
11625 -1.063346 6.334558
7809 -1.051554 5.155403
20843 -1.084417 8.441736
59622 -1.059331 5.933138
58369 -1.091706 9.170600
12546 -1.072390 7.239007
79153 -1.063403 6.340254
51783 -1.098685 9.868478
53107 -1.051620 5.161973
6949 -1.078402 7.840156
59531 -1.084653 8.465276
13492 -1.090472 9.047222
301 -1.021180 2.117977
17483 -1.092998 9.299753
53870 -1.097015 9.701525
957 -1.056340 5.634045
31179 -1.096284 9.628401
9818 -1.048386 4.838580
7357 -1.004325 0.432486
51817 -1.089935 8.993546
5759 -1.094411 9.441066
15317 -1.041431 4.143147
5755 -1.094060 9.405997
85667 -1.042588 4.258811
46923 -1.076767 7.676708
13184 -1.095011 9.501120
18382 -1.088340 8.833968
31661 -1.049604 4.960396
686 -1.092537 9.253740
4760 -1.093524 9.352413
637 -1.070182 7.018192
58052 -1.070958 7.095793
26581 -1.069645 6.964480
27451 -1.009796 0.979592
15723 -1.080959 8.095865
62127 -1.066691 6.669125
34138 -1.092898 9.289770
26426 -1.090482 9.048226
47295 -1.031126 3.112616
43690 -1.071044 7.104430
46826 -1.066339 6.633891
41876 -1.081523 8.152304
failed to find solution after reaching max emtpy limit -- 99031 iterations and 78594 function evals
14336 -1.054090 5.409006
14233 -1.062601 6.260095
24968 -1.042889 4.288859
754 -1.079476 7.947622
12915 -1.033665 3.366535
10371 -1.066151 6.615100
21891 -1.061048 6.104794
16996 -1.094875 9.487504
1170 -1.089511 8.951052
17752 -1.093962 9.396220
54093 -1.064171 6.417103
35579 -1.063913 6.391292
11906 -1.070274 7.027352
29241 -1.043867 4.386670
28121 -1.092963 9.296290
2780 -1.064859 6.485910
1614 -1.074296 7.429599
38423 -1.072933 7.293303
3247 -1.095641 9.564080
3649 -1.087318 8.731754
22957 -1.035520 3.552034
25463 -1.046180 4.618002
62 -1.082540 8.254030
30 -1.018367 1.836686
54791 -1.084975 8.497456
11723 -1.069285 6.928456
599 -1.047829 4.782858
32899 -1.049062 4.906241
3676 -1.038872 3.887228
45293 -1.057262 5.726203
3573 -1.053800 5.380001
34225 -1.095306 9.530607
50520 -1.094149 9.414895
31801 -1.094042 9.404211
40084 -1.058889 5.888944
30564 -1.092359 9.235889
25016 -1.036888 3.688797
12048 -1.033811 3.381072
26811 -1.045804 4.580401
9331 -1.060065 6.006518
25486 -1.099494 9.949365
52913 -1.078878 7.887809
4558 -1.042105 4.210543
63917 -1.053717 5.371702
54394 -1.093576 9.357638
237 -1.089275 8.927468
12343 -1.081232 8.123189
30709 -1.079241 7.924082
43962 -1.067000 6.700047
29256 -1.097553 9.755297
38458 -1.074035 7.403467
13371 -1.074437 7.443693
86510 -1.023983 2.398344
4623 -1.080160 8.015994
6269 -1.070845 7.084524
16916 -1.094036 9.403580
173 -1.093932 9.393207
14051 -1.085014 8.501371
18519 -1.067677 6.767707
5072 -1.080861 8.086140
1114 -1.051903 5.190296
19925 -1.064877 6.487733
5967 -1.095570 9.557028
9490 -1.023544 2.354371
7754 -1.073691 7.369072
5584 -1.069646 6.964560
78631 -1.070739 7.073931
69984 -1.074399 7.439882
51573 -1.094658 9.465832
10058 -1.095585 9.558533
10905 -1.023421 2.342096
9546 -1.046454 4.645443
70103 -1.097944 9.794443
14747 -1.066184 6.618359
20437 -1.058655 5.865519
8799 -1.098271 9.827149
2579 -1.098921 9.892066
15820 -1.085967 8.596650
20835 -1.087686 8.768619
26119 -1.038642 3.864183
20104 -1.068779 6.877858
66136 -1.098102 9.810197
6503 -1.074899 7.489913
11647 -1.044749 4.474863
29691 -1.064195 6.419523
26886 -1.067178 6.717757
51957 -1.032591 3.259098
51177 -1.087928 8.792804
16406 -1.074851 7.485104
22570 -1.048593 4.859349
6968 -1.051408 5.140787
17032 -1.066447 6.644730
729 -1.081740 8.174011
16654 -1.062518 6.251811
19645 -1.068706 6.870613
10811 -1.074257 7.425651
22434 -1.010700 1.069955
24207 -1.079844 7.984404
48060 -1.075026 7.502558
34238 -1.062311 6.231115
13297 -1.089155 8.915476
12301 -1.059727 5.972696
23142 -1.044058 4.405824
59144 -1.048012 4.801167
206 -1.094122 9.412189
1751 -1.089985 8.998535
15494 -1.082509 8.250902
29319 -1.098676 9.867572
8552 -1.095855 9.585519
10272 -1.070031 7.003053
3541 -1.044383 4.438298
45890 -1.056256 5.625584
5076 -1.055186 5.518645
11778 -1.067530 6.753017
17830 -1.096636 9.663602
14561 -1.075261 7.526120
5184 -1.087006 8.700565
67280 -1.084177 8.417656
25125 -1.049696 4.969588
21088 -1.046323 4.632285
8096 -1.069704 6.970352
29700 -1.014686 1.468625
16644 -1.086371 8.637146
2927 -1.047514 4.751362
10855 -1.022848 2.284778
16632 -1.017507 1.750739
81278 -1.061876 6.187625
13467 -1.033454 3.345374
9624 -1.079098 7.909803
17890 -1.080613 8.061334
6538 -1.028630 2.862962
35711 -1.086476 8.647612
836 -1.053193 5.319296
33735 -1.079789 7.978924
11448 -1.047283 4.728258
29394 -1.032683 3.268307
31059 -1.076770 7.677049
622 -1.017497 1.749693
570 -1.092532 9.253159
44952 -1.084969 8.496940
49356 -1.000554 0.055406
26390 -1.040278 4.027826
26362 -1.099799 9.979852
34486 -1.028144 2.814450
41173 -1.046873 4.687296
11765 -1.097741 9.774102
34562 -1.048619 4.861880
12047 -1.052588 5.258835
55494 -1.085566 8.556641
24874 -1.058907 5.890744
42720 -1.086678 8.667781
43010 -1.086321 8.632121
23907 -1.051126 5.112553
37629 -1.079494 7.949436
6806 -1.097541 9.754066
40099 -1.091162 9.116212
6337 -1.044370 4.436976
29589 -1.029232 2.923177
28973 -1.088159 8.815892
36726 -1.033970 3.397019
17203 -1.093643 9.364289
29410 -1.079533 7.953311
10443 -1.015585 1.558460
40188 -1.083979 8.397851
26097 -1.033474 3.347406
2560 -1.021299 2.129888
1591 -1.086800 8.680046
54476 -1.093606 9.360590
19429 -1.009083 0.908282
3481 -1.073845 7.384477
23314 -1.050847 5.084650
10379 -1.086478 8.647756
18384 -1.060355 6.035450
25952 -1.062100 6.209955
87910 -1.073363 7.336304
2645 -1.093854 9.385433
23979 -1.029815 2.981453
16167 -1.021851 2.185112
32431 -1.048269 4.826862
8681 -1.097366 9.736646
494 -1.011974 1.197398
4197 -1.095389 9.538904
43538 -1.096629 9.662881
35483 -1.017885 1.788519
24924 -1.081940 8.194035
7512 -1.039160 3.916013
39804 -1.073165 7.316531
9942 -1.086070 8.606964
19667 -1.061278 6.127777
36289 -1.082734 8.273389
24376 -1.078874 7.887383
3220 -1.079991 7.999086
4388 -1.017726 1.772599
4202 -1.076195 7.619492
3443 -1.096642 9.664155
744 -1.087368 8.736776
60597 -1.090273 9.027343
8298 -1.099104 9.910367
1545 -1.052069 5.206927
117459 -1.080718 8.071817
12431 -1.059299 5.929868
57560 -1.069444 6.944403
55380 -1.070082 7.008158
16257 -1.027163 2.716269
5535 -1.055247 5.524699
4425 -1.080900 8.089972
23258 -1.089646 8.964566
7571 -1.096917 9.691737
3088 -1.089542 8.954230
65549 -1.032869 3.286892
43845 -1.043939 4.393862
30897 -1.091019 9.101915
83456 -1.086419 8.641926
59376 -1.017162 1.716195
39331 -1.007333 0.733279
3430 -1.050970 5.096966
28589 -1.094578 9.457815
13370 -1.086855 8.685496
26955 -1.080800 8.079971
22326 -1.062547 6.254688
27700 -1.056331 5.633117
26685 -1.082004 8.200357
4706 -1.091443 9.144332
30717 -1.047616 4.761574
2192 -1.054277 5.427692
1097 -1.081076 8.107600
21720 -1.072094 7.209367
failed to find solution after reaching max emtpy limit -- 119559 iterations and 91145 function evals
25396 -1.063689 6.368918
36580 -1.039110 3.911042
34135 -1.059609 5.960930
2600 -1.047250 4.724993
39110 -1.043714 4.371400
100424 -1.097390 9.738993
13595 -1.092376 9.237561
93868 -1.082170 8.216984
11085 -1.086095 8.609474
21627 -1.081917 8.191729
38934 -1.076704 7.670393
682 -1.059879 5.987881
12236 -1.053238 5.323837
6725 -1.075649 7.564893
45667 -1.053584 5.358371
7176 -1.099186 9.918626
7997 -1.045841 4.584141
17509 -1.077660 7.765951
2966 -1.092858 9.285827
7986 -1.061881 6.188086
49186 -1.093729 9.372904
279 -1.063818 6.381774
18150 -1.055101 5.510131
29803 -1.076348 7.634815
5858 -1.067552 6.755238
23390 -1.040893 4.089299
56794 -1.053755 5.375479
8665 -1.080769 8.076920
23069 -1.075150 7.514977
1191 -1.068072 6.807196
18266 -1.079571 7.957072
28572 -1.087809 8.780931
23438 -1.066741 6.674125
23887 -1.017920 1.791990
30668 -1.072755 7.275504
18217 -1.054625 5.462491
47930 -1.097881 9.788094
37578 -1.060853 6.085323
60384 -1.046118 4.611834
21165 -1.038262 3.826210
66149 -1.095188 9.518783
45170 -1.079879 7.987890
35705 -1.002984 0.298436
45798 -1.089441 8.944089
33462 -1.039049 3.904939
63828 -1.098044 9.804435
46176 -1.061654 6.165419
30120 -1.098496 9.849558
62179 -1.015380 1.537974
75075 -1.038863 3.886290
67841 -1.049094 4.909432
58317 -1.090553 9.055251
58284 -1.066940 6.694009
59327 -1.076273 7.627313
50543 -1.048274 4.827371
56664 -1.085078 8.507840
69999 -1.066586 6.658641
67611 -1.057392 5.739205
67600 -1.093923 9.392330
58205 -1.097816 9.781622
54270 -1.076460 7.646035
61675 -1.034511 3.451100
57351 -1.069770 6.976983
65073 -1.093515 9.351507
59618 -1.091008 9.100790
64430 -1.076153 7.615288
67991 -1.074946 7.494574
80976 -1.063283 6.328267
73719 -1.028629 2.862887
69602 -1.082839 8.283912
96763 -1.050234 5.023422
94708 -1.082397 8.239669
92572 -1.089168 8.916794
108028 -1.071307 7.130693
86791 -1.089167 8.916673
124070 -1.039742 3.974168
103424 -1.030492 3.049216
102228 -1.059973 5.997290
failed to find solution after reaching max emtpy limit -- 188537 iterations and 129500 function evals
