10 4.168520 9.099134
10 4.306941 6.080649
11 4.273606 6.807569
12 4.376666 4.560192
12 4.138991 9.743045
13 4.240892 7.520934
13 4.476531 2.382488
13 4.318716 5.823876
13 4.500564 1.858406
13 4.495334 1.972451
14 4.299353 6.246123
16 4.274387 6.790535
10 4.141886 9.679927
16 4.296542 6.307415
16 4.247208 7.383224
16 4.512625 1.595405
17 4.540002 0.998401
17 4.252220 7.273919
17 4.349718 5.147840
18 4.369365 4.719391
18 4.163205 9.215035
18 4.421161 3.589910
18 4.165105 9.173588
18 4.192374 8.578960
11 4.275483 6.766641
16 4.475877 2.396752
19 4.253079 7.255183
10 4.245516 7.420112
19 4.310803 5.996428
19 4.305767 6.106245
19 4.140298 9.714540
19 4.286882 6.518072
20 4.217793 8.024644
20 4.518268 1.472340
20 4.274070 6.797444
16 4.250287 7.316066
20 4.435785 3.271016
20 4.340357 5.351953
20 4.512382 1.600694
20 4.526509 1.292639
14 4.244544 7.441311
10 4.159667 9.292175
11 4.494010 2.001329
22 4.224877 7.870184
22 4.381447 4.455927
22 4.271791 6.847147
22 4.474400 2.428958
22 4.325643 5.672824
14 4.365528 4.803068
13 4.369829 4.709275
20 4.501280 1.842789
18 4.188455 8.664415
23 4.367335 4.763659
23 4.154955 9.394936
23 4.255883 7.194048
23 4.127991 9.982913
12 4.284547 6.568988
11 4.458353 2.778868
24 4.540849 0.979932
19 4.215196 8.081285
13 4.449429 2.973471
12 4.251621 7.286987
20 4.336532 5.435377
25 4.551845 0.740136
24 4.400844 4.032946
11 4.211381 8.164466
12 4.475981 2.394463
14 4.556850 0.631010
26 4.554019 0.692746
18 4.265104 6.992967
26 4.412375 3.781497
18 4.425446 3.496474
17 4.383141 4.418989
17 4.197026 8.477518
23 4.412231 3.784642
14 4.201261 8.385161
24 4.427515 3.451352
17 4.275708 6.761728
16 4.423161 3.546289
16 4.432439 3.343978
22 4.456242 2.824919
29 4.370467 4.695369
26 4.466332 2.604895
19 4.293396 6.376011
17 4.440995 3.157399
13 4.271365 6.856441
23 4.491574 2.054440
16 4.406107 3.918172
23 4.474788 2.420486
13 4.271581 6.851715
14 4.218588 8.007325
24 4.562239 0.513492
17 4.323021 5.729987
19 4.153187 9.433492
16 4.256977 7.170195
22 4.520278 1.428505
13 4.327062 5.641867
12 4.267869 6.932669
14 4.220236 7.971385
16 4.291656 6.413951
17 4.313242 5.943248
19 4.316798 5.865697
14 4.270191 6.882046
13 4.318749 5.823164
20 4.511751 1.614450
18 4.201678 8.376072
19 4.373936 4.619716
26 4.184120 8.758937
10 4.243399 7.466272
18 4.246029 7.408929
25 4.399692 4.058071
20 4.188782 8.657275
12 4.521854 1.394137
24 4.395583 4.147675
11 4.290789 6.432859
16 4.323256 5.724871
22 4.313619 5.935014
16 4.208870 8.219234
25 4.521372 1.404649
18 4.329084 5.597780
24 4.519234 1.451275
17 4.426371 3.476304
25 4.210493 8.183841
11 4.204170 8.321730
12 4.523579 1.356532
12 4.307485 6.068778
23 4.333873 5.493344
25 4.390588 4.256589
28 4.575459 0.225204
13 4.384372 4.392139
23 4.564566 0.462753
16 4.304612 6.131423
15 4.407873 3.879670
13 4.388362 4.305135
13 4.287037 6.514680
26 4.539358 1.012437
14 4.255111 7.210869
18 4.497612 1.922786
16 4.498190 1.910170
13 4.139261 9.737169
20 4.507899 1.698447
17 4.174757 8.963114
18 4.234875 7.652148
31 4.147307 9.561705
12 4.435863 3.269311
19 4.426350 3.476753
26 4.466489 2.601452
12 4.508068 1.694768
22 4.367639 4.757029
28 4.209463 8.206311
25 4.204480 8.314953
24 4.562472 0.508411
20 4.459102 2.762535
26 4.136865 9.789411
20 4.566612 0.418132
12 4.281680 6.631490
22 4.204115 8.322932
12 4.474565 2.425347
20 4.428425 3.431512
16 4.456716 2.814570
12 4.357421 4.979850
25 4.409238 3.849899
12 4.273591 6.807888
24 4.532473 1.162575
19 4.346114 5.226416
13 4.517474 1.489662
17 4.363026 4.857634
17 4.344095 5.270449
22 4.137972 9.765275
19 4.458037 2.785778
28 4.557692 0.612638
19 4.311828 5.974078
16 4.166351 9.146426
16 4.289741 6.455717
16 4.361625 4.888177
18 4.516243 1.516504
26 4.479647 2.314540
17 4.185370 8.731680
23 4.411136 3.808508
23 4.241131 7.515729
20 4.324658 5.694293
23 4.481834 2.266829
20 4.480345 2.299314
23 4.558141 0.602847
19 4.444173 3.088096
19 4.335101 5.466570
19 4.384070 4.398735
19 4.249688 7.329126
20 4.495520 1.968390
25 4.391702 4.232309
28 4.466502 2.601173
22 4.164240 9.192448
20 4.500578 1.858100
29 4.554134 0.690238
24 4.413599 3.754807
25 4.135936 9.809676
24 4.273403 6.811999
24 4.545239 0.884201
29 4.479449 2.318852
28 4.190589 8.617870
