20 43.783236 0.492646
19 43.606279 0.894821
21 40.207384 8.619581
21 42.435053 3.556698
21 41.045227 6.715394
20 41.303050 6.129431
20 39.885089 9.352072
22 40.193421 8.651315
22 40.410631 8.157657
22 40.723450 7.446703
22 41.842686 4.902987
23 40.850335 7.158329
24 40.566578 7.803232
22 41.451566 5.791894
23 40.032762 9.016450
24 40.949041 6.933997
24 42.531015 3.338601
26 39.692090 9.790704
27 39.802203 9.540447
17 39.765042 9.624904
27 41.576034 5.509015
25 41.112796 6.561828
24 40.274033 8.468106
28 40.082429 8.903570
28 40.264132 8.490608
28 40.851574 7.155513
28 40.887313 7.074289
29 39.784554 9.580559
28 40.516712 7.916564
30 41.176428 6.417210
31 39.894823 9.329948
31 39.788713 9.571107
23 40.146944 8.756945
31 40.092728 8.880163
23 41.213776 6.332327
24 40.412332 8.153791
32 41.539212 5.592700
32 41.082918 6.629732
33 40.118844 8.820810
34 39.833476 9.469373
34 40.000583 9.089584
34 41.162922 6.447905
36 40.472087 8.017985
27 39.942844 9.220808
20 39.967278 9.165278
19 40.540600 7.862273
26 39.854343 9.421948
28 41.257191 6.233656
38 40.519684 7.909809
39 39.864162 9.399632
28 40.253609 8.514524
24 41.032158 6.745096
32 40.278924 8.456990
21 41.562387 5.540029
27 40.238159 8.549638
21 41.251137 6.247416
38 40.486990 7.984115
26 40.411684 8.155264
21 40.221338 8.587869
41 40.453568 8.060073
29 39.951011 9.202248
42 39.860412 9.408155
20 41.240199 6.272274
42 41.178308 6.412935
27 42.218614 4.048605
28 40.991920 6.836545
41 40.061432 8.951292
26 39.661516 9.860191
22 39.914431 9.285385
33 40.975982 6.872768
33 40.015301 9.056135
45 40.001515 9.087467
35 40.266616 8.484964
32 41.787934 5.027422
22 40.144364 8.762810
29 39.648326 9.890167
27 39.613937 9.968324
47 39.922344 9.267399
36 39.876146 9.372396
22 41.736020 5.145408
22 40.997554 6.823741
40 40.062373 8.949152
36 40.489219 7.979049
22 40.446506 8.076124
34 41.053866 6.695758
26 41.203176 6.356419
40 40.199941 8.636499
31 40.977191 6.870020
28 39.798784 9.548218
28 40.452371 8.062794
28 39.930739 9.248322
23 40.327191 8.347293
24 42.048469 4.435297
25 40.217713 8.596107
30 40.068309 8.935662
38 40.528036 7.890828
23 40.707961 7.481907
25 40.076635 8.916739
26 40.858251 7.140339
25 39.909497 9.296597
23 39.886788 9.348210
21 39.758711 9.639293
27 40.805120 7.261090
29 41.546465 5.576216
39 40.538729 7.866525
37 40.344347 8.308303
28 41.621748 5.405119
39 39.774442 9.603540
39 40.347303 8.301584
41 39.976440 9.144455
28 41.259988 6.227299
25 40.804265 7.263035
24 40.899382 7.046859
20 41.956356 4.644646
23 39.667487 9.846620
31 41.690380 5.249137
27 39.927527 9.255622
29 39.901343 9.315129
37 40.093039 8.879456
31 40.615637 7.691735
20 40.888515 7.071558
28 41.892271 4.790294
41 39.804291 9.535702
33 40.234101 8.558861
27 39.755048 9.647618
26 39.608528 9.980619
27 39.961084 9.179354
38 39.614646 9.966714
24 41.620372 5.408245
28 40.787700 7.300683
36 39.727940 9.709226
32 40.457779 8.050503
24 40.820580 7.225954
27 40.765437 7.351280
27 39.758279 9.640275
37 40.591571 7.746429
40 40.208588 8.616846
36 41.083703 6.627947
30 40.724995 7.443193
31 40.207868 8.618481
43 39.759041 9.638544
23 41.656073 5.327106
26 39.807733 9.527879
21 39.817100 9.506591
29 39.831777 9.473234
24 41.413465 5.878488
27 41.487601 5.709997
25 39.935486 9.237531
23 40.444415 8.080876
34 39.773217 9.606325
22 41.100895 6.588876
40 40.263196 8.492736
27 39.607895 9.982057
38 40.294779 8.420957
24 41.200682 6.362087
27 41.291707 6.155212
19 40.738832 7.411746
26 40.993067 6.833939
24 41.191675 6.382557
23 42.404997 3.625007
24 40.260729 8.498342
27 40.295058 8.420323
21 41.060458 6.680777
35 39.741972 9.677337
39 39.742452 9.676244
28 40.705127 7.488347
29 40.020417 9.044506
29 40.188498 8.662505
29 40.359840 8.273092
25 41.221118 6.315642
40 40.225982 8.577314
31 39.717638 9.732641
24 40.275292 8.465247
32 41.033735 6.741511
23 40.099546 8.864668
29 40.404402 8.171814
40 39.605009 9.988617
37 40.212668 8.607572
25 41.511145 5.656488
20 39.867909 9.391115
30 39.673464 9.833037
28 39.879985 9.363670
25 41.583665 5.491671
29 40.886968 7.075073
43 40.082192 8.904110
26 41.079655 6.637147
28 40.180881 8.679816
28 41.076395 6.644558
25 39.805309 9.533390
24 41.488746 5.707395
26 40.459129 8.047434
35 41.274495 6.194329
30 39.606126 9.986077
42 39.621645 9.950807
32 39.867670 9.391659
37 41.197341 6.369679
37 40.171162 8.701904
36 39.673351 9.833292
44 39.877897 9.368417
40 39.851782 9.427768
