13 -333.448155 8.792220
14 -332.430182 8.460092
17 -332.624637 8.523536
17 -322.570456 5.243216
17 -334.006034 8.974236
17 -329.185093 7.401335
18 -333.360611 8.763658
19 -320.396348 4.533882
19 -334.540199 9.148515
16 -327.590884 6.881202
17 -329.661692 7.556833
19 -317.948043 3.735087
19 -334.587465 9.163936
20 -317.412544 3.560373
21 -323.581233 5.572996
18 -314.579868 2.636172
18 -332.865903 8.602252
22 -318.165646 3.806083
22 -318.176222 3.809534
19 -327.427813 6.827998
20 -331.067920 8.015635
20 -314.877482 2.733273
20 -317.429747 3.565986
22 -317.299029 3.523337
22 -334.482337 9.129637
22 -321.325125 4.836909
19 -317.885744 3.714762
19 -333.296644 8.742788
20 -314.837054 2.720083
21 -320.072962 4.428373
21 -328.758401 7.262121
21 -315.340056 2.884194
22 -316.515294 3.267633
22 -320.975927 4.722978
22 -321.571465 4.917281
23 -320.007247 4.406932
20 -325.034053 6.046999
20 -334.837149 9.245399
20 -322.340485 5.168184
21 -328.447616 7.160723
21 -326.914451 6.660506
21 -321.243983 4.810435
22 -315.446969 2.919076
24 -315.703039 3.002623
24 -317.787673 3.682764
17 -322.743735 5.299750
24 -319.337021 4.188261
16 -328.064491 7.035723
10 -319.739685 4.319636
20 -315.195486 2.837027
18 -331.187884 8.054775
18 -330.555611 7.848486
11 -326.259297 6.446753
15 -324.966082 6.024823
27 -314.736932 2.687417
17 -327.013680 6.692881
19 -317.630731 3.631560
19 -325.527720 6.208065
21 -324.346022 5.822519
15 -334.756748 9.219167
16 -316.877222 3.385717
21 -318.097145 3.783734
20 -319.406089 4.210796
18 -328.902914 7.309271
23 -320.764618 4.654035
21 -317.342621 3.537560
16 -324.747044 5.953359
20 -327.507952 6.854144
18 -331.410181 8.127302
17 -332.390047 8.446997
16 -322.445394 5.202412
21 -319.081059 4.104750
19 -314.815613 2.713087
20 -324.651557 5.922205
18 -324.098875 5.741884
22 -315.181053 2.832317
20 -316.082840 3.126538
20 -316.097118 3.131197
22 -320.050619 4.421083
20 -324.352947 5.824779
19 -331.832129 8.264969
18 -322.511623 5.224020
19 -333.529769 8.818848
19 -326.903222 6.656842
21 -314.813265 2.712321
21 -312.365048 1.913555
16 -334.609188 9.171024
23 -314.911182 2.744268
20 -322.664945 5.274044
20 -320.403803 4.536314
21 -327.357013 6.804898
22 -316.206851 3.166999
19 -315.966916 3.088716
18 -331.005879 7.995393
12 -336.268555 9.712416
16 -335.739072 9.539665
18 -330.368975 7.787594
19 -317.788380 3.682995
21 -316.110675 3.135620
19 -323.096609 5.414881
17 -335.598545 9.493816
17 -326.559477 6.544691
16 -323.940843 5.690324
19 -321.750827 4.975800
19 -331.885075 8.282243
20 -320.352874 4.519698
16 -318.627159 3.956659
20 -314.341148 2.558286
21 -315.523716 2.944116
15 -314.863802 2.728810
19 -335.959500 9.611583
20 -334.526309 9.143984
19 -323.894605 5.675238
16 -335.683951 9.521681
19 -315.383209 2.898274
19 -320.361014 4.522354
20 -320.114808 4.442025
17 -335.809559 9.562662
19 -330.404069 7.799044
16 -322.014493 5.061825
19 -318.474192 3.906751
21 -330.553428 7.847774
17 -317.917281 3.725051
20 -326.634745 6.569248
19 -316.283898 3.192137
18 -324.097452 5.741420
21 -317.968764 3.741848
20 -323.434455 5.525108
17 -334.649964 9.184328
16 -335.359962 9.415975
19 -318.433500 3.893475
21 -316.887816 3.389173
19 -325.263657 6.121911
21 -316.106966 3.134410
20 -315.735457 3.013200
17 -325.116992 6.074059
21 -315.145348 2.820668
18 -319.653645 4.291564
19 -322.412139 5.191563
23 -316.182802 3.159153
21 -321.287620 4.824672
18 -336.087533 9.653355
20 -319.604622 4.275570
9 -328.978119 7.333807
19 -331.104441 8.027550
13 -326.253194 6.444761
16 -336.331051 9.732806
18 -321.044446 4.745333
23 -314.233948 2.523311
17 -326.009849 6.365367
18 -326.852281 6.640222
20 -316.451908 3.246952
19 -327.003164 6.689450
21 -325.714318 6.268945
19 -332.883524 8.608001
16 -326.172820 6.418538
20 -321.002218 4.731556
16 -313.717634 2.354856
20 -323.575561 5.571145
20 -315.139919 2.818897
18 -327.784064 6.944230
18 -319.680173 4.300220
20 -324.345050 5.822202
17 -324.659176 5.924690
16 -323.355887 5.499474
19 -326.450058 6.508991
11 -318.086110 3.780134
19 -327.466720 6.840692
17 -321.961442 5.044516
22 -322.109349 5.092773
21 -323.651302 5.595857
16 -334.900295 9.266002
19 -330.354699 7.782936
19 -315.283723 2.865815
18 -325.526497 6.207666
20 -316.432171 3.240513
17 -323.159427 5.435376
22 -316.307556 3.199855
23 -316.506930 3.264904
20 -328.874069 7.299859
20 -332.753989 8.565739
20 -316.748376 3.343679
19 -322.043041 5.071139
19 -315.927756 3.075940
17 -322.208746 5.125203
24 -319.176641 4.135935
15 -331.775880 8.246617
17 -314.975886 2.765379
17 -321.336583 4.840647
22 -314.193681 2.510173
19 -321.248340 4.811857
18 -318.332621 3.860561
23 -314.068771 2.469420
21 -319.788611 4.335599
23 -315.331562 2.881423
21 -319.585027 4.269177
22 -321.293207 4.826495
20 -317.115604 3.463492
23 -319.940578 4.385180
308 -310.353245 1.257176
