15 0.907797 9.220350
15 0.958099 4.190121
15 0.915960 8.403985
15 0.911128 8.887186
15 0.965187 3.481259
16 0.933461 6.653926
16 0.930654 6.934601
16 0.921856 7.814391
16 0.960035 3.996474
16 0.961841 3.815855
26 0.901470 9.852982
17 0.952314 4.768648
17 0.920521 7.947911
17 0.950333 4.966681
17 0.961409 3.859098
17 0.928800 7.120000
17 0.962742 3.725839
36 0.947666 5.233436
19 0.947633 5.236737
19 0.960712 3.928802
19 0.900188 9.981243
19 0.916097 8.390321
19 0.970638 2.936228
19 0.915348 8.465232
19 0.949168 5.083201
30 0.920408 7.959153
20 0.925117 7.488319
20 0.958793 4.120703
20 0.951557 4.844294
21 0.916353 8.364684
21 0.946198 5.380201
21 0.940557 5.944341
21 0.931878 6.812182
21 0.975185 2.481514
34 0.973210 2.679011
35 0.969627 3.037346
39 0.969470 3.052993
23 0.948796 5.120398
23 0.979562 2.043802
41 0.977232 2.276825
23 0.980579 1.942050
24 0.917183 8.281712
15 0.951400 4.859988
25 0.978626 2.137450
17 0.937633 6.236678
17 0.942497 5.750306
42 0.986242 1.375843
27 0.974684 2.531610
27 0.985871 1.412908
17 0.969079 3.092110
27 0.976464 2.353577
17 0.930179 6.982053
17 0.950295 4.970462
15 0.937395 6.260516
19 0.949900 5.010024
17 0.962620 3.738008
16 0.929630 7.037009
46 0.978008 2.199200
15 0.949335 5.066550
16 0.950314 4.968623
15 0.907090 9.291015
17 0.902332 9.766828
20 0.962129 3.787090
23 0.940314 5.968631
19 0.953949 4.605112
38 0.975547 2.445277
21 0.940771 5.922910
20 0.980666 1.933394
15 0.929923 7.007741
20 0.975725 2.427547
19 0.941149 5.885090
17 0.917782 8.221817
24 0.958853 4.114706
24 0.981143 1.885696
19 0.980072 1.992822
27 0.972672 2.732758
21 0.969056 3.094447
21 0.947294 5.270629
40 0.970306 2.969393
17 0.962434 3.756600
16 0.912782 8.721779
38 0.957170 4.283020
23 0.980978 1.902236
19 0.910501 8.949895
45 0.973543 2.645712
25 0.975940 2.405992
20 0.979794 2.020610
29 0.971408 2.859199
13 0.937798 6.220179
46 0.982456 1.754398
45 0.976157 2.384287
19 0.937076 6.292378
19 0.952636 4.736420
24 0.977812 2.218766
19 0.911868 8.813209
37 0.955809 4.419145
19 0.947289 5.271051
20 0.974084 2.591553
20 0.952196 4.780363
23 0.949364 5.063571
19 0.934514 6.548607
38 0.974906 2.509367
23 0.960823 3.917651
31 0.953844 4.615607
21 0.940742 5.925815
24 0.963486 3.651414
36 0.959893 4.010694
17 0.965038 3.496243
36 0.951075 4.892546
20 0.950265 4.973548
46 0.981271 1.872860
29 0.980419 1.958107
19 0.948143 5.185738
19 0.969123 3.087730
16 0.967814 3.218552
32 0.948523 5.147668
39 0.973087 2.691263
23 0.951494 4.850579
17 0.969951 3.004886
17 0.903891 9.610851
24 0.982921 1.707886
21 0.924743 7.525729
21 0.979761 2.023898
16 0.961764 3.823556
36 0.970171 2.982939
19 0.915371 8.462929
20 0.940974 5.902614
17 0.942403 5.759665
20 0.956893 4.310739
17 0.943737 5.626336
20 0.968778 3.122216
19 0.945211 5.478909
31 0.973471 2.652881
34 0.962974 3.702636
16 0.951379 4.862065
28 0.928716 7.128379
42 0.984107 1.589288
20 0.934362 6.563815
19 0.950950 4.904977
13 0.901998 9.800235
21 0.932382 6.761802
43 0.973022 2.697757
16 0.968063 3.193691
19 0.930303 6.969737
40 0.979484 2.051616
24 0.981692 1.830758
20 0.920901 7.909857
21 0.933639 6.636089
19 0.965187 3.481295
23 0.975936 2.406433
21 0.923285 7.671500
32 0.944909 5.509063
20 0.975816 2.418421
21 0.955492 4.450817
16 0.943515 5.648539
19 0.905533 9.446707
32 0.912352 8.764820
24 0.978275 2.172476
28 0.963851 3.614901
39 0.970472 2.952781
21 0.960407 3.959333
19 0.963284 3.671617
20 0.951227 4.877272
17 0.950419 4.958053
48 0.983787 1.621333
15 0.951530 4.847034
16 0.973432 2.656777
48 0.979013 2.098728
19 0.923198 7.680213
32 0.949253 5.074658
50 0.991786 0.821419
21 0.900418 9.958227
19 0.950000 5.000003
19 0.977003 2.299745
35 0.955452 4.454788
52 0.985997 1.400313
23 0.957765 4.223485
43 0.972419 2.758103
16 0.962259 3.774097
17 0.900214 9.978649
17 0.962995 3.700531
21 0.936857 6.314285
19 0.977661 2.233907
17 0.907660 9.234008
25 0.962638 3.736211
45 0.972110 2.788954
27 0.980206 1.979377
24 0.955174 4.482557
21 0.935285 6.471470
25 0.981487 1.851311
37 0.955774 4.422644
20 0.940680 5.932033
19 0.964798 3.520202
21 0.946755 5.324514
46 0.989011 1.098897
24 0.981602 1.839822
36 0.967247 3.275274
23 0.947871 5.212947
47 0.986688 1.331247
52 0.988671 1.132907
