8 -40.239068 5.341376
9 -38.835855 1.667922
10 -41.332549 8.203989
10 -39.118835 2.408733
12 -39.432949 3.231047
12 -40.002570 4.722252
12 -41.516270 8.684950
12 -41.951656 9.824740
12 -39.498587 3.402880
12 -40.653957 6.427511
12 -40.158010 5.129176
12 -40.648300 6.412700
12 -40.714807 6.586808
12 -40.754128 6.689746
12 -41.590515 8.879314
12 -39.352227 3.019725
12 -41.576914 8.843707
12 -41.680338 9.114459
12 -39.480435 3.355361
12 -40.342606 5.612428
11 -40.525878 6.092214
12 -41.524950 8.707674
12 -41.195482 7.845161
12 -41.825571 9.494665
15 -40.903922 7.081889
15 -38.626647 1.120240
14 -39.536697 3.502649
15 -39.760185 4.087714
15 -40.953554 7.211822
14 -40.812920 6.843658
15 -40.705852 6.563366
15 -38.840364 1.679725
15 -41.230767 7.937534
15 -40.780340 6.758366
15 -39.026201 2.166226
15 -40.343253 5.614122
15 -41.197342 7.850030
15 -40.728938 6.623803
15 -41.143185 7.708254
15 -41.073848 7.526738
12 -41.469030 8.561280
15 -41.244115 7.972477
17 -41.695237 9.153464
12 -40.493943 6.008610
17 -40.943510 7.185528
17 -39.485016 3.367354
13 -39.322831 2.942770
10 -41.990013 9.925155
17 -40.586057 6.249756
19 -39.302986 2.890820
12 -39.515866 3.448116
12 -40.102780 4.984592
12 -41.382120 8.333759
12 -41.692979 9.147554
12 -39.985710 4.678114
12 -41.103999 7.605669
15 -40.729466 6.625183
10 -41.519432 8.693227
12 -40.296887 5.492741
17 -40.454010 5.904072
12 -41.671450 9.091193
14 -40.416555 5.806019
15 -40.646464 6.407895
14 -40.419327 5.813274
12 -39.568603 3.586175
12 -41.071634 7.520942
15 -40.076412 4.915561
14 -39.850354 4.323766
12 -40.539789 6.128632
12 -38.693773 1.295968
12 -40.686193 6.511900
14 -39.017366 2.143099
10 -38.523825 0.851063
12 -40.640196 6.391485
15 -41.640725 9.010759
12 -40.276789 5.440126
10 -38.680227 1.260506
12 -41.394246 8.365503
15 -41.051005 7.466938
12 -40.313126 5.535252
12 -38.437969 0.626303
14 -40.352558 5.638481
15 -41.843481 9.541551
12 -41.112958 7.629123
15 -41.471284 8.567180
17 -39.393870 3.128742
15 -39.380378 3.093422
15 -39.874964 4.388193
12 -39.407950 3.165603
10 -38.416303 0.569584
15 -41.013127 7.367776
15 -39.167198 2.535342
17 -40.697543 6.541614
15 -40.862099 6.972401
13 -41.672440 9.093785
10 -41.384356 8.339613
12 -40.425984 5.830702
10 -40.326225 5.569543
12 -39.115085 2.398916
17 -39.439318 3.247720
15 -39.172445 2.549078
12 -40.339348 5.603899
12 -41.356061 8.265541
10 -40.175065 5.173824
12 -39.714490 3.968090
10 -40.017590 4.761572
10 -40.651583 6.421296
12 -39.432072 3.228752
12 -39.473746 3.337849
12 -40.798900 6.806955
12 -41.284386 8.077903
15 -39.458760 3.298617
15 -41.012410 7.365901
12 -39.541766 3.515919
10 -39.286324 2.847200
8 -38.973693 2.028768
14 -40.298351 5.496574
10 -41.238863 7.958729
15 -41.767626 9.342972
17 -40.856438 6.957582
15 -39.167524 2.536194
15 -38.991671 2.075831
15 -41.318581 8.167421
14 -41.171300 7.781856
10 -38.628811 1.125905
15 -40.598173 6.281474
14 -41.183605 7.814070
12 -40.249141 5.367747
15 -39.096392 2.349980
15 -41.763787 9.332920
15 -39.379177 3.090278
15 -41.199007 7.854390
12 -40.031639 4.798352
12 -40.153891 5.118393
17 -39.630275 3.747626
15 -40.687734 6.515935
15 -40.509404 6.049086
12 -39.452422 3.282027
16 -40.971892 7.259829
17 -39.341836 2.992523
17 -39.347356 3.006974
11 -40.493817 6.008281
12 -40.711363 6.577792
14 -41.063836 7.500527
12 -39.569841 3.589417
15 -38.400224 0.527490
12 -39.440520 3.250867
12 -41.589300 8.876133
15 -41.147334 7.719117
10 -41.308564 8.141198
12 -39.990840 4.691545
12 -40.966215 7.244968
12 -41.430163 8.459529
12 -39.828976 4.267803
12 -41.248343 7.983545
10 -39.701879 3.935075
12 -40.364256 5.669105
17 -40.703938 6.558354
15 -40.777091 6.749860
12 -41.394648 8.366557
10 -40.593288 6.268686
10 -38.750939 1.445623
10 -40.990526 7.308609
14 -38.479219 0.734289
15 -38.840092 1.679015
16 -41.591074 8.880776
12 -40.592944 6.267786
12 -41.110522 7.622746
15 -39.217970 2.668258
12 -39.551055 3.540237
10 -41.430221 8.459683
15 -40.947973 7.197210
15 -40.226965 5.309694
15 -40.775303 6.745180
9 -41.672210 9.093182
11 -38.891958 1.814793
10 -41.939007 9.791628
12 -41.816468 9.470833
17 -40.724915 6.613269
15 -39.345711 3.002668
15 -40.115040 5.016686
12 -40.021865 4.772763
12 -40.509304 6.048824
12 -41.783952 9.385711
12 -40.022180 4.773588
12 -41.174356 7.789856
15 -40.079031 4.922419
15 -39.727575 4.002345
17 -40.121616 5.033901
17 -38.990584 2.072987
12 -39.662584 3.832206
15 -39.378648 3.088895
16 -38.306901 0.283181
14 -39.248868 2.749145
15 -40.036524 4.811138
15 -39.171463 2.546506
17 -40.506332 6.041045
15 -40.570386 6.208730
16 -41.603522 8.913365
22 -41.267990 8.034979
