21 39.744449 9.671708
21 41.688895 5.252512
21 39.840566 9.453260
21 41.182384 6.403672
22 42.073544 4.378309
22 40.210246 8.613077
66 42.945025 2.397671
71 41.534801 5.602725
71 42.952628 2.380390
75 43.383474 1.401195
18 40.130572 8.794154
107 42.207001 4.074998
109 42.958357 2.367370
111 41.398357 5.912826
113 42.104904 4.307037
115 43.322200 1.540454
113 43.462414 1.221785
103 43.509312 1.115200
114 43.524211 1.081338
120 43.462666 1.221213
117 43.216690 1.780249
122 43.605053 0.897608
117 43.510512 1.112473
122 42.395682 3.646178
119 43.656023 0.781766
126 42.436017 3.554508
124 43.874758 0.284642
134 43.538020 1.049955
129 43.328678 1.525731
134 43.898350 0.231022
133 43.887923 0.254721
140 43.935581 0.146406
152 43.861728 0.314256
115 43.508692 1.116609
151 43.790395 0.476375
168 43.085001 2.079543
22 42.010887 4.520712
129 43.192529 1.835162
112 42.188040 4.118092
17 39.635004 9.920446
64 43.016347 2.235575
122 43.659163 0.774629
34 40.255734 8.509696
24 41.980255 4.590328
105 42.958348 2.367392
101 40.959680 6.909819
32 39.762509 9.630661
107 42.806644 2.712173
112 42.507991 3.390931
112 43.187645 1.846262
118 43.266403 1.667265
229 42.298334 3.867422
136 42.363514 3.719287
142 41.856429 4.871751
71 43.037957 2.186462
126 43.714165 0.649624
112 43.602487 0.903438
130 43.581812 0.950427
118 43.353559 1.469183
104 43.380233 1.408561
160 43.674272 0.740292
263 42.870662 2.566678
119 43.673630 0.741751
70 43.698210 0.685887
102 42.736692 2.871154
21 41.934075 4.695283
287 42.487610 3.437250
29 39.973661 9.150770
306 42.113952 4.286473
126 43.667556 0.755554
320 42.115596 4.282736
112 43.559952 1.000110
19 41.748798 5.116368
104 41.885849 4.804889
119 43.490613 1.157697
114 42.996780 2.280045
103 43.848872 0.343473
247 40.581472 7.769381
124 43.152923 1.925175
347 40.924650 6.989431
310 42.657038 3.052185
293 42.362529 3.721525
121 43.572154 0.972378
107 43.385187 1.397301
243 41.801079 4.997548
364 40.925204 6.988174
103 43.597112 0.915656
369 40.578209 7.776799
378 43.524538 1.080595
383 40.915018 7.011323
322 40.994234 6.831286
27 39.855210 9.419978
350 42.010634 4.521286
55 42.878714 2.548377
397 40.139889 8.772981
341 40.643042 7.629451
37 39.852331 9.426521
326 40.594742 7.739222
104 43.502292 1.131154
409 40.481535 7.996511
104 43.646352 0.803746
70 43.666178 0.758686
137 42.470748 3.475572
104 43.822332 0.403791
324 41.190423 6.385403
112 43.070061 2.113497
424 41.359305 6.001579
106 42.445352 3.533292
117 43.486997 1.165917
369 41.142219 6.494957
346 40.848400 7.162727
174 43.106950 2.029659
297 42.762029 2.813569
109 43.346508 1.485208
256 41.722037 5.177190
436 40.288681 8.434817
321 41.746382 5.121859
16 40.932342 6.971950
333 41.610142 5.431495
105 43.745198 0.579096
120 43.443150 1.265568
22 42.484140 3.445135
430 43.111408 2.019526
120 43.802222 0.449496
160 43.628140 0.845136
307 43.031305 2.201581
334 42.028877 4.479825
105 43.390842 1.384450
30 39.682233 9.813106
372 40.141900 8.768408
108 43.252452 1.698973
114 41.969250 4.615341
72 42.971138 2.338323
116 42.815663 2.691674
106 42.430611 3.566794
348 43.354596 1.466828
67 43.034484 2.194355
122 39.966590 9.166842
23 40.246891 8.529793
18 42.040405 4.453625
262 42.157491 4.187521
376 43.258880 1.684363
24 39.628469 9.935297
297 42.015647 4.509893
345 39.763843 9.627628
442 40.945398 6.942277
388 40.820238 7.226731
477 41.218161 6.322361
113 43.959589 0.091842
130 43.350807 1.475438
103 40.967531 6.891974
94 43.738210 0.594977
314 41.851803 4.882266
117 42.418381 3.594589
119 42.853711 2.605203
25 40.309279 8.388002
123 42.516012 3.372699
345 42.142082 4.222541
120 43.403889 1.354798
163 39.633810 9.923160
136 43.294015 1.604512
110 43.021431 2.224019
158 42.479450 3.455796
455 40.944378 6.944595
97 43.879096 0.274781
81 43.719174 0.638242
109 43.722079 0.631638
283 41.643937 5.354688
109 43.055187 2.147303
431 40.632084 7.654354
328 40.685019 7.534048
323 41.278377 6.185507
288 42.891514 2.519286
328 41.790175 5.022328
331 41.140972 6.497791
328 42.130836 4.248100
399 43.246881 1.711635
312 40.310077 8.386189
305 40.845063 7.170311
323 41.314352 6.103746
340 43.223442 1.764904
407 40.919479 7.001185
350 41.336428 6.053573
319 41.742497 5.130689
355 41.881777 4.814144
322 42.365742 3.714222
475 40.152984 8.743218
347 41.267333 6.210606
322 40.032075 9.018011
342 40.897262 7.051677
588 40.772879 7.334366
326 40.598708 7.730209
312 41.456651 5.780339
387 40.112948 8.834208
351 41.672753 5.289199
380 40.787019 7.302229
413 41.651045 5.338534
444 40.390447 8.203530
495 40.004765 9.080080
528 41.821429 4.951297
