22 -0.017002 8.854083
24 -0.016484 5.532828
24 -0.016840 7.812166
24 -0.016547 5.937089
25 -0.016308 4.404718
25 -0.016173 3.543029
26 -0.016152 3.411215
26 -0.017076 9.324143
26 -0.016074 2.908368
26 -0.016299 4.351356
26 -0.016659 6.655218
26 -0.017161 9.866771
26 -0.016891 8.142210
26 -0.016972 8.660978
27 -0.016318 4.471418
27 -0.016940 8.456857
27 -0.015765 0.932597
28 -0.015855 1.510832
28 -0.016571 6.094354
28 -0.016149 3.392125
28 -0.016236 3.949812
29 -0.015836 1.386902
29 -0.015793 1.110725
29 -0.016239 3.963087
29 -0.015979 2.301798
31 -0.016158 3.447373
22 -0.016240 3.973854
31 -0.015966 2.217493
31 -0.016238 3.961046
31 -0.015976 2.282338
25 -0.016460 5.379084
32 -0.016174 3.548973
27 -0.016145 3.363986
32 -0.016102 3.089998
32 -0.015639 0.122487
33 -0.016144 3.358921
20 -0.015960 2.181447
33 -0.015997 2.418930
24 -0.016186 3.626359
33 -0.015750 0.835497
34 -0.015832 1.360349
26 -0.016210 3.780060
25 -0.016184 3.611697
25 -0.017067 9.264799
24 -0.016954 8.542865
34 -0.015771 0.971838
34 -0.015887 1.715281
34 -0.015863 1.555950
34 -0.016049 2.747586
26 -0.016251 4.044649
35 -0.016114 3.165921
34 -0.015946 2.092132
22 -0.016753 7.255857
24 -0.015922 1.939431
36 -0.015839 1.405079
29 -0.016218 3.829529
26 -0.016044 2.718170
29 -0.016131 3.274197
28 -0.016268 4.153840
26 -0.016296 4.334032
37 -0.015986 2.343277
29 -0.015866 1.576518
38 -0.015988 2.356148
25 -0.016341 4.621359
31 -0.016126 3.244145
27 -0.016024 2.591452
32 -0.015956 2.153428
25 -0.016021 2.573445
25 -0.016895 8.164528
29 -0.016858 7.928324
27 -0.016378 4.853998
21 -0.015776 1.000885
25 -0.015776 1.002174
28 -0.016129 3.262285
41 -0.015757 0.879721
26 -0.015924 1.951623
23 -0.016021 2.569207
27 -0.015968 2.231033
32 -0.015810 1.216834
29 -0.015801 1.161446
33 -0.015916 1.895018
32 -0.016177 3.572061
25 -0.015640 0.131185
34 -0.016101 3.083531
33 -0.016238 3.958502
31 -0.015986 2.343856
20 -0.017086 9.388696
28 -0.016036 2.665504
34 -0.015956 2.155082
29 -0.016242 3.987742
37 -0.016182 3.603476
33 -0.015801 1.160567
24 -0.016163 3.481282
29 -0.015904 1.821203
33 -0.015939 2.043674
32 -0.015670 0.320584
31 -0.016098 3.060501
28 -0.016697 6.898223
27 -0.016099 3.067348
25 -0.016296 4.334107
34 -0.016092 3.026571
32 -0.015955 2.147270
27 -0.016368 4.794869
27 -0.016321 4.489156
50 -0.015865 1.570336
34 -0.016139 3.324256
35 -0.015873 1.622697
20 -0.016830 7.747951
28 -0.015951 2.120693
27 -0.015752 0.845629
33 -0.016023 2.584291
22 -0.016896 8.169453
35 -0.016075 2.915468
19 -0.016465 5.414518
28 -0.016079 2.942899
29 -0.016370 4.805141
31 -0.015984 2.335776
36 -0.015820 1.286627
36 -0.015941 2.058971
29 -0.015711 0.584411
27 -0.015957 2.160285
25 -0.016739 7.165505
35 -0.015689 0.444425
28 -0.016539 5.886672
31 -0.015971 2.247715
36 -0.015968 2.228786
27 -0.016818 7.675160
37 -0.015640 0.131455
27 -0.015777 1.007808
24 -0.016311 4.424402
29 -0.016094 3.036883
25 -0.016243 3.994806
23 -0.016248 4.021334
24 -0.016525 5.798825
21 -0.016485 5.538308
25 -0.016136 3.307340
31 -0.016235 3.938487
33 -0.015662 0.273233
21 -0.016896 8.172753
25 -0.016813 7.642311
29 -0.016373 4.826223
32 -0.015883 1.689874
28 -0.015907 1.838174
33 -0.015855 1.507385
26 -0.016011 2.503841
34 -0.015863 1.559598
25 -0.016198 3.704026
28 -0.016414 5.088071
31 -0.016029 2.620904
31 -0.016578 6.138730
26 -0.016550 5.959924
31 -0.015643 0.150122
26 -0.016052 2.768349
27 -0.015706 0.553744
28 -0.016173 3.544788
36 -0.016156 3.432766
31 -0.015691 0.458017
24 -0.016363 4.760999
28 -0.016039 2.686820
28 -0.016246 4.011696
31 -0.016085 2.982571
33 -0.015760 0.901291
28 -0.015733 0.728571
22 -0.017150 9.798519
31 -0.016000 2.433883
26 -0.016060 2.823191
37 -0.015909 1.852739
28 -0.016975 8.675084
39 -0.015899 1.790366
25 -0.016288 4.277223
33 -0.015950 2.113511
26 -0.016601 6.281268
32 -0.016130 3.265625
32 -0.015885 1.700360
27 -0.015913 1.875826
32 -0.017113 9.561189
33 -0.015951 2.120253
28 -0.015994 2.400111
37 -0.015957 2.162394
26 -0.016758 7.290532
28 -0.016636 6.505138
29 -0.015990 2.369763
27 -0.016622 6.415146
27 -0.016091 3.018721
29 -0.016203 3.737994
35 -0.015908 1.847322
29 -0.016161 3.465507
38 -0.015934 2.016369
34 -0.015961 2.186506
29 -0.015693 0.472336
31 -0.016011 2.509494
32 -0.016098 3.062198
35 -0.016393 4.953849
33 -0.015781 1.036543
36 -0.015698 0.504445
46 -0.015900 1.796213
50 -0.015853 1.494502
79 -0.015787 1.074495
102 -0.015844 1.436055
144 -0.015982 2.320523
