28 20.499800 9.402828
32 21.977328 2.873017
32 21.009202 7.151566
26 20.752968 8.283970
33 20.464042 9.560855
31 20.816854 8.001635
32 22.448326 0.791479
34 20.686471 8.577851
33 21.301676 5.859003
36 21.923559 3.110641
33 20.922376 7.535286
23 21.657300 4.287353
31 20.764679 8.232215
32 21.024859 7.082373
45 21.983904 2.843954
41 21.553014 4.748233
40 22.601279 0.115513
25 21.133659 6.601540
43 21.509247 4.941660
35 20.451425 9.616616
38 20.959881 7.369536
40 21.473958 5.097615
39 22.551373 0.336071
34 21.855618 3.410900
52 22.566543 0.269025
41 22.176455 1.992991
38 20.429997 9.711314
35 20.992586 7.225000
40 21.975080 2.882948
40 20.991300 7.230685
33 21.674229 4.212537
36 20.853095 7.841468
40 21.427139 5.304528
40 22.143335 2.139360
37 22.286152 1.508193
45 21.461534 5.152521
46 20.886084 7.695678
28 21.934214 3.063555
26 21.371409 5.550825
41 21.704104 4.080507
45 22.618446 0.039648
39 21.104172 6.731853
41 21.753935 3.860280
40 20.551188 9.175724
37 22.374203 1.119059
50 22.610984 0.072624
20 20.819455 7.990140
38 20.663851 8.677816
42 22.116227 2.259163
40 21.274756 5.977974
40 21.465024 5.137100
47 21.951798 2.985844
28 21.354753 5.624434
22 21.985065 2.838820
25 21.965487 2.925343
27 22.206393 1.860681
40 20.926684 7.516251
43 21.365998 5.574735
42 22.021792 2.676509
30 21.197526 6.319286
44 22.141710 2.146543
37 21.942788 3.025661
29 22.130458 2.196271
41 21.234369 6.156461
61 22.024102 2.666302
45 21.836685 3.494576
30 21.379044 5.517082
35 21.176914 6.410379
47 21.426093 5.309151
32 21.995828 2.791257
24 21.337044 5.702698
45 22.546745 0.356525
33 22.596849 0.135092
41 20.816227 8.004404
40 21.342136 5.680194
46 21.323711 5.761621
38 21.925992 3.099891
36 21.136694 6.588125
39 22.600368 0.119541
25 20.763552 8.237198
27 20.495543 9.421642
39 21.018415 7.110851
29 22.265286 1.600407
40 22.282139 1.525929
43 22.275279 1.556243
41 20.573724 9.076125
48 22.461853 0.731697
40 21.743647 3.905747
41 22.142075 2.144927
36 21.471845 5.106956
42 22.055812 2.526162
44 22.345452 1.246123
45 20.661971 8.686127
42 21.976949 2.874687
25 20.898426 7.641132
27 20.850223 7.854163
28 20.498449 9.408800
58 22.126695 2.212900
35 21.066600 6.897900
41 21.239192 6.135146
38 22.434641 0.851959
28 20.920525 7.543468
42 22.015786 2.703051
44 21.854333 3.416579
50 22.282839 1.522834
45 22.602867 0.108497
39 22.238716 1.717832
21 20.858638 7.816972
43 22.548295 0.349673
34 21.723997 3.992589
43 21.514079 4.920305
39 22.135701 2.173098
34 21.197819 6.317992
41 21.410861 5.376467
25 21.654513 4.299671
33 21.111233 6.700650
48 20.702434 8.507304
44 22.269696 1.580920
29 21.968454 2.912233
45 22.539499 0.388546
40 22.021748 2.676703
25 22.468502 0.702314
25 20.810178 8.031139
29 21.132332 6.607404
37 22.554731 0.321232
19 22.565321 0.274427
33 20.665442 8.670785
29 21.759144 3.837263
52 22.177644 1.987733
32 20.889997 7.678384
34 20.449174 9.626565
45 22.508337 0.526262
28 21.576975 4.642344
34 21.825138 3.545606
49 20.506898 9.371461
43 20.952440 7.402423
46 21.917920 3.135563
33 21.621740 4.444504
32 21.371652 5.549749
43 21.300138 5.865801
55 22.619363 0.035596
34 21.896856 3.228656
48 20.951826 7.405135
33 22.109746 2.287806
57 22.456374 0.755908
31 20.591256 8.998644
54 22.532674 0.418708
56 22.252252 1.658010
34 21.363923 5.583906
45 22.198625 1.895010
41 22.157322 2.077547
52 21.188237 6.360339
35 21.277769 5.964657
44 21.413855 5.363239
21 20.757138 8.265543
52 21.967672 2.915690
21 20.445411 9.643194
44 22.500822 0.559477
25 21.267293 6.010954
41 22.283434 1.520207
38 22.276212 1.552123
59 22.220937 1.796403
35 21.253450 6.072135
37 22.062244 2.497734
37 22.106806 2.300798
30 20.624819 8.850319
33 22.004818 2.751523
55 22.476740 0.665904
49 21.999802 2.773691
43 21.332639 5.722164
44 22.113395 2.271679
42 20.385292 9.908884
44 21.955305 2.970345
35 21.788905 3.705735
55 22.149140 2.113706
43 21.884472 3.283383
43 20.566515 9.107986
51 22.445600 0.803526
51 22.579462 0.211931
40 21.573442 4.657954
32 20.433035 9.697892
32 22.413446 0.945628
39 21.176147 6.413769
53 22.609650 0.078520
48 21.858842 3.396656
46 22.238123 1.720453
41 21.737686 3.932092
53 21.217946 6.229041
44 20.523314 9.298911
50 22.490169 0.606555
52 22.328419 1.321398
35 22.032216 2.630441
39 20.700678 8.515066
44 21.076719 6.853182
45 20.584911 9.026689
55 22.450660 0.781163
63 22.389793 1.050160
38 22.143573 2.138306
51 22.158257 2.073414
61 22.610027 0.076853
