17 -0.115316 3.784431
18 -0.117992 6.192885
18 -0.117323 5.590312
20 -0.121623 9.460709
20 -0.118648 6.782914
20 -0.115324 3.791587
20 -0.117546 5.791769
21 -0.120967 8.870537
21 -0.118640 6.776232
21 -0.118438 6.593886
22 -0.117442 5.697360
24 -0.113981 2.582667
24 -0.120152 8.136877
25 -0.118280 6.451836
21 -0.120640 8.575624
25 -0.117662 5.896228
26 -0.114819 3.336851
27 -0.119519 7.567227
26 -0.120124 8.111270
30 -0.119208 7.287066
26 -0.118058 6.251884
24 -0.119225 7.302935
30 -0.115508 3.956901
24 -0.119942 7.947547
25 -0.118355 6.519600
32 -0.117025 5.322672
25 -0.117321 5.589083
23 -0.117015 5.313696
32 -0.118014 6.212423
33 -0.117062 5.355664
17 -0.115619 4.057220
32 -0.118027 6.224659
24 -0.118673 6.805849
26 -0.119504 7.553182
30 -0.117730 5.957073
20 -0.115755 4.179265
26 -0.115900 4.310078
19 -0.121965 9.768903
28 -0.118532 6.678987
33 -0.119980 7.982031
25 -0.118249 6.424437
24 -0.120703 8.632982
33 -0.117027 5.324553
25 -0.117842 6.057483
26 -0.118870 6.983232
25 -0.119344 7.409291
23 -0.121638 9.473810
30 -0.119875 7.887663
25 -0.117831 6.048004
18 -0.116185 4.566156
20 -0.118638 6.774203
34 -0.120042 8.037832
19 -0.119810 7.828647
20 -0.118559 6.703403
26 -0.121656 9.490816
23 -0.119576 7.618374
33 -0.118275 6.447303
25 -0.121224 9.101172
30 -0.114865 3.378341
27 -0.118753 6.877629
34 -0.115887 4.298030
25 -0.121911 9.719817
23 -0.118449 6.604091
23 -0.121811 9.629576
28 -0.117125 5.412384
29 -0.118499 6.649033
26 -0.117230 5.507418
18 -0.120956 8.860259
32 -0.118804 6.923772
29 -0.121252 9.126963
23 -0.116698 5.028272
26 -0.119052 7.147026
25 -0.116401 4.760653
25 -0.122159 9.943206
22 -0.116137 4.523717
21 -0.118535 6.681798
19 -0.116742 5.067972
24 -0.118261 6.434521
24 -0.116565 4.908144
23 -0.121389 9.250022
30 -0.120213 8.191836
22 -0.122077 9.869332
20 -0.119262 7.336230
18 -0.120968 8.870757
28 -0.122064 9.858001
33 -0.116216 4.594072
25 -0.117193 5.473789
31 -0.119312 7.380487
33 -0.121538 9.383769
20 -0.120430 8.387070
29 -0.113767 2.390165
19 -0.117557 5.801214
27 -0.119555 7.599426
31 -0.119654 7.688418
33 -0.117617 5.854981
19 -0.117349 5.613930
19 -0.116358 4.721844
23 -0.121922 9.729924
27 -0.121768 9.591622
31 -0.120634 8.570335
29 -0.117788 6.009540
38 -0.113702 2.331705
24 -0.119223 7.300799
24 -0.118247 6.422379
24 -0.116624 4.961416
18 -0.118224 6.401694
23 -0.121549 9.394214
35 -0.120417 8.375270
21 -0.122177 9.959541
31 -0.121814 9.632538
24 -0.121431 9.288271
26 -0.118398 6.558400
34 -0.116511 4.859957
20 -0.116355 4.719421
31 -0.119582 7.624006
26 -0.121358 9.222068
19 -0.118664 6.797246
27 -0.117239 5.515036
27 -0.117825 6.042226
28 -0.117128 5.415443
23 -0.117396 5.656268
22 -0.121398 9.258335
31 -0.120288 8.259383
24 -0.122217 9.995619
24 -0.118331 6.498071
32 -0.122177 9.959306
20 -0.118846 6.961320
20 -0.118895 7.005619
27 -0.118402 6.562040
26 -0.120085 8.076582
19 -0.119454 7.508243
22 -0.121891 9.701603
18 -0.118030 6.227051
21 -0.120277 8.249564
34 -0.117132 5.419184
19 -0.118040 6.235841
21 -0.121478 9.330352
30 -0.115453 3.907397
19 -0.117746 5.971372
18 -0.118589 6.730201
21 -0.120426 8.383557
25 -0.122090 9.881422
18 -0.118457 6.611299
26 -0.120040 8.036406
35 -0.121080 8.972328
24 -0.122105 9.894648
23 -0.122144 9.929750
33 -0.118529 6.676512
21 -0.115197 3.677630
22 -0.116920 5.227682
25 -0.115556 4.000146
18 -0.117729 5.956039
25 -0.115016 3.514316
21 -0.121381 9.242583
27 -0.116045 4.440514
27 -0.121402 9.261610
34 -0.115440 3.895989
24 -0.118401 6.561133
26 -0.114500 3.050409
25 -0.116810 5.129141
32 -0.116115 4.503119
17 -0.119559 7.602877
16 -0.120816 8.734514
27 -0.118757 6.880905
32 -0.121465 9.318649
27 -0.116997 5.297288
25 -0.117583 5.825129
32 -0.120901 8.810648
32 -0.119655 7.689318
30 -0.118386 6.547198
24 -0.122008 9.807091
19 -0.116543 4.888986
34 -0.116965 5.268154
29 -0.115616 4.054821
43 -0.121544 9.389703
28 -0.121600 9.440187
32 -0.119126 7.213110
21 -0.118054 6.248334
33 -0.120497 8.447735
33 -0.118225 6.402635
26 -0.117166 5.449564
23 -0.120136 8.122644
23 -0.119553 7.597487
20 -0.117844 6.059754
34 -0.115618 4.056297
22 -0.116363 4.727103
36 -0.119844 7.859898
28 -0.118863 6.976888
30 -0.117905 6.114252
24 -0.120101 8.090910
26 -0.117547 5.792558
26 -0.120680 8.612324
29 -0.118203 6.382461
33 -0.117463 5.717105
32 -0.118699 6.828879
24 -0.119229 7.305957
35 -0.120790 8.711225
30 -0.115880 4.291593
28 -0.117752 5.976353
35 -0.115927 4.333921
