16 20.409573 9.801580
98 20.798737 8.081700
114 20.533379 9.254429
130 21.918501 3.132995
134 22.022177 2.674809
145 21.596624 4.555505
147 21.652022 4.310677
147 22.045195 2.573083
150 22.024265 2.665581
138 20.949426 7.415743
28 21.836073 3.497281
165 21.677337 4.198799
164 21.912843 3.158002
160 22.216763 1.814853
174 21.731941 3.957481
178 22.073816 2.446594
24 20.970986 7.320462
147 21.481006 5.066471
175 22.166731 2.035963
172 22.483619 0.635504
199 22.124752 2.221486
195 21.570786 4.669694
204 21.729734 3.967236
38 22.314812 1.381531
218 20.885326 7.699028
216 21.974720 2.884538
30 22.130133 2.197706
30 21.124906 6.640223
215 22.295810 1.465509
32 22.307663 1.413127
219 22.167185 2.033956
214 22.286041 1.508682
223 22.226478 1.771918
223 22.032202 2.630501
118 21.457037 5.172399
233 22.313856 1.385756
227 22.089854 2.375714
243 22.209353 1.847598
38 20.436514 9.682517
251 22.020322 2.683005
244 22.242369 1.701687
104 21.762740 3.821367
265 22.521789 0.466815
170 22.054910 2.530148
36 22.524052 0.456812
155 21.815690 3.587363
163 22.295128 1.468526
279 22.331760 1.306631
155 22.143561 2.138361
22 20.901816 7.626150
141 21.739286 3.925021
39 22.148055 2.118503
107 21.967736 2.915405
77 20.935804 7.475945
174 22.019899 2.684874
291 22.216897 1.814261
116 21.832506 3.513042
24 21.715032 4.032210
160 22.022587 2.672995
123 22.174484 2.001698
127 22.229834 1.757085
226 22.357050 1.194865
183 22.250595 1.665336
19 20.705765 8.492583
180 21.956187 2.966447
160 21.900634 3.211956
142 21.602388 4.530029
132 22.170704 2.018407
211 21.989864 2.817612
203 21.926362 3.098255
343 22.264040 1.605913
29 22.266679 1.594254
351 22.354908 1.204332
108 22.237023 1.725314
213 22.080918 2.415207
346 22.285023 1.513183
115 21.601305 4.534817
185 22.599084 0.125216
23 21.723447 3.995019
371 22.312214 1.393014
189 21.982509 2.850119
223 21.956934 2.963146
140 21.646296 4.335983
165 21.964781 2.928464
171 22.275070 1.557171
200 22.205107 1.866363
129 21.591044 4.580164
30 20.880590 7.719959
178 21.907398 3.182064
278 22.287193 1.503591
160 21.710100 4.054007
218 22.021700 2.676917
23 21.401461 5.418010
138 22.271184 1.574342
180 21.658674 4.281279
27 21.512543 4.927095
181 22.116392 2.258433
408 22.537807 0.396024
165 22.055866 2.525924
297 22.325061 1.336236
151 21.889227 3.262368
53 21.800572 3.654173
166 22.288119 1.499500
115 20.868885 7.771688
27 20.823926 7.970380
158 22.295384 1.467392
30 20.943282 7.442895
103 22.173195 2.007397
208 22.000959 2.768580
28 21.936888 3.051736
23 20.438395 9.674204
35 20.750648 8.294223
160 21.633214 4.393796
126 21.654452 4.299940
312 22.399953 1.005256
201 22.245984 1.685711
123 20.544637 9.204673
328 22.565929 0.271742
25 21.350641 5.642605
333 22.591242 0.159872
33 21.478498 5.077552
53 21.360310 5.599875
30 22.236599 1.727188
127 21.606861 4.510265
184 22.010381 2.726941
30 22.478744 0.657046
157 22.034574 2.620019
26 21.323121 5.764228
127 22.213455 1.829472
189 21.857788 3.401310
159 21.860995 3.387139
358 22.486685 0.621955
188 22.228614 1.762476
165 22.001018 2.768320
160 21.290706 5.907484
153 22.223132 1.786706
28 20.973903 7.307569
147 22.053573 2.536057
180 22.290558 1.488719
129 21.519527 4.896228
369 22.264530 1.603748
117 22.561520 0.291225
128 21.154157 6.510951
167 21.889290 3.262089
144 21.629267 4.411240
131 21.800719 3.653522
163 21.890052 3.258723
150 22.031237 2.634768
335 22.426854 0.886371
386 22.507226 0.531174
31 21.272834 5.986466
231 22.129063 2.202434
194 20.697318 8.529912
259 22.260447 1.621793
230 22.022209 2.674665
358 22.418164 0.924776
175 22.229013 1.760715
208 22.249012 1.672331
140 21.708222 4.062306
25 20.604937 8.938183
228 22.320631 1.355815
200 21.798674 3.662562
151 22.174343 2.002321
164 21.902709 3.202787
182 21.237782 6.141376
260 22.366175 1.154537
187 21.902682 3.202908
101 22.334762 1.293364
208 22.166407 2.037397
175 22.051484 2.545287
358 22.463042 0.726441
178 21.737955 3.930904
213 21.883539 3.287508
155 21.648425 4.326574
357 22.355798 1.200396
152 22.034827 2.618901
284 22.219564 1.802471
149 22.310440 1.400854
33 21.616615 4.467158
158 21.722032 4.001273
157 22.412701 0.948921
132 22.041717 2.588454
442 22.469863 0.696295
31 20.984103 7.262492
26 22.262929 1.610825
180 21.868725 3.352978
303 22.148300 2.117418
200 21.998104 2.781195
287 22.126426 2.214088
188 22.129492 2.200538
276 22.588549 0.171774
235 22.448046 0.792713
276 22.251610 1.660849
270 22.541773 0.378495
283 22.215350 1.821096
305 22.421468 0.910175
276 22.315557 1.378238
373 22.439970 0.828407
326 22.475469 0.671522
380 22.431646 0.865193
