10 -1.060202 6.020184
12 -1.048499 4.849902
12 -1.097999 9.799936
12 -1.036788 3.678782
12 -1.094859 9.485931
12 -1.047911 4.791117
12 -1.077818 7.781782
15 -1.056565 5.656522
15 -1.044866 4.486646
15 -1.037699 3.769890
15 -1.090555 9.055458
15 -1.054923 5.492251
15 -1.051748 5.174845
15 -1.066561 6.656138
15 -1.098242 9.824169
15 -1.071236 7.123646
15 -1.033221 3.322068
17 -1.069154 6.915417
17 -1.093695 9.369456
17 -1.083576 8.357613
17 -1.085006 8.500578
17 -1.069002 6.900186
17 -1.044524 4.452356
17 -1.052138 5.213786
17 -1.051965 5.196464
17 -1.077573 7.757296
17 -1.081333 8.133256
17 -1.058973 5.897286
17 -1.084849 8.484898
17 -1.067825 6.782455
12 -1.032816 3.281563
18 -1.077174 7.717371
19 -1.076977 7.697727
19 -1.026272 2.627206
19 -1.056309 5.630911
19 -1.056587 5.658714
19 -1.044761 4.476070
19 -1.038890 3.888985
19 -1.097626 9.762620
19 -1.073947 7.394685
19 -1.097387 9.738729
8 -1.092266 9.226579
19 -1.095259 9.525940
12 -1.046295 4.629469
12 -1.053871 5.387090
22 -1.054369 5.436877
22 -1.041606 4.160551
22 -1.083310 8.330993
12 -1.091614 9.161377
17 -1.043114 4.311381
12 -1.073271 7.327124
15 -1.082531 8.253126
15 -1.031721 3.172077
24 -1.087318 8.731803
24 -1.065981 6.598128
24 -1.026367 2.636723
12 -1.075730 7.573038
19 -1.065745 6.574525
19 -1.057378 5.737818
15 -1.068572 6.857196
15 -1.084444 8.444435
17 -1.045844 4.584406
26 -1.095285 9.528458
17 -1.040860 4.085971
22 -1.022006 2.200622
15 -1.063406 6.340619
15 -1.055013 5.501276
15 -1.086369 8.636881
17 -1.091637 9.163681
17 -1.090156 9.015584
15 -1.090824 9.082368
17 -1.048918 4.891839
21 -1.054466 5.446616
19 -1.034497 3.449708
12 -1.035874 3.587441
12 -1.058177 5.817717
22 -1.057192 5.719163
17 -1.055137 5.513703
17 -1.073955 7.395458
17 -1.027235 2.723541
19 -1.074580 7.458039
8 -1.079599 7.959941
17 -1.087441 8.744097
12 -1.041319 4.131934
19 -1.049328 4.932846
22 -1.050912 5.091238
12 -1.036618 3.661803
19 -1.059302 5.930168
12 -1.094424 9.442417
19 -1.034406 3.440638
19 -1.026396 2.639592
19 -1.054946 5.494608
17 -1.058481 5.848072
15 -1.020354 2.035400
22 -1.031083 3.108302
15 -1.097743 9.774302
24 -1.057826 5.782595
17 -1.071811 7.181147
17 -1.041177 4.117736
12 -1.059942 5.994233
12 -1.076402 7.640213
26 -1.031308 3.130811
24 -1.036704 3.670362
17 -1.092236 9.223641
15 -1.031631 3.163087
22 -1.039730 3.973043
19 -1.043898 4.389824
17 -1.072049 7.204926
17 -1.082523 8.252306
22 -1.046876 4.687555
12 -1.032073 3.207261
19 -1.066033 6.603332
17 -1.064503 6.450291
19 -1.078813 7.881343
12 -1.081426 8.142632
17 -1.054148 5.414765
15 -1.027876 2.787647
15 -1.069765 6.976472
22 -1.056799 5.679890
19 -1.036460 3.645974
15 -1.067612 6.761226
19 -1.048440 4.843974
17 -1.051490 5.148952
15 -1.068352 6.835180
17 -1.091411 9.141079
17 -1.071957 7.195662
24 -1.036603 3.660289
19 -1.069176 6.917629
17 -1.045079 4.507862
22 -1.051606 5.160647
22 -1.070592 7.059221
12 -1.084775 8.477531
19 -1.056166 5.616637
17 -1.092894 9.289448
19 -1.086707 8.670689
17 -1.097306 9.730552
15 -1.085297 8.529651
19 -1.064935 6.493474
17 -1.075859 7.585937
22 -1.075759 7.575884
15 -1.083395 8.339462
19 -1.065371 6.537053
17 -1.076346 7.634580
15 -1.060237 6.023718
26 -1.020525 2.052497
15 -1.073932 7.393222
19 -1.092652 9.265210
19 -1.042467 4.246687
12 -1.092121 9.212063
24 -1.048119 4.811873
12 -1.024703 2.470333
19 -1.096120 9.611963
12 -1.053341 5.334102
19 -1.058199 5.819920
12 -1.075157 7.515740
12 -1.099538 9.953797
17 -1.041283 4.128326
17 -1.072676 7.267623
15 -1.078282 7.828232
15 -1.072758 7.275785
19 -1.078793 7.879256
17 -1.033871 3.387109
36 -1.023296 2.329600
10 -1.097710 9.770981
15 -1.084228 8.422827
17 -1.074704 7.470433
12 -1.097346 9.734559
17 -1.082458 8.245800
17 -1.055140 5.513995
15 -1.065628 6.562835
12 -1.027167 2.716689
19 -1.088889 8.888877
19 -1.039020 3.902001
12 -1.089674 8.967408
26 -1.071432 7.143198
15 -1.064721 6.472106
19 -1.052441 5.244065
19 -1.074683 7.468252
22 -1.040242 4.024219
15 -1.089550 8.955021
19 -1.059696 5.969587
22 -1.042605 4.260471
19 -1.052669 5.266913
19 -1.039682 3.968227
24 -1.056640 5.663992
19 -1.068489 6.848949
19 -1.051003 5.100251
15 -1.067495 6.749492
19 -1.045731 4.573068
19 -1.041216 4.121556
22 -1.095899 9.589853
17 -1.049350 4.935023
18 -1.098249 9.824877
22 -1.033071 3.307131
22 -1.033489 3.348922
22 -1.093429 9.342901
19 -1.089930 8.992965
19 -1.026810 2.680985
22 -1.040176 4.017586
22 -1.030465 3.046485
