13 -0.263550 5.419959
24 -0.267170 6.867941
27 -0.267131 6.852226
32 -0.274474 9.789497
33 -0.260432 4.172663
35 -0.273844 9.537651
35 -0.274161 9.664580
35 -0.263946 5.578530
36 -0.250009 0.003523
37 -0.272952 9.180801
39 -0.250004 0.001497
40 -0.270733 8.293336
13 -0.250058 0.023030
43 -0.270238 8.095201
43 -0.271797 8.718710
43 -0.267501 7.000582
45 -0.274429 9.771797
45 -0.272656 9.062292
45 -0.272414 8.965579
47 -0.271093 8.437286
48 -0.258741 3.496523
48 -0.265292 6.116717
48 -0.259599 3.839510
49 -0.273411 9.364363
51 -0.274124 9.649505
51 -0.257487 2.994953
51 -0.270665 8.265840
51 -0.273462 9.384972
23 -0.258405 3.362127
52 -0.252313 0.925362
52 -0.274128 9.651107
52 -0.255327 2.130619
52 -0.272807 9.122825
53 -0.263535 5.414139
53 -0.270391 8.156266
53 -0.250628 0.251376
55 -0.272971 9.188510
55 -0.260012 4.004738
55 -0.272216 8.886455
55 -0.262643 5.057074
56 -0.269785 7.914147
56 -0.251506 0.602455
56 -0.272763 9.105320
57 -0.273619 9.447411
21 -0.272249 8.899763
59 -0.261068 4.427251
60 -0.274373 9.749330
58 -0.251082 0.432642
61 -0.268089 7.235423
35 -0.264068 5.627352
55 -0.264199 5.679583
64 -0.271094 8.437463
13 -0.255649 2.259618
67 -0.270315 8.126045
40 -0.272938 9.175205
37 -0.254874 1.949705
27 -0.271770 8.707818
55 -0.266159 6.463671
32 -0.267215 6.885884
35 -0.272390 8.956024
52 -0.273746 9.498522
31 -0.267454 6.981751
44 -0.264468 5.787084
31 -0.250232 0.092673
32 -0.269174 7.669661
28 -0.271620 8.647850
44 -0.252929 1.171795
53 -0.270847 8.338648
40 -0.256951 2.780586
11 -0.260439 4.175788
48 -0.274766 9.906377
45 -0.272452 8.980755
55 -0.271760 8.704089
47 -0.274116 9.646367
49 -0.271393 8.557063
52 -0.271095 8.438166
44 -0.274935 9.973959
44 -0.271449 8.579439
52 -0.270523 8.209124
47 -0.274031 9.612387
64 -0.270037 8.014865
49 -0.271789 8.715503
49 -0.273147 9.258686
39 -0.273967 9.586738
28 -0.262921 5.168321
41 -0.269246 7.698261
49 -0.273381 9.352387
49 -0.251821 0.728255
44 -0.258260 3.303934
53 -0.268222 7.288944
48 -0.262913 5.165249
52 -0.264429 5.771410
53 -0.271479 8.591566
55 -0.274702 9.880794
53 -0.265717 6.286647
39 -0.271042 8.416801
60 -0.272299 8.919426
53 -0.270371 8.148265
45 -0.268286 7.314588
72 -0.272358 8.943025
59 -0.265128 6.051040
55 -0.270346 8.138587
63 -0.272938 9.175080
32 -0.274019 9.607450
47 -0.269203 7.681112
45 -0.273190 9.275885
55 -0.268205 7.281976
45 -0.267566 7.026544
55 -0.252608 1.043059
52 -0.271915 8.766049
47 -0.274927 9.970774
36 -0.252675 1.070111
31 -0.273102 9.240826
19 -0.269524 7.809681
44 -0.272931 9.172410
61 -0.273836 9.534486
33 -0.266601 6.640397
61 -0.265276 6.110574
59 -0.253363 1.345379
47 -0.267387 6.954710
33 -0.266601 6.640414
47 -0.267338 6.935029
44 -0.267370 6.947812
57 -0.262685 5.073884
32 -0.274422 9.768674
61 -0.272194 8.877430
33 -0.262903 5.161163
49 -0.252304 0.921465
48 -0.267658 7.063187
45 -0.263056 5.222565
48 -0.274721 9.888535
49 -0.268932 7.572731
20 -0.262378 4.951327
40 -0.269269 7.707564
71 -0.271210 8.484185
52 -0.250030 0.012095
60 -0.272441 8.976378
52 -0.272329 8.931598
24 -0.261093 4.437052
47 -0.266543 6.617219
59 -0.258128 3.251078
13 -0.272905 9.161819
47 -0.271650 8.660002
50 -0.274028 9.611107
67 -0.259952 3.980904
60 -0.274751 9.900416
47 -0.273833 9.533315
55 -0.261347 4.538615
69 -0.274120 9.648185
52 -0.273077 9.230906
73 -0.273646 9.458240
55 -0.271648 8.659220
60 -0.269602 7.840881
21 -0.250532 0.212787
27 -0.264068 5.627282
68 -0.266123 6.449249
56 -0.272450 8.980173
48 -0.257701 3.080254
29 -0.273449 9.379659
39 -0.272716 9.086538
52 -0.253437 1.374972
16 -0.262728 5.091023
31 -0.270296 8.118547
29 -0.274422 9.768851
59 -0.259616 3.846508
36 -0.251357 0.542663
59 -0.255883 2.353263
57 -0.262971 5.188467
55 -0.269909 7.963431
60 -0.272330 8.932019
30 -0.251826 0.730344
31 -0.273433 9.373318
44 -0.272029 8.811444
55 -0.252456 0.982519
41 -0.267766 7.106581
49 -0.273333 9.333303
43 -0.267216 6.886438
65 -0.261066 4.426303
51 -0.274280 9.712108
56 -0.273463 9.385125
46 -0.262564 5.025652
52 -0.274729 9.891672
44 -0.251002 0.400926
29 -0.273989 9.595582
39 -0.265461 6.184454
63 -0.253317 1.326953
44 -0.271853 8.741022
53 -0.274910 9.964031
52 -0.267368 6.947399
44 -0.258856 3.542493
45 -0.274285 9.713989
39 -0.268682 7.472919
49 -0.274803 9.921095
59 -0.272686 9.074485
67 -0.273692 9.476604
63 -0.268589 7.435766
61 -0.274063 9.625206
63 -0.268087 7.234880
63 -0.273166 9.266266
65 -0.271887 8.754715
