10 -1.093327 9.332742
11 -1.058830 5.883036
12 -1.066981 6.698109
13 -1.048497 4.849683
13 -1.036852 3.685156
13 -1.079401 7.940140
13 -1.086342 8.634152
13 -1.038518 3.851807
13 -1.080875 8.087484
13 -1.094665 9.466528
14 -1.094850 9.484987
14 -1.079155 7.915544
14 -1.066060 6.605991
14 -1.051874 5.187389
14 -1.034781 3.478069
15 -1.092702 9.270216
15 -1.054579 5.457921
15 -1.048718 4.871786
15 -1.063711 6.371089
15 -1.059376 5.937649
15 -1.033661 3.366075
15 -1.069489 6.948944
16 -1.087149 8.714909
16 -1.052313 5.231315
16 -1.056999 5.699945
17 -1.037751 3.775068
17 -1.046015 4.601549
17 -1.097823 9.782333
17 -1.037319 3.731886
17 -1.088694 8.869437
18 -1.095301 9.530082
18 -1.040953 4.095306
18 -1.053866 5.386626
18 -1.035115 3.511462
18 -1.061870 6.186988
19 -1.072076 7.207584
19 -1.040999 4.099923
12 -1.091594 9.159402
12 -1.067860 6.786023
20 -1.096157 9.615654
11 -1.083060 8.306034
13 -1.067399 6.739890
13 -1.066647 6.664717
21 -1.081324 8.132421
21 -1.068608 6.860825
21 -1.041103 4.110343
14 -1.068380 6.837962
15 -1.089067 8.906726
13 -1.091883 9.188313
14 -1.042206 4.220614
15 -1.042881 4.288141
16 -1.080464 8.046423
23 -1.073243 7.324262
15 -1.051910 5.190989
14 -1.069053 6.905339
14 -1.073800 7.379988
17 -1.067117 6.711654
13 -1.090016 9.001603
17 -1.062623 6.262314
14 -1.079757 7.975693
13 -1.080624 8.062407
17 -1.056480 5.647997
15 -1.039921 3.992093
18 -1.075152 7.515166
failed to find solution after reaching max emtpy limit -- 20 iterations and 14 function evals
18 -1.041275 4.127530
13 -1.035982 3.598242
17 -1.051945 5.194529
17 -1.035571 3.557097
14 -1.093629 9.362918
14 -1.093039 9.303873
failed to find solution after reaching max emtpy limit -- 21 iterations and 15 function evals
14 -1.083316 8.331611
15 -1.059070 5.906956
18 -1.081899 8.189874
failed to find solution after reaching max emtpy limit -- 22 iterations and 16 function evals
16 -1.036948 3.694838
13 -1.089446 8.944625
12 -1.049192 4.919226
19 -1.055506 5.550573
failed to find solution after reaching max emtpy limit -- 23 iterations and 17 function evals
24 -1.099312 9.931152
13 -1.063510 6.350968
11 -1.073019 7.301940
failed to find solution after reaching max emtpy limit -- 25 iterations and 19 function evals
12 -1.080504 8.050360
14 -1.042489 4.248905
17 -1.050075 5.007533
13 -1.083551 8.355051
22 -1.078616 7.861622
10 -1.075854 7.585431
16 -1.054665 5.466452
17 -1.038082 3.808215
20 -1.066740 6.674014
failed to find solution after reaching max emtpy limit -- 23 iterations and 17 function evals
22 -1.069179 6.917879
11 -1.049802 4.980224
14 -1.077364 7.736426
11 -1.058212 5.821230
12 -1.069970 6.996976
13 -1.082479 8.247892
18 -1.032401 3.240060
14 -1.077874 7.787392
19 -1.056618 5.661832
13 -1.047329 4.732877
15 -1.087381 8.738098
10 -1.070485 7.048513
13 -1.038969 3.896938
14 -1.095818 9.581777
failed to find solution after reaching max emtpy limit -- 21 iterations and 15 function evals
22 -1.059953 5.995263
14 -1.069238 6.923835
failed to find solution after reaching max emtpy limit -- 31 iterations and 25 function evals
failed to find solution after reaching max emtpy limit -- 23 iterations and 17 function evals
failed to find solution after reaching max emtpy limit -- 27 iterations and 21 function evals
19 -1.073732 7.373153
18 -1.056173 5.617256
13 -1.063899 6.389907
failed to find solution after reaching max emtpy limit -- 26 iterations and 20 function evals
18 -1.083289 8.328868
18 -1.044649 4.464905
11 -1.096687 9.668741
15 -1.039090 3.908981
13 -1.046210 4.621011
15 -1.060032 6.003166
15 -1.070898 7.089846
14 -1.034710 3.470972
15 -1.076318 7.631823
11 -1.050741 5.074133
16 -1.058433 5.843337
failed to find solution after reaching max emtpy limit -- 24 iterations and 18 function evals
failed to find solution after reaching max emtpy limit -- 24 iterations and 18 function evals
13 -1.064888 6.488820
failed to find solution after reaching max emtpy limit -- 17 iterations and 11 function evals
18 -1.065762 6.576170
15 -1.091301 9.130148
21 -1.051631 5.163091
18 -1.040278 4.027840
19 -1.095463 9.546295
failed to find solution after reaching max emtpy limit -- 26 iterations and 20 function evals
13 -1.044983 4.498305
13 -1.051653 5.165284
14 -1.085620 8.562023
22 -1.067191 6.719107
17 -1.077425 7.742509
14 -1.041348 4.134787
failed to find solution after reaching max emtpy limit -- 19 iterations and 13 function evals
21 -1.068862 6.886236
13 -1.099980 9.997964
13 -1.035955 3.595466
16 -1.051143 5.114287
13 -1.074640 7.463997
15 -1.040140 4.013958
15 -1.047521 4.752134
19 -1.044647 4.464715
17 -1.068100 6.809989
18 -1.053265 5.326520
17 -1.073258 7.325816
11 -1.081608 8.160764
18 -1.058768 5.876761
11 -1.058537 5.853687
failed to find solution after reaching max emtpy limit -- 26 iterations and 15 function evals
15 -1.072413 7.241337
12 -1.051874 5.187445
18 -1.048232 4.823200
13 -1.050883 5.088289
13 -1.049085 4.908526
19 -1.032126 3.212642
failed to find solution after reaching max emtpy limit -- 23 iterations and 17 function evals
12 -1.080746 8.074609
14 -1.037121 3.712105
12 -1.043414 4.341401
13 -1.086819 8.681898
20 -1.056712 5.671163
14 -1.052566 5.256619
15 -1.064678 6.467835
15 -1.078196 7.819636
14 -1.046774 4.677417
20 -1.069530 6.953026
14 -1.057880 5.788014
failed to find solution after reaching max emtpy limit -- 37 iterations and 22 function evals
failed to find solution after reaching max emtpy limit -- 20 iterations and 14 function evals
16 -1.048699 4.869924
36 -1.082128 8.212816
failed to find solution after reaching max emtpy limit -- 23 iterations and 17 function evals
20 -1.041054 4.105433
21 -1.083728 8.372833
failed to find solution after reaching max emtpy limit -- 23 iterations and 17 function evals
failed to find solution after reaching max emtpy limit -- 19 iterations and 13 function evals
failed to find solution after reaching max emtpy limit -- 19 iterations and 13 function evals
27 -1.054886 5.488624
failed to find solution after reaching max emtpy limit -- 26 iterations and 20 function evals
24 -1.091262 9.126223
failed to find solution after reaching max emtpy limit -- 21 iterations and 15 function evals
failed to find solution after reaching max emtpy limit -- 21 iterations and 15 function evals
failed to find solution after reaching max emtpy limit -- 25 iterations and 18 function evals
failed to find solution after reaching max emtpy limit -- 22 iterations and 16 function evals
failed to find solution after reaching max emtpy limit -- 27 iterations and 21 function evals
failed to find solution after reaching max emtpy limit -- 25 iterations and 19 function evals
failed to find solution after reaching max emtpy limit -- 30 iterations and 24 function evals
