11 -1.046911 4.691053
19 -1.077538 7.753804
13 -1.037699 3.769907
13 -1.069528 6.952843
13 -1.038873 3.887304
26 -1.046374 4.637423
13 -1.059056 5.905592
20 -1.075995 7.599525
19 -1.045302 4.530170
23 -1.094554 9.455401
15 -1.076484 7.648449
15 -1.086339 8.633900
12 -1.049202 4.920188
15 -1.048981 4.898103
28 -1.063825 6.382478
25 -1.046596 4.659633
23 -1.074397 7.439666
24 -1.033166 3.316625
27 -1.056985 5.698459
27 -1.068911 6.891053
28 -1.078307 7.830740
28 -1.058019 5.801944
16 -1.029496 2.949582
16 -1.030564 3.056358
35 -1.089587 8.958651
30 -1.062528 6.252778
35 -1.062579 6.257894
34 -1.093966 9.396566
31 -1.057114 5.711388
33 -1.068821 6.882141
36 -1.074846 7.484594
34 -1.043396 4.339602
35 -1.058458 5.845792
35 -1.066440 6.644047
8 -1.056637 5.663676
38 -1.047085 4.708485
19 -1.069668 6.966815
42 -1.088408 8.840803
41 -1.032938 3.293752
20 -1.092284 9.228441
43 -1.043709 4.370915
44 -1.030792 3.079183
16 -1.099541 9.954111
46 -1.043760 4.376032
26 -1.084068 8.406841
15 -1.071733 7.173292
16 -1.045046 4.504614
53 -1.088315 8.831513
39 -1.060079 6.007939
24 -1.087906 8.790646
11 -1.071674 7.167388
54 -1.028200 2.820008
25 -1.094361 9.436112
58 -1.068241 6.824130
25 -1.084921 8.492059
25 -1.094301 9.430143
15 -1.099240 9.924048
15 -1.075649 7.564861
13 -1.085404 8.540415
27 -1.054156 5.415647
16 -1.055979 5.597896
34 -1.082505 8.250514
21 -1.068194 6.819412
42 -1.098041 9.804120
26 -1.045421 4.542141
29 -1.047279 4.727873
30 -1.082868 8.286792
72 -1.072140 7.213995
38 -1.090249 9.024928
34 -1.031148 3.114787
15 -1.075895 7.589451
19 -1.091543 9.154322
36 -1.039682 3.968227
28 -1.070473 7.047310
32 -1.096138 9.613806
15 -1.056580 5.658008
47 -1.048748 4.874831
12 -1.097772 9.777159
17 -1.062064 6.206367
52 -1.078464 7.846377
32 -1.051159 5.115910
40 -1.048435 4.843498
19 -1.029842 2.984242
21 -1.037080 3.707996
13 -1.048837 4.883721
13 -1.043740 4.374030
45 -1.092175 9.217507
83 -1.064998 6.499802
22 -1.097421 9.742089
33 -1.065413 6.541325
52 -1.042572 4.257203
40 -1.099920 9.991985
37 -1.044254 4.425404
49 -1.033442 3.344209
25 -1.042666 4.266606
25 -1.058447 5.844716
13 -1.057546 5.754604
21 -1.058710 5.871019
15 -1.057882 5.788173
36 -1.054241 5.424075
34 -1.028508 2.850808
32 -1.034959 3.495872
49 -1.031359 3.135926
9 -1.049176 4.917645
19 -1.087266 8.726619
33 -1.033790 3.378954
13 -1.081025 8.102496
20 -1.053265 5.326541
21 -1.057400 5.740005
45 -1.084252 8.425210
45 -1.033607 3.360654
24 -1.063136 6.313634
20 -1.072501 7.250081
33 -1.028623 2.862335
12 -1.057161 5.716088
44 -1.043962 4.396172
16 -1.097960 9.796050
16 -1.065849 6.584880
29 -1.035077 3.507710
27 -1.076304 7.630392
29 -1.027536 2.753551
15 -1.075298 7.529775
36 -1.045687 4.568735
27 -1.056006 5.600556
19 -1.049668 4.966770
33 -1.033833 3.383263
40 -1.063157 6.315651
16 -1.070320 7.032032
44 -1.028038 2.803817
22 -1.037754 3.775369
29 -1.075311 7.531082
24 -1.071200 7.120001
57 -1.031396 3.139581
26 -1.037092 3.709195
33 -1.027158 2.715822
38 -1.055171 5.517067
16 -1.082989 8.298925
40 -1.092590 9.258983
30 -1.029012 2.901175
11 -1.070279 7.027933
31 -1.038566 3.856568
37 -1.047686 4.768591
34 -1.055268 5.526754
11 -1.068353 6.835347
29 -1.046745 4.674469
51 -1.031896 3.189594
37 -1.066368 6.636752
36 -1.081201 8.120074
30 -1.046765 4.676541
9 -1.059362 5.936234
25 -1.062841 6.284075
42 -1.097037 9.703748
28 -1.043228 4.322801
13 -1.058418 5.841830
35 -1.038869 3.886908
23 -1.041132 4.113212
19 -1.056883 5.688273
16 -1.089627 8.962722
44 -1.027763 2.776291
16 -1.034892 3.489162
42 -1.045371 4.537126
36 -1.050699 5.069923
22 -1.044342 4.434242
12 -1.039770 3.977001
19 -1.040659 4.065919
41 -1.036855 3.685524
27 -1.069529 6.952922
55 -1.039586 3.958589
25 -1.038469 3.846937
25 -1.032454 3.245381
55 -1.034830 3.483041
26 -1.035977 3.597727
19 -1.068034 6.803428
25 -1.050224 5.022438
56 -1.086633 8.663342
11 -1.092339 9.233938
47 -1.028634 2.863442
44 -1.043293 4.329258
23 -1.070545 7.054478
32 -1.099263 9.926261
47 -1.058219 5.821905
28 -1.090416 9.041624
82 -1.067258 6.725782
45 -1.074065 7.406541
40 -1.077351 7.735128
33 -1.041592 4.159250
44 -1.032809 3.280898
53 -1.034339 3.433929
46 -1.085874 8.587388
59 -1.092092 9.209238
42 -1.077419 7.741875
51 -1.077783 7.778312
43 -1.051098 5.109768
63 -1.032637 3.263727
80 -1.029661 2.966065
60 -1.051117 5.111715
64 -1.034041 3.404145
60 -1.048793 4.879309
58 -1.055705 5.570518
76 -1.035644 3.564448
