18 -6.294438 4.907297
26 -6.504231 8.403855
37 -6.347291 5.788183
38 -6.524596 8.743260
41 -6.586211 9.770186
41 -6.242124 4.035406
42 -6.512537 8.542275
42 -6.420709 7.011819
42 -6.451012 7.516869
42 -6.385686 6.428101
42 -6.323418 5.390302
42 -6.385318 6.421975
43 -6.322747 5.379116
43 -6.336565 5.609423
43 -6.351592 5.859862
44 -6.418120 6.968665
44 -6.499367 8.322777
44 -6.470889 7.848150
46 -6.396645 6.610747
46 -6.301302 5.021693
47 -6.272164 4.536062
47 -6.440282 7.338033
48 -6.522077 8.701287
48 -6.302442 5.040706
48 -6.451397 7.523282
49 -6.510015 8.500251
49 -6.489324 8.155398
49 -6.469446 7.824107
49 -6.498905 8.315076
50 -6.446006 7.433440
50 -6.298056 4.967606
50 -6.251581 4.193009
50 -6.266918 4.448634
52 -6.291895 4.864920
53 -6.294679 4.911317
53 -6.340940 5.682326
53 -6.289848 4.830797
54 -6.224692 3.744867
54 -6.586324 9.772068
54 -6.341951 5.699177
54 -6.297941 4.965690
55 -6.196161 3.269356
55 -6.474150 7.902499
55 -6.314465 5.241084
55 -6.319684 5.328074
56 -6.460784 7.679730
47 -6.337806 5.630103
59 -6.326533 5.442217
44 -6.461637 7.693947
67 -6.149454 2.490904
34 -6.499462 8.324364
40 -6.548651 9.144180
38 -6.432645 7.210752
29 -6.461401 7.690010
44 -6.440523 7.342056
43 -6.560369 9.339484
46 -6.549015 9.150251
38 -6.552020 9.200325
46 -6.543565 9.059409
48 -6.372984 6.216404
49 -6.470612 7.843540
49 -6.427200 7.119999
48 -6.475042 7.917375
37 -6.588354 9.805895
56 -6.417088 6.951466
44 -6.517672 8.627862
44 -6.358211 5.970178
41 -6.451309 7.521815
46 -6.307144 5.119063
48 -6.405843 6.764056
41 -6.356838 5.947294
43 -6.499541 8.325680
47 -6.519506 8.658439
53 -6.376471 6.274513
44 -6.309821 5.163682
52 -6.200404 3.340073
52 -6.307551 5.125854
58 -6.236711 3.945184
49 -6.335796 5.596599
52 -6.421612 7.026866
59 -6.303047 5.050786
56 -6.539026 8.983763
53 -6.469114 7.818570
50 -6.277596 4.626601
47 -6.353652 5.894201
47 -6.302672 5.044531
54 -6.307428 5.123796
52 -6.277317 4.621954
47 -6.530649 8.844151
49 -6.222606 3.710100
48 -6.295855 4.930918
46 -6.380976 6.349593
53 -6.497810 8.296833
58 -6.173335 2.888919
49 -6.415425 6.923754
38 -6.556486 9.274770
55 -6.442317 7.371947
46 -6.282026 4.700431
40 -6.541332 9.022203
38 -6.400113 6.668550
32 -6.540459 9.007652
41 -6.540328 9.005459
36 -6.585052 9.750861
44 -6.382722 6.378700
32 -6.588675 9.811243
42 -6.395385 6.589746
40 -6.542947 9.049122
49 -6.486903 8.115044
60 -6.386996 6.449941
47 -6.392544 6.542394
38 -6.458016 7.633601
41 -6.374847 6.247455
44 -6.554187 9.236445
50 -6.470933 7.848876
58 -6.353464 5.891074
36 -6.583953 9.732549
47 -6.479553 7.992542
48 -6.414042 6.900704
41 -6.421764 7.029403
40 -6.562130 9.368829
50 -6.464409 7.740145
38 -6.588314 9.805228
37 -6.427988 7.133126
48 -6.581775 9.696242
44 -6.497496 8.291606
42 -6.587221 9.787015
48 -6.351420 5.856997
38 -6.502868 8.381140
43 -6.394338 6.572295
50 -6.590228 9.837137
42 -6.450489 7.508152
40 -6.241281 4.021349
55 -6.208710 3.478498
48 -6.363389 6.056482
50 -6.395858 6.597641
52 -6.256042 4.267361
53 -6.226254 3.770902
55 -6.479998 7.999973
58 -6.449574 7.492892
54 -6.496570 8.276170
48 -6.431504 7.191730
59 -6.319155 5.319246
49 -6.231444 3.857404
53 -6.268808 4.480134
61 -6.246451 4.107517
52 -6.404661 6.744352
16 -6.460199 7.669981
44 -6.580528 9.675460
59 -6.281164 4.686074
44 -6.304234 5.070571
36 -6.545505 9.091743
43 -6.504264 8.404397
50 -6.461714 7.695229
42 -6.477052 7.950863
37 -6.542401 9.040018
37 -6.409009 6.816813
43 -6.372175 6.202910
43 -6.320828 5.347127
42 -6.380221 6.337022
42 -6.430356 7.172599
41 -6.354986 5.916426
46 -6.371069 6.184489
50 -6.331651 5.527524
42 -6.303854 5.064225
58 -6.416053 6.934224
48 -6.447536 7.458930
46 -6.328675 5.477920
42 -6.557383 9.289714
52 -6.351175 5.852910
44 -6.478279 7.971311
53 -6.368899 6.148312
44 -6.523312 8.721865
47 -6.370179 6.169650
52 -6.578214 9.636905
50 -6.495552 8.259206
56 -6.249855 4.164253
52 -6.317199 5.286646
36 -6.579579 9.659643
50 -6.493274 8.221230
47 -6.476836 7.947259
42 -6.578020 9.633665
44 -6.300657 5.010951
55 -6.306109 5.101818
54 -6.315097 5.251612
47 -6.357307 5.955119
48 -6.309633 5.160557
53 -6.190329 3.172157
48 -6.299563 4.992716
44 -6.460584 7.676395
44 -6.552592 9.209873
52 -6.548099 9.134975
43 -6.387364 6.456074
48 -6.318470 5.307834
55 -6.415523 6.925381
58 -6.360961 6.016013
48 -6.394169 6.569483
62 -6.235243 3.920721
48 -6.413571 6.892849
59 -6.411940 6.865674
61 -6.208863 3.481051
