11 3182.708546 7.907739
13 3156.152819 8.676134
12 3220.607964 6.811112
13 3198.963045 7.437412
13 3372.353028 2.420341
13 3276.242773 5.201309
13 3274.103176 5.263218
14 3322.067909 3.875350
15 3390.325370 1.900308
14 3372.893025 2.404716
15 3170.516081 8.260530
14 3151.792825 8.802291
15 3399.573583 1.632709
15 3434.979805 0.608223
15 3227.928141 6.599301
15 3232.772757 6.459122
15 3202.572410 7.332974
15 3388.023028 1.966926
17 3410.285233 1.322765
17 3390.882384 1.884190
17 3321.176953 3.901130
16 3302.211633 4.449895
17 3136.070993 9.257205
17 3398.697448 1.658060
11 3164.819961 8.425348
17 3242.376961 6.181222
17 3400.358465 1.609998
11 3176.268763 8.094075
17 3311.156818 4.191064
17 3304.310490 4.389164
20 3184.831713 7.846305
17 3378.990213 2.228292
18 3151.179384 8.820041
19 3320.424785 3.922894
19 3258.307423 5.720271
15 3297.517437 4.585722
13 3202.453386 7.336418
19 3352.004239 3.009137
18 3188.220494 7.748250
18 3351.097076 3.035386
18 3429.582953 0.764382
19 3429.782626 0.758605
18 3180.434791 7.973530
18 3399.942817 1.622025
19 3311.091576 4.192952
22 3266.711414 5.477100
22 3407.564467 1.401491
22 3297.611315 4.583006
17 3356.375559 2.882652
13 3134.300508 9.308434
22 3428.952372 0.782628
11 3231.124378 6.506818
17 3437.800921 0.526594
22 3212.847663 7.035658
15 3414.791385 1.192379
24 3373.981289 2.373227
24 3233.266752 6.444828
15 3200.464021 7.393981
17 3320.265562 3.927501
17 3190.790405 7.673889
13 3151.318866 8.816005
18 3418.558806 1.083368
17 3128.789475 9.467897
16 3438.525039 0.505641
15 3293.487807 4.702320
19 3351.789399 3.015353
15 3185.832425 7.817349
16 3424.198576 0.920180
19 3364.849935 2.637444
17 3304.722455 4.377244
17 3327.984790 3.704144
17 3283.623213 4.987754
15 3181.437572 7.944515
15 3273.832593 5.271048
15 3333.383032 3.547945
19 3277.555525 5.163324
17 3315.884296 4.054274
19 3434.787989 0.613773
23 3279.548788 5.105648
19 3399.594535 1.632103
13 3168.967847 8.305328
17 3369.221850 2.510942
17 3340.719789 3.335654
24 3366.808064 2.580785
17 3379.313898 2.218927
23 3410.407545 1.319226
19 3306.022177 4.339636
22 3451.800185 0.121522
16 3417.436994 1.115828
16 3422.548933 0.967913
22 3182.854909 7.903504
17 3352.140466 3.005195
17 3421.386278 1.001554
22 3250.083335 5.958237
17 3169.638621 8.285920
20 3334.079046 3.527805
11 3176.082719 8.099458
17 3220.148340 6.824411
15 3134.266156 9.309428
19 3349.460862 3.082730
15 3274.013333 5.265818
15 3416.951133 1.129886
19 3418.397278 1.088042
21 3353.345123 2.970338
19 3135.685648 9.268355
16 3231.129427 6.506672
17 3286.570406 4.902477
17 3392.873164 1.826587
15 3376.693892 2.294737
13 3148.948598 8.884589
16 3152.272312 8.788417
19 3357.311689 2.855565
16 3357.305334 2.855748
18 3309.629012 4.235272
19 3392.307191 1.842963
15 3171.921028 8.219878
17 3286.504944 4.904371
16 3156.788711 8.657734
24 3420.257515 1.034215
21 3442.856741 0.380303
11 3393.657184 1.803901
17 3406.605287 1.429245
13 3152.444712 8.783428
16 3326.203171 3.755695
17 3287.673090 4.870570
17 3417.531470 1.113094
19 3180.485579 7.972061
19 3398.776244 1.655780
17 3145.485359 8.984799
19 3374.199558 2.366911
11 3192.150493 7.634534
19 3219.668276 6.838302
18 3335.704920 3.480760
17 3116.210674 9.831867
20 3437.762627 0.527702
17 3297.289899 4.592306
13 3216.547354 6.928607
14 3248.904349 5.992351
19 3373.279640 2.393529
16 3389.102048 1.935705
22 3142.433226 9.073113
15 3358.152213 2.831244
17 3332.272565 3.580076
15 3261.619108 5.624447
21 3378.998199 2.228061
15 3331.874195 3.591603
20 3353.280899 2.972196
17 3341.872791 3.302292
22 3422.554211 0.967760
15 3186.071766 7.810423
17 3179.066954 8.013109
19 3339.389299 3.374152
17 3138.721432 9.180514
15 3292.262378 4.737778
17 3394.987128 1.765419
15 3232.836462 6.457278
13 3185.899447 7.815410
15 3152.814620 8.772725
13 3292.203446 4.739484
18 3182.538735 7.912652
18 3205.243454 7.255687
13 3193.577795 7.593235
19 3344.480822 3.226828
22 3340.712658 3.335861
19 3174.186203 8.154334
16 3431.319340 0.714139
22 3150.768277 8.831936
18 3368.134389 2.542408
19 3309.723559 4.232536
17 3264.584091 5.538655
18 3394.040426 1.792812
22 3404.294358 1.496112
15 3399.172434 1.644316
15 3273.043613 5.293877
22 3305.094645 4.366474
13 3251.873813 5.906429
24 3426.334677 0.858372
17 3159.513353 8.578896
19 3436.607120 0.561137
19 3358.943209 2.808356
17 3163.560985 8.461777
15 3236.548632 6.349866
14 3280.718138 5.071813
19 3385.517747 2.039417
19 3389.985725 1.910135
17 3343.737482 3.248337
18 3183.279835 7.891208
16 3331.892501 3.591073
17 3402.326671 1.553048
17 3362.888616 2.694195
17 3322.653183 3.858415
19 3314.282804 4.100613
22 3215.882723 6.947838
24 3430.174698 0.747260
23 3352.582468 2.992405
18 3234.081255 6.421260
18 3180.112257 7.982863
19 3293.214918 4.710216
21 3442.368942 0.394417
21 3427.953211 0.811539
