15 14.432562 3.782919
16 14.649394 2.337372
16 14.415741 3.895058
17 13.612207 9.251956
17 14.502629 3.315809
18 14.085637 6.095752
18 14.234865 5.100901
18 14.587565 2.749567
19 14.833910 1.107269
19 14.369388 4.204081
19 13.517104 9.885973
20 14.247380 5.017467
16 14.132993 5.780050
20 14.901048 0.659678
20 14.662280 2.251464
20 13.664551 8.902992
20 14.411497 3.923350
20 14.454185 3.638766
21 14.918982 0.540117
21 14.337758 4.414947
21 14.472074 3.519509
21 14.915103 0.565978
21 14.067981 6.213459
22 14.437617 3.749219
19 14.561719 2.921875
22 14.145938 5.693749
22 14.619205 2.538635
22 14.827008 1.153277
22 14.557745 2.948365
19 14.099653 6.002315
22 14.669594 2.202704
22 14.159122 5.605855
23 14.010284 6.598107
23 13.819193 7.872046
24 14.460993 3.593381
23 14.022076 6.519495
23 14.789441 1.403729
23 14.719273 1.871511
23 14.724953 1.833645
17 14.215871 5.227530
19 13.929484 7.136775
24 14.244172 5.038850
24 14.523774 3.174840
24 14.330158 4.465616
24 14.031148 6.459014
24 14.760240 1.598403
24 14.343944 4.373706
25 14.615326 2.564495
17 13.754492 8.303389
25 14.575708 2.828614
25 14.610332 2.597785
25 13.867087 7.552751
25 14.304830 4.634468
16 13.536193 9.758711
18 14.515611 3.229262
18 14.440357 3.730951
26 14.689945 2.067032
16 14.314146 4.572362
16 13.686206 8.758626
16 13.734680 8.435464
22 13.653974 8.973505
21 14.674254 2.171638
16 13.511099 9.926010
22 14.460074 3.599505
20 14.656686 2.288761
20 13.717275 8.551498
16 13.998413 6.677248
16 14.204032 5.306456
21 13.984220 6.771864
17 13.841218 7.725212
18 14.373029 4.179809
20 14.605092 2.632723
20 14.049223 6.338513
17 13.892913 7.380580
23 14.824588 1.169416
17 13.556478 9.623478
16 14.242328 5.051143
25 14.492869 3.380873
21 14.120324 5.864504
19 14.675386 2.164096
20 13.557933 9.613780
17 14.736668 1.755544
17 14.159897 5.600687
17 14.117371 5.884193
23 13.958404 6.943971
21 14.089868 6.067546
19 13.969511 6.869925
21 14.291081 4.726124
21 14.567099 2.886008
23 14.783054 1.446310
20 14.484869 3.434207
23 13.575420 9.497197
20 14.483715 3.441899
16 14.514616 3.235896
24 14.805903 1.293979
21 14.176193 5.492046
16 14.206536 5.289761
16 14.341405 4.390635
15 14.557259 2.951609
21 14.241620 5.055866
18 14.747132 1.685784
25 14.668284 2.211440
28 14.915024 0.566506
21 14.580383 2.797447
20 14.145498 5.696679
20 13.951590 6.989400
26 14.485222 3.431855
21 14.865441 0.897061
17 14.429380 3.804133
24 13.975830 6.827799
27 14.770249 1.531674
19 14.360118 4.265877
23 14.631564 2.456242
21 14.394432 4.037122
23 14.920985 0.526765
21 14.331718 4.455215
17 14.089156 6.072295
19 14.070068 6.199546
20 13.841648 7.722344
22 14.511688 3.255414
20 14.626623 2.489181
28 13.661368 8.924211
22 14.306999 4.620006
23 13.905941 7.293725
22 14.544755 3.034964
20 14.194349 5.371008
23 14.446889 3.687404
26 14.955041 0.299724
29 14.617208 2.551943
22 14.659600 2.269334
20 13.948304 7.011303
20 14.541591 3.056059
28 14.739768 1.734880
18 13.656704 8.955305
19 14.658195 2.278702
24 14.855206 0.965295
16 13.893192 7.378718
23 14.743322 1.711187
26 14.758886 1.607424
17 14.678393 2.144044
23 14.592222 2.718517
19 14.430126 3.799162
19 14.349484 4.336776
20 14.348254 4.344972
25 14.407708 3.948611
16 14.691908 2.053944
25 14.802418 1.317215
22 13.809719 7.935206
16 13.954645 6.969034
24 14.642115 2.385903
18 14.589013 2.739911
21 14.675529 2.163141
21 14.474276 3.504825
23 14.826073 1.159512
23 14.804372 1.304185
18 13.754608 8.302615
19 14.291471 4.723530
19 14.477140 3.485734
24 14.815721 1.228527
21 14.210506 5.263295
20 14.265752 4.894986
23 14.720419 1.863876
16 13.707968 8.613549
25 14.660250 2.265001
25 14.494655 3.368970
23 14.565895 2.894034
22 14.433284 3.778110
22 14.375776 4.161495
22 14.530839 3.127741
19 14.509410 3.270600
22 14.171409 5.523939
20 14.545372 3.030854
23 14.703174 1.978841
21 14.069733 6.201778
22 14.519520 3.203202
21 14.666598 2.222683
19 14.699084 2.006105
20 14.527807 3.147956
26 14.687680 2.082135
20 13.933789 7.108075
20 14.178125 5.479164
20 14.165106 5.565958
22 14.379493 4.136715
19 14.233482 5.110122
20 14.431278 3.791479
21 13.574787 9.501418
23 14.680157 2.132284
21 14.795278 1.364811
21 13.893698 7.375348
25 14.634246 2.438361
27 14.219430 5.203802
26 14.492013 3.386581
24 14.409031 3.939793
22 14.307213 4.618578
23 14.574916 2.833891
24 14.645720 2.361870
23 14.886665 0.755566
24 14.725389 1.830738
29 14.223943 5.173717
26 14.687642 2.082387
