7 27.204495 9.318349
8 28.319997 5.600010
8 28.649149 4.502837
8 28.958046 3.473180
8 27.592873 8.023758
8 28.471425 5.095250
8 29.507844 1.640520
9 29.128033 2.906556
8 27.375864 8.747121
8 29.371384 2.095388
8 27.994317 6.685611
8 28.197212 6.009294
9 28.538169 4.872771
9 28.293404 5.688654
9 28.329769 5.567437
9 28.593011 4.689963
9 29.839587 0.534711
9 29.316704 2.277655
9 29.655482 1.148395
9 29.896357 0.345478
7 28.446110 5.179634
8 28.128167 6.239445
9 29.833023 0.556590
9 27.994018 6.686607
9 28.391364 5.362119
9 29.248088 2.506375
9 29.448319 1.838937
9 28.419288 5.269038
9 28.220313 5.932291
9 29.159534 2.801553
10 28.370540 5.431533
10 29.670102 1.099660
10 27.453932 8.486894
10 29.858084 0.473054
10 27.968861 6.770464
10 27.256358 9.145474
8 29.070779 3.097404
9 27.556863 8.143789
10 28.567934 4.773555
10 28.869672 3.767761
8 28.363931 5.453565
9 29.537031 1.543230
8 27.857084 7.143055
11 29.819221 0.602597
11 29.051214 3.162620
11 29.134675 2.884416
11 29.997503 0.008323
8 29.604763 1.317455
11 28.549499 4.835003
12 28.909299 3.635669
9 29.376499 2.078337
8 29.122761 2.924131
12 29.602281 1.325729
12 29.560881 1.463730
9 29.825056 0.583148
8 29.651464 1.161786
8 28.770527 4.098242
9 29.801830 0.660567
8 27.998230 6.672567
8 27.674271 7.752429
9 28.325343 5.582190
12 29.622051 1.259831
12 28.606658 4.644472
12 28.412410 5.291967
8 28.174547 6.084842
10 28.351684 5.494386
9 28.214506 5.951648
9 29.597881 1.340397
8 27.122851 9.590496
9 28.554410 4.818632
9 27.735272 7.549093
9 29.825540 0.581533
9 28.169320 6.102265
9 29.839736 0.534213
9 28.861688 3.794373
8 27.070001 9.766664
9 28.916447 3.611843
8 28.435215 5.215949
9 27.454455 8.485151
8 29.846453 0.511823
9 29.726406 0.911979
10 29.109450 2.968498
14 28.923505 3.588317
9 28.932631 3.557898
8 29.481533 1.728223
8 28.162905 6.123649
9 29.642122 1.192928
12 27.830736 7.230878
9 27.738053 7.539823
8 29.163743 2.787524
9 28.749500 4.168333
8 27.359235 8.802549
11 28.539472 4.868427
11 29.564225 1.452585
9 29.465547 1.781511
9 28.168322 6.105594
11 29.533638 1.554540
9 29.596486 1.345048
10 29.247628 2.507906
7 27.837119 7.209605
8 27.760596 7.464679
9 29.880652 0.397826
9 29.034960 3.216799
8 27.077192 9.742692
7 27.677438 7.741872
9 28.921298 3.595673
12 29.872566 0.424781
9 29.985925 0.046916
8 27.389292 8.702361
8 29.316742 2.277527
9 28.014683 6.617722
8 28.762638 4.124541
11 29.835655 0.547818
8 29.398679 2.004403
9 29.211994 2.626688
11 28.708918 4.303605
8 29.284349 2.385503
9 27.919819 6.933936
12 29.093623 3.021258
13 29.893338 0.355541
7 27.585495 8.048352
12 29.570103 1.432991
13 29.502615 1.657948
9 29.731244 0.895854
9 28.393294 5.355686
12 27.857495 7.141684
11 28.225693 5.914355
11 29.432999 1.890005
10 27.818432 7.271895
12 29.954822 0.150594
8 28.055460 6.481800
8 28.193592 6.021358
10 29.975371 0.082098
7 28.696248 4.345841
9 27.643518 7.854942
9 29.228988 2.570040
8 29.682610 1.057966
7 27.034731 9.884229
13 29.270396 2.432015
8 28.720187 4.266042
9 27.075876 9.747079
9 29.733463 0.888457
10 28.242059 5.859804
10 29.055781 3.147396
10 27.328950 8.903501
11 29.324451 2.251831
10 29.445704 1.847653
10 29.352021 2.159930
7 28.742295 4.192349
9 29.143066 2.856447
9 27.572534 8.091553
13 27.953915 6.820284
9 29.330119 2.232936
7 27.737333 7.542223
7 27.670009 7.766636
8 28.260543 5.798190
9 29.698542 1.004859
9 27.502673 8.324425
10 29.954368 0.152108
8 28.089791 6.367362
9 29.330025 2.233251
10 27.056395 9.812015
9 29.733590 0.888034
8 28.097148 6.342841
7 29.949292 0.169027
9 27.787677 7.374411
13 28.692802 4.357326
7 28.075426 6.415247
17 29.995261 0.015798
9 27.069512 9.768294
8 29.649596 1.168014
10 27.272311 9.092298
11 27.616197 7.946009
11 27.922189 6.926038
12 29.726181 0.912729
8 28.639528 4.534907
9 27.880059 7.066470
8 28.270571 5.764765
9 27.244618 9.184606
10 29.275183 2.416057
9 28.031614 6.561287
9 29.526679 1.577736
9 28.417395 5.275352
11 29.871657 0.427810
12 28.039260 6.535799
12 29.312397 2.292009
10 27.617910 7.940301
11 29.299626 2.334580
9 29.556680 1.477734
9 29.605935 1.313549
10 29.870471 0.431765
12 27.192617 9.357942
11 28.170916 6.096945
12 27.476024 8.413253
11 28.150616 6.164614
11 28.866440 3.778532
14 27.498358 8.338806
13 28.929987 3.566708
15 28.902632 3.657893
35 29.950746 0.164179
