10 0.953460 4.653962
10 0.954737 4.526320
10 0.910065 8.993549
10 0.910435 8.956524
10 0.923728 7.627181
10 0.915611 8.438940
10 0.903597 9.640262
10 0.921880 7.811951
11 0.964324 3.567644
11 0.923112 7.688796
11 0.926368 7.363166
11 0.931952 6.804760
11 0.948168 5.183186
11 0.900465 9.953486
11 0.901234 9.876639
11 0.944149 5.585078
11 0.940518 5.948247
11 0.949241 5.075893
11 0.952292 4.770840
22 0.907761 9.223915
27 0.951358 4.864226
28 0.943322 5.667769
28 0.956832 4.316840
28 0.944264 5.573632
12 0.912290 8.770968
12 0.961207 3.879299
29 0.955205 4.479487
12 0.966557 3.344282
12 0.945241 5.475916
12 0.942179 5.782059
12 0.964010 3.598971
12 0.926229 7.377130
12 0.908601 9.139950
31 0.938047 6.195252
29 0.941517 5.848257
13 0.952898 4.710228
13 0.902634 9.736617
13 0.965305 3.469548
13 0.939021 6.097907
13 0.945509 5.449126
13 0.965812 3.418847
31 0.962688 3.731217
14 0.961709 3.829058
14 0.921021 7.897945
11 0.956237 4.376278
29 0.939128 6.087187
10 0.931850 6.815038
11 0.965354 3.464616
9 0.908652 9.134795
9 0.964343 3.565679
10 0.959542 4.045763
11 0.929911 7.008879
11 0.912453 8.754650
11 0.963465 3.653546
10 0.936080 6.392035
24 0.921405 7.859462
24 0.918805 8.119464
9 0.912023 8.797700
10 0.958349 4.165092
23 0.971997 2.800339
11 0.967055 3.294512
23 0.945093 5.490652
12 0.962301 3.769904
11 0.906595 9.340531
10 0.924874 7.512638
8 0.922623 7.737704
12 0.927379 7.262082
14 0.964728 3.527187
12 0.901109 9.889143
14 0.952367 4.763269
13 0.962036 3.796426
11 0.919832 8.016847
14 0.955864 4.413551
12 0.935958 6.404239
11 0.954458 4.554163
31 0.954235 4.576539
12 0.965545 3.445546
10 0.919605 8.039476
9 0.952431 4.756892
15 0.950769 4.923104
13 0.924059 7.594139
11 0.914767 8.523281
13 0.967891 3.210877
19 0.922740 7.725993
13 0.906630 9.336957
15 0.950262 4.973821
24 0.911180 8.881955
27 0.932648 6.735221
11 0.958517 4.148252
28 0.942840 5.715998
10 0.960833 3.916715
11 0.901221 9.877944
16 0.960025 3.997457
16 0.972686 2.731361
13 0.947746 5.225359
10 0.954190 4.581022
30 0.947168 5.283152
12 0.918342 8.165779
36 0.910076 8.992358
23 0.926209 7.379079
28 0.943628 5.637178
10 0.900865 9.913493
11 0.965764 3.423637
13 0.947087 5.291327
11 0.963272 3.672785
11 0.946216 5.378435
13 0.911159 8.884054
35 0.956620 4.337967
25 0.913286 8.671366
18 0.946256 5.374368
29 0.938577 6.142329
failed to find solution after reaching max emtpy limit -- 17 iterations and 11 function evals
12 0.962257 3.774324
12 0.933945 6.605531
22 0.916107 8.389288
failed to find solution after reaching max emtpy limit -- 18 iterations and 12 function evals
11 0.905932 9.406766
15 0.910929 8.907090
14 0.908729 9.127051
10 0.940494 5.950636
14 0.964062 3.593819
10 0.935253 6.474701
12 0.925776 7.422400
9 0.954704 4.529582
11 0.940802 5.919763
28 0.959120 4.088033
13 0.930343 6.965703
12 0.901816 9.818404
11 0.923898 7.610224
23 0.933259 6.674105
11 0.961414 3.858556
26 0.951949 4.805110
12 0.944180 5.581954
10 0.903535 9.646501
failed to find solution after reaching max emtpy limit -- 16 iterations and 10 function evals
11 0.958221 4.177935
18 0.968723 3.127661
10 0.910875 8.912452
28 0.956172 4.382774
11 0.958199 4.180063
12 0.966814 3.318650
33 0.954475 4.552520
9 0.932827 6.717272
28 0.939917 6.008267
33 0.954794 4.520569
13 0.954239 4.576140
14 0.942894 5.710606
11 0.955828 4.417157
29 0.949867 5.013270
14 0.910170 8.982999
11 0.953624 4.637641
13 0.979284 2.071570
14 0.941105 5.889457
14 0.964040 3.596044
33 0.963426 3.657416
9 0.939159 6.084082
14 0.928919 7.108146
11 0.924766 7.523351
30 0.956255 4.374525
13 0.935679 6.432138
25 0.946898 5.310167
10 0.957305 4.269539
10 0.907791 9.220860
19 0.928693 7.130657
11 0.939831 6.016945
10 0.922954 7.704597
13 0.905265 9.473505
failed to find solution after reaching max emtpy limit -- 17 iterations and 11 function evals
11 0.914512 8.548791
10 0.957465 4.253519
28 0.940928 5.907238
10 0.943155 5.684529
27 0.919639 8.036087
failed to find solution after reaching max emtpy limit -- 26 iterations and 11 function evals
10 0.922855 7.714510
14 0.956963 4.303717
25 0.946797 5.320289
13 0.942326 5.767414
10 0.913486 8.651426
13 0.964939 3.506069
26 0.963264 3.673569
33 0.960690 3.930990
13 0.920620 7.938007
22 0.918351 8.164903
13 0.933529 6.647075
failed to find solution after reaching max emtpy limit -- 28 iterations and 12 function evals
11 0.901631 9.836939
18 0.958860 4.113998
13 0.950282 4.971796
13 0.961107 3.889284
failed to find solution after reaching max emtpy limit -- 15 iterations and 9 function evals
13 0.937009 6.299070
failed to find solution after reaching max emtpy limit -- 18 iterations and 12 function evals
27 0.954811 4.518855
failed to find solution after reaching max emtpy limit -- 17 iterations and 11 function evals
14 0.948933 5.106694
12 0.967362 3.263810
failed to find solution after reaching max emtpy limit -- 16 iterations and 10 function evals
failed to find solution after reaching max emtpy limit -- 35 iterations and 16 function evals
16 0.950890 4.910991
