11 -40.171713 5.165049
11 -41.709742 9.191437
12 -41.043324 7.446830
12 -39.590142 3.642562
12 -41.521537 8.698737
12 -39.684917 3.890673
12 -41.363034 8.283795
12 -41.986342 9.915546
13 -40.873760 7.002929
13 -41.247307 7.980835
13 -39.923307 4.514750
13 -39.779731 4.138885
13 -41.627790 8.976896
13 -40.924024 7.134515
13 -40.146110 5.098025
13 -40.776367 6.747965
13 -41.198309 7.852563
13 -41.076976 7.534926
13 -40.768655 6.727775
15 -40.885599 7.033922
15 -41.450158 8.511876
15 -39.938884 4.555528
15 -41.407271 8.399601
15 -41.956962 9.838632
16 -41.316852 8.162895
16 -39.811555 4.222196
16 -40.962325 7.234783
16 -40.897313 7.064589
16 -39.837476 4.290053
16 -40.763434 6.714109
16 -40.944447 7.187979
16 -40.294776 5.487215
17 -41.092565 7.575737
16 -39.389619 3.117615
16 -41.786497 9.392373
17 -40.917539 7.117539
11 -41.744345 9.282025
13 -41.457939 8.532244
18 -40.366613 5.675275
19 -40.012584 4.748467
12 -41.100009 7.595225
18 -40.791224 6.786859
16 -40.962577 7.235443
13 -40.950326 7.203370
19 -41.567312 8.818572
19 -39.843467 4.305739
19 -40.775074 6.744581
13 -40.741260 6.656060
13 -40.753234 6.687406
9 -40.373364 5.692949
15 -40.137762 5.076169
17 -41.669600 9.086349
11 -41.541504 8.751010
10 -41.103215 7.603618
20 -41.001181 7.336503
15 -40.267215 5.415064
12 -40.848064 6.935660
15 -41.375814 8.317250
16 -40.905200 7.085235
16 -41.006702 7.350957
15 -40.492418 6.004619
12 -41.721871 9.223189
19 -39.759629 4.086259
17 -40.903056 7.079624
16 -39.827990 4.265221
15 -41.302154 8.124417
13 -41.829460 9.504845
11 -41.455612 8.526153
12 -41.977622 9.892717
13 -40.736893 6.644627
15 -40.729165 6.624396
17 -39.734123 4.019487
19 -42.011505 9.981419
14 -40.821603 6.866389
16 -41.769836 9.348755
13 -41.622022 8.961797
17 -41.658440 9.057134
19 -41.210181 7.883642
13 -41.923662 9.751455
16 -41.778967 9.372660
16 -41.776115 9.365194
17 -41.110031 7.621460
15 -41.905381 9.703599
16 -41.996664 9.942566
16 -40.152176 5.113904
21 -41.279773 8.065827
15 -41.153193 7.734453
15 -41.358275 8.271335
17 -41.482155 8.595640
12 -40.187512 5.206410
13 -41.358576 8.272123
20 -41.137423 7.693171
12 -41.959056 9.844114
12 -40.885167 7.032792
18 -39.569560 3.588679
15 -40.527728 6.097056
16 -40.822130 6.867769
21 -41.179491 7.803299
12 -40.860967 6.969440
15 -41.421539 8.436954
15 -40.487020 5.990488
16 -41.050359 7.465247
19 -41.308182 8.140197
19 -39.652678 3.806272
20 -41.406438 8.397420
18 -41.006362 7.350068
16 -39.591067 3.644984
16 -41.695009 9.152868
16 -41.020190 7.386267
13 -41.265858 8.029399
12 -41.971886 9.877702
11 -40.540900 6.131540
15 -40.401781 5.767342
17 -39.625258 3.734490
15 -39.438316 3.245098
16 -40.405861 5.778023
17 -41.190129 7.831148
17 -41.906743 9.707164
17 -39.594086 3.652886
18 -40.903282 7.080215
13 -40.899226 7.069597
20 -40.628825 6.361716
12 -40.136608 5.073148
14 -41.113742 7.631175
12 -40.042584 4.827004
15 -41.414104 8.417490
16 -40.975972 7.270508
18 -41.205410 7.871152
20 -40.800390 6.810854
12 -41.269146 8.038005
11 -40.021862 4.772755
16 -41.353107 8.257805
13 -39.870417 4.376291
13 -41.148285 7.721605
17 -41.293103 8.100724
17 -39.686973 3.896055
13 -41.277808 8.060682
11 -40.832172 6.894058
16 -40.220779 5.293499
16 -40.719949 6.600270
13 -40.733520 6.635797
16 -41.075380 7.530748
17 -40.859809 6.966408
13 -41.661899 9.066190
12 -41.412919 8.414388
13 -41.402408 8.386871
15 -39.364364 3.051500
15 -41.219426 7.907845
20 -41.717997 9.213048
17 -41.241158 7.964736
15 -39.738588 4.031177
11 -41.047111 7.456743
17 -41.161683 7.756681
16 -40.928791 7.146994
19 -41.937816 9.788509
13 -40.489161 5.996093
12 -40.870428 6.994207
19 -41.252831 7.995296
16 -40.382873 5.717843
16 -40.425520 5.829488
13 -41.490567 8.617662
19 -40.838316 6.910142
13 -40.003206 4.723916
16 -41.666488 9.078203
16 -39.630393 3.747934
16 -39.993037 4.697296
18 -40.789180 6.781509
18 -41.068615 7.513038
13 -40.379931 5.710142
19 -41.780886 9.377683
16 -40.730756 6.628560
18 -41.075552 7.531199
13 -39.548156 3.532646
18 -42.001130 9.954257
22 -41.679449 9.112133
15 -39.779440 4.138122
21 -39.978681 4.659714
13 -40.937720 7.170371
16 -41.244428 7.973297
15 -40.887953 7.040086
20 -41.973457 9.881814
20 -41.318958 8.168409
14 -41.012411 7.365902
15 -41.178601 7.800970
21 -39.648740 3.795965
15 -41.965069 9.859853
20 -41.869521 9.609722
22 -40.988740 7.303934
24 -41.407368 8.399856
17 -41.573207 8.834005
16 -39.868656 4.371681
23 -41.504296 8.653604
17 -41.451199 8.514599
16 -38.891773 1.814311
20 -41.531286 8.724258
21 -40.886884 7.037286
22 -41.996820 9.942975
20 -41.089544 7.567828
17 -41.795485 9.415903
22 -41.936790 9.785824
