21 -0.016963 8.600695
23 -0.017082 9.360465
24 -0.016401 5.002267
24 -0.015648 0.184184
24 -0.016235 3.943474
25 -0.016472 5.460605
25 -0.016014 2.526810
25 -0.015682 0.401638
25 -0.015787 1.075422
26 -0.017043 9.113365
26 -0.015874 1.626820
26 -0.016424 5.148857
21 -0.016924 8.353718
27 -0.016087 2.992295
27 -0.016287 4.271685
27 -0.016055 2.786844
27 -0.016215 3.815269
28 -0.016258 4.088413
28 -0.015820 1.284947
28 -0.016278 4.217630
28 -0.015911 1.865493
28 -0.016435 5.222029
29 -0.016133 3.286340
29 -0.015836 1.387050
25 -0.016338 4.600879
31 -0.016023 2.581713
31 -0.016233 3.928074
22 -0.017061 9.225592
31 -0.016022 2.579594
31 -0.016659 6.652187
32 -0.016531 5.833715
28 -0.016051 2.763009
24 -0.015998 2.419987
32 -0.016313 4.442931
32 -0.015839 1.408249
32 -0.015846 1.449087
32 -0.016443 5.269462
33 -0.016199 3.709761
33 -0.015717 0.625164
28 -0.016168 3.509325
22 -0.016445 5.286440
36 -0.016198 3.702045
36 -0.015815 1.252601
36 -0.015940 2.051569
28 -0.016109 3.134785
36 -0.015933 2.006626
27 -0.015705 0.549465
36 -0.015893 1.748509
37 -0.016271 4.170095
29 -0.015657 0.236997
37 -0.015650 0.198353
37 -0.015631 0.074767
38 -0.015630 0.069391
25 -0.016119 3.195544
27 -0.015973 2.264347
31 -0.015944 2.076323
32 -0.015970 2.243934
29 -0.015986 2.343212
27 -0.016090 3.014398
27 -0.015907 1.837415
25 -0.016288 4.276977
25 -0.016305 4.391481
27 -0.015931 1.994125
40 -0.015870 1.603145
31 -0.016145 3.366680
34 -0.015837 1.390445
27 -0.015907 1.842454
31 -0.015864 1.563246
31 -0.016425 5.154050
25 -0.016137 3.312691
27 -0.015856 1.514094
27 -0.016196 3.689647
28 -0.015979 2.300799
33 -0.015856 1.512364
25 -0.016460 5.379078
34 -0.015892 1.744636
32 -0.015851 1.484987
45 -0.015741 0.777041
28 -0.016283 4.246332
36 -0.015718 0.632917
25 -0.016143 3.351665
35 -0.015875 1.638165
27 -0.016018 2.551950
26 -0.016155 3.426167
36 -0.015994 2.395496
27 -0.016379 4.860086
26 -0.016125 3.234648
47 -0.015709 0.575462
28 -0.016190 3.650954
24 -0.016733 7.128826
35 -0.015908 1.845218
27 -0.016344 4.637668
31 -0.015695 0.485940
28 -0.016297 4.339293
36 -0.015903 1.815963
19 -0.016951 8.522074
28 -0.015866 1.581023
28 -0.016493 5.594768
28 -0.016063 2.838441
26 -0.016299 4.348405
29 -0.017048 9.142495
28 -0.016668 6.711895
32 -0.015949 2.110073
25 -0.016721 7.048869
38 -0.015858 1.525519
24 -0.016324 4.508561
23 -0.016553 5.974088
32 -0.016234 3.931614
28 -0.015858 1.528214
31 -0.016069 2.879602
31 -0.015867 1.582187
26 -0.016481 5.512753
22 -0.016877 8.050675
36 -0.015791 1.098926
27 -0.016322 4.497144
27 -0.015984 2.335108
37 -0.015872 1.614950
31 -0.017001 8.844006
32 -0.016107 3.123702
25 -0.016571 6.091800
26 -0.017018 8.956485
32 -0.016006 2.473705
29 -0.016164 3.487348
26 -0.016234 3.933428
22 -0.016192 3.663932
29 -0.016021 2.567249
29 -0.015959 2.174771
26 -0.016108 3.126144
31 -0.016284 4.254917
41 -0.016103 3.092686
26 -0.015791 1.098079
31 -0.016136 3.305494
38 -0.015745 0.802961
24 -0.016038 2.681953
27 -0.016238 3.961370
36 -0.015635 0.101292
27 -0.015962 2.191125
26 -0.016066 2.858120
49 -0.015848 1.460501
26 -0.015969 2.236008
19 -0.017099 9.469922
27 -0.015764 0.927856
29 -0.015784 1.056112
34 -0.015766 0.939200
34 -0.016139 3.327450
25 -0.016269 4.159475
32 -0.016158 3.445272
27 -0.015852 1.488676
27 -0.016659 6.654644
26 -0.016065 2.853778
31 -0.015821 1.288035
22 -0.016347 4.656059
32 -0.016097 3.060113
27 -0.016956 8.556132
26 -0.016149 3.390074
32 -0.016410 5.060275
31 -0.015959 2.173814
32 -0.015846 1.449695
34 -0.015738 0.757896
24 -0.016638 6.518967
35 -0.015940 2.051917
26 -0.016419 5.121590
28 -0.016004 2.461596
25 -0.015776 1.005038
36 -0.016021 2.573035
23 -0.016940 8.457223
29 -0.015955 2.149782
27 -0.016001 2.441906
29 -0.015843 1.428022
27 -0.015788 1.075933
28 -0.016581 6.154978
47 -0.015775 0.992888
25 -0.016260 4.102702
31 -0.015822 1.296738
32 -0.015887 1.714656
32 -0.016048 2.745830
32 -0.015697 0.498767
29 -0.016868 7.994919
37 -0.015833 1.368878
34 -0.016236 3.948848
32 -0.015669 0.315755
31 -0.016809 7.612425
34 -0.015924 1.951907
38 -0.016473 5.461490
33 -0.015730 0.705554
39 -0.016193 3.672755
31 -0.015798 1.145476
36 -0.015899 1.788734
34 -0.016285 4.262307
34 -0.015937 2.029976
46 -0.015895 1.765661
50 -0.015734 0.731378
79 -0.015839 1.402264
87 -0.015769 0.958497
93 -0.015730 0.707337
86 -0.016146 3.369621
110 -0.015649 0.186184
failed to find solution in 1200 iterations and 563 function evals
failed to find solution in 1200 iterations and 719 function evals
failed to find solution in 1200 iterations and 738 function evals
