13 -1.853004 7.349776
13 -2.109079 5.453959
13 -1.915370 4.231497
15 -1.858201 7.089949
15 -2.028024 1.401191
15 -1.949916 2.504183
16 -1.928441 3.577937
16 -1.876761 6.161966
16 -1.872280 6.386023
16 -2.168875 8.443763
16 -2.082427 4.121365
16 -1.932816 3.359176
17 -1.844449 7.777533
17 -1.991972 0.401414
17 -1.925492 3.725399
17 -2.061536 3.076787
17 -2.185012 9.250578
17 -1.863172 6.841407
17 -1.928325 3.583739
19 -1.955327 2.233655
19 -2.000847 0.042362
19 -1.905908 4.704591
19 -1.918849 4.057567
19 -1.854714 7.264323
19 -2.033375 1.668742
19 -2.009170 0.458510
20 -1.856866 7.156701
20 -1.858341 7.082931
20 -1.849150 7.542489
21 -1.884890 5.755492
20 -1.846556 7.672206
21 -1.844236 7.788205
21 -1.908463 4.576852
21 -1.856047 7.197639
21 -1.863489 6.825558
21 -1.915566 4.221691
12 -2.062395 3.119737
23 -1.908502 4.574896
23 -1.867611 6.619466
23 -1.871765 6.411744
23 -1.845568 7.721590
23 -1.924345 3.782738
16 -2.079913 3.995661
25 -1.866400 6.679996
16 -1.871383 6.430853
15 -1.843950 7.802524
25 -1.865959 6.702042
17 -1.965704 1.714778
15 -1.947558 2.622119
15 -2.069736 3.486803
17 -1.843871 7.806435
16 -1.871272 6.436407
17 -1.846896 7.655180
16 -1.845089 7.745563
17 -1.992095 0.395273
20 -1.852771 7.361464
21 -1.938199 3.090058
17 -1.845288 7.735594
17 -1.845185 7.740735
21 -1.846565 7.671750
15 -1.947850 2.607486
17 -1.939361 3.031942
16 -1.875136 6.243180
16 -2.168695 8.434740
21 -2.049161 2.458053
16 -2.020923 1.046148
20 -2.109649 5.482440
16 -1.899790 5.010524
21 -1.854052 7.297386
16 -1.920317 3.984131
17 -2.089035 4.451768
20 -1.843385 7.830753
20 -1.874235 6.288254
21 -2.048528 2.426402
17 -1.867966 6.601682
15 -1.844409 7.779558
17 -1.880835 5.958245
19 -1.842602 7.869880
21 -1.858462 7.076895
20 -1.884938 5.753097
20 -1.873547 6.322638
20 -1.868736 6.563188
21 -1.859589 7.020531
18 -1.853204 7.339785
16 -2.143111 7.155540
19 -2.028265 1.413237
16 -1.842112 7.894391
13 -2.113102 5.655092
20 -1.855080 7.245994
20 -2.065059 3.252945
16 -2.007308 0.365399
17 -1.959068 2.046614
19 -1.868977 6.551137
19 -1.952085 2.395745
17 -1.856622 7.168896
19 -1.870741 6.462947
17 -1.927323 3.633864
20 -1.900417 4.979157
20 -1.843312 7.834392
19 -1.843838 7.808094
28 -1.923272 3.836419
16 -1.907591 4.620446
16 -1.931889 3.405533
20 -1.866265 6.686768
19 -1.995711 0.214465
20 -1.876149 6.192544
20 -1.878627 6.068663
19 -1.863558 6.822090
21 -1.841367 7.931659
17 -1.913209 4.339554
17 -2.193551 9.677536
19 -1.878124 6.093777
17 -1.854445 7.277761
20 -1.884021 5.798956
20 -1.845321 7.733954
17 -1.866170 6.691506
19 -1.842643 7.867855
12 -2.024516 1.225799
19 -1.848493 7.575332
15 -1.914776 4.261201
16 -1.971768 1.411607
16 -1.846086 7.695679
19 -1.985179 0.741059
13 -2.068723 3.436154
23 -1.880485 5.975740
17 -1.908539 4.573045
19 -2.152514 7.625695
16 -2.068927 3.446364
20 -1.854281 7.285968
16 -1.866794 6.660320
19 -1.847958 7.602086
20 -1.917116 4.144191
16 -1.848014 7.599302
16 -1.928590 3.570481
17 -1.844893 7.755371
12 -1.945802 2.709921
19 -1.954168 2.291611
19 -1.880961 5.951953
20 -1.943519 2.824045
19 -1.863478 6.826120
21 -1.854222 7.288916
20 -1.884240 5.787993
15 -1.919036 4.048179
17 -1.887021 5.648935
19 -1.851303 7.434875
17 -1.847568 7.621623
17 -2.005391 0.269565
19 -1.939621 3.018947
13 -1.897830 5.108515
16 -1.852366 7.381724
17 -1.891076 5.446205
19 -1.898243 5.087845
17 -1.852021 7.398931
16 -1.879379 6.031044
17 -1.884677 5.766167
16 -1.843847 7.807650
19 -1.861804 6.909788
15 -1.844221 7.788965
13 -2.074691 3.734527
16 -2.009556 0.477815
19 -1.844356 7.782223
15 -2.020079 1.003957
17 -1.843870 7.806480
19 -1.943754 2.812305
19 -1.996182 0.190914
17 -2.184310 9.215518
17 -1.922923 3.853839
16 -1.842050 7.897497
20 -1.879003 6.049844
17 -1.921952 3.902378
27 -1.856734 7.163279
20 -1.979767 1.011648
25 -1.865802 6.709912
16 -1.937737 3.113126
16 -1.854100 7.294983
19 -1.868568 6.571606
21 -1.864136 6.793207
20 -1.859806 7.009691
19 -1.960092 1.995405
20 -1.843818 7.809080
21 -1.847506 7.624685
19 -1.886201 5.689947
17 -2.141782 7.089105
17 -1.877633 6.118341
19 -1.910731 4.463450
17 -2.003792 0.189619
19 -2.125449 6.272440
16 -1.867880 6.605982
25 -1.883606 5.819713
19 -2.098380 4.918992
19 -1.842193 7.890330
20 -1.844450 7.777498
27 -1.870731 6.463446
24 -1.859875 7.006272
24 -1.862044 6.897777
27 -1.855771 7.211449
35 -1.914770 4.261499
37 -1.870603 6.469850
60 -1.876360 6.181990
65 -1.852682 7.365880
