28 6952.877207 0.128366
37 6597.176339 5.237679
35 6958.149663 0.052632
43 6509.270594 6.500364
30 6494.257047 6.716019
32 6932.336259 0.423418
43 6821.911290 2.009570
37 6958.300121 0.050471
42 6941.003288 0.298924
47 6940.031943 0.312876
43 6953.837293 0.114575
50 6286.037831 9.706895
54 6620.602988 4.901177
60 6948.760444 0.187500
57 6906.532823 0.794060
34 6960.522157 0.018553
40 6824.667161 1.969984
54 6954.059834 0.111379
49 6954.437158 0.105959
30 6959.938119 0.026943
55 6843.574358 1.698400
78 6682.428209 4.013115
37 6943.617934 0.261367
34 6948.498322 0.191265
62 6938.856495 0.329761
72 6957.104844 0.067640
61 6940.510842 0.305997
50 6425.909219 7.697773
56 6936.018128 0.370531
88 6937.588478 0.347974
83 6958.853575 0.042521
60 6957.476505 0.062301
63 6955.358701 0.092722
39 6946.988605 0.212950
75 6923.356205 0.552408
52 6589.845996 5.342973
30 6823.109877 1.992353
64 6933.654641 0.404480
70 6934.416356 0.393539
101 6800.973194 2.310326
49 6926.181964 0.511818
43 6925.695402 0.518807
73 6958.315427 0.050251
63 6713.976062 3.559959
78 6959.688376 0.030530
37 6949.586552 0.175633
81 6949.335416 0.179241
60 6865.633977 1.381534
60 6942.736663 0.274026
52 6912.277586 0.711542
106 6925.638818 0.519620
66 6959.119271 0.038705
89 6472.696254 7.025720
114 6901.667038 0.863953
86 6885.432175 1.097151
59 6884.839180 1.105669
146 6945.534014 0.233844
54 6476.532686 6.970613
49 6931.004044 0.442554
54 6951.932819 0.141931
40 6959.683669 0.030598
151 6894.463415 0.967426
126 6959.924330 0.027141
137 6951.030659 0.154890
99 6588.511491 5.362142
44 6960.438806 0.019751
62 6951.743534 0.144650
90 6929.724805 0.460929
88 6946.299049 0.222855
40 6960.469803 0.019305
67 6954.429645 0.106067
67 6958.092980 0.053446
62 6907.246600 0.783807
52 6950.392519 0.164056
58 6947.164948 0.210417
116 6960.135797 0.024103
62 6753.330943 2.994663
54 6954.113679 0.110605
41 6952.552683 0.133027
47 6943.693995 0.260274
107 6839.747117 1.753375
73 6907.516463 0.779931
46 6858.703019 1.481091
50 6642.976883 4.579797
55 6912.313279 0.711029
54 6933.782320 0.402646
47 6954.400076 0.106491
109 6779.705926 2.615811
36 6960.507300 0.018767
92 6557.475873 5.807940
85 6958.262484 0.051012
83 6858.410344 1.485295
111 6954.119792 0.110517
42 6940.045294 0.312685
61 6841.686634 1.725515
60 6861.739309 1.437477
127 6902.661440 0.849669
24 6293.299640 9.602586
49 6717.975496 3.502511
85 6939.353070 0.322628
35 6454.105269 7.292762
76 6903.571557 0.836596
84 6674.235137 4.130801
91 6943.476329 0.263401
189 6954.148557 0.110104
103 6954.035391 0.111730
56 6820.391524 2.031400
142 6940.989106 0.299128
60 6952.424955 0.134862
41 6953.124585 0.124813
54 6560.113326 5.770055
75 6881.580885 1.152472
65 6912.864294 0.703114
35 6907.903381 0.774373
63 6944.963621 0.242037
42 6936.632430 0.361707
31 6959.662098 0.030907
84 6924.572112 0.534942
86 6746.504526 3.092718
107 6666.853707 4.236828
50 6937.325375 0.351754
80 6947.325399 0.208113
89 6954.861300 0.099866
43 6864.864858 1.392582
70 6880.222865 1.171978
64 6958.884318 0.042079
50 6926.832260 0.502478
45 6939.799480 0.316215
84 6911.133695 0.727973
85 6940.134673 0.311401
56 6958.186007 0.052110
99 6952.718865 0.130640
70 6520.111602 6.344643
46 6745.680776 3.104551
93 6943.513205 0.262871
80 6921.987428 0.572069
32 6655.924416 4.393818
77 6821.395927 2.016973
93 6960.159213 0.023767
64 6641.626574 4.599193
37 6819.428292 2.045236
76 6950.224207 0.166474
48 6945.556492 0.233521
63 6605.460697 5.118682
81 6864.885401 1.392287
48 6678.042606 4.076110
92 6956.262920 0.079733
93 6956.888590 0.070746
57 6824.960891 1.965765
150 6839.643511 1.754863
79 6869.666679 1.323608
46 6846.375314 1.658167
101 6912.822230 0.703719
45 6948.246330 0.194884
60 6947.275455 0.208830
137 6910.211792 0.741215
94 6916.066935 0.657111
63 6939.606372 0.318989
129 6752.294679 3.009548
91 6944.916327 0.242717
50 6911.368376 0.724602
46 6753.174730 2.996907
91 6718.684995 3.492320
95 6956.051884 0.082765
38 6952.093245 0.139627
48 6919.620988 0.606061
83 6925.649217 0.519471
75 6947.702725 0.202693
89 6947.706077 0.202645
44 6774.112197 2.696160
78 6908.840236 0.760916
37 6948.377397 0.193002
69 6953.897496 0.113711
138 6955.598482 0.089277
57 6931.535386 0.434921
99 6595.381907 5.263455
45 6947.667542 0.203198
64 6942.794128 0.273200
108 6960.392950 0.020409
71 6937.756446 0.345562
55 6947.378292 0.207353
103 6956.331371 0.078750
56 6936.370678 0.365467
162 6908.978829 0.758926
66 6891.585516 1.008764
67 6943.942193 0.256709
71 6852.297551 1.573100
70 6933.491973 0.406817
54 6892.570219 0.994620
64 6949.880007 0.171418
93 6442.402102 7.460868
132 6916.629904 0.649025
49 6953.608978 0.117855
97 6938.852497 0.329818
74 6956.596831 0.074937
68 6919.004892 0.614910
99 6948.458676 0.191834
115 6928.145231 0.483618
205 6960.399512 0.020315
74 6905.852528 0.803832
