10 3100.530022 6.044545
10 3263.473901 1.106851
11 3011.261468 8.749652
11 3222.574886 2.346216
11 3050.339317 7.565475
11 3150.182878 4.539913
11 3001.640462 9.041198
11 3004.134168 8.965631
11 3155.056635 4.392223
11 2992.697917 9.312184
11 3153.890290 4.427567
10 3084.666838 6.525247
12 3048.617247 7.617659
12 3172.436768 3.865552
12 3099.798882 6.066701
12 3072.568253 6.891871
12 3079.993396 6.666867
12 3054.199327 7.448505
12 3189.507871 3.348246
12 3027.868363 8.246413
12 3098.752017 6.098424
13 3017.647527 8.556136
13 2998.795851 9.127398
13 2985.192572 9.539619
13 3209.365904 2.746488
13 3106.042539 5.877499
13 3003.639992 8.980606
13 3010.231930 8.780851
13 3195.220254 3.175144
13 3032.273256 8.112932
13 3054.285938 7.445881
13 3027.954150 8.243814
13 3004.786577 8.945861
13 2996.831849 9.186914
11 3015.740766 8.613916
11 3002.514243 9.014720
14 3153.540165 4.438177
14 3067.803704 7.036251
14 3197.438389 3.107928
11 3031.509777 8.136067
14 3171.974525 3.879560
12 3016.771151 8.582692
12 3106.247433 5.871290
14 3066.587538 7.073105
14 3203.406460 2.927077
14 3289.832593 0.308103
11 3028.293225 8.233539
14 3195.275069 3.173483
13 3141.444937 4.804699
16 3195.194407 3.175927
16 3212.239306 2.659415
12 3174.134198 3.814115
12 3150.514292 4.529870
11 3041.360586 7.837558
11 3019.005060 8.514998
13 3050.139693 7.571524
13 3205.485505 2.864076
12 3119.290928 5.476032
12 3226.375385 2.231049
14 3233.920794 2.002400
12 3127.051927 5.240851
12 3041.668878 7.828216
14 3074.444984 6.835000
12 3091.163341 6.328384
10 3009.361312 8.807233
11 3076.670496 6.767561
16 3236.431176 1.926328
12 3058.348855 7.322762
16 3121.919688 5.396373
16 3259.897132 1.215238
12 3293.877157 0.185541
13 3130.811411 5.126927
14 3084.600959 6.527244
16 3201.964288 2.970779
13 3253.062140 1.422359
14 3292.311927 0.232972
12 3296.972170 0.091752
12 3150.425143 4.532571
12 3028.814672 8.217737
12 3134.557586 5.013406
11 3159.795072 4.248634
13 3066.052186 7.089328
12 3201.448133 2.986420
14 3007.650967 8.859062
14 3270.146319 0.904657
16 3291.132522 0.268711
12 3018.494978 8.530455
11 3106.579144 5.861238
13 3211.975497 2.667409
12 3002.751121 9.007542
13 3010.677003 8.767364
11 3008.473940 8.834123
12 3263.035766 1.120128
11 3019.340175 8.504843
13 2980.782491 9.673258
12 3015.502879 8.621125
16 3271.629997 0.859697
14 3141.711456 4.796623
11 3069.262483 6.992046
14 3138.549137 4.892450
11 2979.082243 9.724781
13 3088.306972 6.414940
13 3174.904221 3.790781
12 3186.177917 3.449154
16 3119.076015 5.482545
12 3229.850510 2.125742
13 3159.735198 4.250449
12 3209.838774 2.732158
12 3159.449067 4.259119
14 3199.020670 3.059980
13 3173.732294 3.826294
13 3060.019445 7.272138
12 3162.082123 4.179330
19 3127.054901 5.240761
13 3089.253762 6.386250
17 3238.637509 1.859469
10 2986.211634 9.508738
13 3083.605640 6.557405
12 3050.177121 7.570390
12 2994.897178 9.245540
17 3130.459709 5.137585
12 2989.262990 9.416273
13 3280.304413 0.596836
12 3084.118700 6.541858
12 3198.287144 3.082208
12 3051.091552 7.542680
12 2980.140719 9.692705
12 3005.175425 8.934078
12 3097.139074 6.147301
12 3272.654531 0.828651
13 3189.843668 3.338071
11 3069.300783 6.990885
13 3147.181975 4.630849
12 3140.919040 4.820635
12 2974.944906 9.850154
18 3126.820917 5.247851
14 3087.098906 6.451548
14 2999.482283 9.106597
12 3115.482459 5.591441
11 3026.692752 8.282038
11 3112.348012 5.686424
10 3083.030019 6.574848
12 3153.101578 4.451467
12 3212.487270 2.651901
12 2978.781073 9.733907
12 3265.319625 1.050920
13 3105.802742 5.884765
12 3175.814166 3.763207
11 3234.512736 1.984463
12 2976.693893 9.797155
17 3289.044615 0.331981
11 2976.446839 9.804641
12 3173.562192 3.831449
14 3225.945371 2.244080
11 3120.944182 5.425934
12 3286.936643 0.395859
12 3275.104153 0.754420
13 3231.676875 2.070398
14 3299.602491 0.012046
12 3225.963878 2.243519
11 3035.124070 8.026543
11 2985.528994 9.529424
13 3001.882487 9.033864
12 3130.087900 5.148852
16 3138.623501 4.890197
11 3048.988017 7.606424
11 3120.724095 5.432603
11 3012.648826 8.707611
12 3121.900866 5.396943
12 3018.469918 8.531215
14 3033.740110 8.068482
12 3210.127565 2.723407
14 3253.505363 1.408928
11 2991.947542 9.334923
13 2987.089583 9.482134
13 3259.150465 1.237865
12 3166.641439 4.041169
12 3270.747012 0.886454
12 3136.879015 4.943060
13 3096.669614 6.161527
11 3173.300473 3.839380
12 3293.396126 0.200117
14 3182.931517 3.547530
12 3136.413696 4.957161
16 2974.519775 9.863037
14 3060.207810 7.266430
12 3129.390264 5.169992
14 3129.478842 5.167308
16 3153.834869 4.429246
14 3082.884830 6.579248
14 3173.718098 3.826724
18 2992.000755 9.333310
18 3268.186105 0.964057
22 3263.515725 1.105584
15 3215.589693 2.557888
16 3142.312356 4.778413
16 3270.877895 0.882488
21 3249.631428 1.526320
18 3267.523005 0.984151
46 3297.983030 0.061120
