18 6722.092538 3.443374
22 6354.635772 8.721550
44 6901.536005 0.865835
35 6653.025603 4.435456
47 6957.416814 0.063159
37 6908.707900 0.762817
43 6861.063398 1.447186
45 6909.597503 0.750039
36 6952.904014 0.127981
37 6331.019647 9.060773
49 6905.906676 0.803054
40 6323.758297 9.165076
46 6945.070219 0.240506
52 6953.516068 0.119189
36 6951.917070 0.142157
53 6837.825467 1.780978
52 6532.902422 6.160914
58 6949.159489 0.181768
47 6551.962138 5.887139
62 6846.698375 1.653526
79 6935.248338 0.381588
58 6919.402896 0.609193
49 6952.278509 0.136966
67 6951.007128 0.155228
70 6880.023252 1.174846
69 6857.133478 1.503636
55 6645.907676 4.537699
64 6687.376083 3.942043
53 6855.498896 1.527115
73 6929.862585 0.458950
63 6949.603091 0.175396
69 6630.047373 4.765517
85 6934.635338 0.390394
69 6938.959575 0.328280
75 6916.319605 0.653482
32 6943.782755 0.258999
61 6563.860961 5.716224
68 6916.176067 0.655544
48 6863.660633 1.409879
64 6948.776584 0.187268
45 6874.347753 1.256369
44 6794.026857 2.410104
82 6951.292785 0.151125
53 6433.848928 7.583726
68 6944.130575 0.254003
66 6711.200532 3.599827
31 6687.240799 3.943987
112 6891.623700 1.008216
37 6959.782933 0.029172
41 6929.125608 0.469536
89 6956.943916 0.069952
56 6901.757521 0.862653
71 6939.769966 0.316639
32 6943.128055 0.268404
34 6938.419705 0.336035
89 6939.324086 0.323044
69 6836.408452 1.801332
71 6948.408173 0.192560
34 6950.329996 0.164954
56 6929.832911 0.459376
48 6849.798079 1.609002
54 6586.891605 5.385410
48 6863.809969 1.407734
39 6932.935940 0.414804
48 6959.110324 0.038833
99 6943.256640 0.266557
93 6890.785796 1.020252
75 6790.648643 2.458629
54 6806.200178 2.235246
49 6952.421826 0.134907
43 6912.072919 0.714482
88 6952.856460 0.128664
47 6942.012047 0.284434
82 6928.439804 0.479387
40 6958.185956 0.052111
80 6946.060973 0.226275
130 6932.139574 0.426243
149 6933.807919 0.402279
169 6889.794571 1.034490
29 6936.963677 0.356949
72 6549.061573 5.928803
59 6908.923467 0.759721
85 6941.614574 0.290143
57 6801.242968 2.306451
63 6939.923620 0.314432
51 6959.540240 0.032658
125 6961.167386 0.009285
67 6929.196593 0.468516
40 6897.645994 0.921711
70 6952.785010 0.129690
140 6930.081468 0.455806
85 6956.400206 0.077761
40 6960.318356 0.021481
42 6941.287903 0.294836
142 6956.381648 0.078028
48 6325.711772 9.137016
41 6901.110805 0.871942
56 6954.936022 0.098793
80 6929.672563 0.461679
59 6903.292830 0.840600
67 6519.982456 6.346498
64 6944.805069 0.244315
104 6913.868252 0.688693
127 6867.711196 1.351697
54 6321.340607 9.199804
26 6939.207182 0.324723
98 6931.482297 0.435684
56 6946.251139 0.223543
63 6949.258781 0.180341
62 6937.549057 0.348541
62 6818.313614 2.061247
92 6524.410809 6.282889
37 6609.230959 5.064526
53 6916.270328 0.654190
75 6908.042687 0.772372
69 6525.749895 6.263654
73 6954.473262 0.105440
99 6944.876578 0.243288
51 6805.008751 2.252359
37 6933.586445 0.405460
168 6953.813897 0.114911
48 6934.205656 0.396566
64 6931.887612 0.429862
82 6935.780726 0.373941
50 6935.371359 0.379821
44 6936.850336 0.358577
118 6924.673677 0.533484
67 6882.213407 1.143386
80 6933.533434 0.406221
90 6939.401910 0.321926
66 6948.632649 0.189335
56 6397.051303 8.112290
102 6930.494280 0.449876
66 6901.398450 0.867811
113 6923.462321 0.550884
26 6925.536928 0.521084
62 6943.831332 0.258302
52 6876.240641 1.229179
43 6943.744959 0.259542
83 6948.889741 0.185642
62 6957.658530 0.059687
40 6950.016821 0.169453
80 6960.044929 0.025408
63 6948.702340 0.188334
40 6893.088330 0.987178
92 6956.663566 0.073978
101 6932.162328 0.425916
75 6489.388779 6.785948
68 6910.623001 0.735309
69 6941.234529 0.295602
59 6923.338877 0.552657
49 6948.954687 0.184709
58 6895.857571 0.947400
155 6454.089900 7.292983
37 6429.698769 7.643339
63 6929.202734 0.468428
41 6928.469259 0.478964
106 6914.484540 0.679841
82 6924.010377 0.543011
42 6928.880413 0.473058
38 6957.426445 0.063020
68 6953.160947 0.124290
50 6952.383612 0.135456
121 6784.261569 2.550373
101 6926.268790 0.510571
62 6935.329792 0.380418
62 6828.245346 1.918587
135 6941.617592 0.290100
162 6821.745458 2.011952
49 6915.291030 0.668257
50 6780.169701 2.609149
122 6949.690979 0.174133
72 6948.788852 0.187091
46 6622.694863 4.871129
52 6959.480540 0.033515
95 6919.694685 0.605002
47 6859.925288 1.463534
60 6590.883545 5.328069
100 6943.148803 0.268106
64 6924.699030 0.533119
61 6937.776493 0.345274
134 6934.429694 0.393347
55 6935.356649 0.380033
66 6955.427009 0.091740
66 6896.804178 0.933803
111 6879.853582 1.177283
48 6830.445393 1.886986
83 6935.998822 0.370808
145 6938.903895 0.329080
134 6858.316745 1.486639
137 6923.886974 0.544784
85 6918.887374 0.616598
79 6948.119279 0.196709
73 6883.033021 1.131613
95 6909.284847 0.754530
90 6896.505050 0.938100
110 6949.857404 0.171743
117 6326.225510 9.129637
113 6635.191182 4.691631
122 6940.397910 0.307620
