12 -0.264580 5.832041
13 -0.274948 9.979104
15 -0.257546 3.018450
20 -0.250000 0.000059
20 -0.269168 7.667252
23 -0.264567 5.826719
27 -0.250463 0.185313
28 -0.262827 5.130729
28 -0.266835 6.733981
32 -0.257933 3.173308
33 -0.274082 9.632948
33 -0.270350 8.140043
35 -0.272226 8.890531
36 -0.262863 5.145379
36 -0.268555 7.421962
37 -0.253685 1.473886
39 -0.265418 6.167058
12 -0.264974 5.989752
41 -0.266542 6.616840
41 -0.264645 5.858084
42 -0.263012 5.204699
43 -0.268281 7.312377
45 -0.267237 6.894952
48 -0.260526 4.210234
49 -0.261707 4.682707
49 -0.270796 8.318219
19 -0.259268 3.707209
52 -0.270542 8.216803
53 -0.269453 7.781221
53 -0.270824 8.329588
50 -0.274611 9.844268
56 -0.273618 9.447115
51 -0.268201 7.280501
60 -0.264682 5.872616
63 -0.274404 9.761581
63 -0.262135 4.854062
65 -0.258790 3.515899
21 -0.274210 9.683832
39 -0.272332 8.932750
45 -0.274881 9.952489
68 -0.272193 8.877082
60 -0.265436 6.174350
71 -0.267347 6.938786
72 -0.274009 9.603772
72 -0.268665 7.465888
69 -0.268147 7.258614
68 -0.266648 6.659001
73 -0.260775 4.310071
39 -0.270475 8.189965
79 -0.251711 0.684526
25 -0.268343 7.337052
31 -0.268744 7.497768
47 -0.272114 8.845419
61 -0.273781 9.512308
20 -0.260232 4.092793
85 -0.270907 8.362674
70 -0.269712 7.884716
49 -0.267594 7.037759
20 -0.274255 9.701834
68 -0.257390 2.955909
77 -0.261674 4.669514
35 -0.259812 3.924756
92 -0.268787 7.514914
13 -0.251616 0.646325
93 -0.273304 9.321586
53 -0.273611 9.444489
13 -0.272898 9.159253
33 -0.272814 9.125611
48 -0.250164 0.065446
64 -0.253817 1.526758
56 -0.272209 8.883406
63 -0.274520 9.807969
103 -0.274350 9.739904
44 -0.264428 5.771265
60 -0.263728 5.491104
76 -0.274623 9.849156
40 -0.274222 9.688835
47 -0.274979 9.991596
44 -0.269345 7.737883
44 -0.274703 9.881024
111 -0.271213 8.485398
76 -0.264518 5.807055
97 -0.253296 1.318230
41 -0.271898 8.759068
114 -0.273345 9.338065
15 -0.266898 6.759082
7 -0.261735 4.694196
57 -0.262245 4.898106
64 -0.272674 9.069666
25 -0.269098 7.639381
25 -0.251755 0.701928
95 -0.274342 9.736813
39 -0.257496 2.998215
91 -0.270555 8.221957
76 -0.251920 0.767896
21 -0.264863 5.945309
68 -0.260492 4.196975
21 -0.265427 6.170719
32 -0.267907 7.162839
84 -0.273721 9.488221
16 -0.263778 5.511140
104 -0.264989 5.995604
17 -0.260099 4.039508
115 -0.252031 0.812388
64 -0.267657 7.062827
59 -0.272030 8.811973
51 -0.262563 5.025002
48 -0.260163 4.065071
51 -0.269609 7.843768
27 -0.274167 9.666847
45 -0.270493 8.197337
48 -0.272708 9.083251
68 -0.254195 1.677911
17 -0.268704 7.481661
44 -0.257267 2.906620
48 -0.269290 7.715842
60 -0.258382 3.352968
32 -0.272579 9.031680
85 -0.261134 4.453767
123 -0.266947 6.778822
56 -0.273718 9.487248
44 -0.274528 9.811115
23 -0.270183 8.073209
65 -0.273172 9.268965
72 -0.258529 3.411738
81 -0.250582 0.232768
36 -0.273437 9.374677
53 -0.272522 9.008886
36 -0.272556 9.022472
51 -0.274094 9.637749
93 -0.259559 3.823582
81 -0.257367 2.946893
39 -0.265432 6.172799
21 -0.274146 9.658455
37 -0.274578 9.831373
89 -0.274166 9.666289
35 -0.269513 7.805048
61 -0.270929 8.371732
13 -0.272277 8.910880
92 -0.262991 5.196250
28 -0.273234 9.293481
87 -0.268479 7.391441
56 -0.250021 0.008411
27 -0.259781 3.912579
73 -0.269642 7.856749
67 -0.269511 7.804373
47 -0.269968 7.987103
11 -0.269754 7.901652
124 -0.273282 9.312691
40 -0.273042 9.216944
81 -0.250469 0.187474
37 -0.267604 7.041503
45 -0.272046 8.818227
67 -0.258351 3.340204
140 -0.262794 5.117442
17 -0.273738 9.495198
27 -0.272198 8.879260
147 -0.271548 8.619226
60 -0.250002 0.000708
19 -0.256998 2.799364
65 -0.255173 2.069073
33 -0.270451 8.180480
81 -0.268852 7.540914
91 -0.274525 9.810193
73 -0.271682 8.672945
43 -0.272376 8.950600
68 -0.265767 6.306663
96 -0.274740 9.895893
52 -0.272103 8.841254
64 -0.250317 0.126932
59 -0.269821 7.928542
136 -0.252217 0.886891
32 -0.263309 5.323763
80 -0.266906 6.762459
49 -0.272070 8.827822
51 -0.270132 8.052935
36 -0.272257 8.902812
75 -0.273997 9.598721
48 -0.256680 2.671844
75 -0.257019 2.807799
73 -0.266501 6.600567
125 -0.251404 0.561724
173 -0.263354 5.341718
81 -0.266999 6.799743
79 -0.271973 8.789265
79 -0.274436 9.774223
91 -0.273866 9.546463
71 -0.272230 8.891944
69 -0.267785 7.114023
97 -0.250027 0.010693
75 -0.254924 1.969538
129 -0.268496 7.398424
129 -0.273461 9.384439
101 -0.262023 4.809214
186 -0.271021 8.408398
115 -0.272596 9.038439
145 -0.252789 1.115548
167 -0.272858 9.143365
263 -0.273785 9.514168
392 -0.273263 9.305102
