10 -1.058129 5.812875
failed to find solution after reaching max emtpy limit -- 15 iterations and 9 function evals
21 -1.005881 0.588146
20 -1.023683 2.368266
43 -1.005948 0.594787
43 -1.032821 3.282121
47 -1.039923 3.992275
48 -1.059419 5.941936
54 -1.096545 9.654489
61 -1.098313 9.831305
59 -1.091125 9.112484
65 -1.000244 0.024355
61 -1.097760 9.776023
62 -1.000539 0.053902
62 -1.077067 7.706685
13 -1.032293 3.229274
73 -1.011269 1.126943
76 -1.002790 0.278975
65 -1.077459 7.745884
42 -1.014842 1.484162
67 -1.065115 6.511456
75 -1.002776 0.277607
58 -1.000673 0.067281
68 -1.043138 4.313772
72 -1.045251 4.525095
79 -1.086798 8.679752
84 -1.002745 0.274470
75 -1.087685 8.768546
67 -1.073082 7.308181
37 -1.010000 1.000046
77 -1.010913 1.091341
73 -1.001409 0.140937
78 -1.010824 1.082419
80 -1.043428 4.342781
80 -1.008862 0.886221
39 -1.032370 3.237000
82 -1.092433 9.243347
85 -1.096859 9.685948
12 -1.037331 3.733129
86 -1.089305 8.930466
60 -1.066033 6.603295
10 -1.087654 8.765367
95 -1.084571 8.457096
81 -1.091439 9.143872
74 -1.000905 0.090466
88 -1.001627 0.162728
failed to find solution after reaching max emtpy limit -- 19 iterations and 13 function evals
77 -1.013965 1.396538
58 -1.083012 8.301230
85 -1.059682 5.968250
94 -1.091529 9.152858
67 -1.099972 9.997208
93 -1.089231 8.923109
93 -1.095995 9.599481
103 -1.014222 1.422207
104 -1.084791 8.479136
58 -1.029962 2.996237
54 -1.007709 0.770922
97 -1.085360 8.536003
58 -1.086099 8.609939
122 -1.007953 0.795325
10 -1.093288 9.328763
97 -1.095987 9.598671
10 -1.013684 1.368427
31 -1.007045 0.704453
68 -1.002528 0.252847
63 -1.014632 1.463188
55 -1.057750 5.775025
69 -1.016094 1.609424
71 -1.009805 0.980463
68 -1.018496 1.849570
83 -1.009329 0.932867
71 -1.090886 9.088595
64 -1.005947 0.594690
73 -1.090510 9.051035
65 -1.018878 1.887752
73 -1.011512 1.151161
73 -1.019519 1.951946
29 -1.005122 0.512222
61 -1.013052 1.305180
8 -1.047869 4.786880
61 -1.047132 4.713156
101 -1.087742 8.774151
14 -1.093685 9.368476
33 -1.015298 1.529831
80 -1.027539 2.753906
56 -1.047668 4.766786
60 -1.006727 0.672684
41 -1.026018 2.601816
65 -1.015491 1.549099
11 -1.023070 2.307012
93 -1.048789 4.878948
60 -1.006566 0.656621
56 -1.029133 2.913300
25 -1.034350 3.434963
83 -1.051724 5.172428
44 -1.020104 2.010378
98 -1.094958 9.495769
72 -1.099981 9.998118
107 -1.005775 0.577481
71 -1.052015 5.201502
112 -1.087980 8.797984
39 -1.015840 1.583965
36 -1.065747 6.574709
57 -1.006760 0.675993
67 -1.008347 0.834701
47 -1.053781 5.378093
failed to find solution after reaching max emtpy limit -- 28 iterations and 15 function evals
65 -1.005900 0.590002
53 -1.001136 0.113616
92 -1.090436 9.043597
81 -1.021857 2.185656
68 -1.009507 0.950655
60 -1.097457 9.745685
69 -1.098966 9.896556
56 -1.099578 9.957774
69 -1.020148 2.014771
89 -1.017845 1.784451
79 -1.007627 0.762742
77 -1.093661 9.366127
74 -1.005575 0.557466
87 -1.092000 9.200047
55 -1.008059 0.805945
75 -1.011796 1.179613
11 -1.024192 2.419163
69 -1.095875 9.587536
83 -1.002927 0.292656
101 -1.092954 9.295374
128 -1.085649 8.564896
132 -1.078508 7.850832
132 -1.069962 6.996171
88 -1.095759 9.575881
71 -1.015396 1.539557
93 -1.066030 6.602977
108 -1.075032 7.503217
80 -1.098840 9.884040
63 -1.097475 9.747478
45 -1.059583 5.958321
85 -1.069719 6.971900
67 -1.002318 0.231846
69 -1.008295 0.829524
75 -1.010328 1.032759
74 -1.099694 9.969420
59 -1.012222 1.222186
77 -1.038035 3.803495
95 -1.096164 9.616411
69 -1.000787 0.078749
69 -1.000886 0.088557
52 -1.009687 0.968681
83 -1.013274 1.327359
52 -1.044684 4.468407
144 -1.083317 8.331658
80 -1.026195 2.619501
111 -1.074611 7.461057
82 -1.098815 9.881521
68 -1.009290 0.929017
43 -1.005391 0.539076
101 -1.093600 9.360011
88 -1.089862 8.986195
169 -1.079850 7.985007
82 -1.002221 0.222117
132 -1.083306 8.330561
69 -1.015380 1.537997
71 -1.000299 0.029913
45 -1.060677 6.067716
74 -1.095536 9.553569
55 -1.052310 5.230978
161 -1.088790 8.878959
65 -1.091015 9.101537
184 -1.026110 2.611047
84 -1.006558 0.655758
89 -1.051343 5.134277
73 -1.021866 2.186604
68 -1.015987 1.598699
82 -1.099388 9.938803
82 -1.086744 8.674446
214 -1.006093 0.609291
166 -1.093508 9.350800
82 -1.002365 0.236543
136 -1.004123 0.412272
158 -1.087969 8.796920
118 -1.097088 9.708798
93 -1.016401 1.640081
101 -1.002597 0.259665
150 -1.093542 9.354220
195 -1.086134 8.613418
224 -1.093996 9.399570
175 -1.061686 6.168564
276 -1.061763 6.176253
295 -1.075924 7.592434
314 -1.085381 8.538088
320 -1.078554 7.855365
failed to find solution after reaching max emtpy limit -- 899 iterations and 369 function evals
failed to find solution in 1200 iterations and 474 function evals
failed to find solution in 1200 iterations and 507 function evals
failed to find solution in 1200 iterations and 516 function evals
failed to find solution in 1200 iterations and 511 function evals
failed to find solution in 1200 iterations and 475 function evals
failed to find solution in 1200 iterations and 494 function evals
failed to find solution in 1200 iterations and 538 function evals
