19 41.422319 5.858367
21 40.071465 8.928489
22 40.656018 7.599959
23 39.698003 9.777266
24 40.303370 8.401432
24 39.625316 9.942465
24 43.766506 0.530668
76 43.767908 0.527483
19 39.670072 9.840746
99 40.535355 7.874194
107 42.376241 3.690362
107 42.763784 2.809582
106 43.191681 1.837089
108 43.617913 0.868381
103 43.868077 0.299824
103 43.244655 1.716693
111 43.277263 1.642585
115 43.608518 0.889732
117 42.836178 2.645050
108 43.558994 1.002285
121 43.482582 1.175949
121 43.125610 1.987250
121 43.363704 1.446128
121 42.825543 2.669221
121 43.609548 0.887391
26 40.068915 8.934284
117 43.916119 0.190639
127 41.738917 5.138826
132 43.641081 0.815724
135 43.640254 0.817604
75 43.432169 1.290524
90 42.535027 3.329485
108 42.831901 2.654770
21 40.163019 8.720412
111 43.463442 1.219450
164 43.465743 1.214219
22 39.799455 9.546694
106 42.921872 2.450291
108 43.288218 1.617687
130 42.708511 2.935202
110 43.465563 1.214630
107 43.640268 0.817573
120 41.799214 5.001787
134 43.690773 0.702789
123 42.481515 3.451102
129 42.324127 3.808803
122 42.252357 3.971916
142 43.387861 1.391226
18 40.380119 8.227003
68 42.444253 3.535788
104 43.371144 1.429217
149 42.795910 2.736567
111 43.878625 0.275852
109 43.573380 0.969591
63 43.528744 1.071037
134 43.332513 1.517016
117 42.939313 2.410652
295 42.237694 4.005240
94 42.752636 2.834918
130 42.005419 4.533139
118 43.570180 0.976864
311 41.524270 5.626660
123 43.398035 1.368101
18 41.546096 5.577054
112 42.648591 3.071385
326 41.154409 6.467252
22 39.688954 9.797833
342 40.552060 7.836227
340 40.497828 7.959483
71 43.385954 1.395560
351 39.798452 9.548973
349 42.209810 4.068613
356 42.550670 3.293931
112 43.707449 0.664889
293 42.626661 3.121224
297 41.624728 5.398345
197 43.838540 0.366954
372 40.477919 8.004729
352 40.680457 7.544415
311 40.798585 7.275942
120 43.597900 0.913864
97 43.718557 0.639643
386 40.633342 7.651496
322 41.075829 6.645842
106 43.889183 0.251856
130 43.210478 1.794369
23 41.326195 6.076829
122 43.736509 0.598842
14 39.831885 9.472989
338 41.814419 4.967228
111 43.386176 1.395055
398 40.745864 7.395764
403 41.292764 6.152809
18 41.934341 4.694680
26 39.767886 9.618442
337 42.052829 4.425389
24 41.507590 5.664569
356 42.965463 2.351220
125 43.881213 0.269971
412 41.034622 6.739495
313 42.666764 3.030082
122 43.446665 1.257581
113 43.447408 1.255891
426 42.293970 3.877341
111 43.892882 0.243450
437 40.094723 8.875630
433 40.948243 6.935812
417 40.460984 8.043219
440 41.386429 5.939933
139 42.746944 2.847855
126 43.057305 2.142489
308 40.785882 7.304813
451 40.486548 7.985117
396 40.419076 8.138463
123 43.421700 1.314319
392 42.101991 4.313656
343 42.145185 4.215490
134 42.313483 3.832994
17 40.798886 7.275259
132 41.659253 5.319879
70 43.460890 1.225250
126 43.456625 1.234943
101 43.389422 1.387678
305 42.398104 3.640672
333 40.841304 7.178854
113 42.763116 2.811100
139 43.596382 0.917315
436 41.034253 6.740334
132 41.432101 5.836134
369 40.047062 8.983950
276 43.356179 1.463229
34 40.148647 8.753075
131 43.468532 1.207883
101 43.567214 0.983604
398 40.460085 8.045262
333 40.986931 6.847885
103 43.256197 1.690461
428 41.098030 6.595386
27 40.396525 8.189716
301 40.767239 7.347183
71 43.608566 0.889623
324 41.044680 6.716637
157 43.233458 1.742141
14 42.424222 3.581314
121 43.041383 2.178675
323 42.131054 4.247604
117 43.196054 1.827150
347 42.271070 3.929387
283 41.216560 6.325999
300 41.951061 4.656679
119 43.592492 0.926156
155 43.853600 0.332728
319 41.514865 5.648035
304 40.369813 8.250424
125 43.518637 1.094007
115 43.724102 0.627041
324 40.614059 7.695321
356 41.581946 5.495577
493 40.804823 7.261766
454 40.657602 7.596360
162 42.510605 3.384989
118 43.125549 1.987388
128 41.475484 5.737536
114 43.518882 1.093450
450 42.126504 4.257944
101 43.918211 0.185885
343 40.206219 8.622229
349 40.542006 7.859078
122 43.380671 1.407566
378 40.409477 8.160278
386 40.923050 6.993068
302 40.811267 7.247120
119 42.657392 3.051382
263 41.251166 6.247349
345 40.365498 8.260231
311 41.515687 5.646165
353 41.876331 4.826520
227 41.613994 5.422741
228 39.753084 9.652082
335 40.663018 7.584050
359 40.882174 7.085969
359 40.605899 7.713867
289 42.317771 3.823247
439 41.220728 6.316528
543 41.476710 5.734750
438 41.239634 6.273559
370 40.750165 7.385989
375 40.669975 7.568238
433 40.516907 7.916121
353 41.484097 5.717961
397 41.358407 6.003620
363 40.451667 8.064393
376 41.256698 6.234778
332 41.711923 5.200175
332 40.665879 7.577548
387 41.000104 6.817946
376 39.686560 9.803273
426 41.560458 5.544414
400 41.321826 6.086759
578 41.866666 4.848486
