17 -1.003846 5.276906
19 -0.986969 3.506938
19 -1.016426 6.596232
19 -1.020054 6.976747
19 -0.990741 3.902557
20 -1.016462 6.600072
20 -1.021271 7.104387
20 -1.039534 9.019711
20 -0.970166 1.744754
20 -1.033280 8.363761
21 -1.033620 8.399480
21 -0.984543 3.252515
21 -1.028104 7.820995
21 -1.032462 8.278027
21 -1.048844 9.996012
22 -1.008473 5.762226
22 -0.996399 4.495925
22 -1.016950 6.651165
22 -1.022338 7.216244
22 -1.025055 7.501189
22 -0.983515 3.144718
22 -1.028463 7.858573
23 -0.983841 3.178931
23 -1.010159 5.938956
23 -0.967308 1.445059
24 -0.996537 4.510387
24 -0.997263 4.586573
24 -0.976604 2.419922
24 -1.023940 7.384252
24 -1.033270 8.362704
24 -0.981301 2.912596
24 -0.961370 0.822374
25 -0.973721 2.117621
25 -1.005374 5.437151
25 -0.982361 3.023699
25 -1.037727 8.830127
25 -1.020603 7.034349
25 -0.977365 2.499824
26 -1.031522 8.179456
26 -0.991344 3.965811
26 -0.998683 4.735529
27 -0.963346 1.029522
19 -0.975592 2.313874
28 -0.973030 2.045109
29 -0.966586 1.369309
29 -0.979135 2.685394
29 -0.962103 0.899192
29 -1.014655 6.410570
30 -0.965925 1.300045
19 -1.027860 7.795386
21 -0.998381 4.703786
18 -1.022631 7.246940
20 -1.036570 8.708829
22 -1.005307 5.430163
21 -0.984249 3.221698
19 -1.004927 5.390336
22 -1.003927 5.285478
17 -1.034905 8.534251
19 -0.984743 3.273588
20 -0.997283 4.588650
18 -1.026768 7.680868
20 -1.042769 9.358978
22 -0.967207 1.434467
22 -0.999459 4.816885
20 -0.974932 2.244675
19 -0.986332 3.440207
23 -1.008954 5.812647
20 -1.006563 5.561843
26 -0.972008 1.937958
24 -0.987446 3.557035
20 -0.999084 4.777549
27 -0.997571 4.618811
25 -0.977371 2.500386
20 -0.992829 4.121573
18 -1.029722 7.990611
26 -0.973103 2.052780
22 -1.003594 5.250480
24 -1.029773 7.996043
27 -0.971980 1.934987
23 -1.034462 8.487702
27 -1.023583 7.346849
22 -1.008936 5.810778
23 -0.979620 2.736263
23 -0.999059 4.774931
26 -0.973014 2.043490
25 -0.982370 3.024674
26 -1.005016 5.399661
25 -0.996832 4.541382
21 -1.030272 8.048297
19 -1.037536 8.810127
21 -1.012970 6.233782
18 -1.020065 6.977860
24 -1.037658 8.822881
25 -0.974645 2.214492
21 -1.009934 5.915447
28 -1.024667 7.460554
20 -0.988165 3.632407
19 -0.997034 4.562569
17 -1.012269 6.160269
28 -0.967829 1.499721
21 -1.020956 7.071345
24 -0.981048 2.886047
26 -0.976083 2.365381
21 -1.036264 8.676771
23 -0.976923 2.453385
27 -1.003587 5.249816
20 -1.016634 6.618064
24 -1.011076 6.035205
27 -1.020625 7.036597
26 -1.025647 7.563249
22 -1.001134 4.992544
27 -1.030318 8.053165
21 -1.019944 6.965241
27 -0.982545 3.042993
22 -0.968056 1.523513
21 -0.985584 3.361713
26 -0.970256 1.754223
23 -1.031196 8.145229
28 -0.959891 0.667257
23 -0.997161 4.575849
23 -1.006021 5.505061
23 -0.977920 2.558015
23 -0.991196 3.950318
22 -0.966562 1.366810
29 -0.966214 1.330335
22 -0.998588 4.725492
19 -0.987420 3.554311
26 -0.969556 1.680811
30 -1.033646 8.402172
28 -0.990359 3.862494
24 -0.977464 2.510205
21 -0.965575 1.263330
23 -0.971888 1.925350
24 -1.007050 5.612911
23 -0.979930 2.768757
17 -1.022981 7.283669
27 -0.984518 3.249988
27 -0.996403 4.496371
20 -0.978337 2.601714
29 -0.976101 2.367274
23 -1.031512 8.178364
27 -0.991027 3.932563
27 -0.973238 2.066998
29 -0.985600 3.363465
23 -0.978995 2.670732
19 -1.035524 8.599165
25 -0.978952 2.666181
24 -0.998351 4.700698
25 -0.979637 2.738005
23 -1.004699 5.366438
23 -0.996297 4.485235
33 -0.956127 0.272526
26 -1.025995 7.599762
29 -0.978359 2.604066
24 -1.047668 9.872667
18 -1.032000 8.229577
19 -1.048410 9.950554
32 -0.968595 1.580037
24 -0.968805 1.602037
19 -1.025084 7.504215
17 -1.031770 8.205384
18 -1.037220 8.777031
26 -0.964740 1.175707
22 -0.964478 1.148266
24 -0.971193 1.852551
22 -0.984021 3.197868
25 -1.004487 5.344192
25 -1.006773 5.583858
26 -0.982777 3.067352
19 -1.026794 7.683529
28 -0.973850 2.131145
23 -0.963132 1.007128
20 -0.999578 4.829307
24 -1.006442 5.549166
26 -0.979811 2.756278
22 -0.990918 3.921106
20 -1.008547 5.769996
26 -0.971022 1.834552
27 -0.984345 3.231850
24 -0.996302 4.485797
20 -0.997813 4.644232
26 -0.978419 2.610297
24 -0.971741 1.909973
23 -0.970460 1.775681
20 -1.047775 9.883931
21 -0.968781 1.599517
21 -0.991424 3.974206
31 -0.960001 0.678713
28 -0.964329 1.132642
30 -0.969098 1.632831
24 -0.962570 0.948228
25 -1.001315 5.011538
23 -0.972165 1.954411
25 -1.019416 6.909808
23 -1.018745 6.839402
25 -0.980605 2.839525
27 -1.014342 6.377716
26 -0.963781 1.075199
27 -1.022634 7.247299
29 -0.981216 2.903650
