31 20.568192 9.100574
39 21.105778 6.724756
24 20.474431 9.514943
37 21.132485 6.606730
26 21.287962 5.919611
30 21.948811 2.999045
21 21.497969 4.991501
40 21.021374 7.097776
25 21.560781 4.713909
30 22.192286 1.923025
42 20.459617 9.580413
38 20.658639 8.700852
36 21.342106 5.680326
31 20.406889 9.813439
28 20.708412 8.480886
28 22.321113 1.353685
30 21.585929 4.602769
35 21.672148 4.221732
56 21.800151 3.656032
32 21.985635 2.836301
30 21.725099 3.987719
32 21.854525 3.415732
28 21.601390 4.534443
32 20.884961 7.700642
25 21.460534 5.156942
37 22.253447 1.652728
27 20.890622 7.675621
27 21.191859 6.344330
31 22.151083 2.105118
38 21.429808 5.292736
33 20.759713 8.254163
29 21.277345 5.966530
29 21.587263 4.596875
26 21.250461 6.085342
26 21.528224 4.857795
20 20.572267 9.082567
26 22.348380 1.233182
34 21.353295 5.630878
29 21.665310 4.251954
33 21.730092 3.965653
34 22.582662 0.197791
24 21.342216 5.679841
31 20.403939 9.826478
31 21.524021 4.876368
32 21.311646 5.814940
26 20.579384 9.051112
28 21.309818 5.823020
37 21.846973 3.449108
33 21.340050 5.689413
29 22.612592 0.065520
32 22.270378 1.577903
27 21.341679 5.682213
27 21.862818 3.379084
31 20.443190 9.653013
31 21.053272 6.956804
36 22.615371 0.053235
44 22.565922 0.271770
32 21.440761 5.244330
24 21.514990 4.916278
34 20.617697 8.881791
44 21.262987 6.029987
41 21.932954 3.069122
30 20.622639 8.859953
28 20.815439 8.007888
35 22.618542 0.039221
33 22.258932 1.628487
30 21.371894 5.548679
28 21.264074 6.025180
39 22.099013 2.335237
34 21.655974 4.293212
40 21.628677 4.413851
33 21.262593 6.031726
39 20.410534 9.797333
38 21.886150 3.275969
30 21.670587 4.228629
25 21.930312 3.080799
34 21.076830 6.852689
39 21.684650 4.166479
30 20.502338 9.391609
35 22.064930 2.485864
23 21.123063 6.648368
50 22.374070 1.119646
33 21.928628 3.088241
37 22.281135 1.530364
29 22.019959 2.684611
27 21.224114 6.201781
34 21.977035 2.874311
29 21.308983 5.826709
32 21.274335 5.979834
24 20.366124 9.993596
56 22.536747 0.400710
34 21.161052 6.480478
29 20.703142 8.504175
29 22.175000 1.999420
34 21.651175 4.314423
26 20.908958 7.594589
34 20.438182 9.675143
31 21.953815 2.976928
24 22.087068 2.388028
28 21.144444 6.553877
29 21.094895 6.772853
41 21.201199 6.303051
38 22.469074 0.699782
22 21.254190 6.068865
23 21.494632 5.006248
28 21.429450 5.294315
36 21.813650 3.596378
39 22.032725 2.628193
37 21.762766 3.821255
33 21.469331 5.118065
31 20.594430 8.984620
31 21.430520 5.289586
32 21.889179 3.262582
42 21.717051 4.023289
32 21.160361 6.483533
30 21.664916 4.253694
33 22.508094 0.527338
24 21.851782 3.427854
33 21.270127 5.998429
19 20.382798 9.919908
35 21.592427 4.574054
33 20.378293 9.939819
34 21.056160 6.944040
28 21.511355 4.932344
37 22.106020 2.304271
33 21.704156 4.080276
37 22.522039 0.465707
32 21.630831 4.404330
36 21.646124 4.336744
29 20.374237 9.957741
35 21.151855 6.521124
30 20.452438 9.612141
38 22.359929 1.182141
29 20.742928 8.328344
36 22.240772 1.708747
32 22.387975 1.058195
28 22.474380 0.676333
42 21.527568 4.860691
30 21.043792 6.998699
28 21.054649 6.950719
32 22.118435 2.249402
35 22.066716 2.477970
32 22.608041 0.085629
31 21.407065 5.393245
28 20.850931 7.851034
38 22.303761 1.430369
25 22.151225 2.104492
26 22.531433 0.424192
33 21.275269 5.975707
55 21.000869 7.188395
26 22.265270 1.600477
28 21.400512 5.422204
28 22.216039 1.818053
33 21.859282 3.394708
24 22.267115 1.592325
25 20.472158 9.524990
23 21.387748 5.478614
46 20.749765 8.298126
41 22.608272 0.084609
25 21.035884 7.033650
36 22.527851 0.440023
35 22.309961 1.402972
22 21.743203 3.907710
27 22.610375 0.075317
36 22.591583 0.158366
32 20.994146 7.218105
29 22.044962 2.574112
39 22.171183 2.016290
32 22.035639 2.615316
36 22.070316 2.462060
31 20.694112 8.544080
19 21.560169 4.716616
35 21.093330 6.779771
33 21.184114 6.378559
33 20.412592 9.788238
44 20.998597 7.198434
25 22.432276 0.862407
43 21.832859 3.511482
35 22.094670 2.354431
34 21.289705 5.911906
28 21.403767 5.407822
29 22.279495 1.537614
29 21.473506 5.099616
42 21.959357 2.952435
28 20.910108 7.589504
39 22.503055 0.549609
29 20.891351 7.672398
36 20.664328 8.675710
30 21.774239 3.770550
32 21.009829 7.148798
36 21.952936 2.980811
29 21.169756 6.442013
34 20.774123 8.190481
44 20.821335 7.981829
34 20.886538 7.693669
34 21.842919 3.467023
34 22.258790 1.629118
31 20.986522 7.251802
33 22.129585 2.200128
36 21.185983 6.370299
