11 3120.283872 9.714008
11 3386.339734 2.015633
13 3246.495640 6.062047
13 3200.472087 7.393747
15 3206.191294 7.228261
14 3234.159937 6.418983
12 3395.132481 1.761213
15 3334.206107 3.524129
14 3286.793788 4.896013
15 3376.959252 2.287059
15 3308.667474 4.263094
15 3343.517726 3.254695
15 3290.567136 4.786831
19 3437.620188 0.531823
17 3406.950994 1.419242
17 3329.915530 3.648277
17 3448.411395 0.219578
17 3317.095129 4.019238
17 3203.484234 7.306590
11 3118.520430 9.765034
17 3314.234636 4.102007
17 3412.873693 1.247868
17 3286.057847 4.917308
17 3412.904504 1.246976
17 3397.138563 1.703167
17 3148.103265 8.909049
17 3355.292834 2.913980
17 3427.815334 0.815529
17 3182.677004 7.908651
18 3278.492662 5.136208
18 3339.942076 3.358158
15 3433.461849 0.652146
19 3290.039198 4.802107
18 3433.242807 0.658484
19 3318.934938 3.966003
17 3340.297479 3.347874
17 3323.443200 3.835556
19 3414.223815 1.208802
19 3342.673531 3.279122
19 3230.917766 6.512796
11 3176.245000 8.094763
19 3416.290477 1.149002
19 3385.653289 2.035495
19 3275.300868 5.228563
11 3143.318159 9.047507
22 3351.016666 3.037712
17 3175.845740 8.106315
22 3187.942811 7.756284
21 3449.555080 0.186485
15 3257.689476 5.738152
21 3451.590946 0.127577
21 3413.669899 1.224829
22 3432.592676 0.677295
22 3231.921381 6.483756
13 3163.138251 8.474009
17 3340.661686 3.337335
15 3176.217121 8.095569
17 3275.039794 5.236117
14 3327.687212 3.712754
17 3172.150548 8.213236
22 3444.762625 0.325156
21 3452.286864 0.107440
10 3310.703490 4.204181
15 3295.139531 4.654527
19 3346.654305 3.163938
16 3333.542107 3.543342
17 3381.786766 2.147374
15 3294.103650 4.684501
19 3382.901361 2.115123
13 3162.261306 8.499384
17 3347.074652 3.151775
16 3337.036984 3.442217
17 3149.053639 8.881550
19 3442.342977 0.395168
11 3188.883666 7.729061
12 3341.989683 3.298910
19 3323.220070 3.842012
19 3352.861141 2.984342
17 3364.854555 2.637310
17 3440.486302 0.448892
18 3131.599413 9.386591
19 3292.354653 4.735108
17 3348.188316 3.119551
17 3180.893493 7.960258
17 3285.396720 4.936438
17 3259.289101 5.691866
16 3222.117002 6.767448
11 3312.263493 4.159042
21 3339.480647 3.371509
17 3431.891550 0.697582
23 3440.267156 0.455233
17 3220.848257 6.804159
22 3360.674849 2.758251
21 3401.366238 1.580838
16 3419.554459 1.054558
17 3283.523152 4.990650
22 3168.545745 8.317542
16 3226.492458 6.640843
15 3262.105771 5.610365
18 3263.659894 5.565397
18 3419.539657 1.054987
24 3365.801706 2.609904
16 3437.498938 0.535332
14 3277.785027 5.156683
19 3298.631972 4.553473
24 3445.199022 0.312528
22 3399.094493 1.646571
18 3263.553138 5.568486
16 3355.526458 2.907221
15 3312.939893 4.139471
17 3261.113003 5.639091
19 3309.896822 4.227523
15 3184.612592 7.852645
15 3186.393538 7.801113
17 3114.314049 9.886746
15 3307.185247 4.305982
21 3439.646740 0.473185
19 3419.911849 1.044217
21 3450.793046 0.150664
17 3154.029561 8.737571
15 3284.071629 4.974779
19 3238.753913 6.286056
17 3427.939393 0.811939
15 3147.915437 8.914484
14 3327.903428 3.706498
22 3432.150362 0.690094
17 3199.993949 7.407582
15 3289.772877 4.809813
19 3367.411800 2.563316
15 3194.012975 7.580643
20 3400.249417 1.613153
14 3131.934315 9.376901
16 3131.289943 9.395546
18 3369.909380 2.491048
13 3416.933951 1.130383
22 3353.016166 2.979856
22 3235.687247 6.374790
19 3398.220181 1.671870
16 3441.629409 0.415816
17 3382.406485 2.129442
24 3378.126376 2.253288
21 3406.969451 1.418708
13 3220.070827 6.826654
17 3334.949032 3.502632
15 3333.689343 3.539082
17 3136.126646 9.255595
17 3128.265795 9.483050
17 3439.027012 0.491117
17 3301.733415 4.463732
16 3313.543076 4.122017
22 3425.848566 0.872437
13 3355.099447 2.919576
15 3361.383439 2.737748
17 3253.595832 5.856602
17 3386.642474 2.006873
20 3274.935761 5.239127
13 3284.962882 4.948991
22 3249.489171 5.975429
18 3443.546108 0.360356
16 3320.222231 3.928755
14 3326.659598 3.742488
23 3427.624905 0.821039
22 3411.415943 1.290048
16 3153.337852 8.757585
17 3291.342510 4.764395
15 3409.462483 1.346572
23 3418.761527 1.077502
19 3366.162523 2.599464
15 3299.960592 4.515029
18 3359.890723 2.780940
19 3347.678591 3.134300
15 3363.766288 2.668800
17 3378.271915 2.249077
17 3218.895066 6.860675
19 3409.646386 1.341250
18 3386.554506 2.009418
24 3454.143779 0.053710
16 3331.681268 3.597186
21 3406.690223 1.426788
17 3373.943113 2.374331
17 3297.062122 4.598897
22 3394.607379 1.776407
18 3413.500502 1.229731
17 3342.977249 3.270334
19 3376.382524 2.303746
19 3244.641552 6.115696
22 3387.433483 1.983985
22 3267.742184 5.447275
19 3314.138071 4.104801
19 3449.330444 0.192985
17 3333.068147 3.557056
19 3354.807527 2.928023
22 3433.843034 0.641116
19 3366.190010 2.598669
19 3372.877836 2.405155
26 3417.041796 1.127263
22 3436.620128 0.560760
20 3283.369746 4.995088
22 3447.221384 0.254011
24 3422.629946 0.965569
