8 -320.317244 4.508073
10 -329.251820 7.423106
10 -331.260487 8.078462
10 -321.512671 4.898098
11 -333.091869 8.675977
11 -319.558125 4.260400
11 -330.186842 7.728170
11 -336.145847 9.672381
12 -331.494042 8.154663
12 -327.739774 6.929779
12 -328.276509 7.104897
12 -327.602308 6.884929
12 -330.851352 7.944976
13 -336.971744 9.941842
13 -332.884264 8.608243
13 -334.115937 9.010093
13 -336.172706 9.681144
14 -323.965480 5.698362
14 -322.937397 5.362935
14 -322.357696 5.173800
13 -322.765417 5.306825
11 -334.100965 9.005209
15 -326.872408 6.646789
15 -331.610671 8.192715
15 -326.632388 6.568479
15 -325.115503 6.073574
15 -323.916224 5.682292
15 -336.697297 9.852299
16 -323.497708 5.545745
16 -330.746748 7.910848
16 -323.209191 5.451612
16 -322.301590 5.155494
16 -333.079497 8.671940
17 -328.844283 7.290141
11 -324.284360 5.802401
17 -325.366313 6.155404
17 -321.644697 4.941173
13 -336.224723 9.698115
12 -325.062760 6.056366
18 -327.230727 6.763696
15 -322.132121 5.100203
12 -330.883221 7.955374
14 -323.631636 5.589441
19 -336.807315 9.888194
19 -330.108950 7.702757
19 -328.072527 7.038345
19 -334.571033 9.158575
19 -334.103290 9.005967
19 -333.763702 8.895172
14 -322.470763 5.210689
11 -334.779410 9.226561
20 -327.218753 6.759789
13 -323.961584 5.697091
20 -332.643173 8.529583
20 -325.447100 6.181762
11 -334.041385 8.985770
8 -330.226593 7.741140
15 -330.188907 7.728844
21 -334.736261 9.212483
12 -320.977700 4.723556
14 -336.063745 9.645594
14 -324.167046 5.764126
9 -333.252193 8.728285
22 -333.492348 8.806639
22 -329.371460 7.462140
14 -323.101778 5.416567
13 -331.477029 8.149112
14 -329.167648 7.395644
15 -331.922486 8.294449
18 -331.785610 8.249791
17 -332.245946 8.399983
11 -335.034041 9.309638
12 -330.813099 7.932496
17 -332.839295 8.593571
13 -324.997349 6.035024
14 -329.166713 7.395339
12 -322.881848 5.344812
12 -324.970413 6.026236
21 -330.988413 7.989694
15 -334.201837 9.038120
26 -333.715169 8.879337
13 -329.217318 7.411849
23 -325.436388 6.178267
15 -322.860917 5.337983
12 -331.920609 8.293837
16 -324.198891 5.774516
17 -335.245996 9.378792
18 -324.756683 5.956503
13 -324.121839 5.749377
14 -329.765904 7.590833
14 -329.495696 7.502674
19 -329.516132 7.509342
15 -331.788603 8.250768
14 -327.259148 6.772968
13 -321.408792 4.864206
18 -333.598286 8.841203
15 -325.892964 6.327231
17 -323.988757 5.705956
12 -334.311366 9.073855
20 -335.804989 9.561171
14 -336.884719 9.913448
21 -329.448928 7.487415
15 -328.453989 7.162802
13 -322.500048 5.220244
15 -322.926060 5.359237
16 -324.872895 5.994419
12 -322.771673 5.308866
20 -332.152199 8.369396
24 -329.468477 7.493793
18 -330.214403 7.737162
20 -331.263940 8.079589
14 -322.702089 5.286163
25 -330.050743 7.683766
15 -325.656778 6.250172
13 -336.078071 9.650268
13 -334.824965 9.241424
18 -323.414586 5.518625
13 -327.953184 6.999408
13 -324.068839 5.732085
16 -327.688258 6.912972
17 -327.795597 6.947993
12 -327.760745 6.936622
18 -322.020828 5.063892
12 -326.977985 6.681235
20 -322.885016 5.345845
16 -324.346421 5.822650
8 -327.730481 6.926748
15 -327.389681 6.815557
15 -332.344655 8.432188
13 -330.819618 7.934623
8 -331.601552 8.189740
11 -327.308412 6.789041
15 -329.851704 7.618827
22 -328.231824 7.090318
17 -329.768634 7.591724
14 -335.008051 9.301159
13 -325.931330 6.339749
8 -324.414159 5.844750
14 -326.859844 6.642690
12 -337.056626 9.969535
16 -330.746016 7.910609
16 -322.692238 5.282949
15 -320.676382 4.625247
16 -327.292853 6.783965
15 -329.718859 7.575484
20 -328.452649 7.162365
17 -328.627336 7.219359
20 -326.611000 6.561501
16 -334.954676 9.283744
11 -325.455178 6.184397
12 -332.195580 8.383550
12 -321.351215 4.845421
22 -334.172599 9.028580
17 -329.383192 7.465968
16 -322.618612 5.258927
11 -334.031829 8.982652
15 -322.138195 5.102184
21 -331.710991 8.225446
13 -333.533521 8.820072
11 -322.530310 5.230117
13 -323.987385 5.705509
14 -334.166622 9.026630
17 -330.840945 7.941581
16 -328.065901 7.036183
22 -329.677283 7.561919
15 -332.321172 8.424526
22 -323.110961 5.419563
13 -335.017738 9.304319
14 -336.251602 9.706885
12 -335.233419 9.374688
17 -323.958150 5.695971
11 -336.582969 9.814998
13 -324.746901 5.953312
12 -320.486989 4.563455
11 -336.383211 9.749824
11 -335.283756 9.391111
14 -328.591517 7.207673
14 -320.660079 4.619928
15 -335.121185 9.338070
20 -333.671670 8.865145
18 -336.837616 9.898080
15 -332.535006 8.494292
15 -325.386643 6.162037
17 -332.616803 8.520980
15 -327.338945 6.799003
17 -323.426258 5.522433
15 -320.774472 4.657250
20 -327.253211 6.771031
16 -325.561756 6.219170
18 -328.930992 7.318431
20 -331.358157 8.110329
18 -331.716415 8.227215
20 -322.236031 5.134105
21 -323.000297 5.383457
20 -330.718008 7.901471
24 -324.562590 5.893178
19 -332.118608 8.358437
21 -326.943496 6.669982
21 -323.294129 5.479324
26 -328.230151 7.089772
