13 21.145100 6.550976
13 22.341476 1.263692
19 21.945570 3.013366
23 21.436279 5.264138
22 20.868190 7.774757
20 22.008672 2.734492
22 21.195627 6.327678
19 21.762861 3.820835
25 20.541259 9.219602
24 20.807017 8.045105
24 22.298643 1.452992
22 21.827012 3.537325
30 21.801292 3.650993
26 21.892344 3.248594
26 21.310563 5.819728
28 21.775472 3.765100
21 20.408324 9.807100
26 21.305881 5.840421
27 20.988647 7.242410
27 22.486005 0.624960
20 20.447789 9.632687
34 21.838105 3.488299
29 20.569001 9.096997
23 21.737515 3.932850
32 20.422356 9.745087
25 21.108355 6.713368
30 20.973199 7.310680
31 22.431226 0.867049
31 21.071854 6.874682
29 20.463562 9.562978
24 22.125835 2.216702
39 20.751319 8.291258
26 21.793541 3.685244
29 22.053877 2.534711
19 20.421597 9.748438
37 22.578457 0.216374
43 22.346331 1.242238
23 22.079291 2.422396
24 22.082046 2.410222
31 22.481453 0.645074
30 22.408214 0.968751
25 21.623274 4.437726
23 21.863384 3.376581
19 20.642011 8.774339
27 20.775643 8.183762
32 21.867526 3.358274
42 22.311204 1.397477
27 20.668565 8.656985
43 21.369823 5.557834
19 21.742979 3.908703
23 21.698536 4.105114
29 22.372038 1.128628
25 20.680166 8.605717
30 21.987832 2.826594
26 22.081327 2.413399
33 21.533616 4.833963
26 21.645704 4.338601
29 22.471044 0.691078
23 21.969575 2.907279
44 22.466584 0.710787
26 22.290267 1.490005
27 21.596299 4.556941
40 22.279450 1.537811
27 20.790043 8.120121
17 22.141597 2.147040
25 21.863862 3.374470
18 21.079297 6.841787
39 21.272003 5.990140
21 21.319056 5.782195
17 21.651856 4.311412
24 21.658581 4.281692
30 21.919620 3.128052
48 21.436174 5.264600
29 21.837388 3.491467
35 21.052822 6.958794
23 21.653313 4.304971
26 22.346913 1.239664
32 22.515789 0.493329
38 21.346919 5.659057
20 21.376100 5.530092
23 20.897286 7.646172
34 21.626914 4.421640
33 22.177804 1.987027
18 21.014511 7.128103
32 21.872468 3.336436
26 20.604744 8.939038
25 21.938799 3.043292
27 22.047291 2.563821
27 22.120413 2.240663
20 21.357966 5.610233
23 20.746411 8.312952
17 21.000364 7.190626
21 21.617290 4.464171
23 20.455719 9.597641
56 20.446662 9.637667
26 21.593151 4.570851
35 22.069007 2.467848
23 21.364721 5.580382
30 22.194419 1.913601
22 21.094266 6.775636
23 22.428477 0.879198
20 21.596858 4.554470
25 21.148938 6.534014
25 21.743176 3.907828
23 21.452336 5.193174
35 21.849108 3.439672
28 20.825242 7.964561
26 21.437983 5.256607
23 21.959124 2.953465
23 21.579953 4.629182
30 21.993930 2.799645
21 20.655586 8.714345
20 20.373004 9.963190
22 22.505616 0.538290
35 22.472677 0.683859
26 21.612763 4.484180
26 20.679679 8.607868
33 22.477414 0.662924
29 22.170144 2.020878
22 21.005804 7.166586
19 21.587508 4.595792
34 22.498462 0.569906
24 21.637580 4.374504
40 21.856385 3.407511
29 20.380338 9.930781
32 21.849685 3.437124
27 21.363201 5.587097
29 21.687536 4.153726
14 21.045227 6.992356
19 20.574851 9.071144
36 21.270253 5.997875
24 21.833064 3.510580
36 21.570460 4.671136
34 21.018894 7.108734
23 21.296998 5.879676
29 21.683381 4.172087
19 21.619225 4.455621
31 20.468047 9.543156
26 20.605200 8.937019
27 21.442241 5.237785
26 21.065001 6.904967
25 20.970473 7.322729
18 21.884804 3.281916
28 22.560027 0.297823
27 21.698091 4.107081
32 21.411760 5.372497
19 21.386889 5.482413
34 20.423831 9.738567
27 20.820417 7.985888
40 20.946940 7.426730
41 22.262807 1.611364
28 21.282690 5.942909
31 22.610035 0.076818
24 20.710792 8.470365
24 22.435051 0.850146
26 21.530221 4.848966
21 20.519265 9.316802
27 22.050295 2.550542
19 20.782733 8.152430
25 21.562413 4.706699
18 21.539226 4.809169
35 21.050476 6.969162
26 21.945524 3.013569
27 21.496196 4.999339
23 21.350489 5.643276
30 22.219003 1.804954
25 22.341667 1.262848
28 20.537127 9.237863
28 20.897323 7.646009
31 21.083466 6.823365
22 20.483814 9.473476
22 21.613218 4.482168
18 22.084774 2.398167
49 20.676160 8.623417
32 20.576136 9.065469
33 21.245837 6.105778
30 21.683401 4.171999
28 22.051636 2.544618
31 21.260195 6.042323
20 20.713039 8.460435
21 21.823149 3.554395
29 22.602328 0.110879
33 21.497893 4.991840
25 22.287610 1.501751
23 22.097828 2.340477
28 22.325019 1.336423
30 22.349780 1.226994
22 22.367321 1.149471
25 21.783417 3.729990
67 21.348554 5.651831
25 20.561471 9.130276
24 21.547450 4.772826
28 21.736505 3.937313
23 20.444323 9.648002
25 21.659029 4.279709
24 22.535943 0.404263
31 21.204367 6.289051
24 21.253287 6.072853
36 22.053787 2.535109
29 21.297929 5.875563
