11 4.138390 9.756165
13 4.560682 0.547450
13 4.135098 9.827950
13 4.318151 5.836186
13 4.258946 7.127250
13 4.278986 6.690244
13 4.192081 8.585348
13 4.172890 9.003830
13 4.186952 8.697190
13 4.260820 7.086379
13 4.265662 6.980793
15 4.142615 9.664029
15 4.231589 7.723819
15 4.181137 8.823985
15 4.314369 5.918670
15 4.414038 3.745224
17 4.324362 5.700759
13 4.304113 6.142323
13 4.129201 9.956526
17 4.239486 7.551610
17 4.289847 6.453401
19 4.282108 6.622166
19 4.169811 9.070982
19 4.266638 6.959522
19 4.292047 6.405422
11 4.342027 5.315546
19 4.426529 3.472860
19 4.297791 6.280185
17 4.255939 7.192827
15 4.442357 3.127699
22 4.152038 9.458531
21 4.345836 5.232483
22 4.266177 6.969566
22 4.424103 3.525751
17 4.417400 3.671922
17 4.404671 3.949503
24 4.395464 4.150263
11 4.413610 3.754574
23 4.256901 7.171840
24 4.441800 3.139850
19 4.287623 6.501914
13 4.287211 6.510898
26 4.310746 5.997663
26 4.351852 5.101286
26 4.532967 1.151804
26 4.531676 1.179962
26 4.541400 0.967910
17 4.150189 9.498853
17 4.440651 3.164896
17 4.319889 5.798291
19 4.317418 5.852189
19 4.147238 9.563220
24 4.402008 4.007570
26 4.444053 3.090713
15 4.464208 2.651193
27 4.457074 2.806769
28 4.316183 5.879107
27 4.317985 5.839822
26 4.541562 0.964376
17 4.520762 1.417966
26 4.134991 9.830270
26 4.417953 3.659867
15 4.148993 9.524942
15 4.427979 3.441219
25 4.398231 4.089927
13 4.394614 4.168800
27 4.499108 1.890154
15 4.356785 4.993717
15 4.129134 9.958005
20 4.421714 3.577852
15 4.402955 3.986907
26 4.414263 3.740328
32 4.463675 2.662830
15 4.222030 7.932251
15 4.166363 9.146155
17 4.343291 5.287969
22 4.232743 7.698655
15 4.482842 2.244860
30 4.155691 9.378873
19 4.343717 5.278686
35 4.130466 9.928941
29 4.278946 6.691128
17 4.323799 5.713035
25 4.415182 3.720295
13 4.188431 8.664944
13 4.154767 9.399031
33 4.530012 1.216252
30 4.493671 2.008708
15 4.301775 6.193301
25 4.240180 7.536464
19 4.349131 5.160636
19 4.332174 5.530411
30 4.512653 1.594775
28 4.481857 2.266340
19 4.418910 3.638987
22 4.378676 4.516350
26 4.309001 6.035721
32 4.541480 0.966160
15 4.352620 5.084543
17 4.466387 2.603696
15 4.339069 5.380037
33 4.423633 3.535996
30 4.373808 4.622507
27 4.345465 5.240573
15 4.147734 9.552387
15 4.399715 4.057564
22 4.462744 2.683129
17 4.267704 6.936271
22 4.397318 4.109842
15 4.306089 6.099220
19 4.315393 5.896328
17 4.244214 7.448506
23 4.337592 5.412264
19 4.357970 4.967884
13 4.265102 6.993013
19 4.407473 3.888387
28 4.255579 7.200675
28 4.467588 2.577492
22 4.245345 7.423844
19 4.334307 5.483896
19 4.314973 5.905502
26 4.161425 9.253839
15 4.256407 7.182624
28 4.288170 6.489969
15 4.279105 6.687645
26 4.137732 9.770499
24 4.247399 7.379045
28 4.517922 1.479886
25 4.378418 4.521993
17 4.167080 9.130532
13 4.291395 6.419646
22 4.428840 3.422444
30 4.556982 0.628124
30 4.400011 4.051116
18 4.303739 6.150480
31 4.534311 1.122501
28 4.456807 2.812598
33 4.408887 3.857558
22 4.292082 6.404678
36 4.545620 0.875894
15 4.371203 4.679320
26 4.441887 3.137934
35 4.219929 7.978074
17 4.320422 5.786682
19 4.346548 5.216947
17 4.175075 8.956188
13 4.434744 3.293701
22 4.224223 7.884433
15 4.193282 8.559146
22 4.401133 4.026654
11 4.323258 5.724835
15 4.224411 7.880332
29 4.412808 3.772058
15 4.241096 7.516506
17 4.174367 8.971614
17 4.362545 4.868114
17 4.166222 9.149246
17 4.171728 9.029164
13 4.147232 9.563350
26 4.129763 9.944291
38 4.158269 9.322659
29 4.403436 3.976434
13 4.369183 4.723360
37 4.438911 3.202839
17 4.363490 4.847499
17 4.453075 2.893972
39 4.522353 1.383252
13 4.250926 7.302134
14 4.291793 6.410973
24 4.458024 2.786047
26 4.191953 8.588129
28 4.441246 3.151930
19 4.527809 1.264288
28 4.304886 6.125450
15 4.136735 9.792237
19 4.134093 9.849861
22 4.361214 4.897133
30 4.347879 5.187940
22 4.388813 4.295308
31 4.519414 1.447346
17 4.344593 5.259586
19 4.212944 8.130382
28 4.494763 1.984904
33 4.476795 2.376729
22 4.381207 4.461157
48 4.307283 6.073191
28 4.506039 1.739003
33 4.205876 8.284512
26 4.378771 4.514295
26 4.404073 3.962533
24 4.217908 8.022137
37 4.273007 6.820624
35 4.148222 9.541764
32 4.467030 2.589673
25 4.418656 3.644528
30 4.452754 2.900965
30 4.414561 3.733829
35 4.526493 1.292979
30 4.357434 4.979575
43 4.415077 3.722569
