15 -1.071798 7.179846
15 -1.097751 9.775052
15 -1.006003 0.600269
17 -1.024840 2.483995
17 -1.044458 4.445807
17 -1.040591 4.059110
13 -1.069432 6.943168
19 -1.027033 2.703329
19 -1.027195 2.719467
19 -1.015504 1.550412
19 -1.029922 2.992177
19 -1.077712 7.771200
19 -1.011052 1.105182
19 -1.046595 4.659506
19 -1.047940 4.794003
22 -1.071396 7.139593
22 -1.029391 2.939064
22 -1.069103 6.910252
22 -1.066307 6.630720
22 -1.082401 8.240105
22 -1.054730 5.473037
22 -1.062184 6.218427
22 -1.070136 7.013574
22 -1.051175 5.117485
22 -1.026928 2.692784
22 -1.071608 7.160778
22 -1.054408 5.440760
22 -1.053849 5.384944
22 -1.032216 3.221570
22 -1.048001 4.800111
24 -1.023595 2.359511
24 -1.040184 4.018429
24 -1.017776 1.777605
24 -1.082799 8.279911
24 -1.052023 5.202250
24 -1.080181 8.018095
24 -1.099390 9.938973
24 -1.082579 8.257896
26 -1.047026 4.702565
26 -1.030905 3.090490
26 -1.081386 8.138600
26 -1.063673 6.367288
22 -1.057420 5.741978
28 -1.069045 6.904485
28 -1.042972 4.297157
28 -1.096141 9.614068
28 -1.054079 5.407925
22 -1.010585 1.058513
28 -1.084704 8.470430
28 -1.036840 3.684034
19 -1.098050 9.805017
19 -1.055512 5.551223
19 -1.021904 2.190430
17 -1.023826 2.382559
22 -1.032820 3.281977
22 -1.098242 9.824182
15 -1.017172 1.717152
22 -1.026971 2.697149
22 -1.007591 0.759136
19 -1.057242 5.724249
22 -1.071605 7.160529
33 -1.036366 3.636640
26 -1.045541 4.554141
19 -1.092426 9.242572
24 -1.088254 8.825431
19 -1.020011 2.001091
17 -1.041444 4.144380
24 -1.036079 3.607874
22 -1.012940 1.293957
22 -1.030547 3.054734
22 -1.091487 9.148680
22 -1.006271 0.627087
22 -1.095400 9.540011
22 -1.071141 7.114116
15 -1.034574 3.457411
17 -1.023436 2.343554
15 -1.047229 4.722879
19 -1.000931 0.093108
26 -1.071672 7.167202
24 -1.092413 9.241271
24 -1.025488 2.548769
24 -1.074327 7.432674
22 -1.092202 9.220233
24 -1.059945 5.994502
19 -1.062351 6.235128
26 -1.034662 3.466159
24 -1.034126 3.412553
26 -1.050970 5.096976
26 -1.097745 9.774509
24 -1.024352 2.435206
19 -1.071986 7.198621
19 -1.065054 6.505387
19 -1.032399 3.239882
22 -1.055363 5.536267
22 -1.051612 5.161186
22 -1.008057 0.805744
26 -1.011517 1.151746
15 -1.010236 1.023560
17 -1.006530 0.652966
17 -1.058955 5.895532
22 -1.019046 1.904552
26 -1.052941 5.294054
26 -1.029954 2.995393
24 -1.017630 1.762989
19 -1.010581 1.058089
22 -1.002180 0.218025
26 -1.075415 7.541515
17 -1.077483 7.748259
22 -1.028173 2.817309
30 -1.033798 3.379836
19 -1.093955 9.395508
17 -1.065348 6.534807
19 -1.061545 6.154492
22 -1.058454 5.845426
19 -1.060766 6.076630
24 -1.008839 0.883857
22 -1.022383 2.238298
22 -1.013984 1.398412
15 -1.088475 8.847464
17 -1.013588 1.358779
22 -1.076189 7.618885
24 -1.040953 4.095294
24 -1.096654 9.665431
30 -1.048625 4.862492
19 -1.060945 6.094548
24 -1.058084 5.808438
19 -1.069136 6.913585
17 -1.002431 0.243078
24 -1.096757 9.675743
13 -1.085435 8.543454
24 -1.054121 5.412081
30 -1.092286 9.228590
22 -1.025046 2.504604
22 -1.085025 8.502467
26 -1.032648 3.264769
26 -1.055294 5.529367
22 -1.039877 3.987677
30 -1.073878 7.387779
24 -1.078171 7.817131
19 -1.034743 3.474282
24 -1.026809 2.680873
22 -1.049284 4.928385
22 -1.039221 3.922084
19 -1.050107 5.010699
28 -1.076589 7.658947
24 -1.005240 0.523957
19 -1.005259 0.525860
19 -1.081549 8.154918
30 -1.057305 5.730533
22 -1.020580 2.058035
24 -1.006473 0.647284
24 -1.092401 9.240064
24 -1.075709 7.570897
19 -1.038267 3.826739
19 -1.061295 6.129477
17 -1.087062 8.706215
19 -1.070806 7.080610
17 -1.088651 8.865103
30 -1.049327 4.932669
17 -1.020506 2.050648
19 -1.063776 6.377608
24 -1.067893 6.789252
30 -1.048320 4.831971
22 -1.099783 9.978284
17 -1.092818 9.281757
22 -1.084436 8.443625
22 -1.010470 1.046952
22 -1.030676 3.067587
15 -1.050296 5.029563
17 -1.064520 6.452017
26 -1.012723 1.272339
26 -1.076754 7.675422
22 -1.004608 0.460751
22 -1.062117 6.211740
22 -1.068130 6.812983
17 -1.068166 6.816622
19 -1.034745 3.474506
17 -1.044441 4.444053
22 -1.048187 4.818698
17 -1.019676 1.967586
24 -1.063172 6.317166
24 -1.019437 1.943744
19 -1.097229 9.722945
24 -1.039148 3.914765
22 -1.056882 5.688246
22 -1.080892 8.089241
24 -1.053683 5.368273
24 -1.077180 7.718049
22 -1.027118 2.711797
24 -1.011835 1.183502
24 -1.042211 4.221093
26 -1.068871 6.887132
22 -1.037490 3.749003
26 -1.059416 5.941623
22 -1.062190 6.218954
24 -1.047064 4.706414
24 -1.003640 0.363984
24 -1.027467 2.746693
28 -1.033686 3.368557
28 -1.034159 3.415946
