18 -1.064826 6.482622
16 -1.097891 9.789075
18 -1.027678 2.767818
25 -1.045688 4.568788
21 -1.038368 3.836829
22 -1.051628 5.162845
12 -1.040640 4.063996
25 -1.029721 2.972095
30 -1.011590 1.158955
21 -1.023159 2.315896
15 -1.057526 5.752611
40 -1.075018 7.501809
33 -1.098509 9.850918
34 -1.047681 4.768068
18 -1.095415 9.541475
42 -1.058985 5.898462
42 -1.097190 9.719026
42 -1.076701 7.670067
42 -1.064946 6.494601
42 -1.066898 6.689765
49 -1.082861 8.286072
23 -1.084740 8.473964
49 -1.099690 9.969000
47 -1.006555 0.655493
50 -1.070373 7.037258
59 -1.000840 0.084025
55 -1.078832 7.883196
49 -1.001152 0.115167
68 -1.011292 1.129165
57 -1.002164 0.216433
61 -1.001415 0.141459
68 -1.008232 0.823247
54 -1.010644 1.064356
78 -1.004434 0.443446
71 -1.003969 0.396904
52 -1.075007 7.500666
68 -1.001697 0.169673
73 -1.005103 0.510308
78 -1.008336 0.833635
88 -1.018522 1.852192
50 -1.085429 8.542881
15 -1.010253 1.025312
64 -1.004338 0.433790
79 -1.011400 1.140001
73 -1.006808 0.680788
84 -1.004928 0.492752
20 -1.028885 2.888525
84 -1.011408 1.140792
94 -1.013541 1.354110
75 -1.008597 0.859689
95 -1.007772 0.777215
87 -1.014706 1.470636
100 -1.004814 0.481388
84 -1.012704 1.270407
90 -1.017407 1.740689
17 -1.051038 5.103821
41 -1.042308 4.230844
70 -1.009150 0.914995
97 -1.008244 0.824446
36 -1.052763 5.276279
33 -1.000149 0.014888
87 -1.005566 0.556602
61 -1.012774 1.277360
106 -1.006078 0.607759
93 -1.017095 1.709514
86 -1.014431 1.443128
51 -1.014587 1.458729
98 -1.012608 1.260817
15 -1.085471 8.547126
19 -1.023501 2.350078
30 -1.039045 3.904464
102 -1.004352 0.435221
116 -1.015197 1.519724
78 -1.006471 0.647077
117 -1.006238 0.623763
33 -1.051573 5.157346
117 -1.005935 0.593509
52 -1.003580 0.358046
36 -1.036506 3.650566
61 -1.000191 0.019128
15 -1.080938 8.093800
18 -1.081270 8.126987
53 -1.061402 6.140201
14 -1.035894 3.589410
18 -1.082190 8.219040
123 -1.008401 0.840105
67 -1.005316 0.531628
107 -1.001689 0.168878
130 -1.009102 0.910215
88 -1.003678 0.367764
88 -1.021998 2.199786
74 -1.012885 1.288477
15 -1.030402 3.040206
82 -1.005819 0.581879
61 -1.019093 1.909296
110 -1.009668 0.966777
63 -1.000074 0.007418
125 -1.002957 0.295708
70 -1.016390 1.639020
81 -1.003731 0.373130
134 -1.006524 0.652426
155 -1.002537 0.253679
55 -1.002014 0.201399
108 -1.000881 0.088118
115 -1.005771 0.577066
80 -1.013985 1.398520
51 -1.097500 9.749961
44 -1.081133 8.113257
22 -1.037794 3.779354
75 -1.011134 1.113409
57 -1.000844 0.084429
31 -1.073574 7.357419
69 -1.004217 0.421729
67 -1.000541 0.054073
146 -1.016440 1.644001
128 -1.001621 0.162126
174 -1.008535 0.853463
174 -1.004774 0.477359
98 -1.005487 0.548721
137 -1.009923 0.992259
18 -1.026841 2.684096
27 -1.034307 3.430665
47 -1.059102 5.910247
84 -1.000594 0.059396
67 -1.010407 1.040728
182 -1.006518 0.651781
33 -1.063575 6.357508
8 -1.082052 8.205199
178 -1.003167 0.316678
183 -1.006942 0.694240
56 -1.056087 5.608719
16 -1.020986 2.098571
37 -1.086630 8.662960
102 -1.005657 0.565726
39 -1.004909 0.490865
57 -1.011337 1.133733
62 -1.004703 0.470325
79 -1.008995 0.899451
54 -1.005184 0.518437
162 -1.007195 0.719470
67 -1.001987 0.198721
102 -1.010657 1.065694
30 -1.059286 5.928617
57 -1.002675 0.267494
132 -1.016330 1.632965
32 -1.042480 4.247953
116 -1.008546 0.854634
28 -1.070881 7.088122
55 -1.000089 0.008938
69 -1.006782 0.678172
69 -1.014084 1.408420
118 -1.016041 1.604123
31 -1.069332 6.933247
119 -1.010195 1.019492
141 -1.008478 0.847817
85 -1.004232 0.423201
144 -1.006583 0.658289
100 -1.006121 0.612141
222 -1.003070 0.306956
53 -1.081141 8.114061
43 -1.082478 8.247752
37 -1.058516 5.851624
69 -1.092560 9.256016
62 -1.009546 0.954611
160 -1.006610 0.661002
129 -1.008909 0.890918
88 -1.006370 0.637048
80 -1.009126 0.912563
58 -1.010868 1.086773
178 -1.004546 0.454615
72 -1.002027 0.202654
230 -1.099872 9.987197
150 -1.009587 0.958657
96 -1.003712 0.371204
208 -1.005465 0.546518
170 -1.093123 9.312311
106 -1.014168 1.416830
120 -1.002975 0.297523
157 -1.009581 0.958065
236 -1.004212 0.421241
183 -1.009389 0.938906
254 -1.011725 1.172494
194 -1.004456 0.445588
143 -1.009104 0.910441
failed to find solution in 1200 iterations and 324 function evals
failed to find solution in 1200 iterations and 356 function evals
failed to find solution in 1200 iterations and 326 function evals
failed to find solution in 1200 iterations and 364 function evals
269 -1.000484 0.048425
225 -1.014901 1.490103
failed to find solution in 1200 iterations and 328 function evals
failed to find solution in 1200 iterations and 335 function evals
failed to find solution in 1200 iterations and 319 function evals
328 -1.075217 7.521697
253 -1.004545 0.454469
failed to find solution in 1200 iterations and 334 function evals
failed to find solution in 1200 iterations and 334 function evals
250 -1.003757 0.375723
failed to find solution in 1200 iterations and 327 function evals
failed to find solution in 1200 iterations and 324 function evals
