16 -6.374779 6.246312
20 -6.528610 8.810168
20 -6.531694 8.861572
22 -6.486587 8.109787
26 -6.352020 5.867007
26 -6.482633 8.043882
26 -6.455678 7.594634
28 -6.560074 9.334568
26 -6.594617 9.910280
31 -6.449487 7.491457
34 -6.594868 9.914460
36 -6.547433 9.123883
38 -6.509285 8.488088
36 -6.590281 9.838013
40 -6.569539 9.492316
41 -6.587106 9.785103
29 -6.576292 9.604869
32 -6.554042 9.234025
42 -6.514866 8.581104
37 -6.564717 9.411945
36 -6.454196 7.569934
47 -6.597505 9.958413
25 -6.536413 8.940214
49 -6.592428 9.873798
49 -6.554737 9.245618
23 -6.498115 8.301910
36 -6.500550 8.342495
54 -6.576161 9.602675
37 -6.572662 9.544364
55 -6.590040 9.833997
56 -6.595997 9.933284
55 -6.532949 8.882483
58 -6.566738 9.445640
59 -6.582105 9.701745
29 -6.539558 8.992632
60 -6.566191 9.436518
28 -6.596564 9.942740
61 -6.571572 9.526202
62 -6.575016 9.583594
46 -6.556340 9.272327
65 -6.554939 9.248989
61 -6.593951 9.899191
37 -6.514489 8.574823
18 -6.537960 8.966005
23 -6.539518 8.991973
72 -6.593843 9.897385
18 -6.315849 5.264144
25 -6.504526 8.408766
22 -6.562263 9.371049
25 -6.553452 9.224204
44 -6.463484 7.724737
75 -6.596685 9.944751
20 -6.503636 8.393929
23 -6.347997 5.799945
70 -6.591525 9.858745
79 -6.582151 9.702511
67 -6.570359 9.505978
80 -6.577325 9.622078
80 -6.589128 9.818795
62 -6.577453 9.624211
83 -6.583604 9.726726
85 -6.591553 9.859212
41 -6.574483 9.574716
60 -6.589022 9.817033
68 -6.571313 9.521876
86 -6.570621 9.510352
86 -6.543496 9.058263
38 -6.597800 9.963328
38 -6.551014 9.183560
54 -6.557516 9.291939
20 -6.139324 2.322073
84 -6.569727 9.495450
60 -6.579757 9.662611
28 -6.502678 8.377971
54 -6.493502 8.225028
36 -6.566897 9.448283
61 -6.589978 9.832965
28 -6.590406 9.840105
23 -6.560594 9.343236
98 -6.582985 9.716423
30 -6.548799 9.146650
47 -6.571489 9.524809
91 -6.554141 9.235688
25 -6.560362 9.339365
104 -6.594635 9.910576
26 -6.363840 6.063998
44 -6.486695 8.111580
41 -6.475208 7.920129
106 -6.553774 9.229573
40 -6.495087 8.251448
76 -6.586762 9.779374
43 -6.588334 9.805568
46 -6.592182 9.869697
37 -6.581384 9.689729
70 -6.595268 9.921140
56 -6.586374 9.772905
44 -6.523369 8.722811
92 -6.572401 9.540024
34 -6.597522 9.958695
54 -6.569114 9.485236
100 -6.592016 9.866936
35 -6.550113 9.168557
86 -6.563062 9.384367
68 -6.573038 9.550639
50 -6.572956 9.549261
132 -6.556480 9.274670
32 -6.525163 8.752717
73 -6.589767 9.829442
71 -6.404509 6.741818
46 -6.566048 9.434132
37 -6.570090 9.501502
95 -6.582542 9.709029
23 -6.535167 8.919443
56 -6.565706 9.428434
70 -6.593876 9.897939
78 -6.596631 9.943846
62 -6.599348 9.989138
78 -6.592560 9.876004
49 -6.578229 9.637156
22 -6.520021 8.667019
70 -6.513884 8.564729
80 -6.562231 9.370523
62 -6.547631 9.127187
29 -6.534579 8.909648
98 -6.594092 9.901532
46 -6.556031 9.267180
20 -6.513622 8.560363
114 -6.591633 9.860555
35 -6.510870 8.514506
74 -6.567042 9.450694
34 -6.598402 9.973373
67 -6.350188 5.836467
101 -6.559711 9.328516
85 -6.575118 9.585304
86 -6.583123 9.718725
46 -6.532813 8.880218
30 -6.310897 5.181623
91 -6.539784 8.996394
84 -6.568648 9.477466
56 -6.588466 9.807764
82 -6.584431 9.740523
64 -6.588529 9.808822
87 -6.447347 7.455785
132 -6.580252 9.670869
71 -6.575821 9.597016
65 -6.592051 9.867514
58 -6.595809 9.930156
55 -6.505886 8.431426
43 -6.566271 9.437853
77 -6.582377 9.706288
58 -6.598874 9.981238
126 -6.566715 9.445249
102 -6.583290 9.721501
32 -6.543280 9.054668
37 -6.589675 9.827922
84 -6.523168 8.719462
49 -6.584813 9.746882
19 -6.506804 8.446733
25 -6.574591 9.576517
31 -6.423692 7.061535
90 -6.587480 9.791334
57 -6.559701 9.328350
56 -6.580742 9.679036
24 -6.523794 8.729904
84 -6.506890 8.448161
59 -6.506725 8.445411
43 -6.524689 8.744824
70 -6.576265 9.604412
50 -6.514937 8.582287
90 -6.576869 9.614477
55 -6.584998 9.749969
109 -6.583595 9.726582
52 -6.573843 9.564047
64 -6.571958 9.532631
68 -6.599239 9.987324
69 -6.560481 9.341348
51 -6.586465 9.774423
53 -6.588575 9.809589
58 -6.593999 9.899991
48 -6.506623 8.443713
58 -6.577451 9.624182
82 -6.573671 9.561177
71 -6.582875 9.714581
54 -6.555243 9.254054
55 -6.593620 9.893668
74 -6.557113 9.285219
59 -6.596906 9.948436
85 -6.596220 9.936994
69 -6.583050 9.717501
76 -6.593167 9.886111
72 -6.522904 8.715064
107 -6.559641 9.327353
89 -6.562076 9.367933
108 -6.598833 9.980551
94 -6.589736 9.828941
113 -6.597190 9.953169
88 -6.574669 9.577818
102 -6.575211 9.586845
109 -6.552152 9.202527
128 -6.589373 9.822883
