11 -1.088920 8.891959
11 -1.069036 6.903628
13 -1.044224 4.422418
15 -1.072420 7.241979
15 -1.035578 3.557751
15 -1.037855 3.785480
15 -1.074399 7.439905
15 -1.064789 6.478935
15 -1.033312 3.331220
16 -1.057925 5.792527
15 -1.051753 5.175300
15 -1.030160 3.016037
16 -1.058548 5.854824
16 -1.070194 7.019397
17 -1.057641 5.764065
18 -1.033760 3.375958
17 -1.021742 2.174236
17 -1.048446 4.844649
18 -1.048295 4.829522
18 -1.071077 7.107722
18 -1.022338 2.233839
18 -1.071029 7.102878
18 -1.027286 2.728640
18 -1.055506 5.550608
18 -1.030885 3.088545
19 -1.049897 4.989745
19 -1.040036 4.003649
11 -1.095850 9.585028
19 -1.033511 3.351087
18 -1.044619 4.461935
20 -1.067809 6.780868
18 -1.059605 5.960518
19 -1.028011 2.801069
21 -1.059572 5.957165
20 -1.073030 7.303039
21 -1.060076 6.007567
19 -1.082741 8.274121
21 -1.083758 8.375790
22 -1.083174 8.317431
21 -1.038382 3.838197
22 -1.033736 3.373574
17 -1.025470 2.546960
23 -1.044823 4.482288
23 -1.045002 4.500238
24 -1.085993 8.599334
25 -1.027827 2.782681
24 -1.041203 4.120301
20 -1.067203 6.720321
26 -1.052552 5.255218
18 -1.017468 1.746758
17 -1.040610 4.061013
27 -1.075568 7.556775
27 -1.024065 2.406498
17 -1.043303 4.330321
18 -1.063294 6.329427
18 -1.043183 4.318259
19 -1.074588 7.458800
12 -1.048960 4.896015
16 -1.073250 7.324978
21 -1.078117 7.811733
16 -1.071084 7.108364
23 -1.064587 6.458729
18 -1.073124 7.312412
17 -1.024621 2.462070
16 -1.097226 9.722644
21 -1.036369 3.636922
18 -1.062757 6.275722
18 -1.049172 4.917223
15 -1.039647 3.964682
18 -1.017566 1.756574
19 -1.024087 2.408667
16 -1.037798 3.779816
21 -1.048827 4.882704
15 -1.051569 5.156903
20 -1.029472 2.947242
18 -1.049172 4.917156
19 -1.048193 4.819334
23 -1.018246 1.824575
22 -1.082731 8.273111
26 -1.052130 5.212957
20 -1.087242 8.724174
20 -1.040014 4.001351
19 -1.031371 3.137068
26 -1.019494 1.949355
23 -1.035371 3.537114
21 -1.060991 6.099080
14 -1.091227 9.122728
15 -1.050626 5.062643
18 -1.027705 2.770478
23 -1.047088 4.708773
22 -1.059641 5.964104
12 -1.091311 9.131148
20 -1.077383 7.738313
25 -1.029638 2.963839
19 -1.086995 8.699522
19 -1.041272 4.127176
15 -1.086433 8.643341
15 -1.083162 8.316220
16 -1.070131 7.013055
20 -1.090443 9.044295
17 -1.032714 3.271364
17 -1.058938 5.893815
17 -1.024820 2.482033
28 -1.044034 4.403381
18 -1.064313 6.431317
29 -1.080345 8.034488
19 -1.051893 5.189285
22 -1.029669 2.966857
18 -1.076398 7.639760
15 -1.065590 6.558960
19 -1.072357 7.235734
21 -1.055119 5.511937
18 -1.041202 4.120178
21 -1.060666 6.066576
14 -1.023535 2.353548
19 -1.081460 8.145964
23 -1.058340 5.833963
13 -1.070167 7.016720
26 -1.055447 5.544700
27 -1.033198 3.319834
23 -1.027160 2.716005
26 -1.030098 3.009774
16 -1.039518 3.951807
16 -1.039157 3.915686
22 -1.063970 6.397037
15 -1.031134 3.113400
25 -1.026751 2.675143
20 -1.048833 4.883275
14 -1.045292 4.529167
14 -1.055530 5.553030
19 -1.055513 5.551279
23 -1.033803 3.380250
17 -1.044369 4.436924
20 -1.047604 4.760429
19 -1.075453 7.545287
22 -1.049238 4.923792
13 -1.080823 8.082253
25 -1.029331 2.933089
22 -1.070601 7.060132
17 -1.090319 9.031909
22 -1.031758 3.175847
15 -1.023976 2.397581
15 -1.043221 4.322147
15 -1.091774 9.177442
25 -1.072073 7.207329
18 -1.087133 8.713302
20 -1.060006 6.000632
23 -1.028970 2.897024
15 -1.065569 6.556866
18 -1.070795 7.079524
24 -1.062951 6.295127
15 -1.049568 4.956818
19 -1.029810 2.980961
15 -1.081084 8.108445
19 -1.084972 8.497206
16 -1.067418 6.741790
20 -1.063212 6.321164
17 -1.045176 4.517581
18 -1.060099 6.009926
15 -1.083851 8.385142
15 -1.026501 2.650053
15 -1.055887 5.588659
27 -1.029773 2.977302
18 -1.041639 4.163859
19 -1.047735 4.773550
18 -1.031080 3.108019
22 -1.085619 8.561894
18 -1.059190 5.919007
18 -1.024366 2.436578
23 -1.026007 2.600746
15 -1.069487 6.948705
25 -1.071566 7.156622
19 -1.041962 4.196221
21 -1.066700 6.669964
17 -1.046846 4.684593
17 -1.056520 5.652049
22 -1.055903 5.590253
15 -1.070375 7.037533
20 -1.070026 7.002642
15 -1.097996 9.799566
17 -1.039742 3.974228
22 -1.034118 3.411765
19 -1.086348 8.634764
17 -1.053302 5.330222
20 -1.067360 6.735973
18 -1.097758 9.775768
18 -1.045124 4.512352
17 -1.067316 6.731611
16 -1.017869 1.786924
18 -1.028416 2.841593
26 -1.080758 8.075783
20 -1.036457 3.645747
18 -1.023161 2.316098
25 -1.031809 3.180856
19 -1.023029 2.302862
20 -1.049945 4.994519
21 -1.048811 4.881122
24 -1.039759 3.975877
24 -1.093844 9.384439
26 -1.024588 2.458823
