11 0.992673 0.732723
26 0.979201 2.079916
23 0.987928 1.207168
28 0.908569 9.143116
38 0.988380 1.161978
39 0.908924 9.107595
25 0.903658 9.634243
53 0.950881 4.911851
39 0.941330 5.866955
69 0.977341 2.265920
74 0.928610 7.139011
66 0.948299 5.170117
65 0.921062 7.893753
75 0.927408 7.259196
73 0.987873 1.212670
51 0.945863 5.413727
91 0.940895 5.910455
94 0.986636 1.336422
83 0.976997 2.300302
60 0.966298 3.370223
79 0.978499 2.150069
103 0.914092 8.590805
60 0.913932 8.606792
81 0.937136 6.286362
41 0.959971 4.002864
41 0.980742 1.925755
137 0.990053 0.994735
71 0.987101 1.289853
67 0.959418 4.058176
126 0.984688 1.531171
34 0.954599 4.540056
149 0.951412 4.858761
18 0.993729 0.627060
32 0.921444 7.855559
128 0.983160 1.684048
85 0.982782 1.721794
167 0.928844 7.115606
168 0.970605 2.939495
61 0.963716 3.628400
154 0.906756 9.324368
170 0.907572 9.242836
187 0.900336 9.966408
68 0.990220 0.978020
40 0.924786 7.521419
141 0.953496 4.650412
failed to find solution after reaching max emtpy limit -- 202 iterations and 196 function evals
49 0.939256 6.074388
109 0.979066 2.093371
117 0.939697 6.030314
48 0.934528 6.547243
56 0.901435 9.856478
211 0.921413 7.858723
184 0.931353 6.864731
212 0.952898 4.710235
59 0.919404 8.059575
93 0.902621 9.737939
226 0.966003 3.399743
230 0.929755 7.024482
157 0.942028 5.797246
161 0.955943 4.405691
136 0.966000 3.400026
97 0.977114 2.288593
130 0.950031 4.996929
158 0.957324 4.267646
155 0.926207 7.379274
273 0.929739 7.026051
26 0.977419 2.258119
75 0.908867 9.113310
118 0.965863 3.413673
69 0.928046 7.195419
186 0.945903 5.409678
144 0.924309 7.569119
46 0.912965 8.703451
47 0.933391 6.660904
192 0.943816 5.618414
61 0.934776 6.522412
304 0.975612 2.438825
244 0.923365 7.663509
126 0.929025 7.097470
26 0.952589 4.741121
133 0.977015 2.298503
165 0.989800 1.019955
144 0.901884 9.811552
171 0.969534 3.046648
139 0.937843 6.215729
79 0.985847 1.415307
153 0.909855 9.014470
19 0.935406 6.459366
56 0.953304 4.669593
47 0.907536 9.246392
60 0.931795 6.820473
328 0.950714 4.928645
328 0.947865 5.213492
172 0.987457 1.254276
35 0.913392 8.660770
168 0.981253 1.874665
218 0.968016 3.198436
102 0.982715 1.728506
248 0.984285 1.571504
365 0.930688 6.931199
365 0.947283 5.271719
268 0.963885 3.611529
368 0.971247 2.875288
297 0.995831 0.416852
179 0.962802 3.719834
12 0.967618 3.238192
244 0.946218 5.378227
84 0.904512 9.548778
95 0.963989 3.601060
75 0.975636 2.436418
17 0.917858 8.214242
52 0.945854 5.414627
41 0.900674 9.932577
295 0.921000 7.899963
36 0.969514 3.048636
174 0.930219 6.978084
49 0.976661 2.333858
78 0.928091 7.190896
142 0.928603 7.139651
154 0.922136 7.786409
291 0.909197 9.080313
310 0.952810 4.719039
269 0.988503 1.149715
406 0.944786 5.521358
92 0.912119 8.788130
305 0.904322 9.567839
150 0.907529 9.247072
237 0.960655 3.934540
55 0.934043 6.595715
239 0.988778 1.122247
175 0.900090 9.991016
137 0.906407 9.359347
51 0.976141 2.385910
176 0.985903 1.409708
81 0.932849 6.715121
56 0.964836 3.516399
166 0.908922 9.107824
185 0.926997 7.300252
23 0.973388 2.661161
122 0.908414 9.158635
87 0.985890 1.411045
105 0.900466 9.953409
156 0.929224 7.077550
163 0.938109 6.189142
235 0.935949 6.405052
170 0.924734 7.526557
240 0.907889 9.211091
166 0.927720 7.228044
85 0.949578 5.042215
72 0.971192 2.880833
89 0.979247 2.075286
32 0.909431 9.056855
245 0.942061 5.793907
71 0.983344 1.665631
172 0.945919 5.408095
268 0.968837 3.116336
78 0.983543 1.645670
30 0.943188 5.681194
187 0.939959 6.004082
98 0.983518 1.648173
136 0.980736 1.926446
165 0.900686 9.931423
73 0.969040 3.095954
107 0.953447 4.655263
73 0.980241 1.975879
134 0.986520 1.348033
208 0.955268 4.473169
119 0.925780 7.421976
158 0.944759 5.524134
87 0.943396 5.660446
470 0.978550 2.145029
252 0.960189 3.981090
118 0.969616 3.038362
145 0.977080 2.292002
193 0.941525 5.847504
135 0.987854 1.214594
163 0.902647 9.735256
302 0.948747 5.125252
144 0.954360 4.564003
156 0.983545 1.645519
377 0.972099 2.790099
187 0.952564 4.743641
283 0.987469 1.253074
208 0.954221 4.577941
285 0.945799 5.420118
255 0.978308 2.169228
517 0.962190 3.780976
failed to find solution after reaching max emtpy limit -- 375 iterations and 342 function evals
435 0.900469 9.953086
413 0.960892 3.910795
582 0.932145 6.785460
432 0.969497 3.050315
478 0.963133 3.686700
498 0.982717 1.728342
599 0.949976 5.002404
680 0.973037 2.696279
683 0.957122 4.287750
659 0.984487 1.551342
836 0.935560 6.444046
1023 0.957955 4.204506
