16 40.262290 8.494795
19 42.701863 2.950312
19 41.032691 6.743885
20 40.630348 7.658300
20 40.261872 8.495745
20 39.986394 9.121833
20 40.855827 7.145847
20 41.843149 4.901934
21 39.823868 9.491210
21 40.072883 8.925267
19 41.339948 6.045574
19 39.699675 9.773467
21 39.988974 9.115968
19 40.781270 7.315295
21 40.468454 8.026242
21 40.972462 6.880768
22 39.781961 9.586453
23 41.009551 6.796475
23 40.468197 8.026825
23 41.367562 5.982813
23 40.609537 7.705599
22 41.475227 5.738121
23 39.998697 9.093870
23 40.187447 8.664893
25 40.594131 7.740610
23 39.787796 9.573192
24 39.861800 9.404999
24 39.645895 9.895694
23 41.322618 6.084959
24 41.020001 6.772725
24 39.635513 9.919288
25 41.052283 6.699357
25 40.974198 6.876823
17 40.459968 8.045527
25 39.953165 9.197352
26 40.606652 7.712155
24 40.651952 7.609200
27 40.532156 7.881464
19 39.610610 9.975887
26 40.392321 8.199270
27 39.843012 9.447701
29 40.907502 7.028404
28 40.808400 7.253637
29 39.936540 9.235136
24 41.556647 5.553075
28 39.926104 9.258854
29 39.805255 9.533512
29 41.155718 6.464277
29 40.681747 7.541483
24 41.788440 5.026272
21 41.985317 4.578825
22 40.877918 7.095640
19 41.291326 6.156078
21 40.899923 7.045629
18 40.326862 8.348042
22 41.091474 6.610287
19 41.014801 6.784544
21 41.402727 5.902893
18 39.629546 9.932851
27 40.144813 8.761789
33 39.798495 9.548876
22 40.155413 8.737698
21 41.235088 6.283890
22 40.827044 7.211264
27 40.218080 8.595272
26 39.614879 9.966184
22 39.696286 9.781168
21 42.862812 2.584519
35 39.673588 9.832755
22 41.990359 4.567366
22 40.496672 7.962110
24 41.068819 6.661775
29 40.116355 8.826465
29 41.425943 5.850130
19 40.903451 7.037612
27 41.752070 5.108933
22 42.466740 3.484681
22 42.499109 3.411116
30 40.589578 7.750959
33 40.564861 7.807133
20 40.683897 7.536598
22 41.248217 6.254051
19 41.905603 4.759994
34 39.791387 9.565029
26 41.552765 5.561898
26 41.357086 6.006623
21 39.941648 9.223526
30 40.498834 7.957196
31 40.577013 7.779516
18 41.030004 6.749991
22 41.540756 5.589191
21 40.868661 7.116680
21 42.137362 4.233268
26 40.023655 9.037147
35 39.730286 9.703895
22 41.689894 5.250241
30 40.672594 7.562286
22 42.888903 2.525220
27 40.963394 6.901377
27 39.612571 9.971430
22 43.810255 0.431239
25 42.447705 3.527942
20 41.131310 6.519750
24 41.394161 5.922362
22 41.609109 5.433843
22 41.300476 6.135281
35 39.835418 9.464959
30 39.655524 9.873808
24 40.241370 8.542341
35 40.727655 7.437148
21 40.252868 8.516210
37 39.887585 9.346399
27 40.216197 8.599552
20 39.810707 9.521121
25 39.814780 9.511864
25 39.863849 9.400344
22 39.904502 9.307950
22 41.576026 5.509033
23 41.747615 5.119058
24 41.328526 6.071531
32 41.290143 6.158766
23 42.210296 4.067508
28 40.026322 9.031085
20 41.436858 5.825324
45 39.950134 9.204240
20 42.609377 3.160508
25 39.814669 9.512115
23 39.807581 9.528226
24 40.648838 7.616277
23 39.823996 9.490918
33 41.034344 6.740127
26 40.367547 8.255574
37 40.077217 8.915415
22 40.584599 7.762275
22 40.094604 8.875901
23 39.849152 9.433747
23 41.149326 6.478804
31 40.480168 7.999619
21 40.369674 8.250741
24 40.150175 8.749602
37 39.635042 9.920360
29 40.190014 8.659060
21 40.809561 7.250999
23 39.685697 9.805233
22 40.467793 8.027742
28 40.018075 9.049829
30 40.821154 7.224651
27 40.723860 7.445773
19 42.952378 2.380958
30 40.157221 8.733588
20 40.472598 8.016824
48 39.872008 9.381800
41 40.276624 8.462218
22 42.596328 3.190164
19 40.492351 7.971930
20 39.663641 9.855360
21 40.068304 8.935673
46 39.871042 9.383994
23 41.247228 6.256299
44 39.727463 9.710310
28 39.806502 9.530678
27 39.783186 9.583669
21 39.953238 9.197187
20 39.816151 9.508749
35 39.868074 9.390742
22 41.416084 5.872536
25 40.258388 8.503665
22 40.499301 7.956134
22 42.228633 4.025833
22 39.749097 9.661143
23 39.843654 9.446240
33 40.321065 8.361216
23 41.035535 6.737420
26 39.670063 9.840766
29 40.586354 7.758287
32 39.740040 9.681728
27 39.663165 9.856443
38 40.855566 7.146440
25 40.240651 8.543975
21 41.372755 5.971012
26 39.664526 9.853350
28 40.875068 7.102119
34 39.707171 9.756430
25 40.370443 8.248992
23 41.038354 6.731014
25 39.920213 9.272244
32 40.050009 8.977253
35 40.498561 7.957815
27 40.029830 9.023114
32 39.717066 9.733941
32 40.490272 7.976654
27 40.840966 7.179624
29 39.713400 9.742272
27 40.531751 7.882383
34 40.193455 8.651239
31 39.784427 9.580847
31 40.265481 8.487543
41 41.515244 5.647172
39 39.836498 9.462504
43 39.741581 9.678224
