80 0.811983 6.240286
94 0.785430 9.306330
93 0.796826 7.990447
101 0.799230 7.712850
102 0.797682 7.891626
103 0.784924 9.364810
109 0.804012 7.160725
114 0.781436 9.767589
117 0.800020 7.621599
117 0.787737 9.040012
115 0.807344 6.775988
118 0.779926 9.941947
116 0.784110 9.458724
117 0.790004 8.778216
121 0.808566 6.634851
123 0.792762 8.459693
122 0.788423 8.960770
130 0.800889 7.521321
127 0.796923 7.979237
129 0.802958 7.282376
132 0.803405 7.230759
133 0.780604 9.863632
134 0.795608 8.131140
60 0.780314 9.897048
133 0.797262 7.940114
138 0.800923 7.517367
131 0.801307 7.473069
139 0.794005 8.316186
143 0.797786 7.879609
142 0.786347 9.200527
133 0.785421 9.307352
137 0.780699 9.852663
148 0.789572 8.828089
147 0.780928 9.826214
147 0.800347 7.583840
140 0.792015 8.545970
152 0.798934 7.747002
107 0.787528 9.064150
163 0.814491 5.950706
163 0.790775 8.689216
160 0.781546 9.754815
160 0.790660 8.702481
170 0.796058 8.079097
172 0.808626 6.627967
173 0.795809 8.107836
173 0.783969 9.475061
88 0.784717 9.388633
178 0.791256 8.633614
115 0.787454 9.072620
175 0.785145 9.339318
89 0.797775 7.880859
93 0.781580 9.750859
136 0.780761 9.845501
130 0.799595 7.670683
114 0.797137 7.954552
115 0.780908 9.828553
124 0.779741 9.963300
136 0.795659 8.125209
132 0.782741 9.616868
123 0.798832 7.758850
75 0.801023 7.505858
112 0.783274 9.555276
159 0.799303 7.704391
224 0.788406 8.962703
131 0.794663 8.240255
125 0.799293 7.705640
134 0.792413 8.500016
118 0.789593 8.825623
154 0.795768 8.112619
148 0.780629 9.860759
125 0.793098 8.420900
93 0.791205 8.639492
117 0.784021 9.469056
130 0.781538 9.755722
231 0.795520 8.141206
148 0.797044 7.965232
133 0.779604 9.979043
135 0.788305 8.974395
127 0.791066 8.655555
120 0.797728 7.886306
149 0.789134 8.878696
167 0.781244 9.789709
169 0.781868 9.717615
124 0.794980 8.203666
137 0.789889 8.791502
104 0.783257 9.557302
127 0.782728 9.618369
175 0.801399 7.462425
184 0.811501 6.295899
166 0.807216 6.790741
114 0.800773 7.534700
105 0.798978 7.741921
137 0.802644 7.318634
87 0.783702 9.505850
157 0.783735 9.502088
187 0.796096 8.074752
156 0.793989 8.318055
145 0.782932 9.594857
114 0.788568 8.943999
196 0.796343 8.046222
130 0.786980 9.127355
150 0.785220 9.330639
123 0.788050 9.003866
159 0.779836 9.952245
105 0.797581 7.903329
125 0.787391 9.079945
115 0.789533 8.832528
187 0.800493 7.567047
132 0.798550 7.791376
118 0.794588 8.248842
150 0.784851 9.373258
100 0.784567 9.406061
136 0.779446 9.997304
119 0.780657 9.857510
140 0.794092 8.306129
131 0.817013 5.659422
109 0.788106 8.997368
129 0.801271 7.477191
159 0.783662 9.510483
212 0.792546 8.484661
133 0.803245 7.249299
121 0.803226 7.251393
91 0.792976 8.435073
161 0.797959 7.859655
134 0.779600 9.979600
144 0.811083 6.344152
116 0.789343 8.854481
112 0.800935 7.516013
159 0.794560 8.252163
162 0.789313 8.857992
126 0.821672 5.121485
181 0.791877 8.561864
163 0.784259 9.441559
180 0.804211 7.137729
139 0.781265 9.787316
113 0.799852 7.641001
166 0.789640 8.820230
130 0.805622 6.974798
104 0.779787 9.957980
155 0.799316 7.702979
134 0.781616 9.746810
122 0.787556 9.060874
129 0.784551 9.407840
189 0.799344 7.699749
124 0.799521 7.679297
197 0.803955 7.167281
139 0.787672 9.047462
135 0.784672 9.393872
128 0.786604 9.170845
160 0.801515 7.449004
152 0.807151 6.798188
138 0.812622 6.166477
144 0.781615 9.746841
114 0.780520 9.873272
102 0.780057 9.926769
120 0.797875 7.869323
112 0.791122 8.649149
122 0.799816 7.645204
155 0.799747 7.653204
108 0.779478 9.993651
184 0.786392 9.195290
130 0.788230 8.983067
165 0.783618 9.515571
134 0.802301 7.358224
128 0.803675 7.199614
89 0.783408 9.539843
173 0.800504 7.565793
167 0.785595 9.287289
146 0.792458 8.494873
124 0.815726 5.808057
151 0.783019 9.584720
204 0.783318 9.550200
118 0.788109 8.996959
101 0.785575 9.289599
153 0.786908 9.135666
108 0.785562 9.291097
175 0.804436 7.111680
180 0.794526 8.255984
151 0.788460 8.956504
177 0.780029 9.930062
125 0.811020 6.351459
150 0.799816 7.645170
147 0.794142 8.300399
129 0.783361 9.545285
95 0.784419 9.423151
143 0.786555 9.176482
143 0.790147 8.761700
194 0.779792 9.957382
131 0.779656 9.973062
121 0.793570 8.366486
147 0.791831 8.567188
169 0.783450 9.535034
142 0.782765 9.614130
144 0.792570 8.481883
155 0.784261 9.441325
138 0.786855 9.141788
158 0.789910 8.789027
164 0.784366 9.429178
144 0.793929 8.325032
172 0.798972 7.742643
