10 -1.075375 7.537530
13 -1.090910 9.091041
14 -1.007406 0.740591
16 -1.080630 8.062991
16 -1.054811 5.481081
16 -1.035270 3.527013
16 -1.060462 6.046160
16 -1.084686 8.468591
16 -1.046646 4.664590
16 -1.040026 4.002567
16 -1.058103 5.810266
16 -1.089520 8.951973
16 -1.025690 2.568979
17 -1.050694 5.069413
17 -1.051237 5.123742
17 -1.025766 2.576576
17 -1.071227 7.122729
17 -1.000170 0.016985
17 -1.014208 1.420846
18 -1.051786 5.178572
18 -1.008797 0.879744
18 -1.021680 2.168050
19 -1.088335 8.833501
19 -1.002155 0.215502
19 -1.031364 3.136371
20 -1.003544 0.354417
20 -1.057318 5.731753
20 -1.085138 8.513792
20 -1.064888 6.488813
20 -1.066214 6.621360
20 -1.084672 8.467191
20 -1.055998 5.599760
20 -1.051056 5.105591
22 -1.011635 1.163479
22 -1.032692 3.269244
22 -1.034359 3.435855
22 -1.070954 7.095402
14 -1.001295 0.129539
16 -1.049215 4.921515
23 -1.051961 5.196118
23 -1.034600 3.460014
16 -1.059328 5.932776
23 -1.028565 2.856509
23 -1.025406 2.540611
18 -1.070987 7.098671
22 -1.081933 8.193274
17 -1.084546 8.454638
24 -1.049220 4.922043
17 -1.078472 7.847170
24 -1.052150 5.215028
16 -1.089555 8.955459
24 -1.041238 4.123792
24 -1.059366 5.936602
14 -1.063230 6.323005
13 -1.065376 6.537551
14 -1.014313 1.431293
25 -1.071752 7.175223
25 -1.079244 7.924350
14 -1.083809 8.380947
18 -1.050245 5.024543
18 -1.038854 3.885439
19 -1.061971 6.197062
18 -1.046721 4.672055
19 -1.088015 8.801479
20 -1.050406 5.040631
17 -1.083980 8.398032
20 -1.043825 4.382514
16 -1.091454 9.145351
24 -1.086629 8.662862
22 -1.064527 6.452714
16 -1.011485 1.148487
23 -1.041632 4.163156
17 -1.074347 7.434673
19 -1.099740 9.974049
22 -1.009506 0.950630
19 -1.075447 7.544655
16 -1.073330 7.333024
17 -1.084855 8.485533
16 -1.072938 7.293767
20 -1.067573 6.757251
14 -1.037846 3.784627
32 -1.086630 8.663018
19 -1.066239 6.623866
19 -1.033018 3.301811
23 -1.043725 4.372475
19 -1.095572 9.557172
19 -1.060011 6.001147
17 -1.024474 2.447385
18 -1.014739 1.473901
25 -1.045453 4.545346
20 -1.011240 1.123997
23 -1.003203 0.320261
20 -1.096529 9.652945
20 -1.098187 9.818714
20 -1.077182 7.718243
17 -1.061637 6.163678
17 -1.004661 0.466083
24 -1.032686 3.268615
20 -1.099842 9.984159
17 -1.031269 3.126853
17 -1.047079 4.707884
20 -1.048568 4.856799
18 -1.014128 1.412809
29 -1.086930 8.693031
19 -1.043532 4.353150
22 -1.044453 4.445322
18 -1.082060 8.206001
22 -1.006563 0.656279
22 -1.094127 9.412693
19 -1.013593 1.359329
23 -1.050252 5.025232
17 -1.086744 8.674448
24 -1.085104 8.510352
23 -1.019351 1.935136
17 -1.004143 0.414319
22 -1.031443 3.144344
16 -1.076508 7.650752
18 -1.001357 0.135707
16 -1.080726 8.072641
19 -1.015000 1.499957
18 -1.066229 6.622870
17 -1.071777 7.177654
18 -1.046729 4.672886
26 -1.031875 3.187467
20 -1.088023 8.802348
20 -1.035187 3.518693
26 -1.020967 2.096721
19 -1.069963 6.996290
22 -1.024746 2.474562
17 -1.071766 7.176553
23 -1.090476 9.047629
19 -1.059349 5.934930
18 -1.047618 4.761818
18 -1.090787 9.078662
17 -1.008036 0.803631
23 -1.098055 9.805507
18 -1.004365 0.436530
16 -1.087003 8.700341
25 -1.076778 7.677771
16 -1.051574 5.157385
16 -1.002666 0.266570
20 -1.077451 7.745131
24 -1.011282 1.128159
18 -1.068491 6.849051
24 -1.081721 8.172122
25 -1.022536 2.253616
16 -1.076153 7.615344
19 -1.096843 9.684266
23 -1.055147 5.514689
16 -1.045936 4.593629
28 -1.062516 6.251591
19 -1.053281 5.328133
23 -1.061535 6.153531
22 -1.067727 6.772726
18 -1.040694 4.069365
23 -1.053779 5.377936
22 -1.061523 6.152333
23 -1.072412 7.241204
16 -1.047282 4.728170
14 -1.095490 9.548958
16 -1.041282 4.128233
16 -1.095999 9.599940
22 -1.070105 7.010497
17 -1.068001 6.800096
25 -1.022707 2.270734
24 -1.008821 0.882082
20 -1.028943 2.894285
23 -1.032269 3.226927
13 -1.048299 4.829897
20 -1.065012 6.501157
16 -1.072589 7.258923
19 -1.041883 4.188326
26 -1.033942 3.394228
26 -1.064571 6.457053
20 -1.077418 7.741832
18 -1.075896 7.589570
26 -1.005801 0.580122
28 -1.046690 4.669034
18 -1.014188 1.418800
19 -1.087244 8.724402
22 -1.024485 2.448525
17 -1.073695 7.369470
32 -1.072455 7.245466
20 -1.064529 6.452906
17 -1.092308 9.230828
24 -1.037502 3.750226
24 -1.090423 9.042328
24 -1.036603 3.660309
18 -1.021243 2.124289
18 -1.031573 3.157305
24 -1.010776 1.077585
20 -1.093404 9.340445
19 -1.052130 5.213032
23 -1.028673 2.867327
20 -1.003077 0.307716
25 -1.028173 2.817259
22 -1.037532 3.753183
22 -1.059273 5.927284
26 -1.040182 4.018176
26 -1.049232 4.923217
