7 27.844915 7.183615
7 29.197774 2.674087
7 28.937660 3.541134
8 27.870760 7.097468
8 28.737816 4.207280
8 29.248416 2.505281
8 27.039061 9.869797
8 28.370533 5.431555
8 28.414679 5.284402
7 28.753936 4.153545
8 28.556212 4.812626
8 28.485683 5.047725
8 28.567150 4.776168
8 27.053183 9.822723
8 28.149327 6.168912
8 28.942508 3.524974
9 28.534020 4.886601
9 29.909126 0.302912
9 28.779331 4.068897
9 29.589259 1.369137
9 29.289875 2.367083
9 29.257099 2.476336
9 29.882235 0.392550
9 29.903068 0.323107
9 28.023246 6.589181
7 28.565682 4.781059
9 29.837045 0.543184
10 27.356597 8.811345
9 28.787667 4.041110
9 29.102770 2.990768
9 28.209423 5.968589
8 29.842890 0.523700
9 27.848518 7.171606
9 27.787329 7.375571
9 29.439530 1.868233
7 27.986816 6.710612
9 27.683981 7.720064
9 27.275149 9.082838
9 29.375404 2.081987
7 27.559296 8.135679
8 28.225167 5.916110
7 29.783679 0.721069
10 28.387256 5.375812
10 27.440103 8.532989
8 27.009698 9.967673
10 29.886508 0.378305
10 29.261800 2.460668
8 29.265497 2.448343
10 28.889145 3.702849
11 29.559376 1.468746
8 28.667769 4.440769
10 27.629728 7.900905
8 29.305567 2.314777
8 28.807208 3.975974
8 28.145736 6.180880
8 28.513236 4.955882
9 28.118584 6.271385
11 28.700454 4.331820
7 28.684542 4.384861
11 28.434918 5.216940
11 28.113343 6.288858
8 28.357702 5.474325
8 27.947859 6.840469
9 27.991491 6.695031
10 28.889206 3.702645
9 27.620027 7.933242
9 29.825514 0.581619
9 29.540655 1.531151
8 27.863226 7.122580
12 29.016071 3.279764
9 29.655411 1.148631
9 27.105559 9.648138
11 28.521571 4.928097
9 28.664977 4.450076
10 29.852048 0.493175
9 29.517486 1.608380
10 28.524365 4.918783
9 29.797177 0.676077
13 28.126961 6.243463
8 29.031740 3.227535
8 29.406263 1.979123
8 29.314566 2.284779
8 29.222000 2.593333
8 28.317553 5.608158
9 29.124324 2.918919
9 28.132085 6.226384
10 29.684155 1.052817
10 29.490186 1.699379
9 29.687586 1.041381
10 29.164106 2.786312
11 27.906013 6.979956
8 28.772614 4.091286
11 28.677409 4.408636
7 29.071844 3.093853
11 29.307956 2.306814
10 28.695665 4.347784
8 27.014906 9.950314
7 27.325759 8.914137
9 28.370852 5.430492
8 29.425367 1.915443
9 29.088440 3.038534
9 29.153287 2.822376
9 27.790531 7.364897
7 27.378107 8.739645
12 28.646228 4.512573
12 28.526099 4.913002
8 28.367248 5.442507
8 29.803970 0.653434
13 29.914693 0.284357
12 29.048664 3.171119
12 27.626944 7.910188
11 29.404434 1.985219
9 28.319905 5.600318
10 27.267562 9.108128
9 29.120702 2.930994
12 29.146526 2.844915
7 27.302520 8.991599
7 28.294395 5.685351
9 29.811998 0.626673
9 29.613405 1.288652
9 28.885572 3.714761
7 28.506637 4.977876
10 28.458699 5.137671
13 28.586293 4.712356
9 28.179183 6.069389
11 29.716270 0.945765
8 28.004794 6.650685
7 28.651011 4.496628
8 28.869770 3.767434
14 28.809466 3.968448
11 28.357692 5.474358
8 28.353790 5.487368
8 29.187944 2.706853
9 29.828183 0.572725
11 28.458396 5.138679
7 27.958901 6.803663
8 29.109142 2.969527
11 28.862198 3.792673
8 27.771180 7.429401
8 27.211718 9.294274
9 29.413579 1.954737
9 29.380076 2.066414
9 28.624225 4.585918
8 29.143965 2.853449
10 27.946037 6.846543
13 28.475875 5.080418
7 28.520305 4.932317
10 27.820360 7.265467
12 28.920602 3.597995
12 28.016093 6.613025
12 27.425808 8.580640
9 28.107490 6.308366
10 29.289443 2.368525
13 29.990259 0.032470
9 29.150190 2.832699
11 29.049213 3.169290
11 29.437538 1.874872
9 29.201016 2.663281
9 27.625887 7.913709
11 27.339960 8.866801
9 28.766935 4.110217
12 27.553107 8.156309
7 28.625813 4.580625
10 29.826146 0.579513
9 28.607006 4.643312
10 27.274553 9.084825
8 28.012890 6.623700
8 28.190697 6.031009
8 27.921612 6.927961
9 29.806267 0.645778
9 29.362285 2.125715
12 27.554773 8.150758
9 28.097680 6.341067
11 28.189476 6.035081
10 28.970136 3.432881
8 28.161128 6.129572
9 29.012340 3.292201
9 29.974377 0.085411
17 29.894929 0.350237
9 28.321017 5.596611
11 29.111129 2.962903
12 29.955245 0.149182
11 29.123513 2.921622
9 29.802048 0.659840
11 29.834804 0.550653
9 29.018686 3.271047
9 29.591886 1.360380
10 27.752532 7.491559
15 29.917261 0.275797
11 27.844270 7.185768
10 27.953399 6.822002
11 28.458555 5.138150
13 28.456224 5.145921
12 29.600106 1.332979
13 29.679600 1.068001
13 29.417068 1.943106
12 29.228063 2.573123
13 29.930235 0.232549
28 29.497692 1.674362
31 29.985063 0.049789
