8 -38.970905 2.021469
9 -40.653772 6.427027
9 -39.950361 4.585574
9 -41.775201 9.362802
9 -39.700953 3.932653
9 -41.277504 8.059885
9 -39.269012 2.801879
9 -38.685528 1.274384
9 -40.913035 7.105746
9 -41.282504 8.072975
9 -41.745569 9.285227
9 -40.227920 5.312193
9 -40.799275 6.807937
7 -39.316503 2.926204
11 -40.370009 5.684167
11 -41.220609 7.910940
11 -39.263319 2.786976
11 -40.798736 6.806526
11 -39.402550 3.151468
11 -39.980573 4.664667
11 -39.279335 2.828902
8 -38.230503 0.083178
12 -41.039642 7.437189
12 -39.814031 4.228678
12 -38.270325 0.187429
7 -38.475545 0.724670
12 -39.751777 4.065705
12 -39.659402 3.823876
12 -39.056820 2.246384
12 -39.287223 2.849553
12 -39.149331 2.488568
12 -40.458182 5.914993
12 -39.247783 2.746305
7 -39.641495 3.776998
9 -40.217001 5.283608
9 -40.404319 5.773986
13 -38.398727 0.523570
11 -39.426260 3.213537
8 -39.548161 3.532659
13 -40.088591 4.947445
13 -40.806949 6.828025
13 -40.867927 6.987659
13 -41.225139 7.922801
11 -41.330324 8.198163
11 -39.795092 4.179097
7 -40.666274 6.459754
8 -40.433074 5.849262
15 -39.009067 2.121373
15 -39.009798 2.123285
15 -38.406607 0.544198
15 -39.315490 2.923554
15 -40.379488 5.708980
15 -39.508043 3.427636
15 -38.600923 1.052897
15 -38.414139 0.563918
9 -41.688268 9.135220
9 -40.469302 5.944103
9 -40.476404 5.962696
12 -39.493816 3.390391
12 -38.854343 1.716322
11 -40.788532 6.779812
11 -39.990003 4.689352
16 -40.614319 6.323741
13 -41.343987 8.233932
13 -39.025440 2.164235
7 -41.103558 7.604515
9 -39.751697 4.065494
12 -41.793143 9.409773
11 -41.164897 7.765095
11 -40.132543 5.062507
11 -38.774717 1.507870
11 -39.609661 3.693660
17 -38.783536 1.530957
11 -38.746449 1.433867
12 -40.340792 5.607680
12 -39.279849 2.830248
9 -38.981325 2.048747
13 -38.502225 0.794516
15 -38.855184 1.718524
15 -40.591070 6.262880
12 -39.838071 4.291611
9 -38.273023 0.194490
12 -41.603312 8.912815
9 -39.998787 4.712349
12 -39.270208 2.805011
12 -39.734187 4.019654
12 -39.069103 2.278540
8 -40.945064 7.189596
9 -38.754078 1.453840
9 -41.124104 7.658303
8 -41.177347 7.797686
11 -41.514603 8.680584
11 -39.613193 3.702907
11 -40.314694 5.539356
11 -39.866542 4.366145
11 -40.250850 5.372220
13 -38.609496 1.075340
8 -40.373446 5.693162
13 -40.639758 6.390338
9 -40.389740 5.735820
11 -41.368875 8.299085
9 -39.188763 2.591796
9 -39.431967 3.228478
7 -40.205892 5.254526
15 -40.974099 7.265606
11 -41.064163 7.501383
12 -41.140568 7.701403
15 -40.691899 6.526838
15 -38.715992 1.354135
12 -39.042193 2.208093
9 -40.673143 6.477736
7 -41.206720 7.874580
13 -39.184809 2.581444
13 -40.560330 6.182404
8 -41.298570 8.115034
12 -40.789689 6.782842
8 -41.822887 9.487638
12 -41.271977 8.045418
13 -39.186296 2.585337
7 -40.533140 6.111224
12 -40.697223 6.540775
9 -39.837275 4.289527
9 -41.975193 9.886359
11 -41.987690 9.919075
13 -40.794775 6.796157
8 -41.456617 8.528785
9 -38.489671 0.761652
14 -40.792517 6.790245
7 -41.711701 9.196565
11 -40.397551 5.756268
13 -38.575178 0.985501
9 -40.142616 5.088878
9 -41.989589 9.924045
13 -38.233440 0.090866
11 -40.318950 5.550499
12 -39.025559 2.164547
9 -41.632990 8.990508
12 -40.117904 5.024184
12 -41.725332 9.232249
19 -38.985452 2.059551
9 -39.311515 2.913147
8 -41.664975 9.074243
15 -38.638536 1.151365
12 -38.689180 1.283945
7 -40.463704 5.929449
11 -40.024942 4.780820
15 -38.506316 0.805227
12 -41.722780 9.225570
15 -39.074469 2.292588
12 -39.565488 3.578020
11 -38.944432 1.952164
16 -40.797640 6.803657
7 -40.707648 6.568068
9 -41.155053 7.739322
15 -40.691394 6.525516
13 -39.682999 3.885652
8 -39.924280 4.517296
12 -39.985136 4.676611
11 -39.131627 2.442219
13 -39.067122 2.273354
11 -41.728528 9.240617
13 -38.793857 1.557977
8 -40.937982 7.171057
11 -39.697948 3.924785
12 -40.342532 5.612235
18 -41.292128 8.098171
16 -40.958499 7.224768
13 -38.768574 1.491788
11 -41.813895 9.464098
13 -41.142684 7.706943
13 -40.720913 6.602794
15 -39.157140 2.509011
11 -40.902837 7.079051
11 -41.287242 8.085379
9 -41.401152 8.383582
11 -40.121030 5.032366
12 -39.607685 3.688487
12 -38.982565 2.051992
15 -41.461540 8.541673
15 -39.576109 3.605825
16 -38.399340 0.525176
12 -40.260929 5.398605
13 -38.435175 0.618987
11 -39.750148 4.061440
13 -38.326899 0.335534
13 -39.225028 2.686735
11 -39.205025 2.634368
12 -38.249981 0.134170
13 -38.605666 1.065314
12 -41.543754 8.756899
13 -39.270843 2.806672
13 -40.557470 6.174919
15 -38.756761 1.460864
17 -38.409956 0.552967
19 -38.326163 0.333605
16 -38.760982 1.471913
15 -39.177594 2.562556
18 -38.896725 1.827272
28 -40.708766 6.570993
30 -40.402481 5.769174
