17 21.484315 5.051846
21 20.524881 9.291985
24 20.656331 8.711050
22 20.861159 7.805831
22 20.666639 8.665496
22 20.878373 7.729757
29 21.633028 4.394622
21 22.407342 0.972604
23 21.265954 6.016874
27 21.471687 5.107653
22 21.043849 6.998447
22 22.092742 2.362953
29 21.957393 2.961114
25 22.273495 1.564129
31 21.027699 7.069821
26 21.184585 6.376475
26 21.682655 4.175300
25 21.185720 6.371462
24 21.614540 4.476328
34 21.094546 6.774395
23 22.224946 1.778689
25 22.286923 1.504785
28 21.250984 6.083033
39 20.786432 8.136081
22 21.674499 4.211342
18 20.542742 9.213049
30 21.090789 6.791000
34 20.871449 7.760354
39 20.880184 7.721750
24 22.165231 2.042594
25 21.572240 4.663268
18 20.546785 9.195182
36 20.479882 9.490853
30 22.493693 0.590982
26 20.848366 7.862370
24 22.335083 1.291946
21 21.149366 6.532123
27 21.531980 4.841194
30 21.304233 5.847703
23 21.514654 4.917763
45 21.575907 4.647061
26 20.767100 8.221519
26 20.610429 8.913910
29 22.073744 2.446913
21 22.023833 2.667488
29 21.208065 6.272707
25 20.573662 9.076400
31 21.203853 6.291322
19 22.343809 1.253384
39 20.716681 8.444341
35 21.397352 5.436169
20 20.736532 8.356608
28 22.411487 0.954285
25 21.385734 5.487514
25 21.270429 5.997095
30 21.922392 3.115801
33 21.650394 4.317872
24 22.203162 1.874959
27 21.763208 3.819300
24 21.173198 6.426801
25 22.040054 2.595804
20 20.636658 8.797996
30 21.155386 6.505521
27 21.565633 4.692468
43 22.433668 0.856257
19 21.455808 5.177831
23 22.003951 2.755357
33 21.951286 2.988107
23 20.941293 7.451684
36 21.630446 4.406033
32 21.542607 4.794229
22 20.439863 9.667716
23 21.212655 6.252424
27 21.935466 3.058021
27 22.145706 2.128883
25 22.448536 0.790550
21 21.476289 5.087316
31 20.729502 8.387677
22 22.016046 2.701903
39 22.310405 1.401010
27 21.426260 5.308415
28 22.249278 1.671152
14 21.701380 4.092543
37 21.093830 6.777562
32 21.938765 3.043439
24 20.519208 9.317054
22 21.653086 4.305977
31 20.650641 8.736200
51 21.981651 2.853911
30 21.824285 3.549374
20 22.198934 1.893644
21 21.657931 4.284564
26 20.406168 9.816626
35 22.456841 0.753846
41 21.516617 4.909091
28 22.024596 2.664118
20 20.462584 9.567300
20 20.377626 9.942763
20 21.242084 6.122366
25 20.857438 7.822278
28 22.328317 1.321848
32 20.990021 7.236336
24 22.189923 1.933467
22 20.881339 7.716647
25 22.568034 0.262436
25 20.965035 7.346760
30 21.920730 3.123145
28 22.383615 1.077463
24 21.807106 3.625296
27 22.488241 0.615076
27 21.893249 3.244595
60 21.141174 6.568329
28 21.909142 3.174356
23 20.908170 7.598069
23 21.310898 5.818246
30 20.426673 9.726005
28 22.178443 1.984203
27 22.294389 1.471791
28 22.233273 1.741888
29 21.024774 7.082746
22 21.367364 5.568701
32 21.380356 5.511284
24 21.298355 5.873678
28 21.172361 6.430501
23 22.320591 1.355992
34 22.095341 2.351468
37 21.949647 2.995349
16 20.757727 8.262939
25 22.216335 1.816741
29 22.312375 1.392303
31 21.800750 3.653389
23 20.400651 9.841010
29 21.739640 3.923456
23 21.262493 6.032167
28 21.869161 3.351051
30 21.221139 6.214928
29 21.795502 3.676579
22 21.261675 6.035786
18 21.800051 3.656475
24 21.805989 3.630232
37 22.496655 0.577891
18 22.360703 1.178719
22 21.499794 4.983436
32 21.655056 4.297269
27 21.837769 3.489785
25 20.612295 8.905667
36 22.532828 0.418028
35 21.977972 2.870167
20 21.492374 5.016230
26 21.734618 3.945651
20 21.844398 3.460489
37 21.704515 4.078688
18 22.049342 2.554753
29 21.549496 4.763781
29 22.321480 1.352063
35 21.504332 4.963381
30 20.878092 7.730998
26 21.578914 4.633774
18 20.910510 7.587728
25 20.434492 9.691451
26 20.946505 7.428651
30 21.725876 3.984286
40 22.457879 0.749261
30 22.309278 1.405989
33 22.216650 1.815350
46 21.288145 5.918804
19 21.138778 6.578917
34 21.751989 3.868884
31 21.949412 2.996389
27 20.563468 9.121452
29 21.606986 4.509709
28 21.194827 6.331211
33 20.634136 8.809142
23 22.412739 0.948753
30 22.101648 2.323591
23 20.732493 8.374458
32 22.155608 2.085121
30 20.859134 7.814782
32 22.083557 2.403545
26 21.635143 4.385275
26 21.664767 4.254350
22 20.539747 9.226283
25 22.443146 0.814369
28 22.173469 2.006187
27 21.652317 4.309375
25 22.094516 2.355110
29 21.720795 4.006741
23 21.878113 3.311487
27 21.193321 6.337868
25 21.126912 6.631360
27 21.351071 5.640704
41 22.004025 2.755028
39 20.577597 9.059008
27 22.382564 1.082108
27 22.315753 1.377373
25 22.114886 2.265090
24 21.082535 6.827478
33 22.380531 1.091090
47 21.517830 4.903729
29 21.026593 7.074711
