9 -1.093359 9.335933
11 -1.073216 7.321554
12 -1.052949 5.294893
13 -1.089761 8.976109
13 -1.094994 9.499423
13 -1.093304 9.330367
13 -1.069732 6.973186
14 -1.040251 4.025081
15 -1.077542 7.754155
15 -1.090919 9.091885
15 -1.090323 9.032325
15 -1.052412 5.241173
16 -1.034768 3.476762
16 -1.049786 4.978564
16 -1.071027 7.102683
16 -1.069878 6.987846
16 -1.046729 4.672892
16 -1.083608 8.360829
16 -1.096354 9.635417
16 -1.086072 8.607199
13 -1.078248 7.824760
17 -1.046356 4.635594
17 -1.030671 3.067075
17 -1.038539 3.853908
17 -1.070163 7.016254
18 -1.058668 5.866779
18 -1.083974 8.397376
18 -1.055676 5.567558
18 -1.096052 9.605250
18 -1.067477 6.747651
8 -1.090562 9.056174
19 -1.042807 4.280737
19 -1.041270 4.127011
20 -1.063613 6.361260
20 -1.098859 9.885936
20 -1.039778 3.977828
20 -1.040932 4.093244
21 -1.039357 3.935699
16 -1.084056 8.405627
21 -1.078338 7.833778
23 -1.040428 4.042769
13 -1.052178 5.217821
12 -1.060932 6.093217
13 -1.071063 7.106270
13 -1.086812 8.681182
17 -1.068008 6.800776
13 -1.086310 8.630975
16 -1.078512 7.851177
17 -1.062436 6.243593
19 -1.039796 3.979635
16 -1.088026 8.802578
13 -1.056875 5.687483
16 -1.068191 6.819118
16 -1.035107 3.510703
27 -1.099935 9.993498
21 -1.059233 5.923290
16 -1.066414 6.641354
21 -1.087088 8.708839
19 -1.062735 6.273460
29 -1.073517 7.351653
18 -1.062639 6.263852
15 -1.079779 7.977871
17 -1.076245 7.624520
17 -1.074076 7.407626
17 -1.067975 6.797533
14 -1.091561 9.156075
19 -1.044838 4.483847
23 -1.049800 4.980037
16 -1.087372 8.737193
18 -1.058867 5.886681
17 -1.072302 7.230240
17 -1.041394 4.139393
14 -1.057290 5.729004
21 -1.033828 3.382769
17 -1.071500 7.149978
13 -1.093240 9.323960
20 -1.049666 4.966599
14 -1.061636 6.163580
13 -1.037427 3.742701
13 -1.088179 8.817920
17 -1.095054 9.505435
17 -1.056827 5.682703
16 -1.079174 7.917396
13 -1.065580 6.558041
16 -1.050403 5.040268
16 -1.053281 5.328144
16 -1.064484 6.448449
13 -1.055498 5.549767
14 -1.039104 3.910418
15 -1.050237 5.023663
29 -1.086269 8.626899
17 -1.044198 4.419771
21 -1.099672 9.967161
20 -1.063695 6.369459
20 -1.068356 6.835574
16 -1.079585 7.958537
13 -1.043181 4.318058
19 -1.047499 4.749902
16 -1.073792 7.379155
20 -1.034020 3.402020
18 -1.032745 3.274508
13 -1.053216 5.321638
16 -1.070812 7.081226
15 -1.032521 3.252080
15 -1.061409 6.140922
37 -1.094504 9.450368
17 -1.092706 9.270574
16 -1.089429 8.942919
13 -1.071957 7.195744
13 -1.068822 6.882200
19 -1.047422 4.742192
13 -1.035299 3.529865
37 -1.043414 4.341426
19 -1.068562 6.856214
23 -1.038939 3.893882
18 -1.044350 4.435001
15 -1.037731 3.773092
21 -1.048927 4.892721
14 -1.094894 9.489373
17 -1.032959 3.295851
15 -1.080111 8.011142
15 -1.094843 9.484309
16 -1.037388 3.738839
18 -1.045145 4.514467
14 -1.058354 5.835438
14 -1.059281 5.928085
16 -1.034226 3.422552
20 -1.064875 6.487493
12 -1.091083 9.108306
18 -1.053755 5.375450
16 -1.038504 3.850399
17 -1.048560 4.856000
16 -1.032175 3.217522
30 -1.097650 9.765026
15 -1.085127 8.512684
14 -1.051469 5.146913
13 -1.048829 4.882939
16 -1.053015 5.301543
19 -1.032717 3.271750
20 -1.039378 3.937808
19 -1.082627 8.262741
15 -1.067073 6.707314
16 -1.036928 3.692811
28 -1.078383 7.838346
14 -1.075343 7.534348
15 -1.085798 8.579849
14 -1.072853 7.285293
20 -1.083544 8.354438
18 -1.048460 4.846020
20 -1.053795 5.379529
15 -1.042705 4.270480
14 -1.054998 5.499781
19 -1.054093 5.409322
14 -1.093898 9.389753
12 -1.097508 9.750847
18 -1.096627 9.662686
19 -1.050507 5.050721
16 -1.063574 6.357427
18 -1.069225 6.922463
13 -1.048264 4.826383
20 -1.059906 5.990645
16 -1.080700 8.070050
41 -1.078491 7.849053
18 -1.089196 8.919628
19 -1.050414 5.041388
18 -1.073817 7.381683
18 -1.064182 6.418210
21 -1.066135 6.613539
41 -1.079207 7.920651
31 -1.086661 8.666052
48 -1.047676 4.767624
37 -1.068433 6.843319
44 -1.098491 9.849106
38 -1.088175 8.817462
42 -1.063458 6.345762
41 -1.096927 9.692688
38 -1.095706 9.570570
40 -1.033326 3.332615
48 -1.084320 8.432005
44 -1.048991 4.899107
35 -1.052801 5.280051
46 -1.057355 5.735517
50 -1.091345 9.134509
33 -1.069526 6.952620
51 -1.063921 6.392098
49 -1.063498 6.349818
47 -1.059082 5.908239
50 -1.049716 4.971626
45 -1.052822 5.282203
61 -1.067444 6.744428
47 -1.075581 7.558142
45 -1.068760 6.875992
68 -1.067926 6.792578
53 -1.060692 6.069244
49 -1.038298 3.829838
50 -1.063049 6.304912
51 -1.059239 5.923942
65 -1.086667 8.666701
74 -1.074867 7.486726
78 -1.077214 7.721393
