15 0.944655 5.534483
14 0.976885 2.311532
14 0.977310 2.268954
15 0.960300 3.969960
22 0.922824 7.717560
19 0.905223 9.477678
20 0.910998 8.900164
16 0.933258 6.674177
17 0.974502 2.549814
19 0.988557 1.144339
26 0.997254 0.274573
25 0.995388 0.461202
17 0.924377 7.562325
24 0.957846 4.215411
22 0.913334 8.666628
20 0.914792 8.520834
32 0.917357 8.264275
16 0.935892 6.410757
15 0.940003 5.999738
22 0.975697 2.430286
23 0.967285 3.271491
26 0.928235 7.176550
24 0.996408 0.359200
17 0.983308 1.669168
20 0.929165 7.083481
33 0.979307 2.069339
14 0.926607 7.339292
20 0.944240 5.576033
20 0.946827 5.317344
18 0.913783 8.621657
24 0.930070 6.993039
20 0.906800 9.320046
29 0.927925 7.207548
25 0.957187 4.281302
26 0.964208 3.579185
25 0.908122 9.187768
12 0.913503 8.649682
16 0.976968 2.303247
21 0.938752 6.124785
18 0.913881 8.611899
18 0.950211 4.978878
20 0.986950 1.304954
20 0.998807 0.119303
17 0.987998 1.200168
20 0.928559 7.144121
34 0.903726 9.627422
17 0.911373 8.862738
18 0.943815 5.618521
26 0.933839 6.616127
28 0.991825 0.817544
16 0.924499 7.550068
21 0.974140 2.585981
18 0.905952 9.404820
19 0.958508 4.149166
22 0.917270 8.272979
19 0.982923 1.707718
21 0.922361 7.763899
19 0.917508 8.249220
21 0.941861 5.813874
15 0.993738 0.626202
20 0.918903 8.109733
30 0.988608 1.139188
14 0.931038 6.896209
27 0.990760 0.923997
31 0.938408 6.159184
29 0.910848 8.915193
28 0.953727 4.627324
23 0.958793 4.120670
30 0.983512 1.648776
13 0.902106 9.789387
20 0.989627 1.037310
21 0.942364 5.763603
18 0.938930 6.107020
29 0.905484 9.451641
41 0.917031 8.296919
21 0.918616 8.138426
20 0.933466 6.653355
31 0.925978 7.402226
29 0.928113 7.188683
27 0.946620 5.338011
34 0.962429 3.757087
14 0.960413 3.958712
29 0.901689 9.831093
25 0.910384 8.961622
35 0.939245 6.075470
19 0.974528 2.547223
23 0.954772 4.522786
18 0.955833 4.416701
37 0.900628 9.937182
31 0.998088 0.191205
35 0.905715 9.428483
33 0.909460 9.053976
29 0.949543 5.045703
23 0.938043 6.195666
23 0.995814 0.418604
26 0.999553 0.044664
17 0.923289 7.671085
20 0.911625 8.837521
34 0.939474 6.052631
31 0.958588 4.141246
28 0.988273 1.172721
13 0.959263 4.073715
22 0.930696 6.930359
18 0.909291 9.070857
19 0.929142 7.085836
20 0.918020 8.198012
19 0.993129 0.687083
25 0.933496 6.650435
18 0.981070 1.892996
17 0.983697 1.630252
44 0.935654 6.434591
24 0.944323 5.567657
21 0.960797 3.920345
18 0.956350 4.364969
33 0.909900 9.010002
20 0.970328 2.967164
20 0.955557 4.444337
17 0.938195 6.180454
26 0.915274 8.472643
39 0.911883 8.811717
14 0.915763 8.423702
12 0.979115 2.088502
28 0.908987 9.101317
25 0.903213 9.678657
18 0.956087 4.391309
26 0.954412 4.558822
34 0.927442 7.255825
24 0.935481 6.451909
30 0.940851 5.914891
23 0.968164 3.183623
30 0.905002 9.499848
19 0.942564 5.743592
16 0.907181 9.281854
20 0.981684 1.831600
28 0.946631 5.336886
30 0.964966 3.503375
19 0.994534 0.546618
23 0.987368 1.263218
17 0.997023 0.297670
14 0.914203 8.579738
18 0.991118 0.888247
31 0.949781 5.021902
36 0.951155 4.884492
38 0.946438 5.356238
17 0.984110 1.588999
19 0.921343 7.865731
20 0.947935 5.206458
24 0.984493 1.550656
19 0.997920 0.208024
18 0.997906 0.209400
24 0.914294 8.570557
19 0.913313 8.668742
14 0.996205 0.379472
22 0.993218 0.678211
23 0.943589 5.641065
37 0.957206 4.279412
28 0.925757 7.424259
33 0.904692 9.530842
21 0.918856 8.114352
21 0.995581 0.441949
32 0.917296 8.270355
35 0.952541 4.745891
35 0.988937 1.106313
28 0.982192 1.780790
19 0.902985 9.701485
20 0.972106 2.789417
40 0.913096 8.690380
20 0.932989 6.701114
25 0.951555 4.844489
17 0.924714 7.528590
27 0.968393 3.160668
20 0.949933 5.006657
34 0.928855 7.114474
19 0.994010 0.598964
29 0.937767 6.223273
35 0.981705 1.829457
21 0.988763 1.123689
53 0.999154 0.084628
28 0.934206 6.579370
29 0.921550 7.844992
32 0.905831 9.416867
28 0.949004 5.099608
26 0.982324 1.767587
23 0.909359 9.064075
26 0.903578 9.642232
18 0.904917 9.508296
32 0.938070 6.193049
33 0.980988 1.901247
37 0.918418 8.158177
35 0.905264 9.473566
33 0.956351 4.364881
29 0.958429 4.157054
42 0.904481 9.551854
28 0.916924 8.307584
35 0.948274 5.172626
33 0.910183 8.981735
29 0.926948 7.305246
40 0.959110 4.088993
46 0.936326 6.367446
47 0.909288 9.071207
