20 -0.016351 4.681752
21 -0.016543 5.913141
22 -0.016686 6.825719
22 -0.016777 7.413180
22 -0.016383 4.886255
23 -0.016460 5.378640
24 -0.016137 3.314921
24 -0.016102 3.091075
24 -0.016014 2.526901
24 -0.015914 1.886399
25 -0.016037 2.671198
25 -0.016167 3.502775
25 -0.016992 8.788683
25 -0.017034 9.056563
25 -0.016339 4.605902
25 -0.016198 3.704766
26 -0.016682 6.804268
26 -0.016020 2.561522
26 -0.016148 3.384970
27 -0.016180 3.588559
25 -0.016427 5.169551
27 -0.016317 4.467311
27 -0.016124 3.231364
27 -0.016373 4.826810
27 -0.016046 2.728502
28 -0.016200 3.715239
28 -0.016827 7.727452
29 -0.015943 2.070902
29 -0.016084 2.975921
29 -0.016517 5.744474
29 -0.016255 4.065375
29 -0.015665 0.288144
31 -0.016052 2.769271
24 -0.017162 9.877057
31 -0.016224 3.868931
31 -0.016019 2.557956
27 -0.016239 3.963077
32 -0.016141 3.338530
32 -0.016387 4.911679
32 -0.015994 2.394712
32 -0.015809 1.211986
32 -0.015945 2.086983
33 -0.016119 3.199788
33 -0.015731 0.716055
33 -0.015824 1.309543
34 -0.016072 2.898438
34 -0.015926 1.960671
34 -0.015932 1.998973
25 -0.016214 3.807208
26 -0.016303 4.375370
28 -0.016003 2.455348
27 -0.015968 2.230804
29 -0.016010 2.500879
27 -0.016291 4.298993
35 -0.015864 1.563936
35 -0.015994 2.398901
26 -0.015738 0.759022
28 -0.016084 2.975395
26 -0.016727 7.090585
36 -0.015718 0.628440
21 -0.016582 6.160414
34 -0.015824 1.309692
35 -0.015867 1.586592
31 -0.015951 2.119751
31 -0.015876 1.640552
35 -0.015876 1.640192
26 -0.015649 0.188028
31 -0.015888 1.722016
26 -0.016075 2.915929
34 -0.015819 1.278910
26 -0.016123 3.221472
26 -0.016342 4.624518
29 -0.016044 2.715001
29 -0.015833 1.368777
34 -0.015959 2.171303
31 -0.015824 1.306750
26 -0.017122 9.617905
21 -0.016895 8.165574
20 -0.016283 4.248300
29 -0.016029 2.621345
23 -0.015753 0.853900
25 -0.016212 3.794370
32 -0.015647 0.174696
35 -0.015648 0.185529
36 -0.015820 1.283573
34 -0.015633 0.084925
28 -0.016542 5.909071
33 -0.015811 1.226734
27 -0.015955 2.146627
27 -0.015722 0.658215
31 -0.016293 4.313140
27 -0.016144 3.358346
33 -0.016015 2.531467
33 -0.015858 1.523789
33 -0.015936 2.026852
28 -0.016460 5.381467
28 -0.016322 4.495340
29 -0.016469 5.437133
34 -0.015918 1.911716
33 -0.016196 3.691083
33 -0.015846 1.449358
31 -0.016371 4.808351
31 -0.015923 1.941279
25 -0.016370 4.806028
33 -0.016236 3.945461
32 -0.015990 2.374509
25 -0.016357 4.723774
43 -0.015887 1.712261
26 -0.016069 2.876120
28 -0.016040 2.693573
40 -0.015743 0.790859
24 -0.016149 3.387697
27 -0.015631 0.073385
37 -0.015893 1.752138
28 -0.016745 7.208431
25 -0.016117 3.187810
39 -0.016361 4.748340
31 -0.015913 1.880660
25 -0.017163 9.884458
27 -0.016391 4.940203
31 -0.016013 2.518989
36 -0.015982 2.321783
27 -0.015976 2.279478
25 -0.016573 6.105972
27 -0.016762 7.317227
24 -0.017033 9.048244
36 -0.015781 1.032294
33 -0.015785 1.058485
27 -0.016594 6.239309
27 -0.016308 4.405423
32 -0.015893 1.751436
31 -0.017017 8.949850
21 -0.017154 9.823120
29 -0.016167 3.504919
29 -0.016181 3.592053
28 -0.016105 3.106523
20 -0.016874 8.029309
25 -0.016149 3.390828
29 -0.015995 2.406236
28 -0.016015 2.534345
31 -0.015757 0.881731
26 -0.016045 2.726656
32 -0.015835 1.382175
36 -0.015659 0.250358
28 -0.015919 1.917169
26 -0.016598 6.263209
28 -0.015942 2.064350
33 -0.015989 2.367656
27 -0.016377 4.848860
31 -0.015847 1.457052
27 -0.016138 3.316570
27 -0.016471 5.449817
24 -0.017066 9.261638
32 -0.015664 0.285889
28 -0.016308 4.408431
29 -0.016118 3.193689
29 -0.016139 3.328158
23 -0.016452 5.328188
33 -0.015833 1.368786
20 -0.016775 7.395566
26 -0.015847 1.453266
27 -0.016127 3.249465
33 -0.015974 2.270181
28 -0.015656 0.231301
26 -0.017076 9.327522
32 -0.016164 3.482965
40 -0.016054 2.780727
32 -0.015872 1.616239
29 -0.015833 1.365609
29 -0.016034 2.650619
28 -0.016145 3.362541
29 -0.015740 0.768450
31 -0.016134 3.291148
33 -0.016067 2.862297
28 -0.016166 3.497409
34 -0.017060 9.225535
24 -0.016704 6.943757
27 -0.016914 8.287932
28 -0.016013 2.516265
28 -0.016456 5.358048
29 -0.015872 1.618091
32 -0.016151 3.404988
33 -0.015689 0.444878
29 -0.016516 5.739586
32 -0.016070 2.883429
32 -0.016280 4.229764
29 -0.015924 1.948436
36 -0.015807 1.197161
37 -0.015911 1.866852
35 -0.015863 1.558992
36 -0.015732 0.721770
35 -0.016967 8.627790
32 -0.016722 7.061308
36 -0.015937 2.033619
35 -0.016226 3.880483
39 -0.016275 4.198416
36 -0.015936 2.028537
36 -0.015936 2.025781
37 -0.015969 2.236052
40 -0.015747 0.817293
