22 -6.570094 9.501561
22 -6.528873 8.814544
24 -6.273558 4.559293
26 -6.512477 8.541275
26 -6.450802 7.513368
26 -6.158817 2.646953
28 -6.593580 9.893005
28 -6.303147 5.052449
28 -6.569125 9.485415
28 -6.335060 5.584331
30 -6.462599 7.709986
30 -6.281093 4.684879
30 -6.393327 6.555457
30 -6.496735 8.278922
33 -6.273495 4.558257
33 -6.251883 4.198043
33 -6.295334 4.922241
33 -6.369361 6.156013
15 -6.461442 7.690706
35 -6.199223 3.320381
35 -6.473081 7.884682
35 -6.512614 8.543569
35 -6.439245 7.320745
37 -6.476899 7.948324
37 -6.573014 9.550233
37 -6.270992 4.516533
37 -6.472911 7.881850
37 -6.397022 6.617037
37 -6.264570 4.409502
37 -6.420132 7.002206
37 -6.399727 6.662122
37 -6.224509 3.741821
38 -6.291195 4.853254
26 -6.359274 5.987907
39 -6.309108 5.151801
41 -6.550011 9.166845
41 -6.248974 4.149572
41 -6.321938 5.365638
41 -6.551168 9.186129
41 -6.219866 3.664432
28 -6.449745 7.495742
26 -6.563390 9.389834
44 -6.409246 6.820768
44 -6.347617 5.793609
26 -6.287757 4.795958
28 -6.538079 8.967975
33 -6.435990 7.266506
26 -6.546365 9.106079
48 -6.387566 6.459441
48 -6.371335 6.188912
48 -6.567797 9.463283
48 -6.400692 6.678200
33 -6.520352 8.672526
50 -6.287464 4.791064
26 -6.430818 7.180301
33 -6.193550 3.225839
35 -6.473474 7.891237
28 -6.217655 3.627578
26 -6.495775 8.262925
33 -6.205289 3.421482
30 -6.308248 5.137461
55 -6.529034 8.817234
55 -6.402782 6.713039
26 -6.399043 6.650717
30 -6.596314 9.938572
26 -6.196887 3.281448
33 -6.376406 6.273441
33 -6.350411 5.840185
24 -6.423944 7.065727
26 -6.502891 8.381525
28 -6.415344 6.922402
30 -6.571860 9.531006
39 -6.355685 5.928084
35 -6.331213 5.520212
41 -6.193012 3.216858
37 -6.228390 3.806497
37 -6.486016 8.100270
39 -6.320705 5.345092
66 -6.565538 9.425633
39 -6.344991 5.749843
39 -6.470303 7.838388
33 -6.121588 2.026461
28 -6.273567 4.559444
46 -6.552997 9.216616
35 -6.191177 3.186287
39 -6.476155 7.935921
35 -6.299187 4.986451
44 -6.500732 8.345538
35 -6.349352 5.822538
33 -6.524360 8.739336
26 -6.526666 8.777761
30 -6.461416 7.690273
46 -6.259294 4.321566
39 -6.466902 7.781703
34 -6.576844 9.614068
35 -6.543901 9.065021
28 -6.405271 6.754524
48 -6.298085 4.968082
35 -6.306236 5.103928
28 -6.579870 9.664504
41 -6.522259 8.704309
46 -6.352931 5.882183
28 -6.564613 9.410223
52 -6.498737 8.312278
37 -6.556558 9.275963
50 -6.250960 4.182672
28 -6.272547 4.542450
44 -6.565289 9.421485
28 -6.418355 6.972577
44 -6.405318 6.755307
37 -6.379858 6.330966
26 -6.207283 3.454724
24 -6.488478 8.141298
28 -6.417091 6.951522
41 -6.530586 8.843096
35 -6.364774 6.079562
39 -6.412090 6.868159
37 -6.120538 2.008959
41 -6.371892 6.198202
28 -6.209126 3.485437
26 -6.340067 5.667789
28 -6.237946 3.965767
46 -6.574671 9.577856
52 -6.238818 3.980307
44 -6.179222 2.987032
37 -6.465719 7.761975
30 -6.573961 9.566023
22 -6.574655 9.577580
37 -6.279071 4.651177
26 -6.516859 8.614321
33 -6.486181 8.103013
35 -6.569729 9.495482
41 -6.577791 9.629852
44 -6.457613 7.626877
39 -6.468154 7.802559
30 -6.527593 8.793221
26 -6.186343 3.105716
33 -6.412562 6.876029
35 -6.312036 5.200598
55 -6.330882 5.514704
35 -6.264677 4.411291
30 -6.311243 5.187389
37 -6.182815 3.046924
57 -6.192418 3.206959
39 -6.574926 9.582107
37 -6.268045 4.467420
35 -6.467271 7.787849
22 -6.462692 7.711537
33 -6.301348 5.022462
59 -6.593776 9.896264
33 -6.480678 8.011292
52 -6.560651 9.344182
41 -6.519889 8.664817
26 -6.571704 9.528402
28 -6.386928 6.448802
33 -6.137605 2.293410
26 -6.260137 4.335624
22 -6.558630 9.310506
37 -6.271137 4.518950
57 -6.474344 7.905728
26 -6.443404 7.390065
35 -6.382254 6.370903
39 -6.510765 8.512758
37 -6.420269 7.004481
39 -6.410734 6.845562
28 -6.344984 5.749733
28 -6.336579 5.609645
48 -6.242552 4.042535
26 -6.496995 8.283255
50 -6.214184 3.569729
28 -6.480913 8.015213
52 -6.341703 5.695046
37 -6.254056 4.234268
28 -6.526458 8.774301
30 -6.319463 5.324383
37 -6.167526 2.792102
33 -6.560684 9.344725
44 -6.459039 7.650652
48 -6.237873 3.964550
37 -6.562810 9.380169
48 -6.224777 3.746277
48 -6.522017 8.700278
28 -6.489103 8.151721
28 -6.594863 9.914381
50 -6.588361 9.806024
30 -6.333746 5.562428
55 -6.246726 4.112106
35 -6.285482 4.758036
39 -6.374880 6.247992
37 -6.555937 9.265623
37 -6.489427 8.157114
39 -6.515096 8.584934
41 -6.258460 4.307674
48 -6.475408 7.923460
59 -6.300987 5.016455
46 -6.396425 6.607077
50 -6.229691 3.828190
44 -6.463425 7.723750
46 -6.426868 7.114469
46 -6.490588 8.176470
