7 8.105080 4.628880
7 8.057116 5.193268
7 8.151913 4.077815
7 8.026942 5.548326
8 8.034700 5.457036
8 7.950156 6.451855
8 7.960791 6.326714
8 8.228880 3.172157
9 7.788016 8.359730
9 7.675839 9.679692
9 7.972460 6.189407
9 8.179274 3.755855
9 7.853573 7.588328
9 8.001957 5.842313
9 7.723930 9.113815
9 7.927990 6.712678
10 8.104383 4.637088
10 7.801390 8.202357
10 7.902852 7.008475
10 7.841115 7.734912
10 7.780214 8.451526
10 7.851957 7.607338
10 7.996620 5.905112
10 8.216602 3.316629
10 7.743042 8.888925
10 7.903730 6.998143
7 8.097841 4.714062
10 7.935970 6.618774
10 8.043306 5.355769
11 7.914630 6.869877
11 7.773405 8.531649
10 7.794951 8.278120
7 8.068413 5.060343
10 8.034647 5.457662
12 8.201371 3.495849
11 7.817037 8.018244
8 7.954266 6.403490
8 7.982234 6.074394
13 8.159936 3.983403
13 7.672849 9.714873
13 7.862957 7.477903
13 7.833026 7.830100
11 8.210222 3.391694
13 7.757199 8.722339
11 7.890076 7.158798
13 7.855831 7.561758
13 7.679130 9.640971
10 7.992974 5.948020
9 7.716134 9.205547
7 8.152643 4.069219
14 7.807041 8.135862
14 7.919474 6.812885
11 7.895737 7.092195
14 7.943373 6.531661
14 7.769270 8.580309
13 7.863226 7.474739
10 7.932869 6.655260
10 7.678239 9.651451
12 7.934175 6.639895
13 7.795655 8.269842
15 7.749383 8.814307
11 7.691350 9.497181
12 8.070580 5.034845
13 7.664834 9.809187
10 7.724273 9.109780
12 7.804031 8.171277
11 8.054295 5.226460
13 7.765504 8.624623
13 7.937063 6.605916
10 7.988026 6.006243
14 7.949971 6.454030
12 8.092753 4.773935
10 8.029794 5.514763
11 8.015643 5.681273
10 8.024752 5.574088
14 7.698059 9.418235
10 7.813810 8.056212
12 7.948304 6.473645
10 8.231413 3.142343
9 7.804371 8.167275
10 8.025822 5.561503
15 7.973757 6.174147
11 7.969748 6.221317
14 7.746877 8.843802
11 7.769549 8.577023
13 7.721471 9.142744
9 8.060283 5.156010
14 7.711771 9.256881
14 7.767808 8.597513
13 7.777349 8.485245
9 7.887619 7.187711
9 7.819393 7.990520
12 7.810778 8.091894
11 7.961827 6.314521
11 8.171499 3.847346
10 7.749332 8.814914
11 8.115976 4.500680
15 7.845750 7.680377
failed to find solution after reaching max emtpy limit -- 16 iterations and 10 function evals
16 7.790899 8.325800
8 7.872530 7.365261
failed to find solution after reaching max emtpy limit -- 16 iterations and 10 function evals
11 8.150615 4.093078
13 7.960494 6.330206
9 7.690447 9.507809
7 7.734387 8.990770
8 7.801012 8.206803
11 7.696002 9.442440
11 8.019477 5.636165
10 7.890582 7.152843
15 7.761316 8.673899
14 8.068198 5.062868
9 8.201581 3.493378
failed to find solution after reaching max emtpy limit -- 19 iterations and 13 function evals
10 8.080891 4.913510
12 8.007466 5.777488
9 7.708749 9.292445
20 7.744104 8.876428
14 7.775383 8.508375
12 8.090541 4.799968
9 8.003077 5.829143
13 7.904099 6.993793
12 7.903876 6.996421
10 8.071497 5.024055
failed to find solution after reaching max emtpy limit -- 17 iterations and 11 function evals
30 7.680064 9.629977
8 7.871859 7.373163
10 8.156556 4.023180
10 7.843484 7.707036
12 7.817850 8.008673
11 7.761626 8.670254
13 8.112726 4.538916
9 7.885568 7.211852
19 7.649509 9.989518
failed to find solution after reaching max emtpy limit -- 17 iterations and 11 function evals
10 8.051149 5.263488
14 7.895069 7.100045
14 7.662369 9.838197
10 8.235021 3.099892
9 7.856643 7.552197
9 7.740985 8.913130
11 7.830047 7.865150
failed to find solution after reaching max emtpy limit -- 16 iterations and 10 function evals
13 7.700739 9.386697
11 8.164064 3.934834
failed to find solution after reaching max emtpy limit -- 17 iterations and 11 function evals
17 7.761924 8.666748
13 7.694205 9.463579
9 7.766992 8.607115
31 7.660844 9.856135
10 7.762242 8.663008
10 7.811244 8.086409
15 7.858991 7.524571
failed to find solution after reaching max emtpy limit -- 26 iterations and 14 function evals
15 7.850901 7.619769
10 8.223732 3.232726
failed to find solution after reaching max emtpy limit -- 20 iterations and 12 function evals
11 7.695765 9.445227
12 7.799374 8.226081
9 7.760158 8.687529
10 7.994232 5.933221
10 7.863369 7.473062
11 7.721350 9.144177
14 7.800646 8.211105
failed to find solution after reaching max emtpy limit -- 19 iterations and 13 function evals
10 7.838655 7.763860
10 7.961439 6.319082
failed to find solution after reaching max emtpy limit -- 17 iterations and 11 function evals
11 7.947703 6.480716
8 7.861734 7.492297
9 7.845841 7.679312
10 7.772491 8.542400
failed to find solution after reaching max emtpy limit -- 21 iterations and 15 function evals
12 7.965421 6.272235
12 7.925807 6.738362
10 7.933144 6.652031
10 8.025731 5.562569
12 8.148984 4.112279
failed to find solution after reaching max emtpy limit -- 16 iterations and 10 function evals
failed to find solution after reaching max emtpy limit -- 17 iterations and 11 function evals
12 8.065960 5.089203
failed to find solution after reaching max emtpy limit -- 16 iterations and 10 function evals
failed to find solution after reaching max emtpy limit -- 17 iterations and 11 function evals
13 8.070096 5.040534
16 7.737262 8.956933
12 7.897145 7.075627
failed to find solution after reaching max emtpy limit -- 29 iterations and 13 function evals
15 7.832953 7.830963
23 7.680120 9.629323
17 7.666013 9.795319
failed to find solution after reaching max emtpy limit -- 17 iterations and 11 function evals
failed to find solution after reaching max emtpy limit -- 27 iterations and 12 function evals
failed to find solution after reaching max emtpy limit -- 25 iterations and 12 function evals
failed to find solution after reaching max emtpy limit -- 15 iterations and 9 function evals
failed to find solution after reaching max emtpy limit -- 16 iterations and 10 function evals
failed to find solution after reaching max emtpy limit -- 39 iterations and 12 function evals
failed to find solution after reaching max emtpy limit -- 27 iterations and 15 function evals
failed to find solution after reaching max emtpy limit -- 19 iterations and 13 function evals
failed to find solution after reaching max emtpy limit -- 51 iterations and 18 function evals
28 7.715841 9.208998
