9 -0.251400 0.559863
15 -0.270132 8.052903
15 -0.250399 0.159565
15 -0.274332 9.732670
15 -0.251875 0.749801
15 -0.256310 2.523882
15 -0.258347 3.338866
15 -0.254692 1.876725
16 -0.272488 8.995179
19 -0.261657 4.662990
19 -0.267753 7.101103
19 -0.252049 0.819630
20 -0.250130 0.051986
20 -0.260111 4.044259
21 -0.267118 6.847389
21 -0.273738 9.495284
9 -0.252071 0.828563
23 -0.272444 8.977788
24 -0.260238 4.095386
17 -0.251053 0.421016
27 -0.250050 0.020141
11 -0.269990 7.995817
28 -0.250010 0.004151
28 -0.257904 3.161404
28 -0.250587 0.234948
28 -0.269038 7.615262
29 -0.250335 0.134140
29 -0.273410 9.364044
29 -0.272400 8.959899
29 -0.260072 4.028824
20 -0.255393 2.157080
29 -0.252829 1.131637
29 -0.259936 3.974359
21 -0.272335 8.934117
28 -0.269994 7.997703
21 -0.253494 1.397647
31 -0.259316 3.726236
32 -0.271577 8.630912
32 -0.273089 9.235675
32 -0.269608 7.843200
32 -0.252534 1.013478
17 -0.267922 7.168911
33 -0.262370 4.948079
33 -0.260998 4.399092
33 -0.260762 4.304665
35 -0.265810 6.323836
35 -0.265185 6.074021
32 -0.256333 2.533299
36 -0.267036 6.814593
27 -0.255300 2.119858
36 -0.263543 5.417060
36 -0.259397 3.758657
37 -0.263995 5.598048
37 -0.250040 0.015995
37 -0.250106 0.042511
12 -0.264635 5.853954
39 -0.255719 2.287695
17 -0.256261 2.504404
13 -0.253396 1.358480
32 -0.250804 0.321405
41 -0.251524 0.609625
28 -0.258057 3.222988
33 -0.254772 1.908616
16 -0.252562 1.024917
27 -0.252331 0.932589
29 -0.251343 0.537062
21 -0.253188 1.275389
36 -0.265658 6.263222
24 -0.255471 2.188565
21 -0.264143 5.657393
24 -0.274840 9.936130
17 -0.272244 8.897453
12 -0.250093 0.037093
19 -0.261805 4.721801
12 -0.250076 0.030412
35 -0.274574 9.829765
25 -0.270606 8.242345
19 -0.250220 0.088140
17 -0.252232 0.892740
20 -0.250010 0.003820
25 -0.250320 0.127952
29 -0.250180 0.072122
33 -0.250002 0.000615
29 -0.254409 1.763737
40 -0.257912 3.165000
32 -0.252781 1.112524
19 -0.258392 3.356701
25 -0.262438 4.975191
41 -0.272599 9.039445
33 -0.250053 0.021234
32 -0.260811 4.324335
28 -0.256726 2.690316
21 -0.251828 0.731044
36 -0.259101 3.640569
32 -0.252665 1.066083
35 -0.266515 6.605811
27 -0.255352 2.140808
11 -0.254369 1.747665
27 -0.270626 8.250432
20 -0.253787 1.514774
33 -0.251066 0.426591
33 -0.250833 0.333285
37 -0.253125 1.250084
37 -0.252622 1.048719
31 -0.252519 1.007525
28 -0.254215 1.685824
24 -0.250699 0.279719
13 -0.256472 2.588831
20 -0.250091 0.036201
36 -0.250011 0.004474
33 -0.252447 0.978741
21 -0.254969 1.987668
20 -0.260181 4.072233
27 -0.254614 1.845406
39 -0.269117 7.646910
9 -0.261930 4.772108
24 -0.262975 5.189966
33 -0.251697 0.678689
21 -0.267025 6.809908
23 -0.255787 2.314847
20 -0.262112 4.844675
13 -0.251871 0.748337
24 -0.270178 8.071101
33 -0.250084 0.033682
21 -0.250011 0.004508
28 -0.254169 1.667438
31 -0.264350 5.739814
16 -0.255347 2.138907
21 -0.250421 0.168554
33 -0.250173 0.069344
29 -0.268475 7.389890
25 -0.273484 9.393800
35 -0.263837 5.534839
36 -0.271644 8.657608
12 -0.253499 1.399767
24 -0.265348 6.139137
21 -0.250503 0.201203
21 -0.250754 0.301495
27 -0.267830 7.132089
19 -0.270031 8.012319
19 -0.250239 0.095432
32 -0.250001 0.000220
20 -0.254517 1.806607
33 -0.273662 9.464874
24 -0.254252 1.700945
33 -0.250207 0.082662
23 -0.267277 6.910690
24 -0.274806 9.922383
8 -0.253910 1.563926
15 -0.250721 0.288289
29 -0.250930 0.372142
23 -0.273732 9.492723
28 -0.250345 0.137927
24 -0.256571 2.628269
11 -0.261719 4.687482
20 -0.251864 0.745552
35 -0.261323 4.529337
15 -0.250334 0.133775
23 -0.270322 8.128925
20 -0.251042 0.416666
17 -0.250796 0.318595
16 -0.267308 6.923279
23 -0.256613 2.645058
32 -0.260922 4.368862
9 -0.256730 2.691935
35 -0.268748 7.499131
32 -0.259995 3.998070
28 -0.253330 1.332148
17 -0.270109 8.043600
36 -0.253474 1.389416
17 -0.268695 7.478118
28 -0.262213 4.885151
27 -0.262605 5.041998
31 -0.266084 6.433455
29 -0.250372 0.148680
17 -0.250037 0.014945
21 -0.250132 0.052757
33 -0.268303 7.321148
20 -0.265987 6.394975
23 -0.257174 2.869484
31 -0.266156 6.462446
35 -0.252677 1.070801
25 -0.264774 5.909708
20 -0.254378 1.751287
36 -0.250738 0.295379
36 -0.258797 3.518788
25 -0.265688 6.275231
29 -0.269890 7.955869
28 -0.259460 3.784084
41 -0.259678 3.871276
28 -0.262512 5.004982
24 -0.251721 0.688416
37 -0.268578 7.431359
27 -0.256982 2.792841
36 -0.254571 1.828532
36 -0.250132 0.052651
37 -0.260995 4.398100
37 -0.256852 2.740767
37 -0.273095 9.237935
37 -0.270825 8.329818
