12 -0.250013 0.005166
15 -0.266359 6.543779
15 -0.258216 3.286560
15 -0.252528 1.011375
17 -0.251872 0.748867
17 -0.260553 4.221205
17 -0.250102 0.040649
19 -0.258230 3.291864
19 -0.254094 1.637668
15 -0.252700 1.080137
22 -0.263739 5.495719
22 -0.252981 1.192275
22 -0.270833 8.333043
22 -0.268243 7.297164
22 -0.250710 0.284168
22 -0.251467 0.586941
22 -0.250188 0.075183
12 -0.250328 0.131334
24 -0.264771 5.908473
24 -0.263795 5.518003
24 -0.251367 0.546748
24 -0.252091 0.836467
24 -0.250663 0.265237
24 -0.252749 1.099433
26 -0.268255 7.302043
26 -0.260145 4.057860
15 -0.254495 1.797876
26 -0.263599 5.439631
26 -0.262026 4.810445
26 -0.263025 5.210145
26 -0.266681 6.672210
26 -0.273783 9.513156
26 -0.251178 0.471346
26 -0.256963 2.785179
19 -0.253126 1.250222
29 -0.250015 0.006180
29 -0.273224 9.289717
29 -0.250156 0.062253
29 -0.270743 8.297143
29 -0.256823 2.729019
29 -0.256711 2.684226
29 -0.261822 4.728715
19 -0.261872 4.748923
31 -0.250004 0.001664
31 -0.256230 2.492049
31 -0.259153 3.661074
31 -0.254795 1.917889
31 -0.266805 6.721948
12 -0.258734 3.493495
17 -0.250049 0.019446
10 -0.269720 7.887915
15 -0.264460 5.784186
33 -0.255124 2.049539
23 -0.252407 0.962848
33 -0.256352 2.540697
17 -0.263849 5.539698
15 -0.250105 0.042149
19 -0.250036 0.014307
36 -0.262187 4.874855
17 -0.255773 2.309351
19 -0.253567 1.426917
24 -0.266779 6.711627
22 -0.253751 1.500596
29 -0.274258 9.703160
19 -0.257792 3.116799
40 -0.250404 0.161677
17 -0.254815 1.925913
40 -0.253766 1.506325
26 -0.264369 5.747523
24 -0.258521 3.408356
26 -0.257182 2.872977
22 -0.257583 3.033163
29 -0.252255 0.902038
15 -0.251884 0.753458
24 -0.254254 1.701517
29 -0.250527 0.210842
29 -0.263679 5.471567
26 -0.251592 0.636773
26 -0.259025 3.610003
24 -0.250026 0.010565
19 -0.251773 0.709109
19 -0.250326 0.130533
29 -0.258726 3.490412
22 -0.266875 6.750090
24 -0.255135 2.053929
19 -0.259007 3.602953
29 -0.252845 1.138192
19 -0.254849 1.939471
33 -0.261598 4.639171
19 -0.253635 1.454155
29 -0.270763 8.305249
26 -0.264117 5.646981
26 -0.265213 6.085073
24 -0.250289 0.115720
22 -0.250503 0.201139
31 -0.250161 0.064457
12 -0.273086 9.234279
19 -0.269574 7.829720
24 -0.252389 0.955797
31 -0.261178 4.471150
22 -0.251423 0.569077
24 -0.251579 0.631563
29 -0.270942 8.376690
26 -0.258959 3.583692
31 -0.267085 6.834164
29 -0.250178 0.071114
19 -0.261576 4.630587
15 -0.250103 0.041379
33 -0.268302 7.320715
31 -0.273270 9.307892
22 -0.269574 7.829621
17 -0.261399 4.559484
22 -0.262640 5.055844
26 -0.253418 1.367129
22 -0.261089 4.435473
22 -0.266534 6.613668
17 -0.269728 7.891184
22 -0.250215 0.086131
31 -0.251669 0.667705
19 -0.259694 3.877502
36 -0.254498 1.799098
29 -0.250803 0.321375
22 -0.257549 3.019658
22 -0.250309 0.123789
19 -0.253216 1.286585
22 -0.259995 3.997927
29 -0.259711 3.884472
24 -0.265968 6.387053
24 -0.269051 7.620364
22 -0.261055 4.421982
38 -0.250302 0.120793
22 -0.261068 4.427266
24 -0.273408 9.363357
22 -0.262121 4.848402
29 -0.263723 5.489155
33 -0.251024 0.409473
15 -0.254308 1.723379
17 -0.256869 2.747404
33 -0.265978 6.391164
26 -0.250052 0.020692
26 -0.250064 0.025739
22 -0.255256 2.102374
26 -0.251449 0.579731
26 -0.265420 6.168094
19 -0.263123 5.249363
22 -0.262037 4.814975
26 -0.254048 1.619075
12 -0.250940 0.375827
29 -0.264027 5.610866
29 -0.251094 0.437558
26 -0.274479 9.791452
26 -0.273486 9.394486
28 -0.250812 0.324794
26 -0.270793 8.317212
26 -0.262115 4.846011
15 -0.255340 2.136127
29 -0.257099 2.839437
30 -0.270482 8.192665
33 -0.255885 2.354159
24 -0.274646 9.858268
24 -0.250079 0.031710
17 -0.274939 9.975650
36 -0.266210 6.483986
24 -0.250399 0.159735
26 -0.250023 0.009043
26 -0.250053 0.021131
29 -0.250019 0.007717
24 -0.268621 7.448370
26 -0.269417 7.766824
22 -0.257578 3.031152
24 -0.266458 6.583248
26 -0.255864 2.345491
22 -0.254211 1.684350
19 -0.270125 8.049822
42 -0.260754 4.301754
22 -0.253304 1.321511
29 -0.259315 3.726049
24 -0.263363 5.345300
36 -0.263411 5.364449
26 -0.251196 0.478412
31 -0.251888 0.755392
31 -0.263274 5.309513
26 -0.250060 0.024068
26 -0.263472 5.388967
29 -0.274126 9.650229
19 -0.273976 9.590600
31 -0.254424 1.769722
22 -0.274188 9.675184
24 -0.272870 9.147848
26 -0.255825 2.330088
26 -0.250089 0.035420
38 -0.267863 7.145292
24 -0.260712 4.284643
29 -0.260067 4.026877
31 -0.262238 4.895354
35 -0.250558 0.223388
29 -0.260010 4.004028
31 -0.251592 0.636765
31 -0.256299 2.519744
38 -0.262484 4.993510
