17 -0.121905 9.714427
17 -0.116993 5.293392
17 -0.119151 7.235608
17 -0.121893 9.704038
18 -0.116288 4.659236
18 -0.120424 8.381578
18 -0.117763 5.986894
18 -0.116937 5.243059
19 -0.118030 6.226857
19 -0.119298 7.367902
19 -0.116878 5.190313
20 -0.117753 5.977932
20 -0.119737 7.763300
20 -0.121765 9.588932
20 -0.117003 5.302754
20 -0.120440 8.395688
21 -0.118811 6.930211
21 -0.120219 8.196982
24 -0.120933 8.839495
22 -0.117948 6.152929
25 -0.116148 4.533136
25 -0.117814 6.032996
25 -0.117163 5.446757
19 -0.117038 5.334229
25 -0.119724 7.751504
27 -0.115803 4.222338
18 -0.117384 5.645854
21 -0.122100 9.889746
20 -0.117850 6.065176
25 -0.119739 7.764998
28 -0.118777 6.899355
25 -0.118972 7.074898
28 -0.117889 6.099772
28 -0.116414 4.772199
25 -0.120649 8.584078
25 -0.119572 7.614580
27 -0.117465 5.718887
34 -0.118635 6.771460
24 -0.114763 3.286708
32 -0.118181 6.362531
19 -0.117471 5.723832
19 -0.114859 3.372701
17 -0.120139 8.125315
29 -0.122150 9.935405
34 -0.120899 8.808913
34 -0.115716 4.144690
18 -0.116510 4.859427
17 -0.119770 7.793025
20 -0.114875 3.387446
23 -0.119768 7.791319
27 -0.120577 8.519073
33 -0.118528 6.675415
22 -0.116514 4.862891
30 -0.115220 3.697981
27 -0.114608 3.147104
23 -0.120793 8.713764
21 -0.121092 8.983091
23 -0.120182 8.164176
21 -0.121641 9.477067
20 -0.117731 5.957832
21 -0.120352 8.317125
26 -0.115759 4.182960
16 -0.117615 5.853151
38 -0.120724 8.651897
31 -0.117974 6.176848
21 -0.116143 4.528437
failed to find solution after reaching max emtpy limit -- 37 iterations and 20 function evals
22 -0.118703 6.832332
19 -0.119410 7.468849
24 -0.121752 9.576826
18 -0.116564 4.907183
22 -0.116465 4.818825
23 -0.116993 5.293313
27 -0.121018 8.916219
34 -0.119847 7.862692
19 -0.116808 5.127433
29 -0.116354 4.718978
22 -0.120898 8.807779
22 -0.120192 8.173058
20 -0.118829 6.945743
20 -0.118259 6.433200
failed to find solution after reaching max emtpy limit -- 30 iterations and 15 function evals
failed to find solution after reaching max emtpy limit -- 23 iterations and 14 function evals
28 -0.115488 3.939172
26 -0.115815 4.233159
failed to find solution after reaching max emtpy limit -- 34 iterations and 19 function evals
32 -0.119480 7.532300
17 -0.119137 7.223049
20 -0.118987 7.088635
22 -0.120632 8.568694
23 -0.115989 4.389883
24 -0.120820 8.738393
19 -0.120771 8.694340
15 -0.115069 3.561821
27 -0.121574 9.416409
15 -0.116127 4.513887
32 -0.115862 4.275402
21 -0.121798 9.617963
18 -0.120760 8.684439
21 -0.120699 8.629541
22 -0.117311 5.579674
37 -0.114129 2.716022
failed to find solution after reaching max emtpy limit -- 39 iterations and 25 function evals
29 -0.115557 4.001341
20 -0.117383 5.644949
16 -0.117287 5.557861
25 -0.117480 5.731849
24 -0.115123 3.610578
failed to find solution after reaching max emtpy limit -- 28 iterations and 19 function evals
22 -0.116725 5.052941
28 -0.116517 4.865166
20 -0.121528 9.375100
35 -0.118234 6.410726
20 -0.121388 9.248914
37 -0.115315 3.783110
24 -0.116177 4.559090
28 -0.119669 7.701721
19 -0.117133 5.419637
23 -0.118707 6.836383
23 -0.120771 8.693865
25 -0.117460 5.714398
31 -0.121111 9.000131
16 -0.118585 6.726535
failed to find solution after reaching max emtpy limit -- 24 iterations and 15 function evals
22 -0.120552 8.497109
20 -0.120444 8.399517
24 -0.121885 9.696508
19 -0.116656 4.990270
16 -0.119756 7.780253
26 -0.117180 5.461886
18 -0.120734 8.660680
24 -0.115526 3.973602
24 -0.120762 8.686236
27 -0.118368 6.531251
30 -0.119348 7.413649
24 -0.115804 4.223596
failed to find solution after reaching max emtpy limit -- 43 iterations and 34 function evals
20 -0.119776 7.798174
23 -0.117990 6.190840
18 -0.114259 2.832982
failed to find solution after reaching max emtpy limit -- 31 iterations and 21 function evals
21 -0.116690 5.021369
20 -0.116359 4.723199
20 -0.120174 8.156537
20 -0.116451 4.805729
21 -0.117554 5.798565
18 -0.119126 7.213334
23 -0.115938 4.344431
16 -0.116879 5.190893
22 -0.119017 7.115342
20 -0.120060 8.053851
18 -0.115232 3.708952
22 -0.114197 2.776963
22 -0.122055 9.849621
25 -0.119026 7.123780
17 -0.120859 8.773259
18 -0.119160 7.243952
34 -0.119314 7.382322
20 -0.120666 8.599443
23 -0.121301 9.170622
28 -0.115151 3.636041
28 -0.120370 8.332757
21 -0.119944 7.949335
23 -0.119501 7.550643
21 -0.116248 4.623243
24 -0.117728 5.955635
19 -0.120046 8.041118
27 -0.121225 9.102294
failed to find solution after reaching max emtpy limit -- 37 iterations and 28 function evals
29 -0.119769 7.791772
32 -0.117861 6.074849
20 -0.118260 6.433831
17 -0.120582 8.523805
24 -0.121864 9.677940
24 -0.117471 5.723784
27 -0.116689 5.020023
36 -0.117278 5.549802
21 -0.116341 4.707178
23 -0.116482 4.833944
failed to find solution after reaching max emtpy limit -- 29 iterations and 20 function evals
25 -0.118056 6.250790
23 -0.118987 7.088471
34 -0.121318 9.185758
26 -0.118610 6.748619
41 -0.120143 8.128866
32 -0.119356 7.420840
22 -0.120103 8.092641
38 -0.114964 3.467354
32 -0.121346 9.211474
30 -0.118540 6.686093
28 -0.116054 4.448760
failed to find solution after reaching max emtpy limit -- 36 iterations and 27 function evals
24 -0.115357 3.821053
27 -0.117400 5.659850
26 -0.121285 9.156909
24 -0.116777 5.099156
failed to find solution after reaching max emtpy limit -- 30 iterations and 20 function evals
30 -0.122011 9.810240
27 -0.121358 9.222305
38 -0.117291 5.562260
