9 -5.084490 1.689791
9 -5.033812 0.676239
12 -5.128104 2.562087
12 -5.466159 9.323189
15 -5.312338 6.246767
12 -5.303024 6.060483
16 -5.339273 6.785462
17 -5.446401 8.928023
17 -5.489520 9.790396
17 -5.093694 1.873879
18 -5.076808 1.536164
18 -5.496646 9.932926
18 -5.209189 4.183777
18 -5.160962 3.219242
18 -5.173779 3.475574
18 -5.463917 9.278333
19 -5.146679 2.933587
19 -5.186778 3.735566
19 -5.466819 9.336388
19 -5.216881 4.337615
19 -5.427855 8.557094
19 -5.468769 9.375381
20 -5.037532 0.750647
20 -5.445116 8.902328
20 -5.342802 6.856037
20 -5.171315 3.426306
20 -5.136817 2.736333
21 -5.392986 7.859719
21 -5.074799 1.495982
21 -5.306740 6.134796
21 -5.138715 2.774293
21 -5.156645 3.132895
22 -5.059978 1.199559
22 -5.190962 3.819240
22 -5.049241 0.984820
23 -5.355061 7.101229
23 -5.055624 1.112479
23 -5.200399 4.007975
23 -5.030157 0.603142
24 -5.461907 9.238130
24 -5.357285 7.145707
24 -5.167516 3.350326
21 -5.417267 8.345334
12 -5.426832 8.536644
25 -5.243608 4.872154
25 -5.133265 2.665302
12 -5.308246 6.164918
25 -5.119184 2.383675
25 -5.023806 0.476111
12 -5.357157 7.143148
27 -5.025082 0.501639
21 -5.019581 0.391617
28 -5.110369 2.207376
19 -5.468236 9.364715
28 -5.005868 0.117354
18 -5.393455 7.869098
15 -5.286953 5.739052
23 -5.363302 7.266046
18 -5.425283 8.505655
19 -5.418141 8.362823
15 -5.496269 9.925371
16 -5.126315 2.526304
20 -5.116087 2.321748
14 -5.221283 4.425667
20 -5.455042 9.100846
18 -5.208603 4.172060
19 -5.099231 1.984611
19 -5.315828 6.316562
20 -5.287116 5.742319
21 -5.258975 5.179504
10 -5.039513 0.790267
17 -5.191828 3.836556
16 -5.371533 7.430661
12 -5.119246 2.384918
22 -5.147070 2.941410
17 -5.231186 4.623711
13 -5.211152 4.223039
18 -5.129670 2.593399
22 -5.363942 7.278830
23 -5.463284 9.265673
21 -5.181821 3.636422
7 -5.222909 4.458180
27 -5.011382 0.227649
21 -5.304680 6.093608
23 -5.040278 0.805558
19 -5.262764 5.255286
23 -5.050662 1.013247
18 -5.243133 4.862651
25 -5.117404 2.348089
19 -5.317444 6.348883
22 -5.140942 2.818834
11 -5.202238 4.044759
19 -5.365773 7.315468
22 -5.022741 0.454823
19 -5.296906 5.938125
26 -5.059324 1.186488
16 -5.266759 5.335179
22 -5.351162 7.023230
25 -5.159411 3.188219
21 -5.402636 8.052716
22 -5.438111 8.762214
17 -5.469549 9.390974
27 -5.084427 1.688543
21 -5.164762 3.295237
19 -5.187108 3.742154
21 -5.471973 9.439453
22 -5.432472 8.649432
27 -5.162976 3.259518
18 -5.198220 3.964393
20 -5.007514 0.150284
14 -5.097259 1.945175
15 -5.447296 8.945913
27 -5.190074 3.801488
16 -5.310347 6.206937
22 -5.165970 3.319407
18 -5.167535 3.350705
21 -5.153556 3.071121
17 -5.270138 5.402761
22 -5.496474 9.929487
21 -5.184423 3.688454
20 -5.121177 2.423532
22 -5.224729 4.494575
21 -5.194120 3.882392
17 -5.340968 6.819369
19 -5.385463 7.709261
19 -5.028339 0.566771
21 -5.254523 5.090450
17 -5.450959 9.019182
25 -5.062347 1.246935
19 -5.231818 4.636356
21 -5.361938 7.238769
29 -5.023556 0.471120
18 -5.421362 8.427242
23 -5.265102 5.302035
22 -5.075019 1.500382
26 -5.195629 3.912589
25 -5.191022 3.820447
23 -5.230713 4.614257
23 -5.283561 5.671222
22 -5.305970 6.119396
22 -5.052141 1.042826
16 -5.297400 5.947992
23 -5.036725 0.734503
19 -5.156322 3.126446
23 -5.111732 2.234643
21 -5.341014 6.820287
18 -5.067417 1.348348
24 -5.025872 0.517444
11 -5.308027 6.160530
17 -5.350194 7.003874
20 -5.173246 3.464919
18 -5.396601 7.932024
18 -5.412472 8.249434
18 -5.437418 8.748363
24 -5.150287 3.005746
8 -5.287924 5.758485
27 -5.004372 0.087430
25 -5.017779 0.355575
19 -5.497737 9.954749
16 -5.370661 7.413219
23 -5.116074 2.321489
21 -5.207431 4.148626
24 -5.231041 4.620829
21 -5.228046 4.560917
22 -5.286340 5.726807
19 -5.295047 5.900932
18 -5.021219 0.424381
22 -5.160040 3.200803
22 -5.371426 7.428511
19 -5.225548 4.510960
26 -5.252520 5.050402
19 -5.021976 0.439523
20 -5.194726 3.894530
17 -5.134485 2.689707
29 -5.035137 0.702749
20 -5.255115 5.102290
22 -5.296701 5.934022
19 -5.133773 2.675458
18 -5.293974 5.879478
20 -5.059046 1.180929
20 -5.298125 5.962498
17 -5.141952 2.839040
21 -5.360195 7.203901
18 -5.279037 5.580743
26 -5.148250 2.965001
21 -5.008303 0.166057
17 -5.121540 2.430794
18 -5.041509 0.830185
22 -5.144340 2.886807
21 -5.087228 1.744570
19 -5.299114 5.982283
18 -5.024814 0.496281
19 -5.240988 4.819757
21 -5.146314 2.926274
21 -5.302105 6.042103
25 -5.334084 6.681688
21 -5.107588 2.151769
27 -5.325499 6.509982
23 -5.155115 3.102305
26 -5.033721 0.674429
