19 -3.313980 5.681816
20 -3.313980 5.681816
22 -3.313980 5.681816
24 -3.313980 5.681816
21 -3.437599 9.623990
22 -3.161738 0.826863
23 -3.194535 1.872751
24 -3.313980 5.681816
26 -3.235824 3.189440
27 -3.304599 5.382674
23 -3.141228 0.172794
23 -3.308655 5.511991
28 -3.441046 9.733914
24 -3.313980 5.681816
25 -3.313980 5.681816
30 -3.373911 7.592984
25 -3.313980 5.681816
25 -3.199940 2.045123
26 -3.338460 6.462490
26 -3.241166 3.359790
28 -3.213986 2.493039
37 -3.396475 8.312564
23 -3.313980 5.681816
24 -3.313980 5.681816
26 -3.224248 2.820276
26 -3.226656 2.897085
26 -3.313980 5.681816
28 -3.173570 1.204193
27 -3.313980 5.681816
28 -3.313980 5.681816
20 -3.313980 5.681816
22 -3.313980 5.681816
29 -3.285734 4.781057
29 -3.313980 5.681816
32 -3.313980 5.681816
29 -3.336731 6.407342
29 -3.179368 1.389094
28 -3.272626 4.363045
23 -3.448986 9.987105
29 -3.193551 1.841385
25 -3.313980 5.681816
32 -3.199504 2.031203
22 -3.377328 7.701957
33 -3.351104 6.865685
24 -3.337630 6.435993
32 -3.137650 0.058701
28 -3.313980 5.681816
26 -3.313980 5.681816
27 -3.177808 1.339331
33 -3.313980 5.681816
28 -3.313980 5.681816
24 -3.220843 2.711701
34 -3.178885 1.373680
22 -3.215416 2.538640
33 -3.313980 5.681816
36 -3.192308 1.801744
39 -3.361072 7.183571
26 -3.313980 5.681816
30 -3.313980 5.681816
35 -3.430519 9.398193
35 -3.315503 5.730370
29 -3.313980 5.681816
27 -3.344656 6.660060
31 -3.385606 7.965947
29 -3.313980 5.681816
29 -3.211689 2.419785
36 -3.308316 5.501185
37 -3.313980 5.681816
26 -3.313980 5.681816
23 -3.284083 4.728402
23 -3.159372 0.751424
26 -3.385787 7.971728
27 -3.247778 3.570655
34 -3.313980 5.681816
34 -3.313980 5.681816
32 -3.159665 0.760748
30 -3.196059 1.921364
29 -3.358272 7.094274
45 -3.401312 8.466813
24 -3.193930 1.853455
34 -3.313980 5.681816
25 -3.219071 2.655185
40 -3.313980 5.681816
33 -3.299109 5.207595
35 -3.313980 5.681816
35 -3.313980 5.681816
23 -3.313980 5.681816
27 -3.313980 5.681816
34 -3.313980 5.681816
27 -3.174751 1.241852
25 -3.313980 5.681816
31 -3.399746 8.416855
24 -3.313980 5.681816
33 -3.313980 5.681816
33 -3.293471 5.027802
26 -3.340952 6.541943
37 -3.169234 1.065898
28 -3.193537 1.840915
25 -3.214649 2.514190
46 -3.408850 8.707188
33 -3.159194 0.745740
21 -3.201943 2.108998
29 -3.279472 4.581380
28 -3.313269 5.659152
45 -3.389025 8.074971
22 -3.150691 0.474567
25 -3.180226 1.416426
31 -3.313980 5.681816
23 -3.313980 5.681816
19 -3.313980 5.681816
46 -3.282840 4.688782
28 -3.259987 3.960000
24 -3.313980 5.681816
21 -3.180875 1.437126
33 -3.391143 8.142518
31 -3.351038 6.863569
24 -3.380366 7.798830
26 -3.157011 0.676122
28 -3.238321 3.269059
37 -3.313980 5.681816
33 -3.299852 5.231286
31 -3.313980 5.681816
24 -3.313980 5.681816
24 -3.313980 5.681816
26 -3.284488 4.741318
32 -3.254225 3.776260
27 -3.313980 5.681816
26 -3.313980 5.681816
26 -3.363857 7.272364
31 -3.363218 7.251999
22 -3.313980 5.681816
35 -3.387891 8.038826
23 -3.346053 6.704615
28 -3.347707 6.757365
22 -3.312151 5.623483
39 -3.373305 7.573660
23 -3.313980 5.681816
23 -3.213222 2.468686
44 -3.313980 5.681816
28 -3.313980 5.681816
23 -3.313980 5.681816
23 -3.207550 2.287810
50 -3.378158 7.728445
30 -3.313980 5.681816
34 -3.393373 8.213623
27 -3.313980 5.681816
31 -3.423353 9.169698
35 -3.255011 3.801325
39 -3.313980 5.681816
33 -3.392322 8.180109
29 -3.186139 1.604994
33 -3.318270 5.818613
24 -3.313980 5.681816
26 -3.210589 2.384697
30 -3.313980 5.681816
39 -3.313980 5.681816
56 -3.179914 1.406506
33 -3.277159 4.507590
25 -3.253963 3.767905
26 -3.313980 5.681816
52 -3.368948 7.434728
25 -3.310288 5.564093
28 -3.313980 5.681816
24 -3.313980 5.681816
32 -3.391047 8.139474
29 -3.313980 5.681816
25 -3.313980 5.681816
37 -3.236021 3.195713
38 -3.393913 8.230852
29 -3.201142 2.083433
37 -3.278059 4.536298
23 -3.258789 3.921798
26 -3.210887 2.394196
30 -3.313980 5.681816
25 -3.315879 5.742380
34 -3.261909 4.021300
29 -3.313980 5.681816
26 -3.213012 2.461982
28 -3.169350 1.069598
35 -3.271501 4.327176
26 -3.313980 5.681816
39 -3.313980 5.681816
26 -3.201409 2.091953
38 -3.201643 2.099413
34 -3.197593 1.970280
27 -3.313980 5.681816
41 -3.314429 5.696128
36 -3.177757 1.337699
28 -3.313980 5.681816
32 -3.415272 8.911997
36 -3.154481 0.595448
36 -3.313980 5.681816
33 -3.313980 5.681816
34 -3.415972 8.934297
41 -3.203192 2.148804
38 -3.313980 5.681816
33 -3.313980 5.681816
41 -3.436555 9.590691
37 -3.313980 5.681816
44 -3.197293 1.960697
