16 13.500742 9.995051
25 14.144884 5.700772
26 13.940905 7.060636
23 14.815935 1.227099
24 14.592001 2.719994
27 13.768972 8.206852
20 13.539840 9.734399
21 14.799816 1.334559
21 13.938289 7.078077
31 14.916983 0.553444
24 14.644179 2.372138
26 14.249975 5.000169
21 13.526397 9.824020
30 13.901839 7.321070
24 14.534519 3.103208
29 14.491513 3.389914
29 14.331076 4.459490
20 14.561423 2.923845
31 14.914504 0.569972
24 14.621839 2.521071
29 14.524516 3.169896
20 14.834061 1.106261
30 14.700642 1.995722
32 14.500130 3.332468
61 14.858566 0.942893
30 14.618640 2.542400
22 14.004994 6.633371
24 14.404846 3.967693
26 14.588609 2.742610
22 14.125512 5.829919
25 13.808201 7.945327
28 14.394676 4.035496
22 13.973689 6.842073
32 14.536563 3.089583
24 14.761299 1.591338
26 14.488007 3.413290
91 14.692488 2.050082
17 13.506138 9.959077
30 14.609478 2.603483
23 14.670215 2.198566
20 13.972720 6.848536
22 14.783907 1.440623
31 14.880088 0.799416
25 14.594665 2.702231
25 13.536252 9.758321
98 14.908373 0.610845
20 14.141172 5.725518
27 14.877498 0.816679
110 14.125156 5.832291
121 14.193108 5.379281
121 14.624951 2.500324
25 14.717196 1.885362
25 14.511949 3.253676
109 14.558089 2.946071
101 14.936665 0.422236
24 14.174295 5.504699
26 14.684356 2.104296
22 14.954011 0.306591
25 13.711382 8.590786
16 14.342560 4.382933
28 14.631525 2.456501
139 14.436128 3.759146
17 13.671848 8.854348
29 14.617485 2.550103
117 14.408154 3.945637
26 14.663012 2.246587
146 14.512819 3.247872
24 13.978561 6.809591
146 14.137978 5.746816
23 14.813556 1.242958
28 14.491860 3.387601
26 14.338749 4.408342
18 13.885304 7.431308
30 14.113320 5.911199
21 13.750285 8.331433
30 13.939063 7.072915
27 13.920748 7.195014
22 14.863422 0.910517
31 14.251603 4.989314
20 14.225705 5.161967
25 14.250353 4.997646
24 14.289111 4.739262
34 14.448076 3.679494
16 14.497101 3.352660
155 14.551786 2.988091
26 14.587702 2.748653
28 13.513552 9.909656
170 14.727701 1.815328
116 14.423328 3.844481
30 14.651382 2.324120
23 14.873800 0.841333
22 14.658544 2.276376
109 14.738962 1.740252
26 14.538651 3.075660
25 14.737175 1.752164
30 14.451694 3.655373
28 14.728909 1.807275
179 14.672874 2.180840
135 14.214370 5.237536
142 14.259141 4.939062
26 14.431793 3.788047
18 14.773443 1.510383
26 14.622081 2.519461
26 14.886280 0.758130
157 14.361137 4.259089
34 14.717925 1.880499
29 14.615061 2.566263
25 14.129466 5.803558
17 13.613280 9.244803
30 14.140757 5.728284
26 13.665843 8.894381
29 13.669355 8.870968
77 14.927354 0.484303
26 14.904628 0.635817
25 14.339668 4.402214
30 14.940228 0.398481
21 14.379282 4.138119
31 14.411546 3.923024
28 14.608023 2.613183
26 14.413037 3.913086
26 14.536202 3.091987
33 14.541243 3.058381
222 14.623818 2.507883
32 14.434827 3.767821
171 14.378402 4.143989
137 14.203119 5.312541
23 14.449664 3.668907
148 14.445009 3.699940
24 14.908155 0.612299
18 14.694547 2.036351
23 14.353894 4.307374
27 14.563324 2.911175
26 14.549185 3.005431
24 14.287800 4.748002
29 14.526751 3.154991
117 14.602306 2.651291
51 14.785907 1.427284
26 14.564664 2.902240
98 14.938177 0.412155
100 14.936633 0.422446
219 14.614807 2.567954
125 14.572229 2.851806
20 13.972035 6.853099
19 13.548613 9.675915
25 14.085181 6.098793
159 14.301603 4.655977
102 14.937566 0.416228
28 13.951257 6.991623
29 14.355320 4.297868
23 14.161247 5.591688
16 14.445102 3.699323
18 14.930678 0.462147
16 14.655893 2.294047
22 14.860557 0.929619
22 14.177631 5.482463
18 13.940098 7.066017
20 14.107200 5.951999
27 14.630938 2.460417
17 14.686981 2.086794
138 14.611821 2.587857
22 13.762964 8.246904
27 14.522597 3.182690
176 14.275561 4.829595
96 14.925731 0.495126
24 14.272901 4.847326
120 14.068036 6.213094
25 14.451139 3.659075
26 14.757759 1.614941
29 14.781160 1.458937
180 14.627803 2.481316
109 14.549739 3.001742
150 14.345885 4.360767
26 14.621744 2.521706
21 14.907256 0.618291
98 14.355961 4.293592
27 13.611778 9.254811
29 13.715566 8.562892
26 14.350841 4.327726
20 13.813309 7.911272
134 14.376040 4.159736
126 14.343132 4.379119
128 14.545910 3.027265
29 14.524845 3.167701
26 13.721346 8.524362
163 14.099941 6.000392
32 14.604825 2.634502
23 14.746397 1.690689
19 14.079077 6.139488
130 14.533386 3.110757
32 14.707450 1.950337
30 14.587091 2.752725
91 14.889600 0.735998
37 14.783448 1.443680
141 14.486335 3.424434
105 14.908174 0.612172
26 14.689759 2.068274
26 14.453445 3.643698
135 14.321882 4.520787
161 14.408776 3.941490
183 14.634361 2.437592
