10 -6922.344777 9.881237
11 -6924.042066 9.908179
11 -6897.139121 9.481137
14 -6567.029777 4.241175
22 -6810.694885 8.108972
29 -6815.048924 8.178085
31 -6355.643953 0.885761
34 -6808.826969 8.079322
35 -6924.342253 9.912944
41 -6526.446942 3.596987
42 -6582.774282 4.491094
10 -6627.177191 5.195920
42 -6515.778510 3.427643
48 -6857.952848 8.859117
10 -6706.490578 6.454894
32 -6559.753185 4.125671
48 -6318.156170 0.290702
10 -6579.006753 4.431291
78 -6677.600102 5.996304
83 -6764.678170 7.378530
100 -6599.390342 4.754848
70 -6821.950995 8.287645
107 -6905.079963 9.607185
14 -6828.983400 8.399273
18 -6760.218123 7.307733
10 -6808.281776 8.070668
112 -6907.780176 9.650047
118 -6848.318694 8.706190
121 -6789.838222 7.777906
122 -6535.004769 3.732829
55 -6646.429716 5.501523
125 -6670.468670 5.883103
142 -6907.367678 9.643499
148 -6843.746111 8.633608
86 -6606.852994 4.873305
161 -6451.195722 2.402493
162 -6910.950684 9.700374
186 -6878.316918 9.182364
10 -6813.621587 8.155429
11 -6612.765777 4.967162
192 -6437.281497 2.181627
196 -6720.510083 6.677431
101 -6919.248194 9.832083
11 -6878.141081 9.179573
52 -6588.905277 4.588414
202 -6634.648209 5.314510
205 -6726.598856 6.774081
213 -6672.052251 5.908240
217 -6894.918143 9.445883
225 -6733.823022 6.888753
36 -6872.199169 9.085255
100 -6875.065297 9.130750
128 -6534.566592 3.725874
10 -6517.356486 3.452690
54 -6666.832529 5.825385
246 -6818.654634 8.235320
155 -6834.748013 8.490777
64 -6923.385724 9.897760
220 -6763.777629 7.364235
43 -6849.378223 8.723009
50 -6840.934396 8.588976
284 -6888.584924 9.345353
273 -6920.824921 9.857112
267 -6904.066055 9.591091
297 -6776.570559 7.567302
298 -6424.750098 1.982711
291 -6929.683914 9.997734
10 -6694.289965 6.261229
10 -6912.494176 9.724874
107 -6820.759492 8.268732
152 -6849.061383 8.717979
10 -6875.597777 9.139202
333 -6837.576976 8.535683
10 -6871.638959 9.076362
341 -6552.653376 4.012973
180 -6852.734840 8.776290
257 -6348.446035 0.771505
358 -6398.411792 1.564632
358 -6753.541519 7.201753
361 -6735.548527 6.916143
41 -6571.855490 4.317776
11 -6572.380839 4.326115
38 -6671.707610 5.902770
323 -6722.844159 6.714481
121 -6669.938672 5.874690
10 -6861.354792 8.913118
115 -6861.004622 8.907559
9 -6696.965175 6.303693
34 -6575.307257 4.372567
11 -6420.745946 1.919151
214 -6821.809730 8.285403
10 -6580.833475 4.460287
413 -6859.870885 8.889563
417 -6844.500478 8.645582
10 -6821.154495 8.275002
107 -6767.419562 7.422045
53 -6761.723556 7.331630
11 -6823.330645 8.309545
50 -6605.942598 4.858854
429 -6643.370064 5.452956
188 -6473.842310 2.761972
420 -6511.955404 3.366957
455 -6647.570265 5.519628
457 -6822.234162 8.292140
208 -6885.668941 9.299066
11 -6876.592678 9.154995
468 -6544.164013 3.878217
46 -6632.823770 5.285550
307 -6624.112790 5.147277
476 -6689.609593 6.186935
30 -6796.851250 7.889226
60 -6897.462080 9.486263
375 -6522.607136 3.536036
10 -6528.140556 3.623870
11 -6509.146936 3.322377
276 -6776.637136 7.568359
273 -6814.960214 8.176677
499 -6836.684183 8.521511
189 -6712.048582 6.543118
94 -6608.332935 4.896797
41 -6653.292168 5.610454
305 -6541.377362 3.833984
514 -6658.285488 5.689715
37 -6824.578543 8.329353
266 -6892.902960 9.413895
248 -6789.680795 7.775407
360 -6886.508786 9.312397
11 -6857.853282 8.857537
399 -6535.762067 3.744850
106 -6905.231365 9.609589
402 -6851.255943 8.752814
266 -6746.710387 7.093320
557 -6885.836227 9.301722
286 -6548.320198 3.944190
484 -6621.392098 5.104091
149 -6889.026506 9.352362
332 -6864.823321 8.968175
101 -6541.704350 3.839174
100 -6690.929973 6.207894
303 -6922.554003 9.884558
74 -6788.384387 7.754828
106 -6387.583995 1.392758
133 -6833.013684 8.463247
37 -6650.761643 5.570286
550 -6841.374470 8.595962
79 -6761.997902 7.335985
166 -6681.370670 6.056155
537 -6812.572960 8.138783
106 -6650.567461 5.567203
133 -6726.358282 6.770262
224 -6877.453607 9.168661
10 -6498.314415 3.150428
526 -6861.356634 8.913147
581 -6361.888941 0.984890
492 -6580.927104 4.461773
94 -6817.409511 8.215556
339 -6775.407718 7.548844
490 -6827.528824 8.376184
140 -6842.885570 8.619948
285 -6886.740144 9.316070
356 -6681.390057 6.056463
191 -6526.416865 3.596510
393 -6786.638602 7.727117
241 -6777.593808 7.583545
696 -6746.030000 7.082520
562 -6604.263865 4.832207
246 -6909.176887 9.672217
285 -6807.508873 8.058399
664 -6807.363461 8.056091
358 -6880.545925 9.217746
207 -6622.918969 5.128327
375 -6785.601930 7.710661
433 -6818.958623 8.240146
670 -6664.119192 5.782315
449 -6734.475892 6.899116
712 -6922.572816 9.884857
288 -6514.127124 3.401429
471 -6861.335851 8.912817
533 -6813.527950 8.153942
562 -6609.705509 4.918585
435 -6867.879732 9.016691
353 -6633.466342 5.295750
372 -6614.927591 5.001477
496 -6738.519153 6.963297
659 -6675.651668 5.965375
489 -6857.620217 8.853837
440 -6779.063388 7.606872
574 -6710.398563 6.516927
353 -6658.020635 5.685511
562 -6392.705718 1.474057
510 -6801.949293 7.970150
588 -6797.562170 7.900511
682 -6515.925806 3.429981
742 -6604.838515 4.841329
616 -6902.310627 9.563226
527 -6859.018934 8.876040
549 -6484.009976 2.923368
592 -6787.940970 7.747790
641 -6686.944832 6.144636
829 -6729.595215 6.821643
