7 92.064892 7.898267
7 98.827928 1.132525
7 98.370325 1.590311
7 90.620513 9.343225
7 97.576590 2.384364
7 91.513969 8.449411
7 96.381080 3.580352
7 93.474031 6.488564
7 95.463043 4.498756
7 94.394037 5.568190
7 90.541127 9.422642
8 92.772841 7.190035
8 90.669620 9.294098
8 91.559809 8.403552
8 93.547664 6.414902
7 97.058137 2.903024
7 90.524098 9.439678
8 92.454988 7.508016
7 92.445758 7.517249
7 94.390156 5.572073
7 98.113800 1.846938
7 95.666921 4.294797
9 96.443747 3.517660
9 96.807492 3.153769
9 90.493233 9.470556
7 97.284168 2.676903
9 98.102409 1.858335
9 96.642037 3.319291
9 91.838608 8.124642
7 93.478716 6.483878
7 91.501548 8.461837
9 94.735865 5.226225
7 96.367274 3.594164
7 96.381021 3.580411
11 93.401722 6.560903
11 93.151080 6.811644
11 99.936442 0.023568
11 93.953467 6.008936
7 96.290634 3.670834
11 95.988511 3.973078
11 98.231487 1.729204
11 96.251581 3.709903
11 90.080709 9.883244
11 98.044720 1.916047
11 91.999297 7.963889
8 97.519144 2.441833
11 91.831077 8.132176
7 92.597676 7.365271
12 99.451892 0.508312
11 90.192359 9.771549
12 93.764974 6.197505
12 95.965657 3.995941
12 98.835678 1.124772
12 95.823726 4.137930
7 93.459743 6.502858
7 95.849570 4.112075
12 94.375850 5.586385
7 97.600693 2.360252
7 93.937009 6.025402
11 94.904204 5.057820
11 98.554063 1.406500
7 92.311564 7.651497
8 95.647100 4.314626
8 93.714717 6.247782
13 92.799706 7.163160
7 90.477297 9.486498
9 93.429986 6.532627
9 95.401245 4.560580
13 93.362472 6.600169
9 96.027065 3.934508
7 95.943870 4.017737
11 96.996726 2.964460
11 93.991003 5.971385
7 99.493494 0.466693
7 92.788726 7.174144
13 92.566385 7.396573
11 98.263043 1.697636
8 95.605826 4.355916
11 97.037059 2.924111
8 90.566022 9.397737
7 92.457943 7.505059
11 99.403818 0.556405
7 91.758927 8.204354
15 93.535270 6.427301
7 98.619985 1.340551
7 97.740593 2.220296
6 91.306385 8.657078
15 92.452882 7.510122
11 91.958820 8.004382
11 93.698431 6.264075
11 94.936144 5.025866
13 98.078879 1.881874
11 95.866806 4.094832
13 93.104617 6.858126
15 90.581565 9.382188
13 98.989402 0.970986
16 97.490286 2.470702
7 94.316251 5.646007
7 91.582914 8.380439
7 95.335247 4.626604
7 94.848248 5.113797
9 93.732577 6.229914
9 99.736020 0.224070
12 94.975123 4.986871
12 98.994780 0.965607
17 92.587609 7.375342
12 95.231281 4.730611
8 93.452047 6.510557
7 99.013137 0.947242
7 94.647615 5.314511
11 97.541068 2.419900
7 94.951085 5.010919
7 90.504099 9.459685
11 92.975591 6.987204
7 98.445958 1.514648
11 99.048427 0.911938
8 92.511203 7.451778
7 98.356058 1.604584
7 96.207002 3.754500
7 95.664871 4.296848
8 95.969267 3.992330
11 98.822280 1.138175
12 95.395948 4.565878
7 91.841447 8.121802
12 95.951231 4.010373
7 95.496224 4.465563
12 92.133787 7.829345
9 91.188054 8.775456
7 90.486854 9.476937
7 98.042614 1.918154
9 96.704432 3.256871
7 91.117801 8.845738
11 91.264262 8.699218
7 94.354269 5.607974
11 96.093804 3.867743
7 95.830517 4.131135
9 95.763293 4.198386
7 95.956179 4.005423
7 93.554240 6.408324
11 95.390446 4.571382
12 92.131879 7.831254
7 93.163663 6.799057
12 92.967165 6.995634
15 98.653086 1.307437
8 91.321521 8.641936
13 96.386277 3.575153
9 98.394342 1.566284
11 97.048806 2.912359
7 99.700488 0.259616
7 97.227951 2.733142
11 96.323413 3.638042
19 94.091974 5.870374
7 96.267277 3.694201
7 92.371824 7.591212
7 91.989309 7.973880
15 90.791355 9.172314
8 92.144680 7.818448
8 96.783462 3.177809
8 91.828049 8.135205
7 90.077860 9.886095
9 95.635669 4.326061
11 93.363271 6.599368
14 91.332010 8.631443
7 98.044923 1.915843
16 97.370479 2.590557
8 91.880400 8.082833
7 93.295393 6.667274
9 95.390232 4.571597
7 95.701302 4.260402
8 97.085433 2.875717
9 98.530748 1.429824
15 93.009845 6.952937
13 97.272245 2.688831
20 95.349313 4.612532
9 93.046741 6.916025
8 94.746054 5.216033
8 93.298349 6.664317
11 93.849933 6.112512
11 97.773800 2.187075
11 94.458656 5.503545
16 97.296999 2.664067
9 93.861038 6.101402
9 97.848743 2.112102
11 96.891457 3.069771
11 92.963148 6.999652
12 94.731275 5.230818
15 90.813516 9.150144
16 92.746569 7.216317
12 96.398603 3.562823
13 96.576365 3.384989
13 99.414929 0.545289
13 92.210493 7.752608
13 91.337836 8.625614
15 97.952478 2.008325
16 97.470227 2.490769
16 91.093245 8.870303
15 93.171181 6.791535
15 94.452209 5.509995
17 91.064710 8.898850
21 93.216129 6.746569
