7 27.564085 8.119717
7 27.438647 8.537844
7 28.706397 4.312010
8 28.548506 4.838313
8 28.159717 6.134278
10 29.377654 2.074487
10 27.767641 7.441198
8 28.923921 3.586929
8 28.098817 6.337278
8 29.367329 2.108902
8 29.705888 0.980375
8 27.270561 9.098129
8 28.283526 5.721581
8 27.183137 9.389543
8 28.334554 5.551488
8 29.112720 2.957600
11 27.581939 8.060204
7 27.856308 7.145641
12 29.016353 3.278822
9 29.818346 0.605512
9 29.741302 0.862326
10 29.605700 1.314334
10 28.589964 4.700121
10 29.684413 1.051956
10 29.462603 1.791324
11 29.982225 0.059251
14 27.837596 7.208012
9 29.289326 2.368914
9 29.789372 0.702093
9 28.641676 4.527747
9 28.978147 3.406176
9 27.877115 7.076285
9 29.694573 1.018090
9 28.207037 5.976542
9 27.667880 7.773734
9 29.176307 2.745644
8 28.434286 5.219048
8 27.556655 8.144483
8 27.903217 6.989276
8 27.372484 8.758387
11 27.238211 9.205963
9 28.963293 3.455692
11 27.360897 8.797009
7 29.360305 2.132317
10 27.535419 8.215271
12 29.818496 0.605013
7 28.258191 5.806030
7 28.927640 3.574533
10 29.720827 0.930576
11 28.902516 3.658281
11 29.899296 0.335681
7 29.382817 2.057276
10 28.036763 6.544124
8 29.127027 2.909908
7 27.435450 8.548501
9 27.508884 8.303719
10 29.514347 1.618842
8 27.442130 8.526234
9 28.137385 6.208717
11 29.895477 0.348408
9 27.809106 7.302979
12 29.825210 0.582635
12 28.864404 3.785320
12 29.968690 0.104367
9 29.104563 2.984789
11 28.860287 3.799043
9 29.718106 0.939645
10 27.652787 7.824044
9 29.326741 2.244195
10 28.879317 3.735610
9 28.508811 4.970630
8 28.060089 6.466370
17 27.650426 7.831915
9 29.848670 0.504433
10 29.748594 0.838019
9 29.177313 2.742290
8 28.250556 5.831481
7 28.366236 5.445881
11 29.504723 1.650922
10 28.332342 5.558860
11 29.557400 1.475332
12 29.422227 1.925911
10 29.934458 0.218475
10 29.592854 1.357152
8 28.412020 5.293266
12 28.978447 3.405178
11 29.803106 0.656314
15 28.022199 6.592671
9 29.875939 0.413536
7 28.866982 3.776727
7 27.617572 7.941427
17 29.971832 0.093895
9 29.593586 1.354712
9 29.155982 2.813395
8 28.268623 5.771257
8 29.085353 3.048825
11 29.798879 0.670404
8 29.111086 2.963047
13 29.739885 0.867050
12 29.676328 1.078908
9 28.156109 6.146304
15 29.940548 0.198172
12 29.985793 0.047357
9 27.798090 7.339701
8 29.612959 1.290137
13 28.174605 6.084649
12 29.790806 0.697314
12 29.039156 3.202812
9 28.759914 4.133620
9 29.110462 2.965127
8 28.330880 5.563732
11 29.737244 0.875855
8 29.306405 2.311982
12 29.885820 0.380599
9 29.205635 2.647885
8 27.844176 7.186080
8 28.846144 3.846186
8 27.433985 8.553384
10 29.852333 0.492224
16 28.811585 3.961384
16 28.601379 4.662071
11 28.493748 5.020839
10 27.164238 9.452541
9 28.733678 4.221072
8 27.702008 7.659974
7 28.727945 4.240184
7 27.693100 7.689665
9 29.289275 2.369082
8 28.790793 4.030689
15 28.517642 4.941195
11 29.873664 0.421118
8 29.442529 1.858236
12 29.962161 0.126130
8 28.956580 3.478066
12 29.920702 0.264326
11 29.866231 0.445895
9 29.497990 1.673367
13 29.415824 1.947255
8 27.003135 9.989549
8 27.146443 9.511855
13 29.906453 0.311822
10 28.533132 4.889561
9 28.872536 3.758215
11 28.804446 3.985178
9 29.859723 0.467592
11 29.097143 3.009524
9 27.764506 7.451647
9 28.971381 3.428731
10 28.585020 4.716600
9 27.802974 7.323419
12 28.772997 4.090009
9 29.699647 1.001175
10 27.730338 7.565539
8 27.127979 9.573405
9 27.433217 8.555943
9 27.697353 7.675491
12 29.981603 0.061325
9 27.732541 7.558197
11 29.366562 2.111462
9 29.313491 2.288363
9 28.482848 5.057175
8 28.276946 5.743513
7 29.333858 2.220473
11 29.921365 0.262117
8 29.522421 1.591931
11 29.606950 1.310166
8 27.753435 7.488550
12 28.665314 4.448955
9 27.910497 6.965010
8 28.167245 6.109182
10 29.916142 0.279526
17 28.963111 3.456297
16 27.095742 9.680861
14 29.724971 0.916762
9 27.358381 8.805397
11 29.384587 2.051377
9 28.990709 3.364303
11 28.275567 5.748109
9 29.532646 1.557845
11 29.551040 1.496535
9 28.265016 5.783280
9 29.379423 2.068590
11 29.423628 1.921240
12 29.947332 0.175559
13 29.528367 1.572110
11 29.686362 1.045459
10 28.259067 5.803111
11 28.653737 4.487544
11 28.435400 5.215332
11 29.995862 0.013794
11 28.517747 4.940842
11 29.726693 0.911022
13 29.460707 1.797644
12 28.249346 5.835513
14 29.995054 0.016485
12 29.741648 0.861173
18 29.985387 0.048711
40 29.362116 2.126279
48 29.002401 3.325331
62 29.974061 0.086464
