10 4.167970 9.111114
11 4.248010 7.365734
11 4.417012 3.680379
11 4.242976 7.475500
12 4.275606 6.763959
12 4.421803 3.575901
12 4.212431 8.141581
13 4.251605 7.287322
13 4.214999 8.085575
13 4.207814 8.242252
14 4.203453 8.337355
14 4.520030 1.433915
14 4.162872 9.222291
16 4.299473 6.243506
14 4.498236 1.909174
13 4.146880 9.571010
17 4.286343 6.529811
17 4.219912 7.978455
17 4.229725 7.764454
18 4.430879 3.377983
18 4.223015 7.910786
19 4.223051 7.909994
19 4.169090 9.086688
12 4.223192 7.906916
12 4.200366 8.404683
20 4.226948 7.825009
20 4.154673 9.401076
20 4.136246 9.802904
18 4.162931 9.221008
13 4.313803 5.931012
18 4.525284 1.319336
15 4.131603 9.904166
18 4.160168 9.281259
22 4.201470 8.380599
22 4.321492 5.763329
14 4.211960 8.151847
18 4.154050 9.414676
23 4.374690 4.603284
24 4.128902 9.963051
13 4.352527 5.086578
16 4.329169 5.595939
25 4.144007 9.633663
25 4.224372 7.881193
16 4.418242 3.653556
16 4.171166 9.041425
28 4.186404 8.709132
23 4.185009 8.739566
29 4.374216 4.613607
18 4.260226 7.099333
12 4.296732 6.303260
20 4.238539 7.572249
30 4.143027 9.655048
23 4.169943 9.068105
16 4.137403 9.777682
17 4.138486 9.754052
31 4.138109 9.762282
18 4.137709 9.771010
18 4.165095 9.173813
17 4.222233 7.927825
12 4.427246 3.457217
16 4.236109 7.625234
17 4.325206 5.682343
13 4.292221 6.401635
16 4.185775 8.722850
30 4.235719 7.633754
23 4.154853 9.397155
13 4.333577 5.499809
24 4.171702 9.029743
34 4.175398 8.949143
10 4.225265 7.861720
10 4.188996 8.652609
23 4.165412 9.166898
17 4.403260 3.980270
26 4.151072 9.479596
40 4.157760 9.333770
29 4.153475 9.427212
11 4.244551 7.441154
12 4.339159 5.378087
31 4.176226 8.931080
13 4.332482 5.523692
18 4.149392 9.516230
11 4.424162 3.524464
36 4.362268 4.874156
17 4.133002 9.873649
29 4.221885 7.935426
20 4.143244 9.650297
24 4.204383 8.317068
28 4.175197 8.953514
13 4.384431 4.390868
19 4.344529 5.260979
19 4.205756 8.287129
52 4.140826 9.703034
11 4.211310 8.166035
54 4.177385 8.905807
14 4.344854 5.253893
11 4.222347 7.925352
11 4.164502 9.186735
13 4.174819 8.961772
42 4.185295 8.733322
56 4.131847 9.898832
14 4.335049 5.467715
34 4.189793 8.635228
14 4.327678 5.628449
36 4.128164 9.979139
43 4.219590 7.985456
13 4.428930 3.420484
29 4.150540 9.491205
10 4.274294 6.792570
14 4.153377 9.429339
49 4.184915 8.741618
23 4.141696 9.684053
11 4.419252 3.631538
57 4.181582 8.814286
12 4.338991 5.381750
14 4.307968 6.058248
15 4.228986 7.780562
46 4.176498 8.925144
60 4.148016 9.546244
16 4.243949 7.454277
failed to find solution after reaching max emtpy limit -- 48 iterations and 30 function evals
12 4.358020 4.966784
failed to find solution after reaching max emtpy limit -- 61 iterations and 43 function evals
19 4.166945 9.133464
22 4.163758 9.202972
37 4.161237 9.257938
38 4.245123 7.428690
29 4.178209 8.887842
31 4.201245 8.385513
14 4.156733 9.356153
28 4.129640 9.946955
52 4.252419 7.269589
14 4.334123 5.487894
14 4.128555 9.970624
60 4.161738 9.247012
29 4.145799 9.594584
18 4.262328 7.053489
64 4.133561 9.861470
25 4.196711 8.484370
40 4.245779 7.414382
28 4.304101 6.142568
31 4.129317 9.954000
18 4.254164 7.231530
16 4.370115 4.703040
30 4.451820 2.921340
71 4.140012 9.720777
17 4.502328 1.819945
30 4.138025 9.764122
13 4.447603 3.013309
14 4.232535 7.703189
92 4.212276 8.144964
23 4.212469 8.140761
failed to find solution after reaching max emtpy limit -- 60 iterations and 19 function evals
37 4.185808 8.722142
24 4.148721 9.530875
32 4.145835 9.593803
28 4.197263 8.472331
13 4.305541 6.111177
28 4.146259 9.584569
31 4.153637 9.423668
34 4.133014 9.873385
35 4.152357 9.451592
92 4.154601 9.402649
30 4.248637 7.352042
25 4.233116 7.690506
40 4.156211 9.367537
34 4.134734 9.835872
90 4.132291 9.889154
80 4.132509 9.884406
68 4.156432 9.362728
36 4.128818 9.964881
52 4.170108 9.064503
37 4.139130 9.740019
79 4.157474 9.340010
88 4.144531 9.622244
77 4.252900 7.259099
81 4.156402 9.363365
96 4.132265 9.889713
92 4.138948 9.743984
96 4.137879 9.767288
53 4.142283 9.671260
52 4.187667 8.681598
66 4.237693 7.590693
97 4.135094 9.828034
67 4.178582 8.879699
47 4.380104 4.485223
82 4.296413 6.310225
failed to find solution after reaching max emtpy limit -- 444 iterations and 76 function evals
125 4.186415 8.708903
235 4.146472 9.579921
216 4.200209 8.408105
263 4.144831 9.615708
failed to find solution in 1200 iterations and 218 function evals
failed to find solution in 1200 iterations and 235 function evals
failed to find solution in 1200 iterations and 220 function evals
failed to find solution in 1200 iterations and 222 function evals
failed to find solution in 1200 iterations and 242 function evals
failed to find solution in 1200 iterations and 243 function evals
failed to find solution in 1200 iterations and 237 function evals
failed to find solution in 1200 iterations and 240 function evals
failed to find solution in 1200 iterations and 232 function evals
