10 3259.563828 5.683917
11 3159.882948 8.568202
11 3203.049297 7.319175
11 3248.658567 5.999463
11 3153.131924 8.763544
12 3250.401068 5.949043
12 3302.673952 4.436518
12 3189.012386 7.725336
12 3308.176189 4.277309
12 3296.113993 4.626331
13 3433.358322 0.655141
13 3162.749955 8.485244
13 3407.139563 1.413786
13 3168.704916 8.312936
13 3363.479904 2.677086
13 3312.882260 4.141138
13 3165.727304 8.399094
13 3124.786188 9.583733
13 3131.222212 9.397505
14 3441.728383 0.412952
14 3443.712208 0.355550
14 3163.411250 8.466110
14 3229.764082 6.546178
14 3255.072694 5.813869
14 3169.401682 8.292775
12 3169.241934 8.297398
14 3153.968252 8.739345
14 3185.185415 7.836070
14 3244.462359 6.120881
14 3411.668385 1.282743
12 3405.291697 1.467254
16 3374.491653 2.358459
16 3295.691353 4.638560
10 3242.544298 6.176380
16 3395.067717 1.763087
16 3418.298888 1.090889
16 3206.054189 7.232228
17 3401.882535 1.565899
17 3317.446935 4.009059
13 3236.786296 6.342989
13 3303.870539 4.401894
17 3320.477047 3.921382
17 3397.790074 1.684315
17 3348.373539 3.114192
17 3146.259089 8.962411
16 3122.088598 9.661788
14 3189.982169 7.697275
13 3359.883429 2.781151
16 3334.803152 3.506853
12 3188.590440 7.737545
13 3381.281082 2.162006
13 3236.430770 6.353276
18 3349.394220 3.084658
14 3343.888055 3.243980
18 3169.420096 8.292243
12 3354.931150 2.924446
18 3441.735798 0.412737
13 3437.080504 0.547439
11 3263.078627 5.582216
12 3281.890754 5.037883
13 3315.392970 4.068490
16 3145.981459 8.970444
13 3370.868688 2.463290
13 3140.169996 9.138600
20 3336.701053 3.451937
16 3165.658678 8.401080
16 3442.457663 0.391850
20 3194.312764 7.571969
16 3421.619976 0.994792
13 3360.205467 2.771833
14 3283.473860 4.992076
22 3419.300203 1.061915
10 3283.386411 4.994606
12 3308.586450 4.265438
12 3123.154150 9.630956
16 3414.131329 1.211478
17 3311.684161 4.175806
13 3281.762720 5.041588
17 3435.559684 0.591444
13 3285.005337 4.947762
17 3384.168851 2.078448
18 3143.330802 9.047141
23 3271.156542 5.348480
16 3307.413758 4.299370
13 3350.493712 3.052844
13 3200.591029 7.390306
13 3335.197951 3.495430
16 3274.998039 5.237325
13 3310.034853 4.223529
14 3176.922961 8.075146
14 3134.667216 9.297824
13 3314.982337 4.080372
13 3233.843301 6.428145
20 3118.355443 9.769808
20 3417.468297 1.114922
17 3427.955117 0.811484
14 3401.064374 1.589573
13 3445.197289 0.312578
16 3358.702875 2.815310
18 3437.548928 0.533885
17 3420.402168 1.030030
16 3387.589662 1.979466
12 3335.244816 3.494074
13 3417.406101 1.116722
14 3231.912063 6.484026
13 3278.933302 5.123458
17 3386.102937 2.022484
17 3356.012889 2.893146
13 3361.171895 2.743869
17 3366.363537 2.593648
12 3328.327701 3.694222
16 3446.210439 0.283263
13 3280.741932 5.071125
14 3219.568987 6.841175
13 3306.623461 4.322238
12 3163.567333 8.461593
14 3391.876988 1.855411
19 3412.612711 1.255419
14 3393.850978 1.798293
12 3129.075081 9.459633
13 3257.133202 5.754248
16 3392.407491 1.840061
13 3318.191761 3.987507
13 3343.822206 3.245885
17 3446.218110 0.283041
16 3328.151007 3.699334
14 3426.769718 0.845784
14 3390.822194 1.885932
16 3151.264708 8.817572
19 3165.214063 8.413945
19 3274.333897 5.256542
37 3311.629283 4.177393
13 3144.752254 9.006011
14 3374.639778 2.354173
19 3421.665202 0.993484
12 3272.700124 5.303816
16 3211.985496 7.060605
13 3133.832544 9.321975
14 3141.105447 9.111532
16 3307.391833 4.300005
13 3449.504570 0.187946
13 3243.553142 6.147189
24 3166.316950 8.382033
16 3380.806939 2.175725
14 3378.309243 2.247996
17 3131.411811 9.392019
16 3416.499678 1.142949
19 3123.659773 9.616326
17 3406.672903 1.427289
33 3357.254117 2.857230
12 3388.893888 1.941728
17 3169.195564 8.298739
17 3378.120714 2.253452
13 3337.894594 3.417402
13 3162.275420 8.498975
14 3306.781572 4.317663
16 3407.329213 1.408298
12 3236.259443 6.358234
11 3234.809869 6.400177
12 3156.520732 8.665488
11 3166.188255 8.385757
13 3426.204927 0.862126
10 3289.316780 4.823010
20 3194.924293 7.554274
16 3202.011239 7.349212
13 3256.272697 5.779147
14 3298.264642 4.564102
14 3244.291904 6.125813
14 3231.229190 6.503785
13 3255.865261 5.790936
12 3119.983128 9.722710
16 3249.072783 5.987477
13 3215.277889 6.965339
13 3319.691709 3.944106
18 3450.725677 0.152614
19 3432.491620 0.680219
12 3350.186559 3.061732
14 3411.814591 1.278513
16 3248.712359 5.997906
14 3172.831604 8.193530
13 3224.708260 6.692469
16 3262.807326 5.590066
39 3334.329222 3.520567
17 3271.337086 5.343256
16 3110.703423 9.991220
14 3222.399037 6.759287
14 3429.144927 0.777057
16 3329.139380 3.670736
17 3422.044548 0.982507
17 3289.723447 4.811243
36 3383.153033 2.107840
45 3384.220355 2.076957
17 3173.330867 8.179084
43 3405.698161 1.455493
63 3404.783158 1.481969
20 3185.117001 7.838050
20 3403.814417 1.510000
75 3451.758983 0.122715
23 3250.260897 5.953099
22 3180.421678 7.973910
