22 -0.122012 9.811198
22 -0.119950 7.955047
23 -0.121738 9.564162
23 -0.117318 5.586259
23 -0.118081 6.272621
23 -0.118322 6.490017
24 -0.118917 7.025556
24 -0.121586 9.427415
25 -0.121705 9.534525
25 -0.120564 8.507230
25 -0.119320 7.387587
25 -0.117040 5.335752
25 -0.118723 6.850634
25 -0.121412 9.271179
25 -0.119991 7.991557
25 -0.120077 8.069114
25 -0.118549 6.693735
25 -0.121490 9.340589
26 -0.118051 6.246279
26 -0.122113 9.901915
26 -0.117379 5.641272
26 -0.117083 5.374814
26 -0.117366 5.629159
27 -0.115849 4.263844
27 -0.118278 6.449932
27 -0.114476 3.028683
27 -0.114249 2.823944
27 -0.121601 9.440817
27 -0.116294 4.664501
28 -0.113819 2.437233
28 -0.116599 4.939209
28 -0.116077 4.469690
28 -0.114968 3.471544
28 -0.115741 4.167148
28 -0.117885 6.096659
29 -0.119270 7.342752
29 -0.121872 9.684946
29 -0.118846 6.961328
29 -0.117762 5.985749
29 -0.120604 8.543230
29 -0.117604 5.843272
29 -0.115921 4.328808
31 -0.118563 6.706283
31 -0.119758 7.782219
33 -0.115346 3.811141
33 -0.116919 5.227105
34 -0.120750 8.675014
33 -0.116105 4.494157
19 -0.122056 9.850708
19 -0.120102 8.091664
25 -0.122023 9.820399
23 -0.117990 6.190926
25 -0.117465 5.718730
27 -0.117916 6.124421
27 -0.115844 4.259498
25 -0.120030 8.026803
25 -0.117986 6.187642
24 -0.116790 5.110748
24 -0.117870 6.082768
26 -0.116257 4.630997
26 -0.120776 8.698528
27 -0.120887 8.797861
24 -0.119682 7.714026
25 -0.115150 3.634944
27 -0.116535 4.881867
29 -0.120120 8.108063
23 -0.117938 6.144200
27 -0.118679 6.810952
27 -0.121645 9.480153
29 -0.119770 7.792955
27 -0.118067 6.260642
25 -0.117350 5.615103
24 -0.117485 5.736396
27 -0.116770 5.092724
27 -0.122106 9.894954
24 -0.115073 3.565725
29 -0.117532 5.778411
27 -0.119665 7.698164
29 -0.117546 5.791543
27 -0.115451 3.906345
29 -0.119799 7.818862
29 -0.117481 5.733291
25 -0.122014 9.813046
28 -0.115400 3.860019
28 -0.118643 6.778953
25 -0.119436 7.492795
29 -0.120930 8.837260
30 -0.115550 3.995108
34 -0.121500 9.349860
30 -0.117376 5.638137
31 -0.120046 8.041167
28 -0.117099 5.389521
25 -0.117406 5.665696
29 -0.117224 5.501759
34 -0.119135 7.221700
29 -0.114878 3.389929
34 -0.115292 3.762495
23 -0.120715 8.643796
29 -0.119648 7.682952
27 -0.116556 4.900033
27 -0.121824 9.641153
24 -0.120153 8.138072
24 -0.116419 4.777090
27 -0.115735 4.161494
26 -0.119419 7.476667
27 -0.116073 4.465761
27 -0.118330 6.497318
27 -0.119999 7.999415
23 -0.118273 6.445526
31 -0.118867 6.980721
27 -0.117175 5.457119
29 -0.115011 3.509737
27 -0.120105 8.094101
26 -0.121743 9.568728
28 -0.121826 9.643163
24 -0.117293 5.563624
30 -0.114934 3.440470
28 -0.117354 5.618150
31 -0.116027 4.424514
25 -0.119206 7.285468
31 -0.117847 6.062597
31 -0.115630 4.066936
24 -0.119810 7.829357
27 -0.122193 9.973890
23 -0.116981 5.282651
27 -0.120779 8.700905
27 -0.120873 8.785998
25 -0.121327 9.194623
27 -0.117274 5.546298
35 -0.116220 4.598358
31 -0.119760 7.784169
24 -0.118391 6.552248
26 -0.114858 3.372525
26 -0.122027 9.824329
25 -0.119464 7.517242
35 -0.119408 7.466850
29 -0.118726 6.853032
30 -0.115108 3.597352
29 -0.117253 5.527460
31 -0.115592 4.032586
33 -0.116166 4.549107
29 -0.116776 5.098061
32 -0.115792 4.212967
20 -0.120922 8.829362
25 -0.119064 7.157888
27 -0.117585 5.826610
29 -0.119060 7.154247
25 -0.118581 6.722577
27 -0.117043 5.338769
31 -0.118824 6.941250
26 -0.117556 5.800464
28 -0.119198 7.277795
26 -0.116597 4.936945
29 -0.120964 8.867278
27 -0.117691 5.922237
25 -0.121102 8.991982
29 -0.116462 4.816008
28 -0.118434 6.590942
29 -0.116832 5.148644
28 -0.117808 6.027454
34 -0.120129 8.116468
20 -0.119376 7.438306
25 -0.120583 8.524389
27 -0.116734 5.060462
29 -0.115615 4.053825
24 -0.117589 5.830509
23 -0.120082 8.073875
28 -0.118092 6.283180
31 -0.117264 5.537823
29 -0.117412 5.670850
27 -0.118756 6.880631
29 -0.121534 9.380958
31 -0.117711 5.939842
26 -0.117415 5.673340
29 -0.118516 6.664288
25 -0.121123 9.010796
33 -0.117728 5.955472
29 -0.116150 4.535304
26 -0.116317 4.685656
28 -0.118239 6.414711
24 -0.120639 8.575294
24 -0.120904 8.813579
27 -0.120853 8.767263
27 -0.121187 9.068582
26 -0.119829 7.846077
34 -0.121216 9.094189
30 -0.114687 3.217973
34 -0.117193 5.474043
28 -0.116468 4.821372
25 -0.119580 7.621806
29 -0.116795 5.115764
28 -0.117923 6.130822
29 -0.120857 8.771590
25 -0.122088 9.879204
31 -0.114851 3.366262
27 -0.117560 5.804381
24 -0.119178 7.260343
25 -0.120495 8.445576
31 -0.117841 6.056985
31 -0.116624 4.961366
