26 -1152.574427 1.426874
26 -1182.708462 4.078678
26 -1156.154839 1.741951
26 -1143.759778 0.651183
26 -1195.523924 5.206442
26 -1174.856433 3.387697
26 -1144.393485 0.706949
26 -1176.514670 3.533622
26 -1170.447632 2.999721
26 -1154.676119 1.611824
26 -1160.576239 2.131036
25 -1173.625936 3.279413
26 -1195.779528 5.228935
25 -1158.879180 1.981694
25 -1155.852691 1.715362
26 -1161.962093 2.252991
26 -1156.428153 1.766003
26 -1145.210494 0.778846
26 -1155.311502 1.667738
26 -1162.834582 2.329771
26 -1161.790668 2.237906
26 -1178.839780 3.738233
26 -1160.975566 2.166177
26 -1165.114923 2.530441
26 -1172.500527 3.180377
26 -1151.091321 1.296360
26 -1155.554764 1.689145
26 -1176.407955 3.524231
26 -1152.085923 1.383886
26 -1172.160408 3.150446
26 -1168.617401 2.838660
26 -1160.627808 2.135574
26 -1177.761467 3.643341
26 -1183.475171 4.146148
26 -1152.820973 1.448570
26 -1175.432195 3.438364
25 -1157.335078 1.845813
26 -1160.242403 2.101658
26 -1195.119897 5.170888
26 -1163.917641 2.425080
26 -1142.856045 0.571654
26 -1164.402933 2.467786
26 -1148.738157 1.089281
26 -1189.613768 4.686347
26 -1143.341109 0.614340
25 -1145.402045 0.795703
26 -1167.073288 2.702778
26 -1147.910100 1.016412
26 -1162.025654 2.258585
26 -1166.359721 2.639984
26 -1148.079625 1.031330
26 -1161.480574 2.210618
26 -1175.695609 3.461545
26 -1161.619731 2.222863
26 -1155.914779 1.720826
26 -1168.013574 2.785523
26 -1159.307466 2.019383
26 -1145.271580 0.784222
26 -1165.165696 2.534909
26 -1157.385438 1.850244
26 -1163.580993 2.395455
25 -1165.378290 2.553618
26 -1156.285937 1.753488
26 -1149.758731 1.179092
26 -1158.833693 1.977691
25 -1142.852637 0.571354
26 -1173.403350 3.259825
26 -1158.624751 1.959304
26 -1147.948425 1.019785
26 -1153.178599 1.480041
26 -1170.117090 2.970633
26 -1152.311628 1.403748
26 -1151.083156 1.295642
26 -1174.068625 3.318370
26 -1153.647420 1.521298
26 -1171.010951 3.049293
26 -1172.505944 3.180853
26 -1183.761455 4.171341
26 -1149.930795 1.194234
26 -1161.034316 2.171347
26 -1143.791608 0.653984
26 -1163.738889 2.409350
26 -1167.116139 2.706549
26 -1170.928537 3.042041
26 -1165.869407 2.596836
26 -1168.608931 2.837915
26 -1147.993952 1.023791
26 -1141.687375 0.468810
26 -1183.834163 4.177740
26 -1152.284838 1.401390
25 -1169.912322 2.952614
26 -1161.408596 2.204284
26 -1156.855934 1.803648
26 -1163.706969 2.406541
26 -1198.187599 5.440846
25 -1191.290262 4.833879
26 -1183.090154 4.112267
26 -1167.615329 2.750478
26 -1178.156156 3.678074
26 -1150.593495 1.252552
26 -1203.413687 5.900743
26 -1159.771306 2.060201
26 -1165.517832 2.565897
26 -1156.468689 1.769570
25 -1192.095856 4.904771
26 -1171.531082 3.095065
26 -1160.991378 2.167568
26 -1170.272157 2.984279
26 -1162.001928 2.256497
26 -1152.517141 1.421833
25 -1167.826920 2.769098
26 -1153.439613 1.503011
26 -1180.167932 3.855110
26 -1155.636522 1.696339
25 -1153.657924 1.522222
26 -1153.960649 1.548862
26 -1158.442014 1.943223
25 -1158.054482 1.909121
26 -1183.204338 4.122315
26 -1163.567492 2.394267
26 -1144.920109 0.753292
26 -1167.842123 2.770436
26 -1160.154965 2.093964
26 -1154.868831 1.628782
25 -1169.470326 2.913718
26 -1154.731762 1.616720
26 -1157.363930 1.848352
26 -1162.486648 2.299152
26 -1158.195421 1.921523
26 -1155.128853 1.651664
26 -1175.833521 3.473681
26 -1155.495375 1.683918
26 -1157.319642 1.844454
26 -1145.654442 0.817914
26 -1155.324692 1.668898
26 -1173.063656 3.229932
26 -1160.669811 2.139270
26 -1148.976437 1.110250
26 -1156.269556 1.752046
25 -1159.413695 2.028732
26 -1167.867530 2.772672
26 -1158.578341 1.955220
25 -1148.045754 1.028350
26 -1173.109291 3.233948
26 -1152.735365 1.441037
26 -1176.636920 3.544380
26 -1164.561579 2.481747
26 -1180.914641 3.920821
26 -1172.748349 3.202185
26 -1174.328075 3.341201
26 -1150.598572 1.252998
26 -1160.215309 2.099274
25 -1144.623662 0.727205
26 -1186.716376 4.431375
26 -1165.961110 2.604906
26 -1163.019204 2.346018
26 -1156.543915 1.776190
26 -1169.923189 2.953570
26 -1159.787643 2.061639
26 -1172.098789 3.145024
26 -1153.442932 1.503303
26 -1147.629806 0.991746
26 -1152.701613 1.438067
26 -1172.548575 3.184605
26 -1165.462567 2.561034
26 -1180.441450 3.879180
26 -1180.281939 3.865143
25 -1168.002970 2.784590
26 -1149.687592 1.172832
26 -1159.867182 2.068639
26 -1161.056893 2.173334
26 -1178.936077 3.746707
25 -1170.422670 2.997525
26 -1151.341236 1.318353
26 -1167.111636 2.706153
26 -1189.868051 4.708724
26 -1158.113940 1.914353
26 -1146.014380 0.849588
26 -1147.716832 0.999404
26 -1153.718289 1.527534
26 -1176.561897 3.537778
26 -1160.739006 2.145359
26 -1165.825724 2.592992
26 -1157.683845 1.876504
26 -1169.452786 2.912175
26 -1162.509950 2.301203
26 -1146.514245 0.893576
26 -1152.416417 1.412969
25 -1144.272349 0.696289
26 -1150.588753 1.252134
26 -1150.508142 1.245040
26 -1161.257162 2.190957
26 -1167.060513 2.701654
25 -1192.874485 4.973291
26 -1173.561082 3.273706
26 -1155.273123 1.664360
26 -1164.331180 2.461472
25 -1151.533685 1.335289
25 -1157.937690 1.898843
26 -1168.103044 2.793397
