123 30.386674 6.065178
132 30.468277 5.812919
140 31.156629 3.685005
154 30.494590 5.731575
158 30.110074 6.920235
160 31.240095 3.426984
151 29.851020 7.721055
154 31.025819 4.089377
168 31.189544 3.583254
171 30.554924 5.545065
172 31.186931 3.591330
173 31.264287 3.352200
162 31.140092 3.736125
173 31.451272 2.774167
164 31.110389 3.827944
153 31.201222 3.547154
191 29.155252 9.871892
180 31.186066 3.594006
194 30.866539 4.581764
198 31.404411 2.919032
194 31.341008 3.115030
208 30.164841 6.750934
203 30.147808 6.803588
214 30.056780 7.084984
233 30.352585 6.170557
262 30.166564 6.745607
125 29.907673 7.545923
167 31.116874 3.807898
259 31.231555 3.453385
162 29.980690 7.320203
154 31.074447 3.939053
183 29.317388 9.370678
230 29.567779 8.596640
207 29.348936 9.273154
154 31.118812 3.801906
122 30.237813 6.525355
130 31.022735 4.098912
236 29.802258 7.871794
204 30.338237 6.214911
207 30.443208 5.890413
164 30.758887 4.914549
208 29.303103 9.414838
258 31.192350 3.574579
155 31.163537 3.663649
158 31.004141 4.156391
243 29.620447 8.433827
428 30.994610 4.185856
430 31.724799 1.928612
374 30.582657 5.459332
441 31.345818 3.100160
153 31.358806 3.060009
430 31.287191 3.281396
214 30.553254 5.550228
98 31.341839 3.112460
141 31.140054 3.736244
213 29.557050 8.629807
103 30.777497 4.857019
244 29.440575 8.989871
501 31.227027 3.467381
149 31.065636 3.966293
154 29.587480 8.535741
457 31.513166 2.582834
477 30.527595 5.629546
509 31.519243 2.564050
198 29.516143 8.756264
541 31.242273 3.420250
577 31.728692 1.916576
561 31.277720 3.310673
611 31.820391 1.633104
629 31.369800 3.026024
274 30.184693 6.689566
208 29.233881 9.628827
369 30.753455 4.931342
631 31.404282 2.919431
155 30.270212 6.425198
164 30.213859 6.599403
187 30.862683 4.593684
620 31.557134 2.446915
642 31.435708 2.822282
178 31.238124 3.433076
220 30.174631 6.720670
293 30.081501 7.008565
656 32.007809 1.053736
663 31.438400 2.813962
228 29.280845 9.483645
164 30.580926 5.464684
612 31.567766 2.414049
179 31.321523 3.175265
561 31.821977 1.628201
717 31.783652 1.746679
164 31.111359 3.824948
695 31.917716 1.332242
711 31.525083 2.545996
735 31.669646 2.099105
145 31.145947 3.718024
743 31.547700 2.476080
176 29.501071 8.802859
489 31.611869 2.277712
206 29.616360 8.446462
189 31.100630 3.858113
721 31.471068 2.712973
227 30.979250 4.233338
345 31.417883 2.877385
202 29.238710 9.613898
719 31.914984 1.340688
106 30.635433 5.296184
152 30.101599 6.946437
603 31.336135 3.130095
766 31.850311 1.540612
192 31.437561 2.816553
350 30.859167 4.604554
546 31.261914 3.359535
487 31.673042 2.088608
115 30.113227 6.910488
161 30.814634 4.742219
840 31.552605 2.460917
182 30.502600 5.706816
797 31.671486 2.093419
847 31.736282 1.893114
854 31.543872 2.487912
870 31.686331 2.047527
706 31.715423 1.957594
163 31.189661 3.582890
869 31.784935 1.742710
599 31.374673 3.010959
146 30.335354 6.223825
769 31.835292 1.587041
780 31.492670 2.646194
150 31.087447 3.898866
677 31.476035 2.697619
129 30.883823 4.528332
774 31.449246 2.780431
636 31.571405 2.402801
135 30.447105 5.878367
214 30.164212 6.752878
887 31.685737 2.049362
161 31.371945 3.019394
467 31.457515 2.754870
193 29.560147 8.620235
402 31.317259 3.188447
618 31.654063 2.147279
750 31.556616 2.448517
171 31.211148 3.516469
553 31.256741 3.375525
950 31.600933 2.311520
909 31.761736 1.814425
313 30.390832 6.052326
208 29.320171 9.362075
462 30.887075 4.518281
211 29.171041 9.823083
146 31.026705 4.086641
185 31.350196 3.086627
152 31.524524 2.547725
609 31.537438 2.507803
992 31.729555 1.913907
474 31.618001 2.258758
1011 31.914292 1.342828
723 31.780149 1.757507
932 31.836654 1.582830
987 31.761121 1.816329
1075 31.679651 2.068176
893 31.694294 2.022911
918 31.783107 1.748362
1011 31.821218 1.630549
1053 31.870794 1.477292
991 31.804608 1.681897
1104 31.720997 1.940363
938 32.059398 0.894260
1013 31.695673 2.018649
1081 31.821768 1.628849
1143 31.947378 1.240548
1044 31.832509 1.595643
1120 31.761450 1.815312
1031 31.724878 1.928367
1005 31.876285 1.460320
failed to find solution in 1200 iterations and 1215 function evals
failed to find solution in 1200 iterations and 1215 function evals
failed to find solution in 1200 iterations and 1215 function evals
failed to find solution in 1200 iterations and 1215 function evals
failed to find solution in 1200 iterations and 1215 function evals
failed to find solution in 1200 iterations and 1215 function evals
failed to find solution in 1200 iterations and 1215 function evals
1061 31.895743 1.400168
failed to find solution in 1200 iterations and 1215 function evals
failed to find solution in 1200 iterations and 1215 function evals
1095 31.958872 1.205017
failed to find solution in 1200 iterations and 1215 function evals
failed to find solution in 1200 iterations and 1215 function evals
failed to find solution in 1200 iterations and 1215 function evals
failed to find solution in 1200 iterations and 1215 function evals
1079 31.840845 1.569875
1162 31.713390 1.963880
1209 31.909930 1.356312
failed to find solution in 1200 iterations and 1215 function evals
1161 31.759805 1.820396
failed to find solution in 1200 iterations and 1215 function evals
failed to find solution in 1200 iterations and 1215 function evals
failed to find solution in 1200 iterations and 1215 function evals
failed to find solution in 1200 iterations and 1215 function evals
failed to find solution in 1200 iterations and 1215 function evals
