16 -1.850245 7.487747
17 -1.863407 6.829668
19 -1.938160 3.091994
20 -1.842728 7.863595
20 -2.036181 1.809060
20 -1.851575 7.421269
20 -2.010809 0.540431
21 -1.952352 2.382407
21 -2.178370 8.918521
21 -1.868496 6.575212
20 -1.868801 6.559966
20 -1.844078 7.796091
23 -1.844032 7.798421
23 -2.005224 0.261197
23 -1.908018 4.599089
23 -1.863375 6.831269
24 -2.004241 0.212031
25 -1.878021 6.098936
25 -2.130998 6.549917
25 -1.981654 0.917295
27 -1.888351 5.582462
27 -1.880345 5.982769
27 -1.849269 7.536573
25 -1.869025 6.548772
27 -1.841405 7.929743
22 -1.875014 6.249325
28 -2.001741 0.087053
29 -1.865611 6.719457
31 -2.102336 5.116823
29 -1.893101 5.344932
32 -1.842226 7.888709
30 -1.847312 7.634399
21 -1.896752 5.162395
35 -1.858485 7.075743
18 -1.860075 6.996231
35 -1.863275 6.836234
19 -1.984720 0.763989
19 -1.865269 6.736540
36 -1.926793 3.660356
36 -1.843466 7.826713
17 -2.017681 0.884074
39 -1.880490 5.975509
24 -1.900181 4.990938
17 -1.841407 7.929633
39 -1.844674 7.766286
20 -2.046074 2.303700
40 -1.844179 7.791064
34 -1.853815 7.309247
41 -1.862599 6.870028
28 -1.960579 1.971065
25 -2.104971 5.248529
19 -1.875267 6.236643
28 -1.936273 3.186334
21 -1.843096 7.845221
29 -1.843376 7.831196
27 -1.853877 7.306129
27 -1.847581 7.620974
25 -2.040719 2.035943
25 -1.856150 7.192501
31 -1.877928 6.103601
28 -2.162573 8.128659
19 -2.009390 0.469503
33 -1.844361 7.781949
31 -2.152266 7.613311
37 -1.910354 4.482312
21 -2.180789 9.039461
35 -1.853916 7.304207
21 -1.843964 7.801811
23 -2.155323 7.766154
27 -1.858449 7.077538
33 -1.901585 4.920772
20 -1.854672 7.266399
28 -2.011174 0.558700
40 -1.841123 7.943847
29 -1.853563 7.321865
33 -1.841946 7.902708
17 -1.845477 7.726152
27 -1.924141 3.792960
39 -1.853770 7.311510
29 -1.888154 5.592304
22 -1.843390 7.830517
30 -1.853462 7.326882
17 -1.841966 7.901694
25 -1.862119 6.894037
26 -1.848956 7.552200
24 -1.862608 6.869601
43 -1.864316 6.784224
29 -2.023295 1.164774
24 -1.860220 6.989018
24 -1.862389 6.880556
21 -2.047508 2.375406
20 -2.121733 6.086639
19 -1.846895 7.655251
30 -1.866061 6.696932
29 -1.841216 7.939208
19 -1.841447 7.927652
23 -1.858689 7.065537
33 -1.861684 6.915790
23 -1.853880 7.305983
20 -1.876787 6.160638
35 -1.852587 7.370670
19 -2.090169 4.508434
23 -1.849258 7.537117
21 -2.161895 8.094747
16 -1.844022 7.798900
21 -1.870777 6.461151
28 -1.850135 7.493264
29 -1.863029 6.848532
31 -1.883414 5.829305
23 -2.133391 6.669563
24 -1.937288 3.135618
24 -1.841109 7.944559
33 -1.860620 6.968979
33 -1.841981 7.900957
24 -1.848275 7.586269
31 -2.090457 4.522856
20 -1.939768 3.011591
18 -1.856573 7.171338
15 -1.970356 1.482206
21 -1.933152 3.342398
17 -1.936674 3.166285
43 -1.847802 7.609894
24 -1.845667 7.716637
27 -1.965791 1.710456
35 -1.842851 7.857450
20 -1.846675 7.666267
28 -1.851294 7.435295
27 -1.883669 5.816571
28 -1.911185 4.440756
25 -1.942356 2.882211
36 -1.932788 3.360583
27 -1.948150 2.592514
41 -1.851954 7.402317
20 -2.121094 6.054695
29 -1.912727 4.363666
23 -1.946808 2.659602
17 -1.858197 7.090143
31 -1.848397 7.580165
31 -1.898143 5.092852
24 -1.960162 1.991911
25 -1.841569 7.921545
21 -1.890842 5.457924
36 -1.900643 4.967840
27 -1.952959 2.352057
23 -2.090084 4.504187
29 -2.153153 7.657637
17 -2.178742 8.937096
19 -1.942055 2.897240
24 -1.934584 3.270776
21 -1.842038 7.898112
39 -1.848278 7.586086
20 -1.845311 7.734438
21 -2.094827 4.741361
21 -2.152148 7.607388
21 -1.943940 2.802985
42 -1.855181 7.240953
44 -1.848770 7.561481
33 -1.842463 7.876870
36 -1.995189 0.240556
32 -1.877656 6.117193
20 -1.855754 7.212310
15 -1.848154 7.592289
44 -1.882670 5.866482
36 -1.873611 6.319455
27 -1.857303 7.134860
21 -1.997091 0.145450
21 -1.945080 2.745979
19 -2.012140 0.606983
24 -1.968350 1.582482
19 -1.841521 7.923933
19 -1.853767 7.311633
27 -1.854015 7.299239
25 -1.864015 6.799259
24 -2.111676 5.583819
32 -1.932818 3.359109
25 -1.863630 6.818496
21 -1.843338 7.833107
31 -1.885656 5.717208
24 -2.106823 5.341147
40 -1.853758 7.312078
28 -1.884366 5.781696
32 -2.181126 9.056311
26 -1.845109 7.744574
40 -1.863515 6.824261
27 -1.882607 5.869655
31 -1.842466 7.876698
24 -1.859425 7.028748
35 -1.861223 6.938867
41 -1.850209 7.489540
46 -1.858795 7.060227
32 -1.851188 7.440614
44 -1.872136 6.393221
40 -1.881377 5.931145
31 -1.854324 7.283815
37 -1.871996 6.400217
28 -1.857575 7.121258
35 -1.853577 7.321132
43 -1.856865 7.156767
94 -1.847446 7.627701
84 -1.847629 7.618542
