11 -6904.066345 9.591096
11 -6896.851835 9.476577
11 -6684.848185 6.111355
11 -6620.831385 5.095190
10 -6762.044962 7.336732
11 -6664.543372 5.789049
13 -6844.006236 8.637737
11 -6874.444642 9.120898
11 -6801.621299 7.964943
13 -6576.416161 4.390169
13 -6870.122676 9.052294
13 -6868.573611 9.027705
13 -6860.849926 8.905104
12 -6796.048660 7.876486
11 -6776.983636 7.573859
11 -6904.405540 9.596480
17 -6409.264316 1.736899
22 -6914.803265 9.761527
20 -6596.050482 4.701833
13 -6768.094907 7.432765
28 -6437.118347 2.179037
30 -6712.348487 6.547879
26 -6643.788366 5.459596
32 -6799.783799 7.935776
39 -6437.610376 2.186848
37 -6770.760539 7.475078
31 -6680.182121 6.037289
42 -6574.654764 4.362210
31 -6706.867482 6.460877
43 -6874.320891 9.118934
10 -6678.481645 6.010297
44 -6913.639790 9.743059
42 -6676.340541 5.976310
10 -6585.402014 4.532805
19 -6629.591231 5.234239
27 -6663.040261 5.765189
60 -6739.494883 6.978785
24 -6809.525554 8.090411
38 -6588.852188 4.587571
11 -6371.058642 1.130444
11 -6488.715703 2.998063
70 -6754.979151 7.224573
65 -6651.161941 5.576640
19 -6774.870259 7.540313
64 -6699.113440 6.337794
35 -6582.429433 4.485620
17 -6782.708154 7.664727
17 -6788.407903 7.755202
100 -6641.298766 5.420077
13 -6483.709401 2.918596
102 -6757.639655 7.266804
86 -6437.101631 2.178772
11 -6795.912905 7.874332
11 -6899.239544 9.514478
84 -6906.646727 9.632055
26 -6828.369121 8.389522
114 -6681.227811 6.053888
46 -6796.879919 7.889681
100 -6618.307985 5.055135
45 -6789.145740 7.766914
155 -6812.890490 8.143824
19 -6488.696056 2.997752
50 -6572.094722 4.321573
154 -6606.159597 4.862299
126 -6854.818143 8.809359
15 -6683.062565 6.083011
145 -6580.958549 4.462272
155 -6748.802413 7.126527
87 -6848.494525 8.708981
120 -6677.437887 5.993729
17 -6836.134339 8.512783
138 -6533.088015 3.702404
45 -6478.947779 2.843013
15 -6922.316336 9.880785
15 -6613.864013 4.984594
185 -6648.732828 5.538081
233 -6677.717848 5.998173
66 -6852.945340 8.779631
163 -6543.056293 3.860634
253 -6721.136595 6.687376
40 -6664.167029 5.783075
26 -6913.300654 9.737676
17 -6859.739462 8.887477
130 -6887.977553 9.335712
217 -6417.945716 1.874702
52 -6572.871491 4.333903
11 -6540.260778 3.816260
215 -6655.291125 5.642184
23 -6583.272977 4.499010
24 -6856.770247 8.840345
253 -6927.271827 9.959446
74 -6840.613914 8.583889
237 -6621.201329 5.101063
13 -6753.652142 7.203509
263 -6926.264815 9.943461
218 -6684.755373 6.109882
250 -6424.296694 1.975514
229 -6616.872931 5.032356
12 -6827.073269 8.368953
178 -6692.691171 6.235850
11 -6475.344142 2.785811
13 -6760.683449 7.315120
266 -6863.951734 8.954340
250 -6744.524622 7.058624
13 -6647.923895 5.525241
11 -6854.144078 8.798659
241 -6707.477332 6.470557
11 -6476.369786 2.802092
60 -6809.591213 8.091453
291 -6903.992981 9.589931
17 -6926.514272 9.947421
42 -6777.665376 7.584681
77 -6443.266964 2.276637
266 -6672.776181 5.919731
318 -6797.677170 7.902336
267 -6835.249427 8.498736
11 -6911.680627 9.711960
13 -6824.042219 8.320840
17 -6761.500865 7.328095
163 -6811.293194 8.118469
45 -6885.085748 9.289809
15 -6543.065917 3.860787
300 -6769.652274 7.457486
17 -6835.261910 8.498935
11 -6924.783024 9.919940
319 -6544.952705 3.890737
153 -6620.856207 5.095584
119 -6821.263307 8.276729
11 -6663.413831 5.771119
46 -6367.908406 1.080439
270 -6552.594289 4.012035
13 -6746.615023 7.091806
187 -6821.796721 8.285196
218 -6644.884396 5.476994
13 -6877.101351 9.163069
11 -6784.365527 7.691035
350 -6704.658051 6.425806
66 -6529.815509 3.650458
310 -6875.814384 9.142641
22 -6855.504815 8.820258
17 -6848.291549 8.705759
135 -6848.421905 8.707829
18 -6571.974427 4.319664
11 -6574.588082 4.361151
144 -6649.338541 5.547696
11 -6678.153170 6.005083
254 -6665.609780 5.805976
127 -6900.069569 9.527653
30 -6378.635007 1.250707
15 -6791.452739 7.803533
11 -6808.202342 8.069407
245 -6848.369978 8.707004
101 -6647.135559 5.512727
33 -6716.158116 6.608351
42 -6659.404230 5.707473
265 -6852.139749 8.766843
552 -6775.469472 7.549824
54 -6538.965763 3.795703
421 -6901.883114 9.556440
206 -6851.387575 8.754904
182 -6858.839172 8.873186
428 -6535.600551 3.742286
394 -6792.145994 7.814538
255 -6764.223473 7.371312
442 -6654.066449 5.622744
249 -6803.304647 7.991664
490 -6590.370605 4.611674
348 -6684.771070 6.110131
191 -6776.910376 7.572697
237 -6586.065489 4.543337
150 -6775.214540 7.545778
284 -6913.495627 9.740771
241 -6884.527329 9.280945
168 -6827.389521 8.373973
167 -6537.185613 3.767446
477 -6471.230753 2.720518
274 -6849.101073 8.718609
568 -6680.583426 6.043659
311 -6912.413277 9.723590
437 -6490.159735 3.020985
524 -6717.847615 6.635169
309 -6664.795313 5.793048
359 -6856.876441 8.842031
496 -6751.640892 7.171584
419 -6887.355171 9.325832
414 -6632.597607 5.281960
368 -6573.378021 4.341943
766 -6887.949579 9.335268
449 -6678.260102 6.006780
603 -6590.096960 4.607330
531 -6803.668693 7.997442
561 -6887.418061 9.326831
795 -6571.819675 4.317207
586 -6639.168297 5.386260
594 -6727.253700 6.784476
619 -6713.071183 6.559351
788 -6852.663308 8.775154
794 -6533.530120 3.709421
1382 -6726.548611 6.773283
1548 -6596.141907 4.703284
