63 -26.119067 7.458414
76 -26.264088 8.055057
78 -25.750386 5.941598
81 -25.984062 6.902981
85 -26.135425 7.525712
86 -25.432141 4.632280
86 -26.464243 8.878529
88 -26.025851 7.074909
88 -26.209342 7.829822
88 -25.803169 6.158757
88 -25.267581 3.955252
88 -25.451494 4.711902
91 -26.122243 7.471481
91 -25.714272 5.793016
90 -26.029408 7.089541
92 -25.620337 5.406551
92 -25.338989 4.249037
93 -25.762581 5.991768
95 -26.321037 8.289356
94 -25.239938 3.841524
96 -25.544525 5.094649
95 -25.783030 6.075901
97 -25.464915 4.767120
98 -25.243582 3.856517
97 -26.591533 9.402221
100 -25.294960 4.067893
103 -26.228543 7.908817
102 -26.445815 8.802712
104 -25.569331 5.196704
109 -25.715668 5.798759
110 -24.695143 1.600143
110 -26.050623 7.176824
108 -25.838332 6.303421
111 -25.362111 4.344166
112 -25.414204 4.558484
113 -25.927992 6.672298
120 -26.330163 8.326900
116 -25.394477 4.477323
119 -25.724020 5.833124
123 -25.080382 3.185083
118 -25.401319 4.505474
122 -25.385998 4.442439
123 -25.538059 5.068046
123 -25.201695 3.684185
66 -26.183092 7.721824
131 -25.866769 6.420417
73 -25.675027 5.631555
130 -25.302891 4.100524
88 -25.661891 5.577512
108 -25.416187 4.566641
143 -25.354977 4.314814
148 -25.095492 3.247250
92 -25.880787 6.478089
90 -25.161032 3.516890
90 -26.707556 9.879560
96 -26.212773 7.843938
80 -26.049856 7.173669
93 -26.328140 8.318576
115 -25.848703 6.346090
105 -26.597451 9.426569
67 -26.532917 9.161068
109 -25.630796 5.449583
105 -25.502057 4.919929
96 -26.198828 7.786564
114 -26.549514 9.229348
103 -26.386520 8.558764
109 -25.241504 3.847967
114 -25.270163 3.965875
111 -25.333536 4.226602
108 -25.268190 3.957759
86 -25.679429 5.649669
126 -25.782803 6.074967
100 -26.346232 8.393011
123 -25.339796 4.252356
135 -25.860498 6.394617
116 -25.728183 5.850248
98 -25.541635 5.082758
113 -25.212865 3.730142
87 -26.659125 9.680306
75 -26.111582 7.427620
104 -25.769166 6.018861
101 -25.362015 4.343772
137 -25.310438 4.131574
136 -25.072686 3.153420
107 -25.111108 3.311495
119 -25.855295 6.373212
104 -25.488762 4.865228
122 -25.667346 5.599955
91 -25.127189 3.377654
124 -25.597130 5.311073
98 -25.368660 4.371108
94 -25.089521 3.222683
126 -25.346056 4.278112
145 -25.952984 6.775122
118 -25.542230 5.085205
117 -25.637343 5.476519
80 -26.674403 9.743166
113 -25.191032 3.640317
140 -25.127040 3.377041
89 -26.486447 8.969881
97 -26.090043 7.339007
85 -25.827395 6.258423
130 -25.586172 5.265990
90 -25.477997 4.820942
146 -25.205777 3.700981
105 -24.890657 2.404519
69 -26.414847 8.675304
100 -26.401946 8.622230
107 -26.090036 7.338976
101 -25.456375 4.731984
83 -26.466429 8.887521
130 -25.362370 4.345232
98 -26.222914 7.885660
103 -25.900552 6.559406
111 -26.639177 9.598237
106 -25.347810 4.285327
120 -25.098548 3.259820
98 -26.177680 7.699560
83 -25.779055 6.059548
96 -25.779658 6.062027
101 -25.617917 5.396595
96 -25.715331 5.797375
125 -25.280898 4.010040
92 -26.665679 9.707272
128 -26.667716 9.715654
99 -25.800595 6.148167
119 -26.107396 7.410398
91 -26.340373 8.368906
112 -25.678798 5.647069
89 -25.282404 4.016237
109 -24.576095 1.110357
92 -25.158146 3.505017
108 -25.991477 6.933489
131 -25.200721 3.680180
72 -26.461921 8.868977
107 -25.670324 5.612207
87 -26.116726 7.448783
89 -26.332120 8.334952
110 -26.076785 7.284461
132 -25.799293 6.142807
126 -25.760910 5.984892
108 -26.258380 8.031572
114 -26.443796 8.794407
71 -26.651999 9.650989
120 -26.317935 8.276593
150 -25.329344 4.209358
114 -25.984477 6.904686
158 -25.183549 3.609530
157 -25.112591 3.317595
144 -25.382930 4.429817
144 -25.215714 3.741864
122 -26.002383 6.978355
129 -25.116892 3.335292
116 -25.895241 6.537557
122 -25.538142 5.068386
93 -25.602019 5.331188
96 -25.595698 5.305184
136 -25.860160 6.393225
108 -26.279550 8.118672
103 -25.523067 5.006367
103 -26.031928 7.099909
75 -26.680869 9.769769
110 -25.907173 6.586646
110 -26.039976 7.133021
106 -25.356801 4.322318
103 -25.238769 3.836715
81 -25.288607 4.041757
111 -25.683034 5.664499
121 -26.437957 8.770383
131 -25.540903 5.079748
81 -26.639516 9.599634
97 -25.910571 6.600625
101 -25.121893 3.355865
108 -25.752271 5.949353
77 -25.869005 6.429617
102 -25.361222 4.340506
94 -26.391450 8.579045
104 -26.123820 7.477969
77 -26.417975 8.688174
135 -25.893909 6.532075
104 -26.363600 8.464465
80 -25.896476 6.542638
110 -26.198859 7.786693
107 -25.582257 5.249884
117 -25.444235 4.682037
93 -25.401079 4.504488
117 -25.523990 5.010165
114 -25.497188 4.899897
101 -25.342591 4.263858
124 -25.529958 5.034716
116 -25.263336 3.937787
133 -25.520053 4.993965
115 -25.058198 3.093813
127 -25.328883 4.207458
117 -24.964917 2.710038
143 -25.244303 3.859483
127 -25.276573 3.992246
122 -25.524600 5.012674
160 -25.099526 3.263846
170 -25.148477 3.465237
