9 -0.271113 8.445222
10 -0.271906 8.762556
12 -0.251365 0.546197
14 -0.264397 5.758656
17 -0.271595 8.637861
failed to find solution after reaching max emtpy limit -- 15 iterations and 9 function evals
22 -0.264718 5.887159
26 -0.263640 5.456050
20 -0.263880 5.551825
31 -0.274040 9.616066
32 -0.270458 8.183206
12 -0.268407 7.362668
35 -0.264717 5.886769
37 -0.269616 7.846401
12 -0.272759 9.103706
38 -0.269282 7.712784
40 -0.268637 7.454948
40 -0.258188 3.275216
42 -0.274394 9.757617
42 -0.274627 9.850791
8 -0.260370 4.147955
41 -0.272169 8.867688
46 -0.268482 7.392866
36 -0.251229 0.491553
51 -0.269141 7.656365
32 -0.273425 9.370041
55 -0.273516 9.406519
62 -0.266958 6.783197
62 -0.251487 0.594783
64 -0.251419 0.567455
failed to find solution after reaching max emtpy limit -- 57 iterations and 51 function evals
13 -0.272359 8.943437
61 -0.261151 4.460453
18 -0.272184 8.873719
45 -0.271926 8.770551
67 -0.255571 2.228517
74 -0.263704 5.481462
48 -0.250516 0.206285
78 -0.270010 8.004189
15 -0.267068 6.827330
79 -0.270266 8.106456
70 -0.251015 0.406005
failed to find solution after reaching max emtpy limit -- 18 iterations and 12 function evals
78 -0.271032 8.412692
failed to find solution after reaching max emtpy limit -- 83 iterations and 77 function evals
74 -0.273976 9.590288
failed to find solution after reaching max emtpy limit -- 85 iterations and 79 function evals
14 -0.269290 7.715869
failed to find solution after reaching max emtpy limit -- 85 iterations and 79 function evals
35 -0.269971 7.988524
22 -0.270892 8.356861
78 -0.250973 0.389143
95 -0.263516 5.406577
87 -0.250194 0.077768
17 -0.250625 0.250100
96 -0.270515 8.205894
82 -0.263460 5.384175
61 -0.259557 3.822864
93 -0.260162 4.064920
34 -0.260482 4.192668
104 -0.265743 6.297071
65 -0.257093 2.837015
9 -0.253012 1.204757
100 -0.250094 0.037413
28 -0.265512 6.204816
72 -0.272752 9.100614
failed to find solution after reaching max emtpy limit -- 78 iterations and 57 function evals
44 -0.268504 7.401450
107 -0.263857 5.542969
110 -0.250963 0.385361
failed to find solution after reaching max emtpy limit -- 79 iterations and 73 function evals
22 -0.274871 9.948537
66 -0.274046 9.618553
85 -0.264767 5.906867
failed to find solution after reaching max emtpy limit -- 117 iterations and 106 function evals
88 -0.250055 0.022188
45 -0.262899 5.159415
130 -0.272927 9.170622
58 -0.257649 3.059520
33 -0.273058 9.223190
109 -0.250796 0.318325
failed to find solution after reaching max emtpy limit -- 20 iterations and 14 function evals
53 -0.263110 5.243917
140 -0.266140 6.455868
30 -0.264305 5.721926
30 -0.274214 9.685512
failed to find solution after reaching max emtpy limit -- 19 iterations and 13 function evals
28 -0.274742 9.896788
80 -0.252019 0.807766
56 -0.266583 6.633400
81 -0.254392 1.756868
failed to find solution after reaching max emtpy limit -- 16 iterations and 10 function evals
72 -0.253905 1.561988
failed to find solution after reaching max emtpy limit -- 61 iterations and 55 function evals
29 -0.257411 2.964484
43 -0.250091 0.036401
25 -0.274557 9.822964
failed to find solution after reaching max emtpy limit -- 124 iterations and 114 function evals
26 -0.268255 7.301851
116 -0.260253 4.101274
157 -0.268104 7.241479
79 -0.269755 7.901957
99 -0.250939 0.375461
77 -0.271152 8.460906
23 -0.269234 7.693430
77 -0.267675 7.069860
24 -0.270356 8.142228
18 -0.266535 6.614045
91 -0.260890 4.355803
32 -0.250041 0.016550
73 -0.261379 4.551483
failed to find solution after reaching max emtpy limit -- 172 iterations and 156 function evals
28 -0.271801 8.720426
77 -0.271209 8.483656
75 -0.262773 5.109230
failed to find solution after reaching max emtpy limit -- 149 iterations and 137 function evals
114 -0.269061 7.624358
89 -0.250808 0.323362
55 -0.252277 0.910726
failed to find solution after reaching max emtpy limit -- 68 iterations and 62 function evals
40 -0.258978 3.591252
149 -0.261209 4.483710
103 -0.272788 9.115372
62 -0.271310 8.523919
22 -0.264381 5.752205
86 -0.259909 3.963479
49 -0.251674 0.669646
115 -0.257280 2.912077
107 -0.253688 1.475340
17 -0.250599 0.239423
92 -0.263202 5.280798
52 -0.257109 2.843408
failed to find solution after reaching max emtpy limit -- 54 iterations and 46 function evals
failed to find solution after reaching max emtpy limit -- 100 iterations and 93 function evals
75 -0.261890 4.756116
failed to find solution after reaching max emtpy limit -- 138 iterations and 117 function evals
31 -0.271719 8.687670
30 -0.261266 4.506332
40 -0.251819 0.727585
93 -0.274901 9.960283
36 -0.268544 7.417717
26 -0.271621 8.648582
failed to find solution after reaching max emtpy limit -- 131 iterations and 114 function evals
failed to find solution after reaching max emtpy limit -- 38 iterations and 32 function evals
23 -0.271675 8.670028
22 -0.260079 4.031784
93 -0.250024 0.009542
65 -0.257664 3.065628
55 -0.272141 8.856290
98 -0.266508 6.603003
failed to find solution after reaching max emtpy limit -- 141 iterations and 129 function evals
117 -0.251809 0.723451
100 -0.256602 2.640821
42 -0.251683 0.673202
failed to find solution after reaching max emtpy limit -- 16 iterations and 10 function evals
failed to find solution after reaching max emtpy limit -- 143 iterations and 132 function evals
failed to find solution after reaching max emtpy limit -- 79 iterations and 73 function evals
74 -0.258339 3.335734
80 -0.269262 7.704689
115 -0.260771 4.308311
78 -0.264340 5.735837
38 -0.272205 8.881975
84 -0.269017 7.606754
40 -0.261668 4.667023
122 -0.266361 6.544474
105 -0.274116 9.646569
77 -0.273852 9.540747
61 -0.252052 0.820980
43 -0.270207 8.082743
failed to find solution after reaching max emtpy limit -- 243 iterations and 224 function evals
35 -0.271613 8.645207
60 -0.260665 4.265817
failed to find solution after reaching max emtpy limit -- 100 iterations and 84 function evals
62 -0.267339 6.935789
failed to find solution after reaching max emtpy limit -- 93 iterations and 81 function evals
86 -0.267373 6.949307
failed to find solution after reaching max emtpy limit -- 257 iterations and 225 function evals
62 -0.269478 7.791098
failed to find solution after reaching max emtpy limit -- 116 iterations and 102 function evals
failed to find solution after reaching max emtpy limit -- 76 iterations and 70 function evals
64 -0.265776 6.310375
failed to find solution after reaching max emtpy limit -- 96 iterations and 90 function evals
98 -0.251858 0.743157
149 -0.273272 9.308864
69 -0.267464 6.985783
failed to find solution after reaching max emtpy limit -- 71 iterations and 50 function evals
104 -0.257493 2.997042
109 -0.273136 9.254217
77 -0.262101 4.840403
99 -0.262743 5.097394
failed to find solution after reaching max emtpy limit -- 154 iterations and 141 function evals
90 -0.250108 0.043250
85 -0.273902 9.560782
99 -0.261173 4.469100
99 -0.273222 9.288817
failed to find solution after reaching max emtpy limit -- 142 iterations and 133 function evals
97 -0.269152 7.660960
254 -0.257639 3.055673
136 -0.263726 5.490379
failed to find solution after reaching max emtpy limit -- 198 iterations and 180 function evals
