26 -1167.545424 2.744326
26 -1161.303209 2.195009
26 -1160.781579 2.149106
26 -1153.191318 1.481161
26 -1190.896581 4.799234
26 -1166.770296 2.676115
25 -1160.236348 2.101125
25 -1158.280263 1.928989
26 -1160.737075 2.145189
26 -1150.686207 1.260710
26 -1165.666101 2.578945
26 -1153.701863 1.526089
26 -1169.075092 2.878937
26 -1159.105554 2.001615
26 -1154.705432 1.614403
25 -1187.643564 4.512968
26 -1179.135449 3.764252
26 -1162.247757 2.278130
26 -1182.695783 4.077562
26 -1163.763355 2.411503
26 -1164.516112 2.477746
26 -1184.419626 4.229261
26 -1159.646147 2.049187
26 -1155.548091 1.688557
26 -1179.666148 3.810953
26 -1162.634143 2.312132
26 -1164.463428 2.473110
26 -1169.575109 2.922939
26 -1158.439863 1.943034
26 -1155.647445 1.697301
26 -1155.905492 1.720009
26 -1173.008809 3.225106
26 -1147.093066 0.944513
26 -1187.613425 4.510316
26 -1190.069150 4.726420
26 -1180.919479 3.921247
26 -1166.508573 2.653083
26 -1172.414627 3.172817
26 -1157.579734 1.867343
26 -1171.797747 3.118532
26 -1174.973996 3.398043
26 -1166.844205 2.682619
26 -1155.808484 1.711472
26 -1181.410122 3.964423
26 -1169.430515 2.910215
26 -1171.756710 3.114920
26 -1183.339036 4.134168
26 -1196.229597 5.268541
26 -1152.495672 1.419944
26 -1176.028526 3.490841
26 -1169.265767 2.895717
26 -1165.198792 2.537822
26 -1160.075332 2.086956
26 -1185.737075 4.345197
26 -1154.753831 1.618662
26 -1147.406425 0.972089
26 -1176.987474 3.575229
25 -1154.871497 1.629017
26 -1158.781809 1.973126
26 -1156.923623 1.809605
26 -1160.912512 2.160628
26 -1184.985539 4.279061
26 -1147.636337 0.992321
26 -1214.365295 6.864488
26 -1157.722041 1.879866
26 -1159.121288 2.003000
26 -1162.589298 2.308186
26 -1171.104521 3.057528
26 -1148.020452 1.026123
26 -1151.967894 1.373499
26 -1148.645223 1.081103
26 -1199.276735 5.536690
26 -1186.179415 4.384123
26 -1149.722183 1.175876
26 -1153.170196 1.479302
26 -1172.707457 3.198586
26 -1181.269296 3.952031
26 -1155.948427 1.723787
26 -1155.577081 1.691109
26 -1166.370194 2.640905
26 -1164.304457 2.459120
26 -1160.294980 2.106285
26 -1146.655360 0.905995
26 -1152.250542 1.398372
26 -1208.403767 6.339872
26 -1164.081791 2.439525
26 -1188.974405 4.630082
26 -1149.462275 1.153004
26 -1169.211290 2.890923
26 -1171.391460 3.082778
26 -1179.053236 3.757017
26 -1156.354232 1.759498
26 -1155.500648 1.684382
26 -1181.113868 3.938353
26 -1158.239401 1.925393
26 -1188.624659 4.599305
26 -1162.907006 2.336144
26 -1151.371697 1.321034
26 -1146.862310 0.924206
26 -1172.962368 3.221019
26 -1154.427247 1.589923
26 -1153.897354 1.543292
26 -1158.872010 1.981063
26 -1169.699465 2.933882
26 -1164.944485 2.515443
26 -1149.078194 1.119205
26 -1171.768196 3.115931
26 -1145.731278 0.824675
26 -1161.261388 2.191329
25 -1159.969480 2.077641
26 -1160.326045 2.109019
26 -1181.213305 3.947103
26 -1158.590592 1.956298
26 -1159.288038 2.017674
26 -1149.609730 1.165980
25 -1189.079512 4.639332
26 -1148.605548 1.077612
26 -1166.242545 2.629672
26 -1175.590823 3.452323
26 -1160.171888 2.095453
26 -1166.840378 2.682282
26 -1187.131130 4.467874
26 -1173.931356 3.306290
26 -1171.176695 3.063879
26 -1157.032479 1.819184
26 -1145.441992 0.799218
25 -1179.195852 3.769567
25 -1152.192718 1.393284
26 -1166.088736 2.616137
26 -1151.652772 1.345768
26 -1171.730170 3.112585
26 -1171.814541 3.120010
26 -1194.249634 5.094304
26 -1185.974959 4.366130
25 -1147.722717 0.999922
25 -1150.738869 1.265344
26 -1153.698444 1.525788
26 -1154.705141 1.614378
26 -1167.012071 2.697391
26 -1153.781929 1.533135
26 -1152.433531 1.414475
26 -1161.552328 2.216932
26 -1168.399585 2.819492
26 -1159.869027 2.068801
26 -1167.177084 2.711912
26 -1199.284631 5.537385
26 -1162.784101 2.325328
26 -1164.725635 2.496184
26 -1174.295354 3.338322
26 -1169.115397 2.882484
26 -1159.311317 2.019722
26 -1179.811102 3.823709
26 -1176.622292 3.543093
26 -1168.691904 2.845217
26 -1178.024652 3.666501
26 -1168.110973 2.794095
26 -1163.193336 2.361341
26 -1159.273038 2.016354
26 -1167.176094 2.711825
26 -1146.615253 0.902465
26 -1163.925631 2.425783
26 -1159.812345 2.063813
26 -1151.058794 1.293498
26 -1177.013218 3.577495
26 -1150.135194 1.212221
26 -1162.849124 2.331050
26 -1156.530061 1.774971
25 -1158.099562 1.913088
26 -1151.093615 1.296562
26 -1182.519893 4.062084
26 -1178.434767 3.702591
26 -1165.062638 2.525840
26 -1167.744322 2.761829
26 -1163.002173 2.344519
26 -1157.992648 1.903679
26 -1156.974763 1.814105
26 -1189.505382 4.676809
26 -1159.805274 2.063191
26 -1178.640906 3.720732
26 -1180.759723 3.907188
26 -1162.216224 2.275355
26 -1185.602012 4.333311
26 -1156.334692 1.757779
26 -1143.093367 0.592538
26 -1152.112331 1.386210
26 -1150.692168 1.261235
26 -1161.055035 2.173170
26 -1169.360313 2.904037
26 -1142.876424 0.573447
26 -1158.125820 1.915398
26 -1160.935871 2.162684
26 -1145.209907 0.778794
25 -1168.648993 2.841440
26 -1151.888279 1.366493
26 -1169.066783 2.878206
26 -1152.344550 1.406645
26 -1178.061379 3.669733
26 -1160.195247 2.097508
26 -1151.848156 1.362962
25 -1167.059394 2.701555
