10 -1.070274 7.027368
18 -1.095510 9.550979
25 -1.075016 7.501635
22 -1.080529 8.052909
22 -1.036653 3.665335
22 -1.027372 2.737165
27 -1.070099 7.009901
27 -1.058232 5.823203
12 -1.052238 5.223830
18 -1.084443 8.444289
19 -1.029402 2.940219
27 -1.022477 2.247665
32 -1.047601 4.760117
32 -1.057156 5.715593
28 -1.017154 1.715398
13 -1.047624 4.762401
22 -1.021131 2.113125
31 -1.030028 3.002822
21 -1.057498 5.749814
32 -1.022626 2.262596
34 -1.051275 5.127452
40 -1.091461 9.146073
36 -1.022387 2.238683
15 -1.025958 2.595828
15 -1.018146 1.814647
15 -1.036623 3.662346
15 -1.096040 9.604016
15 -1.045659 4.565908
39 -1.027219 2.721910
39 -1.020165 2.016519
24 -1.017397 1.739688
41 -1.017812 1.781150
46 -1.095780 9.577980
20 -1.029069 2.906921
46 -1.067730 6.773026
16 -1.037004 3.700364
16 -1.024416 2.441582
16 -1.021077 2.107667
16 -1.063190 6.319005
43 -1.054225 5.422512
28 -1.032875 3.287492
44 -1.042095 4.209526
24 -1.021790 2.179019
49 -1.061650 6.164960
17 -1.034370 3.437036
19 -1.016298 1.629820
56 -1.089444 8.944416
25 -1.062696 6.269619
25 -1.051669 5.166931
55 -1.027293 2.729342
33 -1.099665 9.966476
31 -1.029605 2.960477
34 -1.027606 2.760591
20 -1.044493 4.449318
29 -1.059477 5.947734
25 -1.081496 8.149615
30 -1.029697 2.969711
24 -1.021049 2.104941
12 -1.048233 4.823254
22 -1.067213 6.721276
13 -1.043206 4.320599
12 -1.095951 9.595104
15 -1.031100 3.109951
39 -1.032335 3.233473
31 -1.033237 3.323719
61 -1.095634 9.563373
16 -1.045098 4.509758
19 -1.063378 6.337814
23 -1.034971 3.497119
16 -1.057274 5.727371
30 -1.032001 3.200138
80 -1.052681 5.268109
13 -1.064472 6.447188
17 -1.095350 9.534990
13 -1.058227 5.822701
37 -1.067007 6.700659
15 -1.098816 9.881584
40 -1.096997 9.699667
20 -1.029371 2.937056
21 -1.050681 5.068052
16 -1.044622 4.462193
12 -1.050464 5.046386
36 -1.027177 2.717723
29 -1.025152 2.515161
47 -1.023763 2.376333
16 -1.062852 6.285189
26 -1.058658 5.865820
33 -1.027552 2.755168
22 -1.048571 4.857080
44 -1.055598 5.559799
46 -1.068062 6.806155
23 -1.033198 3.319840
49 -1.053654 5.365388
25 -1.020871 2.087102
20 -1.096529 9.652904
26 -1.032292 3.229239
15 -1.021531 2.153107
50 -1.085911 8.591074
24 -1.019698 1.969771
72 -1.040189 4.018914
22 -1.019338 1.933826
25 -1.043862 4.386211
23 -1.067800 6.780003
18 -1.093634 9.363437
26 -1.026388 2.638840
15 -1.040174 4.017411
32 -1.086382 8.638192
18 -1.093940 9.394023
21 -1.054030 5.403023
21 -1.019778 1.977774
39 -1.020948 2.094796
66 -1.025441 2.544056
28 -1.075508 7.550801
20 -1.048502 4.850241
13 -1.071233 7.123317
43 -1.041166 4.116571
17 -1.035192 3.519181
31 -1.028870 2.886988
16 -1.027237 2.723725
30 -1.038493 3.849262
34 -1.025207 2.520665
36 -1.017342 1.734211
22 -1.022942 2.294240
16 -1.024632 2.463230
34 -1.037080 3.707976
11 -1.061249 6.124912
42 -1.025932 2.593171
30 -1.064420 6.441993
42 -1.052115 5.211528
33 -1.024766 2.476645
26 -1.034784 3.478363
27 -1.093103 9.310330
39 -1.025286 2.528597
48 -1.081352 8.135217
83 -1.047154 4.715410
27 -1.066418 6.641782
24 -1.019718 1.971813
28 -1.031267 3.126705
20 -1.029715 2.971495
21 -1.089170 8.916980
38 -1.089234 8.923443
21 -1.074580 7.457998
54 -1.027528 2.752829
36 -1.093062 9.306237
33 -1.028405 2.840475
33 -1.026862 2.686181
43 -1.024125 2.412483
19 -1.023783 2.378320
22 -1.022969 2.296879
13 -1.053188 5.318753
15 -1.030370 3.036985
24 -1.066747 6.674708
25 -1.091148 9.114766
16 -1.062707 6.270687
19 -1.092141 9.214117
27 -1.078953 7.895291
21 -1.024613 2.461316
34 -1.034145 3.414503
40 -1.031187 3.118712
29 -1.076844 7.684400
34 -1.066109 6.610870
19 -1.093498 9.349849
17 -1.082226 8.222552
22 -1.085949 8.594891
12 -1.054174 5.417414
26 -1.017635 1.763471
42 -1.018783 1.878318
23 -1.071505 7.150475
17 -1.047607 4.760675
25 -1.028304 2.830363
13 -1.036199 3.619861
27 -1.042732 4.273188
28 -1.028856 2.885648
35 -1.019385 1.938473
32 -1.094007 9.400670
50 -1.049417 4.941666
16 -1.021742 2.174213
28 -1.061525 6.152512
57 -1.057652 5.765243
29 -1.050636 5.063559
41 -1.023571 2.357145
12 -1.084905 8.490453
13 -1.039415 3.941548
57 -1.098369 9.836877
49 -1.019553 1.955317
31 -1.031136 3.113597
20 -1.058436 5.843601
46 -1.034530 3.452960
64 -1.067942 6.794214
27 -1.061136 6.113603
25 -1.031804 3.180422
70 -1.079524 7.952421
15 -1.033367 3.336698
15 -1.029620 2.962003
47 -1.070521 7.052078
19 -1.033713 3.371329
43 -1.027298 2.729770
47 -1.023055 2.305469
20 -1.021794 2.179428
24 -1.025396 2.539575
