16 -6.253240 4.220673
17 -6.354968 5.916134
20 -6.450867 7.514444
26 -6.254854 4.247569
30 -6.302550 5.042504
22 -6.270791 4.513186
32 -6.587648 9.794131
35 -6.593258 9.887632
38 -6.570742 9.512370
39 -6.543098 9.051637
41 -6.436548 7.275806
42 -6.523783 8.729721
43 -6.564568 9.409471
44 -6.598444 9.974062
27 -6.582755 9.712581
17 -6.435041 7.250689
52 -6.557936 9.298940
45 -6.599605 9.993410
53 -6.570138 9.502294
30 -6.528187 8.803115
52 -6.587130 9.785506
53 -6.558912 9.315207
15 -6.370921 6.182016
57 -6.589817 9.830284
16 -6.596681 9.944684
60 -6.598252 9.970862
61 -6.578771 9.646181
62 -6.589572 9.826200
failed to find solution after reaching max emtpy limit -- 53 iterations and 31 function evals
32 -6.497739 8.295645
68 -6.581346 9.689095
68 -6.555577 9.259618
36 -6.579851 9.664187
17 -6.585288 9.754806
21 -6.454222 7.570358
73 -6.579256 9.654274
43 -6.587878 9.797969
30 -6.556934 9.282231
77 -6.553326 9.222098
76 -6.589615 9.826917
35 -6.591167 9.852791
83 -6.567658 9.460963
83 -6.599886 9.998099
85 -6.575997 9.599946
79 -6.574427 9.573785
89 -6.586267 9.771112
60 -6.595486 9.924762
76 -6.585184 9.753065
27 -6.537612 8.960195
91 -6.597005 9.950079
91 -6.572494 9.541568
90 -6.599584 9.993064
29 -6.548022 9.133703
93 -6.559955 9.332586
97 -6.543839 9.063990
96 -6.557252 9.287529
98 -6.582520 9.708663
98 -6.590981 9.849690
55 -6.594885 9.914757
90 -6.589121 9.818691
87 -6.580837 9.680619
21 -6.590379 9.839658
103 -6.591537 9.858949
102 -6.584744 9.745731
54 -6.578091 9.634852
37 -6.455295 7.588254
46 -6.599265 9.987752
18 -6.596987 9.949789
82 -6.590727 9.845451
35 -6.599186 9.986431
82 -6.571913 9.531887
54 -6.598524 9.975404
41 -6.581361 9.689354
27 -6.548699 9.144986
69 -6.588034 9.800563
53 -6.583047 9.717452
24 -6.567012 9.450197
46 -6.570275 9.504584
68 -6.569325 9.488755
29 -6.466528 7.775469
120 -6.583983 9.733055
41 -6.557303 9.288389
29 -6.587224 9.787068
111 -6.578463 9.641042
26 -6.566959 9.449317
85 -6.594298 9.904964
134 -6.569881 9.498015
30 -6.449659 7.494322
17 -6.532270 8.871172
43 -6.578060 9.634340
60 -6.571163 9.519382
19 -6.565707 9.428456
18 -6.592714 9.878571
86 -6.550582 9.176366
107 -6.553568 9.226130
108 -6.584372 9.739539
63 -6.594669 9.911154
61 -6.585973 9.766223
22 -6.594876 9.914603
29 -6.577555 9.625922
87 -6.569664 9.494400
18 -6.593845 9.897425
145 -6.596945 9.949088
32 -6.588978 9.816296
69 -6.572926 9.548772
34 -6.522782 8.713026
75 -6.561157 9.352611
82 -6.550666 9.177761
54 -6.590794 9.846569
85 -6.570361 9.506017
126 -6.576835 9.613909
96 -6.587906 9.798427
86 -6.593650 9.894165
53 -6.562972 9.382867
69 -6.580955 9.682584
91 -6.574799 9.579982
26 -6.591112 9.851869
117 -6.554959 9.249311
107 -6.598883 9.981385
151 -6.599715 9.995256
34 -6.586044 9.767399
66 -6.597106 9.951764
35 -6.572680 9.544671
16 -6.202937 3.382287
56 -6.540271 9.004510
30 -6.571816 9.530272
74 -6.599844 9.997401
32 -6.566652 9.444196
91 -6.569887 9.498119
17 -6.494842 8.247373
119 -6.578706 9.645108
56 -6.561413 9.356887
failed to find solution after reaching max emtpy limit -- 101 iterations and 92 function evals
78 -6.578408 9.640126
failed to find solution after reaching max emtpy limit -- 40 iterations and 20 function evals
54 -6.587075 9.784586
91 -6.584201 9.736678
25 -6.522225 8.703752
27 -6.574820 9.580329
152 -6.595814 9.930225
127 -6.567150 9.452498
47 -6.591602 9.860026
79 -6.572797 9.546612
27 -6.416266 6.937767
102 -6.597855 9.964245
failed to find solution after reaching max emtpy limit -- 158 iterations and 107 function evals
68 -6.580771 9.679517
29 -6.583950 9.732494
108 -6.577428 9.623797
70 -6.583105 9.718419
61 -6.591670 9.861161
32 -6.478506 7.975107
failed to find solution after reaching max emtpy limit -- 32 iterations and 23 function evals
51 -6.565661 9.427690
93 -6.578950 9.649163
101 -6.589310 9.821830
64 -6.574804 9.580067
failed to find solution after reaching max emtpy limit -- 179 iterations and 85 function evals
36 -6.520489 8.674809
failed to find solution after reaching max emtpy limit -- 136 iterations and 67 function evals
25 -6.592617 9.876946
141 -6.599369 9.989479
50 -6.590054 9.834238
31 -6.534324 8.905408
32 -6.537681 8.961346
86 -6.578625 9.643755
failed to find solution after reaching max emtpy limit -- 68 iterations and 28 function evals
110 -6.599469 9.991145
73 -6.592904 9.881732
129 -6.565987 9.433118
55 -6.588467 9.807789
71 -6.576748 9.612470
38 -6.483171 8.052850
34 -6.577805 9.630082
61 -6.572538 9.542307
104 -6.596047 9.934119
56 -6.576470 9.607840
57 -6.589233 9.820542
60 -6.573372 9.556204
58 -6.595754 9.929242
50 -6.586476 9.774605
64 -6.590526 9.842103
73 -6.585003 9.750054
81 -6.576331 9.605523
failed to find solution after reaching max emtpy limit -- 112 iterations and 42 function evals
93 -6.581232 9.687208
92 -6.589230 9.820493
109 -6.598878 9.981301
145 -6.598122 9.968706
failed to find solution after reaching max emtpy limit -- 138 iterations and 76 function evals
102 -6.597113 9.951890
122 -6.574744 9.579059
138 -6.588711 9.811852
125 -6.593428 9.890473
146 -6.578409 9.640145
128 -6.583017 9.716951
167 -6.589953 9.832552
184 -6.592445 9.874089
140 -6.588719 9.811988
231 -6.592916 9.881938
