75 3170.215737 8.269221
118 3123.594544 9.618213
63 3131.758477 9.381989
82 3189.076563 7.723479
10 3131.317959 9.394735
84 3291.563323 4.758006
196 3184.718295 7.849586
169 3153.198962 8.761604
197 3231.622294 6.492410
287 3192.234059 7.632116
245 3167.767555 8.340059
397 3339.463881 3.371994
347 3116.793540 9.815002
447 3316.623195 4.032894
449 3235.674060 6.375172
435 3123.338270 9.625629
444 3320.239711 3.928249
513 3157.658221 8.632575
480 3210.982000 7.089641
10 3205.200549 7.256929
190 3185.949312 7.813967
337 3204.120768 7.288172
202 3343.702236 3.249357
711 3161.999846 8.506949
10 3156.621230 8.662580
432 3322.699597 3.857072
379 3149.369590 8.872408
77 3366.390173 2.592877
816 3190.939747 7.669567
306 3217.655054 6.896555
565 3174.834212 8.135584
499 3116.459717 9.824661
332 3158.321744 8.613375
856 3347.499774 3.139474
484 3309.981345 4.225077
396 3261.402943 5.630702
145 3365.775622 2.610659
990 3117.144340 9.804851
162 3139.083084 9.170050
196 3126.162075 9.543921
349 3348.655908 3.106021
910 3130.159400 9.428258
1102 3447.556543 0.244313
325 3210.093599 7.115347
611 3121.972320 9.665153
1182 3374.904077 2.346526
697 3135.238981 9.281279
1180 3133.400583 9.334474
791 3248.468955 6.004949
1228 3134.925770 9.290342
1223 3154.589691 8.721363
198 3143.112942 9.053445
195 3114.812986 9.872309
558 3353.062945 2.978503
1117 3215.795713 6.950356
840 3312.604494 4.149176
489 3216.584298 6.927538
1336 3390.421368 1.897530
1119 3238.998787 6.278970
532 3193.597747 7.592658
1170 3249.111851 5.986347
530 3123.171443 9.630456
1271 3138.853823 9.176683
1516 3120.587318 9.705228
910 3233.769196 6.430289
1386 3302.476212 4.442239
467 3175.110108 8.127601
50 3120.617430 9.704357
1551 3168.662726 8.314157
710 3199.559776 7.420145
306 3287.156051 4.885531
1333 3376.182738 2.309527
1599 3375.328930 2.334232
914 3388.736263 1.946289
365 3271.100322 5.350106
415 3259.369266 5.689547
283 3309.765826 4.231313
1685 3125.024146 9.576848
956 3213.552215 7.015272
491 3254.521212 5.829826
391 3226.800164 6.631940
345 3310.037797 4.223443
287 3116.323012 9.828617
1760 3144.723367 9.006847
603 3183.147017 7.895052
1773 3157.281730 8.643468
73 3194.899860 7.554981
696 3158.671338 8.603260
1230 3114.766223 9.873663
128 3208.199070 7.170166
1504 3235.971367 6.366569
279 3151.166054 8.820427
343 3229.946102 6.540911
988 3208.175652 7.170843
456 3426.436159 0.855435
1898 3261.295307 5.633816
313 3192.251867 7.631601
276 3155.098613 8.706637
1013 3170.356071 8.265160
937 3260.293266 5.662811
348 3222.049114 6.769412
515 3233.507282 6.437868
1507 3122.776472 9.641884
1709 3221.070823 6.797719
439 3146.344515 8.959939
1636 3209.768914 7.124742
1052 3264.015738 5.555100
206 3168.798342 8.310233
1820 3123.785521 9.612687
820 3273.458328 5.281877
1302 3119.089738 9.748561
699 3133.861030 9.321151
782 3124.206532 9.600505
784 3150.076981 8.851939
304 3220.161481 6.824031
517 3197.664382 7.474989
114 3190.818376 7.673079
162 3250.053060 5.959113
29 3254.750362 5.823196
2170 3128.165065 9.485965
1225 3366.428910 2.591756
142 3164.489316 8.434916
1737 3317.239047 4.015074
298 3311.169653 4.190693
2186 3200.981531 7.379007
596 3175.772990 8.108420
2223 3301.625448 4.466856
275 3277.708369 5.158901
200 3229.462994 6.554890
247 3253.477084 5.860038
795 3243.521452 6.148106
1285 3306.995323 4.311478
1539 3235.772571 6.372321
564 3180.938718 7.958949
448 3260.684759 5.651483
78 3169.491110 8.290188
2365 3286.475641 4.905219
2365 3342.418503 3.286502
783 3145.380084 8.987845
739 3345.670933 3.192392
695 3163.548211 8.462147
45 3208.912886 7.149511
2023 3333.133530 3.555164
1002 3150.035601 8.853137
1586 3136.037484 9.258175
406 3264.897020 5.529600
417 3188.345132 7.744643
2087 3401.440937 1.578677
1219 3190.478435 7.682916
1554 3337.527984 3.428010
140 3304.061311 4.396374
117 3212.510573 7.045412
332 3230.759654 6.517371
1519 3118.883079 9.754541
900 3260.958954 5.643549
1175 3112.097518 9.950882
1074 3240.629146 6.231796
2577 3329.239898 3.667827
1207 3410.974300 1.302827
37 3155.974351 8.681298
523 3131.624209 9.385874
871 3249.207814 5.983570
121 3197.906970 7.467970
80 3178.834406 8.019838
153 3196.537863 7.507585
2591 3135.304617 9.279380
390 3219.861463 6.832712
2495 3326.020649 3.760977
1846 3140.912243 9.117123
1256 3146.540339 8.954273
1219 3361.206468 2.742868
16 3181.570673 7.940663
41 3290.283282 4.795044
944 3233.035858 6.451509
139 3154.044494 8.737138
1097 3258.780688 5.706577
1473 3120.238504 9.715321
1268 3348.337366 3.115238
1157 3225.868156 6.658908
553 3150.016740 8.853682
349 3367.371197 2.564491
311 3219.887277 6.831965
2711 3358.483649 2.821654
254 3143.670667 9.037307
2482 3299.888656 4.517111
1896 3202.371820 7.338778
2334 3154.511358 8.723630
471 3224.895864 6.687041
302 3263.429239 5.572071
327 3143.249268 9.049500
11 3340.604444 3.338992
822 3155.980878 8.681109
1016 3116.605341 9.820447
208 3325.329427 3.780977
317 3146.011134 8.969585
135 3137.928675 9.203453
181 3188.892646 7.728801
288 3223.148526 6.737601
1695 3129.974654 9.433604
46 3369.727724 2.496304
956 3185.687442 7.821544
1180 3270.923323 5.355228
339 3119.078443 9.748888
2214 3197.245716 7.487103
749 3294.105544 4.684446
604 3331.213185 3.610730
298 3142.994364 9.056876
2763 3197.800131 7.471061
2098 3175.408233 8.118975
2932 3154.760192 8.716430
158 3149.027312 8.882312
1195 3179.889531 7.989308
1309 3161.020964 8.535273
620 3158.391880 8.611346
47 3376.492013 2.300578
1053 3205.322168 7.253409
1968 3226.921360 6.628433
1568 3311.453571 4.182478
1355 3125.860623 9.552644
676 3253.164428 5.869085
107 3273.251371 5.287865
1163 3275.583264 5.220392
143 3278.780290 5.127885
335 3172.408345 8.205777
872 3133.205401 9.340121
658 3112.340994 9.943837
149 3131.608217 9.386336
34 3326.283257 3.753378
884 3124.220952 9.600088
1442 3202.165718 7.344742
1329 3148.680521 8.892346
901 3198.419741 7.453133
943 3308.141550 4.278312
2161 3173.965379 8.160724
1426 3137.190080 9.224824
1577 3137.611369 9.212634
293 3152.374390 8.785463
107 3135.628896 9.269997
94 3166.888498 8.365495
438 3292.038992 4.744242
1794 3227.008828 6.625902
444 3288.959035 4.833361
163 3111.546444 9.966827
568 3280.096000 5.089815
345 3316.096670 4.048129
1915 3335.324773 3.491760
450 3182.222751 7.921795
128 3209.265211 7.139317
23 3363.820671 2.667226
1954 3325.174631 3.785456
762 3251.274856 5.923760
367 3260.874511 5.645992
59 3225.905565 6.657825
851 3289.348828 4.822083
55 3127.063432 9.517841
1534 3151.292986 8.816754
523 3315.599175 4.062524
2004 3215.207174 6.967385
27 3140.594222 9.126325
602 3335.942379 3.473890
83 3432.551416 0.678489
270 3142.170012 9.080729
651 3219.719466 6.836821
1251 3443.776403 0.353692
303 3123.287394 9.627101
538 3328.148229 3.699415
2022 3311.832335 4.171518
1304 3212.771066 7.037874
514 3212.279218 7.052106
627 3371.156615 2.454959
2213 3191.951515 7.640292
89 3238.457567 6.294631
857 3297.634194 4.582344
2119 3113.057632 9.923101
1924 3212.066376 7.058265
639 3199.199327 7.430575
1521 3255.666235 5.796695
192 3293.605422 4.698917
2162 3162.040829 8.505763
10 3220.885276 6.803088
3534 3422.410663 0.971914
1867 3196.347571 7.513091
920 3164.858686 8.424228
1159 3328.995134 3.674909
722 3125.183927 9.572224
986 3124.507123 9.591808
2172 3150.085909 8.851681
156 3162.076011 8.504745
488 3190.653087 7.677862
1815 3250.682168 5.940910
923 3195.304490 7.543273
329 3186.680427 7.792812
640 3289.433950 4.819619
536 3209.465780 7.133513
331 3146.714617 8.949230
1851 3125.309329 9.568596
3335 3123.205798 9.629462
1092 3117.851440 9.784391
962 3168.013351 8.332947
1417 3407.029715 1.416964
1248 3135.205036 9.282262
340 3225.699654 6.663783
24 3360.258351 2.770302
2060 3199.161254 7.431677
267 3161.867865 8.510768
2378 3236.674572 6.346222
2167 3428.355713 0.799893
925 3191.534786 7.652350
386 3198.123037 7.461718
1110 3292.365265 4.734801
1173 3293.999631 4.687511
439 3218.004253 6.886451
526 3168.244666 8.326254
720 3237.893898 6.310940
1096 3179.722448 7.994142
811 3140.254337 9.136159
317 3180.564166 7.969787
1126 3279.921249 5.094871
453 3134.119621 9.313668
266 3296.380694 4.618614
1497 3365.078206 2.630839
1400 3206.299021 7.225144
678 3256.965292 5.759106
221 3254.655974 5.825927
732 3227.187948 6.620719
422 3242.926885 6.165310
1534 3177.946728 8.045523
97 3181.512543 7.942345
528 3176.236635 8.095005
1034 3345.838738 3.187537
54 3153.536024 8.751851
1683 3275.560241 5.221058
3710 3338.851294 3.389719
204 3188.288565 7.746280
3801 3268.452459 5.426723
2674 3316.354900 4.040657
334 3340.764420 3.334363
31 3298.090552 4.569139
256 3214.270940 6.994475
1924 3213.877563 7.005858
348 3230.478067 6.525519
478 3249.341853 5.979692
3433 3193.111852 7.606717
567 3353.824562 2.956465
685 3241.506411 6.206412
798 3362.419558 2.707767
619 3206.187692 7.228365
1191 3291.101995 4.771354
245 3326.840632 3.737250
218 3384.484771 2.069306
10 3164.163094 8.444355
1201 3230.300814 6.530648
1167 3363.246172 2.683849
21 3136.241037 9.252285
1162 3311.677657 4.175994
808 3281.746624 5.042054
542 3121.390203 9.681996
2192 3303.131694 4.423273
1291 3345.001829 3.211753
946 3112.007878 9.953476
2404 3362.933858 2.692886
134 3275.556620 5.221163
1129 3125.041805 9.576337
564 3168.947188 8.305926
1227 3173.476126 8.174881
462 3117.693930 9.788949
1537 3187.439358 7.770852
688 3419.521553 1.055511
370 3205.750645 7.241011
2953 3153.259737 8.759846
824 3225.725466 6.663036
199 3374.925839 2.345896
1335 3149.469372 8.869520
1198 3220.425754 6.816384
685 3117.365717 9.798446
291 3332.237960 3.581078
1460 3170.108993 8.272309
1117 3178.655815 8.025005
2080 3192.567037 7.622482
24 3259.492075 5.685993
12 3215.988358 6.944781
948 3174.968004 8.131713
362 3156.719057 8.659750
234 3121.278791 9.685220
2408 3219.843435 6.833234
699 3116.223739 9.831489
984 3202.048688 7.348128
154 3283.225683 4.999257
2717 3278.873358 5.125192
3505 3237.039055 6.335675
340 3321.326934 3.896790
1160 3112.046448 9.952360
255 3417.845189 1.104017
2627 3246.689754 6.056431
1071 3124.184058 9.601156
2754 3235.822540 6.370876
332 3306.656047 4.321295
279 3333.197427 3.553315
461 3116.993812 9.809207
502 3177.984187 8.044439
41 3244.972303 6.106125
258 3130.849897 9.408278
653 3348.963773 3.097113
1720 3214.128370 6.998600
3563 3170.390749 8.264157
1791 3158.635558 8.604295
78 3218.192912 6.880992
86 3285.787650 4.925126
802 3195.315469 7.542955
1299 3165.773471 8.397758
331 3155.437339 8.696836
257 3111.794134 9.959660
115 3271.057388 5.351349
213 3155.863951 8.684492
1165 3272.466764 5.310568
102 3157.545455 8.635838
4193 3228.490555 6.583028
973 3173.186370 8.183265
1341 3242.265340 6.184452
526 3242.608310 6.174528
2391 3171.917999 8.219965
1453 3154.560192 8.722217
341 3124.655758 9.587507
2971 3112.378109 9.942763
1707 3258.349271 5.719060
410 3272.446236 5.311162
1620 3259.138806 5.696215
430 3122.273304 9.656444
1083 3178.437927 8.031310
527 3195.383523 7.540986
1171 3142.967195 9.057662
1878 3130.801657 9.409674
1439 3268.760666 5.417805
1635 3176.295267 8.093308
2248 3118.075808 9.777899
394 3298.110928 4.568550
94 3116.638920 9.819476
10 3306.902881 4.314153
2614 3165.616809 8.402291
2338 3248.065825 6.016614
729 3220.668432 6.809362
13 3160.880996 8.539323
2670 3356.361615 2.883055
36 3151.178971 8.820053
894 3363.455167 2.677802
378 3319.220540 3.957739
128 3247.845752 6.022982
43 3277.256711 5.171970
1457 3168.302944 8.324568
74 3246.339050 6.066578
1440 3333.077581 3.556783
865 3320.116031 3.931828
441 3267.121876 5.465223
1179 3157.153507 8.647179
1621 3163.960011 8.450231
896 3322.449490 3.864309
514 3209.491447 7.132771
18 3147.277794 8.932934
513 3182.340271 7.918395
766 3151.096576 8.822437
770 3258.796429 5.706122
2694 3189.182422 7.720416
516 3284.078513 4.974580
1124 3220.261841 6.821127
216 3202.891809 7.323732
40 3343.060807 3.267916
1917 3257.122350 5.754562
797 3206.443446 7.220965
42 3205.514286 7.247851
510 3193.920759 7.583311
457 3260.966711 5.643324
1305 3172.021563 8.216969
1578 3113.352219 9.914577
838 3211.538382 7.073542
3878 3158.392580 8.611326
992 3321.204497 3.900333
1359 3251.857769 5.906893
194 3244.680262 6.114576
326 3158.146572 8.618444
1175 3172.036062 8.216549
524 3354.343003 2.941464
4802 3259.694060 5.680149
1372 3220.954160 6.801095
79 3156.853373 8.655863
1286 3123.718247 9.614634
696 3207.918540 7.178283
2386 3411.736147 1.280783
185 3110.400024 9.999999
208 3125.224361 9.571054
305 3253.806514 5.850506
130 3327.001014 3.732610
270 3286.143587 4.914827
138 3279.508735 5.106807
3955 3238.439469 6.295154
871 3148.663993 8.892824
1619 3280.123459 5.089020
251 3267.389845 5.457470
1550 3192.604458 7.621399
2948 3430.686882 0.732440
487 3298.880527 4.546281
484 3262.532247 5.598025
918 3229.532874 6.552868
3295 3115.152462 9.862487
565 3288.031606 4.860197
1939 3112.181993 9.948438
1908 3153.368217 8.756707
1197 3275.057424 5.235607
1145 3220.616976 6.810851
232 3239.886127 6.253295
10 3372.205350 2.424614
3137 3266.011178 5.497362
289 3333.747267 3.537405
1226 3294.127135 4.683821
43 3121.736676 9.671971
104 3187.884324 7.757977
1223 3244.756379 6.112373
231 3306.776213 4.317818
603 3198.301465 7.456555
1022 3404.223334 1.498167
229 3199.635558 7.417953
1768 3316.942590 4.023652
1049 3251.336463 5.921977
1068 3292.859327 4.720506
35 3221.233218 6.793020
44 3193.271688 7.602092
326 3146.569900 8.953417
603 3294.622893 4.669476
334 3133.696889 9.325900
374 3325.281885 3.782353
2330 3325.857357 3.765701
891 3240.936670 6.222897
189 3126.748773 9.526945
4986 3200.661985 7.388253
164 3128.769611 9.468472
1867 3189.002771 7.725614
618 3214.096699 6.999517
1477 3420.130375 1.037894
22 3163.748136 8.456362
127 3111.084114 9.980205
308 3223.605293 6.724384
1626 3134.648821 9.298356
474 3262.418803 5.601308
918 3225.715956 6.663311
1847 3272.684899 5.304256
1153 3362.197242 2.714200
2789 3202.436529 7.336906
3522 3139.661032 9.153327
415 3223.905598 6.715694
147 3268.435286 5.427220
1438 3360.804100 2.754511
521 3312.042682 4.165432
1356 3112.432419 9.941192
1848 3250.366509 5.950043
661 3303.671029 4.407667
1137 3112.937269 9.926584
2221 3158.348480 8.612602
1381 3280.044146 5.091315
1455 3150.213510 8.847989
327 3122.709278 9.643829
74 3133.014247 9.345653
475 3275.040015 5.236111
1462 3200.617170 7.389549
20 3367.005452 2.575074
278 3148.434405 8.899467
121 3205.730070 7.241607
342 3139.526886 9.157208
2357 3205.482288 7.248776
1674 3271.158718 5.348417
778 3149.512744 8.868266
843 3211.419590 7.076979
64 3170.285352 8.267206
343 3295.562033 4.642302
2008 3181.248300 7.949991
5278 3311.813055 4.172076
5174 3139.847555 9.147930
125 3226.067468 6.653140
768 3356.684024 2.873726
281 3283.021981 5.005151
1523 3236.129952 6.361981
578 3210.780816 7.095463
1432 3111.524681 9.967457
704 3224.027393 6.712170
271 3346.146484 3.178632
1584 3164.002963 8.448988
609 3339.181253 3.380172
343 3127.241167 9.512698
1262 3167.574596 8.345642
1488 3281.107759 5.060539
905 3209.618527 7.129094
17 3204.529937 7.276333
148 3157.334387 8.641945
1274 3255.057812 5.814299
67 3195.365140 7.541518
1137 3196.350236 7.513014
1172 3302.746238 4.434426
414 3268.593510 5.422641
1230 3352.153160 3.004828
3417 3265.723292 5.505692
172 3145.524599 8.983663
1491 3129.859460 9.436937
554 3376.718039 2.294038
1777 3357.425279 2.852278
199 3216.740641 6.923014
1433 3112.020206 9.953119
2112 3305.977841 4.340919
1280 3175.880202 8.105318
10 3349.090508 3.093446
1341 3285.378648 4.936960
2447 3247.348377 6.037373
881 3235.795979 6.371644
891 3120.700772 9.701945
649 3379.500161 2.213537
1614 3133.435616 9.333460
862 3423.252987 0.947541
817 3206.646661 7.215085
150 3263.482583 5.570527
173 3296.624501 4.611560
682 3368.049310 2.544870
1367 3122.200325 9.658555
1422 3193.683206 7.590185
2147 3166.509479 8.376462
742 3346.891785 3.157066
28 3219.867335 6.832542
1457 3129.537316 9.446258
5324 3119.251424 9.743882
88 3225.948979 6.656569
491 3127.391322 9.508353
1833 3338.045444 3.413037
307 3197.577816 7.477494
586 3111.724188 9.961684
1941 3221.275990 6.791783
241 3143.318874 9.047486
774 3152.129705 8.792543
238 3116.137525 9.833984
745 3148.327169 8.902570
1547 3206.344570 7.223826
187 3230.410244 6.527481
10 3234.716513 6.402879
1426 3142.613033 9.067910
723 3114.308328 9.886912
243 3278.338815 5.140659
953 3365.124481 2.629500
1351 3283.888625 4.980075
66 3165.882125 8.394614
497 3216.066762 6.942513
1516 3370.196027 2.482754
61 3227.144922 6.621964
1165 3187.629645 7.765346
343 3342.110991 3.295400
186 3151.405408 8.813501
2596 3239.605505 6.261415
1887 3139.724703 9.151484
61 3133.554536 9.330019
212 3346.988514 3.154268
186 3163.019460 8.477446
1246 3145.020323 8.998255
657 3383.442295 2.099471
20 3324.752679 3.797666
1343 3309.662303 4.234308
1304 3111.748369 9.960985
1161 3183.730233 7.878176
225 3194.252210 7.573721
73 3311.909053 4.169298
100 3149.500206 8.868628
1087 3197.538671 7.478626
1987 3370.267864 2.480675
1130 3130.949909 9.405385
1998 3181.001547 7.957131
662 3242.996199 6.163304
116 3118.446506 9.767173
1596 3207.826782 7.180938
514 3312.277672 4.158632
3005 3169.297923 8.295778
1208 3147.957564 8.913265
329 3137.585669 9.213378
662 3387.150702 1.992167
1436 3201.511117 7.363683
1048 3115.477537 9.853081
278 3179.242072 8.008042
1018 3412.470329 1.259539
2440 3112.153984 9.949248
636 3126.703521 9.528255
5826 3159.782567 8.571106
3136 3266.484055 5.483679
842 3269.166765 5.406054
1053 3342.853530 3.273914
5040 3205.340061 7.252892
732 3264.245071 5.548464
444 3261.033360 5.641396
1079 3316.233568 4.044168
2276 3171.367458 8.235895
221 3138.021564 9.200765
175 3176.788406 8.079039
1379 3264.887344 5.529880
106 3120.475501 9.708464
650 3295.953271 4.630982
237 3177.984976 8.044416
2183 3296.672206 4.610179
373 3141.739276 9.093192
1599 3204.427475 7.279298
458 3158.443826 8.609843
279 3344.740638 3.219310
186 3197.835814 7.470029
64 3305.521173 4.354133
80 3195.446213 7.539172
1415 3114.535820 9.880329
2879 3153.089148 8.764782
446 3303.988329 4.398486
681 3216.721120 6.923579
2332 3218.639403 6.868073
334 3177.090908 8.070286
872 3240.774248 6.227597
1231 3184.677497 7.850767
514 3117.331089 9.799448
1279 3177.920799 8.046273
1406 3203.505921 7.305963
1106 3193.210693 7.603857
157 3122.375825 9.653477
121 3133.385398 9.334913
401 3126.241649 9.541619
1293 3181.447268 7.944234
698 3110.847949 9.987039
2204 3161.742539 8.514394
560 3115.824233 9.843049
766 3120.188474 9.716769
349 3287.950686 4.862538
940 3193.696639 7.589796
83 3137.810207 9.206881
715 3121.556044 9.677198
3851 3387.477940 1.982698
1455 3165.102080 8.417185
831 3306.586469 4.323308
49 3133.220925 9.339672
1883 3244.978461 6.105947
509 3194.230808 7.574340
229 3112.510462 9.938933
1071 3413.662577 1.225041
77 3142.271430 9.077794
2250 3194.138585 7.577009
381 3302.404169 4.444324
193 3312.727966 4.145603
96 3296.499122 4.615187
1344 3152.180794 8.791065
3996 3111.601706 9.965228
820 3112.160970 9.949046
811 3154.059840 8.736694
1178 3359.602160 2.789289
386 3111.180638 9.977412
704 3204.324841 7.282267
1485 3366.094792 2.601424
424 3238.496020 6.293518
226 3189.376241 7.714808
494 3360.200336 2.771981
1058 3255.599747 5.798618
476 3183.200039 7.893517
565 3121.326594 9.683837
323 3217.416354 6.903462
1408 3120.099956 9.719330
2180 3178.520432 8.028923
422 3216.855586 6.919688
619 3394.686540 1.774116
1076 3202.663854 7.330328
450 3236.961075 6.337932
179 3136.976161 9.231014
94 3198.653488 7.446369
820 3269.921386 5.384219
718 3141.471723 9.100934
10 3288.901990 4.835012
306 3222.797135 6.747768
1365 3128.656153 9.471755
1274 3192.214891 7.632671
63 3262.907964 5.587154
798 3210.972656 7.089912
1824 3223.183108 6.736600
1227 3193.116341 7.606587
3130 3353.858347 2.955488
220 3150.204927 8.848237
1423 3179.650976 7.996210
341 3253.356660 5.863523
1127 3195.918301 7.525512
137 3440.958143 0.435239
1174 3226.201047 6.649275
327 3265.277836 5.518581
688 3126.160013 9.543981
66 3146.824901 8.946039
801 3208.436146 7.163306
607 3195.704171 7.531708
558 3186.618238 7.794611
4638 3391.415934 1.868752
2402 3417.619234 1.110555
387 3132.299402 9.366337
448 3138.409193 9.189549
332 3347.541225 3.138275
1627 3241.688045 6.201156
116 3203.093100 7.317908
841 3277.786861 5.156630
121 3391.181742 1.875528
2124 3268.767059 5.417620
1398 3131.769889 9.381658
1716 3132.964064 9.347105
1223 3345.352333 3.201611
131 3269.114998 5.407552
816 3360.917241 2.751237
259 3393.312287 1.813881
362 3163.998133 8.449128
69 3174.965201 8.131794
2016 3177.822631 8.049114
1080 3135.012802 9.287824
458 3161.027258 8.535091
1040 3305.112661 4.365953
10 3116.788503 9.815147
218 3209.101273 7.144060
730 3214.385052 6.991173
192 3270.195719 5.376281
762 3244.093332 6.131559
494 3233.750895 6.430819
1736 3138.964970 9.173467
1767 3114.133967 9.891957
25 3267.763688 5.446653
604 3205.732502 7.241536
185 3117.323439 9.799669
1532 3237.563715 6.320494
894 3115.328986 9.857379
2118 3194.984563 7.552530
2710 3325.835937 3.766321
1921 3154.453388 8.725307
37 3366.529253 2.588853
1109 3171.393058 8.235155
750 3151.025108 8.824505
630 3204.151981 7.287269
268 3169.383408 8.293304
1095 3121.141709 9.689187
132 3197.421788 7.482008
123 3239.288346 6.270592
622 3222.666286 6.751554
5900 3156.216943 8.674278
1469 3169.488415 8.290266
2506 3153.790852 8.744478
489 3352.290707 3.000848
147 3184.651872 7.851508
118 3213.224668 7.024749
1140 3374.068956 2.370690
129 3163.645533 8.459331
1747 3291.156071 4.769790
1535 3163.154639 8.473535
2761 3326.360233 3.751151
4198 3264.818560 5.531870
2160 3371.799529 2.436356
1245 3196.630405 7.504907
547 3343.834229 3.245537
219 3212.983798 7.031719
900 3115.448404 9.853924
1145 3242.133619 6.188263
324 3131.730690 9.382793
1170 3193.169818 7.605040
632 3333.939078 3.531855
1536 3276.083795 5.205909
1109 3350.165635 3.062337
1903 3281.046666 5.062307
2410 3337.680263 3.423603
480 3348.565674 3.108632
1521 3196.439674 7.510426
787 3116.689952 9.817999
625 3310.320015 4.215277
353 3186.536087 7.796988
23 3283.051174 5.004306
720 3183.167344 7.894463
274 3215.600078 6.956016
3090 3173.680384 8.168970
2064 3125.864906 9.552520
790 3407.530915 1.402462
103 3196.488533 7.509012
2412 3196.771709 7.500819
243 3165.273553 8.412224
333 3280.758182 5.070654
710 3280.344786 5.082616
1008 3176.864232 8.076845
227 3120.423421 9.709970
172 3140.083179 9.141112
866 3212.148805 7.055879
284 3224.884233 6.687378
271 3297.917083 4.574158
667 3359.666637 2.787424
403 3117.250023 9.801793
33 3153.799477 8.744228
5138 3310.600868 4.207151
2929 3113.161628 9.920092
437 3206.303122 7.225025
149 3220.702136 6.808387
2510 3305.434522 4.356640
1073 3428.155848 0.805676
6019 3315.112868 4.076595
1729 3361.841774 2.724486
427 3133.312091 9.337034
63 3138.874525 9.176084
1407 3160.566151 8.548433
1036 3158.444001 8.609838
1028 3227.429893 6.613718
3105 3274.585403 5.249265
1383 3357.375715 2.853712
4080 3211.366130 7.078526
470 3143.508256 9.042006
961 3111.592867 9.965484
149 3148.934370 8.885001
94 3318.014113 3.992647
166 3118.080629 9.777760
707 3164.099507 8.446195
79 3230.301929 6.530615
112 3210.275620 7.110080
240 3123.548206 9.619554
2934 3194.599911 7.563660
309 3137.255639 9.222927
263 3363.999293 2.662057
2539 3120.375444 9.711359
2373 3165.697332 8.399961
593 3419.851489 1.045964
2125 3269.167611 5.406030
312 3142.083674 9.083227
1615 3278.697906 5.130269
2853 3380.793905 2.176102
1960 3270.681068 5.362238
3628 3242.421045 6.179947
525 3322.838544 3.853051
35 3201.204167 7.372565
799 3130.933765 9.405852
457 3127.242130 9.512670
4523 3136.245368 9.252159
1526 3285.899414 4.921892
41 3427.723727 0.818179
1930 3234.717722 6.402844
1317 3359.203045 2.800838
238 3302.606687 4.438464
975 3139.048191 9.171059
3355 3240.610724 6.232329
488 3112.355857 9.943407
1927 3119.657366 9.732136
680 3264.246186 5.548432
4038 3142.715995 9.064931
962 3311.491924 4.181368
160 3319.823905 3.940281
1142 3324.909814 3.793119
257 3261.375328 5.631501
10 3316.439933 4.038196
300 3394.750811 1.772257
4028 3318.423899 3.980790
519 3146.787582 8.947119
791 3134.223322 9.310668
720 3130.949457 9.405398
1592 3134.990078 9.288482
543 3207.474122 7.191142
878 3145.906713 8.972607
20 3183.510123 7.884545
2742 3207.455597 7.191678
406 3149.757314 8.861189
73 3274.262677 5.258603
2835 3237.884215 6.311221
4108 3139.430469 9.159998
1579 3374.888133 2.346987
2329 3208.714832 7.155242
1447 3145.705950 8.978416
424 3122.931929 9.637386
614 3146.333621 8.960254
351 3328.042021 3.702488
1787 3148.402013 8.900405
459 3247.550087 6.031537
4258 3272.179498 5.318880
791 3395.440317 1.752306
3674 3213.128403 7.027535
2496 3229.005377 6.568131
4755 3181.574820 7.940543
427 3130.756222 9.410989
2204 3293.880861 4.690947
5678 3323.628239 3.830201
592 3252.059857 5.901046
2786 3251.496460 5.917348
2478 3222.612736 6.753104
828 3358.993014 2.806915
1659 3332.785710 3.565228
216 3126.009872 9.548325
1033 3200.698206 7.387205
109 3258.326885 5.719708
296 3199.857548 7.411529
47 3175.796756 8.107733
3211 3200.110455 7.404211
1415 3148.203695 8.906143
439 3273.837189 5.270915
2385 3149.942455 8.855832
393 3274.810705 5.242746
1352 3111.670753 9.963231
473 3197.362689 7.483718
467 3251.760111 5.909719
796 3330.255628 3.638437
699 3297.376997 4.589786
165 3374.792454 2.349755
80 3117.371493 9.798279
48 3150.678306 8.834540
1000 3191.347117 7.657780
32 3393.301064 1.814205
1441 3121.600596 9.675909
505 3141.234584 9.107796
26 3403.249095 1.526357
1533 3289.333864 4.822516
2486 3352.914585 2.982796
546 3274.262954 5.258595
227 3113.555747 9.908688
276 3216.857094 6.919644
349 3127.044024 9.518402
1722 3221.925262 6.772996
1988 3110.782157 9.988942
952 3380.214814 2.192858
1262 3285.719544 4.927097
1478 3361.411656 2.736931
3186 3126.855746 9.523850
1295 3217.971742 6.887392
905 3231.917547 6.483867
572 3235.279912 6.386577
990 3141.156838 9.110045
2928 3327.767658 3.710427
522 3212.104414 7.057164
630 3121.904665 9.667110
481 3162.959403 8.479184
1323 3381.929686 2.143238
1218 3179.347817 8.004982
950 3324.457210 3.806215
3883 3209.374575 7.136152
91 3143.751627 9.034965
93 3120.824890 9.698354
1120 3110.739210 9.990185
390 3283.490763 4.991587
636 3143.627725 9.038550
324 3280.346598 5.082564
1670 3291.517750 4.759324
918 3296.411056 4.617736
1546 3136.348108 9.249187
401 3251.930357 5.904793
63 3244.642687 6.115663
847 3341.610101 3.309893
588 3211.024076 7.088424
177 3399.713235 1.628668
1205 3219.791380 6.834740
353 3144.827246 9.003841
15 3358.116656 2.832273
1219 3143.834733 9.032560
126 3303.716144 4.406362
67 3216.535487 6.928950
1490 3187.368771 7.772894
4866 3150.241290 8.847185
643 3306.756504 4.318388
1416 3143.732266 9.035525
93 3300.910607 4.487540
837 3229.747039 6.546671
1864 3122.617974 9.646471
626 3119.136062 9.747220
1235 3235.398491 6.383146
332 3303.543364 4.411361
820 3317.511698 4.007185
566 3149.663755 8.863896
2292 3329.975490 3.646543
371 3118.119771 9.776627
227 3257.253407 5.750769
2268 3144.118998 9.024335
3762 3335.736748 3.479839
2862 3265.127032 5.522945
162 3122.641894 9.645779
586 3224.131062 6.709171
1324 3272.295214 5.315532
467 3208.453040 7.162817
482 3110.930355 9.984654
132 3125.860741 9.552641
183 3172.975452 8.189368
1536 3147.300649 8.932273
172 3180.267437 7.978373
278 3132.082517 9.372612
321 3228.124384 6.593623
1933 3245.444105 6.092474
1016 3244.178993 6.129080
2493 3354.308669 2.942457
121 3280.107263 5.089489
1771 3135.387859 9.276972
2026 3352.430299 2.996808
933 3258.196097 5.723493
60 3125.351384 9.567379
1046 3128.500614 9.476255
215 3138.564987 9.185041
1146 3207.569272 7.188389
941 3165.238127 8.413249
3614 3401.071373 1.589370
240 3258.870806 5.703970
2029 3256.235597 5.780220
338 3238.632993 6.289555
719 3330.655125 3.626877
447 3319.247828 3.956949
2079 3208.387134 7.164724
1654 3115.013310 9.866513
1692 3319.224308 3.957630
75 3417.982629 1.100040
1830 3273.276683 5.287133
198 3176.360918 8.091409
1192 3349.232232 3.089345
167 3182.674462 7.908725
481 3191.136983 7.663860
173 3262.252111 5.606131
774 3407.096816 1.415023
88 3199.687155 7.416460
2660 3162.918389 8.480371
204 3147.761097 8.918950
6419 3427.140846 0.835045
963 3233.474139 6.438827
1606 3119.568815 9.734699
312 3223.432994 6.729369
729 3126.188617 9.543153
683 3172.302862 8.208829
1182 3176.398627 8.090318
10 3144.868058 9.002660
601 3341.271259 3.319697
337 3177.851929 8.048266
1631 3255.903137 5.789840
1534 3117.166766 9.804202
836 3301.727607 4.463900
13 3198.699483 7.445038
816 3270.824050 5.358100
1105 3272.188343 5.318624
282 3319.446215 3.951209
3933 3128.965563 9.462802
17 3242.154307 6.187665
249 3199.954446 7.408726
492 3114.614297 9.878059
823 3112.033434 9.952736
179 3263.966874 5.556514
835 3253.270954 5.866002
212 3123.449299 9.622416
381 3193.834588 7.585805
215 3168.702227 8.313014
196 3228.053242 6.595682
27 3130.915792 9.406372
18 3126.044008 9.547338
66 3231.064099 6.508562
1466 3213.673302 7.011768
1578 3144.794339 9.004793
809 3263.781271 5.561885
234 3133.652099 9.327196
346 3183.731854 7.878129
692 3121.876908 9.667914
273 3218.165414 6.881788
182 3138.831494 9.177329
93 3138.937380 9.174266
388 3388.715704 1.946884
1133 3201.154123 7.374013
839 3199.639172 7.417848
1823 3320.935877 3.908105
758 3166.386686 8.380015
2721 3167.111689 8.359037
820 3179.971102 7.986947
758 3158.567882 8.606253
28 3161.630884 8.517625
934 3118.960731 9.752294
472 3182.338292 7.918452
635 3284.233176 4.970105
941 3264.036920 5.554487
695 3383.060128 2.110529
2217 3390.906959 1.883479
1370 3310.240929 4.217566
2501 3318.854204 3.968339
1640 3336.188516 3.466767
1310 3161.321042 8.526590
1429 3281.147827 5.059380
2492 3338.032027 3.413425
854 3308.471241 4.268772
1133 3140.767279 9.121317
234 3121.875650 9.667950
129 3342.509946 3.283856
1198 3139.213266 9.166283
855 3179.210476 8.008956
535 3146.973024 8.941753
3237 3141.012524 9.114221
1116 3331.586713 3.599922
1774 3186.810240 7.789056
3238 3270.835149 5.357779
679 3199.129450 7.432597
280 3175.522871 8.115658
191 3401.915336 1.564950
751 3209.714498 7.126317
1671 3126.236335 9.541773
59 3213.456326 7.018046
780 3177.574190 8.056302
1519 3132.035477 9.373973
127 3383.680321 2.092583
1735 3374.233524 2.365928
961 3297.695795 4.580561
2494 3145.418383 8.986737
2582 3285.604172 4.930435
648 3122.981627 9.635948
58 3304.367935 4.387502
10 3249.895484 5.963672
2719 3120.602547 9.704787
131 3113.568649 9.908315
4074 3172.317768 8.208398
160 3269.732367 5.389688
1365 3345.300719 3.203104
1043 3185.292775 7.832964
203 3222.240313 6.763880
56 3145.984008 8.970370
17 3154.600940 8.721038
1164 3132.100766 9.372084
103 3164.272467 8.441190
575 3198.596917 7.448006
2941 3163.840462 8.453690
22 3251.524438 5.916538
106 3280.555813 5.076510
4057 3347.760022 3.131944
1790 3172.795671 8.194570
1684 3222.104204 6.767818
183 3126.804586 9.525330
1330 3228.280695 6.589100
67 3275.320414 5.227997
1417 3249.516440 5.974640
756 3277.819554 5.155684
319 3447.111081 0.257203
515 3337.855845 3.418523
209 3241.371307 6.210321
698 3248.842400 5.994144
2284 3172.990743 8.188925
983 3130.158934 9.428272
3602 3262.785523 5.590697
4376 3155.178720 8.704319
1517 3147.126546 8.937311
104 3122.205257 9.658413
628 3261.261640 5.634791
1393 3281.436330 5.051032
575 3125.829097 9.553556
314 3118.012116 9.779742
388 3335.415727 3.489128
4872 3131.113167 9.400661
4370 3114.161664 9.891156
2005 3190.814640 7.673188
1469 3113.553345 9.908757
93 3116.263580 9.830336
3024 3190.930191 7.669844
308 3252.742760 5.881286
1327 3197.529143 7.478902
3099 3329.753139 3.652976
292 3138.971892 9.173267
4081 3337.311789 3.434265
765 3130.267349 9.425135
1225 3287.045443 4.888731
32 3368.215205 2.540069
797 3138.514678 9.186497
1844 3156.493235 8.666284
335 3219.987583 6.829063
1176 3308.850540 4.257797
96 3207.139396 7.200828
597 3220.148806 6.824398
74 3285.446008 4.935011
1595 3184.308385 7.861447
4680 3321.848781 3.881690
2142 3242.017439 6.191625
526 3266.965839 5.469738
154 3180.047789 7.984728
5078 3332.825344 3.564081
594 3369.889344 2.491628
529 3190.882789 7.671216
2031 3331.675458 3.597354
1080 3194.918365 7.554445
343 3203.456597 7.307390
181 3354.899703 2.925356
292 3211.129420 7.085376
230 3221.462456 6.786387
71 3175.163658 8.126052
35 3277.678143 5.159776
379 3206.263585 7.226169
649 3245.294760 6.096795
436 3368.473645 2.532591
962 3136.087667 9.256723
1350 3171.251474 8.239251
2115 3194.214408 7.574815
1754 3121.660041 9.674189
238 3310.831678 4.200472
714 3337.267442 3.435549
366 3244.472950 6.120574
14 3177.655688 8.053944
3747 3304.242650 4.391127
501 3170.108686 8.272318
1006 3217.086930 6.912994
1224 3362.582606 2.703050
78 3449.323653 0.193181
1618 3376.250734 2.307560
1774 3242.471496 6.178487
5680 3175.872870 8.105530
1212 3171.693523 8.226461
1068 3234.265020 6.415943
1369 3264.914638 5.529090
209 3219.196606 6.851950
113 3219.531927 6.842247
435 3249.876563 5.964220
432 3222.218294 6.764517
37 3195.015198 7.551644
195 3124.281677 9.598331
1292 3368.794820 2.523298
165 3253.152443 5.869432
334 3121.049714 9.691849
1086 3215.496639 6.959009
126 3290.322624 4.793906
225 3113.249853 9.917539
533 3146.445883 8.957006
415 3291.962248 4.746463
133 3156.241040 8.673581
592 3126.050333 9.547155
205 3209.671082 7.127573
4024 3212.047483 7.058811
366 3297.051889 4.599193
266 3154.938466 8.711271
501 3131.655822 9.384959
1522 3283.469721 4.992196
658 3307.698761 4.291124
907 3191.481637 7.653888
819 3230.887451 6.513673
259 3124.778549 9.583954
373 3155.826140 8.685586
642 3192.714171 7.618224
214 3314.250552 4.101547
98 3392.789045 1.829021
33 3213.995056 7.002458
10 3236.357148 6.355407
851 3398.246090 1.671120
3527 3235.455833 6.381486
60 3173.278406 8.180602
3570 3231.176562 6.505308
2920 3178.159608 8.039363
175 3252.166402 5.897963
594 3249.045944 5.988254
1579 3140.567498 9.127098
68 3227.157695 6.621594
2356 3270.226828 5.375381
2841 3296.631068 4.611370
335 3126.523561 9.533462
887 3206.515480 7.218881
14 3191.980645 7.639449
513 3355.848428 2.897904
678 3402.820805 1.538750
491 3330.049637 3.644397
1424 3291.308935 4.765366
1163 3224.405738 6.701223
694 3349.139245 3.092036
485 3309.854429 4.228749
140 3112.832872 9.929604
8218 3187.059103 7.781855
455 3142.117215 9.082257
1108 3316.678522 4.031293
1211 3375.921348 2.317091
1273 3259.066982 5.698293
298 3200.436103 7.394789
373 3182.182340 7.922965
2712 3232.896621 6.455538
476 3328.791539 3.680800
222 3232.758652 6.459530
613 3217.033135 6.914550
669 3264.311578 5.546540
1025 3412.713571 1.252501
2402 3358.590148 2.818572
366 3188.908938 7.728329
533 3207.874901 7.179546
2696 3183.022572 7.898652
696 3132.629380 9.356789
583 3248.896005 5.992592
4363 3270.810942 5.358480
396 3158.757449 8.600768
697 3198.766002 7.443113
195 3111.484012 9.968634
278 3244.729713 6.113145
300 3156.633235 8.662233
1079 3116.443424 9.825132
1503 3141.120203 9.111105
152 3365.971217 2.605000
266 3120.810276 9.698777
353 3396.901672 1.710021
834 3187.865442 7.758523
3293 3168.466725 8.319829
990 3212.411704 7.048272
523 3382.506377 2.126552
2842 3201.559943 7.362270
1262 3211.886728 7.063463
508 3136.898805 9.233252
3404 3224.036903 6.711895
1463 3296.598926 4.612300
2425 3222.435360 6.758236
1567 3149.068519 8.881119
640 3187.405498 7.771832
3718 3151.138105 8.821235
101 3203.766789 7.298415
413 3363.922675 2.664274
285 3193.250695 7.602700
756 3129.501978 9.447281
1550 3120.934721 9.695176
662 3235.978338 6.366368
964 3112.448803 9.940718
1337 3195.605138 7.534574
1542 3315.823109 4.056044
252 3249.983557 5.961124
1386 3343.875055 3.244356
1432 3151.531481 8.809853
2744 3218.079382 6.884277
587 3188.254070 7.747278
2020 3288.397563 4.849608
1242 3248.896520 5.992578
508 3111.846686 9.958140
373 3222.584960 6.753907
20 3112.080771 9.951367
2825 3171.032550 8.245586
1098 3214.991166 6.973635
1152 3388.900897 1.941525
76 3293.867964 4.691320
978 3156.072328 8.678463
338 3181.314506 7.948076
4282 3407.145718 1.413608
116 3300.367580 4.503253
726 3344.327782 3.231256
992 3330.540474 3.630195
763 3242.775979 6.169677
4304 3340.497925 3.342074
1420 3118.433628 9.767545
2415 3122.076577 9.662136
1488 3257.143881 5.753939
547 3274.996832 5.237360
1003 3263.973962 5.556309
1081 3190.782329 7.674122
701 3149.837956 8.858855
1980 3213.500148 7.016778
170 3117.763637 9.786932
308 3203.838266 7.296346
274 3329.345602 3.664768
180 3248.537568 6.002964
790 3116.212579 9.831812
5969 3283.530191 4.990446
947 3147.620882 8.923007
4066 3159.849630 8.569166
1562 3256.034811 5.786030
1587 3134.226571 9.310574
1164 3124.149799 9.602147
2792 3154.594618 8.721221
390 3150.723403 8.833235
36 3252.073178 5.900660
2815 3181.510735 7.942398
2781 3326.007626 3.761353
1623 3181.620202 7.939230
995 3158.259409 8.615179
3405 3271.751229 5.331272
2202 3193.453812 7.596823
2917 3229.942794 6.541007
1080 3173.197160 8.182953
768 3253.968796 5.845810
2547 3240.813432 6.226463
10 3323.355487 3.838094
291 3216.827318 6.920506
482 3127.257298 9.512231
713 3165.329594 8.410602
3319 3136.357720 9.248909
10 3326.332256 3.751960
2459 3195.363602 7.541562
436 3162.630738 8.488694
1324 3263.727714 5.563434
160 3122.385822 9.653188
361 3317.600807 4.004606
2217 3169.111410 8.301174
218 3284.749192 4.955174
10 3135.233699 9.281432
73 3316.331309 4.041339
191 3208.367073 7.165305
1061 3150.147638 8.849895
351 3112.091908 9.951044
338 3416.607002 1.139844
1090 3288.979570 4.832767
3042 3167.520088 8.347220
172 3175.942056 8.103528
788 3137.476119 9.216547
70 3117.603057 9.791578
225 3148.229350 8.905401
454 3440.744048 0.441434
1400 3333.927321 3.532196
1002 3274.373192 5.255405
117 3293.395359 4.704995
10 3144.669941 9.008393
126 3154.832012 8.714351
156 3378.564788 2.240602
673 3133.420796 9.333889
694 3266.062902 5.495865
2015 3261.676171 5.622796
624 3250.033081 5.959691
3649 3126.028809 9.547778
1416 3231.409504 6.498568
156 3303.422171 4.414868
649 3146.010597 8.969601
92 3246.386141 6.065216
805 3167.991110 8.333591
2187 3294.355206 4.677222
1328 3167.134810 8.358368
1058 3183.315584 7.890174
1206 3147.864230 8.915966
1981 3281.571957 5.047108
930 3193.270652 7.602122
385 3150.177456 8.849032
1051 3311.258664 4.188117
70 3126.210200 9.542529
677 3153.535910 8.751854
34 3299.865197 4.517789
260 3326.775192 3.739144
1873 3238.679932 6.288196
1483 3391.514113 1.865911
288 3306.579380 4.323513
396 3128.161358 9.486072
1346 3231.156301 6.505894
1431 3287.691123 4.870049
970 3356.394612 2.882100
847 3135.601849 9.270780
11 3131.909656 9.377614
863 3339.877775 3.360018
161 3213.621038 7.013280
782 3268.721929 5.418926
14 3134.109969 9.313948
460 3110.654100 9.992648
984 3206.328885 7.224280
1638 3257.218841 5.751770
517 3269.327064 5.401416
590 3181.102764 7.954202
2481 3135.461346 9.274845
45 3249.081265 5.987232
423 3111.867114 9.957549
4727 3114.741803 9.874369
2531 3290.322278 4.793916
4144 3114.223612 9.889363
113 3359.565339 2.790355
242 3340.859265 3.331619
2270 3205.769200 7.240475
885 3209.026718 7.146218
652 3301.804999 4.461661
5068 3151.769815 8.802957
2636 3117.306225 9.800167
108 3236.771130 6.343428
23 3241.244236 6.213998
457 3299.727302 4.521779
198 3150.164837 8.849397
58 3134.903869 9.290976
50 3191.581661 7.650994
217 3124.140264 9.602423
64 3143.248153 9.049533
836 3299.538790 4.527234
1841 3156.558350 8.664400
1493 3273.388362 5.283902
395 3417.985443 1.099958
914 3217.755929 6.893636
5623 3266.500698 5.483197
597 3217.401892 6.903880
633 3328.500114 3.689233
1332 3249.480007 5.975694
1318 3282.050182 5.033270
491 3172.365844 8.207007
711 3120.827907 9.698267
790 3205.856041 7.237962
607 3254.194221 5.839288
1822 3125.817224 9.553900
1700 3198.048111 7.463886
1479 3181.948627 7.929727
676 3117.974796 9.780822
578 3360.971800 2.749659
3714 3382.390589 2.129902
422 3168.929149 8.306448
556 3240.902950 6.223873
1421 3266.464782 5.484237
3526 3154.831117 8.714377
344 3238.131933 6.304053
866 3129.176054 9.456711
3594 3189.114124 7.722392
612 3362.106890 2.716815
335 3315.736378 4.058554
188 3168.350086 8.323204
1177 3141.013051 9.114206
583 3136.978559 9.230944
507 3153.498831 8.752927
3754 3217.923161 6.888797
1094 3394.738018 1.772627
633 3268.661358 5.420678
518 3212.886725 7.034528
5839 3175.711497 8.110200
3914 3416.551055 1.141463
49 3136.554244 9.243222
153 3123.722860 9.614501
680 3320.770653 3.912886
4649 3172.236476 8.210750
47 3452.378551 0.104787
302 3201.930105 7.351559
1032 3177.693791 8.052842
88 3212.090615 7.057563
1464 3347.496629 3.139565
1426 3353.600332 2.962953
1232 3210.099223 7.115185
14 3256.364006 5.776504
506 3249.931730 5.962624
339 3179.546098 7.999245
226 3183.339922 7.889470
628 3225.380317 6.673023
871 3265.710097 5.506074
812 3297.379122 4.589724
1282 3352.550540 2.993329
762 3192.153212 7.634456
51 3148.622398 8.894028
1151 3305.465991 4.355729
5559 3118.415392 9.768073
968 3333.534952 3.543549
424 3211.166409 7.084305
4587 3294.683201 4.667731
1443 3252.745081 5.881219
1774 3127.895179 9.493774
648 3311.559772 4.179405
196 3254.592822 5.827754
3570 3295.366780 4.647952
2172 3381.426348 2.157802
1642 3210.462177 7.104682
10 3162.029584 8.506088
479 3159.265339 8.586072
453 3313.190958 4.132206
71 3213.468815 7.017685
447 3169.185655 8.299026
735 3159.691467 8.573742
276 3172.817359 8.193942
1439 3349.182067 3.090797
1369 3184.096859 7.867568
436 3258.744186 5.707633
1037 3226.986551 6.626547
515 3270.270362 5.374121
29 3130.776851 9.410392
749 3145.461181 8.985498
16 3157.164443 8.646862
46 3131.542038 9.388251
3098 3371.085874 2.457006
3659 3213.098722 7.028393
3201 3174.843104 8.135327
147 3118.980958 9.751708
1821 3313.904865 4.111549
665 3256.572055 5.770485
854 3262.981080 5.585038
2311 3275.818878 5.213574
994 3179.619952 7.997108
392 3308.338102 4.272624
2134 3331.646238 3.598199
1996 3249.770881 5.967278
144 3129.619334 9.443885
895 3298.889610 4.546018
1138 3345.903104 3.185674
2349 3199.596636 7.419079
125 3179.074563 8.012889
3927 3161.414944 8.523873
1410 3323.909305 3.822069
1362 3234.628956 6.405412
1076 3111.886610 9.956985
486 3268.268021 5.432060
10 3375.365845 2.333164
1303 3136.838827 9.234988
579 3260.808053 5.647915
1612 3235.409248 6.382834
272 3271.893027 5.327169
228 3286.609433 4.901347
361 3134.236828 9.310277
769 3177.696600 8.052760
905 3184.039430 7.869229
3281 3307.906062 4.285126
1865 3223.540616 6.726255
744 3318.420665 3.980884
1446 3342.201240 3.292788
2022 3129.962162 9.433965
73 3326.689748 3.741616
427 3280.923085 5.065883
1428 3225.060599 6.682274
1383 3199.955046 7.408708
452 3272.028195 5.323258
960 3259.008991 5.699971
935 3162.654974 8.487993
125 3371.866615 2.434415
61 3171.387994 8.235301
897 3180.705573 7.965695
27 3159.287748 8.585424
755 3268.038153 5.438711
50 3278.412241 5.138535
1284 3161.866492 8.510808
982 3153.803825 8.744102
931 3215.839283 6.949095
1347 3168.592840 8.316179
277 3192.061983 7.637095
1379 3179.768682 7.992804
1808 3231.769392 6.488154
2138 3280.278120 5.084545
1252 3117.324112 9.799650
706 3175.643594 8.112165
1306 3300.921009 4.487239
964 3321.883097 3.880697
941 3138.885244 9.175774
962 3165.709207 8.399618
542 3176.066965 8.099914
26 3294.489320 4.673341
3720 3258.828665 5.705189
251 3230.560420 6.523136
144 3219.240624 6.850676
443 3177.246737 8.065777
125 3379.264976 2.220342
897 3321.343348 3.896315
2825 3227.902363 6.600047
730 3295.985191 4.630058
206 3232.016085 6.481016
1952 3181.300381 7.948484
200 3322.115649 3.873968
1468 3300.558859 4.497718
478 3187.666822 7.764270
446 3278.585490 5.133522
1530 3298.762432 4.549698
1559 3140.041464 9.142319
92 3331.296580 3.608317
361 3271.486958 5.338919
2200 3190.512718 7.681924
74 3225.179363 6.678838
660 3208.557841 7.159785
1291 3171.267540 8.238786
626 3286.878949 4.893549
17 3112.591468 9.936589
1567 3177.758033 8.050983
2374 3140.110047 9.140334
2479 3169.992368 8.275684
330 3295.810812 4.635104
229 3253.923168 5.847131
244 3191.572786 7.651250
831 3272.195074 5.318430
578 3345.334825 3.202117
1912 3242.182219 6.186857
86 3198.372475 7.454500
3075 3215.356154 6.963074
2161 3116.791988 9.815047
789 3349.474409 3.082338
108 3175.788477 8.107972
1887 3124.698816 9.586261
887 3258.894454 5.703285
2323 3146.257337 8.962461
387 3148.621292 8.894060
157 3142.937911 9.058510
1681 3221.941156 6.772536
768 3131.439373 9.391222
472 3191.080006 7.665509
1379 3325.624994 3.772425
857 3237.141166 6.332721
1171 3175.607795 8.113200
357 3260.461622 5.657939
1063 3126.919051 9.522018
22 3154.277205 8.730405
3599 3141.260643 9.107042
203 3219.013749 6.857241
2578 3250.041524 5.959447
140 3176.700420 8.081585
3218 3235.039022 6.393547
125 3312.303036 4.157898
370 3190.981825 7.668350
2902 3259.278309 5.692179
2009 3148.539940 8.896414
171 3365.713430 2.612459
12 3119.731314 9.729997
34 3166.367020 8.380584
2024 3144.209947 9.021703
185 3405.415609 1.463669
2492 3208.677520 7.156322
4427 3119.587799 9.734149
498 3204.598542 7.274348
742 3188.650700 7.735802
1051 3201.241701 7.371479
1102 3136.446599 9.246337
1361 3161.094809 8.533136
3066 3301.594173 4.467761
808 3152.333339 8.786651
1146 3249.813063 5.966057
1473 3184.327990 7.860880
981 3193.738196 7.588594
760 3134.275059 9.309171
670 3398.566084 1.661861
1298 3235.068411 6.392696
280 3212.520829 7.045115
72 3164.334057 8.439408
2680 3222.469880 6.757237
962 3231.057965 6.508739
49 3264.137971 5.551563
1643 3151.326281 8.815790
2228 3165.169337 8.415239
1114 3137.402355 9.218682
255 3209.961200 7.119178
172 3230.634938 6.520980
153 3199.570600 7.419832
1833 3447.393685 0.249025
1415 3408.956389 1.361216
366 3189.895553 7.699781
109 3249.235766 5.982761
112 3312.404710 4.154956
2419 3329.888405 3.649062
835 3297.071072 4.598638
388 3211.146965 7.084868
3653 3391.273106 1.872885
258 3183.455997 7.886111
303 3179.433629 8.002499
42 3213.207436 7.025248
174 3166.293471 8.382712
543 3397.904491 1.681004
3296 3244.849011 6.109693
1246 3284.274502 4.968909
1346 3179.558496 7.998886
278 3135.789306 9.265356
1629 3264.289834 5.547169
1372 3114.067730 9.893874
400 3176.881905 8.076334
147 3196.359030 7.512760
576 3170.335740 8.265748
41 3120.947919 9.694794
6480 3145.761036 8.976822
3722 3188.587415 7.737633
632 3288.521598 4.846019
288 3156.525355 8.665354
3864 3129.531964 9.446413
33 3190.981379 7.668363
345 3128.930238 9.463824
654 3218.800817 6.863402
155 3200.331056 7.397828
221 3115.579045 9.850143
589 3350.770431 3.044837
1864 3141.795767 9.091558
3749 3146.285865 8.961636
149 3202.648834 7.330763
632 3256.939461 5.759854
161 3311.463277 4.182197
1999 3196.211986 7.517014
2978 3114.720227 9.874993
388 3135.758342 9.266252
355 3132.683941 9.355210
860 3380.110485 2.195877
221 3146.740386 8.948484
290 3222.790481 6.747961
460 3170.733569 8.254237
223 3233.424975 6.440250
455 3284.760200 4.954855
1942 3261.476010 5.628588
707 3227.365962 6.615568
3568 3244.548812 6.118379
781 3258.481915 5.715222
120 3359.328071 2.797220
109 3333.778742 3.536495
111 3132.382361 9.363936
738 3120.032861 9.721271
3308 3121.016575 9.692807
319 3149.033269 8.882139
702 3112.450805 9.940660
1566 3185.279663 7.833343
223 3221.234042 6.792996
231 3337.224549 3.436790
132 3166.013765 8.390805
371 3197.866773 7.469133
226 3116.827624 9.814016
1878 3196.693110 7.503093
648 3139.170871 9.167510
1397 3164.799963 8.425927
1576 3208.481037 7.162007
1903 3116.414608 9.825966
1425 3451.820643 0.120930
557 3232.144792 6.477292
602 3254.100158 5.842009
555 3160.587824 8.547806
481 3220.588121 6.811686
1797 3196.121939 7.519620
704 3219.248624 6.850445
112 3177.202414 8.067060
2477 3200.761817 7.385364
41 3251.578786 5.914966
175 3289.389996 4.820891
300 3218.412972 6.874625
1552 3351.092176 3.035527
214 3205.188379 7.257281
2229 3176.441660 8.089072
318 3186.545849 7.796706
997 3364.390967 2.650724
1585 3213.440920 7.018492
658 3159.635180 8.575371
1255 3386.845984 2.000984
1537 3369.011337 2.517033
461 3183.812405 7.875798
275 3167.447251 8.349327
1462 3426.108402 0.864919
299 3165.094355 8.417409
1959 3325.157711 3.785946
4916 3252.361899 5.892306
562 3184.499024 7.855931
742 3124.959556 9.578717
1720 3134.252192 9.309832
1851 3135.120739 9.284701
2143 3342.120240 3.295132
3790 3354.351114 2.941229
2209 3121.034730 9.692282
1204 3290.603697 4.785773
1225 3325.143331 3.786362
79 3151.505118 8.810616
1565 3269.926252 5.384078
438 3141.443022 9.101764
103 3166.703515 8.370847
1014 3125.892173 9.551731
503 3302.837168 4.431795
482 3275.101317 5.234337
3881 3116.807612 9.814595
995 3140.571071 9.126994
5672 3237.782045 6.314177
575 3238.509257 6.293135
538 3153.912473 8.740959
59 3165.101377 8.417206
82 3230.603660 6.521885
402 3216.398177 6.932923
1377 3196.419321 7.511015
1876 3191.413972 7.655846
135 3127.019103 9.519123
1194 3132.996740 9.346159
1715 3115.709875 9.846358
1029 3224.592997 6.695804
1410 3244.632893 6.115946
647 3138.202806 9.195521
1197 3219.485014 6.843605
2043 3383.897846 2.086289
1664 3301.224957 4.478445
1306 3176.517296 8.086884
1795 3145.028736 8.998011
991 3171.432469 8.234014
319 3194.096823 7.578217
288 3118.006764 9.779897
1753 3164.978755 8.420754
2110 3140.359046 9.133129
10 3360.391306 2.766455
702 3152.738988 8.774914
380 3163.776919 8.455529
1128 3221.056677 6.798129
269 3117.613349 9.791280
354 3178.302669 8.035224
2143 3205.873269 7.237463
194 3311.367113 4.184979
473 3199.414469 7.424350
2799 3118.249940 9.772861
1027 3275.663077 5.218082
1247 3202.267880 7.341786
888 3399.988384 1.620706
1509 3116.041313 9.836768
2479 3257.005564 5.757941
244 3157.017076 8.651126
2583 3266.090009 5.495081
381 3145.402149 8.987206
363 3209.124713 7.143382
336 3119.657416 9.732135
1236 3305.707746 4.348734
1881 3127.225003 9.513165
961 3147.843840 8.916556
635 3117.419864 9.796879
29 3254.322803 5.835567
548 3267.906096 5.442532
1545 3161.921508 8.509216
2288 3304.361878 4.387677
3491 3167.618707 8.344366
1043 3226.950051 6.627603
2524 3215.497862 6.958974
3100 3209.091228 7.144351
2650 3225.383097 6.672943
1197 3186.395390 7.801059
1248 3414.251988 1.207986
1309 3174.083570 8.157304
1341 3394.947889 1.766554
2183 3226.886751 6.629434
2208 3217.202719 6.909644
1148 3224.051303 6.711478
4307 3216.315681 6.935310
1520 3206.039763 7.232646
4205 3184.489885 7.856195
3068 3235.428201 6.382286
2885 3110.618585 9.993675
3800 3302.408671 4.444194
2224 3163.664733 8.458775
3913 3231.647198 6.491690
3811 3305.053876 4.367654
2459 3127.084826 9.517221
2783 3167.924497 8.335518
8758 3133.323399 9.336707
2846 3187.532276 7.768163
2837 3149.581475 8.866277
2546 3113.463193 9.911366
3044 3297.633568 4.582362
2837 3252.833217 5.878669
4678 3159.385566 8.582594
3785 3398.316313 1.669088
3935 3133.663776 9.326858
9763 3133.376005 9.335185
4044 3354.986671 2.922839
4041 3118.254050 9.772742
5096 3135.264876 9.280530
7074 3312.511234 4.151874
4432 3181.047945 7.955789
5177 3312.233847 4.159900
5183 3202.164718 7.344771
5930 3249.977986 5.961285
9053 3146.792881 8.946965
