17 29520.215588 3.734887
17 29552.827431 3.628540
17 30003.613358 2.158532
17 29253.567866 4.604422
17 29595.631577 3.488956
17 29475.229205 3.881587
17 28997.125232 5.440679
17 29521.529430 3.730602
17 29518.047731 3.741956
17 29253.815601 4.603614
17 29456.992466 3.941056
17 29170.214448 4.876237
17 29506.189655 3.780625
17 29416.626704 4.072689
17 29597.540448 3.482731
17 29478.491938 3.870947
17 29236.953021 4.658603
17 29279.909567 4.518522
17 29939.584992 2.367327
17 29478.231511 3.871796
17 29318.917281 4.391318
17 29231.182515 4.677420
17 29456.433745 3.942878
17 29676.653737 3.224743
17 29796.888666 2.832659
17 29423.550338 4.050111
17 29910.322904 2.462751
17 29548.379436 3.643045
17 29555.695159 3.619188
17 29250.242610 4.615266
17 29076.338331 5.182366
17 28868.216799 5.861048
17 29579.302848 3.542204
17 29901.372694 2.491937
17 29842.321920 2.684501
17 29285.706808 4.499617
17 29521.059997 3.732133
17 29287.492857 4.493793
17 29619.382465 3.411504
17 29371.086595 4.221195
17 29531.824633 3.697030
17 29476.775875 3.876543
17 29539.996787 3.670380
17 29500.967886 3.797653
17 30009.980757 2.137767
17 29352.180506 4.282847
17 29668.607985 3.250981
17 29450.676352 3.961653
17 30127.638174 1.754088
17 29204.208809 4.765381
17 29537.522646 3.678448
17 29799.717534 2.823434
18 29785.896632 2.868503
17 29022.495129 5.357948
17 29229.265659 4.683671
17 29639.667231 3.345356
17 29236.993445 4.658471
17 29867.152300 2.603530
17 29002.336309 5.423685
17 29154.096972 4.928796
17 29148.627245 4.946632
17 29033.447792 5.322231
17 29286.149907 4.498172
17 29226.658027 4.692175
17 29607.256051 3.451049
17 29978.929778 2.239024
17 29329.103589 4.358101
17 29498.149457 3.806844
17 29518.377983 3.740879
16 30058.786384 1.978613
17 29929.722764 2.399488
17 29692.519631 3.173005
17 29319.453141 4.389571
19 29457.810732 3.938388
17 29547.785864 3.644980
17 29533.526857 3.691479
17 29146.248040 4.954391
17 29665.671586 3.260556
17 29351.738013 4.284290
17 29716.663602 3.094272
17 29513.877496 3.755555
17 29267.202979 4.559958
17 29510.216629 3.767493
17 29696.374290 3.160435
17 29299.724237 4.453907
17 29199.160263 4.781845
17 29703.626001 3.136787
17 29707.076383 3.125535
17 29993.685001 2.190908
17 29731.639448 3.045436
17 29453.834293 3.951355
17 29190.977862 4.808527
16 29940.096433 2.365660
17 29812.596407 2.781436
17 29837.580846 2.699962
17 29340.969169 4.319407
16 29370.900336 4.221802
17 29318.423497 4.392928
17 29606.791420 3.452564
17 29984.184254 2.221890
17 29562.036928 3.598508
17 29568.310710 3.578049
17 29406.330346 4.106265
17 29744.701774 3.002839
17 29002.020953 5.424714
17 29513.082291 3.758148
17 29447.633210 3.971577
17 29362.961628 4.247690
16 29405.345294 4.109477
17 28984.887728 5.480585
17 29548.552057 3.642482
17 29903.957958 2.483507
17 29623.672189 3.397516
17 29572.922100 3.563011
17 29324.406157 4.373419
17 28981.725785 5.490896
17 29340.401210 4.321259
17 29406.611386 4.105349
17 29629.419516 3.378774
17 29625.123890 3.392782
17 29534.574938 3.688061
17 29586.628763 3.518314
17 29357.443815 4.265684
17 29249.144311 4.618847
17 29843.456127 2.680803
17 29112.697497 5.063799
17 29779.645257 2.888889
17 29716.863445 3.093620
17 29444.323699 3.982369
17 29581.911417 3.533697
17 29888.897756 2.532618
17 30182.208318 1.576135
17 29372.690292 4.215965
17 29649.389393 3.313652
17 29700.250866 3.147793
17 29250.493195 4.614448
17 29629.261813 3.379288
17 29204.053394 4.765888
17 29621.148769 3.405745
17 29391.113511 4.155887
17 29811.628820 2.784591
17 29227.020261 4.690993
17 29398.461719 4.131925
17 29481.558688 3.860946
17 29226.203454 4.693657
17 28816.338889 6.030221
17 29518.780222 3.739567
17 29186.053711 4.824585
17 29078.731549 5.174561
17 29634.415128 3.362483
17 29618.339741 3.414905
17 29645.950607 3.324866
17 28293.520512 7.735126
17 29117.067499 5.049548
17 29327.715784 4.362626
17 29661.827398 3.273092
17 29224.832310 4.698128
17 29289.792337 4.486294
17 29298.844425 4.456776
17 29662.483225 3.270953
17 29841.936741 2.685757
17 29703.366576 3.137633
17 29205.886192 4.759911
17 29930.977738 2.395395
17 29212.100607 4.739646
17 28863.621927 5.876032
17 29106.312586 5.084620
17 29476.674619 3.876873
17 29356.295070 4.269430
17 29626.268990 3.389048
17 29447.673565 3.971445
17 29719.911622 3.083680
17 29610.446312 3.440645
17 29707.803802 3.123163
17 29731.108204 3.047168
17 29448.374124 3.969161
17 29293.543219 4.474063
17 29502.259091 3.793443
17 29690.611638 3.179227
17 29290.990588 4.482387
17 29582.613232 3.531408
17 29453.203470 3.953412
17 29807.076241 2.799437
17 29415.119312 4.077604
17 29760.264143 2.952091
17 29583.287682 3.529209
17 29574.429584 3.558095
17 29478.377510 3.871320
17 29559.640477 3.606322
17 29559.239336 3.607631
17 29315.931913 4.401053
17 28976.169692 5.509015
17 29191.213216 4.807760
17 29740.270410 3.017290
17 29803.306689 2.811729
17 29033.513424 5.322017
17 29467.319187 3.907381
17 29757.947903 2.959644
17 29335.422401 4.337495
17 29619.865300 3.409930
