10 3196.689655 7.503193
12 3151.216869 8.818956
12 3120.719688 9.701398
12 3245.435558 6.092721
12 3210.507177 7.103380
12 3252.887507 5.877098
12 3446.483729 0.275355
12 3342.626025 3.280497
12 3290.782121 4.780610
13 3224.406509 6.701201
13 3404.626689 1.486496
13 3290.971039 4.775144
13 3322.615433 3.859507
13 3374.035629 2.371654
13 3255.596715 5.798706
13 3448.529027 0.216174
13 3161.478771 8.522026
13 3195.944913 7.524742
13 3241.091621 6.218414
13 3229.939062 6.541115
14 3206.202524 7.227936
14 3312.415736 4.154637
14 3343.148342 3.265384
14 3322.651928 3.858451
13 3317.208444 4.015959
14 3194.509704 7.566270
14 3403.914560 1.507102
14 3387.024776 1.995811
11 3209.053010 7.145457
11 3348.979635 3.096654
12 3140.187398 9.138096
16 3424.490740 0.911726
16 3351.143286 3.034048
16 3350.496606 3.052760
16 3408.474964 1.375146
13 3297.273198 4.592789
13 3319.944115 3.936802
12 3140.249713 9.136293
17 3268.984975 5.411314
17 3447.677247 0.240820
17 3398.340551 1.668387
17 3158.491904 8.608452
17 3428.924645 0.783430
17 3348.154944 3.120517
17 3413.966794 1.216239
17 3312.955434 4.139021
17 3327.374934 3.721790
17 3381.712614 2.149519
14 3266.850241 5.473083
13 3167.703596 8.341910
12 3153.640471 8.748829
14 3328.965418 3.675769
11 3266.701171 5.477397
13 3148.914826 8.885566
12 3138.010799 9.201076
18 3216.849058 6.919877
18 3212.854938 7.035447
18 3275.368010 5.226620
18 3423.794998 0.931858
14 3198.070947 7.463225
14 3252.989346 5.874151
18 3181.020463 7.956584
13 3367.050269 2.573777
13 3277.107773 5.176280
14 3298.529218 4.556446
14 3361.278400 2.740787
13 3306.554599 4.324230
16 3388.682315 1.947850
19 3222.124167 6.767241
14 3207.858325 7.180025
12 3139.927209 9.145625
17 3434.797492 0.613498
12 3268.891966 5.414006
14 3216.558559 6.928282
13 3231.504790 6.495810
17 3325.455423 3.777332
18 3343.532229 3.254276
14 3400.890989 1.594589
13 3116.059736 9.836234
13 3216.232371 6.937721
13 3308.929893 4.255501
12 3243.073032 6.161081
14 3140.422479 9.131294
13 3281.991863 5.034958
12 3288.165873 4.856312
13 3224.907605 6.686701
13 3430.285450 0.744055
14 3158.190229 8.617181
14 3370.014099 2.488018
13 3267.774286 5.446346
14 3261.437459 5.629703
16 3312.162901 4.161953
19 3392.066729 1.849921
11 3261.305832 5.633512
18 3449.496344 0.188184
14 3402.810194 1.539057
14 3291.163313 4.769580
16 3183.034201 7.898316
17 3421.844076 0.988308
16 3200.728184 7.386337
18 3416.975232 1.129189
12 3378.142889 2.252810
16 3307.243212 4.304305
12 3304.523075 4.383013
14 3385.642814 2.035798
12 3377.880975 2.260388
13 3142.914362 9.059191
17 3424.255009 0.918547
18 3225.382415 6.672963
17 3181.949556 7.929700
16 3375.989295 2.315125
18 3423.691675 0.934847
13 3213.266412 7.023541
16 3448.730342 0.210349
16 3348.373971 3.114179
13 3239.048059 6.277545
17 3422.013408 0.983408
18 3159.621386 8.575770
53 3443.717187 0.355405
14 3328.041465 3.702504
12 3177.584791 8.055996
18 3433.479988 0.651621
74 3379.541291 2.212347
14 3124.155531 9.601981
11 3123.468380 9.621864
12 3205.144387 7.258554
31 3337.872058 3.418054
10 3126.087155 9.546089
12 3134.727215 9.296088
17 3433.030369 0.664631
19 3366.929553 2.577270
13 3361.192296 2.743278
17 3286.062871 4.917162
13 3263.609273 5.566861
16 3355.637856 2.903997
18 3341.455650 3.314362
14 3305.163517 4.364482
19 3151.593841 8.808049
13 3174.712556 8.139104
14 3420.595610 1.024433
12 3377.991082 2.257202
17 3370.518465 2.473424
13 3366.009064 2.603904
16 3426.471087 0.854425
17 3437.877791 0.524369
13 3148.837941 8.887791
18 3413.247999 1.237037
11 3282.779686 5.012162
14 3208.547977 7.160070
12 3162.813664 8.483401
14 3377.284449 2.277649
16 3352.687334 2.989371
16 3237.992503 6.308087
12 3235.970163 6.366604
17 3184.609571 7.852732
12 3320.213455 3.929009
14 3440.289970 0.454573
13 3397.872931 1.681918
13 3145.347156 8.988798
14 3350.779468 3.044576
11 3164.270013 8.441261
17 3360.025901 2.777028
13 3277.130369 5.175626
12 3351.441732 3.025413
13 3315.702737 4.059527
13 3299.692157 4.522796
13 3384.589009 2.066290
18 3382.110559 2.138005
11 3378.755204 2.235092
11 3159.871471 8.568534
18 3224.249204 6.705752
12 3230.025723 6.538608
12 3252.027394 5.901985
11 3114.744557 9.874289
14 3226.603524 6.637630
17 3258.278859 5.721098
14 3142.640831 9.067106
12 3272.094569 5.321338
19 3403.883075 1.508013
18 3438.668301 0.501496
17 3268.140935 5.435737
18 3430.143495 0.748163
17 3437.604986 0.532263
14 3380.028629 2.198246
17 3396.887734 1.710424
14 3243.385622 6.152036
16 3304.680044 4.378471
16 3110.795433 9.988558
18 3441.629837 0.415803
14 3171.455528 8.233347
14 3365.067798 2.631140
17 3427.508987 0.824393
16 3242.517886 6.177144
16 3237.593361 6.319637
17 3434.016693 0.636091
17 3442.196734 0.399400
43 3376.573972 2.298207
17 3268.677545 5.420210
17 3361.202472 2.742984
18 3424.902022 0.899826
