12 -2.141400 7.070007
12 -2.013830 0.691516
13 -1.975614 1.219309
13 -1.949601 2.519930
13 -1.967868 1.606606
13 -2.086489 4.324467
15 -1.848102 7.594915
15 -1.920086 3.995715
15 -1.926699 3.665049
16 -2.118764 5.938184
16 -2.020567 1.028353
16 -1.946486 2.675698
16 -1.873026 6.348682
16 -2.171125 8.556247
17 -1.968506 1.574693
17 -1.925204 3.739811
17 -1.904512 4.774391
17 -1.847316 7.634218
17 -1.863015 6.849269
17 -2.006667 0.333352
17 -1.879164 6.041812
17 -2.021124 1.056222
17 -1.874104 6.294786
17 -1.848324 7.583806
17 -1.885934 5.703312
17 -1.842238 7.888103
17 -1.985725 0.713751
17 -1.892503 5.374828
19 -1.841668 7.916612
19 -1.854724 7.263809
19 -1.946019 2.699047
19 -1.928664 3.566807
19 -1.848793 7.560334
19 -1.945802 2.709887
20 -2.175247 8.762365
20 -1.878433 6.078349
20 -2.050544 2.527204
20 -1.850396 7.480215
21 -1.842309 7.884572
21 -1.893330 5.333477
21 -1.848652 7.567407
15 -1.867897 6.605160
21 -1.894842 5.257899
21 -1.845394 7.730316
21 -2.118902 5.945081
21 -1.868878 6.556118
16 -1.852352 7.382385
22 -1.868693 6.565373
20 -1.864662 6.766890
16 -1.844721 7.763929
16 -1.888884 5.555778
24 -1.867216 6.639179
16 -1.985060 0.747017
19 -1.852203 7.389865
15 -1.886369 5.681555
11 -1.972868 1.356618
17 -1.842096 7.895180
16 -1.842582 7.870878
16 -1.977299 1.135030
17 -1.853495 7.325241
17 -2.178731 8.936557
20 -1.898349 5.082527
18 -1.867344 6.632795
20 -1.923760 3.811981
23 -2.017583 0.879158
19 -1.852084 7.395816
21 -1.888848 5.557581
19 -2.010418 0.520893
17 -2.138739 6.936962
17 -1.844414 7.779300
19 -2.020685 1.034229
16 -1.993364 0.331803
17 -1.847409 7.629526
20 -1.842267 7.886670
15 -2.046125 2.306244
17 -1.851036 7.448200
20 -1.885144 5.742823
19 -1.847420 7.629014
19 -1.949313 2.534373
21 -1.842976 7.851181
15 -1.844301 7.784958
21 -1.883193 5.840327
21 -1.859855 7.007236
12 -1.970697 1.465149
13 -1.943840 2.807993
19 -1.917521 4.123967
20 -1.850008 7.499611
20 -1.846997 7.650128
24 -1.985830 0.708488
11 -1.966678 1.666092
17 -1.842504 7.874814
12 -1.999140 0.043007
21 -1.842844 7.857800
24 -1.868781 6.560952
20 -1.904143 4.792832
19 -1.937289 3.135537
21 -2.078704 3.935207
21 -1.846336 7.683182
21 -2.027618 1.380885
13 -1.978246 1.087722
25 -2.063903 3.195152
18 -1.846218 7.689084
17 -2.009810 0.490504
15 -1.897124 5.143805
21 -1.994338 0.283099
16 -1.850503 7.474871
25 -1.900494 4.975292
16 -1.851850 7.407514
19 -1.848144 7.592778
16 -1.978213 1.089331
19 -1.848183 7.590858
24 -1.930146 3.492692
15 -2.024861 1.243069
15 -2.087980 4.398992
16 -1.863075 6.846268
17 -1.941475 2.926237
21 -2.176723 8.836156
17 -2.006869 0.343440
19 -1.847161 7.641952
19 -1.863356 6.832178
19 -1.912925 4.353768
17 -1.842594 7.870307
16 -1.929711 3.514468
19 -1.898993 5.050337
24 -1.898462 5.076902
15 -1.894628 5.268580
21 -1.875196 6.240175
15 -1.847984 7.600822
19 -1.864816 6.759193
21 -1.855584 7.220813
16 -1.854623 7.268846
19 -1.888400 5.580016
17 -2.009962 0.498083
19 -1.848887 7.555660
17 -1.863889 6.805529
17 -1.868154 6.592277
23 -1.871179 6.441052
23 -1.871948 6.402578
17 -1.930943 3.452853
20 -1.867779 6.611038
15 -1.854993 7.250368
17 -1.925521 3.723974
15 -1.937547 3.122675
21 -1.858549 7.072542
19 -1.855054 7.247298
20 -1.852907 7.354651
21 -1.843299 7.835061
23 -1.866895 6.655268
19 -1.846352 7.682409
20 -1.855789 7.210539
16 -2.032181 1.609051
16 -1.863035 6.848267
16 -1.848170 7.591500
17 -1.944770 2.761478
21 -1.909682 4.515886
17 -2.114580 5.728991
15 -1.863891 6.805440
17 -1.853325 7.333773
20 -2.022104 1.105199
15 -2.045033 2.251674
25 -1.890830 5.458490
19 -1.859267 7.036645
24 -1.847845 7.607759
17 -1.861076 6.946191
19 -1.895319 5.234058
19 -1.848721 7.563967
16 -1.845293 7.735365
16 -1.857616 7.119208
17 -1.875549 6.222538
18 -1.866329 6.683571
19 -1.932912 3.354377
17 -2.005534 0.276724
16 -1.991742 0.412888
21 -1.954926 2.253707
19 -1.975212 1.239384
20 -1.884134 5.793314
17 -1.844331 7.783437
16 -1.954477 2.276164
16 -1.843515 7.824262
17 -2.090538 4.526919
20 -2.046209 2.310449
17 -1.889574 5.521307
20 -1.852956 7.352214
20 -1.926701 3.664956
16 -1.867118 6.644109
15 -1.847275 7.636239
19 -2.067302 3.365095
16 -2.139992 6.999583
17 -1.878869 6.056555
17 -1.844172 7.791402
20 -1.864089 6.795530
19 -1.900401 4.979967
19 -1.847310 7.634482
20 -2.047488 2.374389
19 -1.872652 6.367422
23 -1.950716 2.464196
23 -1.883199 5.840044
20 -1.867936 6.603220
24 -1.852972 7.351404
23 -1.855323 7.233863
