13 -1.016511 1.651055
13 -1.081842 8.184208
13 -1.091053 9.105320
13 -1.004547 0.454680
14 -1.013360 1.336041
14 -1.003751 0.375114
14 -1.028077 2.807745
14 -1.066222 6.622209
15 -1.096798 9.679817
15 -1.021811 2.181079
15 -1.019970 1.997014
15 -1.052972 5.297178
15 -1.051147 5.114742
15 -1.011556 1.155567
15 -1.078575 7.857467
16 -1.003329 0.332853
16 -1.065325 6.532515
16 -1.035332 3.533233
16 -1.052450 5.244991
16 -1.058503 5.850336
16 -1.081085 8.108530
13 -1.060914 6.091396
17 -1.099393 9.939288
17 -1.019418 1.941827
17 -1.056731 5.673099
18 -1.068680 6.868005
18 -1.054774 5.477443
18 -1.042409 4.240871
19 -1.046016 4.601608
19 -1.057127 5.712656
19 -1.039879 3.987920
19 -1.039521 3.952066
19 -1.035673 3.567267
19 -1.015227 1.522746
15 -1.039904 3.990403
19 -1.025528 2.552778
20 -1.066961 6.696090
20 -1.088775 8.877540
20 -1.005807 0.580709
15 -1.002930 0.293004
17 -1.059654 5.965367
21 -1.020688 2.068841
21 -1.097380 9.738004
16 -1.085261 8.526103
15 -1.034602 3.460230
14 -1.010226 1.022637
17 -1.071917 7.191680
15 -1.061939 6.193935
16 -1.032456 3.245558
16 -1.034608 3.460784
17 -1.060733 6.073265
23 -1.081742 8.174157
23 -1.062001 6.200099
16 -1.064373 6.437287
15 -1.051362 5.136243
24 -1.044389 4.438858
20 -1.023433 2.343329
21 -1.020655 2.065522
25 -1.063702 6.370176
16 -1.068781 6.878144
25 -1.043751 4.375144
19 -1.078724 7.872391
25 -1.018436 1.843586
17 -1.003891 0.389073
19 -1.037182 3.718188
15 -1.034755 3.475519
16 -1.030508 3.050786
26 -1.030321 3.032095
19 -1.083114 8.311354
26 -1.072052 7.205181
26 -1.015020 1.501996
15 -1.016078 1.607849
17 -1.057628 5.762801
20 -1.049326 4.932595
20 -1.048154 4.815352
17 -1.050157 5.015702
20 -1.087323 8.732346
18 -1.026948 2.694841
18 -1.057764 5.776423
22 -1.094304 9.430420
21 -1.024973 2.497310
23 -1.032918 3.291764
13 -1.094965 9.496508
14 -1.023034 2.303405
19 -1.053252 5.325234
17 -1.078795 7.879469
19 -1.042978 4.297804
17 -1.082800 8.279957
18 -1.054383 5.438260
20 -1.037656 3.765624
14 -1.042151 4.215081
21 -1.028373 2.837290
19 -1.065874 6.587419
16 -1.052735 5.273523
21 -1.040051 4.005132
17 -1.039958 3.995795
24 -1.061576 6.157557
18 -1.044238 4.423751
20 -1.097097 9.709676
17 -1.027108 2.710789
17 -1.089388 8.938843
22 -1.063590 6.359024
14 -1.056373 5.637339
18 -1.016432 1.643168
18 -1.022674 2.267430
23 -1.097483 9.748314
22 -1.042838 4.283834
23 -1.001549 0.154880
19 -1.067858 6.785790
15 -1.015164 1.516362
18 -1.019289 1.928880
24 -1.098536 9.853647
22 -1.048433 4.843275
14 -1.095368 9.536789
24 -1.050859 5.085890
15 -1.044793 4.479330
17 -1.018861 1.886124
16 -1.059679 5.967857
16 -1.005063 0.506285
22 -1.043210 4.321035
16 -1.053214 5.321426
18 -1.000522 0.052168
13 -1.046016 4.601589
15 -1.069640 6.963966
20 -1.047253 4.725340
13 -1.021549 2.154933
20 -1.037900 3.789991
14 -1.062161 6.216093
22 -1.077700 7.770022
21 -1.052286 5.228587
19 -1.029064 2.906421
21 -1.078070 7.807026
22 -1.013857 1.385681
17 -1.053544 5.354400
18 -1.074759 7.475878
13 -1.057986 5.798649
23 -1.094825 9.482466
21 -1.092374 9.237399
20 -1.025647 2.564723
20 -1.037516 3.751559
26 -1.003805 0.380498
25 -1.061934 6.193426
15 -1.067091 6.709144
16 -1.059366 5.936649
15 -1.014233 1.423282
26 -1.068423 6.842313
21 -1.021684 2.168362
15 -1.043950 4.395003
15 -1.094997 9.499669
15 -1.016123 1.612323
13 -1.027709 2.770928
14 -1.080409 8.040895
21 -1.079966 7.996625
15 -1.002245 0.224468
17 -1.084496 8.449574
18 -1.095789 9.578886
16 -1.028738 2.873801
11 -1.026264 2.626416
17 -1.059706 5.970591
14 -1.076020 7.602008
16 -1.081938 8.193798
19 -1.045674 4.567400
18 -1.034859 3.485902
22 -1.006845 0.684546
19 -1.032092 3.209176
19 -1.000430 0.043013
17 -1.003500 0.350008
16 -1.037670 3.766970
24 -1.053938 5.393765
18 -1.090010 9.001047
17 -1.095714 9.571427
18 -1.053193 5.319334
22 -1.028549 2.854878
14 -1.082184 8.218384
19 -1.011793 1.179285
16 -1.080457 8.045702
21 -1.034286 3.428553
17 -1.055906 5.590584
25 -1.085569 8.556905
19 -1.004043 0.404251
20 -1.041589 4.158949
16 -1.046376 4.637564
18 -1.061330 6.133037
24 -1.078326 7.832650
26 -1.014200 1.420033
23 -1.089852 8.985246
25 -1.046183 4.618266
20 -1.085910 8.590995
22 -1.097158 9.715763
18 -1.055942 5.594199
21 -1.015520 1.551975
20 -1.064715 6.471509
20 -1.062911 6.291119
24 -1.020998 2.099842
21 -1.087147 8.714682
24 -1.079672 7.967188
21 -1.001000 0.099980
22 -1.029635 2.963501
23 -1.081325 8.132490
29 -1.030450 3.045047
