17 -0.119845 7.860520
18 -0.121499 9.349455
19 -0.117383 5.644486
19 -0.120270 8.243399
19 -0.120293 8.263688
20 -0.122092 9.882630
20 -0.121096 8.986132
20 -0.116217 4.595609
20 -0.121473 9.325419
20 -0.116328 4.694978
20 -0.120206 8.185228
22 -0.116386 4.747261
22 -0.119421 7.478974
22 -0.116385 4.746866
23 -0.118907 7.015869
23 -0.120451 8.405736
24 -0.117870 6.082711
22 -0.117993 6.194002
25 -0.122213 9.991417
25 -0.116724 5.051721
25 -0.117818 6.036008
26 -0.118353 6.517960
24 -0.120706 8.635091
26 -0.116164 4.547212
22 -0.118546 6.691400
27 -0.121895 9.705641
27 -0.115793 4.213359
28 -0.120185 8.166201
17 -0.121669 9.501899
29 -0.121989 9.790288
18 -0.119662 7.695498
19 -0.121654 9.488908
19 -0.116666 4.999187
30 -0.118709 6.838262
25 -0.120130 8.116636
21 -0.115487 3.938142
24 -0.116144 4.529208
35 -0.118101 6.291251
23 -0.116495 4.845293
35 -0.119591 7.632086
23 -0.120575 8.517760
18 -0.119960 7.964123
25 -0.120398 8.358254
22 -0.115836 4.252510
26 -0.119172 7.254739
27 -0.116353 4.717361
34 -0.116783 5.104809
31 -0.114081 2.672824
24 -0.118991 7.091832
30 -0.121798 9.618551
28 -0.115858 4.272624
21 -0.122034 9.830694
21 -0.119695 7.725721
36 -0.114280 2.852287
19 -0.117348 5.613443
35 -0.119627 7.664500
33 -0.116120 4.508415
30 -0.117313 5.581952
37 -0.120977 8.879413
31 -0.119483 7.534691
29 -0.115235 3.711626
26 -0.119878 7.890164
24 -0.118321 6.488639
19 -0.118878 6.989860
19 -0.119240 7.315827
29 -0.118372 6.534638
29 -0.118236 6.412524
22 -0.117514 5.762505
25 -0.117018 5.316313
30 -0.118850 6.965291
26 -0.118773 6.896101
25 -0.116380 4.742182
32 -0.114673 3.206110
31 -0.115869 4.281720
30 -0.119159 7.243179
17 -0.116972 5.274880
27 -0.116508 4.857045
25 -0.116174 4.556895
37 -0.122186 9.967304
24 -0.115770 4.192669
32 -0.120011 8.009762
28 -0.120480 8.432039
20 -0.119617 7.655607
36 -0.120218 8.195986
24 -0.119208 7.286893
36 -0.117476 5.728229
18 -0.118874 6.986520
24 -0.119727 7.754100
19 -0.120387 8.348278
29 -0.116577 4.919286
21 -0.116362 4.725608
18 -0.118900 7.009574
37 -0.118828 6.945576
25 -0.118464 6.617285
27 -0.114498 3.048193
24 -0.120915 8.823862
22 -0.116782 5.103583
21 -0.119858 7.872541
24 -0.117034 5.330878
34 -0.115627 4.063873
27 -0.118763 6.886968
18 -0.121432 9.288402
32 -0.115567 4.009959
21 -0.118528 6.674770
19 -0.119102 7.191890
27 -0.121342 9.208212
23 -0.120878 8.790251
15 -0.122125 9.912328
30 -0.122161 9.945058
19 -0.117799 6.018920
35 -0.115297 3.767334
19 -0.115352 3.816726
29 -0.118448 6.602977
25 -0.118593 6.733936
30 -0.120090 8.081303
26 -0.116886 5.197326
28 -0.118538 6.684120
20 -0.120970 8.872964
20 -0.120008 8.007174
42 -0.119299 7.369429
20 -0.119177 7.259565
20 -0.117868 6.081412
22 -0.121135 9.021189
19 -0.120176 8.158366
25 -0.116807 5.126615
20 -0.120561 8.505002
19 -0.118591 6.731681
23 -0.121972 9.775088
38 -0.121614 9.452554
31 -0.120428 8.385404
25 -0.119136 7.222250
25 -0.117413 5.672091
26 -0.122215 9.993488
26 -0.121937 9.743342
33 -0.118796 6.916503
26 -0.117459 5.712908
23 -0.120141 8.127251
30 -0.114962 3.465757
42 -0.121135 9.021337
21 -0.122071 9.863797
19 -0.114020 2.618219
26 -0.119160 7.244346
34 -0.117010 5.308928
37 -0.115008 3.507617
18 -0.119924 7.931295
24 -0.117533 5.780113
25 -0.121864 9.677588
34 -0.117334 5.600737
31 -0.118041 6.237246
19 -0.117577 5.819378
19 -0.119633 7.669342
30 -0.118228 6.405433
24 -0.119657 7.690918
31 -0.120020 8.018150
35 -0.121125 9.012220
32 -0.119641 7.676923
22 -0.116669 5.002030
19 -0.118569 6.711877
40 -0.121101 8.991032
34 -0.121506 9.355306
27 -0.116822 5.139895
31 -0.113511 2.159701
19 -0.117922 6.129972
30 -0.120248 8.223308
26 -0.119593 7.633510
26 -0.115901 4.311295
26 -0.117513 5.761371
26 -0.117244 5.519421
23 -0.119769 7.792453
56 -0.118132 6.318611
34 -0.120301 8.270995
29 -0.117266 5.539784
25 -0.116834 5.150187
23 -0.118099 6.288715
21 -0.119906 7.915153
28 -0.119676 7.708286
31 -0.116477 4.829416
26 -0.121255 9.129582
40 -0.121213 9.092129
24 -0.115082 3.574105
27 -0.119380 7.442165
27 -0.115247 3.722376
33 -0.116049 4.444421
35 -0.121269 9.141761
28 -0.118549 6.694518
29 -0.116396 4.756210
41 -0.116335 4.701131
26 -0.117661 5.894865
38 -0.120254 8.228485
45 -0.117812 6.030703
29 -0.115026 3.523461
36 -0.115471 3.923585
41 -0.118333 6.499432
37 -0.114809 3.328290
38 -0.119127 7.214672
33 -0.116807 5.126413
43 -0.119382 7.444197
34 -0.115829 4.246304
52 -0.121057 8.951513
43 -0.120050 8.044770
