15 -0.118572 6.714635
16 -0.122212 9.990890
17 -0.120304 8.273844
17 -0.117055 5.349747
17 -0.117187 5.468344
17 -0.118458 6.612127
18 -0.118043 6.238830
19 -0.115383 3.844295
20 -0.118875 6.987669
20 -0.120404 8.363418
20 -0.118277 6.448860
20 -0.118492 6.642931
21 -0.121043 8.938456
22 -0.120294 8.265035
17 -0.118703 6.832684
23 -0.120039 8.034933
24 -0.115197 3.677589
16 -0.119139 7.225529
24 -0.115624 4.061619
24 -0.116537 4.883372
24 -0.117828 6.045054
25 -0.121015 8.913052
24 -0.118414 6.572655
23 -0.119574 7.616508
19 -0.116111 4.499516
28 -0.122114 9.902427
23 -0.117607 5.846289
24 -0.119269 7.342083
23 -0.120300 8.269911
28 -0.120382 8.343403
19 -0.120730 8.656572
failed to find solution after reaching max emtpy limit -- 24 iterations and 15 function evals
26 -0.117117 5.405654
29 -0.115941 4.346860
19 -0.118430 6.587191
failed to find solution after reaching max emtpy limit -- 25 iterations and 15 function evals
35 -0.115155 3.639607
21 -0.119816 7.834341
24 -0.115817 4.234923
25 -0.121430 9.286621
31 -0.117454 5.708274
28 -0.117217 5.494971
18 -0.114927 3.434032
29 -0.115095 3.585307
24 -0.120560 8.504121
17 -0.120701 8.630862
27 -0.117425 5.682317
23 -0.115819 4.237274
19 -0.114926 3.433423
23 -0.118556 6.700475
30 -0.115604 4.043347
33 -0.114378 2.940378
26 -0.120253 8.227616
failed to find solution after reaching max emtpy limit -- 23 iterations and 14 function evals
24 -0.116526 4.873096
32 -0.118426 6.583602
19 -0.122100 9.890176
32 -0.115208 3.687349
31 -0.117912 6.120665
19 -0.115912 4.321150
24 -0.120041 8.036627
25 -0.119697 7.727410
32 -0.118001 6.201100
25 -0.120225 8.202698
19 -0.122169 9.952527
29 -0.116326 4.693272
19 -0.119798 7.818418
33 -0.116057 4.451697
22 -0.119749 7.773720
22 -0.121083 8.974682
24 -0.121851 9.666017
22 -0.117350 5.615028
17 -0.122152 9.936474
20 -0.117361 5.625152
36 -0.121926 9.733597
23 -0.116583 4.924908
failed to find solution after reaching max emtpy limit -- 43 iterations and 28 function evals
32 -0.115196 3.676066
23 -0.118538 6.684146
22 -0.115684 4.115870
16 -0.116422 4.779496
25 -0.118254 6.428258
21 -0.121059 8.952833
16 -0.121459 9.312961
17 -0.120393 8.353475
25 -0.119786 7.807393
24 -0.115506 3.954989
21 -0.121790 9.610625
20 -0.115130 3.617149
31 -0.118669 6.801898
18 -0.120113 8.101723
40 -0.119941 7.946984
27 -0.116887 5.197979
22 -0.121381 9.242573
39 -0.117265 5.538194
19 -0.118268 6.440952
18 -0.117603 5.842712
32 -0.119990 7.990584
35 -0.121320 9.188166
26 -0.115729 4.155677
23 -0.116660 4.994040
28 -0.115861 4.274566
16 -0.122213 9.991677
26 -0.120900 8.809707
19 -0.117122 5.409927
24 -0.116274 4.646322
24 -0.121671 9.503463
failed to find solution after reaching max emtpy limit -- 22 iterations and 13 function evals
23 -0.120588 8.528865
28 -0.117158 5.442098
24 -0.119046 7.141366
34 -0.115193 3.673661
23 -0.115535 3.981069
22 -0.115900 4.309759
23 -0.117825 6.042644
23 -0.118563 6.707063
37 -0.117549 5.793866
23 -0.121362 9.225729
26 -0.121699 9.529209
17 -0.116081 4.472978
25 -0.117105 5.394578
24 -0.115874 4.286813
21 -0.116806 5.125605
33 -0.116688 5.018837
33 -0.118925 7.032248
23 -0.121300 9.169772
22 -0.120708 8.637534
23 -0.118273 6.446002
18 -0.118519 6.666846
17 -0.117749 5.973994
28 -0.119667 7.700138
21 -0.118532 6.679079
17 -0.116900 5.210413
failed to find solution after reaching max emtpy limit -- 46 iterations and 28 function evals
22 -0.119581 7.623255
24 -0.120172 8.154798
13 -0.119096 7.186117
27 -0.116789 5.110291
32 -0.116944 5.249539
30 -0.120737 8.663510
16 -0.116922 5.230216
33 -0.120126 8.113086
22 -0.117520 5.768115
23 -0.119743 7.769060
20 -0.117505 5.754236
27 -0.121240 9.115631
16 -0.116811 5.130232
31 -0.121435 9.291685
32 -0.118773 6.896071
25 -0.118586 6.727316
26 -0.119392 7.453008
26 -0.120438 8.394196
16 -0.120591 8.531615
30 -0.117153 5.437754
failed to find solution after reaching max emtpy limit -- 35 iterations and 21 function evals
23 -0.121571 9.413833
27 -0.116714 5.042477
38 -0.119998 7.997893
22 -0.115723 4.150638
21 -0.121597 9.437306
18 -0.120627 8.564199
21 -0.117601 5.840881
19 -0.121127 9.013958
19 -0.116723 5.050528
22 -0.118722 6.850031
16 -0.122215 9.993501
20 -0.118266 6.439299
21 -0.117210 5.489379
24 -0.117577 5.819553
22 -0.116216 4.594664
24 -0.119216 7.294678
18 -0.115946 4.351218
20 -0.117840 6.055585
29 -0.120899 8.809285
36 -0.121354 9.218921
19 -0.122198 9.978179
20 -0.119504 7.553732
25 -0.114469 3.022230
27 -0.121887 9.698294
26 -0.120028 8.025570
27 -0.119145 7.230285
24 -0.115494 3.944514
failed to find solution after reaching max emtpy limit -- 33 iterations and 21 function evals
21 -0.116252 4.627170
23 -0.118122 6.309517
34 -0.118965 7.068421
30 -0.118719 6.846929
failed to find solution after reaching max emtpy limit -- 36 iterations and 18 function evals
29 -0.118549 6.694171
27 -0.118272 6.445180
failed to find solution after reaching max emtpy limit -- 26 iterations and 17 function evals
24 -0.119848 7.863432
38 -0.122169 9.951916
25 -0.121398 9.257789
32 -0.121082 8.973843
27 -0.116573 4.915909
30 -0.119683 7.715004
29 -0.118718 6.846494
25 -0.121168 9.051637
failed to find solution after reaching max emtpy limit -- 43 iterations and 34 function evals
