8 28.471710 5.094301
8 28.763757 4.120811
8 28.267181 5.776062
8 28.367366 5.442114
8 28.901763 3.660790
8 29.209779 2.634069
8 27.046781 9.844062
9 29.630254 1.232485
9 27.631907 7.893643
9 27.754900 7.483666
8 29.742698 0.857674
8 29.871214 0.429285
9 29.427709 1.907637
8 29.199783 2.667390
9 28.710040 4.299868
9 29.582736 1.390878
10 28.535318 4.882274
10 29.161815 2.793950
10 29.925702 0.247660
10 29.950870 0.163766
10 29.460080 1.799733
10 27.706587 7.644710
10 28.692932 4.356893
10 29.844444 0.518520
10 28.200755 5.997485
10 27.413948 8.620172
9 28.388827 5.370576
8 29.505949 1.646836
11 28.062362 6.458794
11 29.720217 0.932611
11 29.702333 0.992224
9 27.869371 7.102096
11 28.312942 5.623527
11 29.830045 0.566517
10 28.434633 5.217890
11 29.483372 1.722094
8 28.279526 5.734913
11 29.378767 2.070778
11 29.367407 2.108645
11 27.073717 9.754278
11 28.304202 5.652660
12 28.783069 4.056437
12 29.367119 2.109603
12 29.036299 3.212336
8 29.531956 1.560148
7 27.201674 9.327752
10 29.473751 1.754163
10 28.797319 4.008937
12 28.060898 6.463672
10 28.222376 5.925412
11 28.000672 6.664426
10 29.228306 2.572314
9 27.619176 7.936079
11 28.437301 5.208998
9 27.968022 6.773261
8 28.811298 3.962341
13 29.821546 0.594846
11 28.982626 3.391247
10 29.580427 1.398576
10 28.981244 3.395853
8 28.773620 4.087932
9 29.244355 2.518817
9 29.565567 1.448109
14 27.660421 7.798596
9 27.519547 8.268177
12 29.851625 0.494584
10 28.473772 5.087427
15 28.773426 4.088579
10 29.818756 0.604146
10 28.802109 3.992969
12 27.412273 8.625758
10 28.725116 4.249614
10 28.747350 4.175501
9 29.530889 1.563703
8 27.961902 6.793661
16 27.609745 7.967516
10 28.798689 4.004370
10 28.301512 5.661627
11 27.515005 8.283316
8 28.628374 4.572086
11 28.721725 4.260915
10 28.566157 4.779475
8 29.018925 3.270251
10 28.140222 6.199260
9 29.777067 0.743111
10 28.558567 4.804777
10 29.202466 2.658445
9 27.501814 8.327287
8 28.769574 4.101419
9 27.002440 9.991866
10 29.964104 0.119655
8 29.287638 2.374539
8 28.083477 6.388411
8 28.477128 5.076242
10 27.161466 9.461781
12 29.101413 2.995292
10 28.045106 6.516314
11 29.713043 0.956524
12 29.976460 0.078467
8 28.215475 5.948417
10 28.369554 5.434821
10 29.647542 1.174860
9 28.502527 4.991577
11 29.748017 0.839942
9 28.755148 4.149508
11 29.720624 0.931252
9 27.790332 7.365560
9 28.163157 6.122809
11 29.589488 1.368373
10 28.066671 6.444429
8 28.893780 3.687401
10 27.281592 9.061359
10 28.454561 5.151462
9 29.363654 2.121152
14 28.492271 5.025763
8 28.724841 4.250530
9 29.207286 2.642381
13 28.506937 4.976876
12 29.881967 0.393442
10 29.231958 2.560140
9 29.069469 3.101769
12 29.211150 2.629499
11 29.931024 0.229919
8 27.682030 7.726565
12 27.590009 8.033304
9 29.465119 1.782936
11 28.524237 4.919210
9 27.130793 9.564023
9 27.977037 6.743208
10 29.408932 1.970226
11 28.640502 4.531659
10 29.999018 0.003274
12 28.196285 6.012384
8 28.676803 4.410655
10 29.864436 0.451879
8 27.716672 7.611094
8 29.649716 1.167613
13 27.782459 7.391804
8 29.020185 3.266050
9 27.340863 8.863790
11 27.987109 6.709637
11 28.831814 3.893955
11 29.502824 1.657254
10 29.761066 0.796446
10 29.263800 2.454001
8 28.246734 5.844220
9 28.780818 4.063941
12 28.101612 6.327958
10 29.185764 2.714120
8 27.625538 7.914872
10 28.580074 4.733088
11 27.078710 9.737632
13 27.174141 9.419531
8 28.567947 4.773509
10 28.069629 6.434572
8 27.873550 7.088168
14 29.023324 3.255588
12 28.687437 4.375209
11 29.014118 3.286273
11 28.850279 3.832403
14 27.844210 7.185966
9 28.607278 4.642407
9 27.320417 8.931943
11 28.309403 5.635324
12 28.148976 6.170080
9 28.869114 3.769619
10 29.537659 1.541137
14 29.095981 3.013397
8 29.166544 2.778187
7 27.543686 8.187715
8 29.475482 1.748394
10 29.434698 1.884341
10 29.824585 0.584715
9 29.766596 0.778014
11 29.651414 1.161952
9 29.099029 3.003238
9 27.851296 7.162346
10 29.757611 0.807964
10 29.488202 1.705992
11 29.957643 0.141189
10 29.933750 0.220834
10 29.363180 2.122734
12 29.114383 2.952058
10 29.301071 2.329765
12 29.286120 2.379599
16 29.922658 0.257808
10 29.663134 1.122886
9 29.216126 2.612912
10 29.856007 0.479978
11 27.007246 9.975848
11 28.123544 6.254855
12 29.994602 0.017992
11 28.412482 5.291726
11 28.830050 3.899834
13 28.484536 5.051547
12 28.255999 5.813337
16 29.394303 2.018989
15 29.416856 1.943813
17 29.676242 1.079194
17 29.991984 0.026719
