9 0.914095 8.590541
9 0.954992 4.500761
10 0.904746 9.525391
10 0.921528 7.847215
10 0.931865 6.813494
10 0.924704 7.529632
10 0.961423 3.857704
10 0.955701 4.429862
10 0.942407 5.759325
10 0.900131 9.986897
10 0.929542 7.045802
10 0.937598 6.240189
10 0.957154 4.284554
11 0.963311 3.668913
11 0.958220 4.177990
11 0.908381 9.161920
11 0.965967 3.403254
11 0.924649 7.535123
11 0.940028 5.997225
11 0.955294 4.470586
11 0.905430 9.456989
12 0.970037 2.996265
12 0.950833 4.916677
12 0.967979 3.202132
12 0.919527 8.047294
12 0.901851 9.814892
12 0.917939 8.206071
13 0.961766 3.823362
13 0.954408 4.559216
13 0.930843 6.915744
13 0.930433 6.956737
13 0.950349 4.965079
13 0.943502 5.649755
13 0.913020 8.698038
10 0.901232 9.876772
14 0.942742 5.725757
14 0.924661 7.533900
14 0.961462 3.853842
14 0.930597 6.940329
14 0.961602 3.839842
10 0.915109 8.489091
13 0.947127 5.287254
10 0.958113 4.188734
15 0.966648 3.335245
12 0.935612 6.438831
12 0.949636 5.036421
11 0.950955 4.904540
12 0.964007 3.599308
12 0.959977 4.002279
12 0.925995 7.400456
12 0.903968 9.603223
10 0.904210 9.579006
11 0.906352 9.364833
11 0.900595 9.940452
14 0.938122 6.187813
12 0.924027 7.597334
10 0.943326 5.667425
17 0.953358 4.664249
13 0.961829 3.817118
13 0.974223 2.577731
14 0.944429 5.557121
11 0.966213 3.378726
12 0.970017 2.998337
18 0.954057 4.594265
14 0.940830 5.917035
10 0.900358 9.964163
9 0.953876 4.612414
13 0.948467 5.153339
10 0.921330 7.866955
13 0.953472 4.652848
11 0.922475 7.752511
14 0.957438 4.256193
10 0.925266 7.473398
11 0.965722 3.427825
13 0.941952 5.804767
12 0.924458 7.554166
12 0.950589 4.941127
13 0.920878 7.912216
11 0.945092 5.490800
20 0.970940 2.905951
13 0.910150 8.984969
9 0.916778 8.322203
10 0.947021 5.297924
11 0.956573 4.342735
10 0.904073 9.592739
11 0.946138 5.386159
10 0.907280 9.272048
13 0.921257 7.874337
13 0.942838 5.716189
16 0.969785 3.021511
failed to find solution after reaching max emtpy limit -- 15 iterations and 9 function evals
failed to find solution after reaching max emtpy limit -- 15 iterations and 9 function evals
13 0.954748 4.525187
10 0.952960 4.704021
18 0.958860 4.114046
12 0.905877 9.412254
failed to find solution after reaching max emtpy limit -- 16 iterations and 10 function evals
13 0.968880 3.112013
12 0.928362 7.163791
13 0.950200 4.979960
13 0.910462 8.953805
11 0.960107 3.989264
11 0.931378 6.862193
10 0.948274 5.172637
13 0.903861 9.613851
11 0.916560 8.343983
10 0.910967 8.903316
11 0.929946 7.005379
21 0.969118 3.088198
11 0.957351 4.264912
9 0.905684 9.431588
11 0.906258 9.374222
11 0.947188 5.281155
14 0.911845 8.815480
12 0.956991 4.300945
10 0.934661 6.533866
13 0.953579 4.642133
10 0.909268 9.073241
10 0.945558 5.444199
15 0.950494 4.950577
12 0.908220 9.177986
12 0.959066 4.093367
11 0.960833 3.916654
11 0.966242 3.375838
13 0.933662 6.633773
14 0.943023 5.697693
11 0.949225 5.077535
15 0.917102 8.289768
14 0.935270 6.472982
11 0.900837 9.916313
10 0.939432 6.056808
11 0.911502 8.849834
13 0.921935 7.806546
10 0.955577 4.442307
14 0.958758 4.124193
10 0.927717 7.228282
13 0.965802 3.419794
12 0.964640 3.535978
14 0.949499 5.050063
9 0.914889 8.511076
10 0.960681 3.931944
15 0.939104 6.089593
29 0.929894 7.010634
10 0.921283 7.871668
14 0.909419 9.058147
11 0.904089 9.591147
11 0.950677 4.932291
10 0.962450 3.754974
12 0.932052 6.794827
13 0.929525 7.047480
10 0.919432 8.056775
11 0.948773 5.122652
14 0.925102 7.489762
14 0.937834 6.216593
13 0.936471 6.352870
12 0.933579 6.642135
13 0.958650 4.135036
14 0.967526 3.247413
9 0.944681 5.531855
11 0.955675 4.432478
13 0.935572 6.442842
12 0.950607 4.939297
16 0.950358 4.964159
15 0.961337 3.866314
9 0.917746 8.225388
12 0.932052 6.794798
failed to find solution after reaching max emtpy limit -- 19 iterations and 13 function evals
10 0.933877 6.612304
12 0.950514 4.948564
11 0.952650 4.735013
13 0.956048 4.395224
11 0.923647 7.635287
17 0.968436 3.156386
12 0.967015 3.298509
10 0.927199 7.280054
10 0.905702 9.429831
12 0.952696 4.730402
16 0.962012 3.798787
11 0.961508 3.849210
14 0.942546 5.745433
14 0.922895 7.710511
11 0.941308 5.869181
13 0.945630 5.436953
13 0.909090 9.090990
12 0.918560 8.143983
13 0.960789 3.921082
30 0.930916 6.908395
14 0.918355 8.164456
14 0.969892 3.010787
14 0.918363 8.163699
failed to find solution after reaching max emtpy limit -- 18 iterations and 12 function evals
18 0.929286 7.071382
failed to find solution after reaching max emtpy limit -- 19 iterations and 13 function evals
24 0.909222 9.077781
failed to find solution after reaching max emtpy limit -- 17 iterations and 11 function evals
failed to find solution after reaching max emtpy limit -- 27 iterations and 14 function evals
24 0.963101 3.689946
failed to find solution after reaching max emtpy limit -- 21 iterations and 15 function evals
failed to find solution after reaching max emtpy limit -- 19 iterations and 12 function evals
failed to find solution after reaching max emtpy limit -- 48 iterations and 19 function evals
