10 -1.078707 7.870729
13 -1.049094 4.909402
13 -1.033072 3.307166
14 -1.013058 1.305791
14 -1.002005 0.200461
14 -1.075354 7.535380
16 -1.093669 9.366920
16 -1.079360 7.935985
16 -1.021385 2.138480
17 -1.028316 2.831643
17 -1.013296 1.329599
17 -1.042230 4.223041
17 -1.081909 8.190863
17 -1.004653 0.465271
17 -1.087635 8.763469
17 -1.085178 8.517774
18 -1.098796 9.879640
18 -1.085552 8.555175
18 -1.096812 9.681199
18 -1.024401 2.440079
18 -1.017853 1.785296
18 -1.068773 6.877331
18 -1.041409 4.140859
19 -1.032399 3.239925
19 -1.075896 7.589595
19 -1.049145 4.914526
19 -1.061060 6.105965
19 -1.061403 6.140329
19 -1.074269 7.426921
20 -1.041676 4.167632
20 -1.075819 7.581923
20 -1.008259 0.825918
20 -1.019281 1.928054
13 -1.095781 9.578066
11 -1.004155 0.415521
20 -1.098866 9.886580
13 -1.033858 3.385837
22 -1.031975 3.197466
14 -1.038455 3.845494
23 -1.098906 9.890578
23 -1.053528 5.352777
14 -1.046925 4.692482
18 -1.004970 0.497007
24 -1.090109 9.010862
24 -1.019621 1.962086
16 -1.013268 1.326798
24 -1.032867 3.286667
24 -1.024766 2.476583
14 -1.034542 3.454195
24 -1.039125 3.912513
17 -1.022229 2.222905
25 -1.008571 0.857078
25 -1.037311 3.731082
20 -1.028941 2.894137
14 -1.036291 3.629108
16 -1.008141 0.814136
17 -1.071446 7.144644
22 -1.043969 4.396857
17 -1.088098 8.809810
18 -1.090182 9.018223
26 -1.034616 3.461640
20 -1.049402 4.940227
20 -1.050917 5.091688
26 -1.011259 1.125895
18 -1.070526 7.052645
19 -1.038953 3.895316
16 -1.038267 3.826694
29 -1.040652 4.065155
29 -1.029798 2.979796
17 -1.076361 7.636116
25 -1.084969 8.496944
22 -1.009713 0.971253
16 -1.077853 7.785349
19 -1.079094 7.909445
20 -1.057613 5.761324
19 -1.059533 5.953295
14 -1.035927 3.592743
14 -1.014369 1.436864
22 -1.036455 3.645506
14 -1.048403 4.840336
16 -1.022690 2.268988
20 -1.043273 4.327262
12 -1.043239 4.323860
26 -1.035357 3.535717
17 -1.014451 1.445114
23 -1.008359 0.835864
25 -1.086639 8.663875
22 -1.001339 0.133893
18 -1.092419 9.241912
18 -1.000349 0.034920
22 -1.035604 3.560441
24 -1.016770 1.677028
19 -1.024514 2.451440
17 -1.050159 5.015919
17 -1.075477 7.547695
34 -1.099129 9.912894
16 -1.004426 0.442636
14 -1.098210 9.821038
22 -1.054700 5.470043
22 -1.065093 6.509302
16 -1.071842 7.184210
22 -1.043475 4.347479
19 -1.043288 4.328764
10 -1.094375 9.437457
19 -1.044236 4.423609
22 -1.053126 5.312571
14 -1.090200 9.019990
16 -1.013809 1.380916
16 -1.057211 5.721146
18 -1.059667 5.966728
22 -1.041647 4.164715
18 -1.065469 6.546859
17 -1.096013 9.601330
16 -1.034842 3.484161
28 -1.008288 0.828829
23 -1.024071 2.407120
20 -1.018313 1.831305
17 -1.036252 3.625164
24 -1.079042 7.904193
28 -1.072761 7.276084
18 -1.044049 4.404897
23 -1.036359 3.635889
24 -1.086995 8.699451
25 -1.018899 1.889872
20 -1.003275 0.327485
18 -1.046235 4.623537
17 -1.028845 2.884543
20 -1.038978 3.897817
22 -1.034422 3.442164
19 -1.027096 2.709641
18 -1.039978 3.997777
19 -1.078893 7.889281
17 -1.008773 0.877280
23 -1.010975 1.097475
19 -1.008043 0.804274
16 -1.013389 1.338911
14 -1.060442 6.044206
23 -1.063509 6.350894
17 -1.023122 2.312183
17 -1.040309 4.030944
20 -1.013451 1.345150
16 -1.056452 5.645173
30 -1.046265 4.626505
18 -1.040134 4.013399
24 -1.028927 2.892677
26 -1.051322 5.132226
18 -1.018820 1.882029
22 -1.054061 5.406059
20 -1.084680 8.468013
29 -1.065644 6.564352
13 -1.070847 7.084664
16 -1.003318 0.331759
20 -1.051188 5.118819
24 -1.029004 2.900388
18 -1.067025 6.702482
18 -1.075390 7.538968
23 -1.016199 1.619926
22 -1.064681 6.468053
14 -1.019983 1.998258
22 -1.034257 3.425689
20 -1.072800 7.279978
17 -1.038135 3.813490
16 -1.099284 9.928430
18 -1.010149 1.014872
28 -1.062584 6.258395
23 -1.052665 5.266543
23 -1.047107 4.710746
22 -1.027824 2.782387
17 -1.033484 3.348414
17 -1.026370 2.636960
18 -1.063492 6.349185
23 -1.025379 2.537886
24 -1.064452 6.445158
18 -1.020279 2.027921
14 -1.091313 9.131332
23 -1.051568 5.156753
20 -1.041062 4.106157
25 -1.084107 8.410742
19 -1.094488 9.448795
30 -1.033231 3.323145
17 -1.059341 5.934118
23 -1.000755 0.075549
23 -1.034834 3.483390
22 -1.013011 1.301090
22 -1.054829 5.482886
23 -1.031530 3.152980
22 -1.052956 5.295587
18 -1.066354 6.635370
22 -1.048349 4.834888
19 -1.021417 2.141705
24 -1.051046 5.104551
20 -1.049153 4.915336
22 -1.072489 7.248856
22 -1.059032 5.903163
22 -1.010635 1.063542
24 -1.060938 6.093771
23 -1.053540 5.353991
24 -1.080559 8.055925
31 -1.091977 9.197741
35 -1.046180 4.617955
