11 4.259698 7.110843
13 4.142396 9.668788
13 4.180583 8.836077
13 4.485352 2.190119
13 4.302789 6.171186
13 4.293356 6.376894
13 4.394649 4.168037
13 4.409785 3.837972
13 4.163526 9.208033
13 4.288515 6.482458
14 4.142062 9.676086
14 4.327644 5.629183
14 4.186573 8.705463
14 4.269690 6.892953
14 4.163019 9.219090
16 4.201204 8.386404
16 4.160587 9.272126
16 4.272155 6.839207
11 4.343157 5.290897
17 4.168993 9.088821
11 4.171046 9.044048
17 4.430840 3.378851
17 4.141982 9.677817
13 4.209193 8.212196
13 4.373710 4.624644
14 4.481367 2.277013
12 4.144705 9.618438
19 4.201277 8.384804
13 4.311431 5.982736
19 4.131209 9.912746
12 4.253648 7.242780
12 4.366396 4.784143
14 4.172623 9.009655
20 4.156523 9.360734
19 4.193208 8.560758
22 4.398930 4.074695
17 4.243902 7.455297
12 4.224828 7.871250
23 4.168945 9.089858
23 4.207224 8.255126
24 4.174449 8.969830
24 4.144597 9.620813
14 4.279904 6.670221
25 4.267676 6.936880
16 4.222267 7.927090
10 4.137757 9.769950
26 4.279843 6.671561
17 4.259071 7.124521
17 4.140598 9.708001
14 4.222257 7.927310
20 4.309292 6.029383
19 4.171072 9.043471
19 4.260439 7.094688
20 4.398241 4.089719
31 4.408863 3.858079
34 4.253057 7.255660
22 4.137268 9.780616
25 4.148306 9.539931
19 4.325115 5.684345
19 4.227922 7.803782
25 4.145125 9.609294
20 4.206600 8.268738
31 4.139840 9.724530
34 4.269050 6.906918
17 4.309119 6.033149
18 4.245261 7.425666
11 4.371911 4.663879
20 4.180643 8.834766
10 4.318306 5.832818
41 4.141526 9.687768
32 4.130363 9.931190
16 4.155650 9.379766
23 4.394553 4.170130
14 4.174105 8.977339
35 4.186639 8.704011
43 4.175471 8.947552
14 4.236503 7.616657
20 4.156915 9.352184
16 4.264711 7.001537
12 4.469741 2.530556
38 4.131403 9.908516
16 4.327897 5.623659
36 4.137131 9.783609
11 4.163481 9.209014
48 4.149087 9.522890
17 4.179609 8.857323
28 4.132529 9.883966
17 4.139388 9.734382
32 4.140132 9.718171
18 4.192258 8.581480
22 4.191302 8.602327
16 4.191196 8.604649
53 4.137176 9.782625
14 4.352017 5.097705
12 4.243449 7.465181
42 4.166733 9.138093
26 4.155524 9.382524
24 4.228935 7.781695
21 4.248148 7.362710
12 4.350830 5.123582
44 4.199627 8.420793
20 4.144576 9.621256
13 4.466927 2.591905
25 4.131752 9.900901
20 4.167400 9.123542
23 4.257437 7.160153
11 4.221976 7.933429
36 4.138588 9.751835
31 4.129889 9.941524
20 4.132190 9.891353
12 4.215781 8.068524
20 4.140538 9.709325
28 4.130047 9.938080
13 4.152656 9.445062
36 4.165696 9.160709
30 4.303927 6.146378
14 4.388697 4.297838
18 4.138687 9.749670
13 4.385144 4.375312
16 4.326776 5.648123
29 4.222413 7.923911
36 4.268677 6.915056
29 4.135063 9.828705
19 4.297156 6.294024
12 4.187658 8.681799
16 4.171988 9.023505
41 4.197013 8.477788
17 4.429306 3.412284
13 4.156708 9.356705
14 4.383629 4.408357
48 4.237821 7.587915
47 4.176946 8.915380
17 4.212868 8.132046
22 4.285878 6.539964
16 4.241879 7.499416
18 4.400039 4.050508
36 4.159869 9.287781
11 4.452877 2.898286
32 4.152631 9.445619
18 4.147923 9.548270
13 4.368473 4.738845
37 4.137182 9.782500
16 4.429332 3.411717
11 4.337121 5.422529
30 4.314988 5.905173
22 4.187165 8.692535
23 4.204933 8.305088
11 4.251311 7.293741
70 4.127412 9.995547
24 4.176022 8.935543
14 4.314394 5.918120
16 4.213883 8.109916
28 4.199775 8.417558
81 4.133832 9.855549
29 4.127649 9.990379
14 4.235841 7.631088
17 4.299998 6.232040
19 4.233610 7.679742
17 4.397530 4.105226
18 4.456133 2.827284
36 4.265541 6.983440
30 4.179926 8.850404
23 4.230345 7.750946
61 4.161097 9.260995
47 4.253827 7.238867
42 4.264808 6.999409
31 4.383482 4.411550
32 4.129622 9.947347
44 4.191557 8.596765
66 4.190864 8.611872
71 4.134536 9.840203
62 4.174611 8.966295
21 4.351941 5.099350
45 4.132388 9.887043
80 4.129792 9.943642
67 4.137198 9.782144
54 4.204362 8.317543
63 4.168452 9.100610
38 4.194190 8.539356
88 4.130302 9.932516
105 4.131962 9.896319
46 4.325457 5.676877
73 4.258390 7.139381
102 4.129491 9.950219
84 4.379425 4.500026
84 4.190114 8.628238
67 4.410161 3.829769
87 4.295440 6.331439
80 4.236958 7.606731
75 4.234892 7.651773
83 4.211738 8.156686
109 4.212800 8.133535
116 4.244070 7.451646
114 4.207007 8.259866
93 4.292788 6.389273
141 4.217898 8.022373
124 4.371539 4.671986
130 4.296359 6.311410
151 4.399704 4.057814
failed to find solution in 1200 iterations and 224 function evals
