32 -6.425152 7.085872
34 -6.533884 8.898072
35 -6.530031 8.833858
35 -6.538778 8.979636
37 -6.422759 7.045978
37 -6.547715 9.128583
38 -6.553620 9.227007
40 -6.345218 5.753630
41 -6.351316 5.855274
41 -6.590024 9.833737
41 -6.390173 6.502889
41 -6.575567 9.592777
41 -6.547725 9.128746
41 -6.388057 6.467619
42 -6.415322 6.922029
42 -6.552611 9.210182
42 -6.464477 7.741292
42 -6.396766 6.612761
42 -6.534467 8.907782
43 -6.439030 7.317167
43 -6.563375 9.389591
43 -6.435095 7.251585
43 -6.570912 9.515195
44 -6.385178 6.419637
44 -6.434529 7.242147
44 -6.388357 6.472623
44 -6.416630 6.943826
44 -6.521973 8.699557
44 -6.416736 6.945605
44 -6.255662 4.261032
46 -6.482457 8.040952
46 -6.331879 5.531317
46 -6.457915 7.631923
46 -6.373006 6.216768
46 -6.400768 6.679467
46 -6.388220 6.470336
46 -6.307575 5.126257
47 -6.238893 3.981547
47 -6.267493 4.458224
48 -6.186801 3.113345
49 -6.257433 4.290546
49 -6.595010 9.916827
50 -6.334763 5.579379
52 -6.268479 4.474646
53 -6.280702 4.678369
54 -6.380295 6.338243
54 -6.459321 7.655355
55 -6.313093 5.218217
32 -6.518509 8.641813
31 -6.591429 9.857144
40 -6.432240 7.204003
35 -6.597160 9.952668
35 -6.460669 7.677821
37 -6.321860 5.364341
46 -6.291639 4.860648
42 -6.457260 7.621007
44 -6.361793 6.029877
38 -6.497480 8.291328
49 -6.300897 5.014949
38 -6.350122 5.835371
37 -6.225993 3.766555
49 -6.396295 6.604913
40 -6.240631 4.010512
41 -6.216800 3.613331
38 -6.551800 9.196673
46 -6.563157 9.385958
43 -6.277449 4.624148
46 -6.374256 6.237605
47 -6.294213 4.903549
48 -6.402636 6.710605
43 -6.328102 5.468368
48 -6.424420 7.073671
44 -6.365745 6.095744
48 -6.387093 6.451558
49 -6.252118 4.201959
44 -6.406814 6.780232
46 -6.384823 6.413709
50 -6.587457 9.790952
49 -6.360960 6.015998
47 -6.347858 5.797642
38 -6.472626 7.877092
49 -6.479996 7.999925
48 -6.524639 8.743986
43 -6.304681 5.078013
42 -6.543304 9.055064
50 -6.320291 5.338191
37 -6.418282 6.971367
52 -6.483881 8.064684
49 -6.495682 8.261361
49 -6.334071 5.567848
53 -6.198914 3.315231
55 -6.291529 4.858817
38 -6.556583 9.276392
35 -6.548019 9.133656
50 -6.333372 5.556199
58 -6.217888 3.631471
54 -6.593989 9.899815
52 -6.313611 5.226847
53 -6.411148 6.852465
42 -6.300707 5.011788
37 -6.401333 6.688888
40 -6.571482 9.524697
42 -6.408487 6.808124
41 -6.409028 6.817141
40 -6.597224 9.953734
42 -6.252200 4.203331
46 -6.536537 8.942277
42 -6.352399 5.873316
46 -6.556834 9.280569
52 -6.217683 3.628053
49 -6.386282 6.438028
38 -6.566944 9.449070
41 -6.574383 9.573043
37 -6.556168 9.269460
42 -6.337382 5.623026
41 -6.546281 9.104681
41 -6.519611 8.660187
46 -6.405302 6.755034
46 -6.309282 5.154698
46 -6.391751 6.529185
48 -6.461874 7.697893
40 -6.479805 7.996754
43 -6.338398 5.639966
44 -6.582164 9.702728
43 -6.388200 6.470000
47 -6.233467 3.891120
48 -6.376532 6.275534
42 -6.597839 9.963990
52 -6.365688 6.094792
46 -6.427158 7.119301
43 -6.527080 8.784670
46 -6.497073 8.284543
47 -6.394077 6.567943
50 -6.321446 5.357436
49 -6.539459 8.990990
47 -6.591235 9.853919
40 -6.293789 4.896477
46 -6.318528 5.308796
44 -6.492665 8.211086
30 -6.476563 7.942720
32 -6.364065 6.067746
42 -6.357767 5.962786
50 -6.407857 6.797613
59 -6.413777 6.896286
47 -6.409416 6.823604
41 -6.349307 5.821776
52 -6.357041 5.950685
50 -6.488125 8.135425
42 -6.389332 6.488870
34 -6.576327 9.605451
53 -6.268607 4.476777
42 -6.536978 8.949628
42 -6.421275 7.021248
47 -6.429289 7.154817
48 -6.463004 7.716731
55 -6.276563 4.609377
37 -6.529562 8.826026
40 -6.273897 4.564950
43 -6.555627 9.260448
43 -6.534248 8.904138
44 -6.553294 9.221564
38 -6.533782 8.896368
42 -6.551818 9.196965
53 -6.236580 3.943005
44 -6.226195 3.769919
48 -6.232797 3.879950
52 -6.304943 5.082389
48 -6.396387 6.606447
52 -6.298365 4.972746
46 -6.584656 9.744259
49 -6.300377 5.006283
37 -6.552279 9.204647
46 -6.280392 4.673192
47 -6.378059 6.300983
43 -6.367772 6.129531
56 -6.268924 4.482073
47 -6.470116 7.835259
47 -6.369652 6.160864
35 -6.457228 7.620464
38 -6.402383 6.706391
52 -6.240924 4.015398
47 -6.341100 5.684995
44 -6.419200 6.986664
49 -6.316926 5.282092
48 -6.504209 8.403479
50 -6.370573 6.176222
42 -6.552468 9.207806
37 -6.436844 7.280741
46 -6.445918 7.431970
55 -6.235512 3.925196
53 -6.290599 4.843315
47 -6.440170 7.336170
46 -6.301308 5.021799
48 -6.264885 4.414749
43 -6.364631 6.077187
44 -6.422445 7.040756
49 -6.490998 8.183292
47 -6.395459 6.590980
46 -6.298887 4.981443
52 -6.296226 4.937093
