17 14.856448 0.957016
17 13.548907 9.673953
19 13.789986 8.066758
20 13.912267 7.251553
27 14.334871 4.434192
28 13.779371 8.137526
22 14.260329 4.931140
23 14.537091 3.086062
23 14.589544 2.736374
28 13.792418 8.050548
29 14.344416 4.370557
27 14.534664 3.102239
18 14.131217 5.791884
21 14.533425 3.110499
30 14.034408 6.437280
24 14.155320 5.631203
25 14.982232 0.118452
27 14.808069 1.279541
25 14.280649 4.795676
16 13.700457 8.663622
16 14.119879 5.867472
26 14.282443 4.783713
26 13.778247 8.145022
28 14.727583 1.816116
18 14.003070 6.646202
24 14.691526 2.056493
25 14.427956 3.813627
26 14.686057 2.092953
25 14.074638 6.169082
18 14.301243 4.658377
27 14.532362 3.117588
26 14.778767 1.474888
22 14.607489 2.616740
17 13.862234 7.585104
26 13.835046 7.766360
20 13.735261 8.431594
29 14.838655 1.075631
30 14.653477 2.310155
22 14.291641 4.722391
25 14.928712 0.475255
23 13.942015 7.053233
29 14.462737 3.581754
28 14.199977 5.333488
30 14.472478 3.516812
30 14.560278 2.931481
23 14.353938 4.307083
31 14.479591 3.469396
30 14.749565 1.669567
34 14.596212 2.691921
28 14.174783 5.501448
26 14.553201 2.978658
26 14.497350 3.350997
19 14.310568 4.596213
30 14.507699 3.282006
27 13.951659 6.988939
81 14.656148 2.292346
21 14.152340 5.651063
21 14.444246 3.705025
31 14.948271 0.344861
27 14.244354 5.037643
31 14.887145 0.752363
23 14.586086 2.759425
23 14.347420 4.350531
23 14.566222 2.891851
23 13.791735 8.055099
23 13.546278 9.691477
21 13.953146 6.979024
34 14.615781 2.561458
26 13.892945 7.380367
23 14.435527 3.763153
26 14.573368 2.844212
17 14.042964 6.380237
25 14.439425 3.737164
27 14.728240 1.811734
25 14.694196 2.038694
28 14.394120 4.039198
24 14.276950 4.820331
23 13.531115 9.792567
30 14.293872 4.707517
39 14.777237 1.485085
27 14.277251 4.818328
20 13.936790 7.088068
34 14.854075 0.972831
17 13.681670 8.788866
26 14.356052 4.292986
22 14.117955 5.880301
22 14.753945 1.640364
23 14.625985 2.493433
23 14.311924 4.587171
31 14.530692 3.128720
25 14.364970 4.233531
28 13.688348 8.744346
28 13.600976 9.326827
31 14.205965 5.293568
33 14.525256 3.164958
26 14.829622 1.135857
31 14.557216 2.951891
25 14.570100 2.866000
23 14.217486 5.216757
30 13.869815 7.534568
21 14.290747 4.728352
28 14.425222 3.831852
110 14.458883 3.607447
24 13.912866 7.247561
27 14.541406 3.057295
24 13.628939 9.140405
92 13.856543 7.623046
36 14.887270 0.751530
23 14.521251 3.191657
28 14.435854 3.760976
114 14.652480 2.316801
31 14.383409 4.110606
26 14.867159 0.885609
107 14.896924 0.687172
24 14.813116 1.245890
20 13.815756 7.894960
37 14.639006 2.406625
22 14.460721 3.595194
114 14.885409 0.763937
21 13.597778 9.348148
27 14.513117 3.245885
23 14.264391 4.904063
104 14.954339 0.304408
32 14.526998 3.153349
29 14.867829 0.881142
117 14.700380 1.997464
27 14.699517 2.003223
101 14.709385 1.937431
24 14.490041 3.399729
18 14.716743 1.888378
17 14.440480 3.730134
26 14.782428 1.450480
19 13.966088 6.892749
28 14.928376 0.477496
30 13.692078 8.719478
26 14.525493 3.163381
28 14.910339 0.597742
114 14.948989 0.340072
31 14.888895 0.740699
28 14.199750 5.334997
27 13.958281 6.944796
20 14.579086 2.806093
26 14.622597 2.516022
19 14.748783 1.674779
21 14.304614 4.635905
113 14.616657 2.555623
112 14.886829 0.754472
28 14.750854 1.660976
24 14.447035 3.686431
25 14.722251 1.851663
34 14.576573 2.822846
148 14.733182 1.778785
102 14.917704 0.548638
19 14.565137 2.899085
25 14.196963 5.353580
157 13.839159 7.738941
176 14.348628 4.342481
32 14.761722 1.588522
31 14.877404 0.817309
24 14.153513 5.643249
26 14.797378 1.350810
23 14.564089 2.906076
38 14.633614 2.442574
120 14.758529 1.609810
182 14.508291 3.278057
130 14.585120 2.765867
111 14.878553 0.809644
107 14.453875 3.640833
31 13.981769 6.788209
114 14.620316 2.531227
126 14.149551 5.669661
167 14.183705 5.441969
127 14.607934 2.613775
104 14.737703 1.748645
157 14.494035 3.373100
26 14.435730 3.761803
141 14.400224 3.998503
27 14.447510 3.683268
164 14.381834 4.121108
151 14.495165 3.365567
97 14.156361 5.624259
204 14.754750 1.635002
114 14.891456 0.723627
136 14.317128 4.552483
36 14.677312 2.151254
195 14.620928 2.527148
150 14.454445 3.637031
156 14.204569 5.302873
33 14.905890 0.627397
29 14.905987 0.626752
138 14.399562 4.002917
158 14.676977 2.153486
211 14.783555 1.442969
171 14.585142 2.765721
168 14.690726 2.061829
172 14.688885 2.074098
269 14.466324 3.557842
284 14.567307 2.884619
249 14.562332 2.917784
336 14.781934 1.453771
