17 -1.031724 8.200611
17 -0.986808 3.490073
17 -1.036450 8.696282
17 -0.989842 3.808269
17 -1.046525 9.752796
19 -0.972416 1.980767
19 -0.979165 2.688578
19 -1.019017 6.868012
19 -1.043860 9.473313
19 -1.006661 5.572165
19 -1.047134 9.816673
19 -1.029084 7.923789
22 -0.998969 4.765501
22 -1.041507 9.226581
22 -1.016109 6.562959
22 -0.981928 2.978332
22 -1.022229 7.204847
22 -0.977559 2.520156
22 -1.042754 9.357375
22 -0.972086 1.946116
22 -0.965685 1.274811
22 -0.977440 2.507627
22 -1.039406 9.006204
22 -0.999062 4.775188
22 -0.978204 2.587800
24 -1.033670 8.404692
24 -0.989650 3.788113
24 -0.996491 4.505645
24 -0.982798 3.069535
24 -0.973149 2.057671
24 -0.990917 3.920982
24 -1.038153 8.874860
24 -0.982182 3.004907
23 -1.044467 9.537059
24 -0.961440 0.829684
24 -1.011213 6.049530
24 -0.987548 3.567755
24 -0.978012 2.567584
24 -0.989504 3.772863
24 -0.980398 2.817829
23 -1.030877 8.111770
26 -0.956417 0.302893
25 -1.036380 8.688947
26 -1.033764 8.414542
26 -0.987506 3.563270
26 -0.989419 3.763879
28 -1.019009 6.867163
19 -0.963033 0.996701
28 -0.970152 1.743364
17 -1.032820 8.315589
24 -1.027191 7.725213
17 -0.974617 2.211603
19 -1.039608 9.027393
22 -1.020945 7.070152
22 -1.025039 7.499570
22 -0.982433 3.031267
22 -1.036556 8.707350
19 -1.013143 6.251941
19 -0.971112 1.843988
22 -0.988357 3.652582
22 -0.970388 1.768066
24 -1.015744 6.524710
19 -1.000052 4.879034
26 -0.961238 0.808507
19 -0.996410 4.497105
19 -0.975406 2.294312
24 -1.021610 7.139924
21 -0.995058 4.355303
24 -1.018645 6.828971
22 -0.976955 2.456813
19 -1.038706 8.932843
19 -0.984658 3.264666
22 -0.987545 3.567396
22 -0.967783 1.494873
22 -1.014472 6.391293
22 -0.993357 4.176961
19 -1.025194 7.515738
22 -1.002795 5.166754
22 -1.038140 8.873500
22 -0.999946 4.867954
22 -1.010543 5.979262
24 -0.996409 4.497037
19 -1.018290 6.791728
24 -1.020965 7.072316
24 -0.983130 3.104351
25 -0.986107 3.416541
22 -1.006220 5.525882
24 -1.017853 6.745862
24 -0.968621 1.582741
22 -1.008531 5.768245
24 -1.036728 8.725394
26 -1.030971 8.121661
22 -1.004314 5.326004
28 -0.974681 2.218283
17 -1.024833 7.477890
24 -0.979915 2.767212
24 -0.995843 4.437610
19 -0.974726 2.223065
19 -0.970070 1.734780
19 -0.973187 2.061651
24 -0.959414 0.617174
22 -1.045188 9.612635
22 -0.991570 3.989486
22 -0.965354 1.240134
17 -1.000449 4.920705
22 -0.994631 4.310526
22 -1.023150 7.301434
26 -0.973196 2.062593
24 -0.996530 4.509714
19 -0.978210 2.588373
19 -0.995273 4.377895
22 -1.044195 9.508522
22 -1.031265 8.152516
24 -1.008393 5.753763
24 -1.028121 7.822709
22 -1.008775 5.793878
22 -1.027096 7.715232
22 -1.022598 7.243552
22 -1.034583 8.500404
19 -1.042046 9.283092
19 -0.960985 0.781961
19 -1.008060 5.718883
19 -0.980612 2.840353
25 -1.022851 7.270112
24 -0.996646 4.521819
24 -1.000750 4.952216
24 -0.958307 0.501103
24 -1.027859 7.795282
22 -1.044651 9.556316
25 -0.997643 4.626371
26 -0.974909 2.242222
24 -0.993862 4.229869
19 -0.972777 2.018662
25 -0.986541 3.462073
24 -1.004116 5.305213
22 -1.018514 6.815186
17 -0.998471 4.713252
15 -1.019208 6.887968
22 -1.028874 7.901741
22 -1.006088 5.512024
24 -1.028403 7.852367
24 -1.014467 6.390851
24 -0.981055 2.886816
22 -0.990040 3.829070
24 -0.986706 3.479411
19 -1.034780 8.521123
24 -0.984406 3.238164
22 -0.977826 2.548171
22 -1.009739 5.894987
19 -0.980970 2.877903
24 -0.988542 3.671998
22 -0.994223 4.267778
22 -1.044578 9.548642
19 -0.991126 3.942978
28 -0.973621 2.107088
22 -0.979961 2.772018
22 -0.963355 1.030473
22 -1.019699 6.939548
24 -0.994546 4.301660
17 -1.041027 9.176266
19 -0.988530 3.670701
24 -0.975498 2.304016
22 -1.005660 5.467216
22 -0.968600 1.580568
24 -1.005903 5.492677
22 -1.011993 6.131346
22 -1.031604 8.188041
22 -1.023743 7.363614
19 -1.042575 9.338604
27 -1.018974 6.863453
22 -0.991681 4.001128
22 -1.046584 9.759054
24 -0.967572 1.472761
19 -1.014893 6.435485
24 -0.969089 1.631805
19 -1.011072 6.034756
22 -0.978855 2.656003
19 -1.031194 8.145022
24 -0.985531 3.356153
22 -1.003878 5.280271
24 -0.998863 4.754305
26 -0.994178 4.263006
22 -0.980496 2.828121
22 -1.021781 7.157828
26 -0.983403 3.133016
24 -1.030990 8.123651
26 -0.961817 0.869160
22 -1.023890 7.379047
24 -0.979673 2.741871
19 -1.012770 6.212835
24 -0.975573 2.311824
24 -1.014975 6.444059
22 -1.011592 6.089254
26 -0.979988 2.774865
26 -0.973734 2.118951
22 -1.005403 5.440278
26 -0.973452 2.089463
26 -1.040823 9.154891
24 -0.966645 1.375515
24 -0.987180 3.529133
