20 21.456318 5.175575
25 21.701755 4.090888
23 20.510762 9.354384
27 21.770650 3.786412
27 22.225888 1.774525
26 20.667282 8.662655
24 21.091467 6.788004
31 21.827575 3.534837
28 21.159814 6.485949
32 21.400411 5.422650
41 20.616750 8.885975
31 20.605287 8.936635
32 21.886841 3.272913
28 22.256515 1.639172
30 21.553517 4.746012
53 21.042977 7.002301
32 21.650880 4.315725
32 21.234261 6.156939
53 22.304365 1.427703
31 21.793753 3.684310
30 21.477259 5.083027
32 21.349898 5.645891
37 21.295970 5.884221
32 20.833176 7.929499
43 21.874691 3.326608
37 22.386827 1.063266
33 22.371091 1.132810
34 22.359421 1.184386
46 21.481643 5.063653
31 22.170750 2.018202
43 21.321368 5.771975
27 20.788955 8.124932
31 20.462325 9.568446
47 22.406669 0.975576
38 22.048126 2.560128
33 21.865817 3.365827
33 22.209519 1.846867
39 20.926015 7.519206
36 20.371097 9.971621
31 21.889264 3.262206
39 21.224885 6.198375
32 21.913755 3.153970
32 21.994503 2.797110
19 20.947439 7.424526
31 21.391419 5.462392
35 20.689910 8.562654
41 22.612638 0.065316
37 21.932797 3.069818
33 21.821681 3.560884
36 21.070582 6.880303
38 21.068087 6.891329
35 20.862840 7.798402
22 20.831070 7.938806
40 21.345467 5.665472
45 22.504464 0.543380
41 22.165297 2.042299
37 21.985578 2.836555
63 22.562112 0.288611
28 21.828326 3.531518
33 20.562104 9.127478
43 20.886221 7.695070
51 22.447997 0.792933
30 21.214094 6.246066
22 21.643862 4.346741
38 20.802852 8.063516
27 20.763190 8.238797
26 21.457262 5.171405
55 20.380580 9.929709
37 21.976764 2.875507
32 21.689816 4.143648
35 21.505147 4.959780
47 22.016550 2.699674
43 21.869662 3.348837
36 22.191604 1.926041
46 21.730936 3.961922
36 21.238696 6.137336
45 20.418529 9.761996
37 22.002963 2.759723
42 21.773389 3.774308
43 21.887991 3.267832
31 20.673528 8.635053
47 22.406767 0.975146
40 21.639943 4.364061
39 20.454346 9.603706
29 22.097987 2.339772
32 22.030323 2.638808
36 21.760782 3.830024
41 22.246951 1.681439
26 20.500721 9.398757
42 21.580516 4.626692
38 21.151859 6.521107
31 21.046911 6.984918
26 20.786553 8.135547
39 22.539001 0.390749
34 21.397185 5.436907
34 20.755131 8.274412
30 22.160484 2.063570
36 20.726462 8.401115
38 21.839527 3.482014
37 21.666195 4.248041
39 22.059525 2.509750
26 21.884124 3.284923
30 21.377762 5.522749
25 20.439715 9.668366
40 22.607232 0.089206
35 21.988018 2.825770
35 21.539665 4.807228
16 21.238244 6.139335
31 20.418853 9.760565
50 22.541479 0.379794
26 21.617421 4.463593
57 22.551115 0.337212
53 22.025829 2.658667
36 21.518479 4.900861
10 20.823994 7.970081
32 20.450032 9.622772
39 21.913363 3.155703
36 22.363744 1.165281
26 20.773675 8.192460
41 22.257054 1.636788
45 22.160224 2.064722
37 21.519998 4.894148
24 22.042674 2.584224
38 20.665645 8.669888
37 22.383164 1.079455
41 22.535308 0.407068
34 22.432322 0.862208
38 21.552074 4.752388
39 20.913871 7.572875
33 20.954604 7.392857
31 22.262581 1.612363
32 20.488826 9.451326
37 21.863190 3.377436
32 21.265731 6.017857
37 20.384102 9.914147
31 22.164700 2.044939
45 22.309695 1.404146
38 22.121395 2.236322
30 21.532267 4.839927
43 22.043714 2.579627
42 21.759662 3.834973
38 22.448359 0.791330
42 22.002013 2.763921
47 20.444492 9.647256
42 21.061962 6.918400
50 22.109297 2.289788
38 20.453311 9.608283
38 22.521204 0.469399
36 22.539520 0.388453
39 21.115956 6.679775
39 21.043682 6.999185
36 20.616589 8.886690
52 20.837302 7.911267
30 21.714170 4.036020
43 22.555744 0.316751
25 21.759901 3.833914
49 20.769747 8.209820
37 21.653040 4.306177
25 21.167715 6.451031
33 20.851031 7.850593
37 21.942734 3.025898
42 21.830023 3.524015
43 21.006757 7.162372
26 20.812270 8.021890
36 22.281434 1.529043
28 21.599168 4.544260
39 21.931322 3.076334
29 20.712506 8.462791
34 22.381228 1.088010
35 20.869956 7.766954
29 21.294908 5.888913
41 22.171189 2.016261
32 21.523935 4.876749
37 20.495190 9.423203
48 21.788918 3.705679
33 21.987670 2.827308
44 22.012614 2.717070
43 21.358772 5.606673
42 21.322851 5.765422
33 22.212917 1.831847
43 22.593215 0.151151
39 20.757490 8.263986
40 21.669026 4.235531
35 20.878571 7.728879
27 21.477350 5.082626
39 21.225511 6.195606
38 22.060778 2.504215
38 22.254273 1.649079
41 22.439890 0.828762
34 21.151714 6.521748
43 21.048114 6.979600
35 21.766874 3.803098
49 22.608430 0.083913
45 22.326818 1.328472
41 22.479234 0.654883
39 21.883407 3.288092
38 22.242909 1.699303
41 22.605405 0.097279
38 21.180754 6.393406
52 22.331775 1.306566
