10 -6747.978549 7.113450
10 -6786.920806 7.731596
10 -6877.733595 9.173105
11 -6918.983517 9.827882
11 -6815.737098 8.189009
12 -6750.427645 7.152325
12 -6889.040376 9.352582
12 -6833.986212 8.478685
13 -6885.008309 9.288580
13 -6805.335068 8.023893
13 -6913.405539 9.739341
10 -6807.114778 8.052143
14 -6861.423400 8.914207
14 -6823.869279 8.318095
19 -6921.089191 9.861306
16 -6917.948745 9.811457
20 -6888.050840 9.336875
17 -6929.519550 9.995125
23 -6867.812986 9.015631
23 -6926.892334 9.953422
24 -6919.996556 9.843963
25 -6881.769350 9.237166
10 -6571.556683 4.313033
26 -6889.483210 9.359612
29 -6869.933024 9.049283
22 -6806.514734 8.042619
28 -6903.593560 9.583591
26 -6885.639842 9.298604
26 -6919.866998 9.841906
12 -6899.970073 9.526074
12 -6856.791073 8.840676
17 -6844.410776 8.644158
37 -6928.379896 9.977035
19 -6895.842225 9.460551
12 -6828.100726 8.385262
47 -6911.756977 9.713172
48 -6924.443509 9.914551
16 -6855.390692 8.818447
19 -6798.021718 7.907806
41 -6867.804525 9.015497
47 -6921.153274 9.862324
56 -6895.499444 9.455110
13 -6844.391358 8.643850
57 -6874.181680 9.116724
31 -6839.992549 8.574026
31 -6491.718993 3.045736
28 -6926.747711 9.951126
40 -6927.037993 9.955734
23 -6852.862357 8.778314
62 -6575.211296 4.371044
74 -6926.433224 9.946134
43 -6926.456918 9.946511
16 -6854.000297 8.796377
68 -6913.594768 9.742344
37 -6857.227048 8.847596
100 -6616.707667 5.029733
25 -6929.382080 9.992943
41 -6851.677392 8.759504
80 -6812.894746 8.143891
23 -6892.411434 9.406092
69 -6921.877579 9.873821
56 -6925.809844 9.936239
52 -6556.941460 4.081039
114 -6918.950838 9.827363
28 -6902.471821 9.565785
82 -6897.855490 9.492508
19 -6892.308135 9.404453
35 -6885.848137 9.301911
68 -6741.313976 7.007660
30 -6699.869209 6.349790
39 -6434.023053 2.129904
26 -6926.536824 9.947779
18 -6862.497461 8.931256
28 -6921.031368 9.860389
23 -6919.914174 9.842655
137 -6924.383595 9.913600
16 -6923.477577 9.899218
20 -6874.813400 9.126752
104 -6925.079343 9.924644
10 -6660.726489 5.728462
16 -6802.571857 7.980032
11 -6649.338659 5.547698
13 -6780.491198 7.629536
19 -6841.626151 8.599957
22 -6881.497733 9.232855
34 -6918.784550 9.824724
139 -6924.467400 9.914930
67 -6614.422358 4.993457
14 -6790.998027 7.796316
11 -6881.358585 9.230646
103 -6911.435045 9.708062
10 -6749.212476 7.133036
60 -6927.394400 9.961392
10 -6364.740979 1.030161
20 -6872.308212 9.086986
57 -6928.221736 9.974524
102 -6872.898020 9.096348
18 -6912.921871 9.731663
72 -6889.903087 9.366276
21 -6769.661692 7.457635
14 -6657.317084 5.674343
10 -6376.161150 1.211439
29 -6895.202484 9.450396
53 -6918.456339 9.819514
28 -6853.918003 8.795070
24 -6754.604075 7.218619
23 -6889.760139 9.364007
15 -6766.849442 7.412995
189 -6438.857095 2.206637
73 -6392.876575 1.476769
10 -6379.556224 1.265330
157 -6923.722205 9.903101
19 -6855.423113 8.818962
10 -6697.785702 6.316718
51 -6924.040971 9.908161
85 -6913.044841 9.733615
49 -6920.638443 9.854151
193 -6638.015627 5.367963
17 -6887.771570 9.332442
83 -6928.641002 9.981179
57 -6504.731381 3.252287
36 -6816.676582 8.203922
14 -6857.126943 8.846007
34 -6574.314869 4.356814
103 -6921.382566 9.865963
51 -6919.436441 9.835072
14 -6882.999497 9.256693
10 -6849.814125 8.729928
76 -6897.113555 9.480731
39 -6836.111865 8.512426
109 -6791.476741 7.803914
51 -6920.739243 9.855752
63 -6844.596236 8.647102
10 -6570.605915 4.297941
13 -6858.452490 8.867048
26 -6881.630395 9.234961
39 -6923.284194 9.896149
140 -6915.101439 9.766260
157 -6926.218428 9.942725
79 -6908.401311 9.659906
72 -6617.731421 5.045983
58 -6653.590123 5.615183
53 -6919.217386 9.831594
88 -6917.956867 9.811586
172 -6922.621076 9.885623
36 -6893.123148 9.417390
39 -6885.907408 9.302851
19 -6926.862230 9.952944
110 -6579.553986 4.439977
16 -6855.969109 8.827628
65 -6862.888021 8.937455
32 -6927.487322 9.962867
25 -6926.994268 9.955040
64 -6915.709846 9.775918
140 -6922.231817 9.879444
25 -6859.529670 8.884147
31 -6922.898482 9.890026
27 -6477.967126 2.827447
125 -6911.144113 9.703444
131 -6488.592643 2.996110
52 -6913.930875 9.747679
203 -6779.744440 7.617683
273 -6927.296912 9.959844
117 -6906.506014 9.629822
56 -6905.097843 9.607469
37 -6884.142409 9.274835
72 -6919.713207 9.839465
100 -6924.594311 9.916945
76 -6892.776161 9.411882
131 -6917.572937 9.805491
222 -6642.774342 5.443500
50 -6558.764652 4.109979
215 -6346.131813 0.734771
155 -6514.742420 3.411196
158 -6891.665136 9.394246
49 -6840.850656 8.587647
128 -6925.518171 9.931609
222 -6880.266182 9.213306
238 -6478.688973 2.838905
192 -6792.139033 7.814427
124 -6459.826005 2.539485
147 -6667.658019 5.838489
267 -6919.797274 9.840799
161 -6776.964676 7.573558
212 -6929.201334 9.990074
109 -6928.871296 9.984835
317 -6927.653236 9.965500
197 -6646.367723 5.500539
404 -6754.072777 7.210186
530 -6719.119767 6.655362
275 -6740.209727 6.990132
497 -6907.824952 9.650758
493 -6809.478211 8.089659
589 -6925.460209 9.930689
332 -6693.379637 6.246779
419 -6775.684587 7.553239
failed to find solution in 1200 iterations and 436 function evals
failed to find solution in 1200 iterations and 528 function evals
681 -6862.371767 8.929260
failed to find solution in 1200 iterations and 685 function evals
