25 -1195.671801 5.219455
25 -1184.437658 4.230847
25 -1153.952622 1.548156
25 -1168.665973 2.842935
25 -1170.484048 3.002926
25 -1151.495752 1.331950
25 -1150.058748 1.205494
25 -1166.113028 2.618275
25 -1145.179738 0.776139
25 -1166.000068 2.608334
25 -1166.615977 2.662535
25 -1172.392775 3.170894
25 -1170.778484 3.028836
25 -1168.459388 2.824755
25 -1143.637603 0.640431
25 -1156.119065 1.738803
25 -1162.058906 2.261511
25 -1158.083999 1.911718
25 -1151.466695 1.329393
25 -1165.872758 2.597131
25 -1160.256196 2.102872
25 -1170.681931 3.020340
25 -1159.174396 2.007673
25 -1156.710968 1.790891
25 -1159.319515 2.020444
25 -1158.839223 1.978178
25 -1166.657753 2.666211
25 -1174.650989 3.369618
25 -1160.929069 2.162085
25 -1152.779755 1.444943
25 -1155.129311 1.651705
25 -1162.041235 2.259956
25 -1162.376954 2.289499
25 -1167.409539 2.732368
25 -1162.997206 2.344082
25 -1158.258875 1.927107
25 -1144.753132 0.738598
25 -1162.948177 2.339767
25 -1159.492829 2.035695
25 -1175.104418 3.409520
25 -1149.810306 1.183631
25 -1198.337747 5.454059
25 -1183.867489 4.180672
25 -1160.393431 2.114949
25 -1198.219649 5.443667
25 -1182.687986 4.076876
25 -1166.259544 2.631168
25 -1175.748829 3.466228
25 -1173.140009 3.236651
25 -1164.759468 2.499161
25 -1188.170872 4.559371
25 -1158.310898 1.931685
25 -1168.801192 2.854834
25 -1153.284543 1.489365
25 -1146.922817 0.929531
25 -1156.450577 1.767976
25 -1162.412275 2.292608
25 -1168.526041 2.830621
25 -1153.571792 1.514643
25 -1157.479631 1.858533
25 -1148.627098 1.079508
25 -1177.792853 3.646103
25 -1147.255558 0.958812
25 -1171.516493 3.093781
25 -1186.762415 4.435427
25 -1170.644109 3.017011
25 -1165.326338 2.549046
25 -1163.895951 2.423171
25 -1151.220270 1.307708
25 -1180.333192 3.869653
25 -1166.457115 2.648555
25 -1160.035600 2.083459
25 -1156.450456 1.767966
25 -1160.470610 2.121740
25 -1154.363178 1.584285
25 -1168.984993 2.871009
25 -1166.308667 2.635491
25 -1172.854945 3.211565
25 -1166.027216 2.610723
25 -1155.289647 1.665814
25 -1150.039405 1.203791
25 -1153.322976 1.492747
25 -1146.913754 0.928733
25 -1158.208725 1.922694
25 -1148.206451 1.042491
25 -1174.840223 3.386270
25 -1156.379272 1.761702
25 -1171.225603 3.068183
25 -1178.460835 3.704885
25 -1181.649026 3.985447
25 -1147.102828 0.945372
25 -1165.038361 2.523704
25 -1166.979428 2.694518
25 -1179.973333 3.837986
25 -1166.041413 2.611973
25 -1161.535998 2.215495
25 -1157.976045 1.902218
25 -1189.377734 4.665576
25 -1177.266557 3.599789
25 -1172.743263 3.201737
25 -1145.806229 0.831271
25 -1170.283028 2.985236
25 -1176.146497 3.501223
25 -1186.979377 4.454519
25 -1157.952951 1.900186
25 -1166.046605 2.612430
25 -1147.913611 1.016721
25 -1178.266357 3.687771
25 -1169.095399 2.880724
25 -1171.570621 3.098545
25 -1158.192162 1.921236
25 -1150.516035 1.245735
25 -1158.568433 1.954348
25 -1198.688748 5.484947
25 -1194.106928 5.081746
25 -1153.580515 1.515410
25 -1171.223707 3.068016
25 -1194.868186 5.148737
25 -1186.632599 4.424003
25 -1148.839481 1.098198
25 -1163.136198 2.356313
25 -1160.451034 2.120018
25 -1145.291141 0.785943
25 -1203.351653 5.895284
25 -1170.910016 3.040411
25 -1161.052722 2.172966
25 -1163.477493 2.386347
25 -1166.465597 2.649301
25 -1154.057755 1.557407
25 -1142.003677 0.496645
25 -1171.911325 3.128527
25 -1182.889683 4.094625
25 -1164.198953 2.449836
25 -1189.552863 4.680987
25 -1148.403835 1.059861
25 -1166.078773 2.615260
25 -1168.668721 2.843177
25 -1159.182170 2.008357
25 -1141.882487 0.485980
25 -1158.930613 1.986220
25 -1168.378397 2.817628
25 -1147.644158 0.993009
25 -1148.530657 1.071021
25 -1179.356293 3.783686
25 -1161.893260 2.246934
25 -1167.856310 2.771684
25 -1163.090020 2.352249
25 -1178.154433 3.677922
25 -1165.387287 2.554409
25 -1184.129498 4.203729
25 -1148.886527 1.102338
25 -1153.244602 1.485850
25 -1163.429563 2.382129
25 -1147.815093 1.008051
25 -1151.736267 1.353116
25 -1147.384960 0.970200
25 -1170.441987 2.999224
25 -1180.419911 3.877285
25 -1163.869938 2.420882
25 -1155.301271 1.666837
25 -1157.531516 1.863099
25 -1166.321170 2.636591
25 -1183.177853 4.119984
25 -1164.112412 2.442220
25 -1169.605673 2.925629
25 -1161.164217 2.182778
25 -1165.039917 2.523841
25 -1157.432045 1.854346
25 -1156.992412 1.815658
25 -1167.970433 2.781727
25 -1177.506964 3.620944
25 -1150.490239 1.243465
25 -1152.962477 1.461023
25 -1167.826698 2.769078
25 -1154.771622 1.620228
25 -1182.178008 4.031998
25 -1152.016454 1.377772
25 -1173.017215 3.225845
25 -1153.888244 1.542490
25 -1155.463011 1.681070
25 -1181.311787 3.955770
25 -1156.265523 1.751692
25 -1166.468667 2.649571
25 -1144.650454 0.729562
25 -1158.279150 1.928891
25 -1151.094551 1.296645
25 -1181.797663 3.998527
25 -1160.383576 2.114081
25 -1198.989199 5.511387
25 -1164.035154 2.435421
25 -1170.638285 3.016499
25 -1154.683550 1.612478
25 -1153.654038 1.521880
25 -1164.931607 2.514309
25 -1206.819804 6.200483
25 -1183.362067 4.136195
25 -1152.728924 1.440470
25 -1162.865934 2.332530
25 -1165.150004 2.533528
25 -1168.630967 2.839854
