75 -25.922764 6.650791
76 -25.758974 5.976929
77 -26.260420 8.039967
77 -25.547220 5.105734
77 -26.131896 7.511196
81 -26.244457 7.974293
85 -25.738116 5.891117
86 -25.124980 3.368567
86 -26.218268 7.866544
87 -25.858051 6.384549
89 -25.364730 4.354940
90 -25.886053 6.499756
90 -26.311141 8.248640
92 -25.187065 3.623994
92 -25.866880 6.420872
93 -26.004683 6.987821
93 -25.487846 4.861460
94 -26.635210 9.581916
94 -25.816111 6.212000
97 -25.414375 4.559190
97 -25.404958 4.520445
101 -25.917207 6.627928
101 -26.529422 9.146688
100 -25.806972 6.174401
100 -26.672783 9.736499
103 -25.470785 4.791270
104 -25.609172 5.360619
105 -25.118241 3.340842
108 -25.238976 3.837568
108 -25.379373 4.415183
107 -25.166151 3.537952
108 -25.257145 3.912317
107 -25.290974 4.051496
110 -25.526342 5.019840
111 -25.533250 5.048260
112 -25.360902 4.339190
113 -24.509351 0.835760
114 -26.609731 9.477094
113 -25.894136 6.533011
116 -25.218448 3.753109
117 -25.460030 4.747021
119 -25.906955 6.585750
121 -25.103759 3.281261
123 -25.438594 4.658831
121 -25.220137 3.760058
122 -25.257371 3.913246
128 -25.202442 3.687260
86 -26.298112 8.195037
134 -25.193452 3.650271
76 -25.580521 5.242743
89 -25.225281 3.781223
83 -26.101841 7.387546
106 -25.492834 4.881982
108 -25.376309 4.402578
83 -26.526709 9.135524
101 -26.064781 7.235073
108 -26.199458 7.789159
77 -25.957435 6.793432
97 -26.245319 7.977837
88 -25.666055 5.594643
105 -25.684215 5.669358
109 -25.737498 5.888575
85 -26.191915 7.758125
82 -25.843821 6.326007
95 -25.187305 3.624982
123 -26.485648 8.966594
121 -25.293672 4.062596
100 -26.684230 9.783596
91 -25.635460 5.468771
90 -25.081717 3.190574
97 -25.659422 5.567354
112 -25.325727 4.194476
117 -25.301917 4.096516
122 -26.224363 7.891621
94 -25.361916 4.343363
95 -25.309765 4.128805
75 -25.846974 6.338975
101 -26.029789 7.091108
89 -26.424994 8.717051
75 -26.163170 7.639861
100 -25.400254 4.501092
88 -26.050682 7.177065
114 -25.273669 3.980299
123 -25.203221 3.690464
104 -25.662544 5.580198
126 -25.380830 4.421180
123 -25.429548 4.621614
137 -25.479813 4.828411
77 -26.262895 8.050148
144 -25.204563 3.695986
97 -26.290258 8.162725
129 -25.284888 4.026456
114 -26.178632 7.703477
109 -25.355167 4.315597
117 -25.458237 4.739643
133 -24.847400 2.226556
150 -25.948079 6.754941
84 -26.204747 7.810918
98 -25.473947 4.804278
76 -26.579503 9.352729
91 -26.043330 7.146820
90 -25.934541 6.699243
99 -26.395469 8.595583
83 -26.195438 7.772619
78 -26.704371 9.866456
110 -25.163150 3.525605
83 -25.771280 6.027560
90 -25.487265 4.859071
100 -25.501754 4.918683
85 -25.260102 3.924483
96 -26.360916 8.453424
93 -25.225297 3.781290
107 -26.726060 9.955691
91 -26.166464 7.653414
121 -25.148668 3.466025
95 -25.846677 6.337757
98 -25.347725 4.284978
109 -25.194868 3.656100
86 -25.440676 4.667395
115 -25.462193 4.755922
101 -25.552875 5.129003
117 -25.543961 5.092328
85 -25.377618 4.407962
106 -25.658475 5.563457
130 -25.447155 4.694051
107 -25.329362 4.209431
186 -24.832508 2.165287
97 -26.449101 8.816233
112 -25.121713 3.355127
93 -25.714700 5.794780
115 -26.147323 7.574666
105 -25.301435 4.094532
114 -25.227286 3.789471
103 -25.486157 4.854514
121 -25.660059 5.569976
122 -25.395599 4.481942
105 -25.958596 6.798208
83 -25.413910 4.557276
85 -25.343521 4.267684
73 -26.627397 9.549775
90 -26.596260 9.421669
126 -25.213147 3.731302
95 -26.618978 9.515137
86 -26.051003 7.178387
114 -25.571366 5.205079
93 -26.191546 7.756605
89 -25.421030 4.586567
109 -25.289214 4.044253
112 -26.459591 8.859391
124 -25.376513 4.403417
122 -25.133837 3.405007
76 -26.307756 8.234713
95 -26.428808 8.732745
77 -26.513639 9.081751
72 -26.256229 8.022723
102 -26.253616 8.011973
96 -25.215665 3.741660
124 -25.160359 3.514122
109 -26.054534 7.192913
131 -25.533051 5.047442
171 -25.212812 3.729922
102 -26.039907 7.132736
101 -25.938509 6.715567
100 -25.434525 4.642089
102 -25.137912 3.421772
95 -26.617730 9.510000
116 -25.208046 3.710315
130 -25.271368 3.970833
97 -25.499388 4.908946
99 -25.455673 4.729094
112 -25.329453 4.209804
113 -25.402942 4.512150
97 -25.455527 4.728495
90 -25.144947 3.450715
121 -25.331710 4.219089
99 -26.556597 9.258489
87 -26.514966 9.087214
95 -25.349416 4.291935
94 -26.423498 8.710896
82 -26.448931 8.815532
107 -25.119834 3.347397
110 -25.605621 5.346010
100 -25.458033 4.738806
119 -25.604248 5.340361
129 -25.181255 3.600094
114 -25.337574 4.243216
133 -24.857065 2.266316
95 -25.248372 3.876221
107 -25.869418 6.431315
105 -25.068469 3.136071
121 -25.209350 3.715678
130 -25.497952 4.903039
118 -26.067564 7.246521
110 -25.213488 3.732704
158 -25.432217 4.632595
133 -25.084681 3.202770
129 -25.983136 6.899173
126 -25.259817 3.923308
127 -25.204842 3.697135
156 -25.908335 6.591425
