7 92.893275 7.069553
7 99.709357 0.250743
7 96.810566 3.150694
7 90.017770 9.946209
7 96.693170 3.268138
7 96.695660 3.265646
7 98.319797 1.640859
7 93.771087 6.191389
7 91.709535 8.253767
7 90.153228 9.810696
7 94.244735 5.717552
7 93.452875 6.509729
7 95.477236 4.484558
7 93.417785 6.544833
7 98.243107 1.717580
7 92.974356 6.988439
8 91.149656 8.813869
8 90.764070 9.199610
8 94.645272 5.316854
8 91.656880 8.306443
8 90.258655 9.705227
8 96.197464 3.764042
8 91.343773 8.619675
8 97.161542 2.799578
8 95.167493 4.794425
8 97.615226 2.345713
7 95.265722 4.696156
7 97.403886 2.557137
7 92.383909 7.579122
7 99.007612 0.952769
7 95.545852 4.415915
7 95.292575 4.669293
7 94.951815 5.010189
7 89.975842 9.988154
7 97.491521 2.469466
7 96.421547 3.539869
9 90.911861 9.051760
9 91.585856 8.377495
9 98.229165 1.731528
9 96.070239 3.891318
9 91.315523 8.647936
7 95.636383 4.325347
7 97.257810 2.703271
7 94.432356 5.529856
8 91.470003 8.493394
8 97.834815 2.126035
7 93.880924 6.081509
8 96.784886 3.176385
8 91.646444 8.316883
7 92.732378 7.230515
7 94.728405 5.233688
7 96.575910 3.385444
7 92.983374 6.979417
7 97.888057 2.072773
7 93.776907 6.185567
8 92.684214 7.278698
7 91.540613 8.422756
8 98.734948 1.225543
8 92.687680 7.275230
7 96.349475 3.611970
8 98.537517 1.423052
7 93.360938 6.601702
11 92.402106 7.560918
11 98.571732 1.388824
11 93.840585 6.121863
11 90.478035 9.485760
11 92.313966 7.649094
11 91.039731 8.923839
11 98.478917 1.481676
8 92.299969 7.663096
9 95.323632 4.638223
7 94.702149 5.259955
8 95.023226 4.938750
8 94.081356 5.880997
8 90.680898 9.282815
9 96.598052 3.363293
7 99.434556 0.525654
7 93.343487 6.619161
7 92.546414 7.416553
7 98.598477 1.362068
12 90.402795 9.561030
7 96.868387 3.092850
7 91.562887 8.400473
7 94.272823 5.689453
11 92.772829 7.190047
11 97.237763 2.723326
7 98.183269 1.777442
7 95.707158 4.254543
8 91.872738 8.090498
7 97.133847 2.827284
13 90.538320 9.425450
13 91.359613 8.603828
7 93.493548 6.469040
13 92.125900 7.837235
11 92.990676 6.972113
8 91.823890 8.139366
11 98.475737 1.484857
13 90.248468 9.715418
11 95.797162 4.164504
11 91.638132 8.325198
7 99.360454 0.599786
8 91.572365 8.390991
8 91.728706 8.234588
7 96.236454 3.725036
12 96.882484 3.078747
7 97.565210 2.395748
9 90.286340 9.677531
9 92.470453 7.492544
7 93.838961 6.123488
11 95.019459 4.942518
12 90.169225 9.794693
7 92.552035 7.410929
9 92.393087 7.569941
7 93.685464 6.277046
7 98.972753 0.987642
15 90.477786 9.486008
15 97.956441 2.004361
8 95.177896 4.784017
8 95.847971 4.113675
11 90.541958 9.421810
7 95.670682 4.291035
8 91.691324 8.271985
9 98.759281 1.201200
11 98.353244 1.607399
9 90.400383 9.563442
11 91.087797 8.875753
13 91.804669 8.158594
10 97.543447 2.417520
7 96.770419 3.190857
7 90.178652 9.785262
7 95.050503 4.911462
7 99.229077 0.731215
7 92.729552 7.233341
7 99.418644 0.541573
13 95.273505 4.688370
10 95.926691 4.034923
7 90.272715 9.691162
8 95.968653 3.992945
10 99.603302 0.356841
11 90.667321 9.296397
8 90.125496 9.838439
17 91.222573 8.740923
11 93.777017 6.185457
10 90.807622 9.156040
14 98.916111 1.044307
7 91.077102 8.886452
8 91.300791 8.662674
8 98.978814 0.981578
11 94.170144 5.792173
7 98.301902 1.658762
9 90.423390 9.540426
7 90.165401 9.798518
7 98.878926 1.081507
7 99.670776 0.289340
7 93.276307 6.686368
9 93.548015 6.414551
7 92.871758 7.091079
9 91.834112 8.129139
8 90.385781 9.578050
8 90.187814 9.776096
11 92.737293 7.225597
9 91.613965 8.349374
11 99.459006 0.501194
11 90.210751 9.753150
11 93.615604 6.346935
9 94.961840 5.000160
9 95.922027 4.039588
15 94.635240 5.326891
11 96.540691 3.420677
9 93.493061 6.469527
14 98.674016 1.286499
16 90.042340 9.921628
11 96.158678 3.802843
11 90.534451 9.429320
15 99.915188 0.044830
11 98.852134 1.108309
12 90.061512 9.902449
19 97.202949 2.758154
11 92.316226 7.646832
11 90.715874 9.247825
20 90.023635 9.940341
15 90.154100 9.809823
15 91.809534 8.153727
20 90.461681 9.502119
17 92.053153 7.910011
17 90.119665 9.844273
19 91.092197 8.871352
15 96.820309 3.140947
21 90.299575 9.664291
16 91.681164 8.282149
27 90.919076 9.044541
19 93.950533 6.011871
23 95.499728 4.462057
25 90.703729 9.259975
23 99.145608 0.814718
23 92.089787 7.873362
31 95.472820 4.488975
23 91.638348 8.324982
31 95.930010 4.031603
27 90.735117 9.228574
