68 0.796743 8.000015
80 0.802640 7.319079
81 0.790497 8.721304
86 0.781766 9.729424
89 0.802801 7.300506
99 0.785633 9.282946
111 0.780371 9.890501
118 0.783098 9.575612
107 0.810250 6.440338
122 0.780125 9.918923
117 0.783114 9.573774
119 0.795406 8.154390
127 0.780562 9.868411
127 0.788127 8.994923
127 0.797235 7.943245
125 0.794307 8.281333
128 0.796016 8.083978
119 0.794245 8.288508
123 0.791027 8.660087
128 0.781745 9.731862
130 0.785746 9.269854
132 0.791550 8.599717
129 0.783264 9.556507
136 0.780919 9.827198
141 0.786255 9.211148
136 0.783542 9.524312
129 0.783911 9.481731
138 0.789184 8.872866
136 0.803358 7.236227
143 0.796230 8.059325
139 0.782036 9.698246
144 0.788974 8.897143
97 0.811152 6.336210
145 0.792315 8.511353
152 0.786297 9.206276
155 0.793828 8.336667
145 0.782671 9.624937
158 0.790279 8.746473
102 0.789825 8.798866
157 0.785693 9.275931
97 0.802449 7.341148
159 0.781979 9.704863
159 0.779508 9.990171
168 0.783269 9.555924
168 0.800084 7.614248
162 0.791876 8.562031
172 0.780494 9.876317
179 0.800423 7.575160
184 0.801034 7.504548
183 0.781708 9.736084
82 0.791545 8.600304
97 0.791332 8.624825
122 0.786764 9.152339
102 0.782712 9.620261
114 0.782893 9.599251
171 0.794380 8.272862
136 0.809656 6.508950
127 0.795980 8.088195
123 0.808804 6.607317
120 0.792533 8.486207
96 0.793335 8.393536
119 0.780181 9.912426
172 0.786513 9.181346
121 0.788941 8.900920
134 0.789219 8.868831
135 0.800201 7.600743
129 0.785036 9.351822
133 0.809630 6.512009
129 0.803244 7.249387
156 0.797763 7.882258
165 0.800686 7.544799
121 0.781706 9.736342
121 0.790315 8.742294
243 0.794094 8.305928
137 0.805663 6.970043
131 0.798723 7.771395
172 0.792592 8.479374
168 0.790254 8.749297
94 0.795515 8.141820
132 0.806712 6.848946
149 0.784756 9.384146
154 0.794811 8.223177
138 0.785780 9.265935
113 0.800074 7.615395
152 0.820456 5.261868
129 0.807719 6.732623
67 0.796722 8.002447
144 0.783140 9.570765
120 0.828025 4.387885
86 0.785235 9.328906
155 0.797732 7.885901
127 0.786076 9.231786
112 0.804566 7.096778
137 0.790419 8.730298
154 0.785069 9.348029
184 0.803781 7.187347
146 0.785509 9.297225
178 0.781816 9.723648
104 0.781031 9.814283
147 0.788078 9.000620
188 0.784692 9.391622
201 0.786573 9.174424
130 0.790153 8.761007
122 0.786919 9.134422
121 0.803450 7.225565
200 0.779704 9.967554
96 0.781394 9.772438
103 0.780314 9.897043
143 0.787216 9.100173
147 0.815420 5.843376
110 0.780645 9.858881
97 0.780584 9.865917
194 0.790326 8.740971
106 0.797797 7.878306
116 0.783450 9.534992
100 0.782716 9.619723
187 0.811076 6.345023
148 0.790806 8.685609
151 0.789746 8.808032
116 0.790648 8.703838
128 0.780687 9.854033
137 0.800731 7.539521
161 0.796629 8.013195
128 0.788163 8.990744
119 0.797329 7.932373
113 0.799216 7.714496
146 0.787320 9.088145
139 0.811246 6.325352
134 0.785584 9.288523
144 0.801597 7.439594
126 0.783258 9.557197
160 0.788612 8.938886
119 0.784978 9.358511
146 0.789435 8.843844
160 0.783098 9.575678
119 0.782143 9.685919
149 0.793307 8.396802
120 0.783546 9.523930
89 0.786132 9.225241
85 0.799218 7.714283
154 0.793944 8.323202
136 0.789649 8.819238
193 0.795285 8.168350
141 0.782231 9.675735
162 0.789306 8.858797
111 0.806032 6.927458
118 0.789602 8.824639
148 0.798681 7.776313
156 0.794177 8.296347
160 0.780292 9.899643
151 0.794005 8.316225
95 0.798942 7.746101
171 0.786082 9.231114
118 0.805159 7.028279
186 0.798316 7.818426
171 0.795289 8.167887
124 0.793218 8.407090
106 0.783864 9.487131
113 0.804159 7.143701
132 0.790581 8.711600
171 0.797683 7.891514
165 0.812774 6.148968
88 0.794797 8.224712
114 0.781944 9.708907
140 0.788772 8.920418
157 0.797423 7.921497
121 0.780524 9.872895
116 0.818809 5.452071
119 0.799091 7.728906
182 0.796771 7.996795
122 0.789264 8.863634
155 0.786075 9.231854
138 0.790181 8.757728
122 0.782642 9.628268
147 0.780898 9.829648
144 0.782300 9.667721
171 0.794182 8.295715
121 0.791597 8.594223
119 0.789432 8.844277
119 0.779575 9.982434
133 0.794417 8.268606
131 0.806833 6.835002
133 0.782634 9.629201
154 0.801644 7.434100
118 0.811983 6.240255
153 0.786979 9.127542
116 0.787582 9.057914
160 0.782917 9.596529
177 0.801256 7.478896
175 0.806712 6.848871
125 0.780453 9.881028
173 0.803782 7.187226
153 0.786508 9.181866
159 0.780668 9.856212
158 0.790071 8.770434
207 0.787943 9.016231
192 0.782542 9.639871
157 0.797839 7.873539
232 0.791238 8.635697
165 0.792432 8.497801
