11 -1.071692 7.169185
15 -1.087156 8.715554
17 -1.075704 7.570413
12 -1.098044 9.804393
24 -1.060442 6.044178
12 -1.076756 7.675643
20 -1.075739 7.573871
20 -1.061950 6.195020
20 -1.088821 8.882061
21 -1.052119 5.211936
26 -1.085119 8.511943
23 -1.031542 3.154198
23 -1.044249 4.424938
13 -1.067234 6.723376
25 -1.037703 3.770331
13 -1.069790 6.978998
27 -1.032589 3.258946
27 -1.026370 2.636997
24 -1.031035 3.103478
24 -1.026968 2.696776
28 -1.020565 2.056525
29 -1.020242 2.024197
27 -1.042951 4.295128
15 -1.094970 9.497040
30 -1.037335 3.733472
31 -1.032896 3.289604
21 -1.050574 5.057364
34 -1.047577 4.757670
34 -1.091172 9.117210
35 -1.021633 2.163260
39 -1.094159 9.415892
35 -1.061196 6.119615
16 -1.071915 7.191483
16 -1.055448 5.544838
36 -1.020144 2.014387
37 -1.092939 9.293861
38 -1.038062 3.806170
40 -1.025096 2.509631
17 -1.033797 3.379655
17 -1.036251 3.625111
42 -1.057268 5.726767
19 -1.018057 1.805672
45 -1.020561 2.056144
49 -1.061349 6.134872
19 -1.025837 2.583727
13 -1.049223 4.922282
19 -1.088821 8.882076
12 -1.048998 4.899814
51 -1.052437 5.243747
22 -1.076776 7.677592
50 -1.019672 1.967250
25 -1.097252 9.725217
12 -1.025744 2.574390
12 -1.041504 4.150369
22 -1.036830 3.682980
12 -1.066524 6.652381
26 -1.043797 4.379728
15 -1.056273 5.627271
22 -1.054206 5.420590
65 -1.087327 8.732676
20 -1.052236 5.223566
36 -1.032945 3.294462
41 -1.074164 7.416432
37 -1.028996 2.899581
27 -1.057805 5.780519
16 -1.069284 6.928423
34 -1.021200 2.120047
15 -1.022015 2.201487
44 -1.061286 6.128603
42 -1.029027 2.902701
41 -1.038503 3.850284
24 -1.040868 4.086774
27 -1.031082 3.108155
30 -1.040079 4.007875
15 -1.034730 3.472995
38 -1.080537 8.053707
26 -1.088222 8.822227
12 -1.063648 6.364832
27 -1.090395 9.039454
15 -1.063343 6.334320
52 -1.019261 1.926109
35 -1.026293 2.629258
19 -1.062546 6.254565
13 -1.093373 9.337333
44 -1.021574 2.157377
39 -1.023967 2.396675
38 -1.040674 4.067401
24 -1.033798 3.379758
33 -1.025872 2.587206
31 -1.025606 2.560613
28 -1.018474 1.847408
21 -1.057243 5.724288
20 -1.026506 2.650580
12 -1.067801 6.780130
34 -1.018204 1.820379
18 -1.025229 2.522901
12 -1.031851 3.185120
20 -1.043397 4.339686
25 -1.027948 2.794759
46 -1.022849 2.284874
21 -1.040605 4.060519
53 -1.072322 7.232248
19 -1.063184 6.318395
12 -1.077338 7.733796
21 -1.042048 4.204776
12 -1.036752 3.675206
13 -1.042624 4.262419
61 -1.019556 1.955611
28 -1.075182 7.518198
40 -1.091290 9.128953
19 -1.018223 1.822297
40 -1.034968 3.496831
13 -1.044721 4.472091
33 -1.044181 4.418075
48 -1.028775 2.877494
21 -1.053695 5.369464
20 -1.089296 8.929563
20 -1.020802 2.080152
17 -1.044353 4.435328
36 -1.024290 2.429019
36 -1.019085 1.908476
13 -1.096277 9.627684
53 -1.020406 2.040584
33 -1.052124 5.212405
39 -1.096481 9.648140
24 -1.045857 4.585683
15 -1.041758 4.175759
22 -1.046282 4.628162
40 -1.036307 3.630684
36 -1.027025 2.702496
20 -1.057346 5.734631
27 -1.073237 7.323657
41 -1.020263 2.026258
19 -1.056118 5.611827
11 -1.078248 7.824830
12 -1.094842 9.484225
40 -1.018248 1.824846
37 -1.026796 2.679582
41 -1.052941 5.294083
28 -1.027079 2.707884
15 -1.047167 4.716686
61 -1.028594 2.859446
39 -1.052452 5.245219
15 -1.026790 2.679003
32 -1.023978 2.397822
27 -1.031138 3.113839
40 -1.026397 2.639669
33 -1.031524 3.152432
47 -1.024684 2.468448
54 -1.078676 7.867617
33 -1.039853 3.985289
35 -1.033513 3.351270
30 -1.061034 6.103375
40 -1.099260 9.925993
32 -1.024979 2.497918
28 -1.028740 2.873969
23 -1.064098 6.409795
56 -1.032107 3.210712
20 -1.023236 2.323559
20 -1.022592 2.259152
31 -1.056365 5.636545
28 -1.035687 3.568691
15 -1.062037 6.203708
23 -1.045675 4.567507
40 -1.018466 1.846608
21 -1.086619 8.661892
35 -1.025683 2.568322
25 -1.046426 4.642602
27 -1.017283 1.728295
42 -1.026228 2.622760
22 -1.042484 4.248361
49 -1.092929 9.292867
25 -1.023852 2.385228
55 -1.028490 2.849045
26 -1.068909 6.890906
48 -1.028053 2.805297
21 -1.043221 4.322102
13 -1.088155 8.815543
30 -1.024674 2.467449
50 -1.060923 6.092314
22 -1.092630 9.262968
37 -1.030786 3.078559
38 -1.048928 4.892768
38 -1.019122 1.912167
28 -1.055767 5.576703
16 -1.028898 2.889840
13 -1.085945 8.594496
32 -1.047156 4.715641
34 -1.035154 3.515396
45 -1.099737 9.973725
37 -1.020998 2.099763
35 -1.047245 4.724456
30 -1.058986 5.898572
19 -1.040343 4.034297
16 -1.040536 4.053613
41 -1.099653 9.965260
38 -1.044456 4.445594
47 -1.095148 9.514799
57 -1.017500 1.750015
61 -1.083923 8.392317
