11 -39.679010 3.875208
11 -42.011678 9.981871
11 -40.936262 7.166554
12 -40.984371 7.292496
10 -41.214500 7.894949
12 -41.232740 7.942700
12 -39.997731 4.709584
12 -40.338325 5.601220
12 -40.897890 7.066099
13 -41.386774 8.345943
13 -40.824338 6.873548
13 -41.543720 8.756811
13 -40.961095 7.231562
13 -41.023174 7.394078
13 -41.284736 8.078818
13 -41.973073 9.880807
13 -41.605748 8.919193
13 -41.059134 7.488218
15 -40.838772 6.911334
15 -41.382413 8.334526
16 -40.729785 6.626020
15 -39.642267 3.779019
16 -40.835463 6.902672
13 -41.328517 8.193434
16 -41.465738 8.552663
17 -41.109936 7.621212
17 -39.712946 3.964050
17 -41.658517 9.057337
17 -41.209287 7.881303
17 -41.629016 8.980106
19 -41.326303 8.187638
18 -41.459904 8.537388
13 -40.561829 6.186330
11 -41.107046 7.613646
15 -41.124772 7.660050
20 -40.750754 6.680915
20 -41.457974 8.532337
15 -41.095225 7.582701
20 -40.631254 6.368076
19 -41.982926 9.906602
21 -41.512957 8.676276
17 -40.432016 5.846494
21 -40.938360 7.172044
13 -40.245356 5.357839
15 -40.694993 6.534938
13 -41.140384 7.700922
13 -40.375186 5.697719
19 -39.474427 3.339631
12 -39.924857 4.518807
16 -39.539060 3.508834
22 -41.288227 8.087957
16 -41.697941 9.160543
15 -40.074476 4.910493
19 -40.919924 7.123781
17 -40.702605 6.554864
20 -41.985755 9.914008
19 -40.874900 7.005915
13 -41.352291 8.255671
18 -41.163325 7.760978
12 -40.924278 7.135179
18 -40.986465 7.297978
11 -40.224860 5.304181
19 -39.568340 3.585485
24 -39.339171 2.985548
15 -41.097933 7.589790
15 -41.735601 9.259132
17 -40.936394 7.166900
12 -41.341972 8.228656
22 -41.445084 8.498592
12 -40.990905 7.309602
17 -40.850586 6.942264
11 -41.919363 9.740202
18 -40.746216 6.669035
16 -41.563718 8.809163
19 -39.536038 3.500922
11 -40.106655 4.994734
17 -40.989342 7.305510
18 -39.848563 4.319078
11 -40.855244 6.954456
19 -40.997741 7.327499
16 -41.338306 8.219059
19 -41.739982 9.270602
11 -39.898624 4.450132
17 -39.730881 4.011000
15 -40.903326 7.080329
15 -41.540954 8.749568
17 -39.768614 4.109781
18 -41.039258 7.436184
13 -41.345986 8.239166
19 -40.653163 6.425431
13 -41.465417 8.551821
21 -40.676414 6.486300
16 -41.121674 7.651941
22 -40.704742 6.560459
21 -39.396984 3.136896
18 -40.749103 6.676591
20 -40.949206 7.200438
12 -40.718167 6.595604
13 -40.772576 6.738041
23 -39.638749 3.769808
12 -40.874895 7.005900
17 -39.375313 3.080162
11 -40.715703 6.589155
19 -40.716095 6.590179
19 -40.658132 6.438439
22 -40.778792 6.754314
19 -40.947434 7.195799
18 -39.612976 3.702337
12 -41.558016 8.794236
12 -39.692268 3.909915
13 -41.470717 8.565696
16 -40.724438 6.612020
12 -41.359993 8.275834
19 -41.118972 7.644868
15 -41.197037 7.849233
15 -40.986094 7.297007
17 -39.465835 3.317140
20 -41.031610 7.416164
18 -40.872961 7.000838
21 -41.838808 9.529317
22 -40.325319 5.567171
15 -41.378319 8.323810
17 -40.975189 7.268459
19 -39.877565 4.395002
13 -40.752836 6.686364
19 -39.499432 3.405092
20 -39.537032 3.503526
22 -41.776358 9.365830
21 -40.678605 6.492037
13 -40.745924 6.668268
12 -41.490382 8.617176
13 -41.024668 7.397989
11 -41.916483 9.732662
20 -40.712985 6.582040
16 -41.742866 9.278151
12 -41.570485 8.826877
18 -40.968114 7.249937
11 -39.960641 4.612486
12 -39.474247 3.339163
16 -41.421517 8.436896
13 -40.277400 5.441726
18 -40.847404 6.933932
17 -41.272398 8.046520
15 -41.062889 7.498047
18 -41.669830 9.086953
16 -39.462598 3.308665
12 -40.036233 4.810378
16 -40.747244 6.671725
12 -40.298365 5.496609
13 -40.640408 6.392040
17 -40.565058 6.194782
12 -39.882369 4.407578
11 -39.583451 3.625046
15 -40.672169 6.475187
16 -41.665749 9.076268
18 -40.094721 4.963493
9 -40.573335 6.216451
20 -40.983044 7.289024
25 -39.953478 4.593733
18 -40.658682 6.439881
16 -41.320403 8.172190
11 -40.859994 6.966893
17 -41.265418 8.028246
24 -39.680294 3.878569
15 -41.924838 9.754533
12 -41.245879 7.977095
16 -41.810057 9.454050
19 -39.392293 3.124614
13 -40.761346 6.708643
16 -40.874053 7.003696
15 -41.091799 7.573730
13 -40.700324 6.548894
13 -41.649436 9.033562
18 -41.864084 9.595487
17 -40.662623 6.450197
20 -39.284846 2.843331
18 -40.362018 5.663246
17 -41.246323 7.978257
17 -40.757479 6.698520
21 -39.198336 2.616856
17 -41.155872 7.741466
16 -41.192405 7.837107
17 -39.685658 3.892611
17 -39.489528 3.379165
17 -41.786979 9.393635
21 -40.014199 4.752696
17 -40.821269 6.865513
21 -41.800286 9.428472
22 -41.249540 7.986679
21 -40.773163 6.739578
21 -41.682361 9.119755
21 -41.475810 8.579029
22 -39.692203 3.909746
19 -41.818497 9.476145
21 -40.711290 6.577600
22 -40.631090 6.367647
30 -41.823542 9.489353
22 -40.657712 6.437339
21 -40.342512 5.612182
24 -40.990071 7.307419
