10 -330.500011 7.830346
10 -336.286114 9.718145
11 -327.174816 6.745454
11 -335.947288 9.607598
13 -324.250030 5.791200
13 -332.808975 8.583679
13 -325.792341 6.294402
14 -324.738923 5.950709
14 -323.682367 5.605992
14 -322.152138 5.106734
14 -322.758049 5.304421
14 -320.818003 4.671453
14 -334.618347 9.174012
14 -331.411117 8.127608
14 -333.987110 8.968062
14 -330.473033 7.821544
14 -321.625335 4.934856
15 -321.591687 4.923878
15 -323.018076 5.389258
15 -327.449540 6.835086
16 -325.362777 6.154250
16 -324.178429 5.767840
16 -328.288073 7.108670
16 -323.621197 5.586035
12 -327.822211 6.956676
17 -334.642098 9.181761
7 -328.132649 7.057960
17 -327.779833 6.942849
17 -335.758578 9.546029
17 -334.783843 9.228007
17 -332.910515 8.616807
17 -330.224171 7.740349
17 -326.789680 6.619798
17 -326.462196 6.512951
18 -326.234398 6.438629
18 -327.712424 6.920856
14 -324.117523 5.747968
19 -336.069972 9.647626
19 -326.851242 6.639883
19 -323.737831 5.624089
12 -331.835389 8.266032
13 -323.915935 5.682197
12 -328.424691 7.153243
20 -335.987523 9.620725
14 -331.030979 8.003582
11 -324.818731 5.976748
17 -329.110616 7.377036
21 -327.253853 6.771241
13 -332.829281 8.590304
13 -325.108189 6.071187
22 -332.567187 8.504792
22 -326.890731 6.652767
15 -334.564460 9.156431
10 -336.790819 9.882812
15 -328.223594 7.087633
11 -329.913901 7.639119
10 -329.279137 7.432018
23 -324.162011 5.762483
23 -332.572494 8.506523
13 -330.726816 7.904344
16 -327.839509 6.962319
24 -326.030621 6.372144
24 -329.063580 7.361690
14 -330.550584 7.846846
15 -325.416019 6.171621
15 -324.561485 5.892817
15 -322.942586 5.364629
18 -326.577809 6.550672
19 -328.955642 7.326474
17 -331.384940 8.119067
19 -322.380529 5.181249
27 -323.742040 5.625462
11 -325.853546 6.314371
16 -322.303107 5.155989
17 -326.906045 6.657763
13 -334.381059 9.096593
21 -323.914000 5.681566
29 -334.496306 9.134194
10 -334.108981 9.007824
26 -336.891776 9.915751
21 -329.416105 7.476706
20 -336.369257 9.745272
17 -322.998824 5.382977
14 -319.995678 4.403157
13 -334.036235 8.984090
24 -331.752707 8.239056
21 -333.067147 8.667911
19 -335.218686 9.369881
12 -329.346445 7.453979
22 -334.430006 9.112563
14 -330.619315 7.869271
18 -325.129325 6.078083
23 -329.559352 7.523443
14 -324.566174 5.894347
20 -323.961617 5.697102
22 -327.081311 6.714947
17 -335.708515 9.529695
11 -334.261910 9.057719
13 -329.099589 7.373439
19 -330.743608 7.909823
21 -329.269915 7.429010
18 -331.962837 8.307614
17 -336.720214 9.859776
27 -326.301026 6.460367
14 -331.066424 8.015146
20 -325.530891 6.209100
19 -322.028095 5.066263
20 -324.684519 5.932959
22 -331.702779 8.222766
14 -322.654867 5.270756
16 -327.847278 6.964854
19 -328.699254 7.242823
36 -333.387363 8.772386
9 -326.289985 6.456765
22 -333.464455 8.797538
24 -328.141615 7.060886
10 -327.397461 6.818095
14 -330.053334 7.684611
20 -329.152580 7.390728
19 -324.908279 6.005964
9 -319.192143 4.140993
14 -324.425193 5.848350
13 -323.121705 5.423068
27 -324.206924 5.777137
20 -326.416243 6.497959
14 -325.922975 6.337023
12 -331.811369 8.258195
17 -329.738723 7.581965
17 -323.832476 5.654968
13 -332.044375 8.334217
15 -326.121981 6.401951
24 -331.526480 8.165246
28 -326.907845 6.658351
21 -327.474458 6.843216
27 -332.796635 8.579653
14 -329.572841 7.527844
23 -334.031757 8.982629
25 -334.580239 9.161579
27 -328.635946 7.222168
14 -333.201051 8.711599
11 -322.822615 5.325486
17 -330.945105 7.975564
14 -336.842893 9.899802
15 -324.686532 5.933616
9 -326.120108 6.401340
18 -326.576701 6.550310
20 -334.727328 9.209569
11 -325.161270 6.088506
23 -324.532801 5.883459
11 -332.475061 8.474734
13 -327.587116 6.879972
19 -322.647669 5.268407
17 -325.661069 6.251572
10 -330.434769 7.809060
15 -329.143892 7.387893
24 -333.306378 8.745963
11 -325.361900 6.153964
17 -331.687689 8.217843
16 -323.994957 5.707980
24 -331.518433 8.162621
18 -330.526778 7.839079
14 -333.523990 8.816963
14 -324.446847 5.855415
20 -329.774485 7.593633
21 -326.751605 6.607375
14 -321.315666 4.833822
16 -335.947300 9.607602
17 -335.281915 9.390511
15 -331.704482 8.223322
17 -329.456421 7.489860
27 -329.071855 7.364390
16 -323.362786 5.501725
23 -330.655219 7.880985
13 -333.481160 8.802989
11 -328.703539 7.244222
14 -325.305096 6.135431
25 -324.374651 5.831860
16 -319.790596 4.336247
19 -324.570132 5.895638
12 -331.196496 8.057584
17 -322.328890 5.164401
17 -327.871324 6.972700
24 -328.842261 7.289481
14 -324.011889 5.713504
20 -327.204660 6.755191
16 -332.849376 8.596860
27 -323.671170 5.602339
29 -332.095648 8.350946
20 -336.581609 9.814554
24 -336.003924 9.626077
18 -334.660792 9.187860
29 -327.244513 6.768194
17 -330.295549 7.763638
20 -328.744556 7.257604
20 -330.443240 7.811824
21 -331.761014 8.241766
20 -325.728836 6.273682
28 -334.895033 9.264285
23 -330.175739 7.724548
21 -320.019328 4.410874
