11 -1.053950 5.395000
12 -1.011080 1.108038
12 -1.047215 4.721465
13 -1.019696 1.969616
14 -1.027003 2.700296
15 -1.068649 6.864883
12 -1.001548 0.154755
17 -1.035064 3.506365
17 -1.088464 8.846425
12 -1.044481 4.448095
18 -1.067735 6.773461
19 -1.043338 4.333810
21 -1.006939 0.693894
22 -1.041704 4.170414
22 -1.049768 4.976774
22 -1.076293 7.629274
23 -1.016356 1.635642
23 -1.063586 6.358602
23 -1.057053 5.705258
23 -1.038177 3.817710
23 -1.091308 9.130789
23 -1.024367 2.436689
24 -1.009385 0.938468
24 -1.086021 8.602067
24 -1.047642 4.764184
24 -1.001915 0.191530
25 -1.006935 0.693477
25 -1.029809 2.980950
26 -1.016257 1.625716
26 -1.096151 9.615058
26 -1.034733 3.473268
26 -1.060690 6.069040
26 -1.009679 0.967889
26 -1.030097 3.009677
26 -1.027208 2.720790
25 -1.028903 2.890292
27 -1.052144 5.214389
27 -1.076468 7.646798
27 -1.041508 4.150835
24 -1.069866 6.986634
28 -1.051847 5.184703
20 -1.079122 7.912202
28 -1.021400 2.139980
28 -1.000557 0.055729
28 -1.021532 2.153203
28 -1.077438 7.743773
25 -1.003069 0.306869
15 -1.054815 5.481537
29 -1.004906 0.490556
29 -1.050402 5.040229
29 -1.062597 6.259719
16 -1.009751 0.975110
29 -1.063612 6.361158
29 -1.086455 8.645474
29 -1.025042 2.504170
30 -1.019244 1.924392
16 -1.055489 5.548852
22 -1.027304 2.730407
23 -1.049533 4.953339
19 -1.043460 4.346012
26 -1.063784 6.378450
13 -1.085621 8.562052
22 -1.090969 9.096852
26 -1.062561 6.256119
12 -1.037877 3.787651
25 -1.094066 9.406633
16 -1.044279 4.427948
17 -1.007022 0.702213
24 -1.089069 8.906880
24 -1.032417 3.241656
18 -1.055192 5.519183
13 -1.040962 4.096162
23 -1.063477 6.347745
20 -1.002182 0.218179
26 -1.048754 4.875447
23 -1.003275 0.327506
26 -1.073847 7.384707
27 -1.067237 6.723750
13 -1.084968 8.496793
27 -1.063642 6.364216
24 -1.037375 3.737466
25 -1.013404 1.340417
25 -1.057015 5.701506
35 -1.011298 1.129753
29 -1.033880 3.387979
25 -1.007668 0.766844
28 -1.043249 4.324877
26 -1.054370 5.437030
25 -1.032762 3.276247
22 -1.073248 7.324816
26 -1.003397 0.339737
27 -1.011217 1.121680
25 -1.041230 4.122990
25 -1.092219 9.221939
28 -1.045567 4.556728
24 -1.089027 8.902738
28 -1.031439 3.143899
26 -1.090247 9.024736
25 -1.081067 8.106715
27 -1.034083 3.408268
30 -1.020277 2.027652
26 -1.012761 1.276059
27 -1.069614 6.961423
28 -1.008728 0.872835
14 -1.020664 2.066397
29 -1.009597 0.959691
27 -1.013498 1.349784
29 -1.064454 6.445409
15 -1.021890 2.188960
24 -1.034672 3.467249
14 -1.025705 2.570483
15 -1.059346 5.934617
24 -1.081842 8.184154
16 -1.029476 2.947566
29 -1.011943 1.194250
29 -1.016291 1.629106
29 -1.010140 1.013984
28 -1.009079 0.907939
14 -1.078961 7.896102
26 -1.063440 6.344037
25 -1.087534 8.753361
17 -1.052046 5.204627
24 -1.064410 6.440966
16 -1.091954 9.195372
25 -1.069246 6.924636
17 -1.011610 1.160978
26 -1.065717 6.571666
30 -1.056561 5.656137
28 -1.014583 1.458263
25 -1.047583 4.758262
25 -1.066647 6.664691
25 -1.028289 2.828907
24 -1.040336 4.033578
23 -1.070156 7.015599
20 -1.080874 8.087438
24 -1.066459 6.645931
25 -1.090882 9.088210
22 -1.067948 6.794796
27 -1.056384 5.638409
24 -1.085341 8.534114
23 -1.054013 5.401304
28 -1.006109 0.610949
14 -1.074788 7.478773
17 -1.025861 2.586119
26 -1.064381 6.438131
26 -1.083648 8.364793
20 -1.098866 9.886569
32 -1.028014 2.801438
28 -1.024335 2.433461
26 -1.086438 8.643762
23 -1.071110 7.111000
29 -1.026271 2.627073
30 -1.082191 8.219104
28 -1.044789 4.478853
26 -1.032903 3.290330
28 -1.025059 2.505881
26 -1.096956 9.695576
21 -1.082208 8.220802
21 -1.039193 3.919312
23 -1.054909 5.490866
23 -1.059024 5.902375
26 -1.011711 1.171128
25 -1.080562 8.056216
28 -1.036572 3.657179
30 -1.017019 1.701906
29 -1.068902 6.890183
16 -1.079843 7.984294
26 -1.089436 8.943615
31 -1.057432 5.743205
27 -1.079080 7.907974
25 -1.053301 5.330092
26 -1.054795 5.479477
23 -1.068089 6.808947
25 -1.073078 7.307843
22 -1.076212 7.621235
28 -1.029664 2.966407
26 -1.050068 5.006768
26 -1.091814 9.181430
28 -1.046788 4.678758
27 -1.073702 7.370235
24 -1.049831 4.983126
25 -1.089732 8.973151
26 -1.044859 4.485943
26 -1.017897 1.789693
24 -1.018107 1.810691
24 -1.097608 9.760831
28 -1.040565 4.056513
24 -1.017588 1.758828
29 -1.008635 0.863544
26 -1.047715 4.771529
26 -1.057986 5.798629
25 -1.009446 0.944639
26 -1.000568 0.056805
29 -1.011794 1.179369
26 -1.044448 4.444829
26 -1.058410 5.841021
29 -1.014089 1.408886
27 -1.057775 5.777514
28 -1.034432 3.443175
30 -1.011355 1.135531
