9 -0.273315 9.325851
11 -0.250531 0.212238
13 -0.250042 0.016845
13 -0.272108 8.843348
15 -0.260286 4.114334
17 -0.274296 9.718337
23 -0.271939 8.775558
24 -0.266420 6.567810
25 -0.271283 8.513134
9 -0.250015 0.006170
28 -0.257343 2.937110
28 -0.272798 9.119126
32 -0.272345 8.938069
33 -0.272421 8.968445
36 -0.270045 8.017970
36 -0.273449 9.379726
37 -0.265954 6.381559
39 -0.272976 9.190330
39 -0.273357 9.342999
40 -0.268120 7.248172
40 -0.273645 9.458157
40 -0.252331 0.932584
41 -0.259132 3.652971
44 -0.260293 4.117144
41 -0.266161 6.464324
45 -0.266759 6.703564
47 -0.273824 9.529533
47 -0.265273 6.109124
15 -0.261716 4.686531
51 -0.257641 3.056533
51 -0.257481 2.992226
40 -0.262905 5.162136
19 -0.263740 5.496041
53 -0.273011 9.204340
53 -0.268545 7.418161
25 -0.273434 9.373744
27 -0.271111 8.444445
55 -0.271270 8.507863
59 -0.264898 5.959151
25 -0.271139 8.455766
60 -0.250000 0.000112
61 -0.253753 1.501092
61 -0.267205 6.882109
63 -0.260117 4.046672
37 -0.273517 9.406844
20 -0.264835 5.934048
65 -0.273025 9.209964
57 -0.274476 9.790235
29 -0.271348 8.539384
59 -0.260671 4.268450
48 -0.273285 9.313962
61 -0.255213 2.085135
69 -0.274751 9.900227
71 -0.250946 0.378529
71 -0.256548 2.619354
40 -0.267220 6.887802
53 -0.273873 9.549279
55 -0.251514 0.605798
77 -0.252326 0.930508
77 -0.274687 9.874746
73 -0.269172 7.668648
33 -0.272909 9.163631
80 -0.271195 8.477834
29 -0.271779 8.711485
13 -0.250130 0.051811
83 -0.268167 7.266871
64 -0.264272 5.708744
43 -0.270131 8.052479
45 -0.266382 6.552949
36 -0.266210 6.483988
33 -0.273982 9.592741
40 -0.272202 8.880984
23 -0.250480 0.192180
88 -0.271888 8.755386
53 -0.252308 0.923284
72 -0.250083 0.033400
100 -0.271472 8.588957
51 -0.257518 3.007215
40 -0.270478 8.191252
57 -0.271387 8.554834
52 -0.274791 9.916325
49 -0.270393 8.157028
53 -0.250000 0.000197
51 -0.250000 0.000007
13 -0.250141 0.056486
48 -0.268363 7.345305
51 -0.274472 9.788651
51 -0.263288 5.315166
63 -0.262738 5.095316
65 -0.260923 4.369058
45 -0.266540 6.616123
55 -0.259278 3.711175
43 -0.264390 5.755846
124 -0.263683 5.473147
75 -0.272612 9.044657
48 -0.274023 9.609336
128 -0.267469 6.987531
65 -0.263602 5.440745
51 -0.273402 9.360992
37 -0.267784 7.113660
96 -0.273226 9.290498
83 -0.264736 5.894525
93 -0.272698 9.079123
59 -0.257955 3.182090
44 -0.269627 7.850973
52 -0.270996 8.398368
44 -0.271416 8.566407
76 -0.274825 9.930163
51 -0.257007 2.802714
33 -0.272230 8.891834
16 -0.257031 2.812307
51 -0.268818 7.527188
67 -0.253001 1.200203
71 -0.263745 5.497997
15 -0.266507 6.602985
104 -0.273005 9.202164
93 -0.265072 6.028784
12 -0.273037 9.214966
96 -0.260577 4.230626
28 -0.274290 9.715899
78 -0.272433 8.973193
19 -0.257260 2.904118
29 -0.273267 9.306897
61 -0.271933 8.773046
28 -0.265398 6.159032
112 -0.266020 6.407838
84 -0.266788 6.715227
32 -0.267455 6.982025
23 -0.270209 8.083662
59 -0.272083 8.833366
50 -0.262154 4.861438
55 -0.259816 3.926311
12 -0.265524 6.209602
35 -0.253027 1.210859
27 -0.271560 8.624057
63 -0.274969 9.987708
53 -0.271249 8.499509
52 -0.250622 0.248793
120 -0.268779 7.511460
55 -0.257251 2.900460
25 -0.250366 0.146422
45 -0.265088 6.035272
37 -0.271796 8.718231
57 -0.263355 5.341963
106 -0.250762 0.304992
75 -0.251052 0.420738
67 -0.257911 3.164203
60 -0.250169 0.067447
59 -0.274934 9.973672
64 -0.270859 8.343681
29 -0.263027 5.210768
23 -0.257686 3.074224
49 -0.266424 6.569707
72 -0.264983 5.993353
23 -0.268817 7.526935
128 -0.273131 9.252517
157 -0.266815 6.725882
56 -0.269497 7.798722
51 -0.271369 8.547779
79 -0.263441 5.376436
40 -0.270362 8.144985
56 -0.271157 8.462966
68 -0.273657 9.462703
116 -0.272690 9.076025
95 -0.274899 9.959438
90 -0.268926 7.570515
57 -0.267284 6.913535
64 -0.269307 7.722710
35 -0.255571 2.228473
101 -0.260122 4.048863
36 -0.274662 9.864670
65 -0.263324 5.329689
60 -0.250904 0.361401
65 -0.270057 8.022810
94 -0.269089 7.635758
43 -0.271585 8.634043
83 -0.257840 3.136159
190 -0.259863 3.945166
60 -0.270467 8.186816
52 -0.270582 8.232614
69 -0.262226 4.890377
72 -0.269001 7.600448
75 -0.273712 9.484633
78 -0.266857 6.742979
77 -0.261752 4.700887
81 -0.272786 9.114235
99 -0.250000 0.000080
118 -0.260627 4.250921
85 -0.271988 8.795342
88 -0.262914 5.165409
104 -0.257535 3.013810
217 -0.274956 9.982494
224 -0.250565 0.226073
220 -0.270112 8.044921
108 -0.270434 8.173438
115 -0.274228 9.691135
123 -0.260812 4.324876
141 -0.273710 9.483958
118 -0.262664 5.065436
188 -0.262159 4.863668
