12 0.925743 7.425718
12 0.943424 5.657624
12 0.904055 9.594450
11 0.939280 6.071998
13 0.911912 8.808754
13 0.968021 3.197915
14 0.903744 9.625632
15 0.950007 4.999306
15 0.953877 4.612285
15 0.902453 9.754656
15 0.949201 5.079865
15 0.930842 6.915810
15 0.934554 6.544619
15 0.953779 4.622075
15 0.907626 9.237387
15 0.917235 8.276510
15 0.963728 3.627202
15 0.954343 4.565666
16 0.958164 4.183615
17 0.943244 5.675569
17 0.937476 6.252395
17 0.953040 4.695957
17 0.971651 2.834939
17 0.926529 7.347070
17 0.916091 8.390917
17 0.921325 7.867540
17 0.953918 4.608187
17 0.929279 7.072081
16 0.964457 3.554291
17 0.935388 6.461216
17 0.904365 9.563462
17 0.969061 3.093923
17 0.954880 4.511992
18 0.939167 6.083304
19 0.919343 8.065706
18 0.966957 3.304315
18 0.954874 4.512641
18 0.969445 3.055548
12 0.923454 7.654619
19 0.935827 6.417315
19 0.952944 4.705605
19 0.976569 2.343108
19 0.960380 3.961985
19 0.922486 7.751443
19 0.952262 4.773752
18 0.962946 3.705358
21 0.921146 7.885382
21 0.972791 2.720909
15 0.935208 6.479198
12 0.940676 5.932387
12 0.903812 9.618812
12 0.935603 6.439713
12 0.933032 6.696849
21 0.972417 2.758327
15 0.954478 4.552248
16 0.920058 7.994238
17 0.945721 5.427950
12 0.906007 9.399331
12 0.950855 4.914514
12 0.945488 5.451196
17 0.966192 3.380766
15 0.938319 6.168124
18 0.915161 8.483933
15 0.941276 5.872422
15 0.954258 4.574248
13 0.931301 6.869919
15 0.924030 7.596974
15 0.905372 9.462807
17 0.938566 6.143418
15 0.925866 7.413350
13 0.961971 3.802866
15 0.951222 4.877813
17 0.966960 3.303971
15 0.917780 8.222009
12 0.929141 7.085903
10 0.933188 6.681165
15 0.939522 6.047831
18 0.937571 6.242948
17 0.944102 5.589832
15 0.935583 6.441749
14 0.948099 5.190122
15 0.951613 4.838744
17 0.975207 2.479303
14 0.912028 8.797159
15 0.939218 6.078191
15 0.903770 9.622959
17 0.967994 3.200576
19 0.938151 6.184865
17 0.953130 4.687002
17 0.956176 4.382395
17 0.965594 3.440640
17 0.957589 4.241150
12 0.960453 3.954688
13 0.919684 8.031648
17 0.956036 4.396394
10 0.936274 6.372597
16 0.902464 9.753586
19 0.974708 2.529202
19 0.980278 1.972224
15 0.945542 5.445841
20 0.967842 3.215788
18 0.964517 3.548261
18 0.969484 3.051607
16 0.953663 4.633740
17 0.969799 3.020085
12 0.921431 7.856907
13 0.910598 8.940182
12 0.955369 4.463110
17 0.961124 3.887596
15 0.959191 4.080925
17 0.959680 4.031956
19 0.975944 2.405636
17 0.915873 8.412702
15 0.927955 7.204496
12 0.929270 7.073013
16 0.924920 7.508009
17 0.924939 7.506146
19 0.926430 7.356987
16 0.938580 6.142044
18 0.970055 2.994471
17 0.922753 7.724716
15 0.935953 6.404676
15 0.955475 4.452517
19 0.965943 3.405656
16 0.976279 2.372143
17 0.936145 6.385527
17 0.942576 5.742429
15 0.957292 4.270752
16 0.935141 6.485894
12 0.919207 8.079333
15 0.909534 9.046644
18 0.901355 9.864495
15 0.953519 4.648134
21 0.971636 2.836444
11 0.950143 4.985690
17 0.939199 6.080103
17 0.912773 8.722704
15 0.920551 7.944872
15 0.970089 2.991137
17 0.959494 4.050624
17 0.926142 7.385817
17 0.965852 3.414815
17 0.943879 5.612080
19 0.972965 2.703545
17 0.924762 7.523788
17 0.935672 6.432760
8 0.956027 4.397264
15 0.959006 4.099354
12 0.951576 4.842420
22 0.956994 4.300574
12 0.933674 6.632618
17 0.973216 2.678393
17 0.951445 4.855530
22 0.927086 7.291355
17 0.958887 4.111267
15 0.927617 7.238271
18 0.932527 6.747266
22 0.965174 3.482571
17 0.929455 7.054470
19 0.912525 8.747503
12 0.934359 6.564116
19 0.973333 2.666698
15 0.919219 8.078095
17 0.905943 9.405732
17 0.926226 7.377413
12 0.911978 8.802193
12 0.947423 5.257674
19 0.947087 5.291345
17 0.965327 3.467280
13 0.959605 4.039509
14 0.949442 5.055806
17 0.961016 3.898368
17 0.967785 3.221481
12 0.942583 5.741747
17 0.969360 3.064020
16 0.973230 2.677028
17 0.969961 3.003901
17 0.947022 5.297788
15 0.927584 7.241594
17 0.956956 4.304447
15 0.948062 5.193775
17 0.954723 4.527653
16 0.927449 7.255120
17 0.935113 6.488692
20 0.968216 3.178423
19 0.946699 5.330093
17 0.951714 4.828580
15 0.940189 5.981138
17 0.949004 5.099625
19 0.969148 3.085203
18 0.918194 8.180642
20 0.930869 6.913111
17 0.912028 8.797195
18 0.980690 1.930988
18 0.973167 2.683261
19 0.936049 6.395097
17 0.917094 8.290619
17 0.952133 4.786689
17 0.962616 3.738437
21 0.967265 3.273507
