9 -330.630141 7.872803
10 -323.358629 5.500368
10 -319.188431 4.139782
10 -320.145819 4.452143
12 -328.078903 7.040425
13 -320.650901 4.616933
13 -331.165086 8.047336
14 -336.834819 9.897168
14 -318.389212 3.879025
14 -321.405919 4.863269
15 -320.039327 4.417399
15 -327.294739 6.784580
15 -325.112509 6.072597
15 -330.012927 7.671428
15 -321.714577 4.963973
15 -316.074994 3.123979
16 -330.784107 7.923036
16 -328.161684 7.067434
16 -331.792406 8.252008
16 -323.002929 5.384316
16 -334.534915 9.146791
16 -312.998859 2.120345
16 -318.283006 3.844374
16 -333.644992 8.856441
17 -328.448857 7.161128
17 -326.644514 6.572435
17 -320.750848 4.649543
17 -316.456010 3.248291
17 -332.561818 8.503040
18 -319.748362 4.322467
17 -327.664132 6.905100
17 -336.175625 9.682096
18 -329.325329 7.447089
18 -318.705249 3.982137
18 -328.065174 7.035946
12 -332.110720 8.355863
18 -315.548714 2.952272
18 -319.112625 4.115049
19 -320.028897 4.413996
19 -336.853272 9.903188
19 -312.815982 2.060679
19 -327.760909 6.936675
9 -308.220925 0.561476
9 -308.120931 0.528852
17 -325.770352 6.287228
19 -321.327140 4.837566
12 -321.824368 4.999794
13 -322.568617 5.242616
20 -319.345351 4.190979
17 -330.946974 7.976174
13 -319.411110 4.212434
20 -318.161198 3.804632
20 -328.623747 7.218188
21 -319.306459 4.178290
22 -316.781878 3.354609
15 -324.751182 5.954709
14 -320.879248 4.691435
11 -333.305649 8.745725
12 -331.622191 8.196474
9 -329.215463 7.411244
14 -316.702780 3.328803
15 -318.448317 3.898309
15 -322.653938 5.270453
13 -336.198266 9.689483
14 -326.668102 6.580131
13 -317.904589 3.720910
20 -316.148816 3.148064
17 -328.010926 7.018247
14 -319.399025 4.208491
18 -331.375175 8.115881
17 -330.811062 7.931831
14 -323.274974 5.473075
17 -321.365372 4.850040
23 -315.465204 2.925026
16 -317.624502 3.629527
17 -322.654537 5.270648
9 -316.132175 3.142635
14 -333.826787 8.915754
17 -335.538917 9.474361
12 -335.856169 9.577869
15 -332.061689 8.339866
15 -313.619739 2.322916
18 -316.024046 3.107356
19 -316.503237 3.263699
18 -323.241579 5.462179
8 -336.911017 9.922028
15 -319.994556 4.402791
18 -318.903398 4.046786
16 -318.620447 3.954469
10 -315.600525 2.969176
19 -317.122725 3.465816
9 -317.735411 3.665713
16 -321.414834 4.866177
14 -331.729462 8.231472
14 -325.421086 6.173274
14 -322.675778 5.277578
13 -321.362836 4.849212
15 -325.896926 6.328524
19 -325.750649 6.280799
14 -321.286398 4.824273
20 -314.498900 2.609755
17 -320.073493 4.428546
18 -316.318327 3.203369
20 -316.482609 3.256969
20 -321.951618 5.041311
20 -320.105115 4.438863
21 -318.089695 3.781303
11 -333.367482 8.765899
19 -336.225314 9.698308
16 -317.882514 3.713708
21 -316.169637 3.154857
13 -325.034386 6.047108
21 -319.530122 4.251263
13 -321.879149 5.017667
20 -320.488446 4.563930
20 -318.655507 3.965908
15 -332.689671 8.544754
17 -331.270046 8.081581
16 -326.070639 6.385200
16 -331.990149 8.316525
14 -322.997380 5.382506
16 -323.322914 5.488716
14 -329.593680 7.534643
15 -321.716953 4.964748
20 -325.403886 6.167663
15 -328.201559 7.080444
13 -331.013031 7.997726
17 -336.669471 9.843220
14 -320.962842 4.718709
16 -320.595797 4.598955
16 -319.843555 4.353525
14 -320.905330 4.699945
17 -314.452469 2.594606
13 -318.231431 3.827547
14 -317.564301 3.609886
9 -320.237584 4.482083
8 -318.749415 3.996547
18 -322.163944 5.110585
15 -325.752625 6.281444
17 -318.301103 3.850278
18 -316.492405 3.260165
19 -318.580238 3.941350
19 -325.365652 6.155188
12 -319.614075 4.278654
19 -316.538688 3.275265
16 -308.393800 0.617879
18 -318.594656 3.946054
11 -322.493195 5.218008
9 -336.295531 9.721217
16 -326.884014 6.650575
9 -332.886108 8.608844
14 -319.252184 4.160582
20 -313.982780 2.441364
9 -330.954540 7.978643
19 -320.346107 4.517490
19 -316.216889 3.170274
16 -317.915742 3.724549
13 -324.341175 5.820938
16 -332.201612 8.385518
18 -316.653743 3.312804
13 -334.901191 9.266294
18 -327.634076 6.895294
16 -321.733900 4.970277
17 -323.569352 5.569120
18 -335.362549 9.416818
19 -318.261780 3.837449
14 -328.451435 7.161969
20 -316.584527 3.290221
17 -323.626348 5.587715
17 -335.492163 9.459107
15 -321.595912 4.925257
19 -315.994627 3.097758
15 -318.272698 3.841011
17 -319.863657 4.360084
20 -329.697417 7.568489
15 -317.909465 3.722501
18 -336.177038 9.682557
16 -336.705017 9.854818
17 -327.828936 6.958870
20 -329.528651 7.513426
16 -324.933035 6.014041
18 -322.430133 5.197433
18 -327.612593 6.888285
18 -329.940921 7.647935
16 -329.159147 7.392870
18 -320.633151 4.611142
15 -332.904201 8.614747
15 -321.765248 4.980505
18 -318.936131 4.057465
19 -322.158802 5.108908
18 -325.348523 6.149600
18 -320.074591 4.428904
17 -325.015264 6.040869
18 -322.058251 5.076101
20 -317.706882 3.656405
19 -318.840899 4.026395
20 -315.335639 2.882753
failed to find solution after reaching max emtpy limit -- 170 iterations and 59 function evals
218 -310.028159 1.151112
253 -310.305327 1.241542
