18 39.981904 9.132036
370 39.822429 9.494479
1161 39.672194 9.835922
1404 40.280129 8.454253
1503 41.472558 5.744187
951 41.160008 6.454526
2198 39.857684 9.414354
2991 40.127116 8.802009
3568 40.484296 7.990236
3862 40.015531 9.055610
5133 41.106805 6.575443
5231 40.556857 7.825324
5549 41.218255 6.322147
2566 42.269067 3.933938
6921 40.493675 7.968919
6932 43.003027 2.265848
7152 40.670273 7.567562
1693 39.931399 9.246821
9386 42.519077 3.365734
9550 41.161177 6.451871
10016 42.152330 4.199251
8511 40.038966 9.002349
11299 42.680794 2.998195
11440 40.961157 6.906460
12914 40.780339 7.317411
14561 40.857709 7.141570
15448 40.386543 8.212402
15816 39.643840 9.900363
16013 41.428728 5.843801
16668 39.954012 9.195427
17227 40.183350 8.674204
18829 41.601489 5.451162
19277 41.529760 5.614182
19316 42.480782 3.452768
3799 39.629831 9.932202
19629 41.800060 4.999864
12731 41.795514 5.010196
3682 40.571965 7.790988
13178 40.670238 7.567642
17764 41.441327 5.815166
15010 40.450630 8.066751
22832 41.582621 5.494043
19447 40.304161 8.399634
2183 40.322333 8.358333
24976 39.641774 9.905059
26710 40.123534 8.810150
3047 40.177590 8.687295
20309 41.777254 5.051695
26822 39.605368 9.987800
27903 39.871452 9.383065
30029 42.561468 3.269391
29418 42.496145 3.417851
30613 39.915365 9.283262
30905 40.210213 8.613152
32266 40.491452 7.973973
6104 40.151071 8.747567
25387 41.388227 5.935847
23763 39.771295 9.610692
26474 41.689388 5.251391
33280 40.998730 6.821069
23484 39.729377 9.705961
16953 42.513282 3.378905
14601 40.865028 7.124937
35814 39.831492 9.473881
18141 41.004328 6.808346
35285 41.323785 6.082308
26033 40.243682 8.537086
7926 39.666118 9.849732
25576 41.111009 6.565889
38394 40.966047 6.895347
3939 43.172957 1.879643
35766 40.828004 7.209081
3030 41.398642 5.912177
22074 42.691194 2.974558
31105 40.341862 8.313951
33846 40.749766 7.386895
39884 40.788447 7.298984
41471 40.699998 7.500003
29846 40.702407 7.494530
32710 42.071556 4.382827
13116 42.575297 3.237961
44104 40.437148 8.097391
10335 40.118263 8.822130
45127 40.657429 7.596753
18728 40.696542 7.507860
21249 40.141968 8.768255
27123 40.008954 9.070559
12655 39.781967 9.586439
42672 40.388492 8.207974
14843 40.185454 8.669423
26009 39.625481 9.942088
47759 40.439618 8.091778
31145 40.033807 9.014074
18078 39.992015 9.109058
8657 40.264739 8.489229
31854 40.025145 9.033762
5032 41.894049 4.786252
11393 40.354712 8.284745
15772 40.204576 8.625965
207 39.907740 9.300592
38008 40.057996 8.959100
18097 40.001889 9.086617
35870 41.624972 5.397791
14509 41.290880 6.157091
37679 40.155202 8.738177
16771 40.290163 8.431448
23379 41.807548 4.982846
19984 40.178346 8.685577
37311 40.979145 6.865579
7139 39.813541 9.514679
5812 40.844200 7.172273
28879 40.683083 7.538448
31633 41.933439 4.696730
54163 40.761155 7.361011
12828 39.869397 9.387734
54439 40.953336 6.924237
8201 42.487823 3.436766
18703 42.840020 2.636319
6245 43.476336 1.190145
18510 40.011431 9.064930
10857 41.838240 4.913090
53945 40.028988 9.025027
10111 40.140258 8.772141
9060 42.447976 3.527328
58867 40.204756 8.625555
23654 40.020923 9.043356
21313 41.795554 5.010104
35411 39.768984 9.615946
1183 40.216291 8.599339
60105 42.695340 2.965136
38989 39.605559 9.987366
12930 40.350147 8.295120
31447 41.509601 5.659998
4417 41.056067 6.690757
37292 40.569528 7.796527
47669 40.675363 7.555992
31541 40.848685 7.162080
39852 42.309690 3.841615
29753 42.653372 3.060518
63837 41.985355 4.578738
32590 39.816797 9.507281
67289 40.139541 8.773771
61658 39.709543 9.751039
28012 40.060387 8.953667
3169 39.818561 9.503269
45684 39.600278 9.999367
68884 40.899694 7.046149
30149 41.808804 4.979990
45019 39.751303 9.656128
69742 42.829358 2.660549
69676 40.500501 7.953408
8789 40.204485 8.626170
36621 41.951956 4.654645
12753 40.020113 9.045198
12308 40.364607 8.262258
24771 41.407600 5.891818
71836 42.085127 4.351985
15474 40.237903 8.550220
40061 39.769059 9.615774
29128 39.875576 9.373690
24625 43.198905 1.820669
2478 39.985135 9.124694
26587 41.726308 5.167482
4527 39.617670 9.959841
5603 41.645512 5.351109
2657 42.515559 3.373729
24175 41.100421 6.589953
64834 42.325459 3.805774
50300 41.894653 4.784879
26953 40.353122 8.288358
73413 40.617953 7.686470
16115 39.609129 9.979253
8938 42.099388 4.319573
74468 41.857565 4.869170
56014 41.100432 6.589926
18008 40.132181 8.790499
26458 39.663136 9.856509
76541 40.909124 7.024718
71713 42.291329 3.883344
68858 41.452282 5.790267
36732 40.015887 9.054803
79068 41.686802 5.257269
7713 39.796173 9.554152
1463 40.257867 8.504847
58811 40.790980 7.293227
261 39.888271 9.344840
33741 41.542534 5.585151
37535 40.555835 7.827648
30943 39.965982 9.168222
41542 40.195318 8.647006
1650 41.448402 5.799087
5064 40.127309 8.801570
77406 41.364532 5.989700
2289 40.242875 8.538920
49528 42.220497 4.044325
66814 40.255082 8.511177
44702 40.637482 7.642086
84226 42.577539 3.232866
27211 40.737509 7.414753
16403 39.647494 9.892060
12208 40.292598 8.425914
48844 41.608825 5.434489
24870 40.496363 7.962812
3603 39.702688 9.766617
74839 40.417270 8.142569
30750 40.104068 8.854392
4787 42.612991 3.152292
28971 41.650306 5.340215
16972 41.504947 5.670574
980 39.969003 9.161356
45022 42.084919 4.352457
3241 40.030331 9.021974
6721 41.182056 6.404417
24684 39.613255 9.969876
78657 39.693196 9.788192
1867 42.158185 4.185942
2782 43.640323 0.817449
13634 42.891888 2.518436
5932 40.318219 8.367685
22779 40.731727 7.427894
88008 41.889766 4.795987
88327 42.260867 3.952575
7736 40.055217 8.965417
51420 39.829986 9.477304
27504 40.628829 7.661753
20977 41.430609 5.839525
23816 40.994231 6.831293
2095 40.372579 8.244139
10371 41.384182 5.945040
55183 41.785493 5.032970
11965 39.692963 9.788720
36136 39.648276 9.890282
16199 43.227720 1.755183
9093 39.804762 9.534632
70049 40.987421 6.846771
51963 41.918419 4.730865
36559 42.130984 4.247763
10016 40.152052 8.745336
48445 40.903238 7.038096
29508 41.102789 6.584572
39846 40.180794 8.680014
35171 40.785279 7.306185
71650 41.154743 6.466492
60948 39.668724 9.843810
16048 41.284379 6.171865
74950 42.330570 3.794159
9322 40.163834 8.718559
74965 39.616525 9.962443
87112 39.879495 9.364783
44142 43.057530 2.141978
57740 42.365171 3.715521
39057 39.817287 9.506165
25844 41.368001 5.981816
20145 39.637411 9.914975
19470 40.066837 8.939008
32005 40.247416 8.528599
95350 41.429552 5.841928
33219 39.960174 9.181423
16907 43.128437 1.980826
6959 40.295375 8.419602
23779 42.083587 4.355485
18745 39.682544 9.812401
29925 41.099607 6.591802
9963 40.445046 8.079441
34741 41.865839 4.850366
24117 40.516825 7.916306
13148 40.539349 7.865115
54409 41.166875 6.438921
3218 41.833253 4.924425
43344 42.755791 2.827749
18845 41.545621 5.578135
27575 40.239498 8.546594
24752 40.851421 7.155860
6825 40.645551 7.623747
7077 41.372288 5.972072
25877 39.893547 9.332848
25894 39.742430 9.676295
9440 40.030050 9.022613
22812 41.626602 5.394086
49236 41.400677 5.907552
90858 39.856027 9.418120
35878 41.698472 5.230745
34949 39.797342 9.551495
61482 41.128376 6.526419
37906 41.655009 5.329525
43979 39.639184 9.910947
10344 39.907588 9.300935
46118 43.311776 1.564146
44006 39.775926 9.600168
66049 40.829608 7.205436
60230 39.768396 9.617281
17396 40.065844 8.941264
5298 40.362353 8.267379
8570 42.428845 3.570808
79270 39.985484 9.123900
8843 40.616298 7.690232
70257 40.750512 7.385200
60632 40.724140 7.445136
109299 39.984387 9.126392
1725 42.126583 4.257765
80470 42.348353 3.753744
22247 39.887914 9.345650
13613 43.385209 1.397253
1463 42.215767 4.055076
8452 40.349456 8.296692
4980 40.820256 7.226692
51691 40.768935 7.343329
30404 40.247915 8.527466
45287 40.317461 8.369407
9579 39.702936 9.766055
3472 40.547984 7.845491
49652 40.198863 8.638947
2340 40.053318 8.969732
47891 40.666357 7.576460
33272 41.203771 6.355067
15418 39.985246 9.124440
33175 40.908069 7.027115
23329 39.952944 9.197854
26117 43.072964 2.106900
14421 39.630885 9.929806
13181 40.849088 7.161164
22551 39.806425 9.530851
45732 40.466949 8.029662
5016 40.466815 8.029966
82248 43.392674 1.380287
218 41.134934 6.511515
28026 40.562274 7.813013
9878 41.365935 5.986511
51571 42.238694 4.002968
45661 41.629186 5.388214
97309 42.087597 4.346370
59175 40.066838 8.939004
23429 39.717035 9.734011
41712 40.161418 8.724050
21423 40.531253 7.883515
1631 39.940847 9.225348
23238 40.947886 6.936622
11449 40.346030 8.304477
113436 41.546036 5.577190
8925 40.154513 8.739743
57212 39.828951 9.479657
7528 41.481833 5.723107
12479 42.189473 4.114834
69069 39.801467 9.542121
18963 40.551736 7.836965
26756 39.918981 9.275044
85849 40.546148 7.849664
6395 42.294839 3.875366
29108 41.402546 5.903304
7027 40.294128 8.422437
92175 40.784458 7.308049
1709 40.747513 7.392015
11730 40.816292 7.235700
72818 42.048159 4.436003
1160 39.669206 9.842714
18330 39.615095 9.965693
164 40.416862 8.143495
31148 40.149121 8.751998
11082 39.646101 9.895224
12929 39.677415 9.824056
59142 40.962579 6.903230
9637 43.031926 2.200168
14316 41.491579 5.700956
9226 41.393969 5.922797
32252 40.040351 8.999203
72637 42.086576 4.348690
53190 39.673502 9.832949
8334 41.136732 6.507427
20896 40.202502 8.630677
21534 40.347424 8.301310
102986 42.227603 4.028175
76475 39.957818 9.186777
8145 40.088168 8.890527
17193 39.959161 9.183725
40166 39.834722 9.466541
80467 40.489155 7.979194
100491 40.466681 8.030270
46042 40.203958 8.627369
35559 39.666698 9.848413
67239 39.800104 9.545218
24416 41.221095 6.315694
3099 40.528661 7.889408
63763 41.269439 6.205819
4242 40.091200 8.883636
3509 40.476647 8.007620
44710 40.067324 8.937900
33160 41.609391 5.433203
69993 41.889567 4.796438
74342 40.128942 8.797859
33879 40.889704 7.068853
29473 40.283866 8.445759
10759 40.611782 7.700494
53604 41.291019 6.156775
24991 40.777266 7.324397
121559 40.412887 8.152530
22988 39.835181 9.465497
41909 40.797462 7.278496
94634 41.251076 6.247554
62746 40.679207 7.547256
9602 39.703715 9.764284
59300 40.527052 7.893063
119792 42.106404 4.303628
39796 41.862200 4.858637
59878 40.069925 8.931990
12225 40.569676 7.796190
13282 42.162887 4.175258
37330 40.664244 7.581263
59210 40.033830 9.014023
3589 40.973675 6.878011
33565 41.138584 6.503217
33594 39.870828 9.384482
55045 42.614807 3.148165
13751 39.936769 9.234617
66010 40.655364 7.601445
100791 42.051163 4.429175
6414 42.438325 3.549262
48432 39.942397 9.221824
22065 40.732200 7.426818
14734 40.801539 7.269228
4682 39.879033 9.365834
21538 39.820681 9.498452
18726 40.560081 7.817998
7333 40.100097 8.863416
16355 41.781470 5.042113
43732 41.518663 5.639402
57163 41.461216 5.769965
20772 40.643102 7.629313
13317 40.043739 8.991501
51532 41.586004 5.486354
17576 41.093252 6.606245
47525 41.259749 6.227842
15654 39.745035 9.670375
5000 40.192781 8.652770
95816 40.765748 7.350572
989 41.267009 6.211342
1194 40.218229 8.594934
21832 40.202465 8.630762
27908 40.817702 7.232495
22275 41.316982 6.097768
43506 40.453111 8.061110
77023 40.826268 7.213027
18988 40.024637 9.034915
19958 39.742912 9.675200
114041 41.349465 6.023942
28673 41.325576 6.078236
76072 41.319541 6.091951
66037 40.564978 7.806869
462 39.763638 9.628096
102474 41.440943 5.816039
25693 41.131182 6.520040
136020 42.189708 4.114301
8824 41.218086 6.322531
128836 39.603254 9.992605
706 40.276959 8.461457
40209 40.452395 8.062738
242 40.768199 7.345002
57069 41.176765 6.416443
56284 42.466396 3.485463
66087 39.977023 9.143129
38989 42.446224 3.531308
6777 40.419303 8.137948
19147 40.116207 8.826803
75979 41.501079 5.679366
841 40.160120 8.727001
351 40.867507 7.119301
13761 41.325971 6.077338
19608 42.250106 3.977031
9578 39.975318 9.147005
48464 40.607147 7.711029
6843 39.773283 9.606175
22085 42.640360 3.090091
30196 41.598176 5.458691
31919 40.199320 8.637909
15694 41.067429 6.664934
9266 40.849097 7.161144
9757 41.957073 4.643016
11515 41.032480 6.744364
95401 40.035274 9.010741
25413 39.780050 9.590795
51281 41.295038 6.147642
20634 39.791556 9.564645
2070 41.793919 5.013821
70893 40.096212 8.872246
42720 40.735274 7.419832
41778 40.323118 8.356550
51628 40.548627 7.844029
2373 39.948348 9.208300
15974 41.028282 6.753904
40417 39.736635 9.689465
125173 39.840586 9.453214
54926 42.818992 2.684109
47790 41.318382 6.094587
3100 41.425648 5.850799
70246 42.463520 3.492000
20650 41.203500 6.355681
17462 41.842671 4.903021
59350 40.277888 8.459346
17640 41.027780 6.755044
36647 40.545415 7.851331
60953 40.022424 9.039945
36459 42.041392 4.451381
44344 40.121335 8.815147
25103 39.652497 9.880689
110533 41.827056 4.938510
14268 39.795730 9.555158
5848 39.775760 9.600545
56765 39.865796 9.395919
87239 40.720830 7.452659
98001 40.423096 8.129327
37384 40.038135 9.004238
12458 39.886671 9.348475
678 42.882967 2.538712
55273 39.705477 9.760280
31735 41.135119 6.511094
27470 40.008225 9.072216
8926 42.392549 3.653298
11053 42.394159 3.649640
10604 39.891363 9.337810
29155 41.544561 5.580544
51429 40.163918 8.718368
13775 39.972277 9.153917
54684 41.855644 4.873536
54349 40.390155 8.204193
8650 41.982231 4.585839
53991 41.123798 6.536822
13921 40.069086 8.933895
21823 40.059599 8.955456
88094 41.909163 4.751902
11876 41.213119 6.333819
86875 41.089058 6.615777
55390 40.097261 8.869862
34906 39.710426 9.749031
2038 42.256947 3.961483
76314 43.129535 1.978330
51876 42.336120 3.781545
22169 40.083088 8.902074
25834 41.030889 6.747981
68302 40.418501 8.139770
38127 41.452006 5.790896
8085 40.148479 8.753457
1433 39.617185 9.960943
60092 39.912757 9.289188
12923 40.258893 8.502516
1833 41.371650 5.973522
8167 41.992991 4.561385
6733 40.855339 7.146956
2415 39.847589 9.437298
105191 40.357879 8.277548
13333 42.554473 3.285288
70025 41.061692 6.677972
5497 42.222673 4.039380
41905 40.300605 8.407715
3244 41.776666 5.053032
33645 39.606719 9.984729
90603 41.548254 5.572150
17318 39.918340 9.276499
37815 40.172816 8.698146
13774 40.133782 8.786860
8924 40.113800 8.832273
12945 40.073206 8.924531
5983 39.605050 9.988522
10586 40.723026 7.447668
23646 40.526743 7.893767
16511 43.023086 2.220259
4361 39.990905 9.111580
85374 41.976709 4.598388
81430 40.095809 8.873160
59959 43.269317 1.660643
72199 40.024737 9.034689
26092 41.507090 5.665705
78397 42.240911 3.997929
1522 40.308599 8.389547
58599 40.756761 7.370998
56092 41.712439 5.199003
44518 41.568586 5.525940
12465 41.761320 5.087910
11393 40.969169 6.888253
48778 40.311581 8.382770
27329 41.026016 6.759054
3484 41.477289 5.733433
699 40.537611 7.869066
41186 39.980781 9.134588
9313 42.445810 3.532250
52944 40.077828 8.914028
5316 40.992892 6.834336
32545 40.234533 8.557879
37448 43.163427 1.901303
36952 39.804046 9.536259
87656 41.849921 4.886543
21433 41.356299 6.008411
58800 40.540841 7.861724
18810 42.744964 2.852355
2093 39.636546 9.916941
31610 41.729618 5.159959
21419 39.702683 9.766629
59547 40.917018 7.006777
27574 40.686422 7.530859
76301 41.987005 4.574989
49170 42.015449 4.510343
46563 40.615642 7.691722
9438 40.388761 8.207360
61895 41.490008 5.704527
70135 40.138707 8.775665
32 41.315208 6.101801
105996 40.958960 6.911454
42391 39.754967 9.647803
24659 40.084493 8.898880
63396 41.009507 6.796575
18644 41.611491 5.428430
50317 39.646900 9.893408
4607 42.590478 3.203459
12194 40.425400 8.124091
19447 39.620995 9.952285
17087 39.876972 9.370519
3671 41.633592 5.378199
33796 40.260347 8.499212
9159 42.254244 3.967627
36477 39.862298 9.403868
28894 41.668486 5.298895
6776 42.172660 4.153046
3161 41.618579 5.412320
6502 40.278277 8.458462
108381 40.977575 6.869148
93012 40.841451 7.178521
15187 39.970537 9.157871
16993 41.234598 6.285003
19562 41.223544 6.310128
60263 40.201853 8.632153
26813 42.972519 2.335183
104930 41.046494 6.712514
7292 40.701482 7.496631
4927 41.187351 6.392385
36475 39.955790 9.191386
116425 40.849211 7.160884
88757 40.672691 7.562065
37068 40.657734 7.596060
35616 41.651931 5.336522
71051 41.264381 6.217317
10994 40.265255 8.488058
5851 41.359759 6.000548
8136 39.868972 9.388701
29758 39.710169 9.749615
4288 39.741402 9.678631
6953 40.968946 6.888760
6068 41.045314 6.715195
14330 40.965789 6.895935
22184 40.070648 8.930344
100093 39.814571 9.512339
31529 40.528266 7.890304
128592 41.712945 5.197852
18691 40.002049 9.086252
11611 39.813948 9.513754
85969 39.773465 9.605760
16790 40.107770 8.845978
23860 40.207250 8.619886
55180 40.865788 7.123208
103354 42.568294 3.253877
86514 41.810919 4.975184
115195 40.414088 8.149801
11393 40.641646 7.632624
89536 40.015072 9.056655
99115 39.745744 9.668763
31915 40.089419 8.887685
10344 40.308451 8.389883
35301 40.207017 8.620416
19568 39.856711 9.416566
24804 40.699535 7.501058
40044 39.935318 9.237914
2905 40.580239 7.772183
4129 40.391570 8.200976
38202 41.042135 6.722420
3922 41.272756 6.198283
45887 41.385509 5.942026
59810 39.604120 9.990637
50783 42.221149 4.042844
50859 41.471458 5.746687
2780 41.545577 5.578234
37119 41.357229 6.006299
72321 40.319431 8.364929
81925 41.092244 6.608537
89150 42.162650 4.175795
77361 40.824549 7.216934
74897 40.401614 8.178150
29468 40.134939 8.784228
93740 40.787782 7.300495
12450 39.621487 9.951167
70434 42.222662 4.039404
6897 41.010336 6.794692
94433 41.504175 5.672329
30631 41.144026 6.490849
12191 40.398280 8.185727
5339 40.638008 7.640892
11484 41.102709 6.584753
8698 43.436308 1.281117
2200 40.654324 7.603810
75374 40.901485 7.042078
15801 40.351996 8.290918
25029 41.341894 6.041150
45027 40.758359 7.367367
2647 40.683760 7.536909
26521 39.842411 9.449065
89539 39.750368 9.658255
28280 40.531325 7.883353
49976 40.613418 7.696778
6868 41.321386 6.087759
96313 40.753553 7.378288
16391 42.196563 4.098719
8262 40.199104 8.638401
21216 39.842386 9.449123
29525 41.196297 6.372052
2152 39.668032 9.845382
17789 40.319204 8.365444
17786 40.408603 8.162265
88481 39.903770 9.309614
11724 40.790634 7.294015
104279 41.068460 6.662592
73332 40.180028 8.681755
44685 39.664848 9.852619
13614 41.912929 4.743342
76418 41.295246 6.147169
16045 41.264424 6.217218
2062 39.836151 9.463292
41274 40.257692 8.505246
9446 41.008355 6.799192
91312 40.629066 7.661213
8346 39.956733 9.189243
43936 39.800489 9.544344
39979 39.926209 9.258616
12018 39.798901 9.547952
31592 40.509490 7.932977
40256 39.620559 9.953275
16427 41.004427 6.808120
15175 40.131684 8.791627
54677 40.045942 8.986494
38981 41.819277 4.956188
11866 42.299115 3.865648
38704 40.915390 7.010477
98363 39.860101 9.408861
10198 39.780502 9.589767
52512 40.875738 7.100595
10364 40.256207 8.508619
9583 41.426135 5.849692
2338 39.959670 9.182567
88499 39.858516 9.412464
4498 40.138801 8.775452
2577 39.860709 9.407480
55892 40.807319 7.256093
17564 41.274005 6.195444
4353 39.781829 9.586752
100255 40.461160 8.042817
2573 40.950936 6.929691
39680 40.186332 8.667427
22636 41.683326 5.265168
22839 40.824012 7.218155
6103 40.502015 7.949965
64222 41.895240 4.783545
68934 41.376463 5.962585
26790 41.713027 5.197666
2245 40.089085 8.888444
63735 40.669372 7.569610
12972 41.021977 6.768234
123707 40.168055 8.708965
5877 39.956258 9.190323
10307 40.503660 7.946227
22588 41.966081 4.622542
12557 39.800631 9.544020
27845 39.672247 9.835802
13431 39.983228 9.129027
43846 40.038793 9.002744
50538 39.654385 9.876398
157736 39.633240 9.924454
42898 39.878755 9.366467
24109 40.508695 7.934783
30619 40.173301 8.697042
5184 40.211729 8.609707
17123 41.331235 6.065374
35899 39.670671 9.839383
33949 41.833166 4.924624
16655 42.641679 3.087092
5946 40.642981 7.629589
124444 39.679888 9.818436
14392 39.722163 9.722356
24758 42.531028 3.338573
66288 41.061016 6.679510
3033 39.778968 9.593254
69160 41.387168 5.938255
14555 41.084333 6.626515
3621 41.791242 5.019906
140497 40.836670 7.189387
19799 42.283923 3.900175
87963 40.425325 8.124262
308 40.042484 8.994355
77183 39.880354 9.362832
48430 39.795318 9.556097
4627 41.067079 6.665729
11269 39.970149 9.158752
24594 40.353388 8.287755
31611 39.761493 9.632971
29678 40.048455 8.980784
111825 39.627348 9.937847
3269 39.804487 9.535257
72387 42.388590 3.662295
31934 41.722826 5.175395
9102 39.805819 9.532230
28677 40.738417 7.412688
26596 41.377042 5.961267
35038 42.447096 3.529327
19872 40.168143 8.708765
13406 39.752989 9.652299
639 41.084784 6.625490
15782 39.904203 9.308629
46778 40.655779 7.600503
45683 39.602832 9.993564
3298 41.623445 5.401262
549 39.822910 9.493387
83022 41.045883 6.713901
62688 40.396643 8.189449
32991 40.619927 7.681984
18548 40.873077 7.106642
12892 41.162634 6.448559
12979 40.028216 9.026782
14818 40.117165 8.824626
90371 39.850582 9.430495
1940 39.770420 9.612682
2259 40.048826 8.979941
17823 40.770354 7.340104
45369 41.319564 6.091900
49711 40.417559 8.141912
4042 40.798487 7.276166
30303 39.658391 9.867293
6198 42.494620 3.421319
40583 40.542854 7.857151
1145 41.199418 6.364958
15687 41.985038 4.579460
88654 41.020827 6.770848
8979 42.073591 4.378203
56099 40.039783 9.000494
12417 39.645066 9.897577
18533 41.234530 6.285158
12160 40.489394 7.978650
3293 40.408807 8.161802
4407 41.958947 4.638758
37069 42.036147 4.463301
504 40.630357 7.658279
67726 40.343364 8.310537
17577 41.385796 5.941373
17668 39.828798 9.480004
73578 41.302828 6.129936
27859 40.275383 8.465038
45159 40.145998 8.759096
18014 41.160838 6.452641
19670 41.133802 6.514087
43752 41.948451 4.662612
31866 42.127059 4.256685
42595 40.410832 8.157200
104503 41.596047 5.463529
7818 43.629363 0.842358
92263 40.752773 7.380060
100848 40.217619 8.596322
8575 41.015007 6.784074
25581 39.720076 9.727101
20664 42.094959 4.329638
887 40.920176 6.999599
100512 40.049686 8.977986
3772 40.603717 7.718826
32943 40.474952 8.011473
26121 39.923647 9.264439
57258 42.037255 4.460785
42400 42.072545 4.380579
27307 39.712205 9.744988
19679 40.094708 8.875664
23980 41.989041 4.570362
13029 39.982910 9.129750
79757 41.627614 5.391787
10453 41.345807 6.032257
34619 39.703726 9.764259
65845 40.364241 8.263090
70111 39.972030 9.154478
27848 41.642542 5.357859
61800 41.511948 5.654663
93029 39.764070 9.627113
33866 40.247066 8.529396
22622 40.812009 7.245435
5443 41.823853 4.945789
22865 41.550611 5.566794
58565 40.044887 8.988892
78521 41.572488 5.517072
113530 40.423186 8.129123
42068 41.657521 5.323815
1596 39.754075 9.649829
16357 42.011613 4.519061
38035 40.539065 7.865760
32688 39.778123 9.595175
45897 39.977975 9.140965
76473 40.502805 7.948171
7923 40.233901 8.559315
27205 41.266680 6.212090
98823 40.489136 7.979237
3625 41.053259 6.697138
64926 39.621262 9.951677
19074 42.302607 3.857711
37276 40.588244 7.753991
38542 39.736316 9.690192
72740 40.652742 7.607404
37191 40.261501 8.496589
26840 39.638060 9.913499
38776 39.773010 9.606796
42236 39.975092 9.147518
15771 40.409687 8.159802
37112 40.441971 8.086429
23121 41.627813 5.391334
9508 40.608213 7.708607
19182 39.674810 9.829978
2243 39.612894 9.970696
22349 41.824746 4.943758
21621 40.313427 8.378575
33344 39.889755 9.341466
175966 40.322425 8.358125
64454 40.387401 8.210452
13967 40.988351 6.844657
12387 41.827244 4.938081
37457 40.101725 8.859715
4661 39.863732 9.400609
34281 39.845472 9.442110
42773 40.407032 8.165836
1592 39.925621 9.259953
72265 40.721019 7.452230
18273 40.827035 7.211283
52618 42.639474 3.092105
3406 40.773848 7.332165
22216 42.617918 3.141096
8198 39.876081 9.372543
55304 39.967195 9.165466
22541 41.363043 5.993084
9505 43.671143 0.747401
4946 40.975946 6.872849
46670 40.130512 8.794291
15211 41.699180 5.229137
86752 41.016079 6.781638
67704 41.713346 5.196942
68514 39.866945 9.393307
37567 40.584050 7.763523
1401 40.665913 7.577469
34402 39.830900 9.475227
26386 40.986985 6.847762
59638 40.276597 8.462279
2435 39.674973 9.829607
4054 39.722358 9.721914
5768 41.122545 6.539671
18334 42.067713 4.391561
87180 40.466251 8.031248
46851 43.370144 1.431490
19341 42.465334 3.487877
23958 40.491483 7.973901
34114 40.584552 7.762381
3300 39.939742 9.227859
7505 39.874828 9.375392
64630 41.931441 4.701270
6648 41.404168 5.899619
10390 40.256531 8.507885
8499 40.923591 6.991838
30689 40.147858 8.754867
39900 40.943507 6.946576
1473 39.650155 9.886012
67705 42.315326 3.828804
35368 39.912241 9.290362
23740 40.342405 8.312716
5055 41.938880 4.684364
6972 41.367984 5.981855
89138 39.746638 9.666731
37219 39.910733 9.293788
46999 39.751216 9.656328
18239 41.545725 5.577898
32724 42.374726 3.693804
22918 42.491590 3.428204
99716 41.112838 6.561733
47927 42.309295 3.842511
40626 39.657075 9.870283
42753 42.322047 3.813529
23058 40.599778 7.727777
50062 41.466595 5.757738
22605 39.642814 9.902695
56082 40.014778 9.057323
21271 40.601773 7.723244
41413 40.669166 7.570077
116429 40.315671 8.373476
13068 40.453490 8.060249
176996 39.996394 9.099104
15560 41.667533 5.301061
39015 40.222269 8.585752
7522 41.652842 5.334449
23540 41.243468 6.264846
1765 41.499141 5.683771
10759 42.343546 3.764669
38990 41.214591 6.330476
4452 41.732725 5.152897
27750 40.052297 8.972053
72300 40.656320 7.599274
28468 43.098112 2.049747
26586 41.326294 6.076605
4726 41.060989 6.679571
8530 40.172692 8.698427
68373 41.935743 4.691494
40185 39.792785 9.561851
2330 39.898698 9.321140
17431 40.557247 7.824439
70499 39.998138 9.095142
46298 40.074651 8.921247
27836 41.954546 4.648758
9483 40.219875 8.591193
6938 40.140600 8.771364
13761 42.777231 2.779021
151053 40.276377 8.462779
20627 41.090219 6.613138
82628 42.201646 4.087168
66002 41.565207 5.533621
103901 40.299781 8.409589
44045 39.660990 9.861385
63962 40.785088 7.306617
47803 41.174341 6.421953
19560 40.455168 8.056436
2784 39.793283 9.560721
26131 41.774835 5.057193
6425 40.648152 7.617836
71175 40.287404 8.437718
29973 41.726821 5.166316
35271 41.843350 4.901478
8680 40.802830 7.266295
13374 39.791699 9.564321
12200 40.402255 8.176692
18703 41.001708 6.814301
23649 40.725320 7.442455
4853 40.016075 9.054375
3514 42.450102 3.522495
25773 39.727962 9.709177
56904 40.670671 7.566657
16607 39.842745 9.448307
23720 41.190174 6.385967
5162 40.594460 7.739863
9574 40.374349 8.240117
132257 39.739322 9.683358
23666 40.859767 7.136893
69038 42.951298 2.383413
150520 41.603073 5.447561
11170 42.353323 3.742447
18203 40.053043 8.970356
9004 42.093322 4.333360
40025 40.686688 7.530254
85145 40.993131 6.833794
31626 40.533971 7.877340
10541 40.299502 8.410222
20653 39.987507 9.119302
4455 40.445060 8.079410
67635 40.358432 8.276291
2839 40.058797 8.957279
89060 40.124437 8.808097
18552 40.032903 9.016129
20263 41.838702 4.912042
408 40.613706 7.696122
3915 41.508950 5.661478
5954 40.203120 8.629273
6755 42.585551 3.214657
52532 40.594300 7.740226
20069 40.109829 8.841298
53642 40.458651 8.048520
53806 39.739443 9.683084
114536 40.395081 8.192998
21216 41.187721 6.391543
18119 41.297888 6.141163
10300 40.071641 8.928089
92045 40.843994 7.172742
917 40.640853 7.634425
82395 40.339420 8.319500
31870 40.759987 7.363667
2612 41.253025 6.243124
71276 40.300268 8.408482
9429 40.641081 7.633907
38712 40.403896 8.172964
5232 41.647364 5.346899
103919 39.602319 9.994730
70061 39.843694 9.446151
19462 40.588147 7.754210
30762 40.811250 7.247159
78437 41.204606 6.353169
10694 40.337489 8.323889
16785 39.721968 9.722801
9949 40.507702 7.937042
12768 42.758130 2.822432
3071 39.783915 9.582011
54910 41.337870 6.050296
86257 42.121620 4.269046
34475 40.453710 8.059751
38120 39.902573 9.312335
25889 39.679395 9.819556
20538 41.097391 6.596838
35569 40.269552 8.478291
46560 39.828367 9.480984
7074 40.784003 7.309085
65914 41.853647 4.878076
57984 40.112190 8.835932
21011 39.760430 9.635386
17642 40.138992 8.775019
9325 40.048223 8.981311
35556 40.465914 8.032013
9770 41.508273 5.663016
2168 40.166196 8.713190
14181 40.011307 9.065211
3561 41.341400 6.042274
5806 42.041820 4.450410
69519 39.936303 9.235676
5777 41.088038 6.618095
27507 40.936115 6.963374
25434 39.868894 9.388877
75257 41.522973 5.629608
132386 41.104789 6.580025
7164 39.958813 9.184516
25939 43.144696 1.943872
7535 40.588481 7.753453
18722 41.248630 6.253113
38212 39.923645 9.264443
25692 42.105888 4.304800
608 41.106775 6.575512
79196 40.523061 7.902134
64913 40.282686 8.448441
64419 43.009959 2.250093
76933 41.658715 5.321102
42127 41.031430 6.746751
45505 40.795675 7.282558
208979 42.046276 4.440281
16661 39.824086 9.490715
825 40.737884 7.413901
61998 41.368674 5.980286
1658 41.943325 4.674261
59386 42.724196 2.899554
37011 39.686933 9.802424
31212 40.816231 7.235839
12170 42.934080 2.422545
38465 42.129420 4.251319
31679 42.181550 4.132841
106705 41.695713 5.237016
23293 41.883219 4.810867
18736 42.393318 3.651550
20836 41.754489 5.103433
59392 40.337659 8.323502
63644 40.677176 7.551873
23033 40.685586 7.532758
99031 40.070639 8.930365
1566 41.769522 5.069267
50828 41.331016 6.065873
18568 39.749679 9.659821
66805 40.890357 7.067370
80111 39.684657 9.807598
64915 39.959805 9.182262
32004 39.773937 9.604688
19726 39.867174 9.392786
30980 39.658908 9.866118
99175 39.743414 9.674059
45346 40.221632 8.587200
9915 40.801564 7.269172
26397 40.152055 8.745330
67821 40.570298 7.794778
575 39.895475 9.328467
65404 40.678880 7.548000
43104 40.300840 8.407181
18161 39.992841 9.107180
31890 40.940729 6.952889
26737 41.844041 4.899906
72159 40.205496 8.623873
131679 40.657784 7.595945
26232 40.339666 8.318942
38826 40.946751 6.939202
85243 41.177297 6.415233
44721 41.232590 6.289567
29509 41.251242 6.247178
27202 39.992463 9.108039
91271 40.993100 6.833864
17441 42.635735 3.100602
30157 43.064551 2.126021
35625 39.936572 9.235064
60497 39.932988 9.243210
126632 40.879560 7.091909
17529 42.302515 3.857921
21784 40.299520 8.410182
26894 41.851419 4.883139
8093 39.907937 9.300142
37469 41.840157 4.908735
40726 41.898042 4.777177
34554 40.610930 7.702431
56450 40.085822 8.895859
37535 40.470944 8.020581
78745 41.033668 6.741664
72139 39.799198 9.547278
5109 40.661997 7.586369
62775 40.422765 8.130080
110789 40.976240 6.872181
37530 40.660031 7.590839
6829 40.942490 6.948886
34699 40.867333 7.119699
26200 40.479061 8.002135
44591 40.325521 8.351090
17243 40.606401 7.712724
48448 39.983469 9.128478
26869 42.532937 3.334235
156791 41.225110 6.306568
10837 40.130887 8.793438
122088 40.136015 8.781784
3738 40.237120 8.552001
114105 39.746431 9.667202
9269 40.756099 7.372502
61593 40.306352 8.394656
249244 41.633414 5.378605
108960 40.944221 6.944952
2403 40.121978 8.813685
56126 42.183543 4.128311
75477 41.196893 6.370697
4897 40.575168 7.783710
26550 40.281434 8.451287
19322 42.509993 3.386381
289 41.984409 4.580888
19816 40.071434 8.928558
40335 40.466702 8.030223
34072 41.259602 6.228178
29268 39.847882 9.436631
155546 41.844271 4.899383
46318 41.854751 4.875565
75759 42.036875 4.461647
135209 41.353219 6.015411
15629 40.862476 7.130736
261 39.664968 9.852346
3449 39.666486 9.848895
72676 42.041953 4.450106
38402 40.876225 7.099489
15518 40.609211 7.706339
83497 39.699948 9.772845
55838 42.363800 3.718637
44026 40.323277 8.356189
9747 39.929650 9.250795
359 40.374971 8.238703
9137 39.698382 9.776404
18550 39.996593 9.098653
49776 39.761702 9.632495
16881 40.685354 7.533287
93655 40.358218 8.276777
72374 42.677140 3.006500
61491 40.169655 8.705330
60506 40.843060 7.174863
2272 40.299596 8.410009
15922 40.784102 7.308858
22752 41.571592 5.519109
7521 39.945009 9.215888
8149 40.957427 6.914940
11246 42.060114 4.408831
31411 40.287645 8.437170
30377 40.300276 8.408463
30853 39.773437 9.605824
4763 40.098716 8.866555
13479 42.013803 4.514085
34207 40.455325 8.056079
3176 42.811486 2.701169
109084 40.340719 8.316547
9766 41.788831 5.025385
18211 40.926961 6.984180
42982 40.659581 7.591861
38986 41.782706 5.039305
20183 40.476289 8.008435
94971 39.600468 9.998937
43217 41.301368 6.133254
34349 42.179450 4.137615
2149 42.380005 3.681807
5090 40.151259 8.747140
200 41.430829 5.839025
43642 39.779611 9.591792
50328 42.468012 3.481792
145874 41.678588 5.275936
1852 40.527337 7.892416
23452 40.161456 8.723963
4700 41.935448 4.692164
35327 41.954058 4.649867
25608 42.053202 4.424542
18092 41.014449 6.785343
39105 40.169421 8.705861
77163 39.708979 9.752320
45569 39.797068 9.552119
13280 40.031720 9.018819
26201 39.731623 9.700857
1626 39.870642 9.384904
29337 39.722837 9.720826
57534 39.923409 9.264980
15571 41.354110 6.013386
8271 39.682682 9.812085
4406 40.320236 8.363101
40349 41.152635 6.471285
14005 39.957093 9.188426
22281 40.189816 8.659508
58455 39.955907 9.191120
29480 39.652702 9.880222
152274 40.953010 6.924978
15921 39.916137 9.281508
5700 39.648361 9.890088
51663 41.373285 5.969808
12266 40.266526 8.485168
2619 39.950731 9.202885
14584 40.818554 7.230560
5553 40.270272 8.476654
19684 40.384539 8.216956
9121 41.607978 5.436415
1511 42.251637 3.973553
55387 40.380448 8.226256
73778 39.775658 9.600777
30430 39.711336 9.746963
54281 41.888504 4.798854
9646 40.903588 7.037301
9249 39.694752 9.784655
22845 40.157215 8.733601
37901 39.656815 9.870875
88956 43.161615 1.905422
34276 42.060479 4.408003
7405 40.676780 7.552773
73033 42.146027 4.213575
10873 39.833294 9.469786
6206 43.092547 2.062393
2142 39.796182 9.554131
76607 43.138166 1.958713
118418 39.902185 9.313215
21699 39.691271 9.792565
29048 39.716198 9.735913
915 39.835468 9.464846
53051 42.184145 4.126944
2641 39.655934 9.872877
77959 41.066097 6.667961
7905 43.652841 0.788998
15480 40.755680 7.373454
2673 41.281581 6.178225
14006 40.717402 7.460451
48829 41.625719 5.396094
42018 40.212319 8.608366
62494 39.633137 9.924690
18455 40.227069 8.574843
888 42.587344 3.210581
4304 41.063831 6.673112
63488 41.415814 5.873150
4006 40.642207 7.631348
70353 40.377920 8.232001
9007 40.495557 7.964642
37410 40.168779 8.707321
78280 40.508141 7.936042
10959 40.475442 8.010360
32484 39.871422 9.383131
1663 41.488674 5.707559
9520 41.449393 5.796835
281 42.457272 3.506201
6454 40.362864 8.266217
6531 42.210299 4.067503
39363 40.007344 9.074217
2755 39.603889 9.991161
21919 40.340490 8.317068
126964 40.294405 8.421806
42481 40.236850 8.552614
88736 41.290042 6.158996
8172 40.233861 8.559407
31453 41.141724 6.496082
4070 41.245767 6.259621
22884 39.978373 9.140061
24194 41.711145 5.201943
79338 40.115542 8.828313
15831 41.916473 4.735289
88419 40.538741 7.866497
42693 39.642513 9.903379
15136 41.883747 4.809666
10066 39.807173 9.529152
48764 40.255630 8.509932
73887 39.722539 9.721502
32275 41.342774 6.039149
84305 40.103307 8.856121
15967 40.529088 7.888437
40490 40.125665 8.805307
8059 41.526060 5.622592
16125 40.868087 7.117983
12355 42.913730 2.468797
49480 39.679260 9.819864
26461 39.730131 9.704247
38529 40.157819 8.732230
23306 40.812690 7.243886
43215 41.306179 6.122320
24414 40.402991 8.175020
15293 40.357689 8.277979
19299 39.743681 9.673453
13401 40.291819 8.427684
31354 41.339124 6.047445
10925 39.891999 9.336367
43897 41.264221 6.217680
13912 39.811642 9.518995
53987 39.999684 9.091627
31907 41.648081 5.345270
71268 41.158822 6.457224
78013 40.135190 8.783660
25897 41.790817 5.020870
23229 40.069592 8.932745
39558 41.895472 4.783018
19928 39.918192 9.276837
36031 40.207136 8.620145
7642 39.650900 9.884318
24752 39.680233 9.817652
50814 39.633894 9.922968
98761 41.142954 6.493287
4109 40.667000 7.575001
9412 39.835102 9.465678
226 40.032724 9.016536
213568 41.535733 5.600607
11598 40.669173 7.570062
28944 41.505086 5.670260
1818 39.690004 9.795445
54732 40.471135 8.020148
31654 41.871448 4.837618
8453 41.224870 6.307115
82440 39.781371 9.587794
10664 39.868373 9.390061
18466 40.368365 8.253716
30504 42.710443 2.930812
6643 42.132537 4.244235
21395 40.218866 8.593487
5613 41.643254 5.356240
89443 39.746490 9.667068
61387 43.011592 2.246381
63769 40.012250 9.063069
57020 39.712307 9.744757
44747 39.921283 9.269811
18748 40.021535 9.041966
46961 41.658294 5.322059
13932 40.959362 6.910540
33093 40.481146 7.997396
10275 40.205197 8.624552
19837 40.641658 7.632595
29557 39.699668 9.773482
11079 41.785818 5.032231
5810 40.748087 7.390710
47485 40.354309 8.285662
11954 39.980913 9.134288
90916 41.137807 6.504985
30058 40.772392 7.335472
50201 42.941795 2.405012
1038 42.243092 3.992974
20054 42.066166 4.395077
47192 40.142174 8.767786
4900 40.161423 8.724039
5215 40.972854 6.879876
90 41.490252 5.703972
67799 41.187652 6.391699
73413 42.124972 4.261427
20221 41.555599 5.555457
86436 42.071449 4.383071
5182 41.970979 4.611411
89620 41.134664 6.512127
86837 39.629821 9.932225
21402 41.421247 5.860802
5798 40.736053 7.418061
2903 39.967528 9.164709
15016 40.551614 7.837241
24957 40.236227 8.554029
15403 39.720888 9.725255
9570 42.866713 2.575652
100128 41.492944 5.697855
21907 39.938899 9.229776
5238 39.921657 9.268962
93757 40.021623 9.041765
44205 41.273831 6.195840
85 41.506030 5.668113
14459 39.935599 9.237275
23938 40.376370 8.235522
35470 40.118990 8.820478
22523 43.104848 2.034436
124178 40.401018 8.179504
27038 40.372871 8.243476
8026 41.930396 4.703646
1816 42.620802 3.134540
184595 39.854893 9.420697
16164 40.120435 8.817192
45460 40.102733 8.857425
97420 41.777730 5.050613
73032 41.699455 5.228512
54652 41.259946 6.227396
27483 43.483963 1.172811
82009 41.795469 5.010298
12355 40.725218 7.442687
14773 40.973038 6.879459
35972 40.062249 8.949434
23777 42.961933 2.359243
77408 39.863425 9.401307
17458 41.331338 6.065140
1010 40.552984 7.834128
10802 39.754025 9.649944
10083 40.494305 7.967489
58566 41.940944 4.679672
35653 42.674980 3.011408
21309 40.030012 9.022700
76791 40.032066 9.018032
11100 40.545146 7.851940
34664 40.642058 7.631686
5077 39.832849 9.470797
7350 42.673803 3.014084
60118 41.484895 5.716148
30146 39.847236 9.438101
32294 39.726334 9.712876
12375 40.386745 8.211942
9077 41.198219 6.367685
10283 40.783718 7.309731
23296 39.881529 9.360160
37309 40.876070 7.099840
17107 40.214739 8.602865
138068 39.663917 9.854734
37061 41.826678 4.939368
45769 40.561437 7.814915
5421 41.407279 5.892547
271464 39.730018 9.704504
60500 40.695958 7.509187
25468 40.151142 8.747405
95861 40.538170 7.867795
38446 40.253827 8.514029
87960 40.880897 7.088870
36586 40.389341 8.206044
10452 41.300333 6.135606
22253 42.563306 3.265214
27765 41.374505 5.967033
21188 41.865775 4.850512
46410 39.891562 9.337358
8345 42.175817 4.145871
27130 40.519303 7.910674
4029 40.074033 8.922651
36237 39.958635 9.184921
80365 41.954173 4.649606
5613 39.882296 9.358419
33910 40.293909 8.422934
46585 41.099584 6.591855
6406 39.859477 9.410280
31954 40.892537 7.062415
4505 41.755438 5.101277
9219 40.179397 8.683188
17052 39.853196 9.424554
29206 42.240392 3.999109
11514 40.141911 8.768383
12326 40.071733 8.927879
6307 39.984660 9.125774
2203 41.562838 5.539005
7807 41.639190 5.365478
6903 40.717767 7.459621
60244 40.655359 7.601457
29239 41.055375 6.692330
74632 40.070430 8.930841
95640 39.767995 9.618193
53687 40.638270 7.640295
49838 41.468385 5.753670
5030 40.766022 7.349950
13434 42.075358 4.374186
99935 39.650087 9.886166
3739 41.048317 6.708370
19355 41.178171 6.413248
10221 43.049925 2.159262
14640 40.766323 7.349265
3897 42.367072 3.711199
53866 39.748531 9.662429
80534 39.983498 9.128414
42578 42.703658 2.946232
7893 42.155847 4.191256
47755 39.759654 9.637151
50451 43.698770 0.684615
63852 39.935439 9.237638
19538 39.680696 9.816601
21950 40.310931 8.384248
1115 40.145563 8.760083
13127 40.779040 7.320364
4194 39.705984 9.759128
20778 39.784062 9.581677
43870 42.740817 2.861779
14401 39.941923 9.222902
3855 40.384479 8.217094
69400 42.952433 2.380833
134484 39.807920 9.527456
66139 39.706833 9.757198
30056 42.676987 3.006848
24267 42.687555 2.982829
8046 39.935031 9.238566
16910 41.167449 6.437616
23443 40.283261 8.447133
2082 39.973729 9.150617
88267 40.641164 7.633719
108510 41.744918 5.125186
131109 40.329490 8.342068
57645 40.963976 6.900056
36984 39.991301 9.110680
3311 40.706269 7.485752
23911 40.324815 8.352693
62209 41.149197 6.479099
13460 41.807223 4.983583
253213 39.931877 9.245734
41017 42.485032 3.443108
52076 41.159084 6.456627
14864 43.137741 1.959680
2752 40.400975 8.179603
8066 39.771912 9.609292
97439 41.721767 5.177803
60265 42.718667 2.912121
34621 40.314336 8.376510
14660 40.479690 8.000705
60204 39.888529 9.344252
31232 42.063418 4.401322
37637 39.895876 9.327554
115037 40.313926 8.377441
9014 41.244173 6.263243
231679 40.522918 7.902459
72670 43.234295 1.740238
43490 40.247160 8.529182
46374 40.558637 7.821279
11765 39.707963 9.754631
663 39.815612 9.509973
3570 39.932371 9.244611
115611 41.443576 5.810055
93000 40.808080 7.254363
2798 39.858921 9.411543
3806 40.681116 7.542919
12368 39.937802 9.232268
41305 42.378709 3.684753
348 39.679586 9.819123
751 39.668383 9.844583
52789 43.170421 1.885406
43444 39.889423 9.342221
119804 39.604798 9.989095
85687 40.959408 6.910437
6140 40.869049 7.115797
1027 40.034792 9.011835
2277 39.712802 9.743632
8703 41.383331 5.946974
36700 40.588881 7.752544
1355 39.835889 9.463888
18356 41.244181 6.263225
23703 40.978347 6.867394
54742 40.285920 8.441091
69028 42.852414 2.608151
36774 40.662594 7.585014
13193 41.473108 5.742936
31525 40.229217 8.569961
5217 40.102189 8.858661
38948 40.064223 8.944947
5545 41.665285 5.306170
3053 43.075913 2.100199
72388 40.950277 6.931188
27659 42.340980 3.770500
23646 41.136706 6.507485
75285 40.266788 8.484572
108932 40.476825 8.007215
7465 39.844404 9.444536
32850 41.630797 5.384551
34859 40.676353 7.553743
18096 40.687865 7.527579
26208 41.293498 6.151142
205342 40.920183 6.999584
8598 39.778821 9.593589
46427 40.386451 8.212610
93690 40.274547 8.466939
97157 40.567907 7.800212
72418 41.462147 5.767848
16686 41.556091 5.554338
109849 40.324107 8.354301
10786 39.759568 9.637345
85119 40.023286 9.037986
4629 42.047022 4.438586
7070 39.820274 9.499377
3876 40.873247 7.106257
36858 40.646600 7.621363
53053 39.870732 9.384700
28109 42.649965 3.068261
22736 40.693745 7.514215
14218 41.318314 6.094741
2617 39.891824 9.336765
85413 40.638409 7.639978
51645 41.089814 6.614060
24246 40.523955 7.900101
4672 41.044177 6.717780
8090 41.373293 5.969788
45047 39.628085 9.936170
46636 41.079466 6.637577
6521 40.411576 8.155509
62378 41.096457 6.598962
29176 41.459645 5.773534
2446 39.944450 9.217160
80 41.253394 6.242286
65839 39.949893 9.204789
31306 40.426763 8.120994
33185 40.441841 8.086725
32676 40.531006 7.884076
2786 39.821772 9.495972
24738 41.655693 5.327971
14199 39.814378 9.512777
7246 40.345715 8.305194
36597 39.626677 9.939370
15486 40.541598 7.860004
3726 40.003100 9.083863
18634 42.481444 3.451264
15856 42.371075 3.702101
22204 41.489261 5.706225
102409 41.534085 5.604352
7219 41.840933 4.906971
84636 40.578145 7.776943
3973 39.997944 9.095583
40886 39.819577 9.500962
84817 41.896182 4.781405
12396 40.044446 8.989895
38123 39.788897 9.570689
40375 39.857686 9.414351
13152 41.497057 5.688506
6342 40.039351 9.001476
18634 41.991894 4.563877
129572 40.882589 7.085025
73847 39.830101 9.477043
39088 39.649538 9.887413
48730 40.795277 7.283462
114363 40.993800 6.832274
28795 42.789268 2.751664
43321 41.255921 6.236543
82712 40.025525 9.032898
205 40.399733 8.182425
32799 39.603355 9.992374
32683 39.828225 9.481306
33337 42.082672 4.357564
8198 42.448561 3.525997
65204 41.568986 5.525031
9371 41.280864 6.179855
19857 41.697137 5.233779
39447 42.744306 2.853851
2938 42.051170 4.429159
8661 40.456405 8.053624
67899 40.681858 7.541232
75529 41.929312 4.706110
