81 -26.478341 8.936532
82 -26.380014 8.531995
84 -25.371307 4.381998
84 -26.172871 7.679774
90 -26.576367 9.339826
87 -25.940670 6.724456
89 -26.223196 7.886818
89 -26.378659 8.526420
92 -25.982500 6.896556
92 -26.308123 8.236225
92 -25.548934 5.112786
92 -25.188533 3.630034
95 -25.493305 4.883921
93 -25.449781 4.704854
97 -25.575271 5.221144
99 -26.218719 7.868401
97 -25.198507 3.671070
97 -25.923531 6.653945
103 -26.730181 9.972646
100 -26.283693 8.135714
101 -25.386625 4.445019
103 -25.247647 3.873240
104 -25.194912 3.656279
104 -25.246604 3.868948
107 -25.766932 6.009670
107 -25.364565 4.354262
112 -25.433433 4.637597
115 -25.494428 4.888542
113 -25.281607 4.012957
115 -25.280958 4.010287
117 -25.117117 3.336216
116 -25.470981 4.792078
120 -24.877015 2.348395
119 -25.050346 3.061511
119 -25.409858 4.540606
121 -25.324447 4.189210
120 -25.431822 4.630967
117 -25.574762 5.219047
65 -26.119838 7.461586
124 -24.761019 1.871168
128 -24.882188 2.369678
138 -25.107298 3.295820
137 -25.112277 3.316304
138 -25.178938 3.590558
140 -25.173281 3.567284
87 -25.195189 3.657419
98 -26.500212 9.026513
99 -25.285693 4.029768
143 -25.463644 4.761888
91 -26.613124 9.491052
84 -26.386350 8.558066
106 -25.862187 6.401568
112 -25.324195 4.188172
90 -26.148845 7.580927
166 -25.289214 4.044254
153 -24.894598 2.420735
96 -25.483859 4.845058
79 -25.953620 6.777737
105 -25.399320 4.497248
110 -25.284647 4.025464
113 -25.327041 4.199883
103 -25.969694 6.843869
77 -26.560827 9.275894
104 -25.117043 3.335911
96 -26.013262 7.023116
112 -25.240763 3.844918
113 -25.165322 3.534542
119 -25.104881 3.285875
98 -24.572254 1.094555
103 -26.373224 8.504063
130 -25.330746 4.215123
118 -25.293811 4.063167
118 -25.321903 4.178744
113 -25.436690 4.650996
83 -25.474689 4.807329
98 -25.080721 3.186478
107 -25.287889 4.038805
88 -26.233721 7.930121
125 -25.150966 3.475477
110 -25.203878 3.693168
112 -25.132789 3.400694
78 -25.227045 3.788478
96 -25.622645 5.416047
108 -24.946865 2.635770
91 -25.685869 5.676164
146 -24.458479 0.626466
201 -24.486892 0.743359
131 -25.346661 4.280601
103 -25.659848 5.569108
69 -26.691858 9.814976
89 -26.717779 9.921620
130 -25.467848 4.779187
86 -25.295101 4.068473
124 -24.760465 1.868888
132 -25.122297 3.357528
95 -26.547096 9.219401
102 -25.253055 3.895489
152 -24.888754 2.396692
107 -25.190465 3.637985
92 -26.373472 8.505083
106 -26.157617 7.617018
104 -25.358372 4.328783
120 -25.251313 3.888323
76 -25.327756 4.202825
97 -25.641740 5.494610
80 -25.869291 6.430793
135 -25.105958 3.290305
98 -25.191742 3.643239
118 -25.179660 3.593529
109 -25.333250 4.225425
100 -25.577331 5.229619
90 -25.731987 5.865899
87 -26.296371 8.187874
118 -26.476955 8.930827
118 -25.170219 3.554687
104 -25.776088 6.047340
167 -24.600061 1.208958
103 -26.354609 8.427477
130 -25.202178 3.686174
119 -25.339933 4.252920
86 -25.431981 4.631621
105 -26.240402 7.957607
93 -26.464353 8.878983
123 -25.385434 4.440122
80 -26.584620 9.373782
108 -25.127983 3.380923
133 -24.757540 1.856856
150 -24.453856 0.607443
76 -25.462182 4.755876
116 -25.346086 4.278235
92 -25.322219 4.180041
140 -24.436944 0.537866
104 -25.414409 4.559330
113 -25.715321 5.797333
116 -26.093495 7.353208
78 -24.876316 2.345518
111 -25.268674 3.959749
90 -25.317149 4.159184
109 -26.477548 8.933268
98 -25.832827 6.280773
132 -25.099551 3.263949
136 -25.208237 3.711100
117 -25.524251 5.011236
99 -25.113278 3.320424
112 -25.608359 5.357272
139 -25.170899 3.557486
109 -24.609823 1.249122
90 -25.471971 4.796148
111 -25.080406 3.185182
112 -25.248256 3.875747
113 -25.262068 3.932572
121 -25.137223 3.418937
123 -24.699953 1.619930
113 -25.214760 3.737938
93 -25.539620 5.074469
107 -25.364003 4.351949
133 -25.228675 3.795186
76 -26.465058 8.881880
93 -26.305503 8.225445
100 -25.271685 3.972137
92 -25.173206 3.566976
109 -25.289913 4.047129
94 -25.213227 3.731630
147 -24.632263 1.341444
112 -25.178809 3.590029
104 -25.072798 3.153880
103 -25.770595 6.024742
115 -25.089376 3.222087
94 -25.762097 5.989779
102 -26.132608 7.514125
99 -25.422417 4.592277
101 -25.219854 3.758895
106 -26.136707 7.530989
82 -25.959445 6.801701
96 -25.643500 5.501850
103 -25.811942 6.194849
74 -25.346504 4.279957
107 -25.964038 6.820598
142 -24.828548 2.148992
104 -25.061650 3.108017
101 -26.438527 8.772729
92 -25.576936 5.227994
114 -25.280264 4.007433
115 -25.116960 3.335573
112 -25.455757 4.729442
105 -24.962175 2.698759
113 -26.477056 8.931243
95 -26.122783 7.473701
116 -24.851362 2.242854
98 -25.428859 4.618778
129 -24.690365 1.580486
99 -25.280553 4.008620
110 -26.191339 7.755754
107 -24.968362 2.724214
102 -25.581061 5.244965
116 -25.135136 3.410349
175 -25.293178 4.060565
148 -25.064877 3.121292
130 -25.111083 3.311392
162 -24.747407 1.815167
