7 98.055801 1.904961
7 94.751794 5.210291
7 93.526361 6.436213
7 96.350854 3.610591
7 96.520425 3.440951
7 92.121878 7.841258
7 95.937849 4.023760
7 94.667250 5.294868
7 90.810333 9.153328
7 98.556642 1.403919
7 92.624719 7.338216
7 96.453407 3.507996
7 95.908244 4.053377
7 93.670861 6.291656
7 97.163153 2.797966
7 94.053077 5.909286
7 95.455485 4.506318
8 91.100715 8.862830
8 94.731870 5.230222
8 90.723662 9.240034
8 96.528701 3.432672
7 96.357747 3.603695
7 92.980530 6.982263
7 99.077249 0.883104
7 96.618760 3.342577
7 91.447070 8.516336
7 93.388777 6.573852
9 98.086982 1.873768
9 90.319770 9.644088
9 90.287563 9.676308
9 98.937475 1.022934
9 92.803771 7.159093
9 96.728663 3.232630
9 98.322634 1.638021
9 99.713619 0.246480
9 98.173226 1.787489
9 94.794993 5.167074
7 91.783485 8.179787
9 97.878147 2.082686
7 95.819594 4.142062
8 92.157871 7.805251
8 92.207686 7.755416
8 98.657187 1.303334
8 91.977514 7.985680
7 96.131724 3.829808
7 92.135128 7.828003
7 90.540962 9.422807
10 96.233980 3.727511
10 92.684144 7.278768
10 89.978665 9.985330
7 99.316874 0.643383
7 91.889126 8.074104
7 98.618570 1.341967
7 96.290066 3.671403
7 99.221751 0.738544
7 91.280408 8.683065
7 95.444975 4.516832
7 95.570572 4.391184
9 90.438831 9.524979
7 97.943226 2.017581
9 92.172633 7.790483
7 91.348113 8.615334
7 94.383794 5.578438
7 98.338198 1.622451
7 96.567460 3.393898
7 92.877972 7.084861
11 96.211758 3.749741
9 93.785050 6.177421
8 94.310762 5.651499
8 90.371371 9.592466
8 96.168807 3.792710
7 97.089549 2.871600
10 91.233624 8.729868
7 96.838003 3.123246
7 96.320988 3.640468
7 98.048033 1.912732
12 90.818909 9.144749
12 89.987260 9.976731
7 97.281286 2.679786
8 95.565229 4.396530
7 94.717593 5.244505
7 95.435528 4.526283
7 94.110603 5.851738
8 97.238452 2.722637
9 94.310306 5.651955
7 94.588346 5.373804
7 98.356011 1.604631
10 91.918673 8.044545
8 97.548445 2.412520
8 90.432252 9.531561
7 98.784600 1.175871
7 96.292495 3.668973
13 90.471751 9.492045
9 97.462920 2.498079
7 92.859848 7.102994
7 96.453364 3.508039
8 99.310736 0.649524
7 90.038113 9.925857
7 91.761278 8.202003
8 93.405298 6.557325
10 92.741460 7.221428
9 90.841228 9.122421
7 95.582951 4.378801
7 96.398690 3.562735
7 93.279673 6.683001
7 99.489496 0.470692
7 90.389738 9.574091
13 90.375854 9.587981
7 95.079070 4.882883
7 95.991161 3.970427
7 92.839367 7.123483
10 99.276247 0.684027
8 93.631247 6.331286
12 96.454425 3.506978
7 98.180648 1.780064
15 89.975839 9.988156
9 97.449109 2.511896
7 95.093658 4.868289
7 91.702898 8.260406
8 97.300079 2.660985
7 90.229460 9.734434
7 97.905931 2.054891
9 99.647865 0.312260
9 92.017735 7.945444
8 96.387338 3.574092
14 90.536035 9.427736
7 92.040286 7.922883
16 99.522154 0.438021
8 96.267113 3.694365
9 90.919097 9.044521
8 91.740492 8.222797
7 91.569064 8.394294
9 92.073079 7.890077
12 93.679302 6.283211
8 97.380547 2.580485
7 97.271649 2.689427
7 92.265409 7.697670
7 94.372960 5.589275
8 90.252997 9.710887
7 97.030563 2.930609
7 90.724831 9.238864
16 89.998587 9.965399
7 97.199922 2.761182
7 92.543574 7.419393
7 98.501794 1.458789
13 91.174431 8.789085
7 93.488578 6.474011
7 94.243674 5.718613
10 99.132935 0.827396
8 99.012669 0.947710
18 89.982781 9.981211
7 94.793277 5.168791
9 96.784215 3.177056
7 99.655834 0.304287
7 96.983573 2.977618
7 92.208081 7.755021
8 91.614508 8.348832
18 90.101488 9.862457
9 90.723580 9.240116
13 91.143621 8.819907
8 97.196677 2.764429
9 93.201260 6.761444
10 98.811070 1.149389
13 90.098399 9.865548
15 89.966133 9.997866
8 91.535028 8.428344
9 99.735096 0.224994
11 90.056805 9.907158
10 98.733249 1.227242
8 97.178416 2.782697
8 90.269367 9.694511
21 89.973698 9.990298
21 89.969913 9.994085
11 90.673793 9.289923
10 95.032363 4.929609
11 91.685201 8.278111
15 89.989175 9.974815
14 90.000269 9.963717
23 90.102996 9.860949
17 89.990960 9.973029
17 91.099982 8.863564
20 99.706245 0.253856
23 89.970286 9.993711
14 90.223941 9.739955
26 90.175780 9.788135
23 90.546223 9.417544
17 92.111495 7.851645
23 90.089980 9.873969
24 90.148910 9.815016
33 90.028128 9.935847
25 90.041914 9.922055
40 96.951499 3.009705
38 90.052991 9.910973
40 90.026603 9.937372
43 90.067770 9.896188
44 90.023127 9.940850
94 89.980934 9.983059
96 89.984071 9.979921
106 89.985082 9.978910
failed to find solution after reaching max emtpy limit -- 116 iterations and 110 function evals
