10 -0.254017 1.606892
12 -0.251367 0.546949
12 -0.271271 8.508366
12 -0.262609 5.043631
14 -0.271730 8.692037
8 -0.264063 5.625126
14 -0.253031 1.212596
14 -0.265967 6.386981
14 -0.274366 9.746293
15 -0.260371 4.148272
15 -0.251553 0.621309
15 -0.269019 7.607535
16 -0.250007 0.002641
17 -0.272318 8.927396
18 -0.254434 1.773539
18 -0.265232 6.092602
18 -0.250001 0.000513
12 -0.259198 3.679145
19 -0.250260 0.103889
20 -0.272060 8.824130
20 -0.253876 1.550521
20 -0.260708 4.283172
22 -0.273832 9.532636
22 -0.250247 0.098827
22 -0.267021 6.808362
22 -0.250841 0.336381
22 -0.255609 2.243676
22 -0.265559 6.223585
23 -0.250266 0.106453
23 -0.260171 4.068249
23 -0.271668 8.667201
23 -0.266518 6.607016
19 -0.271927 8.770873
25 -0.263170 5.268130
14 -0.259104 3.641611
27 -0.272988 9.195269
10 -0.257936 3.174326
10 -0.263191 5.276457
27 -0.269655 7.862065
27 -0.268272 7.308637
27 -0.258373 3.349069
16 -0.254329 1.731572
12 -0.263149 5.259407
28 -0.252134 0.853406
19 -0.274028 9.611329
29 -0.253528 1.411147
29 -0.271778 8.711095
17 -0.250504 0.201478
30 -0.251533 0.613373
30 -0.250895 0.358152
30 -0.270829 8.331442
31 -0.252827 1.130961
27 -0.266066 6.426549
31 -0.267879 7.151633
15 -0.250010 0.004126
31 -0.253779 1.511568
32 -0.250044 0.017727
23 -0.273464 9.385782
24 -0.255021 2.008272
23 -0.262186 4.874534
25 -0.261445 4.577949
12 -0.250552 0.220886
33 -0.260129 4.051786
12 -0.251832 0.732996
25 -0.251075 0.430134
33 -0.250322 0.128899
34 -0.265401 6.160311
13 -0.251664 0.665628
13 -0.256824 2.729626
27 -0.253796 1.518413
22 -0.262348 4.939153
22 -0.251142 0.456969
24 -0.269778 7.911365
23 -0.255829 2.331430
29 -0.250036 0.014349
18 -0.261813 4.725376
16 -0.251218 0.487137
15 -0.264353 5.741240
17 -0.273466 9.386402
23 -0.258261 3.304564
29 -0.274252 9.700691
17 -0.262893 5.157141
21 -0.252388 0.955095
20 -0.250907 0.362674
24 -0.273734 9.493645
25 -0.258815 3.526037
15 -0.250000 0.000034
16 -0.261314 4.525566
14 -0.255408 2.163147
27 -0.263427 5.370786
9 -0.252564 1.025676
31 -0.251023 0.409103
19 -0.251885 0.754003
23 -0.254803 1.921052
19 -0.253766 1.506224
28 -0.265343 6.137357
22 -0.261023 4.409186
9 -0.251191 0.476526
20 -0.251986 0.794486
11 -0.250090 0.036117
21 -0.252798 1.119200
30 -0.261272 4.508896
26 -0.250848 0.339279
22 -0.261828 4.731304
19 -0.250000 0.000081
13 -0.268450 7.380139
13 -0.261298 4.519006
29 -0.252970 1.187890
24 -0.250431 0.172475
20 -0.253289 1.315561
24 -0.250051 0.020352
27 -0.258676 3.470318
36 -0.250004 0.001545
28 -0.261232 4.492725
13 -0.273211 9.284426
22 -0.253674 1.469607
28 -0.253360 1.344028
23 -0.266123 6.449164
22 -0.250121 0.048326
24 -0.250795 0.317809
24 -0.254785 1.914047
22 -0.255356 2.142357
32 -0.269183 7.673049
28 -0.271898 8.759043
27 -0.268089 7.235666
30 -0.255757 2.302985
29 -0.250022 0.008903
28 -0.256080 2.431811
19 -0.266910 6.764083
30 -0.250266 0.106341
20 -0.250377 0.150850
8 -0.253441 1.376288
33 -0.251809 0.723776
19 -0.274230 9.691974
13 -0.251465 0.586112
29 -0.250003 0.001399
23 -0.274795 9.918124
30 -0.258206 3.282331
26 -0.250229 0.091509
20 -0.263561 5.424356
8 -0.253817 1.526898
22 -0.251408 0.563346
18 -0.260719 4.287782
14 -0.252215 0.886131
11 -0.250093 0.037347
38 -0.250529 0.211416
17 -0.252230 0.892144
31 -0.267966 7.186579
20 -0.253657 1.462903
29 -0.250075 0.030000
26 -0.272762 9.104694
32 -0.263948 5.579207
25 -0.250361 0.144592
32 -0.274419 9.767437
27 -0.262880 5.151989
18 -0.250574 0.229563
30 -0.264021 5.608201
12 -0.262926 5.170272
28 -0.251587 0.634851
26 -0.273542 9.416764
22 -0.271953 8.781139
24 -0.257167 2.866829
18 -0.265795 6.318152
27 -0.250884 0.353498
24 -0.272242 8.896695
17 -0.273427 9.370667
23 -0.254445 1.778016
23 -0.271078 8.431024
27 -0.251528 0.611376
24 -0.257087 2.834961
28 -0.265199 6.079656
21 -0.269973 7.989222
28 -0.250332 0.132618
16 -0.268420 7.367891
22 -0.250582 0.232681
29 -0.260192 4.076901
24 -0.264538 5.815360
25 -0.252472 0.988843
24 -0.270413 8.165153
24 -0.256423 2.569170
25 -0.263711 5.484533
27 -0.266772 6.708788
30 -0.264010 5.603826
27 -0.251800 0.720062
31 -0.255042 2.016901
32 -0.258244 3.297521
28 -0.250119 0.047766
20 -0.254955 1.981816
23 -0.273964 9.585540
31 -0.255516 2.206399
27 -0.252030 0.811858
25 -0.273366 9.346456
29 -0.273168 9.267039
31 -0.251585 0.634124
28 -0.250560 0.223877
27 -0.250806 0.322417
27 -0.274336 9.734408
29 -0.250548 0.219238
36 -0.274009 9.603442
36 -0.258899 3.559596
