20 -0.017089 9.410676
21 -0.017031 9.039141
23 -0.017111 9.551973
24 -0.016271 4.169103
24 -0.017102 9.492596
25 -0.016754 7.261942
25 -0.016089 3.007764
25 -0.015706 0.550730
25 -0.016748 7.227581
25 -0.016864 7.966355
25 -0.016197 3.695197
25 -0.015921 1.928286
26 -0.016051 2.764390
26 -0.016039 2.683673
26 -0.016224 3.867045
26 -0.016127 3.247721
27 -0.016379 4.863120
27 -0.016039 2.684274
27 -0.016063 2.837350
27 -0.016033 2.649385
27 -0.016218 3.832231
27 -0.015979 2.298612
27 -0.016285 4.260582
28 -0.016145 3.361449
28 -0.016121 3.207918
28 -0.015954 2.139844
28 -0.016152 3.410171
29 -0.015889 1.724989
29 -0.015817 1.265077
29 -0.016252 4.048266
29 -0.015904 1.818778
29 -0.016133 3.285462
29 -0.016108 3.125101
31 -0.016239 3.963647
31 -0.015842 1.426526
31 -0.015878 1.655540
31 -0.015995 2.402784
31 -0.016103 3.097479
24 -0.016698 6.904357
24 -0.016739 7.166333
29 -0.016127 3.251320
28 -0.015960 2.181752
19 -0.016114 3.166637
33 -0.016119 3.196158
33 -0.016153 3.416440
33 -0.015895 1.765583
27 -0.016155 3.428381
26 -0.016068 2.869334
24 -0.016285 4.262555
25 -0.015684 0.413424
27 -0.016101 3.080436
24 -0.016938 8.438529
24 -0.016383 4.885455
35 -0.015860 1.538480
27 -0.016050 2.756278
24 -0.016472 5.456617
27 -0.016011 2.503618
25 -0.016227 3.887207
28 -0.016045 2.723079
27 -0.016280 4.228967
27 -0.015912 1.869738
36 -0.016000 2.438092
37 -0.015783 1.047966
22 -0.016254 4.061409
26 -0.016023 2.581868
32 -0.015640 0.131619
27 -0.016139 3.328845
29 -0.016299 4.351745
26 -0.016312 4.434781
26 -0.015975 2.274918
32 -0.016663 6.678839
32 -0.016195 3.682252
28 -0.016274 4.191968
31 -0.016001 2.441204
27 -0.015752 0.847896
40 -0.015930 1.985296
26 -0.016309 4.412257
32 -0.015868 1.592336
32 -0.015884 1.691318
36 -0.015886 1.703339
41 -0.016072 2.899096
24 -0.016371 4.812006
31 -0.015942 2.062486
32 -0.016030 2.630989
29 -0.016052 2.770778
27 -0.015952 2.130896
27 -0.016505 5.668412
27 -0.016302 4.368673
29 -0.015991 2.377799
23 -0.016241 3.978530
25 -0.016465 5.412623
28 -0.016166 3.500481
32 -0.016147 3.375933
35 -0.015854 1.502641
27 -0.015775 0.995998
28 -0.016262 4.110965
24 -0.015970 2.245898
29 -0.016117 3.185507
22 -0.016111 3.143988
33 -0.015653 0.212465
33 -0.015871 1.609778
46 -0.015764 0.925836
29 -0.016282 4.238779
24 -0.016338 4.597610
27 -0.016069 2.879798
29 -0.016061 2.823312
29 -0.016151 3.400150
26 -0.016228 3.896311
31 -0.015751 0.839185
27 -0.016154 3.421252
27 -0.016111 3.148107
26 -0.016301 4.364969
35 -0.016230 3.906568
20 -0.016672 6.737068
25 -0.016917 8.308166
32 -0.017014 8.928641
32 -0.016763 7.320363
27 -0.016514 5.726804
31 -0.015771 0.972616
25 -0.016112 3.150934
27 -0.016293 4.308975
26 -0.016509 5.694513
29 -0.015931 1.995083
26 -0.016133 3.285893
22 -0.015985 2.338487
31 -0.016243 3.994727
32 -0.015843 1.433592
36 -0.016186 3.626795
29 -0.015977 2.289347
26 -0.017172 9.942278
28 -0.015763 0.920146
27 -0.016334 4.572761
32 -0.016234 3.931636
31 -0.015975 2.277529
33 -0.015812 1.230372
34 -0.015642 0.141530
26 -0.016428 5.177655
28 -0.016907 8.244477
28 -0.016044 2.716179
25 -0.016508 5.688043
29 -0.016263 4.120134
33 -0.015999 2.432726
33 -0.015928 1.974494
32 -0.016097 3.059144
26 -0.016693 6.872213
28 -0.015976 2.280051
26 -0.016607 6.321131
35 -0.016184 3.615641
26 -0.016476 5.481867
28 -0.015839 1.402109
31 -0.016114 3.167985
22 -0.016323 4.505996
26 -0.016248 4.025398
33 -0.015841 1.417463
31 -0.015868 1.592915
27 -0.016498 5.627311
36 -0.016039 2.682534
44 -0.015737 0.755306
31 -0.016090 3.009783
32 -0.015934 2.016587
29 -0.016041 2.697385
24 -0.016105 3.105358
35 -0.015977 2.291851
47 -0.015968 2.228548
28 -0.015665 0.290802
35 -0.015646 0.170101
33 -0.016143 3.349284
27 -0.016234 3.936101
39 -0.015687 0.431078
29 -0.015888 1.718461
25 -0.015716 0.616800
26 -0.016323 4.501379
28 -0.016212 3.793245
26 -0.017105 9.510974
27 -0.016187 3.631296
28 -0.016210 3.777689
27 -0.016115 3.169238
31 -0.015950 2.118309
34 -0.015868 1.587987
27 -0.016210 3.778116
35 -0.015757 0.878803
29 -0.016081 2.953244
36 -0.015665 0.289124
29 -0.016284 4.253545
41 -0.016068 2.870731
28 -0.015670 0.325860
29 -0.016338 4.598173
37 -0.015940 2.052522
40 -0.015937 2.034552
34 -0.016007 2.480646
31 -0.015844 1.435439
32 -0.016166 3.499313
34 -0.016490 5.575985
32 -0.015790 1.088293
37 -0.015977 2.285624
38 -0.015885 1.697609
72 -0.015946 2.089445
82 -0.015697 0.496029
81 -0.015774 0.991562
97 -0.016008 2.486865
