10 -0.966534 1.363876
12 -1.037112 8.765639
13 -1.032669 8.299751
16 -0.974104 2.157754
16 -0.973805 2.126408
17 -0.977314 2.494461
17 -1.018419 6.805262
17 -0.973628 2.107888
18 -0.991660 3.998952
18 -1.016544 6.608638
18 -0.975866 2.342575
18 -0.986572 3.465369
18 -0.988361 3.652969
18 -0.974048 2.151948
18 -1.005247 5.423849
18 -1.037210 8.775919
19 -0.987183 3.529474
19 -0.977190 2.481386
19 -0.982366 3.024247
19 -0.984310 3.228140
19 -0.972398 1.978894
20 -0.966353 1.344880
20 -0.968011 1.518842
20 -1.044796 9.571531
16 -1.003971 5.290085
21 -0.973430 2.087102
14 -0.991307 3.961885
21 -0.972155 1.953378
22 -0.971032 1.835572
16 -0.991742 4.007561
17 -1.021709 7.150319
18 -1.041641 9.240636
19 -0.982277 3.014875
19 -0.977074 2.469233
19 -1.046872 9.789227
19 -1.036339 8.684580
22 -0.979461 2.719601
22 -0.986520 3.459866
25 -0.969413 1.665874
24 -0.975505 2.304671
23 -1.004757 5.372519
23 -0.972594 1.999423
19 -0.975572 2.311747
21 -0.969537 1.678828
16 -1.043576 9.443602
22 -0.973510 2.095495
20 -0.979713 2.745996
13 -1.048612 9.971754
23 -0.966118 1.320242
20 -0.983296 3.121822
27 -0.964376 1.137600
26 -0.968375 1.556940
16 -0.998335 4.698974
16 -0.970405 1.769863
16 -0.993956 4.239763
23 -0.963529 1.048789
17 -0.991213 3.952024
25 -0.986291 3.435926
18 -0.976798 2.440318
23 -0.965496 1.255056
23 -1.000915 4.969568
20 -0.974135 2.161070
19 -0.979425 2.715834
19 -1.007272 5.636202
28 -0.957302 0.395706
26 -0.961527 0.838840
28 -0.995531 4.404886
30 -0.967278 1.441911
28 -0.965571 1.262937
14 -1.042292 9.308932
28 -0.968809 1.602491
18 -0.975329 2.286254
23 -0.961390 0.824450
27 -0.969369 1.661227
17 -0.977785 2.543794
14 -1.001034 4.982045
20 -0.971338 1.867686
24 -0.962720 0.963865
21 -1.012404 6.174401
17 -0.972853 2.026641
30 -0.966033 1.311373
25 -0.987608 3.573953
19 -0.983228 3.114663
28 -0.974414 2.190281
27 -0.961247 0.809415
26 -0.983748 3.169232
28 -0.999099 4.779148
26 -0.971252 1.858692
18 -0.963548 1.050777
25 -0.963916 1.089290
24 -0.975980 2.354533
14 -1.030073 8.027425
17 -1.040780 9.150323
24 -0.980391 2.817123
17 -1.038475 8.908583
25 -0.968349 1.554215
18 -0.972854 2.026737
19 -0.984619 3.260553
27 -0.970375 1.766719
17 -0.989884 3.812666
19 -1.003868 5.279200
17 -0.971499 1.884644
19 -0.959319 0.607203
22 -0.959785 0.656103
17 -0.989209 3.741928
18 -0.988300 3.646558
22 -0.979248 2.697283
23 -0.979249 2.697362
14 -1.029439 7.960998
24 -0.985347 3.336839
26 -0.959705 0.647765
20 -0.976492 2.408185
27 -0.974350 2.183609
19 -1.016575 6.611867
20 -0.981821 2.967092
16 -1.036309 8.681472
23 -0.960207 0.700375
18 -0.968734 1.594576
20 -0.983905 3.185609
25 -0.977780 2.543284
18 -1.019512 6.919865
32 -0.966867 1.398792
20 -0.983361 3.128618
26 -0.971892 1.925848
19 -0.981299 2.912391
30 -0.970023 1.729778
23 -0.966090 1.317285
14 -0.990670 3.895116
17 -0.986341 3.441158
19 -0.989134 3.734082
29 -0.996936 4.552298
30 -0.974054 2.152529
14 -0.997655 4.627707
17 -1.010259 5.949457
19 -0.967944 1.511766
24 -0.968082 1.526266
26 -0.987242 3.535622
21 -0.973580 2.102829
17 -0.995350 4.385925
19 -0.979322 2.704999
19 -0.979203 2.692564
25 -0.962220 0.911449
22 -0.991080 3.938093
19 -0.968045 1.522401
26 -0.964959 1.198731
23 -0.964812 1.183341
14 -1.039172 8.981657
22 -0.980006 2.776768
14 -1.009309 5.849853
22 -0.961193 0.803718
27 -0.989174 3.738287
28 -0.982511 3.039512
19 -0.970073 1.735068
19 -1.030525 8.074888
27 -0.975111 2.263370
19 -0.976977 2.459057
20 -0.965676 1.273914
29 -0.996173 4.472216
20 -0.981511 2.934587
31 -0.970252 1.753867
22 -0.988402 3.657266
19 -1.008137 5.726951
14 -0.974355 2.184118
16 -1.021284 7.105729
22 -1.023262 7.313187
24 -0.987697 3.583379
25 -0.969877 1.714471
19 -0.979851 2.760504
21 -0.970523 1.782198
26 -0.968138 1.532074
20 -0.962892 0.981937
28 -0.992502 4.087269
24 -0.962284 0.918195
28 -0.972704 2.011004
24 -0.962129 0.901939
27 -0.961921 0.880124
27 -0.965787 1.285572
26 -0.993891 4.232959
30 -1.001475 5.028327
30 -0.980633 2.842511
27 -0.984120 3.208220
25 -0.979944 2.770222
28 -1.001987 5.082002
28 -0.997256 4.585780
27 -0.964756 1.177454
26 -0.990876 3.916731
26 -0.977596 2.524004
30 -0.984523 3.250442
30 -0.977896 2.555425
27 -0.981110 2.892556
28 -0.981435 2.926639
28 -0.966312 1.340576
27 -0.987886 3.603117
32 -1.012336 6.167326
34 -0.972680 2.008497
30 -0.966269 1.336079
31 -0.994387 4.284970
30 -0.960526 0.733863
31 -0.983559 3.149370
33 -0.977077 2.469544
