19 -3.313980 5.681816
20 -3.313980 5.681816
21 -3.313980 5.681816
22 -3.313980 5.681816
22 -3.319126 5.845923
23 -3.352996 6.926015
23 -3.155915 0.641178
23 -3.313980 5.681816
23 -3.313980 5.681816
24 -3.244066 3.452269
24 -3.242113 3.390005
25 -3.242207 3.392998
25 -3.161539 0.820533
25 -3.295147 5.081236
25 -3.363046 7.246527
26 -3.231879 3.063645
26 -3.313980 5.681816
26 -3.191086 1.762774
26 -3.359245 7.125311
27 -3.317102 5.781376
24 -3.388885 8.070498
27 -3.313980 5.681816
27 -3.313980 5.681816
27 -3.436533 9.590007
25 -3.265810 4.145694
24 -3.180203 1.415694
23 -3.260453 3.974863
28 -3.324269 6.009940
28 -3.236482 3.210444
28 -3.428820 9.344020
29 -3.196008 1.919733
29 -3.313980 5.681816
29 -3.252481 3.720637
29 -3.313980 5.681816
24 -3.150142 0.457059
30 -3.299108 5.207566
30 -3.287729 4.844677
29 -3.420492 9.078463
31 -3.313980 5.681816
25 -3.173196 1.192246
27 -3.223937 2.810383
24 -3.313980 5.681816
32 -3.313980 5.681816
33 -3.435538 9.558263
33 -3.228773 2.964589
33 -3.313980 5.681816
33 -3.313980 5.681816
23 -3.275744 4.462495
24 -3.181473 1.456212
34 -3.430146 9.386328
26 -3.215564 2.543350
24 -3.313980 5.681816
25 -3.313980 5.681816
35 -3.313980 5.681816
25 -3.313980 5.681816
29 -3.313980 5.681816
24 -3.316913 5.775344
25 -3.313980 5.681816
24 -3.411098 8.778865
27 -3.313980 5.681816
35 -3.313980 5.681816
27 -3.281223 4.637213
23 -3.419667 9.052127
37 -3.220881 2.712905
23 -3.249063 3.611648
24 -3.249917 3.638851
26 -3.274379 4.418945
29 -3.225942 2.874324
29 -3.313980 5.681816
26 -3.431886 9.441816
31 -3.313980 5.681816
38 -3.313980 5.681816
33 -3.241570 3.372689
24 -3.251170 3.678827
28 -3.313980 5.681816
39 -3.181559 1.458937
22 -3.368732 7.427829
36 -3.365356 7.320193
40 -3.180619 1.428973
23 -3.313980 5.681816
22 -3.448984 9.987037
25 -3.250844 3.668436
29 -3.139140 0.106223
33 -3.313980 5.681816
40 -3.435250 9.549071
28 -3.313980 5.681816
25 -3.313980 5.681816
32 -3.209233 2.341472
40 -3.170941 1.120343
34 -3.313980 5.681816
22 -3.293990 5.044357
29 -3.325836 6.059885
29 -3.274076 4.409285
29 -3.273006 4.375155
34 -3.260302 3.970029
24 -3.159876 0.767501
31 -3.219379 2.665034
28 -3.297069 5.142541
24 -3.408359 8.691544
27 -3.208662 2.323258
25 -3.204217 2.181515
22 -3.313980 5.681816
30 -3.313980 5.681816
28 -3.383662 7.903941
29 -3.313980 5.681816
27 -3.291713 4.971725
38 -3.197353 1.962615
26 -3.163322 0.877382
33 -3.313980 5.681816
33 -3.195427 1.901203
29 -3.276601 4.489798
23 -3.313980 5.681816
27 -3.201252 2.086943
28 -3.417217 8.974023
28 -3.313980 5.681816
28 -3.218782 2.645970
26 -3.175266 1.258263
26 -3.313980 5.681816
24 -3.313980 5.681816
30 -3.383897 7.911451
35 -3.193878 1.851805
28 -3.313980 5.681816
27 -3.196249 1.927423
34 -3.313980 5.681816
29 -3.313980 5.681816
29 -3.189726 1.719400
21 -3.246697 3.536182
23 -3.403511 8.536926
28 -3.371420 7.513568
26 -3.367794 7.397913
34 -3.296953 5.138814
31 -3.313980 5.681816
39 -3.246702 3.536349
31 -3.313980 5.681816
33 -3.150007 0.452753
37 -3.313980 5.681816
28 -3.313980 5.681816
28 -3.229748 2.995685
27 -3.217911 2.618198
24 -3.313980 5.681816
24 -3.225861 2.871718
33 -3.281452 4.644523
28 -3.146634 0.345195
25 -3.389221 8.081234
25 -3.156879 0.671918
35 -3.367070 7.374836
34 -3.419283 9.039910
27 -3.313980 5.681816
28 -3.313980 5.681816
32 -3.199638 2.035470
34 -3.383601 7.901993
24 -3.313980 5.681816
24 -3.293857 5.040100
24 -3.313980 5.681816
25 -3.313980 5.681816
25 -3.313980 5.681816
38 -3.182223 1.480132
41 -3.216483 2.572668
27 -3.313980 5.681816
24 -3.392856 8.197136
26 -3.313980 5.681816
23 -3.368336 7.415223
37 -3.431866 9.441172
32 -3.313980 5.681816
23 -3.313980 5.681816
30 -3.238144 3.263438
27 -3.313980 5.681816
36 -3.313980 5.681816
25 -3.313980 5.681816
27 -3.243800 3.443797
46 -3.322893 5.966047
37 -3.212026 2.430540
27 -3.313980 5.681816
25 -3.149802 0.446231
27 -3.313980 5.681816
33 -3.313980 5.681816
27 -3.248474 3.592858
36 -3.319373 5.853794
25 -3.282950 4.692277
33 -3.313980 5.681816
27 -3.313980 5.681816
29 -3.337059 6.417794
36 -3.313980 5.681816
28 -3.313980 5.681816
28 -3.209720 2.356997
31 -3.189263 1.704617
33 -3.287319 4.831609
35 -3.383172 7.888337
46 -3.313980 5.681816
29 -3.159880 0.767617
39 -3.182271 1.481643
34 -3.214370 2.505277
37 -3.313980 5.681816
39 -3.292502 4.996903
39 -3.313980 5.681816
37 -3.313980 5.681816
41 -3.313980 5.681816
46 -3.265481 4.135206
41 -3.305783 5.420410
59 -3.200997 2.078818
