19 -3.313980 5.681816
24 -3.279420 4.579708
22 -3.250791 3.666725
24 -3.299629 5.224156
22 -3.431969 9.444439
22 -3.296813 5.134350
22 -3.313980 5.681816
22 -3.272869 4.370803
22 -3.433155 9.482275
22 -3.313980 5.681816
24 -3.313980 5.681816
23 -3.270173 4.284824
24 -3.257977 3.895895
29 -3.179891 1.405769
23 -3.313980 5.681816
27 -3.319932 5.871613
27 -3.313980 5.681816
28 -3.184469 1.551737
21 -3.313980 5.681816
25 -3.161765 0.827737
25 -3.449128 9.991637
32 -3.313980 5.681816
27 -3.210487 2.381466
24 -3.220611 2.704305
36 -3.233074 3.101743
26 -3.313980 5.681816
39 -3.352774 6.918947
22 -3.313980 5.681816
22 -3.313980 5.681816
25 -3.320580 5.892295
36 -3.313980 5.681816
26 -3.313980 5.681816
22 -3.310826 5.581236
34 -3.313980 5.681816
30 -3.235701 3.185525
29 -3.244811 3.476042
24 -3.273830 4.401446
35 -3.419030 9.031840
26 -3.241683 3.376294
31 -3.196645 1.940024
29 -3.391562 8.155871
30 -3.253780 3.762048
30 -3.313980 5.681816
23 -3.254512 3.785414
31 -3.181052 1.442779
32 -3.313980 5.681816
24 -3.313980 5.681816
34 -3.166144 0.967359
24 -3.313980 5.681816
23 -3.313980 5.681816
32 -3.382691 7.873004
46 -3.446395 9.904484
35 -3.423184 9.164298
38 -3.288610 4.872773
24 -3.313980 5.681816
29 -3.313980 5.681816
32 -3.215974 2.556437
43 -3.248046 3.579189
23 -3.266870 4.179496
40 -3.301771 5.292482
34 -3.298456 5.186760
27 -3.313980 5.681816
42 -3.442223 9.771435
32 -3.313980 5.681816
23 -3.377116 7.695190
35 -3.313980 5.681816
33 -3.313980 5.681816
28 -3.332507 6.272641
36 -3.289394 4.897783
31 -3.313980 5.681816
29 -3.313980 5.681816
41 -3.397976 8.360430
26 -3.313980 5.681816
39 -3.429354 9.361053
26 -3.311735 5.610211
20 -3.313980 5.681816
29 -3.313980 5.681816
24 -3.313980 5.681816
37 -3.279531 4.583262
34 -3.444443 9.842231
22 -3.313980 5.681816
42 -3.420348 9.073848
34 -3.313980 5.681816
32 -3.421235 9.102156
29 -3.313980 5.681816
37 -3.288007 4.853556
31 -3.313980 5.681816
22 -3.445446 9.874229
27 -3.171760 1.146472
22 -3.248683 3.599507
27 -3.324689 6.023316
24 -3.313980 5.681816
24 -3.348434 6.780537
27 -3.313980 5.681816
32 -3.313980 5.681816
26 -3.386076 7.980928
36 -3.251807 3.699129
26 -3.253899 3.765842
24 -3.313980 5.681816
39 -3.179146 1.382007
22 -3.227590 2.926874
33 -3.294902 5.073415
23 -3.155708 0.634556
27 -3.175045 1.251217
42 -3.216816 2.583294
49 -3.203975 2.173782
30 -3.375081 7.630306
23 -3.424691 9.212343
22 -3.251939 3.703333
25 -3.313980 5.681816
27 -3.373118 7.567698
35 -3.313980 5.681816
40 -3.331897 6.253178
35 -3.313980 5.681816
26 -3.410225 8.751052
34 -3.403570 8.538811
29 -3.313980 5.681816
40 -3.391365 8.149607
30 -3.279288 4.575486
21 -3.312444 5.632825
25 -3.251186 3.679347
27 -3.224388 2.824755
31 -3.313980 5.681816
27 -3.271572 4.329446
25 -3.235381 3.175327
42 -3.235090 3.166053
24 -3.207324 2.280577
31 -3.432441 9.459509
37 -3.268745 4.239287
26 -3.224146 2.817029
24 -3.196150 1.924253
26 -3.201576 2.097291
29 -3.188649 1.685057
28 -3.192166 1.797211
25 -3.313980 5.681816
23 -3.252201 3.711716
23 -3.180883 1.437409
36 -3.187505 1.648577
29 -3.313980 5.681816
41 -3.392712 8.192563
37 -3.144549 0.278714
29 -3.313980 5.681816
40 -3.363421 7.258476
38 -3.165970 0.961834
31 -3.313980 5.681816
34 -3.313980 5.681816
25 -3.313980 5.681816
34 -3.260673 3.981879
38 -3.421872 9.122451
35 -3.177678 1.335187
26 -3.313980 5.681816
22 -3.313980 5.681816
23 -3.313980 5.681816
35 -3.219414 2.666148
48 -3.379796 7.780672
20 -3.312652 5.639472
22 -3.313980 5.681816
29 -3.152486 0.531835
27 -3.262259 4.032464
34 -3.437168 9.610253
33 -3.313980 5.681816
22 -3.224360 2.823854
24 -3.364792 7.302184
35 -3.422673 9.148007
27 -3.313980 5.681816
25 -3.313980 5.681816
25 -3.239877 3.318686
29 -3.422354 9.137823
42 -3.351642 6.882859
24 -3.310278 5.563768
29 -3.309217 5.529914
41 -3.441408 9.745440
34 -3.318737 5.833510
34 -3.313980 5.681816
38 -3.440459 9.715189
32 -3.202855 2.138061
26 -3.345915 6.700220
25 -3.376756 7.683713
37 -3.171007 1.122463
37 -3.287900 4.850117
32 -3.272039 4.344319
43 -3.268416 4.228807
37 -3.313980 5.681816
29 -3.210505 2.382026
32 -3.281975 4.661197
43 -3.313980 5.681816
34 -3.313980 5.681816
35 -3.313980 5.681816
31 -3.323292 5.978767
31 -3.223318 2.790638
32 -3.313980 5.681816
35 -3.240440 3.336633
41 -3.354321 6.968273
31 -3.428007 9.318108
38 -3.325181 6.039015
42 -3.226857 2.903480
40 -3.313980 5.681816
40 -3.205779 2.231309
43 -3.311479 5.602074
47 -3.398358 8.372597
