24 -0.121269 9.141676
25 -0.118838 6.953808
25 -0.120259 8.233459
25 -0.120169 8.151705
25 -0.117782 6.004076
26 -0.116972 5.275213
26 -0.121951 9.755898
26 -0.117770 5.993239
26 -0.118558 6.702124
26 -0.117320 5.588073
27 -0.118907 7.016381
27 -0.119213 7.291414
27 -0.117821 6.039007
27 -0.120495 8.445220
27 -0.120129 8.115814
28 -0.120627 8.564216
28 -0.119873 7.885763
29 -0.118643 6.778386
29 -0.119342 7.407697
29 -0.117513 5.761686
29 -0.115991 4.391704
30 -0.116367 4.730283
30 -0.119026 7.123697
30 -0.121048 8.942916
30 -0.118729 6.855746
31 -0.118705 6.834774
31 -0.119857 7.871083
31 -0.116004 4.403982
31 -0.119530 7.576837
31 -0.116775 5.097415
31 -0.116268 4.641626
32 -0.119882 7.893546
32 -0.116134 4.520756
32 -0.116404 4.763334
32 -0.121838 9.654441
33 -0.117730 5.956721
33 -0.115442 3.897715
35 -0.117553 5.797674
35 -0.114868 3.381411
36 -0.119389 7.449994
37 -0.118121 6.308492
37 -0.116628 4.965252
37 -0.113365 2.028465
38 -0.118554 6.698373
38 -0.114998 3.498219
40 -0.115125 3.612064
28 -0.116147 4.532367
44 -0.121733 9.560040
26 -0.121604 9.443791
45 -0.112607 1.346414
29 -0.122154 9.938305
30 -0.115715 4.143116
30 -0.120797 8.717123
25 -0.121963 9.766256
32 -0.117283 5.554562
31 -0.117612 5.851095
30 -0.120669 8.601908
31 -0.117100 5.390006
32 -0.116308 4.676837
26 -0.118110 6.298732
25 -0.121398 9.258168
31 -0.119402 7.461787
30 -0.117244 5.519535
36 -0.118066 6.259391
29 -0.114844 3.359936
32 -0.119145 7.230060
32 -0.121048 8.943632
31 -0.118908 7.017581
26 -0.121514 9.362752
33 -0.114412 2.970640
35 -0.115034 3.530645
35 -0.121120 9.007619
32 -0.114847 3.362377
37 -0.114408 2.966963
32 -0.121418 9.275791
38 -0.113912 2.520912
27 -0.120789 8.710336
35 -0.116245 4.620681
36 -0.114159 2.742858
35 -0.117757 5.981699
37 -0.114612 3.150383
35 -0.118915 7.023289
38 -0.113529 2.175764
26 -0.118601 6.740509
37 -0.116066 4.459390
36 -0.115913 4.321961
43 -0.113461 2.115039
41 -0.115045 3.540738
32 -0.115384 3.845890
36 -0.114836 3.352521
24 -0.120440 8.395638
37 -0.115108 3.597009
25 -0.122008 9.806843
29 -0.120662 8.595990
43 -0.113019 1.717316
38 -0.114032 2.628705
39 -0.119584 7.625469
28 -0.121135 9.021124
31 -0.119982 7.983455
33 -0.115698 4.128086
31 -0.115337 3.803711
29 -0.121162 9.045859
43 -0.113627 2.264665
31 -0.120810 8.729128
29 -0.120321 8.288771
34 -0.121762 9.585640
26 -0.122101 9.891348
27 -0.118673 6.805849
31 -0.116963 5.267021
38 -0.113564 2.207311
41 -0.118786 6.907742
35 -0.116959 5.263231
36 -0.118181 6.362470
37 -0.117721 5.948837
39 -0.113886 2.497021
30 -0.121654 9.488433
35 -0.113877 2.489694
31 -0.116144 4.529753
36 -0.114725 3.252713
33 -0.117948 6.153251
37 -0.115085 3.576554
30 -0.115406 3.865692
31 -0.117809 6.027886
41 -0.112680 1.411852
38 -0.113542 2.187530
35 -0.115390 3.851124
24 -0.121873 9.685938
36 -0.114680 3.212009
31 -0.120806 8.725105
17 -0.120845 8.760354
41 -0.114525 3.072080
29 -0.122030 9.827183
33 -0.119444 7.499524
38 -0.114801 3.320557
32 -0.117577 5.818963
32 -0.117848 6.063091
39 -0.121743 9.568410
35 -0.117134 5.420789
37 -0.114635 3.171755
36 -0.117227 5.504060
29 -0.121649 9.484127
32 -0.117222 5.499776
36 -0.114475 3.027670
34 -0.120568 8.511120
34 -0.119547 7.591999
36 -0.113820 2.438113
38 -0.117116 5.404294
25 -0.122200 9.980198
25 -0.119464 7.518022
27 -0.121087 8.977874
37 -0.114478 3.029907
37 -0.114207 2.786196
29 -0.117068 5.361198
33 -0.115543 3.988702
26 -0.121637 9.473304
39 -0.116463 4.816453
36 -0.114632 3.169184
36 -0.116418 4.776231
36 -0.116344 4.709936
32 -0.119277 7.349442
36 -0.115186 3.667140
32 -0.120291 8.261903
29 -0.117947 6.152721
30 -0.117741 5.966593
41 -0.114952 3.456683
37 -0.114505 3.054361
31 -0.115873 4.285451
37 -0.116961 5.264942
26 -0.119353 7.417659
36 -0.114917 3.425499
32 -0.117657 5.891040
34 -0.116385 4.746113
31 -0.119747 7.772667
30 -0.117933 6.139640
29 -0.121257 9.131102
31 -0.118430 6.587191
35 -0.114699 3.228928
30 -0.122066 9.859825
27 -0.118372 6.534567
27 -0.120065 8.058521
37 -0.116937 5.243384
26 -0.117215 5.493165
35 -0.114190 2.770989
29 -0.116528 4.875351
32 -0.117116 5.404327
38 -0.114707 3.236388
38 -0.113921 2.528457
30 -0.116824 5.141462
37 -0.114680 3.212409
42 -0.118761 6.884750
30 -0.117351 5.616286
32 -0.116773 5.095675
34 -0.117638 5.874372
35 -0.116206 4.585740
41 -0.118145 6.330380
35 -0.116839 5.155465
41 -0.116047 4.442514
36 -0.115079 3.570687
38 -0.115326 3.793803
47 -0.112922 1.629592
