11 -1.049469 4.946892
11 -1.076385 7.638509
11 -1.088474 8.847444
11 -1.055409 5.540858
12 -1.049933 4.993266
12 -1.067853 6.785285
12 -1.069975 6.997482
13 -1.082049 8.204950
13 -1.058306 5.830588
13 -1.093237 9.323714
13 -1.086215 8.621525
13 -1.070353 7.035270
13 -1.086886 8.688585
13 -1.091221 9.122143
13 -1.082066 8.206617
15 -1.084160 8.415991
15 -1.072133 7.213309
15 -1.051953 5.195298
15 -1.093957 9.395683
15 -1.061996 6.199553
16 -1.050545 5.054502
16 -1.057696 5.769552
11 -1.088728 8.872805
16 -1.099325 9.932501
17 -1.084714 8.471429
17 -1.058734 5.873407
17 -1.084779 8.477865
17 -1.079977 7.997666
12 -1.058263 5.826307
17 -1.079784 7.978447
17 -1.054806 5.480589
17 -1.080905 8.090510
19 -1.058694 5.869373
19 -1.059410 5.940960
19 -1.062042 6.204167
19 -1.087617 8.761741
9 -1.075576 7.557602
19 -1.094827 9.482732
15 -1.068721 6.872098
12 -1.059939 5.993921
20 -1.076738 7.673769
12 -1.059478 5.947760
21 -1.073510 7.350985
13 -1.047784 4.778444
12 -1.066609 6.660922
13 -1.049898 4.989846
8 -1.097306 9.730552
23 -1.097857 9.785654
23 -1.081759 8.175900
13 -1.099984 9.998425
23 -1.060407 6.040684
12 -1.095652 9.565248
24 -1.045472 4.547226
24 -1.036976 3.697584
16 -1.099874 9.987434
12 -1.088719 8.871858
13 -1.079901 7.990121
17 -1.058674 5.867447
13 -1.083042 8.304152
13 -1.076416 7.641595
16 -1.059814 5.981395
15 -1.051336 5.133583
27 -1.076178 7.617756
21 -1.076111 7.611072
16 -1.078892 7.889168
27 -1.075584 7.558362
28 -1.051581 5.158130
19 -1.059711 5.971142
13 -1.096175 9.617514
13 -1.071012 7.101170
13 -1.040156 4.015590
17 -1.075655 7.565470
15 -1.057808 5.780773
17 -1.059335 5.933454
17 -1.067162 6.716172
15 -1.057675 5.767485
19 -1.072219 7.221937
17 -1.080352 8.035182
25 -1.093934 9.393430
13 -1.067778 6.777842
21 -1.031706 3.170609
17 -1.070581 7.058145
27 -1.072070 7.207011
17 -1.074521 7.452131
16 -1.072554 7.255366
12 -1.086686 8.668648
19 -1.043794 4.379413
25 -1.099182 9.918204
8 -1.089357 8.935663
28 -1.090526 9.052595
27 -1.081362 8.136222
24 -1.055278 5.527828
13 -1.065672 6.567211
16 -1.068607 6.860699
15 -1.055687 5.568728
12 -1.060765 6.076546
15 -1.071253 7.125294
23 -1.075548 7.554758
19 -1.060655 6.065500
17 -1.067824 6.782408
12 -1.098606 9.860649
16 -1.089143 8.914307
9 -1.053162 5.316204
23 -1.092841 9.284076
39 -1.045084 4.508432
20 -1.028216 2.821567
13 -1.093962 9.396196
20 -1.078167 7.816741
20 -1.047153 4.715319
32 -1.089331 8.933130
27 -1.056581 5.658147
11 -1.076983 7.698302
24 -1.063663 6.366260
12 -1.092468 9.246803
13 -1.056897 5.689667
13 -1.076386 7.638557
19 -1.089271 8.927123
15 -1.086684 8.668363
16 -1.070865 7.086459
21 -1.072347 7.234650
16 -1.071283 7.128274
24 -1.077235 7.723548
15 -1.079743 7.974288
13 -1.059043 5.904330
12 -1.085701 8.570057
24 -1.059250 5.925017
19 -1.040084 4.008387
17 -1.073571 7.357099
16 -1.042998 4.299835
12 -1.093053 9.305348
45 -1.095989 9.598918
16 -1.048660 4.865951
17 -1.048281 4.828122
17 -1.077206 7.720616
12 -1.095834 9.583363
23 -1.042612 4.261180
16 -1.043953 4.395320
12 -1.092900 9.290032
20 -1.046061 4.606068
13 -1.075291 7.529092
13 -1.078794 7.879446
17 -1.068174 6.817414
25 -1.062311 6.231148
11 -1.099104 9.910417
37 -1.065890 6.589026
25 -1.071218 7.121773
16 -1.061402 6.140199
36 -1.089650 8.964987
20 -1.050464 5.046408
29 -1.094392 9.439247
27 -1.067957 6.795700
15 -1.085353 8.535324
25 -1.087081 8.708061
12 -1.065847 6.584718
35 -1.091398 9.139788
36 -1.082329 8.232871
11 -1.085695 8.569542
13 -1.053104 5.310440
13 -1.091773 9.177250
16 -1.083190 8.319046
21 -1.048903 4.890308
19 -1.060264 6.026365
13 -1.097181 9.718145
20 -1.046901 4.690073
20 -1.083912 8.391185
24 -1.053707 5.370683
16 -1.050462 5.046228
15 -1.053649 5.364906
15 -1.050823 5.082278
17 -1.092750 9.275010
19 -1.063926 6.392583
21 -1.072820 7.281976
25 -1.022295 2.229462
17 -1.068304 6.830363
16 -1.088363 8.836255
16 -1.080081 8.008114
19 -1.056843 5.684306
17 -1.076612 7.661220
15 -1.075607 7.560689
19 -1.087948 8.794808
20 -1.053106 5.310622
21 -1.067773 6.777336
19 -1.073597 7.359725
24 -1.057760 5.776001
32 -1.095524 9.552395
20 -1.057190 5.718995
20 -1.086225 8.622537
20 -1.093165 9.316463
21 -1.044503 4.450328
27 -1.079418 7.941819
31 -1.066131 6.613113
23 -1.052653 5.265326
25 -1.088214 8.821445
27 -1.049290 4.929017
21 -1.042468 4.246752
23 -1.053617 5.361692
31 -1.054752 5.475218
28 -1.090260 9.025960
32 -1.063734 6.373378
36 -1.094014 9.401359
