7 96.208456 3.753045
7 94.307700 5.654562
7 98.294728 1.665939
7 92.389363 7.573667
7 90.884412 9.079220
7 97.901146 2.059678
7 93.909529 6.052892
7 99.757801 0.202280
7 95.601680 4.360064
7 93.470512 6.492085
7 92.740068 7.222822
7 97.516853 2.444125
7 97.078639 2.882514
7 94.775042 5.187033
7 99.844729 0.115317
8 93.729494 6.232999
8 94.611400 5.350741
8 97.201033 2.760071
8 98.015138 1.945640
8 93.912747 6.049673
8 92.494950 7.468037
8 93.554988 6.407575
7 97.949862 2.010942
7 96.950797 3.010407
7 98.275959 1.684715
9 92.875400 7.087435
9 90.775891 9.187784
9 91.192091 8.771417
9 94.645524 5.316602
7 93.006944 6.955839
7 96.508307 3.453074
7 91.211768 8.751733
7 90.324822 9.639033
8 99.862057 0.097982
8 90.778451 9.185223
8 93.265533 6.697146
8 94.451677 5.510528
7 90.639451 9.324279
10 91.259068 8.704414
10 97.314781 2.646278
7 99.443723 0.516483
7 92.248153 7.714933
7 92.952276 7.010528
8 97.294489 2.666577
9 95.625837 4.335898
7 91.970602 7.992595
8 97.426504 2.534510
7 93.020457 6.942320
9 92.796512 7.166355
10 91.725811 8.237484
10 96.071056 3.890500
8 93.751534 6.210950
9 93.394949 6.567678
12 90.532399 9.431374
12 92.877130 7.085705
9 93.973066 5.989330
12 90.886444 9.077187
8 96.516516 3.444862
7 94.332392 5.629860
7 98.699079 1.261426
8 94.700472 5.261632
8 90.585827 9.377924
9 92.794891 7.167977
9 93.564081 6.398479
11 92.352749 7.610295
10 94.919327 5.042690
13 90.112541 9.851400
9 91.935442 8.027769
7 99.395601 0.564625
9 92.357076 7.605967
7 97.285483 2.675587
7 91.898836 8.064390
12 96.916250 3.044968
7 97.503308 2.457675
8 93.037231 6.925540
10 91.240075 8.723414
7 99.566595 0.393562
7 92.280330 7.682743
7 93.696748 6.265758
10 90.497004 9.466783
7 92.835546 7.127305
7 94.944798 5.017209
7 99.323790 0.636464
10 93.981385 5.981008
15 90.338553 9.625297
9 91.352962 8.610482
7 93.922323 6.040093
8 96.313155 3.648304
14 89.983835 9.980157
9 93.540614 6.421955
7 98.278594 1.682079
7 91.366689 8.596750
7 92.718795 7.244102
8 93.626545 6.335990
8 94.690618 5.271490
7 96.681303 3.280009
9 90.335580 9.628271
9 96.991932 2.969255
7 91.347191 8.616256
7 96.545012 3.416354
7 99.081207 0.879145
7 98.977899 0.982494
7 90.366353 9.597486
7 95.610330 4.351410
9 92.392401 7.570628
14 89.993665 9.970324
16 90.141850 9.822078
7 96.669946 3.291371
8 92.706024 7.256879
7 97.050921 2.910243
7 94.969295 4.992702
18 92.915972 7.046847
18 90.501116 9.462669
12 90.034683 9.929289
7 93.156969 6.805753
18 91.953448 8.009756
7 93.748995 6.213490
9 93.705113 6.257390
9 90.393848 9.569980
7 95.879337 4.082296
12 93.854260 6.108183
19 90.022805 9.941171
9 92.574115 7.388840
19 90.000665 9.963320
7 90.474353 9.489443
8 91.213456 8.750044
11 90.731069 9.232624
10 96.665226 3.296093
8 94.752883 5.209200
7 92.348425 7.614621
8 90.532871 9.430901
7 93.595186 6.367361
7 94.169433 5.792884
8 94.291378 5.670890
7 97.208182 2.752919
8 95.696461 4.265245
12 95.955805 4.005798
10 97.212995 2.748105
7 98.011588 1.949192
10 90.120648 9.843289
19 89.997941 9.966046
8 94.660876 5.301244
7 94.929600 5.032413
9 92.621097 7.341839
19 90.106455 9.857488
9 97.219218 2.741879
17 90.189716 9.774194
17 90.223609 9.740287
7 95.080593 4.881359
10 91.533722 8.429650
7 90.618042 9.345697
7 91.953721 8.009482
9 90.810508 9.153153
12 91.340182 8.623267
7 93.559929 6.402632
12 91.197339 8.766167
9 90.680010 9.283704
10 94.199649 5.762656
9 93.677307 6.285207
13 95.927079 4.034535
10 93.791658 6.170810
9 96.706544 3.254758
12 94.105005 5.857338
24 99.835780 0.124270
10 91.368822 8.594616
10 90.045403 9.918565
18 90.019547 9.944431
13 90.063917 9.900043
24 90.173120 9.790796
29 96.203913 3.757590
28 96.242633 3.718855
25 90.085002 9.878949
15 90.259476 9.704406
28 90.167646 9.796273
17 89.985820 9.978171
22 90.355446 9.608397
34 90.013249 9.950732
19 90.386849 9.576982
23 91.610329 8.353012
23 90.150531 9.813394
27 90.505360 9.458423
32 97.853872 2.106970
25 89.987480 9.976511
30 90.128792 9.835142
41 89.969622 9.994376
42 94.025167 5.937208
44 90.101410 9.862535
45 99.002234 0.958149
37 90.019372 9.944606
49 89.989915 9.974074
51 90.021187 9.942790
48 90.236089 9.727802
50 89.992925 9.971064
63 89.969867 9.994130
59 90.110783 9.853158
66 90.003595 9.960389
59 90.063625 9.900335
84 89.975447 9.988548
147 90.013817 9.950163
145 89.971684 9.992313
