12 0.971880 2.811958
10 0.960363 3.963653
20 0.942640 5.736042
26 0.931159 6.884076
31 0.975788 2.421189
62 0.929637 7.036346
49 0.935130 6.487010
62 0.934319 6.568149
61 0.963268 3.673162
80 0.934861 6.513947
78 0.962277 3.772346
81 0.954582 4.541784
86 0.922203 7.779748
89 0.931705 6.829509
90 0.975812 2.418847
88 0.945334 5.466563
88 0.951808 4.819224
95 0.909501 9.049931
89 0.959419 4.058054
90 0.942467 5.753274
103 0.924777 7.522292
117 0.980282 1.971799
34 0.903877 9.612325
123 0.966192 3.380763
133 0.975087 2.491306
61 0.925845 7.415472
40 0.906554 9.344563
76 0.930984 6.901616
149 0.951887 4.811326
140 0.969086 3.091360
51 0.931526 6.847351
137 0.936860 6.313956
141 0.962307 3.769275
158 0.903173 9.682736
76 0.970034 2.996567
43 0.913833 8.616718
85 0.921708 7.829244
17 0.912100 8.790048
158 0.972958 2.704167
62 0.953947 4.605320
151 0.949758 5.024220
149 0.921510 7.848978
147 0.953433 4.656684
170 0.968585 3.141533
172 0.965395 3.460468
20 0.986374 1.362585
162 0.900217 9.978260
66 0.937697 6.230259
186 0.976245 2.375523
163 0.976199 2.380122
49 0.909902 9.009822
59 0.931499 6.850117
148 0.967654 3.234580
36 0.942165 5.783459
205 0.955698 4.430220
134 0.946860 5.313975
78 0.972120 2.787995
195 0.966366 3.363368
43 0.943066 5.693395
188 0.955596 4.440363
91 0.951062 4.893794
214 0.919655 8.034515
32 0.929955 7.004537
152 0.965196 3.480359
115 0.951458 4.854160
22 0.935442 6.455773
208 0.946949 5.305133
231 0.970172 2.982849
165 0.970643 2.935707
25 0.930609 6.939109
66 0.953207 4.679326
119 0.923663 7.633676
118 0.962897 3.710269
44 0.913940 8.605976
137 0.903674 9.632580
39 0.922257 7.774255
28 0.941675 5.832451
249 0.966752 3.324821
47 0.962375 3.762483
84 0.961694 3.830604
260 0.983194 1.680637
193 0.971010 2.898972
24 0.909225 9.077524
158 0.976199 2.380083
121 0.958528 4.147165
34 0.922017 7.798263
105 0.960745 3.925460
178 0.958512 4.148822
142 0.977588 2.241175
85 0.966943 3.305673
211 0.982684 1.731550
107 0.965898 3.410228
128 0.976805 2.319455
149 0.965831 3.416932
134 0.968162 3.183833
306 0.957681 4.231867
150 0.953502 4.649756
320 0.905369 9.463111
125 0.944410 5.559032
97 0.931245 6.875469
190 0.955819 4.418061
27 0.949865 5.013472
212 0.939992 6.000803
56 0.952598 4.740194
34 0.933101 6.689874
109 0.919576 8.042437
114 0.971739 2.826123
14 0.973541 2.645868
55 0.947944 5.205587
72 0.933078 6.692223
70 0.952255 4.774543
33 0.973235 2.676460
29 0.980731 1.926927
162 0.964454 3.554617
172 0.967111 3.288861
171 0.909757 9.024316
75 0.904902 9.509767
25 0.913431 8.656889
60 0.933691 6.630878
365 0.970383 2.961675
261 0.949636 5.036389
119 0.928755 7.124546
177 0.966461 3.353936
88 0.942376 5.762408
51 0.941521 5.847891
180 0.978785 2.121514
302 0.978987 2.101307
205 0.953887 4.611292
144 0.973545 2.645537
215 0.973778 2.622183
49 0.934387 6.561324
72 0.955746 4.425371
103 0.961954 3.804639
308 0.962786 3.721450
110 0.948168 5.183173
225 0.962656 3.734357
47 0.982556 1.744407
98 0.962050 3.794955
79 0.962001 3.799863
39 0.950319 4.968118
40 0.919992 8.000848
80 0.970363 2.963686
90 0.906759 9.324086
102 0.964030 3.596972
104 0.939846 6.015354
26 0.954329 4.567087
50 0.934189 6.581110
277 0.963450 3.655039
216 0.955579 4.442062
90 0.964476 3.552448
77 0.961940 3.806005
295 0.915212 8.478777
12 0.970823 2.917710
160 0.974372 2.562757
172 0.976987 2.301326
26 0.977972 2.202768
386 0.970014 2.998616
91 0.968386 3.161444
80 0.930168 6.983183
129 0.952315 4.768497
114 0.952492 4.750794
138 0.939483 6.051741
263 0.917012 8.298840
220 0.986784 1.321557
239 0.979194 2.080601
468 0.968760 3.124045
113 0.981112 1.888753
377 0.901751 9.824862
386 0.948838 5.116176
432 0.974770 2.522959
427 0.941949 5.805099
177 0.951283 4.871665
200 0.971136 2.886369
250 0.984084 1.591618
205 0.922197 7.780289
280 0.954817 4.518304
209 0.951010 4.898954
465 0.908559 9.144111
385 0.958112 4.188843
354 0.978085 2.191467
262 0.967259 3.274124
361 0.963948 3.605241
545 0.918094 8.190574
375 0.924037 7.596336
475 0.982891 1.710903
442 0.975147 2.485326
389 0.940932 5.906813
455 0.977563 2.243661
438 0.972977 2.702302
575 0.978797 2.120259
528 0.928791 7.120897
646 0.969109 3.089148
679 0.932869 6.713121
702 0.974548 2.545199
644 0.954096 4.590364
609 0.958969 4.103113
785 0.907643 9.235692
739 0.983414 1.658564
893 0.956366 4.363355
895 0.920466 7.953425
