29 0.980235 1.976510
34 0.939434 6.056591
36 0.969079 3.092092
23 0.936088 6.391223
57 0.947939 5.206059
failed to find solution after reaching max emtpy limit -- 31 iterations and 25 function evals
65 0.953769 4.623149
16 0.908741 9.125885
71 0.928097 7.190322
66 0.956280 4.371973
28 0.938786 6.121435
66 0.910522 8.947796
34 0.935401 6.459884
76 0.977618 2.238221
82 0.956195 4.380547
71 0.918369 8.163123
83 0.955252 4.474840
88 0.954585 4.541457
93 0.950779 4.922121
19 0.974590 2.540994
60 0.946561 5.343874
117 0.929060 7.093976
104 0.953461 4.653878
115 0.982179 1.782058
56 0.926207 7.379341
123 0.968079 3.192114
125 0.959135 4.086508
127 0.951207 4.879253
66 0.944360 5.564045
138 0.979239 2.076131
12 0.917994 8.200648
119 0.962026 3.797369
134 0.966176 3.382447
137 0.965811 3.418857
135 0.958854 4.114639
111 0.943088 5.691157
146 0.975584 2.441603
failed to find solution after reaching max emtpy limit -- 29 iterations and 13 function evals
150 0.934705 6.529525
158 0.967472 3.252797
159 0.952971 4.702867
24 0.940360 5.963984
48 0.925770 7.423014
169 0.960480 3.951954
168 0.981167 1.883279
91 0.953557 4.644276
62 0.974900 2.509991
183 0.974671 2.532904
83 0.919532 8.046775
113 0.971205 2.879527
136 0.965780 3.422009
86 0.939772 6.022826
66 0.906499 9.350100
147 0.974254 2.574595
88 0.948623 5.137691
120 0.941505 5.849526
73 0.927544 7.245564
77 0.952767 4.723308
129 0.973906 2.609434
193 0.981173 1.882671
242 0.966061 3.393872
110 0.955118 4.488217
84 0.928640 7.135991
261 0.964326 3.567421
94 0.919582 8.041847
157 0.935986 6.401360
64 0.934524 6.547611
24 0.904818 9.518230
240 0.927983 7.201666
169 0.964216 3.578376
199 0.968749 3.125128
83 0.961842 3.815813
201 0.961401 3.859935
287 0.975326 2.467445
210 0.959459 4.054055
301 0.963219 3.678138
114 0.946348 5.365210
235 0.936005 6.399505
19 0.916015 8.398466
63 0.947881 5.211915
179 0.947856 5.214394
322 0.935289 6.471066
291 0.963496 3.650419
42 0.945663 5.433696
137 0.969681 3.031946
217 0.962319 3.768109
168 0.943547 5.645296
85 0.944840 5.515995
127 0.944687 5.531315
17 0.958372 4.162752
307 0.978114 2.188573
328 0.930623 6.937673
231 0.939703 6.029697
16 0.911321 8.867851
94 0.968057 3.194266
45 0.907753 9.224698
172 0.911896 8.810407
25 0.918886 8.111432
74 0.907333 9.266708
192 0.978028 2.197221
285 0.907446 9.255422
85 0.953554 4.644627
178 0.949108 5.089244
79 0.968058 3.194180
57 0.963913 3.608662
109 0.946217 5.378336
384 0.924758 7.524209
147 0.943726 5.627396
11 0.964753 3.524650
135 0.968668 3.133244
335 0.933771 6.622860
55 0.925728 7.427157
296 0.951090 4.890960
168 0.923500 7.649981
117 0.927619 7.238092
108 0.956405 4.359456
313 0.916406 8.359424
66 0.912972 8.702821
228 0.925358 7.464152
24 0.925007 7.499323
139 0.940490 5.950987
129 0.933963 6.603694
139 0.960367 3.963267
65 0.926253 7.374690
69 0.949634 5.036650
17 0.932801 6.719918
7 0.907166 9.283353
234 0.968454 3.154647
36 0.925410 7.458960
303 0.950771 4.922886
30 0.941828 5.817218
91 0.924794 7.520563
356 0.934417 6.558319
245 0.961639 3.836146
184 0.960450 3.955026
151 0.976618 2.338208
281 0.953567 4.643336
432 0.974675 2.532492
11 0.981473 1.852733
152 0.966686 3.331450
169 0.904891 9.510851
211 0.921008 7.899172
245 0.968440 3.155991
160 0.909467 9.053309
94 0.938759 6.124142
146 0.957959 4.204108
357 0.965297 3.470276
12 0.915037 8.496323
357 0.975998 2.400175
99 0.914886 8.511382
115 0.937080 6.292011
25 0.978119 2.188057
30 0.962726 3.727407
52 0.945004 5.499573
163 0.968954 3.104550
65 0.981856 1.814394
235 0.944238 5.576230
136 0.980245 1.975476
285 0.979939 2.006131
194 0.977755 2.224496
189 0.912973 8.702684
82 0.968367 3.163276
444 0.944653 5.534735
95 0.935993 6.400695
204 0.941270 5.873017
115 0.956275 4.372469
123 0.929298 7.070166
156 0.981158 1.884184
144 0.982143 1.785652
253 0.937020 6.298039
186 0.954001 4.599872
478 0.944912 5.508807
393 0.960350 3.964995
366 0.918678 8.132209
397 0.905201 9.479874
396 0.974708 2.529184
310 0.974417 2.558277
failed to find solution after reaching max emtpy limit -- 223 iterations and 209 function evals
231 0.914052 8.594786
352 0.953305 4.669536
442 0.905093 9.490693
525 0.967362 3.263846
338 0.961731 3.826896
449 0.941285 5.871516
609 0.967699 3.230072
484 0.911223 8.877700
638 0.985131 1.486914
632 0.923340 7.665990
557 0.971809 2.819079
675 0.902517 9.748327
654 0.951414 4.858598
539 0.961889 3.811122
689 0.939072 6.092809
696 0.993580 0.641975
failed to find solution after reaching max emtpy limit -- 712 iterations and 693 function evals
621 0.921327 7.867316
719 0.946921 5.307882
742 0.986850 1.315030
795 0.918490 8.151033
failed to find solution in 1200 iterations and 1165 function evals
