9 -1.052526 5.252643
10 -1.086162 8.616163
12 -1.032162 3.216228
12 -1.090431 9.043056
12 -1.094427 9.442671
12 -1.068005 6.800487
13 -1.095488 9.548796
13 -1.043482 4.348183
13 -1.082753 8.275329
13 -1.063930 6.392986
13 -1.072295 7.229453
14 -1.090668 9.066783
14 -1.075873 7.587252
13 -1.075433 7.543301
14 -1.037651 3.765119
14 -1.094044 9.404418
15 -1.036434 3.643426
15 -1.087606 8.760566
14 -1.090987 9.098719
14 -1.094242 9.424247
14 -1.086834 8.683415
15 -1.046387 4.638692
15 -1.099403 9.940334
15 -1.086480 8.647964
16 -1.093036 9.303620
16 -1.044407 4.440656
16 -1.039589 3.958939
15 -1.043410 4.341023
16 -1.088771 8.877096
16 -1.076447 7.644669
16 -1.057529 5.752932
16 -1.089904 8.990403
16 -1.030689 3.068912
16 -1.082666 8.266569
17 -1.037823 3.782325
16 -1.089154 8.915368
17 -1.086400 8.639974
16 -1.095450 9.544967
17 -1.053669 5.366880
17 -1.059230 5.922984
17 -1.045434 4.543372
17 -1.058091 5.809098
17 -1.039802 3.980208
17 -1.093982 9.398236
17 -1.043469 4.346915
17 -1.037598 3.759786
17 -1.032130 3.213018
18 -1.044101 4.410117
18 -1.043192 4.319191
18 -1.060323 6.032338
18 -1.044023 4.402281
19 -1.038170 3.817049
14 -1.049393 4.939310
18 -1.097408 9.740757
19 -1.082297 8.229694
19 -1.051004 5.100382
19 -1.049278 4.927762
16 -1.046994 4.699367
20 -1.039701 3.970072
20 -1.080321 8.032087
20 -1.076807 7.680666
20 -1.064375 6.437503
20 -1.079160 7.916010
21 -1.077932 7.793229
21 -1.045783 4.578337
21 -1.090278 9.027751
21 -1.091793 9.179283
21 -1.055256 5.525598
21 -1.032483 3.248272
18 -1.048030 4.802957
21 -1.035474 3.547353
21 -1.070731 7.073100
11 -1.081303 8.130257
22 -1.064493 6.449250
22 -1.084949 8.494904
16 -1.063085 6.308452
22 -1.045585 4.558493
22 -1.065444 6.544403
16 -1.048027 4.802715
14 -1.057855 5.785505
22 -1.087790 8.778964
23 -1.039209 3.920943
12 -1.059677 5.967724
15 -1.072349 7.234929
16 -1.061065 6.106494
16 -1.078597 7.859706
14 -1.088059 8.805895
13 -1.052572 5.257175
15 -1.052547 5.254732
16 -1.041703 4.170290
25 -1.077256 7.725622
16 -1.039507 3.950726
13 -1.084472 8.447236
14 -1.059627 5.962695
18 -1.092457 9.245723
15 -1.034268 3.426827
16 -1.054166 5.416607
19 -1.058734 5.873439
17 -1.034960 3.496019
18 -1.065502 6.550185
17 -1.040381 4.038095
15 -1.042980 4.298038
18 -1.092166 9.216582
11 -1.038924 3.892397
16 -1.057867 5.786658
13 -1.069099 6.909855
15 -1.074478 7.447836
19 -1.062219 6.221872
15 -1.078466 7.846572
17 -1.049703 4.970332
18 -1.075605 7.560477
15 -1.087143 8.714331
14 -1.042244 4.224382
17 -1.087055 8.705508
22 -1.054409 5.440931
16 -1.082990 8.298960
22 -1.052774 5.277448
15 -1.076115 7.611516
21 -1.042942 4.294172
17 -1.059475 5.947476
21 -1.033149 3.314948
21 -1.049542 4.954239
15 -1.071962 7.196161
14 -1.038489 3.848933
20 -1.076928 7.692791
15 -1.096532 9.653238
16 -1.041866 4.186553
15 -1.063049 6.304931
12 -1.063977 6.397658
21 -1.066769 6.676928
20 -1.046890 4.689018
13 -1.067107 6.710690
15 -1.095157 9.515681
13 -1.038529 3.852943
17 -1.054187 5.418723
21 -1.076003 7.600350
16 -1.066193 6.619299
18 -1.098918 9.891827
13 -1.096991 9.699110
18 -1.068412 6.841230
23 -1.074872 7.487242
17 -1.066257 6.625661
13 -1.047020 4.702035
20 -1.088078 8.807768
18 -1.090750 9.074996
21 -1.034463 3.446250
19 -1.055613 5.561323
24 -1.034612 3.461174
21 -1.064853 6.485267
16 -1.071179 7.117893
18 -1.055777 5.577734
17 -1.062261 6.226080
19 -1.048495 4.849536
18 -1.059226 5.922610
25 -1.076589 7.658943
15 -1.056231 5.623117
24 -1.080861 8.086084
20 -1.079440 7.943989
18 -1.067495 6.749488
24 -1.039288 3.928776
21 -1.049974 4.997447
21 -1.050825 5.082522
17 -1.051116 5.111577
18 -1.058668 5.866802
19 -1.067255 6.725514
19 -1.093695 9.369456
19 -1.035648 3.564784
19 -1.054768 5.476758
22 -1.037407 3.740658
19 -1.099877 9.987734
22 -1.068129 6.812944
26 -1.076532 7.653174
21 -1.057355 5.735485
33 -1.074323 7.432295
41 -1.098817 9.881666
33 -1.058320 5.832041
29 -1.092567 9.256693
33 -1.059976 5.997633
42 -1.098913 9.891273
27 -1.034117 3.411692
39 -1.069401 6.940058
33 -1.095214 9.521421
33 -1.076211 7.621122
37 -1.044433 4.443309
40 -1.075222 7.522232
45 -1.046529 4.652901
43 -1.046752 4.675239
41 -1.080114 8.011436
49 -1.097200 9.720014
50 -1.047726 4.772554
61 -1.096218 9.621771
68 -1.070677 7.067677
67 -1.044124 4.412396
63 -1.067016 6.701561
65 -1.039488 3.948772
67 -1.054324 5.432433
75 -1.075351 7.535119
79 -1.031949 3.194876
102 -1.080852 8.085154
115 -1.069337 6.933739
