23 -0.119555 7.599186
28 -0.121682 9.513560
29 -0.122049 9.844251
26 -0.121551 9.395639
27 -0.119792 7.813015
26 -0.117914 6.122416
32 -0.118848 6.963190
33 -0.114619 3.157238
34 -0.116911 5.219805
29 -0.115771 4.194320
29 -0.116125 4.512638
31 -0.117180 5.461983
29 -0.118054 6.248927
29 -0.117912 6.121072
29 -0.117676 5.907972
29 -0.120376 8.338366
29 -0.119760 7.783568
32 -0.115230 3.707264
32 -0.117859 6.073201
30 -0.121206 9.085329
32 -0.116971 5.273775
33 -0.115070 3.562628
31 -0.120205 8.184568
32 -0.116565 4.908474
35 -0.115073 3.566147
32 -0.117983 6.184452
31 -0.115534 3.980375
32 -0.115310 3.779292
32 -0.121927 9.733891
32 -0.117142 5.428144
33 -0.115984 4.385753
33 -0.116435 4.791600
36 -0.116443 4.798872
33 -0.121492 9.342399
35 -0.114037 2.633445
32 -0.117112 5.400527
37 -0.116734 5.060216
34 -0.121091 8.981667
35 -0.116852 5.167074
34 -0.116097 4.487357
34 -0.115906 4.315665
34 -0.114643 3.178426
34 -0.115842 4.257951
34 -0.116803 5.122673
35 -0.118754 6.878558
37 -0.116416 4.774157
37 -0.114304 2.874004
42 -0.115322 3.789855
28 -0.117072 5.364580
32 -0.116029 4.425725
32 -0.118411 6.569774
26 -0.120609 8.548297
31 -0.121084 8.975495
26 -0.120326 8.293144
28 -0.118413 6.571754
30 -0.121651 9.485731
30 -0.118135 6.321255
35 -0.114297 2.867144
29 -0.118548 6.693249
26 -0.121479 9.330841
27 -0.118854 6.968967
35 -0.115588 4.029392
30 -0.117727 5.953890
32 -0.122072 9.864931
30 -0.116943 5.248668
34 -0.114311 2.880014
35 -0.119793 7.813376
32 -0.122095 9.885349
30 -0.115285 3.756078
32 -0.117581 5.823264
34 -0.116117 4.505653
33 -0.121350 9.214814
33 -0.117233 5.509767
32 -0.120053 8.047931
35 -0.120644 8.579284
42 -0.114850 3.365429
38 -0.115085 3.576473
31 -0.118853 6.967578
34 -0.114517 3.065074
37 -0.115938 4.344623
30 -0.119706 7.735446
32 -0.115595 4.035152
36 -0.115850 4.264583
34 -0.119129 7.215782
30 -0.120116 8.104163
39 -0.113311 1.979733
38 -0.115731 4.157876
34 -0.114139 2.725107
37 -0.113346 2.011713
40 -0.119006 7.105611
26 -0.118018 6.215854
37 -0.114308 2.877180
35 -0.117256 5.530100
34 -0.115590 4.030620
41 -0.113710 2.338571
31 -0.117789 6.009720
29 -0.120302 8.271792
38 -0.113877 2.489533
42 -0.112971 1.674156
26 -0.117246 5.521706
39 -0.118137 6.323246
30 -0.121992 9.793166
32 -0.115556 3.999993
33 -0.116761 5.084457
33 -0.114796 3.316036
30 -0.119335 7.401147
29 -0.120472 8.424925
35 -0.121499 9.349347
29 -0.115897 4.307067
31 -0.120838 8.754409
26 -0.118826 6.943385
36 -0.117265 5.538755
25 -0.121476 9.328452
30 -0.117633 5.869665
25 -0.121136 9.022003
33 -0.117244 5.519318
35 -0.115522 3.969928
30 -0.117946 6.151606
30 -0.121975 9.777812
30 -0.121676 9.508253
36 -0.121255 9.129794
36 -0.114606 3.145320
35 -0.116644 4.979937
41 -0.114225 2.802563
29 -0.120466 8.419618
39 -0.115893 4.303308
32 -0.118070 6.262839
30 -0.120174 8.156972
43 -0.115688 4.119134
31 -0.117361 5.625013
35 -0.115135 3.621396
30 -0.119950 7.955240
40 -0.114497 3.047720
30 -0.114646 3.181321
38 -0.114583 3.124478
29 -0.116282 4.653524
37 -0.118378 6.540089
37 -0.115393 3.853531
37 -0.114382 2.943486
34 -0.120451 8.406250
26 -0.121680 9.511769
28 -0.121100 8.990437
32 -0.115633 4.069566
25 -0.121253 9.128064
40 -0.121610 9.449183
40 -0.113878 2.490086
26 -0.121317 9.185316
37 -0.117540 5.786247
43 -0.113603 2.242702
46 -0.112943 1.648853
43 -0.119457 7.511025
29 -0.119055 7.149566
31 -0.117681 5.913196
29 -0.117611 5.850181
31 -0.116980 5.281632
36 -0.114362 2.926052
33 -0.115316 3.784024
32 -0.115083 3.574850
34 -0.114645 3.180890
31 -0.119356 7.420090
35 -0.116176 4.558283
37 -0.116502 4.852016
33 -0.120568 8.510992
31 -0.119061 7.155287
34 -0.120483 8.435035
31 -0.119528 7.575476
30 -0.115603 4.042918
34 -0.115898 4.308508
29 -0.122202 9.981862
41 -0.112888 1.599089
34 -0.118959 7.063120
32 -0.115277 3.749279
38 -0.115206 3.685804
26 -0.119611 7.650102
33 -0.117155 5.439369
36 -0.121918 9.726059
32 -0.116737 5.062876
35 -0.114910 3.418614
25 -0.120672 8.604497
32 -0.115843 4.258577
37 -0.117626 5.863580
35 -0.115813 4.232117
32 -0.118382 6.543688
36 -0.114766 3.289552
36 -0.117903 6.112805
29 -0.117113 5.402019
34 -0.121390 9.251062
28 -0.119894 7.904743
29 -0.120846 8.761619
33 -0.121526 9.373404
41 -0.114175 2.757736
30 -0.121752 9.576897
43 -0.112942 1.648073
33 -0.120935 8.841252
37 -0.113834 2.450456
37 -0.113902 2.511425
34 -0.118023 6.220586
36 -0.116757 5.081427
37 -0.119487 7.537960
39 -0.121431 9.287942
