12 -1.033205 8.355917
14 -1.045650 9.661082
14 -0.973394 2.083279
14 -0.987211 3.532322
14 -1.020968 7.072560
16 -1.036528 8.704466
16 -1.032267 8.257562
16 -0.995000 4.349230
16 -1.033340 8.370094
16 -0.982818 3.071685
16 -1.046381 9.737762
16 -1.039088 8.972858
16 -0.997661 4.628260
16 -1.011188 6.046951
17 -1.022102 7.191552
17 -1.042031 9.281498
17 -0.977291 2.491982
18 -0.986054 3.410982
18 -0.968314 1.550541
18 -0.977800 2.545446
18 -0.979185 2.690665
18 -0.984434 3.241111
18 -0.962715 0.963395
18 -0.975371 2.290621
18 -0.999097 4.778883
19 -0.978236 2.591089
19 -0.980788 2.858766
19 -0.982443 3.032368
19 -0.967045 1.417535
19 -0.982888 3.078959
19 -0.971784 1.914450
20 -0.959298 0.605026
19 -1.039596 9.026209
19 -0.986953 3.505313
20 -1.013680 6.308303
20 -0.964880 1.190456
20 -0.970934 1.825369
20 -0.974711 2.221472
20 -0.967153 1.428864
20 -0.969030 1.625652
20 -0.963335 1.028381
20 -0.973509 2.095436
20 -0.960500 0.731136
22 -0.985359 3.338177
22 -0.956389 0.299916
22 -0.970561 1.786195
14 -0.973060 2.048350
22 -0.977878 2.553595
22 -0.976067 2.363611
23 -0.955412 0.197529
23 -0.973063 2.048571
23 -0.983045 3.095476
23 -0.981403 2.923246
23 -0.983626 3.156403
18 -0.968935 1.615659
23 -0.963581 1.054237
18 -1.014754 6.420905
22 -1.000411 4.916741
24 -0.966916 1.403971
17 -1.047787 9.885191
24 -0.965793 1.286171
23 -0.965134 1.217114
17 -1.022284 7.210575
18 -0.962819 0.974290
23 -0.960352 0.715553
14 -1.036422 8.693267
13 -1.007348 5.644259
13 -1.043078 9.391355
17 -1.014296 6.372863
24 -0.970972 1.829292
17 -1.002620 5.148347
16 -1.011084 6.036018
16 -1.034261 8.466621
20 -0.983762 3.170678
17 -1.015746 6.524903
24 -0.957518 0.418334
25 -0.961271 0.811970
19 -0.957269 0.392208
23 -0.983836 3.178419
23 -0.968792 1.600674
23 -0.989969 3.821561
16 -1.021940 7.174520
24 -0.975668 2.321799
25 -0.978164 2.583562
23 -0.985633 3.366841
20 -1.030126 8.033007
19 -0.980771 2.857012
17 -1.001840 5.066532
26 -0.965886 1.295924
23 -0.963194 1.013660
23 -1.024566 7.449883
16 -1.001757 5.057874
17 -1.012909 6.227379
24 -0.982485 3.036705
18 -0.985154 3.316596
17 -1.016306 6.583707
22 -0.961692 0.856090
22 -0.968097 1.527838
19 -0.957729 0.440436
22 -0.972778 2.018693
16 -1.028226 7.833712
22 -0.963778 1.074847
22 -0.993230 4.163590
22 -0.993054 4.145113
19 -0.976339 2.392229
25 -0.966917 1.404072
25 -0.991531 3.985453
18 -0.980286 2.806150
25 -0.993494 4.191269
17 -0.972347 1.973532
24 -0.963411 1.036384
23 -0.991871 4.021053
24 -0.970719 1.802743
26 -0.997279 4.588260
25 -0.961297 0.814634
24 -0.965965 1.304266
27 -0.965710 1.277463
17 -0.979737 2.748566
22 -0.976215 2.379217
19 -0.972071 1.944540
28 -0.997435 4.604576
24 -0.972993 2.041277
16 -0.961545 0.840660
20 -0.977427 2.506293
17 -1.028755 7.889244
23 -0.963753 1.072226
24 -0.963923 1.090109
23 -0.991600 3.992693
22 -0.976697 2.429714
27 -0.998906 4.758879
17 -0.983717 3.165950
27 -0.978524 2.621335
18 -1.027533 7.761079
20 -0.983284 3.120536
22 -0.998632 4.730137
24 -0.985331 3.335183
16 -1.037869 8.845077
18 -0.959429 0.618742
25 -0.986224 3.428900
28 -0.982406 3.028446
22 -0.989446 3.766790
20 -1.048203 9.928808
21 -0.966035 1.311537
20 -0.975934 2.349727
23 -0.983502 3.143374
22 -0.964328 1.132513
25 -0.972548 1.994561
19 -0.973048 2.047027
26 -0.962410 0.931382
29 -0.995048 4.354214
25 -0.969601 1.685516
24 -0.962892 0.981928
24 -0.966168 1.325483
26 -0.968048 1.522684
29 -0.978846 2.655054
27 -0.960280 0.708021
30 -0.967442 1.459122
28 -0.975096 2.261821
22 -0.990082 3.833436
28 -0.961816 0.869102
24 -1.005523 5.452811
28 -0.981231 2.905231
24 -0.969250 1.648717
26 -0.989097 3.730132
26 -1.002856 5.173144
28 -0.971943 1.931174
28 -0.967190 1.432660
31 -0.977489 2.512799
27 -0.977812 2.546625
23 -0.972763 2.017144
26 -0.987656 3.578997
30 -0.977414 2.504927
28 -0.976546 2.413868
29 -0.994008 4.245151
24 -0.999558 4.827254
26 -0.963418 1.037124
26 -0.998188 4.683572
28 -0.976396 2.398182
29 -0.988053 3.620660
24 -0.965284 1.232854
31 -0.986647 3.473181
25 -0.986821 3.491462
33 -0.970488 1.778519
30 -0.990829 3.911829
22 -0.966780 1.389734
32 -0.972870 2.028359
29 -0.973597 2.104628
30 -0.982165 3.003138
27 -0.995920 4.445713
27 -0.978214 2.588777
36 -0.972720 2.012599
27 -0.963913 1.088971
28 -0.974811 2.231919
29 -0.979389 2.712055
27 -0.972710 2.011634
29 -0.987685 3.582028
32 -0.995151 4.365111
30 -0.988943 3.713960
26 -0.966494 1.359702
30 -0.973972 2.143939
