12 -0.272566 9.026558
15 -0.254066 1.626597
15 -0.253198 1.279215
15 -0.250354 0.141602
16 -0.258148 3.259116
16 -0.250552 0.220739
16 -0.272400 8.959957
16 -0.250023 0.009050
17 -0.252365 0.946124
17 -0.266523 6.609072
17 -0.250160 0.064001
17 -0.253726 1.490287
19 -0.250204 0.081450
19 -0.272253 8.901035
19 -0.251768 0.707281
9 -0.264432 5.772686
20 -0.259945 3.978085
20 -0.250590 0.236100
20 -0.254017 1.606901
21 -0.250217 0.086880
21 -0.256317 2.526951
12 -0.270562 8.224669
21 -0.273469 9.387679
16 -0.260461 4.184516
23 -0.251224 0.489680
23 -0.259074 3.629577
23 -0.250708 0.283216
13 -0.250786 0.314435
24 -0.252768 1.107322
24 -0.253768 1.507319
24 -0.269064 7.625507
25 -0.254745 1.898052
25 -0.250008 0.003101
25 -0.252053 0.821388
12 -0.250567 0.226682
27 -0.270074 8.029421
27 -0.254942 1.976750
27 -0.252575 1.029875
27 -0.261215 4.485832
27 -0.272703 9.081189
17 -0.265110 6.044016
17 -0.265404 6.161634
19 -0.251413 0.565245
29 -0.270642 8.256724
19 -0.250069 0.027483
13 -0.253658 1.463286
8 -0.253080 1.232194
31 -0.251882 0.752735
32 -0.250360 0.144080
32 -0.273213 9.285342
32 -0.269648 7.859392
32 -0.252870 1.147808
32 -0.260444 4.177693
32 -0.254254 1.701485
20 -0.251457 0.582879
20 -0.250354 0.141710
25 -0.252481 0.992561
20 -0.253214 1.285592
35 -0.257278 2.911338
35 -0.258756 3.502404
20 -0.261244 4.497671
36 -0.261036 4.414480
24 -0.272763 9.105288
37 -0.250835 0.334143
23 -0.272377 8.950960
19 -0.258622 3.448781
39 -0.251570 0.627817
25 -0.273296 9.318385
19 -0.251400 0.559804
13 -0.254952 1.980736
9 -0.250166 0.066432
23 -0.258834 3.533600
17 -0.263516 5.406510
17 -0.261042 4.416631
13 -0.258097 3.238640
27 -0.263849 5.539536
27 -0.257992 3.196731
33 -0.250003 0.001335
36 -0.264815 5.926147
24 -0.256688 2.675375
27 -0.262474 4.989655
28 -0.269639 7.855435
20 -0.265937 6.374948
28 -0.250127 0.050794
31 -0.269772 7.908890
21 -0.270760 8.304104
24 -0.273136 9.254524
36 -0.261014 4.405466
28 -0.259636 3.854539
35 -0.252939 1.175417
28 -0.250388 0.155180
23 -0.250431 0.172516
16 -0.256226 2.490575
25 -0.250954 0.381416
27 -0.256606 2.642558
29 -0.260068 4.027224
17 -0.265592 6.236835
21 -0.269524 7.809742
36 -0.251325 0.530193
39 -0.250361 0.144256
33 -0.267936 7.174214
35 -0.259606 3.842479
24 -0.272073 8.829173
16 -0.267903 7.161108
16 -0.258356 3.342479
31 -0.250770 0.308029
28 -0.269626 7.850274
35 -0.250313 0.125017
16 -0.253995 1.598115
17 -0.274039 9.615756
19 -0.256427 2.570756
36 -0.265463 6.185244
17 -0.251349 0.539735
17 -0.252439 0.975457
32 -0.263409 5.363669
32 -0.251065 0.425915
32 -0.250371 0.148579
31 -0.252644 1.057576
23 -0.255871 2.348490
17 -0.273569 9.427776
35 -0.250288 0.115225
21 -0.250087 0.034818
15 -0.258178 3.271246
20 -0.259046 3.618459
27 -0.273157 9.262942
29 -0.255269 2.107410
21 -0.250794 0.317407
15 -0.250338 0.135005
11 -0.250002 0.000810
31 -0.253274 1.309783
35 -0.251048 0.419361
19 -0.250449 0.179663
28 -0.250741 0.296485
17 -0.273139 9.255664
20 -0.255345 2.138133
36 -0.251482 0.592890
44 -0.250037 0.014716
16 -0.260587 4.234935
28 -0.251011 0.404365
31 -0.272616 9.046397
23 -0.256646 2.658279
25 -0.250149 0.059771
31 -0.268572 7.428962
27 -0.272849 9.139543
15 -0.263950 5.580108
36 -0.250007 0.002946
27 -0.257931 3.172329
35 -0.269347 7.738899
28 -0.251237 0.494995
15 -0.258196 3.278336
45 -0.256365 2.545845
32 -0.267535 7.013811
15 -0.253356 1.342282
35 -0.250621 0.248235
27 -0.254022 1.608813
16 -0.262857 5.142781
33 -0.254115 1.646194
28 -0.257617 3.046832
24 -0.271214 8.485796
16 -0.251236 0.494296
21 -0.253075 1.229931
33 -0.257940 3.175872
25 -0.269357 7.742874
12 -0.269476 7.790446
36 -0.252905 1.161920
41 -0.250002 0.000740
12 -0.253403 1.361183
20 -0.252912 1.164789
31 -0.250218 0.087361
29 -0.253529 1.411586
36 -0.269796 7.918510
19 -0.258220 3.287885
16 -0.267850 7.139813
19 -0.270898 8.359343
23 -0.251228 0.491282
17 -0.260481 4.192203
36 -0.256642 2.656908
35 -0.250716 0.286248
28 -0.272758 9.103363
17 -0.263226 5.290393
35 -0.266368 6.547351
33 -0.257292 2.916855
21 -0.261981 4.792298
32 -0.250064 0.025517
33 -0.267853 7.141262
36 -0.262455 4.982087
27 -0.262668 5.067202
25 -0.261971 4.788364
32 -0.270807 8.322675
31 -0.274410 9.763889
27 -0.251370 0.547949
27 -0.250812 0.324648
33 -0.255523 2.209076
35 -0.251333 0.533313
28 -0.268503 7.401238
32 -0.261602 4.640639
36 -0.255921 2.368451
44 -0.250037 0.014851
37 -0.250290 0.115919
37 -0.260792 4.316990
