10 4.403025 3.985382
11 4.220245 7.971175
11 4.429052 3.417834
11 4.170392 9.058295
11 4.168587 9.097664
12 4.372557 4.649788
13 4.210073 8.192992
13 4.295842 6.322676
13 4.157749 9.333994
13 4.129968 9.939800
13 4.151976 9.459894
13 4.183123 8.780687
14 4.151674 9.466468
14 4.132843 9.877114
14 4.177901 8.894553
14 4.415491 3.713543
14 4.348018 5.184901
16 4.312643 5.956311
14 4.414097 3.743943
17 4.151593 9.468251
17 4.343039 5.293470
17 4.165461 9.165832
17 4.433860 3.312979
17 4.192631 8.573338
17 4.211504 8.161784
17 4.227398 7.815198
17 4.142934 9.657066
12 4.353351 5.068596
18 4.325372 5.678734
13 4.287832 6.497340
19 4.199724 8.418680
19 4.238792 7.566734
17 4.164891 9.178268
12 4.415720 3.708559
12 4.129851 9.942358
12 4.431832 3.357219
13 4.261802 7.064977
22 4.179671 8.855966
22 4.351952 5.099104
22 4.244663 7.438720
23 4.169181 9.084705
13 4.417596 3.667644
24 4.389845 4.272794
24 4.424535 3.516342
16 4.380596 4.474480
23 4.392160 4.222311
25 4.316738 5.866998
19 4.287196 6.511212
26 4.146558 9.578038
26 4.229980 7.758888
21 4.416057 3.701203
26 4.144000 9.633823
16 4.177559 8.902026
22 4.258799 7.130465
19 4.292582 6.393757
12 4.221681 7.939879
14 4.290172 6.446325
13 4.127555 9.992422
14 4.198608 8.443013
11 4.229706 7.764873
18 4.245655 7.417090
19 4.146397 9.581558
25 4.172832 9.005088
22 4.225525 7.856050
14 4.419659 3.622661
34 4.175452 8.947951
17 4.329729 5.583716
18 4.146976 9.568930
19 4.146157 9.586787
25 4.307895 6.059838
19 4.156378 9.363907
29 4.171270 9.039149
16 4.389789 4.274012
18 4.143595 9.642652
34 4.251676 7.285782
34 4.143696 9.640443
18 4.316879 5.863937
40 4.247624 7.374133
40 4.190290 8.624394
39 4.170586 9.054081
40 4.198680 8.441433
34 4.131957 9.896447
18 4.353515 5.065028
38 4.194169 8.539812
13 4.136874 9.789214
12 4.175364 8.949880
12 4.329688 5.584603
37 4.259447 7.116324
26 4.142367 9.669426
28 4.175625 8.944181
10 4.339203 5.377127
12 4.309614 6.022360
13 4.360923 4.903497
12 4.141604 9.686076
17 4.298083 6.273799
16 4.337467 5.414978
18 4.299835 6.235602
12 4.132405 9.886664
38 4.224069 7.887793
17 4.339002 5.381505
11 4.136884 9.788991
35 4.424576 3.515443
11 4.180385 8.840392
28 4.202912 8.349156
28 4.135240 9.824841
10 4.306708 6.085727
43 4.156509 9.361038
16 4.374980 4.596953
24 4.200159 8.409181
16 4.181093 8.824943
23 4.137980 9.765090
26 4.175312 8.951016
22 4.373182 4.636166
29 4.396233 4.133498
34 4.176408 8.927120
50 4.144328 9.626671
30 4.135691 9.815020
30 4.131943 9.896738
20 4.185530 8.728193
12 4.435522 3.276733
28 4.213812 8.111454
36 4.371126 4.680987
24 4.348377 5.177080
52 4.142210 9.672862
20 4.198668 8.441711
14 4.142974 9.656193
11 4.138648 9.750527
62 4.490147 2.085564
34 4.208342 8.230751
11 4.273861 6.802003
22 4.141998 9.677469
14 4.364574 4.823875
32 4.171482 9.034544
35 4.151186 9.477108
28 4.133628 9.860007
22 4.158412 9.319550
24 4.363708 4.842764
28 4.308981 6.036151
16 4.246953 7.388777
12 4.384324 4.393185
10 4.153382 9.429234
37 4.173132 8.998562
55 4.144704 9.618468
41 4.143505 9.644620
28 4.357518 4.977728
27 4.292018 6.406062
28 4.259207 7.121553
17 4.374438 4.608778
51 4.161829 9.245026
11 4.463761 2.660952
20 4.219204 7.993879
12 4.359623 4.931845
35 4.197672 8.463416
47 4.212208 8.146440
34 4.345798 5.233315
11 4.380066 4.486052
20 4.168680 9.095632
16 4.274473 6.788670
13 4.281667 6.631786
19 4.364404 4.827575
29 4.150773 9.486134
34 4.129198 9.956592
87 4.518393 1.469613
22 4.362885 4.860713
44 4.272569 6.830186
58 4.134520 9.840550
29 4.236696 7.612449
47 4.257442 7.160049
60 4.278228 6.706770
47 4.146858 9.571490
40 4.342936 5.295713
43 4.144014 9.633519
42 4.191613 8.595557
73 4.133940 9.853186
98 4.137414 9.777430
87 4.130784 9.922024
56 4.291986 6.406767
54 4.354392 5.045909
58 4.361085 4.899946
61 4.244437 7.443629
110 4.128087 9.980821
68 4.415515 3.713016
46 4.297458 6.287443
46 4.285350 6.551472
63 4.130352 9.931429
53 4.352743 5.081861
50 4.291857 6.409573
54 4.381110 4.463285
42 4.295321 6.334047
49 4.342085 5.314267
57 4.211102 8.170570
50 4.301634 6.196381
67 4.400726 4.035526
66 4.450089 2.959088
58 4.275108 6.774822
69 4.245501 7.420432
75 4.294856 6.344177
77 4.441428 3.147960
83 4.159233 9.301642
75 4.345689 5.235695
