24 -0.119218 7.295803
24 -0.120054 8.048163
25 -0.118889 6.999671
25 -0.118939 7.044914
25 -0.122156 9.940000
25 -0.119600 7.639826
26 -0.118576 6.718729
26 -0.120578 8.520087
26 -0.121801 9.621117
27 -0.116281 4.653300
27 -0.120990 8.890998
27 -0.118192 6.373013
27 -0.114969 3.471679
27 -0.121832 9.649024
27 -0.118556 6.700353
27 -0.121797 9.617628
27 -0.118140 6.325609
27 -0.117431 5.687455
28 -0.114568 3.111045
28 -0.116128 4.515416
28 -0.119660 7.693822
28 -0.116614 4.952901
29 -0.115024 3.521974
29 -0.121009 8.907873
29 -0.118155 6.339204
29 -0.116018 4.415802
29 -0.118028 6.225057
29 -0.113954 2.558425
29 -0.116894 5.204915
29 -0.117740 5.965918
29 -0.118728 6.854943
30 -0.116258 4.631799
30 -0.117974 6.176490
31 -0.120539 8.484913
31 -0.121027 8.923920
31 -0.117545 5.790384
32 -0.120502 8.452131
32 -0.114555 3.099235
33 -0.117217 5.495141
34 -0.117352 5.616761
34 -0.116074 4.466502
34 -0.117365 5.628837
35 -0.118443 6.598481
36 -0.113711 2.339609
37 -0.115436 3.892018
37 -0.116140 4.526043
37 -0.114664 3.197517
38 -0.117545 5.790740
27 -0.116153 4.537911
28 -0.116979 5.281491
28 -0.121686 9.517815
25 -0.117609 5.847900
27 -0.116320 4.687554
28 -0.116757 5.081465
29 -0.114467 3.020645
28 -0.116958 5.262212
27 -0.119058 7.151897
31 -0.121794 9.614845
29 -0.116175 4.557201
27 -0.119295 7.365721
31 -0.116898 5.208311
26 -0.120610 8.548608
27 -0.120004 8.003234
28 -0.115856 4.270843
32 -0.116668 5.001381
31 -0.119084 7.175222
31 -0.119233 7.309435
31 -0.117602 5.842106
30 -0.116538 4.884641
27 -0.116752 5.076713
31 -0.115877 4.289310
33 -0.113652 2.286569
30 -0.121230 9.106935
33 -0.116193 4.573452
29 -0.121238 9.113871
32 -0.115324 3.792009
30 -0.119589 7.630060
33 -0.117368 5.631111
27 -0.119259 7.332967
30 -0.115143 3.628414
33 -0.118043 6.238377
37 -0.113216 1.894181
31 -0.119691 7.721454
38 -0.113186 1.867435
40 -0.118377 6.539302
38 -0.113867 2.480410
36 -0.113612 2.250521
37 -0.113678 2.310623
35 -0.114092 2.682403
30 -0.115734 4.160896
38 -0.114945 3.450630
26 -0.122132 9.919025
32 -0.116918 5.226392
33 -0.115734 4.160438
37 -0.113878 2.490155
37 -0.113925 2.532309
21 -0.122155 9.939797
25 -0.119316 7.384454
26 -0.119921 7.928756
28 -0.119970 7.972758
28 -0.118206 6.384974
29 -0.121691 9.522288
30 -0.116450 4.805203
28 -0.115484 3.935326
36 -0.115746 4.171600
27 -0.118392 6.552771
26 -0.119188 7.269545
33 -0.114523 3.070675
31 -0.116408 4.766860
31 -0.117687 5.918669
34 -0.113871 2.484224
31 -0.114360 2.924083
30 -0.119893 7.904034
33 -0.122091 9.881739
33 -0.118542 6.687920
33 -0.114260 2.833925
28 -0.121298 9.167829
32 -0.120815 8.733419
31 -0.121413 9.271620
32 -0.114274 2.846858
29 -0.114952 3.457184
35 -0.119351 7.415671
37 -0.112524 1.271387
25 -0.119537 7.583530
31 -0.118983 7.084355
30 -0.116706 5.035077
29 -0.118807 6.926441
28 -0.120256 8.230057
31 -0.118321 6.488955
27 -0.118136 6.322708
24 -0.119603 7.642295
33 -0.116044 4.439715
31 -0.116281 4.653257
33 -0.114103 2.693112
30 -0.115887 4.298641
28 -0.121868 9.681469
26 -0.120074 8.067004
31 -0.120220 8.198433
28 -0.115370 3.833388
33 -0.116770 5.093159
26 -0.118006 6.205623
33 -0.116259 4.633135
33 -0.114440 2.996367
30 -0.115729 4.156065
23 -0.121623 9.460688
34 -0.115505 3.954915
26 -0.117231 5.508039
31 -0.114596 3.136396
25 -0.117781 6.002550
27 -0.114778 3.300062
36 -0.119266 7.339712
27 -0.117287 5.558507
30 -0.114558 3.101867
30 -0.116526 4.873438
26 -0.121558 9.402131
26 -0.118546 6.691673
34 -0.114922 3.429651
28 -0.117418 5.676389
29 -0.118229 6.405834
36 -0.113623 2.260374
27 -0.115998 4.398332
29 -0.118728 6.855215
35 -0.120330 8.296608
32 -0.120416 8.374656
27 -0.122022 9.819769
36 -0.114244 2.819680
29 -0.121533 9.379290
34 -0.118167 6.349979
26 -0.121086 8.977767
35 -0.113438 2.093813
31 -0.120411 8.370290
29 -0.120571 8.513730
36 -0.116228 4.605121
26 -0.120089 8.080453
30 -0.119632 7.668980
29 -0.120820 8.738069
30 -0.117677 5.909483
31 -0.117570 5.813394
41 -0.118030 6.227422
36 -0.114606 3.145207
31 -0.122197 9.977564
32 -0.113602 2.241486
22 -0.121294 9.164783
31 -0.116839 5.155114
27 -0.121681 9.512675
26 -0.119142 7.228223
30 -0.118271 6.444105
27 -0.116345 4.710501
30 -0.114640 3.176427
29 -0.116820 5.137969
29 -0.115848 4.262873
34 -0.117729 5.955867
35 -0.119061 7.154947
28 -0.118844 6.959575
35 -0.113143 1.829025
34 -0.115452 3.907195
34 -0.119819 7.837373
34 -0.113523 2.170870
33 -0.120213 8.191915
35 -0.119046 7.141185
