24 13.675024 8.833173
18 14.204693 5.302048
27 13.636225 9.091837
28 13.515525 9.896500
20 13.685297 8.764686
21 14.079604 6.135976
22 14.448095 3.679369
22 13.836595 7.756036
24 14.465371 3.564193
28 14.158844 5.607704
19 14.090141 6.065724
29 14.379436 4.137091
22 13.639903 9.067312
21 14.320798 4.528015
23 14.387329 4.084470
33 14.171653 5.522310
25 13.957282 6.951454
25 13.500936 9.993761
28 14.158180 5.612130
19 14.029125 6.472500
29 14.543171 3.045525
30 14.408681 3.942124
22 14.303956 4.640293
31 14.324793 4.501378
17 13.812467 7.916884
22 13.915756 7.228292
22 14.634417 2.437219
25 14.024886 6.500757
33 14.402504 3.983309
34 14.274428 4.837150
18 14.213111 5.245924
18 14.312828 4.581148
20 14.495170 3.365531
19 14.366191 4.225393
19 13.782902 8.113989
20 13.879596 7.469360
27 14.513762 3.241583
25 14.489022 3.406520
30 14.576391 2.824061
21 14.240096 5.066027
23 14.500453 3.330313
17 14.298750 4.674997
23 13.578731 9.475127
23 13.803453 7.976977
28 14.364781 4.234796
21 14.461483 3.590111
31 14.166122 5.559187
27 14.072843 6.181047
23 14.542593 3.049378
33 14.396116 4.025895
19 13.758416 8.277224
29 14.278889 4.807408
93 14.451957 3.653619
22 14.565448 2.897016
20 13.684031 8.773127
27 14.729221 1.805192
24 14.023611 6.509261
101 14.101814 5.987910
101 14.170753 5.528313
23 14.482367 3.450885
27 14.122804 5.847975
21 13.715330 8.564464
28 13.581581 9.456128
24 13.855866 7.627561
97 14.448349 3.677671
39 14.579300 2.804664
18 13.876984 7.486775
24 14.400489 3.996737
32 14.311464 4.590239
22 14.111739 5.921739
20 13.603663 9.308911
30 14.291245 4.725037
17 14.564608 2.902613
25 14.498946 3.340360
22 14.178289 5.478070
19 13.890536 7.396426
26 14.340446 4.397026
28 14.336459 4.423605
93 13.604755 9.301634
30 14.347550 4.349666
24 13.805970 7.960197
20 14.386674 4.088841
29 14.124652 5.835652
27 14.293962 4.706920
28 14.356904 4.287305
152 13.965460 6.896934
21 14.644934 2.367104
113 14.225478 5.163483
27 13.860625 7.595836
113 14.574298 2.838015
133 14.348540 4.343065
21 13.784030 8.106468
18 13.969155 6.872297
30 14.138985 5.740103
28 14.451130 3.659132
89 14.869468 0.870216
131 13.988479 6.743475
28 14.391152 4.058986
28 14.034950 6.433669
143 14.253586 4.976092
27 14.372928 4.180478
23 14.141985 5.720103
22 13.672421 8.850525
20 14.479799 3.468008
189 14.242041 5.053058
25 14.136594 5.756037
28 14.231410 5.123931
26 14.040501 6.396659
28 13.930196 7.132026
27 14.415895 3.894032
101 14.080153 6.132315
20 13.947932 7.013787
25 13.728395 8.477368
22 14.171213 5.525245
163 13.989439 6.737073
26 13.879606 7.469291
20 14.158739 5.608405
123 13.712087 8.586087
22 14.480967 3.460217
129 13.934922 7.100519
25 14.316727 4.555152
18 13.821702 7.855318
163 14.478044 3.479708
29 13.980894 6.794040
110 14.084559 6.102937
111 14.327442 4.483721
93 14.007887 6.614089
17 14.049456 6.336957
27 14.162371 5.584191
20 13.869004 7.539973
108 13.964434 6.903776
18 14.326174 4.492174
27 14.361886 4.254091
27 14.647422 2.350519
112 14.094056 6.039625
144 13.975680 6.828802
138 13.817235 7.885098
26 14.367184 4.218776
24 14.543721 3.041862
33 14.575459 2.830274
21 14.465972 3.560186
193 14.346432 4.357119
21 14.407860 3.947601
142 14.273808 4.841281
16 14.542996 3.046692
21 14.355023 4.299846
32 14.313139 4.579075
191 14.206160 5.292264
105 14.809999 1.266671
30 14.430723 3.795179
24 13.745169 8.365540
18 14.555897 2.960687
24 14.373321 4.177857
29 14.503872 3.307521
27 14.182464 5.450242
21 13.721947 8.520353
124 14.494414 3.370575
29 14.243794 5.041372
25 14.489196 3.405363
32 13.659892 8.934055
165 13.987633 6.749116
182 13.872270 7.518197
208 14.275137 4.832419
25 13.900888 7.327416
19 14.161382 5.590788
114 13.921376 7.190830
27 14.183766 5.441559
143 14.028052 6.479656
22 13.636771 9.088190
33 14.162811 5.581261
116 14.280610 4.795932
150 14.225223 5.165182
25 14.513379 3.244137
100 14.828780 1.141469
23 13.775824 8.161174
26 14.429540 3.803065
28 14.276417 4.823884
137 14.493752 3.374989
97 13.946297 7.024686
23 14.632683 2.448780
117 13.901426 7.323827
149 14.144026 5.706494
107 13.830417 7.797221
112 14.177166 5.485561
120 13.870970 7.526864
204 14.429887 3.800750
30 14.571870 2.854202
153 14.184872 5.434186
143 14.404850 3.967668
30 14.589021 2.739859
23 13.602778 9.314813
172 14.339066 4.406224
198 14.027350 6.484331
28 14.238655 5.075631
162 14.634342 2.437722
164 14.266865 4.887569
139 14.493165 3.378903
192 14.070713 6.195246
30 14.265149 4.899008
276 14.647848 2.347682
