8 8.248257 2.944145
8 7.839907 7.749131
9 8.339659 1.868629
10 8.199165 3.521803
10 7.806002 8.148084
10 7.683448 9.590154
10 7.905719 6.974729
10 8.002335 5.837875
12 7.658355 9.885423
12 7.661733 9.845670
12 7.807571 8.129625
12 7.998736 5.880223
12 8.180913 3.736573
12 8.289082 2.463764
12 7.932944 6.654376
12 7.725300 9.097691
12 7.987619 6.011025
12 8.189897 3.630858
13 8.223917 3.230552
10 7.748678 8.822611
15 7.653849 9.938444
15 7.659595 9.870834
15 7.777386 8.484801
15 7.964332 6.285043
15 8.144388 4.166357
15 8.090745 4.797562
15 8.016513 5.671039
15 8.135573 4.270077
15 7.829807 7.867976
15 7.759461 8.695726
15 7.742588 8.894270
15 7.725931 9.090265
15 8.012860 5.714019
15 8.196034 3.558645
15 8.018659 5.645790
16 8.066205 5.086321
10 8.331946 1.959393
10 7.653330 9.944552
17 7.892731 7.127563
17 7.889436 7.166338
17 7.886779 7.197600
17 7.810563 8.094422
16 8.192231 3.603390
17 8.223628 3.233948
17 7.719441 9.166636
17 8.087866 4.831445
17 7.964147 6.287221
10 8.192500 3.600227
12 8.303572 2.293265
12 8.239376 3.048645
12 7.715437 9.213752
17 7.849186 7.639947
15 7.849412 7.637291
19 7.810997 8.089316
10 7.814961 8.042672
10 7.687677 9.540393
15 8.341013 1.852707
17 7.742391 8.896581
19 8.158252 4.003215
10 7.716058 9.206446
17 7.740960 8.913430
12 7.682455 9.601844
12 8.058164 5.180943
17 7.781707 8.433958
12 7.730256 9.039372
15 8.178204 3.768449
12 8.259432 2.812658
15 8.024278 5.579673
12 7.706742 9.316068
12 8.324184 2.050723
10 7.831756 7.845047
15 7.988257 6.003517
22 8.112711 4.539097
12 8.310404 2.212869
16 7.849354 7.637975
15 8.237936 3.065596
19 8.061178 5.145470
17 7.886756 7.197873
12 7.661831 9.844517
15 7.705502 9.330653
15 7.723747 9.115967
10 8.072671 5.010241
15 8.088163 4.827948
15 7.735760 8.974618
12 8.148312 4.120186
12 7.960973 6.324568
15 8.103410 4.648536
12 7.901551 7.023773
14 8.191271 3.614693
12 7.919833 6.808659
15 7.886182 7.204621
15 8.197028 3.546947
15 8.036552 5.435249
15 7.719724 9.163308
17 7.784111 8.405675
17 7.909951 6.924931
15 7.731335 9.026679
17 7.994678 5.927970
12 7.724506 9.107041
12 8.135878 4.266488
12 7.959734 6.339148
12 8.107647 4.598684
12 8.311168 2.203887
15 7.880361 7.273122
10 8.324041 2.052406
19 7.893629 7.116989
15 7.681219 9.616391
17 7.941062 6.558855
8 8.272897 2.654211
10 8.172763 3.832466
16 7.769190 8.581244
12 8.296693 2.374206
17 7.655846 9.914949
15 7.875116 7.334836
9 7.895921 7.090022
17 8.087945 4.830513
15 8.036623 5.434413
15 7.921797 6.785547
15 8.135707 4.268502
17 7.903886 6.996304
10 8.141953 4.195011
12 7.876872 7.314169
12 7.704432 9.343245
12 8.112106 4.546213
12 7.848643 7.646338
15 7.715157 9.217046
8 8.252518 2.894008
12 8.182077 3.722875
17 8.381123 1.380734
12 7.739163 8.934567
15 7.815218 8.039640
19 8.032436 5.483672
12 8.149918 4.101286
11 8.162645 3.951531
12 7.958000 6.359548
12 8.267446 2.718350
7 7.827755 7.892117
8 7.884584 7.223424
17 7.969594 6.223122
12 8.138172 4.239494
19 8.151831 4.078777
8 8.147691 4.127489
11 7.954933 6.395646
19 7.884856 7.220222
15 7.788262 8.356825
15 8.336001 1.911672
10 7.778790 8.468291
17 8.002932 5.830844
17 7.730233 9.039653
12 7.955044 6.394339
17 7.956356 6.378896
12 8.247702 2.950680
17 7.846715 7.669020
12 8.082966 4.889099
10 8.158521 4.000054
10 7.961621 6.316946
15 8.270233 2.685562
17 7.961741 6.315528
22 8.159663 3.986614
17 8.191119 3.616479
17 7.961028 6.323927
10 7.966734 6.256778
19 7.669451 9.754857
17 7.812098 8.076354
10 7.998351 5.884745
15 7.881511 7.259585
12 8.092839 4.772919
17 7.898971 7.054133
17 8.148872 4.113593
17 8.076780 4.961886
15 7.707338 9.309048
15 7.842801 7.715075
12 8.126791 4.373418
17 7.754685 8.751929
15 7.847321 7.661893
12 7.701971 9.372201
17 8.028423 5.530897
12 7.873184 7.357565
15 7.870007 7.394946
12 7.953989 6.406747
17 7.759765 8.692153
17 8.193641 3.586807
17 8.025319 5.567419
12 7.896565 7.082448
15 7.799052 8.229866
14 7.759102 8.699952
15 8.068427 5.060178
15 7.692416 9.484633
16 8.079007 4.935685
16 7.998434 5.883775
14 7.799687 8.222392
15 7.874553 7.341460
17 8.417610 0.951399
17 8.018039 5.653079
17 7.793339 8.297091
19 8.061307 5.143958
19 7.844758 7.692047
131 8.201781 3.491019
104 7.705572 9.329824
79 8.261884 2.783796
