11 -1.081864 8.186361
12 -1.028919 2.891894
12 -1.070110 7.011035
12 -1.072877 7.287744
12 -1.025186 2.518580
13 -1.056821 5.682149
13 -1.039401 3.940086
13 -1.097218 9.721846
13 -1.022755 2.275539
14 -1.086703 8.670298
13 -1.040008 4.000785
13 -1.077495 7.749480
13 -1.095601 9.560062
13 -1.051210 5.121046
14 -1.080063 8.006344
14 -1.024498 2.449780
15 -1.070295 7.029501
15 -1.051977 5.197711
14 -1.097320 9.732011
15 -1.036236 3.623607
15 -1.034929 3.492883
15 -1.072106 7.210619
15 -1.068052 6.805240
16 -1.071716 7.171551
16 -1.029537 2.953655
16 -1.076073 7.607312
16 -1.036287 3.628703
16 -1.086389 8.638853
16 -1.050215 5.021544
16 -1.042962 4.296209
16 -1.045356 4.535612
17 -1.074601 7.460146
17 -1.059017 5.901662
16 -1.065278 6.527834
16 -1.067803 6.780281
17 -1.019896 1.989599
17 -1.079794 7.979382
17 -1.035342 3.534243
18 -1.038289 3.828878
13 -1.073273 7.327304
9 -1.084047 8.404652
19 -1.058283 5.828289
20 -1.080734 8.073428
20 -1.035842 3.584216
21 -1.036347 3.634684
20 -1.062872 6.287218
13 -1.026261 2.626075
20 -1.023442 2.344238
20 -1.034450 3.444968
21 -1.069296 6.929552
13 -1.055005 5.500507
14 -1.057364 5.736439
13 -1.022971 2.297055
11 -1.064224 6.422372
12 -1.094342 9.434167
12 -1.044105 4.410479
12 -1.081145 8.114503
16 -1.053682 5.368168
13 -1.025651 2.565138
15 -1.042352 4.235233
18 -1.085058 8.505818
17 -1.046832 4.683217
23 -1.019781 1.978128
16 -1.047779 4.777860
13 -1.053590 5.359016
15 -1.094158 9.415784
12 -1.071664 7.166415
13 -1.049055 4.905478
16 -1.049033 4.903316
12 -1.074329 7.432918
18 -1.056761 5.676115
16 -1.054406 5.440565
19 -1.057023 5.702325
13 -1.035481 3.548066
17 -1.025503 2.550336
15 -1.029354 2.935406
17 -1.035781 3.578105
16 -1.055438 5.543799
20 -1.021982 2.198205
14 -1.066488 6.648754
16 -1.043950 4.395013
20 -1.039313 3.931348
19 -1.088778 8.877768
13 -1.094679 9.467946
14 -1.053220 5.321951
17 -1.029450 2.944986
17 -1.040069 4.006925
17 -1.023150 2.315025
15 -1.054705 5.470519
15 -1.068138 6.813810
14 -1.099935 9.993493
21 -1.030873 3.087336
21 -1.034233 3.423294
16 -1.060665 6.066516
12 -1.088161 8.816088
11 -1.044707 4.470686
15 -1.086783 8.678276
19 -1.029205 2.920530
17 -1.027006 2.700633
16 -1.058463 5.846315
12 -1.027298 2.729760
15 -1.029354 2.935431
13 -1.035610 3.560968
20 -1.027889 2.788866
16 -1.055180 5.518009
12 -1.029337 2.933671
16 -1.055828 5.582807
14 -1.023648 2.364795
13 -1.052517 5.251740
20 -1.090268 9.026788
25 -1.041111 4.111140
16 -1.024828 2.482771
14 -1.059783 5.978312
19 -1.030946 3.094576
16 -1.064504 6.450400
13 -1.036392 3.639205
19 -1.064296 6.429609
16 -1.034601 3.460062
17 -1.096496 9.649591
12 -1.080257 8.025742
16 -1.089814 8.981426
10 -1.092409 9.240879
16 -1.071152 7.115180
16 -1.080480 8.048012
14 -1.049269 4.926879
20 -1.061131 6.113069
21 -1.061046 6.104605
11 -1.065058 6.505819
15 -1.031582 3.158238
20 -1.036538 3.653802
15 -1.047404 4.740363
13 -1.026315 2.631526
21 -1.093671 9.367140
22 -1.026239 2.623940
16 -1.088873 8.887341
18 -1.031745 3.174499
17 -1.076459 7.645946
19 -1.087573 8.757281
12 -1.072306 7.230632
17 -1.031248 3.124779
19 -1.029148 2.914843
15 -1.078624 7.862369
16 -1.048463 4.846323
15 -1.054090 5.409033
16 -1.037622 3.762161
18 -1.026082 2.608213
16 -1.035776 3.577621
19 -1.028344 2.834428
21 -1.047668 4.766799
14 -1.030230 3.023034
13 -1.050386 5.038611
19 -1.035457 3.545747
27 -1.022417 2.241665
15 -1.037698 3.769757
13 -1.034444 3.444429
16 -1.071622 7.162245
17 -1.023451 2.345054
17 -1.040519 4.051857
18 -1.042993 4.299335
26 -1.032978 3.297770
14 -1.034701 3.470090
15 -1.078361 7.836053
17 -1.028195 2.819503
17 -1.036799 3.679869
19 -1.045979 4.597890
20 -1.026940 2.693956
15 -1.033061 3.306088
13 -1.053936 5.393622
12 -1.044422 4.442171
20 -1.029017 2.901732
18 -1.027890 2.789044
14 -1.098655 9.865490
17 -1.099296 9.929588
21 -1.026353 2.635280
14 -1.031282 3.128243
18 -1.030898 3.089835
14 -1.085695 8.569525
16 -1.057904 5.790433
15 -1.097840 9.784048
19 -1.037555 3.755530
14 -1.071180 7.117993
14 -1.089039 8.903874
17 -1.026321 2.632093
18 -1.031609 3.160857
14 -1.066725 6.672460
18 -1.027398 2.739821
16 -1.026827 2.682686
17 -1.078778 7.877779
21 -1.039060 3.905977
14 -1.046625 4.662467
16 -1.064677 6.467676
19 -1.024441 2.444074
16 -1.071573 7.157286
15 -1.082772 8.277150
17 -1.041424 4.142429
19 -1.061724 6.172380
20 -1.088359 8.835887
16 -1.037525 3.752480
17 -1.071216 7.121649
19 -1.060097 6.009713
