7 93.569700 6.392858
7 98.032537 1.928234
7 94.507645 5.454537
7 98.964919 0.995479
7 91.950993 8.012212
7 89.975483 9.988513
7 92.402897 7.560127
7 90.102313 9.861631
7 98.993818 0.966568
7 90.893867 9.069761
7 95.231957 4.729935
7 94.173048 5.789267
7 95.603845 4.357898
7 94.159258 5.803063
7 92.961027 7.001774
7 90.568659 9.395099
8 94.220753 5.741543
7 95.646110 4.315617
8 94.541926 5.420242
7 94.913997 5.048022
8 96.768046 3.193231
8 96.359133 3.602308
7 97.268139 2.692939
8 95.294532 4.667335
8 94.334771 5.627480
8 89.966672 9.997327
7 93.608216 6.354326
7 98.739878 1.220611
7 90.410380 9.553441
8 91.435363 8.528048
7 96.922584 3.038631
7 94.746870 5.215216
8 95.338918 4.622932
9 93.303377 6.659286
9 91.618506 8.344832
9 91.750278 8.213007
7 94.384594 5.577637
9 97.912877 2.047942
9 91.562484 8.400876
9 93.311749 6.650912
7 94.290034 5.672235
9 94.776185 5.185890
7 90.861087 9.102554
9 90.001862 9.962123
8 93.324048 6.638607
7 98.445537 1.515069
11 94.484735 5.477456
11 91.094200 8.869347
7 90.883418 9.080214
8 92.997448 6.965338
7 97.190407 2.770701
11 96.850140 3.111105
11 97.631184 2.329748
7 94.399173 5.563052
7 97.928600 2.032213
7 97.957101 2.003701
7 94.390961 5.571268
10 97.157489 2.803632
7 99.382922 0.577309
8 92.847502 7.115344
11 94.427734 5.534480
8 95.639315 4.322414
11 92.161869 7.801251
9 92.356424 7.606619
9 93.613424 6.349116
8 94.549808 5.412357
7 99.178799 0.781514
7 98.778065 1.182408
7 95.249402 4.712483
11 93.647857 6.314668
8 91.484624 8.478768
11 91.051307 8.912258
9 96.742037 3.219251
7 99.616801 0.343337
7 92.482990 7.480002
7 96.838992 3.122257
13 90.835236 9.128415
13 96.855563 3.105680
7 98.172866 1.787849
15 93.619648 6.342889
11 95.331426 4.630426
7 90.804504 9.159160
7 90.172536 9.791380
9 90.112429 9.851511
12 93.730953 6.231540
7 95.165457 4.796462
8 92.125228 7.837907
7 95.773248 4.188427
7 97.964311 1.996487
7 93.779152 6.183321
8 96.037529 3.924040
15 91.078963 8.884591
11 98.141783 1.818945
7 90.036457 9.927514
7 92.388414 7.574616
10 99.757517 0.202564
7 91.582250 8.381102
16 90.473494 9.490302
7 91.744945 8.218342
9 94.364346 5.597893
16 90.058261 9.905702
16 90.322064 9.641792
8 98.817191 1.143266
7 92.271400 7.691676
15 93.042806 6.919962
9 94.548475 5.413691
7 94.835000 5.127051
14 94.368495 5.593742
8 91.028304 8.935270
8 96.871349 3.089887
15 91.067855 8.895703
8 94.618513 5.343625
7 95.222645 4.739250
7 92.184804 7.778308
7 91.264839 8.698641
7 92.098520 7.864626
19 94.223525 5.738771
11 98.567757 1.392801
17 90.174010 9.789906
7 93.383394 6.579237
7 99.223462 0.736832
19 90.771887 9.191790
7 97.017713 2.943465
7 90.872941 9.090695
7 92.887579 7.075251
7 94.579816 5.382337
20 91.189483 8.774027
18 89.964967 9.999032
7 98.000992 1.959792
19 90.379258 9.584576
9 91.303584 8.659880
11 90.587068 9.376682
7 99.375272 0.584962
7 99.371310 0.588925
7 96.227694 3.733799
8 93.313550 6.649110
8 95.510775 4.451005
7 96.589610 3.371739
8 90.206810 9.757093
19 91.516768 8.446611
7 96.285494 3.675976
15 97.305038 2.656025
11 91.919967 8.043250
15 91.280458 8.683015
12 94.247446 5.714840
7 97.100034 2.861110
11 94.742782 5.219306
7 98.914005 1.046414
19 91.305294 8.658170
11 91.484613 8.478779
8 98.178826 1.781887
9 97.381349 2.579683
8 98.258590 1.702091
7 97.458622 2.502379
8 94.617821 5.344317
7 94.981951 4.980041
23 94.985229 4.976761
13 90.336258 9.627593
12 90.806853 9.156809
7 94.368657 5.593580
8 95.983094 3.978497
9 91.080436 8.883118
7 93.958437 6.003965
8 95.070899 4.891057
11 92.199215 7.763891
12 90.661491 9.302230
13 94.290595 5.671673
15 92.544739 7.418228
9 95.584916 4.376835
8 93.739834 6.222655
18 94.887080 5.074950
23 92.085545 7.877606
21 90.732570 9.231122
23 90.368160 9.595679
11 94.584741 5.377410
12 91.685242 8.278069
12 92.301133 7.661931
15 91.225248 8.738247
12 90.392155 9.571674
27 91.924346 8.038870
11 97.193753 2.767353
17 90.049665 9.914301
11 95.215349 4.746550
23 96.675927 3.285387
27 90.217091 9.746808
12 90.443880 9.519928
25 90.045935 9.918032
15 94.811713 5.150347
13 96.308023 3.653438
20 90.258702 9.705180
19 95.792758 4.168910
15 93.080467 6.882286
15 92.382573 7.580459
17 89.972612 9.991385
29 90.390080 9.573750
31 97.230502 2.730590
28 90.081536 9.882417
27 93.676954 6.285561
32 90.287769 9.676102
24 91.276426 8.687048
