18 13.755704 8.295308
20 14.231074 5.126174
24 13.501933 9.987112
25 14.335561 4.429591
27 14.417606 3.882627
27 14.103494 5.976708
19 14.472472 3.516851
16 14.791149 1.392342
26 14.138157 5.745620
28 14.267987 4.880084
28 14.062945 6.247031
30 14.392246 4.051694
30 14.303301 4.644662
32 14.327660 4.482265
18 14.201265 5.324901
18 13.663211 8.911929
18 13.732689 8.448737
29 14.036907 6.420621
29 14.338033 4.413113
21 14.334281 4.438129
29 14.314268 4.571545
23 14.460959 3.593607
20 14.388135 4.079102
20 14.336952 4.420318
25 14.350942 4.327054
17 14.786822 1.421187
30 14.324200 4.505336
23 13.859111 7.605927
36 14.307731 4.615128
22 14.460285 3.598102
30 14.153449 5.643671
32 14.090781 6.061462
24 14.045918 6.360549
19 14.156240 5.625067
26 14.294341 4.704391
24 13.975136 6.832424
31 14.418406 3.877291
22 13.653808 8.974612
22 14.242169 5.052205
95 13.922640 7.182400
20 14.158910 5.607264
26 13.528379 9.810809
33 14.240652 5.062320
27 13.912648 7.249015
28 14.337850 4.414331
20 14.197439 5.350409
20 14.517948 3.213681
19 14.501228 3.325146
15 14.047281 6.351459
96 13.982710 6.781934
21 14.224763 5.168247
21 14.119523 5.869844
26 14.415102 3.899317
30 14.412030 3.919799
25 13.875014 7.499908
22 14.268111 4.879262
20 13.985712 6.761919
23 14.425423 3.830512
25 13.961849 6.921006
29 14.379934 4.133777
17 13.523783 9.841446
21 14.478079 3.479472
27 14.106800 5.954668
15 13.505364 9.964242
28 14.465345 3.564367
24 14.099962 6.000252
15 13.700542 8.663051
28 14.018543 6.543047
21 14.273627 4.842486
25 14.244965 5.033564
26 14.553399 2.977342
22 14.290899 4.727338
31 14.308968 4.606883
96 14.852710 0.981932
132 13.763691 8.242059
160 14.021947 6.520354
160 14.347925 4.347169
161 13.928142 7.145719
26 13.839755 7.734963
23 13.842311 7.717925
27 13.996839 6.687738
26 13.835017 7.766554
99 14.227777 5.148152
22 14.481635 3.455768
30 14.274979 4.833470
28 14.289669 4.735538
22 13.831915 7.787235
170 14.137101 5.752663
122 14.793394 1.377375
18 14.163623 5.575843
25 13.963324 6.911173
23 13.928175 7.145503
175 13.976011 6.826596
18 14.641726 2.388495
16 14.173148 5.512344
91 14.857853 0.947647
168 14.410889 3.927409
190 14.512854 3.247639
56 14.616572 2.556187
19 14.246028 5.026482
28 14.259972 4.933517
22 13.728340 8.477731
180 14.269269 4.871541
23 13.699560 8.669598
196 14.018558 6.542948
26 14.396518 4.023216
21 13.574648 9.502344
15 13.939615 7.069237
21 14.521579 3.189474
20 14.198692 5.342050
192 14.014843 6.567714
28 14.347159 4.352274
16 14.314111 4.572597
22 14.447173 3.685513
26 14.085032 6.099788
213 14.500423 3.330512
24 14.245653 5.028978
127 14.175807 5.494623
26 14.314711 4.568594
17 13.746389 8.357409
23 14.343060 4.379600
20 14.371485 4.190100
172 14.054605 6.302632
26 13.584227 9.438484
25 14.254796 4.968024
24 14.643559 2.376274
27 13.823599 7.842675
22 14.598939 2.673737
30 14.758371 1.610857
27 14.159450 5.603666
91 14.749524 1.669842
15 13.570534 9.529772
27 14.563840 2.907731
113 14.248629 5.009140
21 13.936384 7.090773
24 13.519558 9.869613
32 14.144069 5.706206
31 14.241175 5.058832
29 14.267120 4.885866
25 14.175140 5.499067
157 14.292290 4.718065
145 14.359589 4.269406
28 14.704243 1.971715
192 14.187358 5.417610
157 14.157757 5.614955
26 14.434084 3.772774
28 14.465885 3.560770
23 14.309144 4.605707
22 13.532155 9.785631
23 14.088381 6.077462
132 14.048149 6.345674
24 14.404668 3.968882
211 14.557690 2.948733
120 13.788543 8.076380
27 14.308483 4.610111
35 14.506788 3.288079
23 13.781707 8.121955
29 14.258561 4.942929
94 14.800202 1.331985
24 14.203584 5.309438
24 13.997012 6.686589
23 14.018777 6.541487
30 14.348678 4.342145
217 14.125829 5.827804
19 13.639073 9.072847
113 14.046831 6.354461
26 14.519769 3.201539
18 13.872518 7.516548
27 14.304581 4.636127
21 14.590544 2.729704
27 14.388564 4.076241
19 14.426253 3.824981
132 13.750356 8.330960
25 14.181607 5.455954
214 13.983047 6.779690
164 14.355390 4.297400
24 13.629625 9.135833
22 14.005875 6.627497
24 13.626350 9.157665
32 14.458377 3.610823
22 14.358591 4.276058
207 14.060839 6.261073
102 13.765742 8.228387
163 14.092687 6.048753
203 14.259675 4.935500
30 14.507222 3.285190
108 14.266157 4.892287
95 14.115686 5.895430
26 13.832572 7.782854
242 14.329095 4.472703
23 13.825136 7.832428
172 14.666602 2.222653
182 14.152444 5.650371
29 13.684065 8.772898
223 13.884343 7.437715
30 14.134656 5.768962
25 14.152915 5.647235
31 13.778384 8.144104
failed to find solution after reaching max emtpy limit -- 81 iterations and 28 function evals
failed to find solution after reaching max emtpy limit -- 90 iterations and 31 function evals
