15 21.297744 5.876378
20 21.373949 5.539597
23 22.047311 2.563730
22 21.268502 6.005611
17 20.873866 7.749673
18 20.972565 7.313481
16 20.610073 8.915485
18 21.618989 4.456663
21 21.147858 6.538788
21 20.480363 9.488726
27 20.440305 9.665762
26 20.562652 9.125058
28 21.940067 3.037687
26 21.523411 4.879064
31 21.855024 3.413526
21 21.463465 5.143990
18 20.539935 9.225454
31 20.505965 9.375583
22 22.014089 2.710553
20 21.326383 5.749814
26 21.076193 6.855507
22 20.847735 7.865156
19 20.556584 9.151877
33 20.924445 7.526143
36 21.358154 5.609401
26 21.534002 4.832257
20 20.731567 8.378554
14 20.554067 9.163001
20 20.744863 8.319794
38 21.837239 3.492126
29 20.746790 8.311278
29 21.262083 6.033982
29 20.487531 9.457048
22 22.009313 2.731660
22 20.980974 7.276319
25 22.084085 2.401213
16 20.598024 8.968736
25 20.379010 9.936647
30 21.672470 4.220312
22 21.424292 5.317110
15 20.969174 7.328468
20 21.112197 6.696390
23 21.425190 5.313145
19 20.588318 9.011629
21 21.312824 5.809734
18 20.995659 7.211420
23 21.299903 5.866837
18 21.076771 6.852953
24 21.723160 3.996290
16 21.085486 6.814437
17 21.755033 3.855430
16 20.493836 9.429185
22 21.000019 7.192151
22 20.616181 8.888492
21 21.371220 5.551659
17 21.448704 5.209223
21 20.965186 7.346092
32 20.465428 9.554733
26 21.403460 5.409178
20 20.629779 8.828394
37 20.887640 7.688799
21 20.744086 8.323224
21 20.758212 8.260797
20 21.298006 5.875221
25 21.542433 4.794996
32 22.007843 2.738156
29 21.077085 6.851563
21 21.906932 3.184124
39 21.068992 6.887330
21 21.225774 6.194445
27 20.765153 8.230120
26 21.866159 3.364315
17 21.285363 5.931095
21 21.181829 6.388657
25 21.359548 5.603243
22 21.364907 5.579559
39 21.012275 7.137989
24 22.114291 2.267718
22 20.751198 8.291794
20 21.485043 5.048627
21 20.823818 7.970857
20 22.016745 2.698814
24 22.260507 1.621530
19 21.005137 7.169535
26 20.615758 8.890359
19 21.482889 5.058145
18 21.825154 3.545535
20 22.078145 2.427462
26 21.632628 4.396386
22 20.606015 8.933418
32 20.482562 9.479011
23 21.473702 5.098747
20 20.435531 9.686861
24 21.391641 5.461409
38 21.212209 6.254395
40 21.768755 3.794784
20 22.511033 0.514351
22 20.777975 8.173456
failed to find solution after reaching max emtpy limit -- 31 iterations and 15 function evals
24 22.383481 1.078056
23 22.297292 1.458959
24 21.224161 6.201573
24 20.519339 9.316476
24 20.421219 9.750110
41 20.486095 9.463396
24 21.389244 5.472004
23 20.623815 8.854753
21 20.546585 9.196063
27 20.918196 7.553760
31 21.336315 5.705918
25 20.601668 8.952631
21 21.559892 4.717837
25 21.155973 6.502927
23 21.988731 2.822619
24 20.694450 8.542589
27 21.682006 4.178167
24 21.358603 5.607419
27 22.266752 1.593930
21 21.193388 6.337572
39 20.506041 9.375248
19 21.341204 5.684314
25 22.230577 1.753804
45 22.047793 2.561599
23 21.894453 3.239272
20 21.299525 5.868511
22 21.097522 6.761244
30 20.568998 9.097013
37 21.829756 3.525195
28 20.951479 7.406669
23 20.695251 8.539047
29 22.022811 2.672004
37 22.156058 2.083134
25 20.469400 9.537180
17 21.044330 6.996324
26 21.938971 3.042529
35 21.911722 3.162956
27 20.886889 7.692118
33 20.867374 7.778362
20 21.317370 5.789646
19 20.742055 8.332202
16 21.364627 5.580797
21 22.198473 1.895681
27 21.964556 2.929459
15 20.602873 8.947304
19 22.580186 0.208734
failed to find solution after reaching max emtpy limit -- 36 iterations and 17 function evals
33 21.310236 5.821173
23 21.943238 3.023672
27 21.680287 4.185765
26 22.089435 2.377569
18 20.581577 9.041422
21 21.620859 4.448399
20 21.286381 5.926600
22 21.038319 7.022888
26 20.936964 7.470818
24 21.417990 5.344962
24 22.323436 1.343419
22 21.094824 6.773170
22 21.482808 5.058505
17 21.358070 5.609774
30 20.680062 8.606174
40 21.917452 3.137633
21 21.048275 6.978887
21 21.085983 6.812239
26 20.574991 9.070528
27 20.719654 8.431200
30 21.477381 5.082489
30 21.503550 4.966838
20 21.465973 5.132907
25 21.213597 6.248260
23 21.691817 4.134806
20 21.833279 3.509629
26 20.570302 9.091249
27 21.867953 3.356390
20 21.169071 6.445042
18 21.426706 5.306445
21 21.465169 5.136457
42 22.043097 2.582354
23 21.214375 6.244821
25 22.345285 1.246860
21 20.950811 7.409623
29 21.476045 5.088392
26 22.074966 2.441510
22 22.240290 1.710876
82 22.164081 2.047677
30 22.439302 0.831357
20 21.241766 6.123770
20 20.437256 9.679236
20 20.657225 8.707102
32 20.859059 7.815113
25 20.678700 8.612195
22 21.489052 5.030911
25 21.185693 6.371579
28 21.818967 3.572880
22 21.411326 5.374414
22 21.223800 6.203168
33 22.153226 2.095650
25 21.188071 6.361070
26 21.054915 6.949542
26 21.072189 6.873201
