18 -0.122210 9.989269
18 -0.118065 6.258140
18 -0.118192 6.373162
18 -0.120339 8.304921
18 -0.120821 8.739163
18 -0.115675 4.107062
19 -0.120690 8.620913
19 -0.115187 3.667889
19 -0.119910 7.918681
19 -0.116189 4.569703
19 -0.118554 6.698460
19 -0.119854 7.868485
20 -0.120930 8.837125
20 -0.116086 4.477011
20 -0.114351 2.916218
20 -0.118854 6.968771
20 -0.119027 7.124015
21 -0.118851 6.966084
21 -0.116512 4.861204
22 -0.118921 7.029228
22 -0.118199 6.378756
22 -0.119029 7.125760
23 -0.113986 2.587214
23 -0.115505 3.954366
23 -0.119309 7.377820
24 -0.116746 5.071826
24 -0.119233 7.309556
24 -0.119374 7.436838
25 -0.121124 9.011258
25 -0.120539 8.484822
24 -0.116905 5.214268
25 -0.119162 7.245359
24 -0.121252 9.126421
25 -0.114398 2.958079
26 -0.122071 9.864252
26 -0.119745 7.770571
26 -0.113846 2.461839
26 -0.121455 9.309335
17 -0.119849 7.864039
27 -0.121877 9.689128
27 -0.121877 9.689342
16 -0.121536 9.382636
28 -0.120003 8.002951
20 -0.115367 3.830436
29 -0.118415 6.573478
29 -0.114240 2.816296
20 -0.122136 9.922382
30 -0.119443 7.498604
29 -0.115682 4.114055
16 -0.118292 6.463199
22 -0.119422 7.479870
31 -0.119594 7.634158
19 -0.121471 9.324085
18 -0.121293 9.163912
23 -0.118714 6.842773
29 -0.118987 7.088698
24 -0.116344 4.709536
29 -0.116967 5.269989
24 -0.120969 8.871806
17 -0.120450 8.404705
24 -0.114435 2.991618
23 -0.120363 8.326978
25 -0.119213 7.291473
20 -0.121325 9.192786
25 -0.121902 9.711874
21 -0.116787 5.107962
24 -0.120100 8.090433
30 -0.118167 6.349947
30 -0.117115 5.403934
23 -0.121744 9.569341
24 -0.116682 5.013754
24 -0.114190 2.770635
25 -0.120281 8.252629
25 -0.113655 2.289435
29 -0.122092 9.883066
21 -0.118419 6.577009
30 -0.117815 6.033671
21 -0.117908 6.117032
18 -0.116260 4.633803
30 -0.118105 6.294353
23 -0.115534 3.980540
30 -0.119030 7.127000
19 -0.116312 4.680892
26 -0.119320 7.388148
21 -0.116083 4.474282
26 -0.118670 6.802587
18 -0.120009 8.007868
25 -0.122201 9.980521
26 -0.120475 8.427473
23 -0.120325 8.292148
22 -0.120132 8.118790
30 -0.120733 8.659281
26 -0.117890 6.101119
24 -0.115752 4.176966
33 -0.116789 5.109921
29 -0.114643 3.178339
17 -0.119592 7.633238
30 -0.120206 8.185609
24 -0.115414 3.872552
26 -0.116668 5.000764
21 -0.119069 7.162364
30 -0.116515 4.863470
18 -0.120344 8.309814
23 -0.119189 7.270158
24 -0.114888 3.399283
24 -0.121821 9.638997
15 -0.121047 8.942106
30 -0.117455 5.709429
24 -0.119229 7.306504
23 -0.116124 4.511822
18 -0.120294 8.264799
23 -0.122002 9.802094
18 -0.119736 7.762810
19 -0.121038 8.934240
21 -0.115781 4.202504
24 -0.119381 7.443185
20 -0.121946 9.751300
19 -0.117742 5.967472
30 -0.119943 7.948738
23 -0.117833 6.049263
20 -0.121477 9.329709
19 -0.118278 6.450282
23 -0.122214 9.992344
23 -0.120273 8.246069
26 -0.116350 4.715419
24 -0.118700 6.829610
25 -0.119692 7.722607
18 -0.116856 5.170099
24 -0.117452 5.707208
29 -0.117255 5.529754
24 -0.118206 6.385192
20 -0.121150 9.035033
21 -0.118039 6.234692
27 -0.118463 6.617051
22 -0.121942 9.747532
27 -0.121797 9.617410
23 -0.119392 7.453045
28 -0.119182 7.264062
29 -0.116619 4.957221
32 -0.117964 6.167623
23 -0.117658 5.892609
27 -0.118747 6.872012
20 -0.118352 6.516751
29 -0.117886 6.097095
25 -0.122058 9.851906
30 -0.115276 3.748146
21 -0.114536 3.082259
26 -0.121188 9.069367
20 -0.118943 7.049144
25 -0.120814 8.732971
19 -0.122086 9.877806
24 -0.117917 6.125369
26 -0.117761 5.984506
29 -0.116041 4.437261
20 -0.117654 5.888504
20 -0.117136 5.422430
24 -0.117176 5.458364
30 -0.117049 5.344073
19 -0.118722 6.849583
21 -0.119410 7.468550
29 -0.116369 4.731914
23 -0.115783 4.204318
18 -0.118630 6.766677
30 -0.118682 6.813936
28 -0.115394 3.854720
30 -0.117749 5.973800
27 -0.115971 4.374009
21 -0.117176 5.458026
21 -0.121703 9.532524
18 -0.117713 5.941567
26 -0.121406 9.265035
24 -0.116587 4.928660
19 -0.116990 5.291307
24 -0.117096 5.386793
20 -0.120692 8.622501
30 -0.116004 4.404037
24 -0.116127 4.513857
20 -0.117000 5.300334
20 -0.116581 4.923259
19 -0.119883 7.894546
30 -0.116785 5.106517
23 -0.114837 3.353590
23 -0.119617 7.655449
24 -0.116878 5.189976
26 -0.122118 9.905775
25 -0.114990 3.490677
22 -0.115315 3.783926
33 -0.118656 6.790397
26 -0.120287 8.258020
29 -0.116365 4.728081
31 -0.121032 8.929135
26 -0.119990 7.990826
25 -0.119195 7.275377
24 -0.114434 2.990868
25 -0.116121 4.508924
32 -0.116176 4.558073
28 -0.120654 8.588947
40 -0.118192 6.373123
32 -0.121032 8.928610
34 -0.121488 9.338931
