25 -1168.873405 2.861189
25 -1155.730369 1.704598
25 -1161.554971 2.217165
25 -1164.080790 2.439437
25 -1175.377375 3.433540
25 -1188.767598 4.611883
25 -1164.298813 2.458623
25 -1154.431174 1.590268
25 -1161.807701 2.239405
25 -1169.462708 2.913048
25 -1190.016688 4.721804
25 -1180.385989 3.874299
25 -1169.698842 2.933827
25 -1175.442365 3.439259
25 -1169.687811 2.932857
25 -1155.580389 1.691400
25 -1191.066864 4.814219
25 -1166.442441 2.647263
25 -1183.703375 4.166230
25 -1153.662148 1.522594
25 -1198.255237 5.446798
25 -1178.315541 3.692099
25 -1170.497305 3.004092
25 -1176.505548 3.532820
25 -1175.454250 3.440305
25 -1185.283022 4.305240
25 -1156.930561 1.810215
25 -1146.798803 0.918618
25 -1181.415905 3.964932
25 -1190.958395 4.804674
25 -1174.640991 3.368738
25 -1157.840663 1.890304
25 -1193.980871 5.070653
25 -1162.781238 2.325076
25 -1192.606156 4.949678
25 -1155.526307 1.686640
25 -1153.976988 1.550300
25 -1151.644469 1.345038
25 -1169.639718 2.928625
25 -1157.267493 1.839865
25 -1171.042097 3.052034
25 -1199.984454 5.598970
25 -1154.388365 1.586501
25 -1160.580771 2.131435
25 -1177.767947 3.643911
25 -1155.123251 1.651171
25 -1185.668316 4.339146
25 -1165.178485 2.536035
25 -1182.705331 4.078402
25 -1154.867575 1.628672
25 -1168.978455 2.870433
25 -1161.662138 2.226595
25 -1170.664616 3.018816
25 -1151.000194 1.288341
25 -1150.537922 1.247661
25 -1179.303391 3.779030
25 -1154.258500 1.575073
25 -1169.691588 2.933189
25 -1167.496567 2.740027
25 -1156.030069 1.730972
25 -1157.817645 1.888279
25 -1205.269700 6.064073
25 -1160.059749 2.085585
25 -1156.110758 1.738072
25 -1156.186169 1.744708
25 -1190.798981 4.790646
25 -1163.886586 2.422347
25 -1176.287295 3.513613
25 -1157.142861 1.828898
25 -1183.168486 4.119160
25 -1162.913741 2.336737
25 -1211.593351 6.620556
25 -1159.079780 1.999347
25 -1177.408573 3.612286
25 -1150.041889 1.204010
25 -1168.780104 2.852978
25 -1177.858090 3.651844
25 -1177.783918 3.645316
25 -1163.195470 2.361529
25 -1178.982423 3.750785
25 -1155.395952 1.675169
25 -1177.048006 3.580556
25 -1156.993991 1.815797
25 -1187.786680 4.525562
25 -1157.459286 1.856743
25 -1162.283621 2.281286
25 -1161.840746 2.242313
25 -1169.299449 2.898681
25 -1152.345285 1.406710
25 -1152.557541 1.425388
25 -1165.217880 2.539502
25 -1164.553797 2.481062
25 -1150.168411 1.215144
25 -1168.419941 2.821284
25 -1175.839710 3.474226
25 -1155.119839 1.650871
25 -1172.565332 3.186079
25 -1176.451077 3.528026
25 -1165.386288 2.554322
25 -1145.301798 0.786881
25 -1183.972076 4.189876
25 -1184.481159 4.234676
25 -1161.081442 2.175494
25 -1167.386826 2.730369
25 -1153.830005 1.537365
25 -1150.336378 1.229925
25 -1195.515265 5.205680
25 -1181.488557 3.971326
25 -1176.939757 3.571030
25 -1172.548137 3.184566
25 -1176.054220 3.493103
25 -1161.083640 2.175687
25 -1189.085185 4.639831
25 -1171.446661 3.087636
25 -1171.417898 3.085105
25 -1176.273961 3.512440
25 -1185.380315 4.313802
25 -1169.199661 2.889899
25 -1152.557513 1.425386
25 -1170.220290 2.979715
25 -1159.214548 2.011207
25 -1147.283637 0.961283
25 -1152.842881 1.450498
25 -1154.748409 1.618185
25 -1180.849270 3.915068
25 -1162.652825 2.313776
25 -1165.059252 2.525542
25 -1188.211595 4.562955
25 -1153.061959 1.469777
25 -1167.326773 2.725085
25 -1195.712145 5.223006
25 -1164.847382 2.506898
25 -1152.049443 1.380675
25 -1155.331527 1.669500
25 -1184.883134 4.270049
25 -1153.056203 1.469271
25 -1178.151322 3.677648
25 -1176.022046 3.490271
25 -1170.831006 3.033458
25 -1162.758969 2.323117
25 -1163.725070 2.408134
25 -1167.784507 2.765365
25 -1167.240932 2.717531
25 -1162.228399 2.276426
25 -1159.001677 1.992474
25 -1171.656054 3.106063
25 -1168.275214 2.808548
25 -1185.127990 4.291597
25 -1199.404456 5.547930
25 -1205.315756 6.068126
25 -1150.197582 1.217711
25 -1177.211417 3.594936
25 -1194.787980 5.141679
25 -1197.012874 5.337470
25 -1173.191932 3.241220
25 -1166.178210 2.624011
25 -1180.698242 3.901778
25 -1173.147640 3.237323
25 -1176.468825 3.529588
25 -1151.803144 1.359001
25 -1165.012582 2.521435
25 -1191.829267 4.881311
25 -1168.698537 2.845800
25 -1157.123432 1.827188
25 -1183.165960 4.118938
25 -1167.454182 2.736297
25 -1165.172845 2.535538
25 -1169.875405 2.949365
25 -1171.616477 3.102580
25 -1177.712872 3.639064
25 -1158.351104 1.935223
25 -1142.798103 0.566555
25 -1173.335244 3.253832
25 -1161.742727 2.233687
25 -1190.232071 4.740757
25 -1173.955988 3.308458
25 -1206.713537 6.191131
25 -1159.809717 2.063582
25 -1151.050205 1.292742
25 -1163.027453 2.346743
25 -1164.424252 2.469662
25 -1176.826315 3.561047
25 -1170.792934 3.030108
25 -1153.956412 1.548489
25 -1157.198651 1.833807
25 -1159.760538 2.059254
25 -1162.926479 2.337858
25 -1198.324264 5.452873
25 -1171.759013 3.115123
25 -1180.882944 3.918032
25 -1160.574359 2.130870
25 -1187.079237 4.463307
25 -1181.322742 3.956734
25 -1154.225583 1.572176
25 -1176.339520 3.518209
25 -1153.325107 1.492934
25 -1169.858762 2.947901
25 -1176.540314 3.535879
25 -1148.986180 1.111107
25 -1196.600331 5.301166
