13 0.967428 3.257183
13 0.908995 9.100487
14 0.955407 4.459297
15 0.951068 4.893210
16 0.976268 2.373169
16 0.967249 3.275057
16 0.964014 3.598578
16 0.920195 7.980490
17 0.925794 7.420621
17 0.911738 8.826187
17 0.960079 3.992071
17 0.978706 2.129428
17 0.915285 8.471540
17 0.911436 8.856386
18 0.946523 5.347737
18 0.901241 9.875926
18 0.932897 6.710303
18 0.976044 2.395583
18 0.977807 2.219319
18 0.923286 7.671361
18 0.966333 3.366732
18 0.952095 4.790492
18 0.950824 4.917620
19 0.968352 3.164804
19 0.972957 2.704337
19 0.931052 6.894814
19 0.961291 3.870904
19 0.930505 6.949514
19 0.977942 2.205756
19 0.964596 3.540421
20 0.913526 8.647390
20 0.955367 4.463288
20 0.962248 3.775152
20 0.974424 2.557632
20 0.966600 3.340033
20 0.952690 4.731044
20 0.974563 2.543691
20 0.959355 4.064513
21 0.982478 1.752161
21 0.970637 2.936327
22 0.972883 2.711662
23 0.974252 2.574760
17 0.946617 5.338281
24 0.971061 2.893921
18 0.959740 4.025966
16 0.922794 7.720616
15 0.900098 9.990155
16 0.918761 8.123886
12 0.940183 5.981747
14 0.926062 7.393797
26 0.954175 4.582547
17 0.964066 3.593435
27 0.974181 2.581949
27 0.957979 4.202070
15 0.980409 1.959108
15 0.917001 8.299917
21 0.945220 5.478020
14 0.958535 4.146544
20 0.957757 4.224256
16 0.968726 3.127377
16 0.925067 7.493309
17 0.934558 6.544212
17 0.903560 9.644018
17 0.937531 6.246856
14 0.913602 8.639776
17 0.925662 7.433824
18 0.966638 3.336247
18 0.925963 7.403727
17 0.935254 6.474593
18 0.944724 5.527643
20 0.928759 7.124128
20 0.937532 6.246837
18 0.942750 5.724986
18 0.921615 7.838477
18 0.954458 4.554166
22 0.977679 2.232072
19 0.928806 7.119358
22 0.977376 2.262358
18 0.950209 4.979053
18 0.948957 5.104279
20 0.953329 4.667131
21 0.941919 5.808076
13 0.915744 8.425555
15 0.967312 3.268789
16 0.933707 6.629307
22 0.955872 4.412783
17 0.920336 7.966380
14 0.926868 7.313188
35 0.986376 1.362428
21 0.952136 4.786366
22 0.980985 1.901534
17 0.970785 2.921492
14 0.973199 2.680064
21 0.947446 5.255422
17 0.941144 5.885638
23 0.937613 6.238733
15 0.969621 3.037907
17 0.937854 6.214597
16 0.941939 5.806115
17 0.904232 9.576805
17 0.976955 2.304454
14 0.935494 6.450574
20 0.948231 5.176863
18 0.936537 6.346280
17 0.950718 4.928160
18 0.932083 6.791709
25 0.974799 2.520089
24 0.950723 4.927687
15 0.906394 9.360583
15 0.907929 9.207142
19 0.960943 3.905707
17 0.918390 8.160972
12 0.914551 8.544933
15 0.901172 9.882759
19 0.944698 5.530245
22 0.975151 2.484907
14 0.968442 3.155764
21 0.963031 3.696938
24 0.957851 4.214934
21 0.980607 1.939284
20 0.975342 2.465777
19 0.919370 8.062970
15 0.942883 5.711744
19 0.931100 6.890015
20 0.946868 5.313243
18 0.960257 3.974330
18 0.921323 7.867738
15 0.957018 4.298180
22 0.960840 3.915956
16 0.916959 8.304101
16 0.925022 7.497837
17 0.933044 6.695591
15 0.914394 8.560594
19 0.972763 2.723722
18 0.978636 2.136411
27 0.974357 2.564313
22 0.977410 2.258957
19 0.906120 9.387951
16 0.966873 3.312744
20 0.935325 6.467545
18 0.904804 9.519637
27 0.974388 2.561235
24 0.968539 3.146132
21 0.929721 7.027936
28 0.976260 2.373951
18 0.959569 4.043089
26 0.978820 2.118025
14 0.901220 9.878007
20 0.960566 3.943403
14 0.919451 8.054940
15 0.944039 5.596097
20 0.945693 5.430745
14 0.950570 4.943025
19 0.960124 3.987584
15 0.901874 9.812578
21 0.957077 4.292313
17 0.967980 3.201960
14 0.949733 5.026671
20 0.913825 8.617473
27 0.977140 2.285999
15 0.900970 9.902996
15 0.974581 2.541851
21 0.939027 6.097348
17 0.959209 4.079100
17 0.937822 6.217784
20 0.958092 4.190768
19 0.964340 3.566035
17 0.975656 2.434377
20 0.967433 3.256738
16 0.967819 3.218114
13 0.915161 8.483869
16 0.947377 5.262334
21 0.945327 5.467292
15 0.913658 8.634249
30 0.984349 1.565149
16 0.951187 4.881332
16 0.943913 5.608711
20 0.941281 5.871864
16 0.919254 8.074610
14 0.932139 6.786109
24 0.960660 3.933961
17 0.955399 4.460068
17 0.904741 9.525924
20 0.913466 8.653364
15 0.920426 7.957399
22 0.983040 1.695982
17 0.932070 6.793034
25 0.976025 2.397533
21 0.965678 3.432199
19 0.908714 9.128645
23 0.968007 3.199300
23 0.961364 3.863605
19 0.936011 6.398893
19 0.922064 7.793638
23 0.978743 2.125720
22 0.902036 9.796384
22 0.970076 2.992377
25 0.975208 2.479170
29 0.974751 2.524904
31 0.977949 2.205075
