9 -0.250379 0.151414
11 -0.263436 5.374512
12 -0.253076 1.230494
15 -0.268637 7.454732
15 -0.262306 4.922476
15 -0.256752 2.700795
15 -0.254898 1.959212
17 -0.257156 2.862512
17 -0.255525 2.209965
15 -0.263555 5.421828
21 -0.250220 0.087839
21 -0.254156 1.662535
12 -0.251567 0.626620
24 -0.265077 6.030982
25 -0.260689 4.275496
25 -0.250984 0.393459
25 -0.253893 1.557251
28 -0.262755 5.102108
23 -0.268596 7.438471
28 -0.273076 9.230333
29 -0.251074 0.429536
29 -0.255653 2.261272
29 -0.259824 3.929730
29 -0.250476 0.190450
29 -0.257860 3.143956
29 -0.250998 0.399243
31 -0.265948 6.379359
31 -0.267846 7.138577
32 -0.272939 9.175783
32 -0.250101 0.040555
23 -0.265016 6.006336
32 -0.254025 1.609970
32 -0.265191 6.076410
32 -0.251637 0.654677
32 -0.273400 9.360073
24 -0.251813 0.725045
33 -0.257340 2.936050
23 -0.252498 0.999396
35 -0.253166 1.266586
35 -0.250160 0.064046
35 -0.250040 0.015945
36 -0.256819 2.727604
7 -0.260996 4.398571
36 -0.250919 0.367733
37 -0.253565 1.425902
8 -0.265175 6.069914
37 -0.266964 6.785657
20 -0.264345 5.738122
39 -0.255852 2.340733
39 -0.256229 2.491482
15 -0.250125 0.050177
40 -0.253486 1.394448
11 -0.259438 3.775137
37 -0.264742 5.896646
41 -0.265531 6.212477
41 -0.260823 4.329298
15 -0.266655 6.662059
41 -0.257250 2.900126
19 -0.262653 5.061263
44 -0.259375 3.750117
44 -0.250003 0.001197
8 -0.256412 2.564968
13 -0.259416 3.766520
12 -0.250214 0.085700
47 -0.267087 6.834817
19 -0.251982 0.792859
37 -0.272858 9.143188
25 -0.269929 7.971656
17 -0.256134 2.453421
16 -0.250711 0.284489
33 -0.259244 3.697762
11 -0.259872 3.948994
31 -0.250949 0.379508
25 -0.255368 2.147377
16 -0.257185 2.874156
28 -0.257059 2.823441
19 -0.251492 0.596697
16 -0.264970 5.987825
12 -0.267132 6.852690
11 -0.255197 2.078985
17 -0.269627 7.850714
27 -0.253710 1.483840
44 -0.250924 0.369712
36 -0.259473 3.789023
36 -0.265179 6.071511
36 -0.255253 2.101348
33 -0.257119 2.847556
29 -0.259529 3.811538
32 -0.254705 1.882111
25 -0.266005 6.402033
31 -0.270066 8.026283
15 -0.251761 0.704331
33 -0.268602 7.440951
43 -0.258137 3.254700
15 -0.256905 2.762084
33 -0.252749 1.099768
8 -0.273658 9.463179
31 -0.257122 2.848938
17 -0.269640 7.856100
31 -0.250210 0.083825
28 -0.262236 4.894294
36 -0.256419 2.567745
28 -0.250497 0.198812
45 -0.260058 4.023209
35 -0.257953 3.181252
24 -0.273715 9.486101
32 -0.252185 0.874117
17 -0.252800 1.120193
44 -0.250667 0.266745
15 -0.251015 0.406139
25 -0.272743 9.097129
24 -0.268348 7.339164
37 -0.266107 6.442810
43 -0.251053 0.421117
35 -0.271281 8.512287
40 -0.255784 2.313450
15 -0.255156 2.062424
43 -0.257720 3.087827
23 -0.267448 6.979219
31 -0.256792 2.716671
12 -0.250563 0.225075
17 -0.268389 7.355675
23 -0.250327 0.130920
8 -0.253682 1.472858
11 -0.250077 0.030775
33 -0.267808 7.123377
24 -0.270896 8.358276
12 -0.250331 0.132315
28 -0.267432 6.972949
27 -0.255335 2.133859
28 -0.252279 0.911503
27 -0.257323 2.929117
39 -0.266344 6.537570
16 -0.274119 9.647648
25 -0.251428 0.571235
36 -0.260706 4.282446
41 -0.253015 1.206181
25 -0.264194 5.677759
33 -0.255075 2.029935
25 -0.252688 1.075155
41 -0.264119 5.647706
32 -0.251958 0.783030
28 -0.254533 1.813180
13 -0.250365 0.145818
35 -0.259024 3.609769
17 -0.254654 1.861472
28 -0.250136 0.054367
28 -0.250195 0.078040
41 -0.250369 0.147613
29 -0.270152 8.060752
33 -0.256941 2.776341
17 -0.274669 9.867796
16 -0.263763 5.505293
17 -0.252152 0.860620
31 -0.261117 4.446788
35 -0.268215 7.286089
28 -0.273085 9.233902
27 -0.250833 0.333393
35 -0.259332 3.732914
36 -0.271411 8.564531
45 -0.254068 1.627378
39 -0.252520 1.008036
39 -0.264500 5.799892
25 -0.269576 7.830366
19 -0.272053 8.821225
37 -0.260249 4.099707
37 -0.261277 4.510992
19 -0.250174 0.069757
25 -0.271602 8.640968
32 -0.250229 0.091440
31 -0.268158 7.263321
27 -0.255338 2.135344
28 -0.274378 9.751066
23 -0.250061 0.024479
33 -0.250003 0.001170
31 -0.254037 1.614818
24 -0.267791 7.116225
29 -0.263972 5.588985
28 -0.251291 0.516221
25 -0.273958 9.583138
37 -0.269340 7.735931
25 -0.265197 6.078602
32 -0.267431 6.972487
32 -0.255812 2.324654
35 -0.258331 3.332367
37 -0.269506 7.802299
32 -0.251631 0.652315
32 -0.250102 0.040966
29 -0.253319 1.327529
41 -0.263150 5.259920
40 -0.263047 5.218973
47 -0.250103 0.041130
37 -0.257131 2.852433
34 -0.270514 8.205680
33 -0.274618 9.847019
43 -0.274703 9.881288
49 -0.252309 0.923681
40 -0.262296 4.918388
45 -0.263570 5.427813
44 -0.250300 0.120133
