11 -1.044617 4.461697
11 -1.098419 9.841873
11 -1.090595 9.059522
12 -1.091204 9.120353
12 -1.098361 9.836095
13 -1.050990 5.099018
15 -1.093786 9.378638
15 -1.099302 9.930150
15 -1.080568 8.056792
15 -1.093070 9.307014
15 -1.091942 9.194153
16 -1.076999 7.699870
16 -1.060049 6.004941
16 -1.052732 5.273200
16 -1.088053 8.805320
16 -1.085782 8.578249
17 -1.086155 8.615531
17 -1.067871 6.787134
17 -1.047859 4.785928
12 -1.074527 7.452661
19 -1.034701 3.470058
19 -1.069007 6.900745
19 -1.059456 5.945565
19 -1.033352 3.335211
19 -1.049135 4.913477
19 -1.047242 4.724186
19 -1.032850 3.284993
20 -1.045553 4.555260
20 -1.034522 3.452211
20 -1.025772 2.577218
20 -1.093305 9.330519
20 -1.056418 5.641789
21 -1.025296 2.529625
21 -1.047313 4.731316
15 -1.042399 4.239912
21 -1.025706 2.570617
21 -1.024883 2.488346
21 -1.027374 2.737428
21 -1.050131 5.013051
21 -1.040874 4.087371
21 -1.046285 4.628511
23 -1.026565 2.656535
23 -1.024572 2.457247
23 -1.038562 3.856234
23 -1.035841 3.584100
19 -1.058912 5.891174
16 -1.070514 7.051354
12 -1.055713 5.571340
25 -1.033490 3.349032
20 -1.040823 4.082340
15 -1.082614 8.261385
27 -1.023534 2.353450
21 -1.032873 3.287285
27 -1.028492 2.849165
27 -1.015989 1.598915
27 -1.035866 3.586588
17 -1.087454 8.745412
16 -1.078654 7.865358
15 -1.081116 8.111576
17 -1.058757 5.875716
20 -1.068157 6.815656
19 -1.074106 7.410584
17 -1.085486 8.548646
13 -1.038463 3.846275
21 -1.031953 3.195278
21 -1.043670 4.367037
17 -1.050816 5.081578
16 -1.089697 8.969709
16 -1.066239 6.623908
13 -1.040456 4.045629
17 -1.059446 5.944563
24 -1.032755 3.275474
19 -1.063654 6.365423
20 -1.026112 2.611242
24 -1.020353 2.035260
19 -1.041707 4.170739
20 -1.019701 1.970116
23 -1.039083 3.908349
23 -1.028262 2.826197
23 -1.026807 2.680732
13 -1.053023 5.302287
15 -1.099694 9.969408
20 -1.036208 3.620808
13 -1.059141 5.914091
19 -1.066924 6.692417
20 -1.079252 7.925181
20 -1.058991 5.899078
20 -1.033255 3.325465
19 -1.071408 7.140824
19 -1.046487 4.648721
21 -1.046051 4.605064
21 -1.030451 3.045110
24 -1.041114 4.111393
24 -1.023096 2.309624
19 -1.056889 5.688935
24 -1.029161 2.916051
17 -1.095423 9.542337
23 -1.021178 2.117752
19 -1.033677 3.367711
17 -1.051007 5.100667
12 -1.067449 6.744926
19 -1.048712 4.871160
17 -1.088696 8.869558
12 -1.096333 9.633317
17 -1.088499 8.849871
20 -1.047307 4.730699
17 -1.050577 5.057746
20 -1.084463 8.446267
15 -1.079092 7.909190
16 -1.038397 3.839721
17 -1.048026 4.802566
17 -1.088324 8.832444
19 -1.036626 3.662567
16 -1.034262 3.426163
16 -1.093597 9.359737
27 -1.015865 1.586525
17 -1.090999 9.099888
23 -1.034328 3.432788
20 -1.040570 4.057028
17 -1.090809 9.080930
24 -1.019263 1.926337
21 -1.046875 4.687483
23 -1.022377 2.237731
15 -1.080337 8.033702
23 -1.052415 5.241486
19 -1.043698 4.369842
16 -1.082240 8.223978
19 -1.076462 7.646192
17 -1.056471 5.647142
16 -1.088171 8.817109
20 -1.047557 4.755656
21 -1.040534 4.053450
21 -1.033434 3.343442
20 -1.024012 2.401217
20 -1.030812 3.081227
13 -1.059711 5.971081
16 -1.081600 8.159971
23 -1.023996 2.399596
20 -1.070513 7.051265
20 -1.034421 3.442134
20 -1.058206 5.820636
13 -1.062136 6.213593
17 -1.051948 5.194838
21 -1.040372 4.037153
13 -1.099283 9.928265
16 -1.065499 6.549949
17 -1.067936 6.793555
24 -1.029749 2.974901
25 -1.036506 3.650559
20 -1.034231 3.423062
16 -1.077809 7.780945
17 -1.082654 8.265392
27 -1.024546 2.454564
24 -1.032749 3.274917
23 -1.038558 3.855777
16 -1.074521 7.452053
23 -1.030455 3.045537
12 -1.022807 2.280719
25 -1.027305 2.730483
9 -1.044454 4.445408
20 -1.028566 2.856600
20 -1.041923 4.192337
20 -1.082218 8.221836
17 -1.083104 8.310381
21 -1.044825 4.482451
28 -1.025084 2.508431
21 -1.062426 6.242558
24 -1.022583 2.258281
16 -1.059464 5.946362
20 -1.047730 4.772983
25 -1.026377 2.637705
23 -1.024149 2.414877
24 -1.029363 2.936283
17 -1.063310 6.331024
29 -1.035070 3.506990
19 -1.043751 4.375147
20 -1.027633 2.763304
23 -1.055995 5.599543
17 -1.085786 8.578616
17 -1.045039 4.503906
21 -1.038797 3.879740
17 -1.098881 9.888131
20 -1.041357 4.135696
24 -1.042195 4.219540
24 -1.023806 2.380567
16 -1.072742 7.274224
17 -1.062200 6.219955
25 -1.029929 2.992888
20 -1.030139 3.013914
21 -1.033182 3.318225
20 -1.058432 5.843193
25 -1.020181 2.018119
25 -1.021408 2.140778
21 -1.068095 6.809541
20 -1.026590 2.658960
27 -1.018852 1.885221
24 -1.024309 2.430898
23 -1.042560 4.256040
25 -1.023119 2.311867
24 -1.032997 3.299651
