14 21.633917 4.390692
17 21.271948 5.990385
20 21.309442 5.824681
15 21.975172 2.882541
25 21.191553 6.345681
23 21.167683 6.451173
25 21.687673 4.153122
25 20.491315 9.440325
27 21.584575 4.608756
31 21.418564 5.342425
27 22.009334 2.731567
21 22.078522 2.425795
23 20.463483 9.563326
32 20.734832 8.364123
21 20.788799 8.125620
17 22.096634 2.345753
28 21.210619 6.261421
32 20.866980 7.780107
29 21.959643 2.951174
22 21.912837 3.158028
24 22.204873 1.867398
31 20.466350 9.550656
23 21.990877 2.813136
26 21.507789 4.948105
26 21.986948 2.830499
23 21.014431 7.128460
23 20.816079 8.005061
20 20.489161 9.449844
24 21.275547 5.974477
23 21.063621 6.911067
20 21.504149 4.964191
22 21.151625 6.522141
34 21.482235 5.061038
23 21.916823 3.140411
33 21.193570 6.336769
30 21.936041 3.055480
33 20.408889 9.804602
45 22.040622 2.593290
37 22.039307 2.599104
23 21.400635 5.421664
28 22.146357 2.126005
27 21.978101 2.869600
29 21.761207 3.828142
31 20.541128 9.220182
40 20.915085 7.567508
30 22.195593 1.908410
31 21.936091 3.055259
33 22.116191 2.259322
25 20.383681 9.916007
40 20.957922 7.378196
32 20.790669 8.117356
31 21.983727 2.844737
20 20.471645 9.527257
23 20.978234 7.288428
21 20.762480 8.241937
29 21.531965 4.841262
34 21.367164 5.569585
24 22.391834 1.041142
26 21.118716 6.667578
33 22.095442 2.351020
28 22.077256 2.431392
27 22.141400 2.147913
29 22.070332 2.461989
35 22.236253 1.728718
46 22.016511 2.699850
34 22.156831 2.079717
28 20.684614 8.586059
27 20.709491 8.476114
27 22.575143 0.231021
26 22.351242 1.220535
38 22.028083 2.648707
26 20.813962 8.014414
39 21.159913 6.485515
24 21.748774 3.883091
25 21.398767 5.429916
26 20.550254 9.179848
30 20.772719 8.196686
26 20.476818 9.504394
36 22.359760 1.182888
28 21.948845 2.998892
28 20.975509 7.300469
37 22.387348 1.060967
28 22.290806 1.487625
26 21.292438 5.899831
27 21.115785 6.680531
29 21.350902 5.641451
35 22.015804 2.702975
27 20.980937 7.276483
56 20.807671 8.042216
29 22.218316 1.807988
38 22.391175 1.044052
41 22.226717 1.770861
36 21.233443 6.160551
26 22.435310 0.848999
31 22.201803 1.880966
35 21.274640 5.978487
22 22.225489 1.776289
31 20.405514 9.819516
25 20.703216 8.503850
23 21.952043 2.984758
28 20.991070 7.231701
31 21.558396 4.724451
32 21.547470 4.772736
26 21.560016 4.717292
26 21.517396 4.905644
34 21.861053 3.386881
23 21.808405 3.619556
23 21.250891 6.083442
24 22.108344 2.294000
31 21.739405 3.924496
29 21.662892 4.262639
32 22.043194 2.581923
23 21.358540 5.607699
29 21.716517 4.025647
25 22.246931 1.681527
32 22.157119 2.078445
25 21.272564 5.987660
32 21.586664 4.599524
35 22.254579 1.647727
35 20.525031 9.291319
32 22.592224 0.155531
24 22.504249 0.544332
20 20.384489 9.912434
28 21.951629 2.986591
20 21.653420 4.304499
30 21.010880 7.144153
41 20.764978 8.230895
31 21.548204 4.769493
47 22.002777 2.760543
25 20.418261 9.763183
22 21.419990 5.336125
27 21.983117 2.847429
30 21.817004 3.581552
36 21.755973 3.851273
30 22.182620 1.965744
24 21.112467 6.695199
36 20.938840 7.462529
32 20.726288 8.401883
19 21.117285 6.673904
24 20.963240 7.354691
31 22.020262 2.683273
26 21.622916 4.439310
25 22.260464 1.621718
31 22.349665 1.227504
23 20.964002 7.351326
57 22.172403 2.010897
32 22.378496 1.100086
38 22.524330 0.455584
30 22.487704 0.617450
23 21.645732 4.338474
27 21.622635 4.440549
26 21.368280 5.564651
29 22.046347 2.567989
27 20.905833 7.608396
36 20.662520 8.683701
37 21.071739 6.875190
24 20.993219 7.222202
26 22.497769 0.572967
30 22.266151 1.596585
30 22.313764 1.386162
32 22.061930 2.499122
33 22.396786 1.019253
30 22.197436 1.900266
21 20.708814 8.479109
25 20.623424 8.856479
30 22.000458 2.770792
34 21.352735 5.633353
31 21.975450 2.881315
40 21.843139 3.466053
30 22.308102 1.411188
27 21.837863 3.489370
46 21.968962 2.909988
31 22.132094 2.189038
29 21.376744 5.527246
29 21.713209 4.040265
26 20.744252 8.322491
31 22.396367 1.021107
27 22.397280 1.017070
29 21.765837 3.807682
54 22.549014 0.346494
37 22.194547 1.913032
47 21.907687 3.180785
28 21.673709 4.214832
38 22.470761 0.692328
29 20.453268 9.608474
27 20.430816 9.707695
30 22.245041 1.689877
36 22.102588 2.319441
30 21.615618 4.471564
32 21.453806 5.186676
36 22.336257 1.286758
39 22.285502 1.511065
69 21.334454 5.714143
29 22.244267 1.693298
42 21.337851 5.699131
31 21.851288 3.430039
30 22.513080 0.505305
32 22.328698 1.320164
48 22.527222 0.442803
30 22.247007 1.681191
