11 3064.257759 7.143704
11 3019.582315 8.497506
11 3161.219083 4.205482
11 3061.448370 7.228837
11 3026.997401 8.272806
11 3254.702302 1.372658
11 3090.924573 6.335619
12 3144.557854 4.710368
12 3173.436422 3.835260
12 3043.478376 7.773383
12 3000.711539 9.069347
12 3129.938866 5.153368
12 3214.732991 2.583849
12 3092.808912 6.278518
12 3216.486423 2.530714
12 3155.022079 4.393270
12 3179.943505 3.638076
12 3015.131672 8.632374
12 3087.301331 6.445414
12 3253.748612 1.401557
12 3237.181984 1.903576
12 3098.680755 6.100583
12 2994.865667 9.246495
12 3294.915919 0.154063
12 3295.772634 0.128102
12 3123.016163 5.363147
12 3028.991107 8.212391
13 3073.305616 6.869527
13 3251.621152 1.466026
13 2973.500798 9.893915
13 3103.066172 5.967692
13 3013.697003 8.675848
13 2991.645230 9.344084
13 2987.555159 9.468025
13 3059.791829 7.279035
13 3018.626718 8.526463
13 3229.660353 2.131504
11 3104.803635 5.915041
10 3250.384178 1.503510
14 3250.905647 1.487708
14 3204.616028 2.890423
12 3022.378355 8.412777
14 3033.054051 8.089271
11 3022.301144 8.415117
12 3071.421196 6.926630
13 3057.596923 7.345548
12 3047.626051 7.647695
12 3232.872501 2.034167
12 3025.579680 8.315767
12 2990.153623 9.389284
12 3196.059651 3.149708
12 3254.672976 1.373546
11 3240.698024 1.797030
12 3233.042573 2.029013
16 3068.288315 7.021566
12 3111.528842 5.711247
14 3088.206064 6.417998
13 3077.689633 6.736678
13 3100.283917 6.052003
13 3173.734585 3.826225
11 3000.798221 9.066721
13 3005.067757 8.937341
15 3084.626235 6.526478
17 3289.670977 0.313001
15 3225.607828 2.254308
17 3283.038872 0.513974
10 3000.430638 9.077859
12 3132.550433 5.074229
14 3108.947959 5.789456
13 3005.935677 8.911040
13 2986.546924 9.498578
14 3164.125845 4.117399
12 3039.184182 7.903510
13 3264.695656 1.069829
13 2984.518870 9.560034
14 2976.083492 9.815652
13 3230.966340 2.091929
11 3067.365231 7.049538
14 3132.273309 5.082627
11 3084.726589 6.523437
18 3108.651256 5.798447
14 3020.874642 8.458344
13 3036.123704 7.996251
13 3103.468785 5.955491
11 2995.614727 9.223796
12 3089.811902 6.369336
12 3286.414346 0.411686
11 3045.168892 7.722155
14 3073.544136 6.862299
17 3292.400398 0.230291
16 3004.825891 8.944670
15 3297.846784 0.065249
11 3011.339962 8.747274
12 3266.143219 1.025963
13 3220.390460 2.412410
11 3208.055513 2.786197
13 3297.906921 0.063427
11 3011.907057 8.730089
11 3203.931311 2.911172
15 3198.048372 3.089443
17 3242.882802 1.730824
11 3185.058737 3.483069
13 3226.566660 2.225253
12 3173.480427 3.833926
14 3251.028316 1.483990
12 3034.625829 8.041642
12 3048.586204 7.618600
14 3010.415350 8.775292
11 3059.943739 7.274432
13 3095.782297 6.188415
16 3260.380708 1.200585
14 3159.567738 4.255523
12 3084.428146 6.532480
13 2989.076935 9.421911
12 3179.282615 3.658103
14 3237.199765 1.903037
12 3192.604550 3.254408
16 3119.849573 5.459104
14 3276.459736 0.713341
12 3253.893754 1.397159
14 3048.482040 7.621756
13 3018.804722 8.521069
13 3058.699202 7.312145
11 3135.469880 4.985761
12 3212.997160 2.636450
14 3143.728787 4.735491
11 2991.357390 9.352806
14 3097.719328 6.129717
17 3186.415475 3.441955
12 2983.186900 9.600397
11 3228.733276 2.159598
16 3076.889943 6.760911
16 3141.460258 4.804235
17 3157.480461 4.318774
14 3188.169844 3.388793
13 3266.949294 1.001537
13 3246.022884 1.635670
14 3032.315033 8.111666
12 3285.573334 0.437172
10 3229.598685 2.133373
12 3205.870138 2.852420
12 3000.791595 9.066921
14 2999.616419 9.102533
12 3011.503755 8.742310
15 3057.656744 7.343735
16 3106.075250 5.876508
11 3225.143593 2.268376
12 3271.508358 0.863383
14 3055.721095 7.402391
10 2993.972658 9.273556
14 3161.408408 4.199745
12 3197.014549 3.120771
18 3275.120558 0.753922
12 3172.116645 3.875253
12 3183.272035 3.537211
12 3042.171708 7.812979
14 3198.609561 3.072438
13 3078.535581 6.711043
11 3008.321624 8.838739
13 3265.314780 1.051067
15 3219.838544 2.429135
12 3032.550012 8.104545
16 3200.608384 3.011867
12 2985.233430 9.538381
12 3050.988959 7.545789
11 3073.186606 6.873133
13 3184.310047 3.505756
12 3037.752638 7.946890
13 2998.670636 9.131193
14 3076.729698 6.765767
12 3109.024498 5.787136
12 3080.775620 6.643163
13 3051.773628 7.522011
12 3031.137337 8.147353
12 3179.308397 3.657321
16 3058.628086 7.314300
13 3097.253636 6.143829
13 3046.010029 7.696666
12 3010.151277 8.783295
14 3089.943732 6.365341
12 3088.726355 6.402232
15 3110.691023 5.736636
14 3257.277987 1.294606
16 3142.782474 4.764167
16 3188.912658 3.366283
14 3234.911032 1.972393
14 3169.086581 3.967073
14 3078.120819 6.723612
18 3298.275143 0.052268
16 3075.886683 6.791313
16 3193.606555 3.224044
15 3289.072532 0.331135
17 3174.992000 3.788121
18 3296.829808 0.096066
17 3290.704668 0.281677
failed to find solution in 1200 iterations and 212 function evals
failed to find solution in 1200 iterations and 212 function evals
failed to find solution in 1200 iterations and 214 function evals
failed to find solution in 1200 iterations and 216 function evals
failed to find solution in 1200 iterations and 212 function evals
