20 14.108186 5.945430
27 14.280343 4.797714
22 14.348316 4.344559
23 14.337769 4.414871
24 13.507487 9.950084
21 13.999715 6.668568
23 14.796455 1.356965
16 13.563504 9.576642
16 14.057909 6.280605
26 14.764892 1.567387
28 14.233490 5.110069
22 13.962933 6.913779
19 14.413256 3.911629
20 14.298487 4.676750
21 13.686168 8.758880
31 14.363153 4.245649
22 14.043359 6.377607
23 14.618505 2.543301
18 13.820846 7.861029
23 13.935702 7.095317
26 14.688382 2.077453
26 14.069321 6.204526
28 14.684709 2.101941
21 14.217339 5.217738
26 14.802309 1.317942
28 14.379845 4.134369
24 14.377018 4.153213
20 14.549652 3.002319
21 14.171016 5.526561
27 14.903130 0.645801
25 14.882436 0.783763
25 14.774722 1.501856
26 13.914494 7.236708
25 14.574332 2.837790
22 13.726192 8.492056
26 14.896811 0.687927
27 14.708499 1.943341
28 14.656523 2.289850
24 14.112667 5.915555
30 14.533713 3.108582
23 14.516347 3.224351
18 13.937328 7.084480
35 14.595238 2.698413
119 14.211312 5.257919
37 14.418690 3.875400
29 14.673744 2.175042
29 14.464889 3.567405
25 14.705244 1.965037
26 13.873563 7.509577
26 14.673893 2.174045
110 14.911311 0.591257
25 13.766783 8.221446
131 14.369138 4.205749
17 13.918285 7.211436
34 14.624959 2.500276
34 14.422855 3.847633
27 14.162035 5.586435
28 14.515954 3.226971
26 14.793250 1.378334
146 14.494635 3.369100
29 14.564491 2.903396
151 14.167737 5.548420
25 14.612449 2.583672
28 13.753717 8.308553
140 14.344542 4.369720
25 14.190908 5.393947
157 14.149986 5.666761
154 14.481726 3.455163
27 14.603528 2.643147
28 14.144499 5.703342
26 14.775196 1.498692
168 14.272715 4.848567
23 13.790680 8.062131
30 14.678800 2.141333
30 14.736281 1.758130
19 14.696406 2.023957
21 13.786658 8.088945
29 14.646434 2.357110
27 14.717349 1.884340
22 13.831314 7.791243
24 14.576200 2.825332
117 14.804442 1.303719
30 14.933191 0.445392
146 14.542010 3.053264
94 14.912492 0.583388
159 14.943751 0.374993
89 14.962558 0.249615
134 14.786394 1.424040
21 14.379871 4.134194
24 14.426041 3.826396
25 14.295356 4.697626
23 14.430669 3.795538
19 13.880407 7.463952
21 14.470827 3.527818
153 14.189059 5.406271
18 13.815387 7.897423
132 14.863997 0.906684
149 14.626251 2.491659
136 14.263814 4.907907
23 13.858152 7.612318
187 14.662101 2.252657
22 14.750908 1.660612
24 13.740006 8.399961
25 14.337334 4.417774
95 14.469995 3.533365
32 14.280524 4.796509
22 14.562180 2.918798
55 14.980932 0.127118
24 14.703743 1.975046
17 14.306193 4.625380
214 14.443447 3.710357
27 14.662350 2.251002
19 14.294081 4.706128
34 14.435553 3.762981
27 13.824574 7.836174
24 14.581391 2.790725
30 14.914203 0.571982
27 14.984178 0.105480
106 14.930647 0.462354
105 14.114247 5.905022
16 14.084912 6.100588
25 14.457740 3.615069
108 14.927317 0.484556
21 13.774194 8.172040
117 14.955848 0.294347
23 14.334068 4.439545
38 14.887768 0.748215
30 14.910624 0.595839
24 14.826791 1.154725
27 14.644694 2.368709
129 14.502659 3.315605
29 14.862266 0.918226
19 14.425620 3.829202
30 14.501797 3.321352
26 14.457896 3.614026
29 14.519733 3.201782
25 14.690140 2.065736
180 14.648442 2.343720
24 14.138136 5.745762
187 14.344351 4.370993
102 14.943320 0.377867
257 14.436542 3.756387
18 13.562964 9.580238
21 14.650563 2.329583
28 14.685780 2.094801
25 14.133509 5.776607
29 14.234763 5.101579
251 14.548061 3.012925
26 14.574647 2.835686
23 14.612290 2.584736
19 14.145886 5.694094
20 14.053693 6.308713
31 14.805955 1.293636
117 14.631349 2.457677
26 14.493716 3.375225
146 14.395116 4.032558
19 14.050221 6.331860
27 14.889041 0.739728
109 13.777659 8.148943
161 14.286088 4.759415
179 14.427654 3.815637
29 14.492627 3.382485
159 14.469783 3.534780
25 13.917838 7.214412
27 14.689403 2.070650
18 13.651541 8.989725
116 14.402689 3.982075
19 14.042770 6.381534
23 14.794377 1.370820
246 14.612082 2.586122
27 14.695827 2.027818
20 14.356507 4.289952
145 14.307742 4.615056
29 14.895286 0.698094
29 14.872268 0.851548
155 14.160294 5.598041
114 14.377719 4.148539
27 14.493446 3.377025
142 14.601135 2.659103
22 14.277227 4.818484
25 14.451844 3.654372
27 14.947187 0.352085
211 14.340373 4.397513
100 14.463787 3.574753
29 14.235797 5.094688
28 14.381007 4.126619
114 14.206040 5.293064
111 14.899421 0.670529
27 14.462906 3.580626
25 14.309228 4.605149
30 14.754888 1.634081
95 14.874378 0.837478
24 14.690589 2.062741
181 14.761293 1.591378
139 14.162584 5.582771
151 14.380529 4.129804
181 14.568711 2.875257
161 14.453843 3.641049
154 14.512656 3.248957
134 14.826539 1.156406
