24 -0.121052 8.946370
26 -0.119477 7.529435
26 -0.121933 9.739417
26 -0.118083 6.274779
26 -0.122179 9.960814
27 -0.116702 5.031445
27 -0.122075 9.867933
27 -0.118980 7.082252
28 -0.116871 5.183982
29 -0.120184 8.165372
28 -0.117484 5.735613
29 -0.118701 6.830638
29 -0.118788 6.909346
30 -0.121034 8.930867
30 -0.118521 6.669200
30 -0.122221 9.998922
30 -0.116644 4.979931
30 -0.119865 7.878054
30 -0.118671 6.803469
30 -0.120137 8.122985
30 -0.118042 6.237951
30 -0.116829 5.146144
31 -0.117038 5.334389
32 -0.118916 7.024362
32 -0.120641 8.577298
31 -0.119427 7.484269
32 -0.115722 4.149365
32 -0.114619 3.156892
32 -0.122066 9.859819
33 -0.119051 7.145660
33 -0.118305 6.474714
35 -0.115293 3.764107
35 -0.117780 6.001992
35 -0.118319 6.486868
35 -0.115742 4.167790
35 -0.121859 9.673092
36 -0.121893 9.704087
36 -0.114032 2.628903
37 -0.113808 2.427062
36 -0.113599 2.239469
37 -0.115058 3.552212
38 -0.120468 8.420987
38 -0.114369 2.932532
37 -0.115199 3.679314
38 -0.114078 2.669848
39 -0.115877 4.289653
40 -0.112946 1.651071
42 -0.112523 1.270733
25 -0.119861 7.874601
27 -0.120427 8.383955
26 -0.120262 8.236146
30 -0.117218 5.496454
28 -0.118618 6.755922
26 -0.121391 9.251927
26 -0.121787 9.608266
27 -0.121470 9.323094
30 -0.120380 8.341618
27 -0.120546 8.491621
29 -0.116322 4.689431
25 -0.122073 9.865909
30 -0.120320 8.288325
35 -0.117100 5.390269
26 -0.118736 6.862487
32 -0.121097 8.987580
30 -0.120096 8.086330
32 -0.121939 9.745073
30 -0.116493 4.843671
32 -0.115741 4.166951
35 -0.114401 2.960965
31 -0.119470 7.522564
36 -0.117233 5.509412
30 -0.119436 7.492396
30 -0.117390 5.650604
33 -0.118424 6.581287
32 -0.117666 5.899721
35 -0.118779 6.900712
26 -0.122026 9.823566
27 -0.117162 5.445503
37 -0.116408 4.766818
29 -0.120178 8.160283
38 -0.116664 4.997593
35 -0.120864 8.777881
30 -0.120909 8.818264
33 -0.115969 4.372094
33 -0.114076 2.668678
27 -0.119411 7.470060
43 -0.114748 3.273108
33 -0.114912 3.420506
39 -0.120043 8.038868
32 -0.115664 4.097590
37 -0.115927 4.334478
29 -0.117590 5.830759
35 -0.115200 3.680141
25 -0.120807 8.726422
42 -0.113450 2.104955
37 -0.114247 2.821937
29 -0.119955 7.959901
32 -0.116704 5.033432
32 -0.122095 9.885580
39 -0.113834 2.450317
32 -0.116126 4.513598
30 -0.116040 4.435786
29 -0.120113 8.101647
39 -0.116684 5.015577
29 -0.117055 5.349258
33 -0.114698 3.227870
30 -0.121356 9.220597
30 -0.117908 6.117464
35 -0.116817 5.135631
31 -0.120659 8.593235
33 -0.121540 9.386439
31 -0.115669 4.101722
33 -0.121586 9.427552
29 -0.121868 9.681599
31 -0.117963 6.166404
26 -0.119371 7.433569
29 -0.118498 6.648416
36 -0.114544 3.089680
31 -0.116381 4.742491
36 -0.115507 3.956714
30 -0.116062 4.456239
31 -0.119080 7.172294
36 -0.114021 2.619193
32 -0.116658 4.992526
35 -0.121556 9.400083
35 -0.116189 4.569847
30 -0.116070 4.463320
28 -0.121964 9.767318
47 -0.120541 8.486564
32 -0.116188 4.569370
35 -0.119014 7.112365
39 -0.114935 3.441323
36 -0.113613 2.251651
30 -0.118798 6.918311
33 -0.116282 4.654120
43 -0.114436 2.992208
31 -0.121462 9.316036
33 -0.117788 6.009038
38 -0.114469 3.022130
26 -0.121209 9.088450
38 -0.121942 9.748061
30 -0.119117 7.205149
40 -0.112849 1.564310
28 -0.121450 9.304767
31 -0.117848 6.063207
30 -0.120843 8.758554
23 -0.121891 9.701652
33 -0.116667 5.000366
25 -0.121611 9.450170
25 -0.117393 5.653681
41 -0.117321 5.588957
35 -0.114905 3.414475
26 -0.119740 7.766091
32 -0.119784 7.805513
32 -0.114619 3.157377
37 -0.115508 3.956978
37 -0.114586 3.127397
31 -0.115922 4.329443
31 -0.116086 4.477192
29 -0.118597 6.737293
28 -0.118766 6.889749
33 -0.117138 5.423814
37 -0.115319 3.787420
42 -0.115724 4.152036
30 -0.118625 6.762648
36 -0.115772 4.194997
32 -0.120060 8.053563
32 -0.114738 3.263873
37 -0.114838 3.354603
31 -0.117326 5.592994
27 -0.120487 8.438692
37 -0.121152 9.036404
30 -0.116297 4.667719
31 -0.118672 6.804986
32 -0.116847 5.162362
31 -0.115940 4.345880
36 -0.119004 7.103286
38 -0.115591 4.031624
31 -0.115147 3.632146
38 -0.113447 2.102154
30 -0.120255 8.229708
36 -0.116716 5.044425
29 -0.117282 5.554196
36 -0.113576 2.218524
26 -0.120425 8.382437
35 -0.116167 4.550698
40 -0.116118 4.506410
36 -0.116473 4.826000
38 -0.116607 4.946010
33 -0.114252 2.826523
32 -0.114992 3.492713
30 -0.117857 6.071544
31 -0.119619 7.656978
36 -0.121772 9.594432
34 -0.113265 1.938407
46 -0.112293 1.063946
41 -0.115057 3.550900
41 -0.115012 3.510351
36 -0.114279 2.851236
37 -0.113687 2.318104
