24 -3.313980 5.681816
21 -3.313980 5.681816
29 -3.302315 5.309809
23 -3.294442 5.058756
22 -3.223768 2.804995
22 -3.313980 5.681816
31 -3.335434 6.365984
24 -3.347001 6.734846
25 -3.308189 5.497150
24 -3.313980 5.681816
24 -3.313980 5.681816
27 -3.363909 7.274041
27 -3.442973 9.795375
31 -3.313980 5.681816
31 -3.313980 5.681816
26 -3.257637 3.885041
32 -3.226146 2.880825
25 -3.196601 1.938620
25 -3.308966 5.521917
30 -3.313980 5.681816
27 -3.214592 2.512360
28 -3.313980 5.681816
29 -3.189400 1.708992
32 -3.297657 5.161268
23 -3.315842 5.741210
27 -3.149627 0.440653
24 -3.303382 5.343840
26 -3.308723 5.514186
31 -3.313980 5.681816
34 -3.286982 4.820862
24 -3.212436 2.443609
28 -3.313980 5.681816
31 -3.280193 4.604370
38 -3.196584 1.938101
27 -3.313980 5.681816
29 -3.313980 5.681816
28 -3.256349 3.843972
26 -3.313980 5.681816
29 -3.313980 5.681816
30 -3.313980 5.681816
32 -3.224417 2.825681
35 -3.372508 7.548263
30 -3.204114 2.178237
32 -3.313980 5.681816
34 -3.313980 5.681816
34 -3.400481 8.440317
36 -3.236832 3.221603
28 -3.429250 9.357745
25 -3.313980 5.681816
23 -3.301537 5.284997
33 -3.313980 5.681816
29 -3.313980 5.681816
35 -3.313980 5.681816
27 -3.304882 5.391694
35 -3.404684 8.574331
24 -3.345652 6.691836
28 -3.313980 5.681816
22 -3.313980 5.681816
26 -3.405785 8.609457
31 -3.313980 5.681816
35 -3.313980 5.681816
29 -3.360068 7.151547
35 -3.226032 2.877166
36 -3.259349 3.939662
32 -3.338156 6.452786
29 -3.427681 9.307701
41 -3.313980 5.681816
24 -3.309312 5.532966
21 -3.313980 5.681816
30 -3.232431 3.081255
28 -3.406511 8.632617
25 -3.313980 5.681816
26 -3.375430 7.641444
28 -3.366462 7.355436
26 -3.313980 5.681816
23 -3.202001 2.110855
26 -3.313980 5.681816
25 -3.313980 5.681816
23 -3.215413 2.538529
28 -3.180872 1.437035
31 -3.313980 5.681816
22 -3.247651 3.566589
28 -3.162493 0.850943
30 -3.344226 6.646357
32 -3.313980 5.681816
42 -3.217601 2.608334
21 -3.313980 5.681816
27 -3.290676 4.938652
40 -3.313980 5.681816
24 -3.372528 7.548899
32 -3.354698 6.980313
33 -3.396250 8.305374
40 -3.313980 5.681816
28 -3.166876 0.990726
25 -3.313980 5.681816
22 -3.313980 5.681816
28 -3.240280 3.331534
37 -3.313980 5.681816
40 -3.313980 5.681816
24 -3.372897 7.560660
24 -3.185763 1.593029
22 -3.260214 3.967219
33 -3.429377 9.361795
37 -3.313980 5.681816
27 -3.160425 0.784994
26 -3.182390 1.485441
26 -3.313980 5.681816
27 -3.413872 8.867348
23 -3.313980 5.681816
23 -3.239996 3.322498
35 -3.382893 7.879419
25 -3.362949 7.243409
24 -3.274704 4.429316
32 -3.399060 8.394978
26 -3.241323 3.364797
19 -3.313980 5.681816
24 -3.229879 2.999874
24 -3.313980 5.681816
29 -3.265956 4.150332
24 -3.326033 6.066184
33 -3.202166 2.116095
34 -3.313980 5.681816
23 -3.167068 0.996847
22 -3.313980 5.681816
27 -3.413915 8.868718
24 -3.336176 6.389632
27 -3.162178 0.840908
24 -3.220538 2.701982
27 -3.313980 5.681816
29 -3.162476 0.850403
27 -3.313980 5.681816
29 -3.274737 4.430358
24 -3.313980 5.681816
22 -3.313980 5.681816
51 -3.300836 5.262656
28 -3.313980 5.681816
24 -3.300535 5.253053
28 -3.313980 5.681816
28 -3.258207 3.903241
25 -3.229714 2.994609
40 -3.431068 9.415707
30 -3.175780 1.274665
24 -3.429945 9.379916
39 -3.293570 5.030937
31 -3.273458 4.389579
31 -3.256656 3.853773
23 -3.313980 5.681816
22 -3.313980 5.681816
22 -3.313980 5.681816
24 -3.282925 4.691487
24 -3.392103 8.173140
25 -3.313980 5.681816
22 -3.313980 5.681816
27 -3.404293 8.561883
21 -3.285900 4.786356
22 -3.170844 1.117264
25 -3.313980 5.681816
33 -3.313980 5.681816
38 -3.313980 5.681816
27 -3.188660 1.685399
35 -3.393380 8.213842
23 -3.240542 3.339902
25 -3.164655 0.919891
33 -3.313980 5.681816
25 -3.251255 3.681525
30 -3.396176 8.303036
23 -3.313980 5.681816
34 -3.423681 9.180135
31 -3.277154 4.507439
25 -3.313980 5.681816
35 -3.423703 9.180838
23 -3.318048 5.811540
26 -3.316905 5.775102
37 -3.313980 5.681816
37 -3.424277 9.199144
48 -3.313980 5.681816
24 -3.313980 5.681816
29 -3.254233 3.776502
29 -3.261240 3.999946
31 -3.313980 5.681816
25 -3.313980 5.681816
37 -3.313980 5.681816
38 -3.284555 4.743469
27 -3.313980 5.681816
35 -3.313980 5.681816
31 -3.313980 5.681816
31 -3.313980 5.681816
35 -3.313980 5.681816
37 -3.369380 7.448508
28 -3.313980 5.681816
27 -3.200428 2.060683
36 -3.313980 5.681816
44 -3.299500 5.220051
41 -3.432194 9.451640
41 -3.313980 5.681816
52 -3.442433 9.778146
36 -3.208432 2.315923
40 -3.313980 5.681816
49 -3.317966 5.808935
47 -3.327747 6.120851
