11 -1.042848 9.367242
13 -1.024687 7.462565
14 -1.031920 8.221147
14 -1.043195 9.403643
14 -1.004963 5.394126
16 -1.029178 7.933603
16 -1.022267 7.208781
17 -0.967436 1.458452
17 -1.002935 5.181387
17 -0.982572 3.045879
18 -0.969812 1.707693
16 -1.015978 6.549294
18 -0.964201 1.119256
19 -0.994783 4.326523
19 -0.960685 0.750448
19 -0.998797 4.747474
19 -0.970305 1.759426
19 -0.969152 1.638421
19 -0.977615 2.525954
20 -0.962547 0.945730
20 -1.005639 5.465003
20 -0.959965 0.674990
16 -1.001338 5.013891
22 -0.978261 2.593701
13 -1.014860 6.431987
17 -0.996501 4.506608
14 -1.023206 7.307323
22 -0.967230 1.436937
22 -0.983843 3.179131
21 -0.995942 4.447970
23 -1.013982 6.339908
23 -0.966129 1.321432
24 -0.965643 1.270470
23 -0.964291 1.128671
20 -0.965211 1.225160
19 -0.977544 2.518534
19 -1.030077 8.027831
18 -1.031772 8.205647
18 -0.975165 2.269111
18 -1.031725 8.200703
22 -0.971259 1.859378
18 -0.986056 3.411234
19 -0.965424 1.247456
17 -0.958055 0.474667
19 -0.970723 1.803181
20 -0.977889 2.554735
18 -0.991070 3.937108
24 -0.969382 1.662593
24 -1.007272 5.636256
23 -0.974809 2.231686
26 -0.975303 2.283528
18 -0.971804 1.916554
18 -0.956663 0.328654
26 -0.972791 2.020096
20 -0.998868 4.754893
18 -0.967288 1.442919
19 -0.994969 4.345972
16 -1.023682 7.357208
25 -1.003407 5.230862
25 -0.963524 1.048226
25 -0.963213 1.015659
28 -0.967512 1.466445
14 -1.012201 6.153122
14 -0.964116 1.110351
20 -0.981088 2.890244
22 -0.975053 2.257278
23 -0.980759 2.855690
25 -0.980747 2.854488
19 -0.995565 4.408522
27 -1.005201 5.419087
22 -0.967180 1.431678
19 -0.962268 0.916474
31 -0.964896 1.192144
27 -0.976567 2.416129
18 -0.970222 1.750629
21 -0.958195 0.489358
24 -0.968388 1.558330
14 -1.021723 7.151714
28 -0.966855 1.397582
18 -1.014355 6.379028
26 -0.963157 1.009769
22 -0.976650 2.424807
33 -0.961863 0.874006
13 -1.019671 6.936520
26 -0.964071 1.105568
27 -0.963409 1.036122
16 -0.956790 0.342017
17 -1.036759 8.728688
30 -0.982546 3.043178
16 -0.969033 1.625948
27 -0.995182 4.368361
28 -0.965775 1.284296
19 -0.974481 2.197280
19 -0.968437 1.563518
17 -1.041436 9.219126
18 -0.967197 1.433428
19 -0.967579 1.473457
18 -1.025089 7.504761
18 -0.963215 1.015802
30 -1.013569 6.296630
18 -0.960804 0.762947
26 -0.967618 1.477546
19 -0.972776 2.018496
31 -0.983855 3.180451
29 -0.969473 1.672076
29 -0.971457 1.880219
25 -0.960292 0.709314
30 -0.959022 0.576101
24 -1.000370 4.912439
32 -0.997578 4.619609
18 -0.970251 1.753686
14 -0.972000 1.937134
24 -0.970197 1.748047
33 -0.967468 1.461817
24 -0.961777 0.865029
38 -0.963200 1.014249
22 -0.961548 0.841045
18 -0.969638 1.689470
29 -0.967673 1.483369
27 -0.967463 1.461276
22 -1.003273 5.216799
22 -0.965390 1.243966
28 -0.962479 0.938638
29 -0.967838 1.500606
35 -0.964159 1.114795
25 -0.964497 1.150321
19 -0.970074 1.735131
18 -0.972712 2.011759
22 -0.969285 1.652441
19 -0.980386 2.816607
18 -0.994805 4.328729
22 -0.980531 2.831824
29 -0.958946 0.568165
20 -0.988991 3.718990
32 -0.986168 3.422971
20 -0.963158 1.009874
38 -0.978106 2.577510
37 -0.957884 0.456760
32 -0.967361 1.450622
17 -0.968847 1.606473
17 -0.980915 2.872121
19 -0.972805 2.021546
28 -0.962765 0.968677
29 -0.976464 2.405298
16 -1.038032 8.862156
34 -0.967159 1.429461
31 -0.969872 1.713999
39 -0.964494 1.149956
22 -0.960120 0.691195
20 -0.968306 1.549745
38 -0.972586 1.998553
19 -0.981133 2.894953
23 -0.974916 2.242941
25 -0.971340 1.867933
22 -0.969465 1.671239
30 -0.977919 2.557871
14 -0.981491 2.932497
16 -1.019297 6.897352
17 -0.967638 1.479633
17 -0.999193 4.788993
19 -1.017249 6.682545
20 -0.983853 3.180183
17 -0.968726 1.593786
18 -0.982359 3.023541
19 -0.969521 1.677194
26 -0.970353 1.764387
28 -0.975168 2.269370
24 -0.967312 1.445476
31 -0.963781 1.075162
43 -0.966669 1.378003
32 -0.985366 3.338847
23 -0.984091 3.205118
30 -0.971357 1.869685
29 -0.969100 1.632958
45 -0.974080 2.155265
28 -0.965936 1.301190
43 -0.974689 2.219143
33 -0.979318 2.704646
42 -0.963023 0.995728
41 -0.965326 1.237188
43 -0.976049 2.361820
43 -0.965801 1.287014
38 -0.959970 0.675531
43 -0.968262 1.545155
45 -0.974090 2.156342
37 -0.995874 4.440886
34 -0.965352 1.239972
34 -0.981403 2.923244
40 -0.958339 0.504503
34 -0.968495 1.569563
49 -0.960613 0.742955
37 -0.984750 3.274306
47 -0.960959 0.779261
44 -1.009169 5.835222
64 -0.980652 2.844465
66 -0.972914 2.032967
60 -0.960023 0.681102
65 -0.960204 0.700093
69 -0.990767 3.905343
85 -1.011472 6.076662
