67 -26.715551 9.912455
71 -26.525731 9.131501
76 -25.309351 4.127102
76 -26.099344 7.377272
79 -25.903530 6.571659
77 -25.801721 6.152799
82 -26.416668 8.682798
86 -26.206652 7.818756
86 -25.891364 6.521605
86 -26.423434 8.710635
88 -25.449349 4.703078
88 -25.571654 5.206261
89 -25.376003 4.401320
90 -26.629190 9.557152
91 -25.604354 5.340795
96 -26.134827 7.523255
94 -25.432714 4.634638
95 -26.290092 8.162042
97 -25.363828 4.351230
105 -25.904291 6.574791
102 -25.299828 4.087921
104 -25.160925 3.516449
104 -25.457616 4.737090
103 -26.269213 8.076143
106 -26.192919 7.762254
104 -26.591146 9.400629
106 -25.483312 4.842808
109 -25.313481 4.144092
105 -25.503892 4.927475
115 -25.536192 5.060365
116 -25.463832 4.762662
117 -25.352179 4.303304
117 -26.518881 9.103320
117 -25.773641 6.037272
121 -25.232099 3.809275
118 -25.370133 4.377170
122 -25.408661 4.535678
121 -25.475894 4.812288
123 -25.649285 5.525650
126 -25.318803 4.165990
74 -26.501624 9.032320
125 -25.214245 3.735817
136 -25.300839 4.092080
133 -25.213251 3.731731
135 -25.253501 3.897325
135 -25.173363 3.567624
139 -25.352782 4.305785
99 -25.051111 3.064655
92 -26.722001 9.938990
104 -25.201195 3.682127
146 -25.249983 3.882851
103 -25.343034 4.265681
84 -26.206057 7.816305
96 -26.586486 9.381458
153 -25.143806 3.446020
93 -26.732877 9.983735
87 -25.731797 5.865118
113 -25.296296 4.073390
77 -26.520498 9.109972
101 -25.603510 5.337324
98 -26.305506 8.225456
93 -25.287594 4.037590
126 -25.597287 5.311719
118 -25.176209 3.579333
113 -26.642478 9.611820
116 -25.309396 4.127288
111 -25.176206 3.579319
84 -25.319893 4.170472
89 -26.178406 7.702548
117 -25.020999 2.940771
125 -25.772969 6.034509
78 -25.631520 5.452560
108 -25.391858 4.466551
74 -25.499588 4.909771
102 -25.802601 6.156417
107 -25.377984 4.409469
83 -25.636561 5.473300
110 -25.268754 3.960079
119 -25.373419 4.390687
98 -25.470803 4.791345
116 -25.443256 4.678009
70 -26.090417 7.340545
94 -25.155970 3.496064
112 -25.291008 4.051637
91 -25.161391 3.518369
122 -25.282076 4.014889
126 -25.804838 6.165623
110 -25.041846 3.026538
113 -25.306957 4.117253
132 -25.742171 5.907801
103 -26.524040 9.124545
119 -25.312456 4.139875
89 -25.456553 4.732717
146 -25.123368 3.361937
87 -25.667777 5.601728
93 -26.026492 7.077544
97 -25.287777 4.038343
115 -25.144046 3.447007
102 -25.776505 6.049055
69 -25.728002 5.849506
94 -25.619345 5.402470
132 -24.651566 1.420857
127 -25.571054 5.203792
93 -25.219547 3.757631
112 -24.802043 2.039948
116 -25.203244 3.690560
72 -26.201766 7.798652
104 -26.203307 7.804992
108 -25.227913 3.792052
111 -25.407574 4.531207
115 -25.351317 4.299756
91 -26.682958 9.778360
101 -25.584868 5.260627
103 -25.185729 3.618500
97 -25.335069 4.232911
96 -25.302170 4.097557
79 -25.043566 3.033616
106 -25.326475 4.197554
127 -25.319936 4.170650
84 -25.213545 3.732937
111 -25.496386 4.896597
121 -25.500043 4.911643
107 -25.694826 5.713012
122 -25.516268 4.978393
119 -25.334014 4.228569
98 -25.961005 6.808119
93 -26.214945 7.852874
82 -26.267514 8.069153
95 -26.584948 9.375132
95 -25.148080 3.463603
142 -25.861998 6.400788
95 -25.266350 3.950187
111 -25.348746 4.289180
104 -25.340738 4.256234
107 -25.191044 3.640364
90 -25.837436 6.299734
129 -25.317083 4.158912
111 -25.633643 5.461297
108 -25.743377 5.912760
147 -25.150883 3.475135
114 -25.736931 5.886242
146 -26.513406 9.080796
84 -25.908876 6.593651
107 -25.117281 3.336890
152 -25.999853 6.967947
97 -25.411287 4.546486
111 -25.995500 6.950038
103 -26.488848 8.979760
72 -26.160994 7.630910
85 -25.999442 6.966258
115 -25.296284 4.073342
120 -25.477411 4.818529
93 -26.608535 9.472172
114 -25.106798 3.293763
152 -25.254152 3.900005
147 -25.023489 2.951013
184 -25.623916 5.421275
87 -26.720786 9.933991
98 -25.626561 5.432159
98 -26.170729 7.670963
98 -25.342183 4.262176
120 -24.719394 1.699915
101 -25.512319 4.962148
83 -25.159220 3.509438
98 -26.254329 8.014905
94 -25.263593 3.938843
91 -26.038122 7.125393
126 -25.371545 4.382978
83 -26.526181 9.133355
104 -26.466623 8.888322
82 -25.286088 4.031393
82 -26.398185 8.606756
115 -25.609121 5.360408
102 -25.203786 3.692786
106 -25.268912 3.960727
93 -26.341597 8.373941
94 -25.280499 4.008399
168 -25.281040 4.010627
87 -25.463617 4.761779
108 -25.346507 4.279968
97 -25.521822 5.001245
123 -25.605844 5.346925
99 -25.591281 5.287009
90 -26.318236 8.277833
119 -25.276268 3.990991
107 -25.663981 5.586111
106 -25.433355 4.637277
93 -26.210828 7.835935
125 -25.499079 4.907675
122 -25.761299 5.986496
117 -25.204615 3.696199
105 -25.448842 4.700991
95 -25.312922 4.141794
118 -26.292493 8.171919
117 -25.366020 4.360248
104 -25.731418 5.863559
111 -25.286745 4.034094
111 -25.619726 5.404040
148 -25.517004 4.981424
140 -25.662369 5.579479
