11 -1.028357 2.835730
12 -1.015091 1.509101
13 -1.076545 7.654541
14 -1.095972 9.597196
16 -1.044862 4.486240
16 -1.053955 5.395463
16 -1.076579 7.657924
17 -1.066282 6.628152
17 -1.043579 4.357865
19 -1.068076 6.807577
19 -1.004643 0.464275
19 -1.088999 8.899950
19 -1.010129 1.012925
20 -1.088342 8.834191
20 -1.064443 6.444326
18 -1.002177 0.217670
22 -1.025969 2.596890
22 -1.059815 5.981498
23 -1.038171 3.817067
24 -1.063761 6.376094
24 -1.083264 8.326373
24 -1.078220 7.822008
25 -1.095343 9.534274
26 -1.082423 8.242288
26 -1.040846 4.084632
26 -1.082215 8.221518
26 -1.078435 7.843517
26 -1.090140 9.013965
26 -1.069618 6.961755
26 -1.085078 8.507806
26 -1.016001 1.600087
26 -1.048320 4.831988
29 -1.024433 2.443309
29 -1.029315 2.931536
29 -1.021915 2.191531
29 -1.026817 2.681676
14 -1.081896 8.189649
30 -1.020435 2.043532
30 -1.060446 6.044603
30 -1.072219 7.221937
30 -1.029816 2.981620
23 -1.007935 0.793481
30 -1.041835 4.183510
25 -1.074037 7.403720
31 -1.040969 4.096865
31 -1.035872 3.587230
29 -1.019641 1.964123
31 -1.016517 1.651664
31 -1.006632 0.663178
32 -1.022515 2.251463
32 -1.039601 3.960058
28 -1.091841 9.184085
32 -1.022786 2.278615
20 -1.023733 2.373269
23 -1.000475 0.047485
26 -1.038371 3.837102
12 -1.010859 1.085931
25 -1.025243 2.524283
34 -1.082331 8.233086
17 -1.045545 4.554549
25 -1.062132 6.213228
25 -1.039621 3.962071
25 -1.019405 1.940475
29 -1.082221 8.222124
16 -1.032365 3.236529
13 -1.030074 3.007394
20 -1.092522 9.252179
26 -1.044256 4.425614
30 -1.026878 2.687774
18 -1.080903 8.090313
17 -1.007969 0.796855
28 -1.052709 5.270879
20 -1.055325 5.532490
28 -1.021512 2.151154
26 -1.085844 8.584418
24 -1.047800 4.780028
14 -1.010641 1.064131
29 -1.044907 4.490746
13 -1.092788 9.278830
25 -1.002441 0.244077
25 -1.031292 3.129242
12 -1.088758 8.875832
17 -1.055840 5.584010
26 -1.062221 6.222146
12 -1.043481 4.348119
31 -1.019249 1.924949
31 -1.028309 2.830860
26 -1.088298 8.829800
26 -1.098497 9.849654
17 -1.051633 5.163301
25 -1.037644 3.764394
30 -1.032089 3.208921
31 -1.026365 2.636525
30 -1.094962 9.496213
26 -1.065851 6.585060
26 -1.044040 4.404049
31 -1.037051 3.705113
18 -1.028037 2.803726
26 -1.013395 1.339531
29 -1.040403 4.040343
17 -1.060827 6.082658
28 -1.051665 5.166484
24 -1.006680 0.668001
30 -1.011430 1.142970
29 -1.027397 2.739672
28 -1.013549 1.354940
23 -1.000031 0.003093
18 -1.097473 9.747277
32 -1.029141 2.914069
29 -1.005873 0.587264
30 -1.050809 5.080938
28 -1.070381 7.038051
20 -1.009991 0.999126
14 -1.044031 4.403086
29 -1.054499 5.449927
25 -1.044810 4.480989
30 -1.017529 1.752913
34 -1.009215 0.921527
32 -1.025933 2.593286
17 -1.028177 2.817728
31 -1.047105 4.710546
30 -1.009609 0.960944
20 -1.018599 1.859860
32 -1.014974 1.497360
30 -1.056212 5.621196
16 -1.031475 3.147492
25 -1.082508 8.250803
25 -1.080864 8.086411
31 -1.034952 3.495225
25 -1.069843 6.984306
18 -1.064273 6.427268
22 -1.083328 8.332847
25 -1.044062 4.406179
28 -1.088238 8.823790
29 -1.097998 9.799761
13 -1.058194 5.819416
23 -1.056424 5.642361
32 -1.002195 0.219515
18 -1.046597 4.659722
19 -1.033122 3.312240
29 -1.072032 7.203208
29 -1.012273 1.227349
10 -1.042773 4.277288
24 -1.032283 3.228290
28 -1.008825 0.882504
26 -1.079292 7.929169
17 -1.055460 5.546023
16 -1.097743 9.774317
24 -1.046002 4.600166
26 -1.074943 7.494287
32 -1.002920 0.291985
30 -1.036556 3.655556
29 -1.041418 4.141764
30 -1.048413 4.841276
29 -1.030290 3.028958
25 -1.031590 3.159028
24 -1.093870 9.387047
28 -1.005581 0.558051
24 -1.061213 6.121349
26 -1.039061 3.906136
13 -1.018821 1.882050
28 -1.035720 3.571957
22 -1.005119 0.511913
32 -1.030088 3.008838
23 -1.045478 4.547773
25 -1.065951 6.595115
29 -1.046956 4.695596
29 -1.006351 0.635113
28 -1.008872 0.887159
29 -1.010006 1.000611
30 -1.028744 2.874427
26 -1.007899 0.789891
28 -1.034685 3.468516
30 -1.020754 2.075364
20 -1.050050 5.004970
25 -1.081485 8.148471
29 -1.015910 1.591013
22 -1.083994 8.399448
24 -1.062566 6.256606
29 -1.075485 7.548511
29 -1.018482 1.848184
25 -1.051321 5.132100
25 -1.059483 5.948257
29 -1.025442 2.544198
34 -1.013064 1.306441
28 -1.041212 4.121185
30 -1.066783 6.678311
29 -1.005164 0.516352
31 -1.042338 4.233829
27 -1.091329 9.132872
24 -1.086709 8.670899
25 -1.048194 4.819397
31 -1.091360 9.135979
26 -1.000241 0.024054
34 -1.021208 2.120758
26 -1.039368 3.936842
29 -1.091246 9.124632
28 -1.078628 7.862790
35 -1.019626 1.962637
35 -1.005812 0.581163
