10 -6867.083937 9.004059
10 -6726.995456 6.780376
10 -6852.518797 8.772860
10 -6751.721244 7.172859
10 -6558.182845 4.100744
10 -6490.017025 3.018720
10 -6858.054771 8.860735
10 -6859.052402 8.876571
10 -6763.367569 7.357726
10 -6350.540337 0.804749
11 -6568.678706 4.267349
11 -6599.521458 4.756929
12 -6690.953204 6.208263
11 -6399.672840 1.584649
12 -6915.613740 9.774392
13 -6850.864992 8.746609
13 -6668.484235 5.851604
14 -6795.946511 7.874865
16 -6903.714794 9.585515
18 -6722.406465 6.707533
22 -6787.668605 7.743466
24 -6863.415433 8.945827
29 -6565.513174 4.217101
32 -6844.537777 8.646174
24 -6498.871297 3.159267
39 -6916.929261 9.795274
51 -6900.865779 9.540292
49 -6616.819768 5.031512
10 -6589.196215 4.593032
44 -6717.362842 6.627474
10 -6903.992741 9.589927
47 -6876.884748 9.159631
failed to find solution after reaching max emtpy limit -- 18 iterations and 9 function evals
79 -6870.534450 9.058830
85 -6678.616398 6.012436
89 -6796.003020 7.875762
85 -6880.131021 9.211160
83 -6914.767253 9.760956
11 -6712.493517 6.550181
57 -6882.926590 9.255536
96 -6775.139513 7.544587
50 -6823.856473 8.317891
35 -6563.966525 4.192551
30 -6913.572035 9.741983
35 -6791.793710 7.808946
112 -6928.688571 9.981934
15 -6899.012130 9.510868
115 -6839.746073 8.570113
11 -6794.128044 7.846000
124 -6889.204364 9.355185
119 -6728.401428 6.802694
127 -6685.787274 6.126262
10 -6788.133315 7.750843
21 -6855.854844 8.825815
126 -6784.904141 7.699585
10 -6795.943747 7.874821
49 -6671.538740 5.900089
12 -6639.832649 5.396805
123 -6876.779938 9.157967
128 -6893.468532 9.422872
135 -6606.625958 4.869702
136 -6791.352939 7.801949
133 -6313.281384 0.213322
10 -6884.736362 9.284263
139 -6801.626352 7.965023
34 -6746.150468 7.084432
145 -6828.491741 8.391469
64 -6817.345379 8.214538
151 -6653.643125 5.616025
161 -6861.283503 8.911986
139 -6607.661678 4.886142
169 -6858.977549 8.875383
175 -6807.190698 8.053349
177 -6755.574810 7.234028
184 -6864.001211 8.955125
51 -6469.739711 2.696850
186 -6575.746648 4.379542
10 -6624.542102 5.154092
197 -6871.077856 9.067456
207 -6576.201507 4.386762
212 -6761.114682 7.321965
43 -6768.197120 7.434387
213 -6756.189008 7.243778
221 -6863.091484 8.940685
216 -6377.738278 1.236473
106 -6825.050704 8.336848
194 -6831.656526 8.441705
11 -6684.539417 6.106454
111 -6577.329442 4.404666
92 -6833.368935 8.468887
245 -6782.968986 7.668867
46 -6382.085355 1.305476
65 -6684.630658 6.107902
149 -6690.743157 6.204929
139 -6791.207309 7.799638
10 -6549.406092 3.961427
11 -6756.932882 7.255586
10 -6529.758097 3.649546
29 -6572.193428 4.323140
177 -6621.777584 5.110210
204 -6884.787557 9.285076
failed to find solution after reaching max emtpy limit -- 18 iterations and 9 function evals
275 -6923.186045 9.894591
233 -6926.464740 9.946635
10 -6448.097592 2.353315
300 -6562.773122 4.173607
303 -6898.029005 9.495263
305 -6880.798775 9.221760
118 -6610.356011 4.928910
308 -6885.540532 9.297028
324 -6606.258826 4.863874
322 -6609.571679 4.916460
233 -6754.504454 7.217038
318 -6487.273114 2.975165
335 -6647.039420 5.511201
329 -6706.164663 6.449721
340 -6702.877966 6.397550
93 -6670.021847 5.876011
369 -6646.640749 5.504873
187 -6785.311205 7.706046
211 -6685.972727 6.129206
169 -6816.664853 8.203736
402 -6612.446715 4.962097
185 -6809.283877 8.086574
197 -6812.238983 8.133482
212 -6861.209528 8.910812
408 -6793.695348 7.839131
431 -6854.518265 8.804599
433 -6902.784426 9.570747
361 -6431.472274 2.089415
438 -6770.901019 7.477308
343 -6422.198354 1.942206
328 -6796.420085 7.882382
458 -6315.193823 0.243679
473 -6886.058051 9.305243
472 -6718.322185 6.642702
487 -6891.254568 9.387729
510 -6910.902650 9.699611
507 -6824.563660 8.329117
441 -6719.958105 6.668670
375 -6879.838084 9.206511
521 -6823.095531 8.305813
444 -6918.476747 9.819838
543 -6878.840526 9.190676
575 -6857.090582 8.845430
598 -6819.063910 8.241817
556 -6708.475192 6.486397
515 -6802.598042 7.980447
526 -6861.767068 8.919662
662 -6861.040384 8.908127
605 -6913.271777 9.737217
594 -6880.248528 9.213026
565 -6921.498679 9.867806
691 -6902.256185 9.562362
708 -6753.210380 7.196497
792 -6850.215252 8.736295
719 -6849.138675 8.719206
902 -6899.205338 9.513935
980 -6860.320201 8.896695
1031 -6871.566214 9.075208
1066 -6729.195508 6.815299
1126 -6902.190650 9.561322
1180 -6914.683056 9.759619
failed to find solution in 1200 iterations and 1209 function evals
failed to find solution in 1200 iterations and 1209 function evals
failed to find solution in 1200 iterations and 1209 function evals
failed to find solution in 1200 iterations and 1209 function evals
failed to find solution in 1200 iterations and 1209 function evals
failed to find solution in 1200 iterations and 1209 function evals
failed to find solution in 1200 iterations and 1209 function evals
failed to find solution in 1200 iterations and 1209 function evals
failed to find solution in 1200 iterations and 1209 function evals
failed to find solution in 1200 iterations and 1209 function evals
failed to find solution in 1200 iterations and 1209 function evals
failed to find solution in 1200 iterations and 1209 function evals
failed to find solution in 1200 iterations and 1209 function evals
failed to find solution in 1200 iterations and 1209 function evals
failed to find solution in 1200 iterations and 1209 function evals
failed to find solution in 1200 iterations and 1209 function evals
failed to find solution in 1200 iterations and 1209 function evals
failed to find solution in 1200 iterations and 1209 function evals
failed to find solution in 1200 iterations and 1209 function evals
failed to find solution in 1200 iterations and 1209 function evals
failed to find solution in 1200 iterations and 1209 function evals
failed to find solution in 1200 iterations and 1209 function evals
failed to find solution in 1200 iterations and 1209 function evals
failed to find solution in 1200 iterations and 1209 function evals
failed to find solution in 1200 iterations and 1209 function evals
failed to find solution in 1200 iterations and 1209 function evals
failed to find solution in 1200 iterations and 1209 function evals
failed to find solution in 1200 iterations and 1209 function evals
failed to find solution in 1200 iterations and 1209 function evals
failed to find solution in 1200 iterations and 1209 function evals
failed to find solution in 1200 iterations and 1209 function evals
failed to find solution in 1200 iterations and 1209 function evals
failed to find solution in 1200 iterations and 1209 function evals
failed to find solution in 1200 iterations and 1208 function evals
failed to find solution in 1200 iterations and 1209 function evals
failed to find solution in 1200 iterations and 1209 function evals
failed to find solution in 1200 iterations and 1209 function evals
