27 0.977340 2.265984
27 0.967903 3.209728
27 0.947072 5.292777
17 0.912165 8.783519
30 0.975279 2.472145
54 0.976030 2.396988
38 0.940978 5.902162
68 0.950179 4.982066
71 0.962040 3.796012
51 0.932865 6.713535
58 0.965500 3.450013
63 0.945872 5.412818
80 0.977250 2.274988
68 0.986797 1.320279
54 0.976342 2.365817
73 0.975881 2.411858
90 0.944495 5.550519
97 0.964738 3.526154
98 0.916888 8.311153
31 0.964568 3.543244
26 0.904364 9.563556
99 0.959458 4.054166
116 0.931079 6.892141
90 0.987712 1.228822
70 0.973060 2.694016
81 0.925308 7.469203
99 0.990062 0.993797
119 0.903041 9.695927
22 0.927047 7.295256
117 0.906833 9.316743
42 0.974184 2.581571
69 0.935516 6.448449
104 0.978972 2.102807
73 0.918572 8.142776
138 0.917049 8.295102
29 0.924555 7.544495
77 0.984412 1.558834
119 0.942490 5.750993
54 0.940377 5.962263
174 0.922351 7.764858
145 0.909507 9.049257
180 0.972207 2.779323
106 0.953830 4.616990
119 0.976827 2.317294
136 0.966923 3.307728
153 0.969773 3.022687
184 0.927749 7.225081
190 0.947911 5.208862
157 0.989201 1.079916
75 0.969548 3.045210
172 0.929023 7.097744
197 0.936675 6.332487
181 0.951456 4.854392
131 0.984772 1.522767
28 0.962640 3.735971
89 0.987592 1.240820
182 0.985349 1.465113
71 0.984565 1.543532
133 0.962026 3.797367
77 0.956197 4.380321
97 0.913641 8.635927
30 0.947495 5.250461
96 0.929056 7.094421
76 0.978735 2.126537
108 0.981203 1.879668
88 0.980249 1.975051
130 0.966417 3.358308
225 0.933202 6.679843
29 0.916956 8.304403
18 0.981426 1.857367
211 0.904103 9.589673
22 0.923305 7.669500
55 0.904949 9.505084
182 0.988611 1.138931
90 0.974389 2.561076
162 0.928786 7.121372
288 0.901852 9.814797
226 0.919811 8.018925
55 0.955742 4.425799
261 0.913859 8.614131
96 0.939162 6.083789
84 0.963960 3.604006
70 0.967532 3.246800
195 0.925580 7.442007
211 0.983227 1.677278
178 0.928307 7.169304
107 0.951026 4.897401
157 0.986444 1.355639
284 0.981248 1.875226
13 0.906169 9.383106
168 0.984720 1.528011
160 0.987157 1.284288
232 0.949182 5.081835
51 0.954400 4.560036
151 0.940573 5.942673
162 0.986897 1.310332
285 0.975711 2.428874
305 0.948758 5.124231
21 0.940589 5.941099
70 0.932937 6.706269
157 0.985703 1.429716
236 0.909576 9.042386
228 0.927094 7.290604
275 0.953261 4.673908
245 0.916444 8.355596
99 0.939659 6.034080
102 0.984519 1.548097
106 0.982385 1.761501
168 0.972936 2.706395
153 0.917773 8.222687
254 0.907485 9.251455
85 0.983201 1.679928
31 0.946465 5.353455
235 0.979733 2.026742
80 0.933535 6.646550
134 0.983090 1.691021
157 0.986950 1.304957
129 0.919350 8.065000
24 0.997345 0.265514
54 0.939967 6.003321
119 0.911792 8.820843
166 0.986102 1.389761
195 0.982394 1.760550
27 0.943399 5.660106
178 0.928793 7.120697
135 0.980778 1.922231
88 0.926059 7.394112
306 0.932995 6.700462
334 0.942529 5.747074
422 0.977767 2.223309
21 0.995914 0.408570
274 0.936113 6.388700
192 0.960706 3.929441
26 0.964583 3.541730
204 0.987078 1.292189
78 0.987508 1.249153
132 0.935360 6.464012
33 0.958800 4.120035
67 0.972010 2.798989
58 0.968547 3.145272
285 0.961397 3.860346
146 0.960482 3.951752
115 0.977458 2.254158
39 0.980331 1.966882
37 0.962797 3.720252
134 0.937956 6.204393
124 0.906048 9.395151
139 0.948850 5.114980
26 0.937013 6.298657
113 0.965946 3.405407
183 0.987515 1.248470
95 0.978320 2.168015
116 0.985775 1.422509
55 0.967345 3.265469
203 0.974491 2.550928
95 0.976062 2.393753
159 0.910714 8.928580
216 0.939306 6.069411
178 0.951378 4.862182
58 0.917702 8.229834
264 0.910872 8.912763
259 0.929600 7.040009
138 0.903051 9.694876
61 0.905405 9.459469
78 0.925432 7.456833
105 0.963087 3.691256
132 0.967771 3.222905
97 0.979914 2.008598
219 0.933775 6.622501
270 0.918919 8.108076
489 0.973753 2.624706
254 0.943637 5.636320
92 0.985296 1.470393
322 0.935125 6.487549
147 0.907351 9.264869
155 0.911500 8.850013
125 0.957742 4.225770
371 0.927402 7.259810
149 0.935766 6.423406
170 0.948382 5.161823
394 0.954156 4.584380
291 0.984464 1.553607
221 0.971564 2.843610
274 0.933154 6.684629
416 0.921781 7.821872
349 0.973338 2.666186
360 0.983798 1.620246
487 0.928195 7.180511
573 0.982648 1.735177
525 0.945868 5.413163
559 0.974890 2.511002
652 0.948946 5.105353
484 0.905127 9.487294
676 0.971324 2.867614
549 0.972803 2.719704
640 0.963523 3.647743
579 0.972012 2.798805
863 0.948559 5.144139
1149 0.970237 2.976290
failed to find solution in 1200 iterations and 1177 function evals
