89 -7603.075620 7.855280
104 -7635.057034 8.308960
109 -7697.189097 9.190350
110 -7585.162079 7.601163
109 -7416.380270 5.206868
111 -7750.567009 9.947555
110 -7616.814785 8.050180
110 -7564.929015 7.314142
115 -7356.590623 4.358707
115 -7751.663058 9.963103
126 -7699.779438 9.227096
137 -7362.813624 4.446985
134 -7509.899185 6.533503
132 -7742.704285 9.836017
140 -7714.795224 9.440106
140 -7578.722203 7.509809
137 -7566.929169 7.342516
143 -7666.017545 8.748158
142 -7635.015407 8.308370
152 -7609.068115 7.940288
152 -7658.291557 8.638559
164 -7641.803682 8.404667
101 -7601.936818 7.839125
98 -7623.254775 8.141537
103 -7550.147847 7.104460
119 -7716.700272 9.467130
75 -7675.268906 8.879396
211 -7488.016162 6.223076
110 -7585.512777 7.606138
111 -7398.899030 4.958883
228 -7693.080591 9.132068
130 -7564.095438 7.302317
146 -7513.919381 6.590533
252 -7642.146993 8.409537
134 -7629.810079 8.234528
107 -7587.863465 7.639484
183 -7611.663206 7.977102
144 -7633.873408 8.292170
196 -7738.820202 9.780918
138 -7574.102307 7.444272
