22 20.587598 9.014810
26 20.690466 8.560193
25 21.820452 3.566315
28 22.022098 2.675155
39 22.242522 1.701011
36 22.278554 1.541771
36 20.437843 9.676641
35 20.658881 8.699782
27 21.896882 3.228538
33 21.659580 4.277275
45 21.822818 3.555857
30 21.454654 5.182929
26 20.614980 8.893801
39 21.123113 6.648145
29 21.680921 4.182960
46 21.860009 3.391495
48 22.051058 2.547171
32 20.690465 8.560199
43 21.527467 4.861136
33 22.198622 1.895026
25 21.947121 3.006510
31 21.521000 4.889717
33 20.856066 7.828340
39 21.153770 6.512662
29 22.326212 1.331151
34 20.439370 9.669891
36 21.805539 3.632221
37 22.309329 1.405761
33 21.503042 4.969083
35 21.643839 4.346844
32 20.506034 9.375278
31 21.328876 5.738794
34 22.616718 0.047284
37 21.494416 5.007203
18 20.986090 7.253708
46 21.266018 6.016589
34 21.412738 5.368175
35 22.125831 2.216719
39 21.537559 4.816536
30 20.839632 7.900970
39 21.530626 4.847177
42 22.361315 1.176014
34 21.661280 4.269764
41 22.026660 2.654995
45 21.261104 6.038308
36 20.702521 8.506919
41 22.367537 1.148516
50 22.416496 0.932149
41 22.196183 1.905804
22 21.881152 3.298057
41 22.225394 1.776708
30 21.240045 6.131376
43 22.441332 0.822388
40 22.608663 0.082880
30 20.553081 9.167357
56 20.524703 9.292770
36 21.563754 4.700769
26 22.236616 1.727111
47 22.390441 1.047295
39 22.361509 1.175158
39 21.025124 7.081204
39 20.923015 7.532465
36 20.860338 7.809458
21 21.069193 6.886441
40 20.626234 8.844063
38 21.971436 2.899055
35 21.583366 4.614098
30 21.115849 6.680251
37 22.197966 1.897924
38 21.445686 5.222561
36 21.504652 4.961967
24 22.131306 2.192520
37 20.675456 8.626531
37 21.339664 5.691120
24 21.522953 4.881088
57 20.414496 9.779822
29 22.125657 2.217486
33 22.073998 2.445791
27 22.324069 1.340619
39 22.215258 1.821503
39 21.689613 4.144549
32 20.973353 7.310001
41 20.366457 9.992125
41 20.671112 8.645727
23 20.793440 8.105111
25 21.226123 6.192901
44 22.109241 2.290037
34 21.230816 6.172163
23 20.745055 8.318944
40 20.894102 7.660244
37 22.453153 0.770145
62 21.924194 3.107837
41 20.906375 7.606002
36 21.785870 3.719147
29 21.352022 5.636502
40 21.680746 4.183733
40 21.685077 4.164594
45 22.603024 0.107802
42 22.081848 2.411097
26 20.497201 9.414314
29 21.008421 7.155021
27 20.936186 7.474253
39 22.143413 2.139017
39 20.865995 7.784460
34 22.167574 2.032238
25 20.555924 9.154793
37 21.821875 3.560028
39 21.386511 5.484084
20 20.395912 9.861953
36 21.797976 3.665644
35 22.175409 1.997613
29 20.770677 8.205711
36 21.761251 3.827950
43 22.496989 0.576417
39 22.014798 2.707418
54 22.379058 1.097604
33 22.235947 1.730071
39 22.606251 0.093542
33 21.363898 5.584019
40 21.494432 5.007132
38 20.760197 8.252022
37 20.664273 8.675951
36 21.551314 4.755748
33 21.758888 3.838390
27 20.696966 8.531467
35 20.924416 7.526272
38 20.499632 9.403572
40 22.053961 2.534343
40 22.487894 0.616609
48 21.591077 4.580020
31 21.522006 4.885271
33 21.584651 4.608417
31 20.556850 9.150698
38 22.371900 1.129235
36 21.927143 3.094801
32 20.647722 8.749098
56 22.095494 2.350791
39 21.420721 5.332892
38 21.616754 4.466541
41 22.409936 0.961139
27 20.585147 9.025645
41 22.394422 1.029702
43 22.163440 2.050508
25 20.833524 7.927962
21 21.639425 4.366349
40 22.051445 2.545459
23 20.770135 8.208105
49 21.766197 3.806092
39 22.306965 1.416209
33 22.113503 2.271200
30 21.520442 4.892183
37 21.462236 5.149422
28 20.650510 8.736778
22 20.646563 8.754219
25 20.752666 8.285308
31 21.210010 6.264113
40 21.011257 7.142487
30 20.822016 7.978820
30 22.159863 2.066316
39 21.288379 5.917766
34 21.805672 3.631635
45 21.971172 2.900222
38 22.389481 1.051538
48 22.137847 2.163613
52 22.194985 1.911099
39 22.079608 2.420995
33 21.180167 6.396002
34 22.501813 0.555097
30 22.207449 1.856014
30 21.760571 3.830954
33 20.387313 9.899953
24 20.817151 8.000322
38 20.609017 8.920152
42 22.171495 2.014909
36 21.911702 3.163045
35 21.026987 7.072967
26 21.791254 3.695351
41 22.146646 2.124728
30 20.581678 9.040975
29 20.622955 8.858554
39 22.546590 0.357207
35 21.731977 3.957324
35 22.156268 2.082205
43 22.466875 0.709503
40 20.650713 8.735881
39 20.793713 8.103905
53 21.041948 7.006849
34 21.800248 3.655605
36 20.506997 9.371021
48 21.467505 5.126134
34 21.613554 4.480682
28 22.454307 0.765047
36 20.472197 9.524815
36 21.729283 3.969230
36 21.760183 3.832668
36 20.868133 7.775009
36 21.868989 3.351810
47 22.378006 1.102253
36 20.700390 8.516336
56 22.621644 0.025512
