7 98.576694 1.383860
7 98.224310 1.736384
7 94.733173 5.228918
7 94.761826 5.200254
7 92.984531 6.978260
7 97.434547 2.526464
7 95.750182 4.211502
7 92.723271 7.239625
7 91.411965 8.551455
7 93.334803 6.627848
7 96.998335 2.962850
7 97.271607 2.689469
7 93.596803 6.365744
7 96.978375 2.982818
7 94.766921 5.195157
7 99.510932 0.449248
7 96.760734 3.200546
7 98.157764 1.802958
7 97.987745 1.973044
7 91.334006 8.629445
7 92.402270 7.560754
7 94.364032 5.598207
8 93.159096 6.803626
8 93.025519 6.937256
8 90.493371 9.470417
8 96.721529 3.239767
8 90.673073 9.290643
8 92.768942 7.193935
7 94.886052 5.075978
7 99.831341 0.128711
7 93.533305 6.429267
7 97.933991 2.026819
7 97.423731 2.537284
7 91.136629 8.826902
7 96.639719 3.321610
7 98.110178 1.850562
9 94.670976 5.291141
9 91.433462 8.529950
9 91.611105 8.352236
7 96.151496 3.810028
7 92.944910 7.017898
8 92.034384 7.928787
8 91.474021 8.489375
7 98.487925 1.472664
7 98.725385 1.235109
7 93.614596 6.347943
8 95.087687 4.874263
7 94.846955 5.115091
7 95.681799 4.279913
7 91.164299 8.799220
7 98.944256 1.016151
9 96.060183 3.901378
9 92.969816 6.992981
8 98.102748 1.857995
8 94.281493 5.680780
8 90.760035 9.203647
8 92.960786 7.002015
11 92.402288 7.560736
11 93.634982 6.327549
11 93.679125 6.283388
11 89.990880 9.973109
11 90.899387 9.064239
7 96.485132 3.476259
7 96.259557 3.701924
7 98.273244 1.687431
7 98.088333 1.872415
7 97.638128 2.322801
7 96.573554 3.387801
8 91.794970 8.168297
12 93.308508 6.654154
7 99.192400 0.767907
12 90.515658 9.448122
9 90.486203 9.477588
7 97.545353 2.415613
7 98.399229 1.561395
7 93.230322 6.732371
13 94.162298 5.800022
12 90.463058 9.500743
12 90.771243 9.192434
8 92.169403 7.793714
13 94.039271 5.923098
11 91.736465 8.226826
7 90.351184 9.612661
9 90.819945 9.143713
9 94.387665 5.574565
8 92.899666 7.063159
8 90.737790 9.225900
8 90.273843 9.690033
7 96.164404 3.797114
7 94.657856 5.304266
12 90.307972 9.655890
12 91.765229 8.198051
8 98.951345 1.009058
11 89.983907 9.980085
11 90.989122 8.974468
13 96.574135 3.387220
15 91.292820 8.670648
14 95.781208 4.180464
14 95.538328 4.423441
11 96.688202 3.273107
7 95.393803 4.568024
12 90.861680 9.101961
8 90.088001 9.875949
7 95.243236 4.718651
11 96.913426 3.047793
7 93.552177 6.410387
16 91.644690 8.318637
11 90.137170 9.826760
8 92.045251 7.917917
8 92.613139 7.349801
9 95.082025 4.879927
7 99.371265 0.588971
7 94.739578 5.222511
9 90.764929 9.198751
8 94.597738 5.364407
9 94.728884 5.233209
17 93.158787 6.803934
11 97.423749 2.537266
7 96.739353 3.221936
9 92.681461 7.281452
8 98.442685 1.517922
15 94.196175 5.766132
15 97.777677 2.183196
19 94.458870 5.503331
7 95.211695 4.750205
19 90.796818 9.166849
9 92.276574 7.686501
7 90.164333 9.799587
11 90.418731 9.545087
7 99.683447 0.276663
7 90.993184 8.970404
9 99.719640 0.240456
19 99.481165 0.479026
19 93.696856 6.265650
20 90.872891 9.090746
15 90.234239 9.729652
8 92.472770 7.490226
8 97.382648 2.578383
8 98.426037 1.534577
13 90.047726 9.916240
11 92.345427 7.617620
7 93.035106 6.927665
7 91.962646 8.000554
7 98.042624 1.918143
11 91.654831 8.308492
7 96.424011 3.537404
15 90.706154 9.257549
13 90.710688 9.253013
13 92.938372 7.024438
7 97.331264 2.629788
7 96.049424 3.912141
13 92.344078 7.618970
7 96.446763 3.514642
8 91.743307 8.219981
7 93.984392 5.977999
9 94.270358 5.691919
23 97.432962 2.528050
7 93.517301 6.445277
7 99.608935 0.351205
23 92.445303 7.517704
8 98.583086 1.377465
7 96.278518 3.682955
9 96.212501 3.748998
16 90.340853 9.622996
19 98.855303 1.105139
11 94.563297 5.398863
24 94.994819 4.967168
11 99.346616 0.613630
11 97.693577 2.267330
23 96.615180 3.346158
23 98.919981 1.040435
11 91.758571 8.204711
19 93.471586 6.491011
19 90.067757 9.896201
11 90.005987 9.957996
17 90.662456 9.301265
19 89.972602 9.991394
19 96.675647 3.285667
12 90.904778 9.058845
20 90.431916 9.531897
13 96.546405 3.414961
23 97.686766 2.274144
13 93.445522 6.517085
23 91.588363 8.374987
16 90.578064 9.385691
27 98.902852 1.057571
19 90.106396 9.857547
20 90.094485 9.869463
19 90.086450 9.877501
17 90.122220 9.841717
23 93.682934 6.279578
21 91.157238 8.806284
19 99.074784 0.885570
23 96.873955 3.087280
19 95.838471 4.123178
25 90.247130 9.716757
23 96.949959 3.011246
21 90.521507 9.442269
23 94.605170 5.356973
24 93.749307 6.213178
