9 -1.054791 5.479091
11 -1.086121 8.612109
11 -1.062791 6.279090
12 -1.092656 9.265602
13 -1.065608 6.560803
15 -1.077586 7.758594
15 -1.050573 5.057321
15 -1.087249 8.724919
16 -1.078531 7.853132
16 -1.028389 2.838905
17 -1.026908 2.690828
17 -1.090869 9.086891
17 -1.061602 6.160171
17 -1.076089 7.608860
17 -1.062336 6.233605
17 -1.068173 6.817262
19 -1.092719 9.271939
19 -1.057994 5.799397
19 -1.036025 3.602489
19 -1.019253 1.925276
19 -1.048445 4.844495
19 -1.038787 3.878687
19 -1.032880 3.288048
19 -1.070088 7.008850
19 -1.064438 6.443752
19 -1.042460 4.245992
19 -1.039910 3.990984
8 -1.050965 5.096456
20 -1.039109 3.910865
15 -1.073312 7.331220
20 -1.069660 6.965970
20 -1.052487 5.248656
20 -1.045212 4.521249
21 -1.029408 2.940807
21 -1.033625 3.362534
21 -1.052122 5.212182
21 -1.063224 6.322428
21 -1.017891 1.789120
23 -1.028434 2.843410
23 -1.034746 3.474610
23 -1.037675 3.767500
23 -1.053344 5.334366
20 -1.045853 4.585301
23 -1.021973 2.197260
24 -1.026282 2.628204
24 -1.029638 2.963809
24 -1.022747 2.274717
24 -1.021718 2.171766
21 -1.063476 6.347645
25 -1.022465 2.246535
16 -1.054880 5.487954
25 -1.023726 2.372640
8 -1.099818 9.981813
20 -1.022074 2.207415
16 -1.061733 6.173264
13 -1.036687 3.668739
15 -1.060365 6.036525
23 -1.019657 1.965711
17 -1.041917 4.191734
17 -1.035673 3.567274
23 -1.038458 3.845814
17 -1.057813 5.781283
15 -1.061191 6.119112
16 -1.055377 5.537690
21 -1.020620 2.062048
17 -1.056239 5.623948
21 -1.027801 2.780093
20 -1.026883 2.688330
17 -1.098372 9.837170
15 -1.056299 5.629850
19 -1.049414 4.941418
15 -1.075763 7.576339
20 -1.033615 3.361542
17 -1.059420 5.941980
19 -1.061844 6.184441
19 -1.040283 4.028286
21 -1.033980 3.397959
20 -1.032877 3.287749
23 -1.039795 3.979531
21 -1.014843 1.484319
19 -1.050673 5.067310
17 -1.041941 4.194065
20 -1.036798 3.679796
17 -1.077635 7.763482
15 -1.065734 6.573438
24 -1.020259 2.025885
17 -1.055278 5.527750
23 -1.026962 2.696209
21 -1.030346 3.034581
16 -1.068333 6.833262
23 -1.041253 4.125333
23 -1.033147 3.314707
19 -1.026815 2.681519
17 -1.042731 4.273122
20 -1.078360 7.835991
19 -1.052113 5.211251
23 -1.032013 3.201268
11 -1.084684 8.468420
15 -1.069647 6.964747
21 -1.022261 2.226116
27 -1.025880 2.587992
15 -1.081282 8.128212
18 -1.065086 6.508623
20 -1.036668 3.666795
15 -1.094254 9.425414
20 -1.038289 3.828875
24 -1.068519 6.851945
21 -1.033115 3.311530
16 -1.042310 4.231023
21 -1.038473 3.847323
19 -1.040567 4.056727
17 -1.064821 6.482124
17 -1.099318 9.931752
20 -1.030709 3.070874
19 -1.056290 5.629015
16 -1.091177 9.117673
20 -1.031502 3.150184
16 -1.089693 8.969349
19 -1.050022 5.002224
20 -1.022274 2.227378
15 -1.068074 6.807409
25 -1.013965 1.396458
7 -1.062708 6.270767
19 -1.074205 7.420539
20 -1.058072 5.807242
17 -1.058084 5.808359
17 -1.071857 7.185687
17 -1.047043 4.704326
17 -1.083189 8.318879
23 -1.041771 4.177108
23 -1.054920 5.492035
23 -1.027188 2.718753
13 -1.068056 6.805592
19 -1.079592 7.959207
16 -1.052767 5.276730
24 -1.023439 2.343948
15 -1.044799 4.479878
20 -1.029936 2.993583
19 -1.088818 8.881778
17 -1.055386 5.538595
15 -1.093739 9.373945
20 -1.028792 2.879239
20 -1.027315 2.731536
24 -1.057640 5.764025
21 -1.043450 4.344978
16 -1.077057 7.705651
15 -1.078895 7.889460
29 -1.036912 3.691187
17 -1.049526 4.952570
15 -1.039997 3.999657
20 -1.038752 3.875203
13 -1.089923 8.992314
21 -1.031786 3.178616
21 -1.039328 3.932842
23 -1.032574 3.257414
24 -1.016140 1.614015
21 -1.026491 2.649131
21 -1.023350 2.334972
13 -1.050301 5.030051
21 -1.020513 2.051293
21 -1.026298 2.629756
19 -1.036587 3.658691
20 -1.050063 5.006347
16 -1.041453 4.145294
19 -1.054269 5.426931
16 -1.080590 8.059040
17 -1.052248 5.224751
19 -1.057525 5.752474
19 -1.029036 2.903620
19 -1.037392 3.739196
19 -1.086558 8.655797
20 -1.035432 3.543172
20 -1.030367 3.036695
28 -1.018084 1.808418
21 -1.034328 3.432762
19 -1.040658 4.065840
20 -1.030725 3.072541
17 -1.081833 8.183322
20 -1.034877 3.487688
16 -1.078794 7.879436
19 -1.061799 6.179912
20 -1.076986 7.698614
21 -1.060218 6.021808
19 -1.074756 7.475625
21 -1.021354 2.135400
20 -1.032185 3.218477
21 -1.034079 3.407880
21 -1.029921 2.992101
24 -1.043592 4.359236
21 -1.031795 3.179526
23 -1.030302 3.030222
23 -1.027283 2.728262
19 -1.072386 7.238613
24 -1.026839 2.683865
21 -1.030814 3.081410
25 -1.021599 2.159939
27 -1.021732 2.173180
21 -1.039428 3.942843
25 -1.015977 1.597726
23 -1.029649 2.964871
