17 -1.040766 9.148823
17 -0.982039 2.989996
18 -1.031731 8.201334
18 -1.024977 7.493056
18 -1.040793 9.151665
19 -1.026690 7.672621
19 -0.963768 1.073849
20 -1.024383 7.430766
20 -1.021437 7.121748
20 -1.030277 8.048806
20 -1.017648 6.724355
20 -1.024543 7.447466
23 -0.981422 2.925209
23 -1.010586 5.983810
23 -1.037571 8.813776
23 -1.035688 8.616288
23 -1.016342 6.587398
24 -1.048235 9.932130
24 -1.009467 5.866434
24 -1.021967 7.177402
24 -1.005916 5.494034
24 -0.973850 2.131197
24 -1.023858 7.375627
25 -1.003355 5.225396
25 -0.973274 2.070764
25 -0.978218 2.589281
25 -1.025541 7.552211
25 -0.971661 1.901634
25 -1.044151 9.503829
25 -0.976563 2.415659
26 -1.029986 8.018308
26 -1.005060 5.404216
26 -1.045514 9.646828
26 -1.004837 5.380863
28 -1.041808 9.258201
28 -1.020473 7.020717
28 -1.016383 6.591689
29 -0.981777 2.962505
29 -1.046292 9.728415
29 -0.967401 1.454852
30 -0.966753 1.386855
31 -0.999773 4.849763
31 -1.015562 6.505667
31 -0.958877 0.560887
24 -1.047853 9.892100
32 -0.968383 1.557798
23 -0.993219 4.162425
22 -0.994849 4.333409
34 -0.964178 1.116831
20 -1.033031 8.337632
23 -0.987744 3.588223
20 -0.990792 3.907956
26 -0.987328 3.544614
23 -0.994405 4.286856
20 -0.995172 4.367233
19 -0.994118 4.256718
26 -1.009606 5.881032
26 -0.997960 4.659645
25 -1.003410 5.231254
37 -0.968898 1.611850
22 -0.998451 4.711175
29 -0.962199 0.909298
22 -1.028928 7.907385
28 -0.994601 4.307341
23 -1.047665 9.872366
26 -0.976904 2.451481
23 -1.015911 6.542192
24 -0.975948 2.351160
28 -1.044781 9.569904
28 -0.989890 3.813298
28 -0.972083 1.945811
28 -0.981084 2.889760
28 -1.004764 5.373239
26 -0.976051 2.362002
29 -1.021429 7.120892
24 -0.985093 3.310280
18 -1.035048 8.549233
29 -0.978983 2.669459
26 -0.960569 0.738336
31 -0.963416 1.036951
23 -1.036351 8.685847
34 -0.976032 2.359996
28 -0.998153 4.679914
24 -1.013123 6.249853
30 -0.967832 1.500003
34 -0.958516 0.523016
24 -1.022214 7.203299
26 -0.986405 3.447861
25 -0.974002 2.147075
30 -0.966057 1.313877
29 -0.966850 1.397006
23 -1.003784 5.270411
24 -1.020348 7.007522
24 -1.039169 8.981391
30 -0.960427 0.723381
30 -0.974904 2.241680
31 -1.001563 5.037481
25 -1.027939 7.803676
26 -1.009363 5.855548
23 -1.045673 9.663472
26 -0.993493 4.191197
29 -1.015489 6.498011
29 -0.957911 0.459555
25 -0.977448 2.508440
25 -1.014197 6.362443
28 -0.986298 3.436653
23 -0.986895 3.499243
28 -0.991743 4.007683
28 -0.978618 2.631226
24 -1.014560 6.400566
20 -0.987567 3.569741
18 -0.965456 1.250841
20 -1.038766 8.939129
25 -0.973387 2.082596
20 -1.028607 7.873678
22 -0.981276 2.909994
28 -0.984475 3.245467
28 -1.021345 7.112146
25 -0.986215 3.427892
31 -0.969571 1.682406
28 -0.973945 2.141093
25 -1.003084 5.197073
26 -0.990470 3.874121
25 -1.019262 6.893620
24 -1.007326 5.641884
19 -1.035388 8.584843
22 -1.009748 5.895917
32 -0.985563 3.359525
20 -1.020638 7.037952
29 -0.969711 1.697125
28 -0.973537 2.098359
24 -0.987165 3.527493
22 -1.032950 8.329203
19 -1.044588 9.549669
29 -1.027142 7.720088
22 -1.047811 9.887700
26 -0.987267 3.538241
24 -1.035821 8.630288
20 -1.028359 7.847729
28 -0.997937 4.657231
28 -0.989023 3.722385
26 -0.994511 4.297964
25 -1.000868 4.964678
22 -1.023178 7.304351
20 -1.000268 4.901700
23 -1.005229 5.421967
20 -1.023150 7.301369
22 -1.036929 8.746499
28 -0.964283 1.127802
29 -1.027310 7.737686
26 -0.982947 3.085193
31 -0.964247 1.124038
30 -0.972172 1.955214
26 -0.965877 1.295010
24 -1.004761 5.372908
22 -1.026438 7.646227
20 -1.012171 6.149994
24 -0.986763 3.485381
26 -0.989012 3.721295
19 -0.996298 4.485335
17 -1.000820 4.959609
20 -0.987229 3.534283
19 -1.048084 9.916340
25 -0.972282 1.966702
25 -1.027880 7.797459
28 -0.981920 2.977522
26 -0.993002 4.139735
26 -0.962953 0.988378
23 -0.991091 3.939278
23 -1.021183 7.095114
26 -0.990141 3.839610
19 -1.037598 8.816637
19 -1.032601 8.292591
24 -1.048502 9.960180
26 -1.001508 5.031777
23 -1.029586 7.976438
22 -1.034292 8.469911
30 -0.968108 1.528935
20 -1.010351 5.959181
30 -1.008177 5.731192
28 -0.969864 1.713101
24 -1.020449 7.018183
22 -0.992317 4.067889
25 -1.008749 5.791181
23 -1.008637 5.779374
23 -0.989981 3.822825
26 -0.963587 1.054800
28 -1.033102 8.345080
26 -1.048634 9.974001
28 -0.987773 3.591291
26 -1.001388 5.019129
29 -1.032486 8.280498
28 -1.020137 6.985441
30 -1.005971 5.499778
30 -0.978353 2.603390
34 -0.987768 3.590802
30 -0.976675 2.427375
29 -0.970889 1.820647
31 -0.964094 1.107968
32 -0.968618 1.582456
