7 -323.196141 5.447354
7 -322.516060 5.225468
9 -333.332212 8.754392
9 -324.871589 5.993993
12 -334.210585 9.040974
12 -332.787784 8.576765
13 -319.719912 4.313185
13 -336.783856 9.880540
14 -329.077192 7.366131
15 -336.607079 9.822864
15 -332.874172 8.604950
15 -325.473071 6.190235
15 -333.237538 8.723503
16 -321.976926 5.049568
16 -321.943698 5.038727
12 -333.778785 8.900093
15 -322.171734 5.113127
13 -336.222865 9.697509
16 -329.976277 7.659471
16 -335.107954 9.333753
16 -330.407205 7.800067
17 -328.251534 7.096748
17 -336.687929 9.849243
17 -321.348771 4.844623
17 -322.056266 5.075454
17 -319.860499 4.359054
17 -316.602820 3.296189
17 -328.142809 7.061275
17 -321.462334 4.881675
18 -319.675846 4.298808
18 -323.532954 5.557244
18 -320.412521 4.539159
18 -332.873672 8.604787
8 -309.185605 0.876217
18 -323.843900 5.658695
18 -316.982031 3.419912
18 -320.522111 4.574914
19 -322.983827 5.378084
19 -317.956319 3.737788
19 -317.344099 3.538042
19 -327.799608 6.949301
19 -314.741242 2.688823
19 -326.292159 6.457474
19 -323.936737 5.688984
20 -317.063791 3.446588
20 -316.933715 3.404148
19 -320.436962 4.547133
21 -316.173845 3.156230
11 -316.466965 3.251865
9 -306.549447 0.016133
21 -316.157251 3.150816
21 -319.622388 4.281367
10 -313.575327 2.308426
22 -313.797893 2.381042
8 -307.284983 0.256112
9 -335.806981 9.561821
11 -315.477033 2.928885
16 -317.184802 3.486069
8 -306.542664 0.013920
10 -325.444827 6.181020
16 -322.033072 5.067887
15 -331.402698 8.124861
24 -315.685896 2.997030
11 -336.565358 9.809252
15 -337.141342 9.997175
25 -317.395057 3.554668
19 -327.707033 6.919097
14 -321.125324 4.771721
18 -317.035407 3.437327
10 -335.636206 9.506103
17 -315.056380 2.791641
17 -315.658392 2.988056
16 -319.974711 4.396317
16 -316.230732 3.174790
16 -321.126182 4.772001
16 -325.470925 6.189535
18 -319.803412 4.340428
16 -330.290726 7.762064
19 -334.899423 9.265717
18 -316.365187 3.218658
15 -326.852441 6.640274
15 -335.934366 9.603382
8 -326.512023 6.529208
17 -321.886334 5.020011
19 -315.904647 3.068400
20 -323.020660 5.390101
13 -329.042941 7.354956
21 -318.738579 3.993011
19 -333.246945 8.726572
16 -332.031150 8.329902
17 -313.887917 2.410413
18 -316.380127 3.223533
21 -325.879246 6.322756
19 -317.507993 3.591515
20 -326.241823 6.441052
11 -336.997592 9.950275
17 -332.664501 8.536542
15 -316.857609 3.379318
16 -317.612382 3.625573
11 -321.504797 4.895529
20 -315.210657 2.841976
17 -321.103811 4.764702
10 -322.069060 5.079628
9 -306.554705 0.017848
9 -330.065746 7.688661
16 -326.998733 6.688004
19 -316.130699 3.142153
16 -330.915069 7.965765
21 -314.581528 2.636714
20 -317.313727 3.528133
17 -326.576012 6.550086
21 -319.543698 4.255693
21 -314.371939 2.568332
10 -316.761019 3.347804
22 -319.248892 4.159508
14 -315.688216 2.997786
21 -314.862694 2.728448
12 -328.317325 7.118214
15 -326.675173 6.582438
20 -315.460967 2.923643
18 -319.442434 4.222654
13 -320.737485 4.645183
21 -316.828029 3.369667
15 -321.798361 4.991309
25 -328.825733 7.284089
18 -335.943569 9.606385
19 -316.575702 3.287342
14 -335.163710 9.351944
16 -327.279473 6.779600
20 -321.729558 4.968861
16 -336.216182 9.695329
20 -313.837190 2.393863
20 -314.516378 2.615458
16 -329.996552 7.666086
17 -315.645267 2.983774
12 -332.035535 8.331333
19 -328.717877 7.248900
19 -322.834271 5.329289
13 -328.790876 7.272716
16 -322.740890 5.298822
17 -327.087346 6.716916
20 -321.627934 4.935704
14 -319.209128 4.146534
17 -326.786228 6.618671
15 -329.260145 7.425822
17 -324.523557 5.880443
11 -311.372462 1.589710
17 -328.058941 7.033912
11 -307.635364 0.370429
16 -331.657700 8.208059
20 -329.278085 7.431675
12 -325.011216 6.039548
17 -336.109131 9.660402
21 -323.545889 5.561465
10 -317.168155 3.480638
17 -327.428556 6.828240
20 -315.369849 2.893915
20 -315.625746 2.977405
19 -314.184114 2.507052
10 -314.420709 2.584244
14 -322.044932 5.071756
21 -317.659828 3.641053
11 -334.638278 9.180515
15 -321.253726 4.813614
17 -318.517845 3.920994
17 -327.749790 6.933047
17 -317.277224 3.516223
17 -321.778061 4.984685
18 -322.050125 5.073450
19 -320.481255 4.561584
13 -322.751623 5.302324
18 -319.626886 4.282834
20 -321.300460 4.828861
16 -318.154133 3.802327
13 -330.608603 7.865776
16 -321.646734 4.941838
17 -330.691280 7.892750
18 -327.458871 6.838131
15 -332.930159 8.623217
14 -316.757563 3.346676
19 -316.046597 3.114714
20 -322.091805 5.087049
19 -324.222780 5.782310
21 -322.356530 5.173419
18 -325.093230 6.066307
16 -317.388190 3.552427
17 -332.575939 8.507647
17 -326.588797 6.554257
17 -331.848495 8.270308
20 -319.577617 4.266759
17 -327.924664 6.990103
17 -324.172281 5.765834
18 -321.293998 4.826753
20 -317.926450 3.728043
18 -323.008527 5.386143
22 -318.620916 3.954622
19 -320.144314 4.451652
21 -321.042976 4.744853
20 -336.950431 9.934888
214 -313.307111 2.220917
