13 -1.004438 0.443819
13 -1.094929 9.492879
15 -1.041214 4.121441
15 -1.027040 2.703991
15 -1.077882 7.788196
15 -1.013751 1.375147
15 -1.057178 5.717824
15 -1.029459 2.945923
17 -1.037944 3.794433
17 -1.084179 8.417870
17 -1.087035 8.703451
17 -1.029981 2.998111
17 -1.098839 9.883947
17 -1.054219 5.421920
13 -1.026110 2.610965
17 -1.057459 5.745863
17 -1.065277 6.527667
17 -1.059901 5.990105
17 -1.025449 2.544932
17 -1.085732 8.573202
19 -1.004340 0.433967
19 -1.065386 6.538554
19 -1.070029 7.002948
19 -1.024117 2.411680
19 -1.062136 6.213645
19 -1.097764 9.776366
19 -1.040990 4.099021
19 -1.078393 7.839315
19 -1.036818 3.681819
19 -1.041071 4.107115
19 -1.003114 0.311367
19 -1.050639 5.063863
19 -1.067245 6.724460
19 -1.063627 6.362727
19 -1.088890 8.889008
19 -1.005370 0.537033
19 -1.073685 7.368478
19 -1.034576 3.457558
19 -1.048396 4.839567
19 -1.008238 0.823771
19 -1.094889 9.488857
19 -1.024874 2.487414
22 -1.058048 5.804837
22 -1.006514 0.651442
22 -1.077484 7.748394
22 -1.098958 9.895829
22 -1.069164 6.916401
22 -1.066250 6.625029
22 -1.070724 7.072356
22 -1.027862 2.786243
22 -1.067822 6.782214
13 -1.078615 7.861460
22 -1.045364 4.536427
22 -1.062629 6.262910
22 -1.058692 5.869163
22 -1.020502 2.050159
22 -1.095210 9.520966
22 -1.057342 5.734219
22 -1.089322 8.932167
22 -1.036898 3.689807
22 -1.035895 3.589527
24 -1.097017 9.701737
17 -1.041381 4.138085
24 -1.078252 7.825216
24 -1.069347 6.934743
15 -1.099234 9.923400
24 -1.076860 7.685984
24 -1.064770 6.477017
24 -1.051505 5.150529
24 -1.014941 1.494062
17 -1.060970 6.097049
24 -1.089690 8.969024
24 -1.072259 7.225866
24 -1.054965 5.496492
24 -1.075813 7.581276
24 -1.038894 3.889444
24 -1.048534 4.853361
24 -1.020166 2.016573
17 -1.009905 0.990542
24 -1.095697 9.569682
24 -1.095622 9.562248
24 -1.049987 4.998703
24 -1.095399 9.539915
24 -1.083907 8.390666
24 -1.088966 8.896571
24 -1.064442 6.444182
24 -1.041987 4.198706
24 -1.073550 7.354975
24 -1.005919 0.591883
24 -1.009339 0.933932
15 -1.090977 9.097727
26 -1.093110 9.310994
22 -1.017583 1.758317
17 -1.024121 2.412110
26 -1.063034 6.303350
17 -1.078309 7.830896
26 -1.073240 7.324035
19 -1.064668 6.466813
26 -1.031033 3.103334
15 -1.048427 4.842741
26 -1.025768 2.576750
26 -1.045853 4.585292
26 -1.057910 5.791008
26 -1.062577 6.257716
26 -1.023110 2.311044
22 -1.086937 8.693731
17 -1.061015 6.101482
15 -1.018398 1.839829
17 -1.023358 2.335783
15 -1.009879 0.987851
15 -1.078878 7.887783
17 -1.047184 4.718361
17 -1.093011 9.301145
13 -1.090801 9.080124
13 -1.092927 9.292682
28 -1.064630 6.462989
17 -1.012208 1.220838
17 -1.084443 8.444283
19 -1.018496 1.849619
30 -1.068186 6.818580
22 -1.010099 1.009854
22 -1.001747 0.174723
19 -1.000903 0.090315
19 -1.090364 9.036385
24 -1.090796 9.079565
22 -1.001217 0.121741
19 -1.059154 5.915377
17 -1.040581 4.058060
22 -1.054549 5.454932
22 -1.007927 0.792662
24 -1.092379 9.237888
17 -1.012268 1.226831
17 -1.045109 4.510950
17 -1.098499 9.849918
22 -1.016992 1.699155
17 -1.070963 7.096318
33 -1.005882 0.588201
17 -1.021070 2.107013
24 -1.076468 7.646779
15 -1.037253 3.725250
17 -1.010308 1.030782
22 -1.043498 4.349828
22 -1.057128 5.712823
17 -1.084938 8.493817
19 -1.061511 6.151130
19 -1.045464 4.546392
17 -1.061663 6.166291
19 -1.011048 1.104777
26 -1.050634 5.063450
22 -1.074963 7.496268
26 -1.069406 6.940595
17 -1.059058 5.905789
17 -1.075117 7.511680
22 -1.078225 7.822548
22 -1.020353 2.035331
19 -1.035964 3.596354
26 -1.027996 2.799606
22 -1.063349 6.334855
17 -1.066627 6.662655
19 -1.011102 1.110175
19 -1.004114 0.411429
22 -1.080919 8.091906
22 -1.014807 1.480746
24 -1.041088 4.108778
22 -1.088299 8.829886
19 -1.018595 1.859504
19 -1.060891 6.089095
26 -1.059013 5.901277
24 -1.077208 7.720753
19 -1.061940 6.193966
24 -1.081355 8.135519
24 -1.044824 4.482402
26 -1.036265 3.626522
24 -1.033150 3.314977
24 -1.012253 1.225343
24 -1.037237 3.723719
26 -1.043905 4.390488
22 -1.010258 1.025822
26 -1.044594 4.459388
24 -1.043840 4.384012
22 -1.085047 8.504657
28 -1.045882 4.588195
28 -1.031107 3.110696
24 -1.050335 5.033479
28 -1.049245 4.924456
28 -1.040344 4.034374
26 -1.032016 3.201579
24 -1.017076 1.707585
26 -1.061378 6.137757
24 -1.035200 3.519993
26 -1.054080 5.408038
26 -1.078812 7.881202
26 -1.023168 2.316835
30 -1.077927 7.792724
24 -1.083221 8.322140
26 -1.090928 9.092844
26 -1.039001 3.900057
28 -1.087260 8.726009
28 -1.075346 7.534587
28 -1.076959 7.695875
