10 4.249397 7.335471
11 4.405946 3.921693
11 4.175462 8.947738
12 4.390714 4.253842
12 4.358176 4.963385
12 4.307907 6.059572
12 4.148346 9.539049
12 4.323668 5.715884
10 4.245436 7.421856
13 4.264932 6.996717
14 4.521349 1.405162
14 4.213056 8.127957
14 4.398006 4.094843
16 4.191857 8.590219
16 4.316368 5.875071
16 4.307284 6.073168
13 4.338432 5.393928
11 4.229000 7.780261
17 4.478105 2.348155
17 4.412660 3.775288
10 4.490473 2.078453
17 4.421735 3.577385
12 4.252130 7.275878
14 4.336920 5.426914
18 4.499736 1.876465
11 4.466652 2.597907
18 4.361886 4.882494
18 4.321840 5.755749
19 4.533587 1.138291
19 4.459698 2.749553
19 4.389091 4.289241
19 4.130707 9.923694
19 4.469665 2.532211
19 4.287445 6.505792
19 4.288208 6.489150
12 4.310979 5.992593
20 4.353261 5.070563
20 4.298643 6.261594
20 4.567749 0.393327
18 4.505069 1.760167
20 4.311101 5.989933
22 4.559341 0.576687
22 4.289873 6.452837
22 4.501194 1.844666
14 4.270166 6.882570
18 4.336440 5.437376
12 4.324142 5.705553
16 4.302314 6.181543
23 4.230653 7.744220
23 4.321481 5.763580
23 4.484756 2.203130
13 4.486960 2.155069
24 4.523787 1.351996
16 4.422094 3.569568
24 4.468261 2.562830
24 4.502543 1.815252
14 4.414856 3.727396
14 4.245551 7.419344
20 4.487344 2.146687
25 4.504102 1.781244
22 4.443393 3.105109
23 4.526914 1.283807
25 4.340181 5.355792
14 4.507629 1.704337
26 4.569304 0.359423
26 4.511789 1.613633
18 4.391244 4.242294
17 4.443216 3.108966
18 4.321534 5.762423
26 4.487118 2.151620
26 4.516203 1.517377
10 4.279176 6.686112
13 4.436397 3.257667
17 4.241593 7.505656
18 4.454976 2.852525
25 4.361683 4.886905
10 4.277309 6.726816
18 4.460854 2.724343
13 4.130524 9.927678
18 4.319560 5.805478
28 4.537402 1.055100
14 4.146057 9.588957
12 4.436002 3.266282
16 4.471545 2.491202
11 4.537591 1.050964
16 4.292505 6.395439
17 4.354761 5.037865
20 4.239437 7.552682
30 4.555401 0.662596
11 4.460505 2.731951
19 4.193783 8.548231
12 4.323749 5.714116
13 4.438515 3.211482
17 4.353070 5.074723
24 4.389664 4.276738
17 4.301165 6.206593
16 4.497990 1.914530
12 4.497746 1.919852
14 4.178577 8.879820
16 4.437290 3.238179
19 4.212717 8.135353
25 4.442591 3.122590
12 4.321529 5.762531
11 4.194713 8.527938
19 4.364379 4.828123
13 4.536120 1.083052
23 4.450269 2.955153
17 4.311082 5.990338
22 4.494135 1.998603
18 4.540919 0.978401
17 4.438978 3.201379
18 4.308826 6.039530
19 4.508359 1.688425
22 4.321784 5.756982
24 4.410014 3.832984
24 4.496897 1.938361
28 4.485631 2.184037
13 4.389237 4.286048
23 4.509537 1.662729
19 4.390266 4.263611
22 4.530087 1.214601
26 4.544509 0.900113
16 4.363711 4.842686
23 4.219335 7.991024
23 4.478178 2.346558
20 4.506426 1.730571
18 4.399566 4.060810
17 4.346985 5.207436
12 4.239355 7.554463
14 4.447516 3.015190
23 4.554307 0.686467
20 4.367438 4.761415
24 4.391649 4.233450
22 4.383087 4.420164
17 4.198603 8.443116
12 4.286295 6.530855
11 4.394155 4.178822
17 4.172887 9.003902
23 4.383249 4.416644
30 4.133616 9.860249
19 4.146702 9.574908
11 4.178724 8.876620
20 4.512579 1.596390
17 4.380455 4.477568
12 4.500940 1.850209
12 4.231797 7.719282
22 4.409903 3.835402
16 4.226470 7.835441
11 4.431959 3.354435
12 4.236807 7.610017
18 4.535808 1.089848
17 4.191354 8.601195
23 4.493297 2.016875
19 4.405364 3.934375
14 4.228915 7.782116
13 4.330328 5.570647
14 4.368683 4.734272
24 4.378131 4.528232
12 4.274909 6.779161
11 4.142505 9.666417
25 4.208612 8.224860
12 4.282184 6.620506
14 4.140503 9.710086
23 4.507080 1.716306
17 4.426370 3.476306
22 4.130245 9.933764
19 4.311709 5.976666
20 4.358266 4.961437
13 4.299937 6.233381
28 4.541323 0.969591
18 4.361822 4.883878
20 4.367677 4.756202
22 4.431193 3.371134
16 4.192199 8.582760
19 4.210614 8.181205
16 4.351846 5.101432
16 4.255228 7.208315
29 4.576651 0.199205
19 4.439720 3.185199
20 4.493620 2.009838
22 4.368043 4.748230
19 4.484396 2.210973
18 4.478479 2.339991
25 4.538313 1.035240
25 4.288090 6.491710
25 4.342397 5.307476
20 4.517770 1.483203
25 4.219059 7.997037
28 4.477076 2.370603
24 4.423488 3.539153
23 4.535479 1.097026
23 4.417551 3.668620
22 4.239485 7.551624
25 4.226253 7.840173
24 4.166649 9.139936
25 4.498260 1.908649
29 4.562044 0.517742
30 4.547016 0.845449
31 4.532309 1.166160
32 4.558715 0.590341
