17 -1.007450 5.654948
20 -1.038918 8.955104
20 -1.036676 8.719965
20 -0.982389 3.026666
22 -0.995114 4.361173
22 -1.015721 6.522278
22 -1.018661 6.830655
22 -0.990937 3.923133
22 -0.995764 4.429374
22 -0.982731 3.062507
22 -0.995655 4.417881
23 -0.958865 0.559626
24 -0.977593 2.523656
24 -0.969259 1.649714
24 -1.029514 7.968853
24 -1.008302 5.744238
24 -1.028161 7.826913
24 -1.039389 9.004500
24 -1.036056 8.654915
24 -1.015956 6.546974
24 -1.045703 9.666646
24 -0.962842 0.976655
25 -1.046017 9.699514
25 -0.982777 3.067395
25 -1.037544 8.810932
26 -0.988444 3.661648
26 -1.003745 5.266361
26 -0.975709 2.326100
26 -0.970596 1.789944
26 -1.008906 5.807581
26 -1.040622 9.133751
26 -1.030218 8.042655
28 -0.986478 3.455461
28 -0.972474 1.986840
28 -1.026546 7.657542
28 -0.987635 3.576876
28 -1.005823 5.484239
28 -0.968477 1.567696
29 -0.982072 2.993452
29 -0.967780 1.494558
20 -1.035624 8.609633
29 -1.012646 6.199824
29 -0.963062 0.999787
29 -0.975581 2.312683
30 -1.025002 7.495627
30 -1.007563 5.666742
30 -0.964745 1.176260
30 -0.965267 1.231013
19 -1.008648 5.780536
34 -0.968261 1.545042
23 -0.969756 1.701800
20 -1.035292 8.574810
23 -1.020724 7.047020
24 -1.047541 9.859434
24 -1.036972 8.750972
25 -0.978845 2.655010
24 -1.011604 6.090601
20 -1.034863 8.529794
23 -0.981316 2.914095
26 -0.988602 3.678263
22 -1.004832 5.380321
24 -0.987499 3.562580
26 -0.967703 1.486475
22 -1.026496 7.652305
19 -1.041343 9.209345
25 -0.993397 4.181166
24 -0.978167 2.583928
23 -0.970710 1.801808
28 -0.980147 2.791557
23 -0.986131 3.419142
25 -1.009442 5.863761
29 -1.002836 5.171005
25 -1.047192 9.822842
23 -1.023834 7.373118
22 -0.964867 1.189110
26 -0.986209 3.427259
26 -1.011599 6.090039
23 -0.978830 2.653447
23 -0.994640 4.311427
22 -1.016188 6.571265
24 -1.025069 7.502622
28 -1.014311 6.374430
24 -0.984825 3.282092
24 -0.972810 2.022134
29 -0.980695 2.848961
28 -0.966073 1.315511
26 -0.978695 2.639261
22 -1.018232 6.785636
28 -0.962982 0.991418
31 -0.970135 1.741582
17 -1.025956 7.595668
28 -0.976808 2.441389
19 -1.038282 8.888330
25 -0.971257 1.859240
30 -0.973779 2.123685
26 -1.014224 6.365312
29 -0.966664 1.377558
22 -0.985541 3.357229
20 -0.980614 2.840554
18 -1.014913 6.437601
22 -0.991654 3.998275
31 -0.981480 2.931366
19 -0.985580 3.361289
19 -0.959183 0.592996
30 -0.972455 1.984870
25 -0.979013 2.672586
23 -0.975751 2.330535
28 -1.007525 5.662788
20 -1.014089 6.351141
28 -0.993174 4.157699
19 -1.048431 9.952723
18 -0.984446 3.242428
23 -1.035622 8.609358
24 -0.968301 1.549241
23 -1.007802 5.691785
26 -0.994429 4.289335
20 -1.001158 4.995022
25 -0.968169 1.535321
23 -1.040833 9.155860
28 -1.000909 4.968962
24 -0.984210 3.217628
26 -0.980579 2.836896
25 -0.982736 3.063040
20 -0.983348 3.127251
22 -1.024343 7.426568
28 -0.968099 1.527971
26 -1.008727 5.788788
26 -0.981009 2.881909
25 -0.993206 4.161087
28 -1.001130 4.992089
24 -0.979301 2.702858
23 -0.989295 3.750961
19 -1.008626 5.778189
29 -0.974403 2.189109
19 -1.032827 8.316288
28 -0.968836 1.605341
23 -0.959014 0.575243
29 -0.959733 0.650654
26 -0.962648 0.956409
22 -1.034947 8.538591
24 -1.018007 6.762056
32 -1.030929 8.117221
26 -0.997219 4.581991
19 -1.037110 8.765465
24 -1.043943 9.482033
29 -0.977548 2.518946
25 -0.981254 2.907658
24 -0.965488 1.254155
23 -0.987761 3.590079
19 -1.043660 9.452325
22 -0.989660 3.789255
19 -1.046478 9.747905
24 -0.964263 1.125759
30 -0.960084 0.687453
22 -0.971614 1.896669
31 -0.972142 1.952062
28 -1.048059 9.913737
19 -1.028687 7.882075
19 -0.969491 1.674060
19 -1.001531 5.034144
26 -1.016009 6.552528
23 -1.003233 5.212606
26 -0.973249 2.068071
28 -0.984935 3.293692
24 -0.984054 3.201316
30 -0.963114 1.005265
32 -0.970994 1.831684
28 -0.983391 3.131755
30 -0.972608 2.000907
25 -0.990180 3.843770
23 -1.000215 4.896117
25 -0.961457 0.831454
20 -0.998888 4.756947
31 -0.962810 0.973308
23 -0.986433 3.450779
25 -0.977195 2.481967
22 -1.023331 7.320393
22 -0.988488 3.666276
24 -1.011765 6.107385
28 -0.988070 3.622416
18 -1.041747 9.251720
25 -1.046038 9.701757
28 -1.006806 5.587398
25 -0.983315 3.123743
24 -1.041432 9.218717
25 -1.001015 4.980012
32 -0.962532 0.944232
19 -0.991976 4.032121
29 -1.014260 6.369104
28 -0.969817 1.708154
29 -0.982075 2.993717
25 -1.046263 9.725332
25 -0.959478 0.623920
32 -0.982547 3.043222
26 -0.980665 2.845857
26 -1.002717 5.158578
28 -0.991925 4.026729
29 -0.967504 1.465641
28 -0.956348 0.295648
failed to find solution in 1200 iterations and 279 function evals
