11 0.906149 9.385058
12 0.928484 7.151581
10 0.955712 4.428767
15 0.972370 2.763001
19 0.943732 5.626775
13 0.955326 4.467398
14 0.941581 5.841898
14 0.998203 0.179660
20 0.940301 5.969885
15 0.953124 4.687648
17 0.970866 2.913402
21 0.995834 0.416583
18 0.971226 2.877385
22 0.916651 8.334899
25 0.956101 4.389923
14 0.978428 2.157151
9 0.926897 7.310277
19 0.949578 5.042209
22 0.947256 5.274399
19 0.939378 6.062199
22 0.926469 7.353077
24 0.920230 7.977007
20 0.919883 8.011726
14 0.900174 9.982600
15 0.985829 1.417086
29 0.982130 1.787027
15 0.934733 6.526741
24 0.969304 3.069635
16 0.934528 6.547214
11 0.964198 3.580247
10 0.981120 1.887964
19 0.928941 7.105941
13 0.934504 6.549609
14 0.915076 8.492440
26 0.942519 5.748084
17 0.950437 4.956295
12 0.918177 8.182310
11 0.933533 6.646697
24 0.981740 1.825953
21 0.997780 0.222037
22 0.914362 8.563765
16 0.948165 5.183458
12 0.992172 0.782761
14 0.933814 6.618648
23 0.982378 1.762202
26 0.971579 2.842123
17 0.932497 6.750334
22 0.918349 8.165078
23 0.956319 4.368137
26 0.915854 8.414636
18 0.953761 4.623931
12 0.918821 8.117886
20 0.924298 7.570250
28 0.952944 4.705593
23 0.928081 7.191864
19 0.930806 6.919398
27 0.998005 0.199465
10 0.902062 9.793798
21 0.977598 2.240184
20 0.953770 4.623025
34 0.966911 3.308912
38 0.946208 5.379153
26 0.966092 3.390783
37 0.930062 6.993813
33 0.975343 2.465736
28 0.975235 2.476505
27 0.951044 4.895617
28 0.968263 3.173717
29 0.994461 0.553860
33 0.922739 7.726068
36 0.978476 2.152389
33 0.961169 3.883106
33 0.909497 9.050256
30 0.928314 7.168632
26 0.978262 2.173775
19 0.960517 3.948273
28 0.991570 0.842993
35 0.968596 3.140436
22 0.973768 2.623241
36 0.970379 2.962078
15 0.948979 5.102094
16 0.904995 9.500469
27 0.968975 3.102514
26 0.927787 7.221290
21 0.989532 1.046818
9 0.905012 9.498784
27 0.973991 2.600940
24 0.928037 7.196267
25 0.919402 8.059767
34 0.984094 1.590579
17 0.984283 1.571728
23 0.983387 1.661340
13 0.918671 8.132894
26 0.917035 8.296495
10 0.919322 8.067831
30 0.999964 0.003581
27 0.995967 0.403338
20 0.955347 4.465350
29 0.994383 0.561744
30 0.937722 6.227760
30 0.957221 4.277851
23 0.984859 1.514106
16 0.962339 3.766063
16 0.984030 1.596969
28 0.950840 4.915971
25 0.917648 8.235159
26 0.914151 8.584934
15 0.950382 4.961773
34 0.977459 2.254058
35 0.938124 6.187607
21 0.936804 6.319595
35 0.952956 4.704431
30 0.929914 7.008599
11 0.938505 6.149473
28 0.912729 8.727075
27 0.962056 3.794400
43 0.942868 5.713235
19 0.972093 2.790673
15 0.972441 2.755931
20 0.978083 2.191743
21 0.943374 5.662649
34 0.996305 0.369470
12 0.961888 3.811173
24 0.980858 1.914188
25 0.986150 1.384956
31 0.996645 0.335527
20 0.953636 4.636443
23 0.992558 0.744150
17 0.958202 4.179773
40 0.975624 2.437585
14 0.941101 5.889889
26 0.973538 2.646188
37 0.948633 5.136718
22 0.978384 2.161587
18 0.919390 8.061019
8 0.953637 4.636267
46 0.997211 0.278892
20 0.977017 2.298255
21 0.967429 3.257131
22 0.969128 3.087192
28 0.948949 5.105142
30 0.931866 6.813405
30 0.924645 7.535504
18 0.924671 7.532867
39 0.953956 4.604406
33 0.976288 2.371237
24 0.907369 9.263117
21 0.944511 5.548923
38 0.993758 0.624179
20 0.999430 0.057042
22 0.946454 5.354595
26 0.924905 7.509527
38 0.902086 9.791412
10 0.999510 0.048962
25 0.963582 3.641806
14 0.941541 5.845936
29 0.981846 1.815377
22 0.973285 2.671546
13 0.909220 9.078020
25 0.919717 8.028294
18 0.974509 2.549092
21 0.999212 0.078798
20 0.918295 8.170478
31 0.976217 2.378274
22 0.998199 0.180147
25 0.959023 4.097701
15 0.959325 4.067534
31 0.974491 2.550873
27 0.937535 6.246529
25 0.974198 2.580153
22 0.998289 0.171092
31 0.931635 6.836480
31 0.992247 0.775345
22 0.902338 9.766186
25 0.919879 8.012060
22 0.987829 1.217140
22 0.936957 6.304274
20 0.966072 3.392810
27 0.978434 2.156578
26 0.972628 2.737235
23 0.961684 3.831629
24 0.989329 1.067133
30 0.952666 4.733422
25 0.928892 7.110820
31 0.938415 6.158505
32 0.931496 6.850376
34 0.973570 2.643044
24 0.917213 8.278724
25 0.925443 7.455679
29 0.936189 6.381091
33 0.908344 9.165648
27 0.969461 3.053943
28 0.947436 5.256375
28 0.957528 4.247202
39 0.978696 2.130373
31 0.980572 1.942777
31 0.974083 2.591689
39 0.975358 2.464183
32 0.949757 5.024311
42 0.928531 7.146899
