10 -6571.539786 4.312764
10 -6587.592656 4.567578
10 -6880.090287 9.210514
11 -6610.631389 4.933281
12 -6381.962504 1.303526
12 -6829.278872 8.403963
12 -6413.911444 1.810665
11 -6488.146867 2.989034
11 -6549.602015 3.964537
10 -6802.475150 7.978497
14 -6540.968379 3.827492
12 -6586.963680 4.557594
14 -6910.230968 9.688949
16 -6686.959344 6.144867
18 -6614.920346 5.001362
23 -6912.989392 9.732735
10 -6724.879925 6.746796
26 -6913.042046 9.733571
26 -6409.333409 1.737996
32 -6416.497621 1.851716
32 -6727.515462 6.788631
34 -6777.615095 7.583883
43 -6760.639565 7.314423
47 -6737.909204 6.953615
52 -6588.378226 4.580048
52 -6561.672087 4.156130
10 -6859.391421 8.881952
60 -6784.056772 7.686134
61 -6557.339335 4.087355
71 -6801.924286 7.969753
76 -6873.000692 9.097978
14 -6810.008230 8.098072
11 -6801.334856 7.960396
80 -6852.298071 8.769357
84 -6908.733368 9.665177
70 -6785.666781 7.711691
98 -6732.999022 6.875673
112 -6801.834869 7.968333
119 -6505.544975 3.265201
130 -6742.299854 7.023309
14 -6829.915900 8.414075
66 -6796.999795 7.891584
10 -6879.165103 9.195828
176 -6459.376337 2.532348
185 -6911.563683 9.710104
195 -6574.520211 4.360074
171 -6791.147078 7.798682
216 -6663.360298 5.770269
219 -6801.951306 7.970182
144 -6867.119083 9.004617
235 -6637.727003 5.363381
25 -6701.726282 6.379268
198 -6638.523599 5.376026
237 -6491.956557 3.049507
249 -6474.423609 2.771199
252 -6670.361392 5.881401
248 -6636.957173 5.351162
251 -6655.412150 5.644105
274 -6557.674007 4.092667
114 -6888.159771 9.338604
274 -6793.288586 7.832675
183 -6743.913176 7.048918
280 -6510.888214 3.350017
282 -6756.216922 7.244221
30 -6349.513747 0.788453
268 -6640.629326 5.409451
302 -6908.487171 9.661269
134 -6655.314939 5.642562
305 -6575.606370 4.377315
311 -6630.863429 5.254433
325 -6824.188341 8.323159
162 -6700.090793 6.353308
143 -6827.583253 8.377048
109 -6666.642743 5.822373
10 -6678.383039 6.008731
14 -6822.865549 8.302162
365 -6569.320500 4.277537
368 -6659.542686 5.709671
371 -6759.123376 7.290356
44 -6546.575900 3.916502
350 -6764.310991 7.372701
18 -6598.420468 4.739453
243 -6785.993297 7.716873
10 -6760.246177 7.308179
31 -6840.527987 8.582525
209 -6925.496958 9.931273
383 -6802.293883 7.975619
14 -6493.190926 3.069101
188 -6890.222655 9.371349
36 -6832.998385 8.463005
330 -6860.522856 8.899912
387 -6418.750690 1.887480
102 -6734.619010 6.901388
12 -6588.797698 4.586706
191 -6749.492379 7.137479
453 -6539.035621 3.796812
262 -6919.592229 9.837544
458 -6569.561881 4.281368
40 -6590.604605 4.615388
10 -6641.591877 5.424730
139 -6690.821467 6.206172
479 -6812.583271 8.138947
149 -6878.143571 9.179613
285 -6576.317163 4.388598
271 -6502.887296 3.223015
437 -6452.657186 2.425692
134 -6816.823838 8.206259
74 -6771.504750 7.486891
130 -6875.462126 9.137049
12 -6400.015206 1.590084
41 -6924.101603 9.909124
502 -6681.707732 6.061506
255 -6823.801847 8.317024
136 -6639.551053 5.392335
515 -6836.740745 8.522409
118 -6539.406684 3.802702
20 -6924.648295 9.917801
52 -6512.057015 3.368570
324 -6522.239365 3.530198
536 -6800.163678 7.941806
276 -6667.738432 5.839765
20 -6916.071775 9.781663
31 -6869.463200 9.041826
12 -6786.400171 7.723332
388 -6425.194054 1.989758
47 -6514.559212 3.408288
48 -6714.420227 6.580765
103 -6552.966695 4.017946
202 -6637.869416 5.365642
14 -6892.310707 9.404494
239 -6921.800714 9.872601
574 -6772.295510 7.499443
431 -6882.727723 9.252379
565 -6730.423908 6.834798
324 -6740.607546 6.996447
12 -6880.611608 9.218789
76 -6890.932064 9.382610
402 -6534.719152 3.728295
599 -6377.053926 1.225610
126 -6731.193893 6.847020
11 -6732.450001 6.866959
10 -6820.306312 8.261538
35 -6489.794002 3.015180
10 -6739.541473 6.979524
574 -6733.782072 6.888103
34 -6906.835351 9.635049
138 -6452.990213 2.430978
20 -6871.303891 9.071044
254 -6840.412176 8.580687
9 -6740.105079 6.988471
580 -6558.790340 4.110387
598 -6583.312233 4.499633
34 -6610.477941 4.930846
315 -6835.753418 8.506736
220 -6704.498304 6.423270
96 -6818.031572 8.225430
599 -6804.921140 8.017323
44 -6695.513493 6.280650
346 -6447.388767 2.342064
91 -6774.015991 7.526753
466 -6712.770596 6.554579
455 -6890.920212 9.382422
327 -6681.464917 6.057651
115 -6400.023020 1.590208
325 -6643.512512 5.455217
188 -6630.680419 5.251528
703 -6895.063771 9.448194
581 -6475.924705 2.795027
198 -6892.701143 9.410691
567 -6786.099926 7.718566
555 -6719.872220 6.667306
377 -6733.121139 6.877612
725 -6528.653313 3.632010
622 -6330.880506 0.492680
299 -6795.432234 7.866702
569 -6779.121053 7.607788
611 -6753.183833 7.196075
309 -6664.939512 5.795337
441 -6661.734810 5.744467
285 -6839.217022 8.561716
435 -6839.768499 8.570469
506 -6914.357166 9.754446
706 -6459.801953 2.539104
452 -6912.457498 9.724292
542 -6749.485789 7.137375
590 -6644.357172 5.468625
514 -6715.564650 6.598930
422 -6871.468541 9.073657
423 -6922.692692 9.886759
443 -6870.094736 9.051850
568 -6579.572813 4.440276
725 -6381.142631 1.290512
730 -6401.832351 1.618928
520 -6778.900591 7.604288
640 -6761.809982 7.333002
658 -6707.841533 6.476338
694 -6851.011346 8.748932
738 -6900.992217 9.542299
672 -6373.098227 1.162820
755 -6772.202685 7.497969
