10 3147.921756 8.914301
11 3170.475832 8.261695
11 3305.555302 4.353145
12 3400.973349 1.592206
12 3192.223613 7.632419
12 3337.068738 3.441298
12 3306.894457 4.314397
13 3358.898607 2.809647
13 3377.373254 2.275079
13 3346.015274 3.182428
13 3285.280534 4.939799
13 3178.591822 8.026857
13 3130.520679 9.417804
13 3119.958046 9.723436
13 3197.856486 7.469430
14 3430.246202 0.745191
14 3113.797271 9.901699
14 3184.141530 7.866275
14 3400.268776 1.612593
14 3318.764440 3.970936
14 3286.029552 4.918126
14 3380.945561 2.171714
14 3241.953337 6.193480
14 3403.784902 1.510854
14 3324.860328 3.794551
14 3427.295726 0.830563
14 3260.304138 5.662496
14 3375.007251 2.343540
13 3240.888690 6.224286
12 3117.984394 9.780544
10 3334.476504 3.516305
16 3425.062883 0.895171
16 3245.383016 6.094241
16 3406.774329 1.424354
16 3124.687411 9.586591
16 3263.752312 5.562722
16 3265.222702 5.520176
17 3225.200635 6.678222
13 3224.028725 6.712132
17 3145.739111 8.977456
17 3274.267987 5.258449
17 3352.607019 2.991695
17 3363.555609 2.674896
17 3372.572301 2.413996
17 3364.382740 2.650962
17 3407.160502 1.413180
17 3307.391347 4.300019
13 3409.917598 1.333403
13 3200.802662 7.384182
12 3316.913152 4.024504
14 3349.629876 3.077839
13 3274.313464 5.257134
14 3179.666358 7.995765
18 3409.658328 1.340905
18 3184.370402 7.859653
16 3180.592962 7.968954
12 3129.825406 9.437922
14 3367.062747 2.573416
13 3398.702503 1.657914
14 3263.895063 5.558592
17 3139.799263 9.149327
12 3345.929577 3.184908
14 3264.669939 5.536171
14 3186.436466 7.799871
12 3205.194757 7.257096
13 3352.967486 2.981265
14 3360.107760 2.774660
13 3340.154251 3.352018
20 3442.384014 0.393981
13 3250.771853 5.938314
13 3408.709026 1.368373
12 3225.984258 6.655548
13 3320.515750 3.920262
15 3172.393356 8.206211
11 3192.474098 7.625171
16 3380.462568 2.185690
10 3156.705455 8.660143
17 3422.467110 0.970280
16 3358.478319 2.821808
13 3246.736613 6.055075
16 3218.199055 6.880814
22 3447.036451 0.259362
22 3409.441711 1.347173
11 3272.421517 5.311877
11 3314.664944 4.089556
14 3219.937637 6.830508
17 3143.680927 9.037010
18 3422.932694 0.956809
14 3365.421817 2.620896
13 3301.961312 4.457138
11 3275.542228 5.221579
14 3115.547958 9.851043
14 3372.992001 2.401852
14 3193.596761 7.592686
13 3139.610579 9.154786
12 3275.459652 5.223968
11 3235.904280 6.368510
19 3361.514750 2.733948
18 3207.626552 7.186732
18 3438.982373 0.492408
17 3320.399253 3.923633
10 3364.709766 2.641500
16 3275.311618 5.228252
13 3180.330273 7.976555
13 3416.178696 1.152237
13 3371.814599 2.435920
17 3443.284583 0.367923
14 3310.414456 4.212545
19 3434.437534 0.623914
14 3161.001466 8.535837
14 3164.063025 8.447250
16 3379.777889 2.205501
12 3227.892095 6.600344
12 3326.125576 3.757941
16 3325.240721 3.783544
17 3362.001951 2.719851
17 3394.095556 1.791217
16 3439.447824 0.478940
13 3356.888307 2.867815
14 3124.457649 9.593239
17 3362.792468 2.696977
16 3339.382717 3.374343
14 3231.447973 6.497454
10 3201.804332 7.355199
13 3272.339595 5.314248
11 3357.461028 2.851243
13 3349.594525 3.078862
16 3355.962017 2.894618
10 3163.398181 8.466488
18 3172.979115 8.189262
11 3275.107981 5.234144
13 3335.914763 3.474689
13 3134.472420 9.303460
14 3192.344353 7.628925
14 3169.792983 8.281453
20 3450.588376 0.156586
16 3221.035616 6.798738
16 3264.754073 5.533736
14 3287.776113 4.867589
13 3277.159907 5.174771
13 3344.926207 3.213941
16 3369.037436 2.516278
17 3417.446432 1.115555
16 3289.357528 4.821831
14 3339.903960 3.359260
11 3125.883720 9.551976
16 3179.570371 7.998543
14 3187.908780 7.757269
13 3361.825706 2.724951
12 3271.986414 5.324467
14 3144.476604 9.013987
14 3163.287827 8.469681
16 3359.516920 2.791756
12 3391.753349 1.858989
13 3445.291384 0.309856
16 3424.332839 0.916295
14 3204.112639 7.288407
14 3354.350727 2.941241
16 3164.367790 8.438432
16 3277.234692 5.172607
13 3350.833896 3.043001
16 3375.662813 2.324571
13 3201.376038 7.367591
19 3449.100818 0.199629
17 3376.311397 2.305804
18 3436.117686 0.575298
17 3437.112376 0.546517
12 3134.814084 9.293574
17 3423.155292 0.950368
16 3427.176510 0.834013
14 3290.368506 4.792578
11 3281.554289 5.047619
17 3400.038934 1.619244
18 3405.780951 1.453097
19 3442.843523 0.380685
12 3181.523389 7.942032
14 3381.261176 2.162582
18 3399.486294 1.635235
14 3224.412554 6.701026
18 3164.286282 8.440790
14 3117.680371 9.789341
13 3307.622649 4.293326
22 3398.059566 1.676517
17 3249.561327 5.973341
14 3353.108885 2.977173
14 3280.526029 5.077372
16 3293.575664 4.699778
19 3131.278412 9.395879
16 3120.999702 9.693296
16 3451.857505 0.119864
17 3421.256061 1.005322
18 3420.164964 1.036893
20 3192.612982 7.621152
16 3374.478150 2.358850
16 3363.134228 2.687088
17 3204.687251 7.271781
18 3430.652061 0.733447
18 3435.968938 0.579602
19 3348.948003 3.097569
19 3445.667242 0.298980
