66 0.789281 8.861628
70 0.784224 9.445664
73 0.782425 9.653359
73 0.782580 9.635485
74 0.791297 8.628877
74 0.781730 9.733541
77 0.793638 8.358588
79 0.781027 9.814772
79 0.807279 6.783436
79 0.782667 9.625358
82 0.801756 7.421185
83 0.781004 9.817473
85 0.786050 9.234745
85 0.784890 9.368670
86 0.785219 9.330747
86 0.782584 9.634974
88 0.785912 9.250746
88 0.781277 9.785947
91 0.781977 9.705114
91 0.784141 9.455191
90 0.784106 9.459182
92 0.785729 9.271794
92 0.779782 9.958519
97 0.787208 9.101092
99 0.794027 8.313630
97 0.783003 9.586649
101 0.784400 9.425297
96 0.782828 9.606864
104 0.794298 8.282326
105 0.801443 7.457296
104 0.787640 9.051162
107 0.795316 8.164813
108 0.789259 8.864207
107 0.787676 9.047039
108 0.796101 8.074226
109 0.789307 8.858735
109 0.779917 9.942967
110 0.786381 9.196569
110 0.780142 9.916912
112 0.805477 6.991585
115 0.791711 8.581067
77 0.781657 9.742002
116 0.786011 9.239287
119 0.793647 8.357528
120 0.797284 7.937601
123 0.794005 8.316174
80 0.784745 9.385453
77 0.789033 8.890353
84 0.783387 9.542280
92 0.779651 9.973692
108 0.790412 8.731042
137 0.800597 7.555034
95 0.795068 8.193441
90 0.799612 7.668796
91 0.794701 8.235859
70 0.793150 8.414965
90 0.781324 9.780515
85 0.787676 9.047001
83 0.810338 6.430222
110 0.787210 9.100875
77 0.788071 9.001440
78 0.790794 8.687000
71 0.781780 9.727857
156 0.789780 8.804007
97 0.799359 7.697956
102 0.790986 8.664787
99 0.797532 7.908984
85 0.790566 8.713268
91 0.785745 9.269978
100 0.792257 8.518024
115 0.787997 9.009905
87 0.795333 8.162803
106 0.790484 8.722755
124 0.808723 6.616740
93 0.797417 7.922162
106 0.800127 7.609237
102 0.781601 9.748454
112 0.779561 9.984065
107 0.794388 8.271937
96 0.786928 9.133347
91 0.795262 8.171004
124 0.781522 9.757663
103 0.785563 9.290965
123 0.811904 6.249364
127 0.791500 8.605474
97 0.794728 8.232720
107 0.781882 9.716038
101 0.788902 8.905460
110 0.784565 9.406287
78 0.789666 8.817282
146 0.789699 8.813438
94 0.800403 7.577480
83 0.784527 9.410636
85 0.784428 9.422040
86 0.805614 6.975661
95 0.802578 7.326298
86 0.790353 8.737866
128 0.786076 9.231759
119 0.780349 9.893071
86 0.788671 8.932138
113 0.780612 9.862695
91 0.804213 7.137500
113 0.788650 8.934591
73 0.780456 9.880707
90 0.790215 8.753884
98 0.797955 7.860130
98 0.794647 8.242014
118 0.785020 9.353731
115 0.780998 9.818170
97 0.792562 8.482781
163 0.790055 8.772362
120 0.781162 9.799153
115 0.783393 9.541548
87 0.796392 8.040626
93 0.786210 9.216289
87 0.789032 8.890483
101 0.780084 9.923603
91 0.791576 8.596728
94 0.779813 9.954958
78 0.790990 8.664293
62 0.780555 9.869225
98 0.793379 8.388480
148 0.779919 9.942741
99 0.780907 9.828596
83 0.780475 9.878564
119 0.787161 9.106479
97 0.790618 8.707314
88 0.793795 8.340462
99 0.785545 9.293034
96 0.791425 8.614167
101 0.795953 8.091308
132 0.800022 7.621389
104 0.784556 9.407268
82 0.790875 8.677584
93 0.781931 9.710432
111 0.784167 9.452151
99 0.809975 6.472091
91 0.791442 8.612139
87 0.811786 6.263067
120 0.784718 9.388568
97 0.784462 9.418126
99 0.800159 7.605552
126 0.780655 9.857679
120 0.785833 9.259806
117 0.795167 8.182069
80 0.786288 9.207302
77 0.795868 8.101096
86 0.785376 9.312581
81 0.810081 6.459876
87 0.784893 9.368324
89 0.782860 9.603109
79 0.789743 8.808378
98 0.790246 8.750257
63 0.792841 8.450591
98 0.783547 9.523795
78 0.780604 9.863596
95 0.783798 9.494807
108 0.803402 7.231113
107 0.786706 9.159045
133 0.782285 9.669551
101 0.784834 9.375121
101 0.797050 7.964589
104 0.800909 7.518970
98 0.805595 6.977883
104 0.798249 7.826189
51 0.794814 8.222760
80 0.785211 9.331672
93 0.781118 9.804292
70 0.790603 8.708996
73 0.781278 9.785830
81 0.808252 6.671044
111 0.792914 8.442207
88 0.795273 8.169772
60 0.787704 9.043806
105 0.781851 9.719673
108 0.790489 8.722155
114 0.787733 9.040454
117 0.785335 9.317289
116 0.792171 8.527966
116 0.782001 9.702359
105 0.781981 9.704588
117 0.782142 9.685979
100 0.793948 8.322804
127 0.797565 7.905159
118 0.783245 9.558671
109 0.786195 9.218000
122 0.799749 7.652901
81 0.802992 7.278495
105 0.787865 9.025172
129 0.789823 8.799095
112 0.804733 7.077470
125 0.799865 7.639571
96 0.800811 7.530273
110 0.783391 9.541808
104 0.794342 8.277276
116 0.783468 9.532933
117 0.789474 8.839379
123 0.789193 8.871870
124 0.797983 7.856892
138 0.782463 9.648993
