8 -1.077207 7.720749
9 -1.084605 8.460515
9 -1.065000 6.499954
11 -1.047815 4.781477
11 -1.097253 9.725286
12 -1.084484 8.448436
12 -1.041118 4.111771
12 -1.050474 5.047448
12 -1.080326 8.032585
12 -1.083909 8.390885
13 -1.098197 9.819736
13 -1.060611 6.061106
13 -1.078607 7.860668
13 -1.040733 4.073287
13 -1.080746 8.074556
12 -1.045201 4.520108
15 -1.081288 8.128787
15 -1.067468 6.746799
15 -1.057229 5.722906
15 -1.087180 8.717989
15 -1.069551 6.955121
7 -1.029531 2.953140
16 -1.050681 5.068085
16 -1.059802 5.980215
16 -1.086740 8.674006
16 -1.043496 4.349586
17 -1.064172 6.417169
17 -1.098363 9.836262
17 -1.091892 9.189246
17 -1.060443 6.044309
15 -1.065943 6.594334
13 -1.042630 4.262989
19 -1.037589 3.758911
19 -1.088678 8.867778
12 -1.082748 8.274757
9 -1.088007 8.800673
20 -1.095295 9.529489
20 -1.089320 8.931964
20 -1.070165 7.016537
13 -1.074795 7.479460
13 -1.074744 7.474385
12 -1.068600 6.859983
21 -1.082362 8.236243
21 -1.060136 6.013586
21 -1.058024 5.802361
15 -1.058545 5.854476
16 -1.052037 5.203736
23 -1.042618 4.261756
23 -1.063505 6.350490
12 -1.095431 9.543113
17 -1.078625 7.862524
17 -1.090878 9.087804
9 -1.072965 7.296518
19 -1.058098 5.809788
24 -1.066506 6.650572
24 -1.084164 8.416407
24 -1.039150 3.915006
9 -1.086612 8.661200
25 -1.095404 9.540414
15 -1.035073 3.507272
25 -1.082143 8.214281
17 -1.048076 4.807646
27 -1.092178 9.217835
27 -1.046010 4.601035
12 -1.093334 9.333364
13 -1.076593 7.659320
24 -1.038240 3.823973
16 -1.091289 9.128947
28 -1.056808 5.680777
15 -1.073792 7.379158
27 -1.051713 5.171260
17 -1.076434 7.643372
13 -1.078216 7.821609
16 -1.058858 5.885767
29 -1.076468 7.646843
12 -1.068042 6.804189
17 -1.059246 5.924614
15 -1.090353 9.035280
13 -1.094150 9.414990
20 -1.098498 9.849831
12 -1.065058 6.505809
13 -1.064554 6.455395
19 -1.061873 6.187299
16 -1.067863 6.786265
23 -1.075295 7.529457
9 -1.046257 4.625741
15 -1.097898 9.789796
16 -1.094216 9.421609
17 -1.081510 8.150996
25 -1.055953 5.595270
28 -1.077102 7.710172
28 -1.088435 8.843519
21 -1.097849 9.784933
17 -1.051778 5.177805
16 -1.066841 6.684076
13 -1.083407 8.340666
17 -1.085186 8.518582
11 -1.059029 5.902855
20 -1.067850 6.784973
27 -1.095590 9.558999
13 -1.080732 8.073247
17 -1.084251 8.425129
13 -1.055351 5.535093
17 -1.081441 8.144064
15 -1.078329 7.832853
13 -1.063435 6.343469
7 -1.098082 9.808151
9 -1.050428 5.042780
21 -1.058691 5.869122
31 -1.034970 3.497045
27 -1.094850 9.484971
16 -1.070608 7.060789
15 -1.091364 9.136396
20 -1.079635 7.963498
17 -1.037662 3.766160
25 -1.084669 8.466928
25 -1.042758 4.275787
13 -1.051266 5.126604
28 -1.036306 3.630610
19 -1.084568 8.456789
28 -1.032833 3.283261
20 -1.053227 5.322651
13 -1.060339 6.033946
12 -1.081655 8.165495
24 -1.061046 6.104602
13 -1.063195 6.319475
13 -1.090430 9.043003
9 -1.091440 9.143957
17 -1.063012 6.301171
19 -1.075138 7.513816
16 -1.077386 7.738639
24 -1.092197 9.219716
24 -1.039602 3.960199
13 -1.071668 7.166844
13 -1.084087 8.408731
15 -1.037390 3.739021
13 -1.090904 9.090377
16 -1.093757 9.375711
12 -1.088931 8.893133
28 -1.041850 4.184959
16 -1.086172 8.617161
9 -1.077777 7.777693
25 -1.088306 8.830616
13 -1.095681 9.568084
17 -1.052557 5.255716
15 -1.069719 6.971904
17 -1.051013 5.101331
15 -1.060040 6.003960
20 -1.092921 9.292103
20 -1.062649 6.264943
23 -1.092892 9.289232
15 -1.053204 5.320354
15 -1.094674 9.467374
16 -1.098972 9.897218
27 -1.089182 8.918205
13 -1.071864 7.186381
9 -1.056196 5.619554
25 -1.053110 5.310990
25 -1.053481 5.348063
19 -1.078642 7.864208
16 -1.077995 7.799548
20 -1.043475 4.347533
11 -1.088390 8.839002
23 -1.073107 7.310653
28 -1.041312 4.131175
13 -1.093595 9.359453
29 -1.061034 6.103375
12 -1.089502 8.950234
16 -1.086839 8.683892
12 -1.089183 8.918292
31 -1.048540 4.853964
25 -1.073833 7.383270
16 -1.055093 5.509273
13 -1.058939 5.893875
20 -1.053112 5.311213
23 -1.090275 9.027485
24 -1.083024 8.302389
16 -1.086001 8.600118
24 -1.037577 3.757670
13 -1.073154 7.315380
13 -1.071182 7.118167
20 -1.031861 3.186102
16 -1.092375 9.237471
27 -1.045054 4.505430
23 -1.062499 6.249910
19 -1.051710 5.170951
15 -1.042255 4.225523
21 -1.069130 6.913037
17 -1.060799 6.079882
16 -1.079130 7.913001
19 -1.062503 6.250314
19 -1.060601 6.060066
17 -1.063854 6.385394
20 -1.044326 4.432633
20 -1.055347 5.534667
23 -1.095574 9.557372
24 -1.078216 7.821606
21 -1.068550 6.854970
24 -1.068451 6.845088
28 -1.070106 7.010592
