16 20.960923 7.364932
16 21.253909 6.070103
17 20.453632 9.606864
49 20.749659 8.298594
19 20.841704 7.891811
18 20.656805 8.708959
52 21.996271 2.789299
51 22.608552 0.083372
18 20.929698 7.502927
22 22.441553 0.821409
failed to find solution after reaching max emtpy limit -- 26 iterations and 13 function evals
23 20.880637 7.719748
15 20.935788 7.476017
21 21.719322 4.013250
20 21.521064 4.889435
failed to find solution after reaching max emtpy limit -- 37 iterations and 18 function evals
108 21.538151 4.813923
101 21.428377 5.299060
19 21.627021 4.421166
113 21.652608 4.308086
109 21.720829 4.006591
116 21.818401 3.575378
119 22.521234 0.469268
114 22.065596 2.482922
26 21.045723 6.990164
123 21.983907 2.843940
23 21.049947 6.971496
127 21.956619 2.964538
122 21.686822 4.156880
125 21.638678 4.369652
20 21.790022 3.700797
119 21.718744 4.015806
114 21.260348 6.041648
20 21.123959 6.644408
135 21.646419 4.335439
137 22.097599 2.341489
133 22.051828 2.543769
140 21.810965 3.608243
139 21.997652 2.783194
144 21.858383 3.398682
142 22.108125 2.294967
154 21.842415 3.469252
139 21.911101 3.165701
146 22.008815 2.733859
150 22.023111 2.670682
143 21.567885 4.682515
151 21.734579 3.945824
155 22.326021 1.331993
159 21.568593 4.679386
140 21.321314 5.772215
165 21.927444 3.093474
173 21.812508 3.601421
167 21.616601 4.467216
145 21.840822 3.476291
176 22.020993 2.680040
21 20.693463 8.546948
167 22.225029 1.778319
159 21.639995 4.363830
170 21.837086 3.492803
168 21.961823 2.941540
171 22.105532 2.306426
171 22.080631 2.416476
170 22.289943 1.491440
20 21.464371 5.139987
184 22.040801 2.592499
20 21.753732 3.861180
186 22.205046 1.866632
174 21.852006 3.426863
180 21.545879 4.779767
185 21.955609 2.968998
193 22.258132 1.632025
190 22.078788 2.424621
17 20.505673 9.376870
21 20.877071 7.735511
190 22.351101 1.221158
135 22.307108 1.415581
195 22.036132 2.613136
190 22.176194 1.994144
189 22.183825 1.960417
198 22.267750 1.589519
212 22.024564 2.664257
214 22.172887 2.008759
16 20.395527 9.863652
73 22.074233 2.444749
150 22.060426 2.505772
180 21.602678 4.528748
155 22.124088 2.224421
223 21.978232 2.869018
228 22.344510 1.250286
224 22.133479 2.182916
239 22.450003 0.784067
30 21.094730 6.773585
231 21.976636 2.876072
229 22.254268 1.649101
174 22.350773 1.222604
185 22.460624 0.737127
229 22.148974 2.114440
111 22.018280 2.692031
220 22.372535 1.126428
153 21.878263 3.310822
147 21.700624 4.095884
19 22.151838 2.101782
243 21.804645 3.636173
166 22.131381 2.192191
144 21.875459 3.323216
156 21.787852 3.710386
138 21.658900 4.280280
249 22.117173 2.254981
23 21.794125 3.682664
253 22.440334 0.826799
167 22.224330 1.781410
156 21.434244 5.273130
260 22.302625 1.435392
107 21.516172 4.911055
19 21.671878 4.222925
167 22.491634 0.600082
257 22.027821 2.649864
105 21.950289 2.992510
19 21.739578 3.923730
147 22.448783 0.789459
193 22.018761 2.689904
276 22.461039 0.735296
158 22.146102 2.127132
123 21.585989 4.602503
126 21.900976 3.210447
133 21.849474 3.438056
139 22.312174 1.393192
209 22.085078 2.396823
289 22.123681 2.226220
283 22.398716 1.010723
282 22.272473 1.568648
23 21.882733 3.291067
123 21.985252 2.837997
142 21.866652 3.362138
19 21.657646 4.285821
178 22.333185 1.300336
141 21.500005 4.982505
165 21.904379 3.195407
17 22.081086 2.414465
184 22.016582 2.699534
128 22.162289 2.055593
196 22.025609 2.659641
122 21.893766 3.242308
152 22.310564 1.400304
308 22.181784 1.969440
300 22.307323 1.414630
165 21.795721 3.675614
118 21.094665 6.773873
174 22.046463 2.567478
274 22.361696 1.174333
150 21.494877 5.005166
198 22.253943 1.650537
153 21.679535 4.189087
163 21.970605 2.902725
181 22.342845 1.257642
226 22.014513 2.708680
201 22.311789 1.394893
319 22.175436 1.997491
187 22.313934 1.385412
181 22.017653 2.694800
213 22.469533 0.697756
321 22.310908 1.398784
329 22.305664 1.421960
233 22.203445 1.873707
336 22.467353 0.707387
322 22.308115 1.411127
150 21.921246 3.120866
149 21.726158 3.983038
257 22.065328 2.484104
148 21.659128 4.279273
158 22.225262 1.777292
161 21.951385 2.987668
146 22.329999 1.314414
181 21.851000 3.431312
161 22.064559 2.487502
221 20.449286 9.626072
243 22.261005 1.619326
188 22.281373 1.529312
225 21.793783 3.684178
248 22.297494 1.458067
387 22.258464 1.630555
362 22.272538 1.568358
228 22.122301 2.232319
31 20.647351 8.750740
284 22.242896 1.699360
262 22.079919 2.419621
401 22.395205 1.026244
285 22.419578 0.918525
345 22.279351 1.538249
298 22.264488 1.603935
266 22.055270 2.528557
353 22.370198 1.136759
372 22.354389 1.206623
331 22.527798 0.440257
347 22.207339 1.856499
412 22.495725 0.582002
440 22.538265 0.393998
462 22.484203 0.632922
452 22.418660 0.922583
416 22.550874 0.338277
