551 0.937533 6.246740
1080 0.915677 8.432310
1157 0.908978 9.102221
1431 0.913457 8.654323
1477 0.914644 8.535650
1725 0.939958 6.004217
1831 0.911013 8.898681
2233 0.925422 7.457800
2637 0.906113 9.388701
2684 0.926494 7.350637
2707 0.934145 6.585536
2918 0.916618 8.338196
1076 0.949431 5.056922
2929 0.927661 7.233920
533 0.928435 7.156465
3393 0.913606 8.639390
2217 0.953135 4.686547
3617 0.937350 6.264989
3609 0.942574 5.742612
3697 0.948829 5.117121
3554 0.990431 0.956932
2949 0.964638 3.536152
50 0.985551 1.444934
4173 0.918860 8.114024
1614 0.907582 9.241842
4672 0.987242 1.275796
4730 0.928676 7.132387
3694 0.941026 5.897357
1344 0.947019 5.298067
5354 0.993442 0.655768
5471 0.955722 4.427798
5221 0.934231 6.576919
4406 0.903219 9.678084
3769 0.943946 5.605385
5961 0.937220 6.278037
2601 0.942356 5.764417
1422 0.922578 7.742238
4395 0.942206 5.779428
1262 0.997563 0.243658
6842 0.927327 7.267312
256 0.915721 8.427852
440 0.927644 7.235559
2032 0.903314 9.668609
4575 0.929162 7.083814
908 0.916891 8.310900
2252 0.996229 0.377088
7685 0.973719 2.628118
8012 0.981844 1.815555
8080 0.952293 4.770683
1680 0.964715 3.528476
6122 0.980125 1.987532
8019 0.965957 3.404282
7074 0.989289 1.071088
8534 0.907576 9.242396
7770 0.930803 6.919737
8559 0.908560 9.144036
3260 0.938786 6.121412
1504 0.949540 5.045961
1012 0.954615 4.538516
9050 0.929639 7.036081
514 0.924584 7.541571
9020 0.921864 7.813565
469 0.984230 1.577010
8355 0.902560 9.744035
7502 0.902746 9.725356
9397 0.976215 2.378532
9437 0.999637 0.036339
6546 0.966588 3.341247
2647 0.963325 3.667510
9689 0.923531 7.646913
5227 0.928516 7.148423
3368 0.940862 5.913810
3168 0.951185 4.881486
10674 0.917493 8.250713
5827 0.912293 8.770652
2656 0.972210 2.779002
6614 0.900672 9.932756
6923 0.980894 1.910631
11350 0.986935 1.306547
10624 0.946863 5.313705
588 0.911322 8.867751
8120 0.901469 9.853105
9638 0.904202 9.579800
11543 0.917033 8.296671
7774 0.998848 0.115165
10355 0.958639 4.136068
3562 0.970885 2.911496
5669 0.935259 6.474126
8060 0.921453 7.854661
12497 0.905933 9.406744
4936 0.917063 8.293655
12726 0.964788 3.521196
7869 0.991490 0.851008
658 0.921579 7.842121
8790 0.925244 7.475565
5534 0.903459 9.654134
2622 0.926763 7.323688
13191 0.958524 4.147554
4157 0.934843 6.515735
977 0.901561 9.843885
2404 0.966134 3.386605
10254 0.931544 6.845609
7580 0.945021 5.497922
13267 0.944807 5.519336
1219 0.924531 7.546944
4179 0.921137 7.886315
176 0.910338 8.966152
12667 0.938908 6.109244
10363 0.945664 5.433563
5014 0.937930 6.206974
13429 0.945886 5.411417
6030 0.927263 7.273717
11545 0.919452 8.054787
4918 0.978496 2.150417
1163 0.974710 2.528953
221 0.972379 2.762062
5003 0.921065 7.893543
14507 0.943478 5.652232
9854 0.910864 8.913559
11866 0.983867 1.613268
1645 0.974472 2.552834
8659 0.914099 8.590051
15672 0.983863 1.613734
3289 0.959587 4.041304
15912 0.905276 9.472363
5182 0.930552 6.944790
10105 0.941078 5.892221
6319 0.966113 3.388660
1085 0.944881 5.511902
2343 0.921556 7.844438
2553 0.952855 4.714498
2145 0.908058 9.194230
9448 0.945005 5.499497
8713 0.902135 9.786533
2432 0.924056 7.594369
1513 0.904523 9.547732
10435 0.992964 0.703623
13106 0.928113 7.188651
8347 0.920267 7.973297
880 0.927284 7.271557
1538 0.921973 7.802711
12481 0.901813 9.818730
3212 0.913511 8.648903
3754 0.955095 4.490530
15324 0.902408 9.759215
17064 0.956826 4.317426
1404 0.951010 4.899018
3377 0.929773 7.022705
2194 0.947182 5.281808
6497 0.972687 2.731343
7334 0.939445 6.055460
5116 0.940997 5.900307
15663 0.959770 4.023025
260 0.905110 9.489044
17583 0.976133 2.386669
1402 0.912305 8.769472
17641 0.909939 9.006105
6855 0.977547 2.245335
17797 0.964233 3.576724
617 0.982108 1.789215
2420 0.967276 3.272361
11739 0.932776 6.722409
13385 0.916864 8.313628
16673 0.923335 7.666452
16928 0.902045 9.795473
18693 0.900034 9.996570
4592 0.959176 4.082377
4454 0.965073 3.492680
316 0.919973 8.002748
4575 0.958026 4.197437
6473 0.965074 3.492631
9215 0.941952 5.804833
1774 0.939541 6.045925
10223 0.923082 7.691846
18468 0.920310 7.969021
7527 0.906906 9.309356
3563 0.962192 3.780809
4464 0.965106 3.489372
3218 0.911523 8.847741
3489 0.920802 7.919833
17591 0.905778 9.422197
18997 0.982167 1.783279
3006 0.909766 9.023371
9934 0.915781 8.421851
5198 0.911322 8.867755
5181 0.993579 0.642071
16490 0.917952 8.204787
11742 0.918461 8.153917
3233 0.947057 5.294298
6668 0.924579 7.542078
2586 0.932830 6.716971
2491 0.945478 5.452160
15390 0.951731 4.826868
1290 0.941667 5.833257
10544 0.909638 9.036240
7295 0.954305 4.569511
2511 0.986295 1.370472
666 0.966319 3.368078
15652 0.934320 6.568016
2077 0.941955 5.804500
8264 0.910406 8.959392
172 0.958578 4.142167
391 0.961314 3.868645
3748 0.965133 3.486695
4682 0.934835 6.516532
7632 0.990260 0.974020
15435 0.925369 7.463130
7645 0.925391 7.460875
3065 0.903677 9.632330
551 0.940644 5.935557
2633 0.935717 6.428289
2412 0.930725 6.927490
144 0.974149 2.585086
1085 0.934098 6.590170
14434 0.946809 5.319096
17075 0.901320 9.868015
12954 0.926086 7.391444
4166 0.976311 2.368904
14419 0.933788 6.621217
7375 0.931087 6.891319
18373 0.910375 8.962525
17512 0.967452 3.254751
7666 0.915049 8.495125
334 0.952812 4.718794
2019 0.920270 7.972969
12225 0.989280 1.071955
1259 0.970636 2.936403
12275 0.932852 6.714818
22256 0.926725 7.327547
11257 0.904441 9.555939
909 0.937244 6.275606
9179 0.930075 6.992503
1002 0.901323 9.867679
14418 0.957079 4.292114
15033 0.965231 3.476860
11235 0.972390 2.760953
4108 0.953999 4.600107
11032 0.957977 4.202283
7018 0.935482 6.451793
14153 0.921914 7.808633
13215 0.912824 8.717561
18765 0.954751 4.524909
10801 0.934647 6.535274
10075 0.919129 8.087060
2824 0.941467 5.853284
14234 0.911692 8.830833
12496 0.977773 2.222719
10626 0.978424 2.157624
3785 0.937856 6.214442
1592 0.930287 6.971318
8008 0.921588 7.841235
23511 0.915145 8.485481
23555 0.998366 0.163389
18101 0.916527 8.347262
1985 0.918865 8.113481
2471 0.936886 6.311381
6475 0.937380 6.261974
2614 0.958056 4.194433
205 0.977339 2.266119
18489 0.988811 1.118896
277 0.912217 8.778300
1617 0.936377 6.362271
4557 0.939434 6.056630
5572 0.922315 7.768505
5125 0.968635 3.136499
8262 0.927428 7.257240
9979 0.948062 5.193807
705 0.906945 9.305539
3219 0.902249 9.775062
2342 0.992232 0.776772
2062 0.971922 2.807750
6944 0.933997 6.600280
8295 0.905252 9.474823
2409 0.973753 2.624664
10400 0.928553 7.144655
937 0.961325 3.867518
641 0.911163 8.883695
122 0.979535 2.046465
5724 0.925221 7.477917
7574 0.900308 9.969154
13312 0.914266 8.573434
1135 0.933699 6.630093
17493 0.920776 7.922360
15819 0.936707 6.329339
1738 0.957136 4.286404
11082 0.951872 4.812834
3308 0.944644 5.535600
7065 0.913862 8.613777
17911 0.955988 4.401166
12606 0.989246 1.075401
15544 0.979434 2.056642
21930 0.949033 5.096743
1739 0.907432 9.256794
3339 0.962355 3.764478
4999 0.915262 8.473799
15047 0.924461 7.553896
10266 0.981238 1.876202
12431 0.939677 6.032290
13761 0.912686 8.731385
1324 0.902561 9.743913
14019 0.905357 9.464301
1691 0.903014 9.698644
4472 0.983435 1.656510
9041 0.968646 3.135389
2209 0.946608 5.339183
11274 0.942770 5.722993
739 0.911472 8.852773
5424 0.985741 1.425886
18672 0.965343 3.465691
1379 0.913543 8.645687
20170 0.924992 7.500774
26048 0.959584 4.041619
17970 0.915799 8.420138
11297 0.962468 3.753175
5278 0.961303 3.869668
814 0.955988 4.401212
5260 0.904582 9.541806
8780 0.920738 7.926161
16353 0.919373 8.062731
786 0.918593 8.140669
9389 0.902491 9.750873
8991 0.981439 1.856061
3440 0.921441 7.855914
11422 0.968705 3.129490
5944 0.913518 8.648162
3365 0.939122 6.087808
9423 0.967660 3.234034
3846 0.978248 2.175214
18005 0.908418 9.158153
750 0.954078 4.592188
2426 0.951236 4.876392
3760 0.919875 8.012502
650 0.931467 6.853311
15645 0.953886 4.611369
25198 0.920520 7.947996
4866 0.927501 7.249937
1644 0.935874 6.412553
7667 0.962526 3.747359
5085 0.903707 9.629291
1696 0.910060 8.993988
17836 0.928259 7.174106
8381 0.982755 1.724532
21771 0.969588 3.041201
14875 0.950422 4.957844
11261 0.942511 5.748901
4353 0.964289 3.571148
3365 0.998943 0.105701
6266 0.912135 8.786462
12897 0.998417 0.158330
4595 0.903979 9.602113
1450 0.941450 5.854954
7833 0.913452 8.654804
26336 0.923639 7.636075
1568 0.912086 8.791440
6896 0.954655 4.534530
14632 0.922692 7.730808
8458 0.959713 4.028676
846 0.987667 1.233337
578 0.915525 8.447465
18304 0.950461 4.953853
23738 0.902015 9.798497
5424 0.933110 6.688976
28687 0.960423 3.957652
26113 0.946121 5.387945
4377 0.916446 8.355427
17921 0.923328 7.667243
1089 0.905446 9.455413
5033 0.938552 6.144773
340 0.984116 1.588442
9391 0.911626 8.837402
1506 0.943721 5.627851
2552 0.901558 9.844170
10147 0.902038 9.796186
6929 0.994511 0.548874
4702 0.925279 7.472102
17130 0.917243 8.275662
2456 0.931434 6.856634
29323 0.933149 6.685070
589 0.933746 6.625395
2818 0.979445 2.055481
12987 0.923758 7.624187
1022 0.908635 9.136469
10401 0.900922 9.907767
292 0.918326 8.167376
9317 0.909428 9.057161
8270 0.912275 8.772493
443 0.910114 8.988624
2311 0.913865 8.613539
15128 0.908754 9.124580
2567 0.903628 9.637183
17054 0.918063 8.193665
8440 0.954987 4.501272
287 0.920845 7.915509
12153 0.936156 6.384386
6108 0.947655 5.234464
3954 0.993488 0.651235
21732 0.902510 9.748961
22978 0.907947 9.205279
6856 0.957584 4.241582
13372 0.902334 9.766598
20103 0.962692 3.730822
1599 0.945881 5.411874
7211 0.973119 2.688147
4238 0.981513 1.848687
7077 0.965439 3.456089
51 0.903796 9.620397
4521 0.972327 2.767282
1263 0.915879 8.412147
4842 0.913339 8.666071
2546 0.973042 2.695781
6287 0.965188 3.481247
2490 0.967932 3.206786
6947 0.953413 4.658659
341 0.942614 5.738592
7490 0.951514 4.848577
2739 0.979384 2.061631
9512 0.901750 9.825005
795 0.919026 8.097373
14370 0.958574 4.142605
1433 0.945457 5.454274
12169 0.904794 9.520611
2297 0.923043 7.695727
18407 0.948160 5.184006
3918 0.907753 9.224731
10120 0.934727 6.527298
3400 0.908610 9.139006
3678 0.997697 0.230309
14758 0.944385 5.561497
5751 0.985236 1.476396
10188 0.915194 8.480618
14725 0.938704 6.129570
6762 0.904326 9.567415
19417 0.903893 9.610665
4595 0.906327 9.367273
2255 0.974845 2.515536
13314 0.904707 9.529283
80 0.952090 4.790969
2003 0.982625 1.737543
7818 0.900985 9.901525
10281 0.988807 1.119264
5714 0.922083 7.791741
31741 0.922214 7.778642
9701 0.951537 4.846260
19481 0.953433 4.656697
14567 0.916084 8.391620
335 0.927935 7.206471
2973 0.924130 7.586968
14182 0.914797 8.520344
14794 0.907030 9.297031
30245 0.940251 5.974889
7731 0.925117 7.488274
7381 0.907232 9.276798
22517 0.906241 9.375944
15306 0.906119 9.388057
3884 0.916368 8.363197
17075 0.958108 4.189175
7982 0.975794 2.420614
5536 0.969585 3.041451
4374 0.906881 9.311871
3480 0.922178 7.782245
7758 0.985273 1.472687
15383 0.955423 4.457689
7295 0.933017 6.698295
20620 0.973964 2.603606
5158 0.958073 4.192697
11852 0.923612 7.638777
993 0.946676 5.332398
7286 0.901102 9.889779
8077 0.904597 9.540279
11209 0.977423 2.257663
4185 0.911854 8.814637
10625 0.945189 5.481053
9587 0.995523 0.447672
9915 0.912939 8.706114
4732 0.933441 6.655940
25568 0.945774 5.422576
8361 0.903185 9.681513
20864 0.998067 0.193313
23258 0.905044 9.495584
1869 0.919936 8.006427
11196 0.967278 3.272211
18610 0.951108 4.889192
659 0.900052 9.994841
616 0.950752 4.924774
7355 0.948768 5.123235
1620 0.932476 6.752366
3179 0.944382 5.561780
2093 0.934274 6.572571
19023 0.938108 6.189172
1119 0.914696 8.530393
3492 0.916723 8.327750
743 0.984674 1.532635
3445 0.925483 7.451663
413 0.913847 8.615267
3543 0.927411 7.258857
15122 0.907448 9.255186
5102 0.933030 6.697014
2512 0.900643 9.935722
9125 0.905515 9.448528
6344 0.926575 7.342482
640 0.961984 3.801578
15052 0.923298 7.670163
17816 0.950875 4.912450
2321 0.934027 6.597254
5353 0.907505 9.249490
5172 0.979155 2.084547
8705 0.973243 2.675654
3553 0.957354 4.264627
27765 0.961161 3.883878
3167 0.969668 3.033154
13082 0.936146 6.385449
12332 0.961691 3.830894
4881 0.993420 0.657959
7615 0.951203 4.879729
393 0.924419 7.558114
10931 0.981114 1.888623
1925 0.982213 1.778699
7011 0.954101 4.589890
1358 0.978322 2.167770
17767 0.925295 7.470546
11871 0.934965 6.503471
10877 0.971776 2.822419
4415 0.943943 5.605669
18565 0.913014 8.698575
83 0.906404 9.359567
6031 0.940801 5.919916
2214 0.941746 5.825394
9390 0.910799 8.920081
2277 0.935555 6.444529
3138 0.928475 7.152474
3048 0.911781 8.821851
21448 0.983711 1.628911
24173 0.949312 5.068806
1548 0.946281 5.371883
30788 0.985882 1.411751
6291 0.937429 6.257093
11142 0.910390 8.961005
500 0.918173 8.182687
394 0.931828 6.817249
25713 0.955948 4.405225
10829 0.911334 8.866620
3819 0.949570 5.043011
7903 0.969101 3.089942
3531 0.939459 6.054074
17847 0.901432 9.856772
20037 0.964094 3.590579
7469 0.970847 2.915330
299 0.914974 8.502646
7815 0.977582 2.241790
26186 0.923667 7.633331
24043 0.923696 7.630351
2048 0.908222 9.177785
7687 0.932549 6.745133
10955 0.910010 8.999012
4863 0.913089 8.691062
8748 0.945555 5.444483
3193 0.915966 8.403445
5393 0.923853 7.614653
7447 0.928892 7.110839
18693 0.988342 1.165827
24915 0.913036 8.696370
1203 0.905962 9.403831
6036 0.973690 2.631026
14968 0.902741 9.725896
3107 0.960631 3.936863
11247 0.910641 8.935856
11110 0.940635 5.936533
27679 0.943627 5.637341
14086 0.994241 0.575938
8149 0.941504 5.849576
4588 0.926824 7.317646
8063 0.906469 9.353060
1739 0.940630 5.937003
276 0.965204 3.479608
4163 0.913276 8.672426
202 0.934646 6.535350
8350 0.906123 9.387712
762 0.978210 2.178993
8366 0.909149 9.085144
12021 0.972519 2.748124
15062 0.975896 2.410424
25159 0.974987 2.501333
9780 0.950547 4.945337
1429 0.911203 8.879740
10139 0.923775 7.622529
19412 0.914104 8.589607
3361 0.913281 8.671925
11273 0.983073 1.692670
375 0.922270 7.773030
7657 0.969628 3.037177
25469 0.946605 5.339529
2175 0.983032 1.696809
813 0.917488 8.251224
3103 0.994607 0.539270
9456 0.976965 2.303521
4251 0.967531 3.246916
12034 0.911801 8.819885
1104 0.948215 5.178543
944 0.959055 4.094468
9154 0.952588 4.741162
795 0.906035 9.396484
14127 0.955182 4.481799
30771 0.913748 8.625182
16709 0.918502 8.149788
25634 0.921486 7.851354
6661 0.956813 4.318740
4874 0.934936 6.506404
5220 0.976400 2.359963
2059 0.979622 2.037757
11780 0.974503 2.549687
15059 0.960543 3.945726
519 0.936087 6.391342
21217 0.949432 5.056795
19216 0.908052 9.194837
14270 0.985303 1.469724
2046 0.923284 7.671627
60 0.946078 5.392232
15946 0.938423 6.157711
4201 0.989769 1.023069
4888 0.957310 4.268988
4200 0.983097 1.690316
835 0.998063 0.193667
5027 0.909758 9.024192
9179 0.934803 6.519679
1324 0.907424 9.257606
7843 0.964726 3.527354
13648 0.992532 0.746793
19457 0.985424 1.457638
3224 0.950853 4.914742
14897 0.949792 5.020811
2321 0.964353 3.564696
11932 0.946163 5.383696
5160 0.901115 9.888474
4535 0.910996 8.900397
7553 0.902630 9.736984
5957 0.904488 9.551200
2106 0.984263 1.573686
13607 0.957286 4.271402
14962 0.913250 8.674983
10874 0.924900 7.509998
19598 0.975234 2.476585
15199 0.924904 7.509644
7387 0.901816 9.818422
9641 0.929905 7.009516
3340 0.946021 5.397914
14986 0.927588 7.241219
6547 0.900894 9.910597
1537 0.914324 8.567578
1021 0.933282 6.671781
11628 0.941128 5.887201
11291 0.907345 9.265533
11637 0.986033 1.396710
10252 0.950642 4.935824
4206 0.925055 7.494459
10193 0.971553 2.844716
3912 0.917504 8.249584
3558 0.905221 9.477909
2760 0.974247 2.575252
3729 0.988507 1.149345
1827 0.925063 7.493740
12555 0.906858 9.314177
17707 0.933212 6.678773
8110 0.956525 4.347515
21904 0.901975 9.802499
6584 0.922959 7.704150
6581 0.925921 7.407942
33411 0.975585 2.441487
4356 0.957394 4.260606
9596 0.915359 8.464120
16393 0.970087 2.991300
2764 0.935276 6.472354
29912 0.909672 9.032808
8547 0.914565 8.543473
18136 0.912999 8.700071
13605 0.958090 4.190991
5035 0.905151 9.484855
14468 0.908832 9.116819
15156 0.902036 9.796367
21888 0.952032 4.796781
2893 0.986164 1.383584
2186 0.911996 8.800371
7075 0.970534 2.946602
1606 0.901646 9.835384
8590 0.953294 4.670563
497 0.954200 4.580030
14360 0.942041 5.795889
7045 0.918913 8.108697
4500 0.938691 6.130936
3133 0.926968 7.303236
909 0.953450 4.655020
5626 0.948037 5.196331
4185 0.932103 6.789742
18860 0.959892 4.010817
11507 0.985574 1.442616
6242 0.978171 2.182910
13981 0.912826 8.717450
41336 0.997720 0.227984
9814 0.923614 7.638622
224 0.949757 5.024349
7339 0.914196 8.580429
24218 0.918720 8.127954
11739 0.941943 5.805735
2752 0.947539 5.246078
187 0.947985 5.201523
7342 0.966499 3.350142
5807 0.900262 9.973833
2267 0.901982 9.801827
8978 0.977143 2.285713
6777 0.982324 1.767598
5542 0.943235 5.676500
6470 0.931601 6.839897
5803 0.945242 5.475805
28721 0.968666 3.133433
1379 0.902762 9.723831
435 0.912275 8.772479
5605 0.933743 6.625682
1029 0.968995 3.100484
7311 0.917206 8.279418
908 0.973219 2.678136
11318 0.953649 4.635051
13380 0.978105 2.189499
12161 0.909384 9.061628
16510 0.977868 2.213179
8020 0.972357 2.764342
8381 0.949617 5.038283
10988 0.911714 8.828637
3398 0.952700 4.729994
16183 0.944834 5.516567
3912 0.968619 3.138140
1990 0.953350 4.665041
4049 0.900020 9.997956
6265 0.941758 5.824223
1226 0.911415 8.858521
4348 0.903466 9.653364
7821 0.925162 7.483754
8987 0.929853 7.014736
970 0.919506 8.049447
7983 0.997454 0.254550
530 0.937985 6.201464
25317 0.921096 7.890370
10276 0.913423 8.657696
6240 0.946564 5.343609
10145 0.996701 0.329940
14663 0.912982 8.701814
2251 0.915676 8.432388
5460 0.983276 1.672376
749 0.946763 5.323721
548 0.928617 7.138297
8941 0.935687 6.431340
2089 0.951860 4.813953
874 0.918985 8.101461
2337 0.906338 9.366191
12095 0.938087 6.191324
6099 0.936026 6.397383
963 0.972812 2.718808
1431 0.917349 8.265148
24974 0.918454 8.154604
3753 0.920518 7.948239
16172 0.928353 7.164712
3648 0.974497 2.550313
8949 0.958055 4.194527
10548 0.936279 6.372102
5394 0.976096 2.390392
29853 0.949581 5.041881
1507 0.912498 8.750249
7373 0.965164 3.483571
4940 0.998439 0.156149
938 0.997904 0.209622
7704 0.903557 9.644291
3298 0.939341 6.065887
1355 0.982067 1.793292
2334 0.932751 6.724862
10388 0.904400 9.559996
7701 0.928293 7.170692
16350 0.927515 7.248532
7910 0.945572 5.442808
3382 0.923501 7.649883
21559 0.978733 2.126741
23060 0.983325 1.667505
4799 0.972325 2.767481
16655 0.914302 8.569754
3803 0.955310 4.468969
6843 0.946129 5.387150
1988 0.909725 9.027517
2135 0.920363 7.963653
196 0.956835 4.316458
28180 0.911841 8.815892
2126 0.997190 0.280988
3624 0.976843 2.315745
12676 0.900826 9.917425
11013 0.908710 9.128963
1745 0.924831 7.516870
5235 0.962016 3.798402
787 0.980611 1.938891
3273 0.921517 7.848295
6788 0.927242 7.275805
5330 0.945437 5.456279
4077 0.968942 3.105816
2663 0.958499 4.150089
10678 0.921400 7.860014
957 0.920195 7.980543
2838 0.923113 7.688718
2230 0.957923 4.207680
639 0.990177 0.982336
2085 0.978324 2.167622
13074 0.903401 9.659893
8811 0.915813 8.418730
13752 0.905692 9.430834
609 0.937508 6.249158
7374 0.910200 8.980020
4246 0.918084 8.191606
5821 0.946333 5.366671
21502 0.901509 9.849086
230 0.909203 9.079738
17303 0.920389 7.961125
720 0.937901 6.209900
18937 0.913749 8.625148
11091 0.966076 3.392436
6945 0.921457 7.854288
8684 0.941051 5.894937
2984 0.954485 4.551516
213 0.909824 9.017616
10679 0.941753 5.824687
3510 0.941271 5.872912
16845 0.982024 1.797550
3280 0.923492 7.650809
1069 0.990518 0.948170
10874 0.953308 4.669229
10221 0.955206 4.479364
34292 0.964357 3.564291
7572 0.959968 4.003222
6848 0.915675 8.432473
10157 0.947319 5.268067
10209 0.951299 4.870108
11128 0.917433 8.256693
33791 0.981309 1.869114
2815 0.917908 8.209248
4703 0.950162 4.983838
9345 0.977466 2.253422
1669 0.913704 8.629583
4409 0.987951 1.204911
3298 0.922726 7.727423
2206 0.906249 9.375130
8775 0.955807 4.419300
3543 0.908626 9.137416
35705 0.985820 1.417965
898 0.946719 5.328071
755 0.917386 8.261435
16900 0.988380 1.162006
11603 0.920131 7.986913
5004 0.985787 1.421273
4708 0.922568 7.743151
3917 0.959615 4.038496
4259 0.968411 3.158929
892 0.952262 4.773826
2202 0.989501 1.049934
1618 0.944863 5.513686
5554 0.921160 7.884034
6694 0.909417 9.058317
4435 0.936626 6.337449
5085 0.902901 9.709874
1817 0.922565 7.743500
5853 0.939442 6.055766
4928 0.940001 5.999948
572 0.942349 5.765084
11754 0.965322 3.467779
8682 0.966259 3.374073
1587 0.930143 6.985687
1207 0.983559 1.644127
5462 0.959355 4.064502
6366 0.952243 4.775695
7537 0.950775 4.922485
20776 0.922438 7.756234
8128 0.965381 3.461883
3498 0.942415 5.758457
7295 0.950042 4.995787
3606 0.937870 6.213008
4666 0.924853 7.514654
19359 0.914309 8.569114
13340 0.912715 8.728458
1254 0.925610 7.438980
13224 0.922456 7.754383
23646 0.960265 3.973478
4907 0.928077 7.192314
33252 0.915433 8.456653
563 0.948375 5.162542
4822 0.907347 9.265252
15144 0.909529 9.047100
285 0.945369 5.463100
20001 0.945905 5.409526
7419 0.952595 4.740499
496 0.927146 7.285362
123 0.907576 9.242363
6861 0.954288 4.571188
4260 0.956173 4.382723
3310 0.949480 5.052028
2023 0.901149 9.885107
20738 0.977967 2.203329
7556 0.924651 7.534890
1441 0.905898 9.410223
9692 0.922508 7.749153
36172 0.931569 6.843083
14448 0.935188 6.481165
461 0.962235 3.776498
10918 0.904388 9.561176
8502 0.904380 9.562039
2074 0.937626 6.237413
12684 0.953850 4.614955
12024 0.911243 8.875665
13979 0.900336 9.966446
4074 0.932891 6.710878
7169 0.959724 4.027589
20464 0.969136 3.086394
46464 0.924893 7.510737
6260 0.916457 8.354331
10132 0.948802 5.119757
28966 0.907724 9.227633
5687 0.987177 1.282315
1999 0.985137 1.486253
34782 0.905934 9.406627
3196 0.926190 7.380956
861 0.935761 6.423894
2956 0.918610 8.139043
12776 0.927472 7.252840
8155 0.929488 7.051205
9609 0.928262 7.173808
7637 0.924928 7.507242
22663 0.971936 2.806427
35458 0.945923 5.407713
25453 0.939745 6.025533
347 0.964028 3.597211
15245 0.949790 5.020995
1516 0.923299 7.670081
8748 0.917396 8.260450
6642 0.962235 3.776520
7775 0.947480 5.251951
19983 0.953899 4.610123
18004 0.970756 2.924415
240 0.905775 9.422509
8426 0.905436 9.456405
2197 0.939701 6.029947
1297 0.993885 0.611502
15500 0.906741 9.325854
5663 0.989161 1.083880
2880 0.932356 6.764364
22910 0.991186 0.881446
4658 0.962941 3.705880
10325 0.973110 2.689009
3379 0.950233 4.976656
272 0.920093 7.990695
1615 0.904610 9.538982
11531 0.916217 8.378309
3855 0.938993 6.100726
967 0.940807 5.919270
1871 0.987678 1.232201
7189 0.920748 7.925234
6933 0.917416 8.258366
2800 0.921457 7.854348
11407 0.978448 2.155189
9800 0.963454 3.654622
6814 0.987820 1.217980
25371 0.992237 0.776321
35411 0.937032 6.296792
7794 0.943158 5.684226
1248 0.910555 8.944534
2506 0.951394 4.860577
7879 0.992525 0.747529
21208 0.984423 1.557736
8837 0.907365 9.263497
26883 0.956221 4.377933
3920 0.913115 8.688460
24024 0.987222 1.277848
3850 0.921812 7.818803
2220 0.924456 7.554369
54 0.935199 6.480149
12254 0.901287 9.871275
4202 0.989422 1.057792
1985 0.944122 5.587832
6590 0.961097 3.890328
2913 0.909487 9.051256
1633 0.914622 8.537821
15831 0.915533 8.446735
488 0.962559 3.744111
1940 0.941833 5.816680
8979 0.980887 1.911348
1992 0.948244 5.175571
3750 0.969245 3.075511
20127 0.923344 7.665571
10906 0.917577 8.242292
1054 0.967886 3.211443
9270 0.959916 4.008448
591 0.915108 8.489211
12466 0.905625 9.437517
7028 0.929687 7.031328
11213 0.941290 5.870978
598 0.915171 8.482877
3314 0.907329 9.267051
7049 0.913178 8.682226
5710 0.908518 9.148163
1471 0.948759 5.124085
2883 0.935753 6.424714
266 0.939495 6.050485
8162 0.975533 2.446713
4917 0.901265 9.873475
14794 0.993236 0.676363
9048 0.973957 2.604293
5187 0.908129 9.187089
5479 0.972602 2.739762
7356 0.909594 9.040617
24602 0.945747 5.425347
1983 0.919477 8.052268
915 0.957870 4.212957
774 0.974008 2.599165
11827 0.949888 5.011192
14533 0.970738 2.926173
18755 0.945767 5.423317
3225 0.946773 5.322671
14926 0.914632 8.536827
20217 0.937119 6.288061
1816 0.902923 9.707742
11685 0.961217 3.878266
1721 0.965900 3.410046
4971 0.921533 7.846661
6584 0.906405 9.359478
1918 0.903034 9.696560
8314 0.920304 7.969575
30833 0.918746 8.125400
11228 0.969578 3.042222
5889 0.938312 6.168823
15498 0.925951 7.404903
279 0.949416 5.058442
1593 0.950520 4.947953
14286 0.902855 9.714485
9769 0.941578 5.842209
5683 0.914914 8.508563
20978 0.954073 4.592734
4544 0.939894 6.010553
12366 0.934291 6.570865
768 0.929266 7.073380
10774 0.926501 7.349939
19710 0.985278 1.472215
18309 0.902500 9.750046
7138 0.961894 3.810555
28242 0.906775 9.322512
30937 0.925694 7.430637
7877 0.941089 5.891111
22997 0.927909 7.209109
6873 0.904974 9.502586
4695 0.958077 4.192265
1912 0.905037 9.496310
2729 0.989017 1.098325
13601 0.972059 2.794111
2468 0.959022 4.097840
1044 0.957056 4.294398
7849 0.991276 0.872420
16514 0.978447 2.155250
1948 0.924011 7.598895
6884 0.963846 3.615393
1827 0.925189 7.481080
8492 0.902694 9.730586
4659 0.905766 9.423355
2771 0.918085 8.191485
5833 0.909942 9.005817
1787 0.936124 6.387555
10864 0.957691 4.230915
4854 0.921545 7.845514
1162 0.921530 7.847003
16823 0.943486 5.651403
6943 0.968046 3.195439
11228 0.972234 2.776551
11552 0.929602 7.039772
2858 0.967049 3.295115
24655 0.935456 6.454431
11440 0.980463 1.953747
6121 0.965134 3.486638
3330 0.988694 1.130614
30752 0.914166 8.583393
29941 0.927358 7.264232
1698 0.957857 4.214320
2133 0.909994 9.000579
23157 0.922753 7.724725
28500 0.971043 2.895720
4920 0.981745 1.825491
1354 0.907595 9.240507
6560 0.981707 1.829316
12037 0.926234 7.376614
2363 0.948496 5.150397
10713 0.920423 7.957713
11661 0.928176 7.182449
7316 0.905986 9.401357
346 0.955389 4.461149
29157 0.945197 5.480251
7692 0.916175 8.382512
18446 0.935068 6.493166
6341 0.910971 8.902865
2869 0.902963 9.703718
6485 0.951618 4.838176
11835 0.930989 6.901071
4049 0.962482 3.751848
936 0.975879 2.412072
15168 0.968618 3.138188
3091 0.913697 8.630323
2521 0.915122 8.487813
18113 0.972906 2.709363
6361 0.946757 5.324313
1397 0.947116 5.288382
1386 0.974713 2.528696
2025 0.900709 9.929106
4966 0.967687 3.231274
3080 0.927584 7.241628
1621 0.979429 2.057133
8560 0.963843 3.615658
381 0.922961 7.703903
751 0.981416 1.858407
8713 0.932175 6.782548
13871 0.907304 9.269593
31878 0.940320 5.968000
7917 0.916323 8.367679
9961 0.974813 2.518739
7367 0.906084 9.391597
2818 0.924190 7.581038
23126 0.915763 8.423693
2382 0.936117 6.388327
7598 0.924917 7.508265
6475 0.944254 5.574563
9413 0.953128 4.687166
13463 0.981117 1.888261
487 0.908835 9.116520
711 0.977537 2.246307
1754 0.906429 9.357061
884 0.910246 8.975367
7987 0.921277 7.872349
6798 0.929319 7.068108
16509 0.989142 1.085812
2645 0.974140 2.585980
2364 0.967849 3.215140
2270 0.992163 0.783716
14583 0.987262 1.273753
2147 0.929187 7.081340
535 0.939015 6.098497
7806 0.938018 6.198213
1217 0.940308 5.969211
8968 0.933200 6.680009
2970 0.970774 2.922601
16152 0.910992 8.900774
1373 0.910432 8.956755
28634 0.918538 8.146199
9591 0.927153 7.284697
5299 0.926098 7.390243
2816 0.992590 0.740958
566 0.905531 9.446941
25832 0.933274 6.672567
2211 0.903605 9.639466
11364 0.993826 0.617369
8016 0.911273 8.872719
19508 0.911098 8.890173
10632 0.913613 8.638710
5446 0.992584 0.741593
19342 0.966814 3.318614
15116 0.986526 1.347380
4604 0.903503 9.649660
6206 0.911374 8.862643
117 0.928031 7.196858
16985 0.918892 8.110847
17237 0.912786 8.721449
7377 0.914056 8.594406
1272 0.983545 1.645474
15063 0.921800 7.819989
1559 0.967564 3.243579
29751 0.954903 4.509740
31130 0.952546 4.745418
3745 0.986782 1.321816
6940 0.902765 9.723539
39051 0.971827 2.817341
4533 0.928115 7.188458
3266 0.962736 3.726371
6529 0.922073 7.792694
4087 0.956963 4.303717
10622 0.915285 8.471496
2762 0.936870 6.312984
432 0.930561 6.943921
7077 0.917138 8.286210
9055 0.977126 2.287427
15823 0.998454 0.154564
6597 0.995923 0.407685
8200 0.921928 7.807241
19435 0.940296 5.970388
9227 0.985823 1.417682
12176 0.901436 9.856444
1468 0.905693 9.430747
18889 0.906786 9.321407
5988 0.908307 9.169267
5585 0.947255 5.274450
4644 0.905336 9.466377
4032 0.956153 4.384728
1391 0.925547 7.445256
9434 0.947842 5.215765
160 0.926771 7.322878
246 0.919415 8.058524
2102 0.960996 3.900378
15135 0.916675 8.332455
1519 0.969076 3.092352
21609 0.944985 5.501550
5179 0.924725 7.527509
3340 0.933718 6.628207
3053 0.901445 9.855512
14731 0.983308 1.669206
8312 0.977006 2.299380
7144 0.953851 4.614877
3423 0.986997 1.300281
627 0.928633 7.136692
3649 0.906134 9.386591
37931 0.913576 8.642414
7583 0.969452 3.054763
16793 0.994906 0.509394
7380 0.978554 2.144629
29178 0.918447 8.155299
10423 0.967023 3.297748
8323 0.925391 7.460892
1800 0.910774 8.922580
31733 0.906008 9.399204
4664 0.931071 6.892870
3697 0.950104 4.989647
846 0.922188 7.781166
519 0.947710 5.228960
7139 0.944388 5.561171
2849 0.931937 6.806280
12474 0.988570 1.143012
8234 0.924218 7.578173
8240 0.945515 5.448480
1691 0.974301 2.569938
4931 0.952799 4.720064
1801 0.974050 2.595032
2248 0.935031 6.496935
208 0.926912 7.308823
3462 0.905805 9.419545
5739 0.908364 9.163559
7 0.914553 8.544657
6327 0.907725 9.227496
13659 0.962374 3.762646
27871 0.962018 3.798234
3863 0.922192 7.780780
2586 0.958449 4.155067
3563 0.976218 2.378152
9473 0.909513 9.048656
7718 0.916907 8.309342
8199 0.904388 9.561162
948 0.919967 8.003337
2667 0.909577 9.042319
692 0.993942 0.605798
13751 0.917664 8.233594
3685 0.970240 2.976025
14613 0.908138 9.186212
9740 0.910040 8.996012
10718 0.946876 5.312386
5578 0.953070 4.692984
1741 0.967972 3.202774
1234 0.934504 6.549557
38575 0.910066 8.993396
14524 0.918404 8.159632
9948 0.928015 7.198542
3203 0.946587 5.341269
195 0.903118 9.688222
4813 0.902174 9.782624
43155 0.993281 0.671862
28837 0.925938 7.406198
823 0.938853 6.114705
8952 0.974728 2.527174
6135 0.905018 9.498214
1567 0.969061 3.093884
2744 0.981404 1.859626
7871 0.950108 4.989216
9114 0.972861 2.713874
265 0.911930 8.807017
12989 0.903558 9.644172
1680 0.994500 0.550044
783 0.902031 9.796896
5919 0.906265 9.373477
193 0.916425 8.357511
1898 0.916329 8.367066
9373 0.947440 5.255990
7753 0.931755 6.824486
960 0.939308 6.069249
1014 0.945612 5.438755
16046 0.965520 3.448020
11558 0.908118 9.188246
1138 0.923945 7.605491
4522 0.926586 7.341440
5702 0.944217 5.578251
6165 0.932897 6.710300
13537 0.922260 7.773976
1026 0.947474 5.252627
23957 0.913564 8.643577
41000 0.927886 7.211444
5779 0.926390 7.361028
41059 0.906687 9.331263
1418 0.909707 9.029274
14723 0.901145 9.885460
6241 0.917706 8.229408
10736 0.916869 8.313086
11908 0.949641 5.035890
3686 0.954378 4.562235
18454 0.931926 6.807410
8310 0.978051 2.194909
3609 0.928826 7.117407
2749 0.926688 7.331209
20123 0.948396 5.160433
385 0.921135 7.886466
12562 0.917152 8.284815
16932 0.966522 3.347834
19951 0.932646 6.735389
10464 0.925722 7.427806
22238 0.978991 2.100912
7506 0.917603 8.239738
2258 0.976340 2.366038
19388 0.937869 6.213076
9209 0.978922 2.107847
1796 0.935081 6.491891
2707 0.924011 7.598893
939 0.936358 6.364238
3204 0.941970 5.802975
1412 0.964321 3.567891
1292 0.903808 9.619232
9028 0.950755 4.924543
159 0.947141 5.285850
6853 0.939984 6.001565
4558 0.972163 2.783669
715 0.931109 6.889142
1620 0.922206 7.779356
10920 0.977403 2.259659
15636 0.958712 4.128779
10272 0.964170 3.583029
3536 0.922056 7.794443
10344 0.905053 9.494687
560 0.900780 9.922037
19747 0.967331 3.266907
10191 0.938894 6.110645
24448 0.967748 3.225248
20264 0.908436 9.156359
22050 0.959628 4.037198
14020 0.937070 6.292991
3200 0.969437 3.056255
41179 0.907469 9.253119
10688 0.917034 8.296622
3025 0.979297 2.070269
4720 0.965461 3.453903
17714 0.968803 3.119740
99 0.906236 9.376396
7493 0.996867 0.313301
9342 0.926050 7.395012
15368 0.921751 7.824856
3451 0.977980 2.202038
1589 0.917305 8.269543
8122 0.911443 8.855694
12785 0.961794 3.820617
22552 0.949680 5.032041
5574 0.901038 9.896184
230 0.926441 7.355923
7965 0.911123 8.887709
9459 0.921163 7.883736
4069 0.913618 8.638247
9731 0.912923 8.707679
2672 0.913697 8.630311
351 0.924532 7.546824
7881 0.929524 7.047638
24021 0.900813 9.918736
18970 0.919522 8.047768
14345 0.947860 5.213975
5974 0.958605 4.139457
3885 0.936055 6.394467
7822 0.919277 8.072262
27645 0.976148 2.385226
6555 0.993172 0.682825
3909 0.948731 5.126891
4820 0.940445 5.955550
17038 0.945238 5.476194
5525 0.931956 6.804403
22452 0.910244 8.975574
4153 0.990801 0.919906
18234 0.924241 7.575858
845 0.952367 4.763302
19684 0.990957 0.904312
6613 0.966717 3.328288
20552 0.967626 3.237438
3998 0.903492 9.650771
861 0.938248 6.175204
37778 0.943305 5.669481
38376 0.938955 6.104521
6062 0.909953 9.004673
25373 0.958875 4.112523
6595 0.965841 3.415855
2625 0.917210 8.279034
11053 0.918943 8.105740
11224 0.909031 9.096865
8906 0.958565 4.143517
5624 0.910355 8.964512
6149 0.912323 8.767652
20460 0.957267 4.273344
8688 0.940980 5.901976
2110 0.916243 8.375730
1891 0.962513 3.748749
4403 0.974525 2.547544
12290 0.907613 9.238729
7183 0.994879 0.512112
1690 0.968930 3.106970
4005 0.948985 5.101464
7100 0.967569 3.243137
11094 0.903641 9.635947
15641 0.988150 1.184991
27601 0.903407 9.659252
4961 0.949578 5.042184
585 0.929649 7.035144
21427 0.902993 9.700729
4075 0.910809 8.919078
3868 0.977930 2.207009
10223 0.980744 1.925552
10155 0.937869 6.213124
11250 0.977535 2.246450
1691 0.959544 4.045630
13397 0.909658 9.034157
3826 0.941322 5.867814
7669 0.942500 5.749963
12036 0.973909 2.609130
14851 0.954821 4.517882
1093 0.990501 0.949923
4583 0.908245 9.175527
11982 0.907836 9.216441
12584 0.918489 8.151092
3041 0.903155 9.684484
2821 0.900297 9.970289
4171 0.904478 9.552214
12253 0.961136 3.886409
4980 0.964198 3.580222
4600 0.914911 8.508928
9502 0.935956 6.404447
17525 0.963185 3.681547
5914 0.970364 2.963594
4346 0.997916 0.208388
13487 0.967163 3.283653
44301 0.952845 4.715513
10001 0.908856 9.114412
12480 0.944915 5.508480
13884 0.967262 3.273824
1125 0.939669 6.033133
9101 0.963040 3.695959
1510 0.921661 7.833852
1075 0.928018 7.198173
1530 0.904577 9.542338
1116 0.913699 8.630069
17223 0.935769 6.423116
4625 0.914823 8.517740
3562 0.909612 9.038797
10046 0.909110 9.088995
4143 0.917969 8.203080
2068 0.902949 9.705061
6771 0.938001 6.199943
5676 0.939216 6.078352
3864 0.929471 7.052874
7229 0.977879 2.212066
9289 0.934590 6.540979
9730 0.926121 7.387927
10356 0.940256 5.974378
8026 0.945032 5.496806
6327 0.972445 2.755548
19517 0.954696 4.530374
2893 0.906017 9.398322
2533 0.913936 8.606404
4007 0.970485 2.951509
29912 0.952242 4.775794
4402 0.995751 0.424852
4591 0.931835 6.816512
1544 0.907725 9.227487
17586 0.950259 4.974107
3651 0.940449 5.955142
3347 0.944584 5.541578
511 0.968784 3.121594
8013 0.933748 6.625245
3135 0.934896 6.510388
24190 0.934302 6.569809
2850 0.905203 9.479696
43 0.939375 6.062493
6244 0.921939 7.806096
14676 0.953516 4.648353
2027 0.948790 5.121031
6163 0.906665 9.333498
22737 0.937381 6.261945
14703 0.938787 6.121342
9074 0.918603 8.139680
27554 0.937872 6.212849
9047 0.917269 8.273109
4569 0.915762 8.423785
8580 0.961370 3.862991
2054 0.921545 7.845457
378 0.911866 8.813359
709 0.910627 8.937275
9951 0.958553 4.144744
7409 0.945152 5.484816
6879 0.974569 2.543092
25438 0.981727 1.827293
10414 0.943340 5.666022
12874 0.918325 8.167511
2625 0.981533 1.846688
1054 0.955481 4.451915
17070 0.939846 6.015368
5416 0.942381 5.761918
798 0.940892 5.910837
11070 0.951585 4.841452
11725 0.921130 7.887014
5311 0.936811 6.318929
8374 0.901012 9.898848
8162 0.940378 5.962173
2306 0.971125 2.887480
5666 0.912520 8.748005
11572 0.916137 8.386322
5920 0.920124 7.987596
13195 0.974278 2.572250
13892 0.964748 3.525211
2970 0.976807 2.319330
4403 0.982875 1.712549
5046 0.962114 3.788646
16214 0.979592 2.040797
5180 0.945152 5.484769
14855 0.921435 7.856467
730 0.958007 4.199319
3927 0.926822 7.317835
6841 0.920914 7.908571
15668 0.965005 3.499534
663 0.903933 9.606690
2301 0.985729 1.427083
13224 0.926676 7.332408
11360 0.912671 8.732928
5253 0.934390 6.560981
8549 0.923574 7.642608
8376 0.939714 6.028600
4580 0.902091 9.790923
6972 0.934609 6.539082
9996 0.927287 7.271251
48 0.977002 2.299793
117 0.923569 7.643132
5960 0.915275 8.472477
5106 0.971772 2.822805
6542 0.927316 7.268360
1370 0.961983 3.801737
671 0.936235 6.376477
361 0.906968 9.303206
5919 0.925428 7.457175
22738 0.971434 2.856614
3127 0.911713 8.828650
10120 0.921135 7.886496
6014 0.944831 5.516852
8572 0.945046 5.495368
5103 0.948178 5.182217
4288 0.947727 5.227261
660 0.984000 1.599965
5741 0.913348 8.665163
9859 0.964785 3.521481
5296 0.925870 7.413016
23137 0.936706 6.329372
181 0.947470 5.252960
4073 0.917766 8.223397
8494 0.917138 8.286219
8673 0.900466 9.953427
28138 0.937111 6.288889
2702 0.934824 6.517553
14097 0.911637 8.836349
4086 0.921107 7.889250
1952 0.924617 7.538259
9642 0.943345 5.665542
6778 0.909306 9.069392
4863 0.968769 3.123055
4923 0.942820 5.717989
6809 0.900646 9.935405
12369 0.986091 1.390890
6861 0.990070 0.992963
22510 0.956471 4.352883
5248 0.985336 1.466397
6585 0.962043 3.795726
20217 0.966019 3.398139
16273 0.948343 5.165695
6549 0.936115 6.388533
16748 0.913996 8.600365
14286 0.906148 9.385152
8015 0.901254 9.874587
3355 0.918183 8.181696
18373 0.908174 9.182649
2077 0.919498 8.050199
8385 0.961273 3.872731
11337 0.963661 3.633899
1063 0.984595 1.540460
2286 0.924724 7.527644
35191 0.946731 5.326941
13284 0.965853 3.414725
7141 0.961618 3.838204
4671 0.949987 5.001268
3199 0.949831 5.016854
30596 0.924798 7.520199
1335 0.905391 9.460921
7104 0.973463 2.653655
20965 0.909444 9.055595
1126 0.901317 9.868287
15229 0.908326 9.167368
17615 0.920753 7.924717
10369 0.945912 5.408825
2046 0.936647 6.335265
8234 0.977023 2.297712
8702 0.970771 2.922906
9250 0.985182 1.481759
7160 0.904021 9.597888
2940 0.934178 6.582234
12565 0.932878 6.712209
57416 0.915341 8.465889
3584 0.997817 0.218329
3686 0.963120 3.688011
5968 0.905472 9.452760
16663 0.961025 3.897492
24609 0.917951 8.204929
2724 0.919648 8.035169
5967 0.907524 9.247593
6080 0.924114 7.588604
3484 0.937820 6.218019
40270 0.939986 6.001359
1797 0.934948 6.505205
7327 0.917070 8.293038
19693 0.926114 7.388641
12602 0.934419 6.558112
3183 0.946915 5.308531
21093 0.942356 5.764374
1006 0.901180 9.882037
2674 0.977712 2.228849
203 0.974690 2.531039
23535 0.920729 7.927086
8685 0.922962 7.703797
531 0.933058 6.694200
21228 0.923035 7.696467
5943 0.973693 2.630709
1931 0.949041 5.095903
8280 0.914851 8.514881
23384 0.945594 5.440560
5089 0.940768 5.923164
49 0.982594 1.740627
1259 0.973647 2.635257
10612 0.958241 4.175879
22864 0.949079 5.092073
6392 0.964901 3.509904
24452 0.924318 7.568210
5331 0.979360 2.064027
3924 0.989391 1.060857
6796 0.943364 5.663579
9573 0.983124 1.687558
8019 0.980357 1.964308
2620 0.949396 5.060441
6457 0.991048 0.895236
18822 0.960566 3.943402
5187 0.988015 1.198461
7123 0.952924 4.707628
14535 0.986024 1.397596
198 0.916255 8.374512
3094 0.956811 4.318858
528 0.931303 6.869675
466 0.915173 8.482664
2016 0.904065 9.593470
12293 0.906721 9.327888
9375 0.907073 9.292712
10066 0.943568 5.643220
10021 0.934345 6.565451
9831 0.903285 9.671506
8694 0.947395 5.260488
23072 0.906233 9.376674
6755 0.927618 7.238175
21427 0.926576 7.342382
8158 0.952513 4.748723
4266 0.924022 7.597751
6659 0.982281 1.771899
37281 0.920965 7.903489
26001 0.976160 2.383955
7495 0.969051 3.094881
1867 0.961531 3.846912
3570 0.909534 9.046584
3125 0.973795 2.620464
1721 0.911129 8.887075
8905 0.985143 1.485671
2091 0.968427 3.157262
896 0.915724 8.427633
8553 0.920166 7.983407
2057 0.910356 8.964384
4572 0.968088 3.191232
169 0.935900 6.409954
8405 0.972315 2.768509
18544 0.933654 6.634608
2536 0.927854 7.214595
28792 0.905755 9.424548
4325 0.937807 6.219259
8482 0.933300 6.670016
5565 0.989100 1.089990
398 0.965541 3.445863
18712 0.964192 3.580821
11085 0.949065 5.093528
1059 0.916431 8.356898
21801 0.988440 1.156031
5628 0.944835 5.516496
2228 0.917509 8.249109
2955 0.945874 5.412626
4576 0.935462 6.453817
3870 0.968097 3.190302
21764 0.908002 9.199811
813 0.979251 2.074905
12943 0.919808 8.019171
5706 0.984188 1.581169
4394 0.960752 3.924784
1572 0.918056 8.194439
3757 0.968987 3.101321
1033 0.922136 7.786437
3921 0.956855 4.314489
14316 0.938121 6.187851
2551 0.913838 8.616162
2233 0.996337 0.366329
1486 0.908772 9.122818
1638 0.949406 5.059368
3901 0.984591 1.540888
3667 0.911340 8.865970
4753 0.926069 7.393057
8529 0.936165 6.383523
8730 0.969489 3.051149
44239 0.957425 4.257497
20209 0.906220 9.378003
623 0.933172 6.682802
7279 0.938879 6.112104
6427 0.963138 3.686170
9419 0.966313 3.368658
5938 0.946283 5.371703
9816 0.942654 5.734613
581 0.921203 7.879721
13258 0.977584 2.241610
7476 0.903897 9.610346
5051 0.941339 5.866072
17549 0.924840 7.516008
5987 0.951007 4.899311
8424 0.982207 1.779256
1583 0.976665 2.333521
15890 0.921078 7.892219
7535 0.989154 1.084570
16612 0.942273 5.772710
5567 0.915617 8.438265
4108 0.902525 9.747498
22001 0.907293 9.270745
10378 0.908334 9.166579
6241 0.994233 0.576657
4374 0.911792 8.820795
3474 0.960444 3.955574
11250 0.921815 7.818454
10946 0.912618 8.738187
3067 0.981647 1.835346
906 0.901031 9.896883
2790 0.947231 5.276868
36177 0.916854 8.314620
15780 0.918998 8.100182
24430 0.948002 5.199821
451 0.995535 0.446502
722 0.975478 2.452248
15157 0.911348 8.865243
3666 0.922401 7.759874
4391 0.971784 2.821616
3013 0.935117 6.488264
178 0.913701 8.629874
16151 0.986204 1.379614
4928 0.917245 8.275539
5872 0.916390 8.361027
5589 0.923293 7.670740
5409 0.957004 4.299554
1173 0.980256 1.974433
7195 0.959365 4.063468
834 0.942903 5.709676
17921 0.917270 8.273009
2036 0.937517 6.248316
438 0.951272 4.872756
4832 0.929039 7.096063
17475 0.914368 8.563215
6308 0.993424 0.657562
1564 0.978729 2.127081
17579 0.946949 5.305053
9643 0.963258 3.674238
4335 0.912816 8.718395
17439 0.984931 1.506925
12588 0.921335 7.866483
15142 0.928355 7.164512
741 0.901392 9.860771
12001 0.918933 8.106720
17627 0.956679 4.332074
3460 0.923162 7.683771
2647 0.922384 7.761563
4781 0.928614 7.138589
1635 0.925868 7.413241
10577 0.963166 3.683447
10129 0.964726 3.527408
9385 0.946683 5.331662
4542 0.914605 8.539510
14323 0.903607 9.639323
5615 0.931256 6.874366
791 0.922436 7.756356
31440 0.927972 7.202772
7255 0.971449 2.855084
7437 0.937238 6.276180
1167 0.934288 6.571151
2099 0.946327 5.367271
20826 0.994675 0.532528
1479 0.908836 9.116356
46409 0.912644 8.735636
12543 0.905529 9.447073
3967 0.903444 9.655551
32712 0.916473 8.352748
10261 0.924054 7.594586
2056 0.963022 3.697796
383 0.987668 1.233202
2363 0.987260 1.274028
6547 0.929232 7.076847
8996 0.906456 9.354377
7305 0.905675 9.432519
1414 0.950373 4.962738
10530 0.937653 6.234697
9956 0.938343 6.165714
18099 0.950305 4.969531
17345 0.958238 4.176189
7808 0.981244 1.875570
28457 0.958005 4.199504
966 0.929532 7.046821
2805 0.909179 9.082097
16286 0.947450 5.254961
7863 0.954019 4.598086
13011 0.916984 8.301589
2175 0.904989 9.501135
10735 0.919144 8.085591
15012 0.906520 9.348033
353 0.977786 2.221444
20113 0.930458 6.954159
1402 0.965012 3.498830
34567 0.900420 9.958043
1040 0.903652 9.634752
10762 0.964045 3.595464
6312 0.919756 8.024442
1611 0.979300 2.070035
437 0.972744 2.725581
12195 0.906871 9.312872
5610 0.917694 8.230576
10979 0.910785 8.921527
10659 0.901994 9.800571
1551 0.961667 3.833256
1661 0.924112 7.588753
8238 0.917943 8.205667
32822 0.927334 7.266647
1431 0.921455 7.854512
8925 0.989979 1.002107
5490 0.956997 4.300268
9902 0.974695 2.530479
700 0.932030 6.796984
8317 0.989908 1.009222
23401 0.987994 1.200632
16943 0.993143 0.685739
45 0.917748 8.225169
7639 0.949891 5.010923
3777 0.928416 7.158445
3249 0.949183 5.081673
3289 0.975885 2.411463
18984 0.942770 5.723000
1469 0.935950 6.404970
6452 0.922316 7.768354
6518 0.956999 4.300138
4870 0.942698 5.730246
8157 0.934027 6.597263
4270 0.955587 4.441324
10761 0.920074 7.992593
15800 0.908681 9.131931
17375 0.935354 6.464575
17574 0.904931 9.506896
5460 0.983947 1.605267
17230 0.966553 3.344685
7004 0.903216 9.678411
25996 0.915131 8.486887
22852 0.911713 8.828704
3575 0.981113 1.888717
16680 0.946961 5.303863
5650 0.946085 5.391473
16306 0.924265 7.573512
3818 0.982458 1.754209
2443 0.983617 1.638285
2555 0.917530 8.247041
6642 0.904537 9.546265
1854 0.901958 9.804249
1011 0.983221 1.677930
4347 0.967579 3.242082
5219 0.912943 8.705663
491 0.903719 9.628136
7081 0.945601 5.439912
1567 0.913703 8.629747
5217 0.912326 8.767355
2811 0.981885 1.811518
3998 0.919531 8.046896
11383 0.914268 8.573245
1006 0.987510 1.248952
9029 0.990107 0.989331
16920 0.905697 9.430293
7205 0.922238 7.776154
646 0.912496 8.750357
3772 0.918302 8.169848
1832 0.939893 6.010666
30302 0.905002 9.499830
2662 0.924230 7.576977
1515 0.956397 4.360294
20887 0.952152 4.784797
25595 0.902736 9.726369
6420 0.955322 4.467763
5455 0.939104 6.089614
13086 0.918160 8.183992
11308 0.972017 2.798280
6097 0.933827 6.617275
5601 0.940512 5.948797
5447 0.983668 1.633236
5747 0.953105 4.689474
7511 0.974095 2.590532
34136 0.958684 4.131579
7568 0.927055 7.294549
8529 0.938095 6.190477
16980 0.921410 7.859048
1168 0.952064 4.793561
11260 0.983886 1.611359
2574 0.929526 7.047378
14606 0.911591 8.840919
8810 0.911043 8.895662
2615 0.914826 8.517399
3402 0.937442 6.255769
994 0.950519 4.948115
2194 0.928769 7.123075
4865 0.913468 8.653189
1461 0.947903 5.209738
6600 0.903772 9.622754
6123 0.970652 2.934783
19885 0.966108 3.389198
6052 0.949821 5.017880
979 0.915613 8.438722
14496 0.989306 1.069407
27883 0.964916 3.508446
10352 0.907268 9.273182
10540 0.964259 3.574060
2696 0.925979 7.402113
780 0.913764 8.623579
804 0.903530 9.647019
1365 0.969040 3.095967
19300 0.967333 3.266746
5484 0.990001 0.999935
51 0.904118 9.588152
5126 0.930994 6.900567
32640 0.946795 5.320506
760 0.979650 2.034960
16969 0.956983 4.301734
34872 0.936484 6.351626
23300 0.919649 8.035131
5561 0.964346 3.565381
5658 0.991929 0.807077
11166 0.977477 2.252314
31891 0.915611 8.438852
18406 0.914949 8.505132
12776 0.938316 6.168404
18595 0.996055 0.394549
6763 0.983309 1.669101
15346 0.970913 2.908717
21698 0.979293 2.070734
14491 0.925970 7.403005
28690 0.925516 7.448425
12263 0.960671 3.932877
21562 0.941743 5.825735
17068 0.929718 7.028189
10522 0.924826 7.517364
10846 0.905682 9.431817
17864 0.954715 4.528488
18767 0.954924 4.507622
22399 0.943354 5.664611
17044 0.950403 4.959718
33692 0.976440 2.355978
41290 0.983473 1.652709
16641 0.927983 7.201742
17383 0.966868 3.313203
17940 0.940339 5.966096
21694 0.910835 8.916468
67925 0.991282 0.871802
24928 0.942189 5.781141
52937 0.950034 4.996589
20446 0.968985 3.101489
21751 0.980464 1.953609
28311 0.953741 4.625911
28101 0.919829 8.017145
32320 0.922782 7.721833
28203 0.930404 6.959644
29783 0.918371 8.162947
48572 0.952786 4.721401
42124 0.906476 9.352364
42014 0.933525 6.647503
50602 0.907626 9.237357
47737 0.922481 7.751914
51437 0.963791 3.620869
46739 0.936443 6.355732
57048 0.901928 9.807182
