12 0.919599 8.040140
13 0.929075 7.092469
13 0.960564 3.943610
15 0.906956 9.304372
17 0.953103 4.689675
18 0.959024 4.097598
15 0.961264 3.873560
14 0.921659 7.834083
16 0.994387 0.561265
21 0.905460 9.454050
18 0.995711 0.428871
11 0.903764 9.623594
19 0.932066 6.793372
20 0.997298 0.270165
17 0.909469 9.053067
25 0.944473 5.552745
25 0.908550 9.145050
20 0.901978 9.802201
25 0.904306 9.569425
26 0.935858 6.414230
30 0.977257 2.274313
29 0.908679 9.132128
29 0.911646 8.835434
24 0.911782 8.821834
28 0.962643 3.735721
22 0.908221 9.177883
23 0.958429 4.157086
21 0.985658 1.434177
30 0.902385 9.761536
28 0.976064 2.393637
22 0.900691 9.930858
22 0.934699 6.530118
29 0.907631 9.236901
18 0.913310 8.669036
28 0.905756 9.424422
26 0.919674 8.032637
23 0.979616 2.038435
15 0.961640 3.835966
24 0.982055 1.794488
28 0.948032 5.196784
26 0.912135 8.786524
21 0.928225 7.177513
21 0.935715 6.428518
35 0.909938 9.006155
20 0.920258 7.974170
37 0.918346 8.165422
30 0.947662 5.233843
24 0.907335 9.266480
18 0.920755 7.924536
17 0.930051 6.994934
26 0.916308 8.369246
33 0.961786 3.821435
20 0.923973 7.602720
20 0.957501 4.249913
21 0.915927 8.407257
11 0.991567 0.843288
24 0.982784 1.721631
25 0.952270 4.772973
40 0.904498 9.550207
24 0.941785 5.821497
42 0.910584 8.941649
18 0.935596 6.440369
19 0.913470 8.652987
27 0.980953 1.904709
33 0.903040 9.696011
34 0.904942 9.505840
33 0.912496 8.750430
30 0.939290 6.071022
45 0.905001 9.499884
19 0.957707 4.229283
38 0.923998 7.600220
19 0.951702 4.829814
23 0.952156 4.784351
30 0.902978 9.702222
16 0.936541 6.345860
35 0.911736 8.826364
23 0.907455 9.254456
12 0.922126 7.787433
18 0.994160 0.584005
21 0.959053 4.094654
26 0.915376 8.462448
13 0.978689 2.131129
35 0.926937 7.306326
16 0.982075 1.792542
20 0.953423 4.657732
35 0.931224 6.877634
21 0.949272 5.072763
12 0.903885 9.611530
15 0.920555 7.944481
30 0.919558 8.044188
26 0.908975 9.102526
14 0.959120 4.088012
12 0.922378 7.762158
16 0.941466 5.853399
12 0.930300 6.969997
18 0.901664 9.833573
33 0.903699 9.630139
20 0.943679 5.632133
40 0.966933 3.306704
31 0.921983 7.801672
24 0.967811 3.218937
26 0.928366 7.163382
21 0.914139 8.586148
20 0.918001 8.199862
19 0.902457 9.754275
16 0.970121 2.987925
23 0.923265 7.673489
36 0.900092 9.990812
37 0.903378 9.662191
18 0.991160 0.884000
18 0.911775 8.822542
34 0.986563 1.343684
12 0.960536 3.946421
18 0.925150 7.484976
27 0.946520 5.348013
28 0.978752 2.124750
15 0.991715 0.828532
16 0.986864 1.313625
23 0.927627 7.237277
17 0.917745 8.225466
18 0.982362 1.763819
25 0.951593 4.840710
42 0.910058 8.994227
30 0.900573 9.942711
19 0.916819 8.318131
14 0.920751 7.924855
22 0.901872 9.812816
21 0.949992 5.000805
18 0.956721 4.327940
23 0.949427 5.057330
19 0.994110 0.588996
16 0.935030 6.497042
23 0.901314 9.868584
23 0.947921 5.207918
33 0.928544 7.145650
13 0.902590 9.741017
40 0.901141 9.885950
28 0.922118 7.788156
25 0.911460 8.853966
26 0.900600 9.939988
22 0.917595 8.240545
36 0.913840 8.616040
24 0.918718 8.128206
27 0.909451 9.054921
25 0.906199 9.380084
26 0.994052 0.594819
32 0.928424 7.157603
16 0.951376 4.862359
17 0.933465 6.653533
32 0.906563 9.343709
21 0.933658 6.634176
26 0.949653 5.034734
27 0.901224 9.877605
41 0.918169 8.183085
9 0.955298 4.470203
29 0.926119 7.388104
16 0.956265 4.373546
37 0.972579 2.742084
25 0.917882 8.211822
29 0.948111 5.188851
22 0.909049 9.095097
11 0.910005 8.999468
32 0.909638 9.036205
26 0.968346 3.165423
12 0.901938 9.806210
13 0.956040 4.396011
23 0.908529 9.147080
33 0.905606 9.439391
33 0.906870 9.312996
24 0.918188 8.181184
23 0.970832 2.916758
23 0.994388 0.561221
30 0.902900 9.709978
28 0.942139 5.786143
18 0.910169 8.983137
29 0.917776 8.222376
17 0.940785 5.921547
22 0.936859 6.314126
29 0.903177 9.682252
30 0.910864 8.913631
26 0.911121 8.887903
22 0.991297 0.870303
42 0.902834 9.716647
31 0.921586 7.841378
22 0.998708 0.129229
26 0.905320 9.467979
24 0.903404 9.659606
26 0.922153 7.784708
30 0.968413 3.158716
29 0.942164 5.783621
32 0.975929 2.407089
25 0.913269 8.673139
40 0.914649 8.535121
27 0.927501 7.249878
37 0.919373 8.062708
30 0.939044 6.095568
30 0.921829 7.817070
43 0.913812 8.618816
59 0.906706 9.329375
34 0.970579 2.942051
