10 -1.036583 3.658330
10 -1.076959 7.695936
10 -1.071728 7.172763
11 -1.085683 8.568297
11 -1.038064 3.806403
12 -1.081660 8.165987
13 -1.022956 2.295604
14 -1.067885 6.788539
14 -1.093304 9.330366
15 -1.056923 5.692283
15 -1.049867 4.986674
15 -1.083662 8.366244
15 -1.061570 6.157032
15 -1.060067 6.006707
15 -1.093587 9.358744
15 -1.050056 5.005573
15 -1.082283 8.228311
16 -1.057713 5.771280
16 -1.070978 7.097756
16 -1.029978 2.997807
16 -1.047866 4.786628
16 -1.026577 2.657654
16 -1.043681 4.368118
16 -1.039929 3.992934
13 -1.068155 6.815548
17 -1.058568 5.856778
17 -1.055026 5.502583
17 -1.040807 4.080746
17 -1.089265 8.926521
17 -1.022353 2.235306
17 -1.052601 5.260074
17 -1.026527 2.652660
17 -1.034576 3.457573
18 -1.025355 2.535490
18 -1.037193 3.719347
18 -1.041339 4.133856
18 -1.036721 3.672094
18 -1.046444 4.644446
18 -1.042102 4.210235
12 -1.069548 6.954832
19 -1.055094 5.509380
20 -1.030455 3.045464
20 -1.030688 3.068800
20 -1.022242 2.224160
20 -1.022622 2.262233
15 -1.067721 6.772092
21 -1.041306 4.130551
21 -1.022219 2.221937
21 -1.019618 1.961770
12 -1.074204 7.420418
14 -1.098572 9.857231
22 -1.026504 2.650439
12 -1.062974 6.297429
14 -1.033697 3.369663
19 -1.020809 2.080860
14 -1.096624 9.662441
13 -1.094430 9.442970
23 -1.021574 2.157411
15 -1.038297 3.829738
12 -1.068966 6.896607
10 -1.076727 7.672689
15 -1.086406 8.640607
16 -1.036812 3.681204
21 -1.021333 2.133303
14 -1.056218 5.621762
20 -1.030297 3.029671
16 -1.059874 5.987380
12 -1.086624 8.662383
15 -1.066779 6.677876
16 -1.026683 2.668349
12 -1.097501 9.750139
16 -1.095203 9.520256
18 -1.047272 4.727177
16 -1.062973 6.297335
18 -1.022810 2.281042
18 -1.068427 6.842658
9 -1.064122 6.412181
9 -1.076966 7.696647
16 -1.060726 6.072611
9 -1.085619 8.561860
17 -1.023768 2.376796
17 -1.027495 2.749461
14 -1.079318 7.931792
17 -1.024308 2.430814
15 -1.067610 6.760959
23 -1.024042 2.404245
22 -1.020049 2.004922
20 -1.021252 2.125190
20 -1.019807 1.980682
20 -1.022647 2.264669
21 -1.033924 3.392425
20 -1.032617 3.261747
21 -1.018678 1.867803
21 -1.020978 2.097806
15 -1.069856 6.985630
12 -1.099922 9.992190
22 -1.018375 1.837474
18 -1.046716 4.671569
16 -1.040466 4.046585
19 -1.027072 2.707193
18 -1.050207 5.020653
21 -1.018578 1.857812
15 -1.079048 7.904787
20 -1.025902 2.590232
14 -1.049356 4.935644
16 -1.033974 3.397373
15 -1.055695 5.569467
18 -1.086235 8.623507
16 -1.064621 6.462085
13 -1.080954 8.095401
19 -1.025982 2.598216
18 -1.036796 3.679632
15 -1.035682 3.568208
13 -1.043456 4.345592
13 -1.025475 2.547455
15 -1.071950 7.195004
16 -1.098188 9.818815
22 -1.021647 2.164687
19 -1.044671 4.467131
20 -1.019713 1.971299
15 -1.073604 7.360383
11 -1.093706 9.370619
19 -1.031636 3.163618
15 -1.053962 5.396174
22 -1.017753 1.775322
18 -1.071727 7.172749
14 -1.057245 5.724531
16 -1.060310 6.030979
17 -1.054105 5.410505
19 -1.026854 2.685398
22 -1.016569 1.656877
10 -1.066113 6.611305
13 -1.067435 6.743537
15 -1.042257 4.225663
16 -1.045558 4.555838
15 -1.058503 5.850262
23 -1.018970 1.896992
14 -1.076779 7.677917
17 -1.022226 2.222604
19 -1.026815 2.681502
14 -1.063386 6.338587
14 -1.096481 9.648080
15 -1.033766 3.376641
22 -1.030565 3.056509
16 -1.055903 5.590340
17 -1.038784 3.878394
10 -1.061397 6.139675
19 -1.098181 9.818129
18 -1.032692 3.269192
21 -1.026724 2.672386
13 -1.024402 2.440178
18 -1.031428 3.142758
9 -1.044698 4.469813
19 -1.022814 2.281382
13 -1.080859 8.085855
23 -1.025390 2.538972
15 -1.066272 6.627213
15 -1.073935 7.393472
18 -1.048696 4.869632
15 -1.034323 3.432345
15 -1.067933 6.793300
16 -1.050031 5.003132
20 -1.027122 2.712242
15 -1.043124 4.312421
19 -1.032182 3.218182
20 -1.035753 3.575281
18 -1.043894 4.389382
21 -1.047190 4.718957
17 -1.042991 4.299086
14 -1.050561 5.056136
22 -1.022695 2.269490
21 -1.024736 2.473603
16 -1.047374 4.737389
17 -1.066359 6.635851
16 -1.082331 8.233061
20 -1.022492 2.249158
14 -1.072095 7.209543
14 -1.096486 9.648593
17 -1.049555 4.955525
14 -1.059874 5.987435
19 -1.036176 3.617557
12 -1.093326 9.332597
18 -1.016668 1.666825
19 -1.026845 2.684523
14 -1.058651 5.865081
20 -1.019168 1.916755
15 -1.067704 6.770437
16 -1.089061 8.906129
22 -1.025408 2.540827
15 -1.091429 9.142864
17 -1.068291 6.829067
19 -1.031681 3.168098
16 -1.043590 4.359045
16 -1.055561 5.556112
21 -1.017125 1.712457
17 -1.028913 2.891316
18 -1.077773 7.777265
19 -1.042291 4.229150
20 -1.018282 1.828225
21 -1.020065 2.006535
