7 -0.251486 0.594577
8 -0.252461 0.984511
10 -0.250011 0.004427
11 -0.270646 8.258448
13 -0.264186 5.674380
14 -0.264190 5.676077
14 -0.250047 0.018820
14 -0.251386 0.554548
14 -0.251026 0.410595
14 -0.258907 3.562628
15 -0.250473 0.189083
16 -0.264980 5.991993
17 -0.270380 8.152152
18 -0.254543 1.817218
18 -0.250407 0.162688
18 -0.255464 2.185716
18 -0.251544 0.617604
18 -0.258483 3.393062
18 -0.254495 1.797882
19 -0.252471 0.988587
11 -0.257142 2.856922
20 -0.255224 2.089493
19 -0.251296 0.518497
21 -0.252904 1.161468
14 -0.253074 1.229735
21 -0.250745 0.298147
21 -0.260518 4.207020
22 -0.260687 4.274906
22 -0.262167 4.866747
9 -0.257392 2.956889
23 -0.251989 0.795727
23 -0.268143 7.257109
23 -0.266989 6.795594
12 -0.254651 1.860209
24 -0.250555 0.221932
16 -0.271308 8.523261
24 -0.273457 9.382669
25 -0.261594 4.637517
25 -0.254160 1.663948
13 -0.266807 6.722630
26 -0.250253 0.101277
26 -0.250599 0.239414
26 -0.266398 6.559328
9 -0.262478 4.991027
27 -0.261919 4.767621
27 -0.250699 0.279568
23 -0.269568 7.827091
28 -0.251080 0.431803
17 -0.260654 4.261800
28 -0.264703 5.881033
29 -0.250294 0.117780
29 -0.250010 0.003976
29 -0.266986 6.794259
29 -0.265239 6.095531
26 -0.257084 2.833747
18 -0.252968 1.187352
15 -0.250099 0.039431
15 -0.252067 0.826985
22 -0.265248 6.099277
31 -0.253939 1.575709
23 -0.271431 8.572599
31 -0.250587 0.234969
32 -0.264125 5.650146
32 -0.250316 0.126415
16 -0.252487 0.994816
20 -0.252377 0.950815
8 -0.256177 2.470702
21 -0.250059 0.023601
16 -0.274724 9.889762
13 -0.273501 9.400434
25 -0.251620 0.648050
18 -0.271959 8.783643
22 -0.258573 3.429126
18 -0.266003 6.401254
34 -0.256218 2.487134
29 -0.254796 1.918400
18 -0.255945 2.377964
20 -0.261781 4.712599
19 -0.270982 8.392603
22 -0.257514 3.005774
16 -0.272248 8.899030
28 -0.250196 0.078239
19 -0.251170 0.467887
14 -0.263081 5.232553
30 -0.273749 9.499559
18 -0.265918 6.367321
21 -0.272326 8.930366
22 -0.250798 0.319164
21 -0.251493 0.597041
34 -0.260721 4.288593
31 -0.250328 0.131116
26 -0.250395 0.157857
23 -0.273192 9.276612
28 -0.250628 0.251130
20 -0.270559 8.223766
18 -0.274391 9.756263
16 -0.250229 0.091636
8 -0.257548 3.019003
29 -0.251321 0.528549
25 -0.253265 1.306042
30 -0.250571 0.228597
22 -0.251034 0.413796
21 -0.251297 0.518959
29 -0.256209 2.483636
23 -0.266549 6.619788
23 -0.271911 8.764344
26 -0.260201 4.080366
28 -0.250213 0.085055
26 -0.250014 0.005445
25 -0.253055 1.221864
14 -0.259241 3.696447
16 -0.252638 1.055007
31 -0.251392 0.556783
30 -0.260910 4.364127
26 -0.264144 5.657406
28 -0.250809 0.323457
23 -0.272606 9.042212
15 -0.250398 0.159379
13 -0.250028 0.011221
21 -0.258685 3.473924
16 -0.254326 1.730281
18 -0.253969 1.587486
25 -0.267381 6.952572
15 -0.268163 7.265246
30 -0.250725 0.290153
25 -0.250002 0.000655
29 -0.257460 2.983949
13 -0.253986 1.594400
24 -0.261359 4.543769
15 -0.253812 1.524889
20 -0.251017 0.406612
33 -0.250880 0.351821
22 -0.250330 0.132198
19 -0.251436 0.574263
27 -0.250815 0.326076
14 -0.257624 3.049575
28 -0.271436 8.574412
26 -0.272098 8.839073
24 -0.265942 6.376830
12 -0.250002 0.000865
20 -0.273561 9.424350
21 -0.255626 2.250268
20 -0.252322 0.928690
21 -0.265970 6.388130
24 -0.253531 1.412278
27 -0.250258 0.103074
19 -0.256412 2.564893
30 -0.250893 0.357213
21 -0.251069 0.427512
17 -0.260258 4.103287
30 -0.250016 0.006522
23 -0.250048 0.019243
25 -0.268808 7.523110
12 -0.259462 3.784746
12 -0.274715 9.886007
18 -0.250808 0.323098
11 -0.265118 6.047253
15 -0.263072 5.228665
20 -0.250010 0.003901
24 -0.260759 4.303778
27 -0.263877 5.550910
13 -0.253319 1.327676
22 -0.250015 0.006179
21 -0.265906 6.362306
30 -0.271429 8.571562
21 -0.258774 3.509549
17 -0.250002 0.000751
13 -0.259961 3.984254
26 -0.274397 9.758803
32 -0.251066 0.426318
18 -0.272532 9.012880
19 -0.265526 6.210452
16 -0.259987 3.994692
25 -0.267211 6.884272
18 -0.255711 2.284267
22 -0.272891 9.156365
27 -0.274349 9.739760
29 -0.254179 1.671698
25 -0.253123 1.249145
22 -0.265330 6.132078
22 -0.272309 8.923719
24 -0.253687 1.474617
31 -0.256936 2.774360
25 -0.273284 9.313540
25 -0.251328 0.531153
21 -0.273288 9.315273
22 -0.268989 7.595595
30 -0.264172 5.668841
26 -0.251685 0.674006
23 -0.262376 4.950363
27 -0.250534 0.213674
29 -0.250259 0.103746
26 -0.252782 1.112855
26 -0.271435 8.574193
26 -0.251008 0.403346
33 -0.270917 8.366700
31 -0.253558 1.423305
28 -0.252382 0.952893
31 -0.256428 2.571097
31 -0.265537 6.214675
