7 8.053995 5.229996
7 7.811133 8.087712
8 8.030284 5.508997
8 7.883830 7.232303
8 7.744592 8.870687
8 7.681720 9.610497
8 8.052077 5.252569
8 7.875564 7.329564
9 7.870908 7.384345
9 7.789991 8.336486
9 7.683899 9.584855
9 8.195395 3.566169
10 7.718800 9.174175
10 7.683775 9.586311
11 8.214127 3.345753
11 7.933952 6.642524
11 7.970641 6.210812
11 7.923645 6.763799
11 7.769218 8.580913
11 7.721429 9.143240
12 8.142774 4.185352
9 7.945865 6.502338
12 7.703777 9.350946
12 8.097245 4.721084
12 8.150832 4.090529
12 7.757293 8.721233
12 7.901201 7.027899
13 7.738271 8.945066
13 8.025003 5.571138
13 7.670589 9.741471
13 7.803541 8.177039
13 7.745943 8.854786
15 7.933210 6.651246
12 7.747316 8.838629
8 7.937116 6.605287
15 7.962234 6.309733
13 7.839381 7.755322
15 7.673461 9.707675
8 7.975191 6.157267
15 8.017317 5.661575
15 7.654583 9.929813
10 8.226039 3.205578
11 7.718957 9.172326
16 7.781646 8.434676
16 7.880003 7.277335
11 7.745177 8.863808
16 7.714331 9.226766
11 7.983814 6.055797
17 7.684612 9.576468
11 8.030087 5.511317
13 7.749829 8.809069
12 7.716318 9.203382
11 8.071757 5.020994
7 7.938772 6.585802
11 7.913539 6.882714
8 8.165876 3.913511
13 7.892862 7.126021
13 8.045942 5.324750
19 7.832883 7.831779
12 7.684103 9.582451
9 7.784291 8.403560
15 7.898267 7.062425
13 7.865681 7.445848
16 7.738595 8.941257
17 7.753291 8.768328
12 7.881934 7.254611
16 7.707834 9.303211
11 7.750690 8.798938
18 7.814908 8.043289
17 7.681186 9.616781
16 7.708808 9.291750
11 7.742468 8.895678
11 8.039962 5.395116
12 7.933486 6.648003
12 8.012342 5.720119
8 7.869439 7.401635
11 8.242870 3.007536
9 8.050415 5.272124
12 8.102350 4.661011
9 8.213276 3.355760
9 8.334744 1.926464
12 7.817355 8.014499
13 8.087844 4.831701
12 7.842151 7.722728
9 7.807770 8.127282
7 7.671735 9.727985
11 7.648740 9.998564
11 7.668199 9.769594
9 7.977897 6.125430
8 8.138622 4.234204
8 7.854775 7.574177
16 7.831269 7.850770
12 8.024941 5.571872
13 7.801778 8.197796
9 7.796229 8.263089
12 7.920756 6.797792
23 7.688902 9.525977
12 8.128381 4.354702
11 7.703776 9.350959
11 7.788426 8.354898
8 7.678910 9.643560
11 7.990821 5.973349
19 7.948884 6.466813
12 7.686750 9.551309
9 7.885156 7.216697
17 7.693252 9.474795
11 7.832950 7.830992
11 7.771835 8.550119
11 7.983308 6.061759
12 7.852731 7.598231
15 7.762679 8.657861
12 7.659432 9.872752
13 8.011820 5.726262
9 7.948038 6.476778
10 7.841215 7.733746
12 8.087075 4.840750
9 7.696390 9.437869
16 7.859545 7.518052
11 8.105879 4.619489
11 8.244448 2.988969
11 7.889565 7.164820
9 7.732581 9.012015
9 8.089097 4.816957
16 7.794861 8.279184
9 7.827022 7.900752
15 7.709575 9.282729
11 8.098882 4.701820
10 8.042165 5.369191
13 7.824453 7.930974
9 7.838025 7.771278
7 8.242508 3.011788
11 8.050558 5.270438
9 8.311669 2.197988
12 7.676198 9.675469
11 7.813089 8.064695
25 7.659892 9.867338
8 8.399751 1.161536
16 7.711539 9.259618
22 7.906952 6.960225
9 8.197956 3.536024
15 8.034916 5.454500
20 7.734301 8.991783
9 7.750807 8.797552
13 7.845339 7.685212
12 7.716059 9.206428
17 7.711804 9.256493
8 7.996355 5.908236
9 7.966299 6.261905
8 8.047700 5.304065
16 7.818413 8.002047
11 7.796393 8.261157
15 7.679712 9.634123
9 8.086617 4.846133
12 7.888362 7.178969
8 7.787991 8.360021
12 8.049519 5.282667
12 7.740036 8.924297
15 8.115124 4.510700
16 7.782267 8.427376
21 7.716194 9.204839
18 8.001915 5.842817
12 8.048632 5.293098
9 7.813907 8.055073
9 7.662670 9.834650
12 7.779426 8.460801
20 7.835019 7.806654
24 7.706221 9.322193
17 7.813900 8.055147
11 7.956637 6.375594
23 7.761282 8.674305
12 8.241204 3.027133
12 7.911191 6.910346
18 7.789362 8.343887
17 7.731748 9.021827
16 7.745591 8.858927
12 8.095102 4.746292
13 7.798496 8.236411
16 7.866144 7.440403
24 7.809803 8.103358
16 7.791017 8.324418
18 7.768831 8.585466
27 7.707826 9.303307
27 7.657951 9.890179
26 8.064428 5.107233
27 7.930728 6.680457
17 7.889830 7.161699
26 8.004276 5.815025
28 7.698590 9.411981
27 7.740914 8.913961
28 8.285973 2.500353
24 7.704755 9.339440
36 7.672080 9.723926
38 8.028568 5.529189
40 7.892275 7.132929
42 7.829642 7.869922
48 7.836968 7.783710
67 7.735148 8.981815
76 7.793612 8.293881
95 7.657581 9.894535
125 7.977015 6.135800
