30 20.918305 7.553278
117 21.684110 4.168868
56 21.805283 3.633354
118 22.016401 2.700335
131 21.625404 4.428315
28 20.524127 9.295317
135 21.735024 3.943857
142 21.716428 4.026040
144 22.406564 0.976044
68 20.631487 8.820850
135 21.489281 5.029896
137 21.716080 4.027581
147 22.166417 2.037352
153 21.938757 3.043474
151 21.914630 3.150102
157 21.554280 4.742639
154 22.371336 1.131727
161 22.317185 1.371043
35 21.773907 3.772018
149 22.131844 2.190145
160 21.976780 2.875435
177 22.199164 1.892629
37 21.930406 3.080383
180 22.193608 1.917183
185 22.322022 1.349670
159 22.111915 2.278221
38 21.819434 3.570815
193 22.011950 2.720006
199 22.103325 2.316180
174 22.247283 1.679973
202 22.508526 0.525428
53 21.832520 3.512979
37 21.443342 5.232920
207 21.873072 3.333767
112 21.798042 3.665355
41 20.552361 9.170537
42 21.031439 7.053292
27 21.069623 6.884542
46 22.471694 0.688205
132 21.402121 5.415095
64 21.616065 4.469586
108 20.400721 9.840698
159 21.690906 4.138833
260 22.237203 1.724517
121 21.925843 3.100550
260 22.255454 1.643860
113 20.653929 8.721669
245 22.068383 2.470605
100 20.755709 8.271858
270 20.603546 8.944331
163 21.607739 4.506382
284 22.365169 1.158983
156 21.919569 3.128276
170 21.937476 3.049135
138 21.163431 6.469965
49 21.140155 6.572833
146 21.871748 3.339619
176 21.575634 4.648269
154 21.834657 3.503538
201 22.276203 1.552160
185 21.567189 4.685591
318 22.495684 0.582183
20 22.265759 1.598319
233 21.759167 3.837160
160 22.146232 2.126555
154 22.294174 1.472740
159 22.179078 1.981397
221 22.114443 2.267045
349 22.328676 1.320261
46 21.681660 4.179697
179 22.432780 0.860183
67 21.597288 4.552570
151 22.013170 2.714612
40 22.108341 2.294013
147 21.559114 4.721278
348 22.501040 0.558514
190 21.958913 2.954396
161 21.872922 3.334430
193 22.277713 1.545489
244 22.215315 1.821250
387 22.434133 0.854204
290 22.453871 0.766974
37 21.207570 6.274898
177 22.015681 2.703517
283 22.273416 1.564480
113 21.294888 5.889004
35 20.583856 9.031351
287 20.835327 7.919996
143 21.815837 3.586712
378 22.418150 0.924838
144 21.429280 5.295066
211 22.033171 2.626219
200 22.094188 2.356561
204 22.178200 1.985278
176 22.007614 2.739167
275 22.309442 1.405265
104 22.155150 2.087147
183 21.819636 3.569921
177 22.339317 1.273233
168 22.089640 2.376661
187 21.723577 3.994445
347 22.444510 0.808341
37 20.544041 9.207308
138 22.121869 2.234226
343 22.196160 1.905906
120 21.974790 2.884230
35 21.753404 3.862630
322 22.240314 1.710772
178 21.996353 2.788937
148 22.157379 2.077295
146 21.967606 2.915981
168 22.396625 1.019967
142 22.247967 1.676946
455 22.348423 1.232992
348 22.182517 1.966201
299 22.116726 2.256957
279 22.171310 2.015728
39 20.996703 7.206807
179 22.354311 1.206970
214 21.931140 3.077137
34 21.868470 3.354105
74 21.213510 6.248647
249 22.333227 1.300150
155 22.362090 1.172590
29 22.001380 2.766718
173 22.269157 1.583299
164 22.110397 2.284928
99 21.637844 4.373334
147 21.728437 3.972969
28 20.957727 7.379055
118 22.059046 2.511869
167 21.525877 4.868163
140 22.041472 2.589537
363 22.588937 0.170058
43 21.779327 3.748063
138 22.449113 0.787999
237 22.524317 0.455641
100 21.119126 6.665767
163 22.339276 1.273417
103 21.490539 5.024340
152 21.982851 2.848606
276 22.626023 0.006160
26 20.618076 8.880118
298 22.327854 1.323896
407 22.524404 0.455256
177 21.790812 3.697308
269 22.058838 2.512790
244 22.129338 2.201220
295 22.219713 1.801812
253 22.079389 2.421966
301 22.226729 1.770809
144 21.453627 5.187470
35 21.199390 6.311046
330 22.541205 0.381008
159 21.907449 3.181838
153 21.492881 5.013986
35 21.380953 5.508647
273 22.196176 1.905832
136 21.441009 5.243231
180 21.798964 3.661280
39 21.619329 4.455162
192 22.289733 1.492365
227 22.144624 2.133666
241 22.041293 2.590327
292 22.333086 1.300770
172 22.381464 1.086968
188 21.851755 3.427975
38 21.670340 4.229724
175 22.286405 1.507076
287 22.512014 0.510015
236 22.497021 0.576275
38 20.917529 7.556709
135 22.012081 2.719426
317 22.288544 1.497620
113 22.179905 1.977741
407 22.521972 0.466004
169 21.650770 4.316211
184 21.794711 3.680076
234 22.138373 2.161289
143 21.749613 3.879384
374 22.505226 0.540012
32 21.815508 3.588166
312 22.282597 1.523904
160 21.874246 3.328576
221 22.200426 1.887050
279 21.986720 2.831509
180 22.076087 2.436556
296 22.375741 1.112262
218 22.547575 0.352856
431 22.539372 0.389108
420 22.424626 0.896217
391 22.523980 0.457131
261 22.397135 1.017713
265 22.319967 1.358749
264 22.546222 0.358834
272 22.315753 1.377373
448 22.338564 1.276561
275 22.420192 0.915816
306 22.386092 1.066518
350 22.372135 1.128198
