23 -3.153589 0.566997
23 -3.313980 5.681816
24 -3.313980 5.681816
24 -3.205533 2.223464
24 -3.206423 2.251870
25 -3.439239 9.676302
25 -3.281069 4.632310
26 -3.313980 5.681816
28 -3.313980 5.681816
28 -3.397306 8.339061
28 -3.393818 8.227827
29 -3.313980 5.681816
29 -3.253070 3.739403
29 -3.199444 2.029309
29 -3.313980 5.681816
29 -3.190294 1.737512
29 -3.313980 5.681816
29 -3.344063 6.641145
29 -3.313980 5.681816
30 -3.183982 1.536225
31 -3.313980 5.681816
32 -3.313980 5.681816
33 -3.441850 9.759546
33 -3.313980 5.681816
33 -3.313980 5.681816
34 -3.313980 5.681816
34 -3.313980 5.681816
34 -3.303909 5.360647
29 -3.313980 5.681816
31 -3.313980 5.681816
25 -3.313980 5.681816
26 -3.245177 3.487720
37 -3.442960 9.794938
37 -3.443254 9.804337
37 -3.189071 1.698517
32 -3.187562 1.650395
38 -3.206524 2.255074
29 -3.247901 3.574590
39 -3.222501 2.764576
32 -3.313980 5.681816
37 -3.313980 5.681816
30 -3.300688 5.257926
25 -3.336963 6.414752
29 -3.313980 5.681816
40 -3.403683 8.542405
27 -3.313980 5.681816
37 -3.245170 3.487487
31 -3.308557 5.508865
38 -3.313980 5.681816
27 -3.265047 4.121348
26 -3.391331 8.148531
39 -3.148407 0.401756
29 -3.313980 5.681816
45 -3.298409 5.185252
38 -3.434727 9.532414
26 -3.313980 5.681816
34 -3.313980 5.681816
45 -3.313980 5.681816
35 -3.313980 5.681816
35 -3.313980 5.681816
27 -3.269508 4.263609
28 -3.313980 5.681816
38 -3.178798 1.370913
47 -3.243998 3.450112
48 -3.433624 9.497226
41 -3.313980 5.681816
37 -3.366941 7.370715
38 -3.264936 4.117826
25 -3.313980 5.681816
37 -3.203827 2.169059
35 -3.427626 9.305950
39 -3.242270 3.394993
27 -3.313980 5.681816
52 -3.289799 4.910676
46 -3.434916 9.538423
27 -3.243769 3.442815
31 -3.281611 4.649564
34 -3.230111 3.007264
29 -3.160017 0.771987
36 -3.357156 7.058684
33 -3.399410 8.406162
28 -3.182148 1.477743
27 -3.278195 4.540652
34 -3.313980 5.681816
41 -3.234133 3.135514
29 -3.392497 8.185691
30 -3.395922 8.294930
30 -3.387308 8.020234
23 -3.313980 5.681816
55 -3.313867 5.678199
28 -3.271692 4.333262
47 -3.313980 5.681816
34 -3.313980 5.681816
33 -3.263088 4.058881
34 -3.177286 1.322687
29 -3.313980 5.681816
38 -3.370739 7.491840
29 -3.412689 8.829621
41 -3.236388 3.207434
29 -3.391144 8.142566
40 -3.313980 5.681816
36 -3.438276 9.645573
29 -3.259536 3.945621
45 -3.394427 8.247262
26 -3.240758 3.346802
44 -3.313980 5.681816
34 -3.172391 1.166576
29 -3.214469 2.508442
28 -3.313980 5.681816
36 -3.357770 7.078270
34 -3.379492 7.770967
33 -3.285200 4.764046
31 -3.220167 2.690149
25 -3.415685 8.925149
24 -3.407873 8.676045
29 -3.313980 5.681816
31 -3.313980 5.681816
45 -3.313980 5.681816
32 -3.221750 2.740645
26 -3.313980 5.681816
25 -3.346857 6.730243
40 -3.313980 5.681816
44 -3.441098 9.735570
52 -3.190204 1.734643
50 -3.313980 5.681816
43 -3.220334 2.695484
26 -3.361510 7.197538
30 -3.313980 5.681816
28 -3.329965 6.191575
30 -3.313980 5.681816
29 -3.198126 1.987265
28 -3.313980 5.681816
27 -3.313980 5.681816
29 -3.178265 1.353919
36 -3.313980 5.681817
27 -3.351846 6.889355
32 -3.297603 5.159560
26 -3.281822 4.656314
38 -3.287954 4.851862
48 -3.313980 5.681816
32 -3.241978 3.385700
68 -3.375690 7.649738
30 -3.307975 5.490320
30 -3.316546 5.763639
45 -3.231964 3.066365
42 -3.313980 5.681816
31 -3.313980 5.681816
46 -3.365241 7.316500
27 -3.435823 9.567349
28 -3.313980 5.681816
27 -3.311117 5.590510
34 -3.186868 1.628255
29 -3.313980 5.681816
33 -3.313980 5.681816
44 -3.156874 0.671767
33 -3.313980 5.681816
35 -3.283004 4.694008
29 -3.313980 5.681816
29 -3.216355 2.568584
24 -3.313980 5.681816
34 -3.364121 7.280788
62 -3.300882 5.264128
31 -3.230278 3.012581
29 -3.313980 5.681816
28 -3.392310 8.179730
50 -3.313980 5.681816
34 -3.290095 4.920140
33 -3.258695 3.918797
50 -3.313980 5.681816
30 -3.313980 5.681816
34 -3.313980 5.681816
35 -3.313980 5.681816
33 -3.251269 3.681975
49 -3.313980 5.681816
31 -3.246383 3.526182
43 -3.406922 8.645711
33 -3.313980 5.681816
33 -3.313980 5.681816
29 -3.415728 8.926524
34 -3.313980 5.681816
33 -3.301652 5.288686
30 -3.313980 5.681816
35 -3.374421 7.609255
32 -3.184047 1.538285
28 -3.282031 4.662957
34 -3.313980 5.681816
33 -3.229684 2.993641
43 -3.313980 5.681816
33 -3.199731 2.038460
51 -3.318797 5.835443
44 -3.313980 5.681816
47 -3.313980 5.681816
42 -3.207267 2.278783
60 -3.297728 5.163533
38 -3.303697 5.353908
47 -3.313980 5.681816
46 -3.313980 5.681816
46 -3.313980 5.681816
53 -3.313980 5.681816
48 -3.313980 5.681816
