7 27.656851 7.810497
7 28.847655 3.841148
8 27.624079 7.919736
8 28.522880 4.923735
8 29.123424 2.921920
9 29.314566 2.284779
9 28.366736 5.444213
9 29.191731 2.694230
9 29.401618 1.994605
8 29.328578 2.238074
8 28.937522 3.541592
8 28.614612 4.617959
8 28.838321 3.872263
8 27.475760 8.414135
8 28.120719 6.264271
8 28.193061 6.023130
9 29.458913 1.803624
9 27.723553 7.588157
9 29.858304 0.472319
9 28.736763 4.210790
12 28.974200 3.419333
9 29.645996 1.180012
9 29.841976 0.526748
10 27.321447 8.928511
10 28.372862 5.423795
10 29.427551 1.908164
13 27.557398 8.142005
10 29.784077 0.719742
10 28.148673 6.171089
11 27.970120 6.766265
9 29.038980 3.203401
9 28.737739 4.207535
9 28.504946 4.983513
9 29.660951 1.130163
9 29.941822 0.193925
9 29.924595 0.251350
10 28.758676 4.137747
9 28.659389 4.468704
10 29.409044 1.969854
7 27.989374 6.702086
13 29.788863 0.703789
11 29.684719 1.050936
12 29.872891 0.423698
10 28.628138 4.572874
11 29.254160 2.486135
11 29.050644 3.164521
9 29.609158 1.302808
7 29.701145 0.996185
10 28.708431 4.305229
11 27.772765 7.424116
13 28.691086 4.363046
9 28.949056 3.503147
9 28.307337 5.642210
17 29.940386 0.198714
8 28.905623 3.647922
8 29.124339 2.918871
9 27.828944 7.236854
9 28.135023 6.216590
9 29.165716 2.780946
9 27.510761 8.297462
8 29.160871 2.797095
7 29.380487 2.065043
11 29.969529 0.101569
8 27.900493 6.998357
9 28.512981 4.956728
9 28.168421 6.105265
8 29.379113 2.069622
8 28.738865 4.203782
14 28.805256 3.982481
12 28.827327 3.908910
13 28.682219 4.392602
8 27.482452 8.391827
10 29.720830 0.930567
9 28.615829 4.613904
9 29.427596 1.908014
10 27.703041 7.656530
10 29.735830 0.880568
8 28.219040 5.936534
8 28.928577 3.571408
13 29.473435 1.755218
11 28.143731 6.187564
11 29.538511 1.538298
12 29.198291 2.672363
11 29.355689 2.147703
11 28.501923 4.993590
11 29.256843 2.477191
12 29.451274 1.829085
9 29.023216 3.255948
8 28.216476 5.945079
11 28.912308 3.625640
12 29.159783 2.800723
10 28.125558 6.248139
8 27.752080 7.493065
8 29.709552 0.968160
9 28.169280 6.102401
13 29.976469 0.078436
9 28.090277 6.365743
11 29.391547 2.028176
8 28.905504 3.648320
8 27.889142 7.036195
11 29.518878 1.603740
10 29.616418 1.278606
9 29.882478 0.391741
8 29.836329 0.545569
10 29.859528 0.468240
8 27.342539 8.858205
7 28.076179 6.412736
8 29.643446 1.188514
9 28.013377 6.622075
8 28.145926 6.180247
11 29.981168 0.062774
8 28.403946 5.320180
15 29.366679 2.111070
11 29.872779 0.424071
9 27.226348 9.245506
13 29.714870 0.950434
7 28.190404 6.031985
9 28.558450 4.805168
10 29.960067 0.133111
8 29.388544 2.038185
11 29.820792 0.597361
8 29.493249 1.689169
8 29.372596 2.091348
8 29.132272 2.892428
10 29.473748 1.754174
11 28.889269 3.702438
11 29.910895 0.297016
11 29.531569 1.561435
18 28.573759 4.754138
14 29.763733 0.787556
10 28.289620 5.701268
8 28.762694 4.124355
8 28.440688 5.197706
11 27.175596 9.414679
9 29.231582 2.561395
10 29.798400 0.672001
14 29.949083 0.169723
13 28.904819 3.650604
11 29.995369 0.015436
11 29.530245 1.565851
10 29.269291 2.435698
13 29.720356 0.932147
9 29.746497 0.845011
11 29.925074 0.249753
9 27.923975 6.920085
7 29.580232 1.399226
10 29.551676 1.494413
9 29.463479 1.788404
15 28.763496 4.121679
8 29.213600 2.621334
8 28.675969 4.413437
9 28.440953 5.196824
8 28.305311 5.648963
11 28.468087 5.106375
15 29.507088 1.643039
11 29.914365 0.285450
9 29.632397 1.225345
9 28.764087 4.119710
10 28.793262 4.022460
10 29.603962 1.320127
12 28.838012 3.873294
7 29.170587 2.764709
9 29.173996 2.753346
12 29.157502 2.808325
9 27.922920 6.923599
12 29.546850 1.510500
9 29.926744 0.244186
10 28.893732 3.687559
11 28.263606 5.787979
11 27.969221 6.769263
9 29.919699 0.267670
9 27.586883 8.043724
8 28.412333 5.292222
10 28.848146 3.839512
8 29.166088 2.779706
12 29.236480 2.545068
11 29.268301 2.438996
9 28.758956 4.136814
13 27.818205 7.272650
9 29.181757 2.727475
9 27.826944 7.243519
11 27.990460 6.698465
8 29.248416 2.505279
11 27.902005 6.993316
10 29.921679 0.261069
9 28.486047 5.046508
9 29.798614 0.671287
11 28.356179 5.479403
9 29.278390 2.405365
10 29.350963 2.163456
9 29.096641 3.011197
11 29.731538 0.894873
9 28.836113 3.879622
15 29.900262 0.332460
11 29.415831 1.947229
11 29.135933 2.880223
13 27.353964 8.820119
18 29.882099 0.393004
23 28.786136 4.046213
50 27.843397 7.188675
