10 3251.354047 5.921469
13 3200.348960 7.397310
13 3407.508681 1.403105
13 3136.578111 9.242532
29 3290.895498 4.777329
14 3327.994620 3.703859
14 3339.635346 3.367033
14 3266.884633 5.472088
13 3449.077791 0.200295
14 3127.808411 9.496284
14 3339.535800 3.369913
33 3349.353434 3.085838
16 3371.059592 2.457766
16 3437.432456 0.537255
38 3420.290437 1.033263
17 3442.439974 0.392362
17 3449.486644 0.188465
17 3170.803917 8.252201
17 3284.494886 4.962532
17 3379.232608 2.221279
17 3426.419551 0.855916
18 3374.450537 2.359649
18 3402.287766 1.554173
18 3365.585428 2.616162
18 3239.086286 6.276438
18 3406.072439 1.444663
18 3277.799043 5.156278
18 3252.377801 5.891846
18 3435.359139 0.597247
18 3448.213356 0.225308
19 3337.904443 3.417117
19 3181.168411 7.952303
19 3240.657846 6.230965
20 3266.741763 5.476222
20 3402.931608 1.535544
20 3296.728317 4.608556
14 3153.713729 8.746709
20 3319.056028 3.962499
20 3275.770782 5.214966
35 3373.493083 2.387353
16 3400.196846 1.614675
13 3176.780806 8.079259
12 3339.206847 3.379432
22 3352.817042 2.985618
32 3408.186800 1.383484
23 3192.428826 7.626481
23 3418.266910 1.091814
23 3452.890171 0.089983
36 3435.980554 0.579266
14 3242.613414 6.174380
19 3392.329835 1.842308
12 3373.988869 2.373007
16 3154.350982 8.728270
18 3153.810561 8.743907
18 3411.738545 1.280713
17 3419.698420 1.050393
18 3452.460765 0.102408
17 3419.116517 1.067230
17 3209.004650 7.146856
20 3397.363699 1.696652
22 3404.768436 1.482395
17 3361.535031 2.733361
17 3147.460811 8.927639
14 3325.298056 3.781885
12 3270.798516 5.358839
16 3358.256905 2.828215
14 3316.063972 4.049075
17 3365.264552 2.625447
18 3407.588364 1.400800
41 3340.548765 3.340603
23 3177.717863 8.052145
17 3351.439105 3.025489
20 3409.831511 1.335894
14 3195.574896 7.535449
19 3320.007252 3.934975
20 3442.121718 0.401571
72 3367.460478 2.561907
14 3345.249860 3.204576
22 3382.498682 2.126774
37 3327.747789 3.711001
16 3168.787373 8.310551
18 3213.853167 7.006563
13 3161.099322 8.533006
17 3255.976253 5.787724
16 3387.881442 1.971023
17 3208.270856 7.168089
18 3248.701024 5.998234
13 3128.055564 9.489133
19 3313.763259 4.115646
14 3380.726653 2.178048
22 3446.331857 0.279749
19 3344.834837 3.216585
20 3161.909359 8.509567
17 3164.367713 8.438434
23 3426.628369 0.849874
12 3316.712623 4.030306
20 3388.623642 1.949547
19 3373.700699 2.381346
16 3121.624261 9.675224
17 3255.923472 5.789251
13 3295.629295 4.640356
16 3350.560524 3.050911
18 3380.792883 2.176132
19 3282.714834 5.014038
22 3286.424416 4.906701
16 3239.041550 6.277733
16 3432.669583 0.675070
14 3289.463123 4.818775
18 3306.439082 4.327573
19 3137.910405 9.203981
16 3370.832495 2.464338
17 3412.834512 1.249001
18 3390.357053 1.899391
16 3434.203395 0.630689
27 3354.664910 2.932150
17 3441.839603 0.409734
17 3116.807395 9.814601
16 3133.653916 9.327144
18 3373.942891 2.374338
18 3337.157295 3.438736
17 3263.589855 5.567423
22 3406.187840 1.441324
23 3249.287342 5.981269
19 3412.932927 1.246154
17 3196.519282 7.508123
41 3377.397210 2.274386
19 3446.843712 0.264939
23 3424.071432 0.923859
18 3219.409522 6.845789
16 3347.066241 3.152018
14 3394.726861 1.772950
21 3399.643523 1.630685
16 3209.116196 7.143629
27 3433.189649 0.660022
12 3283.142152 5.001674
17 3317.625675 4.003887
19 3184.849828 7.845780
19 3194.240368 7.574063
20 3442.405796 0.393351
17 3362.541981 2.704225
20 3304.624021 4.380092
22 3367.012987 2.574856
19 3181.231660 7.950473
16 3322.088043 3.874767
14 3453.265077 0.079136
12 3311.579283 4.178840
18 3216.812051 6.920948
25 3421.752727 0.990951
16 3317.585620 4.005046
17 3369.281401 2.509219
18 3281.595164 5.046436
17 3313.604005 4.120254
22 3410.242173 1.324011
20 3275.612708 5.219540
18 3291.870759 4.749110
18 3358.601275 2.818250
17 3392.611684 1.834153
20 3186.459667 7.799199
16 3358.724238 2.814692
17 3288.220926 4.854719
14 3323.431222 3.835902
17 3320.524826 3.919999
17 3400.565532 1.604007
22 3444.686734 0.327351
16 3327.104714 3.729609
22 3357.367574 2.853947
16 3394.729842 1.772863
16 3113.420710 9.912595
16 3251.935797 5.904635
23 3153.905422 8.741163
17 3307.641811 4.292772
17 3435.254289 0.600281
14 3110.776559 9.989104
16 3398.674913 1.658712
18 3168.178371 8.328172
16 3411.727656 1.281028
16 3410.116949 1.327635
19 3428.211090 0.804077
23 3343.865742 3.244626
40 3401.959512 1.563672
20 3374.667595 2.353368
21 3310.790723 4.201657
19 3382.520324 2.126148
23 3300.722441 4.492985
23 3416.292832 1.148934
23 3327.993351 3.703896
19 3392.722648 1.830942
29 3436.896538 0.552762
27 3412.397475 1.261647
26 3409.629494 1.341739
29 3371.681608 2.439768
23 3438.002079 0.520773
33 3402.702583 1.542171
31 3441.270511 0.426200
39 3418.714796 1.078854
46 3440.766123 0.440795
41 3435.175977 0.602547
71 3429.989991 0.752604
77 3448.622021 0.213483
85 3435.289173 0.599272
