89 -7690.564932 9.096381
116 -7632.194704 8.268356
114 -7531.196521 6.835622
115 -7656.157829 8.608291
130 -7354.907522 4.334831
131 -7533.880928 6.873702
128 -7595.239462 7.744118
137 -7671.656557 8.828152
135 -7496.786433 6.347489
135 -7530.008245 6.818765
138 -7575.845375 7.468999
140 -7720.935542 9.527211
141 -7702.331933 9.263305
142 -7509.666904 6.530208
143 -7652.369695 8.554553
152 -7535.549087 6.897366
159 -7532.425437 6.853055
160 -7610.409961 7.959323
103 -7707.683519 9.339221
167 -7691.652561 9.111810
176 -7200.229973 2.140615
178 -7702.930682 9.271799
181 -7681.337168 8.965478
177 -7506.370695 6.483449
179 -7528.876319 6.802708
187 -7393.618577 4.883976
184 -7649.658137 8.516088
203 -7510.135242 6.536852
102 -7632.588426 8.273941
208 -7377.480605 4.655047
118 -7509.800521 6.532104
129 -7654.863517 8.589930
230 -7265.685846 3.069155
241 -7346.283314 4.212490
260 -7643.780695 8.432712
166 -7535.090518 6.890861
129 -7606.916111 7.909760
173 -7548.137172 7.075937
282 -7665.135122 8.735640
286 -7603.354802 7.859241
286 -7632.682362 8.275274
194 -7558.231051 7.219127
171 -7537.135873 6.919876
194 -7622.432875 8.129877
224 -7662.159785 8.693433
199 -7498.790033 6.375912
302 -7490.667782 6.260691
118 -7592.263485 7.701902
227 -7572.130416 7.416299
216 -7337.805083 4.092220
90 -7638.315197 8.355180
259 -7555.693188 7.183125
181 -7521.316942 6.695473
136 -7457.272495 5.786954
226 -7587.097505 7.628619
165 -7341.979203 4.151433
203 -7327.269660 3.942768
355 -7444.753679 5.609366
223 -7675.303965 8.879893
149 -7675.352645 8.880584
111 -7692.818107 9.128344
135 -7747.409599 9.902765
146 -7512.022273 6.563621
297 -7646.720802 8.474420
150 -7563.321642 7.291340
387 -7369.729460 4.545091
248 -7744.490099 9.861350
289 -7450.314059 5.688244
165 -7753.186748 9.984718
198 -7521.523002 6.698396
273 -7542.823905 7.000565
410 -7346.003686 4.208524
159 -7517.083243 6.635414
130 -7684.314547 9.007715
408 -7416.468268 5.208116
208 -7619.109282 8.082730
128 -7585.836320 7.610728
365 -7629.822921 8.234711
136 -7697.439030 9.193895
204 -7553.361840 7.150053
157 -7345.908439 4.207173
149 -7659.866713 8.660904
249 -7558.978099 7.229724
190 -7535.214392 6.892618
289 -7395.000494 4.903580
148 -7746.560002 9.890713
202 -7543.853971 7.015177
368 -7605.120300 7.884286
160 -7732.852176 9.696257
169 -7519.561455 6.670570
248 -7497.348614 6.355464
231 -7566.202779 7.332212
120 -7547.553264 7.067654
471 -7438.155754 5.515769
218 -7637.532748 8.344080
189 -7614.705663 8.020261
142 -7632.369061 8.270829
173 -7676.569857 8.897851
260 -7567.682596 7.353204
153 -7522.823228 6.716840
375 -7492.212498 6.282604
215 -7685.055099 9.018220
172 -7727.176156 9.615739
173 -7731.048319 9.670668
154 -7165.945401 1.654263
139 -7524.620929 6.742342
202 -7729.069624 9.642599
126 -7715.242015 9.446444
209 -7493.459567 6.300295
231 -7531.084795 6.834037
130 -7303.955163 3.612034
150 -7546.981691 7.059546
139 -7526.192883 6.764641
266 -7488.716364 6.233009
247 -7587.271887 7.631093
532 -7441.894352 5.568804
535 -7622.881980 8.136248
150 -7644.767522 8.446711
130 -7642.901444 8.420239
172 -7535.034275 6.890063
191 -7618.475480 8.073739
411 -7445.750584 5.623508
146 -7506.921599 6.491264
156 -7628.111690 8.210435
204 -7598.045441 7.783923
144 -7439.294494 5.531923
165 -7489.209115 6.239999
130 -7579.319351 7.518280
139 -7642.303002 8.411750
492 -7604.767492 7.879281
231 -7386.770323 4.786829
135 -7679.723706 8.942590
490 -7627.785072 8.205802
188 -7427.286237 5.361577
122 -7542.302595 6.993170
138 -7438.220641 5.516690
576 -7754.077729 9.997357
578 -7309.104926 3.685087
320 -7542.458522 6.995382
152 -7567.604197 7.352092
515 -7731.004582 9.670048
152 -7601.852844 7.837934
146 -7532.071785 6.848038
300 -7291.139724 3.430238
118 -7575.429447 7.463099
179 -7554.509853 7.166339
323 -7568.322001 7.362274
599 -7752.891751 9.980533
206 -7661.256531 8.680620
103 -7569.758478 7.382652
124 -7553.027744 7.145314
162 -7553.503875 7.152068
143 -7575.435952 7.463191
128 -7703.885322 9.285341
130 -7537.702648 6.927916
173 -7408.801533 5.099358
106 -7691.600822 9.111076
120 -7531.342120 6.837687
302 -7711.426168 9.392313
115 -7627.372455 8.199949
156 -7745.684630 9.878295
146 -7738.955040 9.782831
178 -7588.692412 7.651244
129 -7405.776236 5.056442
200 -7522.776116 6.716172
356 -7536.200368 6.906605
209 -7591.256149 7.687612
130 -7483.333235 6.156645
203 -7662.579780 8.699391
160 -7752.112989 9.969486
201 -7672.408432 8.838818
174 -7575.460831 7.463544
178 -7609.608172 7.947949
200 -7290.875305 3.426487
161 -7509.341317 6.525589
181 -7673.686063 8.856942
356 -7504.272842 6.453689
270 -7720.317782 9.518447
227 -7555.629314 7.182219
227 -7672.205174 8.835934
209 -7350.631079 4.274167
239 -7527.055150 6.776873
253 -7685.529835 9.024955
316 -7610.307092 7.957864
448 -7625.635300 8.175306
360 -7550.054443 7.103135
470 -7711.613317 9.394968
553 -7433.866163 5.454918
722 -7718.188416 9.488241
770 -7558.697372 7.225742
673 -7380.502721 4.697918
737 -7687.784425 9.056938
934 -7751.641323 9.962795
879 -7517.769542 6.645150
1111 -7397.851692 4.944026
