7 -40.700430 6.549170
7 -40.710630 6.575874
7 -41.771924 9.354222
7 -39.402016 3.150068
8 -38.442127 0.637187
8 -39.594723 3.654553
8 -40.730274 6.627299
9 -38.845558 1.693324
9 -38.334461 0.355328
9 -40.668396 6.465311
9 -41.731266 9.247784
8 -40.638963 6.388258
9 -40.955615 7.217217
8 -39.344775 3.000217
9 -40.984620 7.293150
11 -40.085903 4.940408
11 -39.087805 2.327500
11 -38.313446 0.300313
11 -41.100402 7.596252
11 -39.048287 2.224045
11 -39.058967 2.252004
11 -41.649903 9.034785
11 -40.532854 6.110475
11 -41.459085 8.535245
11 -39.372209 3.072038
11 -38.848333 1.700590
8 -41.363957 8.286211
8 -41.254760 8.000344
12 -39.290801 2.858920
12 -39.122233 2.417628
12 -40.788783 6.780470
12 -39.161586 2.520648
12 -40.006053 4.731369
12 -41.869098 9.608613
12 -41.041219 7.441318
12 -40.278069 5.443478
12 -39.456609 3.292987
12 -39.201373 2.624809
12 -38.535658 0.882041
13 -38.531506 0.871172
13 -40.717328 6.593408
13 -38.880501 1.784801
13 -40.408060 5.783779
13 -41.153485 7.735219
13 -40.431197 5.844348
8 -41.327679 8.191239
13 -38.692659 1.293052
13 -38.773630 1.505023
12 -39.059316 2.252919
11 -39.629618 3.745906
9 -40.352646 5.638713
11 -39.483455 3.363268
12 -40.793509 6.792841
11 -39.204584 2.633214
9 -41.201021 7.859661
15 -39.488091 3.375403
12 -40.424525 5.826882
9 -41.392344 8.360524
9 -39.241149 2.728937
13 -41.839030 9.529898
12 -38.562144 0.951378
15 -39.610746 3.696501
16 -38.447633 0.651599
16 -40.524311 6.088112
11 -41.416978 8.425014
9 -40.652018 6.422433
9 -41.722630 9.225177
9 -40.466381 5.936457
11 -39.637288 3.765984
9 -41.588511 8.874068
11 -39.972234 4.642835
11 -40.334650 5.591600
12 -38.991586 2.075608
12 -39.420821 3.199297
16 -40.281953 5.453646
11 -41.759116 9.320692
11 -41.529642 8.719955
11 -41.295207 8.106231
8 -40.090398 4.952176
15 -38.940400 1.941610
11 -41.532867 8.728397
11 -41.412482 8.413244
7 -39.104174 2.370351
11 -40.270096 5.422604
11 -39.446241 3.265844
11 -39.115694 2.400509
13 -39.968770 4.633767
15 -40.498577 6.020743
13 -39.101366 2.363001
13 -39.626009 3.736456
8 -38.271681 0.190977
9 -40.688312 6.517448
12 -39.473371 3.336868
8 -40.292242 5.480581
13 -41.271398 8.043902
15 -38.702990 1.320098
9 -41.246489 7.978693
12 -39.442542 3.256162
11 -39.523079 3.466997
8 -40.701233 6.551274
11 -41.914594 9.727717
11 -40.083296 4.933583
12 -40.856221 6.957014
12 -41.572984 8.833419
15 -38.491474 0.766371
16 -40.836636 6.905744
15 -38.764050 1.479945
11 -40.252147 5.375616
13 -39.355760 3.028974
9 -41.723079 9.226351
12 -39.038525 2.198490
11 -40.441110 5.870300
11 -39.358078 3.035044
11 -39.338817 2.984620
7 -41.125861 7.662903
12 -40.904051 7.082228
11 -40.833533 6.897621
12 -39.445336 3.263475
13 -38.484972 0.749350
12 -41.117516 7.641055
8 -40.443251 5.875905
16 -40.660222 6.443910
12 -40.696232 6.538181
11 -38.912259 1.867941
8 -41.698852 9.162929
12 -40.674115 6.480282
13 -39.096782 2.351001
13 -38.829509 1.651310
9 -38.781634 1.525978
13 -39.652472 3.805735
12 -40.800998 6.812446
11 -41.571639 8.829899
15 -40.816112 6.852015
12 -40.466349 5.936373
12 -39.454309 3.286966
12 -39.863833 4.359054
7 -38.432065 0.610846
12 -38.599351 1.048780
8 -40.967949 7.249506
9 -39.932909 4.539887
13 -39.033035 2.184118
9 -39.858085 4.344006
11 -39.486469 3.371156
8 -40.948032 7.197364
9 -39.918937 4.503309
9 -40.847971 6.935418
12 -39.199303 2.619388
17 -38.692746 1.293279
9 -41.502174 8.648047
15 -38.647389 1.174539
11 -39.245932 2.741459
17 -38.709970 1.338369
9 -41.376021 8.317792
13 -41.510121 8.668852
13 -40.799701 6.809051
9 -38.345539 0.384330
12 -39.008676 2.120347
7 -39.461797 3.306568
12 -39.567093 3.582221
13 -39.016466 2.140741
11 -39.087907 2.327767
15 -38.561451 0.949565
12 -39.767174 4.106012
9 -41.510202 8.669063
12 -39.315026 2.922339
13 -39.120444 2.412944
12 -38.816577 1.617454
13 -39.830534 4.271880
8 -38.525245 0.854779
9 -41.286860 8.084380
9 -39.100603 2.361003
13 -38.580183 0.998603
9 -40.044855 4.832949
12 -41.162931 7.759948
9 -40.399467 5.761284
9 -42.002051 9.956668
13 -40.671598 6.473693
9 -41.919717 9.741128
9 -40.986006 7.296778
11 -39.725709 3.997462
11 -41.465842 8.552933
11 -41.246207 7.977955
12 -41.815405 9.468050
16 -38.411841 0.557901
12 -38.917494 1.881645
12 -38.567922 0.966504
11 -39.753806 4.071015
12 -38.939182 1.938421
13 -40.646170 6.407126
11 -38.887064 1.801982
13 -40.533181 6.111333
11 -39.259448 2.776842
11 -41.288614 8.088971
15 -40.737047 6.645032
16 -38.673818 1.243727
13 -38.562668 0.952749
15 -40.338373 5.601345
16 -38.788549 1.544080
17 -40.971386 7.258504
88 -39.101510 2.363377
