108 29.682632 8.241594
115 30.196720 6.652385
118 30.242754 6.510082
133 31.058522 3.988283
138 31.133649 3.756042
124 31.441893 2.803162
157 31.068003 3.958976
165 30.099746 6.952165
169 30.665557 5.203062
179 30.228533 6.554042
174 31.192347 3.574588
188 30.278613 6.399230
199 29.285426 9.469485
192 31.310517 3.209288
188 31.265360 3.348883
200 31.299725 3.242650
202 30.721085 5.031409
216 30.402805 6.015313
197 30.593452 5.425963
210 30.498810 5.718530
137 30.887738 4.516229
193 30.083363 7.002810
173 29.821164 7.813350
201 30.113284 6.910312
155 31.087756 3.897911
158 31.164711 3.660019
189 31.294531 3.258705
303 30.037995 7.143056
157 29.166655 9.836643
195 31.106066 3.841311
208 29.374504 9.194115
187 31.289185 3.275232
316 30.763233 4.901114
208 31.429029 2.842928
23 30.411826 5.987424
240 31.533806 2.519030
153 29.682879 8.240831
189 30.818163 4.731308
158 30.145560 6.810538
131 31.078926 3.925207
194 29.305228 9.408269
214 30.567211 5.507082
175 30.183262 6.693988
195 29.114503 9.997862
401 31.465332 2.730705
245 30.212832 6.602580
167 29.345598 9.283472
321 31.717983 1.949680
197 30.914788 4.432612
167 30.294497 6.350126
451 31.181171 3.609137
235 29.335632 9.314280
462 31.084636 3.907558
286 31.034553 4.062381
395 31.594782 2.330533
457 31.371419 3.021021
480 31.034599 4.062236
478 31.377019 3.003707
164 29.798264 7.884138
167 31.196353 3.562204
169 31.068816 3.956460
201 31.419161 2.873435
190 31.325349 3.163437
507 31.750597 1.848861
372 30.871895 4.565206
468 31.533714 2.519314
186 31.301944 3.235790
173 31.279550 3.305016
154 31.131400 3.762996
229 30.573471 5.487730
219 30.409419 5.994867
400 31.427772 2.846815
390 30.811839 4.750859
544 31.615593 2.266201
209 31.408285 2.907056
512 31.397352 2.940854
228 29.202468 9.725934
184 30.458582 5.842887
156 30.439349 5.902344
173 31.212686 3.511715
202 31.375710 3.007755
154 30.743960 4.960695
147 31.138063 3.742398
434 30.880932 4.537271
250 30.780307 4.848334
199 31.151502 3.700854
591 31.387670 2.970783
570 31.474625 2.701978
325 31.258126 3.371244
606 31.283587 3.292537
609 31.387084 2.972596
175 31.270659 3.332500
613 31.409033 2.904742
179 31.209447 3.521726
174 29.580176 8.558318
284 31.540963 2.496904
570 31.665547 2.111777
288 30.436440 5.911337
147 29.606314 8.477517
137 30.839323 4.665897
638 31.476994 2.694653
214 30.589519 5.438119
189 30.097813 6.958138
550 31.460723 2.744953
448 31.009189 4.140786
197 30.358472 6.152360
673 31.428616 2.844207
654 31.654529 2.145836
220 31.014136 4.125495
270 30.990154 4.199631
203 30.416413 5.973246
408 30.853379 4.622444
681 31.394042 2.951085
736 31.412760 2.893222
512 31.568188 2.412745
493 31.202045 3.544608
196 31.330953 3.146113
212 29.309562 9.394871
171 31.363291 3.046146
186 31.167294 3.652034
387 30.858703 4.605988
762 31.486689 2.664685
145 30.886491 4.520085
222 30.579848 5.468016
214 30.484015 5.764267
673 31.351095 3.083848
183 31.327516 3.156739
355 30.719492 5.036332
244 30.786492 4.829214
591 31.713204 1.964454
197 30.103491 6.940585
636 31.644580 2.176594
225 30.751160 4.938438
717 31.613557 2.272494
820 31.638838 2.194343
156 30.940672 4.352595
109 31.360120 3.055948
223 29.228971 9.644003
228 29.129806 9.950554
162 30.041917 7.130930
168 30.590406 5.435378
841 31.999213 1.080311
261 30.477942 5.783040
191 31.375027 3.009866
54 30.600602 5.403858
178 30.263238 6.446757
724 31.537191 2.508565
193 31.416728 2.880954
794 32.003987 1.065550
807 31.815261 1.648963
886 31.586773 2.355292
195 31.362239 3.049398
190 31.361287 3.052341
163 31.166303 3.655099
905 31.699055 2.008194
795 31.784705 1.743422
723 31.704174 1.992369
776 31.747930 1.857106
817 31.765682 1.802227
899 31.802853 1.687319
869 31.804964 1.680795
659 31.898701 1.391023
991 31.974355 1.157154
986 31.857725 1.517693
1001 31.675299 2.081631
829 31.581694 2.370993
986 31.622911 2.243579
858 31.640533 2.189102
1044 31.959930 1.201745
1019 31.932020 1.288026
965 31.773174 1.779068
995 31.690538 2.034521
1010 31.665724 2.111231
1134 31.824044 1.621813
1077 31.845041 1.556904
1169 31.745880 1.863442
1072 31.679405 2.068937
1156 32.030708 0.982950
failed to find solution in 1200 iterations and 1215 function evals
1168 32.037503 0.961944
1093 31.692673 2.027922
failed to find solution in 1200 iterations and 1215 function evals
failed to find solution in 1200 iterations and 1215 function evals
failed to find solution in 1200 iterations and 1215 function evals
failed to find solution in 1200 iterations and 1215 function evals
failed to find solution in 1200 iterations and 1215 function evals
failed to find solution in 1200 iterations and 1215 function evals
failed to find solution in 1200 iterations and 1215 function evals
failed to find solution in 1200 iterations and 1215 function evals
failed to find solution in 1200 iterations and 1215 function evals
failed to find solution in 1200 iterations and 1215 function evals
failed to find solution in 1200 iterations and 1215 function evals
failed to find solution in 1200 iterations and 1215 function evals
failed to find solution in 1200 iterations and 1215 function evals
1134 31.890894 1.415157
1193 31.924929 1.309946
failed to find solution in 1200 iterations and 1215 function evals
failed to find solution in 1200 iterations and 1215 function evals
failed to find solution in 1200 iterations and 1215 function evals
failed to find solution in 1200 iterations and 1215 function evals
