17 -2.181726 9.086304
17 -1.846803 7.659857
17 -2.102613 5.130650
17 -2.035363 1.768171
17 -1.848509 7.574552
19 -1.843535 7.823239
23 -2.095449 4.772472
23 -1.865381 6.730933
23 -1.844020 7.798993
23 -1.958392 2.080407
24 -1.851768 7.411585
24 -2.124741 6.237030
24 -2.018620 0.930976
24 -2.090648 4.532424
24 -2.118266 5.913304
25 -1.929518 3.524076
24 -1.947155 2.642236
25 -2.191665 9.583249
25 -1.849150 7.542494
27 -1.844044 7.797815
22 -1.867876 6.606182
27 -1.863102 6.844876
21 -1.854819 7.259068
27 -1.853524 7.323805
24 -1.854078 7.296077
28 -1.843239 7.838059
29 -2.164887 8.244362
29 -1.906998 4.650113
27 -1.851295 7.435266
11 -1.970588 1.470576
25 -1.993520 0.324012
31 -1.912609 4.369547
31 -1.842990 7.850478
31 -2.025063 1.253137
27 -1.949315 2.534258
32 -1.867036 6.648221
16 -1.859044 7.047776
33 -1.861098 6.945119
18 -1.856413 7.179340
23 -1.860310 6.984477
16 -1.997539 0.123049
35 -1.860958 6.952114
29 -1.865286 6.735704
36 -1.846712 7.664418
37 -1.867120 6.644023
27 -1.912780 4.360996
39 -1.852131 7.393427
39 -1.856165 7.191733
28 -1.842725 7.863763
20 -1.846871 7.656442
23 -1.862454 6.877281
20 -1.875046 6.247677
21 -2.120511 6.025562
17 -1.868886 6.555683
19 -2.165984 8.299178
41 -1.862436 6.878222
20 -1.884971 5.751464
31 -1.881573 5.921325
43 -1.844123 7.793865
43 -1.895116 5.244192
24 -1.941709 2.914568
21 -1.848329 7.583558
27 -1.877779 6.111068
24 -1.879302 6.034904
20 -1.869069 6.546534
21 -1.841710 7.914475
21 -1.854174 7.291307
27 -1.881372 5.931384
36 -1.872425 6.378767
30 -1.992763 0.361862
25 -1.846599 7.670073
39 -1.841940 7.902997
15 -1.932714 3.364295
23 -1.910064 4.496810
19 -1.844070 7.796487
35 -1.878751 6.062458
27 -2.151686 7.584305
28 -2.093944 4.697216
25 -2.126805 6.340258
20 -1.844530 7.773520
21 -1.860693 6.965345
20 -1.990742 0.462884
35 -1.904137 4.793142
32 -2.009765 0.488234
17 -2.107855 5.392763
27 -1.849380 7.531015
29 -2.068667 3.433361
25 -2.194425 9.721232
33 -1.865584 6.720782
20 -2.092432 4.621605
23 -2.090096 4.504785
40 -1.851012 7.449418
32 -1.856320 7.183983
23 -2.074109 3.705435
23 -1.891062 5.446878
20 -1.845321 7.733940
20 -1.925795 3.710238
24 -2.060040 3.002020
33 -1.883658 5.817078
23 -1.962893 1.855338
36 -1.858938 7.053075
32 -1.851529 7.423564
23 -1.843943 7.802864
19 -1.993755 0.312234
40 -1.841316 7.934217
25 -1.913595 4.320271
23 -1.951475 2.426267
35 -1.962450 1.877502
33 -1.890857 5.457158
33 -1.886571 5.671468
29 -1.916300 4.184980
17 -2.179540 8.977005
33 -1.868589 6.570568
17 -2.016817 0.840862
23 -1.970497 1.475145
25 -1.855394 7.230279
24 -2.046266 2.313305
21 -1.905956 4.702192
12 -2.015785 0.789233
21 -2.102694 5.134717
24 -1.907311 4.634437
24 -1.851566 7.421693
23 -1.866361 6.681935
21 -1.912859 4.357061
20 -1.865294 6.735312
16 -1.990168 0.491577
40 -1.853375 7.331249
29 -1.857816 7.109199
25 -2.177461 8.873069
19 -1.854567 7.271640
20 -1.906737 4.663144
26 -1.851979 7.401057
31 -1.842385 7.880774
23 -1.855067 7.246634
33 -1.843783 7.810827
27 -1.894325 5.283738
17 -1.846632 7.668376
28 -1.842314 7.884277
25 -1.934976 3.251209
12 -2.151328 7.566424
42 -1.856801 7.159956
23 -1.858916 7.054180
24 -1.844742 7.762888
33 -2.029467 1.473372
24 -1.965100 1.745016
31 -1.868522 6.573920
21 -1.889902 5.504906
17 -1.841987 7.900665
19 -1.866964 6.651794
16 -1.855225 7.238755
22 -1.876525 6.173728
17 -1.848592 7.570414
43 -1.841328 7.933625
21 -2.151156 7.557809
20 -1.948662 2.566918
35 -1.877832 6.108396
21 -1.871925 6.403752
29 -1.925213 3.739364
36 -1.933902 3.304882
28 -1.934754 3.262295
33 -1.877826 6.108689
25 -1.881669 5.916548
24 -2.191026 9.551285
17 -2.090073 4.503645
24 -1.892675 5.366250
27 -1.862184 6.890775
28 -2.105146 5.257323
35 -1.843492 7.825382
19 -1.899627 5.018675
23 -1.880630 5.968515
19 -1.851384 7.430805
27 -1.868068 6.596622
19 -1.847203 7.639862
33 -1.886488 5.675613
27 -2.039153 1.957654
39 -1.873120 6.343995
21 -2.169657 8.482863
36 -1.898468 5.076613
23 -2.140383 7.019127
40 -1.847306 7.634723
32 -1.881290 5.935517
32 -1.927405 3.629755
43 -1.851444 7.427819
27 -2.100628 5.031422
52 -1.852149 7.392544
35 -1.936501 3.174970
27 -1.967173 1.641354
31 -1.861267 6.936656
32 -1.986987 0.650637
34 -1.939908 3.004610
35 -1.843761 7.811943
34 -1.850033 7.498361
33 -1.856653 7.167349
51 -1.844866 7.756676
35 -1.848700 7.564993
47 -1.848734 7.563313
64 -1.845135 7.743241
88 -1.849681 7.515944
73 -1.918830 4.058525
122 -2.178141 8.907054
