24 -3.313980 5.681816
24 -3.413281 8.848497
26 -3.247759 3.570054
28 -3.233983 3.130747
29 -3.416336 8.945910
26 -3.421437 9.108591
31 -3.399842 8.419943
33 -3.346955 6.733369
33 -3.435476 9.556286
34 -3.305916 5.424663
34 -3.424953 9.220709
31 -3.220461 2.699533
22 -3.408671 8.701482
33 -3.311163 5.591989
30 -3.311350 5.597931
34 -3.436995 9.604737
41 -3.313979 5.681795
34 -3.224032 2.813394
44 -3.414383 8.883641
39 -3.380638 7.807519
30 -3.337780 6.440802
43 -3.447643 9.944300
38 -3.346726 6.726064
51 -3.427471 9.300995
27 -3.311263 5.595165
23 -3.364212 7.283686
31 -3.396247 8.305276
33 -3.259394 3.941077
33 -3.397261 8.337635
24 -3.217101 2.592367
35 -3.311193 5.592925
45 -3.287292 4.830736
47 -3.313200 5.656929
55 -3.254907 3.797993
38 -3.423683 9.180201
63 -3.265816 4.145891
54 -3.313957 5.681068
44 -3.313976 5.681676
61 -3.411039 8.777001
57 -3.303268 5.340225
44 -3.432019 9.446053
33 -3.261794 4.017610
33 -3.182882 1.501143
35 -3.313577 5.668951
28 -3.337498 6.431802
28 -3.360568 7.167479
70 -3.313837 5.677253
41 -3.330487 6.208230
62 -3.429136 9.354106
61 -3.418721 9.021960
58 -3.403388 8.533000
33 -3.300071 5.238253
78 -3.448468 9.970606
48 -3.313980 5.681816
26 -3.230205 3.010268
68 -3.367992 7.404246
27 -3.360156 7.154367
45 -3.291591 4.967845
37 -3.344661 6.660213
46 -3.347246 6.742650
29 -3.252566 3.723339
84 -3.244992 3.481807
49 -3.276815 4.496639
29 -3.439154 9.673592
28 -3.311962 5.617450
42 -3.408095 8.683099
70 -3.313610 5.670011
33 -3.427069 9.288175
30 -3.313980 5.681816
54 -3.432670 9.466801
29 -3.313980 5.681817
30 -3.313980 5.681809
44 -3.329071 6.163056
83 -3.271948 4.341434
50 -3.255070 3.803201
48 -3.448247 9.963536
34 -3.182617 1.492695
29 -3.280895 4.626732
48 -3.446235 9.899381
92 -3.413027 8.840408
34 -3.434806 9.534928
61 -3.300152 5.240840
84 -3.273839 4.401744
35 -3.350862 6.857982
34 -3.429554 9.367440
66 -3.393555 8.219427
98 -3.365839 7.335579
56 -3.404146 8.557175
27 -3.261150 3.997087
28 -3.313980 5.681816
33 -3.313980 5.681816
88 -3.433864 9.504894
82 -3.189179 1.701948
27 -3.260520 3.977000
54 -3.378735 7.746828
51 -3.387648 8.031080
47 -3.431467 9.428439
77 -3.313465 5.665403
32 -3.211562 2.415723
32 -3.395530 8.282406
28 -3.313980 5.681816
37 -3.313980 5.681819
94 -3.243214 3.425123
38 -3.313980 5.681820
45 -3.311283 5.595824
86 -3.314760 5.706695
38 -3.312802 5.644246
44 -3.314095 5.685486
23 -3.440576 9.718927
25 -3.440206 9.707117
25 -3.359579 7.135962
54 -3.226191 2.882258
22 -3.270420 4.292695
31 -3.289015 4.885700
43 -3.380492 7.802864
40 -3.432651 9.466189
93 -3.446399 9.904627
57 -3.447973 9.954806
80 -3.415157 8.908319
40 -3.432353 9.456683
54 -3.446524 9.908616
58 -3.344026 6.639979
24 -3.235444 3.177330
66 -3.313977 5.681718
73 -3.421911 9.123714
36 -3.313980 5.681816
118 -3.325371 6.045077
28 -3.358814 7.111547
72 -3.386372 7.990387
43 -3.313980 5.681818
33 -3.412531 8.824566
67 -3.313978 5.681749
28 -3.426448 9.268390
35 -3.225238 2.851853
94 -3.383082 7.885454
69 -3.220625 2.704743
33 -3.244845 3.477119
62 -3.415792 8.928565
23 -3.356759 7.046040
93 -3.440318 9.710685
41 -3.280532 4.615157
32 -3.313980 5.681816
75 -3.446466 9.906752
144 -3.288999 4.885194
25 -3.288799 4.878794
82 -3.316686 5.768123
37 -3.357898 7.082356
107 -3.281692 4.652173
36 -3.230357 3.015118
28 -3.313980 5.681816
36 -3.313979 5.681799
51 -3.409322 8.722243
22 -3.423074 9.160787
67 -3.447870 9.951524
121 -3.313381 5.662716
141 -3.375065 7.629792
126 -3.312865 5.646273
50 -3.447771 9.948369
54 -3.285343 4.768578
49 -3.422253 9.134596
44 -3.448791 9.980912
44 -3.273687 4.396887
88 -3.307193 5.465385
43 -3.433144 9.481931
53 -3.423607 9.177798
52 -3.410380 8.755982
54 -3.313757 5.674691
99 -3.424031 9.191314
126 -3.286351 4.800732
87 -3.339776 6.504451
110 -3.276206 4.477211
61 -3.373622 7.583782
68 -3.311605 5.606078
88 -3.314033 5.683504
96 -3.314616 5.702104
136 -3.330817 6.218753
78 -3.392122 8.173745
64 -3.313977 5.681728
68 -3.313990 5.682136
141 -3.432480 9.460747
99 -3.337054 6.417654
58 -3.314075 5.684843
72 -3.314517 5.698926
93 -3.313707 5.673109
69 -3.229667 2.993104
78 -3.309477 5.538224
111 -3.433474 9.492455
75 -3.401813 8.482769
91 -3.345719 6.693966
95 -3.395067 8.267651
108 -3.436291 9.582284
171 -3.325028 6.034145
96 -3.435647 9.561737
122 -3.289815 4.911186
223 -3.360682 7.171116
103 -3.356516 7.038264
132 -3.313980 5.681816
182 -3.447624 9.943673
103 -3.293205 5.019306
161 -3.344117 6.642874
