21 42.673341 3.015134
23 41.131281 6.519817
70 41.674237 5.285826
72 43.577929 0.959252
75 42.907861 2.482133
29 39.797827 9.550393
106 43.714725 0.648353
107 43.581380 0.951410
110 42.660712 3.043837
108 43.227447 1.755801
106 43.371332 1.428791
113 43.454329 1.240161
105 40.696981 7.506861
115 42.769932 2.795608
107 43.662528 0.766981
118 41.677305 5.278852
111 41.966001 4.622725
110 43.873171 0.288248
125 43.452911 1.243385
123 43.709621 0.659952
125 42.881242 2.542632
122 43.681914 0.722923
30 40.192345 8.653761
125 43.672120 0.745181
31 40.087120 8.892910
133 43.669714 0.750651
147 42.477302 3.460678
153 39.861917 9.404734
103 42.950662 2.384858
15 41.312206 6.108624
70 43.684949 0.716026
82 43.741204 0.588172
56 42.124452 4.262609
120 41.256733 6.234698
118 43.490870 1.157113
66 43.753555 0.560102
192 42.395610 3.646341
196 43.034081 2.195271
135 41.972144 4.608764
110 43.563086 0.992986
112 42.944288 2.399345
113 41.966731 4.621066
123 42.962825 2.357216
123 43.174741 1.875589
115 43.558886 1.002532
58 43.293047 1.606711
30 40.088349 8.890117
229 40.970912 6.884291
14 40.373277 8.242553
241 42.268977 3.934142
110 41.958936 4.638782
117 42.767389 2.801388
22 40.706638 7.484913
149 42.467570 3.482796
75 43.525247 1.078984
269 40.493350 7.969660
108 43.492483 1.153447
106 43.105847 2.032166
114 43.052865 2.152579
43 39.763636 9.628101
110 43.948159 0.117821
96 42.826464 2.667127
143 43.802091 0.449792
109 42.590570 3.203251
287 41.239070 6.274842
288 40.760308 7.362936
305 41.155110 6.465660
101 42.900240 2.499454
64 43.710274 0.658468
316 41.000734 6.816515
66 41.388289 5.935707
99 43.371087 1.429348
113 42.111502 4.292040
318 41.700510 5.226114
33 39.603888 9.991164
127 43.328900 1.525228
140 40.929462 6.978496
324 40.812239 7.244911
114 43.127443 1.983085
94 42.899891 2.500248
124 43.183533 1.855607
331 41.047472 6.710292
106 42.644967 3.079621
27 39.958606 9.184987
335 41.189292 6.387974
112 43.119240 2.001727
22 39.645106 9.897487
126 43.266644 1.666719
116 42.906745 2.484669
284 41.915919 4.736548
66 43.870801 0.293635
296 41.317950 6.095568
126 42.745994 2.850013
359 40.901419 7.042228
359 39.779001 9.593180
294 42.375574 3.691878
64 43.460806 1.225440
76 43.913240 0.197181
372 40.159364 8.728718
378 42.225525 4.032899
109 42.490378 3.430959
375 40.294304 8.422036
39 40.192617 8.653143
114 42.400719 3.634731
349 41.338804 6.048172
103 43.466456 1.212599
400 40.672543 7.562402
271 42.223511 4.037475
122 43.162406 1.903622
289 40.698171 7.504157
30 40.211117 8.611097
125 43.313716 1.559737
114 42.090630 4.339477
118 43.107483 2.028448
42 40.134734 8.784695
349 40.134524 8.785172
76 43.395838 1.373096
122 43.074469 2.103479
240 43.120549 1.998753
377 40.951658 6.928051
22 41.387956 5.936463
123 43.528464 1.071672
129 43.080490 2.089796
66 43.422234 1.313106
109 43.711552 0.655564
106 43.908643 0.207629
345 42.102028 4.313573
463 43.198713 1.821106
411 40.322224 8.358582
122 43.749226 0.569941
69 41.696852 5.234427
19 41.140621 6.498588
283 42.146942 4.211497
350 40.031878 9.018460
21 40.610356 7.703737
119 42.985164 2.306445
280 42.008351 4.526475
112 43.853416 0.333146
277 41.679633 5.273561
247 42.383277 3.674370
103 43.020832 2.225381
346 40.211599 8.610003
263 41.929489 4.705708
206 43.040738 2.180142
319 41.066488 6.667074
343 43.497817 1.141324
341 40.546800 7.848182
346 41.477899 5.732047
102 43.767077 0.529370
316 40.294507 8.421576
106 43.151409 1.928617
24 39.679187 9.820029
427 40.183592 8.673656
360 41.058954 6.684195
116 43.348585 1.480488
120 43.700466 0.680758
23 41.128727 6.525620
112 42.941160 2.406453
267 40.271935 8.472875
379 40.247634 8.528105
434 41.378685 5.957534
19 41.967281 4.619816
451 40.002178 9.085960
268 40.623323 7.674266
354 40.898100 7.049773
360 40.017349 9.051480
307 40.985697 6.850689
73 42.690944 2.975128
117 42.486958 3.438733
176 43.159168 1.910982
361 40.705436 7.487646
119 42.859213 2.592698
145 43.027148 2.211026
116 43.453687 1.241620
304 40.086942 8.893314
221 39.885339 9.351502
374 40.517607 7.914529
394 39.965981 9.168224
333 41.343154 6.038287
310 40.719995 7.454558
368 40.624709 7.671117
394 41.429790 5.841385
383 40.058284 8.958444
363 41.785065 5.033943
410 40.376005 8.236352
389 41.325088 6.079345
573 40.351952 8.291018
381 40.730707 7.430211
432 41.393288 5.924345
403 40.742999 7.402274
431 40.918008 7.004526
486 41.960659 4.634865
637 41.932048 4.699890
411 40.467789 8.027752
366 41.989047 4.570347
396 41.117485 6.551169
499 41.261977 6.222779
534 40.940227 6.954029
398 43.275911 1.645656
455 40.361280 8.269818
