7 7.859569 7.517778
8 8.231504 3.141276
8 8.255986 2.853196
9 7.936635 6.610947
10 8.170813 3.855420
10 7.993035 5.947298
10 8.096060 4.735024
10 7.832981 7.830635
10 7.831835 7.844120
10 7.955149 6.393094
10 8.378180 1.415368
10 7.946087 6.499734
10 8.198450 3.530222
10 7.687349 9.544261
10 7.655966 9.913533
10 8.193022 3.594088
10 7.956516 6.377016
10 7.928988 6.700925
10 8.182387 3.719230
11 8.060583 5.152478
11 7.953630 6.410971
11 7.889584 7.164587
11 8.310735 2.208973
11 8.368338 1.531175
11 8.126863 4.372573
11 8.153337 4.061058
11 7.958255 6.356553
11 8.170220 3.862398
11 7.889050 7.170880
11 7.837466 7.777857
11 7.755529 8.741989
11 7.758695 8.704735
11 7.762970 8.654441
11 7.771400 8.555246
12 7.724825 9.103280
12 8.272546 2.658340
12 8.121716 4.433129
12 7.878700 7.292665
12 7.899888 7.043345
12 7.731496 9.024792
10 7.697940 9.419632
12 7.982972 6.065709
10 8.144064 4.170164
13 7.813135 8.064158
13 7.668114 9.770593
8 8.060708 5.151002
9 8.387327 1.307730
13 7.693810 9.468231
9 7.746756 8.845229
10 7.927293 6.720880
10 8.140728 4.209426
14 7.904938 6.983923
14 7.851305 7.615016
14 7.995232 5.921449
10 7.924070 6.758800
13 7.953881 6.408025
11 7.896522 7.082956
11 7.840657 7.740302
14 7.945794 6.503175
11 8.233091 3.122599
11 7.729934 9.043162
11 7.877462 7.307224
10 8.296918 2.371559
11 7.792637 8.305346
11 7.879681 7.281116
11 7.778814 8.468007
10 8.475882 0.265721
11 8.236788 3.079099
11 7.753046 8.771209
16 7.950477 6.448069
12 7.743333 8.885505
12 7.999379 5.872650
11 8.248641 2.939628
11 8.146991 4.135727
12 7.735161 8.981663
12 7.858169 7.534245
12 8.066930 5.077787
11 8.203462 3.471237
11 7.839641 7.752265
13 7.927163 6.722410
12 7.713096 9.241296
10 8.035793 5.444174
10 7.911029 6.912255
13 7.912768 6.891789
12 7.768346 8.591180
13 7.677480 9.660382
11 7.924062 6.758896
10 7.683457 9.590054
9 8.000118 5.863956
9 8.035660 5.445736
11 7.860785 7.503463
14 7.769912 8.572752
14 7.789810 8.338617
11 7.878796 7.291528
8 7.655701 9.916659
14 8.047676 5.304352
11 7.980826 6.090964
12 8.007055 5.782325
11 7.656974 9.901670
13 8.122736 4.421125
13 7.938008 6.594795
11 7.685367 9.567574
11 8.168359 3.884297
15 7.877964 7.301325
12 7.848159 7.652038
10 8.285342 2.507778
11 7.709435 9.284380
12 7.863187 7.475200
12 7.664120 9.817586
11 8.221842 3.254962
10 7.742599 8.894140
10 7.951160 6.440032
9 7.834348 7.814543
10 8.100861 4.678532
9 7.720553 9.153547
11 8.120683 4.445285
14 7.935633 6.622736
11 7.771744 8.551193
10 7.856353 7.555619
11 7.676778 9.668641
11 8.272339 2.660780
13 7.700898 9.384833
9 8.127012 4.370812
12 7.655463 9.919451
11 8.080465 4.918526
7 8.071257 5.026872
12 7.704231 9.345611
10 8.166265 3.908934
11 7.716616 9.199881
11 7.652490 9.954440
14 7.667347 9.779615
11 7.854352 7.579163
8 8.120444 4.448100
12 8.216327 3.319858
9 8.097486 4.718238
12 7.741494 8.907136
12 8.246878 2.960372
13 7.877687 7.304586
11 8.170871 3.854738
14 7.941763 6.550605
12 8.036294 5.438280
14 7.993621 5.940401
8 7.760095 8.688269
13 7.974093 6.170185
7 8.464472 0.399975
9 7.901728 7.021696
12 7.828770 7.880181
11 8.113021 4.535445
10 8.254244 2.873700
15 7.772793 8.538853
11 7.839144 7.758115
12 7.912342 6.896800
16 7.892198 7.133830
10 7.706089 9.323745
10 7.981383 6.084406
10 7.698616 9.411681
13 7.879506 7.283180
11 7.704033 9.347935
10 8.324114 2.051550
13 7.655370 9.920543
13 7.729674 9.046220
14 7.845334 7.685278
10 8.165454 3.918479
12 7.923135 6.769797
10 7.734387 8.990766
12 7.672533 9.718592
10 7.821038 7.971166
12 8.035430 5.448446
14 7.649600 9.988443
11 7.688680 9.528593
11 7.773786 8.527172
13 7.733962 8.995770
9 8.186478 3.671090
11 8.248383 2.942666
11 7.950253 6.450705
9 8.333214 1.944476
10 7.730283 9.039061
11 7.745824 8.856189
14 7.928457 6.707174
9 7.813116 8.064374
10 7.919819 6.808822
15 7.798759 8.233311
13 7.726788 9.080187
12 7.651644 9.964396
12 7.785493 8.389414
12 8.192424 3.601118
10 8.379875 1.395423
11 8.107715 4.597886
13 7.992688 5.951386
13 7.880068 7.276564
12 7.763361 8.649837
11 7.886851 7.196750
13 8.092444 4.777577
11 7.735523 8.977396
11 8.072794 5.008787
13 7.989124 5.993316
14 7.982604 6.070035
14 7.927571 6.717606
16 8.174287 3.814543
16 7.877320 7.308899
