9 -5.254417 5.088334
13 -5.129112 2.582230
13 -5.317700 6.354009
13 -5.265274 5.305480
14 -5.436006 8.720114
15 -5.420871 8.417421
16 -5.308622 6.172436
17 -5.203458 4.069155
17 -5.232593 4.651869
18 -5.178112 3.562244
18 -5.236821 4.736428
18 -5.325939 6.518781
19 -5.394148 7.882956
19 -5.134997 2.699931
19 -5.312717 6.254340
20 -5.127529 2.550578
20 -5.400118 8.002364
20 -5.173483 3.469652
17 -5.268804 5.376077
20 -5.250762 5.015233
20 -5.031545 0.630894
20 -5.369470 7.389391
21 -5.305438 6.108752
21 -5.408761 8.175211
21 -5.006025 0.120502
22 -5.102540 2.050801
22 -5.031473 0.629463
22 -5.024307 0.486146
22 -5.481116 9.622320
22 -5.294849 5.896977
22 -5.185103 3.702062
22 -5.097323 1.946456
22 -5.311436 6.228712
22 -5.147901 2.958015
23 -5.065825 1.316507
23 -5.438566 8.771322
23 -5.188485 3.769706
23 -5.288590 5.771807
23 -5.375877 7.517543
24 -5.098279 1.965588
9 -5.183048 3.660951
24 -5.077274 1.545481
25 -5.011550 0.230994
25 -5.067071 1.341418
26 -5.050062 1.001241
24 -5.026464 0.529281
26 -5.060685 1.213698
19 -5.124746 2.494921
12 -5.400767 8.015333
28 -5.005804 0.116084
28 -5.032404 0.648084
21 -5.176614 3.532276
20 -5.187025 3.740497
15 -5.307574 6.151474
19 -5.279654 5.593085
15 -5.039029 0.780586
17 -5.318234 6.364680
13 -5.338799 6.775987
19 -5.023482 0.469638
21 -5.035252 0.705046
24 -5.042026 0.840520
17 -5.275115 5.502307
14 -5.383982 7.679635
32 -5.009122 0.182440
17 -5.197915 3.958294
18 -5.497608 9.952154
17 -5.378380 7.567598
16 -5.149541 2.990820
18 -5.397923 7.958467
22 -5.014068 0.281356
21 -5.070234 1.404671
21 -5.256597 5.131938
23 -5.177120 3.542394
16 -5.142997 2.859947
21 -5.382638 7.652761
24 -5.003119 0.062375
21 -5.240953 4.819068
21 -5.089777 1.795547
23 -5.168140 3.362805
17 -5.116447 2.328939
22 -5.200911 4.018214
21 -5.462772 9.255439
18 -5.293516 5.870330
22 -5.282694 5.653875
22 -5.245512 4.910234
22 -5.003752 0.075034
17 -5.499129 9.982573
17 -5.358037 7.160741
20 -5.307985 6.159709
25 -5.099986 1.999721
18 -5.197286 3.945711
26 -5.045423 0.908458
19 -5.324642 6.492844
15 -5.083770 1.675402
14 -5.066659 1.333178
17 -5.389370 7.787400
18 -5.041470 0.829402
29 -5.027381 0.547621
26 -5.308473 6.169466
20 -5.147293 2.945857
13 -5.209691 4.193819
28 -5.006218 0.124366
19 -5.322068 6.441360
25 -5.072635 1.452707
23 -5.073427 1.468534
13 -5.155765 3.115307
17 -5.473811 9.476216
23 -5.217643 4.352856
13 -5.128530 2.570606
17 -5.028568 0.571363
18 -5.464098 9.281969
22 -5.473652 9.473038
19 -5.478876 9.577511
26 -5.059286 1.185718
24 -5.283162 5.663243
16 -5.039548 0.790957
24 -5.142251 2.845019
22 -5.111998 2.239957
28 -5.201046 4.020921
17 -5.179339 3.586777
13 -5.289443 5.788852
20 -5.468598 9.371965
31 -5.010457 0.209142
20 -5.012510 0.250191
23 -5.043787 0.875735
22 -5.328865 6.577294
24 -5.023854 0.477083
18 -5.490985 9.819703
22 -5.141120 2.822406
16 -5.122076 2.441528
17 -5.385125 7.702510
21 -5.108607 2.172139
21 -5.066463 1.329259
20 -5.129454 2.589081
20 -5.349861 6.997223
12 -5.231094 4.621878
21 -5.262876 5.257514
12 -5.315873 6.317469
24 -5.184021 3.680414
22 -5.058051 1.161016
16 -5.354501 7.090026
29 -5.114085 2.281692
17 -5.421432 8.428644
21 -5.294304 5.886079
10 -5.007017 0.140343
15 -5.328395 6.567906
20 -5.474040 9.480800
19 -5.011628 0.232563
18 -5.494387 9.887731
20 -5.312963 6.259255
24 -5.115229 2.304578
26 -5.078274 1.565480
19 -5.104767 2.095339
25 -5.184336 3.686720
20 -5.434838 8.696762
19 -5.154376 3.087523
12 -5.447625 8.952499
20 -5.077174 1.543480
18 -5.484701 9.694013
21 -5.263058 5.261150
24 -5.101685 2.033690
13 -5.290102 5.802046
19 -5.322019 6.440376
19 -5.400610 8.012204
23 -5.216268 4.325363
23 -5.051975 1.039508
22 -5.279821 5.596422
24 -5.317348 6.346953
25 -5.063853 1.277060
17 -5.441518 8.830362
17 -5.297336 5.946720
19 -5.011035 0.220708
23 -5.088594 1.771877
20 -5.047878 0.957561
22 -5.354564 7.091273
19 -5.405838 8.116768
23 -5.388815 7.776301
21 -5.486410 9.728209
27 -5.026956 0.539122
15 -5.156706 3.134114
19 -5.086575 1.731505
22 -5.092365 1.847290
17 -5.242954 4.859077
21 -5.307585 6.151697
28 -5.023602 0.472043
failed to find solution after reaching max emtpy limit -- 46 iterations and 30 function evals
32 -5.105711 2.114228
18 -5.251348 5.026968
20 -5.361279 7.225576
22 -5.258600 5.172007
21 -5.299670 5.993396
21 -5.123633 2.472652
23 -5.316645 6.332891
21 -5.474456 9.489117
21 -5.094528 1.890562
21 -5.323477 6.469535
24 -5.069508 1.390165
28 -5.002830 0.056607
25 -5.037585 0.751704
27 -5.031862 0.637244
