13 -1.028865 7.900758
16 -1.045736 9.670072
18 -0.987171 3.528171
20 -1.023920 7.382209
20 -1.034140 8.453985
20 -1.031024 8.127146
20 -1.040896 9.162463
20 -1.043715 9.458173
20 -0.967372 1.451797
22 -0.987656 3.579086
24 -1.047871 9.894019
24 -0.975129 2.265272
24 -0.987566 3.569592
24 -1.020421 7.015260
24 -0.995369 4.387967
24 -1.014548 6.399308
25 -0.969501 1.675027
25 -1.000677 4.944592
25 -1.030096 8.029829
25 -0.972677 2.008095
25 -1.012040 6.136242
25 -0.998549 4.721408
26 -0.980330 2.810738
26 -0.968583 1.578813
26 -1.012165 6.149410
26 -0.979760 2.750967
26 -0.978795 2.649778
28 -1.028567 7.869478
28 -0.969971 1.724377
28 -1.004480 5.343457
29 -0.977589 2.523291
29 -0.976424 2.401069
29 -0.964584 1.159370
29 -0.969460 1.670794
29 -1.001324 5.012452
29 -0.961261 0.810950
29 -1.019719 6.941589
29 -1.004733 5.369985
30 -0.974727 2.223082
30 -0.959895 0.667671
30 -0.983019 3.092718
30 -0.966167 1.325368
19 -1.043203 9.404406
31 -1.034731 8.515916
31 -0.967872 1.504236
20 -1.026398 7.642067
32 -0.971158 1.848855
22 -0.976567 2.416079
34 -0.957334 0.399078
34 -0.967798 1.496488
23 -1.005289 5.428248
31 -0.970311 1.760051
20 -0.980557 2.834513
25 -0.998223 4.687236
19 -1.023293 7.316443
30 -0.964127 1.111487
22 -1.000832 4.960856
26 -0.996917 4.550298
24 -0.968863 1.608117
19 -1.013903 6.331655
26 -1.045647 9.660757
30 -0.972620 2.002176
20 -1.044849 9.577051
24 -0.980257 2.803123
24 -0.991400 3.971735
19 -1.030656 8.088615
19 -1.047502 9.855331
26 -0.990590 3.886697
26 -0.983269 3.118942
26 -0.980671 2.846493
25 -1.027553 7.763170
25 -0.973338 2.077508
23 -0.994649 4.312438
24 -0.983427 3.135569
28 -0.984348 3.232116
28 -0.989950 3.819654
25 -0.971633 1.898671
24 -1.013848 6.325840
22 -0.996972 4.555993
20 -0.986079 3.413663
26 -1.024542 7.447398
29 -0.984456 3.243404
25 -0.989006 3.720608
19 -1.041632 9.239716
25 -0.995560 4.407995
25 -0.971586 1.893679
32 -0.976544 2.413697
25 -0.970100 1.737926
30 -0.964968 1.199655
23 -0.977609 2.525349
23 -0.967892 1.506279
26 -0.991493 3.981487
18 -1.020601 7.034055
25 -1.037549 8.811474
20 -0.972613 2.001440
31 -0.963409 1.036197
29 -0.964718 1.173497
28 -0.977239 2.486604
20 -1.044174 9.506298
22 -0.993841 4.227711
20 -1.014746 6.420068
32 -0.965083 1.211771
32 -0.965245 1.228683
19 -1.026279 7.629520
28 -0.974959 2.247450
26 -1.026604 7.663624
18 -0.987964 3.611322
28 -0.996497 4.506174
28 -0.993168 4.157125
25 -0.995700 4.422606
26 -0.978291 2.596893
17 -1.021615 7.140391
26 -1.015017 6.448510
23 -0.985900 3.394924
19 -1.032792 8.312580
26 -0.998563 4.722851
23 -1.024399 7.432405
23 -1.011921 6.123794
29 -1.046521 9.752419
25 -1.023673 7.356295
29 -1.023829 7.372676
28 -0.990117 3.837118
26 -1.003652 5.256592
25 -0.983828 3.177611
26 -1.010222 5.945594
26 -1.016068 6.558658
29 -0.968420 1.561718
25 -1.005186 5.417492
28 -0.999974 4.870887
31 -0.981602 2.944123
24 -0.990134 3.838917
31 -0.969295 1.653485
28 -1.031721 8.200252
29 -0.964419 1.142137
35 -0.959244 0.599387
28 -0.964789 1.180940
29 -0.986340 3.441073
30 -0.978195 2.586775
28 -1.018958 6.861807
29 -0.964404 1.140529
26 -0.996202 4.475335
29 -0.984531 3.251281
22 -1.044937 9.586256
29 -0.994442 4.290658
29 -0.986326 3.439557
29 -0.969441 1.668756
23 -1.004964 5.394152
18 -1.020383 7.011188
30 -0.990220 3.847906
28 -0.987852 3.599580
32 -1.027453 7.752640
31 -1.044072 9.495582
26 -0.981464 2.929656
29 -1.002627 5.149110
25 -1.005869 5.489135
29 -0.995052 4.354722
25 -0.978226 2.590124
28 -1.011168 6.044803
26 -0.971527 1.887563
23 -1.024489 7.441825
28 -1.017990 6.760243
29 -0.998310 4.696403
24 -1.017914 6.752316
24 -1.000296 4.904610
23 -1.046005 9.698351
30 -0.975222 2.275084
32 -0.959623 0.639166
22 -1.016660 6.620748
30 -0.981545 2.938206
24 -0.975539 2.308281
24 -1.001537 5.034794
20 -0.958313 0.501699
30 -1.038947 8.958115
29 -0.994037 4.248206
23 -0.962859 0.978521
26 -1.008886 5.805519
26 -1.025845 7.584106
28 -1.019709 6.940555
28 -0.993029 4.142518
26 -0.999225 4.792370
24 -0.965092 1.212671
35 -0.965423 1.247364
31 -0.979004 2.671713
24 -0.977758 2.541038
30 -0.973320 2.075548
25 -1.003962 5.289079
28 -0.968742 1.595459
23 -1.035599 8.607011
26 -0.998678 4.734911
26 -0.978688 2.638517
26 -1.036462 8.697475
25 -0.981312 2.913757
25 -1.044210 9.510093
32 -0.966124 1.320897
30 -0.997308 4.591245
28 -1.006792 5.585906
29 -0.967355 1.449954
29 -1.018818 6.847143
30 -0.987145 3.525468
77 -0.960302 0.710322
