9 -5.119140 2.382808
11 -5.341669 6.833373
11 -5.173535 3.470706
11 -5.394327 7.886533
15 -5.244262 4.885244
15 -5.466622 9.332447
15 -5.064888 1.297750
17 -5.034888 0.697762
17 -5.084180 1.683600
12 -5.428879 8.577589
19 -5.342317 6.846335
19 -5.199271 3.985429
19 -5.311524 6.230470
19 -5.178941 3.578814
20 -5.360715 7.214300
20 -5.287021 5.740419
20 -5.099307 1.986139
20 -5.031912 0.638240
21 -5.332919 6.658382
21 -5.373718 7.474356
21 -5.287582 5.751633
21 -5.195288 3.905753
21 -5.483666 9.673330
23 -5.087827 1.756538
23 -5.303941 6.078825
23 -5.146289 2.925780
23 -5.031240 0.624800
23 -5.243957 4.879149
24 -5.478752 9.575036
20 -5.444307 8.886146
25 -5.317338 6.346753
16 -5.030394 0.607884
25 -5.272831 5.456615
25 -5.119043 2.380869
25 -5.409014 8.180277
25 -5.055027 1.100531
25 -5.381341 7.626815
27 -5.288535 5.770703
27 -5.373451 7.469025
27 -5.072619 1.452380
21 -5.241713 4.834257
28 -5.019677 0.393538
13 -5.274518 5.490352
28 -5.157055 3.141103
28 -5.015564 0.311288
12 -5.379377 7.587533
23 -5.217452 4.349046
29 -5.390870 7.817408
29 -5.307787 6.155739
21 -5.044468 0.889353
31 -5.184199 3.683980
35 -5.131927 2.638541
36 -5.283037 5.660737
24 -5.172377 3.447545
27 -5.354174 7.083477
24 -5.179360 3.587193
13 -5.294875 5.897501
25 -5.194466 3.889325
24 -5.295638 5.912770
23 -5.331939 6.638780
39 -5.070140 1.402805
16 -5.343716 6.874320
21 -5.114329 2.286583
39 -5.006651 0.133023
20 -5.240890 4.817792
27 -5.451640 9.032794
27 -5.182850 3.657004
24 -5.439208 8.784160
20 -5.189577 3.791542
20 -5.294479 5.889590
20 -5.431017 8.620344
24 -5.305904 6.118088
23 -5.455821 9.116428
23 -5.147145 2.942894
27 -5.258816 5.176310
25 -5.432064 8.641289
27 -5.029152 0.583046
24 -5.102320 2.046401
23 -5.301944 6.038870
29 -5.490773 9.815453
28 -5.232758 4.655162
32 -5.001334 0.026687
29 -5.439079 8.781589
27 -5.099798 1.995967
13 -5.395500 7.910005
28 -5.019327 0.386546
20 -5.304789 6.095773
15 -5.033255 0.665110
17 -5.384140 7.682806
12 -5.372058 7.441157
23 -5.295138 5.902767
25 -5.451770 9.035399
27 -5.310913 6.218267
25 -5.352891 7.057814
31 -5.160259 3.205171
27 -5.051215 1.024303
27 -5.048805 0.976106
20 -5.249258 4.985169
33 -5.031031 0.620625
29 -5.076264 1.525286
19 -5.052125 1.042508
17 -5.189817 3.796340
33 -5.237454 4.749077
33 -5.066262 1.325237
16 -5.322837 6.456747
29 -5.390712 7.814239
19 -5.469392 9.387850
21 -5.147172 2.943444
21 -5.082278 1.645569
19 -5.114926 2.298519
25 -5.157729 3.154577
21 -5.219382 4.387636
20 -5.345006 6.900116
19 -5.406530 8.130596
23 -5.402059 8.041183
16 -5.204178 4.083552
19 -5.296485 5.929699
19 -5.107942 2.158843
27 -5.367514 7.350281
10 -5.090201 1.804020
24 -5.062115 1.242309
25 -5.169193 3.383864
17 -5.217449 4.348979
11 -5.096230 1.924604
15 -5.483953 9.679061
21 -5.159953 3.199057
27 -5.402857 8.057133
31 -5.022502 0.450047
17 -5.489498 9.789957
31 -5.256269 5.125374
15 -5.107220 2.144404
24 -5.436676 8.733514
20 -5.325113 6.502267
24 -5.247015 4.940293
21 -5.319198 6.383952
31 -5.197632 3.952642
27 -5.153085 3.061709
23 -5.435324 8.706472
16 -5.411395 8.227909
27 -5.127191 2.543826
28 -5.098116 1.962313
27 -5.423958 8.479162
25 -5.043439 0.868777
20 -5.212437 4.248746
25 -5.012768 0.255356
15 -5.186474 3.729485
37 -5.132755 2.655096
31 -5.393784 7.875689
13 -5.189607 3.792142
21 -5.312264 6.245285
19 -5.228596 4.571912
16 -5.043305 0.866102
21 -5.090469 1.809384
16 -5.453346 9.066926
23 -5.220261 4.405227
31 -5.316540 6.330797
27 -5.399533 7.990662
20 -5.462880 9.257595
20 -5.296739 5.934785
19 -5.111452 2.229037
19 -5.415603 8.312060
19 -5.247965 4.959295
23 -5.103780 2.075608
25 -5.294679 5.893572
15 -5.251377 5.027548
31 -5.018333 0.366659
35 -5.231165 4.623302
24 -5.091336 1.826730
23 -5.041223 0.824451
31 -5.099981 1.999622
24 -5.090010 1.800192
23 -5.364439 7.288790
27 -5.197073 3.941460
20 -5.361836 7.236716
16 -5.461365 9.227306
19 -5.262028 5.240559
21 -5.036510 0.730198
19 -5.322716 6.454313
23 -5.375239 7.504790
17 -5.128654 2.573072
23 -5.094991 1.899825
24 -5.416582 8.331648
21 -5.475810 9.516197
24 -5.398817 7.976347
23 -5.280900 5.617992
23 -5.436180 8.723593
23 -5.122642 2.452849
25 -5.313127 6.262532
27 -5.083877 1.677542
24 -5.273526 5.470520
32 -5.011256 0.225110
27 -5.385370 7.707393
35 -5.025819 0.516381
24 -5.421376 8.427521
29 -5.219666 4.393326
28 -5.212391 4.247828
27 -5.136644 2.732889
27 -5.153061 3.061230
29 -5.119803 2.396053
56 -5.004438 0.088769
