7 -332.405139 8.451921
10 -325.131270 6.078718
12 -329.817321 7.607609
13 -330.443031 7.811756
13 -329.600603 7.536901
13 -323.512030 5.550418
13 -334.272565 9.061196
13 -324.183202 5.769397
13 -321.638134 4.939032
14 -332.778448 8.573719
14 -322.001671 5.057641
14 -328.225628 7.088296
14 -321.933154 5.035287
15 -328.672706 7.234162
15 -333.402028 8.777171
15 -323.588798 5.575464
15 -321.250221 4.812470
15 -326.926791 6.664532
16 -327.497825 6.850840
17 -321.868166 5.014083
17 -332.599495 8.515333
17 -329.501270 7.504493
17 -322.016101 5.062349
17 -322.430568 5.197575
18 -326.199633 6.427286
18 -321.660926 4.946468
18 -333.221435 8.718250
18 -330.270203 7.755368
19 -331.303301 8.092431
19 -327.459982 6.838493
19 -330.282849 7.759494
11 -327.130124 6.730872
20 -335.118490 9.337191
21 -331.159838 8.045624
21 -327.701236 6.917206
21 -327.948417 6.997852
21 -320.632163 4.610820
16 -332.704064 8.549450
21 -336.396718 9.754231
21 -327.454440 6.836685
21 -323.805078 5.646029
21 -333.313526 8.748296
14 -334.917678 9.271673
22 -321.711497 4.962968
12 -324.260597 5.794648
10 -326.428437 6.501937
11 -337.128534 9.992996
15 -328.377038 7.137696
23 -326.128278 6.404006
23 -333.970856 8.962759
10 -334.141583 9.018461
24 -325.802777 6.297806
14 -331.622071 8.196434
15 -332.191951 8.382366
17 -329.910048 7.637862
25 -320.167087 4.459082
25 -326.198138 6.426799
18 -331.262686 8.079180
15 -332.286638 8.413259
14 -333.050377 8.662440
17 -322.489127 5.216681
13 -329.042833 7.354921
18 -335.860872 9.579404
26 -326.712193 6.594517
27 -331.618443 8.195251
9 -327.392519 6.816482
27 -323.490944 5.543538
18 -332.128306 8.361601
19 -332.655136 8.533487
14 -330.407070 7.800023
13 -333.993684 8.970207
13 -334.499060 9.135093
14 -321.088579 4.759732
14 -325.047352 6.051338
17 -334.492497 9.132952
15 -336.783691 9.880487
14 -324.071705 5.733020
18 -322.927512 5.359710
22 -328.410737 7.148691
12 -336.922290 9.925706
16 -325.362417 6.154133
14 -327.862845 6.969933
13 -333.566978 8.830988
16 -331.231477 8.068997
21 -323.603082 5.580125
21 -323.409936 5.517108
27 -327.500435 6.851692
15 -331.198565 8.058260
15 -329.609730 7.539879
13 -328.950092 7.324663
13 -322.972453 5.374373
8 -330.780911 7.921994
14 -322.736693 5.297453
23 -322.255705 5.140524
10 -323.334663 5.492549
16 -336.566367 9.809581
14 -325.159682 6.087987
13 -330.634978 7.874381
16 -322.526519 5.228880
15 -322.747025 5.300824
25 -328.380857 7.138942
15 -325.576374 6.223939
13 -329.987209 7.663037
21 -324.686508 5.933608
15 -330.406627 7.799878
24 -326.732353 6.601094
19 -321.028126 4.740009
21 -332.767492 8.570144
11 -334.003910 8.973543
18 -322.080531 5.083371
22 -332.125421 8.360659
27 -324.740846 5.951336
18 -320.776538 4.657924
11 -324.986151 6.031371
11 -329.542908 7.518078
20 -322.617201 5.258467
12 -323.448771 5.529778
17 -336.399653 9.755189
14 -329.873765 7.626025
15 -325.775597 6.288939
24 -329.059749 7.360440
28 -323.151749 5.432871
28 -330.362952 7.785629
28 -334.459042 9.122036
21 -326.838557 6.635744
17 -329.960436 7.654302
15 -330.147893 7.715463
20 -322.866809 5.339905
24 -324.556390 5.891155
15 -335.203955 9.365075
20 -323.529411 5.556088
28 -336.323406 9.730312
18 -334.705430 9.202424
18 -337.072807 9.974815
24 -332.605684 8.517352
20 -328.229457 7.089545
16 -334.941966 9.279597
25 -322.443663 5.201848
15 -323.982845 5.704028
21 -330.670150 7.885856
23 -328.710432 7.246471
20 -321.785943 4.987257
14 -335.497954 9.460996
14 -333.609894 8.844990
17 -325.160157 6.088143
16 -337.119130 9.989928
21 -323.496425 5.545326
17 -334.058532 8.991365
24 -328.430332 7.155084
21 -328.849107 7.291715
15 -328.447312 7.160624
18 -323.110300 5.419348
13 -328.050428 7.031135
13 -332.284259 8.412483
24 -328.797010 7.274718
25 -323.333874 5.492292
20 -323.561739 5.566636
11 -329.180767 7.399924
18 -325.986478 6.357742
9 -306.786595 0.093506
14 -321.502806 4.894880
24 -325.530828 6.209079
12 -333.172823 8.702389
10 -323.530046 5.556295
14 -327.939366 6.994899
15 -329.924176 7.642472
13 -323.586291 5.574646
15 -320.924630 4.706242
14 -322.552842 5.237469
27 -330.779383 7.921495
17 -325.335265 6.145274
14 -321.841962 5.005534
20 -328.462864 7.165698
17 -320.983045 4.725300
17 -327.616184 6.889456
25 -324.416362 5.845469
21 -331.102229 8.026828
14 -333.833876 8.918067
25 -324.127244 5.751140
13 -327.568591 6.873929
20 -322.810203 5.321436
24 -331.765296 8.243163
20 -329.059536 7.360371
17 -321.518945 4.900145
27 -327.340844 6.799623
21 -329.958845 7.653783
16 -322.268778 5.144789
16 -320.177100 4.462349
23 -330.950383 7.977287
23 -324.919404 6.009593
17 -326.563556 6.546022
22 -324.374660 5.831863
18 -334.678216 9.193545
19 -324.628822 5.914787
27 -322.824864 5.326220
24 -321.934839 5.035837
24 -328.446979 7.160515
23 -334.110666 9.008374
28 -333.301784 8.744465
28 -328.712066 7.247004
