7 27.061598 9.794672
7 29.286116 2.379613
7 29.650792 1.164027
7 29.489402 1.701994
7 28.941366 3.528780
7 28.035997 6.546677
7 27.596057 8.013144
7 27.613256 7.955814
9 28.545560 4.848134
9 28.524987 4.916709
9 27.590355 8.032150
10 29.029510 3.234966
8 29.559411 1.468629
8 28.196814 6.010620
8 29.371004 2.096654
8 29.819458 0.601807
8 28.461839 5.127204
8 28.945421 3.515264
8 27.042370 9.858766
9 28.512778 4.957407
9 29.353847 2.153844
12 29.036558 3.211472
12 28.572403 4.758656
10 27.587720 8.040934
13 28.067370 6.442099
10 29.710628 0.964572
11 29.793804 0.687321
11 29.773530 0.754900
10 29.065939 3.113537
14 29.813312 0.622292
9 28.514509 4.951637
9 28.734545 4.218185
9 29.566507 1.444975
9 28.952385 3.492049
9 28.293261 5.689128
9 29.069282 3.102394
9 27.213530 9.288232
9 27.599057 8.003144
7 28.316285 5.612382
8 29.622679 1.257738
9 28.396317 5.345611
9 27.602100 7.993001
8 28.783559 4.054803
9 29.009883 3.300390
9 27.907919 6.973604
10 28.300081 5.666396
8 27.206018 9.313273
8 28.407742 5.307527
9 27.501377 8.328742
11 29.979583 0.068057
10 28.709357 4.302144
12 29.571412 1.428626
13 29.611085 1.296383
9 27.429281 8.569064
7 28.280824 5.730587
10 28.395403 5.348655
10 27.894913 7.016957
8 28.567581 4.774729
8 27.181352 9.395492
14 28.464827 5.117244
10 29.801383 0.662057
9 27.078476 9.738413
9 29.002592 3.324692
9 27.689562 7.701461
8 27.399610 8.667966
10 29.621098 1.263007
10 29.387128 2.042906
9 29.487961 1.706796
8 27.069866 9.767112
12 29.292381 2.358730
9 29.415748 1.947506
14 29.153720 2.820932
9 29.843722 0.520927
9 28.091928 6.360241
7 27.626477 7.911742
13 29.915433 0.281891
12 28.689919 4.366936
12 29.304335 2.318883
12 29.014187 3.286043
10 28.624581 4.584730
8 28.998208 3.339307
9 29.429781 1.900730
9 28.118936 6.270214
10 29.803078 0.656407
10 29.530594 1.564686
10 29.202071 2.659764
9 28.665608 4.447972
14 27.821040 7.263200
11 29.831830 0.560566
9 28.681495 4.395016
9 29.716532 0.944893
8 27.926779 6.910735
8 28.825269 3.915771
15 29.624869 1.250436
9 29.451435 1.828549
12 29.314263 2.285789
9 28.038236 6.539214
14 29.213173 2.622755
8 27.449798 8.500674
8 28.329549 5.568170
9 29.335754 2.214152
8 29.870508 0.431640
11 29.713400 0.955334
7 27.299542 9.001526
7 29.175366 2.748780
13 28.566189 4.779369
12 29.970345 0.098852
9 29.816558 0.611475
13 29.373114 2.089619
11 29.301988 2.326706
10 29.939834 0.200552
11 29.201871 2.660430
10 28.026471 6.578429
9 29.168807 2.770642
8 28.826771 3.910764
9 28.431791 5.227362
9 28.021137 6.596209
9 29.273324 2.422254
9 29.632264 1.225787
8 27.567239 8.109203
8 27.560879 8.130404
11 29.058738 3.137539
8 27.572400 8.092001
9 28.759561 4.134797
9 29.923306 0.255647
10 29.821254 0.595821
16 28.816822 3.943926
9 29.939606 0.201313
14 28.769703 4.100992
9 27.052897 9.823676
9 28.883581 3.721396
8 28.627678 4.574408
8 28.197656 6.007815
10 29.557543 1.474857
8 27.220741 9.264197
8 27.205946 9.313512
11 28.126226 6.245913
9 28.820775 3.930749
14 27.839081 7.203062
8 28.578342 4.738860
8 28.984070 3.386434
10 29.967595 0.108018
11 29.274565 2.418115
8 28.444942 5.183528
9 29.189443 2.701856
8 27.030164 9.899453
11 28.548160 4.839468
8 28.579620 4.734601
9 29.098094 3.006355
8 28.201592 5.994695
11 28.462939 5.123538
8 28.772351 4.092164
11 28.957814 3.473953
10 28.940854 3.530487
13 28.250705 5.830983
7 29.506114 1.646288
9 28.526205 4.912649
7 27.207580 9.308065
9 29.192388 2.692042
8 28.851845 3.827183
9 27.934159 6.886136
8 27.747608 7.507974
9 29.779624 0.734587
9 28.885409 3.715303
8 27.775844 7.413854
9 29.510928 1.630241
10 29.457394 1.808687
9 27.840839 7.197203
7 28.105869 6.313772
11 28.865243 3.782522
8 29.559867 1.467108
8 29.185601 2.714664
15 28.287243 5.709190
10 29.879545 0.401518
11 28.736836 4.210547
9 28.826880 3.910401
9 28.156864 6.143787
11 28.830795 3.897349
8 27.770090 7.433033
11 27.919274 6.935754
10 29.552623 1.491257
12 28.034753 6.550824
11 28.762457 4.125143
12 29.520058 1.599806
19 29.537475 1.541751
11 29.313667 2.287775
9 29.991663 0.027789
10 28.572980 4.756734
9 27.293151 9.022830
11 27.987734 6.707555
11 28.060087 6.466377
16 28.145939 6.180203
12 29.188822 2.703926
12 27.649209 7.835970
12 29.282142 2.392860
13 28.364520 5.451599
10 29.108932 2.970228
14 29.987054 0.043152
16 29.883561 0.388131
18 27.776466 7.411779
