16 42.128055 4.254421
16 39.927300 9.256137
18 41.312568 6.107800
19 40.599704 7.727946
63 42.313011 3.834065
68 41.296803 6.143629
22 41.657901 5.322953
58 42.411312 3.610655
22 43.050876 2.157099
21 40.679596 7.546372
23 40.180870 8.679841
63 41.191943 6.381947
23 39.941439 9.224003
26 40.283709 8.446116
27 39.977289 9.142526
22 40.886641 7.075816
100 43.314042 1.558996
102 42.889303 2.524312
105 41.718201 5.185906
111 43.536871 1.052566
83 42.740389 2.862753
30 39.945784 9.214128
106 42.397748 3.641481
103 43.047110 2.165659
123 41.228134 6.299695
108 43.676866 0.734394
116 42.122376 4.267328
30 40.472082 8.017995
113 43.573740 0.968772
107 43.805778 0.441414
119 42.950020 2.386318
112 43.422788 1.311845
107 43.650879 0.793457
115 43.279570 1.637340
108 43.675680 0.737091
116 43.233424 1.742219
125 43.640152 0.817835
114 42.793798 2.741369
124 43.438007 1.277256
116 43.139324 1.956083
106 43.083906 2.082031
118 43.325619 1.532685
22 41.750903 5.111585
34 39.919560 9.273728
34 39.652352 9.881018
126 43.149059 1.933957
114 43.863502 0.310223
120 43.844885 0.352535
110 43.183626 1.855395
115 43.376462 1.417131
120 42.905384 2.487764
111 43.650254 0.794877
121 43.222066 1.768032
135 43.680214 0.726787
131 43.639297 0.819780
134 43.758812 0.548155
18 40.558542 7.821497
118 43.812546 0.426032
147 42.290498 3.885233
132 43.543124 1.038354
148 41.331136 6.065601
18 40.670690 7.566614
154 43.341472 1.496654
103 41.961054 4.633967
107 43.663533 0.764699
118 43.813962 0.422813
169 43.473881 1.195725
70 43.314134 1.558787
64 43.165790 1.895931
78 43.897282 0.233451
22 42.271608 3.928164
99 43.094940 2.056954
103 42.196378 4.099141
121 43.703862 0.673042
102 42.693118 2.970187
114 43.148390 1.935478
130 43.385036 1.397645
114 42.549745 3.296035
116 43.126493 1.985243
127 41.743385 5.128671
111 43.906824 0.211764
206 43.685954 0.713741
123 41.617668 5.414391
107 42.988963 2.297811
115 43.607895 0.891148
217 42.299126 3.865623
128 43.744918 0.579733
110 43.253239 1.697185
32 40.880070 7.090750
108 42.062086 4.404350
27 39.967463 9.164858
127 42.880824 2.543581
104 43.135976 1.963692
120 43.470849 1.202615
97 42.993226 2.288122
124 43.211088 1.792981
240 42.852109 2.608843
18 40.812780 7.243682
145 43.129911 1.977475
123 43.143756 1.946009
22 40.346233 8.304017
255 39.692847 9.788985
22 41.554420 5.558135
26 40.645547 7.623757
24 40.158357 8.731008
21 41.121549 6.541933
77 43.535676 1.055281
100 43.075060 2.102136
268 41.626694 5.393877
91 41.222829 6.311751
289 42.506406 3.394532
273 42.027081 4.483907
116 43.491908 1.154755
302 43.117576 2.005508
19 40.039407 9.001348
124 43.230199 1.749547
108 43.942760 0.130091
301 41.105681 6.577998
112 42.915007 2.465894
23 40.630499 7.657956
256 42.527311 3.347021
312 40.694930 7.511524
122 43.043867 2.173030
26 42.541278 3.315276
299 42.342998 3.765913
292 42.383255 3.674421
302 40.932236 6.972190
111 43.612077 0.881643
117 42.248569 3.980525
111 42.284775 3.898238
319 40.735630 7.419023
304 42.769801 2.795906
115 43.534260 1.058501
318 41.741912 5.132017
308 42.938182 2.413222
115 42.665975 3.031874
314 41.252887 6.243440
128 42.402657 3.630326
308 41.102993 6.584107
107 42.770485 2.794353
317 41.105274 6.578923
108 43.261488 1.678436
338 41.700439 5.226274
265 41.801867 4.995757
333 40.126503 8.803401
347 41.200494 6.362513
265 42.320024 3.818128
348 42.793015 2.743147
338 42.727215 2.892693
366 41.728415 5.162693
329 41.093864 6.604854
359 40.288254 8.435786
356 42.428801 3.570908
305 41.601667 5.450757
350 40.476435 8.008102
363 39.847327 9.437894
358 42.350681 3.748452
297 43.017094 2.233877
366 42.307252 3.847154
346 41.364770 5.989158
315 41.522244 5.631265
377 41.410901 5.884316
310 41.403636 5.900827
318 42.129688 4.250708
214 43.469578 1.205506
331 41.654383 5.330947
249 41.466009 5.759071
323 40.593585 7.741851
376 40.449299 8.069776
407 40.632272 7.653927
396 41.685786 5.259577
339 40.679259 7.547139
305 40.676727 7.552892
335 40.922627 6.994030
411 41.737979 5.140956
357 41.527607 5.619074
377 41.823825 4.945851
421 41.537524 5.596536
345 42.644307 3.081121
294 42.603252 3.174428
333 41.207648 6.346253
403 41.530789 5.611843
383 41.264452 6.217154
328 41.746284 5.122083
353 41.623030 5.402204
399 41.961002 4.634086
448 41.538126 5.595168
415 42.849323 2.615175
425 41.905480 4.760273
339 41.984962 4.579633
394 43.117456 2.005782
417 40.526754 7.893740
436 42.270614 3.930422
376 41.406961 5.893270
480 41.973943 4.604675
438 40.367415 8.255874
455 41.486807 5.711802
466 42.150288 4.203892
585 41.960639 4.634912
592 41.208990 6.343204
