20 -0.016715 7.015507
23 -0.016488 5.558895
24 -0.016722 7.056868
24 -0.017130 9.669936
24 -0.016289 4.288615
25 -0.016461 5.384934
25 -0.016195 3.681790
25 -0.016584 6.173411
25 -0.016043 2.713105
26 -0.016852 7.893367
26 -0.016170 3.526011
26 -0.016182 3.604146
26 -0.016467 5.427327
27 -0.016323 4.502616
27 -0.016229 3.902571
28 -0.015892 1.745416
21 -0.016895 8.166396
28 -0.015754 0.860647
28 -0.016062 2.831452
28 -0.017010 8.900697
28 -0.016337 4.596027
28 -0.016266 4.137268
28 -0.016248 4.021043
29 -0.015960 2.182566
29 -0.016057 2.799812
29 -0.016840 7.814703
29 -0.016164 3.486697
29 -0.015980 2.307060
31 -0.016491 5.581384
31 -0.015782 1.041373
28 -0.015979 2.302826
31 -0.015799 1.147369
32 -0.015923 1.944676
32 -0.016007 2.483221
32 -0.015651 0.198727
33 -0.015988 2.356007
33 -0.016146 3.372142
27 -0.016776 7.402484
33 -0.016009 2.494586
33 -0.015757 0.877563
26 -0.016854 7.906006
33 -0.016045 2.721122
34 -0.015791 1.099854
34 -0.015969 2.235987
27 -0.016003 2.458164
35 -0.015939 2.045285
25 -0.016298 4.343742
35 -0.015949 2.109673
25 -0.016275 4.196235
24 -0.016469 5.436973
24 -0.016944 8.480235
36 -0.015749 0.830032
27 -0.016328 4.533546
25 -0.016734 7.137878
29 -0.016390 4.929767
24 -0.016500 5.634618
37 -0.015942 2.065177
37 -0.015796 1.131366
27 -0.016025 2.595768
23 -0.016088 2.998138
29 -0.016441 5.262230
32 -0.016193 3.669538
39 -0.015922 1.934022
32 -0.015807 1.201810
31 -0.016250 4.037213
29 -0.016092 3.024978
24 -0.016677 6.771320
25 -0.016104 3.104633
25 -0.016395 4.964123
40 -0.015865 1.569229
29 -0.015946 2.092965
27 -0.015804 1.180171
25 -0.016272 4.179465
32 -0.015997 2.414082
31 -0.016037 2.673991
34 -0.016038 2.681312
32 -0.015857 1.522135
28 -0.015976 2.284853
32 -0.016610 6.340319
31 -0.015791 1.095413
31 -0.016173 3.541789
26 -0.016154 3.422629
33 -0.015933 2.005394
32 -0.015832 1.363359
31 -0.016195 3.685516
29 -0.016003 2.453999
21 -0.016250 4.038825
23 -0.016549 5.951672
27 -0.016207 3.762465
25 -0.016452 5.329207
23 -0.016508 5.688227
31 -0.016508 5.690136
27 -0.015650 0.196360
31 -0.016175 3.554140
29 -0.016055 2.788772
34 -0.015824 1.307165
27 -0.016126 3.244512
27 -0.016213 3.798770
31 -0.016254 4.062048
27 -0.016109 3.135021
31 -0.015828 1.336235
35 -0.016026 2.603330
32 -0.015795 1.126408
32 -0.015828 1.333689
26 -0.016860 7.940255
25 -0.016193 3.670283
33 -0.015883 1.684485
26 -0.016360 4.739878
26 -0.015999 2.431716
29 -0.016500 5.638606
27 -0.016229 3.904295
26 -0.016128 3.254885
26 -0.016567 6.064743
34 -0.015711 0.585696
28 -0.016567 6.067342
28 -0.015855 1.508190
31 -0.016179 3.583115
32 -0.016266 4.137457
29 -0.016143 3.349776
27 -0.016063 2.836977
28 -0.016226 3.884244
24 -0.016861 7.947496
37 -0.015850 1.473953
27 -0.017144 9.758454
27 -0.016367 4.785684
35 -0.016050 2.755024
38 -0.015623 0.023898
35 -0.015828 1.336964
26 -0.015830 1.350158
28 -0.015896 1.771674
28 -0.016143 3.352887
38 -0.015790 1.089469
26 -0.015803 1.176926
20 -0.016043 2.714145
32 -0.016203 3.736142
26 -0.016790 7.491798
32 -0.016273 4.183087
25 -0.016123 3.223181
27 -0.015749 0.828545
33 -0.016544 5.916017
31 -0.016031 2.633883
24 -0.016480 5.507624
28 -0.016247 4.018468
26 -0.016331 4.554297
36 -0.015637 0.114693
25 -0.016007 2.478942
27 -0.016107 3.120860
41 -0.016136 3.309411
26 -0.016144 3.356176
44 -0.016001 2.440239
24 -0.016350 4.675386
33 -0.015722 0.659328
33 -0.015743 0.791600
29 -0.016857 7.920862
38 -0.016211 3.786889
31 -0.015838 1.399450
36 -0.015640 0.132119
25 -0.016914 8.287001
34 -0.015830 1.350506
25 -0.016274 4.190294
27 -0.016153 3.413924
31 -0.016716 7.021438
23 -0.017137 9.717501
43 -0.015763 0.921514
25 -0.015893 1.751995
39 -0.016067 2.865285
31 -0.015811 1.225171
34 -0.015886 1.703272
32 -0.016057 2.799279
34 -0.015970 2.241024
31 -0.016115 3.171327
36 -0.015804 1.178442
28 -0.016214 3.804577
36 -0.015885 1.696963
28 -0.016273 4.183553
26 -0.016450 5.319630
33 -0.015808 1.207530
28 -0.016094 3.039636
26 -0.015924 1.952578
33 -0.016035 2.662907
27 -0.016073 2.905325
27 -0.016055 2.789940
31 -0.016056 2.794535
27 -0.015914 1.886076
31 -0.015922 1.934710
39 -0.016095 3.043233
35 -0.015977 2.288587
40 -0.016031 2.631504
38 -0.016140 3.332262
41 -0.015997 2.415749
39 -0.015826 1.319952
35 -0.015843 1.431648
39 -0.015793 1.111037
38 -0.016087 2.994324
40 -0.015725 0.676975
55 -0.015816 1.260104
97 -0.015629 0.058317
91 -0.016166 3.500358
111 -0.015745 0.804871
132 -0.015936 2.025211
