21 -0.016854 7.905504
23 -0.015631 0.073843
24 -0.016210 3.778195
24 -0.016974 8.674721
25 -0.016257 4.082509
25 -0.016291 4.301212
25 -0.017130 9.667451
26 -0.016531 5.838495
26 -0.016139 3.324032
26 -0.016155 3.431423
27 -0.016177 3.572236
27 -0.015805 1.190140
27 -0.016177 3.571782
19 -0.017023 8.986845
27 -0.016170 3.522037
27 -0.016131 3.272003
28 -0.016752 7.250942
28 -0.015997 2.415538
19 -0.017074 9.314886
28 -0.016336 4.585715
28 -0.016005 2.468997
28 -0.016208 3.767879
28 -0.016059 2.813026
28 -0.016072 2.895812
28 -0.016559 6.016518
29 -0.016051 2.761450
20 -0.017018 8.952047
29 -0.015924 1.948201
31 -0.015906 1.835590
31 -0.016152 3.410003
31 -0.015798 1.144055
32 -0.015788 1.081837
32 -0.016008 2.489358
32 -0.016297 4.335455
33 -0.016218 3.829429
33 -0.015845 1.441189
33 -0.015796 1.130844
31 -0.016116 3.179739
34 -0.015928 1.973625
35 -0.015889 1.727798
35 -0.015640 0.131867
25 -0.016338 4.599010
36 -0.015711 0.587765
28 -0.015947 2.094940
36 -0.015628 0.054258
36 -0.015628 0.053877
36 -0.016161 3.464763
28 -0.016202 3.730390
23 -0.016674 6.751578
37 -0.015925 1.953150
37 -0.015920 1.920859
27 -0.016948 8.507158
31 -0.016178 3.577603
25 -0.015877 1.650208
22 -0.015755 0.869997
24 -0.016229 3.903074
32 -0.016044 2.714802
38 -0.015971 2.248623
27 -0.016220 3.845011
28 -0.016009 2.490543
39 -0.016408 5.050856
39 -0.016011 2.503270
39 -0.015792 1.104379
28 -0.016290 4.293193
29 -0.016294 4.320278
29 -0.015673 0.342054
29 -0.015974 2.271559
32 -0.015831 1.356522
31 -0.016762 7.313770
26 -0.016930 8.387116
35 -0.016206 3.753643
31 -0.015795 1.123264
31 -0.016040 2.689966
31 -0.016194 3.678977
32 -0.016211 3.789205
33 -0.015793 1.112250
28 -0.016118 3.193846
34 -0.015746 0.809790
25 -0.016129 3.264189
33 -0.015820 1.281249
25 -0.016329 4.544270
38 -0.015671 0.327904
29 -0.015934 2.012415
29 -0.015714 0.604580
33 -0.015910 1.856895
27 -0.016334 4.574466
26 -0.016126 3.242577
33 -0.015830 1.350290
24 -0.016267 4.147265
24 -0.016337 4.593529
20 -0.016299 4.351305
26 -0.016021 2.568875
32 -0.016075 2.919265
20 -0.016971 8.649742
29 -0.016075 2.915051
32 -0.015716 0.617285
31 -0.016146 3.371586
25 -0.015870 1.602624
28 -0.015716 0.615794
27 -0.015843 1.434013
26 -0.016207 3.760753
31 -0.015945 2.081648
31 -0.016158 3.446051
29 -0.016123 3.225610
27 -0.016678 6.774521
32 -0.015649 0.188248
29 -0.015836 1.388069
28 -0.016722 7.059185
26 -0.016125 3.238337
26 -0.015753 0.855368
24 -0.016311 4.428176
27 -0.015952 2.128497
31 -0.015892 1.745866
25 -0.016070 2.885900
29 -0.015838 1.399347
24 -0.017092 9.429046
34 -0.016534 5.856164
32 -0.016021 2.572034
28 -0.016124 3.231327
32 -0.016234 3.934734
31 -0.015767 0.944022
27 -0.016204 3.740152
31 -0.015933 2.004814
28 -0.016281 4.234339
27 -0.016123 3.222727
25 -0.016719 7.039995
23 -0.016263 4.122161
35 -0.016062 2.830467
35 -0.015920 1.924221
27 -0.015837 1.395222
26 -0.016340 4.611714
34 -0.015768 0.951784
25 -0.016870 8.005528
39 -0.015964 2.208662
27 -0.016110 3.140919
35 -0.016047 2.738428
28 -0.015884 1.692169
26 -0.016356 4.715843
28 -0.016121 3.212771
27 -0.016143 3.352215
27 -0.015878 1.655958
34 -0.015777 1.008919
26 -0.016359 4.735393
36 -0.016503 5.657357
27 -0.016452 5.329429
26 -0.015808 1.207112
34 -0.015985 2.337073
24 -0.016244 3.996527
28 -0.016237 3.955288
27 -0.016200 3.713409
27 -0.016181 3.596745
29 -0.016133 3.287659
31 -0.015958 2.167906
34 -0.015836 1.387519
26 -0.016485 5.538435
27 -0.016072 2.896243
28 -0.016253 4.054036
29 -0.016581 6.156869
35 -0.015766 0.938208
27 -0.015984 2.333339
24 -0.016164 3.483611
31 -0.016253 4.058387
35 -0.016179 3.582106
25 -0.016432 5.203525
28 -0.015806 1.192127
25 -0.016437 5.232998
24 -0.016405 5.031975
33 -0.015872 1.614605
28 -0.015876 1.640435
26 -0.016254 4.064307
32 -0.015813 1.237983
27 -0.016457 5.364722
28 -0.016110 3.139923
31 -0.016215 3.812453
24 -0.015969 2.239509
29 -0.015711 0.583233
28 -0.016416 5.101837
34 -0.015638 0.116000
29 -0.016740 7.176165
28 -0.016126 3.245388
25 -0.016078 2.934324
31 -0.016054 2.778788
35 -0.015996 2.408121
28 -0.016158 3.446502
31 -0.016034 2.656161
32 -0.015935 2.022326
33 -0.016157 3.438279
38 -0.015752 0.847659
37 -0.016075 2.913532
36 -0.015984 2.330956
31 -0.016352 4.686989
29 -0.015922 1.934619
33 -0.015881 1.671008
43 -0.015639 0.127034
32 -0.015867 1.585783
34 -0.015924 1.948233
33 -0.016229 3.904847
47 -0.015746 0.810199
39 -0.015906 1.834247
101 -0.015704 0.540832
