8 8.167233 3.897547
8 8.212873 3.360505
8 8.021381 5.613758
9 8.018877 5.643220
9 8.213865 3.348835
9 8.117357 4.484420
9 7.994203 5.933552
11 8.214398 3.342555
11 8.124963 4.394923
11 7.857194 7.545722
11 7.733589 9.000159
11 8.419312 0.931366
11 7.679658 9.634758
11 8.331147 1.968790
11 8.114940 4.512865
11 7.894138 7.111002
11 7.726805 9.079983
12 8.147071 4.134790
12 8.321234 2.085433
12 8.086879 4.843050
12 7.739118 8.935103
12 8.137632 4.245849
12 7.711660 9.258190
12 8.339315 1.872676
12 7.938983 6.583319
12 7.912053 6.900200
12 8.069448 5.048164
12 8.148239 4.121047
12 7.961009 6.324145
12 7.750153 8.805255
12 7.846725 7.668904
12 8.273599 2.645947
12 7.819335 7.991197
12 7.665635 9.799767
11 8.006174 5.792697
9 7.996097 5.911268
13 7.850488 7.624624
13 7.818584 8.000039
13 7.650660 9.975965
13 8.310763 2.208653
13 7.925043 6.747349
13 7.839444 7.754585
12 8.147164 4.133690
11 7.992241 5.956640
15 7.769020 8.583244
15 8.215249 3.332541
12 7.920174 6.804645
8 7.663891 9.820285
12 8.052841 5.243568
9 7.735206 8.981127
7 8.075172 4.980812
16 8.167514 3.894237
16 8.095403 4.742757
11 7.821801 7.962181
11 8.381643 1.374617
16 8.198675 3.527573
11 7.847077 7.664765
11 8.324940 2.041826
9 7.920543 6.800298
9 8.094607 4.752125
9 7.803847 8.173446
17 8.230981 3.147433
12 8.115564 4.505522
11 8.380315 1.390240
11 7.878770 7.291834
15 7.991711 5.962883
17 8.175954 3.794923
11 8.259046 2.817192
11 7.928029 6.712220
12 7.840220 7.745453
11 7.742362 8.896933
12 8.016720 5.668603
13 8.145848 4.149174
9 7.960693 6.327860
12 8.123592 4.411064
11 7.789547 8.341706
12 8.269811 2.690522
12 7.891222 7.145317
13 8.400466 1.153134
13 8.071780 5.020725
12 7.959465 6.342308
7 7.823632 7.940639
13 7.885356 7.214343
13 8.249269 2.932240
13 8.317166 2.133305
15 7.786588 8.376530
11 7.835630 7.799464
9 8.301608 2.316373
11 7.974791 6.161969
11 8.010827 5.737945
15 7.718477 9.177978
12 8.224994 3.217881
12 7.924622 6.752301
12 8.250237 2.920843
16 7.839710 7.751450
13 7.807823 8.126656
11 8.199627 3.516367
17 8.128495 4.353360
12 7.810441 8.095853
9 8.226320 3.202272
11 8.327812 2.008039
12 7.942337 6.543854
13 7.779614 8.458590
12 7.942668 6.539964
13 7.988224 6.003907
12 8.251649 2.904233
13 7.993932 5.936741
12 7.767664 8.599202
16 8.182631 3.716355
11 7.998031 5.888509
15 8.171729 3.844633
12 8.109256 4.579748
9 7.729431 9.049090
11 8.185358 3.684269
13 8.028682 5.527851
13 7.935757 6.621284
13 8.298820 2.349185
11 8.188358 3.648973
12 8.010621 5.740374
15 7.849756 7.633238
7 7.673232 9.710369
12 7.782866 8.420319
12 7.860036 7.512277
15 7.664501 9.813099
19 8.213537 3.352691
12 8.229733 3.162116
13 7.753843 8.761837
13 7.701181 9.381502
15 8.334160 1.933344
10 7.834597 7.811614
11 8.165749 3.915001
15 8.028647 5.528259
12 8.357483 1.658898
9 8.232299 3.131919
13 8.290525 2.446784
8 8.405660 1.092008
9 7.674153 9.699529
8 7.753123 8.770303
13 8.328580 1.999001
13 7.893928 7.113477
11 7.970512 6.212319
11 7.924348 6.755529
7 7.674468 9.695831
9 8.244352 2.990096
11 8.045075 5.334955
8 7.710003 9.277693
12 7.902014 7.018333
11 7.685403 9.567159
11 8.196412 3.554193
12 7.754700 8.751750
13 7.746749 8.845312
12 7.862715 7.480751
12 8.321451 2.082885
12 8.054841 5.220034
11 8.121307 4.437950
9 7.692330 9.485641
13 7.780760 8.445108
12 7.970547 6.211919
13 7.893296 7.120918
11 7.840132 7.746488
15 7.923825 6.761679
12 8.331280 1.967234
9 8.073496 5.000530
9 8.199951 3.512555
11 8.086449 4.848112
12 7.664899 9.808423
12 8.036267 5.438593
11 7.788914 8.349153
12 7.940993 6.559676
9 7.899454 7.048453
12 7.961541 6.317882
15 8.010944 5.736568
13 7.956564 6.376452
13 8.097768 4.714921
13 7.919544 6.812051
12 7.838376 7.767146
12 7.719581 9.164989
11 8.129708 4.339094
12 7.744005 8.877598
11 8.404266 1.108410
12 8.010800 5.738268
13 8.274710 2.632877
15 7.765775 8.621431
11 7.832057 7.841505
16 7.826962 7.901452
12 8.033495 5.471220
12 7.798483 8.236563
16 7.799489 8.224720
13 8.024927 5.572028
13 8.229600 3.163681
13 7.718162 9.181687
13 7.969206 6.227691
15 7.993319 5.943957
13 7.761183 8.675464
16 8.044007 5.347520
59 8.071666 5.022064
26 7.773628 8.529031
122 8.070515 5.035608
125 8.258980 2.817967
119 7.786976 8.371967
