22 -3.313980 5.681816
22 -3.313980 5.681816
23 -3.246976 3.545089
23 -3.313980 5.681816
23 -3.201854 2.106165
23 -3.277721 4.525518
24 -3.204663 2.195745
24 -3.313980 5.681816
24 -3.185436 1.582582
24 -3.243358 3.429694
24 -3.313980 5.681816
25 -3.394424 8.247152
25 -3.275307 4.448555
25 -3.313980 5.681816
25 -3.181330 1.451638
26 -3.313980 5.681816
26 -3.348305 6.776443
26 -3.181453 1.455575
26 -3.396024 8.298184
22 -3.313980 5.681816
27 -3.414654 8.892265
27 -3.155883 0.640138
26 -3.313980 5.681816
28 -3.240078 3.325088
28 -3.242394 3.398961
28 -3.225422 2.857715
28 -3.201227 2.086144
28 -3.219385 2.665225
28 -3.313980 5.681816
24 -3.313980 5.681816
29 -3.313980 5.681816
29 -3.254015 3.769537
29 -3.313980 5.681816
30 -3.227070 2.910294
30 -3.313980 5.681816
30 -3.313980 5.681816
30 -3.313980 5.681816
30 -3.401731 8.480155
25 -3.313980 5.681816
24 -3.313980 5.681816
31 -3.196640 1.939893
31 -3.313980 5.681816
27 -3.403390 8.533068
25 -3.189789 1.721411
25 -3.268212 4.222275
33 -3.264806 4.113660
24 -3.280048 4.599750
23 -3.201899 2.107598
34 -3.155419 0.625359
22 -3.344337 6.649882
25 -3.429736 9.373231
27 -3.421641 9.115081
23 -3.200991 2.078635
24 -3.313980 5.681816
35 -3.313980 5.681816
29 -3.394487 8.249176
22 -3.153108 0.551663
36 -3.286396 4.802170
36 -3.313980 5.681816
29 -3.313980 5.681816
29 -3.208973 2.333188
28 -3.219533 2.669914
37 -3.313980 5.681816
30 -3.313980 5.681816
24 -3.221585 2.735382
25 -3.318754 5.834063
28 -3.449007 9.987793
33 -3.200394 2.059587
38 -3.270424 4.292819
26 -3.313980 5.681816
30 -3.296565 5.126449
23 -3.213316 2.471659
39 -3.329416 6.174061
24 -3.215773 2.550033
29 -3.313980 5.681816
21 -3.313980 5.681816
28 -3.313980 5.681816
34 -3.313980 5.681816
42 -3.219675 2.674473
24 -3.354336 6.968750
20 -3.313980 5.681816
29 -3.226459 2.890803
23 -3.313980 5.681816
23 -3.313980 5.681816
27 -3.313980 5.681816
26 -3.243260 3.426582
24 -3.313980 5.681816
34 -3.208072 2.304451
35 -3.313980 5.681816
28 -3.279279 4.575215
25 -3.294789 5.069813
37 -3.432678 9.467065
22 -3.154684 0.601917
26 -3.313980 5.681816
33 -3.313980 5.681816
31 -3.276075 4.473033
38 -3.313980 5.681816
35 -3.313980 5.681816
26 -3.218466 2.635894
32 -3.313980 5.681816
30 -3.313980 5.681816
25 -3.313980 5.681816
35 -3.311580 5.605295
25 -3.373889 7.592285
25 -3.313980 5.681816
29 -3.313980 5.681816
47 -3.313980 5.681816
29 -3.313980 5.681816
20 -3.347682 6.756553
24 -3.290297 4.926562
25 -3.246961 3.544611
29 -3.206953 2.268750
23 -3.219948 2.683151
30 -3.319270 5.850504
23 -3.216743 2.580942
25 -3.241510 3.370769
24 -3.313980 5.681816
30 -3.313980 5.681816
25 -3.231174 3.041171
26 -3.313980 5.681816
28 -3.323155 5.974409
26 -3.167206 1.001236
22 -3.313980 5.681816
32 -3.273752 4.398945
35 -3.313980 5.681816
24 -3.313980 5.681816
23 -3.219651 2.673692
22 -3.287175 4.827007
39 -3.313980 5.681816
44 -3.313980 5.681816
25 -3.313980 5.681816
24 -3.363312 7.254985
24 -3.166502 0.978794
26 -3.161931 0.833019
24 -3.313980 5.681816
26 -3.313980 5.681816
25 -3.313980 5.681816
40 -3.372103 7.535346
36 -3.313980 5.681816
24 -3.313980 5.681816
25 -3.189193 1.702409
25 -3.411303 8.785430
27 -3.313980 5.681816
28 -3.313980 5.681816
45 -3.209174 2.339591
26 -3.385478 7.961879
26 -3.313980 5.681816
28 -3.183018 1.505482
32 -3.313980 5.681816
27 -3.313980 5.681816
44 -3.366239 7.348324
36 -3.202387 2.123154
44 -3.313980 5.681816
31 -3.313980 5.681816
33 -3.313980 5.681816
22 -3.166276 0.971568
25 -3.235391 3.175634
27 -3.392917 8.199102
23 -3.195669 1.908918
25 -3.208681 2.323874
25 -3.313980 5.681816
25 -3.313980 5.681816
32 -3.444889 9.856471
27 -3.214198 2.499789
27 -3.281504 4.646170
28 -3.313980 5.681816
30 -3.141249 0.173469
27 -3.367512 7.388944
23 -3.238532 3.275800
33 -3.285838 4.784388
46 -3.424544 9.207677
24 -3.240285 3.331690
25 -3.313980 5.681816
23 -3.313980 5.681816
24 -3.206115 2.242031
31 -3.429242 9.357487
27 -3.313980 5.681816
33 -3.313980 5.681816
27 -3.313980 5.681816
29 -3.172160 1.159215
29 -3.257081 3.867319
36 -3.313980 5.681816
26 -3.313980 5.681816
26 -3.215206 2.531952
32 -3.303969 5.362561
27 -3.313980 5.681816
31 -3.313980 5.681816
32 -3.279577 4.584705
28 -3.313980 5.681816
28 -3.313980 5.681816
30 -3.313980 5.681816
39 -3.313980 5.681816
36 -3.415514 8.919710
33 -3.313980 5.681816
33 -3.244490 3.465806
31 -3.240381 3.334780
30 -3.289345 4.896200
33 -3.313980 5.681816
34 -3.313980 5.681816
52 -3.313980 5.681816
