11 3049.376472 7.594652
11 3067.060234 7.058781
11 3279.630571 0.617255
11 3055.435695 7.411040
11 3087.722877 6.432640
11 3264.539573 1.074558
11 3158.531758 4.286916
11 3120.914918 5.426821
12 3274.760997 0.764818
12 3280.459662 0.592131
12 3292.487090 0.227664
12 3152.233664 4.477768
12 3183.546854 3.528883
12 3149.622558 4.556892
12 3189.323389 3.353837
12 3274.364546 0.776832
12 3295.492568 0.136589
12 3184.673130 3.494754
12 3260.180987 1.206637
12 3140.268245 4.840356
12 3227.667324 2.191899
12 3020.913159 8.457177
12 3274.678386 0.767322
13 3203.166769 2.934340
13 3240.777543 1.794620
13 3291.771283 0.249355
11 3008.605839 8.830126
11 3060.921186 7.244813
13 3006.123530 8.905348
13 3283.286332 0.506475
13 3183.119369 3.541837
13 3294.569659 0.164556
13 3137.509887 4.923943
13 3286.648250 0.404598
13 3270.755116 0.886209
13 3232.102689 2.057494
11 3214.738678 2.583676
14 3043.744650 7.765314
11 3074.001798 6.848430
12 3273.542054 0.801756
14 3265.614464 1.041986
12 3293.073527 0.209893
11 3003.457851 8.986126
16 3220.056005 2.422545
11 3217.932761 2.486886
16 3180.072362 3.634171
16 3240.441573 1.804801
16 3180.655601 3.616497
13 3248.450421 1.562108
12 3277.164101 0.691997
16 3272.807465 0.824016
12 3133.494237 5.045629
12 3162.964558 4.152589
13 3259.410763 1.229977
12 3212.557469 2.649774
11 3179.092618 3.663860
11 3068.433988 7.017152
10 3168.724492 3.978046
12 3025.477363 8.318868
12 3286.863397 0.398079
12 2979.208141 9.720965
16 3280.922481 0.578107
11 3204.062518 2.907196
12 3263.879021 1.094575
13 3284.404059 0.472604
16 3254.138814 1.389733
12 3212.270689 2.658464
12 3290.791141 0.279056
13 3290.786555 0.279195
13 3199.774208 3.037145
17 3273.202727 0.812039
10 3232.046102 2.059209
13 3025.703132 8.312026
11 3278.258111 0.658845
12 3105.759072 5.886089
10 3226.928412 2.214291
11 3148.172230 4.600842
12 3167.472297 4.015991
12 3275.838368 0.732171
13 3062.521856 7.196307
14 3272.541617 0.832072
13 3293.291439 0.203290
13 3291.664202 0.252600
11 3282.053286 0.543840
11 3006.635480 8.889834
10 3073.284912 6.870154
11 3053.238694 7.477615
11 3035.061505 8.028439
17 3299.453382 0.016564
13 3287.794410 0.369866
11 3086.693330 6.463838
12 3295.183318 0.145960
11 3130.712368 5.129928
16 3092.351635 6.292375
13 3051.161446 7.540562
13 3121.186149 5.418602
13 3182.378451 3.564289
12 3029.560388 8.195140
12 3295.093497 0.148682
11 3222.310651 2.354223
11 3150.246212 4.537994
12 3281.913161 0.548086
16 3297.935226 0.062569
13 3288.992376 0.333564
13 3266.745315 1.007718
12 3251.333248 1.474750
15 3291.125985 0.268910
12 3030.337647 8.171586
13 3050.264049 7.567756
13 3254.720557 1.372104
17 3249.168001 1.540364
12 3269.783598 0.915649
12 3269.738210 0.917024
11 3094.970859 6.213004
12 3292.145752 0.238008
12 3132.108100 5.087633
10 3096.660350 6.161808
16 3262.110015 1.148181
13 3179.526618 3.650709
16 3226.104587 2.239255
11 3030.722165 8.159934
11 3129.215477 5.175289
16 3281.620850 0.556944
16 3298.708931 0.039123
10 3119.847492 5.459167
12 3207.306665 2.808889
18 3290.830255 0.277871
13 3278.933206 0.638388
16 3239.489968 1.833637
13 3298.533556 0.044438
13 3289.561111 0.316330
12 3286.745609 0.401648
14 3288.895992 0.336485
12 3123.814375 5.338958
17 3282.426121 0.532542
16 3201.860996 2.973909
17 3290.706834 0.281611
12 3270.921092 0.881179
13 3260.467323 1.197960
13 3149.961169 4.546631
12 3285.904836 0.427126
13 3291.550252 0.256053
13 3183.163883 3.540488
11 3035.289200 8.021539
11 3065.417560 7.108559
14 3228.768399 2.158533
13 3204.958992 2.880031
11 3099.368785 6.079734
12 3295.867545 0.125226
14 3118.562157 5.498116
13 3279.154009 0.631697
12 3251.907186 1.457358
12 3154.302385 4.415079
14 3009.760414 8.795139
13 3237.172162 1.903874
12 3011.098765 8.754583
12 3270.619405 0.890321
12 3242.988474 1.727622
14 3233.601736 2.012069
12 3203.362116 2.928421
13 3178.417680 3.684313
13 3298.761359 0.037535
12 3085.485078 6.500452
11 3240.412810 1.805672
12 3017.887043 8.548877
14 2972.122889 9.935670
12 3126.450263 5.259083
16 3280.687473 0.585228
12 3200.344002 3.019879
13 3280.131173 0.602086
11 2989.583702 9.406554
12 2995.816114 9.217694
14 3260.374106 1.200785
17 3012.982194 8.697509
14 3194.650700 3.192403
12 3134.882100 5.003573
13 3289.338173 0.323086
14 3290.672545 0.282650
13 3220.222810 2.417491
13 3267.680559 0.979377
13 3086.064604 6.482891
12 3282.010377 0.545140
22 3287.759075 0.370937
17 3283.870431 0.488775
13 3258.190371 1.266958
13 3164.576148 4.103753
13 3274.470042 0.773635
17 2999.688605 9.100345
20 3283.405872 0.502852
16 3121.019412 5.423654
19 3284.520137 0.469087
18 3294.943388 0.153231
18 3258.338732 1.262463
23 3194.022920 3.211427
37 2982.323979 9.626546
49 3089.716773 6.372219
78 3011.532828 8.741429
82 3156.018670 4.363071
110 3088.541335 6.407838
132 3053.338269 7.474598
