20 -0.016700 6.916828
20 -0.015785 1.059734
20 -0.015783 1.044726
21 -0.016868 7.992590
21 -0.016381 4.877996
21 -0.015858 1.525389
21 -0.016049 2.751440
21 -0.015999 2.428179
21 -0.016534 5.853370
22 -0.015754 0.861511
22 -0.016737 7.155731
22 -0.015764 0.923259
22 -0.016476 5.481762
22 -0.016699 6.909536
22 -0.015688 0.435640
22 -0.016148 3.382696
22 -0.016621 6.412894
23 -0.015675 0.355855
23 -0.016281 4.234547
23 -0.015701 0.524174
23 -0.015703 0.533937
23 -0.015698 0.502584
24 -0.017058 9.211380
24 -0.015671 0.327523
24 -0.015660 0.257495
24 -0.016268 4.149088
25 -0.015724 0.668807
25 -0.015755 0.867884
25 -0.015717 0.624786
25 -0.015667 0.301709
25 -0.015823 1.305270
23 -0.016419 5.117515
25 -0.015718 0.631209
26 -0.015727 0.690876
26 -0.017060 9.223981
22 -0.016142 3.345052
21 -0.017114 9.566188
26 -0.015715 0.612347
26 -0.015690 0.452662
22 -0.016173 3.540539
26 -0.015757 0.882767
22 -0.015970 2.245741
26 -0.016505 5.671238
26 -0.015675 0.352303
26 -0.015905 1.827828
24 -0.016175 3.553368
23 -0.016998 8.826226
24 -0.015691 0.456475
25 -0.015666 0.296581
27 -0.015697 0.496895
27 -0.016386 4.904345
27 -0.016519 5.758552
24 -0.015721 0.647602
20 -0.015688 0.435924
24 -0.016081 2.952111
24 -0.015742 0.785649
28 -0.016036 2.664739
29 -0.016948 8.506045
22 -0.015678 0.372028
29 -0.015750 0.835023
27 -0.015728 0.697429
23 -0.015742 0.783077
24 -0.016846 7.853326
26 -0.016347 4.655326
22 -0.016099 3.071051
21 -0.016746 7.212458
23 -0.016104 3.102687
22 -0.016057 2.798692
24 -0.015834 1.376000
22 -0.015893 1.751931
22 -0.016037 2.674090
26 -0.015691 0.458293
22 -0.016272 4.178270
20 -0.015823 1.302075
31 -0.015657 0.237701
24 -0.015794 1.118788
23 -0.015666 0.296571
23 -0.015682 0.399017
22 -0.016448 5.306138
24 -0.015695 0.482061
26 -0.015899 1.792282
28 -0.015673 0.344046
22 -0.016052 2.771900
21 -0.016524 5.793676
22 -0.015778 1.015044
23 -0.015674 0.347246
25 -0.015661 0.264699
25 -0.016688 6.841395
31 -0.016524 5.789135
24 -0.017144 9.763295
24 -0.015719 0.636283
27 -0.015799 1.150237
21 -0.016315 4.452656
27 -0.016757 7.284431
29 -0.015633 0.085091
23 -0.016580 6.147920
21 -0.015958 2.169786
24 -0.016076 2.922661
22 -0.016181 3.594645
25 -0.015717 0.623857
22 -0.016883 8.088292
27 -0.015681 0.392830
27 -0.015694 0.475966
32 -0.015679 0.380510
29 -0.016941 8.462655
23 -0.017122 9.617084
20 -0.016243 3.993514
22 -0.016833 7.770546
24 -0.015704 0.540919
27 -0.015727 0.687743
19 -0.015934 2.011396
24 -0.015659 0.254305
24 -0.015811 1.223439
22 -0.015685 0.420179
23 -0.015737 0.750750
21 -0.016998 8.824211
23 -0.016167 3.507689
24 -0.015724 0.669127
24 -0.015695 0.482288
24 -0.016013 2.521581
25 -0.015696 0.491883
22 -0.016514 5.726604
21 -0.016369 4.799213
21 -0.017160 9.860010
21 -0.016088 2.996429
24 -0.016435 5.220381
22 -0.016574 6.108990
22 -0.015809 1.211434
24 -0.015702 0.527455
22 -0.015661 0.264098
20 -0.016034 2.651298
27 -0.016296 4.332296
23 -0.015724 0.670977
23 -0.016400 4.997781
28 -0.015699 0.510027
23 -0.016255 4.068795
24 -0.016212 3.790164
27 -0.016835 7.781001
23 -0.016259 4.093961
21 -0.016178 3.572397
28 -0.016236 3.947415
24 -0.015711 0.586659
32 -0.015646 0.170270
23 -0.015723 0.660792
22 -0.017062 9.235123
28 -0.015685 0.419694
31 -0.015710 0.580116
22 -0.016066 2.855833
22 -0.016007 2.481136
24 -0.015710 0.580152
25 -0.015683 0.406709
25 -0.015696 0.490473
22 -0.015889 1.725757
23 -0.015804 1.180872
22 -0.016665 6.690428
36 -0.015697 0.493902
24 -0.015713 0.597274
27 -0.015698 0.502888
21 -0.017138 9.724097
24 -0.015690 0.449554
25 -0.015730 0.708103
21 -0.016093 3.028903
23 -0.015728 0.697426
34 -0.015664 0.284926
27 -0.015715 0.611891
35 -0.015642 0.146522
20 -0.016779 7.422395
21 -0.017166 9.901545
22 -0.015709 0.574859
23 -0.015895 1.766419
31 -0.016484 5.532826
23 -0.015975 2.278578
23 -0.015692 0.465336
26 -0.015688 0.435581
24 -0.015710 0.576363
24 -0.015644 0.154861
24 -0.015683 0.407964
32 -0.015769 0.955940
23 -0.015707 0.561221
29 -0.016889 8.130522
24 -0.015665 0.293802
25 -0.015702 0.527626
26 -0.015724 0.667738
23 -0.017145 9.767336
24 -0.016691 6.858771
23 -0.016100 3.073949
25 -0.016584 6.176824
24 -0.015669 0.316120
25 -0.015800 1.153583
28 -0.015682 0.398335
25 -0.015927 1.967231
25 -0.015684 0.415270
32 -0.016489 5.569672
28 -0.015666 0.295740
29 -0.016208 3.769616
28 -0.017159 9.853922
29 -0.015682 0.403001
36 -0.015810 1.220956
34 -0.015639 0.121838
36 -0.015685 0.417631
