7 91.950589 8.012616
7 90.161788 9.802133
7 90.212581 9.751319
7 91.449774 8.513631
7 98.392884 1.567743
7 94.433627 5.528584
7 97.835059 2.125791
7 91.310329 8.653132
7 91.798338 8.164928
7 92.103170 7.859974
7 99.223361 0.736934
7 91.101510 8.862035
7 93.083695 6.879057
7 94.434992 5.527219
7 95.605356 4.356387
7 91.495255 8.468132
7 90.654193 9.309531
7 94.308928 5.653334
7 96.306627 3.654834
7 93.171617 6.791100
7 90.844812 9.118835
7 94.037724 5.924646
7 96.645823 3.315503
7 91.609185 8.354156
7 98.522273 1.438302
7 98.412198 1.548421
7 90.198440 9.765466
7 97.859728 2.101113
7 91.928903 8.034311
7 95.597978 4.363767
8 96.639077 3.322252
7 99.078663 0.881690
8 94.583221 5.378930
8 96.399613 3.561812
8 97.767735 2.193142
7 90.166291 9.797628
8 92.536950 7.426020
7 93.561703 6.400857
8 91.681502 8.281811
7 96.571419 3.389937
8 91.274635 8.688840
8 93.065278 6.897481
8 97.352395 2.608649
8 93.007747 6.955035
8 91.757015 8.206268
8 98.107603 1.853138
7 97.484523 2.476468
7 97.451491 2.509513
8 95.424848 4.536966
7 90.460814 9.502987
8 90.659475 9.304246
7 94.140346 5.821983
8 98.073556 1.887198
8 90.988707 8.974882
7 91.584870 8.378482
8 94.572959 5.389196
8 91.898436 8.064790
8 92.053091 7.910073
7 97.083034 2.878117
7 92.341966 7.621082
8 97.820527 2.140329
7 92.142624 7.820504
9 96.547316 3.414049
7 95.626567 4.335167
9 90.030895 9.933079
9 91.607706 8.355636
8 91.905026 8.058198
9 92.981109 6.981684
7 93.045180 6.917587
7 93.385378 6.577253
9 95.985492 3.976099
9 96.892638 3.068589
7 92.785295 7.177576
8 90.057130 9.906833
9 93.698512 6.263994
8 99.165925 0.794393
7 90.932400 9.031212
7 90.764572 9.199107
9 90.348071 9.615775
9 90.316673 9.647186
8 93.725809 6.236686
9 90.570298 9.393459
9 97.258548 2.702533
7 96.189079 3.772430
7 91.856218 8.107025
9 92.248300 7.714786
9 90.236171 9.727720
9 91.430042 8.533371
11 91.916825 8.046394
7 90.758472 9.205210
8 94.099327 5.863018
8 92.963347 6.999453
11 94.390544 5.571685
7 90.359281 9.604561
7 93.992369 5.970019
9 97.616411 2.344527
7 97.765638 2.195240
7 97.301961 2.659102
8 97.606963 2.353978
9 91.355935 8.607508
7 97.888061 2.072769
7 97.568700 2.392257
7 89.995432 9.968555
7 97.430965 2.530047
8 94.593234 5.368914
8 99.261367 0.698913
7 98.555725 1.404837
7 97.160037 2.801083
7 93.098391 6.864355
7 93.463696 6.498903
11 91.027802 8.935772
11 98.582846 1.377705
8 90.123178 9.840758
7 93.649459 6.313067
7 95.476655 4.485139
7 91.140188 8.823341
11 92.929108 7.033705
11 92.077094 7.886060
11 92.010614 7.952567
11 92.797777 7.165089
9 90.816356 9.147303
8 90.499156 9.464630
9 97.895479 2.065347
7 97.628658 2.332275
7 97.332891 2.628161
7 95.476261 4.485533
12 91.288186 8.675284
7 97.125079 2.836056
12 91.668346 8.294972
8 90.923125 9.040492
7 91.965665 7.997534
12 90.031279 9.932694
7 94.289596 5.672673
8 93.573284 6.389271
9 93.006394 6.956388
10 98.722456 1.238039
9 92.243155 7.719933
12 90.538585 9.425185
7 92.888069 7.074761
11 90.893803 9.069825
8 93.133336 6.829396
11 91.014687 8.948892
12 97.312510 2.648549
8 93.382791 6.579841
12 93.091055 6.871693
9 95.227761 4.734132
11 91.833234 8.130018
13 90.920239 9.043379
13 89.981505 9.982488
11 94.990626 4.971363
15 90.260744 9.703137
13 95.790771 4.170897
11 91.199275 8.764231
15 98.052576 1.908187
12 90.086926 9.877025
15 91.217456 8.746042
15 90.172829 9.791087
11 93.321420 6.641236
12 90.790814 9.172855
12 90.105978 9.857965
13 91.959058 8.004143
15 91.696991 8.266316
15 99.526868 0.433305
15 93.465767 6.496832
15 90.212953 9.750947
12 93.369814 6.592823
11 98.968643 0.991754
11 90.032399 9.931574
16 91.125364 8.838171
15 93.367836 6.594802
17 91.895771 8.067456
13 90.362909 9.600932
13 90.789135 9.174535
19 93.436609 6.526001
19 90.321820 9.642037
19 99.712267 0.247832
15 90.808495 9.155167
19 90.572457 9.391300
19 93.452367 6.510237
17 90.998524 8.965062
16 93.032682 6.930090
21 91.097199 8.866347
20 97.003821 2.957362
19 90.772941 9.190735
23 93.279759 6.682914
23 90.911873 9.051748
23 92.910556 7.052265
19 93.892159 6.070269
21 91.444232 8.519176
23 90.391407 9.572421
23 95.859673 4.101968
25 90.475242 9.488554
20 91.008916 8.954666
24 91.581007 8.382346
24 91.112548 8.850992
25 90.542638 9.421131
23 92.858407 7.104434
23 90.109870 9.854072
26 92.323887 7.639168
35 90.380018 9.583816
