21 14.059890 6.267399
32 14.119675 5.868830
25 13.852184 7.652104
25 13.820273 7.864847
26 14.817378 1.217477
28 13.763319 8.244543
19 14.345077 4.366154
24 14.517161 3.218926
23 14.473668 3.508878
24 13.541270 9.724864
19 13.907847 7.281022
31 14.760840 1.594402
22 14.221433 5.190447
31 14.528313 3.144579
23 14.698584 2.009442
24 14.618824 2.541171
26 13.511007 9.926618
26 14.564704 2.901973
19 14.011519 6.589876
21 14.866675 0.888835
33 14.540840 3.061066
34 14.635771 2.428193
34 14.534294 3.104705
76 14.796640 1.355732
24 14.755491 1.630060
35 14.707873 1.947512
24 14.671896 2.187360
24 14.556317 2.957887
34 14.442632 3.715786
36 14.431049 3.793007
103 14.320850 4.527669
30 14.481096 3.459363
26 14.476424 3.490503
20 14.123529 5.843138
23 14.525992 3.160052
28 14.042148 6.385677
36 14.647276 2.351496
101 14.891814 0.721241
37 14.662486 2.250091
29 14.529022 3.139850
39 14.626288 2.491412
22 13.858611 7.609260
25 14.521996 3.186694
27 14.452868 3.647548
28 14.411542 3.923053
19 14.252427 4.983822
39 14.724805 1.834636
22 14.653969 2.306871
25 14.645928 2.360477
127 14.349783 4.334780
25 14.862736 0.915095
130 14.301139 4.659070
25 13.747542 8.349722
101 14.365347 4.231020
25 14.876025 0.826503
21 13.999227 6.671818
25 14.458098 3.612679
29 14.788541 1.409728
106 14.511803 3.254649
30 14.336520 4.423199
19 13.773459 8.176937
28 14.647161 2.352261
28 14.445644 3.695707
24 14.553075 2.979499
17 13.881684 7.455437
151 14.307835 4.614433
19 14.148029 5.679807
114 14.859063 0.939579
29 14.525262 3.164917
22 14.324679 4.502143
25 14.555237 2.965084
31 14.934919 0.433871
20 13.998492 6.676718
167 14.670679 2.195475
153 14.733157 1.778956
19 14.350517 4.329888
27 14.905514 0.629905
25 14.143432 5.710456
28 14.491327 3.391156
16 14.400849 3.994338
30 14.532676 3.115491
19 13.911707 7.255288
31 14.525325 3.164500
20 13.807572 7.949518
19 13.600604 9.329309
185 14.711168 1.925549
23 14.900415 0.663901
19 14.481077 3.459485
30 14.631770 2.454868
23 14.352425 4.317167
19 13.990677 6.728820
170 14.391446 4.057027
33 14.602737 2.648418
20 13.842072 7.719521
99 14.521048 3.193016
30 14.617137 2.552417
16 13.905180 7.298797
18 13.749375 8.337498
30 14.608149 2.612342
24 14.267014 4.886574
93 14.402764 3.981572
20 13.979727 6.801817
33 14.623778 2.508144
114 14.103145 5.979034
19 13.720421 8.530525
113 14.725568 1.829543
119 14.697367 2.017551
21 13.837767 7.748222
160 14.191153 5.392316
24 14.734586 1.769427
23 14.761372 1.590851
27 13.919956 7.200291
25 14.653902 2.307323
140 14.171025 5.526501
26 14.349986 4.333426
29 14.499756 3.334962
21 14.122068 5.852883
27 13.911307 7.257956
34 14.756091 1.626060
138 14.400644 3.995706
34 14.624145 2.505697
23 14.470218 3.531877
24 14.533147 3.112353
30 14.633961 2.440257
31 14.648737 2.341753
22 14.489700 3.401997
25 14.391646 4.055693
28 14.392104 4.052639
20 14.296348 4.691015
24 14.743643 1.709044
120 14.648846 2.341028
25 14.078237 6.145088
17 13.521616 9.855895
24 13.531413 9.790580
20 14.042914 6.380572
29 14.583887 2.774089
20 14.408546 3.943028
15 13.800848 7.994347
28 14.480682 3.462123
22 14.209099 5.272673
24 14.633772 2.441521
24 14.486137 3.425751
32 14.567196 2.885357
26 14.864751 0.901658
18 14.335093 4.432713
23 13.540962 9.726917
25 14.575717 2.828552
28 14.256374 4.957507
19 14.374227 4.171819
98 14.446028 3.693149
32 14.204980 5.300132
101 14.935179 0.432140
29 14.552581 2.982795
21 14.202740 5.315065
21 13.732945 8.447033
161 14.939526 0.403162
21 14.359512 4.269920
28 13.885402 7.430656
24 14.765954 1.560304
24 14.568429 2.877139
145 14.625223 2.498512
145 14.586597 2.756017
213 14.542454 3.050304
28 14.901639 0.655743
28 14.689044 2.073040
34 14.562496 2.916693
28 13.931192 7.125387
26 13.816979 7.886805
108 14.928046 0.479690
166 14.952564 0.316240
23 14.441641 3.722396
23 14.383480 4.110133
23 13.995390 6.697401
25 14.611748 2.588350
34 14.631528 2.456479
30 13.750128 8.332481
125 14.611987 2.586755
24 14.284537 4.769752
126 14.570326 2.864493
134 14.320894 4.527372
26 14.417645 3.882368
28 14.876068 0.826212
21 13.929545 7.136368
144 14.793363 1.377579
27 14.727437 1.817084
182 14.338572 4.409519
33 14.565564 2.896238
210 14.484304 3.437975
34 14.614817 2.567886
90 14.887886 0.747424
26 14.166494 5.556708
29 13.625539 9.163074
129 14.378432 4.143786
129 14.412872 3.914184
134 14.169416 5.537225
147 13.845365 7.697564
175 14.600525 2.663170
185 14.579470 2.803534
216 14.282295 4.784700
186 14.885913 0.760577
