17 39.812294 9.517514
21 39.746929 9.666071
22 42.120379 4.271866
22 41.533150 5.606477
70 43.676639 0.734910
71 42.180122 4.136086
74 43.479089 1.183888
76 43.164790 1.898204
78 43.832290 0.381158
99 41.690246 5.249442
84 43.834359 0.376456
104 42.777803 2.777722
106 43.621892 0.859336
112 41.436022 5.827222
30 41.522941 5.629679
113 43.172855 1.879876
112 43.280704 1.634764
119 43.154924 1.920628
114 43.716822 0.643587
121 43.116977 2.006869
19 40.044758 8.989187
114 43.611525 0.882899
130 41.546563 5.575993
132 42.820095 2.681602
125 43.629590 0.841840
135 43.858308 0.322027
130 43.536647 1.053076
131 43.609776 0.886872
118 43.552110 1.017932
21 40.286090 8.440705
116 43.555248 1.010800
22 39.966643 9.166721
118 43.087629 2.073569
74 41.650374 5.340060
176 43.870678 0.293914
119 43.489665 1.159853
194 43.643219 0.810865
103 43.248579 1.707775
110 43.793873 0.468470
98 42.345734 3.759695
137 42.345064 3.761218
23 39.763435 9.628556
29 40.014972 9.056881
136 43.866766 0.302805
103 42.347772 3.755065
136 43.013763 2.241447
100 43.143158 1.947368
94 43.641705 0.814307
107 43.840119 0.363367
120 43.263869 1.673025
234 41.359945 6.000124
234 42.356576 3.735054
121 43.938379 0.140048
231 43.944405 0.126353
22 41.765123 5.079266
131 43.538835 1.048102
265 42.846388 2.621844
145 43.690517 0.703370
66 42.711721 2.927908
172 43.714891 0.647976
125 43.273723 1.650629
289 41.125501 6.532951
30 40.407420 8.164956
290 40.617803 7.686811
17 42.593174 3.197331
130 43.912010 0.199978
25 39.831911 9.472930
112 43.774087 0.513439
127 43.430971 1.293248
101 43.091842 2.063996
118 43.198902 1.820678
29 39.873086 9.379350
22 40.565851 7.804885
315 41.171775 6.427784
317 40.517928 7.913800
318 41.517747 5.641483
80 43.682086 0.722531
19 41.253033 6.243108
107 43.554931 1.011521
331 41.296489 6.144344
332 40.893731 7.059703
340 41.661349 5.315116
161 42.751813 2.836789
103 43.916367 0.190075
21 40.819163 7.229176
347 43.755502 0.555678
353 42.243866 3.991214
106 43.657742 0.777858
199 43.751244 0.565355
106 43.598875 0.911648
106 42.363550 3.719204
359 41.895061 4.783952
359 39.983019 9.129501
70 43.704038 0.672642
108 43.921687 0.177983
335 41.284671 6.171203
112 43.753544 0.560127
282 41.289867 6.159393
102 40.939616 6.955417
129 43.222501 1.767042
19 40.558776 7.820965
71 43.624344 0.853764
124 42.738739 2.866501
114 42.372845 3.698080
108 43.364015 1.445419
286 40.000726 9.089259
301 41.530495 5.612512
333 39.965201 9.169997
295 41.670320 5.294727
297 40.934713 6.966561
106 43.505334 1.124240
125 43.297114 1.597469
417 41.059761 6.682361
111 43.545024 1.034037
116 42.654671 3.057567
126 43.852969 0.334161
27 39.684181 9.808680
293 42.247026 3.984033
125 43.197611 1.823610
117 43.336811 1.507249
431 41.148024 6.481764
18 41.905310 4.760659
308 42.546688 3.302982
112 43.924611 0.171338
390 41.806384 4.985490
30 39.955025 9.193126
237 41.293105 6.152034
450 42.195075 4.102102
26 39.859180 9.410955
279 43.097262 2.051677
369 42.436934 3.552424
339 41.648294 5.344787
81 42.238631 4.003111
126 43.293086 1.606624
111 43.374826 1.420850
113 43.547728 1.027891
116 43.384695 1.398420
296 43.149928 1.931981
386 40.242975 8.538694
355 40.998540 6.821499
114 42.875605 2.555444
122 42.788839 2.752638
106 42.610542 3.157860
297 40.956340 6.917410
399 41.757861 5.095769
389 41.575062 5.511222
107 42.641961 3.086453
110 43.475465 1.192125
109 43.574437 0.967189
66 43.628038 0.845367
16 39.760176 9.635963
332 40.834690 7.193886
116 43.484983 1.170493
139 42.693139 2.970140
102 43.257256 1.688055
27 39.667392 9.846835
21 39.811823 9.518584
73 42.063728 4.400618
271 41.044127 6.717892
307 41.917389 4.733208
105 42.801567 2.723712
133 43.474542 1.194223
332 42.790491 2.748884
105 43.633578 0.832777
111 41.473571 5.741883
125 42.988864 2.298037
151 42.922650 2.448524
108 42.839138 2.638322
121 43.035804 2.191355
337 42.187651 4.118975
128 43.041128 2.179254
142 42.726363 2.894628
278 42.167785 4.164126
199 41.813173 4.970061
362 40.613022 7.697677
374 41.121253 6.542607
300 41.768689 5.071160
350 40.455242 8.056268
359 42.483830 3.445841
278 41.272260 6.199408
287 42.722646 2.903077
374 41.494086 5.695259
359 42.072875 4.379829
272 41.160510 6.453385
431 40.666202 7.576814
256 43.431864 1.291219
354 40.815618 7.237231
346 42.494667 3.421212
321 41.343275 6.038010
420 42.220764 4.043718
385 41.180568 6.407800
520 41.783179 5.038229
351 40.124875 8.807103
418 41.382863 5.948040
496 41.060382 6.680949
501 40.441183 8.088220
420 42.089445 4.342170
370 40.139622 8.773587
390 41.519563 5.637358
470 39.940339 9.226503
