15 14.363061 4.246259
15 13.893381 7.377458
16 14.033263 6.444914
16 14.369068 4.206213
16 14.308914 4.607237
16 14.108335 5.944431
16 14.084847 6.101018
16 13.871417 7.523888
17 14.570870 2.860864
17 14.308727 4.608489
17 14.730681 1.795457
17 13.851043 7.659715
18 13.576998 9.486681
18 14.202710 5.315267
18 13.909774 7.268170
18 14.628760 2.474937
18 14.500212 3.331922
18 14.629456 2.470294
18 13.519825 9.867834
18 14.622981 2.513458
19 14.373312 4.177919
19 14.050249 6.331673
19 13.822150 7.852331
16 13.753382 8.310789
15 13.663377 8.910819
19 14.433487 3.776751
20 14.246466 5.023559
20 13.946369 7.024206
20 13.855212 7.631923
20 14.539961 3.066923
21 14.585792 2.761383
21 13.990967 6.726885
21 14.437072 3.752856
21 13.525977 9.826822
15 14.238461 5.076928
22 13.735307 8.431288
15 13.722875 8.514169
18 14.924551 0.502992
15 14.562348 2.917681
17 14.084768 6.101546
18 14.424985 3.833435
23 14.724400 1.837331
16 13.663800 8.907999
16 14.332572 4.449519
19 13.856590 7.622731
18 13.878593 7.476049
15 14.032338 6.451079
16 13.756355 8.290965
19 14.470098 3.532682
25 14.359204 4.271975
17 13.845109 7.699273
21 14.353512 4.309922
21 13.860326 7.597828
16 14.240720 5.061864
17 14.392978 4.046817
21 14.418285 3.878103
24 14.547619 3.015870
22 13.986472 6.756854
19 13.813507 7.909950
20 14.042041 6.386393
18 13.566180 9.558798
25 14.485314 3.431243
16 13.965125 6.899167
16 13.731168 8.458883
18 14.461037 3.593084
19 14.201190 5.325401
23 14.133021 5.779857
19 14.149341 5.671061
16 14.608079 2.612808
21 13.873660 7.508934
19 14.676071 2.159524
25 13.737474 8.416843
26 14.229270 5.138198
26 13.979443 6.803712
18 14.147242 5.685050
23 14.160629 5.595804
23 14.356729 4.288473
19 13.850190 7.665400
20 14.219552 5.202987
27 13.966714 6.888573
24 14.362897 4.247353
24 14.093066 6.046227
25 14.246768 5.021548
19 14.076698 6.155347
28 14.413586 3.909425
20 14.288673 4.742183
28 14.485722 3.428519
15 13.586487 9.423422
17 14.361648 4.255682
17 14.444800 3.701334
21 13.766590 8.222736
15 13.946586 7.022761
19 14.403396 3.977362
22 14.380239 4.131743
18 14.382396 4.117362
23 14.279737 4.801752
21 14.065201 6.231990
20 14.322985 4.513434
26 13.983607 6.775955
17 14.139596 5.736029
17 14.629681 2.468790
23 13.661354 8.924305
23 14.634720 2.435197
failed to find solution after reaching max emtpy limit -- 30 iterations and 18 function evals
14 13.941884 7.054104
19 14.479639 3.469075
20 14.013852 6.574318
19 14.020914 6.527239
23 13.833759 7.774938
25 13.531014 9.793241
16 13.955627 6.962486
25 14.308319 4.611206
16 14.176969 5.486876
26 14.421034 3.859770
18 14.115789 5.894737
17 14.197420 5.350536
22 13.799945 8.000364
27 13.921431 7.190460
26 14.502882 3.314120
16 14.785592 1.429386
17 13.828104 7.812643
24 13.802043 7.986378
22 14.158890 5.607397
19 14.147046 5.686361
26 13.932558 7.116283
17 14.601157 2.658952
17 14.115106 5.899294
19 13.881174 7.458841
20 13.538568 9.742883
23 14.357611 4.282593
16 14.522947 3.180357
18 14.179107 5.472617
26 13.820479 7.863471
16 13.679942 8.800390
23 14.721580 1.856134
27 14.289908 4.733944
failed to find solution after reaching max emtpy limit -- 45 iterations and 23 function evals
24 14.382748 4.115015
19 14.526861 3.154258
22 14.280813 4.794582
14 13.947089 7.019404
16 14.502059 3.319606
16 14.808124 1.279173
24 14.329942 4.467051
17 14.375439 4.163738
16 14.316828 4.554482
24 13.969165 6.872231
28 14.504162 3.305588
18 14.561513 2.923249
29 14.596522 2.689855
27 13.992738 6.715077
20 14.508408 3.277278
16 13.819202 7.871987
15 13.703584 8.642772
18 13.986657 6.755620
15 13.681656 8.788963
16 14.755896 1.627361
21 14.507204 3.285304
17 14.142704 5.715308
24 14.452423 3.650516
34 14.314051 4.572994
17 14.172889 5.514075
26 13.777926 8.147163
25 13.601022 9.326522
24 14.450609 3.662606
28 14.442565 3.716232
29 14.095141 6.032395
30 14.083402 6.110653
26 14.641913 2.387249
29 14.503771 3.308195
24 14.402633 3.982445
23 14.377584 4.149442
25 14.250994 4.993372
failed to find solution after reaching max emtpy limit -- 53 iterations and 24 function evals
23 14.457500 3.616670
28 14.189736 5.401760
27 14.593228 2.711813
34 14.537171 3.085529
failed to find solution after reaching max emtpy limit -- 44 iterations and 21 function evals
30 14.088268 6.078214
30 13.730107 8.465954
30 14.517992 3.213389
29 14.143332 5.711119
27 14.056745 6.288368
failed to find solution after reaching max emtpy limit -- 67 iterations and 23 function evals
26 14.314082 4.572787
25 14.569487 2.870086
failed to find solution after reaching max emtpy limit -- 80 iterations and 27 function evals
38 14.356702 4.288651
35 14.319839 4.534405
36 14.515000 3.233331
33 13.905572 7.296185
29 13.711402 8.590651
35 14.527110 3.152597
failed to find solution after reaching max emtpy limit -- 89 iterations and 38 function evals
34 14.512965 3.246902
failed to find solution after reaching max emtpy limit -- 116 iterations and 35 function evals
failed to find solution after reaching max emtpy limit -- 101 iterations and 32 function evals
50 14.135244 5.765038
35 13.985595 6.762701
