18 -6.169584 2.826397
19 -6.443266 7.387768
35 -6.539727 8.995446
35 -6.588926 9.815430
37 -6.529458 8.824300
40 -6.592908 9.881808
40 -6.301705 5.028416
40 -6.494814 8.246908
39 -6.537416 8.956934
41 -6.576557 9.609288
40 -6.538257 8.970949
41 -6.559265 9.321089
42 -6.572593 9.543218
43 -6.595781 9.929676
43 -6.580425 9.673744
43 -6.573419 9.556976
47 -6.589068 9.817802
47 -6.595499 9.924988
24 -6.489627 8.160457
42 -6.576813 9.613550
52 -6.594257 9.904280
54 -6.530598 8.843298
54 -6.584761 9.746016
53 -6.537910 8.965172
55 -6.538713 8.978556
58 -6.540481 9.008017
60 -6.595448 9.924137
56 -6.417871 6.964518
60 -6.581690 9.694834
61 -6.540457 9.007621
61 -6.577000 9.616663
17 -6.446421 7.440350
51 -6.558880 9.314675
31 -6.503511 8.391853
64 -6.488114 8.135233
65 -6.559427 9.323782
67 -6.588523 9.808716
70 -6.582399 9.706652
40 -6.540635 9.010586
42 -6.578993 9.649879
41 -6.544791 9.079843
73 -6.554865 9.247753
44 -6.576685 9.611416
46 -6.561718 9.361963
41 -6.576252 9.604203
47 -6.554370 9.239492
48 -6.577650 9.627492
82 -6.590971 9.849513
83 -6.554905 9.248424
81 -6.580183 9.669709
22 -6.495704 8.261730
32 -6.544381 9.073022
31 -6.291488 4.858132
46 -6.558301 9.305024
87 -6.567018 9.450308
60 -6.573788 9.563139
64 -6.557708 9.295125
55 -6.595956 9.932592
83 -6.577109 9.618486
19 -6.339579 5.659651
25 -6.424050 7.067497
65 -6.589366 9.822759
89 -6.577136 9.618933
97 -6.549074 9.151229
34 -6.560247 9.337449
48 -6.586293 9.771552
100 -6.597301 9.955010
79 -6.580897 9.681616
55 -6.570918 9.515304
35 -6.562165 9.369411
28 -6.381070 6.351159
53 -6.588801 9.813358
56 -6.570228 9.503797
54 -6.526255 8.770909
65 -6.562811 9.380187
108 -6.589578 9.826305
43 -6.588865 9.814412
62 -6.556708 9.278459
19 -6.434265 7.237756
68 -6.598077 9.967957
48 -6.567837 9.463953
36 -6.550467 9.174453
19 -6.587317 9.788619
26 -6.527570 8.792831
14 -6.293609 4.893487
44 -6.589030 9.817160
37 -6.528440 8.807334
59 -6.574859 9.580986
88 -6.599001 9.983354
77 -6.598767 9.979452
53 -6.572373 9.539557
52 -6.579763 9.662716
29 -6.565064 9.417726
84 -6.594052 9.900873
18 -6.320257 5.337612
123 -6.570560 9.509328
68 -6.593370 9.889499
127 -6.580942 9.682363
89 -6.578939 9.648990
41 -6.551145 9.185753
130 -6.580727 9.678781
18 -6.530821 8.847023
86 -6.576050 9.600832
50 -6.563534 9.392232
30 -6.557016 9.283603
29 -6.514543 8.575712
60 -6.544250 9.070836
55 -6.120193 2.003209
47 -6.546784 9.113064
60 -6.589450 9.824160
48 -6.575391 9.589853
52 -6.585455 9.757585
42 -6.582991 9.716525
42 -6.506014 8.433573
31 -6.567874 9.464563
80 -6.538727 8.978779
53 -6.550504 9.175070
23 -6.531607 8.860122
61 -6.580150 9.669171
54 -6.592512 9.875207
38 -6.556215 9.270243
77 -6.581954 9.699231
43 -6.476150 7.935838
64 -6.549917 9.165278
77 -6.594027 9.900452
101 -6.594555 9.909251
78 -6.559330 9.322169
71 -6.567403 9.456714
20 -6.496168 8.269466
32 -6.537033 8.950554
116 -6.598539 9.975648
64 -6.572056 9.534264
44 -6.592885 9.881423
31 -6.328955 5.482578
101 -6.568000 9.466659
19 -6.539191 8.986520
125 -6.564863 9.414384
79 -6.531763 8.862719
50 -6.567890 9.464829
118 -6.565016 9.416928
75 -6.594149 9.902480
53 -6.581200 9.686661
73 -6.593090 9.884840
42 -6.518045 8.634092
64 -6.581838 9.697304
34 -6.552265 9.204415
68 -6.585153 9.752542
82 -6.595984 9.933060
42 -6.573893 9.564879
72 -6.587998 9.799959
47 -6.587440 9.790673
138 -6.567767 9.462790
85 -6.599780 9.996330
31 -6.485153 8.085879
104 -6.586213 9.770213
91 -6.573528 9.558798
58 -6.544716 9.078606
42 -6.573681 9.561353
107 -6.584091 9.734844
42 -6.580362 9.672701
106 -6.567374 9.456240
82 -6.597337 9.955612
82 -6.591412 9.856864
102 -6.593911 9.898524
65 -6.583324 9.722064
34 -6.559845 9.330746
35 -6.582969 9.716147
46 -6.583860 9.731004
85 -6.590859 9.847645
104 -6.590947 9.849122
79 -6.588007 9.800122
65 -6.561800 9.363337
71 -6.559702 9.328363
94 -6.590665 9.844423
59 -6.589352 9.822537
120 -6.576595 9.609919
62 -6.591437 9.857275
49 -6.485120 8.085340
77 -6.597756 9.962600
79 -6.580509 9.675151
73 -6.595592 9.926535
62 -6.552213 9.203545
80 -6.585303 9.755045
107 -6.599739 9.995642
68 -6.578057 9.634290
106 -6.592195 9.869920
53 -6.563907 9.398451
160 -6.586595 9.776583
62 -6.565742 9.429031
88 -6.598783 9.979721
59 -6.437293 7.288220
70 -6.547580 9.126333
83 -6.570049 9.500811
108 -6.568781 9.479683
96 -6.590540 9.842333
89 -6.577823 9.630380
89 -6.589167 9.819448
87 -6.592482 9.874692
90 -6.567978 9.466304
130 -6.583126 9.718760
