8 -1.080882 8.088234
11 -1.063354 6.335389
11 -1.097417 9.741679
11 -1.061688 6.168842
12 -1.064715 6.471526
12 -1.076814 7.681398
13 -1.092322 9.232160
13 -1.092470 9.247000
13 -1.050680 5.067995
13 -1.063145 6.314470
13 -1.062058 6.205805
13 -1.085664 8.566369
13 -1.077981 7.798090
13 -1.078864 7.886450
15 -1.065463 6.546278
15 -1.063240 6.323994
15 -1.083362 8.336238
15 -1.053277 5.327740
15 -1.045449 4.544937
15 -1.069331 6.933086
15 -1.095488 9.548820
15 -1.098926 9.892555
15 -1.054850 5.484995
15 -1.031651 3.165076
15 -1.037710 3.771014
16 -1.058789 5.878864
16 -1.097402 9.740181
16 -1.023719 2.371873
16 -1.072524 7.252424
16 -1.090502 9.050230
9 -1.070005 7.000467
7 -1.078038 7.803834
17 -1.081915 8.191468
12 -1.074245 7.424461
13 -1.094684 9.468431
19 -1.079846 7.984573
19 -1.082959 8.295925
19 -1.034251 3.425054
19 -1.035708 3.570830
19 -1.074090 7.409045
11 -1.049977 4.997726
15 -1.075713 7.571261
20 -1.093438 9.343821
20 -1.094317 9.431699
13 -1.064233 6.423294
12 -1.044127 4.412687
21 -1.078237 7.823749
12 -1.091105 9.110455
12 -1.096776 9.677588
11 -1.029271 2.927097
13 -1.099325 9.932475
15 -1.050728 5.072830
9 -1.044481 4.448122
16 -1.064969 6.496852
21 -1.041329 4.132946
11 -1.073163 7.316288
24 -1.090603 9.060288
13 -1.045160 4.516009
17 -1.092648 9.264755
15 -1.070806 7.080568
24 -1.071964 7.196371
25 -1.061154 6.115422
25 -1.065321 6.532092
16 -1.077902 7.790157
16 -1.099881 9.988146
23 -1.059927 5.992710
19 -1.095783 9.578275
17 -1.062008 6.200830
17 -1.058896 5.889615
16 -1.090099 9.009888
19 -1.051173 5.117286
20 -1.039261 3.926103
12 -1.099449 9.944912
13 -1.077209 7.720921
27 -1.078240 7.823978
17 -1.096514 9.651427
9 -1.071651 7.165071
23 -1.046517 4.651667
13 -1.058444 5.844408
16 -1.094792 9.479163
16 -1.081934 8.193436
19 -1.067999 6.799894
19 -1.027027 2.702663
12 -1.071163 7.116288
15 -1.054622 5.462198
17 -1.091141 9.114067
16 -1.065400 6.539980
17 -1.070517 7.051743
11 -1.080787 8.078695
13 -1.044326 4.432615
20 -1.087128 8.712759
13 -1.055673 5.567337
12 -1.079822 7.982232
32 -1.066594 6.659446
32 -1.065500 6.550029
15 -1.046618 4.661848
15 -1.091233 9.123288
33 -1.075908 7.590848
16 -1.059511 5.951081
12 -1.074067 7.406699
21 -1.064958 6.495824
13 -1.075807 7.580672
16 -1.063486 6.348593
23 -1.083171 8.317085
15 -1.091447 9.144735
11 -1.058139 5.813930
23 -1.072347 7.234669
15 -1.047474 4.747377
29 -1.056874 5.687377
27 -1.086725 8.672497
9 -1.072771 7.277127
15 -1.066545 6.654495
16 -1.085413 8.541275
17 -1.099848 9.984761
15 -1.060459 6.045905
15 -1.094827 9.482707
16 -1.082689 8.268885
16 -1.086446 8.644607
13 -1.052859 5.285921
8 -1.090972 9.097198
17 -1.030486 3.048557
24 -1.093270 9.327035
15 -1.079486 7.948583
13 -1.086249 8.624945
12 -1.053963 5.396253
21 -1.096324 9.632378
15 -1.083904 8.390373
27 -1.072823 7.282313
27 -1.081135 8.113481
29 -1.083281 8.328134
19 -1.060025 6.002501
11 -1.070757 7.075656
16 -1.098614 9.861429
23 -1.071539 7.153944
9 -1.083942 8.394222
20 -1.047669 4.766928
16 -1.059340 5.933981
15 -1.060474 6.047431
25 -1.019830 1.983003
17 -1.055282 5.528239
15 -1.083590 8.358997
12 -1.075414 7.541438
19 -1.043328 4.332760
15 -1.088958 8.895787
16 -1.055790 5.579034
19 -1.052877 5.287744
21 -1.070639 7.063897
24 -1.078795 7.879466
9 -1.070919 7.091908
13 -1.067836 6.783580
28 -1.031364 3.136441
19 -1.071649 7.164893
24 -1.074548 7.454825
20 -1.052275 5.227478
19 -1.048292 4.829219
16 -1.048630 4.863000
12 -1.051886 5.188623
12 -1.070619 7.061892
16 -1.082727 8.272686
25 -1.049716 4.971571
24 -1.095635 9.563519
25 -1.044000 4.400029
15 -1.053717 5.371722
13 -1.057448 5.744845
16 -1.057353 5.735309
23 -1.048221 4.822097
37 -1.094285 9.428527
12 -1.098286 9.828582
12 -1.076158 7.615838
15 -1.092743 9.274260
15 -1.061938 6.193775
15 -1.078854 7.885428
15 -1.069910 6.991043
16 -1.076441 7.644111
12 -1.080509 8.050872
13 -1.059161 5.916140
24 -1.091015 9.101492
21 -1.068071 6.807136
24 -1.043664 4.366408
35 -1.089908 8.990780
20 -1.080696 8.069610
13 -1.062721 6.272117
27 -1.086970 8.696963
17 -1.064279 6.427902
15 -1.043892 4.389219
17 -1.084648 8.464766
31 -1.089703 8.970294
23 -1.081282 8.128218
43 -1.070091 7.009129
17 -1.089118 8.911814
44 -1.071441 7.144084
47 -1.057760 5.775980
43 -1.090005 9.000473
29 -1.037977 3.797664
24 -1.076036 7.603567
20 -1.072823 7.282323
28 -1.055596 5.559611
29 -1.085574 8.557424
30 -1.048933 4.893251
32 -1.098944 9.894442
