7 -5.188448 3.768959
12 -5.285578 5.711556
13 -5.342602 6.852049
13 -5.437832 8.756635
13 -5.391023 7.820466
13 -5.208288 4.165752
13 -5.471088 9.421758
13 -5.029064 0.581289
13 -5.303373 6.067468
13 -5.071539 1.430788
13 -5.295413 5.908252
15 -5.043219 0.864375
15 -5.093955 1.879102
15 -5.198044 3.960874
15 -5.081611 1.632220
15 -5.266329 5.326587
15 -5.198242 3.964849
15 -5.465255 9.305099
16 -5.084206 1.684113
16 -5.035506 0.710126
16 -5.318303 6.366051
16 -5.172148 3.442958
16 -5.041186 0.823717
16 -5.373484 7.469676
16 -5.112373 2.247456
16 -5.085905 1.718097
16 -5.161406 3.228129
16 -5.228403 4.568055
16 -5.124672 2.493445
16 -5.438813 8.776259
16 -5.008211 0.164225
16 -5.271008 5.420160
17 -5.140632 2.812633
17 -5.321645 6.432890
17 -5.219788 4.395754
17 -5.034246 0.684929
9 -5.197390 3.947809
8 -5.016441 0.328827
19 -5.204800 4.096004
19 -5.181729 3.634573
19 -5.087201 1.744017
19 -5.221063 4.421256
19 -5.488370 9.767403
19 -5.179819 3.596370
12 -5.446600 8.932010
20 -5.331799 6.635976
20 -5.292760 5.855200
20 -5.200811 4.016228
20 -5.239291 4.785823
20 -5.265451 5.309015
21 -5.339973 6.799465
12 -5.410450 8.208991
15 -5.267576 5.351513
12 -5.250455 5.009096
23 -5.081349 1.626981
17 -5.121527 2.430549
16 -5.153177 3.063550
13 -5.096462 1.929247
16 -5.460734 9.214674
15 -5.015142 0.302833
17 -5.320059 6.401188
13 -5.344130 6.882598
17 -5.263144 5.262882
17 -5.085446 1.708915
17 -5.436762 8.735233
16 -5.345126 6.902519
16 -5.056452 1.129037
16 -5.424875 8.497500
13 -5.230434 4.608670
17 -5.364577 7.291548
12 -5.243506 4.870111
16 -5.178127 3.562536
15 -5.344303 6.886058
16 -5.407652 8.153034
16 -5.276284 5.525684
17 -5.138932 2.778642
17 -5.079525 1.590496
17 -5.221346 4.426914
16 -5.251891 5.037830
17 -5.178112 3.562231
17 -5.058955 1.179091
19 -5.132686 2.653723
17 -5.093397 1.867939
19 -5.123354 2.467075
15 -5.014527 0.290530
17 -5.104874 2.097473
12 -5.488823 9.776463
20 -5.279906 5.598123
16 -5.055837 1.116734
13 -5.359244 7.184880
17 -5.183948 3.678956
15 -5.250589 5.011778
17 -5.365046 7.300911
19 -5.206772 4.135445
23 -5.056074 1.121487
12 -5.281844 5.636881
17 -5.300497 6.009937
13 -5.267959 5.359185
20 -5.043776 0.875528
20 -5.080743 1.614852
16 -5.409272 8.185450
15 -5.084153 1.683065
17 -5.063009 1.260173
16 -5.250423 5.008467
20 -5.053575 1.071506
17 -5.191907 3.838148
16 -5.199908 3.998164
13 -5.134891 2.697829
16 -5.274677 5.493547
16 -5.408853 8.177053
19 -5.373318 7.466358
23 -5.035454 0.709079
23 -5.242584 4.851677
17 -5.051058 1.021156
17 -5.295680 5.913590
13 -5.045295 0.905896
16 -5.051281 1.025612
12 -5.432872 8.657448
15 -5.260050 5.200998
17 -5.025005 0.500100
19 -5.218808 4.376166
16 -5.103760 2.075201
17 -5.235965 4.719308
25 -5.261926 5.238511
16 -5.223415 4.468295
17 -5.357972 7.159445
16 -5.265059 5.301181
21 -5.491818 9.836359
16 -5.405192 8.103837
19 -5.360074 7.201477
20 -5.222302 4.446047
15 -5.109719 2.194382
19 -5.164858 3.297155
13 -5.271903 5.438057
16 -5.488235 9.764697
21 -5.238488 4.769757
20 -5.176914 3.538277
21 -5.006658 0.133157
15 -5.051068 1.021359
17 -5.179991 3.599828
17 -5.138113 2.762266
16 -5.411624 8.232487
13 -5.436002 8.720046
17 -5.414599 8.291978
11 -5.283020 5.660409
13 -5.489956 9.799117
20 -5.028866 0.577310
17 -5.464915 9.298307
16 -5.387097 7.741950
20 -5.190623 3.812458
15 -5.398491 7.969822
9 -5.201241 4.024817
13 -5.134313 2.686262
17 -5.278895 5.577904
15 -5.271422 5.428440
9 -5.082792 1.655830
13 -5.414398 8.287960
16 -5.212975 4.259493
19 -5.029489 0.589786
20 -5.135803 2.716056
13 -5.122124 2.442485
20 -5.111220 2.224396
17 -5.041354 0.827074
15 -5.118367 2.367340
12 -5.382785 7.655707
20 -5.008646 0.172922
9 -5.185158 3.703152
16 -5.140161 2.803214
19 -5.434009 8.680176
17 -5.111435 2.228695
17 -5.355181 7.103629
20 -5.482150 9.643008
19 -5.054730 1.094595
19 -5.016719 0.334382
13 -5.078629 1.572578
13 -5.160908 3.218157
20 -5.202443 4.048867
15 -5.037228 0.744550
16 -5.183032 3.660630
17 -5.127759 2.555173
16 -5.058768 1.175367
13 -5.013337 0.266748
20 -5.093739 1.874781
16 -5.382397 7.647941
15 -5.446243 8.924859
20 -5.170342 3.406848
15 -5.104083 2.081664
15 -5.330123 6.602459
16 -5.246287 4.925730
16 -5.093054 1.861081
17 -5.315961 6.319216
16 -5.095500 1.910004
16 -5.119758 2.395167
19 -5.466900 9.337992
17 -5.210896 4.217915
20 -5.033510 0.670193
19 -5.170717 3.414349
20 -5.194409 3.888174
24 -5.023027 0.460543
24 -5.128108 2.562170
