136 27.727619 7.574603
119 28.866559 3.778137
53 27.451002 8.496661
47 28.098188 6.339374
63 27.459922 8.466925
61 27.068282 9.772394
155 27.212263 9.292456
70 28.225226 5.915913
204 28.706448 4.311841
32 27.058645 9.804517
170 29.168549 2.771502
108 28.717199 4.276004
36 29.329859 2.233803
89 28.408654 5.304485
34 29.185739 2.714205
42 28.674412 4.418626
12 27.086429 9.711902
51 27.902131 6.992895
11 27.378723 8.737589
30 28.369298 5.435672
54 27.127939 9.573537
35 28.934756 3.550814
167 27.954974 6.816755
78 29.620137 1.266210
131 28.872072 3.759762
133 28.542361 4.858795
82 27.496501 8.344997
97 28.550962 4.830125
87 27.603272 7.989094
90 28.688443 4.371856
275 27.064576 9.784748
264 28.100864 6.330454
278 28.557013 4.809957
225 29.645896 1.180347
274 27.298395 9.005349
302 29.518291 1.605697
241 29.408788 1.970706
264 28.242982 5.856725
419 28.521447 4.928509
403 28.829777 3.900743
63 27.191085 9.363051
367 27.198593 9.338024
482 28.018743 6.604191
418 29.111455 2.961817
485 29.448860 1.837132
509 28.310052 5.633162
541 28.407972 5.306760
608 27.821850 7.260501
91 27.784015 7.386616
63 28.471683 5.094389
24 27.669173 7.769423
109 27.103066 9.656446
153 29.019544 3.268185
67 27.959795 6.800685
269 29.052874 3.157087
351 27.412344 8.625520
96 29.605452 1.315161
90 28.565261 4.782465
31 27.466453 8.445158
7 27.570781 8.097395
45 28.126275 6.245750
8 29.124472 2.918428
150 28.549894 4.833685
175 27.504120 8.319599
125 27.825921 7.246932
161 27.187557 9.374809
16 28.127470 6.241768
14 28.119462 6.268461
57 27.853070 7.156433
70 27.024611 9.917965
70 27.777008 7.409973
34 27.185271 9.382431
63 29.933888 0.220373
12 27.512248 8.292506
287 28.836891 3.877029
163 28.151397 6.162009
88 27.162503 9.458323
244 29.060046 3.133179
125 28.845450 3.848500
120 29.671689 1.094368
80 27.000511 9.998295
165 27.279852 9.067159
329 29.090255 3.032483
324 28.653857 4.487143
321 27.381349 8.728835
373 27.562168 8.126107
349 29.209189 2.636036
253 28.871605 3.761316
400 28.359029 5.469903
391 27.727833 7.573889
419 27.016310 9.945633
427 29.324612 2.251293
578 28.071311 6.428962
462 28.054613 6.484623
514 27.264148 9.119507
78 28.916718 3.610942
57 28.155181 6.149398
179 28.377385 5.408716
353 28.069727 6.434244
49 27.948979 6.836735
159 29.660416 1.131946
269 27.667740 7.774201
7 27.677789 7.740702
185 28.556116 4.812946
50 29.551781 1.494063
43 27.472352 8.425493
54 29.653564 1.154788
155 28.382129 5.392904
187 29.305180 2.316067
147 27.098094 9.673019
7 29.127314 2.908954
103 27.763224 7.455919
247 29.596334 1.345554
21 28.019989 6.600036
83 28.170864 6.097120
98 28.922232 3.592560
89 27.240512 9.198293
69 27.683600 7.721332
10 27.046278 9.845739
74 27.093491 9.688362
118 28.278063 5.739790
127 27.273496 9.088348
45 27.195540 9.348201
146 29.323477 2.255075
90 27.315179 8.949403
200 27.695136 7.682881
128 29.161026 2.796580
113 29.789964 0.700120
7 27.107443 9.641856
78 27.641499 7.861669
128 29.194418 2.685273
85 27.870717 7.097609
184 27.463887 8.453708
198 29.552716 1.490946
169 27.035791 9.880695
187 27.071338 9.762207
223 27.587124 8.042921
261 27.495096 8.349680
477 27.772291 7.425696
314 28.488554 5.038153
332 27.585968 8.046774
392 27.273587 9.088043
390 28.819226 3.935915
531 27.358731 8.804230
205 29.570515 1.431616
63 27.620756 7.930814
353 29.293316 2.355613
139 28.880637 3.731211
10 29.218664 2.604454
131 28.775709 4.080970
21 27.547056 8.176481
163 28.724501 4.251665
147 29.320742 2.264194
226 28.630218 4.565941
38 27.627090 7.909700
38 28.787881 4.040396
170 27.418422 8.605259
81 28.090583 6.364725
98 27.425970 8.580099
74 28.960973 3.463422
76 27.472044 8.426521
26 27.044871 9.850430
327 29.055442 3.148525
84 28.211206 5.962646
7 27.883551 7.054831
160 27.529752 8.234161
188 27.634231 7.885896
216 29.150975 2.830085
271 27.066157 9.779478
176 27.788613 7.371290
28 29.562832 1.457228
125 27.807738 7.307542
410 28.410718 5.297608
314 27.954777 6.817411
102 29.343163 2.189457
128 29.327696 2.241014
46 27.948421 6.838596
207 27.156079 9.479735
27 29.025129 3.249571
168 27.275334 9.082219
252 28.347897 5.507009
313 27.727220 7.575932
18 28.218171 5.939430
357 27.413890 8.620366
307 28.804270 3.985765
168 27.833933 7.220223
366 28.261161 5.796132
218 27.786175 7.379416
362 28.962853 3.457158
274 27.966866 6.777115
76 27.872383 7.092057
446 27.811912 7.293627
114 28.360043 5.466524
45 27.761753 7.460824
161 28.898534 3.671553
155 28.003894 6.653686
139 27.268975 9.103415
80 27.012310 9.958968
118 29.852737 0.490877
44 27.857450 7.141832
187 28.686293 4.379022
171 27.024930 9.916899
156 27.740026 7.533246
116 29.094117 3.019611
70 29.364344 2.118854
116 27.028785 9.904049
94 27.035543 9.881524
18 29.224252 2.585826
26 27.516372 8.278760
31 28.573635 4.754549
202 27.273509 9.088302
11 29.147060 2.843133
423 28.028006 6.573315
183 28.496902 5.010325
55 28.600040 4.666534
61 27.009710 9.967634
217 28.078333 6.405556
207 29.197710 2.674301
88 28.111632 6.294562
19 28.679002 4.403328
24 28.787418 4.041939
24 28.463642 5.121195
72 27.797378 7.342074
205 29.918618 0.271273
128 28.005946 6.646847
207 28.219767 5.934111
169 29.811540 0.628202
288 27.627549 7.908170
182 27.771547 7.428176
92 27.111230 9.629233
133 28.817653 3.941156
475 27.476700 8.411000
198 27.551682 8.161062
259 27.457975 8.473417
495 27.482627 8.391245
348 28.113134 6.289552
434 27.873076 7.089745
525 27.472563 8.424789
624 27.499055 8.336483
95 29.189092 2.703028
81 27.193938 9.353541
115 28.522716 4.924282
55 27.903333 6.988891
304 28.104305 6.318983
335 27.841663 7.194456
95 27.078569 9.738103
52 28.024590 6.584701
98 27.104336 9.652214
141 27.181695 9.394350
198 28.607512 4.641627
16 28.715963 4.280123
242 29.919973 0.266756
77 28.325203 5.582656
162 27.626620 7.911266
88 27.422391 8.592030
104 28.140742 6.197525
215 28.481988 5.060040
20 28.730026 4.233247
7 27.421230 8.595899
128 28.991057 3.363144
1116 29.089821 3.033930
7 28.613302 4.622327
534 28.807098 3.976340
255 28.169395 6.102016
32 27.155618 9.481275
285 27.202899 9.323669
97 28.201934 5.993554
94 27.777256 7.409146
100 28.523481 4.921729
91 27.105158 9.649473
554 29.540309 1.532303
32 27.417860 8.607132
133 28.564638 4.784541
452 27.640376 7.865413
102 27.160315 9.465616
28 28.051213 6.495957
39 27.122993 9.590022
108 28.643911 4.520297
442 29.484398 1.718674
308 28.470390 5.098702
16 29.367793 2.107357
381 29.299951 2.333496
744 27.343945 8.853516
538 29.169240 2.769200
144 28.975921 3.413596
7 27.933790 6.887366
675 29.481011 1.729963
110 27.047283 9.842389
7 27.925589 6.914704
117 27.686099 7.713003
54 28.469150 5.102833
173 27.671214 7.762621
220 28.161817 6.127277
28 28.151550 6.161501
12 28.306408 5.645307
8 27.053700 9.821001
139 28.360298 5.465673
15 27.775961 7.413464
36 28.640253 4.532490
36 29.594377 1.352078
300 27.880997 7.063343
161 29.101925 2.993582
58 27.182961 9.390130
13 28.299797 5.667342
7 28.999096 3.336347
34 28.882506 3.724979
65 29.582893 1.390357
38 29.247821 2.507262
70 27.469374 8.435420
234 28.889354 3.702155
7 27.432166 8.559447
27 29.399141 2.002864
273 28.300569 5.664770
51 29.837842 0.540525
137 27.506897 8.310343
144 27.781551 7.394829
230 28.260997 5.796677
206 28.096949 6.343505
44 29.561157 1.462811
130 27.825964 7.246788
16 27.675888 7.747039
38 28.980478 3.398407
71 29.220562 2.598126
115 27.547888 8.173706
20 28.414048 5.286508
235 27.961582 6.794726
54 27.613836 7.953879
385 27.888509 7.038304
460 29.265120 2.449599
541 29.707720 0.974266
639 29.036593 3.211358
608 28.884817 3.717278
129 28.021074 6.596420
600 28.073646 6.421179
109 28.518440 4.938532
24 29.415053 1.949822
14 28.333145 5.556184
72 27.474968 8.416773
259 28.078282 6.405725
15 28.088503 6.371656
262 29.359648 2.134506
117 27.227145 9.242852
235 29.608025 1.306582
11 28.323551 5.588163
59 28.741969 4.193438
1014 28.454327 5.152244
85 28.445587 5.181376
14 29.070583 3.098058
255 28.097272 6.342427
98 27.654521 7.818262
10 29.283323 2.388925
33 27.590466 8.031780
152 29.105615 2.981285
171 27.792916 7.356947
88 28.057316 6.475613
103 28.123416 6.255282
277 27.643621 7.854598
206 29.141970 2.860101
70 28.062278 6.459072
27 28.221824 5.927254
192 28.546807 4.843977
39 27.673309 7.755636
343 28.025672 6.581092
450 27.768052 7.439828
204 29.149047 2.836509
112 29.248249 2.505836
7 29.520266 1.599115
520 27.284918 9.050273
129 29.607219 1.309269
40 28.777014 4.076619
378 27.960998 6.796675
174 28.679884 4.400386
232 28.997839 3.340538
521 29.000447 3.331842
127 28.231499 5.895005
78 29.431626 1.894581
675 27.095869 9.680437
15 28.838284 3.872387
277 27.960094 6.799686
234 27.232325 9.225583
76 28.363742 5.454195
493 29.657515 1.141616
64 27.920338 6.932208
84 28.602592 4.658025
77 29.743521 0.854930
185 28.875539 3.748204
234 27.979278 6.735741
65 29.330605 2.231316
157 27.519163 8.269456
246 28.183532 6.054895
100 28.568879 4.770403
66 28.244055 5.853150
131 29.885825 0.380583
72 28.183507 6.054977
19 28.117593 6.274691
110 29.995281 0.015730
7 27.284911 9.050296
12 28.378195 5.406018
205 27.273735 9.087550
347 29.307335 2.308884
7 29.375702 2.080994
119 29.474710 1.750966
51 28.256445 5.811850
37 27.830011 7.233296
7 28.257067 5.809778
152 29.610767 1.297442
53 27.611147 7.962842
7 28.800770 3.997433
150 29.458977 1.803409
46 28.988399 3.372003
57 27.963087 6.789709
78 28.316786 5.610714
637 29.771205 0.762650
53 27.825534 7.248218
85 28.792356 4.025479
355 29.107614 2.974620
67 29.008195 3.306017
227 28.549635 4.834549
17 29.232322 2.558927
407 28.163115 6.122951
175 29.501144 1.662854
334 28.752667 4.157777
218 27.861321 7.128929
187 28.246449 5.845171
39 28.974593 3.418024
55 29.707643 0.974522
54 27.181179 9.396071
160 28.064355 6.452152
219 27.748284 7.505720
74 29.886320 0.378935
18 28.828070 3.906433
417 28.283919 5.720270
148 28.171853 6.093825
198 28.970237 3.432542
183 27.807847 7.307177
95 27.569654 8.101154
93 29.575676 1.414412
227 28.240292 5.865694
91 27.609265 7.969116
477 29.115708 2.947640
127 29.729433 0.901891
33 27.046444 9.845185
7 27.020488 9.931706
203 28.990220 3.365932
79 27.248718 9.170942
122 27.444281 8.519064
13 29.293191 2.356029
380 28.977243 3.409190
159 29.169704 2.767655
40 27.046593 9.844689
424 28.955704 3.480986
11 28.714502 4.284995
454 28.162131 6.126229
141 27.971207 6.762644
82 27.133869 9.553771
108 27.016676 9.944414
115 27.171525 9.428250
244 27.388520 8.704934
22 28.356676 5.477746
91 28.600009 4.666638
230 29.182884 2.723718
165 28.399596 5.334681
181 28.149527 6.168244
155 27.852930 7.156900
119 28.583798 4.720673
289 27.307847 8.973842
48 27.570780 8.097399
58 28.944036 3.519880
75 27.959896 6.800346
254 27.129513 9.568290
36 28.541343 4.862188
55 29.266871 2.443763
127 28.178871 6.070429
268 29.954227 0.152577
102 27.984645 6.717851
112 27.814585 7.284717
571 27.873871 7.087098
96 29.131739 2.894204
29 27.215921 9.280262
35 29.940575 0.198084
155 27.705404 7.648654
11 28.465182 5.116061
36 27.739321 7.535596
352 29.805944 0.646855
153 29.931500 0.228335
124 29.924956 0.250145
209 27.515605 8.281317
32 27.697146 7.676180
81 29.292096 2.359682
174 28.563830 4.787232
193 27.240567 9.198109
338 28.979834 3.400553
198 27.802012 7.326627
152 27.422235 8.592550
75 28.306717 5.644275
39 27.980699 6.731002
24 27.841551 7.194831
222 28.653328 4.488907
159 29.537620 1.541266
214 28.734317 4.218944
17 27.303487 8.988375
119 28.791467 4.028444
87 27.639087 7.869710
40 28.379141 5.402865
67 27.960467 6.798445
489 27.617618 7.941272
339 27.386784 8.710722
107 27.802494 7.325021
7 27.984858 6.717139
18 29.236117 2.546275
279 28.068749 6.437505
28 27.694593 7.684691
359 27.983740 6.720866
406 29.321457 2.261811
377 28.475453 5.081824
7 28.236457 5.878478
460 27.234931 9.216898
25 29.195686 2.681048
71 28.941238 3.529206
119 27.310757 8.964145
333 29.263456 2.455147
411 27.902205 6.992649
57 28.933198 3.556007
32 28.498463 5.005122
7 29.548952 1.503494
75 28.952923 3.490257
643 28.896389 3.678705
969 28.528201 4.905998
91 27.568646 8.104512
162 27.105007 9.649976
96 27.685090 7.716367
162 27.180689 9.397703
69 29.153009 2.823305
15 28.185907 6.046976
24 27.181216 9.395946
252 28.542187 4.859376
219 27.909605 6.967984
271 27.007494 9.975021
7 29.271595 2.428018
121 28.539375 4.868749
51 28.270078 5.766407
7 29.649276 1.169078
91 29.530211 1.565963
22 28.273279 5.755736
28 28.632246 4.559180
71 27.144631 9.517896
224 29.661454 1.128487
420 29.644177 1.186078
134 27.157051 9.476498
33 28.674206 4.419314
368 28.184473 6.051757
72 28.045149 6.516170
25 27.504296 8.319013
31 27.321777 8.927411
21 27.365038 8.783208
159 27.155980 9.480068
275 27.386663 8.711122
20 29.760783 0.797389
18 27.571324 8.095586
160 29.630532 1.231561
9 27.073090 9.756368
147 27.734649 7.551170
138 29.172604 2.757985
34 27.348416 8.838615
331 28.458108 5.139638
307 27.197184 9.342722
320 28.096203 6.345991
524 27.710251 7.632496
192 27.135625 9.547917
141 27.580112 8.066292
68 29.964735 0.117550
52 28.655422 4.481925
17 28.061661 6.461129
32 29.295831 2.347231
101 27.782841 7.390531
120 27.313040 8.956535
72 28.848656 3.837814
147 29.386556 2.044814
40 27.882240 7.059202
7 28.230818 5.897273
212 28.109301 6.302331
1037 28.756566 4.144780
107 29.701974 0.993419
392 28.502202 4.992661
312 27.589189 8.036036
63 28.593092 4.689693
19 28.761444 4.128522
112 27.137543 9.541523
119 28.314922 5.616926
103 27.417668 8.607773
84 27.377096 8.743014
168 29.772629 0.757902
122 28.092702 6.357659
247 29.420143 1.932855
136 28.183123 6.056257
136 28.675648 4.414506
389 29.595972 1.346760
25 28.470361 5.098797
414 29.229094 2.569687
422 28.299911 5.666964
147 29.112755 2.957485
7 29.173109 2.756304
198 27.243971 9.186763
26 27.952481 6.825064
627 28.402578 5.324739
295 28.329497 5.568344
76 28.672295 4.425684
7 28.689755 4.367483
202 27.199186 9.336047
28 27.296416 9.011947
12 27.878871 7.070432
82 28.017420 6.608599
291 27.354550 8.818167
7 28.688830 4.370566
110 27.632895 7.890351
80 28.889722 3.700928
49 27.509591 8.301364
235 27.060966 9.796781
53 28.305010 5.649966
7 28.321888 5.593706
444 27.543281 8.189062
233 28.222817 5.923943
21 27.516542 8.278195
499 28.520521 4.931596
126 29.242335 2.525551
227 29.840768 0.530774
62 27.462079 8.459737
113 27.498711 8.337629
369 28.903081 3.656396
16 27.423511 8.588296
218 27.588794 8.037355
26 27.584097 8.053011
66 28.396001 5.346663
31 27.504421 8.318598
32 28.737821 4.207263
16 28.446009 5.179970
95 27.073750 9.754168
27 27.320381 8.932065
73 27.773437 7.421877
148 28.038939 6.536872
84 28.331243 5.562523
365 29.386702 2.044327
32 28.457334 5.142220
465 27.232136 9.226214
22 27.571872 8.093759
74 27.027515 9.908285
111 28.849996 3.833348
197 28.947135 3.509549
64 27.636112 7.879626
288 27.817258 7.275806
24 27.061875 9.793752
43 27.026513 9.911622
457 29.073433 3.088558
49 27.836294 7.212353
14 27.093329 9.688905
215 29.253684 2.487719
265 28.411864 5.293786
84 27.095913 9.680291
150 27.099086 9.669712
636 27.768308 7.438973
30 28.487019 5.043272
352 27.291823 9.027255
443 27.760719 7.464269
352 28.098234 6.339221
585 27.202565 9.324784
159 27.832506 7.224981
406 27.770870 7.430432
74 29.271810 2.427299
18 27.590612 8.031293
77 28.875173 3.749424
681 29.342675 2.191082
209 29.753912 0.820294
417 27.388326 8.705579
167 28.763438 4.121873
514 29.380480 2.065067
217 29.392585 2.024717
7 27.292501 9.024996
7 28.323163 5.589456
67 27.456409 8.478637
7 28.643393 4.522022
162 27.033894 9.887019
204 27.382485 8.725051
236 29.767027 0.776577
523 28.861023 3.796589
229 29.381249 2.062504
87 28.151779 6.160735
521 29.288676 2.371079
206 27.303952 8.986826
125 29.498777 1.670743
320 28.969201 3.435995
23 29.003984 3.320054
157 28.455351 5.148829
48 27.351292 8.829026
66 28.026498 6.578339
20 27.166114 9.446286
70 28.304314 5.652286
17 28.538555 4.871485
554 28.796860 4.010468
73 28.105723 6.314256
133 27.325021 8.916598
705 28.298958 5.670139
689 28.090809 6.363969
391 28.137703 6.207658
66 27.579893 8.067024
399 29.241313 2.528956
628 28.067397 6.442009
173 27.377211 8.742629
13 27.155602 9.481327
203 27.744246 7.519180
318 27.610581 7.964729
326 28.645128 4.516241
260 29.657020 1.143268
99 29.284233 2.385889
105 29.620034 1.266554
164 28.419090 5.269701
155 27.398660 8.671133
115 28.172800 6.090667
97 27.061459 9.795138
7 29.534726 1.550914
129 27.067849 9.773837
87 27.589151 8.036163
25 28.442008 5.193306
76 29.044028 3.186574
170 28.706573 4.311423
66 27.407840 8.640534
52 28.027578 6.574741
180 28.882578 3.724739
103 27.815680 7.281067
47 28.269294 5.769020
69 28.067233 6.442557
464 27.766504 7.444987
271 27.732465 7.558448
215 28.284834 5.717221
109 27.287607 9.041309
64 28.024605 6.584649
277 28.800636 3.997881
141 27.397616 8.674613
43 28.324144 5.586187
7 28.945907 3.513643
102 28.147468 6.175105
36 28.257327 5.808910
129 27.175462 9.415127
161 27.749167 7.502776
37 27.591106 8.029648
36 29.108538 2.971540
85 27.892950 7.023501
212 28.516933 4.943557
17 29.539048 1.536506
161 27.294875 9.017082
42 27.117298 9.609008
484 28.034855 6.550482
158 28.828024 3.906587
27 27.052132 9.826226
64 27.487060 8.376467
132 28.355808 5.480641
190 27.811768 7.294106
452 27.642729 7.857571
56 27.277056 9.076482
36 28.661447 4.461844
240 29.217149 2.609504
161 27.732907 7.556978
85 28.599800 4.667335
85 29.318984 2.270055
34 27.788397 7.372011
212 28.875332 3.748893
227 27.802872 7.323761
111 28.685845 4.380515
130 29.144530 2.851567
51 28.943027 3.523242
123 28.470807 5.097309
36 27.670765 7.764117
168 27.147653 9.507822
13 27.230270 9.232432
163 28.407550 5.308167
111 28.382430 5.391899
15 28.621128 4.596241
149 29.107405 2.975315
8 28.240187 5.866045
98 27.932112 6.892961
90 28.543663 4.854455
758 27.395594 8.681353
153 28.702630 4.324565
133 29.238077 2.539744
20 29.141295 2.862351
63 29.256887 2.477043
14 28.757999 4.140003
259 28.711574 4.294754
295 29.456316 1.812279
586 27.564710 8.117633
61 29.533566 1.554780
7 28.207875 5.973750
258 28.545010 4.849967
238 28.107481 6.308397
257 27.654917 7.816942
37 27.365063 8.783123
296 29.447378 1.842072
20 27.746997 7.510010
140 28.714507 4.284975
59 27.490068 8.366441
166 27.492066 8.359778
110 28.690763 4.364125
450 27.151147 9.496175
599 28.390492 5.365027
85 28.813334 3.955555
110 28.315890 5.613700
47 29.106450 2.978501
167 28.074378 6.418741
107 29.900045 0.333185
60 28.288069 5.706438
100 27.435669 8.547769
260 28.685633 4.381224
212 27.737641 7.541197
220 28.250572 5.831427
221 28.093640 6.354534
294 29.359672 2.134426
47 29.445951 1.846831
35 28.691660 4.361132
46 28.596261 4.679130
36 27.610544 7.964854
84 27.689914 7.700288
102 29.326745 2.244183
62 29.322388 2.258708
120 29.538402 1.538660
29 29.833621 0.554597
433 27.920801 6.930662
60 28.668095 4.439683
505 28.500031 4.999897
265 29.074175 3.086082
609 29.065273 3.115756
123 27.442669 8.524437
277 28.218525 5.938250
123 29.898095 0.339684
162 27.252751 9.157496
7 29.410483 1.965056
7 29.490262 1.699125
173 27.554067 8.153109
135 27.327384 8.908721
88 28.697757 4.340811
187 29.295297 2.349009
70 29.633626 1.221247
162 27.027391 9.908696
568 27.380780 8.730732
235 28.461331 5.128898
132 27.219673 9.267757
118 29.710211 0.965965
7 27.180044 9.399855
39 27.041312 9.862293
116 27.113714 9.620954
158 28.662732 4.457559
354 27.028527 9.904912
428 28.558181 4.806062
330 28.840798 3.864008
263 27.172708 9.424307
85 27.721742 7.594194
538 28.487588 5.041373
19 28.718614 4.271287
183 27.138153 9.539489
221 28.253073 5.823090
314 28.613202 4.622661
384 27.511964 8.293452
266 29.208360 2.638799
7 28.357103 5.476323
111 29.189073 2.703091
58 27.504126 8.319581
34 29.373594 2.088021
249 27.336308 8.878973
216 28.304407 5.651975
290 27.982271 6.725762
353 28.939178 3.536072
50 27.678972 7.736759
76 27.598993 8.003357
8 28.073555 6.421484
95 27.186374 9.378754
12 29.740869 0.863771
100 27.827379 7.242070
115 27.061403 9.795322
351 29.474082 1.753059
55 29.533782 1.554058
149 28.121613 6.261291
204 28.473732 5.087561
36 28.419249 5.269169
54 27.798232 7.339228
658 27.596209 8.012637
395 29.867483 0.441724
161 27.139006 9.536645
103 27.188414 9.371952
249 28.648759 4.504136
89 27.142021 9.526597
360 27.673033 7.756555
543 27.901452 6.995162
70 27.433972 8.553427
285 28.627655 4.574483
206 27.042353 9.858822
41 27.553512 8.154961
7 27.575055 8.083149
83 27.333941 8.886862
55 28.619987 4.600044
7 28.748240 4.172534
276 27.043239 9.855870
98 27.197757 9.340810
251 29.815191 0.616030
130 27.742672 7.524428
40 27.284255 9.052484
80 27.559756 8.134148
94 27.902258 6.992473
19 28.102881 6.323730
39 28.152463 6.158457
119 27.732123 7.559591
255 28.101550 6.328168
35 29.163657 2.787810
179 29.043075 3.189749
10 27.031277 9.895743
239 29.136712 2.877626
102 28.726090 4.246365
95 28.389111 5.369629
86 27.340024 8.866586
467 29.058175 3.139418
58 27.615880 7.947068
66 28.321797 5.594009
349 28.354676 5.484415
141 28.352746 5.490848
373 28.789922 4.033593
9 27.269670 9.101100
134 27.910466 6.965113
236 27.116997 9.610009
90 27.839557 7.201478
233 29.205270 2.649100
22 28.744529 4.184903
7 29.619961 1.266796
40 27.180494 9.398352
173 29.331435 2.228549
66 29.619630 1.267899
361 27.011381 9.962062
194 27.368528 8.771574
77 27.487068 8.376441
154 28.789878 4.033740
78 27.802985 7.323382
7 27.109879 9.633735
36 29.777067 0.743109
118 29.838236 0.539213
163 27.464986 8.450046
34 28.613440 4.621868
66 27.954448 6.818508
185 27.989978 6.700074
44 28.336748 5.544173
460 28.005087 6.649710
424 27.613089 7.956371
442 29.928381 0.238731
18 27.459845 8.467184
65 28.830551 3.898163
32 27.387787 8.707378
41 29.565253 1.449157
59 27.228938 9.236874
95 29.644288 1.185706
129 28.645366 4.515447
7 27.609003 7.969991
58 28.755876 4.147079
167 28.128862 6.237128
45 27.963679 6.787738
56 27.078125 9.739583
490 27.430523 8.564923
84 27.529061 8.236463
337 27.415376 8.615413
82 28.287988 5.706708
27 27.871536 7.094880
21 27.903978 6.986739
281 28.743536 4.188213
51 28.614415 4.618616
148 28.428810 5.237299
84 27.770152 7.432826
141 29.951104 0.162985
94 29.612338 1.292206
16 27.373729 8.754236
37 29.313873 2.287091
88 29.776739 0.744205
331 28.201786 5.994045
253 29.137438 2.875208
115 28.771966 4.093447
118 27.678660 7.737800
441 28.373626 5.421247
221 28.143343 6.188856
82 28.797885 4.007049
118 27.590424 8.031919
117 28.089623 6.367924
22 27.573534 8.088219
182 27.287049 9.043170
251 29.225530 2.581568
281 27.242716 9.190947
646 28.615526 4.614915
41 28.636003 4.546657
19 28.081675 6.394416
843 28.008291 6.639029
267 27.072319 9.758937
232 27.059675 9.801082
129 29.317415 2.275282
43 27.360391 8.798696
73 28.802500 3.991666
211 27.726954 7.576820
157 27.627329 7.908904
97 28.354165 5.486118
68 27.772002 7.426660
386 27.429938 8.566874
470 28.382474 5.391752
138 27.060354 9.798819
269 27.721996 7.593348
25 28.546372 4.845426
92 27.634337 7.885543
850 27.486746 8.377513
124 29.674313 1.085622
63 29.898837 0.337209
20 28.046935 6.510215
233 27.496407 8.345310
737 28.929182 3.569395
295 28.300652 5.664493
18 27.139875 9.533751
62 27.413517 8.621609
40 27.378292 8.739026
9 27.518069 8.273104
118 28.538838 4.870539
158 27.554411 8.151964
404 27.078750 9.737499
279 29.286647 2.377844
420 29.152869 2.823772
203 28.042351 6.525497
241 29.729023 0.903257
97 28.719122 4.269593
78 29.904015 0.319950
572 28.274706 5.750979
544 27.566920 8.110267
20 29.312372 2.292094
229 27.785646 7.381179
395 28.239112 5.869626
16 29.226342 2.578861
197 28.084993 6.383358
73 28.518161 4.939464
120 28.146807 6.177309
169 28.581509 4.728304
176 27.882945 7.056851
72 28.809002 3.969993
40 29.068377 3.105409
47 28.879236 3.735881
54 27.320898 8.930341
341 28.952043 3.493190
74 29.239945 2.533517
46 29.117344 2.942186
137 28.201183 5.996058
7 27.314277 8.952411
88 27.089492 9.701695
106 27.790225 7.365916
93 27.451493 8.495023
742 27.516363 8.278790
68 27.062770 9.790768
12 29.470603 1.764655
100 27.918621 6.937931
57 29.605149 1.316171
669 28.670741 4.430864
245 29.271271 2.429096
26 28.719719 4.267603
47 27.452026 8.493247
163 29.081593 3.061358
83 27.085623 9.714590
47 28.633790 4.554033
128 28.812606 3.957981
55 28.557670 4.807768
37 28.816795 3.944018
291 29.017029 3.276570
96 27.204395 9.318683
212 29.705155 0.982815
175 27.926997 6.910009
161 27.412919 8.623603
489 27.114092 9.619693
33 28.593184 4.689386
54 28.448107 5.172977
111 27.928654 6.904485
174 28.632882 4.557059
259 28.644533 4.518224
16 27.291941 9.026864
153 27.033822 9.887260
69 27.626142 7.912861
166 27.166692 9.444359
155 27.080581 9.731397
69 28.145378 6.182072
90 28.136906 6.210314
120 28.607605 4.641316
20 28.738729 4.204236
117 28.337240 5.542532
482 28.817612 3.941293
55 28.466094 5.113020
201 27.383360 8.722133
238 29.915576 0.281412
78 28.057336 6.475547
117 27.377947 8.740178
319 29.128411 2.905298
79 29.072150 3.092832
698 28.627123 4.576256
69 28.087893 6.373691
203 28.141851 6.193829
105 27.343647 8.854511
73 27.900795 6.997350
74 29.565711 1.447629
57 28.364218 5.452606
186 29.054891 3.150362
58 27.383726 8.720914
683 27.266330 9.112235
7 27.559774 8.134087
162 27.942115 6.859617
300 27.877380 7.075400
26 29.291605 2.361315
47 27.614736 7.950880
379 28.433492 5.221693
92 29.689728 1.034241
164 27.509825 8.300583
7 28.971178 3.429406
218 28.432137 5.226210
201 27.283396 9.055346
157 27.713111 7.622964
364 28.865071 3.783096
18 27.248458 9.171807
532 27.134246 9.552514
1072 27.239517 9.201611
9 27.700407 7.665310
353 28.580225 4.732584
183 27.727838 7.573872
118 27.842475 7.191751
183 27.609605 7.967982
59 27.465678 8.447741
130 28.738017 4.206609
693 29.068048 3.106508
200 27.172192 9.426026
281 27.409513 8.634956
224 29.361055 2.129817
130 27.670130 7.766235
55 27.001365 9.995449
132 27.575812 8.080626
608 27.312214 8.959286
7 27.800597 7.331342
301 28.806640 3.977867
19 28.015403 6.615323
9 27.923771 6.920764
67 28.537675 4.874418
7 27.701419 7.661938
133 27.370239 8.765870
29 27.420770 8.597432
196 28.433449 5.221838
616 29.018101 3.272997
175 29.703249 0.989169
594 27.182850 9.390500
150 27.879633 7.067889
39 29.221881 2.593730
73 28.222180 5.926066
14 29.169970 2.766767
384 27.971009 6.763302
169 28.684123 4.386257
79 27.555890 8.147034
43 28.472810 5.090635
175 28.950901 3.496997
28 28.594561 4.684798
441 27.585254 8.049154
219 28.394328 5.352240
368 28.722347 4.258844
226 28.283691 5.721029
183 28.847679 3.841070
146 27.384665 8.717783
176 27.756228 7.479238
178 29.868639 0.437871
304 28.421453 5.261824
248 27.649647 7.834510
83 27.325803 8.913988
157 28.497152 5.009494
12 28.875523 3.748255
55 27.513595 8.288016
197 29.622133 1.259555
67 27.975929 6.746903
144 28.121254 6.262486
232 28.604861 4.650464
582 27.556264 8.145787
113 29.049942 3.166860
51 27.732138 7.559540
47 27.392222 8.692592
104 27.044345 9.852184
213 27.597035 8.009884
334 27.783481 7.388396
50 27.164476 9.451746
13 28.450964 5.163453
364 27.123673 9.587756
263 27.457067 8.476444
51 27.040006 9.866647
685 28.873165 3.756116
37 27.393644 8.687855
160 29.237879 2.540402
7 27.765221 7.449264
263 28.329044 5.569854
95 28.154927 6.150243
253 27.941094 6.863019
620 28.995396 3.348681
339 27.234709 9.217635
16 27.660384 7.798719
42 28.180183 6.066057
384 28.145339 6.182202
210 27.601232 7.995892
18 28.084002 6.386660
608 27.792587 7.358043
51 29.022212 3.259292
25 28.478382 5.072061
17 29.037167 3.209442
76 27.540904 8.196986
44 29.682043 1.059857
151 27.777057 7.409811
171 29.455370 1.815434
69 27.110984 9.630052
312 27.660235 7.799216
44 28.679144 4.402853
41 28.459268 5.135775
47 28.117419 6.275269
145 28.116885 6.277049
113 27.266040 9.113199
241 28.439895 5.200351
53 28.072510 6.424967
270 27.188778 9.370740
28 27.040899 9.863670
340 27.059660 9.801133
94 27.252578 9.158073
22 28.559943 4.800189
174 27.511696 8.294348
25 27.291913 9.026958
25 27.628620 7.904601
611 28.198180 6.006065
162 29.360418 2.131939
240 27.866199 7.112669
303 27.670381 7.765397
137 28.705960 4.313467
98 28.545005 4.849984
135 27.036096 9.879681
279 29.157256 2.809145
98 27.552907 8.156975
20 27.243824 9.187255
35 28.169301 6.102330
67 28.414669 5.284437
556 27.425945 8.580183
7 27.091570 9.694765
1411 27.077304 9.742319
133 27.386783 8.710724
21 27.650424 7.831921
11 29.140651 2.864497
165 27.298411 9.005297
174 27.528106 8.239648
239 29.571794 1.427354
251 27.594053 8.019822
65 27.220047 9.266509
98 27.431581 8.561395
176 28.284263 5.719123
327 29.822509 0.591635
463 27.565509 8.114971
60 29.440399 1.865335
9 27.562026 8.126578
37 27.858213 7.139289
150 29.121665 2.927784
364 27.584204 8.052654
97 29.422034 1.926554
22 28.190376 6.032079
236 27.122150 9.592834
30 27.845648 7.181174
244 29.149458 2.835141
324 27.312402 8.958661
406 27.770807 7.430642
59 28.902591 3.658028
87 27.452028 8.493241
206 28.118558 6.271474
71 29.403263 1.989124
53 28.112802 6.290661
21 27.841622 7.194592
135 28.925655 3.581151
198 27.126457 9.578477
83 29.887468 0.375108
247 28.730977 4.230076
346 28.064399 6.452004
131 27.555299 8.149004
124 28.287234 5.709219
80 27.412233 8.625890
198 27.901350 6.995501
371 29.572826 1.423913
19 27.857257 7.142477
229 28.525279 4.915736
160 27.370443 8.765189
181 27.810287 7.299045
65 28.061847 6.460511
156 27.948124 6.839588
30 29.536396 1.545346
380 27.273504 9.088321
456 27.933957 6.886809
18 27.254989 9.150037
259 28.711380 4.295400
413 29.909235 0.302550
305 29.817790 0.607365
59 27.054872 9.817095
35 28.247696 5.841014
7 28.873871 3.753765
185 28.971314 3.428953
195 29.294640 2.351199
121 29.206238 2.645874
463 27.299313 9.002291
247 27.130291 9.565698
136 27.780864 7.397121
108 28.613569 4.621438
147 27.518293 8.272357
180 28.045539 6.514871
292 27.694175 7.686082
178 28.260228 5.799240
531 29.698380 1.005401
224 28.184651 6.051164
26 28.546948 4.843507
29 27.526697 8.244345
320 27.088408 9.705305
437 29.736582 0.878060
99 28.606152 4.646160
271 27.348041 8.839862
181 28.176112 6.079626
114 28.215331 5.948898
348 27.744674 7.517754
17 28.660720 4.464265
545 29.285682 2.381061
143 28.747540 4.174867
169 28.200715 5.997616
268 28.492913 5.023624
150 27.059733 9.800889
283 28.846441 3.845196
7 27.848129 7.172903
21 27.534976 8.216745
102 29.025278 3.249074
281 28.625471 4.581765
67 29.954317 0.152276
37 27.804909 7.316971
142 28.166212 6.112626
12 28.076154 6.412820
52 29.220026 2.599913
28 28.910095 3.633018
123 28.043376 6.522081
131 29.063961 3.120130
7 28.659014 4.469953
288 29.478907 1.736977
432 29.177468 2.741773
23 28.248428 5.838574
17 27.115775 9.614082
707 27.875480 7.081734
234 28.349156 5.502813
225 27.723229 7.589237
186 29.057518 3.141606
299 28.683401 4.388663
156 29.275730 2.414233
24 28.553963 4.820125
14 29.483875 1.720417
83 28.882837 3.723876
242 28.686429 4.378570
82 27.293856 9.020479
17 27.172242 9.425860
148 27.192372 9.358760
23 28.416614 5.277953
142 27.927840 6.907199
90 28.412298 5.292340
7 27.976146 6.746180
349 29.379951 2.066829
418 28.567799 4.774004
16 29.344045 2.186516
78 28.900304 3.665654
7 28.263250 5.789165
55 27.524228 8.252574
417 27.039506 9.868314
76 28.016197 6.612678
8 27.054475 9.818417
136 27.465203 8.449322
404 28.403114 5.322953
73 28.089627 6.367910
72 28.052502 6.491659
31 27.667250 7.775832
93 27.745272 7.515760
654 28.099462 6.335127
74 27.013093 9.956356
285 27.481204 8.395988
11 28.833267 3.889111
245 29.395261 2.015796
46 27.801030 7.329899
13 28.168807 6.103978
267 28.167239 6.109204
12 27.918033 6.939891
9 28.737126 4.209581
1055 28.478760 5.070799
11 28.525766 4.914112
40 27.602606 7.991312
274 27.689128 7.702907
240 27.047261 9.842464
152 27.153996 9.486681
170 28.008745 6.637516
236 27.374943 8.750189
29 27.874553 7.084825
621 28.422149 5.259503
374 29.199044 2.669852
341 27.041276 9.862415
132 27.068378 9.772073
89 27.816084 7.279719
114 27.376165 8.746118
29 28.932926 3.556915
341 28.910826 3.630580
169 28.605987 4.646711
46 27.065649 9.781169
53 27.877058 7.076473
34 27.176392 9.412026
7 29.007760 3.307467
417 28.427748 5.240841
23 29.083677 3.054411
181 28.005568 6.648107
269 27.416775 8.610750
56 29.679245 1.069184
121 29.273725 2.420917
81 27.903636 6.987879
103 29.247910 2.506968
128 27.320043 8.933190
7 29.315971 2.280097
109 29.308998 2.303339
235 27.528847 8.237176
221 27.276674 9.077753
123 27.514424 8.285252
457 27.409011 8.636630
281 27.945429 6.848570
268 28.403847 5.320511
302 27.719979 7.600070
93 28.550325 4.832251
334 27.162650 9.457833
237 29.656546 1.144846
11 29.458536 1.804881
384 27.524276 8.252414
212 27.684267 7.719109
494 27.744653 7.517825
99 27.159549 9.468170
178 27.750001 7.499998
430 29.238296 2.539012
17 28.134144 6.219521
45 28.226279 5.912404
211 28.183934 6.053552
352 27.972638 6.757872
13 29.446170 1.846099
41 27.715185 7.616050
7 29.639635 1.201216
60 27.338599 8.871336
11 27.025420 9.915266
171 27.642933 7.856889
44 28.355382 5.482062
174 28.130845 6.230517
325 27.725458 7.581806
14 27.317438 8.941873
400 27.935089 6.883035
512 28.193927 6.020242
79 29.024752 3.250827
453 29.755199 0.816004
30 27.809332 7.302226
21 28.835680 3.881067
288 28.712429 4.291902
124 29.681290 1.062366
120 27.387017 8.709944
177 27.991944 6.693521
8 28.962924 3.456919
40 27.796463 7.345124
32 28.008715 6.637617
56 29.409558 1.968141
128 27.192830 9.357234
179 28.844960 3.850132
131 28.623382 4.588726
287 28.091573 6.361423
29 27.586746 8.044181
42 27.800951 7.330164
46 28.393331 5.355564
7 29.498940 1.670201
210 27.298564 9.004788
366 27.056569 9.811437
25 28.266971 5.776763
128 27.654228 7.819240
492 29.714209 0.952636
203 29.948501 0.171665
184 27.060390 9.798699
56 27.331756 8.894148
23 29.424589 1.918037
132 28.335329 5.548903
8 27.112860 9.623800
73 28.399787 5.334042
233 27.656052 7.813159
92 28.530328 4.898908
122 27.654106 7.819646
125 28.791846 4.027180
7 27.696473 7.678422
63 27.087063 9.709791
145 27.441147 8.529508
127 29.277796 2.407347
70 27.500998 8.330007
73 27.133620 9.554599
304 28.333670 5.554434
435 27.115950 9.613498
278 28.312007 5.626642
423 28.972681 3.424397
503 27.361964 8.793455
646 28.542957 4.856810
954 28.268250 5.772499
833 28.657297 4.475678
114 27.287989 9.040037
165 28.347067 5.509777
201 28.140790 6.197365
97 29.091313 3.028955
7 27.519546 8.268178
7 27.615732 7.947559
59 28.297236 5.675879
227 28.560398 4.798672
262 29.858788 0.470707
17 27.925121 6.916262
92 28.070828 6.430573
165 27.583545 8.054849
114 27.049079 9.836404
161 27.089936 9.700213
95 28.360466 5.465112
89 27.497464 8.341786
91 28.684718 4.384275
152 27.629946 7.900182
12 27.749135 7.502883
112 27.144252 9.519159
23 28.729827 4.233911
20 27.256037 9.146542
16 28.782916 4.056947
18 27.917180 6.942734
73 27.685227 7.715911
105 27.681564 7.728119
9 29.393518 2.021608
28 27.465377 8.448745
32 28.541535 4.861548
30 28.265918 5.780275
49 28.286799 5.710668
97 27.838384 7.205386
247 27.051344 9.828852
215 27.887949 7.040171
319 28.651662 4.494460
183 28.646717 4.510943
131 28.553472 4.821760
180 27.588840 8.037199
148 27.796115 7.346285
282 28.602117 4.659611
224 27.040553 9.864824
183 27.139270 9.535767
294 28.419411 5.268630
372 27.619222 7.935927
314 27.137071 9.543097
334 27.848103 7.172991
430 27.732380 7.558735
408 28.551966 4.826780
438 27.637317 7.875611
427 28.365191 5.449364
473 27.844930 7.183568
519 29.321107 2.262978
617 28.744349 4.185505
29 27.842087 7.193043
101 28.709331 4.302231
93 27.285119 9.049605
177 28.750528 4.164907
47 28.961803 3.460655
270 27.027568 9.908108
159 29.859063 0.469791
161 28.764281 4.119063
212 27.202031 9.326563
7 28.696385 4.345382
18 28.128546 6.238180
180 27.503834 8.320553
276 27.471922 8.426926
158 27.044545 9.851518
7 29.180155 2.732816
152 28.328942 5.570192
166 27.985311 6.715631
133 27.795732 7.347560
164 28.800336 3.998881
119 28.656510 4.478299
116 28.347093 5.509692
75 27.432803 8.557322
51 27.312982 8.956728
174 28.912390 3.625367
7 27.228170 9.239432
18 29.444220 1.852600
262 27.016261 9.945796
186 27.635309 7.882304
183 28.525722 4.914261
108 27.306362 8.978795
195 29.060663 3.131125
202 28.514707 4.950977
155 29.491492 1.695026
286 29.281497 2.395011
209 27.043779 9.854070
110 28.242945 5.856850
136 27.741420 7.528601
390 28.897771 3.674098
360 27.114803 9.617323
12 28.032374 6.558754
164 29.161995 2.793349
55 29.574728 1.417575
135 27.698440 7.671868
279 29.381269 2.062437
152 28.893859 3.687136
290 28.569360 4.768800
15 28.029840 6.567201
553 27.149938 9.500205
99 27.161033 9.463223
323 29.775047 0.749845
206 29.452971 1.823429
73 27.896486 7.011712
18 28.132408 6.225308
158 28.154803 6.150657
425 27.985321 6.715595
61 28.989871 3.367095
109 27.964445 6.785185
58 28.441553 5.194822
93 29.669422 1.101926
138 29.608367 1.305445
22 27.112743 9.624190
164 28.370717 5.430942
185 29.431006 1.896647
91 27.453409 8.488637
75 29.070292 3.099025
162 29.028599 3.238002
69 29.265825 2.447251
57 27.755045 7.483183
10 28.123776 6.254080
30 28.825438 3.915207
128 28.253304 5.822319
55 27.270386 9.098713
56 27.802269 7.325771
278 28.329595 5.568017
64 28.704129 4.319570
155 28.166967 6.110109
262 29.378661 2.071131
251 28.704692 4.317694
114 28.167149 6.109505
359 28.629761 4.567464
66 28.886918 3.710272
260 29.387376 2.042079
136 27.014906 9.950313
451 29.158701 2.804331
95 27.648771 7.837429
110 27.397112 8.676292
55 27.469977 8.433409
23 29.326300 2.245665
424 28.319444 5.601853
403 27.006618 9.977938
350 27.868712 7.104293
78 27.883590 7.054699
454 27.167823 9.440591
545 28.294297 5.685675
26 27.111671 9.627763
661 27.760723 7.464257
30 27.581234 8.062552
35 27.488825 8.370583
212 27.345116 8.849614
204 27.261059 9.129804
85 29.455103 1.816322
216 28.910789 3.630703
45 27.424138 8.586207
7 27.722199 7.592669
76 27.371140 8.762866
62 28.404357 5.318809
150 29.064881 3.117062
52 27.460104 8.466321
17 28.654478 4.485073
94 28.887737 3.707544
68 28.727427 4.241911
481 27.316469 8.945103
281 28.697428 4.341908
495 28.530070 4.899766
19 28.604125 4.652917
204 28.727009 4.243305
157 29.689457 1.035142
102 27.789745 7.367518
184 29.250627 2.497910
7 28.760568 4.131439
73 28.563371 4.788763
168 29.660500 1.131667
56 28.231016 5.896613
135 28.608803 4.637322
7 27.231627 9.227911
62 27.850568 7.164773
47 28.163674 6.121088
222 29.831046 0.563180
345 27.040677 9.864411
62 27.381227 8.729243
98 29.316622 2.277925
397 27.307996 8.973345
378 28.437293 5.209024
694 27.677012 7.743293
28 27.069558 9.768141
498 28.195009 6.016636
360 29.783326 0.722247
44 27.077269 9.742435
452 29.444319 1.852270
133 28.685705 4.380982
822 27.411514 8.628288
807 29.780293 0.732356
1007 28.829775 3.900749
310 28.943715 3.520950
147 29.264669 2.451104
238 28.660678 4.464408
184 27.459464 8.468454
242 27.655961 7.813464
582 28.364022 5.453262
107 27.615641 7.947863
14 29.113582 2.954725
162 27.632600 7.891332
308 27.555700 8.147666
70 29.036092 3.213026
57 28.912378 3.625407
80 29.542000 1.526666
522 28.981748 3.394173
37 27.940675 6.864416
108 27.897923 7.006923
272 27.640431 7.865231
98 27.460413 8.465290
38 29.426212 1.912625
127 29.659831 1.133896
31 28.550072 4.833094
137 28.684458 4.385141
408 27.664516 7.784947
282 29.427976 1.906748
501 27.382417 8.725277
272 28.232848 5.890508
36 29.421320 1.928932
83 27.544241 8.185863
20 27.791161 7.362798
210 28.318011 5.606628
145 28.427345 5.242183
48 28.847020 3.843265
209 29.419252 1.935828
312 28.364658 5.451139
131 29.187359 2.708803
145 27.425233 8.582558
39 28.193720 6.020932
354 29.106711 2.977630
292 27.207857 9.307144
525 29.005797 3.314011
71 27.784655 7.384484
408 27.020117 9.932945
61 28.832173 3.892755
1275 29.629211 1.235964
462 28.810852 3.963826
653 29.294278 2.352408
68 27.142363 9.525458
121 29.283505 2.388317
232 27.472676 8.424413
166 29.771143 0.762856
24 28.768353 4.105491
124 27.823182 7.256061
7 28.219184 5.936055
100 27.541722 8.194261
112 28.005972 6.646762
40 29.008508 3.304974
222 28.622467 4.591776
84 29.251003 2.496656
609 27.672049 7.759835
111 27.535672 8.214426
312 28.378438 5.405205
390 27.557103 8.142989
210 28.310347 5.632176
88 27.823737 7.254211
370 28.247441 5.841864
48 28.801171 3.996098
115 27.981374 6.728754
148 29.079894 3.067019
14 29.655614 1.147952
77 28.587367 4.708776
197 27.559632 8.134559
174 29.329971 2.233431
56 27.401661 8.661131
45 28.351115 5.496284
203 27.543384 8.188721
109 27.228547 9.238175
29 27.231989 9.226702
314 29.674733 1.084225
222 28.819951 3.933497
32 29.856987 0.476710
233 29.138001 2.873331
531 28.000130 6.666234
382 27.895334 7.015555
139 27.104216 9.652613
48 27.487884 8.373719
156 27.207923 9.306922
112 28.805637 3.981210
12 28.579773 4.734091
70 27.499377 8.335409
112 27.265249 9.115836
105 28.571426 4.761914
7 28.148543 6.171522
713 28.880186 3.732713
78 28.692215 4.359284
90 28.042942 6.523528
149 27.148340 9.505532
40 29.314844 2.283853
56 27.234598 9.218008
176 28.886133 3.712891
103 28.886005 3.713317
7 27.041094 9.863019
171 27.698612 7.671295
9 29.476061 1.746464
29 27.633901 7.886996
444 27.850224 7.165919
105 27.012581 9.958063
68 28.668975 4.436751
77 27.078685 9.737717
7 27.837575 7.208084
104 27.987360 6.708801
19 28.794850 4.017165
141 28.271791 5.760697
12 27.616201 7.945998
19 27.424837 8.583876
68 28.675440 4.415200
430 27.013818 9.953941
29 28.282194 5.726019
37 27.699422 7.668592
23 27.512849 8.290503
449 27.091752 9.694161
19 28.485950 5.046832
90 29.570566 1.431445
82 27.446514 8.511619
89 27.165434 9.448553
197 27.523545 8.254851
58 27.101563 9.661456
163 27.940667 6.864442
84 27.456503 8.478323
345 28.330939 5.563536
221 28.880231 3.732565
99 27.275895 9.080352
161 27.865231 7.115896
44 28.021423 6.595258
109 28.285849 5.713835
138 28.566138 4.779539
47 28.150922 6.163595
113 27.013246 9.955847
13 29.211718 2.627607
656 28.610429 4.631904
158 27.771588 7.428039
112 27.013618 9.954605
60 29.816556 0.611479
720 28.096937 6.343544
185 28.975791 3.414031
85 28.433272 5.222428
550 29.203273 2.655757
268 27.513957 8.286811
97 28.528437 4.905209
225 27.256420 9.145268
26 28.822189 3.926037
158 27.465424 8.448587
38 27.890565 7.031451
281 29.066056 3.113148
176 27.796985 7.343383
303 28.074907 6.416975
74 28.630977 4.563411
12 27.852400 7.158668
36 28.116788 6.277373
37 28.972272 3.425759
37 28.848007 3.839977
68 29.587406 1.375313
22 28.416025 5.279916
167 29.129177 2.902743
106 28.727781 4.240730
299 27.712781 7.624063
46 27.998580 6.671398
62 27.075622 9.747925
238 27.791944 7.360186
1156 27.923748 6.920839
144 27.210669 9.297769
227 29.586266 1.379113
165 27.271994 9.093354
162 27.329275 8.902417
343 28.940928 3.530240
170 27.557917 8.140278
290 27.092078 9.693074
117 27.359625 8.801251
535 29.317120 2.276267
216 27.055619 9.814602
225 27.019404 9.935321
7 29.110474 2.965087
145 28.790017 4.033276
60 29.542299 1.525669
175 27.265684 9.114387
72 27.561463 8.128456
141 29.674910 1.083632
364 27.728383 7.572056
45 28.283538 5.721539
631 27.354215 8.819284
22 27.975726 6.747579
112 29.414729 1.950905
260 29.687848 1.040507
249 27.876842 7.077194
254 28.601854 4.660488
7 29.046753 3.177490
140 29.059238 3.135873
270 28.481267 5.062443
183 28.399808 5.333972
7 28.565811 4.780629
446 28.045908 6.513639
151 27.102067 9.659777
219 28.626528 4.578239
32 27.439102 8.536325
93 27.849220 7.169268
21 28.864905 3.783650
150 27.407663 8.641124
298 29.229320 2.568933
296 29.113404 2.955320
61 27.037837 9.873876
71 28.713114 4.289621
203 28.413110 5.289635
256 27.248867 9.170445
390 27.712545 7.624851
143 27.534171 8.219429
176 27.136313 9.545622
20 27.019708 9.934305
201 28.432357 5.225476
90 28.599777 4.667410
278 27.325369 8.915437
297 27.082028 9.726572
115 27.276431 9.078563
25 29.318753 2.270823
626 28.004943 6.650190
229 29.665330 1.115568
215 28.988926 3.370247
7 27.271546 9.094846
354 27.721295 7.595684
149 28.512549 4.958170
254 29.042371 3.192097
71 27.940935 6.863549
282 27.676090 7.746366
510 27.190505 9.364983
27 28.812751 3.957496
27 29.173788 2.754040
66 29.104990 2.983365
294 29.906857 0.310478
7 28.807459 3.975136
192 29.123259 2.922471
240 27.791814 7.360620
35 27.006886 9.977046
301 27.811029 7.296571
56 29.854803 0.483991
472 27.176450 9.411833
154 28.791821 4.027262
219 29.164795 2.784015
18 28.979413 3.401957
176 27.260373 9.132091
220 27.337701 8.874330
169 27.751040 7.496532
29 28.157776 6.140746
74 29.640609 1.197971
50 27.599262 8.002459
13 29.537623 1.541257
16 28.190586 6.031380
290 27.469884 8.433721
80 27.470669 8.431104
32 28.518039 4.939871
270 27.431565 8.561450
206 28.098843 6.337190
169 28.521129 4.929569
92 27.109983 9.633391
387 29.375300 2.082335
420 28.416190 5.279366
19 29.385068 2.049772
365 27.100247 9.665842
43 28.610346 4.632179
24 29.160452 2.798493
345 28.048547 6.504842
23 28.137102 6.209660
90 27.137447 9.541843
295 29.379651 2.067829
84 27.026433 9.911889
86 29.053899 3.153670
1082 27.699325 7.668918
55 27.747214 7.509286
135 29.799042 0.669858
158 28.441777 5.194078
169 27.505356 8.315482
221 28.378395 5.405349
212 27.188284 9.372386
704 27.762468 7.458442
550 27.647486 7.841712
32 28.002856 6.657147
80 27.155192 9.482692
7 27.265848 9.113839
153 27.503254 8.322486
30 27.859334 7.135555
181 28.670489 4.431702
104 29.201807 2.660644
410 27.890142 7.032861
66 27.230433 9.231890
70 27.443921 8.520264
32 28.166076 6.113080
43 27.326257 8.912477
191 27.845770 7.180766
69 27.828249 7.239171
208 28.477213 5.075957
155 28.139440 6.201868
326 27.122907 9.590311
124 29.745707 0.847643
177 27.964992 6.783360
233 29.741441 0.861863
268 28.743011 4.189965
