13 -5.010408 0.208165
13 -5.297554 5.951081
13 -5.381476 7.629527
16 -5.051480 1.029603
17 -5.484860 9.697202
19 -5.492054 9.841074
19 -5.076987 1.539736
19 -5.310012 6.200241
20 -5.445631 8.912622
21 -5.297132 5.942640
23 -5.206088 4.121754
23 -5.319214 6.384289
23 -5.196146 3.922928
23 -5.015112 0.302235
23 -5.269259 5.385181
23 -5.488795 9.775897
23 -5.197070 3.941391
23 -5.487136 9.742715
23 -5.436801 8.736013
23 -5.094819 1.896371
23 -5.436423 8.728451
24 -5.320639 6.412790
24 -5.092499 1.849989
24 -5.392888 7.857769
25 -5.212348 4.246967
25 -5.201301 4.026020
25 -5.460852 9.217031
25 -5.301799 6.035983
27 -5.005621 0.112427
27 -5.080919 1.618373
27 -5.127771 2.555417
27 -5.377166 7.543325
27 -5.262440 5.248792
27 -5.094521 1.890414
27 -5.036990 0.739805
27 -5.466448 9.328952
20 -5.299072 5.981441
20 -5.387652 7.753033
28 -5.132465 2.649301
28 -5.049615 0.992290
28 -5.136293 2.725867
28 -5.152172 3.043447
28 -5.074088 1.481755
29 -5.052017 1.040338
29 -5.118088 2.361760
29 -5.227777 4.555548
29 -5.069056 1.381111
31 -5.121758 2.435161
19 -5.408506 8.170124
32 -5.154095 3.081901
32 -5.104361 2.087222
11 -5.277313 5.546253
20 -5.341763 6.835267
17 -5.281775 5.635508
28 -5.272545 5.450906
19 -5.043973 0.879451
19 -5.467276 9.345523
21 -5.091615 1.832300
20 -5.246156 4.923129
20 -5.123360 2.467192
20 -5.362680 7.253602
12 -5.114935 2.298693
20 -5.241328 4.826562
27 -5.076628 1.532551
25 -5.338319 6.766373
29 -5.005579 0.111584
17 -5.403967 8.079343
23 -5.162921 3.258430
19 -5.179911 3.598215
21 -5.348472 6.969439
23 -5.261789 5.235785
20 -5.343006 6.860124
23 -5.341783 6.835662
23 -5.385841 7.716812
24 -5.359917 7.198348
19 -5.435102 8.702035
21 -5.267740 5.354790
23 -5.445317 8.906337
21 -5.459199 9.183978
24 -5.165921 3.318422
23 -5.189954 3.799090
21 -5.280145 5.602907
21 -5.469736 9.394723
24 -5.302920 6.058402
28 -5.081204 1.624085
23 -5.498670 9.973396
16 -5.339813 6.796261
33 -5.452137 9.042745
27 -5.298615 5.972307
21 -5.336481 6.729617
27 -5.229379 4.587584
15 -5.472744 9.454884
27 -5.276262 5.525234
27 -5.129190 2.583808
28 -5.132197 2.643942
27 -5.068522 1.370434
21 -5.364849 7.296975
20 -5.308654 6.173075
27 -5.192355 3.847100
16 -5.180009 3.600188
16 -5.245572 4.911432
19 -5.493756 9.875118
23 -5.442426 8.848529
25 -5.320572 6.411434
20 -5.124763 2.495266
20 -5.007018 0.140370
20 -5.386518 7.730367
36 -5.210363 4.207254
27 -5.049050 0.980993
24 -5.309742 6.194835
28 -5.282646 5.652916
20 -5.009164 0.183288
21 -5.328271 6.565416
24 -5.236435 4.728699
11 -5.248799 4.975980
19 -5.388750 7.774991
36 -5.060230 1.204606
20 -5.439774 8.795476
27 -5.023519 0.470384
23 -5.447607 8.952147
23 -5.387070 7.741408
29 -5.038249 0.764985
25 -5.047144 0.942878
25 -5.129124 2.582480
28 -5.032347 0.646944
21 -5.464776 9.295514
27 -5.265252 5.305042
19 -5.435408 8.708162
24 -5.079910 1.598195
21 -5.138945 2.778905
20 -5.315754 6.315088
19 -5.087535 1.750694
27 -5.141338 2.826761
20 -5.351987 7.039734
23 -5.449346 8.986929
24 -5.201225 4.024500
25 -5.201618 4.032369
25 -5.172668 3.453360
13 -5.278857 5.577143
23 -5.388867 7.777337
27 -5.162697 3.253949
23 -5.295670 5.913395
21 -5.322656 6.453121
28 -5.217316 4.346317
19 -5.207741 4.154820
27 -5.253305 5.066097
16 -5.102175 2.043498
23 -5.013038 0.260761
13 -5.274973 5.499465
23 -5.179871 3.597421
36 -5.009891 0.197820
12 -5.233744 4.674879
19 -5.308566 6.171314
25 -5.379095 7.581899
35 -5.457997 9.159935
25 -5.080199 1.603979
23 -5.431942 8.638836
27 -5.077212 1.544237
27 -5.353502 7.070032
27 -5.109697 2.193934
25 -5.372418 7.448368
19 -5.491204 9.824085
25 -5.425570 8.511401
31 -5.024660 0.493207
19 -5.166152 3.323042
20 -5.031971 0.639416
31 -5.156014 3.120280
15 -5.076004 1.520089
27 -5.020694 0.413879
23 -5.155102 3.102050
20 -5.418010 8.360198
27 -5.124039 2.480786
23 -5.294852 5.897033
24 -5.449973 8.999467
20 -5.474288 9.485760
21 -5.257465 5.149295
24 -5.014337 0.286745
20 -5.417197 8.343930
23 -5.230103 4.602055
20 -5.186792 3.735849
19 -5.232463 4.649251
33 -5.013713 0.274259
25 -5.122695 2.453903
17 -5.300559 6.011186
23 -5.003057 0.061149
20 -5.148889 2.977780
20 -5.470918 9.418368
21 -5.339934 6.798688
23 -5.482838 9.656760
20 -5.157882 3.157645
24 -5.368043 7.360862
31 -5.240560 4.811195
31 -5.057323 1.146455
27 -5.275219 5.504379
37 -5.365093 7.301852
29 -5.012799 0.255985
27 -5.101808 2.036160
25 -5.113821 2.276426
25 -5.019723 0.394452
33 -5.379053 7.581064
