20 -0.015771 0.971726
20 -0.016866 7.981463
20 -0.017098 9.466460
21 -0.016449 5.308870
21 -0.016390 4.934679
22 -0.016466 5.422050
22 -0.016033 2.644165
22 -0.015768 0.948547
22 -0.015884 1.696349
22 -0.015687 0.429920
22 -0.016216 3.818640
22 -0.015952 2.127017
22 -0.015685 0.421215
22 -0.016203 3.735532
22 -0.015770 0.962610
22 -0.016937 8.437470
22 -0.016612 6.352482
23 -0.016221 3.848477
23 -0.015696 0.489726
23 -0.016260 4.102982
23 -0.016239 3.969024
23 -0.016681 6.795293
23 -0.016164 3.486267
23 -0.015760 0.897357
23 -0.015649 0.186389
23 -0.017006 8.873583
23 -0.015709 0.571083
23 -0.015719 0.634229
22 -0.015832 1.359030
24 -0.015690 0.449913
24 -0.015772 0.979451
24 -0.016811 7.630813
24 -0.015714 0.603887
24 -0.015715 0.610096
22 -0.015771 0.969451
24 -0.015875 1.636351
25 -0.015712 0.594395
25 -0.016949 8.509756
25 -0.015764 0.922684
25 -0.015778 1.015485
25 -0.016004 2.462319
25 -0.017073 9.303332
25 -0.016197 3.698274
25 -0.016401 5.006322
22 -0.015741 0.775293
22 -0.016765 7.335028
22 -0.016520 5.768013
26 -0.016747 7.220245
26 -0.015677 0.366194
22 -0.015656 0.230865
25 -0.015709 0.574942
23 -0.015695 0.481995
23 -0.015774 0.988663
23 -0.015897 1.775695
23 -0.016353 4.698012
24 -0.016362 4.754081
22 -0.016099 3.071115
23 -0.016049 2.751507
23 -0.016837 7.796419
22 -0.016178 3.575667
23 -0.015818 1.267737
23 -0.016909 8.257025
24 -0.016262 4.115574
26 -0.016381 4.877696
22 -0.015719 0.636982
24 -0.016082 2.962575
29 -0.015717 0.626923
22 -0.015688 0.436673
29 -0.015668 0.313188
24 -0.015986 2.347232
22 -0.015991 2.381113
23 -0.016111 3.144586
23 -0.015699 0.506087
26 -0.015714 0.607780
23 -0.016658 6.647820
25 -0.015697 0.495010
26 -0.016948 8.505477
24 -0.015813 1.241032
25 -0.015692 0.463016
26 -0.015785 1.060429
23 -0.015695 0.485490
21 -0.016593 6.235138
31 -0.015855 1.505137
28 -0.015927 1.969988
24 -0.015682 0.400688
22 -0.016525 5.799264
26 -0.015681 0.395536
28 -0.015666 0.295574
24 -0.016760 7.300517
27 -0.015688 0.441509
22 -0.016179 3.582332
22 -0.016004 2.461208
26 -0.015662 0.274711
22 -0.015670 0.321140
21 -0.015950 2.117670
23 -0.015689 0.447658
24 -0.015748 0.820145
23 -0.015834 1.375424
25 -0.015754 0.862602
25 -0.015701 0.522212
24 -0.015810 1.216398
23 -0.015706 0.553736
26 -0.017006 8.874151
23 -0.015711 0.586530
25 -0.015816 1.256180
28 -0.015726 0.683368
25 -0.015698 0.505233
22 -0.016234 3.933287
25 -0.015694 0.474933
20 -0.016979 8.701375
22 -0.015844 1.434515
29 -0.015759 0.891689
23 -0.015708 0.567049
23 -0.016249 4.029381
21 -0.016999 8.833193
25 -0.015722 0.654415
31 -0.015677 0.367199
24 -0.015643 0.147864
21 -0.016657 6.644858
23 -0.016419 5.118166
24 -0.016927 8.368118
22 -0.016459 5.377443
28 -0.015714 0.604105
24 -0.016216 3.818162
21 -0.017125 9.639519
22 -0.015875 1.634013
25 -0.016061 2.828353
22 -0.016197 3.698108
24 -0.015690 0.449823
22 -0.016784 7.457602
22 -0.015979 2.302370
21 -0.015885 1.700985
21 -0.016783 7.451982
23 -0.015688 0.440922
23 -0.016213 3.801976
24 -0.015702 0.525269
21 -0.015967 2.225327
25 -0.015654 0.220918
35 -0.015655 0.230192
28 -0.015800 1.156920
19 -0.017117 9.589918
22 -0.016343 4.631057
22 -0.015840 1.409782
24 -0.016562 6.033830
23 -0.015694 0.476602
22 -0.016521 5.771315
29 -0.015866 1.577182
22 -0.016516 5.742089
24 -0.017154 9.823976
21 -0.015948 2.102815
25 -0.016734 7.134870
22 -0.016291 4.298928
26 -0.015684 0.415432
21 -0.016163 3.480435
31 -0.015670 0.322172
22 -0.016653 6.618587
21 -0.016606 6.314354
24 -0.015734 0.735862
23 -0.017044 9.121644
28 -0.015686 0.426560
22 -0.015803 1.171831
23 -0.015708 0.569244
22 -0.015888 1.720111
22 -0.016799 7.550311
23 -0.016870 8.005599
29 -0.016864 7.967353
29 -0.015660 0.260942
31 -0.015664 0.284586
22 -0.016523 5.785431
27 -0.015659 0.252385
27 -0.015701 0.522670
26 -0.016101 3.083449
25 -0.015654 0.221905
27 -0.016237 3.950806
23 -0.016085 2.978257
26 -0.015708 0.564439
27 -0.016957 8.565048
22 -0.015991 2.375458
23 -0.016362 4.756549
23 -0.015794 1.119058
23 -0.015711 0.588653
23 -0.015698 0.503197
28 -0.015805 1.186779
24 -0.015690 0.453142
24 -0.017085 9.383338
25 -0.015699 0.510235
24 -0.015709 0.575796
32 -0.015855 1.504802
23 -0.015694 0.474858
27 -0.015678 0.374799
25 -0.015688 0.440922
33 -0.015670 0.320633
31 -0.015743 0.788166
27 -0.015659 0.253520
26 -0.015709 0.573251
28 -0.015671 0.330107
33 -0.016169 3.517419
41 -0.015802 1.165284
35 -0.015959 2.174445
42 -0.015737 0.751519
