17 40.200712 8.634745
19 41.995414 4.555876
20 41.153355 6.469647
23 39.792227 9.563120
68 43.449394 1.251378
69 43.636043 0.827175
25 39.896210 9.326796
25 39.692950 9.788749
103 43.100422 2.044497
104 43.090185 2.067760
104 43.192074 1.836195
108 43.367018 1.438596
110 43.297895 1.595693
111 43.643155 0.811010
112 43.413228 1.333572
115 43.096571 2.053248
108 43.065021 2.124953
115 43.188756 1.843736
120 42.541204 3.315447
116 43.856574 0.325968
123 42.399990 3.636387
126 41.220376 6.317327
122 43.026628 2.212208
128 43.825428 0.396755
123 43.941157 0.133733
131 43.497671 1.141658
131 43.463045 1.220352
121 43.916834 0.189014
125 43.869576 0.296419
101 43.571320 0.974273
137 43.462637 1.221280
147 43.276685 1.643898
149 43.400927 1.361531
107 42.621625 3.132670
125 43.928659 0.162139
106 43.762820 0.539044
20 39.965127 9.170165
71 43.090950 2.066022
127 43.069053 2.115789
28 42.428205 3.572260
109 42.984995 2.306829
118 42.716367 2.917348
122 43.213560 1.787364
110 42.980482 2.317086
115 42.797172 2.733701
136 43.975740 0.055136
124 43.878858 0.275322
17 40.279922 8.454723
137 43.772433 0.517197
34 39.745610 9.669068
116 43.748970 0.570522
25 39.607895 9.982057
145 42.810828 2.702664
110 43.820519 0.407911
173 43.842958 0.356913
80 43.689734 0.705150
156 42.768614 2.798603
164 42.722514 2.903378
21 42.338180 3.776864
96 42.753964 2.831900
93 42.871368 2.565074
287 40.930321 6.976542
71 43.712536 0.653326
307 41.032828 6.743573
72 43.216114 1.781560
313 42.400975 3.634147
318 42.479972 3.454610
79 43.443120 1.265637
111 43.387173 1.392788
320 42.303239 3.856274
325 43.417937 1.322871
105 43.927028 0.165844
329 41.772595 5.062284
133 42.551124 3.292900
336 41.643660 5.355319
343 42.514590 3.375931
300 40.398101 8.186134
346 41.387226 5.938122
347 41.917533 4.732880
126 42.905590 2.487295
23 40.904685 7.034808
357 40.891666 7.064395
133 43.144626 1.944031
129 43.600267 0.908483
109 42.879748 2.546027
361 41.867049 4.847615
120 43.666852 0.757154
368 42.366806 3.711805
40 39.666266 9.849395
130 43.738938 0.593324
109 43.688525 0.707899
305 40.409380 8.160501
95 43.592201 0.926817
329 40.888717 7.071098
113 43.421117 1.315643
392 40.962477 6.903461
110 43.759047 0.547620
107 42.068137 4.390597
125 43.933935 0.150148
82 43.288317 1.617461
102 43.557844 1.004901
398 41.786511 5.030656
298 42.069154 4.388287
362 41.594399 5.467274
75 43.648281 0.799362
324 41.718409 5.185434
347 41.365936 5.986509
24 40.545844 7.850354
61 43.076424 2.099036
104 43.704283 0.672084
343 41.081050 6.633976
116 42.561989 3.268206
313 41.512278 5.653913
106 43.824141 0.399680
138 42.780024 2.772672
118 43.634780 0.830046
117 43.291033 1.611289
24 40.158133 8.731515
313 42.572924 3.243354
298 42.224414 4.035422
20 40.206933 8.620606
133 43.847441 0.346724
116 43.183300 1.856137
22 40.343617 8.309962
107 43.202386 1.812759
110 43.086736 2.075599
124 43.589478 0.933004
18 41.298123 6.140629
19 42.355422 3.737678
113 42.170827 4.157211
329 41.655727 5.327892
130 43.561555 0.996465
105 43.120030 1.999933
127 43.026787 2.211848
137 43.001439 2.269457
31 40.805634 7.259923
124 43.823427 0.401302
131 43.274488 1.648890
105 42.317069 3.824844
144 43.910410 0.203614
451 41.284541 6.171497
113 42.884782 2.534587
291 42.681021 2.997680
295 41.632215 5.381329
19 39.981533 9.132879
383 41.556390 5.553659
117 43.365081 1.442997
63 43.915467 0.192120
22 40.641315 7.633375
173 40.474850 8.011704
436 41.652860 5.334409
116 43.769592 0.523655
102 41.739698 5.137050
67 40.711113 7.474744
127 43.709239 0.660820
20 43.054623 2.148583
302 42.543027 3.311303
345 41.582807 5.493621
123 43.465469 1.214844
298 41.647438 5.346731
415 41.623341 5.401498
239 42.603777 3.173233
72 43.621530 0.860159
117 43.042408 2.176344
124 43.677474 0.733013
118 43.683860 0.718500
131 43.526691 1.075702
114 43.808945 0.434217
493 41.572548 5.516936
157 43.752066 0.563487
389 39.982482 9.130722
503 41.397510 5.914751
314 43.095482 2.055724
222 42.987534 2.301058
436 41.401349 5.906026
337 41.431439 5.837638
237 43.679571 0.728248
286 42.036389 4.462753
325 41.994270 4.558478
390 41.582735 5.493785
348 40.753823 7.377675
366 41.104760 6.580092
339 41.788893 5.025242
286 41.937153 4.688289
410 41.622981 5.402315
501 42.016438 4.508095
270 42.120242 4.272176
346 42.166580 4.166865
428 41.033916 6.741100
349 41.274369 6.194615
315 41.897037 4.779461
399 42.145560 4.214637
451 40.606899 7.711594
469 42.109563 4.296447
340 41.137071 6.506656
376 42.521200 3.360909
371 41.143683 6.491630
370 42.749801 2.841361
573 42.007390 4.528659
439 40.509608 7.932709
