7 28.827645 3.907850
7 27.831172 7.229425
7 28.739462 4.201793
7 28.919721 3.600931
7 27.876494 7.078354
8 28.096082 6.346395
8 27.655773 7.814090
8 28.845416 3.848614
9 29.066682 3.111060
9 27.328633 8.904557
9 28.033470 6.555100
8 28.101332 6.328892
8 28.718925 4.270248
8 28.916346 3.612181
8 28.834622 3.884595
8 27.728956 7.570147
8 29.508232 1.639225
8 27.663824 7.787254
8 27.487832 8.373895
8 28.315985 5.613384
10 29.154986 2.816714
9 27.844943 7.183523
9 29.704813 0.983956
9 28.945781 3.514064
9 28.120471 6.265096
9 27.972148 6.759506
10 29.816609 0.611305
10 29.704047 0.986511
10 29.549538 1.501539
10 29.199182 2.669392
9 27.374406 8.751982
9 27.617666 7.941112
9 28.069307 6.435643
12 28.936255 3.545818
9 28.812164 3.959455
9 28.796357 4.012143
9 28.170607 6.097978
7 27.245400 9.182001
9 27.422505 8.591649
9 29.062004 3.126655
8 28.680261 4.399130
7 27.182105 9.392985
8 28.343957 5.520144
8 29.936751 0.210831
11 28.869185 3.769383
8 27.399083 8.669723
7 27.170582 9.431392
9 28.236907 5.876977
8 29.573303 1.422323
8 28.428828 5.237241
8 28.094730 6.350899
11 28.095003 6.349989
7 29.044895 3.183683
15 28.274925 5.750250
11 28.811304 3.962320
7 29.155978 2.813406
10 29.107308 2.975641
12 29.965441 0.115197
12 29.735616 0.881281
8 28.852990 3.823365
8 29.187615 2.707949
8 28.893777 3.687411
8 28.329036 5.569880
10 29.676914 1.076954
11 29.922069 0.259769
7 29.034231 3.219230
11 27.307449 8.975170
8 28.111281 6.295731
8 27.438784 8.537388
9 28.926352 3.578826
8 29.191669 2.694437
10 28.258126 5.806247
9 28.423572 5.254761
13 28.703408 4.321974
10 29.695133 1.016223
11 29.500044 1.666520
8 27.509348 8.302173
7 27.265585 9.114717
10 29.293427 2.355244
12 29.129471 2.901764
9 28.838107 3.872975
10 29.793713 0.687624
9 28.629655 4.567816
9 28.692548 4.358174
12 29.346494 2.178355
9 27.349568 8.834773
13 29.351403 2.161991
11 29.707907 0.973642
8 28.028696 6.571014
15 29.354231 2.152564
8 28.501512 4.994961
9 29.933924 0.220253
10 29.734012 0.886627
8 28.869302 3.768994
8 28.786010 4.046633
8 27.117985 9.606715
9 28.840147 3.866175
8 29.480250 1.732501
19 28.148742 6.170860
9 29.514600 1.618000
11 27.419257 8.602477
11 27.917729 6.940904
8 29.120743 2.930856
8 28.276842 5.743859
7 29.116709 2.944303
8 28.569849 4.767170
10 29.812119 0.626268
12 29.545677 1.514409
11 29.825919 0.580271
8 28.450823 5.163924
9 29.403434 1.988553
9 28.777471 4.075098
8 27.315473 8.948425
8 27.909383 6.968723
13 28.246772 5.844094
7 29.265036 2.449881
8 28.793701 4.020996
11 28.208322 5.972260
9 27.980240 6.732533
8 27.132902 9.556994
9 27.478510 8.404967
9 28.571559 4.761471
13 29.471672 1.761093
14 29.993101 0.022998
7 28.023218 6.589272
9 29.085316 3.048948
8 29.467330 1.775567
8 27.645064 7.849785
9 28.703732 4.320894
8 27.695162 7.682793
10 29.741552 0.861492
9 27.048309 9.838970
10 28.820566 3.931448
11 29.737562 0.874794
9 27.119605 9.601317
9 29.256899 2.477004
8 29.143851 2.853830
8 27.037006 9.876646
12 29.188861 2.703797
10 29.730417 0.898611
7 28.376614 5.411288
12 28.546008 4.846641
18 27.823101 7.256329
8 27.690002 7.699993
9 27.227298 9.242339
7 28.588198 4.706006
9 29.538247 1.539177
10 28.818351 3.938831
10 28.925493 3.581691
9 29.671737 1.094211
9 29.436396 1.878681
7 27.467876 8.440414
8 29.054148 3.152840
10 27.350030 8.833232
10 29.681569 1.061436
8 28.204169 5.986102
7 27.547930 8.173567
7 28.683613 4.387957
13 28.285884 5.713719
8 29.297805 2.340651
7 29.374847 2.083844
10 28.145347 6.182178
15 28.816076 3.946413
13 28.234550 5.884834
8 29.687441 1.041862
9 29.075787 3.080711
11 28.709887 4.300378
9 29.388273 2.039089
8 29.367161 2.109464
8 28.256347 5.812177
12 29.169230 2.769232
9 28.134332 6.218893
8 27.340455 8.865149
8 27.412713 8.624292
11 29.785959 0.713469
11 29.237888 2.540372
11 29.640256 1.199146
12 29.877864 0.407120
12 29.691874 1.027085
12 29.929594 0.234688
11 29.904762 0.317461
9 29.637667 1.207775
8 29.463406 1.788646
9 29.641618 1.194608
11 28.385867 5.380445
9 29.316654 2.277819
8 27.865736 7.114213
10 29.246085 2.513050
9 27.220033 9.266557
19 29.936882 0.210395
9 29.118559 2.938138
9 27.020963 9.930124
12 27.790386 7.365380
12 27.094708 9.684306
12 28.567086 4.776381
11 28.727415 4.241950
12 29.518126 1.606246
11 29.889966 0.366781
17 29.988346 0.038845
17 29.989164 0.036121
