16 41.195466 6.373941
18 40.945286 6.942533
19 40.121258 8.815322
19 39.976855 9.143512
19 39.856982 9.415951
19 40.070432 8.930836
19 39.790822 9.566314
20 40.484195 7.990465
20 41.946866 4.666215
20 42.923521 2.446543
20 42.101794 4.314105
21 41.548613 5.571334
21 39.772431 9.608110
21 41.825569 4.941888
21 39.696637 9.780371
22 40.879869 7.091206
22 40.412428 8.153574
21 39.665129 9.851980
22 39.773936 9.604691
22 39.755024 9.647674
22 41.938979 4.684139
22 40.790798 7.293642
22 40.491315 7.974284
22 40.832794 7.198195
22 42.184941 4.125134
23 41.023327 6.765166
16 39.802320 9.540182
23 40.902643 7.039448
23 41.580634 5.498560
23 39.639945 9.909216
23 40.366109 8.258843
24 39.678941 9.820588
19 39.608960 9.979636
24 39.674038 9.831732
24 41.392281 5.926634
25 39.965584 9.169128
26 39.701038 9.770369
18 42.230276 4.022099
27 40.187260 8.665318
27 39.838283 9.458449
20 40.669139 7.570139
29 39.796967 9.552348
29 39.915125 9.283808
24 39.709185 9.751853
23 40.072562 8.925995
22 41.505753 5.668743
21 40.486282 7.985723
22 39.609797 9.977735
31 40.102488 8.857981
31 39.633436 9.924008
22 39.810810 9.520886
25 39.952036 9.199918
32 39.622385 9.949125
32 39.690006 9.795441
25 39.681978 9.813687
23 41.982792 4.584563
23 41.783433 5.037652
18 40.266963 8.484174
27 40.547769 7.845979
25 40.516409 7.917252
27 39.700907 9.770666
25 40.090017 8.886324
17 40.875463 7.101221
21 41.072225 6.654035
35 40.667143 7.574676
25 39.725244 9.715354
26 39.683510 9.810205
25 39.826417 9.485417
27 41.090292 6.612972
26 39.925725 9.259715
26 41.028997 6.752280
30 39.797333 9.551516
28 40.282433 8.449016
22 40.688359 7.526457
30 40.239495 8.546602
25 41.008622 6.798587
26 39.664418 9.853595
26 40.087627 8.891758
18 40.610804 7.702718
33 39.750858 9.657142
26 39.634985 9.920489
23 39.732552 9.698747
24 39.752322 9.653813
23 40.205185 8.624580
33 40.360646 8.271258
23 40.175056 8.693054
33 39.724356 9.717372
31 39.855142 9.420131
21 41.197557 6.369188
21 40.248306 8.526578
23 39.767060 9.620318
27 39.850387 9.430939
25 39.644076 9.899827
28 39.644039 9.899911
21 41.621795 5.405011
21 40.242216 8.540417
18 41.677836 5.277645
26 41.087355 6.619647
35 40.259155 8.501921
37 39.768604 9.616809
25 39.766807 9.620894
25 41.493039 5.697640
20 40.479201 8.001815
26 39.851644 9.428081
38 39.844620 9.444046
34 39.659210 9.865431
27 40.321935 8.359238
23 40.860825 7.134490
17 41.160815 6.452693
21 40.130390 8.794569
26 39.719532 9.728337
23 41.325689 6.077980
20 40.095525 8.873808
25 40.275538 8.464686
22 41.916453 4.735334
35 39.685666 9.805304
51 39.698516 9.776099
24 41.416740 5.871045
29 40.549726 7.841531
failed to find solution after reaching max emtpy limit -- 39 iterations and 21 function evals
24 40.874987 7.102303
20 40.050672 8.975746
29 40.974603 6.875903
22 40.148836 8.752644
36 40.367134 8.256513
21 39.640455 9.908058
29 39.613225 9.969944
26 42.174239 4.149458
24 40.724231 7.444929
48 39.981047 9.133984
26 40.284787 8.443666
21 39.886391 9.349111
33 40.189221 8.660861
23 39.743408 9.674073
19 40.552615 7.834965
24 39.831040 9.474908
41 39.763340 9.628773
26 40.219103 8.592948
31 39.890429 9.339935
28 40.293558 8.423733
23 40.477970 8.004614
36 40.240007 8.545439
25 39.974977 9.147780
29 39.800982 9.543222
25 40.179455 8.683057
21 39.783203 9.583630
20 40.725196 7.442737
18 39.956353 9.190107
42 39.851761 9.427817
27 40.708506 7.480668
31 39.747204 9.665444
23 39.695046 9.783986
17 42.184270 4.126659
35 40.068373 8.935516
28 39.698625 9.775853
21 40.335238 8.329003
26 39.650443 9.885358
20 40.153221 8.742679
22 40.916306 7.008396
40 39.750166 9.658713
33 39.929723 9.250629
25 40.099322 8.865177
28 39.974877 9.148007
22 41.235746 6.282396
failed to find solution after reaching max emtpy limit -- 37 iterations and 25 function evals
32 40.555762 7.827814
25 41.867334 4.846969
30 39.796098 9.554322
30 40.887433 7.074017
39 40.034548 9.012391
29 40.679809 7.545889
24 40.218974 8.593240
33 39.931781 9.245951
22 41.377648 5.959891
42 39.868877 9.388916
30 40.752442 7.380813
25 41.292490 6.153433
24 39.747376 9.665055
25 40.588818 7.752685
39 40.198152 8.640563
failed to find solution after reaching max emtpy limit -- 39 iterations and 27 function evals
31 39.650455 9.885330
39 40.025818 9.032232
40 39.878944 9.366036
28 39.632663 9.925766
32 40.028844 9.025354
31 39.840563 9.453266
39 39.688572 9.798701
37 40.281876 8.450283
39 39.900365 9.317352
39 39.837598 9.460005
34 39.806746 9.530123
41 39.743285 9.674352
34 39.975887 9.145711
failed to find solution after reaching max emtpy limit -- 34 iterations and 22 function evals
47 39.720964 9.725083
44 39.664623 9.853130
44 39.896461 9.326224
35 39.710748 9.748299
34 39.676539 9.826047
