16 28502.817885 7.052610
16 28321.177297 7.644938
16 28120.710741 8.298657
16 28721.210554 6.340434
16 28496.509892 7.073180
16 28451.226407 7.220849
16 30224.631927 1.437792
16 27824.516152 9.264545
16 29864.251050 2.612991
16 29198.244067 4.784832
16 28188.932201 8.076188
16 29764.752019 2.937456
16 28222.222379 7.967629
16 29191.213573 4.807759
16 28368.303067 7.491261
16 29465.160052 3.914422
16 29498.562518 3.805497
16 30062.128026 1.967716
16 29268.765122 4.554864
16 29626.168231 3.389376
16 28144.957426 8.219589
16 29324.649276 4.372626
16 29261.242345 4.579396
16 28315.313494 7.664060
16 27729.370743 9.574813
16 29670.889849 3.243539
16 29245.444247 4.630913
16 28816.361598 6.030147
16 29655.434796 3.293938
16 29921.346073 2.426804
16 30055.512359 1.989289
16 29650.233166 3.310901
16 28158.702842 8.174765
16 28492.339094 7.086781
16 29166.239287 4.889200
16 28520.522538 6.994875
16 29946.563898 2.344569
16 29551.013169 3.634456
16 29243.253289 4.638058
16 28098.167451 8.372171
16 29361.458902 4.252590
16 28300.157542 7.713483
17 29377.259272 4.201066
16 29961.764569 2.295000
17 29815.506271 2.771947
17 29696.033926 3.161545
17 29943.404457 2.354872
16 29200.019592 4.779042
17 29545.536964 3.652314
16 29079.223687 5.172957
16 29517.850358 3.742600
16 29429.709071 4.030027
16 29460.190375 3.930628
16 28491.852921 7.088366
16 29849.634359 2.660655
16 28595.533881 6.750264
16 28526.929063 6.973983
16 29215.521713 4.728490
16 28924.894801 5.676221
17 29363.470665 4.246030
16 28063.081870 8.486584
16 29464.890622 3.915301
16 29495.824743 3.814425
16 29860.630672 2.624797
16 28001.805051 8.686407
16 29587.313945 3.516080
16 29853.967646 2.646525
16 29852.999742 2.649681
16 29403.359169 4.115954
16 29514.077884 3.754902
17 29805.510863 2.804542
16 30018.594680 2.109678
16 29089.258050 5.140235
16 28451.535998 7.219839
16 29615.123726 3.425392
16 29573.029458 3.562661
16 29333.911688 4.342422
16 29626.563032 3.388089
16 29915.921284 2.444494
16 29329.367054 4.357242
16 29910.974286 2.460627
16 30023.339499 2.094205
16 29529.291133 3.705291
16 29680.403833 3.212514
16 28510.229847 7.028439
16 28496.011116 7.074807
16 29588.352611 3.512692
17 29829.809160 2.725305
17 29825.445076 2.739536
16 28992.665765 5.455221
16 29558.223974 3.610942
16 28980.739590 5.494112
16 29595.640861 3.488926
16 29299.865130 4.453447
16 30051.099556 2.003680
16 28319.323091 7.650984
16 29490.814141 3.830764
16 29574.648473 3.557381
16 28817.973773 6.024890
16 30071.409701 1.937448
16 28838.954385 5.956472
16 29605.532219 3.456670
16 29933.653878 2.386669
16 28364.590367 7.503368
16 28054.343651 8.515080
16 29608.628784 3.446572
16 28020.273296 8.626183
16 29377.370329 4.200703
16 29456.820748 3.941616
16 28942.122637 5.620042
16 28965.924396 5.542424
16 29927.653539 2.406236
16 29377.033690 4.201801
16 29317.103954 4.397231
16 29875.176314 2.577363
16 29243.015638 4.638833
16 29744.377578 3.003897
16 29201.215003 4.775144
16 28400.550884 7.386101
16 29124.379810 5.025703
16 29625.005916 3.393166
16 27783.774620 9.397402
16 28536.055898 6.944221
16 29229.004078 4.684524
16 28749.249715 6.248998
16 29853.066598 2.649463
16 29547.583654 3.645640
16 28980.924539 5.493509
16 28666.882554 6.517597
16 29308.182752 4.426323
16 29358.859307 4.261068
16 29283.193493 4.507813
16 28519.275602 6.998941
17 29831.680174 2.719204
16 28086.872309 8.409004
16 29307.582643 4.428280
16 29864.225038 2.613075
16 29394.455985 4.144987
16 29094.981334 5.121571
16 29412.363619 4.086591
16 29294.378758 4.471338
16 29179.245874 4.846785
17 29805.013294 2.806164
16 29002.534176 5.423040
16 29425.530615 4.043653
16 28585.042049 6.784478
16 28571.881397 6.827394
16 29225.781693 4.695032
16 28981.247337 5.492456
16 29415.921734 4.074988
16 28316.085771 7.661541
16 29784.650099 2.872568
17 29695.078914 3.164659
16 29267.522139 4.558917
16 28264.800247 7.828783
16 28739.973108 6.279249
16 27833.563001 9.235043
16 30145.134292 1.697033
16 29246.065771 4.628886
16 30170.552492 1.614145
16 28927.926396 5.666335
16 29651.481436 3.306830
16 28891.380649 5.785511
16 28322.099365 7.641931
16 29494.260582 3.819526
16 29559.776782 3.605878
16 29658.008518 3.285545
16 29903.197766 2.485986
16 28714.050139 6.363784
16 29685.479113 3.195964
16 29473.499354 3.887228
16 28879.284814 5.824955
16 29038.396768 5.306093
16 27874.165603 9.102638
16 29708.425837 3.121135
16 28750.525443 6.244838
16 29454.144021 3.950345
16 29246.318961 4.628061
16 29815.739248 2.771187
16 28946.223576 5.606668
17 29499.192835 3.803442
16 29795.777611 2.836282
16 28676.547032 6.486081
16 29006.136082 5.411294
16 28499.461359 7.063555
16 28508.535032 7.033966
16 29907.630041 2.471532
17 29900.354294 2.495258
16 29418.141406 4.067749
16 28556.917274 6.876192
16 29283.518121 4.506755
16 29874.140280 2.580742
16 29699.674265 3.149674
16 29350.756774 4.287490
16 30007.518224 2.145798
16 28928.187069 5.665485
16 29317.815612 4.394911
16 29835.580726 2.706484
16 28072.271286 8.456618
16 29845.093727 2.675462
