20 -0.016123 3.223824
21 -0.016584 6.173187
21 -0.016224 3.868215
22 -0.015702 0.527557
22 -0.016104 3.102165
22 -0.016051 2.759341
22 -0.015925 1.952850
22 -0.016193 3.673124
22 -0.016406 5.034341
22 -0.015701 0.521292
22 -0.015862 1.554342
22 -0.016645 6.563422
23 -0.017085 9.382604
23 -0.015932 1.999885
23 -0.015692 0.463105
23 -0.015662 0.270800
23 -0.016443 5.272979
23 -0.016124 3.226912
23 -0.015714 0.602903
23 -0.016332 4.559019
23 -0.016263 4.120076
23 -0.015770 0.963593
24 -0.015653 0.214965
24 -0.016859 7.936504
24 -0.015711 0.584917
24 -0.016379 4.865475
24 -0.017134 9.696160
24 -0.016232 3.922168
24 -0.015655 0.228306
24 -0.015688 0.439953
24 -0.015623 0.021525
22 -0.016821 7.694231
24 -0.016762 7.316555
25 -0.017008 8.889882
21 -0.016094 3.036911
25 -0.015669 0.319775
25 -0.016618 6.390503
20 -0.015871 1.609000
25 -0.015819 1.275813
21 -0.016248 4.021184
21 -0.016702 6.929823
25 -0.015733 0.727087
22 -0.015985 2.338296
26 -0.015706 0.551173
22 -0.016038 2.677420
21 -0.015907 1.838522
26 -0.015706 0.552974
26 -0.016485 5.539315
22 -0.016949 8.511702
27 -0.015664 0.282747
22 -0.016681 6.793237
22 -0.016131 3.271855
20 -0.017048 9.145105
27 -0.015721 0.652782
27 -0.016137 3.312147
27 -0.015671 0.330896
22 -0.015821 1.287560
28 -0.015925 1.953059
25 -0.017035 9.059681
28 -0.015722 0.654199
23 -0.016006 2.473790
21 -0.015783 1.044146
24 -0.016358 4.725904
23 -0.015695 0.485210
22 -0.015879 1.662554
24 -0.015722 0.653825
22 -0.016075 2.913682
24 -0.015718 0.627707
25 -0.015901 1.803687
24 -0.015742 0.786647
21 -0.016243 3.992180
22 -0.016111 3.143967
24 -0.015887 1.714859
22 -0.016131 3.273198
24 -0.016600 6.279199
22 -0.015870 1.603337
25 -0.015684 0.414460
24 -0.015647 0.173906
23 -0.015811 1.223100
24 -0.016746 7.214613
32 -0.016202 3.730740
29 -0.015882 1.679318
22 -0.015794 1.114605
23 -0.015698 0.500428
24 -0.016164 3.485231
25 -0.015691 0.457127
26 -0.015675 0.354844
23 -0.016110 3.137798
23 -0.015736 0.748869
33 -0.015663 0.275556
22 -0.015703 0.534576
22 -0.016000 2.433146
22 -0.015990 2.370321
26 -0.015685 0.419542
26 -0.015687 0.433276
29 -0.015651 0.204383
29 -0.015723 0.665427
22 -0.016116 3.178365
20 -0.016009 2.496377
22 -0.015846 1.451854
21 -0.016729 7.104677
21 -0.015722 0.656039
24 -0.015698 0.505216
27 -0.015673 0.342727
25 -0.015660 0.259878
28 -0.015705 0.545366
22 -0.015763 0.916505
25 -0.016974 8.671598
22 -0.017161 9.866836
21 -0.015626 0.039353
22 -0.016005 2.469964
32 -0.015673 0.339995
24 -0.015668 0.311727
26 -0.015704 0.540331
22 -0.015932 1.998599
22 -0.015897 1.778693
24 -0.015711 0.587814
27 -0.015657 0.241908
21 -0.015824 1.308463
22 -0.015695 0.480305
23 -0.016987 8.757163
24 -0.015688 0.439375
22 -0.017111 9.545807
22 -0.016718 7.032795
26 -0.015691 0.460547
31 -0.015653 0.215791
22 -0.016228 3.897880
21 -0.015900 1.796901
29 -0.015651 0.200025
26 -0.016311 4.429336
22 -0.016658 6.645959
23 -0.017016 8.941987
22 -0.015838 1.399421
23 -0.015631 0.073921
21 -0.017057 9.205412
21 -0.016787 7.477459
29 -0.016175 3.556854
23 -0.015690 0.451070
23 -0.015716 0.618360
22 -0.015801 1.163947
34 -0.016177 3.570683
26 -0.015677 0.367424
22 -0.015895 1.760680
22 -0.016116 3.180880
23 -0.015746 0.809371
23 -0.016180 3.586438
25 -0.015629 0.062006
25 -0.015706 0.551413
22 -0.016418 5.114126
22 -0.015888 1.719604
22 -0.015707 0.559983
25 -0.016453 5.337413
26 -0.015687 0.432328
23 -0.016080 2.950199
20 -0.015773 0.985373
29 -0.015681 0.392597
23 -0.015970 2.245674
21 -0.017094 9.440325
26 -0.016895 8.168680
23 -0.015664 0.282728
24 -0.015723 0.660956
26 -0.015721 0.652883
22 -0.016925 8.359880
21 -0.015862 1.554405
31 -0.015880 1.668732
23 -0.015728 0.695007
24 -0.015631 0.072175
31 -0.015655 0.224196
22 -0.016084 2.972334
27 -0.015697 0.497048
29 -0.016739 7.168568
27 -0.015769 0.959048
24 -0.015731 0.716916
26 -0.015937 2.031366
22 -0.015762 0.913423
25 -0.015727 0.689443
22 -0.015977 2.286953
22 -0.016172 3.538362
26 -0.015742 0.787081
28 -0.016315 4.452528
27 -0.015702 0.526552
22 -0.016322 4.498543
23 -0.015706 0.554462
23 -0.015705 0.545478
29 -0.015938 2.041315
23 -0.015661 0.268451
28 -0.016917 8.306956
24 -0.015709 0.575807
26 -0.016261 4.106689
24 -0.015714 0.606940
24 -0.015663 0.280861
26 -0.017117 9.589971
25 -0.016197 3.694327
29 -0.015729 0.699624
29 -0.015703 0.532986
28 -0.016018 2.551181
31 -0.015654 0.221469
28 -0.015962 2.191254
34 -0.015838 1.397200
30 -0.015837 1.391213
