16 13.733224 8.445174
17 14.662704 2.248637
17 14.236525 5.089836
17 13.615329 9.231142
17 14.524834 3.167773
18 14.296891 4.687390
18 14.084734 6.101774
19 13.910556 7.262957
19 13.993685 6.708764
19 14.464162 3.572253
19 14.348485 4.343434
19 14.578521 2.809860
19 14.257756 4.948292
19 14.609995 2.600032
20 14.391992 4.053387
20 13.875403 7.497315
20 13.832443 7.783711
20 14.502140 3.319069
20 13.530358 9.797611
20 13.858179 7.612141
21 14.301388 4.657417
21 13.586281 9.424795
21 14.639921 2.400526
21 14.382919 4.113873
21 13.742693 8.382046
22 13.605264 9.298237
23 14.188273 5.411515
17 13.926251 7.158327
22 14.792744 1.381704
23 14.406112 3.959251
23 13.587126 9.419161
23 13.903887 7.307421
23 14.584191 2.772058
22 14.834457 1.103620
23 14.386421 4.090529
23 14.435299 3.764671
24 14.162318 5.584546
24 13.555342 9.631052
17 13.843711 7.708593
17 13.969449 6.870338
19 14.339228 4.405144
20 13.946316 7.024560
25 13.587435 9.417101
25 14.185426 5.430496
24 14.354472 4.303519
25 14.383529 4.109808
25 14.561079 2.926141
21 14.378585 4.142763
17 14.733760 1.774931
17 14.153867 5.640886
27 14.600932 2.660451
27 14.479320 3.471197
21 14.476462 3.490255
17 13.689234 8.738443
19 13.658829 8.941141
22 13.728988 8.473410
17 13.548112 9.679253
17 14.610132 2.599119
17 14.013882 6.574120
20 14.569418 2.870549
18 14.271972 4.853520
24 14.172750 5.514999
28 14.809042 1.273052
23 14.503325 3.311165
27 14.792950 1.380336
17 13.507209 9.951940
21 14.658739 2.275074
22 13.852603 7.649313
19 14.106281 5.958128
23 13.544263 9.704911
18 14.343804 4.374638
24 14.582399 2.784008
19 14.675733 2.161781
30 14.063212 6.245253
24 14.743212 1.711920
19 14.007304 6.617971
23 14.277037 4.819752
23 14.290953 4.726979
19 13.852587 7.649417
19 14.464358 3.570948
17 13.690824 8.727839
31 14.980627 0.129150
23 14.084225 6.105166
27 14.336436 4.423759
26 14.847173 1.018844
27 13.869281 7.538125
19 14.306306 4.624627
19 14.269636 4.869092
17 14.499329 3.337805
18 14.826479 1.156810
17 14.161660 5.588933
21 14.060530 6.263132
17 13.545959 9.693610
18 14.422431 3.850460
21 14.606425 2.623835
25 14.071777 6.188151
21 14.092692 6.048720
24 14.203658 5.308947
17 13.671737 8.855089
19 13.698354 8.677639
18 14.575777 2.828156
20 14.478340 3.477735
21 14.173785 5.508100
25 14.621418 2.523883
21 13.891307 7.391290
19 13.901581 7.322793
25 13.795412 8.030589
22 14.849609 1.002609
27 14.452014 3.653239
22 14.141808 5.721282
28 13.851118 7.659214
21 14.061429 6.257141
23 14.503465 3.310233
23 14.645436 2.363762
33 14.676526 2.156494
19 14.711546 1.923029
16 13.793739 8.041737
21 14.256161 4.958930
24 13.629420 9.137200
23 14.532698 3.115347
25 14.674209 2.171942
20 14.578100 2.812668
23 13.950088 6.999411
19 14.262492 4.916719
28 14.752841 1.647724
19 14.467068 3.552882
30 13.766656 8.222292
19 14.286762 4.754920
17 13.604960 9.300266
19 14.594639 2.702405
20 13.578977 9.473483
21 14.622415 2.517236
19 13.577701 9.481990
18 14.466214 3.558572
23 14.102266 5.984894
31 14.376872 4.154188
21 14.222810 5.181266
24 14.560205 2.931967
19 13.837688 7.748750
23 14.300213 4.665245
21 14.717992 1.880051
23 14.243044 5.046377
21 14.685194 2.098709
27 14.506006 3.293294
23 14.185715 5.428566
27 13.886346 7.424358
18 13.821007 7.859955
25 14.320502 4.529988
22 14.543132 3.045786
22 14.501611 3.322590
26 14.476177 3.492155
21 13.527402 9.817323
24 14.277338 4.817747
22 13.818956 7.873626
20 14.668380 2.210797
25 14.405594 3.962704
23 14.041659 6.388938
25 14.401450 3.990332
19 13.735821 8.427860
23 14.038316 6.411224
21 14.158206 5.611958
21 14.685956 2.093630
25 14.740103 1.732646
18 13.977657 6.815620
19 14.807864 1.280906
31 14.322725 4.515166
27 14.421808 3.854613
32 14.931824 0.454506
15 14.072285 6.184767
20 14.329889 4.467406
26 13.587313 9.417910
25 13.572780 9.514803
27 13.761423 8.257180
21 13.924997 7.166688
25 14.542046 3.053029
19 13.585388 9.430745
25 14.862361 0.917595
23 14.601369 2.657538
25 14.147621 5.682526
25 14.149630 5.669135
27 14.809075 1.272835
18 14.311583 4.589444
22 13.822666 7.848892
22 13.573512 9.509922
25 14.420210 3.865268
22 14.561202 2.925320
19 14.671648 2.189016
24 13.839847 7.734351
25 14.700152 1.998984
29 14.417488 3.883411
21 13.835903 7.760647
24 13.865399 7.564010
25 14.712859 1.914271
24 14.206783 5.288115
25 14.857311 0.951263
26 14.457760 3.614934
28 14.186298 5.424683
25 14.301108 4.659281
29 14.805608 1.295947
26 14.320104 4.532643
