17 -1.035656 8.612972
17 -1.014029 6.344852
19 -0.967785 1.495068
19 -1.042364 9.316433
19 -1.032804 8.313911
19 -0.964180 1.117053
19 -1.029520 7.969502
19 -1.025943 7.594330
19 -0.999791 4.851630
19 -0.982093 2.995618
19 -1.012426 6.176766
19 -0.990006 3.825441
19 -0.995779 4.430943
22 -0.963520 1.047826
22 -0.973507 2.095197
22 -0.979588 2.732865
22 -1.010016 5.924049
22 -1.003252 5.214649
22 -0.983539 3.147291
22 -0.984025 3.198230
22 -0.978669 2.636524
22 -1.032048 8.234618
22 -1.008528 5.767913
22 -0.982118 2.998215
22 -0.965540 1.259691
22 -0.988035 3.618809
22 -0.957851 0.453317
22 -0.964795 1.181532
22 -0.981490 2.932353
22 -1.012668 6.202090
22 -1.047362 9.840624
24 -1.022569 7.240539
24 -1.013335 6.272045
24 -0.987602 3.573362
24 -1.014820 6.427827
24 -0.978644 2.633961
24 -0.974700 2.220299
24 -0.987984 3.613423
24 -1.037347 8.790342
24 -0.996300 4.485512
24 -0.993062 4.145973
24 -1.038994 8.963010
24 -1.001513 5.032287
16 -1.009002 5.817663
26 -0.964411 1.141297
26 -0.995810 4.434167
25 -1.011464 6.075833
17 -1.041367 9.211888
27 -0.967723 1.488597
28 -0.966278 1.337005
19 -1.026450 7.647554
17 -1.042379 9.318029
19 -1.032034 8.233134
22 -1.007539 5.664242
17 -0.983270 3.119017
19 -0.995173 4.367321
22 -1.013567 6.296460
19 -1.011902 6.121774
22 -0.985956 3.400779
17 -1.045745 9.671079
17 -1.026506 7.653419
19 -0.980679 2.847348
19 -1.042559 9.336955
19 -1.042357 9.315743
22 -0.983497 3.142899
24 -1.042714 9.353155
24 -0.986896 3.499284
24 -1.047651 9.870885
22 -0.986280 3.434729
22 -1.039377 9.003203
22 -0.973285 2.071943
24 -0.992221 4.057754
19 -1.025588 7.557150
19 -1.000673 4.944155
22 -0.962196 0.908930
22 -1.040946 9.167791
22 -1.032187 8.249122
22 -0.965582 1.264023
26 -0.967381 1.452746
22 -1.026281 7.629790
22 -0.990656 3.893621
24 -0.974979 2.249552
17 -1.025237 7.520273
24 -0.962679 0.959619
19 -1.027609 7.769103
24 -0.970760 1.807072
22 -0.980782 2.858164
28 -0.965507 1.256207
22 -1.003832 5.275466
24 -0.971457 1.880160
22 -0.988467 3.664139
26 -0.973655 2.110720
24 -0.958570 0.528632
24 -1.016802 6.635641
17 -0.997908 4.654182
17 -1.002289 5.113618
17 -1.048560 9.966234
25 -0.990813 3.910072
22 -1.028240 7.835186
24 -0.964782 1.180195
17 -1.018422 6.805569
22 -1.020251 6.997373
17 -1.025568 7.555035
19 -0.999208 4.790500
22 -1.027685 7.776995
22 -0.987196 3.530796
22 -1.020905 7.066001
19 -0.979306 2.703368
19 -0.985042 3.304848
26 -0.981790 2.963818
19 -0.978744 2.644404
24 -0.973233 2.066468
22 -0.984332 3.230411
19 -1.046939 9.796216
22 -1.000359 4.911197
17 -0.969876 1.714417
22 -1.006428 5.547755
22 -0.983723 3.166612
22 -1.034390 8.480179
21 -1.016560 6.610331
19 -0.975062 2.258271
22 -0.981799 2.964761
22 -1.046505 9.750737
24 -0.965076 1.210987
22 -1.022619 7.245784
22 -1.014973 6.443917
19 -1.047355 9.839927
24 -0.958994 0.573142
22 -1.008299 5.743976
24 -1.024164 7.407785
24 -0.988232 3.639399
19 -1.020364 7.009242
26 -0.973666 2.111855
24 -1.028887 7.903067
21 -1.039553 9.021706
24 -0.960590 0.740523
26 -1.015634 6.513143
19 -0.995374 4.388489
19 -1.031165 8.142001
17 -1.014159 6.358553
24 -1.037509 8.807278
22 -1.003479 5.238418
24 -0.976564 2.415785
17 -0.999197 4.789392
22 -0.989526 3.775182
19 -1.025100 7.505935
22 -1.031883 8.217294
22 -1.037090 8.763328
24 -0.972211 1.959301
17 -1.014914 6.437729
22 -0.980055 2.781842
22 -0.999106 4.779810
22 -1.038104 8.869658
26 -0.997905 4.653852
24 -0.975533 2.307705
29 -0.978631 2.632544
22 -0.977803 2.545754
17 -1.041626 9.239026
24 -1.019740 6.943801
19 -0.974674 2.217540
24 -0.996611 4.518144
26 -0.976746 2.434905
22 -1.025323 7.529261
19 -0.984275 3.224497
22 -0.976893 2.450295
22 -0.993290 4.169873
24 -1.015456 6.494526
17 -1.001851 5.067700
22 -1.038999 8.963583
19 -1.032783 8.311685
22 -1.015974 6.548801
19 -1.048554 9.965634
22 -0.988267 3.643146
19 -1.021059 7.082177
22 -1.041481 9.223846
24 -1.047867 9.893548
19 -0.989449 3.767078
24 -0.998775 4.745155
24 -0.996407 4.496779
24 -1.035002 8.544332
22 -1.023716 7.360814
22 -0.981936 2.979209
21 -0.989972 3.821944
26 -0.971888 1.925373
19 -0.972801 2.021150
17 -1.035929 8.641578
19 -1.028952 7.909847
22 -0.979211 2.693365
22 -0.978013 2.567723
26 -0.958763 0.548935
19 -1.036177 8.667625
26 -1.038583 8.919914
24 -0.969526 1.677636
22 -1.012204 6.153445
22 -0.996028 4.457019
22 -1.048608 9.971305
22 -1.037293 8.784607
24 -1.042443 9.324763
32 -1.013016 6.238608
24 -0.981415 2.924531
