14 -6705.187670 6.434212
12 -6799.100188 7.924925
18 -6818.146238 8.227250
22 -6898.588211 9.504139
21 -6574.262769 4.355987
28 -6928.999529 9.986870
10 -6763.885904 7.365954
29 -6666.434436 5.819066
45 -6440.807743 2.237601
57 -6703.337780 6.404848
64 -6866.404265 8.993270
110 -6761.954327 7.335293
112 -6704.389681 6.421546
114 -6868.681918 9.029424
112 -6735.680610 6.918239
68 -6476.073365 2.797386
80 -6908.134787 9.655676
85 -6792.294864 7.816901
107 -6447.681458 2.346710
68 -6824.142333 8.322429
84 -6549.541507 3.963577
101 -6631.511771 5.264724
121 -6869.543431 9.043099
129 -6503.017884 3.225088
131 -6905.164748 9.608531
136 -6565.956849 4.224144
149 -6570.560625 4.297222
151 -6855.463970 8.819610
171 -6861.406794 8.913943
181 -6493.022649 3.066429
181 -6657.774751 5.681608
181 -6628.714687 5.220325
187 -6678.014234 6.002877
205 -6750.977617 7.161055
219 -6827.753154 8.379745
228 -6800.807284 7.952022
234 -6926.716723 9.950635
235 -6711.158249 6.528986
235 -6371.273479 1.133855
242 -6792.223336 7.815765
294 -6773.925426 7.525315
341 -6901.657590 9.552861
381 -6727.295280 6.785136
450 -6913.629762 9.742900
490 -6827.501706 8.375754
640 -6816.853580 8.206731
941 -6716.527849 6.614220
23 -6674.427677 5.945946
130 -6362.401588 0.993027
258 -6924.346041 9.913004
19 -6455.590320 2.472251
14 -6485.927635 2.953807
19 -6707.737510 6.474687
80 -6902.510251 9.566395
31 -6500.466174 3.184584
55 -6660.141982 5.719184
47 -6763.002973 7.351939
155 -6784.044696 7.685943
17 -6837.052040 8.527350
24 -6713.889590 6.572342
10 -6551.634939 3.996806
56 -6777.976884 7.589626
70 -6591.526296 4.630018
34 -6788.743502 7.760529
10 -6826.454511 8.359131
109 -6874.700471 9.124959
138 -6860.685744 8.902498
26 -6651.519264 5.582312
124 -6628.950701 5.224071
27 -6777.388209 7.580281
74 -6836.641651 8.520836
24 -6732.654739 6.870209
26 -6632.234956 5.276204
55 -6668.826487 5.857036
92 -6672.787326 5.919908
186 -6700.681601 6.362686
92 -6822.904316 8.302777
97 -6821.730451 8.284144
193 -6440.379170 2.230798
188 -6774.585815 7.535798
127 -6795.888689 7.873947
293 -6710.205949 6.513870
120 -6669.086048 5.861156
10 -6619.168473 5.068794
423 -6498.676731 3.156179
309 -6883.671337 9.267357
430 -6622.337392 5.119096
443 -6710.106370 6.512289
461 -6756.039700 7.241408
434 -6767.570443 7.424440
205 -6517.092913 3.448507
1363 -6636.276810 5.340362
617 -6587.527415 4.566543
691 -6403.523087 1.645766
280 -6815.448989 8.184436
84 -6553.819153 4.031477
102 -6800.016571 7.939471
32 -6450.346584 2.389015
136 -6680.847283 6.047847
93 -6778.518756 7.598227
109 -6708.687037 6.489759
36 -6502.551706 3.217688
23 -6770.377959 7.469005
113 -6907.964250 9.652969
36 -6890.785478 9.380283
48 -6719.874379 6.667341
339 -6463.637911 2.599993
20 -6589.371471 4.595814
219 -6534.027417 3.717315
169 -6552.447702 4.009708
28 -6639.022210 5.383941
42 -6742.749646 7.030449
15 -6860.010637 8.891781
59 -6657.583658 5.678574
56 -6855.463874 8.819609
228 -6631.356397 5.262258
111 -6759.183402 7.291309
197 -6836.680764 8.521457
68 -6842.814806 8.618825
285 -6720.664841 6.679888
317 -6545.600490 3.901019
142 -6825.240259 8.339857
307 -6845.124808 8.655492
209 -6585.341798 4.531849
65 -6622.213075 5.117122
71 -6663.058080 5.765472
10 -6752.346008 7.182776
209 -6595.450310 4.692306
375 -6819.665431 8.251365
248 -6890.265003 9.372021
26 -6683.904469 6.096375
218 -6749.396692 7.135960
19 -6716.224865 6.609410
371 -6786.175793 7.719770
28 -6643.908429 5.461502
449 -6704.214662 6.418767
504 -6747.174260 7.100683
710 -6915.592750 9.774059
674 -6686.760907 6.141717
341 -6837.104880 8.528189
727 -6847.497507 8.693155
271 -6892.555705 9.408383
663 -6850.671221 8.743533
147 -6683.410688 6.088537
23 -6681.740554 6.062027
124 -6874.069634 9.114946
55 -6792.373830 7.818154
308 -6839.184149 8.561194
183 -6753.290438 7.197767
110 -6648.545304 5.535105
208 -6793.446868 7.835187
33 -6612.670160 4.965644
180 -6912.247988 9.720966
44 -6881.291139 9.229575
58 -6915.408744 9.771138
51 -6775.573173 7.551471
105 -6854.889081 8.810485
24 -6699.687496 6.346906
26 -6620.565173 5.090965
40 -6560.947071 4.144622
370 -6493.190457 3.069093
35 -6917.074537 9.797580
29 -6532.975472 3.700617
102 -6851.865285 8.762487
440 -6478.855823 2.841554
10 -6752.333696 7.182581
25 -6694.544295 6.265266
198 -6863.595932 8.948692
255 -6718.584140 6.646860
177 -6918.794393 9.824880
75 -6832.726278 8.458685
63 -6838.693398 8.553404
22 -6406.763959 1.697210
61 -6833.414536 8.469610
413 -6518.452069 3.470081
401 -6877.725713 9.172980
334 -6909.533138 9.677872
10 -6580.709123 4.458313
48 -6768.137878 7.433447
62 -6903.497873 9.582072
310 -6404.782062 1.665750
13 -6643.639352 5.457231
10 -6713.505671 6.566247
87 -6673.250252 5.927257
54 -6784.261857 7.689390
166 -6893.170782 9.418146
33 -6486.216041 2.958385
327 -6893.194967 9.418530
618 -6853.971135 8.795914
172 -6786.725463 7.728495
582 -6799.151260 7.925735
106 -6588.076154 4.575253
119 -6759.068217 7.289481
51 -6879.439735 9.200187
65 -6617.384735 5.040480
266 -6625.671233 5.172015
24 -6636.847591 5.349422
313 -6586.484984 4.549996
21 -6776.337950 7.563610
74 -6707.695370 6.474018
150 -6892.162106 9.402135
130 -6883.202131 9.259909
112 -6714.052816 6.574933
64 -6746.613860 7.091787
203 -6928.183964 9.973925
17 -6871.163940 9.068822
456 -6575.795621 4.380319
31 -6553.489358 4.026242
99 -6495.359879 3.103529
10 -6884.676716 9.283316
102 -6618.547032 5.058930
124 -6795.164452 7.862451
307 -6642.714531 5.442550
112 -6670.731620 5.887277
262 -6914.878104 9.762715
68 -6446.539936 2.328590
542 -6594.443841 4.676330
17 -6834.014196 8.479129
213 -6819.453546 8.248002
31 -6604.372656 4.833934
173 -6911.005959 9.701251
51 -6825.043179 8.336728
347 -6645.544342 5.487469
10 -6789.115857 7.766439
15 -6878.583143 9.186590
370 -6731.079321 6.845201
147 -6582.798504 4.491479
37 -6779.029441 7.606333
10 -6510.039136 3.336539
142 -6472.817276 2.745701
54 -6857.604891 8.853594
10 -6927.019280 9.955437
25 -6886.642918 9.314526
160 -6822.792687 8.301005
386 -6554.001657 4.034374
242 -6781.274027 7.641963
203 -6506.866715 3.286182
969 -6794.281320 7.848433
192 -6591.033101 4.622190
122 -6797.991911 7.907332
176 -6589.104607 4.591578
30 -6757.573071 7.265747
10 -6801.715607 7.966440
109 -6793.954045 7.843238
266 -6844.625887 8.647573
219 -6307.712515 0.124925
266 -6769.519617 7.455380
337 -6789.248839 7.768550
161 -6671.523299 5.899844
169 -6770.176022 7.465799
47 -6580.884773 4.461101
23 -6769.549595 7.455856
318 -6362.713897 0.997985
208 -6834.246841 8.482822
82 -6606.869708 4.873571
66 -6759.866893 7.302158
135 -6558.417815 4.104474
85 -6572.500072 4.328007
28 -6875.909383 9.144149
142 -6885.734877 9.300113
210 -6681.597516 6.059756
72 -6665.518431 5.804526
255 -6722.678512 6.711852
110 -6599.378514 4.754660
395 -6911.735268 9.712828
321 -6901.097574 9.543971
39 -6551.842701 4.000104
146 -6537.615227 3.774266
103 -6563.100176 4.178799
10 -6743.851574 7.047941
111 -6635.387112 5.326239
390 -6688.510967 6.169496
256 -6748.777085 7.126125
453 -6908.245944 9.657440
138 -6596.087870 4.702426
603 -6561.926340 4.160166
82 -6718.674732 6.648298
442 -6918.657941 9.822714
182 -6825.989137 8.351744
370 -6570.909064 4.302753
631 -6678.606103 6.012272
291 -6718.221132 6.641098
859 -6636.229668 5.339614
31 -6425.523413 1.994986
529 -6446.081221 2.321309
64 -6743.316905 7.039453
107 -6422.449918 1.946199
70 -6815.644940 8.187546
14 -6911.263518 9.705339
23 -6646.925478 5.509393
52 -6797.590954 7.900968
22 -6824.025412 8.320573
277 -6834.998003 8.494745
41 -6559.284895 4.118237
10 -6656.964188 5.668741
44 -6815.583541 8.186572
141 -6849.636069 8.727101
119 -6614.714174 4.998089
12 -6564.057316 4.193992
145 -6808.267990 8.070449
31 -6515.944399 3.430276
112 -6508.223974 3.307726
90 -6626.416095 5.183839
96 -6547.358501 3.928925
67 -6785.094408 7.702605
40 -6459.076154 2.527583
288 -6915.193593 9.767723
10 -6693.096807 6.242289
113 -6837.796269 8.539163
91 -6634.305549 5.309071
553 -6910.745932 9.697124
221 -6457.381209 2.500678
27 -6686.013520 6.129853
201 -6852.646571 8.774888
16 -6908.758456 9.665576
16 -6365.272233 1.038594
142 -6703.549101 6.408203
110 -6498.600033 3.154962
151 -6794.069760 7.845074
10 -6626.660188 5.187713
410 -6750.454198 7.152747
38 -6780.442292 7.628760
111 -6498.055567 3.146319
79 -6512.393575 3.373912
68 -6509.085208 3.321397
188 -6904.381064 9.596091
198 -6647.582358 5.519819
509 -6681.813857 6.063190
198 -6677.637138 5.996891
356 -6890.365432 9.373615
26 -6907.203656 9.640896
732 -6377.084239 1.226091
323 -6523.422714 3.548982
56 -6358.380906 0.929205
26 -6794.340910 7.849379
259 -6763.927950 7.366621
152 -6787.618414 7.742670
111 -6433.335879 2.118997
275 -6862.864244 8.937078
181 -6672.887990 5.921506
37 -6691.414906 6.215592
42 -6710.117368 6.512464
119 -6734.780052 6.903944
166 -6859.622147 8.885615
71 -6497.906405 3.143951
239 -6636.460654 5.343280
365 -6712.951897 6.557457
139 -6852.132918 8.766735
319 -6502.118532 3.210812
92 -6480.223653 2.863266
55 -6886.232005 9.308004
35 -6714.581006 6.583317
278 -6573.795473 4.348570
78 -6514.116126 3.401255
201 -6762.460561 7.343329
78 -6806.634820 8.044525
53 -6646.154638 5.497157
74 -6847.578099 8.694434
67 -6650.352052 5.563784
174 -6681.120708 6.052188
95 -6714.270243 6.578384
454 -6907.495431 9.645527
69 -6884.140068 9.274798
213 -6913.019216 9.733208
179 -6679.249848 6.022491
709 -6830.450592 8.422562
406 -6919.323568 9.833280
262 -6809.337422 8.087424
1310 -6902.697331 9.569365
72 -6911.867046 9.714919
86 -6586.662408 4.552812
419 -6859.285569 8.880272
39 -6911.847086 9.714603
54 -6883.333005 9.261987
642 -6804.280270 8.007150
40 -6850.119599 8.734777
191 -6726.134941 6.766717
10 -6427.736607 2.030117
201 -6625.102372 5.162985
63 -6460.341678 2.547671
64 -6843.797406 8.634422
267 -6607.882444 4.889646
96 -6822.396606 8.294718
198 -6780.143272 7.624014
146 -6837.786729 8.539012
47 -6890.215462 9.371235
67 -6756.014017 7.241000
25 -6533.175843 3.703798
117 -6822.291619 8.293052
288 -6655.953229 5.652694
10 -6564.755004 4.205067
204 -6539.976953 3.811754
67 -6628.857853 5.222598
119 -6685.296547 6.118472
316 -6743.901999 7.048741
17 -6924.929290 9.922262
222 -6859.463557 8.883097
137 -6487.816231 2.983786
68 -6897.044176 9.479630
53 -6825.319824 8.341120
207 -6714.900712 6.588392
207 -6708.081976 6.480155
134 -6718.317930 6.642634
116 -6847.461124 8.692578
86 -6774.837376 7.539791
46 -6851.175985 8.751545
125 -6766.026310 7.399929
183 -6914.195869 9.751886
105 -6387.610760 1.393183
55 -6303.959699 0.065355
499 -6724.977192 6.748340
33 -6679.159674 6.021059
190 -6610.860205 4.936914
368 -6426.999558 2.018418
50 -6784.794741 7.697848
14 -6916.238844 9.784315
124 -6549.662840 3.965503
134 -6885.749217 9.300340
70 -6921.848058 9.873352
20 -6730.893803 6.842256
375 -6718.529793 6.645997
127 -6908.093445 9.655020
21 -6885.558196 9.297308
109 -6900.536028 9.535058
179 -6759.031074 7.288891
60 -6738.777551 6.967398
62 -6799.999753 7.939204
10 -6889.697804 9.363018
303 -6653.872279 5.619662
10 -6709.818561 6.507720
87 -6422.491712 1.946863
81 -6895.486974 9.454912
47 -6860.364715 8.897402
75 -6533.872663 3.714859
264 -6810.946404 8.112964
145 -6720.482860 6.676999
331 -6536.442550 3.755651
99 -6818.692947 8.235929
127 -6736.767648 6.935494
50 -6901.426978 9.549200
10 -6528.674128 3.632340
387 -6518.580296 3.472116
10 -6527.797597 3.618427
217 -6709.152601 6.497149
29 -6379.735878 1.268182
29 -6874.445630 9.120914
10 -6796.511932 7.883840
341 -6674.362594 5.944913
25 -6524.710159 3.569418
93 -6872.346649 9.087596
99 -6840.134411 8.576278
24 -6750.813521 7.158450
66 -6340.226477 0.641033
10 -6558.616433 4.107627
78 -6572.893350 4.334250
16 -6626.863244 5.190936
71 -6635.865552 5.333834
165 -6671.817149 5.904508
233 -6568.432466 4.263441
364 -6793.515530 7.836277
201 -6606.697316 4.870834
33 -6722.529851 6.709492
127 -6602.384955 4.802382
331 -6787.236569 7.736608
288 -6768.908430 7.445678
359 -6795.779249 7.872210
119 -6845.468032 8.660940
63 -6735.588367 6.916775
366 -6706.053565 6.447957
141 -6747.304450 7.102749
59 -6636.375150 5.341923
10 -6843.924435 8.636438
224 -6509.513414 3.328194
114 -6868.091416 9.020051
10 -6644.081379 5.464247
61 -6805.683225 8.029420
31 -6644.777660 5.475299
10 -6366.522309 1.058437
133 -6478.647999 2.838255
10 -6601.994976 4.796192
91 -6568.691156 4.267547
78 -6681.188497 6.053264
209 -6792.505569 7.820245
78 -6491.603595 3.043904
13 -6737.377320 6.945172
51 -6510.521898 3.344202
57 -6690.702024 6.204276
14 -6892.180439 9.402426
213 -6519.434591 3.485677
24 -6824.771630 8.332418
90 -6899.429281 9.517490
200 -6877.524535 9.169787
23 -6857.496880 8.851879
99 -6914.275905 9.753156
460 -6831.587197 8.440604
35 -6870.459985 9.057648
281 -6427.645750 2.028675
57 -6605.229166 4.847530
10 -6846.902483 8.683710
84 -6552.365208 4.008398
34 -6788.656754 7.759152
12 -6668.098760 5.845485
106 -6861.184534 8.910415
162 -6493.154655 3.068525
29 -6803.948223 8.001879
334 -6693.937104 6.255628
298 -6903.788815 9.586690
123 -6887.947368 9.335233
44 -6562.236476 4.165089
140 -6690.053435 6.193980
317 -6431.328000 2.087125
364 -6434.168746 2.132217
70 -6883.181581 9.259583
47 -6845.991296 8.669246
49 -6567.965279 4.256025
10 -6719.762704 6.665568
260 -6897.476533 9.486493
65 -6898.305862 9.499657
199 -6666.651745 5.822516
174 -6466.083184 2.638808
563 -6589.324527 4.595069
77 -6829.783279 8.411970
399 -6772.023570 7.495126
548 -6541.087719 3.829386
201 -6825.121553 8.337972
189 -6858.271508 8.864175
296 -6925.599004 9.932892
243 -6906.354315 9.627414
223 -6827.657819 8.378232
854 -6644.205850 5.466223
388 -6761.737328 7.331848
122 -6775.849457 7.555856
26 -6464.773835 2.618024
154 -6721.520246 6.693466
85 -6836.057890 8.511569
388 -6538.200686 3.783559
53 -6513.658985 3.393998
26 -6796.555061 7.884525
307 -6861.302662 8.912290
22 -6493.940562 3.081000
52 -6776.502754 7.566226
10 -6443.377609 2.278393
211 -6492.911606 3.064667
152 -6662.517448 5.756890
34 -6597.787055 4.729398
213 -6707.040368 6.463621
23 -6873.366951 9.103792
203 -6923.007447 9.891756
20 -6537.038055 3.765104
499 -6459.981520 2.541954
260 -6611.221087 4.942642
477 -6917.321024 9.801493
296 -6420.732590 1.918939
40 -6739.326479 6.976112
337 -6782.713858 7.664818
157 -6874.623059 9.123730
74 -6765.425864 7.390398
328 -6370.872764 1.127494
31 -6911.862279 9.714844
267 -6850.587264 8.742200
280 -6393.352149 1.484318
142 -6815.049695 8.178098
270 -6635.615677 5.329867
256 -6839.788389 8.570785
807 -6883.002386 9.256739
253 -6703.321847 6.404595
39 -6778.097242 7.591536
90 -6887.561143 9.329102
146 -6898.117342 9.496665
33 -6756.856911 7.254380
13 -6615.048667 5.003399
83 -6803.519287 7.995071
277 -6758.192714 7.275583
262 -6852.604818 8.774226
11 -6763.590809 7.361270
63 -6846.666543 8.679965
85 -6606.868931 4.873558
56 -6747.984285 7.113541
86 -6738.474813 6.962593
87 -6603.193164 4.815211
233 -6881.154198 9.227402
10 -6650.367930 5.564036
69 -6924.892354 9.921676
187 -6493.857949 3.079688
83 -6388.123641 1.401324
206 -6495.999627 3.113684
38 -6921.958325 9.875103
21 -6867.833156 9.015951
50 -6683.884887 6.096065
58 -6657.197075 5.672438
133 -6829.293490 8.404195
106 -6856.523715 8.836432
177 -6742.573416 7.027652
310 -6651.044817 5.574781
120 -6474.981339 2.780052
198 -6547.306662 3.928102
92 -6532.580125 3.694342
322 -6620.744560 5.093812
41 -6520.407930 3.501127
337 -6752.837097 7.190571
440 -6615.657716 5.013066
165 -6661.024068 5.733185
62 -6470.245377 2.704876
142 -6875.702009 9.140857
90 -6703.904685 6.413847
10 -6790.523402 7.788782
402 -6639.969386 5.398976
114 -6870.623982 9.060251
36 -6613.124665 4.972858
157 -6922.301851 9.880555
34 -6453.257906 2.435227
44 -6863.547949 8.947930
66 -6517.826159 3.460146
180 -6813.658268 8.156011
356 -6920.336645 9.849361
57 -6753.194572 7.196246
10 -6608.495083 4.899371
299 -6812.526388 8.138044
86 -6761.035725 7.320712
113 -6926.405766 9.945699
96 -6893.892916 9.429609
10 -6528.404147 3.628055
18 -6722.888004 6.715177
332 -6888.281859 9.340542
335 -6448.940885 2.366701
110 -6464.191425 2.608779
37 -6372.408330 1.151869
277 -6800.701235 7.950339
10 -6568.768849 4.268780
79 -6574.372195 4.357724
210 -6832.770707 8.459391
234 -6871.230320 9.069876
46 -6664.923164 5.795077
50 -6791.049667 7.797135
153 -6852.072180 8.765771
133 -6825.811980 8.348932
68 -6870.920967 9.064965
60 -6629.363611 5.230626
379 -6420.989474 1.923017
144 -6505.611432 3.266256
29 -6927.777427 9.967472
29 -6791.645154 7.806588
82 -6784.440794 7.692230
394 -6755.444536 7.231960
332 -6828.281887 8.388138
22 -6682.256697 6.070220
94 -6748.854738 7.127358
98 -6837.686772 8.537425
95 -6454.848382 2.460474
30 -6839.957782 8.573474
20 -6909.642740 9.679612
40 -6636.433075 5.342842
10 -6798.837031 7.920747
190 -6568.023728 4.256953
111 -6894.836354 9.444584
120 -6756.017080 7.241049
12 -6670.677878 5.886424
147 -6841.392749 8.596252
322 -6886.470053 9.311783
10 -6834.776686 8.491232
793 -6681.509295 6.058356
531 -6647.317266 5.515612
21 -6881.518670 9.233187
33 -6796.270814 7.880013
14 -6721.235363 6.688944
663 -6757.509663 7.264741
269 -6867.476708 9.010293
16 -6838.792886 8.554983
124 -6920.744976 9.855843
732 -6593.515648 4.661596
34 -6730.761086 6.840150
416 -6703.590904 6.408866
10 -6863.762217 8.951332
47 -6844.721493 8.649090
204 -6786.497888 7.724883
41 -6802.087635 7.972346
666 -6699.127542 6.338017
10 -6660.286479 5.721477
62 -6887.558174 9.329055
84 -6749.043433 7.130353
17 -6437.145567 2.179469
96 -6437.181563 2.180041
80 -6636.882873 5.349982
14 -6893.672304 9.426107
319 -6575.453027 4.374881
41 -6826.248376 8.355859
289 -6850.131202 8.734961
50 -6783.124799 7.671341
187 -6843.470729 8.629236
160 -6655.978177 5.653090
40 -6887.208265 9.323500
141 -6917.461089 9.803716
89 -6467.890447 2.667496
165 -6854.907889 8.810783
289 -6928.212908 9.974384
184 -6602.246313 4.800182
348 -6568.015859 4.256828
56 -6544.941945 3.890566
144 -6925.498645 9.931299
103 -6765.609852 7.393319
86 -6658.019198 5.685488
327 -6605.148945 4.846256
198 -6774.385677 7.532621
206 -6826.321819 8.357025
117 -6905.203371 9.609144
17 -6927.594588 9.964569
10 -6682.718128 6.077544
12 -6485.938942 2.953987
64 -6889.373316 9.357867
128 -6915.204649 9.767899
299 -6733.582776 6.884940
10 -6754.150275 7.211416
442 -6781.701345 7.648746
103 -6596.597288 4.710512
113 -6553.414425 4.025053
57 -6355.716527 0.886913
130 -6552.703520 4.013769
10 -6720.421066 6.676018
28 -6664.328148 5.785632
824 -6521.777488 3.522867
387 -6410.758466 1.760616
135 -6762.146697 7.338347
369 -6538.594284 3.789807
10 -6577.060296 4.400394
359 -6617.961288 5.049632
331 -6686.493040 6.137465
125 -6771.664045 7.489419
83 -6921.697155 9.870957
69 -6865.246425 8.974891
31 -6730.094208 6.829564
17 -6832.211535 8.450515
83 -6908.522367 9.661828
174 -6822.132846 8.290531
160 -6749.281648 7.134134
235 -6566.734230 4.236484
10 -6561.394769 4.151728
187 -6737.506124 6.947217
133 -6800.587225 7.948529
140 -6456.484184 2.486439
288 -6730.082351 6.829376
351 -6631.879316 5.270559
175 -6824.064695 8.321196
16 -6721.475419 6.692755
13 -6673.760708 5.935359
323 -6667.164902 5.830661
41 -6571.009382 4.304345
176 -6728.322342 6.801439
145 -6881.045258 9.225672
114 -6496.714799 3.125036
77 -6656.659024 5.663897
62 -6762.728963 7.347589
39 -6834.578005 8.488079
139 -6749.029500 7.130132
56 -6877.320688 9.166551
330 -6572.534553 4.328555
101 -6825.727346 8.347588
140 -6894.638133 9.441438
23 -6629.139245 5.227064
243 -6669.072368 5.860939
97 -6587.776185 4.570491
148 -6495.411581 3.104350
112 -6547.828423 3.936384
165 -6926.607964 9.948908
222 -6741.370140 7.008552
64 -6602.347088 4.801781
30 -6879.852957 9.206747
258 -6631.078251 5.257843
201 -6851.571425 8.757822
13 -6899.481490 9.518318
15 -6606.754258 4.871738
135 -6639.817058 5.396558
153 -6731.419175 6.850596
210 -6818.953354 8.240062
126 -6647.979225 5.526119
464 -6550.271920 3.975171
26 -6822.312788 8.293388
17 -6925.115219 9.925213
43 -6690.348914 6.198671
136 -6381.270518 1.292542
10 -6820.276816 8.261070
531 -6717.382597 6.627788
128 -6818.321854 8.230038
43 -6816.993987 8.208960
507 -6822.575262 8.297554
279 -6531.240279 3.673074
65 -6835.722764 8.506250
17 -6764.388389 7.373930
211 -6861.660521 8.917971
375 -6800.042669 7.939885
113 -6487.452569 2.978013
69 -6538.101453 3.781984
22 -6490.139342 3.020661
201 -6774.825327 7.539600
52 -6901.925836 9.557119
87 -6586.935453 4.557146
31 -6718.810009 6.650445
43 -6721.141966 6.687462
11 -6782.117140 7.655346
329 -6572.583555 4.329333
154 -6877.218942 9.164936
10 -6578.659150 4.425773
62 -6873.400719 9.104328
50 -6636.722390 5.347435
135 -6893.780944 9.427831
47 -6662.708386 5.759921
642 -6640.726087 5.410987
26 -6830.159240 8.417938
78 -6818.985264 8.240569
27 -6776.771112 7.570486
124 -6842.288271 8.610467
98 -6892.797380 9.412219
10 -6566.400620 4.231188
174 -6623.709663 5.140878
80 -6577.812094 4.412327
115 -6433.945574 2.128675
26 -6908.392441 9.659766
144 -6883.833944 9.269938
220 -6801.894307 7.969277
316 -6565.841860 4.222319
78 -6912.579878 9.726235
217 -6664.716567 5.791798
49 -6781.307001 7.642486
112 -6397.755092 1.554208
10 -6624.655662 5.155895
50 -6567.037017 4.241290
162 -6600.218384 4.767992
33 -6806.421422 8.041138
70 -6812.193737 8.132764
63 -6785.629653 7.711101
313 -6799.043971 7.924032
21 -6902.069757 9.559403
73 -6800.936665 7.954076
279 -6834.765489 8.491055
46 -6542.196569 3.846987
58 -6870.485583 9.058054
99 -6674.759663 5.951216
101 -6672.495057 5.915269
13 -6715.070713 6.591090
194 -6850.671546 8.743538
299 -6862.009059 8.923503
163 -6710.058783 6.511534
180 -6893.207917 9.418735
291 -6672.656077 5.917825
806 -6678.195857 6.005760
289 -6757.901601 7.270962
243 -6628.433606 5.215863
16 -6426.942685 2.017515
233 -6792.549461 7.820942
292 -6751.771896 7.173663
75 -6886.594061 9.313751
149 -6674.259358 5.943275
116 -6706.057071 6.448013
545 -6792.851556 7.825737
10 -6914.998125 9.764620
154 -6803.302959 7.991637
446 -6913.743477 9.744705
307 -6820.147570 8.259018
10 -6511.709798 3.363058
65 -6781.176283 7.640411
140 -6891.560921 9.392592
50 -6554.147188 4.036684
34 -6892.857089 9.413167
47 -6796.547536 7.884405
56 -6699.597537 6.345478
140 -6737.853155 6.952725
106 -6823.117772 8.306166
162 -6870.701240 9.061478
274 -6502.825337 3.222032
235 -6453.767488 2.443316
198 -6551.216416 3.990163
818 -6914.848178 9.762240
225 -6657.872667 5.683162
14 -6639.244874 5.387475
10 -6765.622584 7.393521
79 -6526.315029 3.594893
489 -6668.506178 5.851952
102 -6891.690580 9.394650
527 -6822.089382 8.289842
428 -6518.827706 3.476044
117 -6895.501198 9.455138
103 -6767.798791 7.428065
31 -6767.985251 7.431024
337 -6469.794202 2.697715
95 -6889.834478 9.365187
14 -6771.028235 7.479327
392 -6856.259991 8.832246
22 -6822.071368 8.289556
66 -6601.455239 4.787625
114 -6866.385431 8.992971
176 -6859.921192 8.890361
47 -6536.894330 3.762823
46 -6523.210472 3.545613
150 -6495.556634 3.106652
37 -6902.218738 9.561768
364 -6521.342022 3.515955
10 -6928.921422 9.985631
454 -6855.676901 8.822990
38 -6477.717557 2.823485
318 -6902.102876 9.559929
349 -6451.634996 2.409466
10 -6782.012090 7.653678
34 -6538.771916 3.792626
428 -6726.264573 6.768775
176 -6863.968186 8.954601
129 -6519.564137 3.487733
102 -6856.575526 8.837254
24 -6770.430966 7.469846
30 -6884.959435 9.287804
179 -6395.327881 1.515680
127 -6915.964797 9.779965
930 -6826.653334 8.362287
300 -6718.342633 6.643027
690 -6585.619554 4.536258
11 -6915.395828 9.770933
156 -6844.163415 8.640232
450 -6732.672512 6.870491
20 -6731.229581 6.847586
261 -6818.571097 8.233994
237 -6453.173930 2.433894
28 -6787.781349 7.745256
10 -6770.593382 7.472424
66 -6681.454762 6.057490
142 -6905.969276 9.621302
69 -6591.508722 4.629740
269 -6738.733657 6.966702
46 -6704.443171 6.422395
127 -6507.827053 3.301426
41 -6601.538890 4.788953
48 -6688.845004 6.174798
54 -6824.937320 8.335048
261 -6587.704445 4.569353
60 -6577.393198 4.405678
45 -6858.444161 8.866916
212 -6810.676702 8.108683
10 -6602.116913 4.798128
11 -6662.005424 5.748763
89 -6852.152536 8.767046
95 -6433.358237 2.119352
126 -6410.735640 1.760254
143 -6412.760488 1.792395
10 -6775.359440 7.548078
36 -6663.510597 5.772655
278 -6744.296683 7.055006
124 -6914.008503 9.748912
42 -6785.500666 7.709054
10 -6549.438468 3.961941
104 -6913.834838 9.746155
10 -6874.910675 9.128296
10 -6530.649130 3.663690
267 -6503.710789 3.236087
101 -6903.428645 9.580973
159 -6812.627181 8.139644
107 -6378.915160 1.255154
260 -6616.458873 5.025784
36 -6643.466691 5.454490
32 -6876.623243 9.155480
71 -6812.441910 8.136703
280 -6638.633385 5.377769
75 -6557.863976 4.095683
103 -6765.211808 7.387000
68 -6738.456022 6.962295
127 -6818.783975 8.237373
74 -6759.511126 7.296511
349 -6555.101987 4.051840
89 -6590.239190 4.609588
88 -6524.931832 3.572937
29 -6762.117321 7.337880
33 -6767.601858 7.424939
19 -6445.476959 2.311717
410 -6918.495071 9.820129
16 -6720.986241 6.684990
204 -6467.844338 2.666764
296 -6836.907835 8.525061
70 -6607.097466 4.877186
42 -6856.024443 8.828507
218 -6720.921023 6.683954
573 -6403.351122 1.643036
249 -6575.283919 4.372197
302 -6437.043248 2.177845
56 -6884.038645 9.273188
118 -6747.146498 7.100242
105 -6417.636807 1.869799
382 -6887.134096 9.322323
120 -6677.149024 5.989143
18 -6862.825024 8.936455
45 -6827.588555 8.377132
95 -6532.908000 3.699546
121 -6679.663543 6.029057
432 -6845.233552 8.657218
413 -6772.236133 7.498500
284 -6803.548193 7.995530
24 -6564.648851 4.203382
150 -6910.388018 9.691442
13 -6715.890978 6.604110
37 -6857.048572 8.844763
360 -6542.029999 3.844343
13 -6730.735394 6.839742
185 -6906.366142 9.627601
15 -6534.965132 3.732200
10 -6869.123004 9.036426
55 -6868.133590 9.020720
103 -6828.714177 8.395000
78 -6522.338775 3.531776
257 -6798.369789 7.913331
178 -6866.961938 9.002122
18 -6733.291068 6.880309
46 -6735.833408 6.920665
61 -6773.319439 7.515696
33 -6893.678920 9.426212
75 -6859.416684 8.882353
229 -6903.391360 9.580381
103 -6679.055805 6.019411
268 -6739.647089 6.981201
409 -6814.269433 8.165712
262 -6567.431559 4.247553
45 -6625.025715 5.161769
96 -6706.283640 6.451609
218 -6882.778207 9.253180
226 -6492.263110 3.054373
169 -6864.804911 8.967883
321 -6799.277307 7.927736
94 -6659.434742 5.707957
45 -6596.403541 4.707437
82 -6708.381912 6.484916
80 -6798.092830 7.908934
15 -6446.818771 2.333016
13 -6685.997794 6.129604
362 -6657.725703 5.680829
155 -6378.382230 1.246695
79 -6774.914509 7.541015
316 -6677.746754 5.998631
87 -6927.772377 9.967391
144 -6380.278695 1.276798
48 -6795.880888 7.873823
105 -6659.220839 5.704562
44 -6924.037582 9.908107
56 -6684.807186 6.110705
138 -6780.447479 7.628842
86 -6773.048345 7.511393
25 -6918.024248 9.812655
42 -6794.333740 7.849265
19 -6895.536595 9.455699
262 -6524.924083 3.572814
486 -6782.004658 7.653560
168 -6602.231990 4.799954
52 -6921.353086 9.865495
10 -6821.007912 8.272675
80 -6681.111847 6.052047
62 -6879.877788 9.207141
75 -6588.503039 4.582029
25 -6653.373178 5.611740
10 -6490.289020 3.023037
50 -6761.526841 7.328507
10 -6559.783729 4.126156
1068 -6847.915915 8.699797
252 -6725.369553 6.754568
10 -6893.338492 9.420808
146 -6831.465777 8.438677
94 -6906.967382 9.637145
197 -6774.936566 7.541365
21 -6800.294470 7.943882
261 -6640.441459 5.406469
667 -6646.157156 5.497197
32 -6810.945078 8.112943
170 -6817.915953 8.223595
397 -6818.893946 8.239119
107 -6872.951535 9.097197
86 -6542.460870 3.851183
53 -6493.530063 3.074484
55 -6738.755052 6.967041
229 -6896.827067 9.476184
49 -6605.751874 4.855827
78 -6732.807905 6.872640
56 -6814.571731 8.170511
87 -6755.664002 7.235444
13 -6811.719337 8.125234
577 -6649.512922 5.550464
113 -6414.543243 1.820693
273 -6900.964868 9.541865
71 -6596.546179 4.709701
52 -6617.392367 5.040601
655 -6678.536842 6.011173
59 -6658.398315 5.691506
554 -6893.582706 9.424685
58 -6763.589176 7.361244
30 -6924.559706 9.916395
166 -6633.709558 5.299611
541 -6675.117609 5.956898
10 -6891.528528 9.392078
172 -6540.003586 3.812177
170 -6827.873819 8.381660
10 -6727.150531 6.782838
40 -6641.307441 5.420215
76 -6364.846105 1.031830
42 -6848.783898 8.713575
59 -6538.986278 3.796029
102 -6834.225945 8.482490
797 -6851.891483 8.762903
35 -6870.779720 9.062723
83 -6620.405676 5.088433
28 -6662.943341 5.763651
91 -6869.529209 9.042873
22 -6644.271932 5.467272
124 -6855.572835 8.821338
119 -6706.815660 6.460054
350 -6810.493234 8.105771
430 -6767.339394 7.420772
37 -6506.865823 3.286168
137 -6794.064658 7.844994
75 -6709.988433 6.510417
58 -6350.639320 0.806320
34 -6699.984280 6.351617
67 -6865.647967 8.981265
694 -6874.810442 9.126705
91 -6598.048310 4.733545
260 -6708.597112 6.488332
263 -6850.038339 8.733487
94 -6864.441812 8.962119
370 -6660.062242 5.717918
150 -6776.593987 7.567674
45 -6506.104719 3.274087
35 -6625.485940 5.169074
247 -6831.967056 8.446634
75 -6748.858695 7.127421
570 -6619.660955 5.076612
348 -6742.252536 7.022558
262 -6710.073269 6.511764
341 -6851.121668 8.750683
117 -6715.305843 6.594822
102 -6849.205161 8.720261
262 -6620.894733 5.096196
301 -6454.374551 2.452952
132 -6462.999868 2.589865
168 -6649.903316 5.556661
153 -6641.929842 5.430095
64 -6658.534750 5.693671
227 -6874.039142 9.114462
53 -6484.358662 2.928902
44 -6691.952640 6.224127
115 -6636.972381 5.351403
352 -6881.221325 9.228467
70 -6365.549207 1.042991
121 -6778.853143 7.603535
130 -6796.919318 7.890307
32 -6422.535107 1.947552
28 -6912.990069 9.732746
255 -6814.119604 8.163334
195 -6892.348657 9.405096
101 -6544.514585 3.883782
155 -6840.555624 8.582964
50 -6920.207006 9.847303
154 -6550.200981 3.974045
190 -6468.776743 2.681564
143 -6850.203191 8.736104
113 -6793.029187 7.828557
16 -6462.311477 2.578938
77 -6904.542628 9.598656
158 -6841.279601 8.594456
177 -6737.544661 6.947828
105 -6791.926423 7.811052
550 -6829.324701 8.404691
91 -6878.060462 9.178294
184 -6672.051934 5.908235
179 -6923.885473 9.905693
15 -6884.034910 9.273128
189 -6375.103960 1.194657
22 -6571.823837 4.317273
217 -6739.886442 6.985000
79 -6851.382116 8.754817
174 -6719.006423 6.653563
430 -6821.284460 8.277065
412 -6802.321737 7.976062
92 -6676.589363 5.980260
194 -6450.465085 2.390896
305 -6675.853662 5.968582
17 -6799.318657 7.928392
67 -6657.783461 5.681746
15 -6867.362265 9.008477
19 -6885.965724 9.303777
114 -6821.694002 8.283566
61 -6615.916704 5.017177
37 -6776.721453 7.569698
116 -6670.274050 5.880014
34 -6813.227748 8.149177
64 -6882.910051 9.255273
10 -6840.688991 8.585081
70 -6677.888683 6.000884
520 -6579.763125 4.443297
29 -6804.334228 8.008007
144 -6926.984558 9.954886
22 -6426.363693 2.008324
145 -6678.563191 6.011591
138 -6661.246452 5.736715
77 -6602.644385 4.806500
219 -6505.674443 3.267257
630 -6618.921826 5.064879
144 -6929.079604 9.988142
78 -6916.011888 9.780712
102 -6755.242411 7.228752
316 -6693.663681 6.251287
35 -6827.297669 8.372515
143 -6811.283160 8.118310
143 -6625.889041 5.175473
49 -6662.719226 5.760093
123 -6655.665991 5.648134
77 -6793.546732 7.836772
208 -6828.386476 8.389798
175 -6922.191330 9.878801
352 -6803.658114 7.997274
375 -6662.177741 5.751498
99 -6512.615243 3.377431
170 -6734.767681 6.903748
57 -6408.383767 1.722921
73 -6892.312839 9.404527
95 -6386.096729 1.369150
38 -6516.842402 3.444530
114 -6793.562889 7.837029
693 -6620.459432 5.089286
10 -6415.615146 1.837708
10 -6662.221779 5.752197
143 -6739.666862 6.981515
101 -6402.219603 1.625075
158 -6902.551716 9.567053
73 -6855.965752 8.827575
184 -6692.739405 6.236616
41 -6558.841669 4.111202
10 -6726.017444 6.764852
288 -6684.312515 6.102852
99 -6897.292071 9.483565
56 -6516.896905 3.445395
15 -6735.389057 6.913611
302 -6667.560264 5.836937
433 -6842.833600 8.619123
113 -6876.391413 9.151800
125 -6727.879106 6.794403
495 -6726.440885 6.771573
102 -6438.021965 2.193381
11 -6658.105068 5.686851
209 -6792.077191 7.813446
281 -6770.261899 7.467163
409 -6823.542060 8.312900
86 -6543.929727 3.874498
10 -6509.964782 3.335359
202 -6775.718652 7.553780
133 -6824.171109 8.322886
31 -6528.147937 3.623988
73 -6761.938689 7.335045
191 -6656.203842 5.656672
252 -6840.597652 8.583631
140 -6687.478844 6.153113
39 -6847.395306 8.691533
1141 -6726.667484 6.775170
19 -6883.825654 9.269807
236 -6789.078866 7.765852
129 -6628.642944 5.219186
27 -6805.891882 8.032732
364 -6737.998604 6.955034
107 -6906.364098 9.627569
14 -6894.288181 9.435883
98 -6864.592080 8.964504
118 -6491.699784 3.045431
148 -6505.134312 3.258683
142 -6589.071642 4.591055
17 -6891.838634 9.397000
366 -6687.176303 6.148311
258 -6728.643984 6.806544
493 -6703.914470 6.414002
50 -6871.013554 9.066435
174 -6616.475946 5.026055
246 -6461.657345 2.568555
271 -6758.568290 7.281545
23 -6597.512717 4.725043
246 -6509.871117 3.333872
305 -6727.176779 6.783255
10 -6917.869409 9.810197
758 -6861.193652 8.910560
27 -6852.777715 8.776970
97 -6886.614817 9.314080
565 -6827.617502 8.377592
402 -6919.639923 9.838302
29 -6734.900512 6.905857
48 -6784.236815 7.688992
44 -6817.088375 8.210458
77 -6896.591692 9.472447
581 -6852.857349 8.778234
59 -6646.423481 5.501424
53 -6834.644676 8.489137
286 -6902.162513 9.560875
28 -6742.467110 7.025964
139 -6862.912675 8.937847
66 -6913.036938 9.733490
112 -6921.895406 9.874104
123 -6795.680511 7.870643
10 -6807.824619 8.063411
287 -6624.900053 5.159774
94 -6483.002910 2.907382
119 -6847.869100 8.699054
202 -6793.151616 7.830500
288 -6891.118134 9.385563
10 -6468.091522 2.670687
30 -6611.287870 4.943702
76 -6663.304120 5.769378
75 -6801.354524 7.960709
78 -6795.387826 7.865997
164 -6640.979581 5.415011
861 -6847.923855 8.699923
24 -6588.346522 4.579545
24 -6756.141339 7.243021
154 -6750.730181 7.157127
13 -6901.601904 9.551977
18 -6485.013439 2.939296
82 -6662.607465 5.758319
128 -6676.586937 5.980221
47 -6916.090310 9.781957
49 -6825.591225 8.345428
10 -6763.920801 7.366508
530 -6870.398355 9.056670
212 -6668.611931 5.853631
94 -6825.608255 8.345698
267 -6536.758288 3.760663
88 -6644.951591 5.478060
121 -6740.470935 6.994278
436 -6423.116212 1.956776
161 -6688.539434 6.169948
73 -6388.244915 1.403249
89 -6386.793894 1.380217
584 -6593.977018 4.668920
34 -6505.435624 3.263466
25 -6855.666020 8.822817
418 -6756.933749 7.255599
212 -6789.873593 7.778467
104 -6687.355757 6.151159
52 -6874.683861 9.124695
81 -6914.252163 9.752779
15 -6755.025457 7.225308
13 -6871.400835 9.072583
71 -6720.206665 6.672615
166 -6718.774385 6.649880
10 -6787.122410 7.734796
272 -6920.583980 9.853287
35 -6807.270174 8.054610
262 -6736.140172 6.925534
38 -6724.300069 6.737591
140 -6661.835875 5.746071
300 -6673.286848 5.927837
47 -6898.670207 9.505441
202 -6719.263528 6.657644
72 -6682.647572 6.076424
26 -6848.082690 8.702444
51 -6792.027695 7.812660
39 -6904.827031 9.603170
263 -6783.100056 7.670948
118 -6548.070982 3.940234
28 -6707.844405 6.476384
350 -6751.330369 7.166655
372 -6926.157888 9.941764
264 -6729.380640 6.818237
257 -6728.263303 6.800501
83 -6691.392315 6.215233
288 -6862.196023 8.926471
34 -6666.282325 5.816652
49 -6823.159536 8.306829
76 -6861.901872 8.921802
109 -6885.029950 9.288923
252 -6764.119377 7.369660
18 -6666.259933 5.816296
123 -6388.211864 1.402725
437 -6783.967743 7.684721
10 -6917.054125 9.797256
185 -6606.503113 4.867752
10 -6602.040309 4.796912
485 -6843.857836 8.635381
28 -6714.039486 6.574721
44 -6902.581879 9.567532
101 -6454.441995 2.454023
463 -6534.115716 3.718717
20 -6579.143942 4.433468
258 -6702.701948 6.394755
210 -6631.149405 5.258972
191 -6634.811234 5.317098
193 -6888.711009 9.347354
92 -6799.486755 7.931061
128 -6878.152370 9.179752
92 -6743.249992 7.038391
186 -6722.658242 6.711530
122 -6802.434394 7.977850
120 -6772.176726 7.497557
263 -6707.642176 6.473174
105 -6735.854995 6.921007
126 -6567.937836 4.255589
344 -6868.885593 9.032657
89 -6843.815973 8.634717
472 -6669.884068 5.873824
262 -6829.586835 8.408852
118 -6520.521081 3.502923
99 -6833.466233 8.470431
288 -6730.245230 6.831961
16 -6874.627306 9.123798
379 -6655.915965 5.652102
39 -6639.106164 5.385273
520 -6586.420273 4.548968
95 -6562.067056 4.162400
15 -6928.039945 9.971639
43 -6469.442428 2.692131
54 -6831.327001 8.436474
117 -6753.207019 7.196443
71 -6820.897287 8.270919
183 -6892.606583 9.409190
244 -6743.239380 7.038223
31 -6828.716423 8.395035
88 -6897.653667 9.489305
123 -6694.716288 6.267996
41 -6905.394718 9.612182
194 -6637.009863 5.351998
247 -6701.482222 6.375394
28 -6812.542685 8.138303
52 -6855.873154 8.826105
178 -6693.825862 6.253862
201 -6734.725174 6.903073
10 -6666.323604 5.817307
60 -6792.177861 7.815044
58 -6660.690208 5.727886
27 -6872.944785 9.097090
115 -6623.440543 5.136606
49 -6819.357406 8.246476
120 -6765.791029 7.396195
244 -6508.993743 3.319945
10 -6921.489062 9.867654
52 -6874.977557 9.129357
725 -6891.129924 9.385751
95 -6756.161256 7.243337
76 -6852.208019 8.767927
54 -6828.663794 8.394200
123 -6918.100928 9.813872
848 -6776.057892 7.559165
279 -6668.875778 5.857819
10 -6853.154837 8.782956
180 -6547.353001 3.928838
93 -6776.249458 7.562205
92 -6901.502359 9.550396
64 -6907.603167 9.647237
33 -6567.598788 4.250207
40 -6380.265029 1.276581
95 -6790.594309 7.789907
29 -6664.874838 5.794310
24 -6709.455363 6.501955
282 -6654.245856 5.625592
303 -6871.252955 9.070235
340 -6655.135141 5.639708
94 -6430.026054 2.066458
43 -6545.546724 3.900166
122 -6735.436997 6.914372
65 -6497.978430 3.145095
47 -6912.730064 9.728618
17 -6913.478083 9.740492
62 -6641.002206 5.415370
219 -6908.910722 9.667993
162 -6630.905627 5.255103
303 -6646.066857 5.495763
447 -6876.959903 9.160824
31 -6687.987367 6.161185
201 -6563.356062 4.182861
85 -6906.950561 9.636878
114 -6697.092985 6.305722
14 -6908.007035 9.653648
62 -6567.786410 4.253185
378 -6670.954764 5.890819
54 -6889.872360 9.365789
131 -6906.103073 9.623426
209 -6519.647997 3.489065
33 -6557.715555 4.093327
659 -6819.441640 8.247813
266 -6921.610599 9.869583
183 -6708.304085 6.483681
52 -6413.660182 1.806676
101 -6742.294457 7.023224
86 -6657.754188 5.681281
37 -6764.470160 7.375228
49 -6619.338359 5.071491
19 -6708.114014 6.480663
10 -6896.553397 9.471840
19 -6600.485287 4.772228
90 -6475.532632 2.788803
94 -6485.423946 2.945812
157 -6803.668510 7.997439
313 -6886.643787 9.314540
272 -6692.371151 6.230770
10 -6597.612389 4.726626
10 -6918.774700 9.824568
12 -6584.144646 4.512846
249 -6687.196421 6.148630
595 -6640.447186 5.406560
102 -6892.351442 9.405140
19 -6717.888739 6.635822
177 -6818.757972 8.236961
767 -6744.765735 7.062451
799 -6636.268643 5.340232
25 -6870.179534 9.053196
128 -6790.260777 7.784613
11 -6672.972959 5.922855
145 -6856.871848 8.841958
258 -6826.189124 8.354918
116 -6755.418453 7.231546
61 -6475.007887 2.780474
130 -6591.509501 4.629752
110 -6737.009916 6.939340
321 -6756.259056 7.244890
220 -6615.481866 5.010275
10 -6652.935118 5.604786
124 -6862.567171 8.932362
17 -6633.471092 5.295826
215 -6919.931028 9.842922
366 -6529.474209 3.645040
83 -6544.945842 3.890628
84 -6858.607371 8.869507
15 -6897.101339 9.480537
210 -6599.152899 4.751079
10 -6730.939463 6.842981
721 -6682.643494 6.076359
10 -6500.604393 3.186778
78 -6717.660812 6.632204
13 -6857.653688 8.854368
117 -6897.580859 9.488149
36 -6883.498225 9.264609
165 -6375.124935 1.194990
90 -6837.785327 8.538990
324 -6909.741987 9.681188
116 -6821.158253 8.275061
123 -6897.014762 9.479163
33 -6843.032959 8.622288
388 -6572.822733 4.333129
493 -6917.778684 9.808757
166 -6821.430700 8.279386
123 -6771.229476 7.482521
194 -6901.030121 9.542900
109 -6879.140901 9.195444
650 -6781.170056 7.640312
151 -6563.074091 4.178385
206 -6513.619834 3.393377
10 -6766.371426 7.405407
10 -6571.222749 4.307732
154 -6328.971137 0.462372
10 -6800.481349 7.946848
118 -6731.795828 6.856575
315 -6565.171225 4.211674
404 -6816.573518 8.202286
90 -6727.831056 6.793640
178 -6754.364895 7.214823
17 -6777.767957 7.586309
50 -6809.522102 8.090356
17 -6878.583226 9.186592
88 -6520.692754 3.505648
157 -6823.399511 8.310638
50 -6709.214044 6.498125
27 -6520.997854 3.510491
182 -6719.933827 6.668284
10 -6921.291486 9.864517
22 -6886.859956 9.317972
12 -6843.041032 8.622416
77 -6478.047039 2.828715
212 -6924.938357 9.922406
88 -6722.280448 6.705533
170 -6828.209804 8.386994
230 -6880.280910 9.213540
148 -6873.358921 9.103664
236 -6782.920365 7.668096
170 -6874.075945 9.115046
69 -6776.044417 7.558951
15 -6721.066289 6.686260
72 -6829.476049 8.407093
224 -6858.729466 8.871445
313 -6545.820592 3.904513
19 -6610.005994 4.923354
33 -6923.863243 9.905340
320 -6793.653913 7.838474
388 -6534.434776 3.723781
246 -6621.674109 5.108567
124 -6863.412303 8.945777
123 -6670.249363 5.879622
519 -6742.742390 7.030334
89 -6922.314882 9.880762
16 -6898.925195 9.509488
10 -6918.768324 9.824466
87 -6899.836382 9.523952
118 -6878.128662 9.179376
266 -6760.286346 7.308816
270 -6832.294319 8.451829
92 -6862.681961 8.934184
82 -6825.373833 8.341977
134 -6763.412370 7.358437
259 -6872.098649 9.083659
76 -6611.533953 4.947608
77 -6793.520788 7.836360
168 -6905.154299 9.608365
19 -6597.607009 4.726540
172 -6455.347603 2.468398
576 -6912.272825 9.721361
62 -6590.488324 4.613542
527 -6828.273835 8.388010
37 -6927.737751 9.966842
144 -6759.796695 7.301044
39 -6602.617095 4.806067
20 -6832.224037 8.450713
102 -6651.661941 5.584576
86 -6779.040809 7.606514
451 -6585.622136 4.536299
34 -6916.482203 9.788178
348 -6861.258256 8.911585
14 -6563.771238 4.189451
103 -6666.573120 5.821268
282 -6466.808514 2.650322
50 -6763.356653 7.357553
16 -6561.851751 4.158982
580 -6610.473237 4.930771
134 -6864.710188 8.966379
113 -6703.610785 6.409182
492 -6887.176995 9.323004
166 -6763.711769 7.363190
138 -6467.190565 2.656386
86 -6626.350686 5.182800
130 -6799.626866 7.933285
160 -6767.599820 7.424906
119 -6743.449079 7.041552
39 -6687.677278 6.156263
13 -6884.691974 9.283558
80 -6650.925921 5.572893
36 -6759.423607 7.295122
81 -6701.432345 6.374603
261 -6574.747952 4.363689
50 -6785.463857 7.708469
106 -6922.770564 9.887995
145 -6920.401475 9.850390
106 -6722.934052 6.715908
496 -6741.957103 7.017869
166 -6899.388736 9.516846
381 -6680.315975 6.039414
48 -6884.619992 9.282416
10 -6733.325281 6.880852
20 -6872.752075 9.094031
10 -6745.961892 7.081438
142 -6908.099246 9.655112
141 -6747.403255 7.104318
214 -6863.031199 8.939728
34 -6907.731462 9.649274
32 -6744.146666 7.052625
244 -6843.645321 8.632008
226 -6529.999416 3.653377
12 -6660.400651 5.723290
100 -6745.190925 7.069201
193 -6743.008566 7.034559
110 -6718.354199 6.643210
508 -6902.924434 9.572970
10 -6492.879836 3.064162
181 -6538.717127 3.791757
88 -6900.242729 9.530402
66 -6520.453619 3.501853
111 -6593.303600 4.658230
228 -6890.456799 9.375066
176 -6883.793804 9.269301
300 -6439.686797 2.219807
204 -6911.206786 9.704439
34 -6869.404251 9.040890
284 -6901.502581 9.550400
512 -6612.279873 4.959449
158 -6815.478014 8.184897
78 -6745.524257 7.074492
82 -6849.297232 8.721723
501 -6426.741066 2.014314
33 -6843.115551 8.623599
369 -6740.855079 7.000376
15 -6923.237180 9.895402
1066 -6825.003984 8.336106
108 -6794.106877 7.845664
43 -6721.081220 6.686497
241 -6600.365131 4.770321
63 -6865.808858 8.983819
63 -6583.107278 4.496380
43 -6519.106243 3.480465
374 -6916.910304 9.794973
335 -6717.326198 6.626892
358 -6864.568440 8.964129
77 -6846.143616 8.671664
51 -6922.001916 9.875794
57 -6719.179865 6.656316
167 -6909.529416 9.677813
671 -6920.694511 9.855041
108 -6877.985536 9.177104
456 -6698.206200 6.323393
41 -6907.623205 9.647555
43 -6870.502978 9.058331
210 -6858.438380 8.866824
376 -6928.561552 9.979918
114 -6510.014262 3.336144
106 -6730.100236 6.829660
136 -6415.725023 1.839452
77 -6619.601999 5.075676
166 -6908.520910 9.661805
571 -6747.575873 7.107058
349 -6429.054408 2.051035
196 -6542.885840 3.857928
164 -6802.017877 7.971238
342 -6678.805484 6.015437
463 -6614.730048 4.998341
170 -6899.589775 9.520037
110 -6884.307730 9.277459
166 -6704.649800 6.425675
253 -6433.779515 2.126039
65 -6449.379691 2.373667
84 -6746.511134 7.090157
194 -6549.730822 3.966582
106 -6831.689095 8.442222
442 -6860.269092 8.895884
116 -6712.448554 6.549467
50 -6768.227998 7.434878
104 -6878.636575 9.187438
130 -6904.718629 9.601450
244 -6515.100845 3.416886
179 -6356.826362 0.904530
203 -6744.528828 7.058691
129 -6508.803145 3.316920
100 -6860.997902 8.907453
164 -6644.853557 5.476504
116 -6895.193540 9.450254
60 -6914.245022 9.752666
257 -6692.208243 6.228185
96 -6717.365112 6.627510
190 -6720.372482 6.675247
78 -6890.140337 9.370042
129 -6797.262524 7.895755
115 -6888.043497 9.336758
70 -6560.475456 4.137136
44 -6690.163784 6.195732
371 -6904.389358 9.596223
15 -6746.924709 7.096722
55 -6809.999194 8.097929
210 -6928.640639 9.981174
335 -6781.503053 7.645598
464 -6638.398669 5.374043
103 -6813.336832 8.150909
117 -6710.732588 6.522229
45 -6885.678807 9.299223
110 -6672.283618 5.911913
10 -6571.407574 4.310666
110 -6648.624011 5.536354
450 -6736.454324 6.930521
439 -6745.712816 7.077485
278 -6396.192887 1.529411
178 -6842.028758 8.606347
382 -6574.073173 4.352978
500 -6816.304206 8.198011
54 -6911.769107 9.713365
117 -6808.786925 8.078686
204 -6846.478003 8.676972
61 -6845.401928 8.659891
46 -6895.544929 9.455832
123 -6342.882099 0.683186
14 -6823.316988 8.309328
234 -6737.683488 6.950032
10 -6650.580251 5.567406
169 -6559.769816 4.125935
134 -6792.369799 7.818090
747 -6498.230485 3.149096
151 -6540.972442 3.827556
15 -6707.903496 6.477322
204 -6898.295447 9.499492
110 -6483.749149 2.919227
12 -6806.503701 8.042444
304 -6796.779283 7.888084
28 -6585.004070 4.526488
93 -6809.785262 8.094533
107 -6827.342178 8.373221
292 -6661.056632 5.733702
47 -6879.370869 9.199094
148 -6477.688493 2.823024
315 -6831.802813 8.444027
65 -6842.679112 8.616671
60 -6821.915837 8.287087
76 -6672.814278 5.920336
16 -6789.973792 7.780058
278 -6885.280359 9.292898
100 -6875.525320 9.138052
10 -6819.009152 8.240948
10 -6770.483797 7.470685
95 -6836.611531 8.520358
19 -6513.558671 3.392406
20 -6897.120364 9.480839
57 -6714.473528 6.581611
278 -6710.086425 6.511972
85 -6846.866435 8.683138
453 -6888.241355 9.339899
142 -6681.239228 6.054069
216 -6901.608443 9.552080
548 -6734.174179 6.894327
364 -6591.714074 4.632999
92 -6763.234774 7.355618
122 -6664.442065 5.787441
103 -6833.918179 8.477605
20 -6766.149630 7.401887
129 -6749.465512 7.137053
10 -6881.991504 9.240693
117 -6491.593465 3.043743
97 -6756.514982 7.248952
155 -6884.295109 9.277259
17 -6834.011391 8.479085
174 -6515.076564 3.416500
159 -6891.193853 9.386765
81 -6860.392399 8.897841
260 -6750.681436 7.156354
18 -6646.819459 5.507710
350 -6600.378007 4.770525
370 -6839.929804 8.573030
22 -6498.063426 3.146444
22 -6582.702760 4.489959
45 -6591.780442 4.634053
217 -6861.577391 8.916651
661 -6405.507508 1.677265
98 -6857.279559 8.848430
235 -6925.004783 9.923460
152 -6905.518738 9.614150
230 -6492.681941 3.061021
214 -6874.244441 9.117720
25 -6840.017724 8.574425
320 -6896.909298 9.477489
175 -6410.109884 1.750321
127 -6909.553073 9.678189
228 -6812.095517 8.131205
60 -6929.425847 9.993638
121 -6541.635688 3.838084
257 -6775.496666 7.550256
159 -6419.580061 1.900645
145 -6613.328646 4.976096
30 -6763.939792 7.366809
364 -6509.191246 3.323080
109 -6835.198783 8.497932
139 -6845.351285 8.659087
170 -6777.421295 7.580807
10 -6750.716794 7.156915
21 -6749.300968 7.134441
83 -6760.094690 7.305774
10 -6722.086805 6.702459
245 -6692.332660 6.230160
30 -6407.765985 1.713115
77 -6788.506019 7.756759
116 -6670.883055 5.889681
414 -6839.479687 8.565885
114 -6839.226880 8.561872
14 -6511.339991 3.357188
33 -6831.297826 8.436011
661 -6587.167011 4.560822
63 -6533.504645 3.709017
36 -6800.989480 7.954914
10 -6640.186951 5.402429
372 -6405.623775 1.679111
89 -6426.306501 2.007416
324 -6683.347412 6.087533
30 -6704.493637 6.423196
244 -6568.026877 4.257002
152 -6853.618630 8.790318
79 -6902.440394 9.565286
45 -6766.479982 7.407131
456 -6892.158387 9.402076
324 -6859.897128 8.889979
170 -6927.104338 9.956787
29 -6863.698353 8.950318
242 -6402.493472 1.629422
324 -6743.626505 7.044368
10 -6929.566683 9.995873
54 -6919.373144 9.834067
10 -6877.665317 9.172021
53 -6615.682351 5.013458
28 -6784.782137 7.697648
140 -6863.638879 8.949374
142 -6800.632101 7.949241
19 -6581.122565 4.464876
32 -6476.097445 2.797769
172 -6561.433546 4.152344
87 -6782.978765 7.669023
359 -6881.632185 9.234989
133 -6902.871873 9.572135
357 -6789.501956 7.772568
41 -6814.600676 8.170970
10 -6918.693535 9.823279
130 -6390.614148 1.440857
18 -6609.035101 4.907943
344 -6637.508377 5.359911
751 -6344.881926 0.714931
619 -6899.251283 9.514664
91 -6765.735154 7.395308
367 -6573.481368 4.343584
152 -6844.740657 8.649395
236 -6625.153936 5.163804
330 -6744.851121 7.063807
64 -6755.060708 7.225868
10 -6871.233525 9.069927
41 -6693.288455 6.245331
351 -6512.369675 3.373533
50 -6896.933408 9.477872
10 -6693.704229 6.251931
486 -6821.449384 8.279683
370 -6872.896420 9.096323
201 -6622.046016 5.114471
96 -6452.736060 2.426944
10 -6587.282327 4.562652
40 -6339.770011 0.633787
131 -6847.636352 8.695359
111 -6738.176832 6.957863
10 -6736.894312 6.937505
114 -6904.821514 9.603083
145 -6648.204200 5.529690
367 -6893.605115 9.425040
48 -6750.908368 7.159956
131 -6844.950086 8.652719
370 -6914.636174 9.758875
28 -6894.316976 9.436340
111 -6713.625182 6.568145
12 -6419.776510 1.903763
245 -6919.691249 9.839116
168 -6913.451293 9.740067
341 -6828.719232 8.395080
157 -6907.507071 9.645712
10 -6893.958478 9.430649
177 -6488.297700 2.991428
193 -6910.571481 9.694354
10 -6873.305245 9.102812
275 -6711.968336 6.541845
200 -6863.827790 8.952373
219 -6606.943555 4.874743
44 -6817.609509 8.218731
64 -6560.689624 4.140535
304 -6460.006021 2.542343
367 -6816.936069 8.208041
183 -6408.680005 1.727624
99 -6816.277285 8.197584
445 -6802.612695 7.980680
340 -6732.169315 6.862503
40 -6727.640995 6.790623
35 -6862.068071 8.924440
10 -6554.768767 4.046551
61 -6672.494661 5.915263
250 -6678.062869 6.003649
75 -6654.175633 5.624477
213 -6485.518047 2.947306
556 -6910.154184 9.687730
106 -6758.011848 7.272712
26 -6756.594300 7.250211
408 -6690.952221 6.208247
104 -6570.607220 4.297961
310 -6671.200725 5.894724
417 -6697.184281 6.307171
64 -6782.060818 7.654452
155 -6558.713302 4.109164
166 -6919.563580 9.837090
366 -6645.762720 5.490936
358 -6692.948984 6.239943
320 -6836.701525 8.521786
72 -6719.432667 6.660329
34 -6480.104245 2.861370
203 -6828.213178 8.387047
62 -6800.414153 7.945782
18 -6504.713610 3.252005
323 -6641.290878 5.419952
21 -6897.573699 9.488035
54 -6893.449782 9.422575
200 -6831.255534 8.435340
100 -6618.562657 5.059178
274 -6861.377978 8.913486
146 -6792.984250 7.827844
69 -6725.046848 6.749445
58 -6671.358012 5.897220
101 -6649.242375 5.546170
13 -6631.774444 5.268894
481 -6409.718510 1.744108
98 -6883.386615 9.262838
261 -6647.057819 5.511493
132 -6489.895806 3.016796
120 -6593.290564 4.658023
15 -6335.889533 0.572191
103 -6548.951625 3.954213
16 -6690.755830 6.205130
75 -6895.005988 9.447277
603 -6594.918712 4.683868
96 -6733.237836 6.879464
258 -6686.086360 6.131009
62 -6922.418598 9.882409
18 -6784.163523 7.687829
86 -6849.180429 8.719869
10 -6805.638428 8.028709
25 -6726.265888 6.768796
109 -6518.221886 3.466427
58 -6704.745481 6.427193
121 -6852.106617 8.766317
119 -6706.052954 6.447947
165 -6831.719012 8.442697
203 -6899.450516 9.517827
330 -6855.890061 8.826374
301 -6827.075555 8.368989
416 -6630.874292 5.254605
309 -6842.531233 8.614323
447 -6569.010284 4.272613
929 -6855.298993 8.816991
