7 97.079858 2.881295
7 91.000262 8.963323
7 97.144036 2.817091
7 95.312561 4.649299
7 97.834977 2.125873
7 92.491481 7.471508
7 94.009584 5.952797
7 95.608059 4.353682
7 98.388655 1.571973
7 98.264078 1.696600
8 91.677381 8.285934
8 92.821229 7.141628
8 93.779711 6.182763
7 97.137993 2.823136
7 91.416645 8.546774
7 92.008080 7.955102
9 90.540298 9.423471
9 90.041209 9.922760
9 96.135352 3.826178
9 91.198506 8.765000
10 94.162670 5.799650
9 94.521460 5.440716
10 93.198940 6.763766
7 94.069287 5.893070
8 90.701336 9.262369
11 97.269555 2.691522
11 91.085241 8.878310
11 90.824705 9.138950
11 91.669389 8.293929
11 98.295897 1.664769
11 96.468908 3.492489
11 98.906271 1.054150
11 98.861014 1.099426
11 99.253164 0.707119
10 98.732359 1.228132
7 92.460916 7.502084
11 98.836971 1.123478
7 92.203087 7.760017
7 92.047576 7.915590
9 95.281062 4.680810
12 94.523929 5.438247
12 98.844774 1.115672
12 95.722615 4.239081
12 92.145794 7.817333
11 91.380093 8.583340
11 92.394124 7.568904
10 95.207366 4.754536
7 90.913889 9.049731
12 97.109267 2.851874
9 98.350162 1.610482
7 96.723886 3.237409
9 93.639305 6.323225
13 96.215974 3.745524
13 90.445832 9.517976
13 92.255288 7.707795
7 94.689422 5.272688
13 96.470965 3.490431
13 98.184741 1.775969
9 94.953691 5.008313
11 94.859558 5.102483
11 99.553005 0.407158
12 97.191235 2.769873
11 97.945498 2.015308
7 93.159926 6.802795
15 93.009994 6.952787
9 96.175787 3.785727
15 97.228526 2.732567
7 91.863699 8.099541
15 96.426770 3.534644
15 96.036642 3.924928
12 97.581826 2.379126
7 96.345016 3.616430
7 91.174742 8.788774
11 92.587526 7.375424
11 97.863789 2.097050
9 99.955317 0.004685
7 91.123839 8.839697
12 93.122864 6.839872
7 90.032421 9.931552
9 97.800116 2.160748
12 95.699501 4.262203
7 95.576032 4.385722
11 91.283727 8.679745
9 94.121962 5.840375
12 92.813198 7.149662
12 96.039686 3.921883
11 97.341416 2.619632
12 94.581889 5.380263
7 94.214374 5.747925
7 94.845658 5.116389
17 99.428216 0.531997
9 99.129092 0.831241
7 95.540488 4.421280
9 95.145746 4.816180
17 99.340158 0.620090
16 90.739184 9.224506
12 93.168916 6.793801
13 91.447866 8.515540
13 94.300840 5.661425
7 94.168516 5.793802
8 91.834255 8.128996
15 99.108726 0.851615
7 94.895976 5.066051
9 90.404346 9.559477
11 93.624905 6.337630
13 94.242537 5.719751
12 95.823752 4.137903
11 90.264989 9.698891
7 96.438399 3.523011
13 94.566353 5.395806
11 91.560137 8.403224
13 93.236986 6.725704
12 90.776007 9.187668
19 93.173955 6.788760
7 96.204079 3.757424
12 91.879093 8.084141
7 95.452333 4.509471
9 93.496137 6.466450
12 98.862541 1.097898
20 93.606894 6.355649
15 95.296785 4.665081
9 98.593448 1.367099
9 97.735408 2.225482
15 93.906027 6.056396
7 96.020430 3.941146
12 97.160840 2.800280
7 93.379558 6.583076
11 95.321325 4.640531
12 99.519357 0.440820
11 91.881647 8.081586
12 96.426561 3.534853
8 91.498506 8.464880
8 92.901559 7.061266
16 98.610303 1.350237
9 97.885154 2.075677
12 96.606485 3.354857
15 94.048624 5.913742
9 99.128132 0.832201
11 96.694741 3.266566
7 99.918517 0.041499
12 94.181756 5.780556
9 96.997526 2.963659
7 97.876146 2.084688
7 97.521218 2.439758
7 96.680469 3.280844
13 97.376136 2.584898
11 91.206171 8.757332
12 98.374883 1.585751
11 95.359803 4.602038
11 90.759586 9.204095
13 98.851685 1.108758
7 96.063017 3.898542
11 98.372337 1.588299
11 97.153583 2.807540
9 95.690795 4.270914
11 98.384613 1.576018
8 98.236497 1.724193
13 92.580230 7.382723
11 91.097726 8.865820
11 91.502551 8.460833
11 97.054540 2.906623
11 94.074032 5.888323
7 94.667515 5.294603
10 98.351727 1.608917
7 94.072318 5.890038
7 97.576180 2.384774
9 97.376766 2.584268
11 97.741288 2.219599
9 91.303526 8.659938
12 91.690602 8.272707
7 92.840170 7.122679
11 98.965079 0.995319
8 95.729642 4.232050
11 95.836983 4.124667
9 99.225346 0.734948
11 94.957954 5.004048
12 96.698159 3.263146
9 98.681343 1.279169
15 95.085108 4.876843
11 90.426603 9.537211
13 91.538261 8.425109
11 92.577494 7.385460
21 94.094382 5.867966
13 99.181645 0.778667
9 92.446348 7.516658
11 98.327156 1.633498
9 95.778209 4.183464
12 91.152379 8.811146
12 97.307426 2.653635
19 92.550255 7.412710
13 93.032445 6.930327
16 91.504113 8.459270
18 95.040043 4.921925
15 92.893735 7.069092
15 94.522050 5.440126
16 97.300676 2.660388
15 90.717273 9.246426
15 94.930109 5.031904
17 98.363740 1.596898
19 96.072954 3.888602
