30 -0.255148 2.059392
321 -0.251084 0.433776
250 -0.266641 6.656525
285 -0.270561 8.224548
490 -0.262545 5.017811
597 -0.255680 2.271870
652 -0.260685 4.273920
641 -0.270861 8.344436
968 -0.254152 1.660851
942 -0.261605 4.641814
831 -0.274657 9.862855
1044 -0.271975 8.789986
28 -0.259023 3.609393
1239 -0.262513 5.005359
1295 -0.272698 9.079192
1406 -0.267850 7.140166
1522 -0.266238 6.495345
1557 -0.261202 4.480634
1632 -0.255157 2.062767
1773 -0.257125 2.849961
812 -0.264594 5.837441
1825 -0.264283 5.713091
1962 -0.267955 7.181927
1963 -0.259822 3.928609
2078 -0.273855 9.541941
2013 -0.268434 7.373485
1694 -0.272754 9.101703
1465 -0.252914 1.165784
1397 -0.258730 3.492022
118 -0.266935 6.774125
1411 -0.255156 2.062294
2013 -0.273931 9.572286
2492 -0.263230 5.291961
1194 -0.261890 4.755991
2302 -0.270152 8.060975
2256 -0.267581 7.032269
1440 -0.253660 1.464152
2698 -0.257238 2.895395
554 -0.264289 5.715616
724 -0.256696 2.678383
2789 -0.254749 1.899552
1874 -0.264777 5.910977
2927 -0.263263 5.305324
866 -0.266276 6.510556
1461 -0.264349 5.739739
3079 -0.271291 8.516392
260 -0.257544 3.017797
279 -0.266073 6.429312
509 -0.258932 3.572759
240 -0.274110 9.644173
2087 -0.273781 9.512475
1052 -0.264056 5.622571
372 -0.266084 6.433529
1366 -0.271789 8.715452
2341 -0.274306 9.722419
2861 -0.261670 4.667875
2145 -0.273071 9.228505
3383 -0.261630 4.652180
1277 -0.265177 6.070703
2235 -0.259576 3.830223
3453 -0.274544 9.817716
2495 -0.254352 1.740740
1365 -0.261679 4.671747
1567 -0.258561 3.424530
3685 -0.264978 5.991233
3727 -0.261915 4.766118
346 -0.260099 4.039789
3589 -0.258891 3.556387
3870 -0.270886 8.354405
2270 -0.274270 9.708065
1287 -0.261660 4.663803
46 -0.269094 7.637724
3644 -0.269140 7.656033
1977 -0.259718 3.887377
91 -0.262385 4.954162
4197 -0.270285 8.113805
3601 -0.267758 7.103025
1916 -0.259990 3.995880
1667 -0.272642 9.056994
2217 -0.260427 4.170829
362 -0.274014 9.605617
1254 -0.257666 3.066297
1068 -0.258667 3.466858
4348 -0.262639 5.055666
955 -0.267330 6.932085
1921 -0.263608 5.443008
2638 -0.268859 7.543776
2844 -0.274107 9.642917
4635 -0.265280 6.111930
4666 -0.273016 9.206468
2122 -0.265957 6.382907
4830 -0.264752 5.900852
3357 -0.256347 2.538623
1850 -0.259991 3.996563
2087 -0.257653 3.061010
3557 -0.273329 9.331732
5120 -0.262903 5.161336
3265 -0.269961 7.984309
5112 -0.272024 8.809535
1191 -0.263282 5.312837
898 -0.271287 8.514887
2495 -0.262770 5.107897
4340 -0.264981 5.992209
5389 -0.265035 6.014181
5477 -0.262366 4.946440
732 -0.274929 9.971709
5574 -0.255879 2.351429
898 -0.257906 3.162245
2153 -0.270418 8.167193
2440 -0.272586 9.034409
2235 -0.258900 3.560140
2370 -0.264047 5.618929
2978 -0.256075 2.430033
3982 -0.265498 6.199217
2617 -0.273201 9.280203
4289 -0.255646 2.258551
5759 -0.273615 9.446128
2868 -0.267416 6.966298
6095 -0.255510 2.204027
5712 -0.268240 7.296167
903 -0.269271 7.708507
6125 -0.265070 6.027820
710 -0.273930 9.572065
1394 -0.274826 9.930444
4339 -0.267990 7.196001
4762 -0.263770 5.507974
6420 -0.263359 5.343419
2035 -0.265218 6.087208
3382 -0.265465 6.186093
1346 -0.274357 9.742895
6545 -0.271453 8.581281
3174 -0.274402 9.760903
4786 -0.266569 6.627465
1942 -0.274806 9.922469
5300 -0.267771 7.108498
595 -0.271010 8.404082
4072 -0.269469 7.787552
4067 -0.274735 9.894115
3009 -0.260523 4.209238
3112 -0.256590 2.635901
452 -0.269306 7.722510
5625 -0.252788 1.115087
4308 -0.271209 8.483794
1022 -0.262118 4.847022
2939 -0.271943 8.777234
6051 -0.270620 8.248184
1567 -0.260295 4.117922
4292 -0.258753 3.501240
1490 -0.251771 0.708226
6830 -0.274547 9.818806
2376 -0.256081 2.432467
12 -0.260598 4.239297
732 -0.272128 8.851153
1014 -0.259865 3.945964
998 -0.261854 4.741513
867 -0.263195 5.278012
455 -0.270669 8.267446
2668 -0.272672 9.068978
4561 -0.264522 5.808762
3476 -0.265336 6.134535
1108 -0.263614 5.445795
603 -0.268146 7.258540
7724 -0.270179 8.071684
1250 -0.256123 2.449038
2167 -0.266608 6.643269
7526 -0.271926 8.770229
5152 -0.266389 6.555499
4601 -0.254137 1.654934
7324 -0.266017 6.406742
1748 -0.261667 4.666744
3494 -0.260376 4.150527
1827 -0.264697 5.878704
5349 -0.260685 4.273954
1122 -0.252091 0.836243
585 -0.255467 2.186877
1011 -0.268786 7.514321
555 -0.254220 1.687830
648 -0.260569 4.227509
1941 -0.256166 2.466303
8370 -0.269051 7.620465
647 -0.269597 7.838919
6163 -0.268722 7.488822
8160 -0.263490 5.395973
3513 -0.262301 4.920276
1960 -0.259091 3.636475
8550 -0.269482 7.792916
6370 -0.271132 8.452658
1534 -0.269761 7.904501
1539 -0.265462 6.184979
32 -0.261541 4.616469
1835 -0.270481 8.192211
1354 -0.264694 5.877620
8795 -0.264310 5.724190
1820 -0.267689 7.075525
7726 -0.250687 0.274810
426 -0.266560 6.624171
671 -0.266197 6.478834
810 -0.269342 7.736841
4784 -0.263923 5.569250
2471 -0.274171 9.668272
766 -0.264468 5.787309
690 -0.252947 1.178737
7774 -0.259623 3.849003
4215 -0.257871 3.148223
522 -0.267009 6.803510
785 -0.269185 7.673839
3446 -0.259399 3.759667
2511 -0.267223 6.889030
3473 -0.262373 4.949192
3102 -0.271119 8.447474
468 -0.261230 4.492020
6122 -0.269848 7.939392
5397 -0.255921 2.368458
1862 -0.269056 7.622201
8959 -0.259673 3.869078
9578 -0.251582 0.632751
4613 -0.265928 6.371012
2585 -0.272817 9.126923
647 -0.253041 1.216204
3875 -0.257040 2.815954
2409 -0.269539 7.815559
748 -0.266117 6.446943
319 -0.263054 5.221662
1422 -0.261500 4.600092
81 -0.273075 9.229846
3026 -0.259267 3.706975
4942 -0.265234 6.093689
6888 -0.273330 9.331899
5759 -0.257334 2.933551
361 -0.269485 7.794168
530 -0.259087 3.634963
3070 -0.266218 6.487009
3499 -0.269590 7.835978
1871 -0.272880 9.151987
8014 -0.273886 9.554321
1655 -0.263813 5.525146
2207 -0.257743 3.097060
7344 -0.269013 7.605274
1495 -0.272245 8.897919
8546 -0.274854 9.941486
2986 -0.274246 9.698558
2815 -0.263583 5.433369
2745 -0.271340 8.535895
9376 -0.274357 9.742876
245 -0.273424 9.369596
414 -0.274606 9.842265
3378 -0.271982 8.792759
10584 -0.272323 8.929383
1278 -0.250906 0.362569
616 -0.271831 8.732240
2736 -0.256194 2.477616
2507 -0.274298 9.719003
7219 -0.267062 6.824818
254 -0.272394 8.957479
1278 -0.272066 8.826327
3874 -0.269307 7.722948
7009 -0.260543 4.217393
9196 -0.269055 7.621918
10243 -0.253761 1.504554
9635 -0.273385 9.353939
6945 -0.273071 9.228591
5726 -0.257168 2.867209
2052 -0.257216 2.886256
7197 -0.265453 6.181273
554 -0.260964 4.385603
896 -0.264985 5.993835
334 -0.262834 5.133731
1762 -0.264950 5.979987
691 -0.271860 8.743878
1830 -0.264722 5.888997
882 -0.270815 8.325851
1351 -0.272941 9.176293
2995 -0.264519 5.807753
1159 -0.258556 3.422398
3082 -0.253516 1.406548
2555 -0.256800 2.719954
2217 -0.258694 3.477784
1318 -0.272774 9.109788
1995 -0.269553 7.821036
7544 -0.258857 3.542916
2143 -0.261665 4.666005
3052 -0.267852 7.141000
1148 -0.268999 7.599419
3688 -0.258942 3.576847
4175 -0.272732 9.092657
716 -0.270213 8.085204
10734 -0.268030 7.212029
1016 -0.260012 4.004679
261 -0.258405 3.361893
540 -0.263386 5.354492
8785 -0.270704 8.281619
216 -0.266904 6.761476
3400 -0.271390 8.556149
1973 -0.267676 7.070285
1029 -0.272555 9.021907
399 -0.270505 8.201885
2255 -0.256742 2.696967
6024 -0.255452 2.180655
10404 -0.264869 5.947594
2763 -0.256490 2.595979
1181 -0.274031 9.612546
6327 -0.257304 2.921456
6488 -0.274494 9.797771
4029 -0.266215 6.486159
3901 -0.270953 8.381295
3396 -0.265011 6.004530
4511 -0.261534 4.613796
3723 -0.264612 5.844923
6074 -0.268799 7.519612
758 -0.263534 5.413657
8089 -0.252975 1.190014
4985 -0.272251 8.900260
1072 -0.265232 6.092768
230 -0.252435 0.974111
8307 -0.254307 1.722640
535 -0.253056 1.222385
649 -0.268429 7.371615
11720 -0.269010 7.603857
1461 -0.267112 6.844747
4882 -0.269241 7.696221
4136 -0.260880 4.351921
5427 -0.251895 0.758092
2491 -0.259866 3.946252
6816 -0.264862 5.944837
3385 -0.263172 5.268771
1122 -0.272880 9.152089
623 -0.255399 2.159577
10166 -0.259059 3.623597
5177 -0.263710 5.484175
925 -0.271150 8.460032
2147 -0.268281 7.312309
237 -0.265460 6.184004
4810 -0.274998 9.999044
1101 -0.258437 3.374963
4943 -0.264797 5.918947
1841 -0.274066 9.626354
828 -0.270684 8.273794
619 -0.261270 4.508098
6120 -0.251812 0.724749
1624 -0.272487 8.994660
5132 -0.259290 3.715879
493 -0.271309 8.523757
3047 -0.273610 9.443805
59 -0.261842 4.736844
8516 -0.256785 2.714126
4388 -0.262691 5.076507
4718 -0.269623 7.849036
4259 -0.258732 3.492688
705 -0.263265 5.306032
843 -0.272582 9.032969
87 -0.258807 3.522711
3915 -0.262588 5.035138
51 -0.253376 1.350457
218 -0.260436 4.174590
360 -0.266664 6.665567
1908 -0.264667 5.866695
1489 -0.266278 6.511001
3219 -0.266801 6.720481
1720 -0.263599 5.439646
2345 -0.253928 1.571293
485 -0.268976 7.590345
2566 -0.261907 4.762894
9653 -0.271830 8.731945
2905 -0.268091 7.236308
3079 -0.268140 7.256137
5801 -0.261002 4.400769
2151 -0.251443 0.577103
3477 -0.268320 7.327901
519 -0.273329 9.331532
6803 -0.265165 6.065853
2830 -0.272455 8.981806
11202 -0.256293 2.517365
1185 -0.265371 6.148592
9837 -0.264536 5.814228
1912 -0.269441 7.776202
8561 -0.274117 9.646891
292 -0.260074 4.029581
7964 -0.263391 5.356508
3813 -0.258431 3.372227
1900 -0.267112 6.844628
1467 -0.270377 8.150973
11951 -0.256070 2.428066
9162 -0.254320 1.728070
3837 -0.272077 8.830937
1116 -0.256206 2.482221
1780 -0.272793 9.117258
3495 -0.270264 8.105774
3830 -0.272302 8.920924
155 -0.264200 5.680036
6503 -0.261991 4.796220
2365 -0.265743 6.297322
3262 -0.265895 6.357906
3296 -0.273482 9.392977
288 -0.259024 3.609682
5969 -0.274104 9.641739
1634 -0.262734 5.093684
4957 -0.268778 7.511370
1937 -0.261904 4.761788
1577 -0.272036 8.814299
3971 -0.269470 7.788080
5257 -0.257351 2.940214
2249 -0.257756 3.102433
503 -0.267449 6.979629
7669 -0.257792 3.116993
1425 -0.274424 9.769484
10068 -0.271034 8.413559
1093 -0.271826 8.730210
586 -0.270625 8.249845
3839 -0.254248 1.699344
1205 -0.268821 7.528490
885 -0.266240 6.495927
1674 -0.262916 5.166586
6185 -0.261298 4.519150
739 -0.270586 8.234321
3834 -0.262990 5.195990
685 -0.263370 5.347836
5934 -0.264271 5.708569
3725 -0.271806 8.722363
354 -0.256039 2.415794
5612 -0.269840 7.936115
227 -0.270000 8.000017
2880 -0.261024 4.409751
1703 -0.270801 8.320217
4916 -0.274609 9.843767
2661 -0.270679 8.271662
1725 -0.263436 5.374335
2525 -0.255855 2.342114
245 -0.253831 1.532384
2310 -0.274979 9.991660
5313 -0.268902 7.560760
4259 -0.261723 4.689157
11161 -0.270277 8.110766
2045 -0.272958 9.183246
1852 -0.260495 4.197969
14315 -0.251215 0.486170
1783 -0.267305 6.921810
437 -0.257740 3.095855
4066 -0.252575 1.030159
1684 -0.267032 6.812906
14539 -0.268846 7.538511
861 -0.272549 9.019405
2330 -0.273116 9.246213
7271 -0.269579 7.831749
13357 -0.271618 8.647294
673 -0.273849 9.539577
1664 -0.265959 6.383580
1815 -0.257359 2.943650
1096 -0.266665 6.666128
7937 -0.273180 9.272052
37 -0.268591 7.436387
4132 -0.261844 4.737472
3656 -0.262595 5.037992
8363 -0.274765 9.905855
421 -0.253085 1.233877
13 -0.271202 8.480894
1570 -0.265649 6.259541
10503 -0.274327 9.730831
3435 -0.272544 9.017544
1610 -0.272429 8.971595
1151 -0.271558 8.623283
4651 -0.253907 1.562966
8854 -0.258626 3.450492
8340 -0.251610 0.644035
526 -0.255256 2.102348
5854 -0.267700 7.079956
6648 -0.273149 9.259592
5354 -0.267272 6.908911
937 -0.266969 6.787723
6552 -0.268753 7.501007
3188 -0.264937 5.974820
55 -0.273776 9.510319
10628 -0.271450 8.579922
628 -0.271361 8.544214
6486 -0.264875 5.950138
2847 -0.261804 4.721459
3048 -0.257031 2.812503
1944 -0.271176 8.470545
13673 -0.255539 2.215736
769 -0.268416 7.366252
2235 -0.268163 7.265304
838 -0.265511 6.204207
347 -0.259351 3.740397
4439 -0.267060 6.824046
4238 -0.274037 9.614937
188 -0.266064 6.425758
1077 -0.253737 1.494788
4384 -0.256738 2.695287
7374 -0.268343 7.337134
7450 -0.256448 2.579332
6370 -0.254938 1.975264
1839 -0.274844 9.937432
2131 -0.263333 5.333215
2119 -0.273902 9.560707
9077 -0.258522 3.408897
86 -0.270279 8.111418
7991 -0.273559 9.423788
6183 -0.255248 2.099197
4457 -0.254168 1.667282
3649 -0.267143 6.857198
5669 -0.267022 6.808683
3860 -0.257604 3.041775
1698 -0.254201 1.680537
1360 -0.270083 8.033032
11589 -0.259755 3.902067
4980 -0.272070 8.828051
1120 -0.270114 8.045668
751 -0.256735 2.694099
1442 -0.260177 4.070884
943 -0.264633 5.853042
1500 -0.265350 6.140181
1611 -0.258265 3.306193
997 -0.268664 7.465620
2040 -0.268202 7.280846
111 -0.256174 2.469763
1652 -0.272283 8.913130
3354 -0.274586 9.834380
2944 -0.273031 9.212269
5466 -0.270106 8.042287
1806 -0.271623 8.649262
3433 -0.269776 7.910597
195 -0.251566 0.626399
1394 -0.270552 8.220739
14459 -0.255071 2.028416
4111 -0.265117 6.046745
5470 -0.252654 1.061501
4469 -0.270327 8.130725
530 -0.267895 7.158134
4384 -0.253612 1.444780
8711 -0.265925 6.369818
92 -0.272392 8.956859
297 -0.274634 9.853718
5531 -0.264146 5.658432
1062 -0.263049 5.219748
3725 -0.273753 9.501014
9065 -0.271131 8.452494
16348 -0.269771 7.908575
1017 -0.269017 7.606775
2348 -0.266261 6.504545
5569 -0.270373 8.149149
7807 -0.273076 9.230557
16293 -0.267533 7.013383
2540 -0.266021 6.408584
2450 -0.251315 0.526069
5215 -0.268387 7.354736
583 -0.274214 9.685632
2005 -0.257575 3.029916
377 -0.265374 6.149498
2969 -0.252733 1.093021
338 -0.260615 4.246058
5498 -0.272071 8.828511
2677 -0.271317 8.526685
5481 -0.269898 7.959106
12829 -0.274259 9.703443
6333 -0.273067 9.226901
1996 -0.265976 6.390511
3072 -0.257057 2.822982
7350 -0.251298 0.519283
1636 -0.270089 8.035772
2022 -0.263079 5.231429
2152 -0.273249 9.299654
7732 -0.272616 9.046384
1998 -0.273209 9.283531
2209 -0.273421 9.368316
6733 -0.270085 8.034017
9113 -0.271272 8.508689
915 -0.262060 4.824097
7589 -0.266968 6.787133
3426 -0.273212 9.284780
2704 -0.259226 3.690393
1365 -0.269465 7.785858
3458 -0.258313 3.325376
372 -0.270594 8.237471
717 -0.258415 3.365870
4104 -0.259497 3.798765
6477 -0.274181 9.672505
512 -0.256742 2.696648
5868 -0.274854 9.941516
25 -0.257892 3.156790
9576 -0.274092 9.636640
2134 -0.255228 2.091235
2496 -0.266129 6.451464
4837 -0.266749 6.699483
3447 -0.265518 6.207095
1744 -0.266729 6.691797
485 -0.265544 6.217449
854 -0.257650 3.059846
4318 -0.271230 8.491864
3920 -0.251074 0.429629
2500 -0.273861 9.544348
2977 -0.255347 2.138911
5330 -0.259101 3.640440
4248 -0.266887 6.754832
6345 -0.273169 9.267583
1481 -0.263636 5.454528
2541 -0.266619 6.647666
2397 -0.270985 8.394153
4717 -0.271654 8.661453
1417 -0.258372 3.348608
9130 -0.264912 5.964605
3111 -0.265422 6.168737
9675 -0.254670 1.868121
16420 -0.266707 6.682642
4104 -0.265113 6.045224
5220 -0.259803 3.921158
3134 -0.260577 4.230652
7522 -0.271873 8.749208
628 -0.262820 5.127981
1740 -0.265071 6.028588
7974 -0.263415 5.366171
613 -0.266698 6.679039
2155 -0.259565 3.826052
16341 -0.268346 7.338248
5350 -0.266970 6.788042
1204 -0.265093 6.037244
6521 -0.270904 8.361686
7006 -0.259904 3.961785
620 -0.256929 2.771577
3312 -0.268802 7.520712
1992 -0.255605 2.242105
8899 -0.260078 4.031090
3458 -0.255795 2.317930
6933 -0.265408 6.163052
1690 -0.266294 6.517458
4375 -0.260669 4.267598
64 -0.257855 3.142063
1798 -0.269028 7.611054
1344 -0.270622 8.248647
8045 -0.270465 8.186200
2915 -0.256646 2.658521
6767 -0.273330 9.332120
930 -0.267320 6.928091
2542 -0.265898 6.359391
252 -0.266139 6.455462
5031 -0.273915 9.566136
4114 -0.257849 3.139514
5146 -0.273680 9.471839
2408 -0.258097 3.238961
12326 -0.272371 8.948461
3631 -0.253079 1.231743
2604 -0.253170 1.268044
4243 -0.268905 7.561875
3042 -0.272945 9.177818
4116 -0.253693 1.477380
7357 -0.252148 0.859204
7680 -0.259982 3.992915
6406 -0.260407 4.162820
15987 -0.261009 4.403430
6049 -0.259714 3.885594
2259 -0.261087 4.434943
3654 -0.272073 8.829158
1131 -0.266067 6.426665
1273 -0.267820 7.128123
4119 -0.268959 7.583764
7535 -0.273422 9.368740
3532 -0.266475 6.590194
2204 -0.255668 2.267180
11368 -0.271524 8.609441
1626 -0.274640 9.855817
3016 -0.263942 5.576974
115 -0.274206 9.682256
3230 -0.270316 8.126546
4479 -0.270582 8.232959
2915 -0.273520 9.408175
2875 -0.272390 8.956137
3416 -0.266688 6.675253
1564 -0.266118 6.447019
6993 -0.274569 9.827434
1416 -0.264214 5.685574
2521 -0.253502 1.400849
1473 -0.273237 9.294754
8015 -0.250955 0.381946
4841 -0.252647 1.058798
2886 -0.264998 5.999017
7920 -0.272236 8.894530
1488 -0.273890 9.555808
6047 -0.271650 8.659926
5461 -0.260073 4.029101
6732 -0.257226 2.890371
6406 -0.270854 8.341476
5336 -0.265047 6.018828
5124 -0.269594 7.837799
4237 -0.271206 8.482252
1620 -0.266562 6.624693
1346 -0.260526 4.210419
9985 -0.265773 6.309058
1285 -0.254079 1.631772
7342 -0.257041 2.816584
7044 -0.267481 6.992254
459 -0.269304 7.721584
9717 -0.257741 3.096327
3367 -0.274812 9.924954
2253 -0.259829 3.931608
475 -0.270989 8.395564
1611 -0.256699 2.679432
1098 -0.269048 7.619262
1571 -0.272644 9.057744
702 -0.267103 6.841147
2277 -0.271167 8.466784
463 -0.273210 9.284046
2208 -0.274821 9.928479
6835 -0.263927 5.570870
1425 -0.268630 7.452100
2050 -0.251699 0.679497
9717 -0.274152 9.660918
8573 -0.267806 7.122395
2948 -0.269957 7.982913
4141 -0.267429 6.971568
18892 -0.272960 9.184181
3585 -0.258198 3.279173
3571 -0.255255 2.102113
2749 -0.272415 8.966033
306 -0.264460 5.784151
1171 -0.266697 6.678781
1600 -0.265944 6.377684
910 -0.261866 4.746392
629 -0.252236 0.894409
160 -0.254713 1.885139
7178 -0.274611 9.844351
3573 -0.262293 4.917089
1576 -0.272659 9.063487
5199 -0.266432 6.572895
11829 -0.255670 2.267993
10865 -0.265353 6.141106
927 -0.265016 6.006574
2088 -0.272545 9.017928
2564 -0.265359 6.143471
1233 -0.255369 2.147786
313 -0.267371 6.948537
638 -0.255567 2.226923
352 -0.267713 7.085317
4809 -0.251976 0.790509
5597 -0.254437 1.774978
721 -0.259886 3.954345
293 -0.262008 4.803328
1938 -0.259233 3.693248
1943 -0.270399 8.159579
2020 -0.268086 7.234420
398 -0.257490 2.995885
103 -0.267862 7.144963
6719 -0.271947 8.778975
2382 -0.262074 4.829547
2090 -0.268975 7.590137
17018 -0.272537 9.014716
6522 -0.259667 3.866954
874 -0.256639 2.655728
547 -0.265700 6.279968
1403 -0.273695 9.477840
7326 -0.267748 7.099082
1489 -0.273643 9.457189
2418 -0.268970 7.587939
6825 -0.272864 9.145483
453 -0.263053 5.221309
729 -0.264119 5.647500
5379 -0.265068 6.027312
3696 -0.252976 1.190278
6462 -0.252536 1.014498
4249 -0.264255 5.702138
1382 -0.263017 5.206940
2409 -0.264319 5.727682
6625 -0.268640 7.455804
5197 -0.272638 9.055138
910 -0.267254 6.901665
1043 -0.258592 3.436782
1410 -0.271381 8.552232
8769 -0.272066 8.826236
2420 -0.272493 8.997267
7323 -0.255882 2.352761
7558 -0.257520 3.008152
4277 -0.254246 1.698400
9662 -0.256007 2.402960
6116 -0.270098 8.039362
5442 -0.270241 8.096282
1000 -0.270128 8.051036
2219 -0.266991 6.796544
1195 -0.267561 7.024318
1430 -0.263304 5.321556
4224 -0.268774 7.509792
209 -0.272531 9.012487
9028 -0.256049 2.419508
310 -0.266648 6.659168
1924 -0.272313 8.925015
4573 -0.273524 9.409656
5915 -0.265779 6.311779
1007 -0.272173 8.869119
12944 -0.269586 7.834443
202 -0.264018 5.607373
34 -0.260796 4.318553
2211 -0.264410 5.763878
9000 -0.254101 1.640285
712 -0.253851 1.540287
279 -0.268059 7.223741
4141 -0.259823 3.929300
11168 -0.255627 2.250881
9793 -0.258343 3.337137
228 -0.265800 6.319931
1842 -0.271427 8.570780
815 -0.266522 6.608929
9088 -0.261789 4.715631
12283 -0.268391 7.356587
3253 -0.272043 8.817100
1590 -0.269649 7.859524
3122 -0.268132 7.252656
7881 -0.272627 9.050761
2126 -0.253612 1.444843
5695 -0.273643 9.457255
1173 -0.254293 1.717171
4821 -0.262472 4.988695
1214 -0.262621 5.048451
4514 -0.258840 3.535993
581 -0.256533 2.613197
4229 -0.251225 0.490006
517 -0.253549 1.419584
12673 -0.269466 7.786306
3854 -0.268164 7.265667
710 -0.259916 3.966488
1885 -0.260163 4.065297
6110 -0.266837 6.734710
4114 -0.266796 6.718470
1151 -0.274522 9.808606
695 -0.264819 5.927775
4256 -0.257132 2.852989
513 -0.260717 4.286921
3205 -0.263451 5.380234
5951 -0.262247 4.898894
1143 -0.271415 8.565828
17574 -0.269246 7.698439
2727 -0.266154 6.461727
4966 -0.262665 5.065809
4587 -0.272490 8.995884
1707 -0.272771 9.108442
1422 -0.259862 3.944929
4346 -0.263985 5.593889
1347 -0.260431 4.172410
255 -0.261137 4.454762
477 -0.272700 9.079845
303 -0.262109 4.843791
6845 -0.264397 5.758886
25 -0.258077 3.230700
641 -0.262976 5.190296
3757 -0.270183 8.073024
844 -0.273446 9.378302
9857 -0.257084 2.833714
4336 -0.267706 7.082591
2712 -0.270250 8.099857
2433 -0.262705 5.081958
428 -0.273273 9.309301
812 -0.273961 9.584412
18509 -0.269643 7.857154
4237 -0.266119 6.447471
497 -0.258007 3.202667
7478 -0.272301 8.920391
8331 -0.262509 5.003755
4611 -0.272682 9.072972
3157 -0.270862 8.344791
11273 -0.252721 1.088553
20906 -0.267700 7.079815
2319 -0.262587 5.034878
324 -0.257220 2.888109
1497 -0.262858 5.143196
308 -0.256834 2.733413
3796 -0.257577 3.030943
3974 -0.267542 7.016701
1277 -0.263340 5.336074
1542 -0.273203 9.281386
274 -0.257691 3.076325
2008 -0.267977 7.190780
9880 -0.263129 5.251508
1795 -0.256313 2.525298
1266 -0.263003 5.201074
284 -0.272094 8.837794
763 -0.274559 9.823471
4524 -0.264949 5.979638
5267 -0.264340 5.735869
3009 -0.263873 5.549026
19323 -0.273927 9.570986
1780 -0.263487 5.394725
1856 -0.254013 1.605190
3647 -0.266275 6.510120
832 -0.262250 4.900037
1432 -0.270250 8.100031
1211 -0.264062 5.624692
10187 -0.272728 9.091031
3729 -0.271743 8.697022
9918 -0.268843 7.537290
476 -0.266859 6.743623
8226 -0.253669 1.467505
3837 -0.263139 5.255585
1363 -0.264055 5.621953
3837 -0.270493 8.197176
795 -0.263445 5.377914
1570 -0.270982 8.392602
2590 -0.257823 3.129208
5162 -0.259220 3.688050
2108 -0.273591 9.436508
1445 -0.266338 6.535353
7727 -0.256371 2.548560
6196 -0.256906 2.762280
9856 -0.265422 6.168602
296 -0.259995 3.997996
1415 -0.274544 9.817725
2297 -0.266725 6.689883
666 -0.263583 5.433356
1868 -0.260640 4.255861
2323 -0.253203 1.281042
1122 -0.258413 3.365388
4684 -0.267161 6.864395
4444 -0.257689 3.075776
7703 -0.274913 9.965085
2008 -0.256026 2.410286
6035 -0.274703 9.881125
5480 -0.263151 5.260320
384 -0.268277 7.310983
2447 -0.270148 8.059373
1002 -0.270681 8.272281
9317 -0.273250 9.300044
719 -0.270926 8.370354
799 -0.270720 8.287972
750 -0.258658 3.463158
1954 -0.265398 6.159381
8383 -0.270583 8.233165
1935 -0.264271 5.708527
5399 -0.268732 7.492791
519 -0.265751 6.300378
5733 -0.260982 4.392888
2415 -0.262990 5.195961
4996 -0.263471 5.388592
3119 -0.255177 2.070721
2517 -0.268916 7.566470
2686 -0.250845 0.338025
170 -0.272058 8.823219
1140 -0.265230 6.091964
6485 -0.274417 9.766894
998 -0.259940 3.975946
8813 -0.253457 1.382869
7039 -0.261017 4.406738
4276 -0.254732 1.892743
2386 -0.267070 6.828151
4377 -0.269309 7.723773
3356 -0.257282 2.912759
9 -0.252588 1.035287
583 -0.271284 8.513593
330 -0.269601 7.840318
965 -0.268208 7.283216
125 -0.259588 3.835124
4028 -0.274430 9.771919
4543 -0.256335 2.533912
11410 -0.258110 3.244174
10650 -0.262436 4.974271
3068 -0.254868 1.947261
10375 -0.271634 8.653662
5390 -0.273341 9.336456
148 -0.272401 8.960511
8760 -0.267756 7.102417
836 -0.272026 8.810434
1981 -0.273072 9.228990
680 -0.272004 8.801665
2894 -0.257697 3.078849
1426 -0.263142 5.256780
13463 -0.268651 7.460363
11083 -0.270947 8.378657
1271 -0.255609 2.243558
4923 -0.262053 4.821336
286 -0.254844 1.937677
9599 -0.270310 8.124027
4370 -0.267168 6.867390
1107 -0.270597 8.238641
150 -0.266109 6.443758
352 -0.258845 3.538063
1074 -0.265956 6.382378
16928 -0.256509 2.603799
1490 -0.262301 4.920367
3911 -0.267922 7.168850
123 -0.268828 7.531132
2531 -0.274305 9.721915
3762 -0.263179 5.271458
240 -0.271847 8.738758
8371 -0.267967 7.186607
943 -0.264442 5.776636
8689 -0.266093 6.437321
2614 -0.269702 7.880889
3359 -0.270010 8.003974
11173 -0.262359 4.943498
8754 -0.272278 8.911281
3266 -0.270761 8.304488
4409 -0.259953 3.981117
955 -0.266812 6.724653
2889 -0.273436 9.374354
82 -0.263024 5.209628
5212 -0.273399 9.359526
8455 -0.251469 0.587540
2996 -0.269837 7.934774
469 -0.272402 8.960805
1089 -0.259603 3.841042
184 -0.274586 9.834390
5471 -0.263315 5.325858
1481 -0.270095 8.037866
5791 -0.259691 3.876262
440 -0.267419 6.967682
7595 -0.256354 2.541736
2937 -0.265023 6.009045
1889 -0.269766 7.906260
2784 -0.266905 6.761907
2430 -0.264754 5.901685
527 -0.268604 7.441661
3063 -0.253333 1.333247
3818 -0.264096 5.638453
1396 -0.252089 0.835549
10950 -0.256296 2.518241
4715 -0.272832 9.132640
3197 -0.267443 6.977166
2858 -0.274133 9.653268
379 -0.265785 6.314175
428 -0.268150 7.259833
332 -0.260004 4.001624
7671 -0.258837 3.534761
10799 -0.273216 9.286216
2275 -0.251952 0.780662
2323 -0.258921 3.568466
10692 -0.256002 2.400733
3540 -0.260033 4.013288
15676 -0.259051 3.620557
759 -0.251946 0.778499
3506 -0.259251 3.700468
8151 -0.272860 9.144102
897 -0.257771 3.108572
5649 -0.260540 4.215975
1446 -0.273099 9.239658
476 -0.269146 7.658252
14383 -0.267381 6.952248
12214 -0.253111 1.244551
492 -0.272153 8.861357
4755 -0.273979 9.591479
4877 -0.253661 1.464545
309 -0.259735 3.893934
841 -0.265937 6.374617
5304 -0.261751 4.700347
9373 -0.250176 0.070506
354 -0.264712 5.884625
4276 -0.267775 7.109834
1630 -0.250203 0.081261
608 -0.268094 7.237495
1407 -0.271445 8.578171
5183 -0.268236 7.294320
708 -0.261394 4.557430
194 -0.274730 9.892142
2634 -0.253635 1.454169
5242 -0.259554 3.821705
700 -0.263486 5.394464
3175 -0.270337 8.134690
4133 -0.266658 6.663095
144 -0.259392 3.756728
3110 -0.254521 1.808596
485 -0.254958 1.983272
5111 -0.274389 9.755635
11565 -0.251108 0.443067
7345 -0.258508 3.403037
1353 -0.256883 2.753080
7132 -0.257378 2.951276
3515 -0.258214 3.285522
7273 -0.257517 3.006806
4742 -0.269939 7.975436
3773 -0.253503 1.401189
1391 -0.261895 4.757817
414 -0.260173 4.069021
1011 -0.262891 5.156526
626 -0.271415 8.565840
5717 -0.255855 2.341957
2451 -0.269235 7.694104
5463 -0.253210 1.283884
2752 -0.265677 6.270678
3749 -0.265209 6.083541
3767 -0.273371 9.348233
844 -0.259701 3.880344
1856 -0.261967 4.786629
8650 -0.258748 3.499040
5854 -0.251960 0.784165
643 -0.252774 1.109570
17666 -0.256968 2.787227
4625 -0.273654 9.461717
2558 -0.255113 2.045114
2601 -0.266730 6.692065
7369 -0.251060 0.424103
848 -0.259552 3.820742
4181 -0.272020 8.807885
1312 -0.261541 4.616385
3243 -0.261476 4.590530
4792 -0.268058 7.223349
5483 -0.269221 7.688552
1146 -0.262870 5.148190
1218 -0.266037 6.414942
2819 -0.266741 6.696524
346 -0.272399 8.959433
11980 -0.269432 7.772904
6730 -0.266167 6.466904
5709 -0.256458 2.583361
9607 -0.264911 5.964247
1222 -0.256014 2.405719
666 -0.254247 1.698886
11229 -0.272813 9.125054
592 -0.267997 7.198721
4813 -0.258930 3.571919
744 -0.267670 7.067821
404 -0.273999 9.599713
2558 -0.272571 9.028403
3045 -0.268993 7.597220
9760 -0.257837 3.134754
12257 -0.259468 3.787055
602 -0.260462 4.184845
3624 -0.274074 9.629622
1165 -0.274839 9.935495
2005 -0.266732 6.692872
1985 -0.256974 2.789573
2387 -0.255013 2.005369
11234 -0.255771 2.308550
11738 -0.260616 4.246258
6026 -0.261365 4.545857
3622 -0.265813 6.325302
1222 -0.266387 6.554783
1168 -0.270044 8.017549
5316 -0.252098 0.839024
6095 -0.273084 9.233680
1180 -0.274767 9.906875
1709 -0.260310 4.123906
3067 -0.269060 7.623883
1339 -0.268739 7.495649
1486 -0.264394 5.757733
5919 -0.271112 8.444882
1267 -0.258803 3.521043
1503 -0.269079 7.631670
655 -0.266540 6.615866
10607 -0.270449 8.179516
2437 -0.261028 4.411297
1281 -0.273282 9.312698
936 -0.265669 6.267574
1204 -0.271607 8.642671
3820 -0.265925 6.370029
2823 -0.269194 7.677452
1457 -0.263158 5.263268
3589 -0.272052 8.820714
1031 -0.252072 0.828911
84 -0.257675 3.069925
5775 -0.267024 6.809645
1594 -0.270916 8.366487
13783 -0.253042 1.216977
7374 -0.260249 4.099730
16901 -0.250573 0.229077
365 -0.269683 7.873300
1497 -0.274435 9.774031
2073 -0.272968 9.187345
4218 -0.267620 7.048095
1612 -0.257695 3.077956
5118 -0.267511 7.004574
4631 -0.271379 8.551611
178 -0.273295 9.318124
3056 -0.272749 9.099726
690 -0.267812 7.124652
754 -0.274430 9.772058
3016 -0.257310 2.924036
3671 -0.265515 6.206113
7970 -0.269031 7.612469
867 -0.273551 9.420291
4589 -0.259666 3.866357
8095 -0.264750 5.899893
536 -0.273776 9.510326
5430 -0.273944 9.577757
6214 -0.259912 3.964949
2635 -0.273658 9.463206
1158 -0.261510 4.604048
2974 -0.266542 6.616720
5727 -0.270610 8.244061
1511 -0.261545 4.617896
3125 -0.266221 6.488386
905 -0.257282 2.912778
3342 -0.270236 8.094259
402 -0.272305 8.921943
1345 -0.263118 5.247221
3158 -0.263564 5.425471
2752 -0.273362 9.344756
1183 -0.267369 6.947701
2151 -0.273360 9.343807
3835 -0.268782 7.512791
59 -0.274299 9.719489
1197 -0.268535 7.414186
697 -0.254070 1.627980
1017 -0.263525 5.409802
327 -0.261213 4.485223
4851 -0.262534 5.013467
2852 -0.266725 6.689993
1692 -0.254032 1.612609
5856 -0.266953 6.781009
2865 -0.270944 8.377649
7573 -0.258544 3.417462
572 -0.272298 8.919006
5903 -0.262070 4.828179
6810 -0.260976 4.390487
5869 -0.255690 2.275805
14798 -0.255671 2.268568
3424 -0.262745 5.098040
4634 -0.269215 7.685959
10 -0.263505 5.401996
7457 -0.257725 3.090008
1878 -0.272360 8.943941
3729 -0.260858 4.343111
6832 -0.268713 7.485290
10867 -0.273072 9.228628
3560 -0.254727 1.890836
2098 -0.254158 1.663165
6216 -0.263797 5.518920
44 -0.261555 4.622190
1434 -0.265729 6.291758
16299 -0.268552 7.420700
6689 -0.266439 6.575511
3381 -0.267703 7.081210
48 -0.257067 2.826933
6000 -0.270425 8.169942
19370 -0.267689 7.075573
2271 -0.267711 7.084325
2066 -0.273027 9.210604
3651 -0.257110 2.844035
7956 -0.274991 9.996375
8 -0.269250 7.699822
8776 -0.272529 9.011424
2779 -0.274970 9.987999
1210 -0.265712 6.284770
2314 -0.264582 5.832603
5346 -0.271993 8.797134
3778 -0.255326 2.130319
5010 -0.269365 7.745908
13060 -0.274387 9.754647
224 -0.265755 6.302100
4935 -0.272964 9.185427
4293 -0.267950 7.179940
731 -0.272099 8.839754
3368 -0.271255 8.501868
1379 -0.262055 4.821867
12241 -0.264538 5.815066
517 -0.262200 4.879902
2781 -0.257352 2.940686
1206 -0.262812 5.124910
915 -0.255515 2.205894
3687 -0.270570 8.227927
387 -0.270760 8.303909
3186 -0.253535 1.414003
2000 -0.264326 5.730532
6918 -0.264621 5.848532
2130 -0.264455 5.782011
4336 -0.268300 7.320101
4943 -0.263409 5.363625
3405 -0.273642 9.456632
10379 -0.270376 8.150403
1157 -0.258723 3.489183
2249 -0.266179 6.471545
6650 -0.250988 0.395313
3587 -0.264927 5.970883
1960 -0.258513 3.405001
1244 -0.262510 5.004089
874 -0.271075 8.429918
2111 -0.258420 3.367927
755 -0.270405 8.162097
3809 -0.262411 4.964241
316 -0.261050 4.419819
1765 -0.269361 7.744518
12460 -0.265633 6.253390
7953 -0.270916 8.366364
929 -0.271854 8.741496
902 -0.256003 2.401222
444 -0.274422 9.768838
3330 -0.267539 7.015667
920 -0.271621 8.648371
849 -0.268497 7.398818
2144 -0.262159 4.863706
493 -0.271397 8.558600
1803 -0.261993 4.797227
548 -0.259198 3.679297
9769 -0.268122 7.248728
4190 -0.271509 8.603601
4494 -0.273425 9.369929
1068 -0.273637 9.454774
4235 -0.273811 9.524327
8371 -0.266531 6.612544
4986 -0.256185 2.473963
1217 -0.262488 4.995336
7674 -0.253520 1.408009
8562 -0.259948 3.979364
7195 -0.255720 2.288001
4809 -0.269425 7.769825
8896 -0.273255 9.302021
2245 -0.269963 7.985064
5774 -0.257774 3.109761
6457 -0.258989 3.595505
3239 -0.261878 4.751074
3361 -0.271335 8.533897
3650 -0.272024 8.809512
4376 -0.271588 8.635111
1223 -0.272528 9.011322
5896 -0.272047 8.818772
1193 -0.263717 5.486780
4222 -0.265555 6.221899
2635 -0.273829 9.531530
200 -0.273669 9.467742
877 -0.252176 0.870465
11988 -0.262069 4.827477
6115 -0.267872 7.148772
3130 -0.260959 4.383716
7169 -0.271162 8.464695
3760 -0.258449 3.379680
8139 -0.273659 9.463578
8811 -0.265883 6.353037
10997 -0.256389 2.555661
316 -0.259919 3.967414
1333 -0.251414 0.565555
3546 -0.268390 7.355837
7484 -0.270550 8.220031
3190 -0.261093 4.437367
7270 -0.264049 5.619745
7291 -0.266117 6.446664
1879 -0.256622 2.648885
693 -0.264912 5.964902
4838 -0.262807 5.122665
1373 -0.270169 8.067712
9906 -0.274580 9.832195
4450 -0.271598 8.639083
5342 -0.271487 8.594662
277 -0.251737 0.694739
4165 -0.270832 8.332831
2135 -0.268761 7.504304
1175 -0.274000 9.599927
4368 -0.272952 9.180854
2371 -0.258201 3.280533
1144 -0.272854 9.141454
939 -0.267409 6.963436
1793 -0.273220 9.288016
827 -0.264845 5.937819
1156 -0.261697 4.678723
435 -0.269990 7.995896
5840 -0.261676 4.670298
1725 -0.259978 3.991200
2972 -0.269887 7.954701
90 -0.261128 4.451176
3200 -0.273892 9.556806
4136 -0.274213 9.685077
3838 -0.252745 1.098179
2417 -0.272291 8.916277
7034 -0.269915 7.965889
6133 -0.267985 7.193854
5255 -0.256297 2.518748
1452 -0.274770 9.908067
3736 -0.258437 3.374871
5179 -0.264579 5.831645
1159 -0.257887 3.154658
496 -0.262161 4.864589
2178 -0.274746 9.898574
3312 -0.267188 6.875319
124 -0.266558 6.623069
13404 -0.269912 7.964742
760 -0.271945 8.778188
319 -0.257080 2.831995
6616 -0.263097 5.238624
1527 -0.263543 5.417261
1936 -0.271699 8.679791
2443 -0.263766 5.506513
641 -0.255856 2.342513
3335 -0.273211 9.284272
3000 -0.269827 7.930799
4075 -0.265849 6.339681
6005 -0.262095 4.837814
568 -0.263613 5.445223
1289 -0.271252 8.500947
2006 -0.261865 4.746181
5007 -0.265248 6.099201
872 -0.255866 2.346441
7014 -0.250379 0.151494
12485 -0.269183 7.673049
1326 -0.259202 3.680661
3001 -0.266718 6.687013
337 -0.256717 2.686842
2633 -0.274122 9.648617
3068 -0.258783 3.513177
2162 -0.270045 8.017972
1561 -0.266373 6.549125
10585 -0.273372 9.348769
3214 -0.270162 8.064899
2267 -0.257949 3.179781
1920 -0.255770 2.308035
11013 -0.273936 9.574249
306 -0.254782 1.912870
1849 -0.270792 8.316625
895 -0.267317 6.926714
1270 -0.274185 9.673864
578 -0.267523 7.009092
1350 -0.261643 4.657305
883 -0.273624 9.449515
1031 -0.254021 1.608299
2562 -0.274274 9.709789
1630 -0.259279 3.711576
355 -0.259131 3.652462
934 -0.259698 3.879267
4147 -0.272888 9.155296
1401 -0.261179 4.471715
6429 -0.260593 4.237164
268 -0.274801 9.920556
3894 -0.272806 9.122224
4317 -0.265249 6.099519
7 -0.268695 7.478107
13500 -0.254605 1.841990
110 -0.273418 9.367386
997 -0.255789 2.315668
1625 -0.263019 5.207587
1266 -0.261007 4.402769
4145 -0.270700 8.280043
100 -0.272766 9.106356
1398 -0.268477 7.390887
3684 -0.270107 8.042741
1480 -0.256778 2.711111
5317 -0.266736 6.694355
6784 -0.258588 3.435365
555 -0.272441 8.976322
6751 -0.259786 3.914506
11701 -0.254052 1.620900
2696 -0.259833 3.933339
335 -0.270309 8.123475
1526 -0.272823 9.129174
2524 -0.273900 9.560090
2283 -0.262411 4.964328
5315 -0.257744 3.097692
412 -0.258663 3.465360
597 -0.259107 3.642735
9840 -0.269952 7.980621
10 -0.266175 6.470028
298 -0.263070 5.227831
3972 -0.269701 7.880226
7188 -0.250638 0.255307
952 -0.272371 8.948443
6632 -0.266325 6.530194
9348 -0.273988 9.595353
19977 -0.262920 5.168023
1516 -0.259943 3.977060
514 -0.257178 2.871066
1730 -0.266473 6.589054
893 -0.270341 8.136314
1512 -0.258384 3.353470
3254 -0.270424 8.169421
148 -0.259008 3.603366
2062 -0.256309 2.523747
8040 -0.273516 9.406340
5995 -0.265201 6.080397
136 -0.253972 1.588647
3041 -0.262422 4.968747
3122 -0.254468 1.787175
116 -0.268697 7.478602
10010 -0.269881 7.952530
12899 -0.266960 6.783835
8195 -0.260511 4.204346
3027 -0.258896 3.558582
2379 -0.265899 6.359699
1947 -0.268078 7.231324
5054 -0.260915 4.365909
10044 -0.265401 6.160283
124 -0.274503 9.801091
9669 -0.269665 7.866075
1633 -0.268268 7.307202
3158 -0.270305 8.121826
49 -0.255486 2.194437
1505 -0.253176 1.270348
1060 -0.252651 1.060269
3126 -0.267020 6.808124
1087 -0.256683 2.673094
559 -0.261272 4.508897
9564 -0.265275 6.110012
2943 -0.264064 5.625749
4444 -0.254482 1.792620
3676 -0.270289 8.115403
19542 -0.261107 4.442766
2674 -0.261970 4.787920
2336 -0.250932 0.372738
2688 -0.258072 3.228896
5014 -0.265468 6.187390
11145 -0.254325 1.729818
265 -0.274851 9.940260
2771 -0.269315 7.725886
4830 -0.270259 8.103654
7042 -0.274075 9.630171
10909 -0.269275 7.710141
1627 -0.268600 7.440116
3795 -0.260688 4.275233
52 -0.269118 7.647265
4924 -0.274584 9.833454
2445 -0.262483 4.993043
3008 -0.257633 3.053395
3281 -0.268959 7.583643
3833 -0.274717 9.886646
342 -0.254344 1.737613
3365 -0.265907 6.362774
2250 -0.266557 6.622824
10206 -0.269923 7.969384
2174 -0.254088 1.635336
8626 -0.270517 8.206960
11872 -0.262200 4.879853
1213 -0.255815 2.325934
2566 -0.253223 1.289232
3099 -0.257814 3.125747
3934 -0.269682 7.872989
1180 -0.253212 1.284935
686 -0.260590 4.236033
10040 -0.253670 1.468158
4889 -0.268637 7.454804
2034 -0.273229 9.291448
501 -0.270744 8.297640
3585 -0.267197 6.878988
4646 -0.253693 1.477107
541 -0.259836 3.934313
3002 -0.273715 9.486088
2695 -0.274515 9.805906
3091 -0.257429 2.971567
2739 -0.267915 7.166149
25 -0.271942 8.776859
2442 -0.259194 3.677744
2656 -0.265066 6.026222
4578 -0.267113 6.845066
397 -0.256401 2.560371
2231 -0.255295 2.118055
2988 -0.262251 4.900338
6248 -0.267381 6.952587
4922 -0.268169 7.267714
853 -0.274137 9.654664
1339 -0.267791 7.116538
3371 -0.257255 2.902043
1435 -0.274875 9.949995
3988 -0.264059 5.623515
959 -0.265283 6.113063
439 -0.269102 7.640729
2763 -0.273726 9.490235
3727 -0.262717 5.086961
4661 -0.269003 7.601366
870 -0.253808 1.523137
706 -0.269409 7.763482
652 -0.261475 4.589893
5127 -0.270491 8.196548
766 -0.254664 1.865749
8215 -0.265894 6.357700
232 -0.261967 4.786921
4973 -0.265413 6.165209
6345 -0.271017 8.406720
25348 -0.272066 8.826589
1517 -0.258983 3.593078
2911 -0.269717 7.886765
3193 -0.258850 3.540089
932 -0.264847 5.938721
12674 -0.270110 8.044102
1214 -0.267774 7.109583
877 -0.266921 6.768520
5178 -0.267530 7.012073
710 -0.272927 9.170611
3990 -0.273645 9.458122
2280 -0.258362 3.344649
8213 -0.274492 9.796987
4685 -0.262328 4.931179
1653 -0.263073 5.229227
2291 -0.257346 2.938552
1649 -0.260659 4.263501
5491 -0.274777 9.910945
2026 -0.270201 8.080362
4751 -0.268435 7.373939
7841 -0.255043 2.017029
519 -0.268392 7.356881
2448 -0.259614 3.845768
1862 -0.263232 5.292621
833 -0.255553 2.221196
649 -0.271951 8.780396
7690 -0.274577 9.830900
8876 -0.264020 5.608006
2767 -0.260221 4.088529
2727 -0.263930 5.572052
215 -0.268358 7.343375
5378 -0.259482 3.792671
10897 -0.265239 6.095587
6232 -0.266310 6.523950
210 -0.273463 9.385313
557 -0.265640 6.255809
8715 -0.274489 9.795749
16272 -0.264683 5.873189
3240 -0.267923 7.169123
2098 -0.274239 9.695708
371 -0.263276 5.310300
3859 -0.271925 8.770185
1175 -0.272644 9.057554
2134 -0.272668 9.067059
7 -0.274384 9.753768
8877 -0.250671 0.268469
579 -0.257845 3.138197
3350 -0.269135 7.654082
1775 -0.272763 9.105237
4530 -0.261562 4.624913
1810 -0.271861 8.744469
11215 -0.257138 2.855316
1528 -0.261118 4.447210
7714 -0.268951 7.580548
486 -0.274399 9.759548
689 -0.266259 6.503423
2894 -0.274186 9.674300
1265 -0.270314 8.125516
2292 -0.266458 6.583308
879 -0.254083 1.633162
4677 -0.256672 2.668746
4361 -0.273891 9.556408
729 -0.260389 4.155564
10488 -0.267585 7.034114
7926 -0.265417 6.166733
4965 -0.271759 8.703572
7283 -0.257950 3.180044
3428 -0.274724 9.889757
1547 -0.267004 6.801626
6175 -0.273940 9.576180
5519 -0.261764 4.705458
791 -0.263636 5.454256
4531 -0.268395 7.358121
2859 -0.271393 8.557061
3036 -0.268796 7.518395
4894 -0.265503 6.201149
6100 -0.269035 7.613986
7497 -0.267890 7.156043
1252 -0.272885 9.153991
1283 -0.266525 6.610015
1456 -0.264264 5.705747
3210 -0.267343 6.937303
1142 -0.261647 4.658636
15731 -0.259502 3.800686
10516 -0.251444 0.577441
2186 -0.258854 3.541771
3731 -0.267572 7.028751
3252 -0.270687 8.274774
5116 -0.274012 9.604683
1774 -0.259859 3.943796
2852 -0.256542 2.616634
7913 -0.271190 8.476176
1016 -0.265642 6.256657
3287 -0.258631 3.452323
1994 -0.261662 4.664627
230 -0.254511 1.804236
4057 -0.265790 6.316092
1778 -0.258765 3.505846
4298 -0.261799 4.719584
4224 -0.261615 4.645974
16683 -0.262317 4.926737
6461 -0.264327 5.730944
2250 -0.263956 5.582471
1117 -0.256027 2.410782
5542 -0.272065 8.825996
6525 -0.258824 3.529525
436 -0.263446 5.378590
6147 -0.270011 8.004509
3136 -0.269455 7.781885
71 -0.265484 6.193800
1110 -0.252418 0.967204
5854 -0.269158 7.663305
5208 -0.252847 1.138669
4881 -0.272547 9.018641
123 -0.267847 7.138792
323 -0.266561 6.624418
6919 -0.268529 7.411536
3910 -0.265737 6.294664
179 -0.266440 6.575835
203 -0.271801 8.720239
4025 -0.258707 3.482764
78 -0.264135 5.653860
245 -0.268577 7.430986
2771 -0.274946 9.978392
110 -0.254470 1.788155
6445 -0.270688 8.275321
2607 -0.267672 7.068680
1014 -0.267887 7.154980
3620 -0.269423 7.769012
2319 -0.265790 6.315855
3326 -0.268226 7.290506
298 -0.252496 0.998448
1210 -0.264756 5.902376
3136 -0.270401 8.160273
211 -0.271875 8.750007
699 -0.272101 8.840413
687 -0.258172 3.268743
727 -0.269618 7.847080
4972 -0.254997 1.998647
695 -0.273221 9.288421
4479 -0.262129 4.851643
3162 -0.260353 4.141205
958 -0.257480 2.992126
4236 -0.267137 6.854619
5488 -0.264420 5.767922
3063 -0.265249 6.099748
11429 -0.274279 9.711783
1880 -0.268984 7.593410
1107 -0.253928 1.571237
7779 -0.274758 9.903168
732 -0.252374 0.949504
5084 -0.264385 5.754082
8589 -0.270823 8.329243
730 -0.255610 2.244120
701 -0.269112 7.644878
8347 -0.267332 6.932629
1719 -0.264384 5.753729
8238 -0.262322 4.928942
5986 -0.271971 8.788318
1220 -0.265116 6.046330
307 -0.269779 7.911600
6554 -0.261871 4.748443
1305 -0.268737 7.494926
1278 -0.267526 7.010230
13816 -0.264439 5.775443
16241 -0.262707 5.082742
3307 -0.253315 1.325810
275 -0.265251 6.100343
1625 -0.261138 4.455026
5333 -0.258147 3.258888
2705 -0.262783 5.113197
886 -0.266199 6.479518
1979 -0.258136 3.254293
5564 -0.253873 1.549387
78 -0.273616 9.446529
6270 -0.262661 5.064527
6240 -0.269242 7.696942
1711 -0.254811 1.924542
2831 -0.272668 9.067147
3477 -0.251861 0.744303
9129 -0.274887 9.954986
9188 -0.271042 8.416982
1425 -0.272023 8.809159
7758 -0.271918 8.767168
2298 -0.263783 5.513332
8295 -0.256469 2.587719
139 -0.272678 9.071180
374 -0.254694 1.877725
2526 -0.272733 9.093372
8879 -0.261010 4.404050
3989 -0.262909 5.163499
6193 -0.262479 4.991762
7849 -0.267776 7.110296
6211 -0.274718 9.887167
2069 -0.270199 8.079479
2413 -0.270971 8.388507
4564 -0.265888 6.355141
3704 -0.272612 9.044953
2116 -0.262244 4.897742
6916 -0.261530 4.612126
639 -0.255441 2.176594
4315 -0.256665 2.666143
3508 -0.272739 9.095757
1333 -0.272984 9.193613
718 -0.263929 5.571738
222 -0.252638 1.055251
669 -0.271999 8.799553
726 -0.258948 3.579012
358 -0.254031 1.612439
8841 -0.269097 7.638664
2803 -0.270295 8.117893
641 -0.255193 2.077071
2232 -0.252380 0.952105
8061 -0.257024 2.809681
2582 -0.266318 6.527386
1626 -0.258924 3.569723
6175 -0.252393 0.957295
1498 -0.274303 9.721241
2307 -0.271021 8.408374
2107 -0.254255 1.702027
12335 -0.267107 6.842757
5370 -0.264468 5.787194
12342 -0.261766 4.706325
4378 -0.268453 7.381237
1790 -0.265575 6.229804
12908 -0.269018 7.607199
9771 -0.269211 7.684326
3617 -0.264299 5.719706
13400 -0.261354 4.541797
14807 -0.258173 3.269142
6763 -0.256464 2.585579
2095 -0.258971 3.588226
4977 -0.257340 2.936046
721 -0.259997 3.998608
4610 -0.261807 4.722995
7830 -0.273868 9.547155
15061 -0.261936 4.774227
2197 -0.269260 7.704087
3843 -0.272016 8.806452
2606 -0.262809 5.123534
970 -0.254768 1.907109
7308 -0.274859 9.943745
4015 -0.254983 1.993062
1565 -0.263633 5.453206
12970 -0.274322 9.728666
2875 -0.266316 6.526220
1031 -0.260916 4.366435
11708 -0.274449 9.779599
3956 -0.257331 2.932407
147 -0.268190 7.275924
151 -0.266631 6.652558
760 -0.273086 9.234479
1507 -0.257818 3.127147
9011 -0.269490 7.795946
991 -0.268866 7.546570
2056 -0.268844 7.537489
8350 -0.266150 6.460075
2530 -0.265558 6.223219
3886 -0.271860 8.743956
1240 -0.273799 9.519774
6698 -0.260722 4.288935
3888 -0.272908 9.163232
506 -0.259911 3.964309
922 -0.269690 7.876192
5454 -0.258263 3.305050
483 -0.266836 6.734241
3106 -0.256793 2.717090
2726 -0.259585 3.834101
750 -0.263336 5.334521
5819 -0.274105 9.641977
918 -0.252778 1.111114
925 -0.258167 3.266749
8077 -0.274994 9.997436
3237 -0.250661 0.264395
4309 -0.271940 8.776040
2232 -0.266854 6.741405
3144 -0.268576 7.430530
3398 -0.266600 6.639847
1403 -0.266972 6.788793
6274 -0.258509 3.403478
256 -0.258853 3.541098
5941 -0.264495 5.797988
487 -0.274227 9.690654
2548 -0.261700 4.680195
2017 -0.260079 4.031785
8253 -0.254658 1.863323
6116 -0.272865 9.145824
1217 -0.268391 7.356324
6588 -0.252229 0.891504
1070 -0.265448 6.179244
2333 -0.266382 6.552667
1840 -0.266590 6.636076
801 -0.263787 5.514630
8034 -0.256893 2.757074
3781 -0.274880 9.951996
3230 -0.272470 8.988166
536 -0.265539 6.215791
8649 -0.262397 4.958842
1549 -0.256846 2.738247
7924 -0.262661 5.064318
2750 -0.262670 5.068022
3010 -0.252155 0.861926
9276 -0.272886 9.154525
4635 -0.273357 9.342914
785 -0.272009 8.803596
5048 -0.266126 6.450313
6021 -0.266281 6.512343
4769 -0.256553 2.621363
7308 -0.254906 1.962285
540 -0.270507 8.202971
9922 -0.267682 7.072990
834 -0.260860 4.344141
22 -0.253854 1.541639
2112 -0.254647 1.858843
11911 -0.265939 6.375613
147 -0.267294 6.917556
10988 -0.255351 2.140538
8152 -0.267216 6.886215
480 -0.260785 4.313820
3508 -0.265313 6.125009
7040 -0.260531 4.212424
2096 -0.274922 9.968995
327 -0.266885 6.753920
1305 -0.266437 6.574640
8715 -0.269834 7.933699
630 -0.256029 2.411509
476 -0.256236 2.494595
3039 -0.268367 7.346892
48 -0.256793 2.717172
571 -0.266507 6.602928
4742 -0.271921 8.768546
1408 -0.266938 6.775183
3366 -0.270333 8.133027
108 -0.258546 3.418290
6797 -0.263241 5.296456
6728 -0.255810 2.324110
7751 -0.267507 7.002721
8507 -0.254240 1.695984
1365 -0.250354 0.141655
7 -0.252971 1.188551
6308 -0.256385 2.553998
5643 -0.259617 3.846768
3033 -0.257412 2.964793
2193 -0.260033 4.013388
328 -0.256227 2.490669
3452 -0.273742 9.496754
8416 -0.259792 3.916661
1860 -0.258522 3.408620
3529 -0.259016 3.606595
1394 -0.252319 0.927746
1618 -0.267346 6.938400
3275 -0.274098 9.639011
7495 -0.260231 4.092210
458 -0.274713 9.885368
1799 -0.273780 9.511848
2046 -0.269983 7.993333
1004 -0.268538 7.415242
5773 -0.261092 4.436673
8224 -0.263098 5.239347
537 -0.270691 8.276415
4278 -0.259328 3.731358
861 -0.272120 8.848136
344 -0.269724 7.889790
1410 -0.272170 8.868105
447 -0.263201 5.280236
3497 -0.252053 0.821108
4129 -0.267431 6.972234
4730 -0.254272 1.708895
1027 -0.269835 7.933967
5274 -0.266732 6.692795
1708 -0.270274 8.109705
1568 -0.267453 6.981190
319 -0.268405 7.361847
5274 -0.270374 8.149690
4041 -0.256263 2.505346
747 -0.274306 9.722462
44 -0.267049 6.819793
841 -0.262756 5.102352
199 -0.267814 7.125692
3183 -0.254330 1.731935
964 -0.262990 5.196124
1261 -0.269848 7.939217
23872 -0.270677 8.270730
4298 -0.259545 3.817861
1055 -0.265986 6.394220
967 -0.250598 0.239329
3247 -0.268447 7.378826
1215 -0.257247 2.898696
1308 -0.257774 3.109405
2176 -0.253795 1.518078
6220 -0.273321 9.328217
712 -0.268337 7.334830
1963 -0.272438 8.975012
2452 -0.264275 5.710042
2673 -0.260283 4.113053
3812 -0.265478 6.191323
4645 -0.265295 6.118044
16651 -0.274857 9.942618
6962 -0.253330 1.331837
227 -0.271714 8.685481
884 -0.267974 7.189636
9784 -0.272667 9.066712
1245 -0.254761 1.904403
1327 -0.262832 5.132766
4176 -0.266542 6.616792
460 -0.273551 9.420406
598 -0.259864 3.945635
8414 -0.260582 4.232981
7145 -0.267041 6.816271
1041 -0.258629 3.451597
1996 -0.253332 1.332892
1802 -0.265106 6.042228
6020 -0.254415 1.766091
2350 -0.262038 4.815275
1824 -0.262170 4.868197
2323 -0.254696 1.878486
6303 -0.266250 6.499907
2840 -0.267155 6.862131
3844 -0.263249 5.299747
4447 -0.273286 9.314260
3771 -0.266587 6.634866
4341 -0.265963 6.385340
10724 -0.264369 5.747655
22563 -0.255216 2.086286
8565 -0.260862 4.344858
8537 -0.269982 7.992731
6772 -0.269985 7.993955
5687 -0.257783 3.113113
13159 -0.272165 8.866060
11033 -0.261264 4.505483
11465 -0.267187 6.874898
8382 -0.269137 7.654740
8344 -0.271779 8.711741
8676 -0.254712 1.884785
19858 -0.269825 7.929923
11126 -0.266615 6.645951
7867 -0.254010 1.604128
19834 -0.252286 0.914478
12546 -0.255187 2.074968
13286 -0.273942 9.576708
11471 -0.261971 4.788265
10391 -0.271771 8.708512
15608 -0.274460 9.784197
15746 -0.256177 2.470780
12335 -0.269678 7.871124
15602 -0.257903 3.161288
11991 -0.259268 3.707113
12428 -0.266644 6.657432
14759 -0.270931 8.372429
14800 -0.270694 8.277498
17030 -0.252265 0.906113
22291 -0.268963 7.585333
15898 -0.268617 7.446761
16423 -0.273796 9.518364
16285 -0.263061 5.224212
18389 -0.266334 6.533756
21829 -0.254491 1.796484
