24 -3.283037 4.695053
24 -3.289537 4.902345
25 -3.313980 5.681816
26 -3.406132 8.620517
26 -3.274620 4.426639
26 -3.254658 3.790061
27 -3.241182 3.360320
28 -3.313980 5.681816
28 -3.296690 5.130452
29 -3.313980 5.681816
29 -3.156265 0.652322
29 -3.184900 1.565503
29 -3.225639 2.864649
30 -3.152918 0.545606
30 -3.313980 5.681816
30 -3.313980 5.681816
30 -3.368663 7.425641
31 -3.379162 7.760455
31 -3.313799 5.676054
31 -3.185347 1.579740
30 -3.195195 1.893783
32 -3.220115 2.688478
32 -3.438342 9.647677
33 -3.313980 5.681816
33 -3.318317 5.820109
34 -3.229356 2.983194
34 -3.313980 5.681816
26 -3.327531 6.113965
34 -3.313980 5.681816
35 -3.436941 9.602993
35 -3.297733 5.163694
28 -3.301913 5.297000
33 -3.313980 5.681816
30 -3.255902 3.829726
36 -3.392692 8.191921
36 -3.280943 4.628272
30 -3.252359 3.716755
25 -3.313980 5.681816
37 -3.313980 5.681816
37 -3.170031 1.091311
27 -3.212398 2.442383
38 -3.433597 9.496355
27 -3.416225 8.942366
30 -3.242176 3.392012
24 -3.313980 5.681816
29 -3.190325 1.738491
38 -3.283639 4.714236
27 -3.400186 8.430899
24 -3.313980 5.681816
30 -3.209936 2.363881
22 -3.313980 5.681816
39 -3.436353 9.584255
29 -3.313980 5.681816
34 -3.312962 5.649360
36 -3.424431 9.204060
44 -3.421502 9.110663
24 -3.313980 5.681816
30 -3.177621 1.333381
29 -3.313980 5.681816
42 -3.313980 5.681825
43 -3.380267 7.795679
26 -3.364336 7.287664
43 -3.313981 5.681843
27 -3.189498 1.712114
33 -3.313980 5.681816
29 -3.187353 1.643714
46 -3.313980 5.681816
26 -3.428530 9.334783
28 -3.324863 6.028860
24 -3.313980 5.681816
45 -3.188265 1.672803
26 -3.406763 8.640625
47 -3.164639 0.919371
26 -3.193344 1.834764
28 -3.313980 5.681816
29 -3.433539 9.494521
25 -3.165179 0.936596
29 -3.313980 5.681816
26 -3.152058 0.518186
51 -3.313980 5.681816
37 -3.341091 6.546362
40 -3.313980 5.681816
38 -3.313980 5.681816
27 -3.321438 5.919637
39 -3.379263 7.763664
52 -3.413982 8.870834
29 -3.408355 8.691404
31 -3.329439 6.174799
29 -3.448587 9.974378
54 -3.349385 6.810879
41 -3.313980 5.681816
34 -3.253477 3.752393
26 -3.389185 8.080076
29 -3.261908 4.021263
37 -3.313980 5.681816
28 -3.313980 5.681816
40 -3.142754 0.221479
31 -3.313980 5.681816
40 -3.201167 2.084229
33 -3.447344 9.934748
35 -3.313980 5.681816
42 -3.313020 5.651191
38 -3.313980 5.681816
33 -3.162992 0.866868
35 -3.313980 5.681816
32 -3.313980 5.681816
46 -3.260375 3.972361
33 -3.181842 1.467986
46 -3.168106 1.029943
28 -3.222726 2.771750
41 -3.313980 5.681816
42 -3.239407 3.303717
35 -3.152154 0.521238
42 -3.239995 3.322446
34 -3.313980 5.681816
27 -3.167676 1.016227
27 -3.232400 3.080246
29 -3.247391 3.558323
28 -3.331594 6.243516
35 -3.401090 8.459736
38 -3.328755 6.152974
28 -3.313204 5.657067
31 -3.313980 5.681816
28 -3.257704 3.887196
29 -3.412515 8.824066
42 -3.313980 5.681816
27 -3.154890 0.608480
30 -3.420514 9.079152
36 -3.343851 6.634405
25 -3.313980 5.681816
28 -3.201021 2.079602
32 -3.152051 0.517955
36 -3.168898 1.055183
28 -3.286431 4.803294
29 -3.313980 5.681816
33 -3.313980 5.681816
35 -3.313980 5.681816
28 -3.329931 6.190485
29 -3.313980 5.681816
52 -3.436005 9.573158
35 -3.313980 5.681816
36 -3.401483 8.472270
39 -3.313980 5.681816
24 -3.169984 1.089827
38 -3.313980 5.681816
41 -3.313980 5.681816
40 -3.248577 3.596122
27 -3.437576 9.623250
40 -3.215838 2.552103
26 -3.313980 5.681816
32 -3.259725 3.951650
33 -3.313980 5.681816
48 -3.423679 9.180074
45 -3.207915 2.299432
30 -3.313980 5.681816
28 -3.151738 0.507969
27 -3.424446 9.204532
34 -3.387596 8.029406
32 -3.295340 5.087391
40 -3.313980 5.681816
39 -3.263936 4.085928
24 -3.313980 5.681816
28 -3.313980 5.681816
46 -3.313980 5.681816
26 -3.313980 5.681816
29 -3.313980 5.681816
31 -3.357369 7.065490
28 -3.313980 5.681816
41 -3.313980 5.681816
34 -3.313980 5.681816
32 -3.290777 4.941890
40 -3.313980 5.681816
47 -3.313980 5.681816
31 -3.227819 2.934170
54 -3.278476 4.549616
31 -3.313980 5.681816
46 -3.222474 2.763724
29 -3.313980 5.681816
56 -3.313980 5.681816
36 -3.313980 5.681816
30 -3.433006 9.477514
42 -3.369222 7.443470
35 -3.293164 5.017987
37 -3.313980 5.681816
35 -3.396650 8.318122
35 -3.359450 7.131840
55 -3.160950 0.801729
36 -3.313980 5.681816
42 -3.313980 5.681816
52 -3.362218 7.220099
52 -3.352130 6.898413
44 -3.171115 1.125891
42 -3.199492 2.030826
52 -3.313980 5.681816
48 -3.313980 5.681816
46 -3.313980 5.681816
47 -3.402671 8.510154
66 -3.378020 7.724035
56 -3.426473 9.269178
62 -3.313980 5.681816
