20 -0.017027 9.013979
22 -0.017075 9.321066
22 -0.016855 7.911151
22 -0.016251 4.042926
22 -0.016511 5.707311
22 -0.016396 4.968448
22 -0.016539 5.888861
23 -0.015752 0.848570
24 -0.016864 7.968268
24 -0.016263 4.121049
24 -0.016557 6.003029
24 -0.016545 5.923431
24 -0.016498 5.626415
23 -0.015685 0.418373
24 -0.016706 6.956270
26 -0.016207 3.761109
26 -0.016001 2.441842
26 -0.016202 3.728714
26 -0.015904 1.824007
26 -0.016333 4.566563
26 -0.016475 5.475917
26 -0.015818 1.272443
25 -0.015714 0.601844
26 -0.015891 1.737717
26 -0.015651 0.199019
26 -0.015951 2.122515
26 -0.016139 3.329006
26 -0.015744 0.795749
26 -0.016908 8.251069
26 -0.016156 3.433892
26 -0.015684 0.415814
26 -0.016097 3.053972
24 -0.016602 6.289832
28 -0.016039 2.686471
28 -0.016085 2.982904
28 -0.015845 1.441135
28 -0.016058 2.806525
28 -0.016091 3.015587
27 -0.015760 0.898249
22 -0.017080 9.348749
27 -0.016051 2.762096
28 -0.015889 1.723600
28 -0.015761 0.905623
28 -0.015656 0.232824
24 -0.016118 3.190254
28 -0.015841 1.419100
30 -0.015977 2.289842
30 -0.015844 1.436060
30 -0.016055 2.785613
30 -0.015904 1.824209
24 -0.015988 2.357006
32 -0.016210 3.777756
24 -0.016276 4.205656
28 -0.015672 0.336408
28 -0.017169 9.917252
28 -0.016356 4.714832
28 -0.015950 2.113305
24 -0.017118 9.596528
26 -0.017141 9.743842
26 -0.015926 1.964230
24 -0.017016 8.939990
24 -0.016387 4.915847
26 -0.016750 7.238413
24 -0.015904 1.822373
24 -0.016804 7.586202
26 -0.016156 3.432521
24 -0.016844 7.841702
24 -0.016291 4.299918
33 -0.016109 3.131096
26 -0.015953 2.135340
24 -0.016932 8.405109
28 -0.017030 9.032906
26 -0.016007 2.482543
26 -0.016446 5.289093
23 -0.016166 3.499808
30 -0.016011 2.506077
26 -0.016167 3.506413
26 -0.015739 0.767539
22 -0.016065 2.850897
26 -0.017042 9.104228
24 -0.016887 8.114538
24 -0.015670 0.324505
30 -0.015949 2.110914
22 -0.015655 0.225430
24 -0.015827 1.325231
26 -0.016595 6.246856
26 -0.017020 8.966871
28 -0.016711 6.988475
28 -0.015930 1.988468
24 -0.016031 2.632900
26 -0.015883 1.690000
32 -0.016080 2.949152
26 -0.016204 3.740789
30 -0.016002 2.448445
28 -0.016158 3.447998
26 -0.016614 6.369174
20 -0.015951 2.119427
23 -0.015716 0.616335
26 -0.016496 5.612737
26 -0.016455 5.347354
22 -0.016441 5.256809
24 -0.015819 1.275120
26 -0.015819 1.274330
32 -0.015908 1.849090
22 -0.016614 6.364411
25 -0.015919 1.920532
24 -0.017026 9.007705
26 -0.016188 3.638632
24 -0.015948 2.103404
30 -0.015887 1.710251
22 -0.016852 7.892122
26 -0.016100 3.073488
28 -0.015739 0.763532
26 -0.016888 8.121343
26 -0.016097 3.056630
26 -0.015658 0.245423
26 -0.015822 1.299068
26 -0.016242 3.987471
28 -0.016115 3.175113
26 -0.015659 0.251565
26 -0.016276 4.204545
26 -0.016397 4.978981
26 -0.017112 9.554370
28 -0.016681 6.793007
28 -0.015796 1.127837
28 -0.015647 0.175240
24 -0.017071 9.291767
28 -0.016579 6.143224
26 -0.015961 2.187298
28 -0.016240 3.975085
26 -0.016049 2.747591
28 -0.016142 3.346401
26 -0.015622 0.015017
28 -0.017135 9.704348
30 -0.016448 5.302327
22 -0.016713 6.999319
24 -0.016401 5.002546
24 -0.016189 3.647531
24 -0.015737 0.750896
28 -0.016250 4.038501
28 -0.016033 2.646020
24 -0.016981 8.714856
22 -0.016289 4.283319
26 -0.015897 1.777921
24 -0.016107 3.122954
26 -0.016608 6.330035
24 -0.015781 1.033401
27 -0.016181 3.594179
26 -0.016795 7.526301
28 -0.015903 1.815296
26 -0.015845 1.443629
22 -0.016944 8.479074
32 -0.015847 1.455866
24 -0.015719 0.637369
32 -0.016201 3.722343
26 -0.016715 7.014792
24 -0.016860 7.938887
24 -0.017045 9.126244
28 -0.016884 8.096948
24 -0.016126 3.245041
24 -0.016060 2.822244
27 -0.016099 3.071851
26 -0.015800 1.157311
30 -0.016179 3.579855
28 -0.016236 3.944209
26 -0.015917 1.903552
28 -0.016715 7.012254
26 -0.016552 5.971178
28 -0.015911 1.863046
28 -0.015694 0.477970
24 -0.017097 9.456874
26 -0.016434 5.215619
30 -0.017164 9.886972
28 -0.017112 9.558447
28 -0.015946 2.088338
24 -0.015863 1.559568
32 -0.015910 1.860125
26 -0.015714 0.606818
28 -0.016788 7.482917
30 -0.015623 0.023422
24 -0.016390 4.930235
26 -0.016205 3.749697
26 -0.016177 3.567227
26 -0.016540 5.892025
26 -0.016096 3.051087
26 -0.015928 1.976768
28 -0.015900 1.797278
28 -0.016495 5.603008
26 -0.015963 2.197693
30 -0.016016 2.537079
28 -0.015964 2.208391
26 -0.016289 4.288130
30 -0.015813 1.239335
26 -0.015906 1.831174
26 -0.015701 0.521833
26 -0.016062 2.833717
28 -0.016038 2.681663
28 -0.015890 1.732850
30 -0.017146 9.772065
69 -0.015870 1.600966
