13 -1.008187 0.818707
13 -1.055487 5.548669
14 -1.018885 1.888488
16 -1.075622 7.562222
17 -1.027511 2.751073
17 -1.039468 3.946779
17 -1.010717 1.071716
17 -1.036555 3.655513
14 -1.033135 3.313530
18 -1.064983 6.498347
18 -1.016836 1.683638
18 -1.038941 3.894060
19 -1.084287 8.428684
20 -1.010283 1.028263
16 -1.088798 8.879795
20 -1.088158 8.815810
13 -1.000467 0.046673
22 -1.008627 0.862675
14 -1.082177 8.217664
23 -1.003917 0.391714
23 -1.019902 1.990222
23 -1.024427 2.442669
24 -1.089394 8.939378
24 -1.023247 2.324682
24 -1.093517 9.351662
24 -1.034234 3.423427
24 -1.049433 4.943282
25 -1.034683 3.468290
25 -1.074442 7.444233
11 -1.053184 5.318438
25 -1.048743 4.874258
25 -1.074727 7.472661
25 -1.036589 3.658890
26 -1.022510 2.250958
26 -1.035785 3.578478
26 -1.052412 5.241173
26 -1.003157 0.315745
26 -1.061477 6.147705
27 -1.060023 6.002260
27 -1.035987 3.598737
27 -1.009192 0.919152
28 -1.016827 1.682743
28 -1.037199 3.719877
28 -1.016605 1.660526
11 -1.003128 0.312781
28 -1.019882 1.988185
28 -1.012513 1.251273
28 -1.034146 3.414587
28 -1.063261 6.326126
29 -1.007217 0.721731
30 -1.053342 5.334203
21 -1.040505 4.050516
31 -1.026396 2.639629
15 -1.005476 0.547576
31 -1.040701 4.070080
27 -1.024325 2.432547
32 -1.011339 1.133940
25 -1.077510 7.750985
15 -1.015585 1.558526
22 -1.093180 9.317968
16 -1.004147 0.414742
28 -1.011585 1.158480
26 -1.085667 8.566695
27 -1.029428 2.942776
25 -1.026030 2.603048
14 -1.034343 3.434283
26 -1.081906 8.190627
20 -1.024297 2.429673
22 -1.067536 6.753579
29 -1.088080 8.807956
27 -1.026731 2.673113
29 -1.056414 5.641422
26 -1.059144 5.914400
24 -1.002560 0.255988
28 -1.010239 1.023868
25 -1.066206 6.620554
25 -1.055262 5.526194
27 -1.073423 7.342300
22 -1.051198 5.119784
27 -1.054540 5.454025
28 -1.063323 6.332300
24 -1.052912 5.291210
13 -1.053500 5.350037
26 -1.009653 0.965273
24 -1.083506 8.350564
24 -1.068397 6.839694
24 -1.017656 1.765608
26 -1.043093 4.309303
24 -1.087588 8.758822
27 -1.014295 1.429464
25 -1.034534 3.453381
25 -1.035246 3.524570
23 -1.005139 0.513916
21 -1.048551 4.855098
27 -1.000705 0.070451
13 -1.021795 2.179527
30 -1.042233 4.223319
27 -1.050774 5.077449
30 -1.022365 2.236548
23 -1.009791 0.979057
29 -1.027880 2.788010
25 -1.045962 4.596189
28 -1.018167 1.816681
21 -1.088767 8.876724
32 -1.016221 1.622121
25 -1.013349 1.334900
27 -1.031081 3.108086
14 -1.043613 4.361262
12 -1.092006 9.200593
28 -1.050097 5.009718
26 -1.002287 0.228706
31 -1.081291 8.129120
23 -1.059593 5.959345
28 -1.015081 1.508063
23 -1.031925 3.192495
26 -1.034324 3.432420
26 -1.095635 9.563495
23 -1.053357 5.335675
29 -1.015172 1.517242
28 -1.050292 5.029202
28 -1.029784 2.978366
24 -1.048007 4.800669
14 -1.041653 4.165261
11 -1.060571 6.057083
18 -1.086504 8.650368
18 -1.085463 8.546280
23 -1.033983 3.398255
21 -1.085055 8.505484
21 -1.022309 2.230939
24 -1.081877 8.187657
27 -1.032732 3.273172
12 -1.016161 1.616111
25 -1.054157 5.415723
26 -1.062055 6.205542
24 -1.060302 6.030222
31 -1.031182 3.118205
27 -1.032861 3.286058
19 -1.049113 4.911313
32 -1.029419 2.941857
28 -1.008478 0.847755
18 -1.077017 7.701718
32 -1.085028 8.502839
26 -1.063383 6.338305
27 -1.048657 4.865743
28 -1.049124 4.912357
30 -1.074914 7.491443
27 -1.053390 5.338989
28 -1.008019 0.801894
27 -1.089292 8.929170
29 -1.052613 5.261304
26 -1.044230 4.423029
31 -1.019385 1.938462
26 -1.085796 8.579615
19 -1.034277 3.427651
26 -1.086438 8.643771
28 -1.002560 0.256040
15 -1.078919 7.891904
23 -1.032358 3.235804
14 -1.070258 7.025841
28 -1.015836 1.583598
27 -1.024145 2.414454
30 -1.060522 6.052151
15 -1.033938 3.393797
25 -1.027809 2.780883
24 -1.081315 8.131527
22 -1.046165 4.616462
25 -1.024404 2.440425
21 -1.018280 1.828010
15 -1.093305 9.330528
29 -1.047358 4.735822
25 -1.078455 7.845470
29 -1.026013 2.601255
30 -1.043497 4.349748
24 -1.081025 8.102514
26 -1.080416 8.041553
26 -1.040908 4.090753
27 -1.014386 1.438564
25 -1.059546 5.954613
26 -1.007898 0.789824
24 -1.050620 5.062001
27 -1.021919 2.191893
24 -1.049927 4.992728
23 -1.059596 5.959611
23 -1.076889 7.688920
26 -1.059382 5.938201
25 -1.019204 1.920352
31 -1.052305 5.230522
27 -1.039094 3.909355
25 -1.056214 5.621379
24 -1.080496 8.049598
29 -1.050064 5.006382
28 -1.042414 4.241434
24 -1.076327 7.632675
27 -1.051046 5.104595
28 -1.004594 0.459423
32 -1.092000 9.200023
26 -1.041181 4.118124
28 -1.024196 2.419588
32 -1.007273 0.727268
30 -1.004183 0.418323
