10 -327.068778 6.710857
16 -334.648878 9.183973
16 -335.286130 9.391886
14 -322.708525 5.288263
14 -329.541226 7.517529
14 -320.254539 4.487615
17 -331.479703 8.149985
17 -329.627755 7.545760
19 -328.792961 7.273397
17 -324.488215 5.868912
18 -323.834737 5.655705
18 -330.814573 7.932977
18 -335.901068 9.592518
16 -335.729974 9.536696
19 -324.595950 5.904062
16 -327.000372 6.688539
19 -328.246704 7.095173
17 -330.523518 7.838016
17 -322.596559 5.251732
18 -325.579965 6.225111
18 -331.771796 8.245284
19 -320.846932 4.680892
17 -320.922071 4.705406
17 -333.636958 8.853820
18 -330.688753 7.891926
20 -325.604790 6.233211
20 -323.382815 5.508259
18 -332.990388 8.642867
21 -325.401838 6.166994
22 -324.281000 5.801305
19 -334.340176 9.083255
20 -329.801563 7.602467
19 -329.868864 7.624425
22 -322.946558 5.365924
20 -324.515838 5.877924
20 -333.841552 8.920572
21 -331.546430 8.171755
21 -323.359538 5.500665
21 -322.253728 5.139879
20 -327.166215 6.742648
21 -323.866498 5.666068
22 -327.047993 6.704076
22 -324.779707 5.964015
18 -336.662943 9.841091
22 -326.966472 6.677479
23 -326.511117 6.528913
23 -329.609979 7.539961
16 -321.701257 4.959627
23 -331.011453 7.997211
15 -333.954883 8.957548
15 -323.304505 5.482710
15 -326.240417 6.440593
15 -325.147940 6.084157
18 -323.629005 5.588582
27 -326.520358 6.531928
19 -324.807614 5.973121
17 -328.844847 7.290325
18 -331.632411 8.199808
18 -324.837975 5.983026
19 -327.860386 6.969131
19 -325.744399 6.278760
20 -324.596604 5.904275
20 -333.603820 8.843008
19 -322.887611 5.346692
19 -324.126722 5.750970
18 -329.621262 7.543642
22 -324.318016 5.813382
17 -330.303127 7.766110
15 -330.942423 7.974690
22 -323.702023 5.612406
20 -324.411094 5.843750
19 -335.328009 9.405549
19 -334.439214 9.115568
16 -332.239732 8.397955
17 -331.166831 8.047906
18 -323.926554 5.685662
20 -328.506770 7.180023
18 -322.631336 5.263079
18 -327.651677 6.901036
19 -331.178002 8.051550
16 -331.782360 8.248731
20 -324.345987 5.822508
20 -327.241237 6.767125
17 -321.130881 4.773534
21 -327.702153 6.917505
16 -329.085354 7.368794
17 -331.561221 8.176581
23 -324.322706 5.814912
20 -328.924136 7.316194
18 -327.876518 6.974394
19 -330.839638 7.941154
12 -336.109949 9.660669
13 -335.415425 9.434070
23 -334.607137 9.170355
19 -329.369746 7.461581
22 -323.405579 5.515686
19 -323.907958 5.679595
23 -326.915966 6.661000
16 -322.388110 5.183723
18 -330.691512 7.892826
21 -322.591434 5.250060
16 -335.117599 9.336900
20 -323.734123 5.622879
11 -336.119878 9.663908
22 -328.948123 7.324021
17 -332.462034 8.470484
14 -336.173002 9.681241
19 -327.327924 6.795408
13 -321.914401 5.029168
22 -323.453594 5.531352
16 -334.047300 8.987700
20 -331.282187 8.085542
20 -332.041873 8.333401
20 -330.567926 7.852505
20 -328.859957 7.295255
20 -324.868320 5.992927
22 -321.939671 5.037413
18 -334.544755 9.150002
20 -335.384950 9.424127
19 -326.907302 6.658174
21 -335.100196 9.331222
19 -334.458330 9.121804
20 -326.932304 6.666331
22 -330.442740 7.811661
15 -337.054125 9.968719
17 -322.162679 5.110172
22 -323.045556 5.398224
17 -329.062527 7.361346
18 -322.469161 5.210167
18 -335.501723 9.462226
20 -327.150260 6.737442
22 -321.211091 4.799703
22 -323.781089 5.638202
17 -326.047677 6.377709
19 -325.802759 6.297800
23 -320.471437 4.558381
17 -322.234905 5.133738
19 -330.529903 7.840099
18 -324.307937 5.810094
20 -323.247571 5.464134
18 -333.550515 8.825617
22 -331.835755 8.266152
19 -323.151358 5.432743
13 -335.592492 9.491841
22 -329.491657 7.501356
19 -325.750215 6.280657
20 -330.936921 7.972894
15 -331.621456 8.196234
19 -325.500192 6.199084
18 -332.475673 8.474934
21 -331.215131 8.063664
20 -326.858195 6.642152
14 -329.321433 7.445818
16 -322.893434 5.348592
20 -324.436794 5.852135
26 -326.165664 6.416203
18 -324.788513 5.966889
failed to find solution after reaching max emtpy limit -- 19 iterations and 13 function evals
22 -332.308443 8.420373
15 -326.317596 6.465774
16 -321.610556 4.930035
20 -327.341764 6.799923
15 -332.945227 8.628133
15 -325.695805 6.262905
18 -330.655967 7.881229
14 -334.370534 9.093160
21 -323.346369 5.496368
23 -321.015257 4.735810
22 -322.591896 5.250211
18 -323.499422 5.546304
17 -335.401545 9.429542
18 -329.922888 7.642052
20 -329.152789 7.390796
13 -332.573757 8.506935
20 -323.885158 5.672156
21 -323.435948 5.525595
20 -327.273518 6.777657
20 -336.477699 9.780652
21 -328.768957 7.265565
18 -335.871084 9.582735
20 -323.443601 5.528092
19 -327.073486 6.712393
16 -323.195581 5.447172
22 -329.564511 7.525126
16 -326.269353 6.450034
19 -328.338113 7.124996
19 -333.575615 8.833806
17 -328.108407 7.050051
20 -326.942981 6.669814
20 -329.172079 7.397089
20 -323.614412 5.583821
20 -320.214470 4.474542
21 -325.205919 6.103073
21 -335.622780 9.501723
22 -335.754294 9.544631
19 -330.593773 7.860937
25 -324.807637 5.973128
22 -330.344119 7.779484
25 -327.630340 6.894075
22 -323.678508 5.604733
