10 3090.125476 6.359834
10 2988.734393 9.432291
10 3172.802592 3.854467
10 3115.370825 5.594823
10 3074.296015 6.839515
10 3193.214885 3.235913
10 3074.430304 6.835445
10 3044.828175 7.732480
10 3117.711295 5.523900
10 2995.010568 9.242104
10 3218.514844 2.469247
10 3069.957124 6.970996
11 3241.947462 1.759168
11 3082.144934 6.601669
11 3003.915776 8.972249
10 2970.900916 9.972700
11 3025.929086 8.305179
11 3091.335286 6.323173
11 3126.678582 5.252164
11 3224.618170 2.284298
11 3059.552878 7.286276
11 2989.611143 9.405723
11 3010.739752 8.765462
11 2982.101433 9.633290
11 3130.478324 5.137020
11 3047.405046 7.654393
10 3008.870937 8.822093
12 3057.882577 7.336892
12 3183.410921 3.533002
12 3262.856666 1.125556
12 3065.311058 7.111786
12 3285.970370 0.425140
12 3116.753680 5.552919
12 3040.575471 7.861349
10 2991.514766 9.348037
11 3031.523261 8.135659
12 3293.227960 0.205213
12 3228.039384 2.180625
12 3288.140487 0.359379
12 3017.317116 8.566148
12 3275.097334 0.754626
12 3191.196332 3.297081
12 3229.955319 2.122566
12 3086.155272 6.480143
12 3049.363535 7.595044
12 3269.546619 0.922830
11 3131.542539 5.104772
12 3096.262997 6.173849
12 3095.877840 6.185520
12 3081.276006 6.628000
12 3216.503308 2.530203
12 3118.614330 5.496535
12 3210.922331 2.699323
13 3202.560855 2.952701
13 3256.052422 1.331745
13 3025.880216 8.306660
11 3175.341058 3.777544
13 3281.977107 0.546148
13 3250.516114 1.499512
12 3293.880607 0.185436
13 3138.660235 4.889084
12 3256.010514 1.333015
13 3275.646493 0.737985
13 3167.293622 4.021405
13 3278.988643 0.636708
13 3283.991345 0.485111
13 3295.515551 0.135892
12 3142.338944 4.777608
13 3252.930529 1.426348
13 2996.491933 9.197214
13 3187.994898 3.394094
13 3272.217044 0.841908
13 3149.379094 4.564270
13 3230.442584 2.107800
10 3214.552925 2.589305
14 3203.805702 2.914979
12 3084.160239 6.540599
14 3234.605613 1.981648
11 3060.338533 7.262469
13 3290.174878 0.297731
12 2975.540516 9.832106
14 3262.487675 1.136737
14 3160.376378 4.231019
14 3133.362743 5.049614
14 3283.862424 0.489017
13 3289.289378 0.324564
12 3175.397698 3.775827
14 3299.153774 0.025643
11 3011.769396 8.734261
14 3260.487118 1.197360
13 3270.604767 0.890765
14 3276.282993 0.718697
11 3074.144633 6.844102
14 3200.299350 3.021232
14 3285.852969 0.428698
14 3038.702869 7.918095
14 3278.627339 0.647656
11 3049.323090 7.596270
13 3298.961262 0.031477
13 3230.013200 2.120812
13 3129.894107 5.154724
12 3278.870454 0.640289
11 3048.609592 7.617891
12 3001.153483 9.055955
11 3257.923357 1.275050
11 3182.924192 3.547752
11 3161.470788 4.197855
13 3139.890096 4.851815
10 3212.228342 2.659747
14 3201.991997 2.969939
12 3186.636133 3.435269
16 3294.919263 0.153962
12 2997.253167 9.174146
16 3280.103017 0.602939
16 3264.765644 1.067708
13 3281.393141 0.563844
13 3208.190485 2.782107
14 3105.034813 5.908036
13 3262.780195 1.127873
16 3280.375090 0.594694
13 3252.614681 1.435919
13 3272.970398 0.819079
14 3071.642226 6.919933
12 3233.141501 2.026015
12 3107.858226 5.822478
11 3220.946838 2.395550
13 3269.386027 0.927696
16 3226.753281 2.219598
11 3195.383702 3.170191
12 3261.356280 1.171022
17 3286.961031 0.395120
11 3238.723099 1.856876
12 3273.886326 0.791323
14 3272.681874 0.827822
11 3187.460264 3.410295
11 3029.081673 8.209646
13 3285.468623 0.440345
12 3085.656630 6.495254
12 3254.753825 1.371096
17 3292.528042 0.226423
13 3282.775995 0.521940
12 3295.736747 0.129189
16 3251.243039 1.477484
13 3264.673533 1.070499
13 3254.215547 1.387408
12 3109.921994 5.759940
12 3295.703557 0.130195
13 3121.516518 5.408590
13 3275.027669 0.756737
17 3297.832484 0.065682
16 3251.630792 1.465734
14 3245.498070 1.651574
17 3227.479155 2.197601
14 3266.310229 1.020902
13 3229.916749 2.123735
14 3243.994459 1.697138
12 3292.339765 0.232128
14 3297.048313 0.089445
16 3288.152227 0.359023
13 3140.654390 4.828655
18 3297.799670 0.066677
13 3259.974715 1.212887
13 3090.147904 6.359154
13 3249.404081 1.533210
12 3283.146594 0.510709
12 3144.720304 4.705445
13 3065.618530 7.102469
12 3199.192708 3.054766
13 3283.976623 0.485557
13 3264.719980 1.069092
13 3066.602863 7.072641
13 3137.752752 4.916583
13 3032.165635 8.116193
16 3272.843233 0.822932
16 3131.419366 5.108504
16 3233.597556 2.012195
13 3221.216093 2.387391
13 3183.417306 3.532809
16 3285.913272 0.426871
16 3291.380727 0.261190
16 3098.698644 6.100041
14 3284.034582 0.483801
14 3217.128587 2.511255
17 3179.952510 3.637803
16 3297.730641 0.068768
20 3256.531456 1.317229
17 3296.083442 0.118684
17 3293.062169 0.210237
17 3290.048391 0.301564
18 3290.207336 0.296747
22 3295.888530 0.124590
19 3082.337506 6.595833
77 3010.350473 8.777258
95 3197.291488 3.112379
140 3026.797481 8.278864
141 3212.712852 2.645065
145 2970.273988 9.991697
183 3052.728278 7.493082
213 2996.783188 9.188388
failed to find solution in 1200 iterations and 219 function evals
