9 0.962000 3.799973
11 0.968833 3.116736
16 0.912973 8.702651
14 0.940670 5.933011
13 0.959144 4.085633
18 0.975191 2.480856
16 0.900631 9.936906
11 0.918578 8.142184
18 0.977645 2.235495
20 0.994930 0.506962
14 0.933755 6.624533
17 0.998187 0.181320
20 0.923386 7.661389
19 0.961673 3.832737
12 0.987568 1.243249
25 0.951546 4.845444
19 0.951824 4.817637
16 0.966606 3.339450
16 0.987377 1.262264
19 0.946359 5.364058
15 0.912152 8.784801
24 0.989731 1.026857
22 0.993816 0.618423
21 0.976802 2.319848
19 0.948358 5.164175
25 0.903710 9.629039
21 0.905679 9.432055
20 0.952976 4.702383
12 0.987804 1.219619
21 0.945083 5.491651
18 0.941153 5.884741
27 0.943676 5.632372
24 0.943703 5.629662
18 0.985787 1.421337
15 0.947371 5.262851
22 0.977764 2.223641
11 0.901263 9.873707
25 0.951232 4.876813
21 0.904767 9.523255
24 0.991563 0.843727
17 0.932459 6.754136
15 0.992621 0.737888
21 0.916821 8.317940
21 0.978114 2.188629
23 0.992660 0.733952
20 0.996353 0.364736
22 0.923009 7.699058
24 0.990825 0.917500
35 0.959202 4.079827
25 0.927490 7.250965
14 0.935058 6.494157
14 0.963280 3.672022
24 0.930292 6.970757
20 0.945512 5.448785
28 0.983974 1.602566
19 0.967900 3.210015
26 0.987431 1.256932
20 0.949582 5.041788
28 0.972582 2.741752
24 0.920019 7.998060
25 0.907322 9.267772
30 0.927384 7.261588
21 0.906549 9.345065
15 0.927299 7.270102
29 0.940683 5.931729
30 0.922544 7.745645
16 0.998699 0.130056
17 0.946976 5.302437
18 0.923922 7.607829
22 0.932337 6.766322
22 0.907899 9.210079
31 0.929337 7.066273
29 0.942615 5.738537
18 0.909984 9.001578
31 0.944409 5.559150
26 0.976634 2.336605
21 0.991007 0.899349
16 0.937575 6.242452
15 0.945454 5.454591
10 0.996442 0.355834
43 0.919473 8.052699
19 0.925222 7.477796
8 0.904745 9.525522
30 0.935306 6.469368
26 0.920765 7.923504
27 0.921641 7.835927
41 0.959927 4.007254
40 0.948158 5.184211
27 0.943984 5.601621
23 0.903912 9.608753
38 0.935730 6.427049
19 0.991251 0.874891
29 0.903330 9.667040
12 0.942892 5.710814
18 0.944198 5.580172
23 0.967201 3.279852
14 0.996559 0.344074
35 0.915408 8.459201
20 0.971612 2.838831
23 0.973377 2.662342
39 0.998888 0.111177
32 0.913871 8.612886
25 0.909053 9.094715
30 0.912329 8.767068
28 0.910258 8.974163
45 0.908267 9.173336
38 0.974681 2.531862
26 0.942781 5.721917
26 0.904166 9.583424
25 0.910856 8.914428
14 0.949849 5.015086
17 0.912064 8.793579
20 0.918130 8.186977
23 0.909362 9.063806
22 0.951164 4.883604
16 0.911220 8.877994
17 0.998988 0.101219
17 0.977873 2.212676
29 0.952599 4.740129
13 0.991430 0.856959
18 0.984507 1.549312
26 0.990679 0.932143
16 0.983421 1.657884
34 0.968062 3.193818
39 0.902406 9.759350
17 0.949870 5.013047
20 0.992610 0.739039
19 0.919220 8.077997
11 0.934206 6.579434
27 0.904482 9.551774
16 0.975837 2.416263
25 0.916368 8.363222
15 0.923550 7.644982
26 0.944504 5.549552
41 0.948682 5.131844
26 0.907494 9.250596
25 0.914667 8.533283
22 0.939885 6.011527
20 0.930922 6.907823
22 0.906387 9.361321
13 0.951161 4.883880
13 0.951624 4.837638
29 0.904568 9.543217
26 0.946366 5.363392
31 0.984202 1.579842
41 0.904323 9.567655
16 0.915558 8.444224
20 0.942918 5.708219
13 0.929010 7.098970
30 0.910534 8.946561
30 0.908472 9.152830
31 0.956376 4.362405
21 0.945456 5.454397
26 0.928359 7.164124
25 0.913278 8.672250
43 0.983242 1.675806
15 0.953141 4.685917
27 0.928459 7.154079
13 0.929300 7.069997
14 0.972967 2.703275
16 0.971630 2.836985
15 0.922480 7.751954
26 0.958299 4.170081
39 0.951314 4.868561
26 0.924975 7.502542
24 0.950372 4.962765
31 0.910761 8.923881
29 0.911992 8.800802
16 0.939253 6.074676
18 0.904381 9.561898
21 0.973938 2.606168
18 0.953595 4.640481
27 0.967492 3.250832
34 0.935004 6.499588
22 0.967981 3.201884
25 0.934303 6.569685
18 0.916848 8.315175
17 0.931889 6.811139
28 0.943973 5.602672
34 0.925457 7.454294
21 0.978804 2.119578
28 0.918974 8.102566
27 0.909486 9.051362
22 0.981267 1.873294
32 0.919384 8.061638
23 0.901114 9.888644
42 0.915229 8.477128
36 0.943494 5.650574
29 0.915753 8.424719
27 0.902082 9.791839
25 0.971903 2.809721
24 0.963144 3.685581
34 0.957469 4.253061
41 0.943964 5.603615
36 0.916101 8.389883
29 0.984980 1.501968
41 0.920951 7.904908
25 0.992922 0.707799
34 0.985859 1.414122
38 0.980964 1.903612
