12 -1.051480 5.147954
12 -1.080522 8.052227
13 -1.058179 5.817882
23 -1.099757 9.975655
20 -1.040172 4.017209
13 -1.058585 5.858496
21 -1.058719 5.871944
15 -1.077873 7.787284
19 -1.044464 4.446412
20 -1.055763 5.576348
28 -1.081795 8.179531
28 -1.083657 8.365696
37 -1.074868 7.486757
27 -1.026842 2.684170
27 -1.026660 2.666019
16 -1.043057 4.305686
16 -1.088083 8.808255
28 -1.060591 6.059104
28 -1.054786 5.478590
28 -1.064677 6.467706
17 -1.058211 5.821072
28 -1.032620 3.261977
32 -1.068596 6.859610
32 -1.062894 6.289445
32 -1.034008 3.400758
33 -1.040046 4.004598
32 -1.049006 4.900621
32 -1.045940 4.594031
17 -1.096969 9.696895
17 -1.033672 3.367234
31 -1.041728 4.172770
34 -1.051785 5.178527
35 -1.062646 6.264605
38 -1.071202 7.120188
36 -1.055043 5.504292
38 -1.082938 8.293782
40 -1.049828 4.982815
35 -1.065077 6.507698
39 -1.036806 3.680594
42 -1.031868 3.186755
46 -1.096510 9.651047
45 -1.069377 6.937719
43 -1.039171 3.917052
15 -1.075662 7.566245
47 -1.028420 2.841997
48 -1.039685 3.968516
47 -1.029336 2.933614
18 -1.093971 9.397095
28 -1.041148 4.114849
18 -1.030442 3.044186
22 -1.041241 4.124097
34 -1.053165 5.316544
36 -1.071943 7.194283
17 -1.082312 8.231191
40 -1.027877 2.787744
31 -1.076572 7.657164
15 -1.082489 8.248948
21 -1.044794 4.479365
26 -1.090069 9.006920
23 -1.074761 7.476054
37 -1.037377 3.737665
17 -1.046363 4.636257
16 -1.072667 7.266711
21 -1.066899 6.689862
16 -1.042708 4.270761
29 -1.048119 4.811853
28 -1.029760 2.976023
11 -1.097701 9.770149
32 -1.072924 7.292402
28 -1.057890 5.789008
37 -1.060125 6.012491
32 -1.031947 3.194685
17 -1.051826 5.182608
27 -1.077097 7.709696
37 -1.037399 3.739943
43 -1.035005 3.500471
35 -1.056592 5.659218
21 -1.038809 3.880859
34 -1.033230 3.322960
29 -1.043391 4.339101
25 -1.042601 4.260098
23 -1.039433 3.943270
44 -1.048531 4.853125
35 -1.043854 4.385400
21 -1.051391 5.139073
47 -1.066608 6.660800
27 -1.033403 3.340297
46 -1.037958 3.795781
26 -1.044807 4.480680
20 -1.042742 4.274245
22 -1.093912 9.391244
13 -1.048424 4.842410
24 -1.089938 8.993808
15 -1.062515 6.251460
13 -1.050942 5.094206
11 -1.058043 5.804316
24 -1.035394 3.539413
22 -1.033491 3.349139
15 -1.085262 8.526225
19 -1.071589 7.158948
43 -1.044854 4.485375
30 -1.074434 7.443377
17 -1.079934 7.993441
29 -1.034863 3.486342
33 -1.083097 8.309736
69 -1.080236 8.023552
55 -1.040268 4.026796
40 -1.030851 3.085091
27 -1.081575 8.157490
16 -1.050064 5.006444
29 -1.033089 3.308909
47 -1.075339 7.533855
26 -1.065918 6.591754
32 -1.078067 7.806727
21 -1.029600 2.960042
58 -1.035922 3.592163
43 -1.032693 3.269272
36 -1.058343 5.834344
34 -1.028034 2.803448
17 -1.056468 5.646839
16 -1.076729 7.672851
41 -1.070835 7.083464
13 -1.054427 5.442735
44 -1.045383 4.538287
48 -1.041657 4.165652
24 -1.037192 3.719176
11 -1.056199 5.619878
26 -1.039851 3.985119
16 -1.079095 7.909503
16 -1.075668 7.566761
15 -1.040224 4.022419
55 -1.081001 8.100139
18 -1.081144 8.114434
23 -1.079342 7.934179
15 -1.073540 7.353954
21 -1.058522 5.852162
29 -1.081329 8.132923
30 -1.049933 4.993333
30 -1.078172 7.817204
28 -1.040544 4.054383
31 -1.072788 7.278762
18 -1.053564 5.356423
67 -1.069608 6.960758
42 -1.057476 5.747579
38 -1.034590 3.458991
22 -1.032174 3.217411
38 -1.049701 4.970069
28 -1.093951 9.395054
52 -1.074508 7.450753
30 -1.083028 8.302796
21 -1.093652 9.365212
42 -1.090801 9.080068
33 -1.082482 8.248180
62 -1.047548 4.754824
25 -1.046512 4.651202
16 -1.053576 5.357641
44 -1.076019 7.601939
22 -1.036051 3.605065
19 -1.089973 8.997311
35 -1.028318 2.831810
37 -1.048762 4.876227
27 -1.038196 3.819550
16 -1.091148 9.114842
24 -1.088400 8.839956
28 -1.052586 5.258641
42 -1.095677 9.567722
36 -1.033466 3.346555
15 -1.082413 8.241270
18 -1.070368 7.036802
29 -1.040979 4.097871
42 -1.058299 5.829862
38 -1.030684 3.068395
22 -1.055681 5.568112
28 -1.074054 7.405428
21 -1.081826 8.182577
20 -1.047859 4.785947
26 -1.076244 7.624361
17 -1.040635 4.063536
26 -1.043680 4.368045
33 -1.035831 3.583080
15 -1.037226 3.722568
16 -1.091197 9.119739
40 -1.033628 3.362831
38 -1.054418 5.441759
47 -1.030004 3.000444
32 -1.057754 5.775385
38 -1.092379 9.237925
59 -1.055172 5.517215
71 -1.069073 6.907317
53 -1.068881 6.888086
58 -1.056351 5.635093
65 -1.072383 7.238299
70 -1.050991 5.099056
43 -1.061975 6.197464
55 -1.059752 5.975210
64 -1.064208 6.420774
61 -1.045238 4.523752
72 -1.063433 6.343291
84 -1.068868 6.886757
101 -1.089570 8.956967
