11 -6917.127578 9.798422
11 -6679.623329 6.028419
13 -6835.607711 8.504424
13 -6897.842422 9.492301
13 -6775.936229 7.557233
13 -6555.331434 4.055482
13 -6889.483334 9.359614
15 -6860.526235 8.899966
15 -6847.797890 8.697923
17 -6750.260367 7.149670
13 -6550.388997 3.977029
17 -6889.580907 9.361162
11 -6680.965312 6.049721
17 -6624.095482 5.147003
19 -6875.974061 9.145175
15 -6676.760926 5.982983
24 -6599.946316 4.763673
17 -6868.006726 9.018706
15 -6913.516503 9.741102
38 -6422.803175 1.951807
43 -6708.692560 6.489847
11 -6928.720793 9.982446
48 -6925.476388 9.930946
32 -6743.492060 7.042234
74 -6576.470205 4.391027
67 -6768.693383 7.442265
96 -6677.506256 5.994814
78 -6652.208244 5.593248
19 -6787.163689 7.735452
104 -6453.745190 2.442962
24 -6898.523226 9.503107
96 -6817.220697 8.212559
87 -6861.056128 8.908377
115 -6777.638847 7.584260
32 -6840.394146 8.580401
53 -6789.000984 7.764616
138 -6828.074056 8.384839
54 -6870.539702 9.058913
11 -6378.591229 1.250012
99 -6735.664259 6.917980
135 -6843.625799 8.631698
164 -6753.201926 7.196362
11 -6665.750267 5.808206
11 -6823.988187 8.319982
63 -6728.150960 6.798718
189 -6905.632984 9.615964
48 -6659.514059 5.709216
183 -6904.190527 9.593067
13 -6817.380114 8.215089
67 -6905.628579 9.615894
182 -6743.436279 7.041348
49 -6415.199148 1.831105
191 -6776.391874 7.564466
31 -6699.318037 6.341041
255 -6766.274847 7.403874
242 -6879.168128 9.195876
169 -6794.427982 7.850761
231 -6866.030420 8.987336
15 -6793.130591 7.830167
192 -6646.003240 5.494754
205 -6362.135810 0.988809
19 -6708.850276 6.492350
67 -6610.451799 4.930431
17 -6855.298901 8.816990
99 -6858.210429 8.863206
81 -6918.531024 9.820700
303 -6695.024559 6.272889
31 -6709.786105 6.507205
22 -6768.407968 7.437734
153 -6403.994739 1.653253
240 -6754.605898 7.218648
45 -6400.036468 1.590421
11 -6704.034995 6.415915
163 -6698.232181 6.323805
352 -6768.078737 7.432508
289 -6736.550689 6.932051
228 -6349.772436 0.792560
402 -6812.938422 8.144585
137 -6822.036773 8.289006
193 -6721.791453 6.697771
479 -6557.242775 4.085822
98 -6879.279922 9.197651
496 -6540.251999 3.816120
13 -6536.992244 3.764377
459 -6832.825390 8.460259
11 -6912.188498 9.720022
498 -6811.351937 8.119402
207 -6489.134186 3.004706
497 -6923.941229 9.906578
11 -6879.837884 9.206507
43 -6551.148061 3.989078
39 -6853.167857 8.783163
511 -6866.588730 8.996198
13 -6823.225996 8.307883
407 -6857.268078 8.848247
203 -6746.258840 7.086152
521 -6809.081484 8.083362
394 -6711.715377 6.537829
17 -6775.839291 7.555695
352 -6527.458809 3.613049
115 -6900.438500 9.533509
548 -6763.837980 7.365193
411 -6921.135539 9.862042
181 -6882.026965 9.241256
157 -6436.245283 2.165179
300 -6649.378342 5.548328
92 -6857.161217 8.846551
167 -6789.144889 7.766900
31 -6798.033606 7.907994
567 -6851.193320 8.751820
548 -6855.363582 8.818017
11 -6430.966425 2.081385
229 -6789.585733 7.773898
81 -6881.412291 9.231499
486 -6521.020687 3.510854
11 -6559.490400 4.121499
437 -6686.913788 6.144144
312 -6680.871188 6.048227
158 -6644.205283 5.466214
82 -6856.435768 8.835036
217 -6571.025155 4.304595
203 -6909.089625 9.670832
19 -6899.026653 9.511099
66 -6788.294083 7.753395
15 -6785.953958 7.716249
233 -6709.017747 6.495009
15 -6901.021569 9.542765
87 -6854.464121 8.803739
15 -6615.709945 5.013896
706 -6693.000150 6.240755
11 -6721.396639 6.691504
11 -6579.094304 4.432680
699 -6860.706846 8.902832
374 -6929.308725 9.991778
11 -6629.054407 5.225718
13 -6556.194897 4.069189
164 -6531.117697 3.671128
19 -6740.566401 6.995794
290 -6797.931165 7.906368
109 -6867.067953 9.003805
231 -6759.484458 7.296088
15 -6890.742340 9.379598
48 -6732.368204 6.865660
103 -6740.986182 7.002457
608 -6684.976602 6.113394
465 -6639.175214 5.386369
759 -6929.047118 9.987626
556 -6879.815559 9.206153
675 -6920.418313 9.850657
151 -6625.019599 5.161672
38 -6814.123917 8.163402
70 -6768.585623 7.440554
723 -6822.356700 8.294085
48 -6913.398106 9.739223
246 -6812.921609 8.144318
389 -6924.459870 9.914811
468 -6672.015664 5.907659
482 -6419.431600 1.898288
558 -6630.718173 5.252127
847 -6343.428463 0.691859
834 -6817.141965 8.211309
278 -6574.624626 4.361731
263 -6873.151173 9.100366
540 -6723.090369 6.718389
261 -6642.011392 5.431389
391 -6917.597297 9.805878
894 -6667.334798 5.833358
761 -6441.978567 2.256186
911 -6490.222693 3.021985
435 -6789.145145 7.766904
412 -6782.067312 7.654555
400 -6438.885837 2.207093
927 -6810.601906 8.107496
473 -6904.568082 9.599060
857 -6611.353271 4.944740
780 -6772.294849 7.499432
719 -6798.483440 7.915135
702 -6427.391957 2.024646
548 -6769.766349 7.459296
556 -6700.812079 6.364757
647 -6757.219541 7.260136
958 -6925.192801 9.926445
983 -6546.183990 3.910281
686 -6912.996220 9.732843
1035 -6580.573964 4.456168
839 -6843.268735 8.626030
846 -6842.351225 8.611466
709 -6896.461569 9.470382
945 -6892.247809 9.403495
1095 -6580.851272 4.460569
1058 -6926.169807 9.941953
1016 -6625.295064 5.166044
974 -6706.491305 6.454906
1029 -6572.047284 4.320820
1065 -6510.498982 3.343838
1209 -6545.315173 3.896490
1213 -6716.965975 6.621174
1132 -6656.648091 5.663724
1155 -6737.790583 6.951732
1469 -6431.969125 2.097302
