8 8.253715 2.879926
8 8.193701 3.586100
8 7.918669 6.822350
8 7.770786 8.562471
8 7.900243 7.039169
8 8.224776 3.220446
8 7.983889 6.054921
9 7.743603 8.882330
9 7.734502 8.989421
9 7.732321 9.015082
9 7.920596 6.799683
9 7.724518 9.106900
9 8.012097 5.723005
9 8.021816 5.608643
9 7.791489 8.318854
9 7.929647 6.693177
9 7.938121 6.593469
10 7.667618 9.776432
10 7.671315 9.732931
10 7.705286 9.333199
10 7.876690 7.316317
11 7.937592 6.599691
11 7.913980 6.877526
11 8.095422 4.742532
11 8.156069 4.028909
11 7.906958 6.960159
11 7.815682 8.034185
11 8.179984 3.747504
9 7.805145 8.158174
9 7.760285 8.686027
9 8.062616 5.128556
8 7.801155 8.205118
12 7.662901 9.831933
12 7.809513 8.106772
12 7.740654 8.917025
12 7.671569 9.729935
10 7.676690 9.669684
12 7.746724 8.845602
10 7.807177 8.134266
12 7.918602 6.823146
9 8.105581 4.622989
10 8.145258 4.156118
10 8.121023 4.441290
13 7.889163 7.169546
8 7.710167 9.275762
14 7.872748 7.362696
14 7.853540 7.588712
14 7.754392 8.755371
11 7.952661 6.422377
14 7.740037 8.924285
10 7.964600 6.281891
9 7.910114 6.923024
14 7.784164 8.405053
11 7.696200 9.440108
10 8.079882 4.925383
12 8.012652 5.716473
15 7.862408 7.484371
12 7.724942 9.101900
15 7.878349 7.296787
10 8.074473 4.989032
12 7.953319 6.414630
9 7.702914 9.361102
11 7.983842 6.055471
9 8.035437 5.448365
8 8.328974 1.994367
8 7.826321 7.908991
10 8.226412 3.201198
16 7.662390 9.837949
11 7.740663 8.916916
9 8.131658 4.316145
12 8.132915 4.301353
9 7.777435 8.484232
7 7.989395 5.990132
8 7.704312 9.344652
11 7.780555 8.447518
15 7.754856 8.749908
12 7.832678 7.834190
9 7.912300 6.897299
8 7.696808 9.432955
8 7.796547 8.259338
9 7.752043 8.783017
13 7.930040 6.688552
9 7.827211 7.898521
15 7.845346 7.685132
12 7.707416 9.308127
12 7.902932 7.007524
9 8.159819 3.984782
10 8.221913 3.254136
11 7.706425 9.319798
10 7.912780 6.891644
8 7.958331 6.355656
15 7.839585 7.752926
10 8.032011 5.488680
9 7.941859 6.549481
12 7.810259 8.097999
9 8.035744 5.444751
9 8.164714 3.927185
11 7.894211 7.110149
9 7.957489 6.365566
10 7.990722 5.974523
9 7.888682 7.175204
13 7.705134 9.334982
10 8.027614 5.540414
12 7.738669 8.940386
9 8.097031 4.723596
14 7.716334 9.203189
8 7.879234 7.286376
12 7.735787 8.974300
failed to find solution after reaching max emtpy limit -- 15 iterations and 9 function evals
10 8.205891 3.442655
12 7.724121 9.111570
9 7.678096 9.653141
13 7.712712 9.245809
13 7.827587 7.894096
17 7.693367 9.473439
9 8.258561 2.822905
11 7.871327 7.379418
8 8.025206 5.568747
13 7.848029 7.653567
12 7.760136 8.687786
8 8.145251 4.156203
15 7.905458 6.977804
12 7.745325 8.862062
10 7.761013 8.677459
9 7.864781 7.456440
11 7.672416 9.719969
9 8.282609 2.539936
14 7.814690 8.045857
12 7.758124 8.711458
11 7.869491 7.401019
10 7.724439 9.107827
11 7.791418 8.319694
10 7.707834 9.303208
failed to find solution after reaching max emtpy limit -- 19 iterations and 13 function evals
26 7.686566 9.553475
failed to find solution after reaching max emtpy limit -- 15 iterations and 9 function evals
12 7.774706 8.516339
12 7.719624 9.164480
13 7.658959 9.878316
16 7.822006 7.959776
11 7.694513 9.459960
16 7.841804 7.726811
13 7.682392 9.602589
8 7.788878 8.349581
15 7.746699 8.845896
11 7.908701 6.939641
13 7.855282 7.568217
17 7.833087 7.829380
13 7.720781 9.150869
10 7.767990 8.595373
13 7.671161 9.734742
9 8.087705 4.833338
11 7.763216 8.651536
11 7.689132 9.523279
9 8.037025 5.429678
11 8.062774 5.126693
failed to find solution after reaching max emtpy limit -- 18 iterations and 12 function evals
7 7.928458 6.707166
14 7.826699 7.904548
9 7.816503 8.024523
10 7.797000 8.254007
10 7.741091 8.911880
11 7.726930 9.078508
9 8.412606 1.010277
13 7.928237 6.709768
9 7.788055 8.359269
failed to find solution after reaching max emtpy limit -- 23 iterations and 12 function evals
16 7.778519 8.471470
failed to find solution after reaching max emtpy limit -- 22 iterations and 16 function evals
failed to find solution after reaching max emtpy limit -- 20 iterations and 12 function evals
13 7.652813 9.950640
11 8.227660 3.186502
failed to find solution after reaching max emtpy limit -- 18 iterations and 12 function evals
13 7.705104 9.335331
14 7.889573 7.164726
13 7.738663 8.940458
failed to find solution after reaching max emtpy limit -- 15 iterations and 9 function evals
12 7.958334 6.355622
14 7.735477 8.977940
failed to find solution after reaching max emtpy limit -- 23 iterations and 12 function evals
13 7.937389 6.602082
failed to find solution after reaching max emtpy limit -- 23 iterations and 12 function evals
15 7.847380 7.661196
failed to find solution after reaching max emtpy limit -- 17 iterations and 11 function evals
failed to find solution after reaching max emtpy limit -- 18 iterations and 12 function evals
failed to find solution after reaching max emtpy limit -- 16 iterations and 10 function evals
failed to find solution after reaching max emtpy limit -- 18 iterations and 12 function evals
failed to find solution after reaching max emtpy limit -- 17 iterations and 11 function evals
failed to find solution after reaching max emtpy limit -- 15 iterations and 9 function evals
failed to find solution after reaching max emtpy limit -- 17 iterations and 11 function evals
31 7.733787 8.997831
failed to find solution after reaching max emtpy limit -- 31 iterations and 12 function evals
failed to find solution after reaching max emtpy limit -- 22 iterations and 13 function evals
34 7.703954 9.348872
failed to find solution after reaching max emtpy limit -- 24 iterations and 13 function evals
failed to find solution after reaching max emtpy limit -- 35 iterations and 14 function evals
failed to find solution after reaching max emtpy limit -- 31 iterations and 13 function evals
failed to find solution after reaching max emtpy limit -- 40 iterations and 19 function evals
failed to find solution after reaching max emtpy limit -- 42 iterations and 17 function evals
33 7.658385 9.885067
