68 -1.088940 8.893987
72 -1.030581 3.058128
7 -1.017679 1.767866
12 -1.027863 2.786296
107 -1.082182 8.218186
154 -1.021186 2.118586
227 -1.006026 0.602627
141 -1.097493 9.749324
251 -1.053625 5.362468
373 -1.091142 9.114218
491 -1.094815 9.481518
522 -1.053527 5.352743
581 -1.087485 8.748455
694 -1.054704 5.470395
789 -1.039978 3.997812
520 -1.077829 7.782938
835 -1.048945 4.894478
581 -1.061879 6.187895
755 -1.059601 5.960081
948 -1.068475 6.847549
702 -1.079660 7.965954
1045 -1.092462 9.246172
974 -1.011214 1.121398
442 -1.040278 4.027827
1180 -1.096229 9.622933
520 -1.081668 8.166835
1163 -1.022563 2.256304
1052 -1.016265 1.626511
1234 -1.040976 4.097624
258 -1.023988 2.398769
140 -1.027408 2.740815
1296 -1.081812 8.181183
930 -1.071386 7.138599
589 -1.086436 8.643621
57 -1.022481 2.248097
87 -1.036456 3.645647
1418 -1.081427 8.142706
470 -1.001965 0.196493
1453 -1.050901 5.090120
1316 -1.096665 9.666531
201 -1.099320 9.932022
761 -1.017834 1.783416
739 -1.063660 6.365994
1455 -1.051356 5.135559
554 -1.093571 9.357070
157 -1.026698 2.669814
229 -1.082921 8.292088
290 -1.010165 1.016543
872 -1.067323 6.732266
342 -1.094910 9.490985
601 -1.077680 7.767976
1716 -1.008437 0.843665
176 -1.038794 3.879446
1808 -1.078944 7.894375
1282 -1.066507 6.650681
816 -1.080365 8.036451
630 -1.079393 7.939349
2070 -1.083611 8.361077
1684 -1.029356 2.935552
2044 -1.041154 4.115352
2011 -1.072315 7.231519
417 -1.009303 0.930336
1675 -1.035089 3.508945
2228 -1.096425 9.642500
277 -1.072063 7.206261
2044 -1.034969 3.496913
60 -1.072472 7.247243
2315 -1.069901 6.990064
394 -1.071838 7.183810
252 -1.099760 9.976035
1403 -1.066566 6.656643
1828 -1.091953 9.195261
2421 -1.045537 4.553739
228 -1.074098 7.409772
2471 -1.095406 9.540559
383 -1.077154 7.715362
1960 -1.092770 9.276969
1068 -1.050264 5.026396
1522 -1.093129 9.312893
2729 -1.078113 7.811316
2877 -1.054752 5.475192
2906 -1.066319 6.631905
2487 -1.076201 7.620120
61 -1.016754 1.675430
2968 -1.089238 8.923779
99 -1.056972 5.697237
312 -1.018045 1.804548
2746 -1.056136 5.613630
1563 -1.080475 8.047525
3094 -1.088014 8.801383
538 -1.030885 3.088466
3116 -1.034121 3.412130
2152 -1.057849 5.784948
71 -1.047850 4.785038
621 -1.064353 6.435312
490 -1.078991 7.899114
1012 -1.066282 6.628191
1047 -1.049687 4.968748
116 -1.063154 6.315364
590 -1.049097 4.909709
334 -1.082682 8.268181
839 -1.055333 5.533286
3295 -1.079094 7.909374
526 -1.013462 1.346179
3333 -1.093808 9.380841
852 -1.058523 5.852323
2105 -1.093144 9.314390
196 -1.024174 2.417446
1002 -1.050478 5.047826
2323 -1.060867 6.086659
225 -1.057087 5.708683
3419 -1.031319 3.131910
23 -1.091332 9.133230
427 -1.099111 9.911139
3462 -1.018251 1.825143
804 -1.070616 7.061624
1064 -1.043355 4.335484
638 -1.014355 1.435471
3070 -1.004060 0.405961
28 -1.080836 8.083602
3308 -1.080231 8.023149
3120 -1.089947 8.994718
2586 -1.041592 4.159235
1236 -1.030662 3.066227
359 -1.097801 9.780141
1215 -1.058575 5.857513
1870 -1.052609 5.260853
502 -1.098277 9.827738
3319 -1.032446 3.244591
481 -1.071031 7.103075
422 -1.036423 3.642311
1538 -1.041332 4.133233
599 -1.092015 9.201504
1056 -1.035335 3.533528
2124 -1.077284 7.728404
1935 -1.092667 9.266686
2326 -1.022391 2.239146
77 -1.067118 6.711829
297 -1.092816 9.281568
1791 -1.040767 4.076703
584 -1.045414 4.541393
4030 -1.061254 6.125390
1135 -1.016973 1.697320
2429 -1.027397 2.739685
2952 -1.098993 9.899336
4080 -1.088018 8.801845
2316 -1.087977 8.797683
260 -1.098729 9.872886
777 -1.020065 2.006494
3767 -1.034285 3.428461
183 -1.095096 9.509606
2047 -1.007911 0.791065
2070 -1.032636 3.263601
434 -1.028319 2.831876
4290 -1.079356 7.935561
7 -1.025104 2.510360
229 -1.072919 7.291891
526 -1.055780 5.577968
1114 -1.009424 0.942361
138 -1.076250 7.624980
319 -1.043399 4.339869
1918 -1.078907 7.890659
118 -1.031701 3.170075
4339 -1.026533 2.653331
694 -1.098889 9.888892
1032 -1.057048 5.704806
3968 -1.033541 3.354137
3851 -1.066625 6.662455
1567 -1.007617 0.761672
248 -1.023879 2.387868
663 -1.071696 7.169584
2357 -1.082805 8.280472
2474 -1.008476 0.847559
4449 -1.064551 6.455084
280 -1.040970 4.096971
545 -1.097693 9.769336
304 -1.039018 3.901839
2007 -1.023426 2.342623
439 -1.057899 5.789851
2981 -1.099205 9.920481
382 -1.042427 4.242736
2318 -1.057497 5.749729
535 -1.071604 7.160380
4609 -1.077339 7.733881
956 -1.081267 8.126717
1404 -1.071805 7.180524
3740 -1.067582 6.758151
255 -1.098894 9.889397
4109 -1.046124 4.612369
1630 -1.015451 1.545111
48 -1.088658 8.865785
309 -1.094710 9.471023
723 -1.079414 7.941350
1340 -1.009254 0.925445
1664 -1.056001 5.600055
494 -1.058024 5.802381
682 -1.047058 4.705831
394 -1.000083 0.008258
2213 -1.049759 4.975855
4772 -1.080686 8.068602
363 -1.035435 3.543506
322 -1.047858 4.785820
65 -1.091949 9.194928
4233 -1.078230 7.822974
1280 -1.096056 9.605590
482 -1.044879 4.487871
522 -1.097643 9.764332
1002 -1.057254 5.725397
1359 -1.055296 5.529581
277 -1.020383 2.038262
2793 -1.078789 7.878944
315 -1.086221 8.622095
870 -1.017094 1.709439
420 -1.088173 8.817344
4948 -1.078974 7.897395
4407 -1.098732 9.873249
4749 -1.042014 4.201445
594 -1.046585 4.658452
663 -1.062750 6.274971
5112 -1.006249 0.624876
3961 -1.050251 5.025059
254 -1.056377 5.637744
4615 -1.090675 9.067453
1320 -1.086378 8.637846
504 -1.085043 8.504282
2153 -1.095442 9.544213
2930 -1.066462 6.646238
1618 -1.068391 6.839146
5133 -1.099199 9.919878
3610 -1.049197 4.919650
98 -1.046084 4.608418
2764 -1.057990 5.798958
1753 -1.009561 0.956142
831 -1.037712 3.771168
5192 -1.033157 3.315749
372 -1.027093 2.709327
4569 -1.064173 6.417312
469 -1.001297 0.129749
1332 -1.004589 0.458876
3028 -1.034850 3.484964
3131 -1.055037 5.503716
2830 -1.087501 8.750111
1270 -1.068453 6.845287
2080 -1.093332 9.333241
404 -1.058790 5.879048
1083 -1.049515 4.951505
941 -1.067212 6.721159
482 -1.088930 8.893034
3079 -1.094538 9.453838
1763 -1.034038 3.403840
1929 -1.092936 9.293626
4142 -1.062481 6.248055
1018 -1.095700 9.569951
5577 -1.029432 2.943221
2834 -1.096692 9.669230
728 -1.086634 8.663406
122 -1.077894 7.789398
665 -1.026975 2.697457
629 -1.081303 8.130281
2056 -1.070706 7.070586
206 -1.047122 4.712198
237 -1.024102 2.410198
1263 -1.029048 2.904788
173 -1.017418 1.741818
566 -1.082454 8.245432
1144 -1.060652 6.065173
3436 -1.096428 9.642755
1340 -1.033355 3.335544
784 -1.099578 9.957834
25 -1.086305 8.630518
1581 -1.010094 1.009419
322 -1.050921 5.092131
7 -1.058694 5.869355
643 -1.066188 6.618753
2263 -1.042845 4.284473
232 -1.028558 2.855774
296 -1.017204 1.720352
3399 -1.087310 8.731024
460 -1.094048 9.404789
5289 -1.055201 5.520148
1653 -1.078598 7.859835
1389 -1.042502 4.250168
3843 -1.097015 9.701484
2475 -1.045339 4.533884
5117 -1.013922 1.392247
450 -1.034044 3.404385
1480 -1.094284 9.428375
1233 -1.026745 2.674479
588 -1.083789 8.378918
3430 -1.028395 2.839491
1725 -1.052553 5.255348
4258 -1.061116 6.111597
530 -1.091616 9.161583
1705 -1.078507 7.850713
2056 -1.094452 9.445245
1371 -1.023163 2.316262
1368 -1.095502 9.550186
307 -1.058862 5.886236
351 -1.047552 4.755155
442 -1.032287 3.228730
419 -1.031485 3.148451
2908 -1.079492 7.949226
2198 -1.076305 7.630483
732 -1.017553 1.755300
637 -1.080504 8.050433
1057 -1.041750 4.175024
1911 -1.076044 7.604442
4747 -1.052341 5.234051
879 -1.081941 8.194150
233 -1.074662 7.466164
542 -1.060659 6.065926
42 -1.095684 9.568443
1703 -1.046396 4.639574
283 -1.094430 9.442992
1306 -1.040288 4.028795
1857 -1.011777 1.177659
115 -1.063647 6.364715
5184 -1.083403 8.340306
1386 -1.077500 7.750018
1777 -1.072124 7.212425
3531 -1.054965 5.496535
990 -1.077365 7.736536
2615 -1.065797 6.579743
117 -1.060076 6.007634
732 -1.049206 4.920641
502 -1.084646 8.464646
603 -1.093249 9.324858
4581 -1.039154 3.915406
109 -1.091848 9.184827
4883 -1.083121 8.312068
3299 -1.093052 9.305176
9 -1.053442 5.344169
1794 -1.020900 2.089952
524 -1.045364 4.536370
321 -1.032841 3.284118
706 -1.036840 3.683964
262 -1.032345 3.234491
332 -1.075945 7.594484
1694 -1.045356 4.535576
485 -1.021623 2.162308
1361 -1.078802 7.880205
29 -1.027833 2.783330
173 -1.073728 7.372756
3656 -1.093648 9.364813
829 -1.050549 5.054934
437 -1.011373 1.137314
6353 -1.091770 9.177004
2614 -1.076236 7.623563
4678 -1.044128 4.412806
4402 -1.044931 4.493060
231 -1.067582 6.758197
3996 -1.033873 3.387339
3151 -1.095407 9.540711
2594 -1.020480 2.047985
484 -1.032657 3.265693
1983 -1.058613 5.861286
148 -1.099942 9.994230
4794 -1.069125 6.912497
2949 -1.011185 1.118544
743 -1.063000 6.300003
1367 -1.078469 7.846929
1900 -1.081483 8.148334
267 -1.059192 5.919226
374 -1.030358 3.035797
1423 -1.087328 8.732808
6769 -1.098400 9.839961
4285 -1.032836 3.283611
1072 -1.075047 7.504712
1486 -1.092087 9.208664
6858 -1.077207 7.720741
2972 -1.056243 5.624259
2716 -1.090773 9.077343
3224 -1.071827 7.182690
294 -1.053268 5.326759
2081 -1.067618 6.761841
1630 -1.046107 4.610734
2316 -1.050042 5.004178
3074 -1.054778 5.477846
552 -1.074230 7.422961
4932 -1.082195 8.219511
1081 -1.084424 8.442398
1426 -1.091724 9.172442
3182 -1.078187 7.818708
1666 -1.088993 8.899275
1003 -1.070311 7.031134
1012 -1.069484 6.948368
3661 -1.066800 6.679974
1670 -1.069547 6.954741
1661 -1.051374 5.137396
2094 -1.037704 3.770400
878 -1.089450 8.944961
543 -1.081342 8.134247
6154 -1.070539 7.053870
82 -1.042591 4.259148
280 -1.076236 7.623601
2271 -1.082425 8.242479
3743 -1.026162 2.616211
1617 -1.061247 6.124729
4800 -1.093583 9.358342
1009 -1.026390 2.638988
747 -1.072187 7.218697
1089 -1.075412 7.541192
428 -1.077194 7.719438
2891 -1.065210 6.521023
1358 -1.077483 7.748323
1724 -1.056878 5.687756
1900 -1.016477 1.647733
3723 -1.050878 5.087772
398 -1.044868 4.486765
1666 -1.064801 6.480071
1489 -1.051327 5.132666
1382 -1.013995 1.399512
488 -1.067012 6.701232
1220 -1.044859 4.485948
2157 -1.088401 8.840110
2338 -1.016206 1.620563
848 -1.070345 7.034501
5206 -1.093198 9.319759
1406 -1.039140 3.913953
83 -1.091347 9.134713
1951 -1.021598 2.159781
3379 -1.064450 6.445001
1550 -1.097444 9.744368
1582 -1.063512 6.351241
3146 -1.046361 4.636116
1529 -1.019413 1.941300
1709 -1.088287 8.828731
1810 -1.087800 8.779953
368 -1.086544 8.654430
1548 -1.036572 3.657193
3007 -1.098854 9.885421
381 -1.085725 8.572465
1452 -1.096317 9.631706
5196 -1.082278 8.227806
4011 -1.037779 3.777910
879 -1.046871 4.687131
1326 -1.039413 3.941261
574 -1.094618 9.461772
3250 -1.099516 9.951612
649 -1.076414 7.641441
1416 -1.071183 7.118344
1218 -1.076855 7.685537
90 -1.080807 8.080696
546 -1.004085 0.408548
2516 -1.073301 7.330059
397 -1.085625 8.562454
169 -1.057980 5.798023
2105 -1.052390 5.239043
1518 -1.076770 7.676951
524 -1.062512 6.251153
1979 -1.051946 5.194576
36 -1.098434 9.843417
822 -1.027540 2.753988
42 -1.019525 1.952541
730 -1.016094 1.609423
498 -1.034668 3.466830
474 -1.096370 9.636965
1958 -1.055972 5.597187
192 -1.036435 3.643476
573 -1.065470 6.546992
781 -1.026126 2.612566
3846 -1.041580 4.158019
423 -1.074185 7.418499
2765 -1.036210 3.620954
3049 -1.076793 7.679325
5250 -1.074650 7.464962
1731 -1.059003 5.900286
1942 -1.059890 5.988979
3283 -1.057698 5.769833
565 -1.097133 9.713260
883 -1.077496 7.749605
2069 -1.043801 4.380106
2077 -1.095797 9.579655
2339 -1.095314 9.531422
1736 -1.096914 9.691355
378 -1.074196 7.419595
1794 -1.055173 5.517266
1198 -1.027429 2.742917
1752 -1.059590 5.958974
3302 -1.009326 0.932580
1254 -1.038896 3.889620
1813 -1.060002 6.000191
2200 -1.048225 4.822531
4383 -1.094373 9.437259
66 -1.017945 1.794469
610 -1.077346 7.734618
645 -1.045750 4.575019
2087 -1.050134 5.013360
3201 -1.037322 3.732198
2644 -1.076630 7.662956
533 -1.053804 5.380424
4471 -1.070360 7.036044
1593 -1.085356 8.535640
1782 -1.002047 0.204682
222 -1.083838 8.383813
1859 -1.075321 7.532147
686 -1.014186 1.418629
208 -1.024220 2.422023
815 -1.036450 3.644994
1980 -1.094764 9.476409
124 -1.080922 8.092154
1978 -1.099130 9.912966
2195 -1.043588 4.358756
811 -1.091025 9.102548
4438 -1.040613 4.061342
7718 -1.039754 3.975386
874 -1.080112 8.011175
344 -1.013206 1.320556
1765 -1.015231 1.523127
235 -1.054227 5.422735
856 -1.056306 5.630596
2740 -1.018407 1.840657
366 -1.041269 4.126858
1139 -1.099983 9.998326
1679 -1.067058 6.705817
15 -1.042483 4.248292
2938 -1.036352 3.635215
506 -1.080292 8.029158
1951 -1.034267 3.426672
1408 -1.063149 6.314927
2012 -1.045680 4.568026
1476 -1.098938 9.893802
985 -1.047709 4.770869
300 -1.098245 9.824528
520 -1.028953 2.895265
314 -1.047151 4.715060
2128 -1.059434 5.943384
1166 -1.069902 6.990220
965 -1.067165 6.716545
194 -1.092371 9.237066
276 -1.095631 9.563108
998 -1.065817 6.581734
420 -1.094469 9.446885
470 -1.047303 4.730315
161 -1.049691 4.969141
954 -1.059856 5.985592
46 -1.034474 3.447367
58 -1.041765 4.176485
556 -1.057056 5.705640
61 -1.071138 7.113847
1936 -1.037472 3.747151
2996 -1.069073 6.907313
1000 -1.096707 9.670702
13 -1.082572 8.257242
1242 -1.081057 8.105700
1062 -1.082827 8.282740
5033 -1.075105 7.510467
3248 -1.096880 9.688032
2026 -1.045743 4.574316
365 -1.034705 3.470510
1567 -1.099593 9.959304
3250 -1.038727 3.872750
1021 -1.049951 4.995084
1954 -1.016199 1.619884
3959 -1.052405 5.240500
807 -1.073236 7.323553
3756 -1.028223 2.822268
1405 -1.065098 6.509812
855 -1.097123 9.712311
52 -1.044970 4.497039
429 -1.096574 9.657384
542 -1.059905 5.990471
983 -1.043176 4.317619
1179 -1.038401 3.840131
4439 -1.053587 5.358685
3806 -1.096094 9.609401
702 -1.069901 6.990147
365 -1.033024 3.302408
404 -1.092440 9.244016
1247 -1.070017 7.001709
2260 -1.025590 2.559003
833 -1.099967 9.996739
5698 -1.019521 1.952120
219 -1.089675 8.967456
2789 -1.037693 3.769262
3088 -1.065261 6.526099
76 -1.081203 8.120274
511 -1.026443 2.644345
20 -1.085088 8.508793
6912 -1.014112 1.411199
731 -1.030290 3.028969
1401 -1.092517 9.251716
127 -1.064569 6.456933
657 -1.058809 5.880855
935 -1.042871 4.287112
3641 -1.040332 4.033219
129 -1.042827 4.282690
745 -1.098793 9.879285
27 -1.079436 7.943573
138 -1.058327 5.832668
534 -1.071247 7.124745
1756 -1.090951 9.095096
770 -1.053885 5.388466
1138 -1.091271 9.127109
1314 -1.028596 2.859598
1356 -1.052654 5.265377
142 -1.076426 7.642553
351 -1.083243 8.324311
183 -1.025263 2.526260
5016 -1.051837 5.183714
507 -1.061209 6.120887
1010 -1.065012 6.501244
292 -1.090419 9.041879
3496 -1.071278 7.127800
1221 -1.016946 1.694612
541 -1.092452 9.245247
2274 -1.035809 3.580930
674 -1.047801 4.780115
1655 -1.070160 7.015991
923 -1.019439 1.943872
1707 -1.043540 4.353970
4084 -1.047720 4.771977
362 -1.077005 7.700491
1646 -1.046592 4.659200
123 -1.073074 7.307378
2377 -1.072503 7.250334
3823 -1.017599 1.759850
3626 -1.061845 6.184455
3369 -1.097142 9.714230
2973 -1.077627 7.762694
6105 -1.082803 8.280337
8582 -1.074152 7.415223
2958 -1.022126 2.212640
1771 -1.090156 9.015643
927 -1.091929 9.192881
2795 -1.006881 0.688060
45 -1.050041 5.004142
2974 -1.047970 4.797024
2423 -1.004564 0.456364
3601 -1.039641 3.964052
2232 -1.093754 9.375448
1278 -1.074116 7.411553
1756 -1.067897 6.789740
4150 -1.063130 6.312989
1407 -1.054189 5.418906
4312 -1.046258 4.625826
3922 -1.018506 1.850631
1631 -1.023900 2.390003
4989 -1.086185 8.618504
4274 -1.085842 8.584213
4990 -1.084210 8.421029
3005 -1.002176 0.217639
1014 -1.072102 7.210183
849 -1.061873 6.187278
7317 -1.084647 8.464712
5727 -1.095552 9.555242
1527 -1.042754 4.275428
3436 -1.029840 2.984011
216 -1.094354 9.435430
271 -1.068521 6.852085
1769 -1.072265 7.226472
190 -1.040076 4.007551
347 -1.075162 7.516235
4202 -1.093233 9.323295
490 -1.099853 9.985305
2597 -1.010470 1.046999
829 -1.050143 5.014326
403 -1.073318 7.331785
429 -1.099318 9.931758
236 -1.022802 2.280161
6157 -1.001704 0.170407
362 -1.047409 4.740894
909 -1.088499 8.849946
2390 -1.045454 4.545404
1307 -1.069935 6.993543
2223 -1.094648 9.464832
659 -1.080229 8.022900
7664 -1.048563 4.856279
505 -1.013259 1.325906
516 -1.041263 4.126268
4161 -1.097879 9.787854
264 -1.092302 9.230170
1489 -1.042065 4.206486
288 -1.083641 8.364142
470 -1.099472 9.947151
1689 -1.031520 3.152003
6761 -1.061156 6.115577
451 -1.072763 7.276271
8395 -1.049981 4.998060
2017 -1.093384 9.338376
184 -1.083287 8.328691
3202 -1.056723 5.672278
520 -1.035004 3.500443
456 -1.080767 8.076705
6100 -1.049805 4.980461
3939 -1.092874 9.287394
652 -1.060485 6.048463
172 -1.051647 5.164726
3827 -1.065501 6.550146
1934 -1.058328 5.832779
1777 -1.075491 7.549092
7 -1.092206 9.220645
1544 -1.097154 9.715405
48 -1.071877 7.187716
22 -1.054444 5.444404
1611 -1.044552 4.455155
1047 -1.069760 6.976031
3273 -1.089366 8.936574
5401 -1.088336 8.833559
527 -1.093266 9.326556
1391 -1.088404 8.840351
81 -1.069382 6.938172
304 -1.063816 6.381597
467 -1.073438 7.343780
837 -1.056072 5.607202
182 -1.064908 6.490763
186 -1.073599 7.359893
1554 -1.096349 9.634937
1261 -1.085687 8.568664
6675 -1.035573 3.557289
1705 -1.024373 2.437313
405 -1.045144 4.514370
3472 -1.066014 6.601411
2411 -1.011621 1.162127
2610 -1.067243 6.724349
1291 -1.074675 7.467463
3851 -1.090168 9.016836
1723 -1.026019 2.601876
2089 -1.047276 4.727555
615 -1.074251 7.425066
4087 -1.062375 6.237527
1327 -1.051843 5.184302
2363 -1.030787 3.078697
4156 -1.047933 4.793347
3112 -1.079433 7.943258
2908 -1.024000 2.400039
7 -1.082731 8.273125
250 -1.018215 1.821514
282 -1.058432 5.843151
394 -1.027211 2.721067
494 -1.050344 5.034407
1548 -1.099087 9.908722
907 -1.069432 6.943181
2563 -1.066814 6.681379
10 -1.069240 6.923985
874 -1.096091 9.609142
283 -1.067999 6.799891
8662 -1.091941 9.194119
1174 -1.073162 7.316205
3438 -1.016767 1.676744
8763 -1.046181 4.618081
3613 -1.094532 9.453229
262 -1.070335 7.033526
97 -1.080692 8.069202
2373 -1.084727 8.472663
3646 -1.089368 8.936772
990 -1.042956 4.295635
4772 -1.005107 0.510654
379 -1.075421 7.542072
14 -1.077815 7.781517
1607 -1.067001 6.700072
1299 -1.031306 3.130616
2242 -1.004344 0.434409
2430 -1.085466 8.546647
1220 -1.024883 2.488308
2960 -1.078946 7.894636
3505 -1.027989 2.798930
4599 -1.043789 4.378936
762 -1.082527 8.252746
1854 -1.046220 4.622030
3854 -1.073806 7.380640
926 -1.002070 0.207018
189 -1.088929 8.892940
3845 -1.079225 7.922498
3267 -1.062725 6.272458
591 -1.036015 3.601520
1189 -1.023713 2.371264
631 -1.062951 6.295056
190 -1.070954 7.095399
193 -1.091133 9.113342
2808 -1.090350 9.035041
1005 -1.005965 0.596533
1018 -1.037047 3.704743
2806 -1.040747 4.074713
349 -1.097205 9.720464
569 -1.077399 7.739862
174 -1.077463 7.746344
416 -1.071046 7.104633
1316 -1.067013 6.701285
1634 -1.021220 2.122017
727 -1.075653 7.565289
2540 -1.040478 4.047812
1597 -1.085294 8.529359
2055 -1.045132 4.513182
1475 -1.047008 4.700811
2997 -1.022154 2.215351
2450 -1.038690 3.869022
861 -1.085374 8.537384
4242 -1.086405 8.640545
1834 -1.059111 5.911061
630 -1.086207 8.620746
1746 -1.071016 7.101555
593 -1.082328 8.232761
1244 -1.029722 2.972218
1761 -1.030259 3.025945
4313 -1.071501 7.150084
851 -1.046540 4.654020
841 -1.089262 8.926180
2317 -1.073723 7.372257
6622 -1.088408 8.840755
250 -1.051530 5.153022
1873 -1.042315 4.231549
414 -1.028992 2.899209
498 -1.054380 5.438026
2395 -1.063703 6.370275
678 -1.026389 2.638924
1583 -1.077170 7.716994
3806 -1.092121 9.212148
427 -1.020452 2.045180
862 -1.026233 2.623268
284 -1.027774 2.777448
284 -1.031008 3.100786
3468 -1.028239 2.823941
31 -1.090709 9.070901
414 -1.018638 1.863764
826 -1.007752 0.775236
433 -1.045874 4.587433
743 -1.026999 2.699900
6609 -1.061431 6.143055
2712 -1.026624 2.662384
2709 -1.077828 7.782788
1526 -1.031288 3.128754
1205 -1.017949 1.794876
83 -1.096470 9.647014
91 -1.093174 9.317397
3000 -1.014398 1.439754
166 -1.058986 5.898598
501 -1.070099 7.009937
1453 -1.059300 5.930037
4297 -1.060716 6.071636
129 -1.035538 3.553846
3394 -1.028639 2.863895
1213 -1.013424 1.342362
1077 -1.072971 7.297055
2153 -1.023757 2.375699
672 -1.038042 3.804208
904 -1.033051 3.305134
1078 -1.032884 3.288446
1768 -1.093367 9.336717
43 -1.034543 3.454331
2343 -1.060557 6.055680
3289 -1.096826 9.682556
124 -1.099582 9.958207
609 -1.026887 2.688743
720 -1.097267 9.726718
424 -1.097383 9.738304
885 -1.077441 7.744056
1117 -1.053734 5.373416
398 -1.057980 5.798044
524 -1.032898 3.289840
3257 -1.092676 9.267636
996 -1.047261 4.726144
952 -1.041001 4.100086
1797 -1.020970 2.097012
2747 -1.076108 7.610766
5005 -1.044096 4.409599
63 -1.076200 7.619984
3342 -1.094272 9.427202
3054 -1.026434 2.643362
742 -1.098895 9.889514
1295 -1.075951 7.595071
2339 -1.089004 8.900421
196 -1.090158 9.015830
986 -1.074060 7.406034
1671 -1.040016 4.001648
2278 -1.038789 3.878878
1818 -1.046223 4.622310
1452 -1.098078 9.807784
1177 -1.056815 5.681492
9 -1.091845 9.184548
4734 -1.063927 6.392687
1068 -1.087297 8.729700
1096 -1.040436 4.043606
3947 -1.055557 5.555737
1130 -1.030422 3.042243
537 -1.067731 6.773071
343 -1.052674 5.267395
145 -1.074774 7.477397
2722 -1.078858 7.885824
2802 -1.075546 7.554608
1233 -1.080191 8.019118
123 -1.059129 5.912877
1881 -1.045130 4.512961
417 -1.095086 9.508578
1945 -1.050180 5.018012
642 -1.049869 4.986925
1860 -1.053226 5.322586
2309 -1.020985 2.098519
1147 -1.089676 8.967641
790 -1.084724 8.472437
1627 -1.082036 8.203645
436 -1.079166 7.916559
3020 -1.097822 9.782184
1210 -1.047412 4.741221
620 -1.039649 3.964869
2710 -1.071806 7.180586
2322 -1.042967 4.296674
6526 -1.034130 3.412982
1724 -1.096394 9.639423
70 -1.023285 2.328483
512 -1.081228 8.122767
291 -1.072798 7.279803
639 -1.065016 6.501607
422 -1.069700 6.970008
3694 -1.059579 5.957921
4435 -1.040975 4.097530
2355 -1.015143 1.514274
990 -1.014531 1.453135
2044 -1.030918 3.091832
2021 -1.028407 2.840663
410 -1.065334 6.533380
1878 -1.016896 1.689609
457 -1.051774 5.177396
1325 -1.094512 9.451213
2733 -1.060761 6.076106
1078 -1.096792 9.679198
1041 -1.050615 5.061503
1239 -1.047048 4.704840
2088 -1.073255 7.325463
569 -1.087752 8.775217
4567 -1.053371 5.337084
723 -1.076145 7.614469
2664 -1.062166 6.216625
911 -1.046443 4.644337
181 -1.059943 5.994334
1544 -1.064193 6.419260
4089 -1.044506 4.450564
1179 -1.080818 8.081769
418 -1.088652 8.865236
2555 -1.066590 6.658957
1836 -1.085131 8.513071
379 -1.090734 9.073445
4163 -1.029669 2.966913
1482 -1.052005 5.200508
1873 -1.052611 5.261094
988 -1.034087 3.408714
1192 -1.072817 7.281651
1332 -1.071822 7.182174
4123 -1.024589 2.458890
3763 -1.091705 9.170455
1877 -1.093228 9.322752
110 -1.081637 8.163683
1920 -1.081568 8.156801
817 -1.087802 8.780209
53 -1.069760 6.975995
568 -1.006808 0.680752
151 -1.085102 8.510237
3879 -1.060447 6.044679
951 -1.066319 6.631866
3112 -1.015944 1.594432
1330 -1.073163 7.316321
2630 -1.046198 4.619819
485 -1.076053 7.605266
916 -1.053335 5.333523
514 -1.071147 7.114683
1784 -1.007404 0.740421
429 -1.076699 7.669888
450 -1.070832 7.083156
349 -1.074377 7.437662
6643 -1.088536 8.853609
1591 -1.029634 2.963379
806 -1.039913 3.991342
3728 -1.018684 1.868396
263 -1.035802 3.580172
1088 -1.082045 8.204461
785 -1.022718 2.271821
838 -1.070908 7.090782
631 -1.025467 2.546713
821 -1.057506 5.750552
2660 -1.044808 4.480832
1525 -1.065515 6.551494
2378 -1.062576 6.257554
1426 -1.097297 9.729681
648 -1.038229 3.822894
3638 -1.093092 9.309187
405 -1.085738 8.573842
717 -1.042636 4.263640
1527 -1.075251 7.525087
1570 -1.073101 7.310117
1362 -1.029200 2.920039
945 -1.086495 8.649533
1846 -1.063192 6.319246
1442 -1.041124 4.112362
1374 -1.057174 5.717378
1350 -1.066061 6.606149
913 -1.097573 9.757288
3413 -1.075948 7.594764
1241 -1.017157 1.715703
724 -1.074625 7.462452
453 -1.086515 8.651503
45 -1.086319 8.631855
2613 -1.068745 6.874453
3923 -1.044884 4.488406
1004 -1.076977 7.697750
2976 -1.013661 1.366126
4069 -1.083043 8.304321
300 -1.061496 6.149592
2278 -1.074524 7.452384
1452 -1.098013 9.801269
3287 -1.073113 7.311303
1054 -1.067171 6.717129
890 -1.064811 6.481118
4536 -1.010236 1.023567
8058 -1.081938 8.193839
5366 -1.025105 2.510477
782 -1.011458 1.145793
1389 -1.054717 5.471694
2334 -1.069533 6.953331
1445 -1.082872 8.287211
626 -1.057589 5.758885
684 -1.015452 1.545216
5657 -1.060376 6.037559
541 -1.072503 7.250273
2269 -1.079585 7.958489
23 -1.044230 4.423038
1699 -1.080768 8.076840
641 -1.020937 2.093699
1040 -1.085618 8.561799
1049 -1.043391 4.339053
4598 -1.037648 3.764824
7954 -1.096447 9.644663
95 -1.041451 4.145098
223 -1.049538 4.953794
1253 -1.088292 8.829206
167 -1.075416 7.541557
1702 -1.058616 5.861610
562 -1.009647 0.964715
640 -1.086750 8.675011
2425 -1.078140 7.814011
515 -1.037713 3.771268
1583 -1.091631 9.163112
156 -1.086601 8.660090
2561 -1.060201 6.020149
840 -1.032297 3.229684
2060 -1.012801 1.280113
792 -1.099159 9.915935
839 -1.075869 7.586942
1286 -1.076187 7.618701
893 -1.069819 6.981937
18 -1.041319 4.131869
997 -1.072382 7.238197
1536 -1.072844 7.284440
544 -1.078146 7.814625
4900 -1.067309 6.730907
568 -1.061873 6.187280
5330 -1.039374 3.937449
1800 -1.047203 4.720328
984 -1.095687 9.568701
1116 -1.057345 5.734496
593 -1.078574 7.857378
1699 -1.097511 9.751053
521 -1.045671 4.567063
15 -1.044955 4.495525
124 -1.052819 5.281917
945 -1.007797 0.779665
4522 -1.014374 1.437440
1384 -1.018834 1.883384
501 -1.046173 4.617257
4963 -1.078773 7.877325
5728 -1.054860 5.486047
668 -1.035266 3.526577
5904 -1.072943 7.294348
4470 -1.037558 3.755785
1144 -1.095053 9.505305
3065 -1.068575 6.857500
1196 -1.068555 6.855472
1772 -1.054066 5.406628
3383 -1.068584 6.858402
1319 -1.050485 5.048474
3149 -1.021082 2.108188
3342 -1.078589 7.858927
697 -1.083073 8.307333
780 -1.030285 3.028507
2157 -1.046705 4.670522
2586 -1.063342 6.334176
1978 -1.055275 5.527481
2481 -1.088357 8.835687
361 -1.039112 3.911175
169 -1.072511 7.251144
41 -1.005121 0.512060
5209 -1.034985 3.498538
748 -1.034226 3.422648
1898 -1.042696 4.269560
668 -1.083093 8.309341
666 -1.024280 2.427963
3714 -1.061893 6.189263
494 -1.059892 5.989234
507 -1.014594 1.459379
1515 -1.066585 6.658545
1988 -1.093980 9.397972
5614 -1.045698 4.569842
456 -1.087505 8.750460
79 -1.071741 7.174066
1515 -1.035103 3.510274
1753 -1.055025 5.502538
4806 -1.044937 4.493658
3432 -1.076613 7.661282
1006 -1.061071 6.107108
1561 -1.052190 5.219014
768 -1.053964 5.396415
345 -1.030439 3.043881
288 -1.032345 3.234452
2879 -1.046737 4.673731
1688 -1.097657 9.765741
918 -1.023925 2.392549
726 -1.065430 6.542963
2462 -1.068672 6.867152
2967 -1.084320 8.431982
365 -1.066427 6.642713
9342 -1.038017 3.801694
574 -1.075067 7.506677
1345 -1.052817 5.281709
519 -1.075175 7.517464
4906 -1.031992 3.199165
41 -1.009704 0.970371
364 -1.097124 9.712417
8323 -1.091212 9.121242
1106 -1.091334 9.133352
4127 -1.061117 6.111659
2223 -1.042114 4.211405
752 -1.091286 9.128641
217 -1.051408 5.140783
4243 -1.015436 1.543588
2136 -1.070525 7.052547
5954 -1.052562 5.256221
2313 -1.086895 8.689467
2418 -1.098801 9.880136
4695 -1.051994 5.199447
3362 -1.085714 8.571439
115 -1.082767 8.276724
187 -1.097367 9.736720
385 -1.040662 4.066218
2798 -1.037898 3.789829
181 -1.083526 8.352645
262 -1.023813 2.381318
56 -1.039582 3.958179
334 -1.037072 3.707158
2430 -1.058584 5.858413
1685 -1.032772 3.277214
842 -1.077631 7.763118
248 -1.095146 9.514599
1479 -1.075039 7.503947
7850 -1.006425 0.642534
755 -1.053627 5.362666
5393 -1.071649 7.164903
2064 -1.073810 7.381021
2165 -1.097289 9.728929
4057 -1.079444 7.944373
661 -1.024640 2.464027
185 -1.095454 9.545430
1326 -1.004717 0.471660
3226 -1.072989 7.298872
746 -1.029364 2.936407
769 -1.045389 4.538908
4552 -1.026749 2.674934
2610 -1.076737 7.673730
1486 -1.059008 5.900822
396 -1.091953 9.195326
219 -1.028232 2.823176
1184 -1.090732 9.073204
370 -1.094390 9.439006
1915 -1.059243 5.924270
217 -1.080844 8.084379
1006 -1.043403 4.340348
411 -1.012350 1.235040
5575 -1.052296 5.229553
3354 -1.047474 4.747447
32 -1.047659 4.765889
1301 -1.031328 3.132781
1376 -1.038073 3.807290
911 -1.085612 8.561200
3895 -1.050671 5.067144
595 -1.045889 4.588916
3107 -1.043773 4.377275
4582 -1.027132 2.713189
1628 -1.076765 7.676489
228 -1.018217 1.821692
1253 -1.066074 6.607426
74 -1.051725 5.172462
552 -1.036758 3.675797
2901 -1.079408 7.940806
59 -1.097007 9.700681
537 -1.079179 7.917925
1580 -1.071428 7.142764
2094 -1.088868 8.886767
4080 -1.057199 5.719895
1966 -1.050340 5.033958
326 -1.024345 2.434469
3890 -1.069588 6.958830
412 -1.080529 8.052943
780 -1.075978 7.597847
863 -1.038817 3.881746
3555 -1.065924 6.592395
4196 -1.010590 1.059007
543 -1.086417 8.641704
2359 -1.086477 8.647671
344 -1.045148 4.514803
308 -1.065526 6.552604
1861 -1.059797 5.979709
259 -1.045923 4.592265
3464 -1.071480 7.147983
8265 -1.081224 8.122380
924 -1.097559 9.755861
2469 -1.058324 5.832393
1727 -1.063022 6.302174
1540 -1.099853 9.985253
4224 -1.063675 6.367474
307 -1.010648 1.064816
1783 -1.068043 6.804266
2006 -1.073625 7.362517
1842 -1.022684 2.268399
90 -1.054128 5.412810
2424 -1.063770 6.377038
4861 -1.074652 7.465224
1071 -1.077279 7.727897
1246 -1.026937 2.693729
233 -1.059408 5.940761
516 -1.062380 6.237997
2474 -1.066451 6.645119
1042 -1.002360 0.235959
2193 -1.091725 9.172474
156 -1.029326 2.932566
2565 -1.029222 2.922178
1650 -1.077779 7.777918
3013 -1.072614 7.261423
601 -1.066876 6.687554
4922 -1.065866 6.586559
576 -1.014459 1.445852
448 -1.050357 5.035660
6526 -1.052339 5.233876
993 -1.047019 4.701896
4105 -1.005474 0.547389
6175 -1.038305 3.830454
4433 -1.042364 4.236392
1199 -1.036338 3.633772
1130 -1.097911 9.791138
2842 -1.073520 7.352040
933 -1.064596 6.459552
2030 -1.096271 9.627108
1660 -1.047037 4.703675
745 -1.096806 9.680587
441 -1.088310 8.830999
510 -1.083639 8.363946
575 -1.040460 4.046008
205 -1.076573 7.657281
4366 -1.012478 1.247765
54 -1.048342 4.834206
2253 -1.059985 5.998516
1036 -1.047084 4.708384
1503 -1.075588 7.558797
1953 -1.073613 7.361272
1532 -1.086082 8.608239
5669 -1.023015 2.301481
1763 -1.055650 5.565022
2813 -1.047348 4.734811
919 -1.094015 9.401535
298 -1.064142 6.414249
1167 -1.006934 0.693396
857 -1.077434 7.743404
530 -1.090563 9.056314
2496 -1.049251 4.925128
2754 -1.076154 7.615372
484 -1.042148 4.214813
5845 -1.085352 8.535219
3039 -1.024079 2.407913
460 -1.035554 3.555377
3002 -1.080466 8.046593
29 -1.038155 3.815509
4896 -1.027295 2.729524
7852 -1.099935 9.993524
2560 -1.086528 8.652771
1429 -1.089136 8.913648
6864 -1.054921 5.492145
1015 -1.070839 7.083881
1766 -1.040478 4.047828
1196 -1.064092 6.409153
2493 -1.017087 1.708708
2798 -1.047861 4.786142
406 -1.034949 3.494888
230 -1.098648 9.864756
1089 -1.005713 0.571337
4961 -1.029828 2.982848
2394 -1.088624 8.862365
618 -1.022969 2.296878
928 -1.063075 6.307504
7650 -1.024923 2.492322
2744 -1.098685 9.868457
835 -1.098424 9.842364
391 -1.030080 3.008033
3773 -1.055397 5.539732
253 -1.033523 3.352276
1149 -1.063239 6.323864
435 -1.060402 6.040155
1782 -1.083736 8.373611
432 -1.080309 8.030854
1059 -1.084369 8.436859
3334 -1.024919 2.491861
5623 -1.088739 8.873897
2068 -1.096540 9.653995
3658 -1.066656 6.665618
514 -1.009351 0.935087
1014 -1.062972 6.297155
749 -1.091927 9.192737
217 -1.051060 5.106020
389 -1.059960 5.995977
2415 -1.051163 5.116329
5147 -1.053777 5.377743
2095 -1.085353 8.535321
5334 -1.095768 9.576773
9665 -1.072800 7.279967
1264 -1.076197 7.619703
589 -1.096619 9.661875
840 -1.053859 5.385851
808 -1.038621 3.862133
717 -1.041935 4.193498
785 -1.050976 5.097578
4458 -1.077785 7.778500
2481 -1.055759 5.575871
4014 -1.075332 7.533175
1277 -1.096478 9.647811
362 -1.034524 3.452383
2139 -1.040306 4.030571
2656 -1.095877 9.587748
1560 -1.047847 4.784663
375 -1.031382 3.138158
518 -1.046963 4.696258
7179 -1.036828 3.682807
319 -1.052489 5.248915
83 -1.073674 7.367353
1752 -1.058982 5.898245
2705 -1.060214 6.021421
3331 -1.059772 5.977215
1124 -1.051997 5.199704
581 -1.045167 4.516750
3279 -1.082903 8.290340
3624 -1.003281 0.328091
1133 -1.098263 9.826330
550 -1.090764 9.076384
3041 -1.038609 3.860936
3226 -1.060317 6.031724
31 -1.089511 8.951082
3942 -1.071921 7.192088
1109 -1.041505 4.150496
2277 -1.055078 5.507799
494 -1.051429 5.142949
1091 -1.050546 5.054609
1902 -1.076014 7.601433
2063 -1.027237 2.723728
1185 -1.056731 5.673104
1065 -1.088155 8.815453
1580 -1.041573 4.157346
2065 -1.056809 5.680860
1080 -1.052047 5.204682
2120 -1.060901 6.090126
3829 -1.003082 0.308194
797 -1.075830 7.582975
785 -1.081186 8.118565
292 -1.037106 3.710642
332 -1.087283 8.728344
1163 -1.059050 5.904975
37 -1.068434 6.843361
2255 -1.044359 4.435949
2335 -1.075871 7.587124
984 -1.048115 4.811479
5041 -1.073576 7.357644
548 -1.065993 6.599344
4456 -1.034745 3.474478
1212 -1.050402 5.040189
1081 -1.027856 2.785584
2617 -1.051234 5.123386
2584 -1.075148 7.514819
1792 -1.067241 6.724059
2480 -1.014783 1.478321
104 -1.017371 1.737072
3091 -1.087582 8.758176
366 -1.064039 6.403923
371 -1.044148 4.414779
734 -1.034158 3.415754
641 -1.008315 0.831523
4855 -1.052849 5.284864
2649 -1.052772 5.277209
2019 -1.083578 8.357791
801 -1.071099 7.109909
5654 -1.033944 3.394447
2514 -1.072560 7.255998
4530 -1.087313 8.731289
1974 -1.095048 9.504804
535 -1.084180 8.418005
1386 -1.021374 2.137418
971 -1.065095 6.509486
1138 -1.054265 5.426470
4541 -1.097078 9.707770
4117 -1.063385 6.338479
601 -1.061512 6.151238
438 -1.088835 8.883498
1738 -1.095128 9.512848
2825 -1.073311 7.331149
182 -1.038055 3.805495
2463 -1.030187 3.018687
2172 -1.094949 9.494917
85 -1.006984 0.698397
2139 -1.021722 2.172187
1381 -1.037575 3.757535
111 -1.086329 8.632893
3333 -1.053425 5.342454
112 -1.026513 2.651291
1950 -1.092847 9.284677
3369 -1.078740 7.874022
2381 -1.027507 2.750696
4409 -1.088368 8.836782
5699 -1.060627 6.062697
3500 -1.055186 5.518644
646 -1.056685 5.668516
4918 -1.018924 1.892417
2881 -1.094981 9.498120
2599 -1.053734 5.373406
2196 -1.060269 6.026886
2820 -1.089206 8.920574
760 -1.014800 1.479967
3064 -1.055374 5.537411
616 -1.055988 5.598813
3022 -1.069782 6.978191
1792 -1.012478 1.247763
217 -1.077944 7.794398
5549 -1.076472 7.647227
3345 -1.086698 8.669839
3260 -1.074229 7.422891
2457 -1.061974 6.197383
1781 -1.040548 4.054847
3631 -1.080099 8.009892
317 -1.056631 5.663147
4909 -1.092920 9.291952
2417 -1.041243 4.124341
3190 -1.040487 4.048703
922 -1.037596 3.759586
2699 -1.071973 7.197340
579 -1.025922 2.592221
95 -1.050560 5.056034
151 -1.070354 7.035383
70 -1.035284 3.528369
1378 -1.021950 2.194986
240 -1.066442 6.644191
2653 -1.020958 2.095829
198 -1.025598 2.559789
1126 -1.096822 9.682191
1077 -1.074607 7.460668
295 -1.020729 2.072931
156 -1.094155 9.415533
585 -1.094670 9.467035
2975 -1.092089 9.208947
2702 -1.026752 2.675188
442 -1.086515 8.651507
606 -1.070337 7.033720
4971 -1.011579 1.157945
1198 -1.001962 0.196205
3175 -1.097191 9.719123
4401 -1.044062 4.406171
4309 -1.053251 5.325061
3525 -1.052146 5.214555
249 -1.070050 7.004952
2129 -1.056176 5.617605
161 -1.061476 6.147576
2962 -1.097711 9.771110
850 -1.018800 1.879966
339 -1.067969 6.796901
706 -1.077788 7.778755
2078 -1.055642 5.564226
58 -1.054112 5.411237
308 -1.003368 0.336796
779 -1.007842 0.784224
1144 -1.078265 7.826503
4181 -1.090814 9.081353
385 -1.066983 6.698331
291 -1.042112 4.211227
70 -1.012949 1.294921
4850 -1.086946 8.694585
4227 -1.049161 4.916122
1623 -1.076803 7.680258
4515 -1.071067 7.106736
1986 -1.088096 8.809569
961 -1.059059 5.905875
1883 -1.095264 9.526364
1447 -1.050912 5.091185
326 -1.093194 9.319373
1474 -1.006296 0.629564
7459 -1.063329 6.332851
1374 -1.018648 1.864792
652 -1.099957 9.995657
7 -1.089966 8.996622
620 -1.019223 1.922322
5106 -1.039646 3.964589
3232 -1.038029 3.802861
679 -1.017561 1.756052
1694 -1.014335 1.433450
1023 -1.067645 6.764517
3145 -1.038012 3.801188
938 -1.047089 4.708877
1882 -1.092808 9.280780
1246 -1.096807 9.680666
2158 -1.059143 5.914266
790 -1.052183 5.218342
732 -1.070351 7.035130
1689 -1.023649 2.364880
1674 -1.080587 8.058738
273 -1.098778 9.877824
1575 -1.022322 2.232212
624 -1.057156 5.715627
10178 -1.009210 0.921010
1076 -1.066042 6.604166
1278 -1.094694 9.469372
525 -1.088256 8.825588
35 -1.082125 8.212452
3754 -1.077090 7.709000
2607 -1.098831 9.883120
1776 -1.014336 1.433647
55 -1.095900 9.590011
2575 -1.089692 8.969162
22 -1.094805 9.480471
1603 -1.057566 5.756600
595 -1.090735 9.073469
161 -1.082666 8.266615
494 -1.063109 6.310936
1591 -1.014735 1.473536
4284 -1.093023 9.302260
1045 -1.081521 8.152079
1371 -1.087171 8.717058
2389 -1.029802 2.980155
3896 -1.058135 5.813482
2022 -1.038951 3.895088
7436 -1.058472 5.847175
3418 -1.080434 8.043352
84 -1.018338 1.833834
5407 -1.019690 1.968998
2721 -1.092371 9.237053
2384 -1.078956 7.895612
7678 -1.069355 6.935454
2107 -1.078358 7.835800
3962 -1.058037 5.803697
5958 -1.090153 9.015309
1658 -1.032006 3.200630
2971 -1.030383 3.038272
13862 -1.072241 7.224058
396 -1.080892 8.089174
476 -1.096966 9.696575
1805 -1.089758 8.975813
861 -1.054077 5.407714
960 -1.067594 6.759409
872 -1.072090 7.208955
1065 -1.054515 5.451451
1990 -1.017950 1.795006
1018 -1.027457 2.745651
745 -1.070831 7.083148
6866 -1.067595 6.759537
940 -1.025071 2.507123
697 -1.093963 9.396272
101 -1.073475 7.347464
193 -1.063276 6.327584
599 -1.067896 6.789645
622 -1.081593 8.159308
450 -1.092069 9.206910
2222 -1.092510 9.250958
1435 -1.022930 2.293001
1509 -1.081146 8.114604
169 -1.084136 8.413586
4283 -1.085641 8.564135
6319 -1.067421 6.742069
1049 -1.028953 2.895333
464 -1.080552 8.055227
3993 -1.032481 3.248141
2058 -1.023777 2.377694
2536 -1.008062 0.806235
1701 -1.042880 4.288012
1374 -1.022136 2.213566
911 -1.012545 1.254502
3621 -1.092658 9.265815
4765 -1.091399 9.139882
2255 -1.079555 7.955514
8273 -1.092945 9.294499
2944 -1.045245 4.524517
37 -1.054471 5.447111
49 -1.073156 7.315613
175 -1.096649 9.664940
312 -1.026400 2.640015
94 -1.093952 9.395155
432 -1.079412 7.941185
185 -1.073320 7.332020
282 -1.029771 2.977144
562 -1.075253 7.525334
2356 -1.082606 8.260574
338 -1.033676 3.367590
181 -1.052347 5.234705
4398 -1.089512 8.951152
435 -1.004994 0.499423
136 -1.035783 3.578318
806 -1.026080 2.607990
817 -1.053239 5.323918
649 -1.036132 3.613203
904 -1.034291 3.429086
220 -1.022452 2.245217
438 -1.089203 8.920344
169 -1.064964 6.496412
3455 -1.035555 3.555549
433 -1.052537 5.253731
98 -1.084976 8.497569
1160 -1.003333 0.333307
1172 -1.098207 9.820741
7930 -1.048692 4.869228
766 -1.086089 8.608890
4969 -1.046254 4.625358
654 -1.012882 1.288206
4870 -1.070236 7.023554
1071 -1.081139 8.113861
782 -1.091674 9.167395
1447 -1.046784 4.678436
2752 -1.048356 4.835617
44 -1.054491 5.449138
1493 -1.092434 9.243433
14 -1.094829 9.482914
3366 -1.090894 9.089417
1228 -1.087494 8.749412
1173 -1.035723 3.572258
3655 -1.069502 6.950212
1461 -1.062893 6.289287
245 -1.077377 7.737659
1162 -1.062516 6.251603
3450 -1.088427 8.842748
2842 -1.080289 8.028883
1080 -1.043987 4.398739
363 -1.079214 7.921390
1184 -1.007752 0.775196
14 -1.080995 8.099522
368 -1.014836 1.483607
1314 -1.006879 0.687930
2635 -1.082126 8.212630
55 -1.092049 9.204868
1314 -1.043709 4.370907
1603 -1.080739 8.073873
958 -1.087137 8.713723
499 -1.091699 9.169892
1654 -1.085546 8.554612
2183 -1.085121 8.512144
3660 -1.059854 5.985363
2030 -1.087019 8.701944
2797 -1.092799 9.279853
852 -1.096601 9.660110
5151 -1.010189 1.018924
384 -1.091303 9.130345
754 -1.073747 7.374705
491 -1.082023 8.202301
606 -1.068679 6.867885
920 -1.071031 7.103119
392 -1.079147 7.914742
360 -1.014388 1.438801
1654 -1.090754 9.075373
1446 -1.016302 1.630231
1353 -1.049322 4.932235
435 -1.079665 7.966507
2648 -1.080673 8.067309
2039 -1.098736 9.873564
2740 -1.078311 7.831072
651 -1.089530 8.952999
663 -1.064457 6.445686
2802 -1.043464 4.346380
8408 -1.007606 0.760563
280 -1.069391 6.939120
2029 -1.086938 8.693813
3404 -1.088292 8.829246
289 -1.032447 3.244688
590 -1.084724 8.472444
5839 -1.090621 9.062117
58 -1.056954 5.695380
526 -1.089325 8.932484
3062 -1.034187 3.418653
1047 -1.003156 0.315592
2151 -1.036468 3.646836
2055 -1.055517 5.551744
290 -1.048357 4.835731
220 -1.004644 0.464362
465 -1.024233 2.423253
333 -1.031477 3.147672
184 -1.096871 9.687134
2575 -1.080327 8.032706
5688 -1.073302 7.330210
1119 -1.097884 9.788372
7 -1.065383 6.538340
1979 -1.081284 8.128399
353 -1.093969 9.396855
6205 -1.070039 7.003911
2999 -1.026122 2.612236
3029 -1.086417 8.641675
55 -1.013207 1.320677
74 -1.071985 7.198467
376 -1.034260 3.426013
15 -1.085377 8.537712
2212 -1.030702 3.070193
4788 -1.089949 8.994865
2657 -1.074694 7.469426
994 -1.033501 3.350088
739 -1.028494 2.849432
147 -1.093079 9.307910
2088 -1.078159 7.815933
542 -1.050564 5.056364
7 -1.058598 5.859834
2235 -1.084032 8.403193
3334 -1.096576 9.657625
14 -1.072671 7.267139
295 -1.097857 9.785745
393 -1.096415 9.641514
1783 -1.095634 9.563391
389 -1.064563 6.456332
436 -1.024512 2.451160
273 -1.097341 9.734092
148 -1.028502 2.850169
272 -1.004442 0.444247
1510 -1.084484 8.448367
3870 -1.094659 9.465893
1501 -1.059789 5.978872
1461 -1.060674 6.067403
897 -1.045661 4.566100
1428 -1.050500 5.049985
73 -1.080647 8.064693
801 -1.071629 7.162867
1579 -1.033216 3.321647
682 -1.071786 7.178597
3110 -1.041486 4.148603
4971 -1.086807 8.680749
9710 -1.098200 9.820029
1532 -1.092374 9.237362
697 -1.052401 5.240129
1058 -1.089868 8.986751
137 -1.064247 6.424743
3906 -1.098999 9.899927
348 -1.048743 4.874266
1591 -1.063472 6.347199
3848 -1.079771 7.977102
487 -1.091720 9.171985
2260 -1.087589 8.758868
1815 -1.044130 4.412994
2845 -1.060211 6.021074
882 -1.021767 2.176684
1753 -1.067688 6.768835
1225 -1.015050 1.505021
1000 -1.075603 7.560315
508 -1.047515 4.751470
3213 -1.080641 8.064125
3432 -1.063428 6.342820
422 -1.029816 2.981609
1176 -1.019553 1.955266
2375 -1.020241 2.024068
1633 -1.044300 4.430017
1031 -1.031288 3.128827
9670 -1.078611 7.861145
3671 -1.060030 6.003015
1952 -1.020608 2.060816
53 -1.068111 6.811087
3812 -1.062432 6.243162
4454 -1.064954 6.495359
220 -1.058023 5.802300
2294 -1.061356 6.135583
976 -1.008002 0.800236
2421 -1.045958 4.595843
1041 -1.057077 5.707675
2804 -1.084003 8.400281
1125 -1.081677 8.167693
1858 -1.025219 2.521869
278 -1.076690 7.669022
1344 -1.017272 1.727248
9557 -1.092325 9.232477
945 -1.031982 3.198188
2715 -1.092410 9.240963
12687 -1.076497 7.649711
371 -1.008493 0.849261
435 -1.091443 9.144280
1369 -1.068582 6.858191
3158 -1.052612 5.261203
1739 -1.091182 9.118249
377 -1.035452 3.545233
317 -1.029509 2.950866
187 -1.084669 8.466883
756 -1.041662 4.166182
1547 -1.034533 3.453312
1027 -1.050932 5.093231
735 -1.024050 2.404998
911 -1.036188 3.618752
1816 -1.027050 2.705035
6310 -1.029703 2.970315
637 -1.093973 9.397263
741 -1.052759 5.275934
6641 -1.087340 8.734000
7 -1.039882 3.988214
2941 -1.069872 6.987216
4185 -1.004225 0.422481
247 -1.040082 4.008161
44 -1.066065 6.606536
3818 -1.023073 2.307335
827 -1.094553 9.455332
1229 -1.065870 6.586960
861 -1.095098 9.509831
2782 -1.017291 1.729100
678 -1.018867 1.886659
886 -1.079658 7.965790
3155 -1.026440 2.643971
1239 -1.055462 5.546206
861 -1.079268 7.926795
2495 -1.087545 8.754451
1379 -1.059342 5.934238
1733 -1.083299 8.329894
9513 -1.062005 6.200459
3372 -1.056962 5.696177
832 -1.033547 3.354715
127 -1.099143 9.914320
1705 -1.030518 3.051818
5059 -1.064465 6.446497
2111 -1.057194 5.719379
115 -1.060812 6.081184
459 -1.066127 6.612651
1142 -1.004318 0.431789
2695 -1.020686 2.068607
3444 -1.073508 7.350798
1632 -1.082624 8.262413
521 -1.037611 3.761076
781 -1.063562 6.356153
137 -1.064446 6.444578
2890 -1.033808 3.380767
145 -1.032149 3.214940
3180 -1.047701 4.770057
950 -1.073894 7.389369
2044 -1.018297 1.829735
563 -1.041431 4.143104
1085 -1.090343 9.034349
4824 -1.039597 3.959749
1825 -1.061756 6.175610
1084 -1.063836 6.383634
1884 -1.044314 4.431357
845 -1.049411 4.941066
1381 -1.058332 5.833211
2492 -1.088562 8.856244
3775 -1.096205 9.620535
466 -1.012339 1.233898
193 -1.071894 7.189425
7914 -1.098250 9.824995
791 -1.041323 4.132276
3883 -1.047921 4.792114
2999 -1.079112 7.911178
3111 -1.095501 9.550058
968 -1.043909 4.390910
512 -1.037581 3.758090
320 -1.057287 5.728675
803 -1.053436 5.343576
827 -1.080751 8.075150
1574 -1.004749 0.474916
283 -1.030894 3.089358
3050 -1.084033 8.403262
79 -1.057328 5.732836
5264 -1.006260 0.625988
4110 -1.067580 6.758003
1769 -1.034767 3.476679
2652 -1.011536 1.153633
6097 -1.089777 8.977654
219 -1.097242 9.724176
670 -1.059444 5.944374
2118 -1.064276 6.427563
724 -1.082182 8.218171
3222 -1.082269 8.226854
1889 -1.048557 4.855672
4149 -1.093004 9.300408
3447 -1.034762 3.476214
660 -1.015514 1.551404
848 -1.072139 7.213908
4109 -1.017994 1.799400
1714 -1.057789 5.778935
1274 -1.062895 6.289461
1899 -1.096741 9.674146
6452 -1.093732 9.373177
1453 -1.084542 8.454245
47 -1.061740 6.174003
334 -1.087826 8.782623
5029 -1.036098 3.609753
122 -1.077705 7.770513
3721 -1.020292 2.029249
5078 -1.078758 7.875796
4161 -1.078195 7.819544
121 -1.087356 8.735562
322 -1.089597 8.959671
1573 -1.078835 7.883550
329 -1.092837 9.283713
356 -1.091359 9.135917
1515 -1.021187 2.118669
773 -1.088624 8.862427
4679 -1.022539 2.253941
1382 -1.080542 8.054238
27 -1.078276 7.827584
1660 -1.084604 8.460360
601 -1.059449 5.944867
305 -1.055271 5.527105
340 -1.078070 7.806992
4122 -1.025387 2.538696
3142 -1.097653 9.765268
897 -1.033631 3.363074
1701 -1.083804 8.380450
148 -1.034105 3.410511
1274 -1.095094 9.509433
945 -1.052257 5.225713
1456 -1.040348 4.034840
581 -1.060190 6.018979
578 -1.078451 7.845098
4033 -1.032449 3.244868
466 -1.049966 4.996601
1385 -1.037136 3.713588
2633 -1.034879 3.487898
2274 -1.092926 9.292592
3570 -1.078288 7.828779
53 -1.099705 9.970465
22 -1.028422 2.842235
6531 -1.064939 6.493921
267 -1.007479 0.747917
753 -1.045116 4.511589
491 -1.073057 7.305708
485 -1.051478 5.147819
809 -1.088165 8.816532
2079 -1.023847 2.384666
1987 -1.011868 1.186775
916 -1.085460 8.546042
3133 -1.097653 9.765251
4733 -1.039065 3.906469
1352 -1.015779 1.577886
75 -1.062592 6.259231
1768 -1.074006 7.400591
2245 -1.078997 7.899712
283 -1.046419 4.641923
837 -1.079789 7.978859
2448 -1.015557 1.555704
418 -1.074970 7.496984
1966 -1.074527 7.452717
5100 -1.049343 4.934288
3900 -1.083003 8.300329
37 -1.039163 3.916315
122 -1.055317 5.531741
2196 -1.019229 1.922862
1402 -1.098131 9.813105
178 -1.044207 4.420686
298 -1.050293 5.029276
370 -1.054174 5.417390
5200 -1.095748 9.574752
352 -1.021441 2.144066
120 -1.045945 4.594487
546 -1.089883 8.988256
2277 -1.071963 7.196261
1168 -1.086501 8.650066
246 -1.069726 6.972616
3134 -1.025727 2.572691
321 -1.050260 5.026030
439 -1.063419 6.341866
1446 -1.050636 5.063613
490 -1.073811 7.381066
1056 -1.076880 7.688015
7479 -1.062948 6.294810
2709 -1.077811 7.781069
6396 -1.055287 5.528736
1767 -1.036471 3.647100
3089 -1.085008 8.500801
5367 -1.071107 7.110745
4427 -1.066570 6.657009
2207 -1.084569 8.456896
8082 -1.072580 7.257990
3082 -1.080889 8.088928
3188 -1.049863 4.986288
7453 -1.049096 4.909636
3756 -1.003603 0.360263
4223 -1.069637 6.963668
2877 -1.044287 4.428725
3803 -1.092162 9.216245
7362 -1.099049 9.904912
4509 -1.054973 5.497335
3366 -1.098740 9.873993
6211 -1.044848 4.484837
4332 -1.053087 5.308668
4922 -1.075922 7.592223
4596 -1.065054 6.505403
3799 -1.055619 5.561869
8490 -1.075025 7.502534
5903 -1.088375 8.837457
7232 -1.070084 7.008430
5164 -1.094956 9.495555
5471 -1.093649 9.364874
6968 -1.077469 7.746930
6721 -1.097773 9.777254
5518 -1.021035 2.103526
8704 -1.074040 7.403996
5917 -1.032063 3.206281
7468 -1.082516 8.251643
7898 -1.094476 9.447628
6527 -1.069646 6.964598
5955 -1.082973 8.297325
10173 -1.065453 6.545307
11249 -1.094326 9.432615
8869 -1.027739 2.773922
12332 -1.005263 0.526335
13963 -1.078910 7.891029
17779 -1.081670 8.167045
