11 -40.115310 5.017393
11 -41.889623 9.662346
11 -40.851303 6.944141
12 -41.698653 9.162408
12 -41.424423 8.444504
12 -41.766075 9.338910
12 -40.981812 7.285799
13 -40.260740 5.398113
13 -41.702218 9.171740
13 -41.638846 9.005840
13 -41.170700 7.780286
13 -41.078069 7.537787
13 -39.941786 4.563126
15 -41.086165 7.558981
15 -39.981451 4.666964
15 -41.142310 7.705964
15 -40.516196 6.066867
15 -41.643526 9.018090
16 -40.794887 6.796450
11 -41.740903 9.273014
16 -41.058669 7.487002
13 -40.961038 7.231414
16 -40.884365 7.030691
16 -41.953151 9.828653
13 -40.610531 6.313826
16 -40.894704 7.057760
16 -39.860973 4.351567
11 -41.559417 8.797902
13 -41.239245 7.959728
17 -41.467643 8.557649
19 -40.711526 6.578219
19 -42.001508 9.955248
19 -41.660686 9.063014
17 -41.244881 7.974483
19 -41.118710 7.644182
19 -41.684624 9.125681
13 -41.780495 9.376660
19 -40.482683 5.979135
20 -39.354213 3.024925
15 -41.171375 7.782051
13 -40.565967 6.197163
15 -41.567391 8.818779
12 -40.393130 5.744694
15 -41.474892 8.576626
12 -39.667168 3.844208
17 -40.133134 5.064055
19 -41.967329 9.865770
19 -41.452787 8.518757
13 -39.499201 3.404488
18 -41.340454 8.224684
20 -41.130654 7.675451
24 -40.040198 4.820757
20 -41.184819 7.817247
15 -41.261124 8.017005
15 -41.377982 8.322927
19 -41.377251 8.321013
16 -40.703572 6.557395
13 -41.318427 8.167018
16 -41.798691 9.424295
24 -41.069924 7.516466
16 -40.894927 7.058341
18 -39.511600 3.436947
13 -40.868659 6.989575
13 -40.560426 6.182657
12 -40.843811 6.924528
17 -40.242826 5.351216
20 -41.477089 8.582377
20 -40.861021 6.969580
18 -42.012311 9.983528
16 -41.647256 9.027855
20 -40.788798 6.780508
16 -40.222571 5.298191
20 -40.948290 7.198041
16 -38.226461 0.072596
17 -39.499314 3.404783
16 -41.663089 9.069304
11 -39.962209 4.616591
15 -41.205322 7.870922
15 -41.279137 8.064161
14 -40.682666 6.502668
9 -41.509066 8.666089
18 -39.990928 4.691773
22 -39.890144 4.427934
11 -41.314416 8.156518
17 -40.991159 7.310267
15 -41.523300 8.703352
15 -40.105783 4.992452
12 -41.358610 8.272213
13 -39.596998 3.660510
18 -41.307850 8.139327
16 -40.951479 7.206389
12 -40.847796 6.934958
18 -41.259148 8.011832
26 -39.587351 3.635254
21 -41.117676 7.641475
15 -41.569233 8.823600
16 -41.002118 7.338956
19 -40.783409 6.766401
13 -40.541152 6.132198
18 -38.521566 0.845148
15 -40.970543 7.256297
19 -40.651570 6.421262
18 -41.123027 7.655483
17 -41.568901 8.822732
17 -41.185421 7.818824
18 -41.469708 8.563056
12 -39.877256 4.394194
16 -40.019092 4.765504
11 -41.620095 8.956752
16 -41.315899 8.160400
16 -41.317239 8.163909
11 -40.971984 7.260069
16 -41.280069 8.066601
18 -41.434572 8.471072
13 -41.487614 8.609932
22 -41.195628 7.845543
11 -41.409881 8.406435
18 -40.954489 7.214268
17 -41.928456 9.764006
15 -41.620311 8.957317
13 -40.857625 6.960690
16 -41.336027 8.213093
15 -39.570037 3.589928
13 -41.541900 8.752045
19 -39.819959 4.244196
15 -41.118522 7.643690
15 -39.808786 4.214948
16 -41.141955 7.705034
22 -39.515765 3.447851
20 -39.544492 3.523056
13 -41.525804 8.709908
15 -40.273682 5.431994
9 -41.522710 8.701809
15 -41.356661 8.267111
17 -40.449079 5.891161
12 -40.713294 6.582848
17 -39.470553 3.329490
12 -40.437135 5.859894
16 -39.674602 3.863669
24 -39.323183 2.943693
16 -40.861060 6.969681
15 -41.105580 7.609808
15 -40.824994 6.875266
21 -40.896400 7.062200
15 -40.930298 7.150941
24 -40.724072 6.611062
16 -40.600112 6.286549
12 -41.887565 9.656956
13 -40.517848 6.071193
16 -41.061196 7.493617
16 -41.500884 8.644669
14 -41.007612 7.353339
18 -40.940303 7.177132
16 -40.166840 5.152292
17 -40.609636 6.311483
12 -40.290007 5.474730
13 -41.220942 7.911813
13 -41.885285 9.650988
15 -41.112124 7.626940
11 -40.590850 6.262303
20 -41.718494 9.214349
17 -40.633892 6.374982
13 -40.224611 5.303532
15 -40.837150 6.907088
17 -40.944861 7.189065
18 -41.064406 7.502021
19 -41.847787 9.552824
19 -40.693286 6.530469
20 -40.645436 6.405204
16 -41.212335 7.889282
13 -40.847547 6.934306
13 -40.130817 5.057989
19 -41.744516 9.282471
13 -40.685989 6.511367
12 -41.932202 9.773813
17 -40.975602 7.269541
17 -41.408111 8.401801
24 -40.979999 7.281052
16 -40.046074 4.836139
16 -40.830885 6.890688
19 -40.757741 6.699204
15 -41.891332 9.666819
16 -39.561935 3.568719
15 -41.121061 7.650336
20 -39.429355 3.221639
22 -41.103023 7.603114
18 -41.002496 7.339947
20 -40.722131 6.605983
20 -41.214525 7.895014
18 -40.866446 6.983783
17 -41.142311 7.705967
17 -40.012549 4.748377
17 -39.814024 4.228658
19 -41.074128 7.527470
22 -41.617708 8.950501
20 -40.858406 6.962736
19 -41.626969 8.974747
12 -41.891686 9.667746
18 -41.121755 7.652153
21 -40.887291 7.038352
