28 -0.120167 8.150408
23 -0.120843 8.758583
26 -0.121547 9.392205
26 -0.121676 9.508678
27 -0.117415 5.673666
27 -0.118807 6.926040
26 -0.121191 9.071772
28 -0.118064 6.257825
28 -0.117594 5.834437
26 -0.116927 5.234641
31 -0.120108 8.097538
29 -0.116603 4.942380
28 -0.117954 6.159024
27 -0.118732 6.859013
26 -0.118449 6.604435
26 -0.118046 6.241533
26 -0.115553 3.997379
30 -0.118020 6.218337
28 -0.119626 7.663252
27 -0.115541 3.986542
28 -0.117846 6.061557
27 -0.122160 9.944240
28 -0.116346 4.711233
29 -0.115668 4.101624
29 -0.118942 7.047935
28 -0.120431 8.388131
32 -0.116939 5.245235
30 -0.118374 6.536248
30 -0.118675 6.807265
31 -0.115581 4.023341
32 -0.115651 4.085545
31 -0.114686 3.217058
30 -0.117174 5.457002
30 -0.121200 9.080438
30 -0.117625 5.862827
34 -0.122011 9.809909
34 -0.122034 9.830475
31 -0.116667 5.000340
31 -0.116195 4.575936
31 -0.115871 4.284056
36 -0.113406 2.065675
34 -0.118826 6.943266
36 -0.113614 2.252362
32 -0.116079 4.470843
33 -0.117262 5.536082
33 -0.114239 2.814814
37 -0.116049 4.444192
40 -0.114856 3.370485
26 -0.117437 5.693347
30 -0.118151 6.335948
25 -0.122189 9.970470
26 -0.121283 9.154711
29 -0.117472 5.724500
24 -0.119334 7.400716
26 -0.121001 8.901243
23 -0.120931 8.838290
26 -0.120772 8.694772
23 -0.117341 5.606745
26 -0.120239 8.214684
31 -0.115852 4.267026
30 -0.116931 5.237780
31 -0.116803 5.122302
35 -0.119663 7.696449
28 -0.119337 7.403059
29 -0.117316 5.584444
28 -0.120461 8.414619
28 -0.121447 9.302664
31 -0.116844 5.159305
30 -0.120167 8.150591
28 -0.118660 6.793997
33 -0.118037 6.233699
28 -0.118704 6.833976
32 -0.116310 4.679152
31 -0.120958 8.861890
27 -0.118138 6.323986
35 -0.116781 5.103066
33 -0.113637 2.273365
29 -0.117448 5.703129
30 -0.118327 6.494339
33 -0.116872 5.184481
35 -0.113327 1.994686
30 -0.119215 7.293439
34 -0.114335 2.901798
22 -0.121556 9.400769
31 -0.117524 5.771705
33 -0.116056 4.450412
33 -0.113876 2.488754
37 -0.112554 1.298946
31 -0.114233 2.809567
33 -0.118272 6.444711
35 -0.115065 3.558906
41 -0.113025 1.722357
33 -0.114926 3.433593
32 -0.113554 2.199033
39 -0.113453 2.107928
35 -0.113975 2.577472
28 -0.119578 7.620466
32 -0.114379 2.940779
31 -0.116278 4.650146
32 -0.114700 3.229819
41 -0.114089 2.680131
25 -0.119414 7.472725
26 -0.119063 7.156512
30 -0.115937 4.343306
31 -0.116387 4.748297
31 -0.117618 5.856071
32 -0.115081 3.572948
34 -0.116598 4.938392
30 -0.116599 4.938959
32 -0.115558 4.002065
34 -0.113649 2.284243
30 -0.118051 6.245451
38 -0.114600 3.140014
28 -0.119529 7.576455
30 -0.121881 9.693055
30 -0.118082 6.273466
37 -0.115044 3.539209
34 -0.117184 5.465496
34 -0.117473 5.726042
36 -0.114682 3.213377
26 -0.118483 6.634331
31 -0.115780 4.202052
32 -0.115335 3.801747
29 -0.120136 8.122439
31 -0.115459 3.913313
31 -0.117022 5.319582
34 -0.118579 6.720988
42 -0.119693 7.723597
37 -0.114475 3.027443
27 -0.117531 5.777539
33 -0.114759 3.282800
36 -0.113798 2.418611
33 -0.115912 4.320643
37 -0.114805 3.324593
36 -0.116931 5.237646
39 -0.113469 2.122180
32 -0.117738 5.964335
27 -0.118093 6.283877
26 -0.120738 8.664648
37 -0.115522 3.969748
28 -0.120198 8.177888
41 -0.112981 1.683179
25 -0.122086 9.877245
35 -0.114877 3.389495
24 -0.117445 5.700170
34 -0.114970 3.472940
35 -0.116055 4.449777
27 -0.121315 9.183391
36 -0.114899 3.409357
32 -0.118660 6.794210
35 -0.117894 6.104257
29 -0.120131 8.118275
30 -0.116039 4.435488
30 -0.115329 3.796477
27 -0.117727 5.954486
30 -0.116302 4.671656
25 -0.121893 9.703472
31 -0.115583 4.025124
31 -0.117581 5.823000
29 -0.118087 6.278543
24 -0.120097 8.087122
32 -0.117835 6.051162
30 -0.116355 4.719469
27 -0.118336 6.501974
28 -0.121983 9.784506
32 -0.114990 3.490780
30 -0.119714 7.743047
41 -0.115921 4.328943
37 -0.115858 4.272533
38 -0.117790 6.011310
29 -0.117812 6.030352
38 -0.113664 2.297678
28 -0.118568 6.711603
26 -0.121326 9.193110
42 -0.119786 7.807312
33 -0.115003 3.502899
25 -0.116673 5.005317
36 -0.113805 2.424723
25 -0.120597 8.537714
33 -0.114488 3.038936
28 -0.120924 8.831997
31 -0.113983 2.584993
27 -0.121074 8.966760
40 -0.113190 1.871264
28 -0.122139 9.924871
27 -0.117289 5.559906
30 -0.119287 7.358170
30 -0.118984 7.085871
35 -0.116348 4.712763
35 -0.119852 7.866661
34 -0.113295 1.965507
35 -0.113352 2.016795
34 -0.120625 8.562571
27 -0.119144 7.229666
35 -0.118866 6.979436
38 -0.113739 2.365130
38 -0.114283 2.854360
32 -0.117452 5.706960
34 -0.114290 2.861012
35 -0.115507 3.956021
