8 94.560637 5.401524
8 95.895143 4.066484
8 95.482762 4.479030
8 98.549822 1.410742
8 98.047048 1.913718
8 98.025321 1.935453
8 91.527011 8.436364
8 96.440142 3.521266
8 95.951979 4.009625
8 98.054133 1.906630
8 94.972365 4.989631
8 91.473907 8.489489
8 97.068286 2.892871
8 97.975348 1.985446
8 90.011544 9.952437
8 94.559150 5.403012
8 97.704059 2.256844
8 92.474512 7.488483
8 93.638940 6.323590
8 95.111616 4.850324
8 95.263521 4.698358
8 98.314608 1.646050
8 97.953197 2.007606
8 97.062413 2.898747
8 96.518035 3.443342
10 92.981014 6.981778
8 90.519506 9.444272
8 97.103917 2.857225
10 90.090661 9.873288
10 91.303477 8.659987
10 95.450895 4.510909
8 90.768312 9.195366
10 93.910776 6.051645
8 97.529869 2.431104
10 92.683960 7.278951
10 90.126053 9.837882
8 97.490397 2.470592
8 97.989474 1.971315
10 97.223052 2.738043
8 98.963312 0.997087
8 97.565308 2.395650
8 92.731832 7.231060
8 94.804914 5.157149
12 94.320523 5.641733
10 94.303175 5.659089
12 90.947224 9.016383
8 97.765871 2.195007
12 92.902761 7.060063
10 90.042055 9.921913
12 90.486016 9.477775
12 93.817479 6.144979
8 97.391935 2.569093
8 95.395082 4.566745
10 93.587142 6.375408
8 96.187312 3.774198
8 93.463732 6.498867
12 91.716183 8.247116
12 95.019756 4.942221
8 96.367336 3.594102
8 96.374434 3.587001
13 98.132495 1.828236
8 95.682772 4.278939
8 90.118762 9.845176
8 93.012553 6.950227
8 96.180436 3.781077
10 96.688640 3.272669
10 89.981759 9.982234
8 96.803815 3.157448
12 93.145156 6.817571
12 90.433339 9.530473
10 90.721281 9.242416
12 93.564076 6.398483
15 96.670393 3.290924
10 94.491479 5.470709
10 96.865463 3.095776
8 96.097863 3.863683
15 91.204627 8.758877
8 95.699662 4.262043
8 97.427163 2.533851
15 92.313400 7.649660
8 98.654969 1.305553
10 97.870801 2.090035
10 96.738104 3.223185
12 96.964884 2.996315
17 93.113388 6.849351
15 97.824368 2.136487
8 91.897715 8.065512
8 97.494104 2.466883
17 93.235109 6.727582
8 90.716054 9.247645
15 93.633345 6.329187
8 93.049497 6.913268
15 98.174912 1.785803
10 94.857426 5.104616
8 94.707466 5.254636
8 91.297124 8.666343
8 97.044395 2.916772
12 97.991043 1.969744
8 94.950184 5.011821
12 91.446949 8.516458
8 94.168371 5.793947
12 97.788898 2.171971
8 94.874586 5.087449
8 92.744382 7.218505
10 90.373408 9.590428
8 93.204845 6.757858
15 95.126197 4.835738
12 95.035033 4.926938
8 93.720596 6.241901
10 92.845749 7.117098
10 91.688200 8.275110
8 96.002873 3.958710
8 92.500258 7.462727
10 93.056197 6.906566
12 93.981281 5.981112
8 91.490163 8.473226
8 97.630967 2.329965
20 93.434813 6.527798
17 92.465518 7.497481
8 91.597350 8.365996
8 95.942394 4.019213
8 95.468154 4.493643
17 93.773609 6.188867
8 94.520492 5.441684
8 90.623167 9.340569
8 93.957330 6.005072
8 99.662405 0.297714
8 94.445639 5.516568
8 94.537505 5.424665
10 93.382836 6.579796
22 93.815602 6.146857
10 90.433272 9.530540
8 96.110086 3.851455
12 99.557734 0.402427
8 92.567840 7.395118
8 92.492572 7.470417
10 94.397769 5.564456
15 93.860902 6.101539
10 94.911271 5.050749
8 94.794765 5.167302
12 99.068423 0.891934
8 99.249826 0.710458
10 95.547170 4.414595
15 94.181259 5.781053
8 98.195809 1.764897
10 97.206508 2.754594
10 95.806640 4.155022
10 95.331304 4.630549
8 95.274237 4.687638
22 93.198551 6.764154
12 93.652356 6.310168
12 95.170955 4.790961
8 96.893489 3.067738
22 91.047779 8.915787
8 95.651640 4.310084
8 92.003177 7.960007
8 92.705437 7.257466
10 98.875248 1.085186
8 93.311535 6.651125
8 99.116779 0.843559
8 93.707761 6.254741
10 90.944560 9.019048
10 95.658441 4.303280
10 97.683947 2.276964
10 90.059368 9.904594
8 91.633168 8.330164
10 91.789317 8.173952
10 96.009327 3.952254
17 92.564216 7.398744
10 95.745754 4.215932
17 97.032037 2.929134
10 90.679814 9.283900
19 91.360048 8.603393
10 94.574247 5.387908
19 91.787529 8.175741
10 90.865844 9.097795
10 96.665402 3.295916
10 94.973611 4.988385
12 99.633853 0.326277
17 98.102254 1.858490
17 94.195089 5.767218
10 97.474522 2.486472
12 96.298805 3.662660
12 92.643646 7.319282
12 92.387496 7.575534
12 90.763717 9.199963
15 95.522571 4.439205
29 92.529012 7.433961
17 90.288433 9.675437
15 97.496354 2.464632
17 95.562651 4.399108
19 91.030590 8.932983
17 96.132973 3.828559
17 92.873099 7.089737
19 94.331267 5.630986
19 96.880174 3.081058
19 97.106177 2.854965
26 94.452305 5.509899
22 92.879898 7.082935
24 92.496069 7.466917
