20 -0.121834 9.650628
25 -0.122025 9.822382
26 -0.121607 9.446698
27 -0.121354 9.218176
29 -0.119393 7.453731
29 -0.117834 6.051016
31 -0.121877 9.689207
31 -0.116626 4.963206
29 -0.117326 5.593419
31 -0.118743 6.868257
31 -0.117291 5.561968
31 -0.121001 8.900583
30 -0.115762 4.185364
31 -0.116838 5.153816
34 -0.121831 9.647897
32 -0.116849 5.164298
30 -0.118670 6.802884
30 -0.121894 9.704630
33 -0.114558 3.102123
31 -0.120760 8.684101
33 -0.117491 5.741867
36 -0.121998 9.798260
31 -0.119041 7.137027
34 -0.119433 7.490016
34 -0.119156 7.239984
31 -0.119698 7.727751
31 -0.118957 7.061290
32 -0.121474 9.326946
32 -0.117741 5.966811
33 -0.115241 3.716680
36 -0.117151 5.436300
34 -0.114188 2.769173
35 -0.120159 8.143046
35 -0.116048 4.442981
34 -0.116364 4.727292
39 -0.119482 7.533371
34 -0.115548 3.993328
37 -0.116487 4.837980
35 -0.121887 9.698188
35 -0.116190 4.570588
36 -0.113631 2.267498
39 -0.114262 2.835733
38 -0.113287 1.958265
43 -0.118011 6.210292
38 -0.115854 4.268999
38 -0.114318 2.886550
28 -0.120038 8.033920
36 -0.115547 3.992114
42 -0.116041 4.436519
27 -0.119739 7.764931
43 -0.112331 1.097645
29 -0.119511 7.559584
29 -0.119352 7.417193
27 -0.121804 9.623425
23 -0.120093 8.083395
33 -0.118775 6.897779
28 -0.118591 6.731869
34 -0.118428 6.585397
24 -0.119262 7.335682
29 -0.117713 5.941684
33 -0.115213 3.691773
38 -0.113832 2.449007
30 -0.118686 6.817845
31 -0.118147 6.332472
32 -0.119998 7.998055
33 -0.115080 3.571808
34 -0.114616 3.154798
33 -0.119056 7.150617
36 -0.114612 3.150780
34 -0.116322 4.689456
38 -0.115031 3.527569
30 -0.116751 5.076243
37 -0.117619 5.857469
38 -0.113193 1.873799
39 -0.115532 3.978625
31 -0.121351 9.215585
43 -0.113899 2.509419
32 -0.114405 2.964753
35 -0.117257 5.531567
32 -0.114173 2.755621
29 -0.116295 4.665473
41 -0.115379 3.841167
38 -0.113527 2.174039
44 -0.114507 3.056234
40 -0.116028 4.424910
34 -0.118035 6.231428
39 -0.121034 8.930965
40 -0.115056 3.549960
35 -0.114980 3.482216
42 -0.116618 4.955909
38 -0.114976 3.478516
32 -0.116728 5.055078
45 -0.114193 2.773459
40 -0.113483 2.134879
35 -0.117942 6.147936
35 -0.115924 4.331795
35 -0.119870 7.883188
40 -0.116962 5.265690
33 -0.117036 5.332525
36 -0.116310 4.678806
30 -0.117817 6.034957
37 -0.120928 8.835031
41 -0.113678 2.310070
28 -0.119266 7.339115
37 -0.116302 4.671725
29 -0.117812 6.030486
33 -0.119095 7.185222
29 -0.118833 6.949674
26 -0.121678 9.510247
27 -0.120189 8.169656
28 -0.118118 6.306341
33 -0.118861 6.974850
36 -0.117614 5.852744
38 -0.118760 6.883812
31 -0.116379 4.741486
41 -0.114351 2.915499
40 -0.114691 3.221997
30 -0.119640 7.676336
35 -0.113365 2.028918
30 -0.119992 7.992561
36 -0.115815 4.233439
37 -0.114501 3.050729
33 -0.119047 7.142411
28 -0.119377 7.439392
31 -0.116722 5.050151
35 -0.115926 4.333309
39 -0.113984 2.585891
35 -0.116146 4.531538
30 -0.116206 4.585042
32 -0.114271 2.843973
42 -0.113238 1.914413
35 -0.114757 3.281383
39 -0.114723 3.250348
35 -0.117891 6.101993
36 -0.114905 3.414437
35 -0.116184 4.565766
35 -0.117437 5.693623
36 -0.117875 6.087165
38 -0.118377 6.539248
32 -0.114201 2.781138
30 -0.121539 9.385384
40 -0.113588 2.229498
44 -0.112543 1.289090
34 -0.117846 6.060958
35 -0.118560 6.704142
34 -0.114025 2.622205
28 -0.121358 9.222034
32 -0.115334 3.800162
26 -0.119789 7.810198
29 -0.119554 7.598635
29 -0.120305 8.274165
26 -0.122106 9.895367
29 -0.119294 7.364341
36 -0.115628 4.064913
39 -0.114630 3.166909
33 -0.115753 4.178100
33 -0.121571 9.414187
32 -0.116747 5.072065
31 -0.119381 7.443159
41 -0.122118 9.906134
36 -0.117762 5.985654
31 -0.116027 4.424021
35 -0.115437 3.893028
31 -0.121081 8.972884
33 -0.115540 3.986323
32 -0.115818 4.236140
36 -0.113584 2.225438
36 -0.115407 3.866189
28 -0.117246 5.521154
40 -0.118571 6.713593
32 -0.117918 6.126146
32 -0.121229 9.105970
28 -0.119518 7.566565
31 -0.121132 9.018592
32 -0.117067 5.359957
34 -0.114237 2.813714
40 -0.114219 2.796920
33 -0.115364 3.827837
35 -0.116549 4.894061
27 -0.122149 9.933850
36 -0.118151 6.336082
37 -0.113576 2.218523
33 -0.114970 3.472905
31 -0.120125 8.112106
34 -0.117025 5.322059
31 -0.116061 4.454884
30 -0.117599 5.838782
35 -0.114879 3.391256
38 -0.114517 3.065299
33 -0.117444 5.699592
31 -0.120652 8.586716
38 -0.114156 2.740219
45 -0.113066 1.759230
41 -0.114629 3.166258
36 -0.113980 2.582225
45 -0.113318 1.986431
43 -0.116589 4.929976
41 -0.118938 7.044310
40 -0.112531 1.277762
40 -0.114951 3.455785
