7 -38.280598 0.214321
7 -42.012532 9.984106
8 -41.846698 9.549971
8 -41.304321 8.130090
7 -40.539574 6.128069
9 -40.442527 5.874009
9 -40.894289 7.056672
9 -40.439580 5.866294
9 -38.802997 1.581905
9 -41.729533 9.243247
9 -41.966314 9.863114
9 -40.250965 5.372521
9 -38.787306 1.540827
9 -40.825517 6.876634
7 -38.344883 0.382612
9 -40.952247 7.208401
9 -41.028645 7.408402
9 -39.919074 4.503669
10 -41.800318 9.428556
10 -40.058117 4.867668
10 -40.886600 7.036543
10 -40.341873 5.610508
7 -40.892329 7.051540
10 -39.189603 2.593996
10 -41.141433 7.703669
7 -42.010277 9.978203
10 -39.769677 4.112564
10 -40.876599 7.010363
10 -40.699878 6.547727
10 -40.542816 6.136556
10 -40.645168 6.404501
10 -41.796492 9.418539
11 -39.683864 3.887914
11 -40.857476 6.960300
11 -39.348892 3.010997
11 -40.613301 6.321078
11 -38.229131 0.079586
11 -40.792085 6.789114
11 -41.022925 7.393428
12 -39.319758 2.934727
12 -40.767427 6.724563
7 -40.651873 6.422053
12 -38.348937 0.393225
12 -41.093138 7.577236
12 -41.666578 9.078437
12 -40.733926 6.636860
10 -41.687184 9.132384
12 -39.015887 2.139225
11 -39.228939 2.696971
9 -38.974284 2.030315
10 -40.796615 6.800971
10 -40.253683 5.379636
9 -39.984089 4.673871
12 -41.137094 7.692308
9 -40.441039 5.870114
11 -40.737276 6.645630
9 -40.094648 4.963301
13 -39.038074 2.197309
10 -39.481235 3.357456
10 -40.914724 7.110169
13 -40.353947 5.642117
9 -41.022382 7.392005
9 -41.820669 9.481831
11 -41.430634 8.460764
9 -39.432955 3.231063
10 -40.784954 6.770445
14 -38.574383 0.983417
12 -40.633587 6.374185
10 -39.102821 2.366808
11 -38.491350 0.766047
10 -39.438260 3.244952
12 -40.636467 6.381723
11 -41.128783 7.670551
9 -41.698942 9.163164
12 -38.382411 0.480856
9 -40.521925 6.081866
11 -39.100720 2.361308
12 -39.173187 2.551021
10 -39.376116 3.082266
12 -39.571598 3.594015
11 -40.583371 6.242723
7 -40.278236 5.443914
12 -40.261607 5.400381
11 -38.960162 1.993343
8 -40.931012 7.152809
9 -41.301304 8.122192
11 -40.900362 7.072572
12 -40.963615 7.238159
9 -40.305231 5.514585
8 -39.339990 2.987693
8 -41.488929 8.613374
9 -40.729118 6.624272
10 -39.602356 3.674538
10 -38.723156 1.372889
11 -38.917661 1.882082
11 -38.679405 1.258354
10 -40.114293 5.014730
10 -41.648165 9.030235
9 -38.625975 1.118480
11 -39.479262 3.352291
12 -40.979593 7.279989
11 -39.647308 3.792216
12 -40.681670 6.500059
10 -40.358013 5.652762
12 -40.642627 6.397848
11 -40.184055 5.197360
11 -38.877427 1.776753
10 -40.129956 5.055734
11 -39.203512 2.630407
8 -41.003595 7.342824
12 -38.285684 0.227637
12 -38.634571 1.140984
8 -38.959639 1.991976
9 -39.911318 4.483365
10 -40.527866 6.097417
9 -40.270097 5.422608
9 -39.261843 2.783112
15 -40.599458 6.284839
12 -39.682937 3.885490
10 -40.342972 5.613385
13 -39.323309 2.944023
10 -39.455023 3.288836
11 -39.145178 2.477694
11 -38.475208 0.723788
9 -40.369268 5.682225
11 -39.221180 2.676660
8 -40.989837 7.306806
8 -41.058186 7.485736
10 -40.537154 6.121733
17 -39.326318 2.951900
13 -39.277194 2.823299
13 -39.011509 2.127766
11 -39.239543 2.724733
10 -39.553512 3.546667
9 -40.553786 6.165273
9 -39.734217 4.019733
14 -38.501053 0.791448
11 -39.869133 4.372928
12 -39.266496 2.795291
9 -38.761490 1.473243
10 -40.955164 7.216036
10 -40.157599 5.128100
12 -40.560039 6.181644
9 -39.969625 4.636005
7 -40.539215 6.127127
10 -41.902059 9.694902
10 -41.519206 8.692635
10 -40.016305 4.758209
11 -40.871571 6.997199
12 -38.771526 1.499516
8 -41.896479 9.680293
11 -40.466891 5.937791
11 -39.699028 3.927613
10 -40.372946 5.691854
9 -41.002156 7.339056
9 -41.296132 8.108652
9 -40.168975 5.157881
10 -41.365214 8.289501
13 -40.210417 5.266372
11 -40.548751 6.152093
9 -41.559861 8.799067
10 -39.687023 3.896185
9 -38.398882 0.523977
10 -39.181009 2.571496
12 -39.656622 3.816599
11 -40.825881 6.877589
11 -39.580801 3.618107
11 -41.414027 8.417288
13 -40.665254 6.457084
9 -40.439204 5.865309
10 -39.756441 4.077913
10 -38.605676 1.065338
9 -41.585815 8.867009
12 -39.381894 3.097392
11 -41.048266 7.459766
10 -41.319557 8.169976
10 -41.677978 9.108283
9 -38.254758 0.146675
11 -39.327239 2.954312
10 -40.879999 7.019264
10 -39.286957 2.848857
11 -40.570843 6.209927
10 -38.672268 1.239670
10 -38.954283 1.977954
12 -39.095002 2.346341
14 -38.615358 1.090685
10 -41.800807 9.429836
10 -38.972996 2.026941
14 -39.112395 2.391873
13 -40.579301 6.232070
11 -38.772812 1.502884
12 -38.974365 2.030525
12 -39.797360 4.185035
12 -41.009317 7.357803
11 -39.982017 4.668447
12 -38.479364 0.734668
13 -38.764360 1.480755
13 -39.536455 3.502014
14 -38.786291 1.538169
14 -39.405538 3.159288
