8 8.197059 3.546581
9 7.773581 8.529575
9 7.869449 7.401517
9 8.093269 4.767864
11 8.462579 0.422259
11 7.945723 6.504008
11 8.093256 4.768019
11 8.172732 3.832842
11 7.817556 8.012129
11 8.290094 2.451862
11 7.947251 6.486036
11 7.823057 7.947401
11 7.944141 6.522623
11 7.832964 7.830825
11 8.399379 1.165922
11 8.270507 2.682338
11 7.964369 6.284603
11 8.101928 4.665973
12 8.124310 4.402611
12 8.128680 4.351189
12 7.729871 9.043907
12 7.923434 6.766285
12 7.932914 6.654735
12 7.957970 6.359909
12 7.655841 9.915009
12 7.651327 9.968122
12 8.229570 3.164033
12 8.152953 4.065569
12 8.091164 4.792633
12 7.979542 6.106069
7 7.857410 7.543180
9 7.924057 6.758958
13 7.905651 6.975533
13 8.059384 5.166587
13 7.817913 8.007936
15 7.679710 9.634140
15 8.105483 4.624143
15 7.714941 9.219587
12 8.332453 1.953424
12 8.322120 2.075015
16 7.682714 9.598791
16 8.000190 5.863112
16 7.865970 7.442452
11 8.020989 5.618374
16 7.660520 9.859949
16 7.851656 7.610885
11 7.850012 7.630232
16 7.794295 8.285838
16 8.005305 5.802922
16 7.685310 9.568247
16 7.814929 8.043039
16 8.109921 4.571925
12 7.888467 7.177738
12 7.881441 7.260407
11 7.773726 8.527873
12 8.235157 3.098292
17 8.100908 4.677979
11 8.190255 3.626644
7 7.851472 7.613045
11 7.860928 7.501781
16 7.861173 7.498898
13 8.290482 2.447291
13 7.836310 7.791457
12 7.943045 6.535521
11 7.864327 7.461780
13 8.063161 5.122146
12 7.654232 9.933934
13 7.933375 6.649305
14 8.134465 4.283115
13 8.290188 2.450756
9 7.918154 6.828410
13 7.791470 8.319086
9 8.238321 3.061067
13 8.300290 2.331878
13 7.979058 6.111762
13 8.301016 2.323344
13 7.977708 6.127654
9 7.938322 6.591102
15 7.862543 7.482775
11 8.175143 3.804461
13 8.311353 2.201712
7 7.792024 8.312568
9 7.807579 8.129529
16 7.913489 6.883307
16 8.163064 3.946597
15 8.239623 3.045743
15 8.094251 4.756315
11 8.339394 1.871754
11 7.698178 9.416828
13 7.856363 7.555500
12 7.696918 9.431661
11 7.710581 9.270889
16 7.762794 8.656506
12 7.687664 9.540546
15 8.075148 4.981091
12 8.356509 1.670362
12 8.057103 5.193420
11 8.050663 5.269196
13 7.976260 6.144688
12 7.758736 8.704257
13 8.049377 5.284337
11 7.783611 8.411562
12 7.765980 8.619022
9 8.384807 1.337387
11 8.125029 4.394154
8 8.012947 5.712998
15 8.122920 4.418969
13 7.921307 6.791311
11 8.179321 3.755301
13 7.872542 7.365123
16 7.961702 6.315986
12 8.282171 2.545089
13 7.981707 6.080590
13 8.211401 3.377827
13 7.975772 6.150431
9 8.150389 4.095740
16 8.018304 5.649967
13 8.352203 1.721027
16 8.093268 4.767871
16 7.841466 7.730785
12 7.744175 8.875591
13 7.673206 9.710673
11 8.234861 3.101780
13 7.849469 7.636619
13 7.754469 8.754467
13 7.851183 7.616451
15 8.065478 5.094877
15 7.973559 6.176469
15 7.938874 6.584606
11 7.906027 6.971104
11 8.222043 3.252599
13 8.035738 5.444819
11 8.216036 3.323290
15 8.207984 3.418029
12 7.883356 7.237870
12 7.867474 7.424760
11 7.798798 8.232853
11 8.235188 3.097922
15 8.216117 3.322327
14 7.668612 9.764729
12 8.317331 2.131364
12 8.274443 2.636023
11 8.259819 2.808092
15 7.766860 8.608659
15 7.982252 6.074186
15 7.984548 6.047161
11 7.978950 6.113035
7 8.325990 2.029476
9 7.684258 9.580628
13 8.054044 5.229422
15 8.165377 3.919385
9 7.933175 6.651667
12 8.269036 2.699646
13 7.781323 8.438484
13 7.767713 8.598626
12 8.182379 3.719322
15 7.651136 9.970371
11 7.785204 8.392812
12 8.287342 2.484241
9 8.394823 1.219524
12 8.281971 2.547442
9 7.933624 6.646377
12 8.329129 1.992544
15 7.693152 9.475969
17 7.969373 6.225728
12 8.221063 3.264134
15 8.113144 4.534001
9 8.035600 5.446451
13 8.338451 1.882846
13 7.754687 8.751900
11 8.396367 1.201356
13 8.353926 1.700758
13 8.152803 4.067339
13 8.034358 5.461058
16 7.712822 9.244521
9 8.231508 3.141226
13 7.682133 9.605631
13 8.343149 1.827566
11 8.019745 5.633005
12 7.734694 8.987161
15 7.835740 7.798167
13 8.227131 3.192735
13 7.782220 8.427927
12 7.857683 7.539962
11 8.030362 5.508083
11 7.984090 6.052553
13 8.040589 5.387743
11 7.880912 7.266638
11 8.142128 4.192952
13 8.016232 5.674341
12 7.658382 9.885102
12 8.071429 5.024848
16 8.088133 4.828297
13 8.088938 4.818826
13 8.048809 5.291014
15 7.752849 8.773529
15 8.089701 4.809850
64 7.957870 6.361078
17 8.039648 5.398816
38 7.849737 7.633460
