8 8.359974 1.629593
8 8.346424 1.789030
8 8.161699 3.962659
9 7.944976 6.512808
9 7.998674 5.880944
9 8.222210 3.250642
9 7.693478 9.472136
9 7.983199 6.063036
9 7.937201 6.604284
11 7.995824 5.914483
10 8.307213 2.250424
10 7.883653 7.234382
10 7.679792 9.633174
10 7.897825 7.067619
10 8.117227 4.485952
10 8.122599 4.422737
11 8.034523 5.459121
11 7.782648 8.422886
11 7.822915 7.949076
11 7.928682 6.704530
11 8.238424 3.059852
11 8.112321 4.543683
11 7.920520 6.800578
11 7.701768 9.374589
12 7.863988 7.465778
12 7.794180 8.287194
12 8.313206 2.179906
12 7.807949 8.125173
12 7.767316 8.603302
12 8.072275 5.014895
12 7.792702 8.304586
12 7.699780 9.397983
9 8.005917 5.795724
12 8.030212 5.509845
12 7.861350 7.496821
13 7.960035 6.335603
13 8.151001 4.088537
13 7.830497 7.859858
11 8.307799 2.243525
7 8.010074 5.746810
13 7.707550 9.306552
13 8.070720 5.033190
13 8.237683 3.068573
11 7.761008 8.677525
14 8.115239 4.509351
14 7.988658 5.998809
14 7.855258 7.568496
14 8.005408 5.801714
10 7.734857 8.985235
14 7.920563 6.800061
11 8.170379 3.860520
11 8.105764 4.620843
9 7.656917 9.902349
9 7.808399 8.119886
10 8.052691 5.245338
11 7.924744 6.750871
11 8.336211 1.909206
7 8.210705 3.386011
10 8.171968 3.841827
7 7.681460 9.613554
9 8.029526 5.517922
10 8.164769 3.926536
15 7.695729 9.445646
11 8.180556 3.740773
12 7.849667 7.634289
12 7.844808 7.691458
13 7.952526 6.423965
13 8.083826 4.878980
10 8.352482 1.717751
10 7.855558 7.564964
16 7.703135 9.358511
13 8.075762 4.973867
15 7.703190 9.357859
11 7.849836 7.632294
11 7.843413 7.707872
7 8.147371 4.131257
12 7.898407 7.060773
12 8.169091 3.875677
11 8.212082 3.369807
12 8.155128 4.039981
10 8.458111 0.474832
12 7.998213 5.886366
10 8.360098 1.628135
11 8.251932 2.900900
11 7.734078 8.994403
12 7.811230 8.086575
14 7.828322 7.885455
10 7.984301 6.050071
8 7.779419 8.460881
12 8.119792 4.455771
10 7.665725 9.798704
11 7.927953 6.713113
11 8.227881 3.183902
12 7.823096 7.946940
11 8.021416 5.613344
15 7.799975 8.219004
11 7.729519 9.048054
12 8.191315 3.614173
10 7.744942 8.866571
13 8.201996 3.488487
13 8.042537 5.364815
12 7.750184 8.804883
14 7.756939 8.725407
9 8.158746 3.997406
13 7.710322 9.273936
11 8.108827 4.584795
10 7.975259 6.156467
13 8.123828 4.408286
10 7.665589 9.800303
11 7.669308 9.756536
12 8.259938 2.806697
10 7.795718 8.269094
9 8.134573 4.281848
11 7.787368 8.367351
13 8.043530 5.353137
10 8.060581 5.152498
11 8.078925 4.936646
9 7.919806 6.808974
9 7.978717 6.115778
15 7.730726 9.033851
13 7.808020 8.124342
13 8.030210 5.509869
7 7.680665 9.622906
11 8.054123 5.228485
9 7.813666 8.057910
11 8.102828 4.655381
15 7.824090 7.935246
10 8.165997 3.912080
9 7.888524 7.177062
11 7.789136 8.346550
9 8.027798 5.538245
11 8.397239 1.191098
14 7.835024 7.806589
13 8.263667 2.762825
11 8.072494 5.012323
15 8.099060 4.699717
11 7.875723 7.327688
10 8.141942 4.195142
10 8.016102 5.675870
11 8.142819 4.184818
12 7.903569 7.000035
10 8.079431 4.930690
13 7.815270 8.039027
11 7.780553 8.447543
11 7.702120 9.370446
11 7.936429 6.613378
12 8.073090 5.005304
11 8.113302 4.532135
12 7.788425 8.354918
13 8.160698 3.974441
11 7.785552 8.388714
9 7.737465 8.954546
11 7.947904 6.478351
12 8.133573 4.293608
11 8.039533 5.400166
14 7.749720 8.810352
12 7.800951 8.207521
11 8.045861 5.325702
13 7.878767 7.291871
10 7.820102 7.982169
12 8.275998 2.617725
13 7.706473 9.319232
9 7.730772 9.033303
11 7.855238 7.568738
11 7.928441 6.707368
11 8.037964 5.418626
13 7.666525 9.789283
13 7.981075 6.088032
14 7.948933 6.466236
11 7.730762 9.033424
9 8.266726 2.726819
13 8.015183 5.686686
11 8.027695 5.539460
11 8.161399 3.966193
17 7.743164 8.887489
9 8.464706 0.397232
11 7.892707 7.127847
11 7.682990 9.595545
13 7.746292 8.850679
13 7.790533 8.330113
12 7.865625 7.446516
failed to find solution after reaching max emtpy limit -- 23 iterations and 8 function evals
11 8.291999 2.429444
10 8.272702 2.656505
11 7.902742 7.009762
11 7.691577 9.494503
13 7.953222 6.415775
12 7.784909 8.396280
12 8.139648 4.222130
11 8.073049 5.005789
failed to find solution after reaching max emtpy limit -- 16 iterations and 10 function evals
13 8.230216 3.156434
16 7.876482 7.318762
12 7.955128 6.393351
12 8.071887 5.019464
14 7.965256 6.274167
13 7.930771 6.679947
14 7.865355 7.449684
15 7.961454 6.318913
18 7.657164 9.899439
