12 -1.028642 2.864235
12 -1.081751 8.175082
13 -1.007325 0.732541
14 -1.078531 7.853118
14 -1.001766 0.176563
14 -1.080215 8.021469
16 -1.062300 6.229960
16 -1.016082 1.608179
16 -1.094986 9.498582
16 -1.023602 2.360154
16 -1.036525 3.652531
17 -1.030709 3.070879
17 -1.039692 3.969211
17 -1.090021 9.002141
17 -1.084626 8.462558
17 -1.028729 2.872896
18 -1.024426 2.442580
18 -1.024570 2.456963
18 -1.046918 4.691833
18 -1.034127 3.412683
18 -1.087417 8.741695
18 -1.019369 1.936892
18 -1.069158 6.915773
12 -1.090575 9.057489
19 -1.091999 9.199922
16 -1.077737 7.773655
19 -1.086238 8.623818
19 -1.034634 3.463392
19 -1.033649 3.364850
19 -1.076187 7.618657
20 -1.077433 7.743293
20 -1.064719 6.471858
20 -1.004618 0.461837
20 -1.087449 8.744921
20 -1.025294 2.529397
20 -1.038130 3.812989
22 -1.054246 5.424596
22 -1.060953 6.095255
18 -1.056112 5.611246
22 -1.074057 7.405735
14 -1.089388 8.938792
22 -1.064178 6.417800
16 -1.081029 8.102888
23 -1.095489 9.548861
23 -1.027910 2.790960
24 -1.079602 7.960195
17 -1.036403 3.640268
24 -1.018877 1.887734
25 -1.056313 5.631291
25 -1.053437 5.343694
19 -1.084194 8.419358
25 -1.030438 3.043784
16 -1.095988 9.598819
16 -1.032791 3.279143
16 -1.097356 9.735647
13 -1.065167 6.516664
18 -1.059028 5.902816
28 -1.057108 5.710823
17 -1.093724 9.372375
18 -1.035254 3.525394
28 -1.057318 5.731788
18 -1.088005 8.800520
17 -1.067078 6.707805
22 -1.053535 5.353506
18 -1.063780 6.378045
18 -1.040058 4.005783
18 -1.053301 5.330147
22 -1.070943 7.094279
18 -1.042938 4.293821
30 -1.085765 8.576487
22 -1.028887 2.888652
17 -1.082761 8.276093
17 -1.019963 1.996308
22 -1.073428 7.342817
25 -1.042176 4.217579
22 -1.051301 5.130106
13 -1.091573 9.157294
20 -1.077690 7.769018
19 -1.032960 3.296019
25 -1.084100 8.410017
18 -1.034038 3.403831
13 -1.057080 5.708023
17 -1.016052 1.605211
20 -1.095598 9.559806
22 -1.064412 6.441154
14 -1.097265 9.726507
19 -1.079237 7.923661
23 -1.066849 6.684949
22 -1.041144 4.114363
18 -1.098302 9.830203
26 -1.035999 3.599935
13 -1.004401 0.440053
23 -1.007516 0.751625
14 -1.053564 5.356426
17 -1.095785 9.578521
17 -1.008216 0.821636
26 -1.019357 1.935723
26 -1.059881 5.988058
25 -1.033078 3.307804
20 -1.063343 6.334264
18 -1.040708 4.070848
19 -1.060274 6.027361
22 -1.084287 8.428672
17 -1.016484 1.648415
24 -1.042935 4.293538
20 -1.051594 5.159412
23 -1.070248 7.024777
24 -1.056913 5.691338
17 -1.047447 4.744673
20 -1.005515 0.551509
22 -1.045484 4.548372
19 -1.035669 3.566927
28 -1.089375 8.937450
18 -1.018430 1.843049
24 -1.045479 4.547933
19 -1.077640 7.764034
19 -1.033285 3.328480
18 -1.075835 7.583525
16 -1.070419 7.041870
23 -1.086275 8.627479
34 -1.044384 4.438401
19 -1.069950 6.995045
22 -1.051842 5.184234
23 -1.098202 9.820182
14 -1.065077 6.507708
16 -1.085586 8.558610
23 -1.056014 5.601411
23 -1.030878 3.087771
17 -1.021983 2.198346
14 -1.069654 6.965354
17 -1.062202 6.220239
13 -1.045039 4.503854
18 -1.082140 8.213992
16 -1.033607 3.360736
19 -1.051075 5.107453
20 -1.015463 1.546322
24 -1.033556 3.355555
29 -1.054665 5.466494
20 -1.035010 3.500966
23 -1.044043 4.404269
18 -1.047376 4.737622
16 -1.030759 3.075878
29 -1.048370 4.836982
23 -1.000885 0.088545
18 -1.013908 1.390818
18 -1.026004 2.600413
20 -1.027830 2.782997
22 -1.063124 6.312393
18 -1.005909 0.590881
28 -1.070816 7.081557
22 -1.043877 4.387673
22 -1.013380 1.338017
20 -1.012621 1.262112
22 -1.008385 0.838538
16 -1.092875 9.287519
22 -1.030830 3.082961
18 -1.030458 3.045806
16 -1.057623 5.762287
20 -1.032917 3.291713
18 -1.005590 0.559045
18 -1.029489 2.948915
22 -1.018470 1.846984
16 -1.067109 6.710855
13 -1.068191 6.819091
18 -1.040144 4.014372
18 -1.056468 5.646797
24 -1.066354 6.635424
22 -1.009268 0.926787
25 -1.078119 7.811864
28 -1.067538 6.753824
28 -1.080213 8.021289
17 -1.066418 6.641804
24 -1.071749 7.174907
17 -1.020503 2.050334
20 -1.097650 9.764967
17 -1.044843 4.484341
19 -1.016376 1.637638
17 -1.069590 6.958992
17 -1.045954 4.595381
23 -1.006309 0.630868
24 -1.002518 0.251835
31 -1.071072 7.107200
19 -1.030344 3.034444
18 -1.086862 8.686241
22 -1.052038 5.203782
24 -1.018030 1.803049
19 -1.022396 2.239607
26 -1.076454 7.645406
23 -1.007630 0.762962
19 -1.063063 6.306272
19 -1.095492 9.549229
31 -1.037032 3.703232
25 -1.019906 1.990588
23 -1.034837 3.483734
24 -1.086952 8.695207
26 -1.019492 1.949241
25 -1.054266 5.426640
34 -1.048909 4.890890
25 -1.010792 1.079183
24 -1.076341 7.634112
