11 3212.079183 2.664267
11 3067.861534 7.034499
11 3000.459230 9.076993
11 3232.017399 2.060079
13 3023.322983 8.384152
13 3251.742463 1.462350
13 3271.233164 0.871722
13 3197.505568 3.105892
12 3146.076160 4.664359
11 3000.824730 9.065917
13 3015.156533 8.631620
13 3155.657116 4.374027
13 3156.261216 4.355721
14 2998.136890 9.147367
14 3177.719709 3.705463
12 3183.744576 3.522892
14 2979.633427 9.708078
14 3299.075639 0.028011
14 3293.690122 0.191208
15 3016.201880 8.599943
15 3136.224043 4.962908
14 3295.290682 0.142707
15 3066.330545 7.080893
14 2993.290398 9.294230
15 3109.389684 5.776070
15 2996.491414 9.197230
15 3256.795526 1.309226
15 3082.731141 6.583905
15 3101.931791 6.002067
15 3232.918568 2.032771
15 3073.549504 6.862136
15 3132.955207 5.061963
13 2975.079387 9.846079
14 3291.191663 0.266919
15 3044.804854 7.733186
15 3087.006583 6.454346
13 3267.677360 0.979474
16 3196.520615 3.135739
17 3232.688814 2.039733
17 3171.956470 3.880107
17 3140.957411 4.819472
12 3166.678968 4.040031
14 3218.260024 2.476969
16 3135.191886 4.994185
17 3274.005461 0.787713
15 3013.503416 8.681715
17 2988.527735 9.438553
17 3071.042192 6.938115
18 3269.811637 0.914799
13 3249.477878 1.530973
15 3108.364648 5.807132
14 3289.779522 0.309711
15 3029.577853 8.194611
14 3279.816192 0.611631
13 3046.658499 7.677015
13 3228.769726 2.158493
14 3274.717080 0.766149
15 3180.885872 3.609519
13 3032.807842 8.096732
19 3060.960373 7.243625
18 3285.274343 0.446232
15 3240.367080 1.807058
13 3032.464746 8.107129
15 3018.760049 8.522423
15 3049.497028 7.590999
15 3059.012084 7.302664
13 3060.011632 7.272375
13 3033.428160 8.077935
13 3299.964157 0.001086
15 3231.722907 2.069003
15 3198.901743 3.063584
15 2970.067880 9.997943
13 3233.627094 2.011300
14 3205.472149 2.864480
15 2986.143404 9.510806
14 3242.263177 1.749601
15 3193.637861 3.223095
14 3146.210693 4.660282
15 3134.813884 5.005640
19 3155.093607 4.391103
15 3282.280287 0.536961
14 3266.812788 1.005673
15 3021.998471 8.424289
16 3178.853459 3.671107
11 2986.120779 9.511492
17 3295.015530 0.151045
15 3075.567808 6.800976
17 3141.812701 4.793555
11 3059.108438 7.299744
13 3133.374355 5.049262
13 3218.623236 2.465963
13 2980.222747 9.690220
24 3284.520208 0.469085
16 3219.738519 2.432166
15 3297.599062 0.072756
19 3202.037484 2.968561
15 3019.647227 8.495539
18 2970.529441 9.983956
13 3126.470208 5.258479
13 3148.453399 4.592321
13 3181.303189 3.596873
19 3295.250569 0.143922
13 3188.316624 3.384345
17 3026.862216 8.276903
11 3074.431581 6.835407
14 2987.958017 9.455818
14 3295.717139 0.129784
15 3128.891949 5.185092
13 3068.291835 7.021460
14 3017.281192 8.567237
14 3022.286491 8.415561
14 3266.050209 1.028782
13 3257.257640 1.295223
13 3084.670196 6.525146
14 3249.752915 1.522639
15 3193.354360 3.231686
18 3255.019215 1.363054
15 3130.435830 5.138308
14 3176.966376 3.728292
12 3237.625326 1.890142
17 3061.656798 7.222521
17 3261.474546 1.167438
13 3105.004242 5.908962
16 3092.615990 6.284364
17 3206.499696 2.833343
13 3033.309720 8.081524
14 3263.450415 1.107563
12 3077.547798 6.740976
17 3180.564632 3.619254
15 3148.250759 4.598462
17 3294.077060 0.179483
14 3199.299939 3.051517
13 2993.212046 9.296605
13 3111.424898 5.714397
15 3297.549804 0.074248
15 3249.351340 1.534808
15 3285.069541 0.452438
14 3220.485075 2.409543
15 3066.165572 7.085892
17 3060.843934 7.247154
13 3145.355225 4.686205
11 3165.035701 4.089827
13 3134.927582 5.002194
12 3267.177899 0.994609
13 3260.276842 1.203732
15 3118.013998 5.514727
16 3001.287029 9.051908
13 3267.226040 0.993150
13 3015.888555 8.609438
13 2988.297989 9.445515
13 3257.922335 1.275081
12 3096.236785 6.174643
15 3260.149956 1.207577
13 3103.175307 5.964385
20 3294.755082 0.158937
16 3246.780690 1.612706
16 3291.278484 0.264288
19 3291.858085 0.246725
15 3205.429437 2.865775
11 3009.537219 8.801902
13 3079.011147 6.696632
15 3032.978034 8.091575
13 3211.801179 2.672692
13 3046.613104 7.678391
15 3292.019777 0.241825
14 3298.326692 0.050706
15 2984.865095 9.549543
21 3297.589760 0.073038
13 3119.877632 5.458254
13 3101.439451 6.016986
15 3226.764790 2.219249
15 2993.110933 9.299669
13 3093.455523 6.258924
14 3205.631626 2.859648
13 3219.030022 2.453636
18 3279.675577 0.615892
16 3297.735892 0.068609
17 3278.260066 0.658786
15 3260.702143 1.190844
13 3055.333506 7.414136
13 3107.759261 5.825477
18 3225.768112 2.249451
16 3105.146486 5.904652
15 3052.014542 7.514711
17 3286.704564 0.402892
14 3270.554007 0.892303
14 3235.508900 1.954276
15 3209.177059 2.752210
15 3121.787626 5.400375
17 3260.152040 1.207514
22 3296.477356 0.106747
16 3175.801128 3.763602
16 3228.035745 2.180735
16 3059.955914 7.274063
19 3282.429085 0.532452
23 3289.232767 0.326280
23 3046.508662 7.681556
34 3256.881792 1.306612
52 3003.724397 8.978049
201 3244.276669 1.688586
