30 -6.522762 8.712698
31 -6.519697 8.661614
32 -6.548100 9.135006
35 -6.496270 8.271175
35 -6.375999 6.266649
36 -6.584064 9.734398
37 -6.401453 6.690882
37 -6.473821 7.897011
38 -6.423268 7.054462
38 -6.588622 9.810369
40 -6.374441 6.240688
41 -6.417692 6.961539
41 -6.548385 9.139752
41 -6.559554 9.325896
42 -6.293727 4.895458
42 -6.504917 8.415291
42 -6.324894 5.414901
43 -6.383036 6.383930
43 -6.595964 9.932739
43 -6.382749 6.379149
43 -6.418133 6.968882
43 -6.338956 5.649270
43 -6.265790 4.429827
44 -6.371762 6.196038
44 -6.474412 7.906870
44 -6.577749 9.629145
46 -6.429482 7.158033
46 -6.525777 8.762953
46 -6.500519 8.341981
47 -6.565671 9.427851
47 -6.392549 6.542480
48 -6.590102 9.835039
48 -6.487407 8.123443
48 -6.257566 4.292765
48 -6.551015 9.183578
48 -6.349463 5.824378
50 -6.329745 5.495745
50 -6.455061 7.584353
50 -6.303992 5.066541
52 -6.270098 4.501636
53 -6.249081 4.151356
53 -6.195025 3.250421
54 -6.424716 7.078600
55 -6.287598 4.793303
55 -6.201062 3.351029
55 -6.233286 3.888100
56 -6.238814 3.980229
58 -6.249585 4.159753
42 -6.511761 8.529344
47 -6.299900 4.998341
42 -6.518914 8.648572
44 -6.544894 9.081559
31 -6.529124 8.818727
48 -6.266787 4.446448
44 -6.487317 8.121953
41 -6.405898 6.764965
43 -6.549792 9.163196
37 -6.546213 9.103551
49 -6.445728 7.428802
40 -6.532497 8.874956
41 -6.304727 5.078789
44 -6.486572 8.109527
43 -6.472235 7.870577
32 -6.374862 6.247706
58 -6.314876 5.247934
47 -6.405451 6.757518
46 -6.245015 4.083579
48 -6.407739 6.795645
47 -6.317260 5.287674
52 -6.594969 9.916143
38 -6.440180 7.336335
48 -6.294841 4.914023
47 -6.527908 8.798463
47 -6.491316 8.188592
48 -6.507068 8.451128
44 -6.420517 7.008611
43 -6.456671 7.611188
47 -6.511936 8.532268
40 -6.546019 9.100313
55 -6.433539 7.225656
54 -6.179912 2.998541
52 -6.323862 5.397705
50 -6.220579 3.676320
41 -6.280339 4.672314
48 -6.172633 2.877216
50 -6.271822 4.530373
43 -6.412415 6.873585
50 -6.442825 7.380410
52 -6.257771 4.296185
55 -6.311236 5.187262
49 -6.310179 5.169658
48 -6.263377 4.389622
52 -6.367714 6.128568
47 -6.397443 6.624048
49 -6.228273 3.804555
35 -6.547544 9.125730
38 -6.396639 6.610642
58 -6.409448 6.824128
38 -6.414388 6.906471
49 -6.436354 7.272564
47 -6.376040 6.267340
36 -6.587220 9.787002
42 -6.333783 5.563058
38 -6.362848 6.047474
46 -6.365599 6.093322
43 -6.295235 4.920591
38 -6.358372 5.972866
47 -6.565647 9.427449
46 -6.433821 7.230344
52 -6.201223 3.353718
46 -6.270333 4.505554
34 -6.530471 8.841181
42 -6.456530 7.608833
42 -6.289730 4.828835
46 -6.426038 7.100633
47 -6.523720 8.728667
46 -6.402880 6.714674
42 -6.296945 4.949087
48 -6.438923 7.315390
49 -6.246956 4.115929
44 -6.154942 2.582362
48 -6.285383 4.756387
44 -6.260397 4.339957
43 -6.561992 9.366527
40 -6.306455 5.107589
47 -6.470549 7.842476
46 -6.456738 7.612298
49 -6.500997 8.349945
53 -6.364813 6.080213
52 -6.279848 4.664135
43 -6.379459 6.324316
50 -6.354432 5.907206
49 -6.390802 6.513372
52 -6.590163 9.836058
43 -6.552238 9.203960
47 -6.308658 5.144293
50 -6.324146 5.402433
41 -6.391489 6.524818
56 -6.243692 4.061537
50 -6.511949 8.532486
42 -6.413937 6.898953
53 -6.350953 5.849217
49 -6.303827 5.063777
49 -6.257205 4.286755
35 -6.380394 6.339896
34 -6.440727 7.345458
40 -6.533816 8.896938
61 -6.295870 4.931172
44 -6.394439 6.573980
41 -6.358930 5.982175
46 -6.414926 6.915430
37 -6.437155 7.285913
43 -6.510934 8.515563
37 -6.499728 8.328795
35 -6.205146 3.419101
40 -6.599409 9.990143
48 -6.485212 8.086871
38 -6.553787 9.229777
49 -6.308675 5.144588
41 -6.322465 5.374419
44 -6.544571 9.076187
41 -6.532464 8.874393
42 -6.564108 9.401800
38 -6.371080 6.184661
42 -6.469696 7.828259
56 -6.471869 7.864485
43 -6.246168 4.102800
44 -6.517771 8.629520
46 -6.342141 5.702348
49 -6.236827 3.947108
47 -6.362792 6.046530
34 -6.584801 9.746679
37 -6.503399 8.389984
53 -6.321691 5.361522
49 -6.376781 6.279681
42 -6.449315 7.488586
52 -6.499483 8.324712
50 -6.315202 5.253370
55 -6.231330 3.855501
46 -6.410227 6.837110
46 -6.519056 8.650932
44 -6.278388 4.639794
36 -6.530196 8.836596
38 -6.366094 6.101570
49 -6.272408 4.540126
41 -6.462466 7.707758
54 -6.249963 4.166054
52 -6.224978 3.749639
49 -6.215610 3.593496
48 -6.267494 4.458229
46 -6.506053 8.434225
48 -6.537911 8.965175
44 -6.368814 6.146895
41 -6.335800 5.596659
50 -6.594292 9.904864
53 -6.292710 4.878497
44 -6.438544 7.309063
46 -6.303430 5.057160
47 -6.210924 3.515399
54 -6.262041 4.367351
