99 -7646.694576 8.474048
117 -7510.134417 6.536840
119 -7551.085376 7.117760
120 -7553.218898 7.148026
118 -7505.105343 6.465499
119 -7557.163698 7.203985
119 -7667.361901 8.767229
136 -7466.206892 5.913696
135 -7649.508944 8.513971
144 -7732.552003 9.691999
148 -7697.058983 9.188504
156 -7575.498908 7.464084
159 -7559.908191 7.242918
165 -7654.913178 8.590635
162 -7731.313726 9.674433
170 -7751.935971 9.966975
179 -7651.292741 8.539276
182 -7174.179419 1.771069
187 -7518.262482 6.652143
196 -7624.817317 8.163702
198 -7249.736484 2.842902
200 -7610.387483 7.959004
202 -7546.289184 7.049722
201 -7667.493500 8.769096
207 -7607.374939 7.916269
206 -7584.087461 7.585919
208 -7642.666084 8.416900
206 -7689.289169 9.078283
210 -7294.509294 3.478037
214 -7222.362733 2.454585
222 -7637.547234 8.344286
224 -7586.471678 7.619741
231 -7714.006010 9.428910
162 -7492.935884 6.292866
162 -7470.005336 5.967579
258 -7429.137253 5.387835
259 -7316.343764 3.787776
142 -7642.449601 8.413829
136 -7689.856853 9.086337
195 -7538.994821 6.946246
159 -7725.026493 9.585244
286 -7588.292999 7.645578
292 -7711.616753 9.395017
148 -7648.932933 8.505800
122 -7683.046894 8.989732
188 -7514.145656 6.593743
303 -7375.627116 4.628754
146 -7561.650192 7.267630
181 -7700.920781 9.243287
137 -7599.975475 7.811302
327 -7660.211466 8.665795
185 -7701.995617 9.258534
333 -7551.045982 7.117201
153 -7575.404659 7.462747
135 -7654.802124 8.589059
133 -7555.422314 7.179283
192 -7527.118441 6.777771
252 -7585.062350 7.599749
347 -7693.959089 9.144530
134 -7661.216910 8.680058
148 -7637.614989 8.345247
317 -7511.617235 6.557875
300 -7524.421952 6.739519
227 -7594.441794 7.732803
388 -7673.381592 8.852623
131 -7506.597208 6.486662
388 -7424.331387 5.319660
396 -7614.061965 8.011130
144 -7633.668840 8.289268
276 -7731.215697 9.673042
164 -7708.543745 9.351424
393 -7519.467321 6.669234
123 -7641.941181 8.406617
176 -7616.431274 8.044740
135 -7672.301494 8.837301
268 -7541.114236 6.976312
177 -7334.328482 4.042902
107 -7549.926439 7.101320
135 -7646.290811 8.468320
279 -7547.218661 7.062908
280 -7731.942869 9.683358
187 -7522.432300 6.711295
147 -7640.578269 8.387283
222 -7425.911295 5.342073
166 -7361.745028 4.431826
292 -7654.462884 8.584247
244 -7604.067559 7.869352
175 -7749.978920 9.939213
443 -7534.567888 6.883447
385 -7618.236060 8.070342
354 -7530.058733 6.819481
213 -7595.033505 7.741197
196 -7499.818707 6.390504
244 -7377.056603 4.649032
277 -7517.284283 6.638266
136 -7739.396955 9.789100
88 -7694.452998 9.151536
131 -7593.336930 7.717130
344 -7661.373546 8.682280
159 -7608.945294 7.938546
178 -7697.640100 9.196748
148 -7641.415500 8.399160
215 -7628.400111 8.214527
362 -7587.705862 7.637249
126 -7529.197027 6.807257
118 -7594.641352 7.735634
140 -7627.646157 8.203832
121 -7531.854809 6.844960
194 -7679.177971 8.934849
172 -7626.413557 8.186346
236 -7554.116396 7.160757
217 -7689.948044 9.087630
116 -7732.050241 9.684881
206 -7573.927863 7.441798
134 -7622.225119 8.126930
207 -7467.816246 5.936525
144 -7587.838615 7.639132
118 -7745.368897 9.873816
219 -7658.140143 8.636411
148 -7418.358318 5.234928
452 -7738.410710 9.775109
175 -7561.796971 7.269712
157 -7567.622012 7.352344
189 -7692.174973 9.119221
189 -7596.954968 7.768454
143 -7735.336236 9.731495
169 -7657.701367 8.630187
148 -7633.051507 8.280510
186 -7357.973832 4.378329
169 -7710.571148 9.380184
160 -7729.875257 9.654027
234 -7578.537319 7.507186
131 -7551.534307 7.124128
290 -7684.735979 9.013693
265 -7739.533833 9.791041
219 -7542.426905 6.994933
162 -7635.867348 8.320455
171 -7697.217128 9.190747
123 -7553.857068 7.157078
281 -7475.683744 6.048132
147 -7728.376464 9.632766
150 -7591.656447 7.693291
123 -7578.581996 7.507820
569 -7677.879466 8.916428
321 -7556.566017 7.195507
160 -7580.099248 7.529343
130 -7578.387612 7.505062
140 -7678.582452 8.926401
162 -7730.071200 9.656807
551 -7460.528683 5.833146
162 -7654.476502 8.584440
131 -7682.063715 8.975785
169 -7598.030482 7.783711
275 -7667.418610 8.768033
148 -7651.724661 8.545403
230 -7730.706074 9.665813
189 -7750.931139 9.952721
151 -7568.268711 7.361518
164 -7486.413161 6.200336
169 -7536.206458 6.906691
184 -7601.087171 7.827073
182 -7522.620425 6.713963
156 -7506.395148 6.483796
285 -7640.422884 8.385079
161 -7669.430047 8.796567
213 -7592.185000 7.700789
246 -7699.387423 9.221535
219 -7716.520033 9.464574
333 -7726.816996 9.610644
388 -7568.761684 7.368512
282 -7528.665699 6.799720
226 -7718.903289 9.498382
162 -7504.181817 6.452398
183 -7706.142963 9.317367
206 -7620.394867 8.100967
181 -7603.228915 7.857455
400 -7487.075892 6.209738
329 -7752.794887 9.979159
337 -7614.463356 8.016824
409 -7655.391394 8.597418
468 -7564.982616 7.314903
330 -7686.420195 9.037585
408 -7305.744836 3.637422
415 -7371.821411 4.574767
407 -7531.376203 6.838171
448 -7536.593551 6.912183
768 -7517.009935 6.634374
539 -7517.703422 6.644212
627 -7711.462320 9.392826
682 -7497.399251 6.356182
887 -7658.292669 8.638575
841 -7638.629719 8.359642
