9 -324.816900 5.976150
9 -322.590303 5.249691
10 -326.000650 6.362365
11 -311.271615 1.556808
12 -330.722177 7.902831
12 -322.281382 5.148901
13 -327.358272 6.805309
12 -323.803932 5.645655
14 -324.531804 5.883133
15 -320.315890 4.507631
15 -314.694484 2.673567
16 -328.448488 7.161007
16 -325.687934 6.260337
16 -319.655985 4.292328
17 -317.349884 3.539929
10 -309.902473 1.110105
17 -322.249680 5.138558
10 -320.848771 4.681491
14 -318.748850 3.996362
17 -316.698605 3.327440
17 -323.936533 5.688918
17 -326.593348 6.555742
14 -325.872023 6.320399
17 -323.145657 5.430883
17 -336.947971 9.934085
17 -323.564905 5.567669
7 -324.102621 5.743106
18 -320.683331 4.627514
18 -329.521866 7.511212
18 -321.444515 4.875861
18 -334.484099 9.130212
18 -314.963262 2.761260
18 -328.618720 7.216548
18 -324.162204 5.762546
18 -318.966015 4.067215
19 -325.319948 6.140277
19 -316.285672 3.192715
19 -328.968126 7.330547
19 -336.919364 9.924752
19 -324.209146 5.777862
19 -317.626237 3.630094
19 -329.702077 7.570009
16 -332.029422 8.329338
20 -317.194665 3.489287
15 -313.662444 2.336850
20 -318.430339 3.892443
20 -315.832666 3.044916
20 -319.860898 4.359184
21 -319.302423 4.176973
21 -310.091145 1.171662
23 -316.213609 3.169204
18 -327.672844 6.907943
24 -316.474388 3.254286
14 -318.267942 3.839459
14 -321.357186 4.847369
18 -324.966834 6.025068
17 -314.766227 2.696974
16 -323.606959 5.581390
11 -321.974177 5.048671
14 -320.590046 4.597079
16 -333.418930 8.782685
14 -335.828626 9.568883
13 -324.848814 5.986562
8 -327.110195 6.724370
9 -321.616102 4.931844
17 -309.650089 1.027762
14 -335.911028 9.595768
16 -336.113925 9.661966
16 -322.909812 5.353935
19 -326.526649 6.533980
15 -321.398549 4.860864
17 -331.859909 8.274032
18 -327.848633 6.965296
16 -325.821284 6.303845
18 -318.324860 3.858029
18 -326.989455 6.684977
19 -318.778879 4.006159
17 -334.105428 9.006665
18 -320.589446 4.596883
18 -335.116222 9.336451
18 -326.344838 6.474662
20 -315.738695 3.014256
21 -318.937356 4.057865
14 -322.199040 5.122036
19 -319.441926 4.222488
18 -319.507877 4.244006
20 -324.067175 5.731542
19 -315.710891 3.005185
21 -316.201858 3.165370
20 -334.165735 9.026341
20 -316.779324 3.353776
19 -314.811325 2.711688
14 -325.515453 6.204063
19 -316.351647 3.214241
20 -318.209068 3.820250
14 -320.740660 4.646219
7 -311.299179 1.565801
10 -334.606681 9.170206
19 -318.605622 3.949632
21 -322.075223 5.081639
18 -328.065456 7.036038
24 -316.743484 3.342083
21 -314.768179 2.697612
13 -335.563385 9.482344
18 -325.528666 6.208374
17 -329.226357 7.414798
17 -313.912489 2.418430
19 -331.943810 8.301406
12 -316.751197 3.344599
17 -334.871204 9.256510
16 -318.911594 4.049460
18 -325.235043 6.112575
14 -325.823704 6.304634
17 -322.551383 5.236993
19 -320.339882 4.515459
15 -328.272345 7.103538
16 -335.939163 9.604947
14 -320.584924 4.595408
17 -316.259343 3.184125
21 -318.375945 3.874697
18 -320.191624 4.467088
18 -324.338198 5.819967
20 -315.928445 3.076165
14 -335.896372 9.590986
22 -317.472593 3.579965
16 -321.598971 4.926255
16 -337.117640 9.989442
20 -335.148436 9.346961
21 -317.871805 3.710214
16 -327.934287 6.993242
17 -322.785008 5.313216
8 -330.161693 7.719965
17 -328.701435 7.243535
16 -328.898982 7.307988
19 -315.749641 3.017827
18 -327.803391 6.950535
17 -318.587867 3.943839
21 -320.465572 4.556467
12 -332.395894 8.448905
9 -329.233370 7.417086
9 -320.544852 4.582333
19 -319.222516 4.150903
13 -322.217535 5.128070
20 -315.112242 2.809867
19 -316.945814 3.408096
15 -322.005371 5.058849
23 -314.779062 2.701162
14 -321.710930 4.962783
17 -334.295201 9.068581
18 -316.077496 3.124795
21 -333.993027 8.969992
8 -326.514428 6.529993
17 -329.179370 7.399468
21 -317.439299 3.569103
12 -333.624669 8.849811
19 -316.524683 3.270696
16 -334.239920 9.050545
20 -324.096020 5.740953
17 -319.617165 4.279662
7 -321.370695 4.851777
17 -330.903464 7.961978
21 -314.414021 2.582062
24 -310.604483 1.339146
19 -320.976475 4.723157
15 -324.720827 5.944805
21 -314.995082 2.771642
16 -326.796592 6.622053
13 -319.970965 4.395094
20 -319.471934 4.232279
19 -331.616161 8.194506
18 -318.452805 3.899773
17 -336.160905 9.677294
16 -318.042920 3.766042
15 -330.140055 7.712905
20 -316.986310 3.421308
21 -314.329232 2.554399
13 -318.612100 3.951746
13 -323.798282 5.643811
20 -320.080089 4.430698
21 -316.409209 3.233021
17 -320.048587 4.420420
18 -323.556089 5.564793
19 -329.026383 7.349554
20 -318.282278 3.844137
17 -324.950740 6.019817
21 -318.113837 3.789180
19 -318.578359 3.940737
19 -323.840786 5.657679
21 -315.995052 3.097896
21 -322.354088 5.172622
19 -320.359456 4.521845
22 -318.398749 3.882137
20 -318.593224 3.945587
20 -316.352514 3.214523
24 -314.954052 2.758255
21 -316.241281 3.178232
226 -310.516829 1.310548
243 -310.628650 1.347031
307 -309.986117 1.137395
313 -309.492544 0.976360
