16 0.913254 8.674562
17 0.955194 4.480586
19 0.901975 9.802481
21 0.932986 6.701401
21 0.907972 9.202797
21 0.923067 7.693260
24 0.910469 8.953123
24 0.902334 9.766646
24 0.961596 3.840407
24 0.948029 5.197090
24 0.933617 6.638325
24 0.948620 5.138001
25 0.908469 9.153105
25 0.933970 6.602982
25 0.960474 3.952615
26 0.932486 6.751391
27 0.910528 8.947196
27 0.953459 4.654098
28 0.953164 4.683624
28 0.966051 3.394911
28 0.943026 5.697386
29 0.956421 4.357861
29 0.974332 2.566772
29 0.967122 3.287796
29 0.953867 4.613337
29 0.936854 6.314560
29 0.916954 8.304596
29 0.956506 4.349442
29 0.954358 4.564238
29 0.962268 3.773245
31 0.926537 7.346313
31 0.967540 3.245960
31 0.964504 3.549595
32 0.968122 3.187840
32 0.960661 3.933920
32 0.980205 1.979516
33 0.977558 2.244228
33 0.972861 2.713923
33 0.976087 2.391307
34 0.941457 5.854284
35 0.954331 4.566878
36 0.974555 2.544543
36 0.974407 2.559344
37 0.976062 2.393832
37 0.978420 2.157953
37 0.981395 1.860498
21 0.968190 3.180954
40 0.985216 1.478435
20 0.915427 8.457271
23 0.949051 5.094904
20 0.910905 8.909511
28 0.966865 3.313517
25 0.950565 4.943511
33 0.973005 2.699541
21 0.901384 9.861636
25 0.956489 4.351145
36 0.969723 3.027661
31 0.953869 4.613062
27 0.943660 5.633998
21 0.948896 5.110380
21 0.918310 8.168974
31 0.977272 2.272788
25 0.926393 7.360722
32 0.959962 4.003754
51 0.986856 1.314434
28 0.956552 4.344837
28 0.974484 2.551569
33 0.952208 4.779174
37 0.984678 1.532207
29 0.975565 2.443460
31 0.975226 2.477447
28 0.966673 3.332703
36 0.979721 2.027941
31 0.982059 1.794096
32 0.964113 3.588672
32 0.975240 2.476043
37 0.974318 2.568157
47 0.984424 1.557554
36 0.976242 2.375822
32 0.974105 2.589475
36 0.984875 1.512478
36 0.974032 2.596767
27 0.967248 3.275171
33 0.972396 2.760401
41 0.980413 1.958700
24 0.933142 6.685845
28 0.905427 9.457258
35 0.980683 1.931722
25 0.948410 5.158970
39 0.978113 2.188678
33 0.976148 2.385210
28 0.972552 2.744828
39 0.980194 1.980575
19 0.903301 9.669858
39 0.973102 2.689837
36 0.978621 2.137864
37 0.971086 2.891413
27 0.952140 4.785999
24 0.943626 5.637387
13 0.919206 8.079374
33 0.978853 2.114747
28 0.920168 7.983238
7 0.906994 9.300556
40 0.985818 1.418248
40 0.975655 2.434532
39 0.978707 2.129302
24 0.947250 5.274965
24 0.964436 3.556415
31 0.956639 4.336085
33 0.980815 1.918496
27 0.925411 7.458854
26 0.957959 4.204095
22 0.952438 4.756166
34 0.953132 4.686783
24 0.970663 2.933743
20 0.912791 8.720921
29 0.984559 1.544097
33 0.982130 1.787044
27 0.973548 2.645237
23 0.903498 9.650202
35 0.981563 1.843705
32 0.960867 3.913293
39 0.985186 1.481419
32 0.974013 2.598670
36 0.946034 5.396642
37 0.977310 2.269030
29 0.978000 2.199996
20 0.935243 6.475720
46 0.986301 1.369929
31 0.957806 4.219435
36 0.962587 3.741334
33 0.960284 3.971649
27 0.948836 5.116422
23 0.925702 7.429805
20 0.909261 9.073936
25 0.947043 5.295731
28 0.954182 4.581809
31 0.951298 4.870192
24 0.941004 5.899642
34 0.980105 1.989545
24 0.946613 5.338686
22 0.918179 8.182139
33 0.975960 2.403959
23 0.958981 4.101897
39 0.982615 1.738500
24 0.910277 8.972328
24 0.944068 5.593169
25 0.939697 6.030321
31 0.948774 5.122591
21 0.907718 9.228153
36 0.905600 9.440023
28 0.906682 9.331813
24 0.929962 7.003757
36 0.970363 2.963699
28 0.964519 3.548087
33 0.972996 2.700360
40 0.984812 1.518838
37 0.965535 3.446489
32 0.981173 1.882682
40 0.985916 1.408426
29 0.959310 4.068986
29 0.972109 2.789069
44 0.987624 1.237612
25 0.937798 6.220200
17 0.936888 6.311194
41 0.983415 1.658486
44 0.987413 1.258656
25 0.910735 8.926519
22 0.953409 4.659097
37 0.978167 2.183287
36 0.979708 2.029162
37 0.975790 2.420986
33 0.977797 2.220341
21 0.917259 8.274108
32 0.976229 2.377068
41 0.988543 1.145727
31 0.963793 3.620706
37 0.966929 3.307056
28 0.931421 6.857854
28 0.965396 3.460411
24 0.905141 9.485868
25 0.965663 3.433713
35 0.984657 1.534261
28 0.945982 5.401811
32 0.980450 1.954998
33 0.973099 2.690076
33 0.948776 5.122404
28 0.964848 3.515188
27 0.967283 3.271678
36 0.954976 4.502424
36 0.980893 1.910700
33 0.974443 2.555693
49 0.988379 1.162119
32 0.974814 2.518603
33 0.949231 5.076896
34 0.974387 2.561320
35 0.978403 2.159735
39 0.984788 1.521250
36 0.984923 1.507737
42 0.986881 1.311862
