32 -6.437473 7.291211
33 -6.504961 8.416016
33 -6.443542 7.392368
33 -6.495208 8.253467
35 -6.549792 9.163206
35 -6.472085 7.868088
35 -6.487145 8.119075
36 -6.588691 9.811511
37 -6.525923 8.765391
37 -6.470557 7.842611
37 -6.534936 8.915600
38 -6.234640 3.910669
39 -6.531054 8.850893
39 -6.516662 8.611033
39 -6.493705 8.228415
39 -6.593959 9.899312
39 -6.391852 6.530866
40 -6.517944 8.632402
40 -6.426397 7.106621
40 -6.373160 6.219332
41 -6.313346 5.222438
41 -6.384726 6.412094
42 -6.386175 6.436252
42 -6.309788 5.163141
42 -6.496591 8.276518
42 -6.362917 6.048610
43 -6.585855 9.764249
43 -6.363234 6.053894
43 -6.424688 7.078135
43 -6.453270 7.554506
44 -6.285941 4.765683
44 -6.375202 6.253359
44 -6.353875 5.897917
44 -6.304640 5.077339
44 -6.312892 5.214860
44 -6.410733 6.845552
44 -6.283922 4.732029
45 -6.525517 8.758609
45 -6.286478 4.774629
46 -6.318681 5.311346
46 -6.337736 5.628933
47 -6.429270 7.154497
47 -6.444536 7.408928
47 -6.318491 5.308183
47 -6.438099 7.301645
49 -6.512114 8.535228
53 -6.213930 3.565499
53 -6.253806 4.230097
29 -6.487253 8.120889
30 -6.561046 9.350774
37 -6.484720 8.078666
38 -6.300932 5.015541
30 -6.529547 8.825791
35 -6.327034 5.450571
40 -6.580780 9.679664
40 -6.422352 7.039197
41 -6.560389 9.339815
45 -6.407696 6.794931
31 -6.400647 6.677446
34 -6.512637 8.543946
32 -6.509799 8.496647
45 -6.450600 7.510003
41 -6.585359 9.755982
37 -6.545740 9.095674
39 -6.593723 9.895390
38 -6.366034 6.100567
35 -6.384839 6.413991
39 -6.441967 7.366116
36 -6.562115 9.368591
36 -6.551283 9.188045
43 -6.433958 7.232635
38 -6.414307 6.905118
28 -6.427596 7.126603
44 -6.349073 5.817882
39 -6.412468 6.874469
36 -6.553021 9.217008
39 -6.229480 3.824668
44 -6.297178 4.952962
40 -6.383922 6.398707
45 -6.254469 4.241146
38 -6.537736 8.962270
46 -6.458301 7.638356
49 -6.223436 3.723935
43 -6.387186 6.453093
44 -6.336563 5.609388
53 -6.258898 4.314968
44 -6.530645 8.844076
48 -6.269219 4.486978
47 -6.386021 6.433689
48 -6.447190 7.453172
32 -6.334224 5.570405
49 -6.490784 8.179727
34 -6.587427 9.790450
48 -6.204819 3.413652
53 -6.517633 8.627210
44 -6.548887 9.148113
37 -6.539378 8.989629
49 -6.321308 5.355134
28 -6.448920 7.482000
32 -6.301905 5.031751
34 -6.528317 8.805279
29 -6.483160 8.052667
58 -6.340574 5.676233
40 -6.374639 6.243991
27 -6.506111 8.435176
42 -6.534306 8.905104
40 -6.489668 8.161131
31 -6.525362 8.756030
36 -6.593834 9.897230
41 -6.383091 6.384848
42 -6.276455 4.607585
49 -6.208578 3.476301
46 -6.418644 6.977400
42 -6.279132 4.652202
41 -6.589519 9.825309
44 -6.557778 9.296299
39 -6.385981 6.433025
50 -6.228574 3.809570
43 -6.368205 6.136744
43 -6.522263 8.704387
45 -6.345080 5.751340
38 -6.436343 7.272380
40 -6.319357 5.322624
44 -6.470932 7.848859
44 -6.538846 8.980763
49 -6.226799 3.779979
48 -6.482110 8.035172
44 -6.555239 9.253984
43 -6.248573 4.142891
39 -6.592735 9.878911
46 -6.360306 6.005105
42 -6.343628 5.727137
50 -6.523784 8.729736
42 -6.225853 3.764222
40 -6.324220 5.403660
50 -6.195433 3.257217
53 -6.371821 6.197011
44 -6.222095 3.701590
38 -6.565195 9.419912
39 -6.260402 4.340030
29 -6.484801 8.080011
23 -6.462810 7.713508
43 -6.469143 7.819045
52 -6.354814 5.913559
46 -6.385087 6.418116
36 -6.479083 7.984721
44 -6.565850 9.430835
28 -6.367630 6.127159
40 -6.499839 8.330653
30 -6.470088 7.834799
48 -6.595077 9.917944
48 -6.379046 6.317436
38 -6.455876 7.597928
34 -6.498289 8.304820
47 -6.228932 3.815528
49 -6.570215 9.503590
41 -6.439599 7.326651
44 -6.226477 3.774610
37 -6.484179 8.069650
39 -6.340570 5.676165
43 -6.209917 3.498614
42 -6.383015 6.383589
39 -6.477607 7.960118
38 -6.497624 8.293740
36 -6.451617 7.526955
39 -6.483021 8.050343
34 -6.488732 8.145530
42 -6.596814 9.946908
40 -6.371951 6.199185
38 -6.471350 7.855839
46 -6.253768 4.229467
46 -6.552392 9.206531
35 -6.445939 7.432324
35 -6.394076 6.567935
39 -6.578273 9.637882
42 -6.256039 4.267323
40 -6.538242 8.970701
34 -6.464619 7.743652
43 -6.330919 5.515319
39 -6.484625 8.077084
39 -6.498719 8.311978
41 -6.381267 6.354458
33 -6.458208 7.636806
51 -6.312224 5.203734
41 -6.372364 6.206062
47 -6.440533 7.342215
35 -6.535753 8.929209
45 -6.352385 5.873085
44 -6.571449 9.524146
35 -6.485805 8.096747
38 -6.297979 4.966308
46 -6.347209 5.786815
39 -6.427871 7.131187
41 -6.518903 8.648380
38 -6.414473 6.907877
37 -6.330264 5.504404
41 -6.521288 8.688132
49 -6.273885 4.564751
41 -6.453162 7.552707
46 -6.465105 7.751756
