11 -1.086434 8.643352
11 -1.089814 8.981402
10 -1.026231 2.623126
16 -1.017066 1.706587
20 -1.010091 1.009059
18 -1.070905 7.090470
30 -1.082967 8.296740
31 -1.083490 8.348995
31 -1.081451 8.145123
35 -1.066588 6.658831
36 -1.057704 5.770445
39 -1.060206 6.020627
43 -1.021756 2.175559
35 -1.089914 8.991437
47 -1.039500 3.950029
59 -1.088300 8.830022
9 -1.007253 0.725315
65 -1.055900 5.589967
63 -1.050039 5.003944
72 -1.066445 6.644541
57 -1.015169 1.516871
63 -1.085054 8.505385
68 -1.009229 0.922876
65 -1.007880 0.787971
76 -1.085439 8.543894
89 -1.004681 0.468113
68 -1.014012 1.401207
57 -1.015003 1.500267
76 -1.097495 9.749461
76 -1.004104 0.410391
27 -1.027746 2.774589
68 -1.025795 2.579488
43 -1.058870 5.887003
81 -1.016436 1.643577
28 -1.092899 9.289902
94 -1.013304 1.330425
81 -1.086991 8.699120
37 -1.019951 1.995052
75 -1.082648 8.264797
61 -1.005703 0.570322
75 -1.001866 0.186566
79 -1.099040 9.904010
80 -1.025020 2.502019
80 -1.008934 0.893391
82 -1.010090 1.009021
73 -1.090216 9.021642
94 -1.008402 0.840159
65 -1.094730 9.472972
87 -1.073914 7.391413
86 -1.083490 8.348990
89 -1.042409 4.240867
58 -1.076403 7.640340
49 -1.008733 0.873336
84 -1.011345 1.134523
99 -1.094341 9.434118
49 -1.045085 4.508471
95 -1.098305 9.830502
45 -1.072767 7.276728
91 -1.011987 1.198676
69 -1.086968 8.696799
118 -1.058267 5.826662
69 -1.006146 0.614577
94 -1.005059 0.505891
50 -1.000871 0.087086
102 -1.077356 7.735614
86 -1.049543 4.954307
72 -1.052761 5.276131
116 -1.075518 7.551818
114 -1.008961 0.896086
102 -1.095205 9.520481
110 -1.009149 0.914898
59 -1.096031 9.603099
101 -1.001998 0.199755
100 -1.041282 4.128243
54 -1.001104 0.110362
51 -1.006756 0.675568
68 -1.011363 1.136313
73 -1.004331 0.433133
79 -1.099408 9.940814
101 -1.016848 1.684837
10 -1.021362 2.136158
52 -1.094689 9.468887
90 -1.023936 2.393557
16 -1.053561 5.356126
100 -1.077073 7.707310
97 -1.087144 8.714396
72 -1.010730 1.073006
44 -1.067699 6.769924
166 -1.030038 3.003815
63 -1.032711 3.271126
118 -1.009567 0.956708
82 -1.011482 1.148178
134 -1.071569 7.156877
22 -1.020083 2.008326
18 -1.004201 0.420081
56 -1.084470 8.446953
34 -1.043051 4.305065
138 -1.076059 7.605906
141 -1.082536 8.253590
139 -1.050356 5.035555
116 -1.022604 2.260352
148 -1.006266 0.626634
66 -1.077780 7.777983
115 -1.000663 0.066347
60 -1.083960 8.396012
56 -1.047850 4.785017
failed to find solution after reaching max emtpy limit -- 16 iterations and 10 function evals
74 -1.000479 0.047915
104 -1.089894 8.989428
110 -1.004031 0.403135
87 -1.046671 4.667111
87 -1.099073 9.907293
80 -1.011571 1.157119
67 -1.084007 8.400705
65 -1.090165 9.016530
110 -1.009913 0.991314
16 -1.088908 8.890846
78 -1.089701 8.970144
87 -1.004451 0.445126
70 -1.005804 0.580431
48 -1.052305 5.230453
75 -1.033162 3.316246
60 -1.078912 7.891165
58 -1.069030 6.902973
71 -1.071611 7.161105
13 -1.003523 0.352298
106 -1.020217 2.021652
68 -1.004292 0.429164
160 -1.083612 8.361204
85 -1.003039 0.303875
38 -1.043180 4.318005
77 -1.090586 9.058557
90 -1.008019 0.801899
35 -1.062726 6.272622
81 -1.019426 1.942608
72 -1.087402 8.740178
73 -1.000494 0.049396
122 -1.004561 0.456129
66 -1.040182 4.018246
96 -1.020502 2.050245
59 -1.065770 6.577033
120 -1.023879 2.387864
78 -1.015810 1.580987
77 -1.028784 2.878369
86 -1.095980 9.597999
77 -1.019993 1.999289
110 -1.090830 9.082980
79 -1.063327 6.332738
81 -1.091621 9.162075
99 -1.010564 1.056410
56 -1.002004 0.200384
84 -1.007084 0.708374
44 -1.002543 0.254265
126 -1.019666 1.966555
48 -1.081806 8.180608
85 -1.016388 1.638750
80 -1.022619 2.261909
46 -1.018732 1.873205
79 -1.048526 4.852610
133 -1.074487 7.448664
111 -1.099863 9.986333
66 -1.016438 1.643765
75 -1.015152 1.515229
103 -1.091116 9.111561
94 -1.010830 1.083038
99 -1.089652 8.965168
65 -1.038724 3.872390
138 -1.090693 9.069280
88 -1.088039 8.803923
74 -1.038436 3.843646
64 -1.079730 7.972996
79 -1.003596 0.359553
100 -1.014301 1.430128
90 -1.014550 1.454978
177 -1.063732 6.373228
82 -1.014843 1.484277
140 -1.053820 5.382039
98 -1.089874 8.987356
140 -1.066431 6.643082
151 -1.077616 7.761553
127 -1.021557 2.155746
106 -1.004111 0.411130
88 -1.003201 0.320072
88 -1.002584 0.258412
124 -1.025410 2.540952
112 -1.073866 7.386647
150 -1.067633 6.763292
221 -1.075432 7.543208
161 -1.029675 2.967547
289 -1.056703 5.670283
341 -1.084149 8.414896
287 -1.015045 1.504538
256 -1.087470 8.747006
354 -1.087802 8.780233
failed to find solution in 1200 iterations and 465 function evals
449 -1.097745 9.774525
failed to find solution in 1200 iterations and 488 function evals
failed to find solution in 1200 iterations and 466 function evals
failed to find solution in 1200 iterations and 543 function evals
failed to find solution in 1200 iterations and 508 function evals
