20 20.865345 7.787332
23 20.745114 8.318681
29 21.916137 3.143445
22 20.878408 7.729603
24 21.539387 4.808457
34 22.381915 1.084974
26 22.004271 2.753942
23 22.236422 1.727969
21 21.293508 5.895101
26 20.604772 8.938911
31 21.626135 4.425085
21 21.302141 5.856949
25 21.715602 4.029691
23 20.454498 9.603034
25 21.492375 5.016226
27 21.743358 3.907024
37 22.280275 1.534165
29 22.202349 1.878554
29 22.352077 1.216844
25 21.506451 4.954018
28 21.828494 3.530774
29 21.887010 3.272170
26 21.602870 4.527901
29 20.773383 8.193749
32 22.359913 1.182213
37 21.796887 3.670457
26 20.913380 7.575046
27 21.807153 3.625087
33 21.523494 4.878697
24 20.741243 8.335790
32 21.960927 2.945499
34 20.707955 8.482904
47 22.030596 2.637600
35 22.379238 1.096807
36 21.631225 4.402587
27 20.764473 8.233129
31 21.065815 6.901373
43 21.342661 5.677871
28 21.199055 6.312530
32 21.702524 4.087488
32 20.648667 8.744921
31 22.496222 0.579804
36 21.238861 6.136609
27 20.822153 7.978217
36 20.854264 7.836301
27 21.455996 5.176997
25 22.037731 2.606070
30 21.322911 5.765157
32 21.381887 5.504519
25 21.615874 4.470432
30 22.270036 1.579417
34 21.706301 4.070797
26 22.106692 2.301302
34 22.161173 2.060525
34 22.366581 1.152741
36 22.263112 1.610018
27 21.814389 3.593112
43 22.207147 1.857350
37 22.315183 1.379894
25 21.039362 7.018278
24 22.318039 1.367271
30 22.254008 1.650252
26 22.430730 0.869240
27 22.096808 2.344980
31 21.757636 3.843926
34 21.619695 4.453544
32 21.747542 3.888536
22 22.273503 1.564095
35 20.994444 7.216788
36 20.968547 7.331238
25 20.433329 9.696591
22 20.654919 8.717291
26 21.751407 3.871455
27 21.873568 3.331575
44 21.926945 3.095680
21 21.615619 4.471557
29 22.408589 0.967092
32 22.547185 0.354578
41 22.554515 0.322183
26 20.661587 8.687825
29 22.442121 0.818902
34 22.319273 1.361815
28 20.989833 7.237166
39 21.956147 2.966624
23 20.464124 9.560494
22 22.166880 2.035305
27 20.832838 7.930995
43 22.485292 0.628111
27 21.545564 4.781159
26 21.841500 3.473297
31 21.954227 2.975109
35 21.586936 4.598320
22 20.791863 8.112081
43 21.846993 3.449019
28 22.069114 2.467376
31 22.368918 1.142414
26 20.906975 7.603351
47 21.806567 3.627678
19 21.626738 4.422417
26 21.542468 4.794843
31 20.994466 7.216692
28 21.490155 5.026035
34 22.498520 0.569649
27 22.019516 2.686568
30 21.350436 5.643512
29 21.451916 5.195029
29 21.893778 3.242258
25 21.747454 3.888923
23 21.450122 5.202960
34 22.316068 1.375980
28 21.242291 6.121452
22 20.825731 7.962404
23 21.388974 5.473196
37 22.042072 2.586884
32 22.111893 2.278315
29 22.577765 0.219435
24 22.350943 1.221852
31 22.545155 0.363552
26 20.629784 8.828374
24 21.747466 3.888869
33 21.507305 4.950242
30 22.151607 2.102803
42 22.539351 0.389201
30 21.972548 2.894141
27 21.025733 7.078510
39 21.410340 5.378769
25 21.848875 3.440703
29 20.649585 8.740864
24 20.812922 8.019010
30 22.311770 1.394976
23 20.851243 7.849652
28 20.398765 9.849343
48 22.365706 1.156612
25 21.023517 7.088306
41 21.995533 2.792560
26 22.042517 2.584918
28 22.419572 0.918553
35 21.920298 3.125054
30 21.069698 6.884209
23 20.985003 7.258513
21 21.254049 6.069485
17 21.027165 7.072182
32 22.437514 0.839258
31 22.227265 1.768437
33 22.165756 2.040271
32 21.997406 2.784280
37 21.748871 3.882660
28 22.141046 2.149478
25 21.374531 5.537027
34 21.770840 3.785570
33 22.190296 1.931819
25 20.410903 9.795702
30 22.035008 2.618101
30 20.530943 9.265192
23 20.455424 9.598943
29 21.307777 5.832040
30 21.305288 5.843040
42 20.454698 9.602154
27 21.590051 4.584555
25 22.395722 1.023956
29 21.681853 4.178842
22 21.201366 6.302314
28 22.016773 2.698689
27 22.213192 1.830633
37 22.361437 1.175477
26 22.220202 1.799655
30 20.458100 9.587116
27 21.569929 4.673482
36 21.178738 6.402316
24 22.168365 2.028742
29 21.920412 3.124551
31 21.936370 3.054024
25 22.392934 1.036280
28 22.364906 1.160144
26 21.118049 6.670526
23 20.804765 8.055062
30 21.791850 3.692719
33 22.213149 1.830824
35 21.904562 3.194596
28 22.139268 2.157336
29 22.510007 0.518882
31 21.202033 6.299368
25 22.119981 2.242572
39 22.072805 2.451060
35 21.594013 4.567042
37 21.638585 4.370061
35 22.117455 2.253737
27 21.601963 4.531908
32 22.072582 2.452049
32 21.281716 5.947216
31 22.479854 0.652142
39 22.405619 0.980216
37 22.523938 0.457319
30 21.697368 4.110277
28 21.356879 5.615036
35 21.974129 2.887154
39 22.563996 0.280284
33 22.311958 1.394146
28 22.178309 1.984795
41 22.324514 1.338656
