11 -1.066818 6.681764
12 -1.071727 7.172742
12 -1.052734 5.273355
12 -1.058766 5.876568
12 -1.043329 4.332890
16 -1.075690 7.569048
19 -1.045346 4.534563
17 -1.056060 5.606005
23 -1.094500 9.449993
20 -1.034445 3.444488
19 -1.043090 4.309043
22 -1.061447 6.144722
22 -1.034808 3.480771
17 -1.029261 2.926134
17 -1.032694 3.269432
23 -1.048344 4.834386
21 -1.054868 5.486816
25 -1.073799 7.379942
25 -1.088184 8.818445
14 -1.057535 5.753465
14 -1.046632 4.663151
14 -1.055639 5.563911
26 -1.035737 3.573689
22 -1.041844 4.184438
25 -1.058772 5.877214
28 -1.031149 3.114923
29 -1.034460 3.445959
15 -1.085084 8.508379
32 -1.067620 6.761982
30 -1.028158 2.815782
33 -1.038719 3.871880
33 -1.056284 5.628415
37 -1.094122 9.412241
35 -1.049963 4.996289
39 -1.092148 9.214786
34 -1.032742 3.274178
38 -1.053866 5.386568
42 -1.074660 7.465955
40 -1.031173 3.117308
45 -1.045162 4.516235
11 -1.087327 8.732688
17 -1.069344 6.934427
11 -1.080645 8.064496
22 -1.084960 8.495976
26 -1.034564 3.456390
23 -1.037912 3.791225
12 -1.059089 5.908902
14 -1.080107 8.010665
26 -1.076458 7.645815
58 -1.098141 9.814056
36 -1.070934 7.093376
14 -1.034216 3.421601
13 -1.098840 9.883958
22 -1.030332 3.033174
20 -1.042286 4.228557
23 -1.080728 8.072810
27 -1.058430 5.843028
12 -1.055364 5.536441
34 -1.044346 4.434615
63 -1.071883 7.188320
12 -1.067112 6.711205
24 -1.074217 7.421681
40 -1.027977 2.797721
35 -1.039395 3.939541
13 -1.073106 7.310566
46 -1.099101 9.910136
15 -1.036835 3.683540
35 -1.041114 4.111373
21 -1.066770 6.677035
15 -1.041177 4.117687
45 -1.030952 3.095150
failed to find solution after reaching max emtpy limit -- 19 iterations and 13 function evals
75 -1.048085 4.808491
45 -1.078173 7.817346
48 -1.041382 4.138170
39 -1.090565 9.056549
22 -1.037068 3.706848
15 -1.035452 3.545238
12 -1.050323 5.032297
22 -1.034450 3.445024
13 -1.047094 4.709372
22 -1.073043 7.304317
19 -1.042322 4.232203
18 -1.054806 5.480563
56 -1.069402 6.940153
18 -1.068464 6.846428
13 -1.082076 8.207624
failed to find solution after reaching max emtpy limit -- 22 iterations and 16 function evals
21 -1.048789 4.878948
63 -1.062364 6.236374
16 -1.046425 4.642494
12 -1.037887 3.788657
failed to find solution after reaching max emtpy limit -- 23 iterations and 17 function evals
49 -1.028536 2.853623
10 -1.061017 6.101703
63 -1.052272 5.227167
30 -1.050995 5.099468
19 -1.058250 5.825048
19 -1.045381 4.538075
47 -1.033096 3.309596
13 -1.045125 4.512478
31 -1.049149 4.914934
failed to find solution after reaching max emtpy limit -- 26 iterations and 20 function evals
41 -1.080352 8.035155
33 -1.066215 6.621477
37 -1.069524 6.952412
18 -1.028271 2.827130
26 -1.072873 7.287257
60 -1.067640 6.764048
16 -1.039661 3.966091
26 -1.043073 4.307340
failed to find solution after reaching max emtpy limit -- 21 iterations and 15 function evals
20 -1.082603 8.260306
failed to find solution after reaching max emtpy limit -- 17 iterations and 11 function evals
45 -1.027891 2.789058
11 -1.058249 5.824891
26 -1.047584 4.758425
39 -1.028857 2.885727
26 -1.034243 3.424349
28 -1.086617 8.661698
42 -1.035520 3.551964
36 -1.066264 6.626398
54 -1.042029 4.202939
21 -1.048199 4.819875
13 -1.093132 9.313236
12 -1.057471 5.747055
32 -1.061519 6.151881
19 -1.035144 3.514443
16 -1.061486 6.148641
55 -1.041737 4.173657
34 -1.053139 5.313892
10 -1.097327 9.732690
51 -1.064186 6.418580
36 -1.066961 6.696122
24 -1.068043 6.804269
30 -1.046967 4.696687
43 -1.041203 4.120340
16 -1.087628 8.762841
12 -1.036194 3.619396
22 -1.062935 6.293462
29 -1.029434 2.943439
29 -1.028479 2.847859
20 -1.049850 4.985016
39 -1.094500 9.450041
13 -1.060162 6.016209
13 -1.052521 5.252115
15 -1.040615 4.061497
13 -1.085333 8.533257
26 -1.032989 3.298946
41 -1.031478 3.147765
7 -1.072804 7.280350
15 -1.039353 3.935342
31 -1.061730 6.172996
17 -1.091692 9.169212
12 -1.060848 6.084769
18 -1.091836 9.183606
18 -1.089348 8.934808
28 -1.043604 4.360387
14 -1.074213 7.421305
15 -1.066429 6.642898
24 -1.053262 5.326209
31 -1.077893 7.789264
23 -1.048438 4.843761
29 -1.040292 4.029199
28 -1.061220 6.121967
52 -1.083227 8.322725
12 -1.076095 7.609519
56 -1.049485 4.948490
34 -1.032894 3.289362
18 -1.063162 6.316241
28 -1.099150 9.915014
28 -1.082582 8.258235
36 -1.040518 4.051784
25 -1.077158 7.715752
43 -1.033017 3.301668
43 -1.030818 3.081820
37 -1.071766 7.176648
20 -1.059774 5.977420
40 -1.081125 8.112503
13 -1.052306 5.230599
31 -1.071259 7.125882
41 -1.096146 9.614578
21 -1.031357 3.135685
37 -1.098304 9.830386
44 -1.034530 3.452951
25 -1.034756 3.475550
15 -1.052451 5.245096
48 -1.076105 7.610540
39 -1.042862 4.286176
25 -1.091221 9.122051
68 -1.079215 7.921476
27 -1.046882 4.688213
failed to find solution after reaching max emtpy limit -- 29 iterations and 14 function evals
failed to find solution after reaching max emtpy limit -- 18 iterations and 12 function evals
53 -1.089355 8.935477
failed to find solution after reaching max emtpy limit -- 18 iterations and 12 function evals
55 -1.062281 6.228083
failed to find solution after reaching max emtpy limit -- 23 iterations and 17 function evals
failed to find solution after reaching max emtpy limit -- 24 iterations and 18 function evals
failed to find solution after reaching max emtpy limit -- 25 iterations and 19 function evals
