10 4.312363 5.962416
10 4.181646 8.812903
11 4.440664 3.164617
11 4.498203 1.909885
11 4.224536 7.877608
11 4.145206 9.607529
11 4.419099 3.634864
12 4.336618 5.433505
12 4.354057 5.053216
12 4.153036 9.436778
10 4.150562 9.490724
13 4.339558 5.369378
13 4.438046 3.221700
10 4.326976 5.643762
14 4.155433 9.384507
14 4.459890 2.745352
14 4.413702 3.752553
10 4.435599 3.275060
12 4.310787 5.996772
15 4.516217 1.517063
15 4.152885 9.440068
15 4.474751 2.421305
16 4.343180 5.290396
16 4.208616 8.224770
12 4.460092 2.740951
17 4.533415 1.142032
17 4.308636 6.043692
17 4.191927 8.588710
17 4.408404 3.868091
17 4.272347 6.835017
17 4.285584 6.546376
14 4.444460 3.081836
18 4.381513 4.454494
18 4.159422 9.297524
18 4.324638 5.694746
13 4.209601 8.203283
19 4.301252 6.204702
19 4.385930 4.358166
15 4.286939 6.516816
20 4.466177 2.608275
20 4.362572 4.867518
20 4.423441 3.540196
20 4.473347 2.451918
20 4.266825 6.955437
21 4.425941 3.485662
21 4.255824 7.195328
21 4.259819 7.108221
21 4.377528 4.541385
21 4.499342 1.885042
21 4.456178 2.826313
12 4.434581 3.297263
19 4.439081 3.199135
15 4.197651 8.463878
22 4.415214 3.719580
19 4.500699 1.855464
20 4.358960 4.946289
14 4.220677 7.961759
22 4.411759 3.794921
22 4.331038 5.555173
22 4.452552 2.905378
11 4.163030 9.218844
12 4.325390 5.678331
21 4.381171 4.461944
24 4.521872 1.393746
16 4.457470 2.798137
24 4.460776 2.726036
17 4.214495 8.096573
20 4.444100 3.089694
16 4.349051 5.162366
17 4.381153 4.462340
14 4.371923 4.663609
18 4.184976 8.740287
12 4.235411 7.640456
13 4.254732 7.219143
25 4.177656 8.899893
14 4.420520 3.603877
25 4.448386 2.996216
21 4.252671 7.264084
21 4.438892 3.203246
17 4.404335 3.956820
10 4.207908 8.240206
12 4.195927 8.501479
24 4.475999 2.394081
21 4.477686 2.357283
18 4.223963 7.890112
15 4.203445 8.337541
16 4.393006 4.203859
26 4.246782 7.392507
23 4.380031 4.486804
10 4.330586 5.565036
12 4.266553 6.961357
19 4.465403 2.625148
14 4.396427 4.129273
22 4.161771 9.246298
21 4.475942 2.395332
14 4.475894 2.396367
19 4.256993 7.169845
19 4.337986 5.403666
23 4.328341 5.613980
17 4.441706 3.141901
25 4.530597 1.203492
19 4.532981 1.151498
18 4.319282 5.811537
17 4.443328 3.106532
17 4.409726 3.839273
23 4.493733 2.007369
19 4.381364 4.457742
18 4.276228 6.750399
16 4.173025 9.000881
15 4.201490 8.380157
11 4.296002 6.319180
17 4.252034 7.277977
15 4.303047 6.165554
14 4.494790 1.984310
12 4.443147 3.110469
28 4.390112 4.266979
18 4.379921 4.489208
22 4.469950 2.525993
21 4.291058 6.426999
23 4.426022 3.483915
13 4.238364 7.576068
23 4.431071 3.373794
22 4.177015 8.913871
14 4.350743 5.125481
10 4.215085 8.083712
16 4.335459 5.458776
11 4.240822 7.522463
14 4.234948 7.650556
19 4.218049 8.019066
14 4.144017 9.633446
20 4.298193 6.271420
20 4.498399 1.905623
20 4.313379 5.940253
12 4.215618 8.072090
14 4.366891 4.773356
19 4.359189 4.941297
23 4.440917 3.159105
20 4.469579 2.534074
24 4.498670 1.899697
24 4.517712 1.484455
15 4.351713 5.104317
14 4.391032 4.246919
18 4.335649 5.454632
10 4.145518 9.600710
20 4.518769 1.461423
19 4.218913 8.000221
17 4.279409 6.681025
27 4.233436 7.683533
16 4.247006 7.387628
19 4.432978 3.332226
18 4.288538 6.481949
14 4.235739 7.633306
20 4.331860 5.537246
27 4.568795 0.370514
12 4.350358 5.133864
21 4.210378 8.186347
13 4.243883 7.455727
23 4.370246 4.700176
22 4.308494 6.046772
18 4.459460 2.754728
22 4.466163 2.608576
13 4.340940 5.339257
16 4.433209 3.327182
14 4.315610 5.891607
21 4.492592 2.032251
18 4.187020 8.695697
18 4.503225 1.800384
13 4.501240 1.843668
19 4.253353 7.249210
21 4.395507 4.149341
16 4.157965 9.329303
18 4.306430 6.091784
17 4.282736 6.608471
14 4.220797 7.959136
14 4.303310 6.159836
19 4.322568 5.739872
16 4.393473 4.193680
19 4.265240 6.990003
17 4.460121 2.740314
21 4.397581 4.104109
18 4.435855 3.269486
20 4.498814 1.896556
20 4.312641 5.956346
24 4.328718 5.605775
23 4.328722 5.605674
22 4.446644 3.034202
27 4.494977 1.980240
19 4.461930 2.700866
19 4.467812 2.572609
21 4.427844 3.444171
20 4.411190 3.807333
20 4.256941 7.170979
23 4.438179 3.218814
26 4.492514 2.033940
21 4.186908 8.698139
27 4.133461 9.863650
21 4.493498 2.012487
28 4.560685 0.547371
31 4.568129 0.385052
28 4.144379 9.625559
