24 29.703786 8.176200
25 29.262183 9.541334
26 29.691589 8.213906
28 30.156324 6.777263
28 29.696063 8.200074
28 29.636855 8.383107
29 29.320341 9.361551
29 29.360228 9.238248
29 29.861390 7.688998
29 29.682471 8.242091
29 29.308344 9.398637
30 29.223130 9.662061
30 29.596577 8.507617
31 29.489197 8.839564
31 29.617977 8.441463
31 30.208981 6.614482
32 29.221095 9.668351
32 29.623643 8.423947
33 29.367927 9.214448
33 30.088294 6.987566
33 29.883084 7.621934
33 30.704655 5.082197
33 30.693226 5.117529
33 29.390894 9.143450
33 29.775524 7.954437
25 29.316108 9.374637
34 29.354633 9.255542
34 29.511518 8.770562
34 30.400240 6.023242
34 30.251869 6.481903
35 29.287962 9.461645
35 30.549280 5.562511
34 29.838951 7.758362
36 29.765633 7.985013
36 30.387234 6.063445
24 29.267185 9.525872
37 30.212840 6.602553
38 29.657045 8.320692
39 29.425862 9.035351
39 30.205369 6.625649
39 29.419246 9.055803
28 29.799563 7.880122
24 29.351670 9.264703
40 30.489372 5.747707
27 29.765490 7.985453
41 30.609269 5.377066
25 29.562363 8.613383
27 30.345624 6.192078
23 30.035058 7.152134
42 30.598507 5.410337
32 30.590132 5.436225
43 29.472384 8.891538
45 30.306271 6.313728
27 29.228561 9.645273
27 30.568060 5.504457
29 29.340728 9.298527
33 29.519395 8.746210
31 29.593150 8.518212
47 30.190464 6.671725
27 29.622800 8.426553
30 29.662980 8.302344
27 29.512672 8.766996
29 29.981000 7.319245
47 31.106670 3.839442
34 29.322267 9.355597
33 29.800481 7.877285
31 30.217186 6.589119
32 30.585739 5.449805
25 29.383886 9.165112
30 29.225660 9.654239
29 29.950404 7.413826
51 31.077410 3.929895
32 30.376024 6.098101
31 30.014176 7.216686
52 30.847874 4.639463
27 29.398415 9.120200
39 30.777263 4.857745
31 30.475674 5.790052
33 29.276861 9.495962
33 29.272839 9.508394
31 29.409856 9.084832
32 30.279631 6.396082
29 30.648664 5.255284
38 29.716673 8.136362
33 30.004924 7.245289
32 29.498927 8.809484
42 29.269620 9.518344
30 30.078630 7.017441
25 29.767032 7.980686
26 29.452397 8.953323
39 29.619610 8.436415
36 30.038362 7.141919
26 29.953994 7.402730
32 29.897322 7.577921
34 30.740852 4.970302
45 29.925252 7.491580
44 29.709025 8.160006
29 30.180215 6.703410
29 29.170615 9.824402
25 30.569978 5.498526
39 29.874845 7.647402
28 30.520841 5.650424
36 29.296873 9.434096
33 29.962634 7.376019
29 29.470895 8.896140
34 29.496989 8.815475
25 30.567235 5.507006
46 29.280463 9.484826
33 29.788741 7.913579
34 29.818942 7.820218
33 30.580452 5.466148
44 29.625402 8.418510
29 29.416877 9.063129
33 29.704375 8.174381
32 30.661162 5.216649
33 29.793030 7.900319
38 29.813775 7.836189
31 30.044280 7.123626
33 29.993836 7.279564
29 29.855371 7.707604
40 30.008171 7.235252
27 29.719716 8.126956
30 29.308921 9.396855
45 30.201116 6.638797
27 29.590419 8.526655
35 29.422356 9.046189
33 29.443172 8.981840
31 29.271317 9.513100
32 29.250576 9.577215
46 29.841533 7.750381
33 29.897759 7.576570
42 29.466729 8.909020
21 29.448665 8.964860
30 31.419633 2.871974
40 29.496942 8.815622
40 31.104056 3.847524
33 30.732303 4.996729
23 29.502199 8.799371
27 29.577195 8.567534
32 31.006877 4.147936
35 30.351333 6.174428
32 29.470251 8.898131
25 29.141002 9.915943
22 29.543508 8.671672
35 30.015450 7.212750
28 29.712144 8.150364
36 30.798116 4.793281
30 30.465451 5.821655
39 29.412177 9.077658
25 30.251905 6.481791
30 29.254396 9.565408
31 30.389504 6.056428
34 29.558748 8.624560
38 30.030445 7.166395
38 29.527312 8.721739
28 30.714796 5.050848
36 30.813835 4.744688
28 29.785629 7.923198
30 30.285810 6.376981
36 30.206084 6.623439
31 29.837393 7.763179
33 30.342745 6.200977
27 30.482636 5.768530
29 29.809839 7.848358
35 30.060642 7.073046
35 29.771210 7.967772
30 30.880066 4.539948
27 29.392867 9.137351
35 29.969300 7.355412
33 29.751183 8.029682
44 29.800779 7.876365
25 29.586725 8.538074
30 29.421236 9.049653
29 29.136017 9.931354
33 29.640989 8.370328
25 29.185625 9.778002
33 29.711198 8.153289
33 29.159679 9.858208
28 29.464387 8.916259
29 29.909741 7.539530
30 29.882634 7.623326
32 29.546063 8.663773
30 29.659348 8.313572
34 30.343711 6.197990
30 29.784847 7.925617
38 30.499664 5.715889
33 30.135305 6.842241
31 29.241250 9.606046
32 29.781630 7.935560
32 29.589035 8.530933
36 29.930978 7.473879
34 30.779834 4.849796
37 29.182958 9.786246
40 30.007097 7.238572
41 30.246275 6.499196
40 29.795515 7.892638
41 29.686980 8.228152
40 30.636291 5.293532
36 30.374360 6.103245
43 30.871586 4.566162
