10 3051.655822 7.525581
10 3252.290725 1.445736
11 3004.188702 8.963979
11 3104.775959 5.915880
11 2977.770618 9.764527
11 3000.133666 9.086859
11 3028.085045 8.239847
11 3100.543471 6.044137
11 3012.853459 8.701410
11 3085.241060 6.507847
11 3212.823877 2.641701
11 3014.803120 8.642330
12 3051.804979 7.521061
12 3196.306310 3.142233
12 3057.112775 7.360219
12 3038.986309 7.909506
12 3179.439983 3.653334
12 3039.904283 7.881688
12 3201.370935 2.988760
12 3210.405176 2.714995
12 3050.271297 7.567536
12 2999.103506 9.118076
12 3264.657819 1.070975
12 3241.969234 1.758508
12 3174.003764 3.818068
12 3063.771880 7.158428
12 3294.616341 0.163141
12 3153.943979 4.425940
12 3297.887920 0.064002
10 3153.814175 4.429873
13 3297.887265 0.064022
13 3270.959133 0.880026
13 3299.102791 0.027188
13 3298.706185 0.039207
13 3148.544041 4.589575
13 3260.399446 1.200017
13 3262.071643 1.149344
13 3211.098507 2.693985
11 3189.276812 3.355248
13 3292.997150 0.212208
11 3017.759366 8.552746
11 3099.103392 6.087776
13 3116.784259 5.551992
13 3289.670633 0.313011
10 3298.810452 0.036047
10 3013.413531 8.684438
14 3293.842376 0.186595
14 3296.250470 0.113622
12 3044.054541 7.755923
12 3126.023505 5.272015
10 3176.405922 3.745275
14 3228.483673 2.167161
11 2978.506988 9.742212
11 3147.956942 4.607365
11 3226.240047 2.235150
10 3292.834340 0.217141
16 3295.637156 0.132207
11 3173.512378 3.832958
11 3093.094324 6.269869
12 3258.182892 1.267185
12 3157.122477 4.329622
12 3067.824193 7.035631
12 3114.360131 5.625451
12 3267.695623 0.978921
12 3274.099572 0.784861
12 3043.013220 7.787478
12 3053.182586 7.479316
11 3285.378420 0.443078
12 3286.008605 0.423982
14 3014.785465 8.642865
17 2985.961294 9.516324
16 3276.543902 0.710791
13 3133.862556 5.034468
13 3245.098987 1.663667
12 3298.313601 0.051103
12 3280.334689 0.595919
13 3203.250084 2.931816
12 3151.790460 4.491198
16 3213.190455 2.630592
13 3264.597966 1.072789
12 3275.795543 0.733468
18 3271.050548 0.877256
14 3288.672412 0.343260
10 3093.501041 6.257544
13 3287.013636 0.393526
12 3262.511453 1.136017
12 3067.636312 7.041324
10 3182.283740 3.567159
11 3003.367563 8.988862
14 3261.815819 1.157096
14 3282.537279 0.529173
12 3299.560641 0.013314
14 3265.321861 1.050853
13 3072.522318 6.893263
12 3256.378445 1.321865
14 3288.749467 0.340925
14 3267.982196 0.970236
12 3187.471311 3.409960
12 3136.542895 4.953246
13 3299.793890 0.006246
12 3288.763098 0.340512
12 3119.627417 5.465836
14 3290.386173 0.291328
12 3164.712661 4.099616
11 3010.494906 8.772882
13 3166.292511 4.051742
12 3078.248048 6.719756
14 3290.809296 0.278506
13 3275.766174 0.734358
12 3286.197926 0.418245
16 3285.094126 0.451693
12 3072.760617 6.886042
14 3296.125226 0.117417
13 3263.836699 1.095858
12 3272.971088 0.819058
11 3188.559230 3.376993
14 3181.062748 3.604159
12 3019.108852 8.511853
17 3265.259740 1.052735
16 3289.373002 0.322030
14 3145.177882 4.691579
11 3293.596718 0.194039
13 3277.559306 0.680021
12 3298.073695 0.058373
16 3276.788705 0.703373
11 3091.555014 6.316515
10 3081.242255 6.629023
13 3151.983480 4.485349
11 3243.254554 1.719559
14 3295.171258 0.146326
21 3195.222687 3.175070
13 3294.371627 0.170557
10 2999.410438 9.108775
10 3069.838761 6.974583
12 3137.250322 4.931808
16 3231.811746 2.066311
10 3028.140726 8.238160
11 3108.966400 5.788897
11 3241.543128 1.771420
16 3166.881385 4.033897
16 3027.842144 8.247208
13 3131.140230 5.116963
16 3144.686538 4.706469
10 3064.771875 7.128125
16 3283.451577 0.501467
17 3136.314468 4.960168
12 3096.040194 6.180600
18 3282.305758 0.536189
11 3259.834112 1.217148
13 3136.586794 4.951915
14 3053.178465 7.479440
12 3266.659539 1.010317
13 3258.422364 1.259928
11 3217.570682 2.497858
14 3083.608178 6.557328
12 3291.483096 0.258088
18 3277.076475 0.694652
12 3299.462714 0.016281
11 3213.478515 2.621863
19 3291.828068 0.247634
13 3182.230770 3.568765
13 3284.435741 0.471644
10 3054.948101 7.425815
11 3046.884224 7.670175
18 3177.856093 3.701331
12 3141.104573 4.815013
11 3298.227805 0.053703
11 2977.034761 9.786825
12 3286.282198 0.415691
14 3070.806366 6.945262
12 3144.981311 4.697536
14 3277.820098 0.672118
12 3133.468673 5.046404
13 3093.340414 6.262412
12 3238.375697 1.867403
14 3298.437876 0.047337
12 3239.321946 1.838729
14 3292.836205 0.217085
13 3089.926695 6.365858
14 3288.591565 0.345710
13 3279.030681 0.635434
14 3260.337704 1.201888
16 3254.434969 1.380759
14 3292.920147 0.214541
16 3074.676270 6.827992
18 3294.797552 0.157650
19 2997.534018 9.165636
21 3066.304655 7.081677
37 3190.203962 3.327153
36 3144.802521 4.702954
39 3284.788730 0.460948
83 3257.767001 1.279788
83 2993.396273 9.291022
93 3152.744305 4.462294
92 3265.162581 1.055679
116 3072.183866 6.903519
142 3100.373181 6.049298
155 2988.685867 9.433762
156 3242.223415 1.750806
186 3229.087079 2.148876
