14 -0.119879 7.891033
15 -0.119341 7.406586
17 -0.120785 8.706866
21 -0.119055 7.149569
21 -0.119405 7.464859
21 -0.120474 8.426711
20 -0.121770 9.592582
23 -0.118846 6.961175
19 -0.119671 7.703885
20 -0.117937 6.143652
22 -0.121028 8.925189
21 -0.115628 4.065065
20 -0.119214 7.292501
19 -0.120078 8.070019
23 -0.118387 6.548437
22 -0.119709 7.738051
24 -0.121418 9.276266
23 -0.119528 7.575111
24 -0.120577 8.518978
23 -0.113675 2.307563
21 -0.120659 8.593056
25 -0.120680 8.611836
25 -0.116315 4.683750
23 -0.119919 7.927022
21 -0.118581 6.723324
26 -0.121311 9.180312
28 -0.118856 6.970382
25 -0.119877 7.889315
25 -0.122094 9.884609
29 -0.121889 9.700107
23 -0.119995 7.995700
18 -0.118329 6.496320
27 -0.121648 9.483501
27 -0.121692 9.522893
20 -0.115313 3.781973
22 -0.120666 8.599675
19 -0.120798 8.717930
22 -0.118593 6.733740
21 -0.116610 4.948897
25 -0.121064 8.957807
19 -0.117209 5.488415
20 -0.115528 3.975407
22 -0.118907 7.016729
19 -0.119235 7.311057
18 -0.119832 7.849143
19 -0.118631 6.768025
26 -0.119750 7.774641
24 -0.119909 7.917974
26 -0.120749 8.674416
22 -0.120814 8.732655
25 -0.119556 7.600012
failed to find solution after reaching max emtpy limit -- 27 iterations and 18 function evals
19 -0.119708 7.737406
23 -0.119821 7.838641
26 -0.116356 4.720268
24 -0.116449 4.803937
22 -0.115974 4.376382
27 -0.118710 6.839378
24 -0.119903 7.912380
23 -0.115162 3.646249
25 -0.114579 3.120930
22 -0.115619 4.057450
24 -0.116258 4.632169
26 -0.116341 4.706473
22 -0.118742 6.868045
24 -0.118200 6.380058
23 -0.122125 9.912787
19 -0.121569 9.411719
25 -0.117078 5.370294
21 -0.120647 8.582687
31 -0.118653 6.787260
23 -0.117047 5.342541
33 -0.119263 7.336458
16 -0.121907 9.716583
22 -0.118647 6.782451
35 -0.119756 7.780703
21 -0.118660 6.794087
24 -0.118183 6.364356
18 -0.117369 5.632517
29 -0.121660 9.493640
34 -0.121426 9.283800
24 -0.115048 3.543633
30 -0.115157 3.640905
28 -0.115810 4.229015
26 -0.114944 3.449171
20 -0.122010 9.808656
22 -0.119173 7.255326
20 -0.121183 9.064823
failed to find solution after reaching max emtpy limit -- 25 iterations and 16 function evals
24 -0.121039 8.935384
22 -0.120676 8.608418
25 -0.117614 5.852282
26 -0.117122 5.409966
18 -0.116619 4.956828
17 -0.119417 7.475310
22 -0.119572 7.614562
38 -0.114592 3.132875
25 -0.117277 5.548950
27 -0.116347 4.711922
22 -0.121775 9.597254
failed to find solution after reaching max emtpy limit -- 45 iterations and 23 function evals
22 -0.119377 7.439003
22 -0.119162 7.245569
27 -0.118160 6.344051
25 -0.120295 8.265324
failed to find solution after reaching max emtpy limit -- 50 iterations and 31 function evals
28 -0.122204 9.983477
30 -0.117233 5.509528
26 -0.116255 4.629230
21 -0.120845 8.760650
28 -0.118307 6.476433
29 -0.119217 7.295536
30 -0.121639 9.475313
31 -0.120937 8.843378
25 -0.121135 9.021620
25 -0.118567 6.710276
33 -0.115558 4.002169
27 -0.116394 4.754416
failed to find solution after reaching max emtpy limit -- 33 iterations and 18 function evals
28 -0.116068 4.461436
22 -0.118828 6.944917
failed to find solution after reaching max emtpy limit -- 24 iterations and 15 function evals
31 -0.122111 9.899877
33 -0.116468 4.821132
23 -0.117511 5.759775
24 -0.116317 4.685273
22 -0.121450 9.304753
23 -0.121692 9.523209
32 -0.117090 5.381089
46 -0.121009 8.907840
failed to find solution after reaching max emtpy limit -- 26 iterations and 15 function evals
22 -0.115725 4.152897
failed to find solution after reaching max emtpy limit -- 29 iterations and 20 function evals
20 -0.120241 8.217222
23 -0.115119 3.606910
24 -0.116378 4.740513
failed to find solution after reaching max emtpy limit -- 35 iterations and 21 function evals
19 -0.118445 6.600061
25 -0.118636 6.771980
27 -0.119648 7.682956
22 -0.119785 7.806892
25 -0.118184 6.365965
26 -0.114880 3.392322
22 -0.117363 5.626565
21 -0.116316 4.684389
23 -0.121918 9.726445
24 -0.114874 3.386626
24 -0.121202 9.081907
27 -0.120710 8.638565
31 -0.121615 9.453250
18 -0.120202 8.181726
22 -0.118969 7.072451
21 -0.113936 2.542090
21 -0.114076 2.668552
38 -0.116198 4.578553
28 -0.120774 8.697004
25 -0.120676 8.608400
33 -0.115045 3.540121
26 -0.118764 6.887230
22 -0.117392 5.652846
22 -0.116941 5.247162
22 -0.121055 8.949694
34 -0.115699 4.128685
21 -0.115928 4.334899
22 -0.118354 6.518725
21 -0.117524 5.771539
19 -0.118745 6.870451
23 -0.117974 6.176798
16 -0.120341 8.306674
20 -0.122086 9.877552
22 -0.118597 6.737191
23 -0.122093 9.883579
24 -0.118051 6.245890
27 -0.118658 6.792512
20 -0.117749 5.973670
21 -0.118925 7.032594
29 -0.118967 7.069984
22 -0.115850 4.265164
21 -0.121009 8.907849
26 -0.116807 5.126304
27 -0.115943 4.348605
18 -0.118769 6.892420
24 -0.117516 5.764314
32 -0.115150 3.635264
38 -0.116800 5.120097
failed to find solution after reaching max emtpy limit -- 50 iterations and 22 function evals
28 -0.119056 7.150385
27 -0.117613 5.852125
34 -0.117113 5.401525
25 -0.121173 9.055272
30 -0.119110 7.198731
29 -0.121534 9.380561
30 -0.121395 9.255866
28 -0.121701 9.531319
failed to find solution after reaching max emtpy limit -- 43 iterations and 26 function evals
33 -0.121628 9.465188
25 -0.116824 5.141574
33 -0.115297 3.767673
failed to find solution after reaching max emtpy limit -- 41 iterations and 22 function evals
30 -0.118605 6.744889
