7 28.333395 5.555351
7 29.198939 2.670204
7 27.228019 9.239936
7 28.323172 5.589425
8 29.267620 2.441268
8 28.673921 4.420262
8 28.620515 4.598283
8 29.266263 2.445791
8 28.916899 3.610336
8 28.853730 3.820899
8 28.474314 5.085619
8 28.542518 4.858275
8 28.785129 4.049570
8 27.830039 7.233202
8 29.868778 0.437407
8 28.924377 3.585411
8 28.313927 5.620243
8 27.985623 6.714590
9 29.120659 2.931136
9 29.773075 0.756417
9 29.783263 0.722456
9 29.026679 3.244402
9 28.566717 4.777608
9 29.844904 0.516987
9 29.478045 1.739849
9 29.875925 0.413582
9 29.331415 2.228616
9 27.620354 7.932154
9 29.310679 2.297738
9 29.556109 1.479637
9 27.848439 7.171870
9 28.369838 5.433875
9 28.563542 4.788193
9 29.939553 0.201490
9 27.573914 8.086952
8 29.497767 1.674111
7 28.573947 4.753511
10 27.370798 8.764008
10 28.870442 3.765192
10 28.659133 4.469557
8 28.145729 6.180904
7 28.381988 5.393372
9 29.686238 1.045875
7 28.050187 6.499377
7 27.837060 7.209798
7 29.074296 3.085680
7 29.157458 2.808475
8 27.402493 8.658356
8 28.045493 6.515025
8 28.251623 5.827922
9 29.671487 1.095044
8 29.511273 1.629091
7 29.221168 2.596106
11 29.119342 2.935525
8 29.640639 1.197869
11 27.556153 8.146157
11 28.494441 5.018530
11 28.304958 5.650140
8 27.365879 8.780405
8 29.893959 0.353471
9 29.530922 1.563594
9 29.387155 2.042816
9 29.471997 1.760010
9 29.137135 2.876216
9 27.531469 8.228437
7 28.551446 4.828512
12 28.710122 4.299594
12 29.852170 0.492767
9 29.500719 1.664270
11 29.238334 2.538885
12 29.932182 0.226059
9 29.523143 1.589524
8 29.330826 2.230581
9 29.298399 2.338668
9 29.829008 0.569972
9 29.046477 3.178411
9 29.739180 0.869402
10 29.473912 1.753626
7 27.708595 7.638015
9 29.612998 1.290007
13 28.685011 4.383297
8 29.151549 2.828169
11 28.330545 5.564850
8 29.578504 1.404988
9 29.845119 0.516271
13 28.539128 4.869574
11 27.616291 7.945696
9 29.818066 0.606448
8 28.175488 6.081707
10 28.902060 3.659801
9 27.417856 8.607147
9 28.832691 3.891029
10 29.988535 0.038218
9 28.411017 5.296609
7 27.190201 9.365997
9 29.670199 1.099335
9 29.441880 1.860400
7 28.501831 4.993898
9 29.493597 1.688011
9 29.634668 1.217774
7 28.239135 5.869548
8 27.483297 8.389011
9 28.718689 4.271036
11 29.810571 0.631429
10 28.609409 4.635302
7 28.416787 5.277377
9 28.535362 4.882126
9 29.093013 3.023291
15 29.818427 0.605243
8 27.814865 7.283783
10 28.357669 5.474437
7 28.490486 5.031715
8 28.225478 5.915073
7 29.588972 1.370093
9 27.057610 9.807968
7 27.575490 8.081700
9 28.914631 3.617897
7 28.900415 3.665283
9 29.186128 2.712907
11 27.692509 7.691636
9 27.065651 9.781162
9 29.148410 2.838633
8 27.942042 6.859859
9 27.581174 8.062755
12 27.829965 7.233449
12 29.845363 0.515457
9 29.269282 2.435727
12 28.801059 3.996469
9 29.275108 2.416307
9 28.276842 5.743859
10 27.431644 8.561186
11 29.773404 0.755321
9 27.029746 9.900846
11 27.437612 8.541294
8 28.098206 6.339312
8 28.836732 3.877559
7 27.764396 7.452014
10 28.705337 4.315544
8 29.441577 1.861410
7 29.947778 0.174074
11 27.591564 8.028120
9 28.086281 6.379063
8 29.649919 1.166938
11 28.869155 3.769484
9 28.961658 3.461140
8 27.684577 7.718078
12 29.981578 0.061408
11 29.902659 0.324469
11 29.957484 0.141719
12 29.724390 0.918700
8 27.729022 7.569926
8 28.822494 3.925019
8 29.164740 2.784201
10 29.669434 1.101887
9 29.546972 1.510094
8 27.310609 8.964637
9 27.367871 8.773762
10 29.581014 1.396620
7 27.767219 7.442604
11 29.746900 0.843667
7 29.842887 0.523710
8 28.565815 4.780615
8 29.273012 2.423293
7 28.368175 5.439416
7 27.459689 8.467704
7 27.943649 6.854502
7 28.668460 4.438467
9 29.845178 0.516074
9 27.956464 6.811787
13 28.685113 4.382955
8 28.421574 5.261421
8 28.015312 6.615627
8 29.351489 2.161704
12 29.324699 2.251003
12 29.983214 0.055952
10 28.753613 4.154624
9 29.681194 1.062687
8 27.261204 9.129319
11 27.802955 7.323485
8 29.155650 2.814499
9 28.195078 6.016405
8 29.566642 1.444528
9 29.196081 2.679730
9 27.308702 8.970994
11 27.909814 6.967288
9 28.534698 4.884341
9 29.875317 0.415611
13 28.785274 4.049088
11 27.665766 7.780780
11 28.268187 5.772711
10 27.693419 7.688602
12 29.926888 0.243707
13 29.923399 0.255337
11 29.801922 0.660261
11 29.625394 1.248688
11 28.283248 5.722508
11 28.637551 4.541498
13 29.652091 1.159697
13 29.596178 1.346072
16 29.844016 0.519946
