18 -1.085571 8.557072
11 -1.045528 4.552766
20 -1.020216 2.021627
21 -1.040175 4.017461
21 -1.065526 6.552601
22 -1.066457 6.645658
22 -1.082304 8.230410
24 -1.079284 7.928445
24 -1.030502 3.050223
25 -1.059226 5.922573
29 -1.081220 8.122005
29 -1.062712 6.271162
21 -1.036884 3.688372
13 -1.095588 9.558825
13 -1.074706 7.470645
21 -1.028306 2.830571
26 -1.064581 6.458139
13 -1.051675 5.167486
13 -1.021755 2.175525
13 -1.043244 4.324418
13 -1.050147 5.014717
31 -1.027561 2.756060
13 -1.074649 7.464868
19 -1.020303 2.030317
29 -1.029164 2.916402
21 -1.032422 3.242197
37 -1.093072 9.307168
34 -1.027550 2.754953
36 -1.017957 1.795668
16 -1.047554 4.755389
16 -1.071877 7.187714
16 -1.062303 6.230271
39 -1.033625 3.362537
44 -1.072460 7.245974
46 -1.094530 9.452963
9 -1.070753 7.075338
44 -1.033367 3.336719
45 -1.037983 3.798331
25 -1.049539 4.953886
52 -1.040486 4.048568
19 -1.037215 3.721470
23 -1.025140 2.513960
34 -1.078444 7.844405
50 -1.021637 2.163699
55 -1.048219 4.821852
18 -1.043567 4.356683
54 -1.009766 0.976590
12 -1.067436 6.743610
54 -1.018081 1.808053
55 -1.020336 2.033617
56 -1.030610 3.061034
20 -1.051204 5.120353
28 -1.077841 7.784101
22 -1.061307 6.130699
25 -1.017933 1.793279
13 -1.047180 4.718035
16 -1.026638 2.663755
23 -1.030761 3.076136
11 -1.069832 6.983249
13 -1.026079 2.607942
30 -1.040062 4.006158
13 -1.087041 8.704074
17 -1.095699 9.569903
30 -1.030118 3.011827
32 -1.027749 2.774905
70 -1.060780 6.078020
35 -1.019037 1.903670
15 -1.051200 5.119959
28 -1.026891 2.689144
36 -1.060273 6.027287
23 -1.071860 7.185996
17 -1.068221 6.822109
37 -1.017376 1.737576
41 -1.050929 5.092883
43 -1.021276 2.127642
42 -1.076572 7.657230
25 -1.026205 2.620466
17 -1.052208 5.220784
21 -1.066359 6.635862
15 -1.023936 2.393640
34 -1.021664 2.166445
21 -1.030849 3.084881
13 -1.060414 6.041447
13 -1.085433 8.543343
20 -1.029037 2.903700
58 -1.098003 9.800288
33 -1.023836 2.383604
29 -1.048282 4.828160
15 -1.082948 8.294843
45 -1.046612 4.661184
25 -1.067664 6.766362
26 -1.027819 2.781850
15 -1.079690 7.968981
13 -1.048221 4.822107
29 -1.020490 2.048992
13 -1.021975 2.197518
26 -1.025093 2.509266
15 -1.022464 2.246418
15 -1.070890 7.088972
66 -1.024034 2.403435
38 -1.026756 2.675561
29 -1.029701 2.970062
25 -1.066184 6.618391
13 -1.030728 3.072770
15 -1.034565 3.456459
38 -1.074378 7.437848
23 -1.020951 2.095058
27 -1.022567 2.256681
36 -1.055183 5.518294
28 -1.044184 4.418373
21 -1.042732 4.273229
19 -1.094268 9.426840
11 -1.080904 8.090358
16 -1.032418 3.241805
39 -1.095225 9.522502
23 -1.028689 2.868914
19 -1.022180 2.217973
22 -1.088872 8.887218
15 -1.029853 2.985264
12 -1.064056 6.405601
45 -1.026903 2.690289
12 -1.053884 5.388445
20 -1.026512 2.651162
40 -1.079083 7.908278
26 -1.025723 2.572311
35 -1.039854 3.985373
35 -1.034029 3.402928
15 -1.028854 2.885425
35 -1.071176 7.117588
53 -1.023230 2.322968
21 -1.069456 6.945623
11 -1.082192 8.219170
16 -1.033270 3.326955
73 -1.084494 8.449361
24 -1.028056 2.805628
13 -1.026042 2.604211
23 -1.024066 2.406584
11 -1.093312 9.331187
59 -1.066190 6.618998
26 -1.028733 2.873279
36 -1.087246 8.724554
12 -1.066829 6.682882
18 -1.035549 3.554948
37 -1.018483 1.848307
25 -1.074508 7.450795
24 -1.022079 2.207892
31 -1.068619 6.861945
33 -1.068913 6.891332
32 -1.026480 2.648034
31 -1.023605 2.360476
17 -1.035382 3.538200
51 -1.099554 9.955435
25 -1.033688 3.368812
41 -1.024051 2.405088
40 -1.042873 4.287268
31 -1.054991 5.499086
82 -1.060416 6.041580
12 -1.063217 6.321732
32 -1.027812 2.781183
16 -1.052921 5.292101
47 -1.022318 2.231769
30 -1.058675 5.867481
29 -1.058176 5.817585
19 -1.037335 3.733511
26 -1.020454 2.045386
13 -1.048832 4.883202
11 -1.071408 7.140829
41 -1.017890 1.788982
29 -1.049175 4.917516
13 -1.075554 7.555413
15 -1.034619 3.461893
17 -1.027947 2.794719
20 -1.071008 7.100763
23 -1.030156 3.015590
42 -1.019026 1.902637
27 -1.083712 8.371230
27 -1.021608 2.160818
36 -1.029222 2.922221
55 -1.045728 4.572832
26 -1.093893 9.389281
12 -1.055947 5.594706
21 -1.022950 2.295033
40 -1.026354 2.635428
20 -1.037359 3.735921
38 -1.054680 5.467987
30 -1.023016 2.301638
13 -1.026925 2.692512
34 -1.037356 3.735594
29 -1.040980 4.097992
15 -1.047374 4.737441
34 -1.070166 7.016558
33 -1.026227 2.622742
35 -1.028123 2.812305
39 -1.090183 9.018344
40 -1.061339 6.133939
51 -1.095017 9.501664
20 -1.032249 3.224942
82 -1.024808 2.480812
58 -1.027226 2.722618
78 -1.066969 6.696869
