10 -1.073616 7.361645
10 -1.073668 7.366840
11 -1.054903 5.490348
11 -1.081789 8.178874
11 -1.060615 6.061452
12 -1.049784 4.978432
12 -1.097886 9.788620
12 -1.060117 6.011697
13 -1.072388 7.238804
13 -1.085667 8.566724
13 -1.044676 4.467596
13 -1.054506 5.450569
7 -1.071288 7.128756
13 -1.051244 5.124381
13 -1.098829 9.882867
14 -1.087194 8.719387
14 -1.093879 9.387943
14 -1.077757 7.775666
15 -1.054483 5.448321
15 -1.059219 5.921863
11 -1.049825 4.982534
15 -1.095117 9.511663
15 -1.072672 7.267176
15 -1.079578 7.957832
16 -1.039335 3.933505
16 -1.034460 3.445968
16 -1.081222 8.122178
11 -1.069463 6.946318
17 -1.087277 8.727685
17 -1.076708 7.670840
17 -1.068253 6.825339
11 -1.082081 8.208133
17 -1.065185 6.518455
18 -1.052126 5.212628
20 -1.038490 3.848999
13 -1.056944 5.694392
15 -1.078667 7.866712
11 -1.073775 7.377502
13 -1.070877 7.087658
11 -1.067008 6.700779
21 -1.064194 6.419365
15 -1.080776 8.077573
15 -1.069185 6.918491
22 -1.099551 9.955077
13 -1.066354 6.635418
14 -1.095270 9.526997
14 -1.022725 2.272529
13 -1.045193 4.519305
17 -1.098371 9.837131
24 -1.087110 8.711050
12 -1.037537 3.753684
11 -1.052816 5.281604
16 -1.086557 8.655705
12 -1.075223 7.522256
17 -1.055473 5.547310
15 -1.079555 7.955490
28 -1.067351 6.735103
13 -1.096002 9.600240
29 -1.071236 7.123567
25 -1.055864 5.586401
14 -1.055718 5.571809
24 -1.089151 8.915075
29 -1.072659 7.265919
17 -1.099940 9.993979
14 -1.062585 6.258548
7 -1.099694 9.969354
30 -1.023586 2.358630
15 -1.063574 6.357426
31 -1.089020 8.901951
15 -1.094684 9.468405
18 -1.042425 4.242513
15 -1.035918 3.591785
32 -1.084890 8.488952
15 -1.041809 4.180862
15 -1.093690 9.369021
10 -1.066154 6.615450
13 -1.063808 6.380756
33 -1.095487 9.548672
16 -1.036886 3.688578
20 -1.054091 5.409110
11 -1.070793 7.079309
10 -1.090605 9.060540
18 -1.078752 7.875216
13 -1.060521 6.052056
12 -1.071256 7.125584
19 -1.056330 5.632958
18 -1.058244 5.824402
15 -1.032486 3.248645
34 -1.081545 8.154451
12 -1.040907 4.090664
28 -1.090466 9.046572
32 -1.097479 9.747912
16 -1.093508 9.350787
33 -1.094972 9.497155
13 -1.054238 5.423799
10 -1.049303 4.930267
12 -1.072427 7.242714
15 -1.053159 5.315867
7 -1.099008 9.900840
9 -1.053252 5.325168
15 -1.090831 9.083107
19 -1.070835 7.083470
11 -1.046235 4.623527
18 -1.063473 6.347342
9 -1.087922 8.792199
29 -1.093867 9.386699
37 -1.088546 8.854550
14 -1.047620 4.761985
14 -1.066333 6.633271
14 -1.069653 6.965322
22 -1.042820 4.281964
11 -1.072048 7.204779
46 -1.099446 9.944630
12 -1.075031 7.503131
32 -1.094323 9.432331
36 -1.091644 9.164429
11 -1.076906 7.690568
13 -1.095291 9.529106
21 -1.048145 4.814452
15 -1.099290 9.929014
17 -1.051077 5.107734
14 -1.061459 6.145913
14 -1.065076 6.507638
16 -1.087915 8.791549
11 -1.059642 5.964235
50 -1.073431 7.343116
11 -1.052907 5.290674
failed to find solution after reaching max emtpy limit -- 14 iterations and 8 function evals
10 -1.095684 9.568398
27 -1.099428 9.942787
14 -1.081352 8.135241
12 -1.049820 4.982048
11 -1.054561 5.456148
13 -1.072965 7.296538
12 -1.063004 6.300437
15 -1.075466 7.546648
16 -1.089712 8.971174
29 -1.081117 8.111674
15 -1.075851 7.585081
10 -1.084827 8.482700
14 -1.082071 8.207061
13 -1.092707 9.270695
25 -1.098494 9.849404
23 -1.086420 8.642042
17 -1.061114 6.111430
23 -1.054922 5.492166
15 -1.080062 8.006180
13 -1.073315 7.331456
11 -1.072984 7.298397
15 -1.061683 6.168321
28 -1.093572 9.357176
14 -1.079193 7.919274
17 -1.073503 7.350301
29 -1.089540 8.954015
11 -1.098901 9.890103
21 -1.032231 3.223102
56 -1.097768 9.776835
12 -1.086243 8.624253
12 -1.066688 6.668831
13 -1.086715 8.671531
41 -1.087522 8.752242
failed to find solution after reaching max emtpy limit -- 19 iterations and 13 function evals
18 -1.073308 7.330850
15 -1.056593 5.659323
failed to find solution after reaching max emtpy limit -- 17 iterations and 11 function evals
12 -1.037935 3.793529
23 -1.091991 9.199072
26 -1.094907 9.490684
19 -1.083103 8.310276
62 -1.087082 8.708213
57 -1.088641 8.864138
55 -1.092597 9.259662
21 -1.091297 9.129743
38 -1.092548 9.254793
21 -1.063587 6.358734
30 -1.076014 7.601369
37 -1.091970 9.197037
40 -1.094123 9.412320
83 -1.062829 6.282941
75 -1.071906 7.190578
86 -1.076246 7.624606
65 -1.070296 7.029587
68 -1.094236 9.423603
63 -1.097063 9.706257
40 -1.096511 9.651065
91 -1.060993 6.099286
77 -1.096260 9.626048
39 -1.095611 9.561138
50 -1.086424 8.642352
46 -1.099683 9.968321
72 -1.083227 8.322712
100 -1.099047 9.904688
100 -1.097509 9.750924
90 -1.096935 9.693529
56 -1.086531 8.653131
58 -1.095980 9.598018
71 -1.056416 5.641591
92 -1.079529 7.952899
93 -1.025011 2.501124
96 -1.063388 6.338835
