16 -0.115627 4.064302
17 -0.121086 8.977373
20 -0.119853 7.867846
21 -0.121444 9.299863
18 -0.117014 5.312762
20 -0.116498 4.848568
19 -0.121208 9.087185
23 -0.122066 9.859581
20 -0.121148 9.033185
22 -0.121150 9.034812
24 -0.118446 6.601670
24 -0.118771 6.893593
24 -0.122092 9.883003
25 -0.120544 8.489343
24 -0.120149 8.133666
25 -0.117171 5.454230
25 -0.118439 6.594983
25 -0.120370 8.333242
23 -0.119334 7.400933
26 -0.118428 6.585359
25 -0.115443 3.898846
23 -0.118031 6.227812
25 -0.114616 3.154530
26 -0.119271 7.343709
28 -0.116197 4.577718
18 -0.118893 7.003312
27 -0.118840 6.955597
30 -0.116169 4.552130
25 -0.117410 5.668772
32 -0.118016 6.214539
31 -0.116989 5.289745
31 -0.118398 6.558605
31 -0.117207 5.486490
23 -0.122220 9.998390
24 -0.121905 9.714708
22 -0.117913 6.121498
33 -0.119901 7.910460
27 -0.118664 6.797591
20 -0.118114 6.302976
30 -0.115308 3.777103
24 -0.118932 7.038449
21 -0.114279 2.850767
29 -0.118050 6.244783
25 -0.119160 7.244028
37 -0.115310 3.779098
27 -0.119087 7.177853
26 -0.116214 4.592862
34 -0.119635 7.671653
40 -0.114452 3.006604
41 -0.116730 5.057436
24 -0.119626 7.663232
27 -0.115272 3.745225
19 -0.120789 8.709745
23 -0.117635 5.871784
24 -0.116899 5.208734
14 -0.119227 7.304152
40 -0.122067 9.860283
26 -0.119425 7.482636
24 -0.116644 4.979271
29 -0.121897 9.707536
30 -0.116215 4.593158
31 -0.114608 3.147403
32 -0.118559 6.703309
23 -0.118923 7.030610
23 -0.119486 7.537765
20 -0.119841 7.856674
34 -0.120276 8.248554
38 -0.116868 5.181409
26 -0.118295 6.465120
23 -0.120566 8.509844
27 -0.115557 4.001228
22 -0.118505 6.654614
23 -0.118018 6.216546
38 -0.121705 9.534920
20 -0.121168 9.051104
32 -0.119836 7.852364
22 -0.120485 8.436107
20 -0.119380 7.441802
24 -0.118880 6.991845
24 -0.117091 5.382342
29 -0.119439 7.495468
29 -0.120814 8.732540
24 -0.117486 5.737708
35 -0.118124 6.311784
24 -0.120927 8.834115
27 -0.119276 7.348197
22 -0.121939 9.744953
27 -0.116414 4.772934
22 -0.120783 8.704825
27 -0.116105 4.494089
24 -0.116510 4.859261
32 -0.115869 4.282508
24 -0.117359 5.622723
22 -0.117337 5.603039
38 -0.117398 5.658063
22 -0.117279 5.551338
34 -0.119850 7.864913
23 -0.120587 8.528073
38 -0.120646 8.581315
23 -0.121576 9.418466
29 -0.119470 7.523218
25 -0.119239 7.315317
28 -0.118164 6.348049
22 -0.116931 5.238242
18 -0.118041 6.236921
19 -0.119760 7.783776
29 -0.115438 3.894184
30 -0.118210 6.388653
41 -0.120972 8.874560
29 -0.119242 7.317909
34 -0.119011 7.109880
24 -0.115897 4.307582
26 -0.115972 4.374576
19 -0.116721 5.048978
28 -0.116332 4.698941
17 -0.116048 4.443627
25 -0.121887 9.698277
25 -0.119085 7.176259
33 -0.121767 9.590500
26 -0.118544 6.689684
23 -0.120264 8.237843
27 -0.117795 6.015225
21 -0.118962 7.065662
22 -0.120891 8.802231
27 -0.118383 6.544542
25 -0.121364 9.227175
25 -0.121576 9.418644
27 -0.115602 4.041882
31 -0.118259 6.433066
24 -0.120636 8.572512
41 -0.119387 7.448717
20 -0.122143 9.928959
25 -0.118809 6.928109
21 -0.121179 9.060887
28 -0.117630 5.867190
30 -0.121150 9.035386
26 -0.116612 4.950771
39 -0.118820 6.938073
25 -0.117484 5.735199
34 -0.117508 5.757290
25 -0.117305 5.574415
20 -0.119109 7.198450
29 -0.122184 9.965756
36 -0.116800 5.119884
28 -0.121506 9.355143
33 -0.116081 4.473082
20 -0.116412 4.771139
21 -0.119436 7.492821
22 -0.117712 5.941048
27 -0.118560 6.704397
35 -0.117712 5.940785
42 -0.122213 9.991616
23 -0.118180 6.362057
20 -0.118530 6.676776
24 -0.118762 6.885446
29 -0.114727 3.254560
38 -0.118664 6.797818
19 -0.120766 8.689590
35 -0.117592 5.832659
37 -0.121789 9.610418
22 -0.117590 5.831264
17 -0.120412 8.370580
20 -0.118963 7.066421
40 -0.115053 3.548135
23 -0.119223 7.300507
21 -0.120215 8.193896
27 -0.116422 4.779768
25 -0.122092 9.883241
25 -0.117991 6.192163
30 -0.116419 4.776718
25 -0.116800 5.120444
41 -0.121563 9.406273
23 -0.119615 7.653581
25 -0.118717 6.844939
26 -0.117206 5.484999
30 -0.116860 5.173845
28 -0.121247 9.122293
39 -0.118009 6.207766
22 -0.114917 3.425423
28 -0.119573 7.616130
37 -0.120043 8.038537
24 -0.117253 5.527843
23 -0.118938 7.043924
26 -0.115477 3.929464
32 -0.117147 5.431979
24 -0.116833 5.149712
30 -0.115525 3.972761
33 -0.118540 6.686373
45 -0.119363 7.426329
33 -0.117781 6.002919
29 -0.119152 7.236426
31 -0.119505 7.554703
32 -0.121425 9.282195
37 -0.118393 6.553255
36 -0.120774 8.696722
30 -0.115593 4.033461
39 -0.119567 7.609997
34 -0.116194 4.574938
53 -0.119270 7.343283
35 -0.115390 3.851017
