14 -1.956408 2.179588
15 -2.020039 1.001974
17 -1.963203 1.839830
17 -2.164979 8.248947
19 -2.075334 3.766719
19 -2.067846 3.392319
19 -1.864309 6.784568
19 -1.895865 5.206740
19 -1.927867 3.606641
19 -1.879639 6.018052
19 -2.042347 2.117359
18 -1.842654 7.867278
19 -2.083274 4.163711
19 -1.849141 7.542974
19 -1.864644 6.767781
19 -1.869875 6.506254
19 -2.106461 5.323029
22 -1.842719 7.864040
22 -2.185989 9.299431
21 -1.861059 6.947057
21 -1.842100 7.894997
22 -1.859195 7.040228
22 -1.857854 7.107318
22 -1.843956 7.802213
22 -1.842114 7.894282
21 -1.876147 6.192637
22 -1.928775 3.561250
22 -1.842107 7.894644
20 -1.910759 4.462061
22 -1.842921 7.853953
20 -1.851653 7.417341
22 -1.916724 4.163792
24 -1.956970 2.151476
23 -1.859601 7.019966
24 -1.875410 6.229505
24 -1.915636 4.218195
24 -2.193225 9.661239
23 -1.919490 4.025520
22 -1.901893 4.905360
24 -1.844163 7.791835
24 -1.875286 6.235712
26 -2.052728 2.636385
24 -1.857170 7.141483
26 -1.851030 7.448487
28 -1.864945 6.752766
15 -1.921776 3.911177
29 -1.926685 3.665732
17 -1.858109 7.094546
15 -2.153403 7.670134
17 -1.866391 6.680472
19 -2.137234 6.861687
19 -1.933057 3.347151
17 -2.039116 1.955797
24 -1.901607 4.919645
16 -1.887312 5.634395
22 -2.143882 7.194101
19 -1.966511 1.674453
22 -1.842666 7.866715
22 -1.917179 4.141030
19 -1.851621 7.418944
14 -2.037420 1.871012
17 -2.066635 3.331762
19 -2.080468 4.023409
19 -1.873368 6.331586
22 -2.070934 3.546702
29 -1.856814 7.159281
18 -1.850901 7.454964
27 -1.877883 6.105847
21 -1.843628 7.818608
19 -2.075413 3.770626
23 -1.851016 7.449211
19 -1.937297 3.135174
22 -1.846279 7.686056
24 -1.858656 7.067183
17 -2.158323 7.916143
25 -1.850032 7.498411
19 -1.855707 7.214645
24 -1.904830 4.758512
22 -1.902592 4.870414
22 -1.848890 7.555522
19 -2.149629 7.481460
26 -1.853181 7.340929
22 -1.879659 6.017030
23 -1.923385 3.830765
19 -1.970722 1.463909
27 -1.843417 7.829146
26 -1.844559 7.772070
27 -1.895103 5.244854
22 -1.880944 5.952811
28 -1.861729 6.913571
26 -1.955797 2.210151
22 -1.844724 7.763802
19 -2.099830 4.991489
18 -1.841246 7.937695
17 -1.847152 7.642382
24 -1.870928 6.453602
20 -1.873091 6.345472
17 -1.876617 6.169133
19 -1.854355 7.282271
19 -1.856902 7.154914
22 -1.889921 5.503933
15 -1.951441 2.427930
22 -1.844775 7.761247
22 -1.865396 6.730187
11 -2.072496 3.624797
22 -1.845266 7.736720
19 -2.098766 4.938304
23 -1.925632 3.718380
22 -1.951000 2.449978
24 -2.160757 8.037857
17 -1.939728 3.013607
19 -1.847228 7.638593
35 -1.867418 6.629094
19 -1.921639 3.918045
22 -1.914827 4.258646
22 -1.873235 6.338255
19 -1.904223 4.788855
21 -2.023121 1.156039
14 -1.906759 4.662074
19 -1.864956 6.752191
24 -1.872501 6.374933
22 -1.920254 3.987304
26 -1.912965 4.351736
21 -1.877931 6.103456
26 -1.883364 5.831785
22 -1.864446 6.777696
19 -1.899393 5.030351
38 -1.846735 7.663263
24 -1.969552 1.522407
26 -1.885786 5.710723
26 -1.861821 6.908954
23 -1.887310 5.634521
21 -1.867943 6.602867
22 -1.847614 7.619303
24 -1.857123 7.143870
19 -1.921364 3.931805
19 -1.939699 3.015032
24 -1.871281 6.435954
19 -1.995405 0.229733
17 -2.024863 1.243130
17 -1.942238 2.888082
17 -2.120230 6.011504
19 -1.988545 0.572757
19 -2.046836 2.341802
22 -1.841752 7.912392
22 -1.853209 7.339561
29 -1.864528 6.773613
17 -1.842640 7.868003
19 -1.858026 7.098717
19 -1.849462 7.526894
22 -1.870307 6.484651
19 -1.944253 2.787356
17 -2.110047 5.502327
25 -1.852415 7.379228
17 -1.877190 6.140509
19 -1.921858 3.907115
17 -1.871078 6.446115
11 -2.065815 3.290742
17 -1.853828 7.308576
15 -1.887864 5.606792
22 -1.873026 6.348696
22 -1.843916 7.804188
24 -1.846480 7.676022
22 -1.966430 1.678477
24 -1.862929 6.853572
24 -2.016452 0.822607
24 -1.906040 4.697993
22 -1.915880 4.205983
19 -1.850738 7.463086
26 -1.885743 5.712867
14 -1.970338 1.483109
19 -1.933215 3.339252
24 -1.861959 6.902059
22 -1.954535 2.273254
22 -1.843404 7.829812
24 -1.891950 5.402483
22 -1.846041 7.697936
17 -2.147106 7.355305
16 -1.956876 2.156194
17 -2.165586 8.279304
22 -1.904425 4.778745
24 -1.916959 4.152032
20 -1.888629 5.568557
19 -1.871827 6.408670
24 -1.853380 7.331017
24 -1.926288 3.685603
31 -2.044936 2.246808
22 -1.980024 0.998823
22 -1.876043 6.197856
18 -1.843249 7.837527
22 -1.934557 3.272151
19 -1.862198 6.890104
28 -1.853011 7.349444
20 -1.861447 6.927659
28 -1.855167 7.241649
26 -1.852751 7.362436
29 -1.872944 6.352812
31 -1.852032 7.398387
29 -1.853216 7.339195
20 -1.863844 6.807786
