21 -3.184314 1.546792
22 -3.313980 5.681816
26 -3.305139 5.399866
28 -3.377924 7.720968
29 -3.261462 4.007036
30 -3.292158 4.985933
30 -3.375212 7.634483
31 -3.299458 5.218709
29 -3.329132 6.164998
31 -3.228531 2.956868
34 -3.405668 8.605723
34 -3.344781 6.664049
35 -3.382128 7.855041
37 -3.313980 5.681817
38 -3.412333 8.818276
42 -3.447725 9.946905
45 -3.383399 7.895565
42 -3.369572 7.454632
42 -3.313844 5.677483
36 -3.313980 5.681816
38 -3.330032 6.193710
36 -3.356258 7.030048
52 -3.414026 8.872248
39 -3.444752 9.852105
46 -3.375475 7.642885
40 -3.202431 2.124564
53 -3.274027 4.407720
40 -3.442865 9.791913
25 -3.383989 7.914376
41 -3.430073 9.383986
52 -3.434813 9.535134
61 -3.444113 9.831718
60 -3.313987 5.682044
49 -3.358534 7.102640
34 -3.408774 8.704757
75 -3.388732 8.065650
43 -3.293885 5.041008
62 -3.404246 8.560380
68 -3.242602 3.405599
33 -3.446575 9.910215
52 -3.346139 6.707358
55 -3.313980 5.681815
63 -3.436959 9.603582
44 -3.234717 3.154150
57 -3.367277 7.381428
72 -3.427843 9.312885
71 -3.248714 3.600504
50 -3.274210 4.413574
56 -3.443879 9.824269
47 -3.313980 5.681816
95 -3.185181 1.574469
62 -3.248541 3.594993
32 -3.313980 5.681816
34 -3.311558 5.604576
34 -3.439628 9.688687
51 -3.412759 8.831838
59 -3.370873 7.496112
42 -3.306239 5.434958
90 -3.359394 7.130042
39 -3.430016 9.382161
32 -3.404887 8.580797
46 -3.195836 1.914240
35 -3.436371 9.584835
36 -3.313980 5.681816
42 -3.404894 8.581046
29 -3.313980 5.681816
33 -3.329033 6.161855
49 -3.435121 9.544960
32 -3.201679 2.100580
32 -3.206549 2.255862
63 -3.262843 4.051066
91 -3.432970 9.476373
69 -3.436113 9.576600
78 -3.239334 3.301377
90 -3.430487 9.397188
112 -3.353317 6.936274
107 -3.422071 9.128805
33 -3.313980 5.681816
25 -3.313980 5.681816
60 -3.218603 2.640263
69 -3.373790 7.589129
68 -3.335670 6.373504
38 -3.213346 2.472615
22 -3.168447 1.040803
114 -3.216232 2.564672
56 -3.436407 9.585987
72 -3.313980 5.681827
117 -3.313584 5.669179
75 -3.300771 5.260597
54 -3.408997 8.711866
23 -3.186634 1.620806
58 -3.404059 8.554409
25 -3.281205 4.636637
91 -3.200729 2.070277
76 -3.358156 7.090569
50 -3.193686 1.845667
29 -3.403559 8.538469
52 -3.428297 9.327342
40 -3.422635 9.146778
86 -3.377858 7.718867
115 -3.350482 6.845864
59 -3.232935 3.097318
60 -3.430096 9.384733
24 -3.295681 5.098263
122 -3.368671 7.425894
27 -3.424237 9.197874
62 -3.252050 3.706898
32 -3.415894 8.931838
33 -3.382025 7.851754
58 -3.371237 7.507724
118 -3.170710 1.112988
28 -3.312215 5.625530
60 -3.390759 8.130277
25 -3.263134 4.060352
34 -3.433431 9.491060
113 -3.217928 2.618741
143 -3.392750 8.193760
30 -3.409537 8.729114
25 -3.287091 4.824334
130 -3.445073 9.862317
69 -3.406379 8.628391
58 -3.348067 6.768847
25 -3.448998 9.987487
58 -3.313980 5.681811
59 -3.409197 8.718246
23 -3.393513 8.218083
45 -3.418659 9.020010
79 -3.230034 3.004798
51 -3.432557 9.463202
31 -3.325049 6.034816
56 -3.246386 3.526251
121 -3.415364 8.914927
42 -3.221834 2.743294
23 -3.436755 9.597058
70 -3.403350 8.531811
37 -3.426114 9.257743
40 -3.257514 3.881143
37 -3.383997 7.914624
23 -3.385299 7.956142
61 -3.383511 7.899146
24 -3.278713 4.557174
128 -3.419207 9.037462
82 -3.268324 4.225864
52 -3.247349 3.556969
106 -3.185031 1.569659
36 -3.426978 9.285287
80 -3.273088 4.377783
56 -3.440262 9.708917
69 -3.279371 4.578139
61 -3.395596 8.284524
38 -3.418364 9.010602
27 -3.357983 7.085058
67 -3.388456 8.056823
46 -3.448856 9.982985
26 -3.421856 9.121963
34 -3.399808 8.418857
37 -3.432381 9.457583
40 -3.220560 2.702670
40 -3.355364 7.001536
51 -3.343146 6.611908
58 -3.243623 3.438139
108 -3.355774 7.014621
52 -3.400653 8.445783
80 -3.421518 9.111181
53 -3.324107 6.004766
104 -3.429006 9.349968
57 -3.313986 5.682002
71 -3.250434 3.655351
139 -3.197298 1.960874
149 -3.347660 6.755875
104 -3.232811 3.093349
108 -3.226675 2.897674
139 -3.406234 8.623780
74 -3.434886 9.537482
90 -3.277067 4.504658
71 -3.435230 9.548443
131 -3.381604 7.838326
134 -3.439743 9.692350
53 -3.384942 7.944781
104 -3.280726 4.621344
148 -3.433191 9.483432
112 -3.395926 8.295048
146 -3.379674 7.776775
124 -3.411147 8.780433
110 -3.304275 5.372335
240 -3.438580 9.655266
136 -3.313991 5.682153
156 -3.313980 5.681812
208 -3.357932 7.083431
112 -3.319349 5.853045
173 -3.334396 6.332872
175 -3.413013 8.839959
235 -3.262320 4.034394
198 -3.421718 9.117546
245 -3.313980 5.681816
168 -3.437487 9.620419
236 -3.313965 5.681335
205 -3.426350 9.265249
266 -3.277676 4.524079
392 -3.225333 2.854890
