10 3385.612514 2.036675
10 3259.855580 5.675475
10 3395.469197 1.751470
11 3226.209266 6.649037
11 3412.808668 1.249749
11 3411.634671 1.283719
12 3145.864461 8.973829
12 3411.914534 1.275621
12 3136.791342 9.236362
13 3257.620726 5.740141
13 3289.071581 4.830105
13 3364.976503 2.633782
13 3155.533434 8.694056
13 3275.397352 5.225771
13 3127.237144 9.512814
13 3274.696372 5.246054
13 3191.985159 7.639318
13 3232.750175 6.459775
13 3195.757038 7.530178
13 3328.476554 3.689915
13 3367.351504 2.565061
13 3195.945362 7.524729
13 3368.090706 2.543672
14 3245.701475 6.085027
14 3336.175780 3.467136
14 3127.182865 9.514385
12 3231.046152 6.509081
14 3346.113805 3.179577
14 3231.423350 6.498167
13 3256.258478 5.779558
14 3278.951362 5.122935
14 3325.515071 3.775606
13 3238.029137 6.307027
14 3306.027847 4.339472
15 3310.889289 4.198805
15 3316.647932 4.032178
15 3381.668725 2.150789
13 3111.215619 9.976400
15 3390.288609 1.901371
15 3345.461489 3.198452
15 3248.483545 6.004527
16 3307.975795 4.283108
16 3410.290583 1.322610
13 3226.746316 6.633498
16 3406.334518 1.437080
12 3339.837258 3.361190
12 3256.026043 5.786283
14 3197.267977 7.486459
16 3400.468293 1.606820
12 3230.654690 6.520408
16 3189.897970 7.699712
13 3398.080220 1.675920
13 3122.569256 9.647880
17 3163.466810 8.464502
17 3423.671378 0.935435
17 3211.077986 7.086864
14 3378.553799 2.240920
16 3175.241007 8.123813
14 3354.057416 2.949728
13 3447.677984 0.240799
12 3328.045599 3.702384
14 3376.295470 2.306265
14 3427.496491 0.824754
14 3357.201117 2.858764
13 3252.109560 5.899608
13 3340.389816 3.345202
19 3132.014130 9.374591
12 3406.227226 1.440184
13 3302.333096 4.446380
12 3178.867972 8.018867
15 3290.950383 4.775741
14 3356.738393 2.872153
16 3448.407336 0.219695
15 3117.055174 9.807431
13 3354.958395 2.923658
11 3201.384005 7.367361
15 3234.624828 6.405532
15 3346.315345 3.173746
10 3346.423961 3.170603
14 3376.927953 2.287964
15 3418.115348 1.096199
12 3316.403394 4.039254
15 3445.606191 0.300747
16 3179.205126 8.009111
15 3354.989895 2.922746
13 3265.850114 5.502022
10 3201.553949 7.362444
15 3384.773099 2.060964
13 3313.858122 4.112902
14 3232.809245 6.458066
14 3420.119692 1.038203
14 3368.639884 2.527781
15 3322.427965 3.864932
16 3391.424368 1.868508
11 3362.109832 2.716729
15 3186.244961 7.805412
10 3116.830510 9.813932
14 3334.307234 3.521203
16 3432.275620 0.686469
13 3198.916965 7.438745
16 3138.157936 9.196819
15 3389.673963 1.919156
15 3292.853935 4.720662
11 3416.440001 1.144676
10 3208.357014 7.165596
13 3173.176034 8.183564
14 3121.515717 9.678365
18 3115.584540 9.849984
14 3281.248911 5.056455
19 3447.611692 0.242717
13 3406.361483 1.436300
12 3247.401111 6.035847
11 3312.721761 4.145782
15 3365.917339 2.606558
17 3135.838037 9.263946
13 3291.782085 4.751676
15 3271.950955 5.325493
11 3258.444577 5.716303
16 3152.810022 8.772858
14 3159.003162 8.593659
15 3297.780259 4.578117
14 3423.126223 0.951209
15 3149.340976 8.873236
12 3152.663186 8.777107
16 3443.171096 0.371207
12 3275.504948 5.222658
13 3192.449438 7.625884
14 3236.061641 6.363957
17 3364.081919 2.659667
16 3441.180242 0.428812
14 3188.650515 7.735807
14 3377.632480 2.267579
13 3320.346407 3.925162
13 3423.906105 0.928643
17 3198.493082 7.451010
14 3302.746804 4.434410
14 3416.605092 1.139899
15 3297.417352 4.588618
16 3220.029405 6.827853
13 3381.801584 2.146945
12 3333.980310 3.530662
15 3348.510932 3.110216
15 3442.985384 0.376580
13 3300.010230 4.513593
14 3307.484958 4.297310
16 3165.848392 8.395590
17 3355.071880 2.920374
14 3249.255043 5.982204
12 3209.535954 7.131483
15 3346.573031 3.166290
17 3351.237118 3.031333
13 3230.840989 6.515018
15 3416.774996 1.134983
12 3169.924479 8.277648
14 3176.547584 8.086007
14 3216.248587 6.937252
16 3417.539254 1.112869
16 3225.454340 6.670881
11 3136.948144 9.231825
18 3144.762210 9.005723
20 3450.721754 0.152727
13 3134.596821 9.299860
14 3333.803182 3.535788
13 3363.881772 2.665458
15 3409.464916 1.346501
13 3357.368046 2.853934
13 3191.223361 7.661361
11 3170.737805 8.254114
19 3130.457440 9.419634
18 3273.953137 5.267560
13 3441.279387 0.425944
14 3191.194568 7.662194
13 3193.044042 7.608679
16 3193.426953 7.597600
13 3298.614811 4.553970
16 3448.895712 0.205564
16 3227.457507 6.612919
18 3388.277650 1.959559
15 3448.851908 0.206831
15 3316.440957 4.038167
14 3376.603384 2.297356
13 3251.881253 5.906214
14 3418.693056 1.079483
13 3327.059798 3.730909
14 3319.871508 3.938903
16 3342.491476 3.284390
15 3183.416307 7.887260
15 3443.507514 0.361472
21 3125.822225 9.553755
15 3431.666608 0.704091
15 3338.832564 3.390261
15 3428.973594 0.782014
15 3129.385585 9.450649
18 3443.465254 0.362695
16 3185.563749 7.825123
17 3451.211701 0.138550
17 3168.657161 8.314318
20 3214.116073 6.998956
17 3195.747296 7.530460
24 3197.942228 7.466949
