7 -0.250126 0.050262
7 -0.262677 5.070733
11 -0.257245 2.898173
12 -0.259259 3.703569
12 -0.256417 2.566943
15 -0.251414 0.565750
16 -0.250433 0.173199
17 -0.250235 0.094194
12 -0.250811 0.324276
19 -0.251053 0.421359
20 -0.250380 0.152034
20 -0.253021 1.208384
21 -0.250025 0.010083
23 -0.262035 4.814059
8 -0.257426 2.970275
21 -0.261146 4.458419
23 -0.272937 9.174925
24 -0.264219 5.687764
24 -0.258429 3.371793
25 -0.268908 7.563026
25 -0.250125 0.049956
27 -0.254476 1.790303
25 -0.267852 7.140984
28 -0.250108 0.043158
28 -0.254144 1.657673
29 -0.250923 0.369144
29 -0.269139 7.655497
29 -0.251247 0.498673
29 -0.250065 0.025893
29 -0.256000 2.399934
12 -0.268838 7.535015
13 -0.250002 0.000948
31 -0.252052 0.820975
32 -0.273386 9.354442
32 -0.262438 4.975348
15 -0.265321 6.128420
32 -0.273476 9.390482
32 -0.270946 8.378446
32 -0.251425 0.569992
32 -0.263433 5.373090
33 -0.264467 5.786859
9 -0.251384 0.553490
33 -0.256553 2.621063
7 -0.251141 0.456409
33 -0.269038 7.615288
15 -0.266509 6.603473
36 -0.261425 4.569971
23 -0.255311 2.124273
36 -0.259648 3.859073
37 -0.262832 5.132949
37 -0.261360 4.544067
37 -0.263249 5.299627
39 -0.267109 6.843749
33 -0.250517 0.206878
40 -0.265978 6.391170
16 -0.250127 0.050945
40 -0.254115 1.645918
13 -0.251112 0.444703
41 -0.267283 6.913153
35 -0.256026 2.410270
41 -0.266528 6.611095
40 -0.250523 0.209220
43 -0.253107 1.242765
23 -0.273680 9.472119
36 -0.255607 2.242737
28 -0.265925 6.370010
16 -0.250828 0.331362
19 -0.261271 4.508413
37 -0.252058 0.823375
15 -0.270264 8.105411
13 -0.250425 0.170048
25 -0.250018 0.007116
23 -0.262493 4.997016
36 -0.255872 2.348663
37 -0.264980 5.991982
17 -0.250095 0.037909
13 -0.250072 0.028914
29 -0.250047 0.018735
36 -0.263736 5.494343
25 -0.274589 9.835466
27 -0.252510 1.004038
24 -0.265692 6.276813
33 -0.265001 6.000444
29 -0.271853 8.741269
36 -0.263927 5.570868
39 -0.252236 0.894531
21 -0.265501 6.200454
24 -0.274378 9.751363
25 -0.271847 8.738805
13 -0.254639 1.855468
11 -0.268052 7.220914
9 -0.250007 0.002639
16 -0.251816 0.726571
35 -0.255855 2.341891
33 -0.267088 6.835318
28 -0.274826 9.930286
32 -0.252509 1.003635
33 -0.269044 7.617481
33 -0.259028 3.611126
32 -0.255203 2.081095
16 -0.265525 6.210087
28 -0.250438 0.175372
31 -0.263819 5.527460
29 -0.258405 3.361811
25 -0.257606 3.042455
40 -0.250067 0.026840
29 -0.251667 0.666622
39 -0.250259 0.103777
45 -0.251124 0.449788
43 -0.251833 0.733357
36 -0.260400 4.160128
28 -0.273485 9.394064
33 -0.269502 7.800917
33 -0.255237 2.094654
41 -0.250000 0.000073
23 -0.259411 3.764304
29 -0.250370 0.148106
45 -0.260143 4.057364
25 -0.268165 7.265968
12 -0.250283 0.113155
28 -0.250326 0.130475
33 -0.257951 3.180491
21 -0.261601 4.640264
21 -0.267919 7.167624
37 -0.250626 0.250369
37 -0.260124 4.049796
12 -0.258097 3.238822
32 -0.252633 1.053142
31 -0.251113 0.445318
37 -0.273844 9.537513
25 -0.273655 9.462031
15 -0.269778 7.911122
35 -0.250000 0.000125
37 -0.253188 1.275145
23 -0.254299 1.719467
37 -0.263570 5.427860
35 -0.250209 0.083787
15 -0.250702 0.280647
33 -0.250728 0.291337
28 -0.250499 0.199764
24 -0.264874 5.949743
23 -0.265938 6.375103
32 -0.262025 4.810098
31 -0.259440 3.775906
37 -0.267353 6.941210
13 -0.250668 0.267306
36 -0.253895 1.558116
31 -0.250296 0.118287
28 -0.259196 3.678367
33 -0.250705 0.282091
36 -0.251414 0.565538
45 -0.258157 3.262644
32 -0.263632 5.452612
27 -0.253753 1.501230
25 -0.257608 3.043121
39 -0.253590 1.435954
40 -0.258926 3.570217
11 -0.270349 8.139554
48 -0.250864 0.345699
29 -0.272567 9.026778
35 -0.250511 0.204354
33 -0.264447 5.778615
44 -0.257543 3.017014
37 -0.250345 0.137905
44 -0.250000 0.000050
40 -0.263421 5.368340
29 -0.271353 8.541363
33 -0.251740 0.696104
29 -0.255919 2.367576
31 -0.256669 2.667755
39 -0.250673 0.269300
39 -0.251861 0.744275
17 -0.270066 8.026320
29 -0.259287 3.714842
25 -0.256685 2.673849
36 -0.255529 2.211776
37 -0.258876 3.550401
35 -0.262596 5.038405
23 -0.256066 2.426381
39 -0.252438 0.975221
32 -0.267363 6.945373
37 -0.257262 2.904916
33 -0.254303 1.721213
33 -0.261430 4.571984
36 -0.259700 3.880181
43 -0.255382 2.152842
36 -0.260358 4.143132
41 -0.271614 8.645496
35 -0.260431 4.172488
28 -0.250897 0.358785
33 -0.255483 2.193204
33 -0.251141 0.456224
39 -0.257765 3.105928
33 -0.250246 0.098428
40 -0.263574 5.429657
37 -0.256319 2.527766
41 -0.250057 0.022718
49 -0.250487 0.194613
43 -0.262400 4.959810
44 -0.262587 5.034954
