15 14.047248 6.351683
16 14.082414 6.117241
16 14.300361 4.664259
16 14.221563 5.189581
16 13.769050 8.206337
17 14.459699 3.602008
17 14.397410 4.017264
17 14.615114 2.565905
18 14.179359 5.470941
18 13.653212 8.978587
18 13.705862 8.627584
19 14.370058 4.199610
19 13.882589 7.449404
19 14.670442 2.197051
19 13.878954 7.473641
19 14.051084 6.326104
19 13.585126 9.432492
19 14.296401 4.690659
19 14.292009 4.719938
19 14.392693 4.048714
20 14.716862 1.887587
16 13.563279 9.578142
20 14.193902 5.373989
20 14.539191 3.072062
20 14.430220 3.798536
21 14.634971 2.433528
21 14.123375 5.844164
21 13.999975 6.666835
22 14.110666 5.928895
22 14.504760 3.301598
22 14.132207 5.785287
18 13.782038 8.119745
22 14.688191 2.078725
22 14.434675 3.768836
17 14.438232 3.745119
22 14.134689 5.768742
23 13.964224 6.905173
23 14.881939 0.787071
19 14.181850 5.454334
19 14.469868 3.534216
16 14.223506 5.176627
19 13.677901 8.813995
24 13.948560 7.009602
24 14.432042 3.786389
24 13.897091 7.352729
24 14.446480 3.690134
24 14.554991 2.966728
24 14.275155 4.832298
24 14.549419 3.003871
17 14.459373 3.604178
25 14.011365 6.590899
25 14.705765 1.961566
25 14.434479 3.770137
17 14.420532 3.863121
18 13.710856 8.594292
17 14.279579 4.802807
20 13.717858 8.547612
22 13.683346 8.777690
17 14.112005 5.919964
20 13.525280 9.831470
22 13.604279 9.304810
28 14.298467 4.676888
21 14.427266 3.818225
19 14.122312 5.851256
18 14.105589 5.962739
17 13.743208 8.378612
19 14.788679 1.408804
19 13.671942 8.853723
24 14.709625 1.935833
24 14.163555 5.576298
30 13.639239 9.071739
19 13.988728 6.741815
18 14.151508 5.656611
18 14.282676 4.782158
20 13.782121 8.119193
23 13.905200 7.298668
19 14.674425 2.170502
16 14.025978 6.493479
22 14.302025 4.653169
18 14.255451 4.963661
23 14.798921 1.340525
22 14.427097 3.819351
19 14.565195 2.898701
19 13.951346 6.991024
23 14.341354 4.390975
23 14.525748 3.161677
33 14.386102 4.092654
19 13.617724 9.215171
21 14.855691 0.962057
26 14.082377 6.117485
20 13.864958 7.566947
22 13.754701 8.301994
17 13.974135 6.839100
22 14.274792 4.834719
26 14.381978 4.120144
17 14.189614 5.402573
15 14.218170 5.212202
17 14.036911 6.420596
24 14.492522 3.383186
19 14.299901 4.667326
27 13.642146 9.052363
24 14.037159 6.418937
24 14.489487 3.403420
27 13.824634 7.835776
18 14.267841 4.881063
29 14.320730 4.528468
19 13.803206 7.978627
16 13.569599 9.536004
23 14.462812 3.581255
29 14.275996 4.826695
15 14.115778 5.894814
22 14.526061 3.159595
26 14.336977 4.420151
19 13.695980 8.693469
21 14.009425 6.603832
17 14.698939 2.007071
25 14.314084 4.572774
15 14.207973 5.280181
19 14.688293 2.078048
22 14.324498 4.503347
19 13.884728 7.435146
19 14.241701 5.055327
20 13.861862 7.587588
16 13.651194 8.992042
25 13.721089 8.526073
21 14.305424 4.630507
25 14.591856 2.720959
23 14.932219 0.451872
21 14.596870 2.687533
24 14.095913 6.027250
24 13.957248 6.951683
22 13.996387 6.690751
20 14.446191 3.692061
24 14.868018 0.879881
18 14.476606 3.489294
22 13.674164 8.838906
19 13.918621 7.209192
22 14.838781 1.074795
25 14.644019 2.373209
17 13.831353 7.790983
19 14.405058 3.966281
23 14.075397 6.164021
28 14.784465 1.436903
23 14.388751 4.074995
22 14.149530 5.669797
23 14.581457 2.790287
23 14.265171 4.898858
20 14.022168 6.518883
22 13.902799 7.314676
23 14.573488 2.843411
25 14.384346 4.104361
26 14.590611 2.729258
17 14.606087 2.626086
20 14.047703 6.348644
20 14.928326 0.477825
23 14.594691 2.702059
16 14.168696 5.542028
19 13.872279 7.518138
29 14.439123 3.739180
25 13.950254 6.998308
21 13.595659 9.362276
20 14.283204 4.778639
23 14.118679 5.875473
22 14.783664 1.442237
23 13.867821 7.547861
22 14.523469 3.176876
17 14.186197 5.425356
20 13.683133 8.779117
19 14.220755 5.194970
27 14.676911 2.153926
24 13.708582 8.609452
21 14.774933 1.500445
26 13.852338 7.651081
20 13.858098 7.612679
17 14.299385 4.670766
21 14.394306 4.037958
33 14.838986 1.073426
20 14.248020 5.013200
24 14.027395 6.484033
26 14.462675 3.582169
24 14.653404 2.310640
18 14.163455 5.576964
20 14.343626 4.375827
23 14.193690 5.375403
24 14.550181 2.998790
24 14.803769 1.308209
23 14.403480 3.976803
20 14.150084 5.666107
21 13.944906 7.033960
26 14.519623 3.202515
23 14.637715 2.415232
24 14.498399 3.344005
22 14.179814 5.467908
28 14.325391 4.497395
24 13.664000 8.906667
25 14.510358 3.264278
24 14.478465 3.476901
24 14.699708 2.001944
25 14.394782 4.034784
26 14.737405 1.750633
