7 7.813316 8.062023
7 8.008136 5.769609
8 7.802333 8.191259
8 7.974049 6.170709
8 8.149817 4.102472
9 8.265017 2.746930
9 7.934925 6.631076
9 7.740279 8.921443
9 7.876767 7.315404
9 7.925052 6.747242
9 7.946479 6.495115
9 7.775764 8.503891
9 7.820330 7.979494
9 8.307969 2.241520
9 8.092481 4.777138
9 7.701971 9.372205
10 7.970251 6.215399
7 7.686684 9.552086
10 7.698938 9.407886
10 7.700363 9.391121
10 8.128256 4.356180
10 7.690382 9.508573
8 8.129096 4.346295
10 7.673828 9.703362
11 8.010881 5.737307
11 7.807856 8.126270
11 8.067533 5.070698
11 8.148642 4.116301
11 7.969307 6.226504
11 8.227380 3.189801
8 7.883940 7.230997
12 7.864660 7.457872
12 7.848317 7.650167
12 8.052630 5.246058
12 7.904960 6.983662
9 8.224567 3.222898
8 8.055697 5.209972
12 7.996360 5.908180
9 7.949973 6.454003
13 7.827630 7.893595
10 8.097896 4.713420
10 7.920543 6.800307
11 7.778704 8.469292
8 7.809792 8.103491
12 7.681244 9.616088
9 8.339707 1.868069
10 7.734873 8.985047
7 7.707579 9.306210
9 8.087321 4.837855
9 7.891538 7.141599
11 8.190673 3.621729
10 8.081369 4.907894
14 7.721605 9.141178
11 7.994055 5.935296
14 7.823003 7.948044
14 7.662333 9.838612
10 7.928114 6.711210
15 7.809857 8.102731
15 7.836569 7.788406
7 7.811759 8.080347
8 7.804508 8.165666
9 7.738857 8.938166
8 7.796218 8.263208
13 7.891397 7.143258
9 7.750889 8.796597
10 7.698039 9.418464
10 7.884793 7.220963
7 8.222280 3.249809
12 7.654790 9.927375
9 7.936839 6.608546
10 7.747857 8.832274
13 7.690190 9.510830
11 7.809042 8.112318
11 8.075019 4.982613
10 7.721621 9.140981
9 8.098427 4.707173
11 7.671573 9.729884
12 7.759253 8.698172
11 8.094995 4.747557
12 7.846348 7.673337
8 7.655173 9.922866
13 7.704868 9.338118
8 8.037044 5.429456
12 7.803843 8.173495
9 8.035101 5.452314
11 7.921814 6.785341
18 7.782570 8.423810
14 7.816485 8.024739
21 7.674548 9.694889
13 7.861391 7.496334
11 7.950088 6.452656
10 7.949243 6.462594
14 7.806217 8.145562
11 7.828220 7.886648
13 8.028522 5.529731
17 7.717189 9.193133
12 8.265639 2.739616
9 8.029532 5.517851
9 7.841770 7.727206
12 7.879813 7.279568
8 8.070709 5.033325
18 7.688524 9.530428
7 8.238371 3.060472
12 7.754679 8.751999
17 7.690236 9.510288
10 7.755807 8.738723
failed to find solution after reaching max emtpy limit -- 17 iterations and 10 function evals
13 7.687205 9.545948
failed to find solution after reaching max emtpy limit -- 17 iterations and 11 function evals
14 7.977028 6.135656
8 8.165044 3.923300
12 7.811564 8.082634
13 7.878782 7.291700
18 7.733393 9.002459
13 7.676078 9.676878
failed to find solution after reaching max emtpy limit -- 18 iterations and 12 function evals
12 7.943467 6.530562
10 8.203699 3.468447
failed to find solution after reaching max emtpy limit -- 19 iterations and 13 function evals
14 7.724136 9.111388
9 7.835970 7.795459
10 7.711350 9.261842
failed to find solution after reaching max emtpy limit -- 17 iterations and 11 function evals
9 7.868919 7.407750
11 7.728628 9.058530
10 7.968511 6.235865
11 8.122784 4.420568
8 8.097288 4.720571
9 7.801336 8.202985
failed to find solution after reaching max emtpy limit -- 21 iterations and 12 function evals
13 7.735565 8.976906
8 8.181193 3.733278
8 7.949633 6.458007
10 8.306371 2.260328
failed to find solution after reaching max emtpy limit -- 18 iterations and 12 function evals
14 7.710747 9.268933
12 7.868631 7.411141
12 7.818753 7.998043
10 8.198680 3.527514
13 7.927896 6.713779
12 7.715178 9.216793
8 7.760945 8.678262
16 7.839447 7.754549
9 8.040326 5.390834
9 8.208287 3.414465
16 7.765820 8.620898
11 8.014472 5.695052
19 7.734911 8.984603
10 7.746246 8.851220
failed to find solution after reaching max emtpy limit -- 18 iterations and 12 function evals
9 7.664493 9.813203
8 7.774188 8.522442
10 8.217069 3.311129
8 7.893152 7.122604
12 7.749286 8.815457
failed to find solution after reaching max emtpy limit -- 17 iterations and 11 function evals
9 7.992484 5.953783
9 7.726800 9.080039
34 7.665980 9.795703
17 7.685367 9.567581
9 7.848857 7.643820
failed to find solution after reaching max emtpy limit -- 28 iterations and 13 function evals
11 7.999925 5.866222
failed to find solution after reaching max emtpy limit -- 17 iterations and 11 function evals
11 7.741301 8.909408
failed to find solution after reaching max emtpy limit -- 18 iterations and 11 function evals
11 7.870592 7.388070
12 7.988697 5.998350
13 7.921042 6.794426
13 8.050180 5.274887
12 7.677081 9.665074
failed to find solution after reaching max emtpy limit -- 29 iterations and 11 function evals
failed to find solution after reaching max emtpy limit -- 28 iterations and 13 function evals
failed to find solution after reaching max emtpy limit -- 19 iterations and 13 function evals
failed to find solution after reaching max emtpy limit -- 18 iterations and 12 function evals
failed to find solution after reaching max emtpy limit -- 24 iterations and 13 function evals
failed to find solution after reaching max emtpy limit -- 15 iterations and 9 function evals
failed to find solution after reaching max emtpy limit -- 17 iterations and 11 function evals
26 7.715092 9.217808
failed to find solution after reaching max emtpy limit -- 17 iterations and 11 function evals
failed to find solution after reaching max emtpy limit -- 39 iterations and 29 function evals
failed to find solution after reaching max emtpy limit -- 18 iterations and 12 function evals
26 7.652204 9.957800
failed to find solution after reaching max emtpy limit -- 20 iterations and 10 function evals
31 7.680069 9.629917
failed to find solution after reaching max emtpy limit -- 21 iterations and 12 function evals
failed to find solution after reaching max emtpy limit -- 31 iterations and 15 function evals
failed to find solution after reaching max emtpy limit -- 22 iterations and 10 function evals
failed to find solution after reaching max emtpy limit -- 27 iterations and 16 function evals
20 7.717174 9.193312
failed to find solution after reaching max emtpy limit -- 23 iterations and 12 function evals
failed to find solution after reaching max emtpy limit -- 21 iterations and 15 function evals
failed to find solution after reaching max emtpy limit -- 28 iterations and 10 function evals
failed to find solution after reaching max emtpy limit -- 67 iterations and 61 function evals
failed to find solution after reaching max emtpy limit -- 31 iterations and 12 function evals
failed to find solution after reaching max emtpy limit -- 31 iterations and 13 function evals
failed to find solution after reaching max emtpy limit -- 40 iterations and 20 function evals
40 7.687900 9.537779
failed to find solution after reaching max emtpy limit -- 62 iterations and 18 function evals
34 7.722660 9.128754
