21 -3.396298 8.306905
22 -3.221859 2.744101
23 -3.164431 0.912735
23 -3.311222 5.593865
23 -3.313980 5.681816
23 -3.165034 0.931983
23 -3.185815 1.594667
23 -3.237754 3.250979
24 -3.267107 4.187060
24 -3.383291 7.892130
24 -3.205958 2.237042
24 -3.382089 7.853785
24 -3.200528 2.063875
24 -3.170139 1.094784
25 -3.302824 5.326062
25 -3.180762 1.433531
25 -3.147469 0.371840
22 -3.313980 5.681816
25 -3.408931 8.709782
26 -3.182882 1.501137
26 -3.233733 3.122770
26 -3.404319 8.562691
27 -3.224564 2.830370
27 -3.227556 2.925796
22 -3.247030 3.546802
28 -3.431917 9.442804
22 -3.432705 9.467923
22 -3.436423 9.586476
28 -3.313980 5.681816
28 -3.312012 5.619044
28 -3.276518 4.487149
29 -3.407431 8.661945
29 -3.378696 7.745585
24 -3.349979 6.829823
29 -3.191382 1.772213
29 -3.164051 0.900615
30 -3.351655 6.883257
25 -3.138556 0.087610
23 -3.313980 5.681816
20 -3.217501 2.605132
30 -3.313980 5.681816
30 -3.313980 5.681816
23 -3.353948 6.956397
27 -3.307735 5.482657
20 -3.313980 5.681816
31 -3.350626 6.850455
24 -3.313980 5.681816
24 -3.313980 5.681816
31 -3.166825 0.989072
25 -3.422684 9.148346
32 -3.411891 8.804159
32 -3.281513 4.646452
26 -3.204367 2.186275
32 -3.278984 4.565803
24 -3.377720 7.714480
21 -3.235774 3.187844
33 -3.209460 2.348690
25 -3.222540 2.765816
33 -3.296112 5.112018
24 -3.221920 2.746059
28 -3.313980 5.681816
28 -3.313980 5.681816
25 -3.313980 5.681816
34 -3.188671 1.685752
34 -3.330699 6.214967
22 -3.313980 5.681816
24 -3.189773 1.720881
24 -3.313980 5.681816
26 -3.227070 2.910277
36 -3.428833 9.344437
22 -3.313980 5.681816
31 -3.313980 5.681816
23 -3.420493 9.078497
32 -3.295255 5.084689
28 -3.313980 5.681816
22 -3.268732 4.238872
24 -3.430175 9.387238
38 -3.383138 7.887254
24 -3.313980 5.681816
33 -3.182711 1.495679
26 -3.362307 7.222943
24 -3.313980 5.681816
27 -3.161692 0.825390
28 -3.255710 3.823616
24 -3.434958 9.539757
22 -3.313980 5.681816
30 -3.218631 2.641169
27 -3.198350 1.994418
24 -3.313980 5.681816
27 -3.313980 5.681816
35 -3.384205 7.921259
28 -3.208978 2.333323
29 -3.403545 8.538020
29 -3.190311 1.738034
32 -3.178100 1.348629
24 -3.313980 5.681816
32 -3.261126 3.996314
27 -3.313980 5.681816
28 -3.186548 1.618033
28 -3.306877 5.455297
44 -3.188982 1.695652
35 -3.313980 5.681816
29 -3.313980 5.681816
38 -3.313980 5.681816
44 -3.313980 5.681816
22 -3.271129 4.315300
27 -3.313524 5.667275
26 -3.313980 5.681816
22 -3.146849 0.352068
34 -3.200862 2.074510
27 -3.211475 2.412955
33 -3.333289 6.297588
25 -3.209624 2.353935
24 -3.414023 8.872167
25 -3.347907 6.763727
34 -3.239787 3.315833
36 -3.440185 9.706446
23 -3.313980 5.681816
37 -3.205639 2.226870
22 -3.313980 5.681816
27 -3.163577 0.885517
27 -3.313980 5.681816
37 -3.379185 7.761191
47 -3.309479 5.538295
23 -3.313980 5.681816
35 -3.313980 5.681816
22 -3.313980 5.681816
28 -3.313980 5.681816
30 -3.313980 5.681816
38 -3.237243 3.234707
22 -3.313980 5.681816
34 -3.248041 3.579036
22 -3.204229 2.181905
29 -3.313980 5.681816
27 -3.313980 5.681816
22 -3.247587 3.564577
22 -3.313980 5.681816
25 -3.313980 5.681816
23 -3.313980 5.681816
25 -3.313980 5.681816
37 -3.282368 4.673713
28 -3.175690 1.271798
24 -3.326414 6.078348
35 -3.313980 5.681816
30 -3.264261 4.096289
24 -3.187092 1.635403
27 -3.313980 5.681816
28 -3.257497 3.880592
26 -3.200699 2.069328
24 -3.313980 5.681816
26 -3.313980 5.681816
23 -3.313980 5.681816
26 -3.177299 1.323093
25 -3.313980 5.681816
27 -3.313980 5.681816
26 -3.313980 5.681816
24 -3.194126 1.859709
32 -3.313980 5.681816
36 -3.313980 5.681816
22 -3.141321 0.175761
23 -3.259086 3.931264
22 -3.313980 5.681816
34 -3.313980 5.681816
32 -3.208934 2.331917
26 -3.278360 4.545893
25 -3.312998 5.650510
28 -3.374958 7.626377
36 -3.420524 9.079465
24 -3.406082 8.618921
25 -3.313980 5.681816
25 -3.296611 5.127927
30 -3.313980 5.681816
28 -3.208019 2.302746
33 -3.421390 9.107092
33 -3.441936 9.762279
27 -3.256695 3.855004
31 -3.310977 5.586039
35 -3.240151 3.327426
25 -3.313980 5.681816
27 -3.313980 5.681816
34 -3.313980 5.681816
32 -3.267892 4.212069
26 -3.313980 5.681816
35 -3.394714 8.256384
33 -3.313980 5.681816
27 -3.313980 5.681816
34 -3.227316 2.918133
34 -3.283268 4.702424
28 -3.302545 5.317155
48 -3.313980 5.681816
36 -3.423973 9.189449
36 -3.313980 5.681816
40 -3.247337 3.556599
48 -3.313980 5.681816
32 -3.303644 5.352202
47 -3.313980 5.681816
33 -3.309056 5.524791
35 -3.313980 5.681816
42 -3.219972 2.683943
37 -3.270221 4.286347
