8 0.911758 8.824219
9 0.922769 7.723085
9 0.917475 8.252472
9 0.910954 8.904595
9 0.955229 4.477121
9 0.967952 3.204778
24 0.939722 6.027751
11 0.953966 4.603425
11 0.948740 5.125993
11 0.921676 7.832394
11 0.918774 8.122563
11 0.901327 9.867255
11 0.901900 9.810047
11 0.915994 8.400586
11 0.927600 7.240041
11 0.919421 8.057925
11 0.959858 4.014155
9 0.934560 6.544004
12 0.958638 4.136216
12 0.919447 8.055311
12 0.956205 4.379541
12 0.912080 8.791958
12 0.915284 8.471584
12 0.946453 5.354703
12 0.906422 9.357794
12 0.934275 6.572479
12 0.941392 5.860779
12 0.907913 9.208728
12 0.925378 7.462221
12 0.960309 3.969128
31 0.948234 5.176628
32 0.951210 4.879046
33 0.956407 4.359251
29 0.956275 4.372526
22 0.963909 3.609134
13 0.959992 4.000752
13 0.948557 5.144265
13 0.941965 5.803530
13 0.925976 7.402396
35 0.960306 3.969377
13 0.926358 7.364166
13 0.961905 3.809532
13 0.949257 5.074326
13 0.956452 4.354805
9 0.952563 4.743653
9 0.947656 5.234401
9 0.941499 5.850105
9 0.936953 6.304674
26 0.926120 7.387956
20 0.959690 4.031014
15 0.914442 8.555792
15 0.942318 5.768208
15 0.948356 5.164351
16 0.943287 5.671265
9 0.927539 7.246099
22 0.963721 3.627895
24 0.968320 3.168009
12 0.950813 4.918680
12 0.900454 9.954567
12 0.935441 6.455943
26 0.949663 5.033725
30 0.954571 4.542940
26 0.930876 6.912357
24 0.966470 3.353040
13 0.915736 8.426384
11 0.946992 5.300816
13 0.901707 9.829329
11 0.913698 8.630173
12 0.916333 8.366666
13 0.948304 5.169628
24 0.925150 7.485040
26 0.931746 6.825443
27 0.947888 5.211199
30 0.966295 3.370538
33 0.960859 3.914111
12 0.932446 6.755354
16 0.946744 5.325582
13 0.931492 6.850815
13 0.913600 8.640001
11 0.904098 9.590228
13 0.957477 4.252313
12 0.937936 6.206391
13 0.946617 5.338323
15 0.969418 3.058237
13 0.965595 3.440544
8 0.931955 6.804547
13 0.955996 4.400371
12 0.903565 9.643496
25 0.925120 7.488026
15 0.957057 4.294332
12 0.964107 3.589314
15 0.957816 4.218353
13 0.944213 5.578705
13 0.913897 8.610307
31 0.955338 4.466215
13 0.968787 3.121279
13 0.954219 4.578148
16 0.958478 4.152227
11 0.905374 9.462622
11 0.957102 4.289836
28 0.904269 9.573113
12 0.942018 5.798244
13 0.942507 5.749261
11 0.956323 4.367686
16 0.936974 6.302633
23 0.925941 7.405918
12 0.956153 4.384674
11 0.915720 8.428012
28 0.947322 5.267761
24 0.910019 8.998129
12 0.915679 8.432105
12 0.925797 7.420291
15 0.929847 7.015330
13 0.962168 3.783169
31 0.969632 3.036848
12 0.955286 4.471374
13 0.953390 4.661002
12 0.902705 9.729457
13 0.938481 6.151902
12 0.956846 4.315351
11 0.965291 3.470878
12 0.949581 5.041945
13 0.904028 9.597233
12 0.926916 7.308406
25 0.919054 8.094633
13 0.957637 4.236309
26 0.935633 6.436741
20 0.961174 3.882604
13 0.940780 5.921988
15 0.925445 7.455528
15 0.966454 3.354608
12 0.921865 7.813540
16 0.965856 3.414361
11 0.915260 8.474003
23 0.967266 3.273415
29 0.945731 5.426927
9 0.919884 8.011640
23 0.949691 5.030892
15 0.916356 8.364390
13 0.967781 3.221894
13 0.966154 3.384613
13 0.956059 4.394070
15 0.924613 7.538713
23 0.957243 4.275659
16 0.933614 6.638561
12 0.960703 3.929691
33 0.961573 3.842679
16 0.952525 4.747482
15 0.952673 4.732692
26 0.930312 6.968793
13 0.935091 6.490880
15 0.952590 4.741014
27 0.946819 5.318061
13 0.964113 3.588671
42 0.974700 2.530035
11 0.906403 9.359717
33 0.942351 5.764935
28 0.936320 6.367964
13 0.914512 8.548823
13 0.919019 8.098092
19 0.967624 3.237607
15 0.928123 7.187712
13 0.925953 7.404651
12 0.907650 9.235035
32 0.970307 2.969288
15 0.951024 4.897555
12 0.901743 9.825671
15 0.926737 7.326255
13 0.960194 3.980629
37 0.952546 4.745354
16 0.914808 8.519215
13 0.920440 7.955975
12 0.940397 5.960254
13 0.932980 6.702019
29 0.955069 4.493146
16 0.955578 4.442219
15 0.959345 4.065474
12 0.958638 4.136218
12 0.963022 3.697762
12 0.939634 6.036568
12 0.955721 4.427921
27 0.946823 5.317730
23 0.933571 6.642937
32 0.978629 2.137057
15 0.972062 2.793824
12 0.952482 4.751800
13 0.917851 8.214924
12 0.958512 4.148784
13 0.948323 5.167652
16 0.924497 7.550254
16 0.962921 3.707861
15 0.968198 3.180176
17 0.900223 9.977685
15 0.970066 2.993392
36 0.934634 6.536600
18 0.962613 3.738709
29 0.972410 2.759040
20 0.917304 8.269610
16 0.942291 5.770866
30 0.966574 3.342629
