8 -5.184853 3.697058
12 -5.208892 4.177833
13 -5.332571 6.651414
13 -5.106689 2.133778
13 -5.487189 9.743775
13 -5.185180 3.703590
15 -5.313272 6.265443
15 -5.225051 4.501012
15 -5.490396 9.807923
15 -5.185469 3.709373
15 -5.242400 4.847997
16 -5.108460 2.169193
16 -5.090600 1.812003
16 -5.489794 9.795874
16 -5.410453 8.209056
16 -5.430146 8.602921
16 -5.390117 7.802347
16 -5.109331 2.186621
16 -5.467293 9.345870
16 -5.091104 1.822074
16 -5.439432 8.788631
16 -5.372184 7.443672
16 -5.055026 1.100530
17 -5.498036 9.960727
17 -5.104830 2.096593
17 -5.353472 7.069433
17 -5.070217 1.404340
17 -5.083806 1.676121
17 -5.439608 8.792151
17 -5.031397 0.627939
17 -5.070411 1.408221
17 -5.217136 4.342722
17 -5.222009 4.440185
17 -5.170599 3.411983
8 -5.135609 2.712170
19 -5.203442 4.068836
19 -5.335264 6.705285
19 -5.304298 6.085964
19 -5.036176 0.723519
19 -5.188502 3.770039
19 -5.288660 5.773204
19 -5.034541 0.690826
19 -5.433272 8.665440
8 -5.361938 7.238766
19 -5.479982 9.599639
20 -5.420547 8.410948
20 -5.032662 0.653235
20 -5.136923 2.738451
20 -5.069950 1.398993
20 -5.076166 1.523321
13 -5.453473 9.069469
15 -5.372695 7.453894
19 -5.106873 2.137470
12 -5.293336 5.866721
13 -5.282358 5.647159
16 -5.329972 6.599447
13 -5.081044 1.620886
11 -5.385176 7.703527
15 -5.197954 3.959074
13 -5.440014 8.800281
15 -5.115536 2.310727
15 -5.335598 6.711954
15 -5.083192 1.663836
11 -5.192306 3.846125
13 -5.218456 4.369118
13 -5.293454 5.869087
15 -5.288533 5.770652
17 -5.147566 2.951318
17 -5.225308 4.506159
16 -5.256860 5.137197
17 -5.282200 5.644000
17 -5.095425 1.908505
20 -5.065336 1.306728
13 -5.205120 4.102392
17 -5.047657 0.953139
16 -5.374582 7.491631
15 -5.432526 8.650524
9 -5.246064 4.921280
19 -5.102374 2.047489
16 -5.268297 5.365933
17 -5.351673 7.033464
16 -5.211541 4.230817
19 -5.012608 0.252154
17 -5.136419 2.728380
16 -5.204940 4.098800
17 -5.187020 3.740407
20 -5.057865 1.157302
19 -5.274067 5.481334
23 -5.239921 4.798419
20 -5.018083 0.361668
19 -5.056915 1.138306
17 -5.116503 2.330054
21 -5.272067 5.441338
16 -5.054429 1.088580
11 -5.211204 4.224087
21 -5.200541 4.010811
19 -5.359513 7.190255
17 -5.246820 4.936397
23 -5.476266 9.525314
9 -5.401881 8.037627
15 -5.256529 5.130589
16 -5.127572 2.551434
13 -5.048096 0.961921
19 -5.204194 4.083884
23 -5.099326 1.986517
13 -5.418707 8.374136
20 -5.032028 0.640568
13 -5.427598 8.551966
13 -5.293869 5.877375
20 -5.187585 3.751697
17 -5.148306 2.966114
13 -5.163830 3.276607
17 -5.388917 7.778346
16 -5.001580 0.031605
13 -5.408853 8.177051
13 -5.493587 9.871749
20 -5.060854 1.217075
16 -5.053610 1.072208
17 -5.254786 5.095712
19 -5.044746 0.894929
15 -5.441553 8.831070
16 -5.113626 2.272520
19 -5.322942 6.458841
17 -5.329707 6.594149
17 -5.393267 7.865346
19 -5.064173 1.283467
23 -5.151220 3.024402
16 -5.099626 1.992518
17 -5.006808 0.136157
13 -5.044971 0.899415
16 -5.206997 4.139932
16 -5.361500 7.230005
16 -5.142229 2.844574
12 -5.409053 8.181066
16 -5.145595 2.911901
17 -5.481065 9.621300
21 -5.368942 7.378845
17 -5.358384 7.167682
16 -5.230609 4.612177
17 -5.383973 7.679457
13 -5.453637 9.072731
13 -5.206937 4.138736
15 -5.044678 0.893561
16 -5.231983 4.639670
24 -5.343975 6.879499
20 -5.184729 3.694585
15 -5.105646 2.112925
16 -5.060078 1.201569
13 -5.466341 9.326819
15 -5.141748 2.834959
20 -5.056281 1.125615
17 -5.038396 0.767911
17 -5.228201 4.564019
17 -5.127179 2.543578
21 -5.077547 1.550941
20 -5.403935 8.078704
17 -5.061279 1.225571
15 -5.026556 0.531129
16 -5.037585 0.751707
13 -5.413298 8.265959
20 -5.392070 7.841406
13 -5.066269 1.325383
16 -5.365294 7.305872
24 -5.199034 3.980683
17 -5.301337 6.026734
16 -5.281809 5.636183
16 -5.188230 3.764591
17 -5.290810 5.816196
12 -5.120937 2.418743
21 -5.041298 0.825954
21 -5.046567 0.931340
16 -5.270182 5.403649
19 -5.291397 5.827943
15 -5.221755 4.435097
16 -5.371796 7.435924
16 -5.278371 5.567424
19 -5.392274 7.845471
16 -5.065336 1.306727
19 -5.116337 2.326738
20 -5.026993 0.539867
15 -5.336354 6.727080
16 -5.379037 7.580734
16 -5.076309 1.526177
16 -5.209697 4.193937
16 -5.486720 9.734406
17 -5.307181 6.143612
19 -5.075590 1.511791
19 -5.066565 1.331299
17 -5.080547 1.610939
15 -5.083491 1.669827
19 -5.459405 9.188103
17 -5.432106 8.642114
20 -5.298686 5.973714
21 -5.135157 2.703138
20 -5.445213 8.904254
19 -5.384989 7.699774
19 -5.422503 8.450068
21 -5.041564 0.831286
24 -5.176395 3.527899
23 -5.402988 8.059755
