7 99.612636 6.698761
7 101.858930 4.594791
8 100.272993 6.080244
8 98.686636 7.566090
8 97.566336 8.615408
9 96.411352 9.697214
9 99.866471 6.461008
9 98.229294 7.994455
9 103.576947 2.985626
11 105.774203 0.927586
11 101.769967 4.678116
11 106.310580 0.425195
11 103.663285 2.904759
11 96.885073 9.253507
11 101.491970 4.938500
12 101.802980 4.647196
12 104.128076 2.469416
12 100.267983 6.084936
12 105.343491 1.331009
12 98.031579 8.179643
9 102.298207 4.183346
9 104.033598 2.557908
13 105.171129 1.492450
13 99.304562 6.987316
13 96.988357 9.156767
13 102.814135 3.700107
7 104.815240 1.825791
15 103.309622 3.236014
8 102.835762 3.679850
16 98.241271 7.983236
11 103.606965 2.957510
16 105.549857 1.137718
16 101.793097 4.656452
12 99.799557 6.523682
17 101.832127 4.619895
11 102.669521 3.835558
7 96.280370 9.819897
8 101.924143 4.533709
16 101.113455 5.293033
13 99.598050 6.712423
12 101.444113 4.983325
16 99.156017 7.126448
19 105.136715 1.524684
12 97.647052 8.539807
15 96.174379 9.919172
15 98.266286 7.959806
20 104.487877 2.132412
8 99.420037 6.879157
13 104.493120 2.127501
21 104.004606 2.585063
21 105.797560 0.905710
19 104.449007 2.168819
9 100.814733 5.572828
20 102.065981 4.400858
23 97.716559 8.474703
13 104.026604 2.564459
23 101.648230 4.792141
15 104.705630 1.928456
19 106.231283 0.499467
17 104.880702 1.764476
25 105.770588 0.930972
15 103.963984 2.623112
20 104.471799 2.147471
23 105.893367 0.815973
11 101.536116 4.897151
12 104.487754 2.132527
16 100.913149 5.480648
17 106.536664 0.213435
25 104.835492 1.806821
15 100.598901 5.774984
15 106.372429 0.367264
17 103.714924 2.856391
11 98.860955 7.402816
15 104.716161 1.918592
13 101.814149 4.636734
16 102.545416 3.951800
11 96.282888 9.817538
30 96.957459 9.185707
15 104.638061 1.991743
9 103.453421 3.101325
9 103.078037 3.452925
12 106.415137 0.327262
17 101.278905 5.138066
11 104.220551 2.382801
11 98.395362 7.838909
33 100.772526 5.612360
15 105.702453 0.994791
21 97.092663 9.059070
13 97.781549 8.413831
19 103.287408 3.256820
7 101.123674 5.283461
33 99.104047 7.175126
9 97.536039 8.643786
11 103.644795 2.922077
19 99.273407 7.016496
11 98.280667 7.946337
11 96.127607 9.962980
33 102.643403 3.860021
15 97.338878 8.828455
12 104.617339 2.011152
9 106.335975 0.401409
11 100.991296 5.407451
15 98.590815 7.655839
8 99.303443 6.988363
20 100.511534 5.856816
13 98.960063 7.309987
32 103.350114 3.198087
17 97.655444 8.531947
7 102.281822 4.198693
19 103.093925 3.438044
23 105.893819 0.815550
12 105.177635 1.486357
13 103.200959 3.337791
11 103.921401 2.662997
13 96.483819 9.629338
11 97.860076 8.340280
13 96.638544 9.484416
39 103.771005 2.803864
31 106.056439 0.663233
15 98.255545 7.969867
9 100.855983 5.534191
15 105.993598 0.722092
9 98.550983 7.693148
32 97.962408 8.244431
15 104.901450 1.745043
32 103.288937 3.255388
11 104.023106 2.567735
29 98.564733 7.680269
11 96.714299 9.413461
11 101.734877 4.710984
17 105.987684 0.727632
11 98.076341 8.137717
19 102.096011 4.372730
12 105.573036 1.116008
16 104.891042 1.754791
39 102.403675 4.084560
15 103.977639 2.610321
29 104.955298 1.694607
17 106.384488 0.355969
9 105.286745 1.384160
13 96.329500 9.773879
12 96.447294 9.663549
15 96.491961 9.621712
17 98.384765 7.848834
9 103.480460 3.076000
13 104.572747 2.052920
36 106.475102 0.271096
31 100.870923 5.520198
8 106.454137 0.290733
12 97.863268 8.337290
8 102.551732 3.945884
11 101.744057 4.702385
12 105.589149 1.100916
37 103.564713 2.997085
9 104.088405 2.506573
7 102.785538 3.726892
20 100.966527 5.430651
41 101.088735 5.316187
18 98.364548 7.867771
33 105.274945 1.395212
15 98.349087 7.882252
31 97.528036 8.651281
12 97.061642 9.088125
12 100.706248 5.674439
15 99.887075 6.441710
19 106.115650 0.607774
17 104.286819 2.320731
12 103.487233 3.069656
30 96.224171 9.872534
12 101.178982 5.231657
12 98.715161 7.539372
21 97.683621 8.505554
13 97.658814 8.528789
13 106.547474 0.203310
15 100.881748 5.510059
21 100.468517 5.897108
29 105.873919 0.834188
34 98.331549 7.898679
13 106.277719 0.455973
33 101.383221 5.040358
16 99.796032 6.526984
16 103.883337 2.698648
36 102.603453 3.897440
28 96.587374 9.532344
53 101.747515 4.699146
20 104.918665 1.728918
35 105.718687 0.979585
29 105.777389 0.924603
31 105.725944 0.972788
21 99.334762 6.959029
28 98.567025 7.678122
30 97.583529 8.599305
28 98.676170 7.575893
26 100.384008 5.976262
31 102.974998 3.549436
36 97.462323 8.712831
27 99.074606 7.202701
41 104.656215 1.974740
49 97.957646 8.248891
51 104.958151 1.691934
