7 104.136114 2.461888
8 102.863307 3.654050
9 100.732625 5.649733
9 102.145880 4.326021
10 97.998146 8.210957
11 101.025015 5.375869
11 100.853859 5.536180
11 99.876051 6.452035
12 102.719943 3.788330
12 99.760440 6.560321
13 98.734480 7.521277
12 105.216591 1.449869
13 102.110837 4.358844
13 104.550065 2.074164
13 103.190901 3.347212
7 96.459702 9.651927
9 96.654570 9.469405
15 103.731539 2.840829
16 98.066688 8.146758
16 102.124425 4.346117
16 99.250709 7.037757
16 100.673489 5.705123
17 98.230820 7.993026
17 106.008515 0.708121
17 100.785146 5.600540
17 98.825714 7.435824
17 104.976993 1.674286
18 104.689865 1.943221
19 102.370406 4.115721
19 101.107269 5.298827
16 105.404505 1.273861
20 101.309162 5.109726
20 99.894046 6.435181
18 104.944821 1.704419
20 106.108138 0.614810
21 101.379998 5.043378
19 99.977225 6.357272
15 96.444002 9.666632
17 103.440627 3.113309
19 106.712075 0.049137
17 106.151648 0.574056
23 105.860730 0.846542
13 103.283364 3.260607
6 102.744373 3.765449
12 100.021630 6.315680
24 106.243757 0.487784
14 97.346482 8.821332
24 100.573447 5.798826
11 97.206517 8.952429
24 100.173477 6.173454
13 106.337333 0.400136
17 105.971144 0.743123
25 100.972973 5.424614
25 104.673818 1.958252
25 97.727019 8.464906
10 103.885976 2.696177
25 103.615682 2.949345
25 100.896310 5.496420
12 103.249609 3.292224
12 104.114620 2.482019
9 98.680725 7.571626
27 104.148127 2.450636
27 98.445396 7.792045
17 102.662060 3.842546
20 106.026143 0.691610
9 99.810858 6.513098
16 103.840411 2.738855
19 105.060758 1.595828
20 106.450806 0.293853
21 106.507306 0.240933
20 104.902562 1.744002
28 102.057330 4.408961
12 103.120636 3.413026
17 102.691440 3.815027
29 96.922893 9.218083
27 100.370008 5.989376
19 97.053162 9.096068
11 99.951988 6.380909
12 100.960706 5.436104
11 97.098947 9.053184
12 97.494311 8.682870
23 102.689319 3.817014
15 105.575194 1.113987
15 99.851132 6.475376
12 96.280197 9.820058
28 106.256726 0.475636
8 102.280961 4.199500
8 102.694502 3.812159
13 101.940087 4.518776
9 106.319540 0.416802
15 106.568897 0.183245
16 97.653569 8.533703
13 104.757225 1.880130
12 104.867431 1.776906
35 98.517213 7.724778
17 103.743574 2.829557
14 101.815439 4.635526
9 96.364449 9.741144
13 100.710896 5.670086
15 103.187443 3.350451
27 106.271390 0.461901
13 96.778322 9.353494
21 102.974265 3.550123
16 101.645225 4.794955
16 106.487022 0.259932
15 105.379292 1.297476
20 106.414971 0.327418
15 96.277861 9.822247
17 104.343519 2.267624
20 106.425803 0.317271
16 105.357939 1.317476
15 100.097267 6.244836
25 98.844485 7.418242
16 101.560740 4.874088
13 103.896412 2.686402
15 105.130694 1.530323
15 100.775965 5.609139
18 106.751011 0.012669
16 105.685151 1.010997
15 103.083667 3.447652
7 103.548649 3.012131
19 97.024717 9.122711
25 98.498439 7.742363
11 96.123800 9.966546
19 96.731633 9.397225
12 103.248053 3.293682
19 106.519854 0.229180
31 103.701478 2.868986
17 97.800702 8.395892
15 101.792154 4.657335
18 103.936146 2.649185
15 103.833790 2.745056
17 103.288606 3.255698
15 105.295653 1.375816
14 101.235529 5.178693
15 104.215367 2.387656
12 105.813557 0.890726
16 105.324926 1.348398
12 98.814405 7.446416
33 102.859225 3.657874
23 106.459169 0.286020
27 106.170159 0.556718
16 106.650313 0.106987
24 101.671685 4.770172
17 104.626794 2.002297
17 102.116025 4.353985
25 103.814681 2.762954
13 104.023950 2.566945
23 106.578023 0.174696
17 105.935743 0.776282
35 101.793055 4.656491
7 100.411008 5.950973
8 98.624105 7.624659
7 99.114901 7.164959
17 97.841371 8.357800
8 96.216068 9.880124
8 102.176930 4.296939
21 104.367989 2.244704
16 105.470757 1.211807
23 103.273340 3.269996
29 102.606009 3.895046
19 105.174203 1.489571
15 106.340996 0.396705
11 98.797029 7.462691
16 99.087862 7.190285
19 101.552960 4.881375
17 104.558592 2.066177
17 106.704899 0.055859
32 104.828344 1.813517
12 106.025382 0.692322
23 98.502545 7.738517
13 104.672946 1.959069
20 104.230288 2.373680
19 97.232096 8.928471
24 102.772618 3.738993
12 106.729652 0.032675
12 100.357727 6.000878
15 99.608390 6.702737
17 100.027147 6.310513
15 105.973594 0.740829
19 97.600814 8.583115
17 103.344209 3.203617
37 104.912080 1.735086
16 106.691328 0.068571
15 104.444677 2.172875
19 105.205220 1.460519
19 98.536099 7.707089
20 99.723809 6.594631
16 100.626409 5.749220
13 106.431450 0.311983
23 106.626075 0.129689
27 106.665009 0.093222
21 97.822848 8.375148
18 106.641188 0.115534
27 96.528609 9.587386
23 96.234408 9.862946
31 104.602053 2.025470
22 98.476750 7.762678
25 98.547179 7.696711
31 106.245368 0.486274
