8 104.168978 2.431105
8 106.270279 0.462942
8 103.253625 3.288462
8 96.145645 9.946085
10 105.345259 1.329353
10 100.593639 5.779913
10 96.149455 9.942516
10 104.194461 2.407237
12 105.038781 1.616413
12 106.091711 0.630196
12 96.563071 9.555107
12 99.674125 6.641168
12 101.772242 4.675986
13 104.202112 2.400071
12 103.933071 2.652066
12 101.602947 4.834555
14 102.663588 3.841115
15 96.678646 9.446855
14 106.554520 0.196710
10 105.648066 1.045732
15 101.278917 5.138054
8 104.754290 1.882879
15 104.467007 2.151960
15 106.443358 0.300829
10 102.335924 4.148018
16 105.767049 0.934287
17 96.267473 9.831976
17 104.964328 1.686149
16 105.832394 0.873082
17 103.562659 2.999008
17 100.306084 6.049249
17 98.996008 7.276319
17 101.284131 5.133171
17 103.689822 2.879903
10 104.012234 2.577918
16 106.483732 0.263013
10 105.522296 1.163533
8 97.566642 8.615122
17 101.344874 5.076276
18 99.646874 6.666692
19 103.083406 3.447897
15 101.814767 4.636155
16 105.517264 1.168247
19 100.283892 6.070035
16 105.765000 0.936207
15 99.815978 6.508302
15 106.273072 0.460326
8 97.295643 8.868950
17 106.602298 0.151959
8 105.894917 0.814521
18 101.636154 4.803451
12 99.704656 6.612571
10 104.442056 2.175329
12 105.530931 1.155445
10 104.172111 2.428171
19 104.143245 2.455208
21 105.090758 1.567730
22 98.423093 7.812935
21 96.172044 9.921358
12 99.784321 6.537954
15 102.640991 3.862280
17 99.992402 6.343056
10 105.856716 0.850302
12 101.942372 4.516635
10 101.025208 5.375689
12 99.117909 7.162142
12 106.200222 0.528560
10 103.528967 3.030566
26 102.785293 3.727121
25 101.926491 4.531510
12 99.135949 7.145245
14 101.683283 4.759308
12 102.869649 3.648110
15 103.981005 2.607169
12 96.524660 9.591085
12 102.131610 4.339388
17 100.598502 5.775358
17 100.639892 5.736591
10 102.656815 3.847459
12 96.932100 9.209459
13 105.536388 1.150334
15 104.185045 2.416056
18 102.448613 4.042470
27 105.393209 1.284442
12 100.113252 6.229863
28 106.346314 0.391725
18 104.696027 1.937451
24 106.674185 0.084627
17 101.005185 5.394443
8 96.467564 9.644563
10 106.199787 0.528968
22 98.891220 7.374468
28 106.582719 0.170298
18 106.066432 0.653873
10 98.002508 8.206872
17 102.911483 3.608927
8 102.246006 4.232239
12 97.271826 8.891258
30 96.765583 9.365426
12 97.574224 8.608020
17 102.911553 3.608861
10 99.726902 6.591734
12 97.854790 8.345231
34 101.221639 5.191703
10 103.658139 2.909579
12 105.129945 1.531025
8 97.320456 8.845709
21 106.181173 0.546402
15 100.102734 6.239715
17 104.086105 2.508728
19 98.234431 7.989643
10 102.843437 3.672661
26 106.666662 0.091674
18 98.137864 8.080091
20 103.157269 3.378713
12 101.392279 5.031875
10 102.274763 4.205305
12 104.737637 1.898477
19 98.413222 7.822181
10 105.204547 1.461150
15 96.211414 9.884483
15 96.743141 9.386446
15 97.795252 8.400996
22 96.913750 9.226647
28 96.811068 9.322823
10 103.444296 3.109872
30 100.085862 6.255517
29 106.749044 0.014511
24 100.337804 6.019539
18 101.102530 5.303265
17 105.731261 0.967808
20 101.118976 5.287861
29 96.206420 9.889161
21 105.690372 1.006106
28 105.733178 0.966012
15 104.487057 2.133180
17 100.121586 6.222057
19 105.051020 1.604949
17 105.254671 1.414201
25 97.548311 8.632291
19 101.156424 5.252786
26 104.984970 1.666815
12 96.401234 9.706690
19 100.179441 6.167868
17 105.706649 0.990860
15 104.524373 2.098228
33 106.701305 0.059225
15 103.228688 3.311820
10 101.787180 4.661995
43 102.360622 4.124886
17 99.930206 6.401312
10 102.341696 4.142612
15 106.187250 0.540710
8 101.472147 4.957067
10 103.400158 3.151213
35 104.006747 2.583058
12 105.486939 1.196650
12 104.398226 2.216383
10 100.087336 6.254137
14 103.967744 2.619590
10 98.594417 7.652466
19 106.537741 0.212426
21 96.277463 9.822619
17 106.629960 0.126050
14 99.403465 6.894679
17 101.900348 4.555997
16 101.939451 4.519371
15 97.039737 9.108642
24 106.248308 0.483521
15 98.613313 7.634767
17 99.277576 7.012592
16 106.352599 0.385837
33 101.174137 5.236195
19 104.664579 1.966905
31 99.141329 7.140206
17 105.979744 0.735069
16 105.509901 1.175143
19 99.611651 6.699683
30 106.299980 0.435123
17 103.860081 2.720431
23 96.830767 9.304372
19 99.294191 6.997029
21 105.598377 1.092272
16 105.381842 1.295088
29 104.608273 2.019644
37 106.157663 0.568423
22 103.429648 3.123592
19 106.242330 0.489120
18 105.037708 1.617418
26 103.202931 3.335945
21 105.060329 1.596230
22 104.484010 2.136034
28 99.745874 6.573964
25 104.673767 1.958300
43 105.873319 0.834750
59 102.923055 3.598087
35 104.293764 2.314226
57 105.280180 1.390309
42 106.341771 0.395980
71 100.766845 5.617681
