7 102.666613 3.838282
8 101.809561 4.641032
8 97.901338 8.301632
9 102.583665 3.915974
9 104.878764 1.766291
11 104.109028 2.487258
11 98.571991 7.673471
11 101.393503 5.030728
11 101.410434 5.014870
12 97.772054 8.422725
12 100.860391 5.530062
11 102.109696 4.359913
13 101.731594 4.714059
15 97.299756 8.865098
15 104.566781 2.058507
15 96.842444 9.293435
15 103.085347 3.446079
15 106.371671 0.367974
15 97.434083 8.739281
15 105.342360 1.332068
15 100.821223 5.566749
15 103.590565 2.972870
16 105.874013 0.834101
16 102.914157 3.606422
16 106.712563 0.048681
16 106.726661 0.035476
14 103.511135 3.047268
16 105.901900 0.807980
16 104.295912 2.312215
15 100.924400 5.470109
16 103.347744 3.200307
17 96.798015 9.335049
19 101.883321 4.571945
19 106.166049 0.560567
19 106.381934 0.358362
9 101.782965 4.665942
20 102.723585 3.784919
15 106.105704 0.617090
20 104.243219 2.361569
20 101.762345 4.685256
20 103.558759 3.002662
9 104.141817 2.456546
12 103.224718 3.315538
21 97.042619 9.105943
16 105.318461 1.354454
17 105.573615 1.115465
21 105.784472 0.917968
16 102.458185 4.033504
23 97.485624 8.691006
7 105.465391 1.216833
9 104.014397 2.575892
13 106.475668 0.270566
23 106.266206 0.466757
16 105.999413 0.716646
24 103.405843 3.145889
12 102.715628 3.792372
11 104.013602 2.576637
15 106.609040 0.145645
24 100.652504 5.724778
8 97.385420 8.784862
24 102.826845 3.688202
19 101.878884 4.576101
25 96.205097 9.890400
17 100.310863 6.044773
17 106.255839 0.476467
25 103.843240 2.736205
15 96.894729 9.244463
13 102.535280 3.961293
16 104.860961 1.782967
7 105.837366 0.868426
27 104.033082 2.558391
19 101.048504 5.353868
13 104.927741 1.720417
19 103.056141 3.473434
13 105.894310 0.815089
9 100.187919 6.159927
28 106.615019 0.140045
13 106.248165 0.483655
17 102.573127 3.925845
25 106.297941 0.437033
12 101.913615 4.543570
20 101.958865 4.501187
11 102.433325 4.056788
7 105.806105 0.897706
20 96.148343 9.943558
20 101.684869 4.757823
11 99.368486 6.927442
15 97.374378 8.795204
11 105.089175 1.569212
17 104.165266 2.434582
13 98.978434 7.292780
21 96.332934 9.770663
15 106.396929 0.344316
21 101.218443 5.194697
12 97.866562 8.334204
13 102.190179 4.284529
21 105.014738 1.638933
16 100.996847 5.402253
32 99.702638 6.614461
13 100.147683 6.197614
20 106.405748 0.336056
23 100.497914 5.869573
8 99.492393 6.811385
11 100.807438 5.579660
17 105.684639 1.011476
9 104.840301 1.802318
24 99.553208 6.754424
7 98.877466 7.387350
12 99.256474 7.032356
11 102.299669 4.181976
12 101.804753 4.645535
23 102.050213 4.415627
12 99.167442 7.115748
17 100.817627 5.570117
19 98.100696 8.114905
17 102.117775 4.352346
23 105.017223 1.636605
16 100.308823 6.046683
20 98.123396 8.093643
14 103.924968 2.659655
15 96.478251 9.634553
21 103.480622 3.075847
12 99.087716 7.190422
15 96.996836 9.148825
7 101.052729 5.349911
17 103.670989 2.897542
17 103.455639 3.099248
16 97.342507 8.825055
19 102.552035 3.945600
17 105.841098 0.864930
17 103.783742 2.791933
20 101.571137 4.864349
23 102.581085 3.918390
15 101.002250 5.397192
12 99.364570 6.931109
8 102.412214 4.076562
13 96.615725 9.505789
17 103.109688 3.423280
19 103.573911 2.988470
17 100.592414 5.781061
15 100.594070 5.779510
12 97.344982 8.822737
20 101.382321 5.041202
25 101.710056 4.734232
23 104.795130 1.844626
28 104.888695 1.756990
20 99.722502 6.595856
11 99.067785 7.209090
19 106.550470 0.200503
13 103.541749 3.018594
22 105.031496 1.623236
24 103.130366 3.403912
28 102.799713 3.713615
8 102.978027 3.546599
16 105.495207 1.188906
15 97.260194 8.902153
15 105.408171 1.270428
12 106.603310 0.151012
21 105.832025 0.873428
24 104.422150 2.193974
16 100.314890 6.041001
11 101.066262 5.337236
13 106.486781 0.260158
9 102.948680 3.574086
17 99.697620 6.619161
20 103.428073 3.125068
23 104.680215 1.952260
21 102.220540 4.256092
15 101.677716 4.764523
11 102.871362 3.646505
11 104.659518 1.971646
15 99.623276 6.688795
12 101.673931 4.768068
20 96.492816 9.620911
23 103.422678 3.130120
13 106.725943 0.036148
17 103.392809 3.158097
12 96.490414 9.623160
24 103.763841 2.810574
35 103.603595 2.960666
20 104.688730 1.944285
13 96.722652 9.405637
27 96.535750 9.580697
15 103.418968 3.133596
17 106.540339 0.209993
13 105.910413 0.800007
16 96.764119 9.366797
15 103.096706 3.435439
20 102.471001 4.021500
29 103.253912 3.288193
21 105.357466 1.317920
16 105.815071 0.889308
19 104.628321 2.000866
21 104.681779 1.950795
17 102.389599 4.097745
18 106.264431 0.468420
27 97.664319 8.523633
23 96.470694 9.641631
23 105.700630 0.996498
21 99.745249 6.574549
