7 97.719552 8.471900
7 103.773816 2.801231
8 98.142956 8.075323
8 102.936483 3.585510
11 103.850048 2.729828
12 98.146006 8.072465
11 104.757231 1.880124
12 100.810267 5.577011
13 98.419161 7.816617
13 103.420311 3.132337
13 102.065047 4.401733
13 105.895489 0.813986
15 106.719810 0.041893
15 105.113604 1.546330
15 97.649200 8.537795
15 105.062610 1.594093
15 106.248997 0.482875
15 98.971668 7.299117
15 101.650416 4.790093
15 96.219554 9.876859
15 100.026682 6.310948
16 98.829468 7.432308
15 99.386776 6.910310
16 104.501039 2.120084
16 104.954605 1.695256
16 103.312516 3.233303
16 104.703148 1.930781
16 103.172728 3.364234
9 104.096966 2.498555
17 97.288352 8.875779
15 96.549499 9.567819
15 98.204368 8.017802
17 97.450441 8.723960
8 106.677151 0.081849
8 101.620273 4.818326
19 105.978047 0.736658
19 99.935086 6.396740
13 102.863798 3.653590
8 100.593605 5.779946
20 105.501709 1.182815
20 106.233972 0.496949
20 98.066261 8.147159
20 96.639690 9.483343
9 98.133270 8.084395
21 106.464380 0.281139
11 103.398874 3.152417
9 97.133550 9.020773
12 105.547811 1.139635
21 102.350487 4.134378
21 105.412701 1.266184
21 100.728804 5.653312
20 103.819259 2.758667
23 105.364670 1.311172
9 96.374423 9.731803
19 104.855839 1.787764
15 101.007331 5.392433
15 106.370534 0.369039
11 101.487636 4.942559
17 101.123843 5.283303
25 98.932377 7.335919
16 103.934624 2.650611
15 106.540461 0.209878
25 105.006892 1.646281
17 105.301162 1.370657
14 105.522260 1.163567
25 102.230338 4.246914
25 97.550069 8.630644
11 100.573723 5.798568
25 101.494286 4.936330
19 99.988932 6.346307
22 99.760791 6.559993
13 96.135356 9.955723
13 101.937155 4.521522
7 103.015463 3.511534
19 101.166066 5.243755
11 96.873303 9.264531
17 106.741297 0.021767
13 100.376636 5.983167
13 102.159384 4.313373
9 98.406802 7.828194
13 103.373959 3.175753
20 100.020756 6.316498
20 100.545850 5.824675
28 104.870635 1.773905
15 102.889540 3.629480
17 104.198691 2.403275
16 98.024722 8.186066
12 102.625279 3.876997
19 103.362227 3.186741
19 106.482840 0.263849
21 96.771144 9.360217
25 106.126321 0.597779
11 102.641403 3.861895
13 106.559970 0.191605
13 101.189205 5.222082
17 104.942411 1.706677
12 106.412899 0.329358
27 103.242065 3.299290
13 100.232193 6.118458
17 106.416736 0.325764
15 102.060568 4.405928
13 105.159231 1.503595
19 105.376183 1.300388
16 104.827933 1.813901
9 105.522986 1.162887
13 103.371290 3.178253
16 98.486965 7.753110
20 101.479585 4.950100
24 96.848422 9.287836
13 105.627715 1.064793
15 106.443997 0.300231
11 98.713088 7.541313
21 101.533326 4.899764
20 106.514845 0.233871
27 100.365681 5.993428
21 105.731032 0.968022
27 98.999973 7.272606
12 98.786747 7.472322
19 106.760962 0.003349
17 103.877417 2.704193
11 102.550675 3.946874
15 106.004756 0.711642
17 106.699853 0.060586
12 99.358358 6.936928
20 106.682698 0.076654
16 103.507105 3.051042
21 104.874864 1.769944
12 97.272390 8.890730
31 106.334733 0.402572
15 105.828928 0.876329
12 105.676135 1.019441
13 103.582802 2.980142
13 105.145557 1.516402
21 104.359967 2.252217
21 103.272138 3.271122
12 103.271940 3.271308
21 102.372036 4.114194
7 96.904991 9.234851
23 104.534504 2.088739
15 105.910683 0.799754
23 98.617163 7.631161
23 106.671100 0.087516
17 104.836938 1.805467
17 106.184238 0.543532
12 96.796105 9.336838
19 105.462069 1.219944
17 105.678495 1.017231
17 102.535327 3.961249
13 98.259508 7.966155
16 104.710513 1.923882
13 96.997732 9.147986
19 99.279606 7.010690
15 99.717312 6.600717
11 97.618890 8.566184
17 101.839962 4.612557
16 104.749070 1.887768
13 96.298117 9.803274
15 100.351217 6.006975
16 106.017053 0.700124
16 99.669812 6.645208
15 104.783180 1.855819
16 106.115562 0.607856
17 106.341251 0.396466
16 104.303056 2.305523
13 100.400184 5.961111
15 98.987895 7.283918
21 102.396618 4.091170
13 104.733026 1.902795
15 99.087296 7.190815
17 104.769797 1.868355
15 96.611629 9.509625
17 101.922738 4.535025
16 104.023267 2.567585
16 103.496526 3.060951
27 98.244940 7.979801
13 105.273855 1.396233
19 103.564841 2.996965
15 98.297196 7.930855
12 106.312660 0.423247
16 106.292629 0.442007
13 103.390938 3.159849
20 105.123949 1.536641
16 103.519268 3.039650
19 102.689837 3.816530
13 105.865538 0.842038
21 104.673447 1.958599
33 104.602047 2.025476
24 106.397972 0.343339
20 105.702194 0.995033
17 98.629570 7.619540
24 103.866489 2.714429
17 100.352983 6.005321
19 105.894286 0.815113
21 104.420156 2.195842
21 100.258647 6.093681
25 105.713010 0.984903
21 105.667703 1.027339
23 97.463593 8.711641
27 105.247356 1.421053
27 104.591225 2.035612
