7 101.610174 4.827785
9 104.986978 1.664934
9 101.501962 4.929141
9 102.708012 3.799506
9 99.970026 6.364015
11 104.811370 1.829415
11 98.599669 7.647547
11 99.222412 7.064261
11 105.758480 0.942313
11 106.270631 0.462613
11 103.496492 3.060983
12 106.552645 0.198467
12 101.147741 5.260919
13 106.579536 0.173279
13 105.193206 1.471772
13 104.976846 1.674424
13 105.530488 1.155861
13 103.850860 2.729068
7 106.377810 0.362224
9 99.683483 6.632402
15 98.756220 7.500915
15 100.442860 5.921139
15 103.518287 3.040569
15 105.440899 1.239773
15 104.413648 2.201938
11 100.634719 5.741436
7 100.036051 6.302173
15 101.194350 5.217263
16 105.352437 1.322630
16 96.975508 9.168802
16 103.149436 3.386050
16 103.923739 2.660806
16 106.675072 0.083796
16 101.062136 5.341100
13 97.663547 8.524356
9 98.326028 7.903850
17 106.495386 0.252098
17 103.487170 3.069714
11 99.797977 6.525163
8 97.240060 8.921012
13 104.493968 2.126707
13 98.629304 7.619790
18 105.455646 1.225960
19 101.976150 4.484997
19 105.378431 1.298283
7 98.089357 8.125526
16 98.275916 7.950787
7 102.101999 4.367122
8 99.141446 7.140097
21 104.600594 2.026837
21 104.180487 2.420326
11 98.398798 7.835690
11 101.134032 5.273759
12 101.769985 4.678100
11 101.267409 5.148833
12 104.076784 2.517459
13 99.949519 6.383223
15 97.285915 8.878061
13 98.756107 7.501020
15 100.447018 5.917245
24 99.500869 6.803446
15 106.041500 0.677226
17 103.001165 3.524926
13 98.417100 7.818548
20 105.735051 0.964258
25 103.091868 3.439971
25 106.113429 0.609854
13 102.682780 3.823139
11 100.476106 5.890000
25 96.154881 9.937434
24 103.661944 2.906014
27 106.551479 0.199558
17 99.614266 6.697234
27 101.786697 4.662447
21 105.967804 0.746252
15 96.931719 9.209817
19 105.456836 1.224845
19 98.368708 7.863874
11 101.390616 5.033432
13 99.586671 6.723081
13 100.133188 6.211190
8 96.951571 9.191222
11 104.838498 1.804006
16 96.194298 9.900515
24 101.991490 4.470629
11 102.266323 4.213210
13 96.957411 9.185752
20 105.987135 0.728146
12 98.025900 8.184962
15 105.924177 0.787115
15 96.418138 9.690857
19 102.020369 4.443580
15 99.930955 6.400610
11 103.457401 3.097597
11 102.930292 3.591309
11 106.662612 0.095467
13 102.753055 3.757317
12 104.458562 2.159870
12 98.660142 7.590905
16 104.501741 2.119427
19 102.203310 4.272230
12 100.697999 5.682166
13 102.557154 3.940805
12 101.697685 4.745819
20 104.129813 2.467789
13 103.624132 2.941430
12 102.963554 3.560154
16 98.475907 7.763467
28 104.911683 1.735458
11 104.279403 2.327677
12 97.655369 8.532017
23 96.152345 9.939810
9 104.557400 2.067294
17 105.206254 1.459551
11 99.672234 6.642939
15 100.250179 6.101612
13 99.795730 6.527268
39 103.114402 3.418864
9 96.510769 9.604095
16 100.692458 5.687356
15 100.264706 6.088005
8 101.411565 5.013810
12 102.860757 3.656438
21 102.313177 4.169325
13 97.916425 8.287501
9 100.571262 5.800872
14 102.046974 4.418661
13 100.668566 5.709734
9 100.907710 5.485742
16 101.815839 4.635152
9 106.370010 0.369530
25 98.586978 7.659433
12 101.213672 5.199165
13 104.553580 2.070872
12 105.098380 1.560590
9 96.495608 9.618296
11 106.419330 0.323335
21 105.132967 1.528195
13 104.267948 2.338407
17 100.696210 5.683841
13 96.176714 9.916985
13 100.475392 5.890668
23 105.094525 1.564201
17 98.606524 7.641126
16 97.618230 8.566802
8 97.904663 8.298518
21 97.705750 8.484828
13 98.614897 7.633283
13 101.539020 4.894431
19 103.920389 2.663944
16 104.434492 2.182415
19 103.391076 3.159720
11 105.898596 0.811075
8 104.569652 2.055818
13 105.076243 1.581325
21 100.584076 5.788870
15 96.350700 9.754022
22 105.042883 1.612571
9 96.442027 9.668482
17 106.487104 0.259855
failed to find solution after reaching max emtpy limit -- 38 iterations and 27 function evals
30 102.538980 3.957828
18 105.538546 1.148313
failed to find solution after reaching max emtpy limit -- 36 iterations and 18 function evals
16 102.917701 3.603102
15 102.569915 3.928853
19 104.488720 2.131622
51 98.856088 7.407374
54 102.983750 3.541239
36 96.780903 9.351077
36 101.661519 4.779693
24 97.151819 9.003662
30 106.333470 0.403754
29 99.631368 6.681216
41 99.018681 7.255083
failed to find solution after reaching max emtpy limit -- 58 iterations and 47 function evals
36 102.384446 4.102571
46 98.260308 7.965406
39 102.572989 3.925974
43 106.076905 0.644063
44 105.376798 1.299813
42 98.018474 8.191918
72 98.521561 7.720706
failed to find solution after reaching max emtpy limit -- 91 iterations and 36 function evals
44 98.362406 7.869777
43 101.895239 4.560782
50 99.382839 6.913998
failed to find solution after reaching max emtpy limit -- 120 iterations and 50 function evals
63 100.850138 5.539666
60 100.572160 5.800032
71 99.973700 6.360573
58 104.697454 1.936114
failed to find solution after reaching max emtpy limit -- 128 iterations and 58 function evals
68 105.231056 1.436321
87 103.509061 3.049211
85 101.045350 5.356822
97 101.050238 5.352244
104 96.090482 9.997753
156 103.309080 3.236521
152 101.413681 5.011828
