7 99.953625 6.379376
7 98.829616 7.432169
7 100.137900 6.206777
8 105.770953 0.930631
8 98.131042 8.086482
9 99.025138 7.249035
9 96.449038 9.661915
9 98.608918 7.638883
7 99.985716 6.349319
11 98.359177 7.872802
11 100.197020 6.151402
11 103.602343 2.961839
11 100.202066 6.146676
9 97.270156 8.892823
12 99.177408 7.106413
12 104.605642 2.022109
12 99.702080 6.614983
12 101.543396 4.890332
11 100.572883 5.799354
13 98.098334 8.117118
13 103.038127 3.490307
13 102.065993 4.400847
13 97.144350 9.010658
13 96.154234 9.938040
13 105.272556 1.397449
15 105.051384 1.604609
15 100.020966 6.316303
15 96.850722 9.285681
11 103.024163 3.503386
15 96.581730 9.537630
15 97.971770 8.235662
15 106.363822 0.375326
16 99.858633 6.468350
12 103.858533 2.721881
7 100.134812 6.209669
12 104.456404 2.161890
17 102.506139 3.988589
12 100.475439 5.890624
9 96.619745 9.502024
17 100.683748 5.695514
17 99.452935 6.848343
17 106.605035 0.149396
11 102.789058 3.723594
19 105.293956 1.377406
11 99.880767 6.447618
9 99.256037 7.032765
16 101.036388 5.365217
16 105.250618 1.417998
13 104.741705 1.894666
20 96.247861 9.850345
9 99.138753 7.142618
16 103.596751 2.967077
11 106.036514 0.681895
9 101.537662 4.895704
16 97.414584 8.757545
23 105.981597 0.733333
13 103.549071 3.011736
12 105.698097 0.998871
17 100.247900 6.103746
21 103.314178 3.231746
13 105.812521 0.891696
20 96.465546 9.646453
11 96.122172 9.968071
12 101.613450 4.824717
11 99.107059 7.172305
16 99.245220 7.042898
25 98.552176 7.692030
25 100.632845 5.743192
7 96.664619 9.459993
16 97.923528 8.280848
15 97.034052 9.113967
8 104.955228 1.694672
15 98.884472 7.380788
12 98.535814 7.707356
15 102.042653 4.422708
19 105.648850 1.044998
21 104.024585 2.566350
19 106.628770 0.127164
27 106.566885 0.185129
11 99.975732 6.358670
28 101.194827 5.216816
21 103.478449 3.077884
13 106.628760 0.127174
9 103.166506 3.370062
16 104.494219 2.126472
11 106.176155 0.551102
11 101.450218 4.977607
9 104.869222 1.775229
13 102.181420 4.292734
21 104.041346 2.550651
13 102.003568 4.459316
8 96.333722 9.769925
9 103.222091 3.317998
7 96.669562 9.455363
9 103.033974 3.494197
11 105.176285 1.487621
7 103.192363 3.345843
16 105.719311 0.979001
32 104.817152 1.823999
26 99.245601 7.042541
11 105.951064 0.761932
24 105.840569 0.865426
11 103.078830 3.452182
16 105.202147 1.463398
27 100.468246 5.897362
16 104.078814 2.515557
13 103.015092 3.511882
33 106.655480 0.102147
15 98.617025 7.631290
33 98.113559 8.102857
17 102.191419 4.283368
11 104.972499 1.678495
14 100.225838 6.124411
36 106.238132 0.493052
13 102.298393 4.183172
13 103.423398 3.129446
15 98.339197 7.891515
8 99.404007 6.894171
15 97.653507 8.533760
17 102.785044 3.727354
11 102.108076 4.361430
12 103.698076 2.872172
13 103.482033 3.074526
23 105.037429 1.617679
11 96.318687 9.784007
8 98.406037 7.828910
11 101.042960 5.359061
8 97.655903 8.531517
12 99.950141 6.382640
13 105.814460 0.889880
27 99.929016 6.402427
12 104.510705 2.111030
16 100.047597 6.291358
9 96.163550 9.929315
8 96.884026 9.254488
13 102.572107 3.926800
25 97.640710 8.545747
11 101.597913 4.839270
16 104.203737 2.398549
7 106.741117 0.021936
9 106.432141 0.311335
13 102.953021 3.570021
28 102.355833 4.129371
12 102.237286 4.240407
21 102.844189 3.671956
11 97.571312 8.610748
7 102.436964 4.053381
16 98.562675 7.682197
29 105.324650 1.348656
19 99.926134 6.405126
11 97.247551 8.913995
11 104.819018 1.822252
16 99.972502 6.361696
15 105.474639 1.208171
17 104.666808 1.964818
33 97.726609 8.465290
7 103.158359 3.377693
17 101.113055 5.293407
16 99.224149 7.062634
13 102.877379 3.640870
15 100.489034 5.877890
20 103.367581 3.181727
16 105.241931 1.426134
11 106.125613 0.598442
20 101.417026 5.008695
16 98.071919 8.141859
15 104.596019 2.031121
49 103.280741 3.263065
15 102.979034 3.545655
33 104.742420 1.893996
13 102.773609 3.738065
12 106.484720 0.262088
16 101.489492 4.940821
15 105.281779 1.388811
16 104.103391 2.492537
20 104.217600 2.385564
17 105.353941 1.321221
15 99.014396 7.259097
24 99.496853 6.807208
25 100.262754 6.089833
39 104.808163 1.832419
15 103.847228 2.732470
23 97.075766 9.074896
19 104.777757 1.860899
16 106.734758 0.027892
16 100.378964 5.980986
36 101.917594 4.539843
27 104.364412 2.248055
34 103.432330 3.121080
41 102.154509 4.317939
22 103.039143 3.489355
32 104.218495 2.384726
36 102.695429 3.811291
54 103.728040 2.844106
37 104.400681 2.214083
40 104.568030 2.057337
41 104.627055 2.002053
45 105.133608 1.527594
71 98.982018 7.289423
64 104.488885 2.131468
