7 100.307385 6.048031
7 101.582955 4.853280
7 98.412798 7.822577
9 96.330746 9.772712
9 99.098229 7.180575
9 97.954688 8.251662
10 102.741258 3.768366
10 104.435386 2.181578
10 102.998306 3.527605
10 101.114398 5.292149
11 99.883980 6.444609
11 101.713590 4.730922
11 103.817652 2.760172
11 98.401478 7.833180
11 98.426991 7.809284
11 98.008110 8.201625
12 106.237406 0.493732
11 96.344661 9.759679
13 98.566108 7.678981
13 103.151503 3.384114
13 103.354875 3.193627
9 97.470584 8.705094
13 106.457473 0.287608
14 102.459275 4.032483
14 106.403473 0.338187
11 96.308751 9.793313
9 100.883235 5.508666
15 101.199949 5.212019
15 97.137755 9.016835
12 102.156859 4.315738
15 104.834497 1.807754
15 104.274631 2.332146
15 98.341652 7.889216
15 104.087480 2.507440
7 103.980114 2.608003
7 101.212171 5.200571
8 100.876654 5.514830
16 101.811414 4.639296
13 97.490051 8.686860
10 105.005543 1.647544
17 97.252895 8.908990
13 97.216510 8.943070
11 99.779165 6.542783
17 97.899412 8.303436
9 98.798106 7.461682
17 96.314089 9.788314
17 98.305993 7.922616
17 106.133627 0.590935
16 103.607590 2.956924
11 96.356497 9.748593
18 103.114917 3.418382
18 106.164861 0.561680
13 100.746383 5.636847
9 98.349396 7.881963
19 101.164129 5.245569
12 102.888216 3.630719
10 105.760239 0.940666
12 105.415144 1.263896
14 98.697884 7.555555
12 104.829186 1.812728
14 98.260875 7.964875
12 98.199727 8.022149
9 97.893179 8.309274
10 99.759274 6.561414
8 96.464351 9.647572
11 103.462062 3.093232
12 101.528875 4.903933
8 97.982590 8.225528
11 100.797506 5.588963
12 102.767054 3.744205
13 101.921629 4.536064
10 102.714164 3.793743
14 102.022902 4.441207
11 96.904246 9.235549
13 99.647098 6.666482
13 102.769458 3.741953
12 98.183399 8.037442
15 102.800417 3.712956
24 105.686640 1.009601
20 104.923578 1.724316
8 101.035001 5.366516
9 98.277877 7.948950
failed to find solution after reaching max emtpy limit -- 19 iterations and 13 function evals
15 96.482301 9.630759
13 97.789943 8.405969
16 96.409776 9.698689
21 105.960567 0.753031
11 99.467985 6.834246
10 96.566850 9.551567
10 103.970189 2.617300
15 101.855572 4.597935
7 103.746186 2.827110
12 96.369258 9.736640
12 99.253314 7.035316
failed to find solution after reaching max emtpy limit -- 20 iterations and 14 function evals
10 100.412561 5.949518
12 97.563952 8.617642
11 98.172672 8.047489
failed to find solution after reaching max emtpy limit -- 22 iterations and 16 function evals
16 105.229946 1.437360
12 104.562682 2.062346
failed to find solution after reaching max emtpy limit -- 23 iterations and 17 function evals
failed to find solution after reaching max emtpy limit -- 23 iterations and 17 function evals
18 104.360170 2.252027
11 101.549912 4.884229
9 106.104960 0.617787
13 97.590141 8.593111
failed to find solution after reaching max emtpy limit -- 24 iterations and 18 function evals
9 102.945650 3.576924
11 97.867760 8.333082
7 102.767243 3.744028
18 96.379463 9.727082
17 97.328748 8.837942
11 104.064370 2.529086
21 96.141091 9.950351
19 104.397273 2.217275
31 104.459424 2.159062
8 103.109221 3.423717
13 105.680715 1.015151
12 97.838376 8.360604
14 105.512654 1.172564
13 101.118326 5.288470
14 104.568625 2.056780
11 96.852225 9.284273
12 102.982482 3.542426
23 101.308736 5.110124
15 96.720895 9.407283
failed to find solution after reaching max emtpy limit -- 17 iterations and 11 function evals
15 104.579052 2.047014
15 104.867248 1.777077
9 97.174664 8.982264
failed to find solution after reaching max emtpy limit -- 29 iterations and 23 function evals
12 98.276388 7.950345
10 104.595301 2.031794
7 101.483767 4.946183
13 99.676815 6.638648
14 100.615854 5.759105
10 101.352611 5.069029
failed to find solution after reaching max emtpy limit -- 13 iterations and 7 function evals
failed to find solution after reaching max emtpy limit -- 21 iterations and 15 function evals
failed to find solution after reaching max emtpy limit -- 25 iterations and 19 function evals
12 98.488504 7.751668
7 97.528547 8.650803
21 104.132181 2.465571
15 104.934051 1.714508
failed to find solution after reaching max emtpy limit -- 21 iterations and 15 function evals
14 96.105002 9.984153
13 103.166447 3.370117
15 97.814543 8.382927
14 104.751120 1.885848
11 100.022958 6.314436
30 104.276471 2.330423
13 97.176336 8.980698
failed to find solution after reaching max emtpy limit -- 32 iterations and 17 function evals
16 96.828622 9.306381
8 101.852365 4.600939
10 101.499429 4.931513
14 103.083927 3.447408
8 105.685965 1.010234
23 104.175015 2.425451
16 99.769099 6.552211
failed to find solution after reaching max emtpy limit -- 26 iterations and 20 function evals
15 99.193398 7.091436
failed to find solution after reaching max emtpy limit -- 29 iterations and 23 function evals
13 100.936012 5.459233
13 104.156282 2.442997
failed to find solution after reaching max emtpy limit -- 20 iterations and 14 function evals
11 105.921001 0.790089
12 100.346969 6.010955
19 103.561245 3.000333
25 100.074503 6.266157
failed to find solution after reaching max emtpy limit -- 22 iterations and 16 function evals
21 103.159275 3.376834
28 99.629101 6.683339
failed to find solution after reaching max emtpy limit -- 28 iterations and 22 function evals
38 106.277654 0.456034
failed to find solution after reaching max emtpy limit -- 19 iterations and 13 function evals
failed to find solution after reaching max emtpy limit -- 18 iterations and 12 function evals
29 100.075930 6.264820
failed to find solution after reaching max emtpy limit -- 40 iterations and 27 function evals
26 98.688834 7.564031
failed to find solution after reaching max emtpy limit -- 21 iterations and 14 function evals
failed to find solution after reaching max emtpy limit -- 25 iterations and 19 function evals
failed to find solution after reaching max emtpy limit -- 27 iterations and 21 function evals
failed to find solution after reaching max emtpy limit -- 28 iterations and 22 function evals
36 103.252756 3.289276
failed to find solution after reaching max emtpy limit -- 31 iterations and 25 function evals
failed to find solution after reaching max emtpy limit -- 31 iterations and 14 function evals
failed to find solution after reaching max emtpy limit -- 26 iterations and 20 function evals
failed to find solution after reaching max emtpy limit -- 43 iterations and 16 function evals
failed to find solution after reaching max emtpy limit -- 28 iterations and 22 function evals
failed to find solution after reaching max emtpy limit -- 30 iterations and 24 function evals
failed to find solution after reaching max emtpy limit -- 67 iterations and 38 function evals
failed to find solution after reaching max emtpy limit -- 67 iterations and 49 function evals
failed to find solution after reaching max emtpy limit -- 57 iterations and 44 function evals
failed to find solution after reaching max emtpy limit -- 49 iterations and 27 function evals
failed to find solution after reaching max emtpy limit -- 51 iterations and 41 function evals
failed to find solution after reaching max emtpy limit -- 71 iterations and 38 function evals
failed to find solution after reaching max emtpy limit -- 70 iterations and 50 function evals
failed to find solution after reaching max emtpy limit -- 84 iterations and 62 function evals
