8 103.647612 2.919439
8 98.764184 7.493455
8 100.481072 5.885348
9 96.689474 9.436713
9 99.676698 6.638757
9 98.412520 7.822838
9 102.232303 4.245074
9 96.355329 9.749687
9 103.264440 3.278333
10 106.200444 0.528352
10 97.584193 8.598682
10 106.451010 0.293662
10 102.680599 3.825182
11 105.253929 1.414897
11 102.489826 4.003868
11 99.517035 6.788304
12 100.340870 6.016667
12 103.115501 3.417835
12 106.446124 0.298239
12 100.830237 5.558306
12 97.748127 8.445136
13 106.101018 0.621479
10 98.665866 7.585544
13 105.838106 0.867732
13 103.163872 3.372529
14 100.670154 5.708246
14 103.055972 3.473593
12 106.742540 0.020603
15 103.388430 3.162198
12 98.487472 7.752635
15 105.802329 0.901242
15 101.820929 4.630384
9 102.105818 4.363545
15 102.064006 4.402708
15 106.392850 0.348137
7 100.515440 5.853157
16 101.558843 4.875864
9 102.945887 3.576703
9 102.130580 4.340352
17 104.879215 1.765869
13 103.979139 2.608916
17 105.933407 0.778470
17 97.602061 8.581947
17 103.854405 2.725747
18 105.460696 1.221230
11 100.991271 5.407475
18 104.930019 1.718284
18 105.912384 0.798161
18 97.443017 8.730914
19 105.451993 1.229382
16 104.869388 1.775073
12 101.551712 4.882543
16 100.784159 5.601464
17 104.748304 1.888486
19 104.850583 1.792687
10 104.506461 2.115006
20 105.211824 1.454334
9 104.734621 1.901301
18 105.282214 1.388404
12 106.066083 0.654200
21 97.881857 8.319878
21 102.974284 3.550105
15 103.246570 3.295070
12 101.171445 5.238716
19 106.618208 0.137057
13 106.387139 0.353486
15 105.312703 1.359847
22 103.211183 3.328216
13 104.116042 2.480687
14 102.332114 4.151587
7 101.155889 5.253287
14 96.480527 9.632421
13 98.060246 8.152792
10 96.117681 9.972277
10 97.485315 8.691296
17 97.712103 8.478877
8 102.171514 4.302012
8 99.017195 7.256475
8 103.825175 2.753126
16 99.809698 6.514185
8 100.083828 6.257423
11 106.722812 0.039081
17 103.361322 3.187589
21 100.598635 5.775234
14 104.773183 1.865183
16 101.731120 4.714502
21 104.849277 1.793910
7 98.794081 7.465453
12 101.906365 4.550361
15 102.834667 3.680876
12 106.606194 0.148310
13 104.341436 2.269575
22 102.857361 3.659619
12 103.061510 3.468405
7 104.977186 1.674105
11 101.966672 4.493874
27 106.075881 0.645023
7 98.066759 8.146691
10 105.750779 0.949526
17 98.438132 7.798849
11 102.282111 4.198421
14 98.788335 7.470835
14 103.491717 3.065456
24 104.384076 2.229636
16 105.533201 1.153319
13 101.755273 4.691879
19 100.917392 5.476673
13 99.066174 7.210599
10 103.589635 2.973742
18 106.113781 0.609524
27 99.196545 7.088488
14 105.022953 1.631238
19 105.629057 1.063536
19 104.997903 1.654701
16 104.466977 2.151988
11 99.262719 7.026507
19 105.976053 0.738526
31 104.294854 2.313205
12 106.394204 0.346869
23 100.514592 5.853952
19 106.311466 0.424364
9 103.457664 3.097351
7 100.724098 5.657720
16 98.886199 7.379171
12 106.693503 0.066533
13 106.013255 0.703681
13 101.318721 5.100772
12 103.106282 3.426470
15 98.742807 7.513478
17 102.050152 4.415685
19 99.310517 6.981737
15 103.105205 3.427479
12 104.652097 1.978597
14 106.434898 0.308753
23 96.687713 9.438362
12 98.314054 7.915065
17 102.517839 3.977630
11 101.550676 4.883513
9 98.788874 7.470329
16 104.244591 2.360284
10 98.601619 7.645720
17 101.662234 4.779024
14 104.735303 1.900662
15 106.575275 0.177270
21 105.537004 1.149757
10 106.441213 0.302838
15 99.485960 6.817411
12 99.123228 7.157160
16 105.394893 1.282864
27 106.116399 0.607072
34 106.562215 0.189502
16 104.615851 2.012546
10 98.364269 7.868032
21 100.790978 5.595077
22 103.089796 3.441911
22 105.368225 1.307843
10 105.347009 1.327714
14 106.068573 0.651868
13 106.617100 0.138095
13 106.725222 0.036823
15 102.200077 4.275258
27 105.545292 1.141994
25 104.074590 2.519514
13 105.314514 1.358150
16 101.939779 4.519064
20 103.711827 2.859292
21 102.749635 3.760520
12 99.069765 7.207235
18 105.453852 1.227640
10 100.906913 5.486488
11 103.717575 2.853908
18 100.859462 5.530933
21 99.606701 6.704319
21 99.862140 6.465065
17 106.542942 0.207555
12 101.522187 4.910197
21 102.900679 3.619046
14 100.706483 5.674219
14 104.721874 1.913241
12 97.506823 8.671151
17 102.720437 3.787868
28 99.624297 6.687839
19 104.786389 1.852813
22 100.432571 5.930776
20 103.943481 2.642315
20 105.854824 0.852074
17 104.231079 2.372939
21 104.826137 1.815584
18 99.411392 6.887253
23 102.646322 3.857287
24 100.720429 5.661157
24 101.985931 4.475836
20 97.078680 9.072167
30 97.873276 8.327916
24 106.212003 0.517525
25 97.030126 9.117644
35 106.345278 0.392694
28 101.332691 5.087687
28 106.434069 0.309530
30 100.566112 5.805696
