7 98.685355 7.567289
7 98.753046 7.503887
8 97.582823 8.599966
8 96.822922 9.311720
8 105.294427 1.376964
9 102.523279 3.972534
9 102.496780 3.997355
11 97.405505 8.766049
11 99.205576 7.080029
11 102.683216 3.822731
11 98.688533 7.564313
12 103.711371 2.859719
12 100.019985 6.317221
7 104.201650 2.400504
12 103.710290 2.860732
12 98.624236 7.624537
11 100.996395 5.402676
13 96.708691 9.418714
13 96.664614 9.459998
13 101.829372 4.622476
13 102.634529 3.868333
13 100.730607 5.651624
8 98.704004 7.549822
15 98.320064 7.909436
15 103.206328 3.332763
15 96.625141 9.496969
15 96.227757 9.869176
13 103.637214 2.929177
13 100.743482 5.639564
12 106.150979 0.574683
16 96.808912 9.324842
7 104.541838 2.081870
16 97.845060 8.354344
16 100.718296 5.663154
11 100.192657 6.155489
17 99.934831 6.396979
17 105.963125 0.750634
16 101.663845 4.777515
12 103.084393 3.446972
11 96.415095 9.693707
11 104.123900 2.473328
7 100.616990 5.758042
19 104.817386 1.823781
17 97.348969 8.819003
19 97.756758 8.437052
19 98.669640 7.582009
9 100.781838 5.603639
12 99.169831 7.113510
7 97.574981 8.607311
13 99.322841 6.970194
17 104.125346 2.471973
15 103.857693 2.722667
9 104.215911 2.387146
15 98.500815 7.740137
11 96.623888 9.498143
21 104.303226 2.305363
21 106.517414 0.231465
12 104.949401 1.700130
13 106.305627 0.429834
15 99.248619 7.039714
15 96.975867 9.168465
13 103.107987 3.424873
9 101.364699 5.057707
9 102.241957 4.236031
13 100.341367 6.016202
12 100.228112 6.122281
11 104.375556 2.237616
15 98.501478 7.739517
11 104.813113 1.827783
11 105.939469 0.772792
15 97.281131 8.882543
12 101.986369 4.475426
12 103.495123 3.062265
17 97.765538 8.428827
19 100.343058 6.014618
11 97.802470 8.394236
17 104.676160 1.956058
16 105.039044 1.616166
11 100.333996 6.023105
16 98.552097 7.692104
13 104.037671 2.554094
11 98.979632 7.291658
12 96.566218 9.552159
12 98.515508 7.726375
7 104.925772 1.722261
15 103.616864 2.948238
13 102.112592 4.357201
16 98.591216 7.655464
13 102.736950 3.772401
13 101.249133 5.165951
9 102.532526 3.963873
7 102.157652 4.314996
12 105.373448 1.302950
15 103.922597 2.661877
11 103.253312 3.288756
11 102.074634 4.392754
30 102.242962 4.235091
11 97.112521 9.040469
20 104.857402 1.786300
16 98.148974 8.069686
32 97.594848 8.588703
15 106.204569 0.524489
17 98.476532 7.762881
17 97.538864 8.641140
16 97.134345 9.020029
9 103.679672 2.889410
9 101.650660 4.789865
19 101.460310 4.968154
9 100.834206 5.554588
16 103.634975 2.931275
19 96.700374 9.426503
12 96.870609 9.267055
16 106.375283 0.364591
12 105.446559 1.234472
13 101.684297 4.758359
9 102.384621 4.102407
11 102.790655 3.722099
27 105.466597 1.215703
12 106.076823 0.644141
17 103.187883 3.350039
11 100.607003 5.767396
17 99.108952 7.170532
9 96.800166 9.333034
16 98.047037 8.165164
13 102.265498 4.213982
17 100.556103 5.815071
8 101.059847 5.343244
21 102.472735 4.019876
33 96.342976 9.761257
20 97.530487 8.648986
9 102.404728 4.083574
11 105.283233 1.387449
24 98.673580 7.578319
7 103.278350 3.265304
17 105.324349 1.348939
12 100.618407 5.756715
12 97.258022 8.904188
11 97.234620 8.926107
37 106.002507 0.713748
34 98.995265 7.277015
11 97.003881 9.142226
9 98.410493 7.824736
11 99.807202 6.516522
13 105.665715 1.029201
15 106.656468 0.101221
failed to find solution after reaching max emtpy limit -- 32 iterations and 22 function evals
23 105.844648 0.861605
12 103.740046 2.832861
13 100.683986 5.695291
36 104.296553 2.311613
8 98.492259 7.748151
13 97.693002 8.496768
11 106.059532 0.660336
22 101.710373 4.733935
11 96.127049 9.963503
12 101.487784 4.942421
15 102.593851 3.906434
16 105.944534 0.768048
16 104.382598 2.231021
15 100.318861 6.037281
13 97.762005 8.432137
13 97.737442 8.455144
16 103.921145 2.663236
16 105.747072 0.952999
11 102.943794 3.578662
16 105.439485 1.241098
12 102.771823 3.739737
17 99.238428 7.049259
16 99.598809 6.711712
23 102.061493 4.405062
16 103.860171 2.720347
17 101.867678 4.586597
15 105.759494 0.941364
16 104.458544 2.159886
45 104.425806 2.190550
24 103.472964 3.083021
23 104.178224 2.422446
39 96.887556 9.251181
failed to find solution after reaching max emtpy limit -- 57 iterations and 44 function evals
29 99.962771 6.370810
27 102.075402 4.392034
38 98.657466 7.593411
41 105.387235 1.290037
failed to find solution after reaching max emtpy limit -- 72 iterations and 40 function evals
48 104.778554 1.860152
67 98.591503 7.655195
failed to find solution after reaching max emtpy limit -- 78 iterations and 38 function evals
73 106.704716 0.056030
failed to find solution after reaching max emtpy limit -- 88 iterations and 39 function evals
failed to find solution after reaching max emtpy limit -- 93 iterations and 44 function evals
failed to find solution after reaching max emtpy limit -- 129 iterations and 40 function evals
56 103.383045 3.167242
84 103.793405 2.782882
74 105.479129 1.203965
85 98.993860 7.278331
71 106.193768 0.534605
72 96.240529 9.857213
69 105.330135 1.343519
122 99.577415 6.731750
147 106.237146 0.493975
