7 97.217947 8.941724
8 99.354897 6.940170
8 103.316286 3.229772
8 105.971454 0.742834
9 103.671980 2.896614
9 106.084328 0.637111
10 100.870808 5.520306
10 96.571610 9.547109
10 96.267135 9.832293
10 100.577004 5.795494
10 101.244531 5.170262
10 97.570831 8.611198
10 99.330453 6.963065
10 97.221351 8.938535
10 106.431512 0.311924
11 98.023515 8.187196
11 99.747762 6.572196
11 96.889538 9.249325
11 96.587478 9.532246
11 104.057131 2.535866
12 104.585293 2.041168
12 105.955467 0.757807
12 101.553259 4.881094
12 102.723957 3.784571
13 106.461201 0.284116
13 96.534028 9.582310
13 104.063496 2.529904
13 97.758337 8.435572
11 106.396100 0.345093
13 101.756383 4.690840
13 100.492735 5.874424
14 105.552721 1.135036
14 98.950691 7.318765
14 97.129573 9.024498
13 104.209920 2.392758
15 105.112620 1.547253
15 103.922862 2.661628
15 100.762981 5.621301
10 101.058236 5.344753
9 102.615209 3.886429
10 97.751142 8.442312
10 100.799225 5.587353
16 104.588718 2.037960
13 99.572026 6.736797
11 100.798687 5.587857
16 104.770312 1.867872
10 101.906515 4.550221
11 102.242160 4.235842
8 104.087102 2.507794
17 99.389583 6.907681
8 97.205037 8.953816
11 98.070158 8.143508
14 103.737123 2.835599
11 101.655225 4.785589
12 100.411605 5.950414
18 96.398737 9.709029
10 103.483815 3.072857
14 101.238549 5.175864
11 97.169149 8.987430
13 106.651444 0.105928
15 102.074337 4.393032
15 103.823535 2.754661
15 99.410005 6.888553
16 100.234576 6.116226
11 102.664361 3.840391
9 100.382667 5.977518
11 105.960084 0.753483
11 102.662046 3.842560
10 101.917119 4.540288
15 100.400740 5.960591
12 105.473832 1.208926
11 100.016448 6.320534
13 105.726157 0.972589
13 102.931158 3.590498
15 106.188935 0.539132
11 101.406327 5.018717
10 102.025661 4.438624
10 103.170335 3.366475
11 104.843090 1.799705
16 102.019551 4.444347
16 104.375533 2.237638
12 102.154021 4.318396
13 101.269094 5.147255
12 98.772502 7.485664
12 105.743665 0.956190
13 104.744547 1.892004
16 96.789217 9.343290
11 96.241215 9.856571
14 104.270940 2.335604
failed to find solution after reaching max emtpy limit -- 19 iterations and 13 function evals
12 98.775590 7.482772
13 106.746249 0.017129
11 105.079918 1.577882
10 104.171534 2.428712
18 106.097023 0.625221
12 99.735074 6.584080
10 102.237127 4.240556
21 97.020112 9.127024
failed to find solution after reaching max emtpy limit -- 22 iterations and 16 function evals
13 105.469166 1.213296
25 96.333967 9.769695
14 103.410406 3.141615
7 106.051981 0.667409
14 103.283950 3.260059
7 105.995760 0.720068
failed to find solution after reaching max emtpy limit -- 24 iterations and 18 function evals
12 99.258176 7.030763
14 105.531110 1.155277
16 102.507074 3.987712
13 105.892045 0.817211
13 96.857101 9.279706
28 98.505363 7.735877
13 97.964225 8.242730
15 104.603755 2.023876
15 105.198313 1.466989
11 103.308274 3.237276
8 98.186035 8.034973
10 97.932816 8.272148
9 101.596215 4.840860
24 98.379522 7.853745
11 97.524952 8.654170
16 98.118589 8.098146
11 102.018528 4.445305
29 97.029305 9.118413
16 104.808931 1.831700
13 96.857714 9.279132
13 101.737585 4.708447
16 104.637472 1.992295
16 106.177066 0.550249
15 102.503818 3.990762
25 102.450110 4.041067
12 99.897307 6.432126
11 106.385639 0.354891
11 101.715743 4.728905
9 99.225210 7.061639
11 96.906543 9.233397
12 103.752317 2.821368
9 96.603687 9.517064
14 105.295933 1.375554
failed to find solution after reaching max emtpy limit -- 20 iterations and 14 function evals
11 106.199188 0.529528
failed to find solution after reaching max emtpy limit -- 29 iterations and 23 function evals
17 106.012612 0.704283
12 99.174563 7.109077
15 101.112574 5.293858
18 106.039350 0.679240
9 101.611464 4.826577
14 101.037169 5.364485
9 105.059409 1.597092
failed to find solution after reaching max emtpy limit -- 33 iterations and 20 function evals
12 102.384346 4.102665
11 101.333025 5.087374
13 106.460192 0.285061
16 105.579365 1.110080
15 99.631971 6.680650
10 104.198883 2.403095
11 98.010465 8.199419
14 106.693456 0.066577
13 103.583087 2.979875
11 106.169493 0.557342
9 102.510935 3.984096
failed to find solution after reaching max emtpy limit -- 24 iterations and 18 function evals
12 104.998120 1.654497
9 102.496513 3.997604
9 102.441829 4.048823
10 101.795143 4.654536
13 103.464017 3.091401
15 103.944735 2.641141
28 101.169615 5.240431
12 97.273489 8.889701
failed to find solution after reaching max emtpy limit -- 21 iterations and 13 function evals
11 106.068526 0.651912
failed to find solution after reaching max emtpy limit -- 36 iterations and 22 function evals
13 101.398155 5.026371
11 99.804577 6.518981
failed to find solution after reaching max emtpy limit -- 24 iterations and 18 function evals
12 97.358639 8.809946
15 105.506372 1.178448
failed to find solution after reaching max emtpy limit -- 37 iterations and 31 function evals
14 101.640055 4.799798
failed to find solution after reaching max emtpy limit -- 33 iterations and 18 function evals
failed to find solution after reaching max emtpy limit -- 41 iterations and 24 function evals
17 105.759467 0.941389
16 96.206149 9.889414
failed to find solution after reaching max emtpy limit -- 34 iterations and 22 function evals
30 104.150793 2.448139
failed to find solution after reaching max emtpy limit -- 46 iterations and 34 function evals
21 99.474105 6.828514
31 104.117242 2.479563
failed to find solution after reaching max emtpy limit -- 22 iterations and 16 function evals
failed to find solution after reaching max emtpy limit -- 23 iterations and 17 function evals
failed to find solution after reaching max emtpy limit -- 22 iterations and 16 function evals
failed to find solution after reaching max emtpy limit -- 26 iterations and 20 function evals
28 105.755015 0.945559
failed to find solution after reaching max emtpy limit -- 20 iterations and 14 function evals
failed to find solution after reaching max emtpy limit -- 42 iterations and 36 function evals
35 106.066195 0.654095
failed to find solution after reaching max emtpy limit -- 67 iterations and 42 function evals
failed to find solution after reaching max emtpy limit -- 51 iterations and 42 function evals
failed to find solution after reaching max emtpy limit -- 68 iterations and 39 function evals
