7 105.798278 0.905038
7 97.609719 8.574774
7 97.673265 8.515254
7 99.101746 7.177281
8 100.452324 5.912275
9 101.419920 5.005985
9 96.605560 9.515310
9 103.664794 2.903345
9 104.082961 2.511673
11 100.303903 6.051292
11 98.628363 7.620670
11 104.001110 2.588338
11 97.015135 9.131686
11 98.333700 7.896664
12 106.368576 0.370873
12 102.459801 4.031991
12 105.871550 0.836407
13 104.421461 2.194619
13 101.186710 5.224419
13 106.422701 0.320177
13 101.743223 4.703166
13 105.434505 1.245762
13 106.709764 0.051302
13 102.247398 4.230935
8 103.007616 3.518885
15 97.605684 8.578553
15 104.886389 1.759150
15 101.909317 4.547596
15 96.928385 9.212939
13 97.513028 8.665339
7 102.612504 3.888963
16 99.449824 6.851257
13 103.275977 3.267526
7 104.535931 2.087403
17 105.825837 0.879224
17 97.332723 8.834219
17 102.069705 4.397370
11 100.224980 6.125214
18 97.461279 8.713809
13 105.678323 1.017392
7 101.446376 4.981205
13 102.263073 4.216254
15 96.960218 9.183123
11 99.696886 6.619849
7 105.306740 1.365432
11 99.489828 6.813788
19 103.403055 3.148501
19 101.301791 5.116630
7 97.175228 8.981736
9 102.222544 4.254215
16 102.439650 4.050864
12 104.419750 2.196222
7 105.838903 0.866986
20 105.618587 1.073343
20 98.288750 7.938766
20 99.859286 6.467738
15 104.933246 1.715261
15 103.441241 3.112734
13 100.148739 6.196625
13 104.253664 2.351785
17 96.307940 9.794073
11 103.489265 3.067752
20 102.299178 4.182436
21 105.048899 1.606936
15 100.546238 5.824311
20 103.682354 2.886897
21 103.666076 2.902144
11 101.717517 4.727243
11 99.043167 7.232149
12 97.528955 8.650421
13 104.528301 2.094550
23 100.798781 5.587769
23 97.005060 9.141123
20 103.192155 3.346038
9 100.219886 6.129985
19 103.965808 2.621403
24 97.649495 8.537518
9 97.282065 8.881668
9 103.801657 2.775153
11 102.633275 3.869508
25 104.470230 2.148941
11 101.234582 5.179580
16 106.441482 0.302586
7 100.055515 6.283942
11 104.788779 1.850575
11 98.826131 7.435433
15 105.969935 0.744256
8 98.349014 7.882320
9 96.831520 9.303667
12 104.404476 2.210529
9 103.538141 3.021973
15 96.654884 9.469111
26 102.593767 3.906512
13 105.370565 1.305651
20 101.047022 5.355257
28 96.785478 9.346792
13 102.318393 4.164439
28 102.805131 3.708540
17 99.355120 6.939961
9 105.607316 1.083900
13 99.567686 6.740862
13 102.970534 3.553617
17 102.714831 3.793119
31 97.963638 8.243279
17 104.749141 1.887702
17 104.524688 2.097933
13 98.427987 7.808351
7 99.998787 6.337076
15 105.558747 1.129392
19 100.683974 5.695302
16 105.325412 1.347942
19 105.671055 1.024199
27 100.546979 5.823617
19 106.541779 0.208644
13 102.689006 3.817307
13 98.252340 7.972869
8 105.597361 1.093225
19 100.484177 5.882440
17 98.091206 8.123794
27 104.745406 1.891200
15 106.311743 0.424105
17 101.903282 4.553249
21 106.091472 0.630420
15 102.128223 4.342560
24 97.849893 8.349817
17 103.927993 2.656822
29 105.866944 0.840722
24 96.916425 9.224141
23 98.622956 7.625735
13 99.935225 6.396611
23 105.898904 0.810787
17 105.863477 0.843969
19 103.230519 3.310105
24 99.686265 6.629796
7 98.325935 7.903937
12 102.727741 3.781027
19 99.377642 6.918865
20 104.104596 2.491409
19 105.380455 1.296387
27 100.595884 5.777810
19 102.360560 4.124944
22 102.084461 4.383549
15 103.786885 2.788990
8 104.623605 2.005284
19 106.364608 0.374590
21 99.434162 6.865927
11 98.601839 7.645514
23 104.970081 1.680760
12 104.707126 1.927054
28 106.652647 0.104801
12 103.463319 3.092055
16 102.275457 4.204654
12 97.336516 8.830667
19 103.961061 2.625849
23 104.602512 2.025040
17 100.633400 5.742672
19 104.353458 2.258314
23 106.130628 0.593745
12 102.743421 3.766340
19 103.213906 3.325665
21 102.843746 3.672372
11 105.714165 0.983820
15 100.871555 5.519606
11 103.041677 3.486982
15 96.602708 9.517981
23 101.116710 5.289984
12 100.765498 5.618943
20 106.641984 0.114788
15 105.154090 1.508410
25 102.872960 3.645009
12 100.847550 5.542090
11 98.078078 8.136090
31 101.409262 5.015967
17 101.473518 4.955783
12 98.043701 8.168289
19 102.182887 4.291359
17 101.413977 5.011551
23 106.255589 0.476701
16 104.611785 2.016355
17 106.592811 0.160845
16 106.187885 0.540115
16 103.834719 2.744187
16 96.111014 9.978522
17 106.221424 0.508702
20 106.497236 0.250365
33 105.369590 1.306564
27 97.750973 8.442469
22 102.611540 3.889865
17 103.238433 3.302692
19 104.113187 2.483362
21 102.337757 4.146302
20 102.580216 3.919205
20 99.081163 7.196560
21 103.996833 2.592344
23 105.694295 1.002432
27 98.576544 7.669206
27 103.851019 2.728919
29 102.784430 3.727929
29 102.440004 4.050533
28 103.635808 2.930494
