8 104.814552 1.826435
8 101.145600 5.262924
8 99.640202 6.672941
8 97.013924 9.132819
8 97.395482 8.775437
9 102.887915 3.631001
9 102.663106 3.841567
11 101.003624 5.395905
11 100.999762 5.399522
11 105.522775 1.163085
11 96.431599 9.678249
12 103.407180 3.144637
12 97.619931 8.565209
12 96.408943 9.699469
8 98.041941 8.169937
13 102.898355 3.621223
13 105.417285 1.261891
13 98.106333 8.109625
15 105.712946 0.984963
15 97.275834 8.887504
15 101.470776 4.958351
12 103.271018 3.272172
15 104.001223 2.588232
15 98.245819 7.978977
12 105.307863 1.364380
16 99.588864 6.721027
16 98.253825 7.971478
16 105.418521 1.260733
16 106.255038 0.477217
16 104.537585 2.085854
17 106.712946 0.048322
17 96.603535 9.517207
17 104.233484 2.370686
17 97.245289 8.916113
17 96.521857 9.593709
15 98.234670 7.989420
17 104.391341 2.222831
17 100.642393 5.734248
12 103.983307 2.605013
19 105.129361 1.531572
19 103.512994 3.045527
19 101.262908 5.153048
16 106.509444 0.238930
16 100.400609 5.960713
20 105.958745 0.754738
13 104.336030 2.274638
12 103.935320 2.649959
20 98.191100 8.030229
9 103.095259 3.436794
15 104.440263 2.177010
9 104.312929 2.296275
12 104.056351 2.536596
21 102.377738 4.108854
23 99.655071 6.659014
16 102.834907 3.680651
9 99.106823 7.172526
15 97.135950 9.018525
11 101.795031 4.654641
7 105.146467 1.515550
12 97.545684 8.634752
22 98.164392 8.055244
24 104.081745 2.512812
15 97.638113 8.548179
16 101.094793 5.310512
12 105.354144 1.321031
13 98.731832 7.523757
16 100.547273 5.823341
12 96.514616 9.600492
16 96.949579 9.193088
12 101.543074 4.890634
13 103.407727 3.144125
25 99.074940 7.202388
13 99.052859 7.223071
12 103.653051 2.914344
16 104.972377 1.678609
8 106.236593 0.494494
16 103.869401 2.711702
16 102.751205 3.759049
9 102.245165 4.233027
16 101.741497 4.704783
11 102.190368 4.284352
23 104.189454 2.411927
12 100.851085 5.538779
13 106.488133 0.258891
12 99.120004 7.160180
9 96.579229 9.539973
11 105.378574 1.298149
16 100.203748 6.145101
15 103.115664 3.417682
12 102.888715 3.630252
16 97.398016 8.773064
17 105.454072 1.227435
12 104.447009 2.170691
12 105.592672 1.097616
13 104.437023 2.180044
28 104.787192 1.852062
17 101.664512 4.776891
15 103.579825 2.982931
13 102.603931 3.896992
31 100.020204 6.317016
17 103.303553 3.241698
16 106.463185 0.282258
15 96.104916 9.984234
27 104.342185 2.268873
11 97.689198 8.500330
17 98.089281 8.125597
7 99.761089 6.559714
25 105.796101 0.907077
22 101.437861 4.989181
15 106.656135 0.101534
17 100.149305 6.196095
15 103.694169 2.875831
16 98.704637 7.549229
19 104.946625 1.702730
19 97.349745 8.818276
29 97.006339 9.139924
22 103.104975 3.427694
9 106.129109 0.595167
12 101.971776 4.489094
8 104.971085 1.679820
27 105.226740 1.440363
9 99.945304 6.387170
17 106.493725 0.253653
10 99.629809 6.682676
9 105.674934 1.020566
12 98.141788 8.076417
17 103.052891 3.476478
28 103.937637 2.647789
8 100.300081 6.054872
21 100.385598 5.974773
16 100.850412 5.539409
33 104.239943 2.364637
12 104.783792 1.855246
9 97.261145 8.901263
20 97.976993 8.230770
28 100.263257 6.089362
21 103.412038 3.140086
9 96.767256 9.363859
9 104.610360 2.017690
16 101.482464 4.947404
9 99.504296 6.800236
12 97.399130 8.772020
19 99.774382 6.547263
11 99.124689 7.155791
12 97.964645 8.242336
19 101.941296 4.517643
12 103.363394 3.185649
11 101.064457 5.338926
16 103.993848 2.595139
15 97.735695 8.456780
9 106.613843 0.141146
11 102.781370 3.730796
17 105.759956 0.940931
13 102.141118 4.330482
12 100.576608 5.795865
9 98.286034 7.941310
16 96.391816 9.715512
15 100.031139 6.306774
21 102.843260 3.672827
41 99.104856 7.174368
10 96.179981 9.913925
15 106.042556 0.676237
19 99.861187 6.465958
47 106.166907 0.559764
16 97.270981 8.892050
10 103.783461 2.792196
9 105.406355 1.272128
11 99.491037 6.812655
11 101.296336 5.121739
11 97.667613 8.520548
16 105.540045 1.146909
11 98.704649 7.549218
11 104.371078 2.241811
35 105.082997 1.574999
25 102.143441 4.328305
17 105.523767 1.162155
32 100.026499 6.311120
13 100.213371 6.136088
13 104.236264 2.368083
17 100.113775 6.229374
15 97.215035 8.944451
15 99.141651 7.139904
28 98.343801 7.887203
16 104.764500 1.873315
49 104.226830 2.376919
19 100.328812 6.027961
17 98.061378 8.151732
19 104.173449 2.426918
40 103.918683 2.665542
29 102.480056 4.013019
28 104.017426 2.573056
28 99.727782 6.590910
46 102.789030 3.723621
29 104.389233 2.224806
33 105.029758 1.624864
35 102.567318 3.931286
44 98.985576 7.286090
53 96.504327 9.610129
77 106.678855 0.080253
72 104.561006 2.063916
