8 105.738849 0.960701
10 105.638938 1.054282
10 105.798049 0.905252
10 103.339309 3.208207
12 105.780760 0.921446
12 98.817569 7.443453
12 99.252246 7.036317
12 96.774570 9.357009
12 104.893160 1.752808
12 105.359030 1.316454
12 102.513110 3.982059
8 97.230522 8.929945
10 101.624328 4.814528
15 101.818155 4.632982
15 98.160732 8.058673
14 101.098915 5.306651
15 103.060132 3.469696
15 103.593858 2.969786
15 106.245759 0.485908
15 99.261384 7.027757
14 105.360359 1.315210
15 100.376747 5.983063
15 102.162875 4.310103
14 99.288949 7.001939
15 101.380852 5.042578
15 106.411950 0.330247
15 101.360589 5.061557
10 99.931357 6.400234
10 100.669623 5.708743
10 99.191757 7.092973
16 99.243811 7.044217
17 100.438510 5.925214
17 104.791318 1.848197
16 99.205376 7.080217
16 105.561671 1.126652
16 104.381656 2.231903
17 105.752809 0.947625
19 105.061850 1.594805
18 97.786124 8.409546
17 96.275679 9.824290
19 98.527765 7.714895
10 101.062559 5.340704
19 97.444198 8.729808
19 100.957379 5.439220
19 100.087666 6.253828
10 98.607431 7.640276
10 104.859195 1.784621
12 102.789839 3.722864
12 102.500942 3.993456
15 106.179065 0.548377
15 100.069453 6.270888
10 106.425921 0.317162
8 105.595202 1.095246
22 102.644705 3.858802
21 103.243880 3.297590
10 96.425247 9.684199
10 100.406336 5.955349
10 106.376788 0.363181
17 96.923813 9.217222
12 105.813976 0.890334
12 105.690301 1.006173
24 106.743549 0.019658
24 104.151749 2.447243
8 100.374057 5.985583
10 106.324039 0.412588
12 102.190191 4.284518
15 103.361246 3.187660
17 98.243079 7.981544
17 99.051956 7.223917
17 106.362740 0.376340
10 99.763073 6.557856
10 106.382746 0.357601
19 100.839493 5.549637
10 102.409475 4.079128
22 105.464739 1.217443
15 105.401247 1.276913
15 96.978659 9.165851
19 96.939139 9.202866
17 104.549694 2.074512
18 99.116698 7.163276
28 104.686663 1.946221
19 106.202518 0.526409
17 98.458001 7.780238
29 106.372405 0.367287
10 98.704206 7.549633
18 104.252094 2.353256
8 102.001295 4.461446
15 101.931380 4.526931
15 105.396702 1.281170
10 100.515421 5.853175
15 102.276189 4.203969
31 99.648902 6.664792
10 106.087262 0.634363
20 97.784543 8.411026
10 104.270431 2.336081
17 98.089957 8.124964
10 99.942462 6.389832
17 97.675798 8.512881
10 106.396113 0.345080
8 104.100995 2.494781
12 102.465717 4.026449
24 102.133442 4.337672
12 103.231348 3.309328
17 106.706454 0.054402
10 106.436844 0.306930
12 106.011806 0.705038
26 106.752200 0.011555
21 101.641635 4.798317
33 97.835395 8.363397
33 102.941963 3.580377
34 101.379510 5.043834
8 100.419150 5.943347
15 106.700417 0.060057
18 99.599743 6.710837
15 100.305454 6.049839
26 103.508879 3.049381
8 102.844792 3.671392
15 102.748069 3.761987
15 100.982602 5.415595
32 103.143027 3.392053
10 99.443128 6.857528
22 104.119667 2.477292
14 103.045047 3.483825
17 101.925783 4.532173
26 99.545612 6.761538
12 101.151972 5.256956
12 103.690462 2.879304
22 106.491338 0.255889
12 105.619299 1.072676
18 102.747346 3.762664
21 106.488088 0.258933
25 96.905672 9.234213
12 102.659364 3.845071
19 104.390940 2.223207
32 98.941150 7.327702
17 99.501520 6.802836
18 106.724384 0.037609
10 97.223262 8.936746
16 99.035507 7.239323
17 106.225308 0.505064
19 101.993087 4.469133
21 102.467704 4.024588
19 103.360295 3.188551
26 101.497656 4.933174
10 102.181126 4.293009
15 105.229443 1.437831
10 105.025568 1.628789
10 97.104107 9.048351
12 105.993467 0.722215
22 105.663084 1.031666
8 98.425269 7.810896
10 105.780111 0.922053
16 102.675030 3.830398
24 104.728549 1.906989
15 106.191077 0.537125
10 105.117922 1.542286
32 102.924005 3.597198
15 101.673289 4.768669
10 103.959488 2.627322
10 97.808857 8.388254
12 101.219857 5.193372
12 100.712488 5.668595
10 104.301801 2.306698
12 105.772464 0.929215
10 102.189859 4.284829
25 105.727259 0.971556
17 101.268489 5.147821
10 102.082541 4.385348
12 104.176904 2.423682
42 104.570612 2.054919
31 101.910036 4.546923
10 106.658144 0.099652
17 103.590517 2.972915
12 100.393594 5.967284
31 104.103743 2.492208
12 101.763587 4.684092
12 105.275791 1.394420
23 98.047206 8.165006
15 100.366347 5.992805
15 105.847871 0.858587
21 105.042320 1.613099
15 96.396199 9.711406
16 105.607358 1.083861
21 102.757082 3.753544
22 97.507154 8.670841
31 105.749078 0.951120
25 104.450192 2.167709
21 97.633066 8.552906
28 99.621182 6.690756
17 104.644160 1.986031
27 105.634711 1.058241
29 106.355934 0.382714
45 104.759777 1.877739
23 104.112747 2.483774
26 96.794575 9.338271
24 96.824025 9.310687
29 99.945520 6.386968
37 99.858203 6.468753
38 105.621715 1.070414
37 100.741496 5.641425
