7 104.629215 2.000029
7 104.543188 2.080606
7 97.524068 8.654998
8 100.507699 5.860408
8 100.329750 6.027082
11 97.544988 8.635404
11 99.980132 6.354549
9 97.521884 8.657044
12 105.358099 1.317327
12 101.727914 4.717506
12 100.552465 5.818479
13 101.709345 4.734898
13 105.499597 1.184794
13 103.527399 3.032035
12 100.849365 5.540390
13 101.145072 5.263418
8 97.336909 8.830299
9 102.328981 4.154522
15 106.190956 0.537239
15 98.199257 8.022589
15 106.293845 0.440869
15 98.932787 7.335534
15 104.222746 2.380745
15 104.547899 2.076193
15 100.607460 5.766968
15 96.160654 9.932027
16 104.679865 1.952589
16 98.157724 8.061491
15 98.606071 7.641551
8 96.999924 9.145933
9 105.754002 0.946508
17 105.645216 1.048401
17 98.856421 7.407063
7 96.822945 9.311698
17 106.399173 0.342215
17 104.275913 2.330946
17 103.184759 3.352965
17 98.283207 7.943958
11 102.402802 4.085377
11 104.545685 2.078267
19 102.938184 3.583917
19 106.027578 0.690265
19 105.725838 0.972887
20 101.667868 4.773747
20 103.665394 2.902783
18 106.039531 0.679070
11 105.171936 1.491694
20 100.607486 5.766944
9 100.296231 6.058478
9 98.750145 7.506605
13 105.457889 1.223859
13 96.097893 9.990812
21 100.508376 5.859774
21 100.125432 6.218455
12 102.197132 4.278016
21 104.227281 2.376497
12 97.483849 8.692669
7 101.713687 4.730831
12 102.437727 4.052666
23 99.918324 6.412441
23 105.928433 0.783128
12 99.234051 7.053358
11 100.717928 5.663499
23 105.797896 0.905395
16 101.122035 5.284996
7 97.327157 8.839433
24 101.011977 5.388081
16 106.721231 0.040562
16 102.195241 4.279788
15 98.511967 7.729692
22 101.552344 4.881951
20 106.195250 0.533217
15 100.720978 5.660643
15 104.970642 1.680235
12 105.885485 0.823355
11 104.593475 2.033504
20 105.407407 1.271143
27 96.731953 9.396925
9 102.153889 4.318520
12 106.580743 0.172148
25 103.706562 2.864223
16 104.134920 2.463005
13 103.436091 3.117557
28 105.213280 1.452970
19 102.920352 3.600620
19 103.493072 3.064187
17 106.000036 0.716063
19 99.110988 7.168624
17 104.913493 1.733763
16 105.812060 0.892128
16 105.449901 1.231341
8 101.589724 4.846940
15 102.309018 4.173219
17 106.459174 0.286015
32 105.608317 1.082962
16 101.240519 5.174020
13 102.916048 3.604651
11 98.937223 7.331380
13 101.435811 4.991101
12 106.210956 0.518506
19 105.690029 1.006427
20 102.543878 3.953240
12 98.984191 7.287388
16 96.858911 9.278011
18 105.905268 0.804826
16 102.505683 3.989015
13 102.314571 4.168019
11 106.310548 0.425224
23 98.169806 8.050174
7 102.557883 3.940123
17 104.037943 2.553839
16 102.490536 4.003202
15 103.400565 3.150833
13 103.156075 3.379831
8 100.651610 5.725615
15 106.577792 0.174912
24 98.138601 8.079402
13 97.016602 9.130312
7 99.404080 6.894102
19 104.922894 1.724958
33 98.338381 7.892280
31 105.590521 1.099631
9 104.600566 2.026862
16 101.418501 5.007314
15 99.807968 6.515805
23 106.548221 0.202610
16 104.508812 2.112804
12 106.175868 0.551371
12 97.545030 8.635364
9 96.611562 9.509688
21 105.787525 0.915109
12 105.247750 1.420684
17 101.664500 4.776901
15 98.389852 7.844069
21 106.036970 0.681468
12 96.561102 9.556951
8 104.758783 1.878671
12 99.059010 7.217309
17 105.980414 0.734442
20 103.457842 3.097185
21 105.098739 1.560254
13 106.422374 0.320484
27 97.173345 8.983499
12 99.265005 7.024366
15 104.025197 2.565777
16 104.337818 2.272963
28 100.419071 5.943421
13 105.548519 1.138972
11 101.549841 4.884296
16 104.621951 2.006833
16 106.118553 0.605055
32 104.216395 2.386693
8 106.677943 0.081108
11 97.386452 8.783895
7 97.787184 8.408553
21 101.349951 5.071521
13 104.960694 1.689553
11 104.787116 1.852133
11 96.483775 9.629378
17 102.875726 3.642418
16 104.083510 2.511159
9 99.120499 7.159716
17 101.420523 5.005420
16 106.355187 0.383413
23 100.473874 5.892090
24 100.188616 6.159274
20 102.138480 4.332952
12 97.016069 9.130810
19 105.871804 0.836169
11 105.145000 1.516924
12 97.168869 8.987692
16 105.971038 0.743223
33 102.616559 3.885164
12 102.524386 3.971498
13 98.644208 7.605829
33 98.946767 7.322440
20 98.174880 8.045421
12 105.844279 0.861951
16 102.703458 3.803771
23 106.202262 0.526649
17 104.637816 1.991973
15 106.725625 0.036447
17 104.979106 1.672307
16 105.538449 1.148403
23 105.114722 1.545283
20 102.852304 3.664356
23 97.491404 8.685592
32 98.066526 8.146910
25 103.390097 3.160638
31 102.078910 4.388748
19 99.191002 7.093680
23 105.165393 1.497823
20 104.607126 2.020718
23 106.483727 0.263018
28 103.154125 3.381658
23 102.143912 4.327865
29 105.698372 0.998613
31 106.626591 0.129206
41 102.259783 4.219335
32 99.357601 6.937636
