8 98.855686 7.407751
8 101.423333 5.002789
9 103.110666 3.422364
9 97.559153 8.622136
9 103.794774 2.781600
10 98.143955 8.074387
10 102.640139 3.863078
9 96.188258 9.906172
10 98.688037 7.564777
11 99.517644 6.787734
11 100.649657 5.727444
12 101.586790 4.849688
12 102.842597 3.673448
12 102.875747 3.642398
13 101.070947 5.332847
13 103.690932 2.878863
13 101.431092 4.995521
13 103.781486 2.794046
14 103.673787 2.894921
14 106.365556 0.373702
14 96.610901 9.510307
14 98.149138 8.069533
14 102.515901 3.979444
10 105.057492 1.598887
10 105.868728 0.839051
14 106.704503 0.056230
10 97.761795 8.432333
14 106.033582 0.684642
15 104.155758 2.443488
15 99.641781 6.671462
10 99.964986 6.368735
16 101.919318 4.538228
11 104.780209 1.858602
16 103.263039 3.279645
16 102.128232 4.342551
17 103.521600 3.037467
15 106.290050 0.444424
17 105.718846 0.979436
10 97.051090 9.098009
18 104.990348 1.661777
18 106.316472 0.419676
9 105.838278 0.867572
18 104.775515 1.862999
13 104.938468 1.710370
15 106.715694 0.045748
15 105.372655 1.303693
13 105.681655 1.014271
19 102.528295 3.967836
12 98.872651 7.391860
19 103.781129 2.794381
19 103.990319 2.598445
16 98.146137 8.072343
12 97.117515 9.035792
12 99.178989 7.104932
13 99.200391 7.084886
21 101.712426 4.732012
21 103.578111 2.984536
14 101.810488 4.640164
10 106.346044 0.391977
20 105.124605 1.536027
12 100.634426 5.741711
12 106.120452 0.603275
14 97.324155 8.842244
22 104.929943 1.718355
16 102.213216 4.262952
11 105.554220 1.133631
14 96.708667 9.418736
19 99.858128 6.468823
23 102.413634 4.075232
17 103.710687 2.860360
13 106.143903 0.581311
16 101.652442 4.788195
17 104.705577 1.928505
7 101.130468 5.277098
9 104.029798 2.561468
10 103.311203 3.234532
7 97.548635 8.631987
9 97.373287 8.796225
9 103.601356 2.962764
7 105.139456 1.522116
12 105.417630 1.261568
10 104.055943 2.536978
16 106.651208 0.106149
16 100.659788 5.717956
18 104.085593 2.509208
16 99.079603 7.198021
16 105.020872 1.633187
28 104.928942 1.719293
20 106.251670 0.480371
29 105.709658 0.988042
13 104.427519 2.188946
13 100.924608 5.469914
12 105.453224 1.228229
23 105.313188 1.359392
13 100.238254 6.112781
26 101.273826 5.142822
7 103.919167 2.665089
11 104.779150 1.859594
17 104.338236 2.272572
13 102.634379 3.868473
18 104.018404 2.572139
15 98.082054 8.132366
10 97.524846 8.654270
17 102.830719 3.684573
17 105.540445 1.146534
18 102.573020 3.925944
22 98.372907 7.859941
14 101.145442 5.263072
13 103.761156 2.813088
15 105.724267 0.974359
19 106.668515 0.089938
13 104.211998 2.390811
17 105.383399 1.293629
16 104.994722 1.657681
22 96.498994 9.615124
9 98.486633 7.753420
15 106.602232 0.152021
17 100.619936 5.755283
33 99.779684 6.542296
28 105.591436 1.098773
11 101.579644 4.856381
22 105.213199 1.453045
9 99.171486 7.111960
12 97.400991 8.770278
15 96.340180 9.763876
15 106.610890 0.143911
14 106.413102 0.329168
13 106.637906 0.118607
12 99.892500 6.436628
7 99.558416 6.749545
12 102.998646 3.527286
30 103.031661 3.496363
13 104.565612 2.059602
14 100.829426 5.559065
13 105.336468 1.337587
11 98.141460 8.076723
16 99.147954 7.134000
10 100.761672 5.622527
17 103.681678 2.887531
14 105.656761 1.037588
27 98.709737 7.544453
25 106.574126 0.178346
18 98.590560 7.656079
18 99.968995 6.364981
16 99.240055 7.047735
13 106.065178 0.655048
17 102.070189 4.396917
15 100.294039 6.060531
15 104.125692 2.471649
29 100.880753 5.510991
16 105.676978 1.018652
21 105.073881 1.583537
17 103.422244 3.130527
14 105.857591 0.849482
19 106.266026 0.466925
16 102.605294 3.895716
12 98.145261 8.073163
13 105.459379 1.222463
12 106.730276 0.032090
14 96.718052 9.409946
9 105.246120 1.422211
22 106.226178 0.504249
11 96.770558 9.360766
16 101.519020 4.913164
18 99.183969 7.100267
14 105.069711 1.587443
14 106.316774 0.419393
13 104.201265 2.400864
13 102.325756 4.157543
21 103.685398 2.884046
8 103.419428 3.133164
11 102.458428 4.033276
11 102.076487 4.391018
22 102.098891 4.370033
25 99.106591 7.172742
19 104.220446 2.382899
25 100.184032 6.163568
14 103.056864 3.472757
23 97.624491 8.560938
11 98.621621 7.626985
25 103.397408 3.153789
25 104.805188 1.835206
13 101.209985 5.202619
14 99.023392 7.250670
17 105.782175 0.920119
15 104.264340 2.341786
15 104.301634 2.306855
22 96.702850 9.424184
33 105.045334 1.610275
29 99.252638 7.035950
19 100.917982 5.476120
15 104.677823 1.954501
19 105.410384 1.268355
23 104.316486 2.292944
21 104.069313 2.524456
28 102.615168 3.886467
22 103.208868 3.330384
33 102.689188 3.817137
31 101.058174 5.344811
101 101.786901 4.662255
