7 102.787119 3.725411
43 99.831914 6.493375
7 99.737151 6.582135
21 106.359064 0.379782
14 102.117235 4.352851
11 98.173826 8.046408
27 98.375205 7.857789
7 100.372143 5.987375
7 100.865052 5.525697
24 101.280069 5.136975
42 100.633493 5.742584
69 104.966015 1.684569
45 99.380293 6.916383
53 97.022465 9.124820
91 97.614964 8.569861
85 96.622641 9.499311
101 100.081629 6.259483
100 97.464646 8.710656
105 99.463106 6.838816
103 104.120929 2.476111
119 106.582603 0.170406
143 105.539662 1.147267
112 105.872536 0.835484
147 102.928005 3.593451
137 102.854887 3.661936
168 104.737560 1.898549
203 97.574571 8.607695
206 99.895095 6.434198
226 103.424567 3.128351
244 101.398165 5.026361
248 99.253906 7.034762
254 102.258303 4.220722
255 100.564090 5.807590
284 104.488011 2.132287
289 101.612385 4.825715
296 98.552464 7.691760
356 98.650347 7.600079
366 103.566791 2.995139
378 99.087278 7.190833
410 104.699051 1.934618
450 96.157528 9.934955
464 104.791022 1.848474
513 105.388912 1.288466
548 103.678831 2.890197
551 100.429683 5.933481
664 100.133534 6.210866
696 98.300766 7.927511
708 100.191790 6.156301
79 103.393687 3.157275
93 102.920816 3.600185
22 105.375085 1.301417
329 105.491504 1.192374
11 98.427662 7.808655
76 105.530030 1.156289
253 96.298866 9.802572
180 96.665833 9.458856
46 104.874343 1.770432
112 106.275398 0.458147
188 102.068131 4.398844
204 99.667561 6.647315
110 106.756003 0.007993
24 96.408164 9.700199
299 100.299838 6.055099
250 99.298830 6.992684
155 103.192426 3.345784
302 105.913941 0.796702
266 99.495695 6.808292
7 97.709710 8.481118
199 100.842441 5.546875
286 103.552974 3.008080
458 105.410164 1.268561
304 104.050017 2.542530
356 101.677270 4.764941
231 100.219998 6.129880
44 102.079431 4.388260
189 96.320608 9.782208
76 103.961083 2.625828
266 104.521718 2.100715
333 96.217317 9.878954
54 103.469802 3.085983
228 106.548300 0.202536
29 101.730202 4.715362
77 96.986947 9.158088
352 99.021541 7.252404
315 99.174452 7.109181
467 99.237157 7.050449
415 105.844669 0.861586
559 106.020619 0.696784
537 99.459111 6.842558
181 99.632487 6.680167
576 99.951121 6.381722
151 99.875715 6.452350
664 98.137660 8.080283
269 102.735282 3.773963
390 100.352122 6.006128
633 99.894426 6.434825
144 96.137620 9.953602
141 97.493895 8.683259
122 97.677554 8.511237
137 96.929347 9.212038
137 104.701482 1.932341
246 103.675817 2.893021
30 105.890722 0.818450
435 102.593948 3.906343
247 101.331575 5.088732
57 102.063772 4.402927
109 100.346170 6.011703
27 100.932515 5.462508
22 97.798302 8.398140
108 104.803372 1.836906
92 105.445297 1.235654
16 98.809123 7.451363
85 98.646203 7.603961
104 97.643101 8.543507
122 106.124505 0.599480
205 103.834780 2.744129
462 103.176236 3.360948
69 106.420387 0.322344
361 99.246395 7.041797
138 100.815519 5.572091
164 102.610191 3.891129
532 100.849628 5.540144
373 104.497137 2.123739
323 101.757572 4.689727
171 102.692632 3.813911
485 106.701146 0.059374
222 97.141340 9.013477
148 106.073700 0.647066
299 106.475730 0.270508
304 98.089415 8.125471
43 97.776687 8.418385
306 99.914113 6.416385
28 98.328179 7.901836
393 105.483840 1.199552
593 105.502594 1.181986
99 105.916493 0.794312
63 98.936047 7.332481
70 105.316732 1.356073
42 102.611305 3.890086
18 101.389083 5.034868
42 103.556161 3.005095
59 104.890545 1.755257
328 103.272452 3.270829
72 98.639412 7.610321
417 97.483227 8.693251
694 106.529340 0.220295
584 96.713450 9.414256
672 97.796267 8.400046
53 103.819064 2.758849
60 100.029595 6.308220
124 98.018048 8.192317
53 105.233306 1.434213
818 100.952916 5.443400
150 97.950446 8.255635
93 100.941946 5.453675
29 102.398569 4.089342
93 101.679307 4.763033
54 106.710654 0.050469
7 100.125032 6.218829
124 101.193909 5.217676
212 102.590161 3.909890
8 96.225991 9.870829
51 104.027898 2.563247
17 103.329738 3.217172
136 104.216388 2.386700
42 99.878968 6.449303
179 97.316208 8.849688
428 104.186692 2.414514
288 103.524635 3.034623
196 105.800005 0.903419
436 103.309802 3.235844
502 98.290581 7.937051
561 106.610981 0.143827
398 105.885847 0.823016
410 96.789976 9.342578
633 103.132259 3.402139
37 102.176207 4.297616
62 97.396877 8.774130
184 99.132433 7.148539
357 99.270454 7.019263
804 96.775840 9.355819
826 105.811927 0.892253
18 96.454666 9.656643
67 105.871965 0.836019
15 104.979920 1.671545
116 100.720537 5.661055
49 97.823855 8.374205
40 102.437120 4.053234
41 97.632526 8.553412
23 96.650190 9.473508
168 101.979481 4.481877
53 97.099035 9.053102
109 104.290283 2.317487
12 101.732373 4.713329
7 101.414726 5.010850
108 102.349155 4.135625
256 99.245433 7.042698
10 96.578279 9.540862
147 102.150554 4.321643
244 97.224763 8.935340
57 98.022644 8.188012
63 96.504522 9.609946
129 105.271136 1.398780
82 102.369412 4.116652
142 106.187709 0.540280
98 103.993037 2.595899
44 106.492091 0.255183
74 106.606655 0.147879
83 104.728497 1.907038
114 98.385366 7.848271
143 101.029297 5.371858
211 104.238924 2.365591
166 106.685797 0.073751
255 103.837599 2.741489
174 100.992310 5.406502
246 106.451565 0.293142
235 103.984868 2.603550
259 98.645457 7.604659
282 99.629497 6.682968
363 96.301084 9.800495
375 100.800270 5.586375
390 105.757711 0.943033
443 102.876463 3.641728
536 101.182607 5.228262
547 102.120226 4.350050
632 96.136531 9.954622
612 103.461027 3.094202
679 100.408669 5.953163
46 98.776791 7.481647
34 106.243288 0.488223
176 104.556690 2.067958
1066 99.907721 6.422372
113 106.323446 0.413144
105 101.967539 4.493063
128 105.455228 1.226352
200 105.723785 0.974810
53 103.410249 3.141762
43 106.304399 0.430983
37 106.638992 0.117591
55 103.120921 3.412759
162 98.597796 7.649301
44 98.808572 7.451880
271 98.737538 7.518413
16 100.022111 6.315230
42 101.863991 4.590050
12 105.053819 1.602328
158 104.371144 2.241748
232 100.482984 5.883558
157 101.066305 5.337196
51 98.044572 8.167473
140 104.068506 2.525212
26 101.039139 5.362640
23 98.651430 7.599066
16 106.579400 0.173407
119 96.893942 9.245200
280 101.574223 4.861458
171 97.139843 9.014879
143 105.329019 1.344564
192 99.980929 6.353803
110 105.635115 1.057862
18 105.434658 1.245618
249 100.970034 5.427366
247 105.939429 0.772830
7 97.324367 8.842046
221 101.967116 4.493459
67 106.219852 0.510174
505 97.009312 9.137140
157 101.136669 5.271289
1925 101.489868 4.940469
261 96.506230 9.608346
43 99.628147 6.684232
705 99.737183 6.582105
797 105.850870 0.855778
643 100.582542 5.790307
681 98.395041 7.839209
61 104.416004 2.199731
18 104.505252 2.116138
21 105.036947 1.618130
981 100.782727 5.602806
88 100.711435 5.669580
197 98.321769 7.907839
32 98.440430 7.796697
179 102.087460 4.380740
9 105.991300 0.724245
55 97.652522 8.534683
315 104.376217 2.236997
36 104.399799 2.214910
44 103.269867 3.273249
12 98.283788 7.943413
64 102.304174 4.177757
209 105.763491 0.937620
247 106.490842 0.256354
71 106.267122 0.465899
71 99.942004 6.390261
42 99.260114 7.028947
124 97.645497 8.541262
233 100.183023 6.164513
44 103.324276 3.222287
98 97.003676 9.142418
200 104.442035 2.175350
93 97.167471 8.989001
259 106.545182 0.205456
33 103.436964 3.116740
289 102.901257 3.618505
406 103.259934 3.282553
101 104.004286 2.585363
178 99.019386 7.254423
181 99.952437 6.380489
23 105.736110 0.963266
201 96.325816 9.777330
449 104.436274 2.180746
526 103.144863 3.390334
13 96.640960 9.482153
125 102.500713 3.993670
107 101.027265 5.373761
7 101.092473 5.312686
133 104.902487 1.744072
678 104.947271 1.702125
275 103.380891 3.169260
60 100.518786 5.850024
22 100.105939 6.236713
112 105.440231 1.240398
26 105.403233 1.275052
117 106.519373 0.229630
10 98.583763 7.662445
87 97.406157 8.765438
12 106.102916 0.619701
135 98.802171 7.457875
128 101.703533 4.740342
44 102.683081 3.822857
165 101.888534 4.567062
225 102.354755 4.130381
47 105.919484 0.791511
142 96.860705 9.276331
202 97.795259 8.400990
10 99.300097 6.991498
192 104.148538 2.450251
305 104.198304 2.403638
175 101.512185 4.919566
50 99.568197 6.740384
191 105.094957 1.563796
470 99.958472 6.374836
212 104.686696 1.946190
447 106.079825 0.641329
171 100.116765 6.226573
7 101.295378 5.122636
393 97.462989 8.712207
303 103.871801 2.709454
16 99.653392 6.660586
402 104.575130 2.050688
136 104.518783 2.103464
505 106.107155 0.615731
31 105.503613 1.181032
445 105.723530 0.975049
216 104.215988 2.387074
593 103.283943 3.260066
7 100.955992 5.440519
513 104.206170 2.396270
35 99.158750 7.123888
741 102.717264 3.790840
305 99.792541 6.530255
611 101.418752 5.007079
523 102.916865 3.603886
413 97.352636 8.815569
111 100.502291 5.865473
455 101.382930 5.040632
776 103.632702 2.933404
963 99.303209 6.988582
26 99.354892 6.940174
70 100.431749 5.931546
116 103.543767 3.016703
33 100.555605 5.815537
56 100.603860 5.770340
878 99.754311 6.566062
151 105.882258 0.826379
264 99.538603 6.768103
464 105.494687 1.189393
33 96.137157 9.954035
518 96.913521 9.226861
92 104.895030 1.751056
33 102.055247 4.410912
1633 97.990315 8.218292
10 97.076884 9.073849
213 105.139487 1.522088
100 100.060126 6.279623
244 102.320113 4.162827
34 102.152728 4.319607
395 98.243844 7.980827
69 100.842782 5.546555
89 101.386690 5.037110
143 100.058913 6.280759
550 101.186576 5.224545
318 100.133349 6.211040
293 102.539231 3.957593
432 103.665034 2.903120
204 100.579496 5.793160
19 97.603419 8.580675
87 100.744917 5.638220
28 105.327232 1.346238
499 104.638527 1.991307
148 96.632099 9.490452
234 100.262526 6.090047
41 106.525939 0.223480
13 100.135447 6.209075
143 96.777701 9.354076
78 103.258377 3.284011
571 98.036630 8.174912
364 98.753717 7.503259
478 98.260569 7.965161
217 99.545745 6.761413
80 99.178608 7.105289
975 100.053334 6.285985
7 104.326267 2.283782
441 101.400865 5.023832
560 99.210410 7.075502
97 105.844037 0.862177
548 103.740704 2.832244
928 102.764934 3.746190
208 98.062995 8.150217
245 99.533654 6.772738
89 100.142226 6.202725
98 102.633531 3.869267
208 101.286728 5.130739
98 99.332989 6.960689
99 105.721175 0.977255
296 103.142834 3.392234
80 100.095833 6.246178
129 100.725699 5.656221
16 102.145214 4.326645
666 99.288922 7.001964
185 98.553875 7.690439
110 104.889372 1.756355
95 103.285723 3.258398
59 105.804905 0.898830
202 100.264416 6.088277
109 100.287984 6.066202
472 96.897395 9.241966
174 105.222540 1.444297
502 101.072147 5.331723
536 103.511502 3.046925
108 96.440375 9.670029
46 102.303906 4.178008
235 97.544791 8.635588
81 97.423098 8.749571
333 101.904729 4.551894
872 100.603151 5.771004
33 100.890332 5.502019
222 105.175752 1.488120
148 104.098235 2.497367
133 102.123828 4.346676
26 97.062859 9.086985
30 102.140074 4.331459
241 103.385768 3.164692
179 106.138650 0.586231
97 98.447143 7.790409
7 97.821748 8.376179
159 98.817801 7.443235
293 100.585946 5.787119
391 96.356321 9.748757
129 98.775517 7.482840
614 96.502525 9.611817
46 102.858607 3.658453
455 99.553987 6.753694
23 102.628217 3.874245
253 103.767401 2.807239
79 106.339153 0.398432
610 106.162291 0.564088
318 99.832464 6.492860
357 105.925867 0.785532
178 98.092045 8.123008
84 101.367186 5.055378
22 98.374081 7.858842
84 96.438033 9.672222
348 103.311095 3.234633
243 98.282395 7.944718
89 102.070928 4.396224
11 105.372825 1.303534
57 104.475579 2.143930
100 102.058185 4.408160
12 98.481782 7.757965
333 101.276473 5.140343
126 101.423217 5.002897
299 101.325456 5.094464
268 105.026649 1.627776
309 97.622010 8.563261
197 102.076315 4.391178
388 106.157609 0.568473
109 104.757011 1.880330
167 103.011638 3.515118
463 97.025868 9.121633
433 106.338264 0.399264
405 101.920154 4.537445
516 97.587931 8.595181
697 97.326210 8.840320
16 104.887003 1.758574
54 96.822500 9.312115
139 104.283914 2.323452
153 100.471350 5.894454
70 99.027885 7.246463
353 103.068822 3.461556
27 99.079118 7.198475
7 97.452772 8.721777
80 101.239015 5.175428
42 100.572531 5.799684
125 98.005227 8.204325
16 101.730949 4.714663
32 96.684489 9.441382
64 101.829734 4.622136
14 104.120049 2.476934
9 106.444108 0.300127
25 97.115281 9.037885
14 101.597297 4.839847
22 106.280906 0.452988
205 97.662516 8.525322
77 101.405587 5.019410
113 101.072148 5.331723
138 101.173878 5.236437
168 102.962401 3.561235
155 100.068457 6.271820
109 104.747903 1.888861
202 106.090211 0.631601
147 96.401495 9.706445
144 96.600689 9.519872
160 106.632989 0.123213
200 97.204203 8.954597
211 104.825866 1.815837
353 100.731519 5.650769
220 97.812732 8.384623
191 98.167755 8.052095
344 106.666204 0.092102
234 96.602745 9.517947
269 104.495962 2.124840
310 104.323272 2.286588
422 97.671650 8.516767
354 105.328766 1.344801
448 103.107015 3.425783
413 102.184032 4.290286
465 99.621438 6.690516
461 102.089137 4.379170
560 97.948384 8.257566
604 101.258633 5.157053
686 97.642651 8.543929
721 101.524091 4.908414
726 102.203244 4.272292
937 104.173028 2.427313
15 99.644947 6.668496
24 98.734039 7.521690
192 97.926922 8.277668
240 98.971402 7.299366
7 103.797737 2.778825
244 96.581717 9.537643
38 99.510661 6.794275
129 99.962301 6.371250
141 102.428625 4.061191
174 98.150682 8.068086
363 106.138441 0.586426
9 101.541334 4.892264
287 102.192548 4.282310
76 100.576138 5.796305
69 105.984548 0.730569
297 96.485488 9.627775
102 103.455529 3.099351
253 96.434801 9.675250
154 106.162984 0.563439
231 106.578575 0.174179
243 106.003175 0.713122
252 97.289661 8.874553
73 104.219108 2.384152
86 101.221270 5.192048
284 105.333402 1.340459
125 98.686888 7.565854
83 105.497281 1.186963
489 105.081483 1.576417
20 103.146985 3.388346
102 105.719919 0.978431
398 101.885201 4.570184
316 99.927620 6.403733
104 100.495447 5.871884
102 99.791391 6.531331
336 105.780866 0.921346
376 96.165735 9.927268
482 104.398651 2.215984
87 104.621929 2.006853
473 99.545810 6.761352
190 103.113964 3.419275
468 101.499956 4.931020
190 100.874771 5.516594
518 106.492563 0.254741
13 103.580728 2.982084
816 101.035926 5.365649
100 99.356445 6.938720
336 98.563168 7.681735
278 105.128269 1.532595
168 97.345656 8.822107
323 96.359281 9.745985
36 106.506787 0.241419
269 106.342767 0.395046
280 96.678669 9.446833
441 102.950653 3.572239
109 99.559362 6.748659
162 102.980725 3.544072
327 99.656632 6.657552
253 98.026578 8.184327
74 99.081370 7.196366
174 106.432699 0.310812
128 98.734013 7.521714
185 97.507137 8.670856
156 106.125313 0.598723
9 101.160852 5.248639
7 98.866035 7.398058
37 99.062140 7.214377
13 96.970550 9.173446
9 96.699141 9.427659
60 98.528722 7.713998
15 102.585269 3.914471
15 103.863652 2.717086
222 99.402830 6.895273
195 104.720386 1.914635
302 101.483837 4.946118
151 100.465053 5.900352
304 100.704964 5.675642
52 100.143854 6.201200
104 99.144459 7.137274
174 100.859683 5.530726
68 99.601275 6.709402
191 105.948883 0.763974
361 98.722138 7.532837
127 103.432340 3.121071
355 102.252293 4.226350
104 106.581020 0.171889
505 105.897301 0.812288
262 104.197142 2.404726
93 100.610562 5.764063
91 103.313094 3.232761
521 97.986481 8.221883
706 105.378387 1.298324
379 102.219236 4.257313
68 102.982824 3.542106
179 102.429062 4.060782
166 96.634002 9.488670
143 105.436234 1.244142
1015 104.845621 1.797335
30 102.378568 4.108076
38 99.701936 6.615119
172 97.129440 9.024623
133 101.555795 4.878719
144 104.862972 1.781083
33 103.859966 2.720539
37 96.657741 9.466435
282 96.120442 9.969691
258 96.254583 9.844049
257 103.206645 3.332465
45 102.298238 4.183317
74 106.611359 0.143472
14 104.224517 2.379086
199 100.212077 6.137300
140 104.982436 1.669188
1025 101.335497 5.085059
66 102.498643 3.995610
481 100.578303 5.794278
304 102.406345 4.082059
59 97.855518 8.344549
94 102.461499 4.030400
107 97.475414 8.700570
375 103.622038 2.943392
156 99.094156 7.184390
147 99.828953 6.496150
185 97.853121 8.346794
127 96.497886 9.616162
269 101.515359 4.916593
207 98.046060 8.166079
7 98.479778 7.759841
407 105.350757 1.324204
535 100.324533 6.031969
100 98.788149 7.471009
474 106.549036 0.201846
125 96.352125 9.752688
93 105.059964 1.596572
537 103.727700 2.844424
64 103.932633 2.652476
279 99.793262 6.529579
249 100.745180 5.637974
328 102.496952 3.997193
282 97.704216 8.486264
165 103.460197 3.094978
61 105.551205 1.136455
820 99.860220 6.466863
234 101.051415 5.351142
109 105.477890 1.205126
144 101.224969 5.188584
47 105.801268 0.902237
115 102.332397 4.151322
959 102.710179 3.797476
76 104.829109 1.812800
382 102.261424 4.217798
120 101.933852 4.524615
108 96.680023 9.445565
28 99.951815 6.381072
400 105.937101 0.775009
140 100.507093 5.860975
116 106.256936 0.475439
483 99.677407 6.638094
202 100.779569 5.605764
217 105.806828 0.897029
112 100.249267 6.102466
117 98.177166 8.043280
188 106.288653 0.445732
28 97.087228 9.064160
83 103.351074 3.197188
228 98.255928 7.969508
220 103.564309 2.997464
672 103.627876 2.937924
53 104.422727 2.193434
341 102.711537 3.796204
13 96.116868 9.973039
124 100.086378 6.255034
523 103.747603 2.825782
142 99.902448 6.427311
135 103.530844 3.028808
183 103.221976 3.318106
165 96.752309 9.377859
656 96.864187 9.273069
98 102.756680 3.753921
201 98.283351 7.943823
367 96.365027 9.740603
383 97.779803 8.415466
444 96.433604 9.676371
238 103.326367 3.220329
198 102.934907 3.586987
778 100.955601 5.440885
18 97.032520 9.115402
602 101.410771 5.014555
771 97.636770 8.549437
984 101.586713 4.849760
20 103.460306 3.094876
104 101.653446 4.787255
289 102.376572 4.109946
298 104.275212 2.331602
58 99.801062 6.522273
60 96.556327 9.561424
287 99.362977 6.932602
281 97.709637 8.481186
314 98.415524 7.820025
71 97.753024 8.440548
18 98.892643 7.373135
60 97.076981 9.073758
386 100.156804 6.189071
129 105.420367 1.259004
83 101.183922 5.227030
593 98.112388 8.103954
120 104.973789 1.677287
14 97.889206 8.312995
10 97.616678 8.568256
140 100.106391 6.236289
188 97.364474 8.804480
440 105.141308 1.520381
472 99.703354 6.613791
330 101.581155 4.854966
223 105.124190 1.536415
45 105.365830 1.310085
242 102.200098 4.275239
175 97.025011 9.122435
23 98.482567 7.757229
272 97.181657 8.975714
63 105.559240 1.128930
424 102.405175 4.083155
53 103.497104 3.060410
141 99.671302 6.643812
77 106.622745 0.132808
141 104.701384 1.932432
239 105.481973 1.201301
56 99.517035 6.788305
350 100.554968 5.816135
628 98.467165 7.771655
189 97.951739 8.254424
183 98.758584 7.498701
131 101.230762 5.183158
29 96.204046 9.891385
10 106.283527 0.450533
94 103.601490 2.962638
151 97.526601 8.652625
26 103.807517 2.769665
36 106.325631 0.411097
196 103.206398 3.332697
92 104.171802 2.428461
54 99.224587 7.062223
237 104.945775 1.703526
27 104.132412 2.465355
229 101.343212 5.077833
918 100.906799 5.486595
48 102.693555 3.813047
323 97.823751 8.374303
199 100.080769 6.260289
175 97.079956 9.070971
121 97.088134 9.063311
68 102.214364 4.261876
115 98.596602 7.650419
7 103.246718 3.294932
63 104.191351 2.410151
704 106.100218 0.622228
181 101.460036 4.968411
331 106.756679 0.007360
342 100.612240 5.762490
85 96.145311 9.946398
29 98.359445 7.872550
51 101.507410 4.924039
1238 103.392028 3.158829
101 98.630898 7.618296
404 98.744773 7.511637
51 106.222997 0.507228
351 100.054020 6.285343
183 104.432369 2.184403
248 104.173404 2.426960
460 99.444752 6.856007
38 101.878261 4.576684
188 97.911076 8.292511
118 100.674542 5.704136
7 104.564843 2.060323
157 106.692852 0.067143
54 104.351658 2.260000
60 99.204693 7.080857
151 99.962564 6.371003
79 103.105587 3.427121
102 104.670007 1.961821
213 105.863682 0.843777
250 101.045918 5.356290
219 105.294280 1.377102
280 101.475292 4.954121
56 105.280245 1.390248
66 105.951378 0.761637
60 106.758391 0.005756
120 101.548362 4.885681
500 97.966751 8.240364
202 103.442955 3.111128
101 105.431619 1.248465
7 102.416411 4.072631
164 98.353674 7.877956
221 103.906925 2.676555
833 104.307092 2.301742
318 105.037748 1.617380
215 104.195305 2.406447
94 104.569527 2.055935
9 105.442112 1.238636
7 99.349975 6.944779
490 100.681731 5.697402
254 99.306147 6.985830
107 98.694754 7.558486
39 104.070104 2.523716
68 104.756468 1.880838
19 99.543930 6.763113
18 97.546785 8.633721
128 99.307151 6.984890
16 97.578942 8.603601
383 97.302990 8.862069
287 97.710100 8.480754
436 105.762208 0.938822
343 105.240609 1.427373
623 101.070970 5.332826
942 99.509413 6.795443
624 98.395593 7.838692
113 100.411004 5.950977
154 101.522003 4.910370
83 105.337854 1.336289
7 97.229766 8.930653
88 105.781558 0.920698
160 102.907539 3.612621
19 105.058895 1.597574
42 102.435374 4.054869
7 97.196288 8.962010
53 98.740819 7.515340
268 106.078969 0.642130
32 104.857375 1.786325
66 99.302215 6.989513
38 101.661738 4.779489
73 103.443611 3.110514
213 104.440501 2.176787
52 102.099835 4.369149
14 106.747397 0.016053
130 97.107697 9.044989
63 103.900526 2.682548
7 96.907802 9.232218
15 98.989077 7.282811
46 106.584712 0.168431
73 101.049728 5.352722
39 103.687792 2.881804
150 96.986098 9.158883
148 101.207715 5.204745
42 96.900131 9.239403
123 106.284412 0.449704
130 106.589068 0.164351
126 100.847476 5.542159
494 102.093001 4.375550
99 101.809270 4.641304
237 100.864196 5.526499
237 106.726381 0.035738
200 101.653392 4.787306
420 96.328392 9.774917
312 97.858947 8.341337
310 103.053752 3.475671
318 102.175393 4.298379
321 101.326425 5.093556
353 103.820762 2.757259
372 102.460818 4.031037
380 97.601366 8.582598
452 106.388391 0.352313
450 98.887765 7.377704
501 98.506257 7.735040
691 100.067815 6.272422
852 99.052177 7.223709
42 104.627064 2.002044
52 98.768600 7.489319
29 99.146567 7.135299
271 97.449184 8.725138
62 103.011703 3.515056
81 102.600088 3.900592
48 106.543076 0.207429
121 103.479551 3.076851
279 104.188808 2.412532
18 103.275565 3.267913
7 102.512721 3.982423
139 105.239031 1.428851
49 106.138960 0.585940
380 102.980349 3.544424
234 99.118307 7.161769
13 101.711869 4.732534
115 105.372752 1.303602
226 100.585831 5.787226
138 104.248768 2.356371
263 102.303195 4.178674
440 101.289004 5.128606
178 105.792376 0.910565
238 105.693081 1.003569
382 105.749232 0.950975
242 99.931106 6.400469
10 105.540237 1.146729
317 105.035998 1.619019
148 98.624311 7.624466
161 106.400055 0.341388
239 99.022062 7.251916
364 104.930224 1.718092
363 105.138620 1.522900
633 101.052927 5.349725
12 98.156770 8.062383
330 104.034636 2.556936
279 103.936668 2.648697
498 102.534611 3.961921
614 98.090230 8.124708
435 97.060421 9.089269
570 101.184275 5.226700
517 105.561438 1.126871
613 106.146136 0.579220
439 104.079205 2.515190
295 102.918303 3.602538
872 98.907161 7.359537
879 99.560309 6.747772
29 106.389121 0.351630
875 102.198933 4.276330
305 100.605809 5.768514
191 98.529272 7.713483
42 105.272039 1.397934
219 105.308782 1.363519
27 102.674198 3.831178
144 102.069919 4.397170
458 100.091093 6.250619
169 98.184988 8.035954
140 98.035090 8.176355
240 98.008990 8.200800
107 105.222813 1.444041
305 105.286520 1.384370
226 103.441548 3.112446
7 104.727976 1.907526
338 106.657718 0.100051
191 105.316184 1.356586
591 98.306951 7.921718
214 102.801950 3.711520
180 97.010165 9.136341
120 96.906265 9.233657
45 100.007788 6.328645
107 103.741439 2.831556
317 98.538187 7.705133
97 104.978397 1.672971
67 104.980479 1.671021
23 97.062170 9.087631
156 97.532271 8.647315
251 99.260532 7.028555
269 99.343411 6.950928
579 104.104434 2.491560
385 97.776764 8.418313
226 103.073842 3.456854
81 99.449785 6.851293
157 99.659676 6.654701
212 97.680736 8.508256
591 101.909310 4.547602
510 98.046232 8.165918
563 104.916494 1.730952
460 98.706257 7.547712
13 97.999874 8.209339
640 102.857360 3.659621
279 100.714156 5.667032
211 100.156997 6.188890
83 97.320515 8.845654
1472 105.583523 1.106185
63 103.775609 2.799551
107 102.068731 4.398282
1046 104.543928 2.079912
111 98.317020 7.912287
233 99.177950 7.105905
480 100.160113 6.185971
63 99.831568 6.493700
29 98.243584 7.981070
100 101.845687 4.607195
154 105.717340 0.980847
123 106.341563 0.396174
102 106.068023 0.652383
83 104.492352 2.128220
555 101.142707 5.265634
9 96.554820 9.562835
312 104.810152 1.830556
70 104.693018 1.940268
31 100.030605 6.307274
181 101.328190 5.091903
39 96.352738 9.752113
10 97.663181 8.524699
245 100.999477 5.399789
207 104.401348 2.213458
178 100.713755 5.667408
146 105.707012 0.990521
342 96.477988 9.634799
152 101.410837 5.014493
713 96.091440 9.996856
552 101.940986 4.517934
85 97.566729 8.615040
18 101.524375 4.908149
129 102.774911 3.736846
430 101.170691 5.239423
39 103.465522 3.089991
110 96.365100 9.740534
372 106.330836 0.406221
52 101.321783 5.097904
190 98.895376 7.370575
701 101.804191 4.646062
219 105.379856 1.296948
432 104.741624 1.894743
654 104.498324 2.122627
223 101.740997 4.705251
156 100.590437 5.782912
90 105.143443 1.518382
13 101.719954 4.724961
875 100.651475 5.725742
15 106.065831 0.654436
133 99.925343 6.405867
94 105.123758 1.536820
41 105.633537 1.059340
186 101.644081 4.796027
304 106.011565 0.705264
40 105.012861 1.640691
1033 103.017201 3.509907
438 102.492142 4.001698
15 103.926006 2.658683
31 100.506989 5.861073
74 106.166711 0.559948
343 96.201612 9.893664
304 99.880983 6.447416
51 99.434119 6.865967
33 100.213170 6.136276
355 97.922448 8.281859
55 100.043008 6.295656
11 104.649149 1.981358
169 99.609203 6.701976
238 105.853616 0.853205
148 106.644998 0.111965
72 105.095722 1.563080
87 101.499130 4.931794
70 97.608246 8.576153
374 98.538717 7.704637
21 100.298638 6.056223
256 102.753438 3.756958
120 99.877146 6.451010
79 99.642494 6.670794
138 101.994711 4.467613
771 96.543484 9.573453
197 102.922578 3.598534
104 101.371906 5.050957
241 97.188191 8.969595
143 103.115660 3.417686
244 97.321548 8.844687
444 100.208557 6.140597
43 100.803595 5.583260
7 102.491147 4.002630
449 98.028878 8.182172
118 97.861169 8.339256
611 96.382078 9.724632
142 99.459606 6.842095
540 106.400058 0.341386
12 96.644410 9.478921
638 101.008052 5.391758
326 101.560417 4.874390
305 97.410578 8.761297
67 98.820137 7.441048
91 106.379107 0.361009
39 100.315389 6.040533
123 101.808715 4.641824
382 99.609144 6.702031
46 105.605695 1.085419
67 98.006589 8.203049
147 101.649658 4.790803
578 98.480327 7.759327
250 98.314988 7.914190
500 96.133037 9.957894
463 106.005895 0.710575
11 104.511049 2.110708
220 99.320915 6.971998
397 105.844724 0.861534
33 97.527054 8.652201
63 100.044591 6.294174
192 104.116196 2.480543
108 97.773139 8.421708
30 105.205589 1.460174
208 96.430529 9.679251
226 96.760444 9.370239
98 100.405544 5.956091
377 98.471517 7.767579
121 97.202688 8.956015
77 96.678912 9.446605
51 104.744235 1.892296
139 97.821759 8.376169
74 101.363701 5.058642
26 102.306651 4.175437
404 96.580813 9.538489
204 96.630978 9.491502
389 99.848850 6.477513
200 106.605712 0.148762
178 101.433765 4.993017
243 104.318404 2.291147
512 105.465060 1.217142
109 102.137825 4.333566
43 104.356712 2.255266
146 99.760922 6.559870
122 99.340207 6.953929
176 99.106098 7.173204
446 104.744886 1.891687
93 100.343485 6.014218
346 96.643736 9.479553
104 101.135826 5.272079
678 101.802643 4.647511
36 100.148388 6.196954
48 103.648281 2.918811
323 99.434255 6.865839
536 103.541149 3.019156
44 100.422525 5.940185
74 102.247997 4.230374
75 106.649615 0.107640
451 96.450935 9.660139
299 102.040959 4.424295
291 101.273925 5.142730
126 104.418189 2.197684
20 106.624893 0.130796
325 104.355485 2.256415
416 105.457715 1.224022
140 102.259317 4.219772
33 102.167597 4.305681
100 102.421994 4.067401
43 105.459304 1.222534
58 97.709788 8.481045
170 106.389526 0.351250
126 98.248727 7.976253
65 105.523369 1.162528
159 98.359336 7.872652
357 97.365121 8.803874
415 97.306940 8.858369
396 105.564189 1.124294
80 106.331684 0.405428
58 100.326179 6.030428
223 98.667401 7.584106
366 106.068880 0.651580
218 97.949065 8.256929
732 105.450502 1.230778
233 102.517845 3.977624
271 100.685114 5.694234
107 103.502463 3.055391
422 101.108902 5.297297
356 97.036010 9.112133
84 99.744143 6.575586
54 102.842243 3.673779
103 101.207206 5.205222
168 103.859413 2.721057
14 99.770580 6.550824
282 105.026092 1.628297
753 96.541015 9.575766
733 104.348215 2.263225
20 102.578025 3.921257
311 99.415788 6.883137
281 96.433365 9.676595
333 98.433063 7.803597
402 105.911314 0.799163
88 103.228378 3.312110
398 104.775325 1.863177
314 102.879875 3.638532
270 101.705596 4.738409
98 98.989995 7.281951
272 103.317958 3.228206
219 100.523106 5.845977
228 100.365991 5.993138
45 105.347299 1.327442
221 105.547888 1.139563
211 104.613130 2.015095
375 102.537655 3.959069
547 106.159328 0.566863
501 100.565451 5.806315
895 97.685355 8.503930
71 97.896026 8.306607
11 98.045726 8.166392
7 99.838545 6.487165
143 106.373971 0.365820
76 105.531541 1.154873
203 101.111902 5.294487
113 97.390785 8.779837
174 97.333853 8.833162
219 104.060993 2.532249
164 105.271305 1.398622
189 105.457729 1.224009
142 106.373177 0.366564
161 101.621673 4.817015
302 106.715301 0.046116
292 104.384603 2.229142
358 105.611849 1.079655
34 104.057443 2.535574
326 105.729234 0.969706
265 103.697611 2.872607
116 101.458781 4.969586
159 97.602333 8.581692
322 104.227162 2.376608
159 102.588291 3.911642
107 100.639763 5.736711
16 100.756480 5.627390
225 100.145001 6.200126
557 104.608313 2.019607
205 102.092746 4.375789
62 96.839592 9.296106
450 102.215070 4.261215
158 101.417775 5.007994
237 105.099950 1.559119
37 102.637019 3.866001
74 103.697318 2.872882
111 98.371588 7.861176
154 98.989243 7.282656
297 103.766664 2.807929
911 99.932639 6.399032
540 102.472147 4.020427
508 105.833200 0.872328
601 105.798177 0.905131
442 104.726015 1.909362
851 104.186732 2.414477
437 103.617799 2.947362
38 104.813065 1.827827
106 103.746257 2.827044
681 98.515844 7.726061
791 101.436578 4.990383
20 101.627355 4.811693
127 99.035866 7.238987
307 106.601012 0.153164
896 100.212742 6.136677
43 104.091082 2.504066
280 97.581718 8.601001
205 101.923195 4.534597
132 96.901456 9.238162
309 102.280829 4.199623
78 104.359636 2.252528
396 98.874184 7.390424
446 102.422705 4.066736
34 100.262185 6.090366
1157 102.110306 4.359342
425 100.346176 6.011697
31 102.585524 3.914233
120 102.130763 4.340181
209 97.601105 8.582842
7 103.122658 3.411132
362 96.658245 9.465964
54 96.116931 9.972980
401 104.815208 1.825820
264 99.081585 7.196164
413 99.796603 6.526450
274 102.756541 3.754051
225 96.185321 9.908923
465 100.436535 5.927063
210 96.161420 9.931310
704 100.447237 5.917039
272 97.596854 8.586823
190 96.377799 9.728640
731 103.804358 2.772623
830 97.992917 8.215856
31 103.447769 3.106619
36 97.040319 9.108098
208 99.357672 6.937570
716 96.665232 9.459419
113 97.213416 8.945968
753 104.138322 2.459819
826 104.126526 2.470868
306 98.148854 8.069798
339 106.005882 0.710586
18 102.392351 4.095167
22 99.428817 6.870933
183 105.756773 0.943912
359 98.686381 7.566328
373 99.449534 6.851529
55 100.069814 6.270549
42 96.638523 9.484436
26 102.925583 3.595720
114 99.281322 7.009083
180 102.289044 4.191929
139 97.890669 8.311625
139 102.529702 3.966518
449 103.883985 2.698042
7 97.270039 8.892932
144 100.299724 6.055206
7 105.311871 1.360626
134 106.212410 0.517144
292 102.065243 4.401549
134 100.489360 5.877585
720 102.620280 3.881679
211 105.914852 0.795849
73 101.063444 5.339875
564 105.476917 1.206037
37 99.438242 6.862105
437 104.877528 1.767449
304 100.721976 5.659707
139 101.335223 5.085315
46 101.775428 4.673001
98 97.748429 8.444852
7 100.519202 5.849634
343 102.587218 3.912647
360 96.144763 9.946911
7 105.527190 1.158949
136 96.109019 9.980391
83 97.082999 9.068122
177 101.573138 4.862475
800 101.068409 5.335224
152 104.455343 2.162885
481 103.803277 2.773636
161 97.643700 8.542946
264 103.966452 2.620800
806 103.438700 3.115113
252 98.358715 7.873234
170 103.598920 2.965046
102 102.079239 4.388440
421 97.141800 9.013046
127 100.953808 5.442564
200 96.356068 9.748995
303 102.255038 4.223779
528 100.653365 5.723972
478 98.631423 7.617805
125 100.130365 6.213835
114 99.632328 6.680316
418 97.811801 8.385496
115 101.841653 4.610973
198 98.173123 8.047067
52 97.023894 9.123481
446 104.081499 2.513042
61 102.020382 4.443568
70 97.248040 8.913537
586 97.308076 8.857305
123 102.263023 4.216300
41 105.494170 1.189877
474 96.934261 9.207435
43 102.214584 4.261670
111 96.688678 9.437459
26 100.740765 5.642109
78 98.321437 7.908150
42 102.610835 3.890526
22 100.801601 5.585128
535 103.963766 2.623315
156 99.235408 7.052087
181 98.486838 7.753229
241 99.803034 6.520426
550 102.844737 3.671444
245 98.828236 7.433462
258 106.449238 0.295321
81 100.363359 5.995603
228 98.726669 7.528593
56 99.284097 7.006483
208 99.269610 7.020052
178 99.560078 6.747988
109 102.208686 4.267195
419 97.547485 8.633064
79 98.049322 8.163024
11 98.769988 7.488019
291 106.192586 0.535712
91 98.384715 7.848881
914 96.722785 9.405513
23 102.951612 3.571340
300 101.695627 4.747746
33 104.659292 1.971858
206 100.773138 5.611787
345 98.283065 7.944091
263 98.359221 7.872760
32 99.703290 6.613850
45 96.820182 9.314287
177 102.651513 3.852425
17 103.262302 3.280335
11 105.208304 1.457631
1140 103.171782 3.365120
13 100.674515 5.704162
154 105.509802 1.175236
517 105.326671 1.346763
300 96.412237 9.696384
339 102.482783 4.010464
138 97.884331 8.317561
136 101.866104 4.588071
82 102.995347 3.530376
57 99.617453 6.694249
24 96.600900 9.519675
51 104.485652 2.134496
353 99.985363 6.349649
334 104.927266 1.720862
62 100.422337 5.940362
41 104.540594 2.083035
110 105.282739 1.387912
199 104.604239 2.023423
7 99.767110 6.554074
159 98.266196 7.959891
13 102.627937 3.874508
1088 104.319446 2.290171
456 101.168089 5.241860
200 100.394460 5.966472
14 97.679555 8.509362
374 98.951872 7.317659
186 103.983178 2.605134
124 99.822650 6.502053
31 104.273749 2.332973
441 101.780931 4.667848
12 103.480507 3.075955
51 105.303959 1.368036
62 102.405910 4.082467
397 102.231514 4.245813
292 103.541366 3.018953
622 106.701543 0.059002
142 105.765550 0.935691
295 97.571731 8.610355
205 100.462832 5.902432
349 101.138290 5.269771
955 104.650542 1.980053
241 104.115601 2.481100
163 106.343674 0.394197
23 100.119794 6.223736
159 100.607422 5.767004
7 98.915056 7.352143
183 96.155342 9.937002
21 97.454708 8.719964
17 105.097015 1.561868
41 98.318961 7.910469
397 105.870363 0.837519
316 102.203115 4.272413
110 98.284247 7.942984
22 99.563278 6.744991
84 100.998351 5.400844
58 106.466899 0.278780
166 102.078595 4.389043
177 98.228026 7.995643
70 103.295448 3.249289
665 104.842033 1.800695
1163 103.533792 3.026047
298 104.415454 2.200246
667 99.340678 6.953487
169 98.186797 8.034259
409 106.091374 0.630511
112 104.083707 2.510974
113 105.902494 0.807424
26 100.162695 6.183553
208 103.422221 3.130548
554 96.190375 9.904189
87 104.624670 2.004286
243 101.199660 5.212290
350 99.537796 6.768858
340 100.510895 5.857414
498 97.068542 9.081662
518 100.717760 5.663656
521 96.577415 9.541672
516 104.844936 1.797976
601 106.258055 0.474391
162 100.863681 5.526981
1040 97.090755 9.060856
541 104.394380 2.219985
383 97.600532 8.583379
430 104.767016 1.870959
250 97.678074 8.510750
977 99.015742 7.257836
180 100.313978 6.041855
25 106.687442 0.072210
102 100.070946 6.269488
58 98.718546 7.536202
9 96.680635 9.444992
238 103.290667 3.253768
81 101.647186 4.793118
246 101.529431 4.903412
123 99.171620 7.111834
184 102.875158 3.642950
387 103.916588 2.667505
541 98.305313 7.923252
7 106.633202 0.123013
109 100.116495 6.226826
140 102.870582 3.647236
118 97.738813 8.453859
178 102.885070 3.633666
13 106.566938 0.185079
382 98.468809 7.770115
276 98.197169 8.024544
344 105.676606 1.019000
465 96.627269 9.494977
371 96.737168 9.392041
452 101.197998 5.213847
274 101.685578 4.757159
27 104.542139 2.081588
452 104.996661 1.655865
651 100.605695 5.768621
7 96.844343 9.291656
82 97.987579 8.220855
7 100.254215 6.097832
155 96.812373 9.321600
36 101.479728 4.949966
513 101.003990 5.395562
620 101.921929 4.535783
835 104.253406 2.352027
17 103.797779 2.778786
471 103.394126 3.156863
316 104.800288 1.839795
376 101.593911 4.843018
76 102.775548 3.736249
475 101.152750 5.256227
340 104.292893 2.315042
24 97.180443 8.976852
21 102.241466 4.236492
438 96.617270 9.504342
387 98.502457 7.738600
373 102.591076 3.909033
153 100.422747 5.939978
135 101.490501 4.939876
7 101.709742 4.734526
412 99.798654 6.524528
236 99.626970 6.685334
70 96.921820 9.219088
289 103.386148 3.164336
126 106.654038 0.103498
106 97.031923 9.115961
247 105.844377 0.861859
42 105.891202 0.818001
71 100.784149 5.601474
529 98.922132 7.345515
84 99.282795 7.007703
194 104.795882 1.843921
294 98.761014 7.496424
109 98.773582 7.484652
76 99.098502 7.180319
48 101.893625 4.562293
360 98.528154 7.714530
58 97.898548 8.304245
62 99.446505 6.854366
80 98.996850 7.275530
442 104.981839 1.669747
94 99.967352 6.366519
843 101.329910 5.090292
63 100.472621 5.893263
10 100.692850 5.686988
221 99.626020 6.686225
162 106.149796 0.575791
764 99.963524 6.370105
169 101.715721 4.728926
166 100.420062 5.942493
342 103.975668 2.612167
50 100.277698 6.075837
33 98.533341 7.709672
598 103.213282 3.326249
388 102.031483 4.433171
283 104.184779 2.416306
368 96.826614 9.308262
53 104.032598 2.558845
312 101.036537 5.365077
162 104.823573 1.817986
64 104.846420 1.796586
468 102.229261 4.247924
245 104.410294 2.205079
407 97.037034 9.111174
31 97.108828 9.043929
150 99.156339 7.126147
198 101.983383 4.478223
537 100.700117 5.680182
382 101.615828 4.822490
346 106.554234 0.196978
393 98.065922 8.147475
146 102.859808 3.657327
862 101.789400 4.659915
84 99.967654 6.366237
39 102.689146 3.817177
135 96.862972 9.274207
223 97.641126 8.545357
7 103.528302 3.031189
8 101.194793 5.216848
190 105.397011 1.280880
54 98.032618 8.178670
410 99.662476 6.652078
326 99.120522 7.159695
169 103.950737 2.635519
57 100.183233 6.164316
112 104.487225 2.133022
674 96.316556 9.786003
98 104.023974 2.566923
193 96.677242 9.448170
75 98.859034 7.404615
279 105.375392 1.301130
70 106.729014 0.033272
809 100.737855 5.644835
469 96.720979 9.407204
126 97.561391 8.620040
156 99.935327 6.396515
98 105.486993 1.196599
74 96.666878 9.457878
11 101.960403 4.499747
768 96.853088 9.283465
211 96.688495 9.437630
213 104.605766 2.021992
15 103.014038 3.512869
213 97.078720 9.072129
609 96.955532 9.187512
43 105.747881 0.952241
399 103.964662 2.622476
203 102.430951 4.059012
53 97.455350 8.719362
106 100.232903 6.117793
693 106.555289 0.195990
134 101.699075 4.744517
469 99.566303 6.742158
415 96.952206 9.190627
202 103.978262 2.609738
262 98.668588 7.582994
187 104.963025 1.687369
409 98.229369 7.994384
235 96.998134 9.147610
85 102.867436 3.650183
452 102.988108 3.537156
139 96.984507 9.160373
868 103.895102 2.687629
352 96.937224 9.204660
376 105.979106 0.735666
36 102.805016 3.708648
84 100.739727 5.643082
7 104.641631 1.988400
193 100.958778 5.437909
103 96.156010 9.936376
303 104.318561 2.291001
103 106.583936 0.169158
451 98.493026 7.747432
370 100.476078 5.890025
60 96.662023 9.462425
73 97.466352 8.709057
289 97.171963 8.984794
14 105.064045 1.592749
98 101.581082 4.855034
122 99.513442 6.791670
246 102.148907 4.323186
210 99.600750 6.709893
134 99.933702 6.398038
658 100.756546 5.627328
523 99.423889 6.875548
108 98.492915 7.747537
51 104.762049 1.875612
402 97.413028 8.759002
79 101.770099 4.677993
117 103.667379 2.900924
86 103.763737 2.810671
54 102.250416 4.228108
71 97.356085 8.812338
147 101.582747 4.853475
1096 97.807219 8.389787
162 97.847287 8.352258
422 103.386148 3.164336
299 100.844930 5.544544
166 98.106196 8.109753
15 101.676204 4.765939
92 105.138573 1.522944
141 98.206966 8.015368
627 98.475546 7.763805
97 106.744312 0.018943
222 102.124202 4.346326
137 100.885962 5.506111
218 105.039808 1.615451
33 103.450375 3.104178
261 104.879605 1.765503
106 103.658167 2.909552
7 105.696973 0.999923
562 104.329324 2.280919
347 102.244480 4.233668
761 98.683355 7.569163
92 103.562181 2.999456
154 97.535647 8.644153
214 99.293060 6.998088
146 104.198907 2.403073
34 105.469233 1.213234
332 98.900213 7.366045
70 102.327572 4.155842
221 98.312806 7.916234
305 98.932694 7.335622
264 98.157485 8.061714
298 96.656027 9.468040
450 102.486123 4.007336
79 98.117811 8.098874
56 104.541182 2.082484
134 96.550127 9.567231
188 105.095362 1.563417
21 106.541608 0.208805
374 102.871278 3.646584
137 98.980543 7.290804
198 100.650695 5.726472
298 98.729081 7.526334
268 106.662987 0.095115
469 96.600569 9.519985
535 102.710782 3.796911
334 102.479454 4.013583
322 101.778968 4.669686
35 98.659004 7.591971
16 97.925497 8.279004
721 105.017579 1.636272
91 101.749623 4.697171
446 104.199025 2.402963
487 96.300148 9.801371
388 97.639977 8.546433
223 101.894883 4.561115
54 104.091954 2.503250
259 102.809267 3.704666
776 100.470031 5.895690
15 97.006339 9.139924
593 102.182002 4.292188
38 99.880466 6.447900
7 102.248528 4.229877
365 101.943203 4.515857
7 102.375795 4.110673
837 100.951419 5.444802
202 98.735452 7.520367
358 96.414773 9.694009
9 98.305906 7.922697
116 102.264250 4.215151
1165 101.684076 4.758566
91 100.025174 6.312361
96 96.322165 9.780749
76 101.933866 4.524602
53 99.185686 7.098659
221 105.511550 1.173599
324 101.041846 5.360105
7 103.872475 2.708823
515 104.898972 1.747363
7 106.383174 0.357200
173 105.774233 0.927559
1183 98.940518 7.328294
175 105.172111 1.491530
667 99.374354 6.921945
378 96.671052 9.453968
116 101.448692 4.979036
228 101.857850 4.595802
277 99.187650 7.096819
217 106.688566 0.071157
81 102.675612 3.829853
13 98.890312 7.375318
137 102.227032 4.250011
292 98.019270 8.191172
86 96.201871 9.893421
211 103.801705 2.775109
178 97.178474 8.978696
8 100.879628 5.512044
583 99.952555 6.380378
184 100.985911 5.412496
78 100.491833 5.875269
442 100.628680 5.747093
91 98.877679 7.387151
161 100.818605 5.569201
601 97.495669 8.681598
28 104.320456 2.289225
271 97.977618 8.230185
503 106.008207 0.708409
339 100.403221 5.958267
120 100.201322 6.147374
440 98.356609 7.875206
109 96.672586 9.452531
246 102.568899 3.929805
246 101.339209 5.081583
56 105.702928 0.994346
1079 97.906006 8.297259
438 96.178927 9.914912
480 102.623617 3.878554
250 105.431930 1.248174
70 102.019579 4.444320
425 102.273566 4.206425
40 101.169968 5.240100
149 101.399005 5.025575
286 102.785048 3.727351
213 100.962605 5.434325
20 106.434555 0.309074
364 97.479631 8.696620
417 106.120093 0.603613
235 102.870893 3.646944
489 106.272959 0.460432
221 101.801463 4.648617
187 99.141232 7.140296
8 98.978070 7.293121
352 106.493299 0.254052
450 98.669957 7.581712
302 100.575396 5.797000
139 97.294326 8.870184
821 99.508215 6.796565
278 96.610236 9.510930
264 106.691431 0.068474
154 100.111702 6.231315
414 100.273831 6.079458
498 100.754926 5.628845
59 104.585404 2.041065
186 103.530524 3.029107
250 105.382352 1.294610
353 98.026007 8.184862
26 101.622868 4.815895
360 96.201448 9.893818
87 97.064300 9.085635
19 102.430937 4.059026
25 96.465936 9.646088
267 106.749132 0.014428
72 100.095894 6.246122
30 99.346183 6.948332
323 100.735442 5.647095
669 100.742829 5.640176
76 102.271476 4.208383
106 97.620228 8.564931
116 106.007538 0.709036
114 96.763506 9.367372
387 101.491313 4.939116
614 100.491657 5.875434
266 104.379324 2.234087
153 96.854569 9.282078
469 101.837196 4.615148
392 97.016768 9.130156
173 103.337383 3.210011
249 101.132171 5.275503
173 101.244306 5.170472
445 103.252606 3.289417
202 97.352144 8.816030
57 100.351160 6.007029
301 103.117894 3.415593
28 100.902371 5.490742
59 102.109003 4.360562
451 105.612674 1.078881
11 105.965605 0.748312
52 104.959384 1.690779
440 104.603321 2.024282
111 106.538366 0.211841
164 97.027504 9.120100
425 104.218155 2.385044
488 102.471862 4.020694
258 98.321177 7.908393
155 104.220828 2.382541
568 102.773884 3.737807
215 101.146848 5.261755
311 105.367844 1.308199
7 101.059077 5.343965
533 103.194966 3.343405
132 103.272477 3.270805
118 105.029462 1.625141
51 104.674065 1.958020
150 105.602738 1.088188
329 96.662262 9.462201
331 106.082619 0.638712
302 102.348343 4.136386
47 106.655389 0.102232
396 99.206869 7.078818
355 106.118356 0.605239
94 104.415393 2.200303
223 97.242361 8.918857
393 99.894521 6.434736
324 98.343382 7.887596
200 106.655276 0.102338
538 101.536517 4.896776
280 99.409859 6.888690
11 104.532932 2.090211
22 99.714377 6.603466
31 96.219066 9.877316
262 101.813197 4.637625
457 103.597541 2.966337
1057 106.398689 0.342668
193 96.239051 9.858597
516 96.706974 9.420321
245 99.967885 6.366019
211 102.434425 4.055759
32 100.742994 5.640021
234 105.230892 1.436474
338 99.501883 6.802496
146 98.415552 7.819998
345 99.733322 6.585721
94 101.310719 5.108267
212 100.101185 6.241166
673 102.019186 4.444688
144 96.736678 9.392499
338 98.955592 7.314175
180 101.462569 4.966038
7 96.736629 9.392545
185 104.446206 2.171442
245 100.725112 5.656771
418 99.365567 6.930175
265 98.981417 7.289986
68 97.182030 8.975365
445 105.347143 1.327589
39 99.295235 6.996051
99 97.452540 8.721994
115 100.599371 5.774544
399 97.110436 9.042423
523 97.424696 8.748074
126 104.816271 1.824825
59 99.980380 6.354316
28 101.615977 4.822350
75 103.374122 3.175600
228 96.168967 9.924241
128 103.637072 2.929310
295 97.301313 8.863640
188 102.934436 3.587428
41 96.485631 9.627641
91 96.743510 9.386100
9 99.702039 6.615022
772 105.019834 1.634159
341 99.088154 7.190011
301 97.177310 8.979786
261 101.369977 5.052764
79 106.314880 0.421167
1093 104.798437 1.841529
213 96.785672 9.346610
462 97.981747 8.226317
272 99.790742 6.531940
75 104.381443 2.232102
569 102.062994 4.403656
212 98.719660 7.535158
343 102.730463 3.778478
281 101.447777 4.979893
385 97.438923 8.734748
433 99.106457 7.172869
375 104.796508 1.843335
7 102.876873 3.641344
7 101.293768 5.124144
185 100.310303 6.045297
49 104.363732 2.248691
464 99.366105 6.929672
205 99.870746 6.457005
646 103.128344 3.405805
230 97.267839 8.894993
248 100.995562 5.403456
10 104.688462 1.944536
182 99.343512 6.950833
164 97.331843 8.835044
143 98.984392 7.287199
111 101.042909 5.359108
16 104.901606 1.744897
654 104.843336 1.799474
543 101.057940 5.345030
9 97.751008 8.442437
153 96.971327 9.172718
115 102.956366 3.566887
347 103.529521 3.030048
135 105.188664 1.476026
85 103.907962 2.675584
169 101.936895 4.521765
66 96.178507 9.915305
103 99.514689 6.790502
145 99.636001 6.676876
288 105.336967 1.337120
37 104.630903 1.998448
50 101.516359 4.915656
188 105.925348 0.786018
183 104.478675 2.141031
50 106.659645 0.098246
260 97.789379 8.406497
7 105.229201 1.438057
854 97.759876 8.434131
472 96.775685 9.355964
122 104.013633 2.576608
58 100.600316 5.773659
274 98.913176 7.353903
12 105.976404 0.738197
816 96.124647 9.965753
340 99.506416 6.798250
123 97.363939 8.804981
266 105.664901 1.029963
250 103.409379 3.142577
379 100.253356 6.098637
281 99.054130 7.221880
178 103.818567 2.759315
379 101.467763 4.961173
227 106.123679 0.600253
206 96.774032 9.357513
490 99.594161 6.716065
273 103.440443 3.113481
279 101.114443 5.292107
421 100.623719 5.751739
379 96.819132 9.315270
433 98.471644 7.767460
558 100.893696 5.498868
771 97.138160 9.016455
1004 96.761970 9.368810
1431 97.311614 8.853992
1131 106.077891 0.643140
