8 102.603712 3.897198
8 102.963250 3.560440
10 101.257181 5.158413
10 104.398459 2.216164
10 98.136665 8.081215
10 97.938430 8.266890
10 105.025882 1.628495
10 99.251928 7.036614
10 104.989112 1.662935
10 103.830892 2.747771
10 100.325067 6.031469
10 103.712742 2.858435
12 105.225489 1.441535
12 102.804713 3.708932
12 101.930705 4.527563
12 105.142000 1.519733
12 99.983673 6.351232
12 103.239796 3.301416
12 102.170243 4.303202
12 105.144407 1.517479
12 99.709388 6.608139
12 96.532241 9.583983
12 102.801414 3.712022
15 97.403688 8.767751
15 97.292609 8.871792
15 101.339640 5.081179
14 101.315900 5.103414
15 105.979686 0.735123
10 104.211896 2.390907
12 105.920790 0.790288
12 101.260244 5.155544
17 101.320854 5.098774
16 104.476107 2.143437
17 102.485256 4.008148
17 103.770262 2.804559
17 105.547994 1.139463
15 106.347935 0.390206
16 103.488633 3.068344
12 96.966950 9.176818
18 103.348243 3.199840
15 103.772323 2.802628
19 99.051622 7.224229
10 97.217688 8.941966
8 100.666863 5.711329
8 105.823099 0.881788
8 105.940699 0.771639
18 104.905837 1.740933
19 96.951576 9.191218
15 100.740662 5.642206
14 101.977808 4.483445
16 102.896967 3.622523
12 101.761221 4.686309
10 104.470582 2.148611
12 101.484969 4.945058
22 97.569141 8.612781
22 106.609072 0.145615
22 104.557673 2.067038
21 105.587851 1.102132
19 98.967504 7.303018
15 101.265006 5.151084
12 106.328617 0.408300
10 106.581034 0.171876
12 101.269477 5.146896
12 100.468668 5.896966
8 104.552519 2.071865
15 97.057649 9.091865
25 105.662113 1.032574
17 106.562426 0.189305
17 105.258926 1.410216
17 101.759783 4.687656
18 102.752284 3.758039
21 102.101539 4.367553
14 100.231282 6.119312
15 97.121162 9.032376
22 103.268701 3.274342
26 100.880187 5.511521
10 105.064440 1.592380
15 100.763969 5.620375
15 100.843327 5.546045
15 103.132494 3.401919
29 97.957263 8.249250
12 105.466967 1.215357
10 105.999172 0.716871
19 100.135926 6.208626
19 106.637892 0.118621
30 103.870499 2.710673
31 96.868410 9.269114
16 103.493543 3.063745
27 105.856239 0.850748
12 105.666922 1.028070
17 99.098231 7.180573
10 102.037807 4.427247
19 101.325049 5.094845
28 104.686840 1.946055
15 103.648543 2.918566
29 99.984079 6.350852
19 106.744663 0.018615
10 106.616118 0.139015
10 106.261764 0.470917
25 104.939940 1.708991
10 102.705980 3.801409
31 104.796400 1.843436
8 98.873853 7.390735
23 103.282882 3.261059
22 104.107530 2.488660
36 98.192240 8.029162
17 104.533101 2.090053
10 99.175228 7.108455
10 101.671781 4.770082
25 99.444296 6.856435
17 105.411352 1.267448
15 100.012137 6.324571
15 104.477722 2.141923
16 97.664858 8.523128
10 100.683970 5.695306
8 105.172885 1.490805
19 101.649326 4.791114
10 98.931628 7.336620
37 104.099972 2.495739
17 105.336672 1.337396
12 100.826081 5.562199
12 103.322985 3.223497
15 106.547395 0.203384
10 105.399279 1.278756
21 104.389769 2.224304
37 101.025116 5.375775
15 99.577096 6.732049
15 98.774604 7.483695
35 97.121029 9.032500
36 96.916524 9.224049
16 102.571129 3.927716
17 98.838375 7.423965
22 99.667030 6.647813
19 99.354450 6.940588
15 106.230033 0.500638
43 102.905648 3.614392
17 103.072447 3.458161
46 104.658476 1.972622
10 104.427617 2.188854
12 101.693478 4.749760
26 96.149405 9.942563
10 106.751346 0.012355
14 104.235654 2.368655
8 96.653882 9.470050
19 98.499885 7.741009
17 102.498315 3.995917
12 106.737841 0.025004
10 101.780463 4.668285
12 102.860618 3.656569
30 104.603517 2.024099
15 98.595428 7.651519
10 102.801243 3.712181
27 104.423002 2.193176
38 105.346357 1.328324
44 106.230315 0.500373
19 102.465928 4.026251
8 105.731668 0.967427
8 97.426913 8.745997
8 104.137257 2.460817
15 106.173452 0.553634
26 103.651855 2.915464
39 106.516624 0.232205
12 96.770125 9.361172
12 97.091617 9.060050
21 104.336665 2.274043
12 102.466052 4.026136
10 106.335208 0.402127
22 105.093645 1.565025
10 106.735206 0.027473
27 96.182712 9.911366
23 104.224306 2.379283
16 106.297763 0.437199
18 98.113311 8.103089
12 99.703223 6.613913
15 102.458991 4.032749
14 103.893042 2.689559
24 101.199671 5.212279
30 105.532823 1.153673
22 105.525781 1.160269
27 98.047611 8.164626
17 104.353587 2.258193
22 99.161952 7.120890
23 106.316312 0.419825
16 104.524611 2.098005
22 101.999320 4.463296
41 102.516891 3.978517
21 105.564465 1.124036
46 106.165018 0.561533
21 99.279278 7.010998
49 103.790237 2.785850
42 103.360002 3.188825
29 98.312764 7.916274
35 104.962506 1.687855
35 103.450631 3.103939
36 104.708303 1.925952
39 102.639447 3.863727
38 104.761207 1.876400
45 104.262009 2.343969
63 105.316670 1.356130
43 103.442885 3.111194
