12 1.123253 4.344919
13 1.083262 7.750478
13 1.074688 8.480670
16 1.127566 3.977613
16 1.092888 6.930744
16 1.061028 9.643930
18 1.062113 9.551531
17 1.088072 7.340887
17 1.143848 2.591080
17 1.090929 7.097577
17 1.130456 3.731536
17 1.071330 8.766611
17 1.079695 8.054294
19 1.140774 2.852879
19 1.148452 2.199000
19 1.150152 2.054249
19 1.117482 4.836394
19 1.065038 9.302442
20 1.144561 2.530320
20 1.147622 2.269714
20 1.101637 6.185744
20 1.114125 5.122230
20 1.121078 4.530117
21 1.087640 7.377720
21 1.062824 9.490988
16 1.156501 1.513581
23 1.137507 3.131106
23 1.127342 3.996677
23 1.097540 6.534600
22 1.057035 9.983987
23 1.119451 4.668709
23 1.126337 4.082309
24 1.091522 7.047105
24 1.112292 5.278375
24 1.140817 2.849184
24 1.129335 3.827012
24 1.124076 4.274864
25 1.131611 3.633183
25 1.147966 2.240366
25 1.137345 3.144829
27 1.118358 4.761787
27 1.137921 3.095773
27 1.087785 7.365307
13 1.103290 6.044973
20 1.116009 4.961836
28 1.116622 4.909596
28 1.153462 1.772362
28 1.138210 3.071208
17 1.107112 5.719478
17 1.114114 5.123182
19 1.083547 7.726238
19 1.059225 9.797494
17 1.112738 5.240396
23 1.126373 4.079251
31 1.085427 7.566153
30 1.070502 8.837172
20 1.151407 1.947366
32 1.143478 2.622562
23 1.140592 2.868382
17 1.124858 4.208205
20 1.102315 6.127978
21 1.102546 6.108285
19 1.069708 8.904800
13 1.116873 4.888249
17 1.075119 8.443968
17 1.106954 5.732890
17 1.093814 6.851940
25 1.099772 6.344518
20 1.087792 7.364738
8 1.147267 2.299912
21 1.140535 2.873194
16 1.141986 2.749602
17 1.067843 9.063581
19 1.133073 3.508705
23 1.088522 7.302547
24 1.127358 3.995364
23 1.105774 5.833449
15 1.114843 5.061153
19 1.156400 1.522201
19 1.074164 8.525265
16 1.073629 8.570847
25 1.109754 5.494464
16 1.120012 4.620949
19 1.135828 3.274073
21 1.127825 3.955573
21 1.101203 6.222719
17 1.110150 5.460727
19 1.086157 7.503943
12 1.084265 7.665094
23 1.157094 1.463095
8 1.078646 8.143628
15 1.116242 4.941958
25 1.144847 2.505986
19 1.072872 8.635302
19 1.114133 5.121556
24 1.149794 2.084733
21 1.086694 7.458227
13 1.136562 3.211552
16 1.062543 9.514930
19 1.102034 6.151900
19 1.110952 5.392440
20 1.103795 6.001947
16 1.140865 2.845072
16 1.132530 3.554926
20 1.101580 6.190563
13 1.082945 7.777477
15 1.102745 6.091354
19 1.123027 4.364168
24 1.145824 2.422830
16 1.070993 8.795290
17 1.102179 6.139553
27 1.085124 7.591911
28 1.089061 7.256662
15 1.074492 8.497360
17 1.092021 7.004577
15 1.092418 6.970769
13 1.137457 3.135334
19 1.124220 4.262585
14 1.109440 5.521191
24 1.150186 2.051330
21 1.111905 5.311350
35 1.151556 1.934712
20 1.075123 8.443634
17 1.103509 6.026315
16 1.107610 5.677090
20 1.078087 8.191205
19 1.145594 2.442348
25 1.144548 2.531481
16 1.101906 6.162779
21 1.134420 3.393927
16 1.101299 6.214493
13 1.075366 8.422965
16 1.112543 5.256983
16 1.080523 7.983728
25 1.085035 7.599505
23 1.139333 2.975526
13 1.093038 6.917961
17 1.149400 2.118262
25 1.140685 2.860422
17 1.118205 4.774803
19 1.100414 6.289910
19 1.133075 3.508488
30 1.094947 6.755415
24 1.128932 3.861286
21 1.059514 9.772862
23 1.106584 5.764472
23 1.140413 2.883618
15 1.100613 6.272965
20 1.127075 4.019437
20 1.133725 3.453105
17 1.138532 3.043757
12 1.078458 8.159631
12 1.109263 5.536312
27 1.065057 9.300829
20 1.106421 5.778284
21 1.066990 9.136264
32 1.130813 3.701083
20 1.097278 6.556938
27 1.143770 2.597720
15 1.105822 5.829364
17 1.113199 5.201085
19 1.124896 4.205023
25 1.092643 6.951646
20 1.121377 4.504664
23 1.140438 2.881478
19 1.131820 3.615381
21 1.081267 7.920445
24 1.063839 9.404565
23 1.129257 3.833626
23 1.102009 6.154015
17 1.115685 4.989389
21 1.137242 3.153669
15 1.083492 7.730969
16 1.137949 3.093447
32 1.095854 6.678225
24 1.114948 5.052172
19 1.081662 7.886806
25 1.082046 7.854109
24 1.112145 5.290860
20 1.142234 2.728544
17 1.070941 8.799742
18 1.138023 3.087137
16 1.076657 8.313030
20 1.082801 7.789754
23 1.139246 2.982948
33 1.118156 4.778955
30 1.135489 3.302917
21 1.141713 2.772853
31 1.144795 2.510402
20 1.122972 4.368819
21 1.072807 8.640866
24 1.147831 2.251918
28 1.154047 1.722521
25 1.101417 6.204485
32 1.102411 6.119847
24 1.156700 1.496620
24 1.133011 3.513926
25 1.147872 2.248414
31 1.128272 3.917474
31 1.145562 2.445108
