9 1.067191 9.119109
9 1.134433 3.392858
11 1.065000 9.305674
12 1.107747 5.665374
12 1.129407 3.820897
12 1.080753 7.964190
12 1.084412 7.652611
13 1.085596 7.551786
13 1.121458 4.497789
15 1.124437 4.244131
15 1.102325 6.127102
15 1.077640 8.229297
15 1.083429 7.736315
15 1.074591 8.488919
16 1.141997 2.748707
12 1.092994 6.921777
16 1.124460 4.242149
16 1.087173 7.417468
17 1.096888 6.590147
17 1.129845 3.783587
17 1.096323 6.638251
13 1.069455 8.926322
14 1.125723 4.134551
17 1.116547 4.915971
19 1.091280 7.067703
19 1.082673 7.800687
19 1.058114 9.892064
19 1.114688 5.074317
19 1.084742 7.624483
17 1.126785 4.044145
20 1.060362 9.700639
12 1.060258 9.709524
13 1.110985 5.389651
13 1.113430 5.181482
20 1.102777 6.088654
21 1.116760 4.897850
12 1.080811 7.959222
15 1.092548 6.959724
20 1.060128 9.720559
17 1.092054 7.001794
13 1.111032 5.385648
13 1.141747 2.770003
15 1.086733 7.454908
22 1.085036 7.599486
12 1.084760 7.622989
16 1.096016 6.664437
13 1.081241 7.922659
18 1.061079 9.639624
19 1.070689 8.821224
20 1.088415 7.311711
23 1.089294 7.236868
26 1.103681 6.011636
19 1.131976 3.602106
9 1.058480 9.860902
25 1.066739 9.157598
25 1.119673 4.649810
16 1.084806 7.619019
27 1.090034 7.173843
26 1.074587 8.489284
13 1.098291 6.470697
17 1.083607 7.721114
16 1.105205 5.881862
21 1.110292 5.448700
17 1.088069 7.341149
17 1.101036 6.236879
20 1.117778 4.811190
25 1.061883 9.571160
26 1.112361 5.272482
21 1.075743 8.390827
18 1.127259 4.003789
19 1.078443 8.160872
24 1.084857 7.614647
19 1.080968 7.945913
15 1.110459 5.434415
15 1.060464 9.691959
12 1.104771 5.918856
13 1.100409 6.290283
19 1.078348 8.168986
20 1.082170 7.843483
26 1.106596 5.763426
17 1.086103 7.508539
20 1.083431 7.736109
26 1.079555 8.066183
15 1.085744 7.539167
11 1.085631 7.548767
21 1.064495 9.348723
15 1.072317 8.682566
17 1.063031 9.473339
17 1.089728 7.199846
17 1.066053 9.216049
19 1.119797 4.639218
24 1.084868 7.613738
16 1.100169 6.310718
16 1.083799 7.704754
17 1.128634 3.886676
15 1.113620 5.165275
17 1.071515 8.750879
26 1.076687 8.310456
15 1.127131 4.014665
23 1.064125 9.380217
20 1.071632 8.740932
33 1.134952 3.348626
16 1.100298 6.299780
45 1.103711 6.009130
28 1.096196 6.649065
32 1.063983 9.392332
23 1.120037 4.618781
15 1.124124 4.270756
13 1.066520 9.176236
15 1.106368 5.782861
20 1.114701 5.073199
36 1.099439 6.372880
25 1.133765 3.449750
29 1.138614 3.036815
16 1.132198 3.583186
30 1.122133 4.440313
14 1.076443 8.331245
26 1.108090 5.636197
13 1.103948 5.988914
17 1.112635 5.249119
15 1.107322 5.701575
20 1.075505 8.411095
14 1.115332 5.019480
19 1.105492 5.857425
17 1.126152 4.098062
19 1.072558 8.662021
16 1.142530 2.703317
25 1.111729 5.326255
28 1.102133 6.143451
13 1.134641 3.375130
45 1.099578 6.361051
12 1.118113 4.782672
28 1.128377 3.908580
12 1.113433 5.181162
33 1.124475 4.240822
11 1.069169 8.950624
37 1.094737 6.773328
18 1.087420 7.396461
20 1.076223 8.349963
16 1.142669 2.691453
35 1.109240 5.538275
16 1.098298 6.470027
26 1.092171 6.991874
26 1.100364 6.294168
36 1.124645 4.226409
48 1.102318 6.127693
15 1.090605 7.125182
19 1.104241 5.963985
16 1.084156 7.674405
35 1.082614 7.805721
23 1.069481 8.924055
32 1.105227 5.879958
13 1.129075 3.849133
43 1.114108 5.123674
35 1.069847 8.892883
16 1.062093 9.553267
21 1.122797 4.383730
16 1.133042 3.511277
28 1.113126 5.207363
13 1.076251 8.347558
13 1.071791 8.727395
16 1.116935 4.882962
20 1.090400 7.142621
13 1.098003 6.495180
37 1.139008 3.003244
17 1.091531 7.046298
39 1.094314 6.809331
18 1.112666 5.246504
23 1.070012 8.878832
16 1.100288 6.300579
31 1.129032 3.852781
19 1.104200 5.967432
35 1.111658 5.332356
52 1.135580 3.295131
36 1.076250 8.347673
20 1.075403 8.419763
23 1.096634 6.611810
27 1.129756 3.791163
42 1.076731 8.306660
23 1.121866 4.463046
37 1.069057 8.960193
49 1.067011 9.134410
53 1.104364 5.953523
26 1.088458 7.308023
39 1.058122 9.891454
24 1.077864 8.210218
29 1.102771 6.089147
40 1.084127 7.676871
32 1.129619 3.802828
23 1.087614 7.379863
29 1.133419 3.479200
39 1.139498 2.961524
35 1.139434 2.966951
43 1.114327 5.105016
35 1.128840 3.869110
42 1.090842 7.104997
33 1.133549 3.468107
34 1.103608 6.017858
66 1.061535 9.600801
76 1.075078 8.447482
