8 1.066934 9.141000
11 1.065351 9.275775
12 1.084515 7.643851
11 1.057948 9.906193
13 1.081814 7.873826
13 1.124837 4.210056
13 1.085416 7.567073
13 1.083646 7.717855
13 1.098548 6.448739
15 1.087488 7.390672
15 1.117916 4.799391
15 1.141630 2.779977
15 1.100752 6.261120
16 1.072017 8.708147
16 1.131352 3.655226
16 1.130881 3.695323
16 1.070098 8.871579
16 1.059001 9.816577
17 1.116372 4.930901
16 1.120042 4.618399
19 1.096723 6.604229
19 1.073006 8.623879
9 1.129112 3.845961
20 1.140659 2.862681
17 1.079377 8.081336
19 1.098673 6.438092
16 1.075513 8.410454
18 1.128432 3.903881
21 1.124831 4.210542
19 1.102791 6.087452
13 1.104283 5.960368
15 1.110607 5.421857
19 1.072823 8.639528
24 1.134186 3.413885
15 1.087671 7.375014
16 1.130470 3.730328
12 1.117021 4.875649
15 1.077074 8.277445
26 1.096994 6.581071
18 1.115221 5.028881
12 1.142496 2.706176
17 1.121649 4.481480
26 1.112953 5.222054
22 1.114810 5.063902
11 1.105270 5.876299
16 1.094220 6.817310
23 1.096179 6.650495
24 1.092788 6.939320
17 1.118599 4.741250
13 1.114946 5.052298
33 1.070942 8.799681
24 1.103449 6.031448
16 1.108483 5.602714
24 1.066593 9.170004
11 1.127539 3.979895
23 1.131753 3.621051
23 1.105491 5.857479
27 1.132400 3.565945
17 1.091858 7.018464
24 1.085638 7.548169
15 1.126446 4.073022
33 1.111331 5.360207
16 1.090648 7.121566
20 1.132795 3.532296
19 1.125371 4.164534
19 1.079316 8.086559
20 1.064408 9.356106
12 1.075891 8.378212
28 1.059005 9.816188
15 1.110463 5.434120
12 1.096643 6.610970
25 1.122440 4.414191
31 1.102052 6.150370
15 1.092660 6.950159
17 1.075375 8.422136
23 1.136989 3.175160
31 1.113903 5.141129
21 1.092830 6.935686
23 1.110336 5.444959
28 1.083725 7.711114
27 1.064661 9.334582
17 1.140571 2.870115
24 1.086978 7.434056
15 1.098167 6.481258
13 1.131824 3.615026
13 1.073925 8.545612
19 1.111723 5.326793
13 1.117705 4.817354
20 1.137605 3.122687
15 1.112775 5.237222
9 1.066516 9.176620
19 1.071958 8.713158
12 1.120997 4.537039
29 1.090791 7.109397
11 1.124467 4.241581
32 1.110921 5.395115
17 1.125521 4.151801
19 1.111261 5.366193
13 1.057462 9.947578
13 1.114230 5.113306
36 1.130112 3.760798
29 1.095117 6.740984
15 1.110929 5.394419
28 1.061920 9.567956
13 1.109750 5.494827
35 1.084295 7.662532
15 1.089107 7.252755
19 1.065311 9.279185
15 1.057556 9.939592
25 1.093537 6.875547
16 1.106970 5.731596
20 1.118229 4.772790
19 1.080672 7.971085
24 1.063682 9.417900
12 1.080143 8.016095
12 1.118515 4.748366
12 1.095956 6.669529
17 1.088154 7.333929
23 1.135057 3.339683
29 1.127756 3.961460
16 1.104722 5.923030
37 1.107195 5.712413
18 1.100605 6.273593
12 1.104102 5.975796
36 1.123961 4.284668
33 1.084293 7.662750
44 1.083255 7.751144
13 1.125437 4.158978
50 1.100828 6.254648
40 1.124659 4.225228
28 1.136693 3.200360
30 1.068407 9.015515
30 1.124663 4.224873
26 1.102738 6.091950
29 1.079193 8.096989
13 1.138885 3.013715
16 1.114217 5.114440
24 1.107106 5.720010
19 1.112759 5.238562
40 1.112758 5.238666
19 1.132462 3.560656
20 1.111968 5.305909
12 1.110613 5.421315
34 1.109655 5.502880
12 1.094234 6.816159
31 1.131944 3.604766
21 1.103326 6.041887
15 1.064775 9.324885
11 1.126405 4.076518
20 1.089127 7.251101
16 1.102367 6.123514
52 1.139579 2.954611
33 1.070577 8.830747
24 1.064897 9.314463
18 1.086735 7.454726
38 1.096519 6.621568
22 1.127083 4.018735
16 1.130003 3.770076
13 1.120029 4.619501
15 1.111605 5.336862
16 1.113500 5.175495
25 1.063626 9.422712
15 1.130297 3.745077
45 1.113107 5.208988
19 1.066096 9.212326
16 1.064612 9.338757
17 1.066775 9.154538
15 1.141773 2.767812
15 1.116919 4.884279
20 1.058021 9.900021
12 1.129802 3.787178
29 1.141294 2.808552
19 1.110434 5.436563
24 1.095779 6.684616
22 1.103945 5.989135
43 1.120370 4.590424
25 1.124511 4.237798
28 1.121166 4.522668
37 1.122409 4.416819
41 1.129457 3.816567
27 1.097894 6.504449
25 1.090382 7.144175
24 1.068518 9.006082
35 1.121458 4.497805
24 1.132902 3.523200
21 1.067339 9.106488
28 1.090714 7.115938
24 1.080355 7.998113
43 1.114637 5.078657
33 1.069298 8.939719
45 1.073905 8.547318
52 1.080098 8.019962
41 1.148409 2.202652
38 1.117049 4.873281
37 1.091117 7.081600
48 1.115342 5.018652
42 1.108979 5.560511
40 1.105757 5.834869
74 1.133529 3.469842
70 1.087507 7.388994
