11 1.068722 8.988737
11 1.124344 4.251992
11 1.071504 8.751778
15 1.118309 4.765982
15 1.113017 5.216591
16 1.122593 4.401162
16 1.094063 6.830729
16 1.121588 4.486705
16 1.099740 6.347239
16 1.121477 4.496183
16 1.078608 8.146826
16 1.079308 8.087244
16 1.100824 6.254985
17 1.122972 4.368876
17 1.103075 6.063252
17 1.084237 7.667477
17 1.133120 3.504637
19 1.107061 5.723822
19 1.127153 4.012820
19 1.099089 6.402674
19 1.134180 3.414391
19 1.127182 4.010352
19 1.067214 9.117166
9 1.137628 3.120737
20 1.114625 5.079638
20 1.089800 7.193774
20 1.087521 7.387829
20 1.150535 2.021643
21 1.089178 7.246687
21 1.131424 3.649078
21 1.099958 6.328661
21 1.143095 2.655178
21 1.145197 2.476188
21 1.083804 7.704373
21 1.086567 7.469046
21 1.138962 3.007194
21 1.087200 7.415122
13 1.068010 9.049395
17 1.124222 4.262401
23 1.136017 3.257939
23 1.067361 9.104637
23 1.069947 8.884414
23 1.131235 3.665200
13 1.063262 9.453739
19 1.140697 2.859435
19 1.124592 4.230929
15 1.081363 7.912217
25 1.118786 4.725298
16 1.081568 7.894736
16 1.136574 3.210556
27 1.104559 5.936863
27 1.142868 2.674521
19 1.058483 9.860712
15 1.131151 3.672299
28 1.067462 9.096042
27 1.147251 2.301255
17 1.125425 4.159957
15 1.132873 3.525704
19 1.064058 9.385903
16 1.093045 6.917403
19 1.139998 2.918918
20 1.087922 7.353637
20 1.127759 3.961190
31 1.113167 5.203818
16 1.075649 8.398790
16 1.071924 8.716035
17 1.115583 4.998079
32 1.118308 4.766029
16 1.063150 9.463258
17 1.089356 7.231562
20 1.113419 5.182380
19 1.114837 5.061615
9 1.059331 9.788487
20 1.137203 3.156919
17 1.134366 3.398546
21 1.058182 9.886287
16 1.116050 4.958297
8 1.088852 7.274443
24 1.133873 3.440509
18 1.123701 4.306793
23 1.062249 9.539993
36 1.099728 6.348249
21 1.146597 2.356994
20 1.087824 7.362053
9 1.080826 7.957934
25 1.107934 5.649515
23 1.112384 5.270493
22 1.105691 5.840501
24 1.082735 7.795399
13 1.092944 6.926020
19 1.144593 2.527612
19 1.166319 0.677428
23 1.106996 5.729316
24 1.140348 2.889098
23 1.078657 8.142685
17 1.095866 6.677185
24 1.069531 8.919850
19 1.120611 4.569893
20 1.131577 3.636033
9 1.164004 0.874631
21 1.096177 6.650689
24 1.102558 6.107258
23 1.135068 3.338766
29 1.147700 2.263061
28 1.091764 7.026461
16 1.138781 3.022545
29 1.152164 1.882891
20 1.100817 6.255514
27 1.140839 2.847296
23 1.169909 0.371753
20 1.139507 2.960725
13 1.082153 7.844978
19 1.130354 3.740194
21 1.098408 6.460718
16 1.105284 5.875108
25 1.143516 2.619375
24 1.146656 2.351952
17 1.127793 3.958260
20 1.129738 3.792670
25 1.113890 5.142306
17 1.079187 8.097575
21 1.113705 5.158033
29 1.148957 2.155968
25 1.119674 4.649724
21 1.105855 5.826538
17 1.102210 6.136906
12 1.058423 9.865803
20 1.127451 3.987406
19 1.113901 5.141333
27 1.086478 7.476677
24 1.142843 2.676629
15 1.084686 7.629219
20 1.132975 3.517014
17 1.085368 7.571204
29 1.144571 2.529468
21 1.077050 8.279545
17 1.098061 6.490240
20 1.137171 3.159689
17 1.071875 8.720244
21 1.105520 5.855078
24 1.115646 4.992734
17 1.116564 4.914572
23 1.072009 8.708772
17 1.143140 2.651334
16 1.101618 6.187367
21 1.126454 4.072355
19 1.113162 5.204260
29 1.078195 8.182032
20 1.115060 5.042637
19 1.084373 7.655888
24 1.133495 3.472764
28 1.084051 7.683290
27 1.115993 4.963180
29 1.145278 2.469291
21 1.116176 4.947566
20 1.144737 2.515406
20 1.134840 3.358151
27 1.093672 6.863995
32 1.092767 6.941098
11 1.082435 7.820983
20 1.114329 5.104846
12 1.070767 8.814563
21 1.114434 5.095907
23 1.139999 2.918835
21 1.081374 7.911279
20 1.068885 8.974873
31 1.143942 2.583060
21 1.151063 1.976643
16 1.109823 5.488632
24 1.125091 4.188400
25 1.145820 2.423135
23 1.113068 5.212281
23 1.064142 9.378775
15 1.083652 7.717288
23 1.136664 3.202890
24 1.126821 4.041059
24 1.121245 4.515918
21 1.073167 8.610227
21 1.137088 3.166755
29 1.100711 6.264603
17 1.122260 4.429508
17 1.063103 9.467265
23 1.106042 5.810629
17 1.130598 3.719400
28 1.096667 6.609003
24 1.107397 5.695188
21 1.138443 3.051397
24 1.060092 9.723639
20 1.105149 5.886668
24 1.087927 7.353217
24 1.095478 6.710236
24 1.101444 6.202127
24 1.105406 5.864771
27 1.098404 6.461056
27 1.146197 2.391045
23 1.111444 5.350578
32 1.094330 6.808008
25 1.153546 1.765225
26 1.143105 2.654377
35 1.130884 3.695107
