12 1.059589 9.766462
12 1.062626 9.507835
15 1.124780 4.214919
15 1.106865 5.740507
15 1.117808 4.808586
15 1.078435 8.161598
15 1.076326 8.341202
15 1.058173 9.887091
17 1.081644 7.888284
17 1.122806 4.382960
17 1.093325 6.893584
17 1.106147 5.801674
17 1.128612 3.888577
17 1.095920 6.672575
17 1.074252 8.517841
17 1.113358 5.187543
17 1.101549 6.193241
17 1.084866 7.613930
17 1.064880 9.315932
17 1.126080 4.104178
17 1.115198 5.030872
17 1.063233 9.456127
17 1.084890 7.611839
17 1.098122 6.485017
19 1.137825 3.103998
19 1.093959 6.839605
19 1.101419 6.204278
19 1.072844 8.637694
19 1.101546 6.193464
19 1.081275 7.919713
19 1.120361 4.591216
18 1.116528 4.917652
19 1.105755 5.835013
22 1.145037 2.489851
21 1.104005 5.984105
21 1.146326 2.380084
17 1.074389 8.506100
10 1.090896 7.100414
24 1.084078 7.681007
15 1.101863 6.166475
26 1.081198 7.926286
15 1.085475 7.562093
17 1.064721 9.329452
22 1.058050 9.897520
27 1.124891 4.205432
29 1.107734 5.666529
17 1.109855 5.485871
17 1.084617 7.635142
29 1.073584 8.574663
15 1.109814 5.489391
17 1.112513 5.259494
15 1.107660 5.672850
17 1.066463 9.181073
21 1.099494 6.368250
15 1.122313 4.424992
26 1.086491 7.475556
17 1.140060 2.913673
30 1.144310 2.551747
19 1.117900 4.800756
25 1.094103 6.827345
24 1.099497 6.367989
33 1.127814 3.956528
19 1.105526 5.854574
33 1.148239 2.217120
22 1.069666 8.908332
24 1.128612 3.888525
24 1.094216 6.817660
26 1.080396 7.994562
12 1.059414 9.781362
23 1.079596 8.062668
23 1.123861 4.293108
30 1.143994 2.578600
19 1.109669 5.501746
15 1.093200 6.904237
26 1.081875 7.868637
33 1.126119 4.100828
19 1.115060 5.042672
28 1.127514 3.982022
26 1.110776 5.407487
17 1.060879 9.656631
31 1.093343 6.891992
26 1.085888 7.526855
27 1.142961 2.666581
17 1.111230 5.368803
19 1.091390 7.058348
12 1.142479 2.707625
22 1.111785 5.321565
12 1.113227 5.198763
17 1.125882 4.121012
15 1.060618 9.678862
17 1.116839 4.891094
17 1.150096 2.058974
27 1.119116 4.697209
22 1.070920 8.801543
29 1.088846 7.275028
26 1.123389 4.333311
19 1.136456 3.220577
22 1.096882 6.590629
17 1.070151 8.867059
17 1.137212 3.156222
22 1.085634 7.548483
19 1.076326 8.341146
29 1.127162 4.012047
22 1.085093 7.594605
17 1.089687 7.203345
24 1.107497 5.686727
15 1.110974 5.390568
36 1.113552 5.171049
15 1.117134 4.865990
21 1.117313 4.850762
17 1.111928 5.309383
36 1.100219 6.306471
17 1.123862 4.293033
17 1.076255 8.347218
17 1.120017 4.620536
31 1.125422 4.160196
17 1.078854 8.125921
19 1.153406 1.777098
15 1.133845 3.442942
15 1.132209 3.582239
22 1.067063 9.130046
17 1.133549 3.468116
17 1.112327 5.275333
12 1.064993 9.306296
19 1.116072 4.956427
15 1.091570 7.043057
15 1.135663 3.288138
23 1.070636 8.825749
25 1.094663 6.779610
17 1.090228 7.157317
24 1.120442 4.584273
19 1.123878 4.291688
17 1.139204 2.986577
23 1.110523 5.429019
20 1.121390 4.503570
22 1.125235 4.176153
30 1.133984 3.431103
22 1.090142 7.164598
17 1.119200 4.690101
31 1.151366 1.950880
36 1.093592 6.870795
31 1.116543 4.916313
15 1.114631 5.079156
35 1.121548 4.490101
17 1.123928 4.287468
15 1.118727 4.730353
19 1.119516 4.663148
32 1.077363 8.252886
19 1.128993 3.856082
17 1.131966 3.602922
17 1.115977 4.964507
17 1.148097 2.229196
12 1.090798 7.108724
16 1.057141 9.974979
17 1.113455 5.179305
22 1.118380 4.759921
19 1.117122 4.867040
22 1.102203 6.137557
15 1.079990 8.029144
22 1.106061 5.809014
10 1.102350 6.125033
15 1.068290 9.025508
17 1.101754 6.175768
12 1.059153 9.803652
31 1.071342 8.765615
15 1.102894 6.078669
22 1.095522 6.706438
26 1.066247 9.199530
19 1.084841 7.616075
22 1.124207 4.263657
39 1.133067 3.509193
30 1.153684 1.753477
19 1.115124 5.037216
45 1.090315 7.149906
47 1.101185 6.224170
24 1.116863 4.889059
34 1.149511 2.108805
27 1.158909 1.308474
26 1.071140 8.782788
37 1.063630 9.422388
19 1.118646 4.737219
19 1.117975 4.794432
19 1.072750 8.645685
22 1.067708 9.075103
22 1.088467 7.307289
31 1.096793 6.598239
40 1.121591 4.486418
33 1.092242 6.985771
24 1.110110 5.464181
26 1.109125 5.548022
34 1.088850 7.274630
34 1.074844 8.467382
37 1.095727 6.688984
33 1.093958 6.839627
45 1.106200 5.797107
40 1.116512 4.918976
35 1.065888 9.230058
32 1.114791 5.065546
47 1.119210 4.689243
39 1.097237 6.560413
