228 1.103995 5.984927
486 1.074954 8.458056
602 1.108435 5.606820
593 1.112431 5.266540
599 1.134284 3.405530
712 1.109045 5.554828
736 1.076773 8.303124
905 1.078274 8.175257
919 1.082286 7.833619
1157 1.084919 7.609410
1214 1.123322 4.339041
28 1.071983 8.711000
1557 1.090521 7.132310
1611 1.063223 9.457045
137 1.143486 2.621931
1326 1.113430 5.181469
1683 1.138564 3.041049
1709 1.134538 3.383877
1799 1.127913 3.948083
610 1.080938 7.948409
1041 1.069967 8.882672
2074 1.056894 9.995962
1941 1.073509 8.581105
1112 1.091440 7.054046
1360 1.111433 5.351485
2307 1.119465 4.667513
1648 1.134924 3.351022
2579 1.117843 4.805672
576 1.111439 5.350997
2461 1.165945 0.709355
1505 1.074832 8.468449
2078 1.120135 4.610483
2853 1.154415 1.691165
55 1.093440 6.883757
2673 1.123964 4.284359
2999 1.097685 6.522254
310 1.077281 8.259885
123 1.075116 8.444203
3083 1.169212 0.431135
173 1.068043 9.046563
2331 1.074354 8.509153
279 1.125382 4.163608
142 1.060351 9.701572
3025 1.100375 6.293229
3113 1.116164 4.948621
1112 1.101933 6.160544
579 1.087703 7.372317
3284 1.083662 7.716471
1548 1.087213 7.414083
645 1.101643 6.185190
2006 1.071617 8.742229
1025 1.160732 1.153280
3455 1.080860 7.955100
1561 1.058336 9.873159
1142 1.122139 4.439756
3727 1.082775 7.791964
3021 1.074994 8.454600
3883 1.152117 1.886929
2500 1.110706 5.413432
2569 1.171234 0.258949
4162 1.061919 9.568066
4245 1.119075 4.700716
4333 1.109427 5.522361
4316 1.139236 2.983818
4412 1.115495 5.005551
4567 1.115793 4.980213
3804 1.097660 6.524375
1192 1.125665 4.139487
3263 1.144303 2.552306
3622 1.097795 6.512932
2696 1.097314 6.553890
1071 1.153129 1.800685
2036 1.094998 6.751112
5212 1.094513 6.792382
3303 1.130752 3.706324
5311 1.128329 3.912689
4260 1.144735 2.515511
5412 1.078977 8.115430
662 1.084796 7.619910
1753 1.114585 5.083061
1728 1.062144 9.548924
4968 1.108860 5.570598
268 1.160327 1.187769
3522 1.066512 9.176956
4123 1.081907 7.865881
2158 1.087150 7.419454
5809 1.127756 3.961493
1467 1.163089 0.952533
4523 1.062142 9.549096
732 1.099550 6.363483
1207 1.064206 9.373343
5531 1.102035 6.151853
4481 1.095840 6.679361
4811 1.149249 2.131150
2574 1.166238 0.684391
5338 1.125403 4.161796
363 1.064143 9.378632
1557 1.064827 9.320432
4671 1.076784 8.302197
58 1.069416 8.929641
2269 1.090977 7.093521
2803 1.122397 4.417816
3713 1.074431 8.502566
1893 1.142647 2.693309
889 1.100708 6.264851
5955 1.069033 8.962203
1629 1.076120 8.358699
6466 1.118639 4.737821
160 1.135357 3.314128
1233 1.078620 8.145818
6655 1.136811 3.190303
6682 1.151913 1.904265
830 1.170386 0.331101
651 1.112558 5.255720
5659 1.139071 2.997919
6749 1.072131 8.698394
1360 1.097027 6.578285
6126 1.132069 3.594183
1101 1.107758 5.664440
1245 1.064523 9.346276
6867 1.081191 7.926875
803 1.157767 1.405760
6881 1.099057 6.405460
951 1.095450 6.712570
2083 1.130635 3.716286
1940 1.118979 4.708854
3756 1.080740 7.965273
2825 1.081082 7.936170
713 1.091145 7.079215
1504 1.110942 5.393275
1190 1.126151 4.098154
434 1.150746 2.003619
972 1.130482 3.729326
6330 1.137248 3.153084
2156 1.096973 6.582924
3366 1.128056 3.935943
1633 1.133629 3.461274
1543 1.057826 9.916603
4956 1.105319 5.872194
2019 1.100676 6.267582
711 1.069442 8.927447
7225 1.132822 3.530034
256 1.113786 5.151113
6672 1.149202 2.135116
2734 1.103931 5.990390
3121 1.138107 3.079994
6997 1.092882 6.931252
4497 1.143457 2.624358
429 1.087208 7.414442
580 1.119427 4.670724
6761 1.116702 4.902776
3376 1.060700 9.671890
3231 1.066547 9.173975
4212 1.057229 9.967446
4584 1.105260 5.877179
8147 1.091896 7.015273
5121 1.061842 9.574631
541 1.068767 8.984880
6317 1.119296 4.681923
1396 1.090018 7.175176
913 1.098089 6.487830
2534 1.097648 6.525387
6315 1.071105 8.785798
1713 1.058382 9.869233
7155 1.081312 7.916576
5868 1.072632 8.655715
7087 1.064147 9.378355
8759 1.060086 9.724128
126 1.066711 9.160005
3837 1.146905 2.330703
802 1.121114 4.527062
6950 1.120162 4.608133
2862 1.169406 0.414544
8817 1.119734 4.644637
2682 1.076923 8.290349
438 1.151982 1.898379
853 1.133435 3.477813
91 1.058694 9.842715
7336 1.081776 7.877040
734 1.101453 6.201366
3166 1.100878 6.250317
4270 1.076277 8.345362
1342 1.158371 1.354349
4915 1.075271 8.431054
5430 1.145066 2.487392
7047 1.106798 5.746207
9015 1.101303 6.214183
7665 1.062990 9.476859
3810 1.151490 1.940293
256 1.059356 9.786307
1743 1.154236 1.706455
9063 1.080906 7.951168
3601 1.137906 3.097064
332 1.112390 5.269969
2416 1.167398 0.585556
2395 1.143575 2.614348
848 1.068445 9.012339
1056 1.110617 5.420986
1861 1.101807 6.171269
719 1.071859 8.721564
1535 1.090684 7.118504
617 1.147568 2.274281
2229 1.060110 9.722076
6071 1.109106 5.549626
952 1.065236 9.285582
7085 1.057471 9.946886
6152 1.067134 9.123949
907 1.078336 8.169971
2492 1.153975 1.728671
3636 1.104895 5.908289
315 1.148008 2.236832
3308 1.111727 5.326451
3528 1.090692 7.117777
2912 1.070810 8.810906
2923 1.092508 6.963123
3389 1.164023 0.872968
4490 1.076453 8.330326
8381 1.084456 7.648812
6065 1.112414 5.268000
3812 1.094614 6.783779
1482 1.084755 7.623406
1602 1.093320 6.893990
8159 1.083325 7.745142
3446 1.077111 8.274370
819 1.091701 7.031848
402 1.072032 8.706879
3285 1.063010 9.475142
1356 1.058291 9.877054
295 1.114126 5.122159
417 1.160921 1.137169
3404 1.077258 8.261847
373 1.101815 6.170589
1160 1.072746 8.646028
2742 1.094544 6.789781
3833 1.086899 7.440822
118 1.153935 1.732111
4162 1.070747 8.816299
10101 1.080588 7.978227
1660 1.141205 2.816139
3984 1.134419 3.394044
7801 1.059348 9.787029
5564 1.083920 7.694471
7746 1.133133 3.503593
7681 1.071667 8.737910
6072 1.061606 9.594706
4517 1.075688 8.395511
2613 1.064718 9.329696
1462 1.077182 8.268275
128 1.058736 9.839091
1299 1.131464 3.645661
10250 1.082830 7.787289
3473 1.058945 9.821343
6941 1.098017 6.494007
4561 1.077722 8.222258
7889 1.157273 1.447825
1789 1.133677 3.457257
1006 1.102542 6.108670
2434 1.086862 7.443908
422 1.097372 6.548914
1539 1.091873 7.017191
3304 1.142524 2.703807
1700 1.109030 5.556168
8971 1.087122 7.421779
2931 1.148563 2.189583
5371 1.081672 7.885937
4737 1.128133 3.929311
7799 1.100943 6.244859
2333 1.153537 1.765935
1877 1.081747 7.879526
1443 1.115288 5.023246
689 1.130382 3.737853
985 1.062032 9.558415
6549 1.128622 3.887730
354 1.106755 5.749855
970 1.071356 8.764425
2489 1.141913 2.755820
8789 1.082964 7.775858
6865 1.066186 9.204732
1610 1.083029 7.770330
5052 1.146992 2.323367
165 1.070713 8.819154
755 1.066463 9.181077
457 1.144768 2.512688
1151 1.099084 6.403145
1119 1.095446 6.712926
2604 1.138595 3.038398
163 1.123169 4.352047
2296 1.121112 4.527212
2456 1.144404 2.543746
7075 1.133768 3.449465
4776 1.080831 7.957519
2466 1.118212 4.774228
11221 1.150121 2.056888
5566 1.090659 7.120608
1084 1.103822 5.999687
2481 1.142119 2.738350
639 1.102768 6.089427
1171 1.101832 6.169084
2817 1.120770 4.556394
4131 1.069803 8.896657
724 1.146445 2.369930
5333 1.084296 7.662477
1661 1.137835 3.103143
4010 1.091642 7.036894
2269 1.118611 4.740236
5748 1.148364 2.206508
365 1.104103 5.975678
1926 1.140533 2.873413
8270 1.136930 3.180198
6643 1.136280 3.235596
1495 1.119678 4.649363
247 1.105783 5.832675
9986 1.153043 1.807996
2463 1.059167 9.802409
9426 1.138415 3.053773
5424 1.080092 8.020508
2299 1.131779 3.618846
2291 1.161785 1.063620
1136 1.124676 4.223772
3861 1.107355 5.698809
4868 1.061061 9.641119
3607 1.056922 9.993586
1362 1.097143 6.568399
5955 1.066223 9.201535
3548 1.110408 5.438770
1232 1.077157 8.270410
1466 1.066890 9.144737
1733 1.169355 0.418921
11788 1.117471 4.837289
288 1.155580 1.591985
5388 1.059096 9.808505
927 1.071692 8.735801
2170 1.104469 5.944516
6718 1.139089 2.996373
8405 1.078563 8.150691
2071 1.083119 7.762669
1545 1.140536 2.873087
4941 1.107333 5.700674
4205 1.110516 5.429555
6236 1.069425 8.928867
95 1.096991 6.581411
5675 1.111731 5.326139
1037 1.139523 2.959389
760 1.104236 5.964350
3326 1.068756 8.985819
9078 1.058916 9.823762
346 1.074062 8.534018
5142 1.126137 4.099326
911 1.152658 1.840852
4421 1.069783 8.898395
12474 1.129709 3.795101
898 1.111722 5.326934
9740 1.138705 3.029037
12490 1.111140 5.376436
8378 1.067725 9.073639
1879 1.167267 0.596736
131 1.161241 1.109928
7167 1.110663 5.417115
732 1.083623 7.719785
7189 1.081150 7.930346
2322 1.119473 4.666808
8213 1.118702 4.732476
7808 1.124256 4.259522
5243 1.149360 2.121680
7574 1.109624 5.505534
37 1.158289 1.361318
1186 1.075402 8.419903
354 1.060741 9.668399
5478 1.170693 0.305012
257 1.123592 4.316013
1012 1.132402 3.565788
1179 1.133940 3.434840
2178 1.078240 8.178205
839 1.109760 5.493947
962 1.121938 4.456917
1463 1.126951 4.030046
1013 1.072280 8.685737
5751 1.158203 1.368604
2350 1.077573 8.234982
404 1.097074 6.574273
9193 1.079204 8.096062
8020 1.137043 3.170559
3432 1.080180 8.012970
3498 1.088047 7.343048
4811 1.117839 4.805950
13129 1.144964 2.496077
4663 1.064775 9.324824
3934 1.074972 8.456498
11477 1.104238 5.964250
455 1.066591 9.170227
2186 1.076027 8.366615
497 1.065793 9.238174
3114 1.090006 7.176184
1776 1.107519 5.684779
2643 1.084147 7.675172
13039 1.075689 8.395459
2335 1.057883 9.911743
608 1.114252 5.111479
2847 1.087900 7.355518
2404 1.071645 8.739843
4805 1.136791 3.192078
6667 1.077176 8.268792
1864 1.066994 9.135887
2754 1.091816 7.022094
700 1.083336 7.744252
9883 1.094650 6.780717
5157 1.129652 3.800015
5691 1.073637 8.570192
1190 1.062214 9.542900
316 1.139995 2.919198
1799 1.067867 9.061533
7950 1.091158 7.078081
2890 1.062885 9.485831
4731 1.117782 4.810834
3889 1.146160 2.394205
880 1.076624 8.315766
769 1.076309 8.342608
4413 1.068038 9.046967
4183 1.094895 6.759869
3470 1.064440 9.353409
2660 1.081905 7.866079
7365 1.096657 6.609827
7661 1.145186 2.477099
339 1.119962 4.625220
7574 1.116165 4.948534
2035 1.140575 2.869838
1280 1.130301 3.744710
1624 1.130416 3.734958
3461 1.138185 3.073368
182 1.168881 0.459278
644 1.078994 8.113949
2221 1.090431 7.140009
7870 1.127118 4.015786
5665 1.144917 2.500002
338 1.075522 8.409627
6837 1.169790 0.381867
4249 1.059200 9.799635
2315 1.071308 8.768528
1625 1.069125 8.954440
7965 1.102969 6.072290
6087 1.148672 2.180286
1138 1.154531 1.681304
1934 1.115925 4.968938
2242 1.138945 3.008621
9187 1.076080 8.362104
1154 1.144115 2.568315
561 1.062735 9.498603
1887 1.114991 5.048537
60 1.116707 4.902352
4378 1.059931 9.737403
3500 1.173488 0.066976
1235 1.102451 6.116387
3511 1.070790 8.812641
1185 1.097220 6.561831
3278 1.108109 5.634608
179 1.152333 1.868482
1923 1.147577 2.273533
1501 1.065304 9.279827
83 1.090882 7.101632
4353 1.155866 1.567646
192 1.063872 9.401773
8073 1.149688 2.093752
2071 1.140607 2.867045
1936 1.065750 9.241794
2332 1.080496 7.986048
1331 1.103064 6.064206
1825 1.091504 7.048595
6995 1.075290 8.429390
2591 1.120385 4.589121
10840 1.075799 8.386100
9013 1.136319 3.232245
8565 1.060086 9.724169
388 1.121476 4.496278
7833 1.056977 9.988920
4806 1.104190 5.968298
945 1.119501 4.664468
6453 1.126579 4.061721
126 1.153242 1.791124
4785 1.151541 1.935964
864 1.095647 6.695862
5550 1.145184 2.477288
2738 1.068236 9.030078
9342 1.112703 5.243322
680 1.078802 8.130366
985 1.058915 9.823865
655 1.073886 8.548998
5428 1.122373 4.419906
2237 1.079247 8.092428
1986 1.074906 8.462128
3885 1.119397 4.673263
3307 1.129443 3.817758
905 1.130068 3.764584
5188 1.097712 6.519973
2036 1.103546 6.023177
645 1.137426 3.137968
10186 1.089108 7.252668
2557 1.105372 5.867690
11924 1.124768 4.215880
3201 1.064614 9.338548
4707 1.128091 3.932939
2786 1.118480 4.751347
3214 1.060522 9.687066
9877 1.093542 6.875051
2749 1.089935 7.182224
213 1.056869 9.998147
4595 1.077322 8.256353
5711 1.133556 3.467532
268 1.123329 4.338434
2151 1.126719 4.049730
9598 1.079395 8.079836
7278 1.150168 2.052855
2401 1.086175 7.502467
299 1.093597 6.870389
4714 1.134085 3.422492
10083 1.167910 0.541963
106 1.171132 0.267636
9995 1.105896 5.823044
3018 1.134106 3.420656
1802 1.166916 0.626668
1127 1.063320 9.448794
1727 1.115000 5.047760
2471 1.099638 6.355917
2548 1.114155 5.119704
9113 1.060245 9.710616
1021 1.132612 3.547908
3533 1.131994 3.600572
10014 1.143285 2.639046
2825 1.103243 6.048933
4249 1.078269 8.175736
179 1.069773 8.899241
1829 1.172919 0.115448
2650 1.071891 8.718875
7357 1.081401 7.908968
15298 1.075520 8.409805
169 1.096054 6.661174
312 1.151306 1.955966
5489 1.119158 4.693627
4289 1.124904 4.204356
9172 1.134292 3.404886
1170 1.134202 3.412484
1697 1.064698 9.331401
2185 1.078242 8.178001
71 1.103821 5.999707
854 1.094443 6.798392
2810 1.154449 1.688280
5474 1.112503 5.260410
471 1.081264 7.920637
4681 1.081142 7.931036
2019 1.110841 5.401900
3925 1.107138 5.717223
1828 1.062845 9.489223
4304 1.136329 3.231410
739 1.104791 5.917155
4945 1.079972 8.030724
1018 1.155088 1.633853
2221 1.093504 6.878306
1328 1.092262 6.984083
1136 1.081603 7.891761
2677 1.060343 9.702304
8964 1.064064 9.385388
106 1.109931 5.479434
3169 1.106241 5.793664
184 1.057182 9.971431
4863 1.157433 1.434220
4483 1.069946 8.884526
8685 1.118737 4.729508
8097 1.057909 9.909524
681 1.131299 3.659747
8811 1.092967 6.924027
6944 1.065171 9.291120
5167 1.166186 0.688788
7352 1.163305 0.934111
1000 1.136032 3.256688
3066 1.058781 9.835284
5204 1.169614 0.396901
1886 1.158622 1.332947
5999 1.110724 5.411913
3134 1.151077 1.975437
5052 1.070887 8.804323
1038 1.141697 2.774242
379 1.117027 4.875154
1316 1.090561 7.128963
4268 1.129109 3.846264
12611 1.111375 5.356418
9784 1.103600 6.018546
6949 1.157532 1.425795
416 1.063424 9.439901
624 1.106296 5.788990
1840 1.071824 8.724523
8014 1.111415 5.353016
392 1.061152 9.633388
657 1.102102 6.146140
707 1.087358 7.401741
27 1.098754 6.431244
2132 1.083950 7.691905
239 1.137201 3.157138
3905 1.085680 7.544582
800 1.101975 6.156956
436 1.106023 5.812192
6015 1.075260 8.431948
4761 1.058791 9.834483
1387 1.089908 7.184591
1510 1.102447 6.116717
8068 1.056937 9.992301
2629 1.100750 6.261277
7768 1.107964 5.646924
354 1.070138 8.868163
10230 1.092582 6.956835
946 1.062648 9.505948
399 1.083283 7.748722
1160 1.071815 8.725363
910 1.118929 4.713135
1023 1.075465 8.414536
1501 1.090974 7.093757
644 1.060865 9.657856
615 1.099095 6.402167
4033 1.063879 9.401152
3779 1.113635 5.163974
4874 1.063348 9.446413
5126 1.127594 3.975287
4509 1.066032 9.217825
5716 1.095693 6.691873
1463 1.073247 8.603365
1805 1.057018 9.985402
7032 1.105736 5.836686
1177 1.062576 9.512073
41 1.093203 6.903947
8701 1.118439 4.754867
9899 1.141936 2.753932
1381 1.125573 4.147366
4364 1.122794 4.384034
2343 1.080517 7.984300
2765 1.068545 9.003796
1464 1.123341 4.337425
386 1.134539 3.383790
3101 1.074167 8.525063
1435 1.101030 6.237430
9905 1.098963 6.413440
9268 1.152428 1.860405
6501 1.149474 2.112005
12104 1.090834 7.105655
3624 1.131801 3.616992
9158 1.105386 5.866435
2669 1.116443 4.924838
3419 1.154259 1.704483
7755 1.086557 7.469877
5463 1.082241 7.837481
1328 1.112860 5.230020
1900 1.148814 2.168133
10851 1.076167 8.354690
198 1.117853 4.804809
7 1.079090 8.105776
2051 1.074780 8.472801
2597 1.120447 4.583868
144 1.143668 2.606445
2283 1.069552 8.918071
2950 1.134949 3.348925
101 1.158597 1.335034
1385 1.115513 5.004070
8042 1.064636 9.336665
2709 1.064021 9.389098
1652 1.138347 3.059494
4525 1.105865 5.825657
904 1.149710 2.091897
9786 1.117057 4.872582
7785 1.125610 4.144196
1194 1.071013 8.793668
2974 1.061408 9.611545
9426 1.064842 9.319165
3364 1.061740 9.583342
8296 1.158674 1.328516
258 1.096407 6.631076
274 1.136414 3.224110
1916 1.084381 7.655241
9913 1.090258 7.154738
1440 1.134399 3.395737
475 1.093365 6.890189
2989 1.073845 8.552459
640 1.115502 5.005026
587 1.091262 7.069229
9265 1.078811 8.129592
293 1.120804 4.553496
3668 1.139444 2.966079
7167 1.169632 0.395326
886 1.133756 3.450460
3122 1.102023 6.152809
5102 1.113494 5.176018
6647 1.133510 3.471445
4893 1.107808 5.660196
5271 1.114546 5.086413
4624 1.063164 9.462079
1440 1.172916 0.115695
807 1.083566 7.724656
635 1.138809 3.020226
58 1.154422 1.690589
1390 1.077495 8.241651
489 1.153854 1.738947
2064 1.148889 2.161815
3790 1.095984 6.667141
7349 1.094109 6.826780
449 1.148567 2.189224
10364 1.099406 6.375685
35 1.136451 3.220999
620 1.066291 9.195777
3436 1.165069 0.783920
6103 1.144161 2.564459
457 1.072061 8.704353
9389 1.158439 1.348540
5054 1.081980 7.859685
10 1.167653 0.563905
416 1.085853 7.529858
3941 1.152673 1.839582
1579 1.118240 4.771804
4996 1.084896 7.611332
2527 1.140377 2.886648
1670 1.096971 6.583051
7093 1.059045 9.812787
3132 1.079169 8.099102
7491 1.115714 4.986942
12418 1.060720 9.670145
7074 1.089286 7.237501
925 1.065279 9.281941
4872 1.067389 9.102257
3107 1.139911 2.926313
2864 1.139428 2.967515
2282 1.133236 3.494810
9796 1.099709 6.349871
4016 1.102937 6.075008
2189 1.126195 4.094388
1474 1.084684 7.629420
222 1.143980 2.579868
123 1.113564 5.170051
5638 1.063110 9.466667
792 1.066596 9.169762
13474 1.155458 1.602354
3576 1.127949 3.945019
453 1.060356 9.701163
5226 1.084828 7.617186
1244 1.120522 4.577529
17311 1.068819 8.980491
896 1.092019 7.004773
6763 1.128093 3.932738
2059 1.064047 9.386870
4509 1.125908 4.118852
1937 1.081345 7.913778
3834 1.165235 0.769770
5374 1.161940 1.050410
465 1.142267 2.725753
5445 1.164064 0.869540
7485 1.065941 9.225574
6628 1.104596 5.933769
8783 1.094538 6.790306
4290 1.136688 3.200806
3936 1.153499 1.769233
6610 1.088406 7.312478
2178 1.119564 4.659098
8567 1.060821 9.661566
1297 1.107383 5.696372
3571 1.080566 7.980130
935 1.092227 6.987056
1783 1.134394 3.396202
5709 1.064850 9.318506
5189 1.065083 9.298663
215 1.116031 4.959931
4786 1.080571 7.979687
3991 1.134344 3.400468
6988 1.061238 9.626076
3889 1.150227 2.047863
840 1.156666 1.499531
7214 1.068640 8.995670
11776 1.111936 5.308698
676 1.102571 6.106190
5207 1.107066 5.723392
4735 1.150550 2.020375
6589 1.079595 8.062807
1321 1.115577 4.998632
2675 1.134614 3.377401
2207 1.137110 3.164893
10094 1.075691 8.395298
3909 1.065903 9.228800
920 1.065059 9.300700
2346 1.121989 4.452552
15245 1.068646 8.995183
1130 1.071816 8.725226
5159 1.106695 5.754975
781 1.103133 6.058290
5878 1.057135 9.975474
1751 1.148485 2.196153
1915 1.160053 1.211108
6858 1.126615 4.058655
2524 1.118001 4.792159
1160 1.122807 4.382929
1245 1.097541 6.534496
1310 1.168378 0.502127
149 1.087368 7.400886
881 1.137180 3.158939
275 1.154894 1.650379
4707 1.130003 3.770140
1574 1.057954 9.905759
684 1.165919 0.711546
4027 1.125050 4.191929
2441 1.088524 7.302415
4780 1.129406 3.820955
5844 1.104055 5.979801
4845 1.119637 4.652837
1414 1.096448 6.627611
1090 1.101429 6.203472
5896 1.070660 8.823653
167 1.086288 7.492863
1149 1.059926 9.737811
2746 1.113265 5.195455
752 1.086554 7.470159
11001 1.068729 8.988159
542 1.170921 0.285538
484 1.130529 3.725338
934 1.079668 8.056575
9382 1.114466 5.093192
5269 1.062053 9.556642
744 1.082057 7.853131
5173 1.078771 8.132948
4577 1.088326 7.319269
5563 1.064980 9.307363
940 1.096303 6.639941
639 1.068979 8.966808
837 1.086751 7.453386
1577 1.084372 7.655948
2506 1.071869 8.720708
2952 1.119020 4.705387
3180 1.093764 6.856192
4902 1.065617 9.253109
6214 1.085785 7.535663
1821 1.097862 6.507165
2398 1.159609 1.248875
658 1.065383 9.273112
1787 1.074049 8.535048
2453 1.134282 3.405743
1311 1.110888 5.397895
6005 1.078483 8.157476
10266 1.117107 4.868353
1182 1.142303 2.722671
413 1.062012 9.560157
8056 1.148600 2.186372
3814 1.108317 5.616849
3899 1.090908 7.099427
6987 1.124347 4.251732
5059 1.088553 7.299934
3833 1.097492 6.538689
3629 1.066153 9.207540
4914 1.131024 3.683186
3868 1.125872 4.121930
1525 1.108295 5.618693
1040 1.087727 7.370291
10811 1.067516 9.091452
1034 1.112393 5.269776
11417 1.062019 9.559508
13938 1.123062 4.361200
6972 1.078408 8.163849
1281 1.089743 7.198586
5120 1.089989 7.177653
900 1.121195 4.520189
8465 1.090995 7.092025
4184 1.073568 8.576021
904 1.167520 0.575218
2353 1.108017 5.642448
8712 1.082888 7.782366
12211 1.132704 3.540047
3060 1.118954 4.711053
2274 1.141089 2.826029
6801 1.132447 3.561964
3495 1.164008 0.874260
5890 1.080615 7.975892
7887 1.078116 8.188714
2459 1.061659 9.590182
5148 1.103565 6.021513
4888 1.092167 6.992184
5351 1.081119 7.933026
4741 1.095136 6.739357
127 1.135065 3.338999
9346 1.080191 8.012014
2264 1.076543 8.322704
2360 1.129950 3.774584
2359 1.075917 8.376030
3188 1.153865 1.737997
6086 1.090097 7.168461
1371 1.159502 1.257986
357 1.073093 8.616458
1960 1.064597 9.339983
1643 1.064291 9.366039
4980 1.081522 7.898715
12660 1.096079 6.658995
6675 1.075184 8.438397
3443 1.057029 9.984492
184 1.120335 4.593394
5273 1.076870 8.294893
6599 1.082994 7.773375
6864 1.114391 5.099603
2315 1.095977 6.667717
628 1.135077 3.337982
6731 1.058931 9.822482
1767 1.097983 6.496898
4504 1.128892 3.864685
1410 1.060445 9.693582
2457 1.149702 2.092584
4595 1.090434 7.139798
1538 1.090279 7.152937
5616 1.086675 7.459853
3518 1.082901 7.781233
5180 1.063470 9.436022
13817 1.087871 7.357999
11262 1.078383 8.166008
2100 1.098265 6.472864
244 1.103986 5.985699
8783 1.169655 0.393335
2178 1.076428 8.332526
4522 1.104026 5.982266
5995 1.131692 3.626236
3271 1.093597 6.870391
54 1.100920 6.246766
1634 1.123244 4.345684
85 1.109098 5.550328
6172 1.153614 1.759435
4004 1.110544 5.427186
4771 1.081015 7.941844
5077 1.095649 6.695658
3524 1.108533 5.598506
1833 1.144685 2.519805
1063 1.109215 5.540386
116 1.071069 8.788901
942 1.105031 5.896676
5283 1.059318 9.789565
3946 1.059726 9.754839
828 1.073516 8.580463
4372 1.079147 8.100946
3886 1.166634 0.650624
470 1.133640 3.460415
4221 1.078366 8.167487
283 1.154254 1.704875
6283 1.069241 8.944558
220 1.078099 8.190157
866 1.130540 3.724365
2385 1.116802 4.894327
2027 1.110163 5.459656
6348 1.087417 7.396664
6086 1.091523 7.047035
failed to find solution after reaching max emtpy limit -- 21494 iterations and 17467 function evals
5066 1.150400 2.033077
2674 1.134576 3.380710
3421 1.083550 7.725960
7365 1.172571 0.145031
3635 1.087451 7.393807
5067 1.064275 9.367396
1216 1.124993 4.196736
256 1.120924 4.543227
5166 1.133864 3.441297
8043 1.140551 2.871863
385 1.066640 9.166013
12316 1.076303 8.343174
6342 1.081203 7.925879
6706 1.159705 1.240668
2599 1.088300 7.321458
1655 1.137465 3.134673
3573 1.157762 1.406138
4100 1.099061 6.405068
3687 1.102447 6.116761
5198 1.072583 8.659896
400 1.062072 9.555067
2442 1.057479 9.946211
1544 1.081897 7.866790
1469 1.130607 3.718664
1285 1.129320 3.828283
19596 1.066449 9.182291
6038 1.156236 1.536157
1894 1.082283 7.833904
4943 1.098994 6.410771
1526 1.120363 4.591030
3337 1.064228 9.371423
6199 1.065032 9.302926
3742 1.078962 8.116708
172 1.077720 8.222431
3034 1.164411 0.839927
4509 1.145612 2.440860
2513 1.088715 7.286122
7293 1.071727 8.732797
3847 1.086798 7.449392
2638 1.166424 0.668517
4953 1.133177 3.499784
6177 1.127706 3.965720
1295 1.136645 3.204462
4427 1.061624 9.593155
89 1.087385 7.399389
4610 1.146354 2.377651
549 1.088675 7.289573
726 1.085630 7.548867
3108 1.061171 9.631739
1787 1.109714 5.497918
30 1.168558 0.486778
5008 1.152885 1.821516
91 1.108214 5.625591
16647 1.143493 2.621319
2157 1.116294 4.937523
2817 1.152565 1.848717
6999 1.173370 0.077038
2333 1.119291 4.682286
79 1.105033 5.896508
3572 1.098886 6.419996
7490 1.121474 4.496450
3122 1.093910 6.843736
2262 1.080032 8.025569
6298 1.142598 2.697558
5377 1.107441 5.691494
11427 1.096808 6.596967
2550 1.061432 9.609512
584 1.161744 1.067065
1079 1.094079 6.829334
2141 1.073311 8.597926
7 1.087355 7.401948
2813 1.146833 2.336872
12158 1.142152 2.735524
232 1.061163 9.632448
1194 1.098997 6.410534
6306 1.080512 7.984680
1479 1.164398 0.841033
4911 1.104927 5.905522
2779 1.079701 8.053742
4842 1.090323 7.149185
1020 1.069540 8.919055
1324 1.060976 9.648396
10028 1.086910 7.439892
1404 1.147097 2.314423
5353 1.066364 9.189573
1070 1.063169 9.461607
2828 1.157091 1.463303
8522 1.163687 0.901626
2586 1.101095 6.231856
159 1.071618 8.742135
4751 1.111394 5.354827
1634 1.097035 6.577607
12015 1.098129 6.484446
1531 1.078126 8.187911
2021 1.137524 3.129609
7895 1.074746 8.475763
3220 1.081018 7.941605
10615 1.092334 6.977993
3589 1.172481 0.152758
2293 1.106618 5.761524
230 1.065236 9.285595
7170 1.066974 9.137597
10623 1.160849 1.143290
1616 1.112242 5.282628
823 1.075993 8.369526
4720 1.121322 4.509356
2324 1.143475 2.622877
5891 1.064868 9.316941
3060 1.069255 8.943334
3955 1.057401 9.952805
2420 1.091540 7.045535
3892 1.127959 3.944188
1271 1.090426 7.140453
3920 1.083876 7.698232
2232 1.156375 1.524292
5838 1.153712 1.751079
176 1.057048 9.982870
229 1.147297 2.297357
3960 1.126017 4.109512
813 1.060467 9.691692
5968 1.158355 1.355709
7370 1.130129 3.759394
4516 1.082308 7.831764
275 1.117315 4.850580
1654 1.091543 7.045279
5888 1.107687 5.670487
1188 1.098510 6.452007
1449 1.101651 6.184546
1716 1.164740 0.811896
5066 1.076301 8.343292
1822 1.085253 7.580946
5034 1.146776 2.341696
385 1.166629 0.651060
8287 1.127149 4.013142
2174 1.086243 7.496626
5559 1.084471 7.647564
5107 1.083521 7.728481
1735 1.081143 7.930999
517 1.138773 3.023238
2257 1.096882 6.590689
4105 1.114113 5.123269
8480 1.070344 8.850593
8099 1.099814 6.340950
651 1.131836 3.613971
6015 1.115919 4.969477
4330 1.059543 9.770440
6466 1.108709 5.583485
5554 1.064676 9.333275
7 1.060137 9.719788
2970 1.063790 9.408693
474 1.085328 7.574571
827 1.097906 6.503488
698 1.057586 9.937091
265 1.096316 6.638882
14606 1.161188 1.114449
6676 1.077079 8.277090
2527 1.139904 2.926966
148 1.137849 3.101945
5835 1.058819 9.832091
3214 1.155698 1.581964
1874 1.162090 1.037564
2484 1.064534 9.345408
2610 1.086316 7.490476
65 1.131843 3.613397
5206 1.105734 5.836812
1131 1.150313 2.040488
2473 1.112013 5.302096
1171 1.142830 2.677762
2211 1.160399 1.181620
198 1.123113 4.356816
7 1.127704 3.965869
1738 1.132778 3.533783
1386 1.140215 2.900434
3138 1.120486 4.580571
4065 1.086193 7.500958
2052 1.092359 6.975818
1536 1.114035 5.129909
2716 1.081003 7.942878
3834 1.076696 8.309704
5170 1.167060 0.614367
8646 1.083742 7.709651
2552 1.144048 2.574018
1836 1.155344 1.612091
7329 1.096789 6.598577
2038 1.081029 7.940657
10834 1.073179 8.609183
2997 1.129986 3.771553
218 1.114174 5.118088
10401 1.138557 3.041612
1359 1.123891 4.290585
15797 1.111016 5.387038
698 1.111888 5.312757
2499 1.119785 4.640267
1785 1.090624 7.123577
1035 1.160922 1.137101
5849 1.126040 4.107604
3189 1.071322 8.767326
5574 1.124505 4.238289
7868 1.148935 2.157839
3476 1.129519 3.811294
2068 1.094746 6.772585
10934 1.111898 5.311883
7186 1.062132 9.549928
1576 1.119450 4.668788
149 1.093060 6.916093
654 1.063448 9.437870
15869 1.164490 0.833247
3994 1.150381 2.034716
1470 1.068505 9.007190
10610 1.137051 3.169928
198 1.085011 7.601549
4062 1.075274 8.430792
3290 1.156843 1.484466
2189 1.115749 4.983994
1655 1.138725 3.027376
8782 1.117599 4.826390
801 1.140602 2.867475
2823 1.121306 4.510699
4962 1.130568 3.722001
3430 1.077273 8.260561
2115 1.119685 4.648746
9253 1.107664 5.672462
6411 1.117112 4.867866
5322 1.124738 4.218475
3587 1.115804 4.979275
3046 1.068064 9.044745
851 1.100424 6.289053
792 1.148873 2.163134
1960 1.108444 5.606081
1787 1.111294 5.363315
2426 1.141051 2.829303
6655 1.089135 7.250389
2993 1.070955 8.798560
1008 1.061286 9.621996
1935 1.061413 9.611180
429 1.096257 6.643905
6480 1.070758 8.815306
747 1.144759 2.513521
7123 1.072000 8.709585
10924 1.080893 7.952247
3775 1.143620 2.610533
8737 1.073933 8.544960
1304 1.093034 6.918325
4266 1.092917 6.928265
6890 1.074326 8.511510
872 1.120931 4.542653
4880 1.103505 6.026686
2201 1.058562 9.853913
4548 1.099329 6.382300
111 1.064595 9.340159
1630 1.155093 1.633482
2681 1.143127 2.652458
331 1.149685 2.093996
4365 1.067133 9.124053
2937 1.108176 5.628840
4132 1.116085 4.955338
571 1.138435 3.052068
3899 1.087545 7.385804
4012 1.103971 5.986951
6460 1.100712 6.264520
55 1.107325 5.701302
6656 1.101901 6.163253
12946 1.061948 9.565563
957 1.058018 9.900231
3632 1.059146 9.804170
5349 1.115426 5.011485
1866 1.116190 4.946406
652 1.121836 4.465613
3815 1.102732 6.092434
3681 1.121357 4.506347
134 1.098701 6.435759
2419 1.137551 3.127298
8696 1.078981 8.115121
4074 1.062532 9.515873
6482 1.135709 3.284208
2633 1.148775 2.171485
1153 1.145565 2.444846
3934 1.101789 6.172770
7998 1.104702 5.924716
13227 1.072232 8.689851
647 1.129767 3.790160
968 1.144761 2.513341
98 1.057204 9.969632
11712 1.092685 6.948023
5626 1.142487 2.706975
839 1.119843 4.635328
1979 1.146996 2.323016
187 1.087339 7.403294
4528 1.120414 4.586696
744 1.133629 3.461320
7532 1.157090 1.463367
3813 1.159775 1.234723
2861 1.092631 6.952695
1418 1.074072 8.533117
1468 1.168736 0.471677
2404 1.062370 9.529660
4484 1.140929 2.839652
9675 1.067534 9.089914
672 1.122371 4.420076
615 1.084964 7.605592
1511 1.082920 7.779668
941 1.099965 6.328108
831 1.064942 9.310619
2093 1.070590 8.829635
1756 1.107667 5.672180
1396 1.074984 8.455481
2492 1.137947 3.093637
1302 1.167850 0.547058
560 1.156182 1.540757
5367 1.066541 9.174465
3755 1.074831 8.468475
958 1.154304 1.700686
1253 1.074148 8.526630
32 1.121801 4.468558
2365 1.104289 5.959845
3350 1.152847 1.824744
2307 1.096527 6.620910
4257 1.060630 9.677867
1260 1.116246 4.941650
827 1.120304 4.596054
3835 1.065283 9.281595
10217 1.084636 7.633504
591 1.110392 5.440172
4314 1.092364 6.975365
4063 1.092681 6.948389
663 1.099218 6.391715
1855 1.061212 9.628274
2587 1.124581 4.231840
19356 1.080284 8.004161
821 1.137656 3.118398
6956 1.087025 7.430082
516 1.111981 5.304815
1438 1.066311 9.194022
1469 1.071444 8.756946
2069 1.133096 3.506663
6095 1.088641 7.292462
4649 1.059970 9.734057
166 1.080944 7.947924
42 1.075642 8.399430
5087 1.090463 7.137305
3114 1.102871 6.080618
152 1.137790 3.106949
1701 1.082664 7.801476
2278 1.067457 9.096456
4227 1.108627 5.590494
1447 1.129176 3.840564
4521 1.165252 0.768370
9096 1.139796 2.936100
58 1.150836 1.995942
30 1.152903 1.819970
4114 1.130651 3.714887
11969 1.099208 6.392609
1305 1.078875 8.124094
638 1.074178 8.524088
566 1.108427 5.607466
7698 1.102892 6.078853
1729 1.140902 2.841971
5572 1.114925 5.054123
5656 1.057172 9.972322
1611 1.058598 9.850882
2444 1.135326 3.316816
4816 1.139938 2.924083
12134 1.119503 4.664306
10086 1.110604 5.422140
6734 1.081555 7.895907
1507 1.124748 4.217654
1497 1.082124 7.847435
408 1.145970 2.410397
993 1.110745 5.410098
4182 1.086105 7.508418
5192 1.072081 8.702668
155 1.168769 0.468848
2435 1.155352 1.611443
3296 1.114205 5.115483
2518 1.127513 3.982144
2759 1.100446 6.287176
4002 1.059751 9.752724
2109 1.069518 8.920925
5979 1.142419 2.712773
810 1.096875 6.591215
5887 1.137027 3.171938
859 1.085134 7.591106
1116 1.076120 8.358738
934 1.112716 5.242231
837 1.120703 4.562083
3163 1.147890 2.246848
11957 1.141456 2.794791
6648 1.068169 9.035811
7736 1.111572 5.339632
1737 1.114070 5.126936
2267 1.083629 7.719297
3958 1.118162 4.778466
1125 1.060784 9.664751
2539 1.066690 9.161811
6773 1.137555 3.126970
132 1.101000 6.239978
11869 1.087195 7.415618
1845 1.098363 6.464505
278 1.125431 4.159475
4930 1.150597 2.016312
3557 1.135771 3.278894
3318 1.068929 8.971089
10954 1.085296 7.577335
1379 1.152338 1.868115
5912 1.124760 4.216566
2226 1.071245 8.773872
1705 1.099422 6.374382
780 1.143344 2.633969
1385 1.105693 5.840310
4125 1.080679 7.970476
2671 1.105698 5.839929
934 1.111716 5.327371
1648 1.068355 9.019956
3777 1.103857 5.996687
320 1.119870 4.633027
277 1.119247 4.686038
4631 1.074344 8.509984
5551 1.085235 7.582493
4686 1.150426 2.030860
117 1.083797 7.704951
3921 1.076472 8.328737
1410 1.164984 0.791120
5493 1.149495 2.110179
4368 1.065050 9.301393
9421 1.134152 3.416803
3575 1.161554 1.083216
753 1.085120 7.592303
1524 1.084628 7.634197
1174 1.116141 4.950594
1628 1.115954 4.966492
6581 1.110986 5.389538
3732 1.085688 7.543958
3809 1.077413 8.248575
702 1.062403 9.526828
2563 1.079131 8.102279
2028 1.096422 6.629825
3191 1.151912 1.904355
3394 1.056894 9.996016
8954 1.079292 8.088640
590 1.125144 4.183875
1406 1.056916 9.994079
1484 1.071968 8.712297
3523 1.121548 4.490144
2746 1.093535 6.875698
3464 1.089997 7.176931
3356 1.068066 9.044595
3027 1.143232 2.643552
2364 1.138499 3.046624
73 1.081114 7.933407
10619 1.157701 1.411366
8770 1.070923 8.801305
2300 1.083031 7.770223
16856 1.165356 0.759465
581 1.101284 6.215771
9075 1.058972 9.819033
8016 1.137764 3.109222
5849 1.060021 9.729657
372 1.072237 8.689363
2301 1.122657 4.395717
9305 1.081198 7.926251
8784 1.093542 6.875086
331 1.130561 3.722576
1611 1.085260 7.580408
1020 1.079402 8.079228
6119 1.123787 4.299422
3691 1.058454 9.863137
7 1.134683 3.371534
3027 1.097717 6.519533
10654 1.067881 9.060340
2484 1.113825 5.147825
6498 1.091350 7.061724
5157 1.121674 4.479400
11303 1.067414 9.100080
6489 1.144688 2.519564
289 1.140708 2.858489
4498 1.134147 3.417193
1195 1.059586 9.766738
4383 1.088313 7.320356
1856 1.128351 3.910804
73 1.116251 4.941167
6731 1.058540 9.855849
5633 1.091149 7.078832
2931 1.129153 3.842453
165 1.065052 9.301286
4971 1.085353 7.572490
3503 1.118257 4.770376
4808 1.079207 8.095835
1858 1.120041 4.618460
1154 1.061021 9.644530
1122 1.142736 2.685784
1468 1.063952 9.394948
6391 1.141705 2.773528
13815 1.057254 9.965358
4498 1.060770 9.665921
161 1.127353 3.995806
257 1.059664 9.760072
177 1.092190 6.990255
18704 1.089707 7.201663
694 1.108613 5.591685
2798 1.136275 3.235980
2071 1.099011 6.409320
8184 1.066023 9.218567
536 1.086273 7.494095
3396 1.140642 2.864132
726 1.151758 1.917438
3946 1.057931 9.907637
11643 1.134974 3.346790
2217 1.114404 5.098501
1872 1.125119 4.185995
4076 1.162555 0.997964
1213 1.100747 6.261475
1683 1.077422 8.247880
10321 1.137091 3.166530
3764 1.160035 1.212582
1304 1.086443 7.479609
3061 1.065301 9.280090
2010 1.084646 7.632685
3739 1.098650 6.440093
4433 1.089938 7.182024
1830 1.116364 4.931595
2729 1.120215 4.603619
4443 1.145667 2.436140
3122 1.072697 8.650220
632 1.069977 8.881815
85 1.101851 6.167473
1957 1.149951 2.071388
1251 1.112185 5.287450
3422 1.145794 2.425373
2428 1.108969 5.561303
4475 1.165323 0.762256
3200 1.079599 8.062459
3707 1.099128 6.399386
291 1.082902 7.781194
1632 1.084707 7.627433
10995 1.088568 7.298693
1914 1.115164 5.033764
1517 1.133816 3.445366
966 1.064755 9.326555
6838 1.057425 9.950788
613 1.130404 3.735959
4727 1.134967 3.347357
6738 1.154976 1.643448
2118 1.127727 3.963912
1129 1.076372 8.337242
4596 1.100134 6.313736
4231 1.096913 6.588037
570 1.078894 8.122525
699 1.085071 7.596437
3158 1.112997 5.218297
2041 1.079568 8.065113
1896 1.147896 2.246331
172 1.104172 5.969882
1569 1.057155 9.973736
1138 1.072683 8.651397
3234 1.130266 3.747711
1976 1.133136 3.503307
6102 1.082882 7.782869
5332 1.083084 7.765633
1533 1.150183 2.051612
4366 1.086904 7.440372
5428 1.082515 7.814170
3508 1.110431 5.436804
18909 1.110290 5.448868
3718 1.129549 3.808777
5726 1.063000 9.476010
804 1.172079 0.186987
1821 1.111668 5.331503
311 1.070327 8.852090
1635 1.099478 6.369578
4160 1.097427 6.544271
1419 1.073888 8.548819
418 1.105031 5.896705
6570 1.074071 8.533245
4891 1.090050 7.172466
123 1.064622 9.337884
9311 1.057149 9.974268
1380 1.088957 7.265530
12522 1.141377 2.801507
4607 1.100571 6.276500
2680 1.099993 6.325734
4110 1.068812 8.981098
3699 1.091407 7.056885
6740 1.063838 9.404666
3989 1.085383 7.569878
8489 1.075295 8.429020
2859 1.083922 7.694329
20135 1.075739 8.391132
2487 1.121840 4.465265
1715 1.108928 5.564851
2358 1.161757 1.065976
2503 1.065606 9.254125
1623 1.060442 9.693808
3536 1.118664 4.735677
3506 1.116943 4.882244
989 1.075266 8.431411
4831 1.094206 6.818562
5375 1.070652 8.824383
1400 1.071528 8.749746
592 1.154078 1.719934
266 1.146766 2.342546
648 1.121115 4.527036
3583 1.079334 8.085006
1475 1.066674 9.163094
2428 1.079368 8.082088
4101 1.114723 5.071295
8611 1.065373 9.273935
458 1.084080 7.680849
2386 1.085672 7.545281
2012 1.064853 9.318237
722 1.104853 5.911853
7143 1.097535 6.535045
4010 1.159575 1.251785
3810 1.081803 7.874738
3913 1.156120 1.545986
2441 1.147014 2.321440
1775 1.144595 2.527493
99 1.066202 9.203317
9392 1.096353 6.635724
1967 1.105712 5.838724
3131 1.128803 3.872319
990 1.156565 1.508121
6965 1.085111 7.593080
493 1.172867 0.119855
6036 1.081112 7.933599
3168 1.102965 6.072645
3157 1.075651 8.398663
506 1.118750 4.728358
973 1.086708 7.457041
3802 1.103609 6.017745
13817 1.167357 0.589039
942 1.091495 7.049429
1921 1.092230 6.986829
3840 1.140021 2.916955
201 1.148451 2.199109
2974 1.114099 5.124453
6071 1.100552 6.278135
4566 1.094204 6.818665
900 1.098852 6.422915
4070 1.123033 4.363627
5594 1.112637 5.248944
1341 1.098796 6.427664
801 1.068399 9.016199
4765 1.080982 7.944710
897 1.119597 4.656226
56 1.137582 3.124690
4240 1.154521 1.682156
1025 1.093856 6.848359
277 1.098082 6.488501
821 1.057445 9.949078
3249 1.138547 3.042507
4415 1.101849 6.167626
2716 1.071468 8.754900
812 1.076047 8.364931
7123 1.114466 5.093196
10267 1.112860 5.230008
11611 1.083480 7.731981
602 1.057841 9.915330
5663 1.122222 4.432739
3644 1.106648 5.758960
1906 1.169067 0.443482
6415 1.083050 7.768606
1072 1.129783 3.788834
3042 1.155037 1.638251
4463 1.103648 6.014480
803 1.115519 5.003555
1218 1.133028 3.512506
7 1.135214 3.326378
3589 1.084493 7.645658
1688 1.153129 1.800740
5754 1.164359 0.844338
3233 1.063408 9.441275
7491 1.151820 1.912206
2915 1.070644 8.825050
8097 1.090547 7.130138
8280 1.108223 5.624858
1131 1.086402 7.483111
3716 1.081010 7.942267
1771 1.124621 4.228400
3175 1.076734 8.306396
8912 1.093182 6.905718
13696 1.148402 2.203276
6296 1.141124 2.823053
3326 1.125657 4.140168
2949 1.101953 6.158784
5547 1.151864 1.908482
1044 1.067343 9.106137
6720 1.086160 7.503715
2629 1.135878 3.269802
8673 1.150460 2.028032
1674 1.085668 7.545665
902 1.092510 6.962953
25 1.156236 1.536134
115 1.076661 8.312690
4867 1.115298 5.022373
2960 1.088305 7.321083
2039 1.094884 6.760784
1079 1.081648 7.887933
1440 1.119314 4.680397
596 1.094943 6.755746
2201 1.138084 3.081937
6552 1.067821 9.065453
3316 1.092652 6.950890
244 1.107262 5.706677
5659 1.111031 5.385724
884 1.064395 9.357210
4239 1.081744 7.879798
7533 1.086856 7.444432
8132 1.102904 6.077792
3497 1.147508 2.279419
501 1.106816 5.744667
2919 1.095872 6.676699
3900 1.119620 4.654308
2144 1.153308 1.785460
852 1.085819 7.532792
1692 1.138629 3.035483
2871 1.109315 5.531832
3506 1.107263 5.706593
7205 1.114533 5.087486
2459 1.162568 0.996918
706 1.098530 6.450341
4213 1.059361 9.785944
8127 1.082955 7.776664
7828 1.059229 9.797181
562 1.063813 9.406744
770 1.103537 6.023880
3026 1.149159 2.138789
1177 1.107994 5.644380
6195 1.122439 4.414275
18338 1.140067 2.913050
745 1.096882 6.590677
6597 1.066100 9.212032
5828 1.105601 5.848113
9131 1.081877 7.868455
2742 1.142854 2.675750
743 1.059673 9.759359
11707 1.123833 4.295533
2161 1.069346 8.935606
545 1.092829 6.935831
9769 1.107501 5.686354
1258 1.138757 3.024650
19646 1.060968 9.649031
201 1.083397 7.739030
2186 1.107242 5.708407
4459 1.158967 1.303524
7241 1.122026 4.449374
1755 1.081740 7.880140
2059 1.061393 9.612841
1260 1.097211 6.562626
3148 1.124185 4.265533
17002 1.062466 9.521462
353 1.141092 2.825754
4132 1.093042 6.917652
328 1.135709 3.284214
8049 1.138810 3.020083
8637 1.163996 0.875284
3976 1.072145 8.697266
2450 1.156447 1.518175
4232 1.139793 2.936416
1167 1.100844 6.253212
8201 1.067942 9.055110
1913 1.164281 0.851050
2126 1.082264 7.835501
431 1.065202 9.288496
3990 1.155394 1.607791
9138 1.061312 9.619731
1224 1.102391 6.121500
675 1.118924 4.713544
6378 1.082787 7.791010
3659 1.166331 0.676485
6335 1.111496 5.346163
3763 1.061288 9.621771
895 1.091382 7.059020
1849 1.102429 6.118271
499 1.151318 1.954897
4397 1.089505 7.218871
5541 1.102317 6.127812
281 1.082856 7.785100
2358 1.098602 6.444202
3933 1.084121 7.677352
913 1.073825 8.554125
2645 1.095685 6.692582
7527 1.114499 5.090396
1061 1.096630 6.612104
1793 1.127557 3.978375
8349 1.107876 5.654392
4947 1.057100 9.978477
259 1.122196 4.434903
2473 1.172571 0.145086
4687 1.102058 6.149828
626 1.104695 5.925306
1075 1.078902 8.121850
2754 1.137358 3.143783
5962 1.087519 7.388017
8417 1.140482 2.877716
260 1.079350 8.083682
3452 1.071532 8.749456
12123 1.110339 5.444696
5649 1.131174 3.670345
601 1.134350 3.399923
2515 1.082085 7.850708
89 1.093497 6.878883
3501 1.164483 0.833827
3499 1.123213 4.348352
5600 1.157342 1.441915
5914 1.058519 9.857584
2831 1.070139 8.868040
3047 1.130854 3.697615
6107 1.087737 7.369418
1869 1.102873 6.080486
1869 1.081777 7.877010
800 1.063971 9.393305
2948 1.106865 5.740538
2102 1.123142 4.354352
769 1.116121 4.952242
6250 1.093298 6.895825
2232 1.093466 6.881539
43 1.101235 6.219969
1554 1.120615 4.569549
559 1.078825 8.128387
4663 1.133257 3.493001
325 1.127052 4.021378
1155 1.124816 4.211798
492 1.076457 8.330028
874 1.103291 6.044868
8896 1.060490 9.689744
487 1.085920 7.524143
9561 1.083354 7.742720
2540 1.114046 5.128948
1499 1.079579 8.064189
870 1.161992 1.045924
6922 1.114971 5.050217
1963 1.078881 8.123580
16451 1.155612 1.589225
4073 1.124889 4.205614
13981 1.070300 8.854365
1599 1.078538 8.152785
3754 1.107911 5.651458
2520 1.147552 2.275610
823 1.083825 7.702585
3994 1.069335 8.936497
10296 1.131367 3.653972
2247 1.093473 6.880994
13225 1.075467 8.414372
703 1.150159 2.053651
3819 1.065875 9.231158
2598 1.121981 4.453207
5988 1.070525 8.835193
6739 1.078634 8.144648
112 1.120061 4.616776
21230 1.115961 4.965923
491 1.141108 2.824423
1922 1.076647 8.313833
4865 1.074110 8.529913
4020 1.098218 6.476860
2091 1.059183 9.801052
3673 1.151799 1.913963
2463 1.076022 8.367081
1867 1.086613 7.465145
2416 1.139407 2.969293
441 1.062399 9.527163
831 1.056868 9.998181
507 1.107886 5.653527
4316 1.137709 3.113849
2468 1.066143 9.208357
1162 1.143316 2.636381
2504 1.087420 7.396448
2216 1.079693 8.054480
7334 1.081265 7.920565
638 1.108772 5.578154
3182 1.071525 8.749988
10248 1.073173 8.609702
1440 1.119447 4.669057
3427 1.138127 3.078276
4059 1.074382 8.506746
722 1.061992 9.561826
2190 1.146106 2.398810
877 1.155908 1.564036
3957 1.056982 9.988528
1334 1.101436 6.202831
1744 1.107142 5.716882
1601 1.135468 3.304686
5662 1.063954 9.394786
2574 1.099016 6.408934
2017 1.080375 7.996410
996 1.095065 6.745379
3103 1.145486 2.451592
608 1.096672 6.608503
4297 1.090549 7.130005
3285 1.072106 8.700580
5032 1.081709 7.882769
5277 1.092318 6.979277
8652 1.159079 1.293996
2703 1.096377 6.633684
2848 1.111034 5.385480
2196 1.089837 7.190598
15349 1.120497 4.579647
3593 1.169803 0.380787
3323 1.096813 6.596568
14031 1.056972 9.989306
1853 1.076930 8.289758
2395 1.077967 8.201453
1575 1.130127 3.759499
2723 1.090108 7.167514
3307 1.100543 6.278914
8592 1.088096 7.338829
18762 1.103716 6.008708
1289 1.072248 8.688483
3839 1.155786 1.574442
1039 1.126544 4.064705
2008 1.109169 5.544276
5889 1.112474 5.262827
2931 1.156611 1.504197
6791 1.119080 4.700330
9280 1.165809 0.720870
199 1.109176 5.543747
5558 1.098929 6.416307
769 1.095446 6.712969
4221 1.150670 2.010078
11686 1.135751 3.280645
1757 1.074741 8.476145
526 1.133301 3.489279
401 1.071234 8.774788
283 1.157115 1.461301
7000 1.173392 0.075104
3098 1.128007 3.940093
1396 1.132344 3.570771
3322 1.078195 8.181988
6860 1.082243 7.837313
1317 1.075232 8.434310
3585 1.110887 5.398024
427 1.149528 2.107401
396 1.127228 4.006451
1362 1.071470 8.754737
5041 1.070674 8.822456
989 1.118301 4.766590
7103 1.120620 4.569170
4852 1.112671 5.246065
867 1.091717 7.030508
4246 1.143827 2.592881
4153 1.060571 9.682842
1451 1.083549 7.726049
4652 1.112653 5.247649
7968 1.149606 2.100749
2941 1.160522 1.171134
2612 1.154291 1.701756
624 1.115787 4.980702
1446 1.062246 9.540184
6767 1.074742 8.476082
3225 1.114991 5.048513
6509 1.077933 8.204296
1541 1.101188 6.223994
12173 1.084037 7.684521
1029 1.144400 2.544103
323 1.077726 8.221931
6317 1.095479 6.710149
10393 1.092916 6.928396
4203 1.128453 3.902095
796 1.145465 2.453399
3403 1.107661 5.672696
10402 1.108466 5.604200
3686 1.073109 8.615132
4585 1.165310 0.763430
457 1.074937 8.459430
1603 1.149643 2.097610
1759 1.099698 6.350869
295 1.123157 4.353098
4072 1.134391 3.396406
2674 1.166128 0.693725
3035 1.090674 7.119335
4725 1.152467 1.857105
10096 1.068850 8.977864
3214 1.121628 4.483317
2674 1.091315 7.064711
129 1.068821 8.980276
414 1.067694 9.076265
6694 1.061387 9.613412
4816 1.074393 8.505796
7948 1.072233 8.689763
2702 1.125902 4.119306
1071 1.141281 2.809667
4512 1.103580 6.020260
5293 1.087251 7.410815
708 1.077969 8.201300
86 1.128362 3.909846
1533 1.086294 7.492287
10208 1.096080 6.658942
813 1.140225 2.899592
2477 1.143327 2.635404
2297 1.090185 7.160957
2142 1.076160 8.355328
1303 1.135125 3.333922
4834 1.074515 8.495381
2276 1.085855 7.529687
14896 1.065632 9.251845
1753 1.125366 4.164955
9742 1.072694 8.650449
1585 1.087057 7.427306
8 1.100713 6.264389
2714 1.093057 6.916371
191 1.141024 2.831580
2583 1.089991 7.177487
1923 1.086393 7.483862
1575 1.101290 6.215261
6096 1.141785 2.766753
341 1.066901 9.143794
320 1.077634 8.229790
4738 1.133514 3.471129
3597 1.068431 9.013486
4053 1.093018 6.919705
11000 1.088271 7.323986
3592 1.146978 2.324563
7490 1.155566 1.593160
3505 1.151228 1.962565
8003 1.117546 4.830903
8328 1.061119 9.636232
17534 1.126594 4.060394
5363 1.136780 3.193008
15294 1.086529 7.472332
7837 1.116669 4.905591
9439 1.076806 8.300261
17069 1.085116 7.592641
11892 1.122826 4.381269
7641 1.171237 0.258675
8994 1.088124 7.336436
18229 1.111600 5.337246
10156 1.164439 0.837543
5205 1.116034 4.959683
9108 1.092207 6.988770
8887 1.106983 5.730456
9616 1.146611 2.355760
6820 1.123102 4.357794
8367 1.117636 4.823230
16981 1.116867 4.888737
8391 1.100132 6.313916
8004 1.158144 1.373650
8937 1.088449 7.308773
11641 1.058169 9.887406
7933 1.118564 4.744209
9770 1.140735 2.856177
8417 1.087838 7.360834
9194 1.129850 3.783133
10007 1.097553 6.533521
15045 1.121942 4.456578
20228 1.142489 2.706781
18814 1.116497 4.920247
13631 1.147178 2.307484
21035 1.058200 9.884777
15601 1.160044 1.211839
16434 1.061540 9.600340
19626 1.135200 3.327504
19544 1.144433 2.541277
19635 1.102529 6.109747
24674 1.092626 6.953081
20010 1.094040 6.832663
20292 1.126028 4.108577
