12 1.061279 9.622569
12 1.075859 8.380974
12 1.118841 4.720639
13 1.099511 6.366786
13 1.114104 5.124086
13 1.129141 3.843474
13 1.149106 2.143304
13 1.107825 5.658784
13 1.081580 7.893728
13 1.122785 4.384796
6 1.131829 3.614616
15 1.125856 4.123263
15 1.059606 9.765009
15 1.075116 8.444252
15 1.067793 9.067846
15 1.102002 6.154660
16 1.102373 6.123002
11 1.130124 3.759768
17 1.095684 6.692650
17 1.068398 9.016308
17 1.064158 9.377393
19 1.100263 6.302738
11 1.072472 8.669397
20 1.059324 9.789058
20 1.115455 5.008970
12 1.078114 8.188923
11 1.065373 9.273899
14 1.103903 5.992769
23 1.106227 5.794875
17 1.059461 9.777345
24 1.099727 6.348356
23 1.107239 5.708698
13 1.085063 7.597175
20 1.083420 7.737065
15 1.085341 7.573484
23 1.078248 8.177480
12 1.059534 9.771209
22 1.061713 9.585580
17 1.127649 3.970574
20 1.081470 7.903086
20 1.141960 2.751857
28 1.063082 9.469014
23 1.070605 8.828356
24 1.120675 4.564488
15 1.069205 8.947602
33 1.101417 6.204469
17 1.082273 7.834704
34 1.111635 5.334320
35 1.075843 8.382286
19 1.082581 7.808476
23 1.081648 7.887991
36 1.128365 3.909573
16 1.106533 5.768786
35 1.079755 8.049155
28 1.096872 6.591545
22 1.064869 9.316812
21 1.121971 4.454115
17 1.091004 7.091210
21 1.117050 4.873185
16 1.088745 7.283579
16 1.075441 8.416518
9 1.095198 6.734021
26 1.124524 4.236708
30 1.120105 4.613047
25 1.101591 6.189656
35 1.085994 7.517870
15 1.105162 5.885554
24 1.083266 7.750201
13 1.065010 9.304796
13 1.081716 7.882144
47 1.079223 8.094457
41 1.119124 4.696547
12 1.074982 8.455640
16 1.106215 5.795854
45 1.095756 6.686543
44 1.077466 8.244121
42 1.061440 9.608822
46 1.116179 4.947315
13 1.092893 6.930312
16 1.069174 8.950269
25 1.125270 4.173142
40 1.120513 4.578276
39 1.125365 4.165067
36 1.082213 7.839855
53 1.097320 6.553332
30 1.076491 8.327130
16 1.104426 5.948238
29 1.062209 9.543338
40 1.115458 5.008746
41 1.073274 8.601104
13 1.069373 8.933307
47 1.080697 7.968976
25 1.079853 8.040848
39 1.122646 4.396649
13 1.096924 6.587057
42 1.058338 9.872997
46 1.132076 3.593548
44 1.083985 7.688928
37 1.082029 7.855539
22 1.127877 3.951173
26 1.124516 4.237363
9 1.081885 7.867785
40 1.122289 4.427052
12 1.074590 8.489031
13 1.096537 6.620050
36 1.066627 9.167155
17 1.124282 4.257291
12 1.100833 6.254169
19 1.068624 8.997051
57 1.076951 8.287980
21 1.108524 5.599249
38 1.114968 5.050486
55 1.068511 9.006657
20 1.084276 7.664159
9 1.081774 7.877221
13 1.079894 8.037320
46 1.095024 6.748868
30 1.089572 7.213125
42 1.113510 5.174663
16 1.121846 4.464751
15 1.117043 4.873777
39 1.091279 7.067803
36 1.082675 7.800531
47 1.101660 6.183774
20 1.110259 5.451488
35 1.099303 6.384495
28 1.099411 6.375290
56 1.124444 4.243489
12 1.064230 9.371266
13 1.114611 5.080874
38 1.130430 3.733725
52 1.143162 2.649496
44 1.111568 5.339966
41 1.081079 7.936431
40 1.084295 7.662586
13 1.094744 6.772686
23 1.110035 5.470519
30 1.120228 4.602523
16 1.063787 9.408996
29 1.081074 7.936857
11 1.106478 5.773469
13 1.061279 9.622551
44 1.076141 8.356940
47 1.108788 5.576714
15 1.131825 3.614958
26 1.112045 5.299358
36 1.103410 6.034766
8 1.068326 9.022446
20 1.113397 5.184249
55 1.128714 3.879911
35 1.091777 7.025425
31 1.083705 7.712773
33 1.063610 9.424025
43 1.076001 8.368837
9 1.079525 8.068798
52 1.132534 3.554536
37 1.075829 8.383474
13 1.119942 4.626881
31 1.107259 5.706916
29 1.101537 6.194246
55 1.110153 5.460522
26 1.058768 9.836377
25 1.125043 4.192479
48 1.102226 6.135532
40 1.123731 4.304222
36 1.123429 4.329909
23 1.103001 6.069521
38 1.124131 4.270166
19 1.123850 4.294094
35 1.075170 8.439584
42 1.089906 7.184761
33 1.059251 9.795261
34 1.127822 3.955847
33 1.072524 8.664982
39 1.067485 9.094058
27 1.120622 4.569002
29 1.107361 5.698287
30 1.116766 4.897358
47 1.115670 4.990718
42 1.128121 3.930335
36 1.098399 6.461443
39 1.094142 6.823997
41 1.092890 6.930609
51 1.114013 5.131783
46 1.135994 3.259917
38 1.095664 6.694414
62 1.076434 8.331980
37 1.096196 6.649060
42 1.084044 7.683956
44 1.093039 6.917876
35 1.070555 8.832647
37 1.128982 3.857040
46 1.125714 4.135362
38 1.128439 3.903320
42 1.112886 5.227745
47 1.134532 3.384427
54 1.111542 5.342202
41 1.094453 6.797504
38 1.100066 6.319470
69 1.140808 2.849959
