8 1.079902 8.036642
12 1.082486 7.816608
15 1.081216 7.924713
15 1.116924 4.883860
15 1.108266 5.621192
15 1.125497 4.153836
15 1.105590 5.849083
15 1.108590 5.593583
15 1.104637 5.930213
17 1.073178 8.609291
17 1.114162 5.119085
17 1.121349 4.507057
17 1.110235 5.453504
17 1.124871 4.207101
17 1.140386 2.885935
19 1.106338 5.785366
18 1.130357 3.739969
19 1.088230 7.327438
19 1.134703 3.369881
19 1.140903 2.841850
19 1.082437 7.820790
19 1.126069 4.105132
15 1.076150 8.356151
21 1.111537 5.342654
19 1.109276 5.535233
21 1.118153 4.779253
22 1.088073 7.340793
21 1.099965 6.328107
23 1.134505 3.386700
24 1.084353 7.657613
24 1.089151 7.249042
23 1.153256 1.789918
24 1.122416 4.416211
24 1.114298 5.107563
15 1.069348 8.935432
15 1.122329 4.423624
12 1.141648 2.778407
15 1.118103 4.783523
15 1.071704 8.734799
26 1.083840 7.701316
15 1.114612 5.080758
19 1.099388 6.377243
29 1.126901 4.034272
26 1.133546 3.468401
27 1.116979 4.879217
15 1.101068 6.234213
15 1.081443 7.905428
22 1.110562 5.425654
12 1.073344 8.595116
18 1.108131 5.632672
19 1.132659 3.543914
15 1.123907 4.289225
17 1.128155 3.927473
22 1.124158 4.267830
28 1.124830 4.210669
33 1.116185 4.946810
30 1.093245 6.900339
21 1.062514 9.517429
32 1.128329 3.912666
22 1.140970 2.836204
24 1.095791 6.683571
15 1.099303 6.384497
33 1.126589 4.060867
17 1.123004 4.366149
25 1.065546 9.259184
15 1.078633 8.144724
23 1.089934 7.182375
26 1.101794 6.172393
10 1.102137 6.143120
27 1.111103 5.379567
38 1.131893 3.609140
33 1.095476 6.710357
24 1.074183 8.523637
17 1.145455 2.454256
33 1.068911 8.972671
19 1.131638 3.630861
36 1.056936 9.992426
36 1.069995 8.880320
12 1.116241 4.942037
39 1.103669 6.012706
17 1.083511 7.729329
12 1.088595 7.296385
17 1.152632 1.843031
16 1.080755 7.963997
12 1.100061 6.319972
22 1.069112 8.955475
12 1.082179 7.842764
39 1.140289 2.894187
15 1.133375 3.482977
17 1.067160 9.121747
18 1.070448 8.841736
22 1.117452 4.838965
24 1.088756 7.282648
17 1.151329 1.954008
22 1.075847 8.382010
12 1.109576 5.509635
10 1.088759 7.282375
22 1.122257 4.429773
15 1.100641 6.270509
15 1.124197 4.264524
17 1.079495 8.071288
15 1.135337 3.315840
29 1.139922 2.925446
34 1.152421 1.861048
30 1.124806 4.212666
17 1.068179 9.034955
26 1.134066 3.424117
42 1.080234 8.008395
31 1.066165 9.206487
28 1.144488 2.536596
17 1.122102 4.442909
17 1.111608 5.336614
29 1.064543 9.344609
36 1.098918 6.417230
21 1.129770 3.789981
22 1.106903 5.737287
29 1.058628 9.848359
24 1.115231 5.028105
30 1.069138 8.953294
22 1.117333 4.849072
17 1.128776 3.874629
17 1.115554 5.000580
44 1.137164 3.160255
39 1.146610 2.355852
22 1.114765 5.067745
17 1.083852 7.700272
15 1.125014 4.195000
41 1.081330 7.915054
31 1.121622 4.483850
15 1.088226 7.327753
25 1.127518 3.981739
12 1.083877 7.698172
19 1.064269 9.367945
17 1.090685 7.118376
17 1.139101 2.995287
37 1.077436 8.246653
15 1.112798 5.235234
19 1.110427 5.437204
45 1.127056 4.021048
26 1.144137 2.566440
29 1.144130 2.567055
17 1.125841 4.124565
14 1.125676 4.138596
15 1.061140 9.634412
21 1.085806 7.533870
12 1.115844 4.975895
17 1.067544 9.089038
17 1.105310 5.872925
30 1.140169 2.904361
15 1.112183 5.287633
19 1.094676 6.778549
17 1.073208 8.606721
17 1.122897 4.375278
40 1.136513 3.215746
15 1.062936 9.481472
12 1.089417 7.226386
15 1.112104 5.294344
33 1.088385 7.314254
44 1.072151 8.696742
17 1.125765 4.131004
17 1.108216 5.625469
35 1.116984 4.878817
26 1.101548 6.193302
32 1.070822 8.809854
46 1.129788 3.788415
46 1.106226 5.794886
27 1.128829 3.870082
15 1.103428 6.033183
15 1.088954 7.265830
30 1.135356 3.314236
15 1.121409 4.501916
22 1.138129 3.078116
26 1.105544 5.852991
19 1.153242 1.791096
19 1.083420 7.737050
17 1.132404 3.565635
39 1.100697 6.265772
17 1.114781 5.066400
24 1.133114 3.505193
24 1.076734 8.306430
24 1.122514 4.407836
32 1.059425 9.780430
22 1.110711 5.413024
32 1.081500 7.900596
29 1.133481 3.473958
43 1.134109 3.420416
23 1.112666 5.246513
39 1.121171 4.522266
29 1.134828 3.359199
34 1.094477 6.795499
43 1.100095 6.317020
36 1.118267 4.769547
32 1.105163 5.885417
37 1.094619 6.783343
34 1.142376 2.716441
37 1.076491 8.327126
40 1.139664 2.947360
45 1.085455 7.563730
43 1.156976 1.473108
45 1.089082 7.254877
