9 1.063229 9.456495
12 1.064787 9.323821
13 1.098670 6.438368
13 1.096386 6.632898
14 1.126356 4.080704
16 1.067066 9.129771
16 1.129950 3.774642
17 1.149105 2.143395
17 1.111682 5.330323
17 1.142593 2.697939
18 1.123914 4.288657
18 1.104178 5.969371
18 1.094131 6.824884
18 1.118005 4.791796
18 1.146572 2.359060
18 1.078882 8.123536
19 1.136989 3.175185
19 1.127961 3.943961
19 1.122525 4.406938
19 1.073587 8.574434
20 1.148381 2.205052
20 1.126442 4.073364
13 1.130339 3.741483
20 1.057942 9.906779
20 1.133322 3.487416
20 1.112421 5.267347
21 1.132148 3.587395
21 1.133015 3.513631
22 1.131794 3.617599
22 1.081211 7.925138
22 1.145110 2.483585
22 1.122470 4.411575
22 1.100125 6.314523
22 1.143746 2.599749
23 1.133258 3.492879
24 1.125974 4.113238
24 1.085622 7.549563
24 1.124941 4.201201
24 1.155607 1.589694
23 1.118093 4.784335
24 1.116302 4.936847
18 1.071542 8.748596
19 1.097158 6.567147
22 1.144425 2.541951
25 1.097942 6.500363
25 1.118226 4.772977
16 1.137312 3.147650
15 1.065294 9.280668
8 1.076467 8.329169
17 1.135079 3.337836
18 1.074273 8.516041
14 1.071365 8.763656
28 1.138238 3.068815
17 1.061919 9.568074
17 1.104961 5.902631
15 1.118779 4.725924
29 1.150923 1.988609
29 1.144896 2.501805
19 1.057125 9.976322
15 1.131936 3.605518
19 1.121485 4.495489
19 1.165479 0.749001
10 1.066949 9.139751
17 1.116227 4.943264
17 1.091560 7.043833
15 1.132764 3.535010
16 1.126537 4.065229
19 1.060700 9.671883
31 1.117610 4.825486
13 1.084608 7.635889
14 1.065974 9.222722
16 1.063601 9.424847
24 1.073255 8.602672
19 1.141946 2.753086
9 1.068486 9.008788
19 1.131632 3.631420
26 1.138527 3.044219
35 1.113900 5.141449
20 1.059834 9.745602
23 1.137708 3.113967
13 1.067989 9.051187
24 1.141060 2.828533
18 1.104342 5.955346
22 1.129468 3.815631
24 1.122921 4.373211
19 1.107561 5.681276
17 1.063344 9.446702
17 1.124748 4.217639
18 1.131173 3.670477
13 1.150068 2.061385
15 1.139200 2.986923
16 1.072095 8.701472
25 1.062396 9.527473
21 1.131999 3.600121
12 1.087242 7.411627
27 1.150042 2.063572
23 1.131433 3.648311
10 1.110042 5.469949
25 1.141962 2.751721
23 1.078059 8.193588
20 1.121716 4.475771
22 1.074060 8.534176
11 1.091271 7.068518
16 1.127496 3.983553
16 1.123980 4.282986
13 1.088550 7.300183
18 1.102923 6.076174
17 1.110537 5.427812
25 1.092719 6.945170
15 1.142428 2.711972
25 1.141300 2.808037
24 1.090493 7.134736
21 1.127490 3.984082
14 1.078049 8.194483
22 1.138662 3.032713
14 1.070106 8.870834
23 1.148425 2.201287
20 1.129822 3.785553
13 1.091692 7.032644
15 1.067070 9.129408
22 1.123408 4.331743
12 1.115868 4.973820
20 1.067991 9.050946
11 1.078616 8.146161
20 1.153513 1.768026
18 1.141629 2.780020
16 1.100106 6.316082
15 1.145173 2.478266
20 1.131844 3.613351
24 1.082703 7.798084
17 1.135726 3.282753
23 1.143068 2.657488
20 1.121887 4.461209
25 1.142142 2.736340
23 1.091448 7.053448
22 1.140308 2.892505
17 1.117575 4.828419
20 1.139884 2.928624
20 1.114766 5.067627
16 1.075968 8.371679
19 1.137959 3.092569
12 1.113431 5.181364
19 1.150765 2.002041
21 1.113940 5.138003
20 1.123218 4.347937
15 1.085820 7.532710
23 1.124184 4.265623
15 1.098704 6.435533
23 1.115965 4.965592
18 1.150667 2.010386
22 1.129147 3.843027
19 1.129879 3.780675
14 1.089029 7.259445
11 1.058387 9.868831
20 1.142653 2.692808
16 1.165826 0.719427
24 1.109638 5.504369
23 1.072685 8.651230
20 1.113422 5.182159
23 1.074005 8.538858
14 1.076119 8.358820
14 1.060154 9.718360
22 1.103838 5.998324
17 1.128906 3.863550
19 1.137011 3.173326
15 1.083589 7.722709
25 1.136820 3.189532
21 1.121849 4.464458
16 1.093880 6.846339
18 1.063858 9.402964
20 1.066558 9.173009
26 1.135737 3.281808
32 1.125608 4.144352
25 1.061516 9.602410
23 1.143167 2.649043
24 1.109669 5.501749
16 1.146869 2.333794
17 1.111824 5.318168
23 1.150826 1.996827
25 1.112819 5.233454
22 1.113771 5.152360
22 1.067468 9.095550
16 1.135466 3.304919
19 1.114764 5.067855
20 1.088006 7.346501
22 1.107926 5.650182
16 1.065270 9.282720
17 1.146383 2.375195
17 1.083940 7.692775
29 1.093861 6.847900
21 1.116391 4.929292
20 1.123821 4.296553
19 1.165777 0.723605
21 1.110397 5.439704
35 1.127438 3.988565
24 1.106386 5.781273
27 1.151453 1.943472
32 1.129653 3.799867
33 1.129749 3.791694
20 1.075658 8.398055
