12 1.057640 9.932483
12 1.093259 6.899200
13 1.081415 7.907844
15 1.098901 6.418749
15 1.122859 4.378448
15 1.151237 1.961842
15 1.157206 1.453513
16 1.061285 9.622049
16 1.127778 3.959596
16 1.148551 2.190601
16 1.067178 9.120183
19 1.106920 5.735815
19 1.132678 3.542333
19 1.144642 2.523418
19 1.118540 4.746269
19 1.142250 2.727195
19 1.087359 7.401610
19 1.110452 5.435044
20 1.080358 7.997788
20 1.134091 3.421993
21 1.102816 6.085316
21 1.105613 5.847146
21 1.147952 2.241568
21 1.130059 3.765372
21 1.073614 8.572166
23 1.130278 3.746678
23 1.142852 2.675894
23 1.096829 6.595185
23 1.111328 5.360406
23 1.145471 2.452883
24 1.132735 3.537410
24 1.123752 4.302426
24 1.119420 4.671343
16 1.078079 8.191877
16 1.120977 4.538744
25 1.126932 4.031622
15 1.111585 5.338564
25 1.139294 2.978928
19 1.106232 5.794412
25 1.117200 4.860410
25 1.127852 3.953304
25 1.102184 6.139154
20 1.108823 5.573730
27 1.110634 5.419585
27 1.113414 5.182809
27 1.149534 2.106884
27 1.147367 2.291422
17 1.074869 8.465223
17 1.132143 3.587854
15 1.087861 7.358837
28 1.142595 2.697767
28 1.082722 7.796545
28 1.133011 3.513973
28 1.091205 7.074080
16 1.123420 4.330674
29 1.113686 5.159641
9 1.152213 1.878746
16 1.148834 2.166500
16 1.151306 1.955961
24 1.148582 2.187934
21 1.156694 1.497133
21 1.061982 9.562712
16 1.083611 7.720822
21 1.141637 2.779330
17 1.121870 4.462661
16 1.072260 8.687421
15 1.072545 8.663137
27 1.127676 3.968301
24 1.145392 2.459596
12 1.150960 1.985388
20 1.073072 8.618294
19 1.122869 4.377652
20 1.115970 4.965175
20 1.109514 5.514921
31 1.149610 2.100413
31 1.077196 8.267104
17 1.114859 5.059763
24 1.127319 3.998661
20 1.096519 6.621566
27 1.136388 3.226327
19 1.130257 3.748505
19 1.076155 8.355714
20 1.100633 6.271257
21 1.133101 3.506241
25 1.123941 4.286366
32 1.134132 3.418460
24 1.130893 3.694293
24 1.139576 2.954895
27 1.108026 5.641677
20 1.061401 9.612213
20 1.095635 6.696812
29 1.079951 8.032464
23 1.095694 6.691831
27 1.077659 8.227671
28 1.094874 6.761655
21 1.143143 2.651083
29 1.121922 4.458238
20 1.100807 6.256389
28 1.133522 3.470438
19 1.116841 4.890946
27 1.085073 7.596315
12 1.061056 9.641563
25 1.124926 4.202438
12 1.111203 5.371059
16 1.110468 5.433707
15 1.130811 3.701310
15 1.113673 5.160730
16 1.084317 7.660666
27 1.072341 8.680501
37 1.157103 1.462316
21 1.130282 3.746332
21 1.139687 2.945447
15 1.092955 6.925103
15 1.086033 7.514531
19 1.114502 5.090130
24 1.131350 3.655370
32 1.130312 3.743756
21 1.085690 7.543765
31 1.148714 2.176696
20 1.133499 3.472417
19 1.137670 3.117209
19 1.106657 5.758229
17 1.059439 9.779286
9 1.083671 7.715666
24 1.142504 2.705502
21 1.133183 3.499291
24 1.116988 4.878473
23 1.126843 4.039184
16 1.079091 8.105698
17 1.079797 8.045629
15 1.146760 2.343134
20 1.139160 2.990297
23 1.101265 6.217411
24 1.152591 1.846546
23 1.113665 5.161462
25 1.140721 2.857340
31 1.121556 4.489428
21 1.117905 4.800392
20 1.119334 4.678676
13 1.092085 6.999181
11 1.101187 6.224064
17 1.096385 6.633014
25 1.094062 6.830800
31 1.142473 2.708155
23 1.107073 5.722784
25 1.091714 7.030732
27 1.060453 9.692904
23 1.154137 1.714912
35 1.062813 9.491933
27 1.135536 3.298891
13 1.088650 7.291646
31 1.125724 4.134504
21 1.108049 5.639707
23 1.092613 6.954214
24 1.130894 3.694227
21 1.100125 6.314509
20 1.067460 9.096187
25 1.140171 2.904213
21 1.071572 8.745985
16 1.082223 7.838957
31 1.151292 1.957130
24 1.135402 3.310362
21 1.137710 3.113790
19 1.111828 5.317855
25 1.138300 3.063502
24 1.133553 3.467813
28 1.117121 4.867141
19 1.146363 2.376935
28 1.138160 3.075472
17 1.127801 3.957619
17 1.142215 2.730177
20 1.124071 4.275249
26 1.145921 2.414540
21 1.129998 3.770528
16 1.120094 4.613925
23 1.148257 2.215581
25 1.079239 8.093139
17 1.072609 8.657698
28 1.126009 4.110240
17 1.071087 8.787336
23 1.132658 3.543975
27 1.138597 3.038223
35 1.122219 4.432939
16 1.069091 8.957285
23 1.078304 8.172764
29 1.153100 1.803220
32 1.137387 3.141255
29 1.122920 4.373258
21 1.136262 3.237105
29 1.134016 3.428317
23 1.141214 2.815420
27 1.107363 5.698113
23 1.138535 3.043502
25 1.113774 5.152110
22 1.117660 4.821259
25 1.145713 2.432283
27 1.146190 2.391638
31 1.112520 5.258951
28 1.111301 5.362748
35 1.134471 3.389590
