9 1.088187 7.331071
9 1.143200 2.646282
13 1.123758 4.301903
13 1.082691 7.799180
15 1.109398 5.524777
16 1.073770 8.558851
16 1.089727 7.199940
16 1.111162 5.374543
17 1.122369 4.420172
17 1.112211 5.285231
17 1.118387 4.759310
18 1.145019 2.491325
19 1.122131 4.440444
19 1.129847 3.783385
19 1.111316 5.361472
20 1.060365 9.700386
20 1.104264 5.962034
20 1.124953 4.200194
20 1.126610 4.059073
23 1.144339 2.549225
21 1.121486 4.495390
21 1.147632 2.268808
21 1.123280 4.342610
21 1.129020 3.853780
21 1.128988 3.856568
23 1.149764 2.087269
23 1.117079 4.870692
19 1.091645 7.036670
23 1.109489 5.517040
23 1.110376 5.441514
23 1.099802 6.341957
23 1.143198 2.646422
24 1.132690 3.541245
24 1.104586 5.934544
24 1.123070 4.360482
24 1.062659 9.505015
25 1.122221 4.432804
25 1.087621 7.379288
25 1.113873 5.143723
24 1.082058 7.853048
16 1.120721 4.560529
13 1.077074 8.277487
27 1.153695 1.752477
28 1.133283 3.490752
28 1.120845 4.550016
28 1.154465 1.686915
17 1.074948 8.458532
28 1.142470 2.708421
28 1.101221 6.221127
17 1.156226 1.537018
19 1.095967 6.668560
21 1.128787 3.873659
19 1.113162 5.204239
31 1.060090 9.723794
28 1.144424 2.542061
19 1.123689 4.307793
15 1.078815 8.129239
17 1.097217 6.562095
34 1.149728 2.090338
19 1.116740 4.899592
20 1.115301 5.022108
24 1.150109 2.057880
20 1.101617 6.187437
16 1.081146 7.930679
21 1.097041 6.577115
21 1.142785 2.681603
34 1.132659 3.543953
16 1.063051 9.471629
23 1.141666 2.776892
24 1.146761 2.342992
19 1.104304 5.958581
31 1.145657 2.437063
21 1.130714 3.709552
17 1.106025 5.812046
9 1.109370 5.527220
19 1.126071 4.104930
15 1.069967 8.882721
20 1.127768 3.960469
24 1.127787 3.958833
20 1.145452 2.454458
27 1.090232 7.156975
21 1.074340 8.510288
19 1.062747 9.497540
31 1.122311 4.425108
25 1.076688 8.310385
7 1.096834 6.594760
27 1.145461 2.453680
23 1.130433 3.733501
27 1.119661 4.650830
8 1.073724 8.562770
27 1.095041 6.747428
21 1.098349 6.465722
13 1.074821 8.469355
32 1.143022 2.661416
28 1.103426 6.033412
29 1.058789 9.834637
16 1.092116 6.996537
24 1.138326 3.061341
24 1.150313 2.040528
12 1.145740 2.429913
24 1.127177 4.010743
33 1.134976 3.346631
20 1.145412 2.457891
19 1.140967 2.836425
17 1.135273 3.321319
17 1.071376 8.762699
17 1.130820 3.700534
29 1.132347 3.570462
31 1.145784 2.426172
27 1.125587 4.146202
28 1.086668 7.460439
25 1.135324 3.317008
26 1.151087 1.974621
24 1.064361 9.360086
23 1.080453 7.989757
16 1.113011 5.217136
37 1.157500 1.428479
25 1.134786 3.362813
19 1.138813 3.019847
25 1.102182 6.139347
17 1.102654 6.099095
16 1.121882 4.461656
17 1.121105 4.527855
26 1.135118 3.334498
31 1.134128 3.418814
23 1.094224 6.817044
11 1.096327 6.637948
27 1.099671 6.353160
29 1.151968 1.899615
27 1.126156 4.097689
13 1.078915 8.120713
21 1.113742 5.154867
20 1.062892 9.485247
19 1.086539 7.471445
24 1.129765 3.790402
20 1.060178 9.716314
11 1.154170 1.712057
14 1.083423 7.736771
23 1.076927 8.289990
20 1.099996 6.325457
23 1.125943 4.115864
27 1.144350 2.548316
35 1.094373 6.804273
24 1.088598 7.296084
24 1.145933 2.413482
20 1.071738 8.731857
20 1.106173 5.799412
17 1.140959 2.837107
15 1.099427 6.373909
32 1.137242 3.153641
13 1.083701 7.713119
19 1.127827 3.955392
19 1.136083 3.252366
21 1.058097 9.893503
27 1.103256 6.047832
31 1.129957 3.774049
27 1.118574 4.743356
19 1.099782 6.343720
19 1.091829 7.020986
23 1.129085 3.848247
20 1.147776 2.256600
25 1.143593 2.612810
20 1.097928 6.501589
15 1.102133 6.143476
19 1.071304 8.768861
12 1.057649 9.931715
20 1.112596 5.252473
23 1.132516 3.556102
20 1.076129 8.357939
17 1.111921 5.309949
22 1.145159 2.479465
20 1.098332 6.467188
24 1.141452 2.795078
27 1.119855 4.634252
36 1.070680 8.821998
23 1.132307 3.573937
21 1.146809 2.338893
25 1.106445 5.776298
27 1.081057 7.938311
26 1.150719 2.005926
25 1.140871 2.844565
28 1.147805 2.254080
17 1.135394 3.311050
20 1.106292 5.789292
20 1.131629 3.631611
27 1.100797 6.257240
23 1.150160 2.053579
25 1.118850 4.719845
20 1.129223 3.836515
21 1.073460 8.585222
32 1.143837 2.592042
29 1.138513 3.045388
24 1.147340 2.293712
24 1.141692 2.774686
36 1.093135 6.909721
27 1.146644 2.352969
29 1.158626 1.332578
29 1.120702 4.562170
56 1.145310 2.466554
55 1.131235 3.665148
