11 1.058629 9.848278
13 1.089404 7.227500
13 1.076780 8.302510
15 1.085813 7.533267
15 1.080984 7.944544
16 1.102793 6.087312
16 1.122085 4.444351
16 1.111332 5.360077
16 1.056902 9.995286
16 1.057817 9.917349
17 1.112936 5.223494
17 1.071347 8.765215
19 1.070856 8.806999
19 1.124558 4.233819
20 1.127876 3.951237
23 1.061061 9.641124
19 1.068594 8.999613
15 1.110757 5.409073
16 1.065020 9.303997
25 1.100051 6.320779
16 1.127039 4.022508
20 1.082815 7.788599
18 1.120747 4.558299
17 1.123992 4.281978
24 1.068502 9.007463
19 1.071206 8.777212
15 1.062227 9.541858
24 1.122305 4.425623
13 1.086596 7.466569
16 1.098209 6.477639
25 1.095945 6.670440
15 1.063971 9.393328
16 1.143904 2.586310
18 1.079842 8.041794
7 1.131549 3.638411
11 1.078565 8.150484
13 1.128934 3.861118
23 1.066488 9.178933
16 1.112280 5.279332
21 1.129861 3.782229
32 1.105023 5.897333
15 1.075439 8.416700
34 1.120356 4.591607
13 1.119312 4.680514
28 1.129989 3.771308
42 1.095823 6.680849
15 1.069155 8.951812
28 1.114588 5.082857
40 1.123966 4.284166
36 1.117282 4.853390
11 1.076830 8.298302
15 1.117281 4.853470
38 1.083492 7.730911
16 1.115065 5.042198
33 1.103703 6.009824
47 1.106396 5.780423
32 1.062037 9.558018
39 1.075897 8.377742
39 1.125693 4.137164
9 1.097216 6.562203
28 1.116444 4.924806
32 1.070896 8.803576
38 1.104600 5.933367
44 1.131857 3.612224
24 1.065313 9.279044
19 1.080055 8.023603
20 1.073827 8.553972
29 1.087683 7.374064
29 1.062278 9.537495
20 1.132037 3.596924
32 1.078216 8.180260
30 1.069978 8.881781
20 1.125207 4.178482
19 1.058038 9.898548
16 1.104359 5.953900
37 1.069177 8.949959
41 1.109434 5.521751
16 1.119474 4.666745
13 1.081860 7.869943
42 1.088292 7.322141
39 1.059330 9.788504
49 1.137204 3.156879
9 1.078389 8.165465
52 1.099707 6.350083
13 1.063034 9.473079
30 1.083960 7.691109
46 1.116286 4.938252
35 1.061809 9.577465
31 1.106628 5.760722
33 1.066483 9.179394
9 1.112204 5.285819
15 1.114467 5.093172
40 1.095169 6.736528
13 1.094908 6.758779
16 1.063803 9.407608
54 1.112790 5.235975
42 1.072895 8.633329
42 1.085887 7.526957
12 1.123575 4.317480
36 1.084204 7.670289
12 1.062583 9.511549
20 1.104996 5.899674
20 1.068824 8.980029
20 1.110481 5.432565
9 1.099152 6.397304
39 1.131446 3.647212
15 1.078125 8.188020
44 1.110606 5.421923
31 1.072931 8.630278
33 1.096104 6.656882
40 1.127213 4.007714
16 1.086073 7.511137
47 1.134217 3.411268
52 1.109831 5.487922
16 1.108634 5.589845
33 1.078433 8.161712
37 1.131168 3.670864
17 1.072524 8.664940
43 1.117322 4.850011
20 1.064427 9.354461
46 1.062533 9.515748
39 1.074375 8.507302
31 1.065041 9.302171
49 1.062773 9.495299
26 1.125301 4.170522
12 1.060865 9.657803
19 1.090970 7.094114
19 1.124114 4.271612
29 1.130323 3.742892
51 1.111841 5.316736
13 1.124943 4.201003
40 1.096699 6.606200
16 1.059850 9.744301
11 1.100044 6.321352
47 1.109634 5.504714
29 1.103701 6.009989
36 1.113054 5.213503
32 1.120208 4.604248
35 1.083589 7.722681
11 1.073061 8.619208
35 1.095761 6.686122
19 1.087961 7.350371
15 1.058166 9.887708
13 1.135327 3.316713
25 1.124369 4.249915
40 1.080152 8.015381
12 1.058982 9.818158
12 1.058689 9.843160
17 1.118742 4.729081
12 1.117286 4.853039
19 1.104725 5.922738
35 1.089210 7.244029
41 1.060829 9.660873
15 1.139545 2.957557
40 1.073637 8.570162
48 1.099419 6.374621
39 1.107298 5.703620
34 1.080862 7.954922
48 1.059553 9.769564
29 1.097918 6.502441
20 1.094269 6.813168
39 1.076116 8.359083
45 1.068254 9.028605
36 1.102913 6.077084
55 1.125794 4.128553
57 1.098234 6.475520
42 1.061225 9.627148
25 1.084247 7.666623
26 1.095178 6.735777
32 1.089285 7.237570
42 1.103911 5.992040
32 1.093716 6.860235
25 1.062575 9.512173
21 1.106895 5.737939
45 1.144047 2.574107
44 1.094574 6.787233
29 1.130241 3.749868
40 1.070767 8.814602
38 1.126297 4.085661
32 1.129878 3.780747
34 1.112935 5.223629
39 1.103808 6.000815
30 1.132725 3.538258
36 1.066682 9.162469
32 1.109151 5.545825
43 1.138697 3.029771
40 1.113129 5.207060
38 1.083071 7.766810
36 1.106973 5.731278
43 1.129192 3.839206
40 1.103810 6.000692
43 1.119736 4.644396
48 1.102956 6.073380
58 1.103060 6.064503
57 1.097514 6.536853
37 1.064539 9.344977
51 1.127101 4.017196
44 1.126609 4.059122
51 1.078727 8.136745
59 1.123055 4.361777
