9 1.152993 1.812335
9 1.113347 5.188486
13 1.059456 9.777848
13 1.092604 6.954970
15 1.101625 6.186746
15 1.091462 7.052234
16 1.107283 5.704924
16 1.136537 3.213631
16 1.098333 6.467062
16 1.154000 1.726520
16 1.096852 6.593197
16 1.098596 6.444723
16 1.072202 8.692373
16 1.119759 4.642497
17 1.143943 2.582958
17 1.085584 7.552750
17 1.145816 2.423442
17 1.085654 7.546809
19 1.102129 6.143813
19 1.150231 2.047540
19 1.126035 4.108036
19 1.113960 5.136324
19 1.123267 4.343715
19 1.060938 9.651590
20 1.103237 6.049479
20 1.142582 2.698860
21 1.141053 2.829135
21 1.122244 4.430834
21 1.108591 5.593524
21 1.132075 3.593646
21 1.134779 3.363400
21 1.111401 5.354218
22 1.065482 9.264658
23 1.085237 7.582365
23 1.117187 4.861539
23 1.095186 6.735081
13 1.079430 8.076851
13 1.102019 6.153162
24 1.130070 3.764353
24 1.101098 6.231601
24 1.077718 8.222609
24 1.107123 5.718565
24 1.129623 3.802488
25 1.097297 6.555316
24 1.104338 5.955701
12 1.083471 7.732677
16 1.113647 5.163004
23 1.109237 5.538542
17 1.115246 5.026756
28 1.148451 2.199059
15 1.117768 4.812056
28 1.063568 9.427668
13 1.075760 8.389408
17 1.150798 1.999183
11 1.118608 4.740506
25 1.129980 3.772075
20 1.132044 3.596256
13 1.107756 5.664611
31 1.139822 2.933926
16 1.098124 6.484919
20 1.076449 8.330742
20 1.099362 6.379446
18 1.116824 4.892387
15 1.132571 3.551426
9 1.063867 9.402163
17 1.124684 4.223024
23 1.148321 2.210189
35 1.142783 2.681746
28 1.077464 8.244270
25 1.142929 2.669297
18 1.090570 7.128215
23 1.137199 3.157279
35 1.126858 4.037896
25 1.074948 8.458511
29 1.112398 5.269342
15 1.137760 3.109527
20 1.103801 6.001424
21 1.133637 3.460611
17 1.070260 8.857765
24 1.117383 4.844841
17 1.100223 6.306147
19 1.074533 8.493847
23 1.122993 4.367062
25 1.077317 8.256744
21 1.073429 8.587924
23 1.102811 6.085756
24 1.129385 3.822692
32 1.125459 4.157062
33 1.150204 2.049799
28 1.091273 7.068271
17 1.092007 7.005834
30 1.087898 7.355736
28 1.141184 2.817939
21 1.132963 3.518024
24 1.099620 6.357507
25 1.135085 3.337347
32 1.125045 4.192359
20 1.104440 5.947009
27 1.129687 3.796976
35 1.073834 8.553356
13 1.077624 8.230657
24 1.137501 3.131599
28 1.108751 5.579930
24 1.134560 3.382005
16 1.133106 3.505840
33 1.077795 8.216089
20 1.092186 6.990600
25 1.126797 4.043084
27 1.123832 4.295593
24 1.151065 1.976456
19 1.139484 2.962745
15 1.105720 5.838038
8 1.076763 8.303966
25 1.127656 3.969965
24 1.129893 3.779506
24 1.104781 5.917993
21 1.099554 6.363138
17 1.096036 6.662687
31 1.139971 2.921252
12 1.125828 4.125601
16 1.104624 5.931359
28 1.137856 3.101352
23 1.094473 6.795775
24 1.121416 4.501350
36 1.110968 5.391145
20 1.106789 5.747017
20 1.089461 7.222595
24 1.128430 3.904048
32 1.150054 2.062611
19 1.105618 5.846687
20 1.118638 4.737963
23 1.106125 5.803506
21 1.081182 7.927677
17 1.133006 3.514402
16 1.083717 7.711804
16 1.121651 4.481327
12 1.068592 8.999810
20 1.144323 2.550667
21 1.131089 3.677598
20 1.061976 9.563251
29 1.119401 4.672965
19 1.113125 5.207444
20 1.134604 3.378310
23 1.148167 2.223301
9 1.111443 5.350682
20 1.057363 9.956054
17 1.143554 2.616108
21 1.126656 4.055163
16 1.099617 6.357769
22 1.086276 7.493829
27 1.145142 2.480862
21 1.137135 3.162773
19 1.093446 6.883247
29 1.112108 5.293992
20 1.122026 4.449436
24 1.109791 5.491307
16 1.074221 8.520478
19 1.103605 6.018132
20 1.062701 9.501499
17 1.077738 8.220944
25 1.145954 2.411691
28 1.141747 2.770001
23 1.132999 3.514956
23 1.114305 5.106897
23 1.120597 4.571140
24 1.122250 4.430317
28 1.094054 6.831482
15 1.122188 4.435576
16 1.099579 6.360996
24 1.088343 7.317819
16 1.130001 3.770270
19 1.131216 3.666825
17 1.065796 9.237866
15 1.092179 6.991182
23 1.063020 9.474280
15 1.131136 3.673590
23 1.147494 2.280555
17 1.097166 6.566492
21 1.106067 5.808483
21 1.069708 8.904748
24 1.075715 8.393211
24 1.096743 6.602505
24 1.112382 5.270682
24 1.125102 4.187434
25 1.092296 6.981203
27 1.133319 3.487676
36 1.137655 3.118468
20 1.107618 5.676405
31 1.119836 4.635881
25 1.080511 7.984811
24 1.127244 4.005020
28 1.154646 1.671510
24 1.096472 6.625606
32 1.147557 2.275193
27 1.151191 1.965755
25 1.115942 4.967563
28 1.104153 5.971442
36 1.094700 6.776448
36 1.153976 1.728558
42 1.149279 2.128565
