9 1.124307 4.255132
12 1.066538 9.174706
12 1.077624 8.230681
12 1.099462 6.370975
12 1.082219 7.839336
12 1.115827 4.977282
13 1.104234 5.964537
13 1.109854 5.485969
13 1.125191 4.179885
15 1.057828 9.916438
15 1.069857 8.892071
15 1.095209 6.733155
12 1.093298 6.895900
15 1.101209 6.222203
17 1.086443 7.479667
17 1.080655 7.972509
11 1.115447 5.009687
19 1.115315 5.020929
19 1.108960 5.562101
19 1.099677 6.352645
19 1.064035 9.387855
20 1.072175 8.694717
20 1.132454 3.561389
20 1.076729 8.306837
20 1.101079 6.233209
16 1.082875 7.783511
20 1.109159 5.545132
22 1.109132 5.547437
25 1.070751 8.815966
15 1.065307 9.279552
13 1.083662 7.716425
20 1.126336 4.082414
16 1.099221 6.391489
21 1.091859 7.018409
17 1.131994 3.600569
23 1.112924 5.224572
25 1.111403 5.354086
31 1.063622 9.423006
23 1.057931 9.907658
21 1.076376 8.336890
20 1.120829 4.551355
11 1.096028 6.663379
25 1.125969 4.113645
16 1.134181 3.414333
13 1.100728 6.263149
27 1.107743 5.665742
12 1.094075 6.829663
18 1.065568 9.257352
9 1.163407 0.925437
12 1.112114 5.293507
23 1.087457 7.393237
24 1.102986 6.070871
22 1.121588 4.486694
33 1.092626 6.953073
15 1.069754 8.900858
20 1.107332 5.700716
30 1.065702 9.245879
20 1.111005 5.387933
19 1.101984 6.156209
16 1.093885 6.845859
35 1.096558 6.618249
26 1.092594 6.955805
19 1.135856 3.271690
16 1.128843 3.868928
25 1.102540 6.108859
20 1.131556 3.637810
12 1.061228 9.626926
17 1.098353 6.465375
12 1.075513 8.410432
21 1.082386 7.825125
13 1.066125 9.209903
21 1.100861 6.251834
17 1.124510 4.237838
21 1.129889 3.779842
27 1.130904 3.693344
21 1.132723 3.538492
16 1.127174 4.011047
12 1.059153 9.803640
27 1.090879 7.101880
35 1.073806 8.555758
40 1.102880 6.079888
20 1.110087 5.466150
29 1.141144 2.821339
15 1.066174 9.205753
24 1.097815 6.511193
42 1.064515 9.347012
13 1.058977 9.818570
29 1.097948 6.499867
29 1.064895 9.314615
27 1.094656 6.780220
47 1.124075 4.274896
28 1.113934 5.138563
9 1.144157 2.564769
17 1.062361 9.530441
23 1.118384 4.759523
24 1.139231 2.984225
32 1.092581 6.956948
16 1.123464 4.326913
37 1.073523 8.579863
27 1.091810 7.022615
24 1.116115 4.952823
15 1.095271 6.727833
31 1.135585 3.294710
16 1.064374 9.358962
27 1.072810 8.640561
22 1.089375 7.229957
32 1.095543 6.704691
19 1.127372 3.994156
17 1.086329 7.489345
21 1.089915 7.183969
40 1.115660 4.991554
17 1.114933 5.053458
33 1.131873 3.610842
40 1.066744 9.157167
15 1.071544 8.748384
17 1.113483 5.176929
46 1.139673 2.946613
26 1.074248 8.518136
15 1.059172 9.802027
27 1.081893 7.867096
11 1.114073 5.126694
12 1.102923 6.076221
21 1.119569 4.658670
27 1.061837 9.575027
37 1.119019 4.705524
20 1.132575 3.551109
39 1.093681 6.863204
19 1.095325 6.723254
27 1.116314 4.935843
19 1.117406 4.842832
20 1.103259 6.047608
23 1.109180 5.543356
15 1.064665 9.334232
23 1.104638 5.930200
32 1.097397 6.546816
16 1.121140 4.524888
44 1.089566 7.213692
24 1.085883 7.527338
35 1.138852 3.016528
21 1.131154 3.672082
15 1.084111 7.678239
19 1.131137 3.673545
28 1.109413 5.523501
17 1.122221 4.432827
9 1.084847 7.615532
28 1.060456 9.692687
11 1.093516 6.877267
60 1.145460 2.453834
32 1.058490 9.860098
28 1.085120 7.592316
13 1.105356 5.868977
25 1.110501 5.430904
27 1.101008 6.239293
14 1.080754 7.964059
23 1.077619 8.231037
30 1.104432 5.947740
24 1.092777 6.940267
16 1.059043 9.812953
32 1.131623 3.632120
21 1.130556 3.723004
39 1.103062 6.064349
31 1.117851 4.804946
37 1.112965 5.221028
21 1.105914 5.821470
25 1.142327 2.720634
36 1.102109 6.145541
30 1.129697 3.796156
34 1.069889 8.889324
38 1.122181 4.436212
30 1.072002 8.709373
49 1.066085 9.213282
22 1.140249 2.897523
65 1.139229 2.984453
41 1.138255 3.067327
32 1.112177 5.288160
34 1.132529 3.555029
19 1.126180 4.095706
34 1.120339 4.593060
40 1.116439 4.925203
27 1.148509 2.194110
55 1.083400 7.738730
25 1.094823 6.766002
32 1.148151 2.224655
38 1.120904 4.544987
33 1.074922 8.460757
32 1.060139 9.719677
41 1.130412 3.735230
40 1.098059 6.490406
28 1.115979 4.964339
37 1.098214 6.477186
53 1.119445 4.669182
66 1.101576 6.190936
88 1.121915 4.458885
77 1.126129 4.099986
67 1.107448 5.690865
70 1.127950 3.944928
90 1.133200 3.497846
87 1.100325 6.297409
104 1.118549 4.745479
135 1.076909 8.291509
