12 1.091218 7.072974
12 1.065906 9.228512
13 1.087646 7.377148
13 1.090491 7.134862
13 1.117146 4.864987
15 1.074768 8.473855
15 1.107482 5.687970
15 1.117565 4.829290
15 1.105180 5.884034
16 1.059320 9.789352
16 1.068562 9.002351
17 1.102026 6.152554
12 1.077017 8.282341
19 1.062170 9.546715
20 1.114211 5.114948
20 1.075715 8.393171
20 1.083537 7.727084
13 1.073980 8.540981
20 1.129411 3.820549
20 1.102183 6.139211
21 1.124946 4.200760
23 1.141611 2.781601
16 1.085394 7.568921
24 1.132857 3.527042
24 1.097524 6.535959
25 1.132187 3.584118
15 1.059081 9.809734
16 1.122765 4.386481
29 1.065570 9.257166
19 1.134129 3.418745
30 1.131457 3.646270
24 1.123797 4.298618
22 1.120893 4.545929
15 1.118722 4.730794
17 1.094477 6.795484
33 1.133487 3.473427
21 1.116663 4.906110
21 1.098617 6.442870
24 1.115542 5.001596
26 1.111648 5.333235
29 1.058882 9.826705
16 1.121062 4.531513
12 1.120590 4.571724
33 1.086160 7.503760
20 1.115225 5.028559
11 1.067642 9.080696
24 1.070380 8.847530
27 1.105018 5.897789
12 1.081442 7.905514
28 1.096177 6.650715
17 1.110809 5.404633
15 1.102814 6.085487
12 1.091903 7.014616
32 1.115260 5.025586
28 1.125312 4.169619
28 1.115186 5.031903
12 1.094888 6.760481
24 1.133688 3.456326
16 1.099055 6.405632
22 1.090970 7.094102
19 1.082965 7.775825
30 1.058343 9.872567
33 1.139699 2.944358
31 1.089274 7.238501
11 1.102103 6.146004
15 1.117985 4.793564
37 1.131853 3.612574
30 1.131071 3.679165
17 1.100702 6.265375
12 1.083397 7.739042
16 1.095670 6.693835
42 1.113119 5.207893
26 1.092165 6.992340
16 1.142808 2.679636
19 1.079721 8.052086
40 1.102689 6.096130
19 1.123344 4.337174
26 1.122206 4.434073
30 1.140064 2.913289
13 1.118101 4.783689
21 1.105934 5.819760
38 1.125176 4.181152
13 1.137078 3.167576
30 1.091728 7.029551
26 1.118049 4.788093
24 1.066873 9.146219
12 1.057219 9.968352
13 1.130626 3.717073
45 1.123061 4.361251
12 1.083489 7.731164
17 1.087143 7.420051
18 1.138211 3.071152
25 1.126538 4.065141
12 1.113182 5.202579
25 1.062569 9.512685
29 1.098450 6.457084
24 1.100450 6.286820
31 1.118997 4.707357
39 1.106318 5.787080
37 1.113765 5.152941
37 1.128208 3.922929
37 1.128600 3.889619
42 1.112263 5.280848
16 1.129346 3.826022
21 1.148456 2.198668
13 1.071614 8.742476
30 1.117760 4.812685
15 1.108931 5.564545
24 1.083795 7.705142
12 1.107605 5.677488
32 1.132014 3.598876
19 1.112653 5.247581
29 1.096780 6.599380
19 1.058994 9.817150
16 1.068233 9.030374
30 1.099922 6.331750
40 1.115428 5.011302
25 1.076472 8.328711
13 1.122495 4.409463
19 1.109474 5.518330
55 1.120296 4.596781
21 1.132085 3.592832
13 1.071372 8.763078
13 1.096444 6.627932
15 1.094074 6.829792
30 1.074979 8.455911
17 1.133492 3.472965
20 1.080970 7.945713
24 1.096152 6.652796
9 1.060591 9.681127
22 1.068388 9.017195
44 1.109748 5.495027
18 1.081698 7.883746
43 1.114999 5.047812
11 1.079621 8.060621
15 1.088872 7.272794
29 1.131496 3.642953
25 1.106291 5.789391
20 1.102398 6.120940
24 1.126127 4.100158
15 1.081526 7.898363
31 1.134764 3.364630
15 1.079950 8.032547
20 1.135364 3.313523
16 1.069089 8.957483
25 1.079782 8.046868
22 1.113172 5.203431
11 1.073144 8.612161
15 1.079370 8.081953
18 1.103596 6.018923
61 1.123518 4.322318
12 1.062058 9.556267
53 1.066813 9.151329
39 1.113177 5.202969
15 1.092670 6.949358
24 1.092641 6.951808
53 1.104014 5.983289
11 1.123362 4.335615
47 1.098151 6.482626
44 1.112349 5.273525
28 1.083593 7.722354
20 1.075211 8.436142
27 1.068312 9.023630
13 1.069135 8.953598
21 1.102390 6.121597
26 1.092141 6.994397
31 1.130780 3.703952
28 1.119850 4.634731
31 1.126029 4.108517
23 1.095702 6.691160
33 1.108626 5.590575
22 1.110074 5.467219
22 1.095688 6.692313
25 1.058992 9.817314
23 1.132753 3.535877
36 1.063064 9.470530
26 1.112561 5.255446
57 1.115938 4.967826
38 1.107151 5.716155
55 1.102306 6.128717
32 1.128496 3.898415
28 1.122535 4.406080
48 1.124126 4.270595
39 1.082467 7.818181
35 1.065260 9.283581
39 1.137907 3.096965
35 1.124890 4.205559
37 1.139635 2.949873
67 1.136980 3.175917
59 1.102047 6.150817
51 1.107066 5.723374
47 1.113427 5.181701
70 1.144356 2.547808
74 1.143356 2.633006
79 1.115519 5.003582
66 1.137339 3.145392
74 1.114752 5.068822
95 1.101506 6.196914
83 1.123990 4.282173
167 1.091288 7.066995
