13 1.146591 2.357510
13 1.119260 4.684944
15 1.120194 4.605421
15 1.099878 6.335508
16 1.105903 5.822413
16 1.125219 4.177503
17 1.123006 4.365942
17 1.087062 7.426927
17 1.057135 9.975454
17 1.065556 9.258378
17 1.090677 7.119076
19 1.097348 6.550970
20 1.127967 3.943449
20 1.105006 5.898804
20 1.101982 6.156321
20 1.060068 9.725652
19 1.105388 5.866297
21 1.076703 8.309103
21 1.109859 5.485572
21 1.064529 9.345823
21 1.141130 2.822567
21 1.085552 7.555495
23 1.135436 3.307425
23 1.059151 9.803756
23 1.105132 5.888109
23 1.087830 7.361533
23 1.115423 5.011683
24 1.122425 4.415414
16 1.080992 7.943799
25 1.128374 3.908861
22 1.105724 5.837656
25 1.140080 2.911941
25 1.117232 4.857698
25 1.133527 3.470030
17 1.110602 5.422288
27 1.140080 2.911940
17 1.081936 7.863411
28 1.107033 5.726235
28 1.095239 6.730532
28 1.149759 2.087699
28 1.131662 3.628834
29 1.091990 7.007270
29 1.107921 5.650613
20 1.110755 5.409235
15 1.077065 8.278217
19 1.073071 8.618376
15 1.090205 7.159285
31 1.155991 1.556989
31 1.144057 2.573313
20 1.128639 3.886238
32 1.101243 6.219262
32 1.106640 5.759675
32 1.093034 6.918377
21 1.119652 4.651563
33 1.146896 2.331486
20 1.105516 5.855394
21 1.063138 9.464247
24 1.133792 3.447441
28 1.137659 3.118112
21 1.128838 3.869342
19 1.141720 2.772281
19 1.122273 4.428360
20 1.112032 5.300494
36 1.151371 1.950385
23 1.066607 9.168811
21 1.102656 6.098935
36 1.104185 5.968763
16 1.100339 6.296293
31 1.113840 5.146533
16 1.145435 2.455948
15 1.076310 8.342583
20 1.118787 4.725255
21 1.126751 4.047063
20 1.138396 3.055331
19 1.101466 6.200289
25 1.116727 4.900670
28 1.150263 2.044774
15 1.104085 5.977261
25 1.135662 3.288219
27 1.083119 7.762723
16 1.136795 3.191724
20 1.142528 2.703491
19 1.127236 4.005698
21 1.064734 9.328322
15 1.122484 4.410439
24 1.114810 5.063942
27 1.094001 6.836037
20 1.082495 7.815796
20 1.133333 3.486493
25 1.146839 2.336404
20 1.076801 8.300755
15 1.064886 9.315423
25 1.097080 6.573754
23 1.107004 5.728715
21 1.070789 8.812740
16 1.134233 3.409886
13 1.100511 6.281602
25 1.149644 2.097496
26 1.114678 5.075167
13 1.132999 3.514926
19 1.125424 4.160013
17 1.098776 6.429340
28 1.135134 3.333191
15 1.066133 9.209195
16 1.124036 4.278262
17 1.068669 8.993269
23 1.148454 2.198807
27 1.107971 5.646301
20 1.131309 3.658852
24 1.066871 9.146373
27 1.146123 2.397375
20 1.076173 8.354193
25 1.068385 9.017454
21 1.123379 4.334159
20 1.127489 3.984223
19 1.103497 6.027302
23 1.133746 3.451316
27 1.141778 2.767314
24 1.101335 6.211426
20 1.129392 3.822136
15 1.068081 9.043319
28 1.137339 3.145352
16 1.071179 8.779472
19 1.067008 9.134708
19 1.090929 7.097634
12 1.063835 9.404941
20 1.102949 6.074028
20 1.151187 1.966077
27 1.130058 3.765404
23 1.162124 1.034728
15 1.113431 5.181340
29 1.108306 5.617779
15 1.134307 3.403556
19 1.131710 3.624740
23 1.107046 5.725102
27 1.138678 3.031360
25 1.132973 3.517192
18 1.069788 8.897990
24 1.143955 2.581991
26 1.104368 5.953118
16 1.097807 6.511850
24 1.121316 4.509894
21 1.143532 2.617991
23 1.072431 8.672845
15 1.058624 9.848635
20 1.149873 2.077958
33 1.143209 2.645450
25 1.154627 1.673122
28 1.123989 4.282209
19 1.140774 2.852877
19 1.077231 8.264140
16 1.087505 7.389174
24 1.105728 5.837313
31 1.152905 1.819774
19 1.123367 4.335200
35 1.057273 9.963701
28 1.157190 1.454866
23 1.138945 3.008633
36 1.111210 5.370465
19 1.096581 6.616282
23 1.138217 3.070600
21 1.069696 8.905746
21 1.062398 9.527290
31 1.088231 7.327326
15 1.152469 1.856881
16 1.059356 9.786296
17 1.123510 4.323050
20 1.134772 3.363978
17 1.100436 6.287982
32 1.112649 5.247975
17 1.075777 8.387923
28 1.155229 1.621887
16 1.124524 4.236648
21 1.101424 6.203890
31 1.111340 5.359433
16 1.110494 5.431451
13 1.103562 6.021822
16 1.129269 3.832601
24 1.087288 7.407669
28 1.156289 1.531621
20 1.071307 8.768601
23 1.077175 8.268842
20 1.144527 2.533228
20 1.127910 3.948310
33 1.150372 2.035529
29 1.102892 6.078821
21 1.085619 7.549824
19 1.095089 6.743350
27 1.135572 3.295841
28 1.146096 2.399633
19 1.119913 4.629391
21 1.082401 7.823848
21 1.095987 6.666892
28 1.154316 1.699610
28 1.087753 7.368071
29 1.107848 5.656799
25 1.124550 4.234515
35 1.147173 2.307925
25 1.122243 4.430929
31 1.131449 3.646982
