8 258.175136 3.948595
8 248.885133 7.404845
18 265.760474 1.126548
16 265.070263 1.383334
19 261.568274 2.686213
18 251.920120 6.275709
12 253.788974 5.580421
12 244.191517 9.151056
20 266.609177 0.810797
27 244.193854 9.150187
13 249.937415 7.013354
26 252.034050 6.233323
15 258.379929 3.872404
25 262.164067 2.464554
21 262.462327 2.353589
7 249.447373 7.195669
27 255.322576 5.009860
16 244.636258 8.985595
28 258.842719 3.700227
28 244.829270 8.913787
23 248.945827 7.382264
22 261.818544 2.593102
26 255.176281 5.064288
33 243.455331 9.424947
25 246.754325 8.197590
17 264.332237 1.657909
26 257.491840 4.202808
17 249.955498 7.006626
19 249.831209 7.052867
25 252.016677 6.239786
15 252.821245 5.940455
21 256.724563 4.488266
21 251.847506 6.302725
21 265.866898 1.086954
36 261.872201 2.573140
38 250.918043 6.648521
12 249.231162 7.276108
36 249.970945 7.000879
23 252.888149 5.915564
23 243.402243 9.444698
25 243.893773 9.261829
37 263.232655 2.066997
24 252.298224 6.135040
19 251.178380 6.551666
28 251.475100 6.441274
17 247.955448 7.750725
25 249.072802 7.335025
32 257.861413 4.065312
38 252.850949 5.929404
17 249.226154 7.277972
20 266.287371 0.930521
16 249.000018 7.362103
28 259.372079 3.503285
16 261.783025 2.606317
15 250.426271 6.831480
28 245.220622 8.768188
27 249.618450 7.132022
12 262.408308 2.373687
19 252.404892 6.095355
37 257.943027 4.034949
11 268.283516 0.187876
24 260.343889 3.141732
20 252.741822 5.970003
39 246.691429 8.220990
27 249.651323 7.119792
26 249.326004 7.240823
29 250.478191 6.812164
9 263.374928 2.014065
13 249.338738 7.236086
41 263.135830 2.103020
7 242.130973 9.917660
17 268.553098 0.087580
26 249.006441 7.359713
28 256.290738 4.649665
39 248.402963 7.584231
41 262.006179 2.523295
26 260.080751 3.239630
25 248.676345 7.482522
23 256.169727 4.694687
20 265.796341 1.113204
12 267.732662 0.392815
28 245.803280 8.551416
21 253.055003 5.853488
41 249.117554 7.318375
21 248.396276 7.586719
17 266.876724 0.711258
29 250.793284 6.694937
11 245.561520 8.641361
23 245.333279 8.726276
17 258.311546 3.897845
12 242.697187 9.707007
15 251.321040 6.498591
31 241.966169 9.978974
24 248.755750 7.452980
23 250.268147 6.890309
30 250.335400 6.865288
20 245.207310 8.773141
15 266.173107 0.973032
25 251.493950 6.434261
13 268.393281 0.147039
29 250.565089 6.779835
14 250.814305 6.687116
15 250.598929 6.767245
24 256.573019 4.544646
35 250.429296 6.830355
11 244.997536 8.851185
41 242.118208 9.922410
30 265.300952 1.297508
34 249.567033 7.151151
36 251.871854 6.293666
46 243.445224 9.428707
32 264.958793 1.424805
42 264.084935 1.749915
27 252.232144 6.159624
20 246.746417 8.200532
23 249.094766 7.326853
32 251.951635 6.263984
28 261.431249 2.737191
42 252.542505 6.044157
23 243.239383 9.505288
18 261.749425 2.618817
17 262.230556 2.439817
29 252.879864 5.918646
21 244.863409 8.901086
18 264.170153 1.718210
15 268.391676 0.147636
26 263.021611 2.145514
33 251.275815 6.515416
22 262.601974 2.301635
34 242.993664 9.596705
27 264.913241 1.441752
7 252.446387 6.079917
12 242.354293 9.834577
30 253.833447 5.563875
25 253.819309 5.569136
30 253.983558 5.508028
34 249.216088 7.281716
14 250.449172 6.822960
19 262.312977 2.409154
8 262.001631 2.524987
12 250.904243 6.653656
28 264.387450 1.637367
25 263.872414 1.828981
25 258.460557 3.842407
34 265.181936 1.341787
41 243.553090 9.388577
15 267.175550 0.600083
28 250.214991 6.910085
39 244.697573 8.962783
24 259.683577 3.387395
30 247.378242 7.965468
16 244.494302 9.038408
27 258.800005 3.716119
15 246.316763 8.360381
19 262.441945 2.361172
21 257.843618 4.071933
27 243.950809 9.240609
22 251.685600 6.362960
31 264.722171 1.512838
29 252.141583 6.193316
32 261.882038 2.569480
45 250.294400 6.880541
44 256.591541 4.537755
43 250.178447 6.923681
30 253.045182 5.857141
25 264.940094 1.431761
21 244.979696 8.857823
24 264.612128 1.553778
18 267.370121 0.527695
30 254.619842 5.271305
13 253.721707 5.605447
25 249.337280 7.236628
35 248.441047 7.570062
33 266.012625 1.032738
16 252.368756 6.108799
38 241.961968 9.980537
49 242.082595 9.935659
20 259.528450 3.445108
28 248.010922 7.730086
40 243.394754 9.447484
40 248.692605 7.476473
30 252.239311 6.156957
27 243.406852 9.442983
27 256.699456 4.497606
31 264.737773 1.507033
36 255.312109 5.013755
21 263.632231 1.918339
27 264.801414 1.483356
44 247.647552 7.865274
27 245.571803 8.637535
41 244.280341 9.118010
31 264.377949 1.640902
47 251.856762 6.299281
31 253.010734 5.869957
38 243.252995 9.500224
27 251.631568 6.383062
39 263.983030 1.787827
49 245.156379 8.792090
32 255.654558 4.886350
33 264.488404 1.599808
