7 243.986616 9.227288
8 242.602309 9.742305
8 249.266160 7.263088
8 245.303125 8.737494
11 250.975181 6.627264
11 255.213825 5.050320
12 265.333562 1.285376
12 255.940613 4.779926
12 261.562967 2.688187
13 245.483857 8.670255
12 249.854647 7.044147
12 265.774846 1.121201
17 254.999985 5.129877
16 267.354863 0.533372
13 260.594812 3.048379
17 266.629455 0.803252
13 266.337943 0.911706
20 248.669336 7.485130
19 242.070104 9.940306
19 253.038714 5.859548
16 245.836476 8.539066
19 264.641465 1.542864
19 244.387965 9.077970
34 264.883461 1.452831
12 253.747629 5.595803
22 264.274435 1.679413
21 264.589955 1.562027
25 258.088127 3.980965
24 244.555053 9.015807
28 251.083465 6.586978
32 248.745204 7.456904
25 264.813204 1.478970
33 255.259235 5.033426
25 250.621569 6.758822
25 252.974223 5.883541
31 243.478668 9.416264
37 264.439206 1.618112
40 264.858891 1.461972
22 244.530301 9.025015
14 265.108095 1.369259
36 264.702035 1.520329
42 248.075058 7.706225
33 266.915422 0.696861
36 264.917375 1.440214
37 252.608037 6.019777
12 259.376623 3.501594
13 243.993194 9.224841
34 248.025369 7.724711
7 249.189347 7.291665
13 268.226739 0.208999
33 266.113464 0.995221
31 245.823274 8.543978
13 251.976260 6.254823
13 245.435689 8.688175
13 254.667201 5.253686
12 250.533074 6.791745
19 258.753492 3.733423
38 248.527761 7.537801
12 246.278834 8.374492
14 255.574257 4.916225
41 250.304310 6.876855
39 244.997011 8.851381
37 242.285558 9.860149
46 253.624677 5.641546
39 242.343933 9.838431
34 254.529374 5.304963
28 247.205188 8.029851
42 264.516462 1.589369
19 258.615750 3.784669
20 244.255572 9.127225
12 243.702900 9.332841
32 259.101856 3.603818
8 249.344554 7.233922
failed to find solution after reaching max emtpy limit -- 75 iterations and 36 function evals
failed to find solution after reaching max emtpy limit -- 76 iterations and 34 function evals
28 246.776387 8.189382
43 244.485611 9.041642
10 250.390181 6.844907
11 254.884108 5.172988
12 257.900006 4.050954
14 254.383882 5.359092
19 246.096703 8.442251
7 264.877765 1.454950
failed to find solution after reaching max emtpy limit -- 84 iterations and 39 function evals
43 243.678253 9.342011
37 247.375096 7.966638
17 264.504629 1.593772
16 243.587920 9.375618
33 264.521240 1.587592
20 242.858508 9.646989
13 255.553558 4.923926
18 263.415556 1.998950
55 242.837124 9.654945
28 243.356608 9.461676
46 264.919448 1.439443
13 247.894392 7.773440
53 265.463871 1.236896
14 247.584846 7.888603
34 261.973887 2.535308
33 252.278855 6.142245
63 265.118047 1.365556
11 246.117802 8.434402
24 253.714325 5.608194
15 243.365768 9.458268
17 255.226323 5.045670
12 264.234705 1.694194
failed to find solution after reaching max emtpy limit -- 104 iterations and 46 function evals
10 242.105717 9.927057
39 264.211251 1.702920
22 245.948504 8.497387
11 263.328860 2.031205
30 253.655001 5.630265
52 248.638759 7.496506
17 250.221005 6.907847
31 261.530919 2.700110
8 254.593946 5.280940
26 245.819130 8.545520
27 263.124070 2.107395
16 264.250947 1.688152
24 248.161494 7.674067
55 265.032956 1.397213
13 244.993776 8.852584
13 244.112233 9.180553
19 247.156056 8.048130
29 250.883104 6.661520
45 253.016485 5.867818
41 248.601835 7.510243
74 244.197210 9.148938
19 252.334842 6.121416
13 261.251176 2.804186
16 249.914971 7.021704
19 246.429506 8.318436
41 246.023119 8.469628
9 245.538833 8.649801
failed to find solution after reaching max emtpy limit -- 78 iterations and 31 function evals
35 246.372621 8.339599
37 263.688037 1.897577
14 256.924645 4.413827
20 245.442751 8.685548
15 245.653363 8.607191
20 250.906225 6.652918
7 251.383373 6.475400
63 243.697257 9.334941
57 265.546550 1.206136
27 252.714776 5.980065
11 262.214119 2.445933
29 264.678983 1.528905
15 249.465716 7.188845
9 246.591762 8.258070
56 244.903201 8.886282
9 252.103493 6.207487
55 251.317604 6.499869
29 256.166128 4.696025
17 242.591527 9.746316
10 243.695488 9.335599
36 257.471450 4.210394
16 243.993818 9.224608
48 264.327001 1.659857
18 250.467624 6.816095
64 245.923619 8.506646
36 244.859666 8.902479
33 250.611721 6.762486
failed to find solution after reaching max emtpy limit -- 114 iterations and 50 function evals
62 247.364462 7.970595
30 253.905899 5.536921
25 260.971630 2.908188
50 265.487105 1.228252
58 252.115233 6.203119
28 264.658679 1.536459
69 258.370309 3.875983
38 245.542819 8.648318
64 244.988230 8.854647
74 261.778722 2.607918
33 255.929162 4.784186
50 243.431528 9.433802
39 257.491287 4.203014
42 264.811615 1.479561
42 256.048773 4.739686
55 246.117810 8.434399
41 264.971691 1.420006
42 265.437012 1.246888
50 264.948312 1.428704
51 247.439063 7.942840
71 264.720424 1.513487
82 244.386105 9.078662
82 250.413764 6.836133
92 247.928675 7.760685
91 248.164464 7.672962
86 263.030066 2.142368
98 263.482270 1.974130
78 249.341007 7.235242
90 260.981209 2.904624
117 243.878661 9.267451
110 243.784319 9.302550
115 242.591274 9.746410
106 245.724128 8.580864
171 247.431422 7.945683
176 253.761081 5.590798
194 265.508053 1.220458
failed to find solution in 1200 iterations and 362 function evals
