8 263.072542 2.126565
12 259.463747 3.469180
10 249.430198 7.202059
10 255.876704 4.803703
13 260.894468 2.936895
12 243.502262 9.407487
12 261.681466 2.644101
12 248.281377 7.629466
12 267.412216 0.512034
16 260.553889 3.063604
15 254.389149 5.357132
17 252.896008 5.912640
13 264.014926 1.775961
15 255.063097 5.106397
15 268.022963 0.284812
18 244.427699 9.063187
19 256.320277 4.638676
18 264.103966 1.742834
19 260.222853 3.186763
21 246.352143 8.347218
15 248.592851 7.513585
21 251.760113 6.335238
12 256.344682 4.629596
14 268.460645 0.121977
22 242.333594 9.842278
19 244.627449 8.988872
8 267.063936 0.641608
19 249.926341 7.017474
22 265.062479 1.386229
25 264.176944 1.715684
23 244.813074 8.919813
19 251.944148 6.266770
24 246.405274 8.327451
26 253.992089 5.504854
25 253.664988 5.626549
24 252.096200 6.210201
24 264.381356 1.639634
24 264.446517 1.615392
30 263.375039 2.014024
29 253.314227 5.757046
31 246.615214 8.249345
30 250.433982 6.828611
23 261.571906 2.684861
15 267.840670 0.352632
26 252.339083 6.119838
30 264.911191 1.442515
33 267.086025 0.633390
31 252.488957 6.064079
29 260.071447 3.243092
33 251.359743 6.484191
23 264.427019 1.622646
12 256.453605 4.589073
34 248.110420 7.693069
27 247.304036 7.993076
22 264.282010 1.676595
11 248.671752 7.484231
34 244.002376 9.221424
27 245.738655 8.575460
18 263.023480 2.144818
8 251.438141 6.455025
33 264.919412 1.439456
38 264.814757 1.478392
22 264.775715 1.492917
29 251.962934 6.259781
22 249.360242 7.228085
32 263.336763 2.028264
31 247.184072 8.037707
25 244.001507 9.221748
8 247.462496 7.934122
24 253.530416 5.676615
34 252.399784 6.097255
19 244.570802 9.009947
26 249.840502 7.049409
15 268.014780 0.287856
32 255.794713 4.834206
18 253.999585 5.502065
40 247.798800 7.809004
41 265.231639 1.323295
19 252.346399 6.117116
18 249.933947 7.014644
20 259.442624 3.477039
35 249.835890 7.051125
38 246.138026 8.426878
11 268.343308 0.165631
33 253.835436 5.563135
45 265.216123 1.329068
10 246.179652 8.411391
31 244.513963 9.031094
35 264.646650 1.540934
31 243.466592 9.420757
8 247.064037 8.082365
51 265.075654 1.381328
19 247.545043 7.903412
36 242.710898 9.701906
19 262.284571 2.419722
10 245.407793 8.698553
30 252.449729 6.078674
26 244.083077 9.191400
38 254.264319 5.403574
25 257.083435 4.354751
28 255.057395 5.108518
14 255.622725 4.898193
22 257.115930 4.342661
26 265.209885 1.331389
15 267.984262 0.299210
33 246.259921 8.381528
18 266.948634 0.684505
32 247.695582 7.847405
25 243.341725 9.467213
17 250.903640 6.653880
36 253.942930 5.523144
29 242.901637 9.630943
28 251.282091 6.513081
22 264.828967 1.473105
11 257.589893 4.166328
34 251.884123 6.289102
12 256.129287 4.709732
21 243.404941 9.443694
11 247.179074 8.039567
23 248.757533 7.452317
17 267.401216 0.516126
19 266.932902 0.690358
8 265.688934 1.153163
25 247.331523 7.982849
47 264.795295 1.485632
28 250.477929 6.812261
28 250.346655 6.861101
21 259.516089 3.449707
46 258.755607 3.732636
43 264.329688 1.658857
25 253.204679 5.797802
15 248.117041 7.690605
32 248.309395 7.619042
28 253.352609 5.742766
35 247.474085 7.929811
15 251.930079 6.272004
31 253.154294 5.816547
37 247.175479 8.040904
18 254.232579 5.415382
32 248.968556 7.373808
25 247.694858 7.847674
18 263.953888 1.798670
16 267.747265 0.387383
39 241.934623 9.990711
44 247.023714 8.097367
20 261.663299 2.650860
21 262.910468 2.186863
37 244.649241 8.980765
17 256.855668 4.439489
38 252.675062 5.994841
27 247.523198 7.911539
27 268.624640 0.060964
12 243.266659 9.495140
43 265.025552 1.399968
28 265.229873 1.323952
53 243.431900 9.433664
15 249.762556 7.078408
31 266.009030 1.034075
23 264.778566 1.491857
26 259.073338 3.614428
41 264.152795 1.724668
29 245.036100 8.836838
15 255.999731 4.757932
22 260.257814 3.173756
26 260.101327 3.231975
20 243.053971 9.574269
35 264.585531 1.563673
40 250.198188 6.916336
39 253.660432 5.628244
30 247.979157 7.741904
26 265.202651 1.334080
30 260.077408 3.240874
34 244.405498 9.071447
33 245.078868 8.820927
25 246.408127 8.326389
41 264.628498 1.547688
28 246.901438 8.142858
48 243.753306 9.314088
29 247.414550 7.951960
24 263.994485 1.783566
24 244.944056 8.871082
45 263.608414 1.927199
30 252.776310 5.957173
24 263.954882 1.798300
33 245.305508 8.736608
30 262.018656 2.518653
37 244.662974 8.975656
27 264.609739 1.554667
36 258.680539 3.760565
38 249.602407 7.137991
35 251.457546 6.447805
40 247.627531 7.872723
37 263.757500 1.871734
26 266.689194 0.781027
27 245.814617 8.547199
33 249.741143 7.086375
34 249.654250 7.118703
41 246.146324 8.423790
50 253.280965 5.769421
34 257.758780 4.103496
