10 251.596645 6.396055
9 248.259199 7.637717
9 263.418014 1.998036
11 244.842594 8.908830
12 247.606235 7.880646
12 242.958878 9.609647
12 242.433886 9.804965
15 263.547386 1.949904
14 256.810256 4.456384
14 243.982824 9.228698
17 256.953692 4.403020
15 265.661742 1.163280
15 253.138241 5.822520
15 242.874518 9.641032
15 258.063998 3.989942
16 247.240093 8.016865
18 256.737040 4.483624
20 243.795570 9.298365
17 248.371896 7.595790
21 267.264755 0.566896
20 255.824332 4.823187
21 263.630980 1.918804
18 261.451745 2.729566
21 245.524235 8.655232
22 255.902952 4.793937
22 264.641845 1.542722
22 254.916480 5.160944
23 250.471638 6.814602
22 241.983517 9.972520
13 260.198093 3.195974
16 243.643937 9.354778
24 255.902313 4.794175
23 256.670862 4.508245
23 255.477017 4.952402
23 247.972674 7.744316
11 258.204774 3.937568
7 248.275912 7.631499
11 246.263435 8.380221
24 252.232883 6.159349
23 262.132765 2.476199
20 242.047537 9.948702
25 242.356527 9.833746
24 258.143165 3.960489
27 255.700920 4.869101
29 243.584072 9.377050
9 247.944853 7.754666
11 262.073495 2.498250
14 243.952540 9.239965
24 264.152894 1.724631
28 264.495563 1.597145
24 245.015938 8.844339
26 247.683832 7.851777
26 250.617347 6.760393
15 267.113386 0.623211
25 264.450268 1.613996
21 263.554697 1.947184
29 244.844280 8.908203
13 250.608614 6.763642
8 247.115653 8.063162
30 260.668594 3.020929
11 262.370933 2.387592
24 265.249987 1.316469
27 247.074771 8.078371
29 262.123948 2.479480
12 252.993192 5.876484
22 245.643945 8.610695
15 265.960575 1.052102
31 252.302951 6.133281
23 252.511247 6.055786
19 257.935212 4.037856
12 246.671624 8.228358
29 254.693603 5.243863
29 251.242959 6.527640
35 242.466438 9.792854
19 256.258290 4.661738
25 264.228138 1.696637
21 248.258158 7.638104
21 251.960202 6.260797
18 244.372433 9.083748
13 242.566628 9.755580
19 243.056210 9.573436
24 250.726028 6.719959
20 254.509588 5.312324
25 246.843027 8.164589
22 264.508336 1.592393
20 246.671280 8.228486
17 262.345577 2.397025
22 262.179663 2.458752
13 249.617116 7.132518
8 261.203289 2.822001
32 266.993651 0.667757
16 254.617256 5.272267
21 250.746065 6.712504
13 263.336688 2.028292
26 265.883404 1.080813
27 250.703661 6.728280
31 252.028430 6.235414
19 252.163179 6.185282
22 264.645221 1.541466
17 251.904606 6.281481
25 254.178111 5.435647
7 242.867673 9.643579
8 266.005800 1.035277
15 242.495964 9.781870
15 249.951122 7.008255
22 254.206713 5.425006
38 264.612502 1.553639
29 248.286391 7.627601
17 250.051536 6.970897
20 257.210300 4.307552
20 244.508041 9.033297
23 247.242669 8.015907
19 244.765853 8.937381
21 264.543347 1.579367
37 264.769693 1.495158
24 257.938310 4.036703
11 254.686360 5.246558
11 252.010888 6.241940
16 267.579481 0.449805
13 247.908558 7.768170
31 244.299247 9.110976
20 247.052618 8.086613
12 268.088301 0.260504
13 243.048835 9.576179
22 244.509436 9.032778
26 250.288128 6.882875
25 251.677161 6.366099
25 250.298668 6.878954
28 247.121997 8.060801
14 257.480506 4.207025
41 249.495901 7.177615
16 248.937303 7.385436
12 265.330604 1.286476
24 267.014313 0.660070
7 247.409779 7.953735
14 248.730452 7.462392
12 267.687850 0.409487
20 264.640250 1.543315
13 260.320186 3.150551
26 253.477742 5.696212
20 264.448902 1.614504
26 261.398796 2.749265
28 250.365250 6.854183
29 258.412114 3.860429
12 263.279814 2.049452
17 249.879481 7.034908
38 250.919253 6.648071
21 248.963126 7.375828
7 260.733363 2.996833
27 243.595445 9.372819
12 267.453711 0.496596
26 253.533884 5.675325
27 245.684818 8.595489
9 255.004538 5.128183
10 264.507917 1.592549
34 267.921708 0.322483
21 258.617638 3.783966
26 243.931487 9.247798
10 253.904607 5.537401
34 250.114682 6.947404
12 243.305771 9.480589
33 264.951023 1.427696
28 251.618017 6.388103
13 251.614873 6.389273
16 256.288838 4.650373
13 268.328226 0.171242
32 246.907226 8.140705
19 263.208158 2.076111
24 250.884334 6.661063
34 249.428668 7.202628
15 252.045419 6.229093
29 264.496950 1.596629
39 252.807809 5.945453
25 263.720418 1.885530
33 248.821779 7.428415
24 248.772048 7.446917
23 252.816900 5.942071
24 253.271228 5.773043
36 243.107696 9.554281
21 253.146126 5.819586
20 242.887433 9.636227
24 253.192452 5.802351
35 264.878213 1.454784
24 256.858554 4.438416
17 247.504462 7.918509
17 260.307789 3.155163
44 252.326287 6.124599
24 257.815696 4.082321
33 246.424808 8.320184
20 262.843991 2.211595
29 243.535916 9.394966
24 246.771532 8.191188
27 262.382496 2.383290
28 268.534833 0.094376
23 247.860697 7.785976
30 265.512117 1.218946
29 249.279082 7.258280
30 251.223930 6.534719
35 264.887609 1.451288
41 247.516043 7.914201
