8 262.698753 2.265629
8 250.615298 6.761155
10 252.260406 6.149109
10 242.152294 9.909728
8 249.042745 7.346207
13 257.796286 4.089542
12 257.837551 4.074190
12 251.240248 6.528649
10 264.286429 1.674951
15 242.208728 9.888733
15 266.363472 0.902208
18 264.094774 1.746254
18 248.635033 7.497892
18 249.521026 7.168267
10 248.587639 7.515525
15 268.043167 0.277295
16 268.660902 0.047473
17 243.764757 9.309828
16 268.219789 0.211585
16 268.782543 0.002218
8 253.028873 5.863209
19 249.182101 7.294361
21 253.260190 5.777150
21 265.336630 1.284234
14 264.097492 1.745243
10 261.590397 2.677982
22 251.792319 6.323256
21 268.564981 0.083160
22 256.066004 4.733275
24 257.783351 4.094354
25 255.485717 4.949165
9 247.771082 7.819316
8 253.412068 5.720645
23 256.652706 4.514999
25 267.479925 0.486844
25 262.805177 2.226036
12 254.013619 5.496844
24 249.521790 7.167983
26 258.449916 3.846366
24 258.373213 3.874902
14 248.085887 7.702196
24 251.078023 6.589003
26 255.849463 4.813838
23 264.062374 1.758308
22 255.731163 4.857850
28 243.748475 9.315886
29 265.482589 1.229932
24 252.471897 6.070426
11 253.189989 5.803267
31 246.272817 8.376730
12 254.025862 5.492290
30 266.621432 0.806237
31 256.507458 4.569037
12 267.397466 0.517522
28 249.700442 7.101518
8 252.153841 6.188756
15 248.843052 7.420501
31 246.231540 8.392087
12 260.891345 2.938057
31 256.351865 4.626924
17 242.206257 9.889652
36 264.676288 1.529908
24 250.397337 6.842245
30 244.635386 8.985920
16 259.511904 3.451264
21 264.841335 1.468504
12 262.209810 2.447536
16 268.771016 0.006507
21 255.115334 5.086963
18 248.874614 7.408758
33 264.807473 1.481102
22 244.655391 8.978477
29 248.969855 7.373325
29 243.333665 9.470212
22 254.598443 5.279267
23 250.044437 6.973538
25 265.116113 1.366276
10 268.456702 0.123444
22 264.817165 1.477496
33 264.529353 1.584574
41 264.615312 1.552593
27 264.858484 1.462124
31 242.400471 9.817397
13 254.062705 5.478582
25 246.988706 8.110391
18 268.410914 0.140479
21 249.862860 7.041092
19 258.106992 3.973947
30 245.052692 8.830665
26 264.786611 1.488863
10 268.191162 0.222235
27 244.668817 8.973482
24 264.751995 1.501742
36 265.870029 1.085789
21 264.625962 1.548631
36 253.719551 5.606249
23 264.986246 1.414591
14 263.287233 2.046691
15 242.518295 9.773561
15 268.245280 0.202101
33 245.353061 8.718916
37 242.451148 9.798543
26 259.936017 3.293477
8 262.486469 2.344607
36 252.018092 6.239260
12 265.087444 1.376942
15 242.691776 9.709020
26 243.938067 9.245350
23 250.756291 6.708700
26 257.705998 4.123133
15 268.725834 0.023316
10 259.817238 3.337668
31 252.562497 6.036719
33 247.612001 7.878501
17 247.517896 7.913511
32 257.290360 4.277766
18 255.748088 4.851553
20 242.000237 9.966300
18 260.291052 3.161390
22 263.569127 1.941816
38 250.174565 6.925125
24 254.274741 5.399697
20 261.616158 2.668398
12 245.278187 8.746772
14 242.013940 9.961202
30 264.593769 1.560608
8 242.871458 9.642171
32 264.149640 1.725842
31 265.367184 1.272867
8 244.638824 8.984640
28 248.785621 7.441867
21 243.360119 9.460369
30 248.912034 7.394837
21 245.292626 8.741400
32 253.079061 5.844537
30 243.082735 9.563567
25 246.837154 8.166774
15 264.877449 1.455068
34 254.699949 5.241502
15 242.939206 9.616966
24 259.662780 3.395132
8 242.137448 9.915252
20 264.865757 1.459418
45 243.657222 9.349835
11 244.139449 9.170428
27 247.442267 7.941648
17 246.566696 8.267395
15 252.641746 6.007236
26 244.922412 8.879134
33 242.142694 9.913300
8 250.046386 6.972812
25 258.966397 3.654214
30 254.312807 5.385535
24 257.130365 4.337291
37 267.640792 0.426995
25 253.803307 5.575089
29 263.497483 1.968470
24 243.553372 9.388472
33 242.202342 9.891109
23 258.339923 3.887287
27 264.763443 1.497483
21 264.492743 1.598194
24 247.689497 7.849669
28 253.659543 5.628575
24 241.922112 9.995365
28 249.624503 7.129770
28 256.491662 4.574914
29 254.857251 5.182980
38 254.442087 5.337437
35 247.348788 7.976426
19 262.924136 2.181778
22 266.953672 0.682631
31 248.426714 7.575395
20 245.226078 8.766159
23 243.895661 9.261127
35 255.585081 4.912198
23 255.138520 5.078336
26 264.284803 1.675556
29 244.853461 8.904787
30 254.899148 5.167392
24 247.358663 7.972752
33 264.678787 1.528978
35 253.555446 5.667303
34 253.132381 5.824700
36 256.118964 4.713572
24 245.751715 8.570601
28 265.163336 1.348707
42 243.799907 9.296751
38 251.571996 6.405225
33 255.609984 4.902933
32 262.352505 2.394448
48 244.720500 8.954254
37 252.599903 6.022803
32 254.982418 5.136413
46 253.432559 5.713022
36 265.096094 1.373724
40 251.965017 6.259006
50 245.729022 8.579043
33 243.615753 9.365264
47 246.881716 8.150196
