7 250.695496 6.731318
7 265.757347 1.127711
7 252.381673 6.103993
7 258.269534 3.913475
7 260.669078 3.020749
8 256.067895 4.732572
8 243.771417 9.307350
9 250.582050 6.773524
9 259.703752 3.379889
10 249.996096 6.991523
11 246.340899 8.351401
12 252.548070 6.042087
12 257.614598 4.157137
12 246.036651 8.464593
13 242.441989 9.801950
7 247.355389 7.973970
13 246.259450 8.381703
12 264.429104 1.621870
13 242.471228 9.791072
15 255.782003 4.838935
16 252.464340 6.073238
16 257.352145 4.254780
16 266.127413 0.990032
15 257.114415 4.343225
12 268.211903 0.214519
15 260.724692 3.000059
18 258.442604 3.849086
15 245.724271 8.580811
13 255.475666 4.952905
15 247.585262 7.888449
25 252.664467 5.998783
21 245.899524 8.515610
26 249.540198 7.161135
24 263.565543 1.943149
30 264.422675 1.624262
23 245.971331 8.488895
21 255.626686 4.896719
28 256.813378 4.455223
21 243.671108 9.344669
14 262.540411 2.324539
32 256.805491 4.458157
27 245.367284 8.713624
30 263.345887 2.024870
11 266.416742 0.882390
21 265.262603 1.311775
29 251.153592 6.560888
11 244.759853 8.939613
17 244.410133 9.069723
25 256.601712 4.533971
7 246.922444 8.135043
18 260.577728 3.054735
34 248.137208 7.683103
25 258.758053 3.731726
12 250.256681 6.894575
33 245.241236 8.760519
27 263.501375 1.967022
27 248.178907 7.667589
30 253.133491 5.824287
35 258.158911 3.954631
31 246.013350 8.473262
23 244.254540 9.127609
32 243.111447 9.552885
26 253.732132 5.601569
42 249.598030 7.139619
43 255.291410 5.021455
12 242.967600 9.606402
39 264.115352 1.738598
8 258.466318 3.840263
28 243.021772 9.586248
12 251.020898 6.610256
15 268.474606 0.116783
32 257.263008 4.287942
16 252.141992 6.193164
22 242.824566 9.659617
11 267.382279 0.523172
35 265.663846 1.162497
42 244.255372 9.127300
40 243.281831 9.489496
17 250.234742 6.902737
32 250.319857 6.871070
7 258.921244 3.671013
36 263.553117 1.947772
27 255.488748 4.948038
24 254.608372 5.275572
39 246.683780 8.223835
17 254.168271 5.439308
15 242.998131 9.595044
7 258.137821 3.962477
12 244.906290 8.885133
20 250.408392 6.838132
11 265.343637 1.281628
7 257.753085 4.105614
7 252.946848 5.893725
9 256.161891 4.697602
7 260.834779 2.959102
39 249.668153 7.113530
14 250.317967 6.871774
16 258.212108 3.934840
38 243.980555 9.229543
34 256.609225 4.531176
8 242.214908 9.886433
37 249.331442 7.238800
12 257.205590 4.309304
14 251.287191 6.511184
45 265.238085 1.320897
13 259.758284 3.359601
12 257.711386 4.121128
13 267.723847 0.396095
49 255.366357 4.993572
27 261.503593 2.710277
12 243.904647 9.257784
11 267.199147 0.591304
22 244.901449 8.886934
25 257.398283 4.237615
32 243.379299 9.453234
9 243.058052 9.572751
26 243.017507 9.587835
7 249.593299 7.141379
44 264.300313 1.669786
9 245.349545 8.720224
7 256.160535 4.698106
27 244.833448 8.912233
11 258.714684 3.747861
56 255.837279 4.818370
7 254.489290 5.319876
45 250.062926 6.966659
25 263.425597 1.995215
29 247.024804 8.096961
15 254.193571 5.429895
47 248.815673 7.430687
31 256.251869 4.664126
44 248.273443 7.632418
28 246.629168 8.244154
53 244.985569 8.855637
21 253.053136 5.854182
15 243.996660 9.223551
19 247.040386 8.091164
48 247.674500 7.855248
61 267.353634 0.533829
39 242.289831 9.858559
9 249.116238 7.318865
54 242.462817 9.794201
54 242.870040 9.642698
10 263.095338 2.118084
48 252.217070 6.165232
22 246.663138 8.231515
11 266.367621 0.900665
38 252.038050 6.231834
48 245.389240 8.705456
34 246.617024 8.248671
14 254.559736 5.293667
12 242.490707 9.783825
15 250.463089 6.817783
36 244.055293 9.201737
20 252.759570 5.963400
23 255.084394 5.098473
35 254.953405 5.147207
50 250.253350 6.895814
38 251.536593 6.418397
30 256.535414 4.558637
15 242.937428 9.617627
46 265.451044 1.241668
19 264.562436 1.572265
33 245.317474 8.732156
55 249.068847 7.336496
17 264.186275 1.712212
23 245.979767 8.485756
49 248.199280 7.660009
33 253.813998 5.571111
36 242.210690 9.888003
47 251.684448 6.363388
29 255.732823 4.857232
40 251.294899 6.508316
40 251.360730 6.483824
54 246.140670 8.425894
28 241.960259 9.981173
58 250.608404 6.763720
41 246.067927 8.452957
42 244.118543 9.178206
37 268.162400 0.232936
32 264.320999 1.662089
42 244.914933 8.881917
22 254.112743 5.459966
34 242.494589 9.782381
68 245.080989 8.820138
36 265.584789 1.191909
44 253.928695 5.528440
53 248.677180 7.482212
37 266.053652 1.017474
44 264.569329 1.569701
54 244.585786 9.004373
49 248.918086 7.392585
56 243.591174 9.374408
52 265.095727 1.373860
51 245.204899 8.774038
61 253.905994 5.536885
52 250.374510 6.850737
53 264.528798 1.584780
56 242.803580 9.667424
56 265.641263 1.170899
