10 247.891130 7.774653
10 248.108477 7.693792
10 247.537228 7.906319
14 257.218211 4.304609
12 268.342492 0.165934
13 247.938000 7.757216
16 260.728968 2.998468
18 246.302545 8.365670
19 254.606761 5.276172
12 262.563143 2.316082
15 267.311245 0.549599
17 248.838702 7.422119
17 267.778347 0.375819
18 255.576958 4.915220
18 263.221184 2.071264
10 243.977653 9.230622
23 246.112374 8.436421
11 261.820220 2.592479
22 266.055849 1.016657
17 267.037990 0.651261
24 261.739281 2.622591
25 243.788189 9.301110
25 256.362079 4.623124
8 256.426481 4.599164
28 253.586550 5.655731
15 264.650460 1.539517
29 242.231188 9.880377
28 263.883554 1.824836
30 246.861488 8.157721
16 246.219508 8.396563
32 253.862000 5.553253
30 253.923829 5.530250
27 247.822245 7.800281
30 246.517981 8.285519
32 256.376090 4.617911
28 262.375326 2.385957
26 249.145398 7.308016
34 242.208094 9.888968
28 246.467795 8.304190
36 246.011959 8.473780
21 243.446515 9.428227
28 265.252911 1.315381
32 252.481262 6.066942
34 245.121553 8.805046
31 250.253872 6.895620
35 264.326968 1.659869
30 248.399179 7.585639
8 246.895146 8.145199
13 251.982611 6.252460
23 262.668350 2.276941
34 264.865030 1.459688
35 243.788738 9.300906
10 257.024659 4.376618
22 248.387763 7.589886
28 265.127405 1.362075
37 246.380439 8.336690
37 267.235553 0.577760
18 254.174640 5.436938
28 264.861595 1.460966
11 253.304690 5.760594
27 254.080991 5.471779
17 249.378123 7.221433
34 256.089883 4.724392
41 264.856496 1.462863
24 252.420604 6.089509
8 251.031999 6.606125
17 242.589195 9.747184
33 246.518711 8.285248
15 253.708940 5.610197
23 254.414351 5.347756
19 245.117293 8.806631
44 254.814767 5.198786
12 267.202855 0.589925
28 249.333273 7.238119
18 266.194122 0.965213
28 263.070588 2.127292
20 244.262380 9.124693
28 249.464631 7.189249
43 264.955419 1.426060
24 266.510415 0.847540
47 244.657426 8.977720
13 249.140163 7.309964
36 243.154305 9.536941
30 265.138358 1.358000
8 260.835494 2.958836
19 258.577567 3.798874
10 266.595643 0.815832
36 246.347782 8.348840
23 248.193170 7.662282
17 261.089200 2.864447
26 263.347555 2.024249
24 254.720776 5.233754
38 254.305638 5.388202
10 251.954168 6.263042
29 264.774867 1.493233
27 264.129625 1.733288
21 246.809466 8.177076
27 264.942148 1.430998
39 249.490796 7.179514
31 264.567798 1.570271
26 253.317507 5.755826
37 264.892372 1.449516
24 257.186218 4.316511
24 243.132222 9.545156
19 242.803629 9.667406
38 243.151340 9.538043
20 245.672944 8.599907
27 265.032986 1.397202
23 259.651717 3.399248
25 262.488011 2.344034
13 253.885913 5.544356
47 247.019603 8.098896
24 249.786307 7.069572
39 265.227327 1.324900
18 251.082630 6.587289
33 255.820854 4.824481
39 264.999115 1.409803
34 251.972988 6.256040
26 258.496361 3.829086
38 257.068291 4.360385
42 265.019261 1.402308
14 267.328687 0.543110
22 257.764790 4.101260
18 255.410698 4.977075
28 258.351745 3.882889
26 249.041382 7.346714
28 263.108823 2.113067
14 265.812966 1.107019
28 260.669945 3.020427
20 248.676840 7.482338
25 245.085019 8.818638
19 253.878367 5.547164
37 265.630274 1.174987
15 250.585019 6.772420
27 265.050449 1.390705
8 263.304105 2.040415
34 258.293006 3.904743
13 244.287785 9.115241
41 254.267816 5.402273
34 242.546271 9.763153
12 249.960008 7.004949
41 251.885146 6.288721
38 242.907792 9.628653
36 247.014406 8.100830
32 249.366669 7.225694
17 251.628721 6.384121
37 251.875238 6.292407
42 247.584629 7.888684
13 242.046467 9.949100
39 253.763423 5.589927
17 245.480440 8.671526
25 257.919218 4.043806
20 243.304423 9.481091
41 265.195171 1.336863
31 252.430411 6.085861
12 267.865401 0.343431
26 254.089507 5.468611
43 251.268546 6.518121
26 257.716728 4.119141
43 265.328225 1.287362
22 243.762648 9.310613
23 264.469055 1.607007
52 248.805393 7.434511
23 248.319359 7.615335
32 244.464363 9.049547
35 265.256423 1.314075
19 261.303609 2.784678
26 250.492274 6.806925
27 262.578832 2.310245
19 252.640350 6.007755
19 247.415281 7.951688
28 254.811492 5.200004
30 245.464662 8.677396
24 254.436818 5.339398
35 263.481676 1.974351
30 265.002351 1.408600
27 263.882556 1.825208
51 251.159736 6.558602
31 242.056241 9.945464
43 254.433537 5.340618
43 263.428745 1.994043
26 248.192511 7.662528
27 259.321769 3.522002
34 254.857265 5.182975
49 251.678420 6.365631
37 247.996383 7.735495
38 265.107469 1.369491
38 249.878670 7.035210
25 243.426921 9.435516
44 262.451408 2.357652
31 254.988249 5.134243
33 247.841318 7.793185
45 243.243282 9.503837
46 261.516349 2.705531
45 265.179411 1.342726
56 257.114315 4.343262
77 245.181470 8.782755
58 255.736913 4.855711
failed to find solution after reaching max emtpy limit -- 118 iterations and 59 function evals
107 243.807954 9.293757
