7 243.292408 9.485561
7 259.630747 3.407049
8 255.933674 4.782507
8 255.919495 4.787783
8 248.347243 7.604961
11 246.242908 8.387857
12 268.019110 0.286246
16 263.935817 1.805393
13 250.218204 6.908890
7 242.343486 9.838597
16 262.455277 2.356212
15 244.215196 9.142247
26 250.046483 6.972776
17 268.769873 0.006932
23 251.306286 6.504080
26 252.695556 5.987216
28 251.923772 6.274351
30 244.648578 8.981012
21 268.172562 0.229155
7 244.437371 9.059589
21 246.474174 8.301817
26 247.234684 8.018877
22 249.597623 7.139770
28 260.548633 3.065560
35 248.378462 7.593347
38 257.499054 4.200124
20 244.627102 8.989002
25 250.957975 6.633665
30 261.303810 2.784604
7 253.177680 5.807847
20 263.938603 1.804356
40 247.410696 7.953394
23 265.870504 1.085612
19 257.070892 4.359417
34 253.156070 5.815886
35 250.215688 6.909826
40 250.867489 6.667330
44 245.425412 8.691998
33 253.163884 5.812979
31 265.873804 1.084384
29 255.319180 5.011124
7 244.227857 9.137536
23 261.285074 2.791574
8 258.833045 3.703826
26 260.766385 2.984547
15 245.787260 8.557376
33 246.408543 8.326235
17 257.409652 4.233385
11 255.611101 4.902517
29 256.488402 4.576127
42 249.023074 7.353525
30 250.397310 6.842255
11 254.655800 5.257927
8 243.219807 9.512571
42 259.794413 3.346159
13 268.053001 0.273637
38 242.603741 9.741772
13 245.926720 8.505492
33 257.041099 4.370502
25 247.885974 7.776572
12 243.474640 9.417763
27 243.099103 9.557478
34 247.952866 7.751685
7 244.023328 9.213629
29 251.558561 6.410223
23 260.117903 3.225808
7 258.119172 3.969415
24 251.303662 6.505056
43 247.245679 8.014787
25 242.809084 9.665376
47 247.065170 8.081943
37 265.544603 1.206860
36 253.078899 5.844597
38 249.489059 7.180160
20 246.294454 8.368680
59 245.945173 8.498627
44 246.645146 8.238209
11 266.420905 0.880841
29 258.861034 3.693413
45 243.294056 9.484947
20 252.515763 6.054106
38 252.604064 6.021255
48 260.878382 2.942880
33 250.433787 6.828684
32 242.641512 9.727720
13 254.579561 5.286291
45 243.871563 9.270092
27 248.501414 7.547604
53 249.474326 7.185641
51 249.063056 7.338650
8 254.471858 5.326361
31 257.169880 4.322590
29 263.619634 1.923025
7 243.407426 9.442769
43 265.504958 1.221610
29 249.076024 7.333826
31 247.868778 7.782969
31 264.714671 1.515628
31 243.106146 9.554858
20 247.089996 8.072707
22 244.665335 8.974777
52 244.424190 9.064493
18 250.761146 6.706893
45 252.645054 6.006005
46 243.106759 9.554629
25 250.581904 6.773578
26 250.190461 6.919211
27 250.592001 6.769822
54 251.566028 6.407446
30 246.693816 8.220102
25 253.536281 5.674433
33 243.604783 9.369345
22 263.036833 2.139850
51 253.651316 5.631636
25 249.839074 7.049941
31 251.610391 6.390941
45 243.787148 9.301498
45 255.359100 4.996272
11 244.431516 9.061767
44 267.232730 0.578810
40 243.743565 9.317712
44 245.335615 8.725406
9 252.369017 6.108702
28 262.533519 2.327103
55 253.011415 5.869704
11 268.313079 0.176877
44 247.449360 7.939009
9 243.782003 9.303412
42 247.176553 8.040504
37 243.958910 9.237596
58 258.280203 3.909506
34 263.916189 1.812695
33 248.781649 7.443345
34 258.339818 3.887327
11 255.660820 4.884020
22 253.995421 5.503615
15 246.882063 8.150066
11 267.137936 0.614077
42 261.912090 2.558299
11 257.472667 4.209941
40 245.418570 8.694544
47 250.900424 6.655076
28 250.520495 6.796425
7 261.093073 2.863006
27 266.214928 0.957473
59 248.845185 7.419707
12 254.273605 5.400119
12 245.798850 8.553065
47 266.885807 0.707879
62 249.753276 7.081861
9 253.792063 5.579272
23 244.951462 8.868327
51 247.421355 7.949428
57 251.820789 6.312664
57 251.992886 6.248637
31 253.700875 5.613197
19 250.786695 6.697388
54 266.001486 1.036882
35 242.193086 9.894552
47 244.269871 9.121906
56 250.597986 6.767596
23 245.095373 8.814786
50 244.853790 8.904665
42 251.736744 6.343932
41 247.027497 8.095959
43 256.101270 4.720155
32 250.545289 6.787201
34 242.227869 9.881612
50 253.706474 5.611115
50 250.585257 6.772331
53 261.283570 2.792134
45 243.967364 9.234450
42 249.947872 7.009464
27 253.389275 5.729125
37 245.398978 8.701833
37 246.256310 8.382871
43 251.686123 6.362765
45 248.681502 7.480604
45 244.058735 9.200457
47 260.988826 2.901790
42 245.520119 8.656764
60 254.792010 5.207252
48 253.748103 5.595627
47 259.933958 3.294243
44 267.465955 0.492041
35 256.716277 4.491348
64 251.034902 6.605045
52 250.549935 6.785472
59 245.670306 8.600888
63 256.975006 4.395091
42 265.000645 1.409234
53 242.964017 9.607735
52 265.156805 1.351136
65 249.228341 7.277158
59 265.464566 1.236637
56 243.109047 9.553778
47 249.013235 7.357186
56 260.046594 3.252338
61 263.848164 1.838003
66 262.898704 2.191240
