8 243.082144 9.563787
15 264.478675 1.603428
8 246.113063 8.436165
11 245.079883 8.820549
13 262.130157 2.477170
12 266.056568 1.016389
12 266.702298 0.776152
8 245.626093 8.617337
13 244.088329 9.189446
13 244.052947 9.202610
16 252.820054 5.940898
15 252.223699 6.162766
16 246.448297 8.311444
16 255.922535 4.786652
18 242.903188 9.630366
18 263.891448 1.821900
18 245.223756 8.767022
19 247.325515 7.985085
21 256.065146 4.733595
20 247.794143 7.810736
15 248.348556 7.604473
20 253.795902 5.577844
20 248.518276 7.541330
22 264.203257 1.705894
22 250.720091 6.722167
21 250.620607 6.759180
23 264.415597 1.626895
24 246.918622 8.136465
11 242.254325 9.871769
23 265.066892 1.384588
15 267.962694 0.307234
23 250.789813 6.696228
25 265.086547 1.377275
25 245.747755 8.572074
23 245.656542 8.606009
7 243.894762 9.261461
24 246.846684 8.163229
24 264.450078 1.614067
19 264.612154 1.553768
16 253.624714 5.641532
25 244.696377 8.963228
26 243.151159 9.538111
28 264.167814 1.719080
13 264.475833 1.604485
17 254.287336 5.395011
28 243.415231 9.439866
28 254.770920 5.215098
29 260.717363 3.002785
30 248.935763 7.386008
7 255.010815 5.125848
23 246.953552 8.123470
20 260.386165 3.126004
14 266.735707 0.763722
17 251.147823 6.563034
22 252.557652 6.038522
24 247.780675 7.815747
24 253.477990 5.696120
31 245.866681 8.527829
18 257.520258 4.192235
7 255.112538 5.088003
33 265.331431 1.286169
34 251.493680 6.434362
33 264.875614 1.455751
32 248.642480 7.495121
18 252.739926 5.970709
10 245.382163 8.708089
19 251.363306 6.482866
29 248.021478 7.726159
10 249.443083 7.197265
16 249.091639 7.328017
14 244.566979 9.011370
7 242.669746 9.717216
23 263.836290 1.842421
20 255.682857 4.875822
20 264.354628 1.649578
14 254.779792 5.211798
7 266.455513 0.867966
12 258.273718 3.911918
16 268.162305 0.232971
13 259.120661 3.596822
32 264.281084 1.676939
11 263.996273 1.782900
23 250.023551 6.981308
18 254.559939 5.293592
11 245.768865 8.564220
24 253.881863 5.545863
13 246.175609 8.412895
21 264.430084 1.621506
27 248.814103 7.431271
27 243.045831 9.577297
20 264.111945 1.739866
29 253.801657 5.575703
24 264.822026 1.475687
23 243.109842 9.553483
20 253.628761 5.640027
33 264.264559 1.683087
20 251.799091 6.320737
9 247.574499 7.892453
34 264.878899 1.454529
43 243.766122 9.309320
23 264.271639 1.680454
37 248.273190 7.632512
30 248.198799 7.660188
10 261.365648 2.761597
17 260.089816 3.236258
17 264.518342 1.588670
14 259.514918 3.450143
24 257.000426 4.385634
36 251.935740 6.269898
22 259.002571 3.640756
8 246.732755 8.205615
31 265.010683 1.405500
23 248.195260 7.661505
11 266.871289 0.713280
29 264.049955 1.762929
15 245.237489 8.761913
20 248.824374 7.427449
24 244.239000 9.133391
27 249.207219 7.285016
31 244.043718 9.206044
28 257.304202 4.272617
16 260.719543 3.001974
15 261.490165 2.715272
23 265.299101 1.298197
11 250.938708 6.640833
13 249.562628 7.152790
12 243.781611 9.303558
26 261.541279 2.696256
20 253.100698 5.836487
27 250.148866 6.934686
26 252.337366 6.120477
19 247.381056 7.964421
20 242.914518 9.626151
24 250.422859 6.832750
16 254.312702 5.385574
24 261.533321 2.699216
12 263.405415 2.002723
39 264.911494 1.442402
9 247.106326 8.066632
20 259.070244 3.615579
29 265.083387 1.378451
26 265.014283 1.404160
32 247.365836 7.970084
12 268.063998 0.269545
35 267.334366 0.540997
31 261.525956 2.701957
20 247.029054 8.095380
21 252.309745 6.130753
23 264.477225 1.603967
25 245.198792 8.776310
25 243.910566 9.255581
11 250.944434 6.638703
32 246.987404 8.110875
13 264.891726 1.449756
12 265.046276 1.392258
39 258.628312 3.779995
25 242.543352 9.764239
20 251.475258 6.441215
24 243.045873 9.577281
13 251.785346 6.325850
35 252.772577 5.958561
18 263.266997 2.054220
25 256.411932 4.604577
16 251.276523 6.515153
17 259.373043 3.502926
22 244.621573 8.991059
19 243.483500 9.414467
20 255.412955 4.976236
20 259.596537 3.419777
32 243.644041 9.354739
24 247.730963 7.834242
15 244.273964 9.120383
26 264.552711 1.575884
17 264.561578 1.572585
19 267.620016 0.434724
27 260.008553 3.266491
20 264.742122 1.505415
27 265.073433 1.382154
33 261.937122 2.548987
22 264.397395 1.633667
27 264.128294 1.733783
23 263.822904 1.847401
19 259.040626 3.626598
41 243.147798 9.539361
25 243.457455 9.424157
28 249.329062 7.239686
31 264.801080 1.483480
31 246.746333 8.200563
42 246.507555 8.289398
26 249.313345 7.245533
33 249.897185 7.028321
27 263.988019 1.785971
30 249.510357 7.172237
31 255.206959 5.052874
35 266.502320 0.850551
30 247.747989 7.827908
39 246.381167 8.336420
40 255.900929 4.794690
28 248.773119 7.446518
41 256.225354 4.673991
