196 254.263897 5.403731
27 265.270875 1.308698
61 246.001701 8.477596
55 242.457127 9.796318
66 241.979976 9.973838
128 251.570340 6.405841
68 249.514082 7.170851
231 245.401749 8.700802
169 253.948801 5.520959
7 245.790879 8.556030
49 247.974959 7.743466
65 256.375559 4.618109
57 259.214440 3.561932
8 258.848177 3.698197
165 260.497182 3.084701
52 242.077565 9.937531
112 265.122745 1.363808
9 250.192276 6.918536
207 267.636312 0.428661
24 242.278192 9.862889
110 250.296784 6.879655
139 248.608038 7.507935
105 247.617535 7.876442
99 253.125295 5.827336
147 248.077901 7.705167
120 243.760083 9.311567
166 247.884947 7.776954
136 252.750817 5.966657
161 241.924858 9.994343
319 247.829772 7.797481
234 248.715769 7.467855
197 253.936151 5.525666
252 246.148612 8.422939
211 251.408826 6.465931
204 242.442928 9.801601
230 250.282946 6.884803
224 252.703652 5.984204
255 263.565944 1.943000
274 248.989953 7.365848
294 254.158245 5.443038
319 255.577321 4.915085
479 257.325141 4.264827
514 258.215437 3.933601
541 247.574803 7.892340
718 257.577281 4.171020
696 242.975553 9.603443
833 266.743843 0.760696
915 252.214406 6.166223
7 243.831561 9.284974
113 256.997890 4.386577
60 246.052794 8.458587
101 263.932202 1.806738
155 248.578340 7.518984
156 248.333853 7.609943
154 246.345245 8.349784
331 260.639578 3.031724
51 242.760838 9.683326
7 246.978365 8.114238
51 264.314268 1.664594
162 260.499799 3.083728
142 247.188235 8.036158
194 268.458717 0.122694
34 247.040865 8.090986
76 244.261611 9.124979
81 245.470312 8.675294
14 265.392769 1.263349
193 253.247205 5.781981
15 258.298228 3.902800
17 245.386696 8.706402
233 259.535978 3.442307
36 243.792482 9.299513
33 249.811099 7.060349
240 258.292544 3.904914
91 247.677170 7.854255
136 261.574524 2.683887
95 260.016175 3.263655
105 246.040173 8.463283
236 261.263780 2.799497
35 261.646784 2.657004
210 250.361111 6.855722
242 259.190243 3.570935
373 252.153268 6.188969
428 252.781485 5.955247
317 258.908978 3.675577
280 247.955057 7.750870
333 250.022928 6.981540
86 242.052815 9.946739
418 251.325916 6.496777
532 255.832993 4.819965
625 251.715528 6.351826
238 248.596961 7.512056
134 242.663960 9.719368
510 249.114846 7.319383
111 250.946786 6.637828
239 257.324881 4.264923
149 249.977987 6.998260
736 262.695500 2.266840
62 264.874105 1.456312
40 251.765562 6.333211
24 251.565939 6.407478
313 242.706892 9.703396
12 242.611378 9.738931
155 248.874119 7.408942
51 247.214724 8.026303
57 244.305892 9.108504
9 266.045919 1.020351
77 247.830525 7.797201
132 247.888626 7.775585
120 253.270444 5.773335
16 251.345201 6.489602
176 243.071699 9.567673
58 242.470215 9.791449
7 248.437340 7.571442
133 262.707607 2.262335
540 245.150292 8.794354
134 245.756867 8.568684
30 259.897368 3.307856
7 259.576903 3.427082
10 252.189164 6.175614
144 261.496667 2.712853
47 247.769708 7.819827
391 243.238241 9.505713
97 250.483080 6.810345
17 263.753069 1.873382
312 249.334923 7.237505
389 243.031106 9.582775
120 249.735443 7.088496
65 242.310828 9.850747
21 262.801921 2.227247
798 246.871141 8.154130
82 246.885686 8.148718
181 253.701291 5.613043
423 242.910373 9.627693
422 251.312679 6.501701
147 267.528736 0.468684
699 262.208401 2.448060
72 244.612634 8.994384
514 253.167109 5.811780
36 247.616179 7.876946
456 266.863666 0.716117
474 253.151062 5.817750
167 253.896259 5.540507
18 248.670584 7.484666
228 249.318686 7.243546
291 251.869980 6.294363
238 251.509601 6.428439
82 260.771531 2.982633
47 246.749194 8.199499
397 243.040183 9.579398
160 259.832890 3.331844
24 245.644391 8.610530
196 250.152471 6.933345
273 257.321047 4.266350
348 260.099992 3.232472
18 251.594749 6.396760
36 249.731573 7.089935
12 243.436641 9.431900
39 246.410439 8.325529
160 258.596696 3.791758
28 242.846478 9.651464
169 242.292065 9.857728
146 249.569323 7.150299
101 243.391002 9.448880
438 250.951286 6.636154
145 244.343396 9.094551
31 249.673688 7.111471
107 244.932479 8.875389
153 245.190323 8.779461
22 246.486422 8.297261
308 248.261620 7.636816
164 251.361868 6.483401
44 247.325373 7.985137
266 242.241342 9.876599
35 266.546607 0.834075
129 242.000712 9.966123
385 261.530312 2.700336
272 253.266395 5.774841
143 260.805248 2.970089
506 261.880098 2.570202
341 259.663359 3.394917
518 263.186373 2.084215
419 249.810222 7.060675
62 247.927725 7.761039
162 259.027032 3.631656
424 252.405052 6.095295
21 266.995984 0.666889
481 251.050488 6.599247
796 242.637356 9.729266
360 262.567933 2.314300
845 258.440235 3.849968
114 251.977204 6.254472
57 251.646463 6.377520
173 241.931666 9.991811
38 246.169296 8.415244
343 259.215941 3.561374
257 264.383872 1.638698
100 251.081982 6.587530
200 250.458683 6.819422
47 263.980429 1.788795
40 256.893361 4.425466
428 257.860844 4.065524
144 255.004135 5.128333
7 256.250084 4.664790
67 243.380555 9.452767
403 250.307172 6.875790
49 243.178097 9.528089
147 249.561633 7.153160
69 260.431320 3.109205
167 266.457357 0.867280
122 250.831341 6.680778
27 258.107325 3.973823
218 267.122509 0.619816
199 259.400849 3.492581
153 255.266653 5.030666
194 254.286577 5.395293
61 265.038065 1.395312
251 257.606024 4.160327
176 267.306647 0.551310
111 253.521698 5.679859
84 257.459136 4.214975
349 253.593404 5.653181
13 244.055790 9.201552
96 243.702579 9.332961
486 246.097406 8.441990
601 256.177082 4.691950
467 246.528134 8.281742
44 255.650243 4.887955
598 253.011077 5.869830
200 262.235077 2.438136
382 248.857982 7.414946
509 243.597334 9.372116
120 250.833594 6.679940
827 242.338290 9.840530
438 256.683612 4.503501
119 242.002123 9.965598
532 252.062315 6.222807
168 242.333548 9.842295
139 247.427350 7.947198
891 244.354350 9.090476
19 257.225276 4.301980
329 248.999632 7.362246
337 265.605216 1.184310
25 242.490371 9.783950
313 242.289296 9.858758
66 268.100621 0.255920
52 249.905986 7.025047
1038 242.643724 9.726897
98 259.828322 3.333544
174 261.666920 2.649512
50 253.895337 5.540850
125 256.395648 4.610635
53 248.248795 7.641588
81 261.211218 2.819051
218 251.166714 6.556006
242 246.545946 8.275115
50 245.301082 8.738254
12 252.319356 6.127177
127 251.333713 6.493876
20 252.115298 6.203095
446 257.320918 4.266398
148 245.243222 8.759780
389 242.034646 9.953498
57 252.375295 6.106366
309 241.979845 9.973886
217 243.739908 9.319073
54 257.786261 4.093272
20 251.052218 6.598603
383 250.305252 6.876504
17 246.725985 8.208134
468 248.604195 7.509365
17 257.566481 4.175039
108 261.682151 2.643846
24 266.641774 0.798669
72 245.966959 8.490522
435 253.663480 5.627110
93 252.337746 6.120336
7 257.456945 4.215790
48 250.458133 6.819626
145 261.243733 2.806955
467 247.783649 7.814641
417 250.113583 6.947813
676 252.933159 5.898818
134 261.168698 2.834871
247 242.440341 9.802563
285 247.669266 7.857196
317 263.871437 1.829344
27 246.707145 8.215143
80 243.957271 9.238205
343 245.449832 8.682913
7 245.043899 8.833937
169 259.809863 3.340411
7 263.669949 1.904306
145 263.867333 1.830872
221 242.874642 9.640986
59 253.090281 5.840363
134 246.283908 8.372604
17 247.880815 7.778491
289 242.894948 9.633431
70 244.688046 8.966328
185 260.411842 3.116451
138 243.947065 9.242002
800 241.976746 9.975039
55 258.971773 3.652214
86 262.708014 2.262184
53 251.432344 6.457181
486 254.786201 5.209413
316 247.338213 7.980360
163 262.713688 2.260073
8 256.025700 4.748270
67 241.930696 9.992172
147 243.087112 9.561939
191 251.349543 6.487987
357 247.933278 7.758973
389 259.414852 3.487371
364 248.002164 7.733344
28 242.649319 9.724815
167 245.434892 8.688472
60 267.354359 0.533559
113 249.538006 7.161950
253 267.374873 0.525927
76 261.117100 2.854067
53 247.905224 7.769410
134 248.179014 7.667549
526 241.989340 9.970354
180 264.737023 1.507312
161 253.055962 5.853131
125 248.295253 7.624304
192 257.385540 4.242356
533 256.546011 4.554694
7 257.013171 4.380892
118 247.859805 7.786308
17 250.805147 6.690524
616 250.685823 6.734917
190 253.887978 5.543588
93 253.742915 5.597557
13 243.920037 9.252058
7 267.574893 0.451512
128 263.670708 1.904024
16 261.813870 2.594841
194 246.751363 8.198692
226 248.196748 7.660951
215 263.973907 1.791222
88 261.006876 2.895075
217 260.816786 2.965796
127 255.891947 4.798032
133 253.496286 5.689313
255 254.382502 5.359605
155 247.827664 7.798265
87 247.248315 8.013806
133 263.442637 1.988875
1063 251.707898 6.354664
258 248.508984 7.544787
142 262.352392 2.394490
371 258.983004 3.648036
57 266.203735 0.961637
246 250.358578 6.856665
37 254.403864 5.351658
155 243.673825 9.343658
543 247.986136 7.739307
127 251.238570 6.529273
78 253.185441 5.804959
455 250.368653 6.852916
32 256.749203 4.479098
200 256.093622 4.723001
597 242.255183 9.871449
99 263.872637 1.828898
185 261.792366 2.602842
54 259.600622 3.418257
83 249.111681 7.320560
418 253.306648 5.759866
169 250.772465 6.702682
56 258.800581 3.715904
852 258.127505 3.966315
307 254.464374 5.329146
79 266.269012 0.937351
231 264.346235 1.652701
11 255.230074 5.044275
7 245.895264 8.517195
11 261.483664 2.717691
174 244.404808 9.071704
227 249.431914 7.201421
165 248.618762 7.503945
734 243.681719 9.340722
814 263.887055 1.823534
100 262.190638 2.454668
110 247.656095 7.862096
108 256.501399 4.571291
19 242.602377 9.742280
497 257.512200 4.195233
294 255.186886 5.060342
131 256.837444 4.446269
273 248.148531 7.678890
117 245.575008 8.636343
152 254.432673 5.340940
166 244.368424 9.085240
91 255.421393 4.973097
273 265.842417 1.096062
41 251.030052 6.606850
153 243.406804 9.443001
11 260.178700 3.203189
355 246.124944 8.431745
111 249.262264 7.264537
138 263.915392 1.812992
30 251.038742 6.603617
537 245.293391 8.741115
180 257.837676 4.074143
152 246.567604 8.267058
164 253.826843 5.566332
649 247.846350 7.791314
220 246.852701 8.160990
494 261.087048 2.865248
165 252.109554 6.205232
429 259.506041 3.453445
480 246.702182 8.216989
136 262.121636 2.480340
11 258.134822 3.963593
162 262.491622 2.342691
9 261.716369 2.631116
28 243.279152 9.490493
295 250.646488 6.749551
14 249.192882 7.290350
322 246.322551 8.358227
28 244.008909 9.218994
243 259.193195 3.569836
65 256.263018 4.659978
39 253.800055 5.576299
277 250.416108 6.835261
1046 255.596772 4.907849
395 252.704282 5.983970
289 265.999093 1.037772
185 256.310498 4.642314
168 248.439805 7.570525
346 260.638841 3.031999
31 249.465243 7.189021
80 259.400957 3.492541
279 244.272746 9.120836
8 256.973764 4.395553
277 247.062058 8.083101
331 249.706592 7.099229
216 257.361703 4.251224
28 245.140123 8.798137
431 246.381182 8.336414
13 244.459639 9.051304
102 252.714551 5.980149
159 260.487845 3.088175
623 250.837454 6.678504
626 243.448607 9.427449
12 252.904960 5.909310
11 246.458250 8.307742
27 249.557108 7.154843
30 247.790981 7.811913
715 254.609093 5.275304
15 259.677695 3.389583
34 256.904259 4.421412
124 250.596130 6.768286
800 250.986159 6.623180
41 259.534004 3.443042
193 244.989398 8.854213
108 250.162745 6.929522
184 243.087939 9.561631
104 246.408012 8.326432
31 246.226105 8.394109
710 259.728372 3.370729
109 254.375967 5.362037
149 252.410497 6.093269
67 264.177241 1.715573
137 257.106211 4.346277
815 244.672591 8.972078
92 244.397047 9.074591
266 243.749795 9.315395
113 252.202006 6.170836
259 253.878626 5.547067
181 259.260314 3.544865
417 255.679353 4.877125
563 257.032737 4.373612
40 267.197633 0.591868
241 254.884091 5.172994
250 248.434994 7.572315
11 244.954060 8.867360
815 259.388532 3.497163
29 246.982132 8.112837
77 243.647395 9.353491
448 266.328797 0.915109
208 251.644519 6.378243
337 252.092188 6.211693
405 243.326452 9.472895
67 246.638999 8.240496
982 248.252724 7.640126
283 249.998328 6.990692
366 249.656898 7.117718
184 266.601590 0.813619
19 260.437669 3.106843
98 256.318101 4.639485
53 243.817689 9.290135
92 259.900025 3.306868
300 243.437154 9.431709
89 254.227981 5.417093
261 248.391579 7.588467
50 266.636922 0.800474
514 245.514627 8.658807
38 258.219275 3.932173
148 260.499334 3.083901
430 261.415351 2.743106
347 260.058185 3.248026
202 242.239622 9.877239
69 250.488539 6.808314
83 246.780106 8.187998
44 255.902037 4.794278
123 255.085863 5.097927
173 251.382571 6.475699
751 243.166566 9.532379
170 252.130798 6.197329
103 261.542555 2.695781
26 252.115470 6.203031
113 263.236772 2.065465
308 243.084383 9.562954
278 260.229373 3.184337
384 255.294301 5.020380
41 247.682709 7.852194
577 250.137072 6.939074
133 258.320338 3.894574
180 247.637096 7.869164
174 257.676515 4.134102
94 247.903789 7.769944
140 267.456824 0.495438
97 259.405941 3.490686
346 244.118574 9.178194
1064 260.294871 3.159969
112 261.507063 2.708986
225 249.842955 7.048497
22 260.380403 3.128148
109 248.304564 7.620840
352 254.651257 5.259618
23 252.844881 5.931661
19 247.200801 8.031483
43 262.412363 2.372178
36 253.083429 5.842912
254 250.295559 6.880110
290 257.560008 4.177447
237 255.151445 5.073528
418 250.818250 6.685648
44 251.853796 6.300384
508 262.486744 2.344505
52 246.549567 8.273768
187 246.765550 8.193414
902 245.753521 8.569929
97 245.581599 8.633891
126 265.638211 1.172034
117 261.474693 2.721028
64 262.140892 2.473176
101 243.865949 9.272181
7 259.935117 3.293812
29 252.149563 6.190347
60 248.609709 7.507314
165 267.941929 0.314960
70 243.088484 9.561428
68 247.565947 7.895635
147 260.354913 3.137631
148 246.434502 8.316577
55 263.033192 2.141205
19 258.713599 3.748265
479 253.772874 5.586411
149 242.072876 9.939275
732 245.910948 8.511360
21 255.806159 4.829948
370 246.022861 8.469724
79 247.640999 7.867712
887 247.588326 7.887309
689 264.007049 1.778891
106 256.270696 4.657122
126 247.505151 7.918253
897 244.180210 9.155263
276 245.214670 8.770403
440 266.708124 0.773984
138 250.501978 6.803314
60 255.509312 4.940387
749 250.365832 6.853966
177 243.104156 9.555598
304 249.752080 7.082306
519 257.554008 4.179679
170 254.350256 5.371602
344 253.511695 5.683580
81 242.268841 9.866368
75 253.816359 5.570233
459 245.578644 8.634990
577 243.098470 9.557713
70 261.248433 2.805206
20 244.460753 9.050890
676 246.976238 8.115030
240 249.652971 7.119179
23 257.367052 4.249234
19 254.666289 5.254025
231 255.488448 4.948149
7 259.527366 3.445511
13 260.588493 3.050730
198 250.415008 6.835670
318 244.515577 9.030493
112 266.318903 0.918790
252 245.784983 8.558224
536 248.909572 7.395752
266 243.801765 9.296060
525 255.143323 5.076550
232 257.748332 4.107383
120 250.920705 6.647531
519 253.462953 5.701714
203 260.192558 3.198033
548 249.089531 7.328801
950 253.139874 5.821912
193 259.448564 3.474829
51 249.897594 7.028169
268 253.241924 5.783945
136 243.397053 9.446628
217 242.341588 9.839303
47 245.569527 8.638382
33 244.327515 9.100460
166 243.499270 9.408600
8 252.131235 6.197166
70 256.560517 4.549297
119 260.007579 3.266853
324 245.074897 8.822404
252 250.189362 6.919620
7 243.928048 9.249077
72 249.235290 7.274572
560 242.526622 9.770464
90 249.232969 7.275436
209 262.911732 2.186393
93 261.619871 2.667016
74 248.367568 7.597399
331 257.418169 4.230217
13 257.950474 4.032178
97 255.564375 4.919902
210 253.665589 5.626325
199 252.750405 5.966810
399 250.401306 6.840768
579 254.004168 5.500360
43 260.114467 3.227087
118 259.981988 3.276374
142 244.814791 8.919174
7 258.218419 3.932492
387 265.589524 1.190148
44 250.868432 6.666979
412 252.347658 6.116648
52 257.630419 4.151251
280 250.058931 6.968146
22 252.786424 5.953410
136 252.906158 5.908864
84 245.967855 8.490188
341 241.973836 9.976122
146 262.994572 2.155573
741 243.954383 9.239280
25 256.227568 4.673167
63 255.651213 4.887594
328 242.211640 9.887649
631 253.515989 5.681982
83 248.151149 7.677916
193 242.808521 9.665586
62 251.726825 6.347623
32 254.479129 5.323656
805 246.508166 8.289171
286 266.991989 0.668375
119 263.388550 2.008998
517 259.177260 3.575765
394 256.269940 4.657403
81 247.193333 8.034262
18 251.058737 6.596178
85 245.206138 8.773577
373 247.881360 7.778288
67 243.165296 9.532851
277 260.359208 3.136033
260 252.855234 5.927810
296 248.540930 7.532902
29 250.772107 6.702815
146 261.494320 2.713727
131 242.226364 9.882171
220 260.205620 3.193174
127 252.390204 6.100819
127 252.309368 6.130893
49 242.065562 9.941996
359 265.488970 1.227558
29 260.420262 3.113319
91 243.426701 9.435598
45 261.454530 2.728530
148 258.028106 4.003296
204 257.611948 4.158123
77 245.568573 8.638737
275 253.734070 5.600848
559 248.017430 7.727665
7 250.202777 6.914629
864 259.896659 3.308120
230 253.717981 5.606834
125 254.604380 5.277058
149 244.531989 9.024387
107 243.540564 9.393237
142 250.203463 6.914374
844 245.572377 8.637322
59 250.317180 6.872066
12 250.135004 6.939843
105 248.097126 7.698015
93 243.557032 9.387110
18 252.160561 6.186255
104 247.100076 8.068957
56 251.610252 6.390992
153 260.551848 3.064363
66 263.345750 2.024921
122 260.053427 3.249796
40 247.851969 7.789223
321 260.283001 3.164385
347 247.014813 8.100678
183 243.277815 9.490990
164 260.369574 3.132177
161 255.367097 4.993297
7 247.855351 7.787964
251 248.662613 7.487631
215 256.657499 4.513216
144 252.406409 6.094790
32 255.750453 4.850673
154 251.139685 6.566062
491 257.444677 4.220354
72 258.350753 3.883258
98 268.046143 0.276188
117 247.348433 7.976558
60 264.094284 1.746437
74 257.784758 4.093831
76 251.180136 6.551013
27 245.817921 8.545970
237 264.725140 1.511733
131 242.542512 9.764552
607 256.898005 4.423738
7 242.867500 9.643643
163 251.539998 6.417130
8 253.103014 5.835626
348 257.209575 4.307822
237 255.419827 4.973679
12 262.917707 2.184170
150 254.120625 5.457034
54 250.792131 6.695366
131 258.743625 3.737094
540 245.348951 8.720445
120 244.776014 8.933600
36 248.110183 7.693157
454 248.780578 7.443743
57 249.355271 7.229935
61 243.403350 9.444286
394 249.354262 7.230310
435 242.641000 9.727910
174 246.205493 8.401777
198 252.490161 6.063631
335 265.895144 1.076445
163 257.828491 4.077560
52 259.890693 3.310339
7 244.594710 9.001053
10 246.216355 8.397736
26 246.444553 8.312838
97 254.806097 5.202011
131 244.963243 8.863944
77 255.731301 4.857798
286 259.325697 3.520540
78 257.738450 4.111059
1180 265.158738 1.350417
160 253.542013 5.672300
198 246.816511 8.174455
148 250.098604 6.953385
74 263.033384 2.141134
127 251.619640 6.387499
25 267.438901 0.502106
63 260.100582 3.232252
92 265.539894 1.208612
597 249.814803 7.058970
79 253.351236 5.743277
67 260.975141 2.906881
245 243.670149 9.345026
83 263.242892 2.063188
120 250.580231 6.774201
113 251.754928 6.337167
126 245.029793 8.839185
33 260.194758 3.197215
183 242.844939 9.652037
144 245.648239 8.609098
131 261.286744 2.790953
116 241.955843 9.982816
22 261.955068 2.542310
293 249.241250 7.272355
59 256.659718 4.512391
143 245.502086 8.663473
96 243.281249 9.489712
253 253.085120 5.842283
813 255.696273 4.870830
119 245.009948 8.846567
243 247.411804 7.952982
163 248.513138 7.543242
445 259.434169 3.480184
51 254.064531 5.477903
698 254.599411 5.278906
473 248.580049 7.518348
225 246.410825 8.325386
546 248.742181 7.458029
526 245.850989 8.533667
60 249.573580 7.148715
75 248.177274 7.668196
584 245.016827 8.844008
7 245.087713 8.817636
58 246.024760 8.469017
18 250.808677 6.689210
43 249.075522 7.334012
139 258.666860 3.765654
75 252.705405 5.983552
10 249.763012 7.078239
175 243.736382 9.320385
50 243.554176 9.388172
1223 267.938375 0.316282
193 262.069230 2.499837
74 265.928222 1.064139
7 250.875867 6.664213
459 247.688954 7.849871
209 258.667050 3.765583
251 253.211613 5.795222
429 251.665466 6.370451
437 257.687005 4.130199
208 263.324467 2.032839
306 257.420828 4.229227
117 242.727240 9.695825
175 246.314942 8.361058
302 250.085449 6.958280
7 241.931267 9.991959
69 253.577837 5.658973
257 243.304128 9.481200
11 243.045528 9.577410
138 246.931605 8.131635
50 254.453154 5.333320
152 249.920233 7.019747
116 252.839735 5.933576
156 242.164359 9.905240
457 252.597189 6.023812
114 246.033018 8.465945
370 256.703259 4.496191
105 251.876310 6.292008
238 255.519834 4.936473
156 256.876936 4.431577
185 259.873128 3.316874
31 261.368340 2.760596
214 247.986841 7.739045
33 244.150123 9.166457
179 263.446773 1.987336
80 243.826367 9.286907
175 260.077327 3.240904
31 255.601776 4.905987
744 243.003136 9.593181
1037 255.691252 4.872698
64 243.393659 9.447891
123 245.314754 8.733168
106 248.353885 7.602490
187 243.691728 9.336998
310 260.770193 2.983131
46 243.127775 9.546811
117 245.460660 8.678885
595 256.543279 4.555710
443 245.909600 8.511861
84 251.846137 6.303234
87 257.479483 4.207405
42 253.542603 5.672081
257 259.212790 3.562546
179 247.868617 7.783029
242 247.849443 7.790163
8 253.184886 5.805166
301 246.595902 8.256530
220 255.643174 4.890585
279 255.985202 4.763337
730 247.297253 7.995599
46 254.894286 5.169201
481 263.366465 2.017214
470 244.448092 9.055600
275 259.585137 3.424018
12 257.481259 4.206744
90 255.787376 4.836936
12 259.536583 3.442083
366 251.970639 6.256914
63 242.416517 9.811427
206 244.293724 9.113031
146 245.463070 8.677988
331 253.314633 5.756895
82 244.317947 9.104019
403 256.471604 4.582376
328 249.274723 7.259902
10 256.924537 4.413867
136 258.170892 3.950174
128 264.788508 1.488158
10 247.854774 7.788179
166 245.665382 8.602720
71 245.399306 8.701711
365 253.864353 5.552377
22 242.956323 9.610598
362 243.404500 9.443858
117 256.102342 4.719756
161 251.757111 6.336355
316 243.221629 9.511893
32 251.939631 6.268450
129 261.348041 2.768148
54 263.059151 2.131547
114 242.350690 9.835917
23 244.548382 9.018288
281 254.413117 5.348215
41 242.444319 9.801083
258 264.927671 1.436384
210 242.199751 9.892072
504 260.398949 3.121248
800 245.921927 8.507275
20 246.108926 8.437704
18 262.527072 2.329502
51 267.251724 0.571744
197 260.024247 3.260652
108 245.010985 8.846182
482 250.540871 6.788844
147 244.547046 9.018785
500 254.710244 5.237672
480 264.078693 1.752237
271 242.953920 9.611492
758 251.934389 6.270401
684 262.483839 2.345586
22 252.887343 5.915864
30 257.656496 4.141549
32 253.548075 5.670045
92 246.036435 8.464674
134 255.415132 4.975426
117 258.864159 3.692251
159 245.341876 8.723077
31 261.033203 2.885280
453 262.642519 2.286551
38 252.347809 6.116592
533 242.575505 9.752277
169 242.295917 9.856295
26 249.366010 7.225940
500 242.342154 9.839093
256 248.127603 7.686676
455 252.481073 6.067012
7 266.618241 0.807424
140 244.167014 9.160172
169 248.283982 7.628497
54 252.025997 6.236319
236 264.829152 1.473037
122 263.311084 2.037818
227 262.091962 2.491380
251 259.776223 3.352927
100 256.627776 4.524274
118 244.969849 8.861486
53 247.507432 7.917405
364 260.389524 3.124755
156 264.598082 1.559004
401 242.353364 9.834922
372 264.899247 1.446958
351 259.994117 3.271861
103 246.282803 8.373015
206 252.648946 6.004557
32 265.233069 1.322763
15 255.532900 4.931612
20 255.522991 4.935298
108 248.622595 7.502519
236 246.178080 8.411976
106 249.546837 7.158665
79 243.754537 9.313630
99 248.586564 7.515925
12 245.715366 8.584124
219 248.983232 7.368348
85 264.376995 1.641257
12 243.953296 9.239684
86 245.309160 8.735249
1407 267.830064 0.356578
27 247.312290 7.990005
39 248.524126 7.539154
193 255.091114 5.095973
537 260.527410 3.073455
323 257.598500 4.163126
27 245.554068 8.644133
64 246.096935 8.442165
345 263.351114 2.022925
138 246.446883 8.311971
213 244.620366 8.991507
302 253.974299 5.511473
101 250.104724 6.951108
29 256.323430 4.637503
151 257.451880 4.217675
94 246.970913 8.117011
49 262.839076 2.213424
49 258.194213 3.941497
143 247.038193 8.091980
44 245.524206 8.655243
341 255.599084 4.906988
108 264.271923 1.680348
239 242.239201 9.877396
216 265.521961 1.215284
104 260.503494 3.082353
199 243.854717 9.276359
144 243.449972 9.426941
165 261.578828 2.682286
180 248.727912 7.463337
622 252.387500 6.101825
108 253.914099 5.533870
10 260.308811 3.154783
164 261.294232 2.788167
51 246.900000 8.143393
803 260.879664 2.942403
464 244.852012 8.905326
194 256.534948 4.558810
44 256.840080 4.445288
374 245.905059 8.513551
16 244.710277 8.958057
538 252.120680 6.201093
573 266.257549 0.941616
12 250.174229 6.925250
60 247.927507 7.761120
245 246.144586 8.424437
156 261.403891 2.747370
44 250.873944 6.664928
900 255.457764 4.959565
239 257.294742 4.276136
99 245.959005 8.493481
236 250.000921 6.989727
475 247.178300 8.039854
133 254.432229 5.341105
21 246.456345 8.308450
527 254.530124 5.304684
7 248.365717 7.598088
31 258.534793 3.814788
25 267.545315 0.462516
48 242.220346 9.884410
337 257.778774 4.096057
215 250.555105 6.783549
754 265.154100 1.352143
125 256.061621 4.734906
237 246.446114 8.312257
136 256.482000 4.578509
216 246.606718 8.252506
153 258.969339 3.653120
77 260.239153 3.180698
255 245.734620 8.576961
310 253.183246 5.805776
32 257.971842 4.024228
63 260.307625 3.155224
587 244.429815 9.062400
383 251.736217 6.344128
273 254.541666 5.300390
474 268.495830 0.108887
108 245.279932 8.746123
50 248.320221 7.615014
286 245.576858 8.635655
44 249.328108 7.240040
511 249.649288 7.120549
126 257.644584 4.145981
244 251.222052 6.535418
91 254.299708 5.390408
144 247.485884 7.925421
20 256.418666 4.602071
324 258.751953 3.733996
19 242.896617 9.632811
380 258.985168 3.647230
30 263.269024 2.053466
192 265.728923 1.138286
179 249.756311 7.080732
61 245.769671 8.563920
532 242.914728 9.626073
85 259.823810 3.335223
37 248.649524 7.492501
143 245.831083 8.541073
118 252.469540 6.071303
255 250.915775 6.649365
28 253.518073 5.681207
84 259.328929 3.519338
81 248.973156 7.372097
245 246.002387 8.477341
51 245.511895 8.659823
296 262.919380 2.183548
13 251.990242 6.249621
520 249.962748 7.003929
51 242.031079 9.954825
13 252.889336 5.915122
252 247.005930 8.103983
103 264.364308 1.645977
146 259.881856 3.313627
341 247.612693 7.878243
418 246.775241 8.189808
202 242.968627 9.606020
10 257.892140 4.053881
97 267.752346 0.385492
29 257.532550 4.187662
78 263.746369 1.875875
160 249.423747 7.204459
331 251.385004 6.474794
367 267.433700 0.504041
32 263.321815 2.033826
26 259.635665 3.405220
30 251.322515 6.498042
205 247.781515 7.815435
323 245.452487 8.681925
155 249.273108 7.260503
467 241.977197 9.974872
11 250.077063 6.961399
62 261.252833 2.803569
128 245.421477 8.693462
23 250.520945 6.796258
444 247.071383 8.079632
108 250.063067 6.966607
318 242.314741 9.849292
73 250.196911 6.916811
28 259.444355 3.476395
163 264.980959 1.416558
77 259.267184 3.542309
519 261.286914 2.790890
23 263.846429 1.838649
241 248.118136 7.690198
277 263.271793 2.052436
196 244.163725 9.161396
36 242.470707 9.791266
600 264.873686 1.456468
650 253.828686 5.565647
296 253.666184 5.626104
618 262.471674 2.350112
343 261.118521 2.853539
97 247.562264 7.897005
193 262.653561 2.282443
139 254.478916 5.323735
251 258.344194 3.885698
1589 266.494750 0.853368
372 256.013956 4.752640
95 249.407732 7.210417
202 248.905978 7.397090
152 247.048293 8.088222
59 264.143455 1.728143
124 244.137330 9.171216
355 262.892714 2.193468
78 243.216469 9.513813
148 242.582984 9.749495
150 255.429957 4.969910
172 264.874103 1.456313
204 259.887820 3.311408
118 244.758016 8.940296
116 243.457493 9.424143
7 251.600842 6.394493
91 243.693715 9.336258
147 254.076966 5.473277
95 252.486709 6.064915
291 254.895899 5.168601
154 253.732110 5.601577
135 244.077294 9.193552
675 257.646775 4.145166
24 256.764151 4.473537
703 253.447301 5.707537
17 249.247573 7.270003
15 260.952422 2.915334
34 252.683799 5.991590
116 257.745818 4.108318
176 256.525673 4.562260
105 261.516340 2.705534
122 251.136010 6.567429
82 242.765269 9.681677
738 242.434578 9.804707
247 251.599753 6.394898
957 254.861523 5.181390
650 262.811012 2.223865
72 248.032724 7.721975
458 243.276051 9.491646
125 255.767415 4.844362
350 244.801907 8.923967
92 242.453387 9.797710
282 258.028734 4.003062
801 242.998458 9.594922
46 256.889170 4.427025
377 255.138642 5.078291
223 260.851316 2.952950
110 265.399483 1.260851
301 247.307034 7.991960
698 242.237497 9.878030
20 242.464262 9.793664
136 248.678578 7.481691
491 242.114320 9.923856
1251 242.891617 9.634671
82 243.954800 9.239124
246 256.976058 4.394699
470 253.180363 5.806849
93 243.878122 9.267652
43 243.023860 9.585471
144 260.640425 3.031409
165 243.286487 9.487764
60 243.381693 9.452343
24 256.059276 4.735779
209 250.171018 6.926444
532 261.855327 2.579418
9 243.606668 9.368643
154 256.312163 4.641695
125 242.263106 9.868502
155 250.789424 6.696373
198 254.580009 5.286125
161 250.117444 6.946376
25 250.662253 6.743686
325 245.484979 8.669837
100 243.370645 9.456453
56 247.194089 8.033980
254 244.000526 9.222113
522 266.482660 0.857866
315 256.121380 4.712673
95 245.462548 8.678182
71 242.312725 9.850042
91 250.925989 6.645565
43 256.241722 4.667901
19 243.291191 9.486013
322 251.407398 6.466462
48 249.443367 7.197160
269 254.509178 5.312477
7 262.452156 2.357373
243 264.069933 1.755496
36 249.297764 7.251330
376 251.773619 6.330213
410 262.367618 2.388825
102 254.252054 5.408137
24 243.671475 9.344533
263 259.525048 3.446374
248 256.038694 4.743436
71 252.476822 6.068594
466 247.129041 8.058181
53 251.141526 6.565377
558 242.200011 9.891976
281 249.728845 7.090951
297 246.003110 8.477072
290 258.846856 3.698688
148 243.259229 9.497905
334 256.319813 4.638849
25 262.153856 2.468353
137 256.308189 4.643173
130 255.057256 5.108570
175 250.467873 6.816003
208 267.846403 0.350499
89 248.092019 7.699915
228 249.300488 7.250316
70 263.625563 1.920819
355 254.623922 5.269787
15 255.166889 5.067782
114 244.904656 8.885740
85 251.887333 6.287907
455 254.191623 5.430620
620 243.977932 9.230519
683 255.910084 4.791284
27 257.503466 4.198483
71 248.993405 7.364564
79 243.013912 9.589172
188 249.555295 7.155518
423 243.917734 9.252914
240 251.924591 6.274046
163 252.335707 6.121094
98 250.588217 6.771230
49 253.187518 5.804187
195 242.316779 9.848534
92 249.572675 7.149052
932 251.373783 6.478968
154 250.087523 6.957508
664 257.152295 4.329132
318 249.119018 7.317830
422 242.131583 9.917434
71 259.033105 3.629396
30 253.549962 5.669343
310 244.930368 8.876175
143 255.523827 4.934987
17 246.549027 8.273969
73 250.606926 6.764269
424 257.500358 4.199639
350 255.534596 4.930980
319 255.600118 4.906604
199 243.828877 9.285973
484 252.210177 6.167796
265 246.133595 8.428526
317 242.873397 9.641450
95 249.576088 7.147782
91 244.663988 8.975278
91 256.677928 4.505616
148 254.131916 5.452833
141 254.952068 5.147704
120 251.783674 6.326473
196 242.581591 9.750013
85 251.957955 6.261633
153 245.458200 8.679800
166 243.991840 9.225344
71 256.252200 4.664003
8 251.154213 6.560657
12 248.006890 7.731586
57 267.540005 0.464492
87 257.408495 4.233815
104 249.955888 7.006481
422 250.604456 6.765188
384 244.426726 9.063549
515 252.480315 6.067294
191 244.908496 8.884312
104 245.780943 8.559727
1190 251.531224 6.420394
32 255.533975 4.931212
191 255.280105 5.025661
260 247.306502 7.992158
49 254.930259 5.155818
54 254.317733 5.383702
118 261.084312 2.866266
164 246.776959 8.189169
262 248.326414 7.612711
186 249.938699 7.012876
19 252.433194 6.084825
545 243.916964 9.253201
86 259.825839 3.334468
222 245.794392 8.554723
548 243.646526 9.353815
207 256.041452 4.742410
408 252.516603 6.053794
37 266.349186 0.907523
29 251.155079 6.560335
92 244.373982 9.083172
37 266.815965 0.733863
342 267.017436 0.658908
316 256.195978 4.684920
32 251.916255 6.277147
79 261.800241 2.599912
123 246.720701 8.210099
284 244.512878 9.031497
67 263.621804 1.922218
82 261.969762 2.536843
1091 244.549960 9.017701
97 256.455960 4.588197
295 252.119214 6.201638
187 260.151365 3.213359
609 248.831196 7.424912
61 253.006152 5.871662
92 242.328708 9.844095
940 251.137543 6.566859
234 244.164818 9.160989
130 256.912891 4.418200
498 264.191329 1.710332
191 260.059686 3.247467
599 243.836910 9.282984
42 248.071140 7.707683
543 247.768862 7.820142
129 243.124329 9.548093
196 244.845673 8.907684
125 255.864564 4.808219
249 253.216078 5.793561
98 266.467193 0.863620
110 264.009854 1.777848
309 258.581846 3.797282
15 265.228741 1.324374
45 248.554352 7.527908
99 260.315587 3.152262
40 257.125461 4.339116
38 243.963851 9.235757
104 250.572019 6.777256
31 254.297744 5.391139
235 257.368610 4.248655
188 255.648813 4.888487
36 249.473156 7.186077
7 243.049519 9.575925
655 253.622865 5.642220
88 245.214799 8.770355
206 242.918042 9.624840
233 258.240879 3.924136
177 247.718944 7.838713
197 252.535451 6.046782
386 243.377914 9.453749
502 242.193881 9.894256
261 253.758899 5.591610
125 258.127478 3.966326
247 258.864118 3.692266
84 243.357746 9.461252
84 255.167776 5.067452
44 252.168579 6.183272
103 242.625002 9.733862
41 267.515546 0.473591
377 251.273620 6.516233
428 246.126471 8.431177
589 263.596174 1.931753
163 249.091920 7.327912
30 261.330139 2.774808
119 259.430008 3.481732
113 267.086520 0.633206
92 250.743405 6.713494
146 257.096040 4.350061
268 245.448190 8.683524
128 254.104618 5.462989
61 254.347700 5.372553
1186 256.310551 4.642294
555 251.090215 6.584467
122 242.773106 9.678762
75 251.462080 6.446118
108 247.427105 7.947289
7 242.146706 9.911807
97 262.104736 2.486628
511 248.334796 7.609592
220 242.535341 9.767219
488 251.149036 6.562583
174 262.543728 2.323305
304 255.158211 5.071011
448 245.586449 8.632086
234 243.156022 9.536302
538 256.259391 4.661328
120 251.030805 6.606570
143 249.551368 7.156979
201 252.316199 6.128352
326 248.639987 7.496049
871 259.834474 3.331255
326 253.851711 5.557081
158 250.518046 6.797336
39 264.599472 1.558486
193 261.299722 2.786125
111 246.324390 8.357543
185 251.739477 6.342915
149 256.930783 4.411544
110 259.209014 3.563951
144 244.863867 8.900916
508 251.624954 6.385522
1130 260.173300 3.205198
15 253.567402 5.662855
354 252.787049 5.953177
285 244.351971 9.091361
29 253.698752 5.613987
41 263.259179 2.057129
216 244.328609 9.100053
345 259.923750 3.298041
26 247.603445 7.881684
238 254.787988 5.208748
9 242.931175 9.619954
17 249.325807 7.240897
129 248.105704 7.694823
58 259.518399 3.448848
166 244.897351 8.888458
246 254.630896 5.267193
492 267.420074 0.509111
63 248.696805 7.474910
94 253.075113 5.846006
65 257.291232 4.277442
837 250.682199 6.736265
14 254.206612 5.425043
58 258.033143 4.001422
125 245.109989 8.809348
440 244.244674 9.131280
23 244.339899 9.095852
795 242.866360 9.644067
134 262.999703 2.153664
477 256.031033 4.746286
56 258.659678 3.768326
7 259.573832 3.428224
464 250.876333 6.664039
66 250.613104 6.761971
277 259.993713 3.272012
116 245.788413 8.556948
82 263.284992 2.047525
225 258.480613 3.834945
343 257.884090 4.056875
125 252.146013 6.191668
444 257.873596 4.060780
11 250.282531 6.884957
212 250.019994 6.982631
94 253.651496 5.631569
208 260.663177 3.022945
265 255.863295 4.808691
12 248.843625 7.420287
7 263.057427 2.132188
467 253.956992 5.517912
176 252.647048 6.005263
62 247.464483 7.933383
19 255.735971 4.856061
216 255.357456 4.996883
585 259.391236 3.496157
23 255.110443 5.088782
134 245.680251 8.597188
235 256.830627 4.448805
189 251.955832 6.262423
194 252.780078 5.955770
363 243.333507 9.470270
193 264.670948 1.531895
55 257.252076 4.292010
263 249.178223 7.295804
44 257.661866 4.139551
108 243.512551 9.403659
122 264.438009 1.618557
32 261.281631 2.792855
222 264.034729 1.768593
52 256.153256 4.700815
72 245.640598 8.611941
114 259.595105 3.420310
122 255.181235 5.062445
236 250.768565 6.704133
334 265.194849 1.336983
33 257.748913 4.107167
221 243.953546 9.239591
43 245.169547 8.787190
429 256.178295 4.691499
7 248.373472 7.595203
305 254.482370 5.322450
157 254.652220 5.259259
47 247.349411 7.976194
154 245.378056 8.709617
60 259.406599 3.490441
95 265.706617 1.146585
153 256.320681 4.638526
57 251.336659 6.492780
30 255.407555 4.978245
265 256.608826 4.531324
10 248.254864 7.639330
825 253.020094 5.866475
239 262.284117 2.419890
57 253.000153 5.873894
115 256.912600 4.418308
15 242.191685 9.895073
246 259.306832 3.527559
133 248.554634 7.527804
55 252.709217 5.982134
55 250.523461 6.795322
71 250.786830 6.697338
89 250.677834 6.737889
48 257.468194 4.211605
117 245.116270 8.807012
123 252.401665 6.096555
326 250.649163 6.748556
109 257.871838 4.061434
193 249.627547 7.128637
253 248.774386 7.446047
173 260.528258 3.073140
179 250.455436 6.820630
433 245.466431 8.676738
548 247.525071 7.910842
84 247.033132 8.093863
369 247.976480 7.742900
25 244.599841 8.999144
34 254.515855 5.309993
332 242.754416 9.685715
732 255.856277 4.811302
790 242.108357 9.926075
127 252.874971 5.920467
975 260.142361 3.216709
189 257.539237 4.185174
364 262.388625 2.381009
23 255.415942 4.975125
109 252.214103 6.166336
111 250.404242 6.839676
166 256.909433 4.419487
452 252.480324 6.067291
330 253.539664 5.673174
7 249.621676 7.130822
49 253.199503 5.799728
718 265.718423 1.142192
378 244.883773 8.893510
369 259.910230 3.303071
278 243.809613 9.293140
268 257.252686 4.291783
547 248.896167 7.400740
877 246.693698 8.220146
447 253.375504 5.734248
174 248.280267 7.629879
686 248.631169 7.499329
799 247.742075 7.830108
604 251.765063 6.333397
1647 258.852617 3.696545
462 254.928221 5.156576
460 250.316557 6.872298
39 242.739888 9.691120
19 248.327301 7.612381
42 255.804876 4.830426
183 248.499921 7.548159
98 265.244400 1.318548
11 249.246240 7.270499
343 243.254124 9.499804
60 261.563540 2.687974
85 255.289720 5.022084
279 265.868739 1.086269
192 255.727631 4.859164
96 258.543667 3.811487
80 255.729769 4.858368
112 254.481262 5.322863
8 248.691443 7.476905
17 253.302658 5.761350
7 245.368276 8.713255
245 263.434707 1.991825
220 243.209468 9.516418
145 250.967243 6.630217
104 243.878387 9.267553
80 248.627628 7.500647
163 249.516380 7.169996
74 245.812976 8.547809
259 262.409796 2.373133
131 258.776049 3.725031
194 248.340357 7.607523
223 248.601525 7.510358
200 262.120099 2.480912
219 255.429913 4.969927
300 248.379136 7.593096
302 248.159544 7.674793
365 265.005677 1.407362
266 250.070593 6.963807
355 250.276748 6.887109
342 265.606773 1.183731
345 246.280420 8.373902
473 256.947751 4.405231
354 250.200621 6.915431
413 243.288418 9.487045
442 252.258140 6.149952
417 251.541091 6.416723
533 249.617734 7.132288
554 265.917234 1.068227
577 255.791673 4.835338
585 255.353657 4.998297
614 243.592469 9.373926
655 267.140963 0.612951
47 248.013874 7.728988
144 247.624997 7.873665
171 242.744878 9.689263
147 259.961861 3.283862
293 246.014780 8.472730
78 251.959752 6.260965
149 252.603479 6.021473
14 263.115903 2.110433
75 243.327725 9.472421
220 243.331821 9.470897
29 245.418404 8.694606
359 261.000384 2.897490
309 256.234509 4.670585
133 243.147103 9.539620
42 260.527120 3.073563
49 250.787616 6.697046
175 250.705847 6.727467
51 243.274064 9.492386
110 242.831948 9.656870
7 248.401948 7.584609
113 242.273924 9.864477
76 249.639436 7.124214
132 251.661636 6.371875
16 246.948002 8.125535
160 257.542540 4.183945
424 249.033772 7.349545
98 242.785412 9.674183
214 261.735892 2.623852
283 249.086655 7.329871
173 253.462964 5.701710
277 242.304420 9.853131
63 256.362277 4.623050
282 250.919328 6.648043
447 262.176934 2.459767
82 255.634677 4.893746
55 263.640480 1.915270
410 245.771763 8.563142
199 243.587491 9.375778
399 249.086705 7.329852
62 264.157330 1.722981
130 261.570964 2.685212
126 247.985351 7.739600
502 256.474833 4.581175
285 261.216276 2.817170
663 249.117799 7.318284
527 263.778205 1.864030
585 249.064320 7.338180
93 250.703906 6.728189
105 249.944869 7.010581
167 262.086249 2.493505
1047 259.330297 3.518829
60 256.261228 4.660645
321 244.817979 8.917988
157 246.623196 8.246375
320 247.658408 7.861235
199 249.088248 7.329278
185 251.260756 6.521019
249 255.042019 5.114239
31 254.463363 5.329522
123 253.630566 5.639355
45 245.141631 8.797576
187 242.874883 9.640897
302 248.943550 7.383111
173 257.186255 4.316498
13 260.180374 3.202567
367 253.796742 5.577531
78 263.735827 1.879797
136 243.400396 9.445385
339 250.184839 6.921302
232 261.243349 2.807098
212 243.317740 9.476136
486 254.482672 5.322338
264 262.312556 2.409310
122 255.367856 4.993014
88 244.570538 9.010046
103 256.050785 4.738938
44 242.259426 9.869871
408 246.035840 8.464895
129 256.728468 4.486813
476 243.717223 9.327512
23 263.073188 2.126325
7 247.990482 7.737691
7 267.604377 0.440542
472 262.865161 2.203719
442 262.461493 2.353900
131 248.994847 7.364027
21 247.912609 7.766662
112 247.781762 7.815343
686 247.942912 7.755389
107 244.541092 9.021000
112 245.767352 8.564783
405 247.076883 8.077586
661 258.764049 3.729496
54 262.737924 2.251056
721 266.539684 0.836651
42 248.839419 7.421852
61 254.365987 5.365749
46 252.406589 6.094723
99 265.849625 1.093380
49 241.922400 9.995258
74 244.245357 9.131026
127 257.799627 4.088299
467 242.495878 9.781901
546 253.389750 5.728948
247 253.159416 5.814642
334 254.092494 5.467500
11 249.282507 7.257006
188 242.189415 9.895918
98 255.991865 4.760858
336 242.379903 9.825049
25 250.495659 6.805665
174 242.742400 9.690186
155 243.711608 9.329601
23 249.529840 7.164988
102 244.545396 9.019399
253 262.299663 2.414107
244 249.716759 7.095447
126 245.986614 8.483209
156 256.899968 4.423008
239 243.418825 9.438529
125 242.747376 9.688334
662 265.426057 1.250964
285 254.457407 5.331738
7 252.049828 6.227453
283 258.396445 3.866259
177 260.584998 3.052030
121 258.992591 3.644469
369 252.787920 5.952853
7 248.095772 7.698519
101 247.626616 7.873063
478 265.830896 1.100348
435 259.025579 3.632196
484 244.394930 9.075379
146 243.332846 9.470516
806 265.411443 1.256401
33 246.601786 8.254341
195 256.571070 4.545371
125 262.327011 2.403932
1003 247.140903 8.053768
830 258.390897 3.868323
483 262.791806 2.231010
151 254.331792 5.378471
103 255.288129 5.022676
147 258.316928 3.895842
145 256.719256 4.490240
228 262.146246 2.471184
51 247.410572 7.953440
20 251.111908 6.576396
211 256.291009 4.649565
32 262.806882 2.225401
300 254.736876 5.227764
306 258.122901 3.968028
7 244.228607 9.137258
213 254.804099 5.202754
17 242.977063 9.602881
294 250.536251 6.790563
28 253.865454 5.551968
109 265.888545 1.078900
202 247.980053 7.741571
68 252.137267 6.194922
527 257.085378 4.354028
189 246.259265 8.381772
385 244.447355 9.055875
91 265.447836 1.242861
71 264.272712 1.680054
168 252.931718 5.899355
98 248.092591 7.699702
93 250.778078 6.700594
23 253.762045 5.590440
389 263.636580 1.916721
57 254.013479 5.496896
353 246.986351 8.111267
411 264.242893 1.691148
61 244.829734 8.913614
322 242.746556 9.688639
294 266.026874 1.027436
140 256.794467 4.462259
358 251.514084 6.426771
237 251.173386 6.553524
332 248.839820 7.421703
387 259.831934 3.332200
541 260.843392 2.955897
213 247.134506 8.056148
36 249.522376 7.167765
22 262.071811 2.498877
368 259.601732 3.417844
638 258.724541 3.744194
512 259.441314 3.477526
236 249.937893 7.013176
880 250.125917 6.943224
10 244.916529 8.881323
451 259.400001 3.492896
757 246.758732 8.195950
210 258.495122 3.829547
141 267.848876 0.349579
24 248.878354 7.407367
213 245.255392 8.755253
51 251.402439 6.468307
67 246.230765 8.392375
7 246.721065 8.209964
17 258.994127 3.643898
66 249.068227 7.336726
118 247.504323 7.918561
351 255.421172 4.973179
297 248.751223 7.454665
407 252.196804 6.172772
24 244.244529 9.131334
441 250.499830 6.804114
98 262.883783 2.196791
328 261.580637 2.681613
317 243.212143 9.515423
122 252.627669 6.012473
233 257.704981 4.123511
552 245.599226 8.627333
226 250.918810 6.648236
614 251.365022 6.482227
453 244.319312 9.103512
489 252.276111 6.143266
563 253.963831 5.515367
101 263.456008 1.983901
184 243.791613 9.299837
109 252.073224 6.218748
37 242.750006 9.687356
45 248.475911 7.557092
42 260.387613 3.125466
47 254.250874 5.408576
7 253.145551 5.819800
99 245.505100 8.662351
179 253.608662 5.647504
1414 242.193761 9.894301
244 249.080180 7.332280
47 253.221356 5.791598
260 245.441326 8.686078
75 245.971843 8.488705
474 257.126096 4.338879
24 250.038061 6.975910
485 245.765658 8.565413
560 256.984496 4.391560
267 248.446154 7.568163
184 245.155026 8.792593
16 244.662172 8.975954
39 252.137392 6.194875
110 264.632926 1.546040
135 255.328288 5.007735
338 243.141303 9.541778
140 256.955309 4.402419
553 252.202374 6.170700
118 249.485510 7.181481
270 262.879586 2.198352
179 265.363517 1.274231
362 259.737247 3.367427
375 258.141971 3.960934
307 245.320610 8.730989
263 246.800284 8.180491
781 247.582719 7.889395
278 244.190989 9.151253
506 245.159750 8.790835
484 262.151327 2.469294
73 245.585915 8.632285
237 250.707687 6.726782
175 258.250376 3.920603
482 257.728589 4.114728
263 264.331623 1.658137
437 249.178296 7.295776
557 249.348754 7.232359
8 262.352847 2.394320
7 251.430028 6.458043
21 245.662151 8.603922
25 261.639856 2.659581
220 242.412843 9.812794
175 247.370172 7.968470
52 255.034974 5.116860
225 242.341510 9.839333
110 251.307930 6.503468
18 251.081409 6.587743
22 243.509220 9.404898
165 258.060417 3.991275
97 248.449200 7.567029
463 254.680260 5.248827
392 251.580655 6.402003
119 260.061342 3.246851
132 243.505977 9.406104
439 248.142920 7.680978
103 260.528775 3.072947
110 249.746708 7.084305
7 265.667038 1.161310
45 249.808805 7.061202
91 267.808545 0.364584
32 249.784911 7.070092
411 242.358931 9.832851
191 261.712323 2.632620
101 244.259359 9.125816
83 255.048176 5.111948
49 245.314891 8.733117
351 248.243420 7.643588
218 250.867027 6.667501
121 256.535463 4.558618
177 248.946029 7.382189
277 255.651215 4.887593
201 256.217960 4.676742
345 255.033767 5.117309
648 261.446348 2.731574
61 266.468723 0.863051
355 248.646135 7.493762
112 262.256875 2.430026
480 256.358814 4.624339
78 243.349134 9.464457
570 243.908812 9.256234
88 257.161483 4.325714
147 256.599679 4.534727
632 244.513042 9.031436
155 251.880343 6.290508
198 259.164575 3.580484
590 243.966857 9.234639
46 256.489600 4.575681
143 250.951292 6.636152
27 258.726373 3.743513
159 258.214544 3.933934
47 253.205046 5.797666
128 249.710126 7.097914
70 244.099227 9.185392
107 265.716243 1.143003
153 241.952085 9.984214
460 261.409718 2.745202
195 250.909969 6.651526
35 260.760597 2.986701
306 250.742443 6.713852
108 258.431564 3.853193
388 251.976364 6.254784
71 249.574037 7.148545
8 248.828813 7.425798
27 250.821032 6.684614
153 243.458122 9.423909
68 266.489985 0.855141
223 245.468047 8.676137
664 260.450886 3.101925
79 258.661449 3.767667
42 252.167806 6.183560
389 243.507693 9.405466
286 244.502446 9.035379
31 246.480690 8.299393
747 252.024072 6.237035
146 244.787413 8.929359
106 251.249796 6.525096
27 244.746371 8.944629
65 261.839242 2.585402
58 258.738578 3.738972
180 257.697621 4.126249
118 258.934913 3.665927
53 248.433181 7.572989
234 259.793799 3.346388
296 256.128076 4.710183
692 254.546549 5.298573
174 242.110650 9.925222
95 260.812816 2.967273
146 250.410956 6.837178
286 246.408613 8.326209
345 249.872165 7.037630
263 262.584330 2.308199
36 247.986544 7.739156
247 253.941167 5.523799
7 249.302093 7.249719
71 259.853072 3.324336
32 248.165654 7.672519
174 258.343158 3.886084
999 244.425860 9.063871
86 264.937991 1.432544
127 252.026110 6.236276
416 247.774291 7.818122
7 261.782663 2.606451
129 260.749937 2.990667
214 248.394663 7.587319
100 257.249808 4.292853
149 264.999891 1.409515
9 259.731102 3.369713
258 254.636719 5.265026
71 243.768696 9.308362
47 267.082139 0.634836
85 262.649364 2.284004
472 255.150607 5.073840
48 255.333343 5.005855
49 267.980068 0.300771
50 263.074461 2.125851
254 248.157256 7.675644
93 247.082166 8.075620
361 263.368588 2.016424
146 255.815498 4.826474
639 248.339327 7.607906
280 248.621194 7.503041
334 257.977745 4.022032
361 243.843354 9.280587
387 266.210094 0.959271
381 258.910354 3.675065
590 243.221875 9.511802
651 249.142889 7.308949
856 244.117063 9.178756
1020 248.313986 7.617334
2046 254.349001 5.372069
