7 242.811571 9.664451
12 257.455903 4.216178
21 242.397911 9.818349
17 244.902395 8.886581
19 251.446259 6.452004
13 253.576634 5.659420
21 262.809635 2.224377
22 247.740272 7.830779
23 255.734776 4.856506
32 265.134781 1.359330
25 248.432300 7.573317
21 255.739012 4.854930
29 246.763001 8.194362
15 245.559658 8.642054
26 256.755910 4.476603
17 268.477885 0.115563
32 251.365357 6.482103
27 257.662093 4.139467
27 251.189053 6.547695
15 245.007649 8.847423
19 243.115577 9.551349
19 265.659035 1.164287
31 252.088049 6.213233
20 243.987280 9.227041
20 253.487623 5.692536
20 242.487528 9.785008
33 256.392570 4.611780
20 251.587568 6.399432
33 264.253314 1.687271
32 251.992906 6.248630
33 249.395055 7.215134
30 264.433396 1.620273
35 248.938586 7.384958
22 249.942030 7.011637
33 255.818604 4.825318
32 247.375120 7.966630
13 263.847749 1.838157
30 243.023375 9.585652
18 261.505600 2.709530
40 249.277109 7.259014
11 264.452134 1.613302
7 256.308219 4.643162
25 262.400218 2.376696
13 242.986707 9.599293
17 251.723880 6.348718
27 244.656874 8.977925
27 249.427149 7.203193
27 259.082107 3.611165
17 264.342706 1.654014
15 268.148005 0.238291
28 262.561917 2.316538
25 253.726477 5.603672
7 256.810951 4.456126
23 254.571801 5.289178
29 250.093927 6.955126
31 264.969469 1.420833
26 259.688915 3.385409
43 242.086930 9.934047
24 243.882091 9.266175
17 253.803551 5.574998
34 252.571493 6.033373
28 249.257063 7.266472
20 268.262266 0.195782
17 247.506884 7.917608
20 246.023023 8.469664
19 262.778821 2.235841
19 265.017358 1.403017
27 265.457155 1.239394
22 261.716267 2.631153
13 248.315693 7.616699
35 243.698078 9.334635
16 250.297447 6.879408
9 249.023117 7.353509
21 256.621471 4.526620
24 249.627763 7.128557
34 254.756857 5.220330
11 247.941970 7.755739
24 246.054539 8.457938
9 243.450470 9.426755
23 264.773473 1.493751
32 255.805282 4.830275
42 253.010193 5.870159
25 241.952300 9.984134
23 245.468077 8.676125
24 244.007231 9.219618
29 243.105418 9.555128
31 245.381811 8.708220
40 257.833721 4.075615
38 255.698071 4.870161
18 243.799151 9.297032
41 252.145482 6.191865
38 263.196411 2.080481
38 243.531670 9.396546
28 256.061048 4.735119
12 262.147712 2.470639
23 245.452184 8.682038
32 259.182327 3.573880
21 254.446798 5.335684
25 247.662777 7.859610
16 245.383630 8.707543
29 250.621835 6.758723
36 248.297605 7.623429
26 244.332783 9.098500
29 252.105989 6.206559
42 246.158621 8.419216
29 253.714726 5.608044
25 256.083833 4.726642
25 245.395746 8.703036
15 253.592000 5.653703
19 257.265745 4.286924
24 251.992031 6.248955
28 266.870642 0.713521
7 242.636607 9.729545
48 250.154601 6.932552
37 243.167964 9.531859
22 258.568048 3.802416
31 248.501505 7.547570
40 243.996271 9.223696
25 243.973421 9.232197
23 252.186257 6.176696
11 249.207911 7.284758
37 253.996019 5.503392
34 246.402672 8.328419
16 254.393451 5.355532
31 254.000284 5.501806
19 263.998494 1.782074
26 256.207426 4.680661
16 253.775601 5.585397
8 252.352838 6.114721
16 262.244271 2.434715
12 257.396361 4.238330
20 242.230535 9.880620
31 243.833373 9.284300
41 251.653704 6.374827
7 250.688837 6.733795
28 246.258298 8.382132
25 246.153857 8.420988
21 259.552759 3.436064
19 245.626444 8.617207
9 265.134067 1.359596
7 255.595796 4.908212
25 251.162653 6.557517
42 252.754809 5.965172
28 250.060374 6.967608
36 256.485065 4.577368
29 248.527398 7.537937
40 247.143303 8.052875
26 245.023913 8.841372
28 248.497225 7.549162
25 249.485081 7.181641
26 249.513293 7.171144
26 244.288651 9.114919
27 259.074976 3.613818
38 260.123273 3.223810
32 264.896005 1.448164
22 250.338181 6.864253
25 250.401766 6.840597
21 245.902691 8.514432
20 262.635219 2.289267
13 249.847049 7.046974
35 246.786733 8.185533
49 243.933857 9.246916
41 242.884610 9.637278
17 251.965000 6.259012
18 243.998275 9.222950
9 252.520082 6.052500
17 268.404554 0.142845
17 250.238056 6.901504
12 250.943537 6.639037
29 244.413025 9.068647
22 246.259031 8.381859
27 262.705452 2.263137
22 246.160861 8.418382
21 264.532370 1.583451
23 256.461396 4.586174
35 256.376876 4.617619
34 246.082948 8.447369
23 267.784097 0.373679
23 255.053391 5.110008
32 248.210385 7.655878
31 260.609314 3.042984
28 264.097193 1.745354
30 244.433468 9.061041
21 252.442953 6.081194
33 253.121469 5.828760
38 242.273996 9.864450
22 242.933368 9.619138
35 249.534245 7.163349
31 247.179110 8.039553
30 256.836158 4.446748
35 255.350878 4.999331
50 260.414277 3.115545
51 265.260287 1.312637
42 249.255208 7.267162
31 265.042609 1.393622
42 250.833871 6.679837
47 243.782503 9.303226
44 247.128824 8.058261
47 249.249826 7.269165
52 249.716238 7.095641
