7 245.732493 8.577752
7 246.244997 8.387080
11 250.928313 6.644701
12 242.096880 9.930345
12 246.137356 8.427127
15 252.351179 6.115338
16 247.568945 7.894519
16 264.843715 1.467618
23 248.875718 7.408347
29 242.201007 9.891605
11 244.052682 9.202708
17 248.804827 7.434722
28 251.655893 6.374012
8 246.567200 8.267208
25 252.887771 5.915705
28 252.154536 6.188497
29 258.313498 3.897119
24 259.686026 3.386484
26 257.793708 4.090501
38 252.950857 5.892234
22 249.618118 7.132145
11 253.362414 5.739118
13 253.265379 5.775219
33 251.637715 6.380775
23 242.148329 9.911204
29 245.093459 8.815498
7 261.823088 2.591412
32 253.007981 5.870982
30 256.075984 4.729563
26 264.119547 1.737038
35 247.931489 7.759638
29 246.374895 8.338753
44 256.744435 4.480872
20 263.124208 2.107343
36 247.171118 8.042526
34 243.878437 9.267535
35 264.203846 1.705675
34 255.059098 5.107885
32 263.053025 2.133826
31 248.880790 7.406461
34 261.263635 2.799550
35 251.800557 6.320191
16 245.721705 8.581766
8 253.631558 5.638986
39 252.834247 5.935617
12 255.555684 4.923135
8 250.542281 6.788320
49 264.537436 1.581566
16 266.314978 0.920250
21 255.775415 4.841386
53 252.294048 6.136593
16 265.013384 1.404495
38 253.599337 5.650974
39 243.621587 9.363093
24 246.919494 8.136141
30 249.226418 7.277873
15 261.031744 2.885823
11 266.633027 0.801923
7 248.061118 7.711411
28 249.350614 7.231668
36 247.227571 8.021524
35 261.661219 2.651633
49 242.523877 9.771485
21 248.922056 7.391108
26 250.173638 6.925470
13 267.917996 0.323864
23 247.973660 7.743949
37 248.919273 7.392143
27 263.651373 1.911217
43 265.263563 1.311418
20 251.078703 6.588750
failed to find solution after reaching max emtpy limit -- 52 iterations and 35 function evals
25 253.096426 5.838077
43 251.269179 6.517885
11 250.698547 6.730183
26 250.505205 6.802114
36 246.177807 8.412078
33 244.774061 8.934327
37 244.496716 9.037510
36 248.727335 7.463552
21 247.081730 8.075782
27 248.252066 7.640371
28 245.249283 8.757526
13 252.908098 5.908142
failed to find solution after reaching max emtpy limit -- 64 iterations and 34 function evals
38 253.041216 5.858617
37 241.950790 9.984696
36 246.260342 8.381371
70 253.100042 5.836731
38 258.966971 3.654001
13 250.489553 6.807937
26 249.349829 7.231959
39 264.640218 1.543327
34 251.848156 6.302483
22 253.597491 5.651660
32 249.660061 7.116541
8 242.155429 9.908562
25 259.418255 3.486105
9 249.206317 7.285352
37 246.804321 8.178989
52 242.851828 9.649474
71 250.916948 6.648929
34 244.632234 8.987092
55 249.633492 7.126426
24 253.393857 5.727420
42 253.660443 5.628240
21 244.396859 9.074661
34 259.613288 3.413545
58 265.700898 1.148712
25 243.836726 9.283053
33 252.913189 5.906248
42 258.096064 3.978012
11 267.366096 0.529192
19 244.844309 8.908192
40 244.158466 9.163353
32 252.631407 6.011082
13 250.863019 6.668993
28 248.877842 7.407557
46 253.721343 5.605583
7 247.570364 7.893991
47 250.350299 6.859745
30 250.606308 6.764499
45 262.813607 2.222899
38 261.582925 2.680762
56 264.801806 1.483210
57 247.097767 8.069816
43 243.416612 9.439352
37 250.480775 6.811203
36 264.810720 1.479894
43 261.876468 2.571552
19 249.693376 7.104146
28 245.547419 8.646607
7 256.434537 4.596167
31 255.642117 4.890978
33 245.421479 8.693462
58 262.717523 2.258646
16 261.055611 2.876944
11 256.375825 4.618010
25 250.791004 6.695785
31 260.314378 3.152712
32 245.862449 8.529403
16 251.975211 6.255213
25 252.846631 5.931010
34 246.420745 8.321695
65 245.105515 8.811013
26 252.452441 6.077665
32 242.496274 9.781754
28 248.432387 7.573284
48 247.982449 7.740679
31 244.606867 8.996530
30 245.817539 8.546112
9 259.105878 3.602322
41 250.316152 6.872449
16 256.571784 4.545105
failed to find solution after reaching max emtpy limit -- 44 iterations and 35 function evals
45 262.443293 2.360671
63 264.754781 1.500705
11 267.735917 0.391604
36 264.322239 1.661628
38 250.770427 6.703441
66 264.866021 1.459320
65 247.556332 7.899211
38 241.946405 9.986327
63 246.694374 8.219894
50 246.810470 8.176702
34 246.860404 8.158124
49 247.735036 7.832726
41 244.651236 8.980023
58 247.284486 8.000349
59 250.850319 6.673718
57 248.872365 7.409595
41 243.794130 9.298900
65 252.388668 6.101390
39 246.880195 8.150761
failed to find solution after reaching max emtpy limit -- 50 iterations and 34 function evals
44 249.154470 7.304641
44 260.114314 3.227144
38 245.430606 8.690066
75 243.489370 9.412283
53 253.269810 5.773571
50 242.877610 9.639882
45 242.504996 9.778509
37 251.740035 6.342708
57 262.286850 2.418874
72 264.523755 1.586656
51 248.292311 7.625398
62 251.063098 6.594555
42 263.991436 1.784700
75 264.800321 1.483763
55 246.007530 8.475427
59 242.641331 9.727787
54 249.294654 7.252487
88 247.701574 7.845176
83 249.017001 7.355785
69 243.572089 9.381508
65 242.078156 9.937311
71 246.181954 8.410535
72 242.761940 9.682916
158 244.862795 8.901314
failed to find solution after reaching max emtpy limit -- 704 iterations and 181 function evals
