7 262.475959 2.348518
7 257.314309 4.268856
7 243.660044 9.348786
8 244.587535 9.003722
9 247.863954 7.784764
9 247.191046 8.035113
12 265.480869 1.230572
11 263.583352 1.936524
12 246.247461 8.386164
12 259.294590 3.532113
12 249.899330 7.027523
13 250.207654 6.912815
13 244.274946 9.120017
7 259.253233 3.547500
13 266.540389 0.836388
7 256.906357 4.420631
9 267.677012 0.413519
14 243.187407 9.524625
15 247.170832 8.042633
15 249.412423 7.208672
9 252.982151 5.880591
15 243.106166 9.554850
16 250.163795 6.929132
16 261.585038 2.679976
16 248.850569 7.417704
17 248.913652 7.394235
17 250.907033 6.652618
18 259.109374 3.601021
19 248.778535 7.444503
10 254.015952 5.495976
13 258.952064 3.659547
12 260.586976 3.051295
13 252.631334 6.011109
23 261.272171 2.796375
20 267.776284 0.376586
16 264.906890 1.444115
12 251.965519 6.258819
28 252.920240 5.903625
13 249.422718 7.204842
19 244.040342 9.207300
19 256.407826 4.606104
18 242.163248 9.905653
25 246.401975 8.328678
15 247.179765 8.039309
27 251.871974 6.293621
31 243.153320 9.537307
28 249.956501 7.006253
15 245.446993 8.683970
16 252.317579 6.127838
38 243.461702 9.422577
37 246.553810 8.272190
37 254.657302 5.257369
30 242.045666 9.949398
10 247.690875 7.849156
25 262.894074 2.192962
37 252.441916 6.081580
11 255.633374 4.894231
25 254.510230 5.312085
37 243.477293 9.416776
31 260.612035 3.041971
38 242.547306 9.762768
7 250.096446 6.954188
43 242.866782 9.643910
11 253.064152 5.850084
27 242.132093 9.917244
40 249.133995 7.312258
38 262.745286 2.248318
39 252.713034 5.980713
12 264.677221 1.529561
35 244.433515 9.061024
12 241.953661 9.983628
43 243.468514 9.420042
16 244.198110 9.148604
21 256.090207 4.724271
38 243.085277 9.562622
7 248.428920 7.574574
52 246.756991 8.196598
46 261.863249 2.576470
25 248.044121 7.717735
8 256.815598 4.454397
12 254.903670 5.165710
31 258.654162 3.770378
26 243.966146 9.234903
62 243.313376 9.477760
43 249.241813 7.272146
42 257.620105 4.155088
44 246.114939 8.435467
12 242.136108 9.915750
40 253.838300 5.562070
45 242.895405 9.633261
10 254.484848 5.321528
15 253.062420 5.850728
14 252.551001 6.040996
23 244.535457 9.023097
49 254.272133 5.400667
42 253.618862 5.643710
22 251.214574 6.538200
37 242.673574 9.715791
14 251.260544 6.521098
50 265.507671 1.220600
7 254.734508 5.228645
36 253.729984 5.602368
9 248.835529 7.423300
7 250.442583 6.825412
9 242.319483 9.847528
13 248.761736 7.450753
11 250.174084 6.925304
20 254.690318 5.245086
14 245.510448 8.660362
8 254.393773 5.355412
21 242.782361 9.675318
7 246.334175 8.353903
9 256.006039 4.755585
42 262.440613 2.361668
15 244.019365 9.215104
33 250.394312 6.843370
63 249.017658 7.355540
62 252.853333 5.928517
46 244.235955 9.134524
23 254.631672 5.266904
21 246.322025 8.358423
54 257.090840 4.351996
8 247.058061 8.084588
33 263.769510 1.867265
33 249.425016 7.203987
30 247.218605 8.024859
13 266.152415 0.980730
65 263.696516 1.894422
31 245.280264 8.745999
13 245.012808 8.845504
21 248.640158 7.495985
26 244.776749 8.933327
39 249.194744 7.289657
8 254.686118 5.246648
36 243.616415 9.365017
44 246.344461 8.350076
19 248.703877 7.472279
15 252.797881 5.949147
69 247.627484 7.872740
26 245.769315 8.564053
11 253.745260 5.596685
23 254.557935 5.294337
47 248.174751 7.669135
17 259.539743 3.440907
32 245.971304 8.488905
14 242.159134 9.907184
10 254.897019 5.168184
37 243.720195 9.326407
60 250.632671 6.754691
19 248.652565 7.491369
25 249.573579 7.148716
55 264.558987 1.573549
33 246.100879 8.440698
24 249.347569 7.232800
12 255.543235 4.927767
64 247.689280 7.849750
8 255.576672 4.915327
51 252.707797 5.982662
35 256.789373 4.464153
17 244.306330 9.108341
51 258.760069 3.730976
66 257.911766 4.046579
36 242.367007 9.829846
66 253.364537 5.738328
72 243.286358 9.487812
32 244.240168 9.132956
24 245.597594 8.627940
74 250.827387 6.682249
24 248.014990 7.728572
35 242.016606 9.960210
71 245.014293 8.844951
42 250.904001 6.653746
30 252.204520 6.169901
32 262.790027 2.231672
42 253.432724 5.712960
26 264.186192 1.712243
73 246.960089 8.121038
63 255.230546 5.044099
48 244.260590 9.125359
38 252.402280 6.096326
38 249.634825 7.125930
58 250.544510 6.787490
35 251.886127 6.288356
51 255.561143 4.921104
45 247.587196 7.887729
41 247.266757 8.006945
75 260.794158 2.974215
46 252.846251 5.931152
58 264.240947 1.691872
64 253.932753 5.526930
81 257.373100 4.246984
54 244.054947 9.201866
71 246.856221 8.159681
87 265.001591 1.408882
61 245.212438 8.771233
90 247.113741 8.063873
96 264.539465 1.580811
90 253.293596 5.764721
89 243.470616 9.419260
84 256.932651 4.410848
