7 257.104524 4.346905
7 245.658939 8.605117
11 265.104481 1.370603
9 267.325667 0.544234
9 246.578936 8.262842
13 254.300767 5.390014
10 257.939211 4.036368
10 256.270055 4.657361
10 268.125474 0.246674
12 246.229642 8.392793
7 251.939252 6.268591
12 253.298839 5.762771
9 248.104168 7.695395
16 257.082869 4.354962
13 252.565363 6.035653
14 251.334526 6.493573
14 257.577423 4.170968
16 242.809153 9.665351
18 245.250897 8.756925
15 249.080846 7.332032
18 267.776990 0.376324
17 264.035094 1.768457
21 264.759404 1.498985
17 254.025413 5.492456
17 244.416931 9.067193
17 242.044520 9.949824
20 260.440906 3.105638
18 266.521312 0.843486
18 253.132913 5.824502
16 263.768301 1.867715
10 246.135058 8.427982
20 247.811444 7.804300
22 264.626917 1.548276
13 256.103834 4.719201
21 263.050854 2.134634
22 248.409330 7.581862
13 256.018761 4.750852
19 255.782027 4.838926
22 265.213832 1.329920
24 249.699319 7.101935
21 246.832844 8.168378
23 245.331553 8.726918
24 265.264707 1.310993
21 263.746538 1.875812
14 256.958912 4.401078
14 268.159211 0.234122
22 264.685661 1.526421
25 245.418229 8.694671
24 242.305630 9.852681
27 257.263315 4.287828
26 254.034063 5.489238
26 243.424336 9.436478
20 257.983901 4.019742
30 246.466918 8.304517
26 263.090958 2.119714
19 259.246618 3.549961
20 245.345002 8.721914
30 248.460502 7.562824
27 244.627807 8.988739
12 243.894571 9.261532
25 258.204678 3.937604
22 243.765064 9.309714
16 254.788204 5.208668
14 257.785997 4.093370
12 268.164960 0.231983
31 255.483237 4.950088
10 245.277561 8.747005
19 246.387283 8.334144
7 244.299059 9.111047
17 251.077010 6.589379
31 252.416132 6.091173
34 265.054321 1.389265
25 263.931627 1.806952
19 247.429101 7.946546
15 265.859698 1.089632
19 250.174048 6.925317
28 253.505837 5.685759
26 245.821474 8.544648
25 247.687916 7.850257
12 253.322773 5.753867
18 250.037441 6.976141
24 249.651028 7.119902
23 263.462389 1.981527
22 252.089614 6.212651
13 249.741526 7.086233
21 264.472790 1.605617
21 249.902361 7.026395
23 264.561140 1.572748
28 265.326351 1.288059
8 246.747791 8.200021
21 249.363332 7.226936
18 261.646500 2.657109
19 244.022805 9.213824
23 264.252827 1.687452
29 255.512575 4.939173
12 254.360649 5.367735
22 265.128654 1.361610
25 243.788755 9.300900
16 257.368091 4.248848
15 268.737861 0.018841
25 245.545487 8.647326
14 264.885241 1.452169
9 244.614606 8.993651
24 252.948631 5.893062
22 265.239657 1.320312
21 251.069309 6.592245
26 264.815936 1.477953
12 260.598792 3.046898
27 251.091572 6.583962
23 264.730545 1.509722
17 249.138598 7.310546
10 251.729842 6.346500
25 252.792198 5.951261
26 265.003110 1.408317
20 243.225905 9.510302
14 250.310640 6.874500
27 265.035360 1.396319
24 253.105995 5.834516
16 254.621074 5.270847
20 243.095016 9.558998
14 267.801367 0.367255
30 264.865807 1.459399
22 243.978885 9.230164
29 262.297601 2.414874
21 246.115750 8.435165
12 262.805313 2.225985
17 243.283908 9.488723
14 263.117469 2.109850
18 263.791649 1.859029
20 255.447946 4.963218
26 253.000128 5.873903
24 265.220824 1.327319
27 244.050682 9.203453
17 251.865950 6.295862
15 264.866070 1.459301
7 254.474706 5.325301
23 264.174029 1.716768
19 265.034201 1.396750
19 264.340368 1.654884
33 265.275770 1.306877
17 252.199433 6.171794
23 258.853342 3.696275
20 249.313541 7.245460
17 245.613945 8.621857
8 243.788898 9.300847
27 245.819424 8.545410
20 265.333415 1.285431
28 265.585749 1.191552
23 246.822300 8.172301
27 264.406593 1.630245
19 251.429124 6.458379
11 264.190651 1.710584
33 264.827290 1.473729
20 264.117788 1.737692
8 248.335374 7.609377
26 255.824004 4.823309
22 264.969666 1.420760
20 265.809139 1.108442
15 259.235535 3.554084
27 262.316646 2.407788
11 266.949487 0.684188
20 263.667383 1.905261
11 252.780268 5.955700
15 267.508737 0.476125
25 267.132385 0.616142
26 254.588312 5.283036
21 264.691408 1.524283
25 242.445032 9.800818
24 245.423701 8.692635
16 243.752356 9.314442
21 252.675177 5.994798
30 243.986805 9.227217
28 258.800767 3.715835
26 244.742489 8.946073
23 255.225627 5.045929
28 249.821378 7.056525
23 258.468945 3.839286
28 255.000742 5.129595
27 265.001392 1.408957
23 252.943730 5.894886
25 245.422600 8.693044
27 245.177889 8.784087
24 265.270052 1.309004
26 250.089108 6.956918
14 263.664726 1.906249
21 242.982241 9.600955
35 242.365620 9.830362
34 265.013594 1.404417
failed to find solution in 1200 iterations and 28 function evals
failed to find solution in 1200 iterations and 32 function evals
failed to find solution in 1200 iterations and 33 function evals
failed to find solution in 1200 iterations and 31 function evals
failed to find solution in 1200 iterations and 30 function evals
failed to find solution in 1200 iterations and 33 function evals
failed to find solution in 1200 iterations and 10 function evals
failed to find solution in 1200 iterations and 35 function evals
failed to find solution in 1200 iterations and 31 function evals
failed to find solution in 1200 iterations and 31 function evals
failed to find solution in 1200 iterations and 33 function evals
failed to find solution in 1200 iterations and 33 function evals
