7 264.282390 1.676454
8 246.019811 8.470859
13 263.650453 1.911559
9 245.646686 8.609676
17 264.590978 1.561647
12 245.361257 8.715867
12 265.261058 1.312350
14 259.365405 3.505767
15 252.401569 6.096591
8 254.227251 5.417365
15 246.549123 8.273933
15 265.916326 1.068565
15 259.212837 3.562529
15 251.336645 6.492785
15 263.964153 1.794851
7 247.034389 8.093395
8 245.968027 8.490124
18 251.965955 6.258657
18 252.611150 6.018618
16 268.333884 0.169137
17 262.251950 2.431858
18 253.721210 5.605632
20 264.574378 1.567823
19 247.449904 7.938807
19 264.457758 1.611210
19 264.253310 1.687272
8 248.984344 7.367934
21 245.101892 8.812361
21 250.881286 6.662197
9 243.720130 9.326431
23 264.143991 1.727943
23 248.735710 7.460436
23 254.805673 5.202169
23 258.532660 3.815581
23 265.094023 1.374494
20 246.717080 8.211447
13 268.274241 0.191326
27 244.437191 9.059656
26 265.336760 1.284186
11 254.532566 5.303776
26 265.424908 1.251392
25 253.179977 5.806992
14 250.086815 6.957771
28 246.037181 8.464396
16 251.663651 6.371126
26 261.912999 2.557961
12 264.782855 1.490261
27 264.778072 1.492040
29 256.242652 4.667556
15 260.126689 3.222539
26 264.534164 1.582784
26 265.529549 1.212461
30 261.722246 2.628929
28 264.708636 1.517873
14 249.793978 7.066718
29 263.902128 1.817926
25 250.080852 6.959990
23 262.083115 2.494671
12 248.253646 7.639783
9 245.856535 8.531603
10 253.990733 5.505359
12 246.670851 8.228646
31 264.818664 1.476938
27 264.802294 1.483029
13 267.340838 0.538590
25 255.215527 5.049687
17 262.769538 2.239295
10 258.635199 3.777433
11 245.775871 8.561614
13 253.039247 5.859350
24 264.002493 1.780586
27 253.531128 5.676350
36 264.977201 1.417956
36 265.371036 1.271434
32 247.529509 7.909191
20 265.040497 1.394408
24 248.712971 7.468896
24 254.374759 5.362486
27 248.165682 7.672509
32 249.203469 7.286411
18 264.673180 1.531064
20 246.061885 8.455205
18 261.679731 2.644746
16 265.099053 1.372623
7 259.135285 3.591381
31 250.340652 6.863334
19 260.206159 3.192974
20 251.583247 6.401039
15 264.951288 1.427597
13 249.720892 7.093909
30 264.890673 1.450148
29 246.566154 8.267597
27 263.554199 1.947370
37 243.110684 9.553169
9 264.449359 1.614334
21 243.265040 9.495743
9 252.989166 5.877982
8 252.045999 6.228877
21 265.163627 1.348599
17 253.206797 5.797014
31 253.055782 5.853198
23 249.791097 7.067790
17 249.689767 7.105489
22 263.936586 1.805106
22 249.888543 7.031537
21 254.293764 5.392619
7 257.279455 4.281824
29 245.221519 8.767855
11 246.818814 8.173598
16 262.616696 2.296158
22 247.336352 7.981053
25 254.476549 5.324616
21 265.296721 1.299082
7 242.945596 9.614589
27 264.520929 1.587708
27 249.462376 7.190087
21 248.151156 7.677913
14 267.970848 0.304201
31 252.990319 5.877552
40 248.247081 7.642225
11 256.834581 4.447334
15 259.324706 3.520909
12 263.627168 1.920222
28 246.282046 8.373296
23 244.744759 8.945228
17 264.659036 1.536327
15 266.990190 0.669045
20 264.376204 1.641551
30 267.375840 0.525567
26 255.569777 4.917892
29 265.371753 1.271167
36 244.503938 9.034824
21 245.910871 8.511389
34 260.984707 2.903323
29 242.951774 9.612290
27 264.902834 1.445624
29 246.562462 8.268971
27 257.820300 4.080608
15 259.142808 3.588582
11 247.618088 7.876236
24 245.637959 8.612922
7 244.895960 8.888975
31 249.722238 7.093409
27 265.133033 1.359981
26 246.232076 8.391888
20 251.834711 6.307485
34 246.234794 8.390876
28 252.324852 6.125133
13 254.821239 5.196378
20 244.398013 9.074232
13 267.181681 0.597802
39 253.439508 5.710436
22 251.423998 6.460286
30 246.327944 8.356221
23 265.365256 1.273585
23 243.404721 9.443776
19 242.787671 9.673343
34 244.698349 8.962495
18 264.740324 1.506084
29 245.974067 8.487877
31 244.906673 8.884990
18 253.594452 5.652791
16 250.739600 6.714909
15 242.840510 9.653685
25 246.055853 8.457450
23 242.910045 9.627815
26 244.161391 9.162264
22 251.054807 6.597640
26 251.566734 6.407183
25 253.149174 5.818452
18 251.507485 6.429226
15 256.525643 4.562272
16 254.095167 5.466505
20 244.414802 9.067985
18 264.924925 1.437405
31 242.477786 9.788632
27 266.213696 0.957931
18 263.049001 2.135323
29 243.905193 9.257580
29 265.165940 1.347738
23 256.967142 4.398017
23 242.238713 9.877577
32 265.077672 1.380577
21 242.718115 9.699220
25 243.319202 9.475592
35 264.975635 1.418539
24 265.218381 1.328228
25 260.784437 2.977831
31 251.393455 6.471649
27 244.953469 8.867580
29 265.047198 1.391915
29 251.410723 6.465225
29 246.180704 8.411000
31 251.824339 6.311343
31 265.256726 1.313962
40 265.296602 1.299126
45 246.453901 8.309360
51 262.215270 2.445505
70 265.002345 1.408602
failed to find solution in 1200 iterations and 273 function evals
