7 -0.043258 4.325777
7 -0.066728 6.672813
10 -0.060096 6.009590
21 -0.011314 1.131438
23 -0.079609 7.960934
23 -0.010668 1.066812
23 -0.040573 4.057326
23 -0.004622 0.462215
23 -0.072381 7.238123
23 -0.024116 2.411571
24 -0.022910 2.291045
25 -0.005694 0.569361
25 -0.016243 1.624288
27 -0.048084 4.808439
28 -0.038420 3.841959
28 -0.070764 7.076359
29 -0.085000 8.500049
31 -0.055452 5.545203
30 -0.012905 1.290457
13 -0.090346 9.034573
35 -0.072584 7.258411
36 -0.056926 5.692625
36 -0.031539 3.153912
21 -0.074118 7.411793
37 -0.055066 5.506608
37 -0.056356 5.635597
37 -0.018319 1.831902
37 -0.092154 9.215372
39 -0.085722 8.572166
40 -0.092223 9.222283
43 -0.044160 4.415972
43 -0.065857 6.585658
44 -0.021075 2.107478
46 -0.068517 6.851702
45 -0.000205 0.020517
45 -0.002928 0.292762
47 -0.055079 5.507938
29 -0.053365 5.336465
47 -0.000306 0.030605
44 -0.011413 1.141266
48 -0.053152 5.315192
48 -0.001648 0.164841
49 -0.080438 8.043805
49 -0.071107 7.110695
10 -0.033065 3.306535
52 -0.086432 8.643152
35 -0.033156 3.315614
52 -0.018175 1.817512
50 -0.057869 5.786892
55 -0.008745 0.874532
37 -0.002428 0.242772
55 -0.012627 1.262698
31 -0.036984 3.698368
56 -0.018111 1.811085
56 -0.004308 0.430787
55 -0.081229 8.122934
24 -0.049805 4.980456
36 -0.049010 4.900996
26 -0.040782 4.078161
37 -0.019192 1.919233
27 -0.094506 9.450565
39 -0.045760 4.576009
20 -0.057537 5.753656
59 -0.068624 6.862375
40 -0.043730 4.372974
16 -0.068115 6.811453
33 -0.093256 9.325636
37 -0.061691 6.169067
61 -0.013718 1.371794
16 -0.049461 4.946143
49 -0.012948 1.294824
44 -0.064557 6.455744
48 -0.087294 8.729390
37 -0.077355 7.735517
28 -0.012224 1.222412
29 -0.071811 7.181140
45 -0.069726 6.972565
28 -0.003411 0.341059
32 -0.054510 5.451030
15 -0.092270 9.226993
51 -0.091052 9.105207
40 -0.069824 6.982361
33 -0.044539 4.453909
28 -0.020652 2.065195
35 -0.027180 2.718028
37 -0.080375 8.037539
37 -0.043504 4.350394
23 -0.066593 6.659311
27 -0.036991 3.699094
52 -0.004628 0.462825
34 -0.005007 0.500713
37 -0.096102 9.610248
20 -0.007655 0.765528
57 -0.018475 1.847488
51 -0.040740 4.073950
39 -0.050023 5.002334
43 -0.014333 1.433337
70 -0.008959 0.895910
56 -0.051015 5.101463
41 -0.029209 2.920886
35 -0.056468 5.646837
46 -0.069113 6.911310
51 -0.001826 0.182566
43 -0.080433 8.043332
35 -0.008145 0.814546
43 -0.071685 7.168536
44 -0.094519 9.451938
57 -0.078879 7.887939
31 -0.041734 4.173418
20 -0.010168 1.016809
52 -0.087248 8.724783
33 -0.006068 0.606779
41 -0.027477 2.747694
57 -0.085586 8.558580
16 -0.022486 2.248573
39 -0.038557 3.855669
41 -0.012411 1.241052
33 -0.056282 5.628231
19 -0.075824 7.582425
52 -0.019542 1.954249
75 -0.058847 5.884727
15 -0.071961 7.196126
73 -0.013327 1.332683
33 -0.085762 8.576177
37 -0.007293 0.729260
49 -0.043022 4.302180
59 -0.066436 6.643637
32 -0.027705 2.770523
36 -0.059927 5.992749
19 -0.086930 8.693002
16 -0.085380 8.538007
63 -0.053563 5.356296
24 -0.086959 8.695923
32 -0.042233 4.223309
59 -0.052646 5.264609
31 -0.021194 2.119425
31 -0.093129 9.312926
41 -0.071047 7.104728
51 -0.094203 9.420340
45 -0.075757 7.575665
67 -0.052045 5.204509
61 -0.012250 1.224973
51 -0.013852 1.385232
42 -0.065902 6.590159
48 -0.059452 5.945168
10 -0.015078 1.507787
32 -0.047439 4.743898
37 -0.039393 3.939283
61 -0.074769 7.476879
28 -0.057983 5.798312
73 -0.002816 0.281596
60 -0.081394 8.139371
27 -0.035274 3.527353
80 -0.013512 1.351228
31 -0.038510 3.850998
21 -0.076834 7.683430
40 -0.026880 2.688033
36 -0.014363 1.436252
53 -0.051684 5.168418
52 -0.008131 0.813081
17 -0.071124 7.112391
51 -0.099548 9.954842
52 -0.064575 6.457471
21 -0.065959 6.595866
33 -0.006976 0.697606
28 -0.010061 1.006070
55 -0.019355 1.935454
42 -0.051145 5.114456
77 -0.020847 2.084670
61 -0.001006 0.100598
20 -0.059310 5.930971
36 -0.065008 6.500754
56 -0.024168 2.416847
25 -0.043086 4.308584
37 -0.026709 2.670880
32 -0.022120 2.212005
53 -0.007908 0.790785
52 -0.010387 1.038678
64 -0.023310 2.330970
39 -0.060079 6.007947
60 -0.061163 6.116259
40 -0.014425 1.442529
44 -0.005248 0.524752
25 -0.055521 5.552086
61 -0.080606 8.060562
59 -0.002671 0.267142
48 -0.006567 0.656650
65 -0.004170 0.417048
51 -0.057937 5.793733
47 -0.067087 6.708691
63 -0.000120 0.011981
45 -0.014993 1.499251
73 -0.094573 9.457259
44 -0.093406 9.340638
48 -0.036856 3.685551
51 -0.017839 1.783878
55 -0.001857 0.185690
60 -0.057630 5.763049
77 -0.008025 0.802504
63 -0.093304 9.330383
