7 -0.071034 7.103364
7 -0.069574 6.957435
12 -0.039334 3.933426
13 -0.014915 1.491464
17 -0.074730 7.472983
20 -0.070736 7.073556
21 -0.013417 1.341742
26 -0.068403 6.840260
27 -0.027429 2.742941
28 -0.059112 5.911182
28 -0.069473 6.947295
28 -0.081699 8.169928
29 -0.089233 8.923329
29 -0.066940 6.693954
29 -0.077966 7.796583
30 -0.012930 1.293006
33 -0.018924 1.892378
33 -0.030204 3.020377
33 -0.068534 6.853368
34 -0.028072 2.807240
34 -0.067367 6.736732
35 -0.088507 8.850689
35 -0.070845 7.084497
36 -0.094205 9.420451
36 -0.024409 2.440918
36 -0.040038 4.003776
37 -0.049735 4.973451
36 -0.047389 4.738914
37 -0.030144 3.014359
31 -0.055659 5.565889
40 -0.068098 6.809835
41 -0.034162 3.416220
41 -0.013257 1.325693
42 -0.085301 8.530057
42 -0.068538 6.853769
27 -0.001099 0.109944
43 -0.081207 8.120656
33 -0.067757 6.775722
44 -0.028630 2.863009
21 -0.023711 2.371138
44 -0.055503 5.550291
24 -0.051752 5.175234
39 -0.030058 3.005839
11 -0.047262 4.726157
47 -0.028613 2.861259
49 -0.063991 6.399122
35 -0.089542 8.954250
50 -0.072044 7.204373
29 -0.024570 2.456994
22 -0.060349 6.034929
51 -0.049057 4.905743
53 -0.095397 9.539706
33 -0.009397 0.939739
53 -0.035645 3.564495
9 -0.090140 9.014002
22 -0.078303 7.830309
34 -0.045825 4.582494
30 -0.020822 2.082186
59 -0.095453 9.545257
29 -0.076895 7.689538
61 -0.066385 6.638497
17 -0.099644 9.964404
19 -0.049629 4.962914
35 -0.025878 2.587800
9 -0.097728 9.772799
64 -0.065803 6.580314
42 -0.058245 5.824548
36 -0.000999 0.099907
34 -0.098304 9.830401
39 -0.026093 2.609327
32 -0.053746 5.374561
31 -0.092975 9.297463
7 -0.014394 1.439379
49 -0.039560 3.955983
37 -0.004373 0.437309
32 -0.076802 7.680196
51 -0.030900 3.089974
26 -0.055033 5.503349
39 -0.011613 1.161276
29 -0.000751 0.075097
52 -0.056148 5.614780
49 -0.017384 1.738437
49 -0.078216 7.821624
52 -0.092843 9.284347
44 -0.078409 7.840948
43 -0.033955 3.395490
26 -0.024398 2.439754
46 -0.047356 4.735612
17 -0.095792 9.579162
14 -0.016069 1.606870
86 -0.003722 0.372247
32 -0.012644 1.264357
27 -0.042773 4.277255
20 -0.096838 9.683837
34 -0.051607 5.160689
13 -0.043086 4.308565
38 -0.031609 3.160882
33 -0.046016 4.601621
57 -0.035008 3.500841
44 -0.056577 5.657719
93 -0.009992 0.999198
44 -0.065353 6.535341
39 -0.076159 7.615902
64 -0.034794 3.479427
49 -0.017315 1.731475
38 -0.039221 3.922098
49 -0.045766 4.576589
30 -0.063216 6.321551
26 -0.037268 3.726831
30 -0.013338 1.333757
53 -0.067910 6.790993
29 -0.054380 5.438006
24 -0.063660 6.365978
41 -0.004060 0.406028
27 -0.022618 2.261817
53 -0.086427 8.642682
27 -0.056121 5.612063
17 -0.031216 3.121595
23 -0.064427 6.442650
37 -0.054635 5.463501
68 -0.027330 2.732966
62 -0.049738 4.973767
40 -0.030117 3.011689
11 -0.022982 2.298228
19 -0.037095 3.709539
78 -0.088288 8.828755
61 -0.087082 8.708243
33 -0.098950 9.894957
23 -0.051841 5.184091
108 -0.088556 8.855551
39 -0.034546 3.454552
19 -0.006523 0.652332
111 -0.099084 9.908402
56 -0.088003 8.800338
70 -0.057376 5.737586
29 -0.072474 7.247353
27 -0.093819 9.381909
79 -0.064999 6.499925
30 -0.052154 5.215361
35 -0.081875 8.187523
29 -0.019811 1.981128
16 -0.091613 9.161299
32 -0.033808 3.380757
26 -0.033462 3.346176
18 -0.053797 5.379657
31 -0.047953 4.795331
19 -0.058900 5.889960
41 -0.077914 7.791361
27 -0.050719 5.071911
24 -0.065962 6.596213
34 -0.009945 0.994511
37 -0.062103 6.210320
63 -0.099052 9.905186
46 -0.097315 9.731461
48 -0.085666 8.566591
53 -0.001035 0.103526
39 -0.066514 6.651402
16 -0.027865 2.786510
13 -0.029362 2.936179
31 -0.010906 1.090573
27 -0.064338 6.433799
31 -0.073940 7.393969
20 -0.040057 4.005664
45 -0.073572 7.357167
22 -0.060431 6.043112
29 -0.094846 9.484609
42 -0.090843 9.084322
20 -0.027217 2.721676
40 -0.037623 3.762276
46 -0.057572 5.757166
25 -0.020353 2.035321
43 -0.059919 5.991891
40 -0.049994 4.999362
37 -0.049581 4.958099
47 -0.041972 4.197243
25 -0.076627 7.662680
53 -0.019732 1.973220
43 -0.014226 1.422609
45 -0.003016 0.301550
44 -0.090510 9.051040
86 -0.097005 9.700487
38 -0.035595 3.559467
47 -0.017776 1.777632
37 -0.057937 5.793729
77 -0.057482 5.748177
41 -0.061077 6.107728
47 -0.008193 0.819258
53 -0.025704 2.570396
41 -0.089857 8.985668
50 -0.077256 7.725622
51 -0.057624 5.762369
60 -0.000068 0.006770
81 -0.091100 9.109978
87 -0.097636 9.763571
121 -0.089262 8.926159
75 -0.009051 0.905071
77 -0.017722 1.772250
164 -0.099775 9.977452
95 -0.099790 9.979014
145 -0.071419 7.141929
