8 -0.041905 4.190470
12 -0.081687 8.168716
17 -0.076958 7.695752
17 -0.055586 5.558574
20 -0.040574 4.057364
22 -0.087812 8.781197
24 -0.002385 0.238533
24 -0.031875 3.187471
24 -0.087921 8.792073
26 -0.025504 2.550372
26 -0.088251 8.825068
26 -0.072857 7.285737
29 -0.009324 0.932414
29 -0.039663 3.966289
29 -0.026311 2.631104
29 -0.013358 1.335765
31 -0.032701 3.270147
30 -0.039924 3.992357
10 -0.087651 8.765149
33 -0.032583 3.258261
33 -0.051974 5.197425
36 -0.029202 2.920201
29 -0.081583 8.158293
36 -0.008409 0.840890
38 -0.001608 0.160796
38 -0.002713 0.271315
36 -0.041083 4.108282
40 -0.050594 5.059415
19 -0.029847 2.984746
40 -0.072928 7.292778
40 -0.035614 3.561428
43 -0.073737 7.373659
15 -0.048757 4.875708
43 -0.038799 3.879922
43 -0.002058 0.205835
31 -0.076792 7.679217
45 -0.093591 9.359131
19 -0.076221 7.622110
22 -0.083069 8.306883
44 -0.070702 7.070166
47 -0.006939 0.693894
29 -0.077321 7.732074
36 -0.040349 4.034916
17 -0.098708 9.870801
47 -0.014439 1.443920
29 -0.077886 7.788602
36 -0.048352 4.835163
19 -0.050420 5.041983
24 -0.019857 1.985711
47 -0.059010 5.901023
26 -0.057608 5.760826
50 -0.083061 8.306124
52 -0.081993 8.199294
31 -0.036633 3.663292
52 -0.084239 8.423881
52 -0.003597 0.359663
52 -0.093322 9.332166
38 -0.071604 7.160364
26 -0.065194 6.519398
29 -0.023828 2.382824
33 -0.064325 6.432495
22 -0.091713 9.171265
33 -0.005588 0.558763
38 -0.090070 9.006971
17 -0.046344 4.634378
64 -0.094013 9.401292
19 -0.039970 3.996956
24 -0.084305 8.430520
31 -0.089766 8.976595
26 -0.041152 4.115248
50 -0.022429 2.242939
22 -0.067140 6.713969
22 -0.033977 3.397669
38 -0.028790 2.879007
29 -0.002674 0.267435
36 -0.056819 5.681910
40 -0.024290 2.429049
36 -0.042429 4.242864
33 -0.029808 2.980785
33 -0.032978 3.297840
26 -0.061325 6.132536
40 -0.010426 1.042588
36 -0.012926 1.292622
38 -0.089053 8.905315
43 -0.027527 2.752669
80 -0.097598 9.759831
38 -0.014062 1.406171
50 -0.097994 9.799428
40 -0.045615 4.561484
38 -0.049462 4.946218
29 -0.005748 0.574785
31 -0.036753 3.675252
22 -0.079285 7.928489
85 -0.067629 6.762902
22 -0.092618 9.261768
47 -0.082461 8.246137
17 -0.089735 8.973524
50 -0.024900 2.490002
89 -0.074357 7.435714
50 -0.079959 7.995853
26 -0.056508 5.650777
33 -0.000571 0.057124
45 -0.063622 6.362176
40 -0.082039 8.203942
94 -0.081355 8.135486
60 -0.083555 8.355542
96 -0.018028 1.802802
26 -0.045567 4.556675
59 -0.004385 0.438524
36 -0.096012 9.601161
61 -0.087172 8.717212
33 -0.062416 6.241557
33 -0.096583 9.658261
40 -0.070043 7.004341
57 -0.092516 9.251598
64 -0.080038 8.003834
12 -0.004066 0.406576
26 -0.021103 2.110276
29 -0.029284 2.928392
29 -0.036929 3.692859
22 -0.014039 1.403918
26 -0.013731 1.373089
106 -0.093560 9.356002
24 -0.070242 7.024173
31 -0.020117 2.011674
47 -0.078852 7.885202
40 -0.074634 7.463405
50 -0.069471 6.947060
24 -0.046230 4.623027
43 -0.083076 8.307642
12 -0.059498 5.949752
57 -0.020570 2.057038
19 -0.038315 3.831450
36 -0.084305 8.430497
15 -0.016821 1.682143
54 -0.077738 7.773817
75 -0.024094 2.409447
38 -0.014516 1.451552
47 -0.011185 1.118468
59 -0.031697 3.169653
85 -0.093818 9.381837
43 -0.093617 9.361734
54 -0.095022 9.502161
31 -0.082817 8.281688
47 -0.049633 4.963290
40 -0.097600 9.759989
33 -0.028639 2.863898
50 -0.040905 4.090453
33 -0.075720 7.571994
12 -0.033444 3.344404
33 -0.077499 7.749897
59 -0.064484 6.448360
47 -0.032375 3.237528
50 -0.005409 0.540884
134 -0.064788 6.478804
22 -0.043972 4.397222
31 -0.055506 5.550599
43 -0.099370 9.937047
77 -0.096153 9.615336
40 -0.085098 8.509842
38 -0.099611 9.961110
59 -0.031642 3.164170
31 -0.085007 8.500743
26 -0.011457 1.145693
85 -0.065166 6.516603
40 -0.049492 4.949214
31 -0.073190 7.318980
36 -0.077003 7.700288
26 -0.018367 1.836740
33 -0.058012 5.801169
40 -0.079200 7.919980
52 -0.062610 6.261025
45 -0.091876 9.187649
59 -0.045062 4.506210
33 -0.083285 8.328453
43 -0.085972 8.597176
43 -0.049014 4.901425
29 -0.072875 7.287509
29 -0.015547 1.554674
52 -0.060984 6.098407
54 -0.076125 7.612531
45 -0.088045 8.804530
36 -0.090091 9.009057
38 -0.056178 5.617760
24 -0.076554 7.655429
36 -0.089650 8.965012
45 -0.088995 8.899482
49 -0.020444 2.044383
82 -0.055145 5.514463
52 -0.096373 9.637307
40 -0.083188 8.318789
40 -0.090736 9.073568
47 -0.080084 8.008412
45 -0.018653 1.865309
38 -0.009961 0.996052
68 -0.005501 0.550141
80 -0.067109 6.710898
52 -0.021895 2.189509
115 -0.089117 8.911671
99 -0.079358 7.935752
