9 -0.077596 7.759552
15 -0.068326 6.832621
19 -0.091863 9.186314
20 -0.044987 4.498745
23 -0.026513 2.651284
23 -0.072367 7.236729
25 -0.039630 3.963028
25 -0.000080 0.007993
27 -0.082472 8.247177
32 -0.008995 0.899485
33 -0.003667 0.366685
35 -0.023819 2.381859
35 -0.077801 7.780080
36 -0.094664 9.466442
36 -0.049765 4.976474
28 -0.071014 7.101413
45 -0.047839 4.783934
45 -0.073381 7.338105
47 -0.020977 2.097682
47 -0.006999 0.699925
47 -0.041494 4.149450
47 -0.041299 4.129924
47 -0.072229 7.222850
48 -0.059068 5.906786
48 -0.038033 3.803268
48 -0.054895 5.489550
48 -0.090149 9.014895
48 -0.006394 0.639378
49 -0.016764 1.676374
49 -0.079094 7.909362
52 -0.036573 3.657293
40 -0.051716 5.171571
37 -0.048378 4.837767
51 -0.009035 0.903540
55 -0.041484 4.148434
27 -0.078041 7.804132
12 -0.059908 5.990773
20 -0.036889 3.688914
59 -0.029942 2.994200
59 -0.056441 5.644055
59 -0.043497 4.349723
41 -0.051907 5.190702
63 -0.071409 7.140908
63 -0.084876 8.487616
45 -0.077817 7.781729
63 -0.007620 0.762034
63 -0.004109 0.410879
61 -0.050666 5.066633
64 -0.093875 9.387545
37 -0.000396 0.039626
65 -0.034866 3.486584
65 -0.023892 2.389242
25 -0.064374 6.437439
67 -0.082939 8.293947
67 -0.012737 1.273682
28 -0.087550 8.754955
55 -0.070467 7.046750
28 -0.071054 7.105380
71 -0.093306 9.330576
31 -0.054467 5.446666
16 -0.088035 8.803463
76 -0.011981 1.198083
76 -0.013158 1.315811
52 -0.029637 2.963665
29 -0.010850 1.084985
48 -0.011881 1.188113
21 -0.028189 2.818884
27 -0.061770 6.176990
79 -0.015464 1.546382
60 -0.072315 7.231520
16 -0.058509 5.850928
32 -0.041891 4.189129
21 -0.063598 6.359817
45 -0.084946 8.494587
45 -0.056902 5.690250
29 -0.033828 3.382819
59 -0.097652 9.765199
36 -0.064488 6.448843
43 -0.098342 9.834178
49 -0.027840 2.783990
52 -0.094531 9.453094
37 -0.055145 5.514518
55 -0.089159 8.915920
44 -0.064654 6.465391
29 -0.013679 1.367888
69 -0.071924 7.192435
56 -0.059836 5.983588
57 -0.076827 7.682658
56 -0.030390 3.038979
27 -0.083786 8.378611
7 -0.033455 3.345526
12 -0.041572 4.157183
17 -0.076020 7.602023
45 -0.080114 8.011355
73 -0.079443 7.944323
41 -0.051064 5.106356
87 -0.043571 4.357149
48 -0.082195 8.219498
36 -0.084921 8.492059
48 -0.051037 5.103667
43 -0.012705 1.270470
69 -0.021912 2.191208
17 -0.081288 8.128786
33 -0.004475 0.447466
65 -0.068747 6.874704
61 -0.043808 4.380838
32 -0.044924 4.492426
21 -0.035000 3.499982
60 -0.071644 7.164375
56 -0.046774 4.677426
57 -0.040242 4.024184
72 -0.075432 7.543206
41 -0.083677 8.367708
61 -0.094179 9.417932
52 -0.059917 5.991745
61 -0.066043 6.604307
69 -0.056085 5.608546
19 -0.037049 3.704861
32 -0.092386 9.238602
20 -0.007817 0.781711
36 -0.010944 1.094372
63 -0.045013 4.501269
37 -0.077009 7.700934
32 -0.034802 3.480164
68 -0.006355 0.635506
56 -0.050766 5.076636
71 -0.061593 6.159275
55 -0.023767 2.376697
57 -0.040452 4.045218
53 -0.047045 4.704452
16 -0.014723 1.472256
56 -0.022404 2.240437
52 -0.020775 2.077464
33 -0.073081 7.308146
64 -0.071385 7.138473
32 -0.044827 4.482723
35 -0.021133 2.113311
65 -0.067897 6.789697
41 -0.059654 5.965359
55 -0.068844 6.884410
55 -0.029733 2.973261
7 -0.036373 3.637290
39 -0.011417 1.141703
19 -0.074378 7.437786
40 -0.052892 5.289161
36 -0.075376 7.537585
37 -0.078453 7.845251
57 -0.064815 6.481454
55 -0.083962 8.396175
49 -0.036973 3.697296
65 -0.013566 1.356618
72 -0.065636 6.563608
63 -0.084921 8.492082
61 -0.035083 3.508344
40 -0.043387 4.338687
27 -0.040768 4.076788
16 -0.067910 6.791030
63 -0.041602 4.160158
39 -0.063961 6.396104
32 -0.049663 4.966263
25 -0.066620 6.662046
48 -0.095758 9.575756
57 -0.084056 8.405611
43 -0.075573 7.557296
48 -0.029288 2.928752
55 -0.000480 0.048030
64 -0.062931 6.293126
71 -0.046756 4.675572
48 -0.075780 7.577976
44 -0.004572 0.457198
43 -0.015376 1.537608
44 -0.022715 2.271516
60 -0.031052 3.105209
45 -0.043167 4.316686
41 -0.076943 7.694279
57 -0.048551 4.855073
39 -0.023995 2.399502
36 -0.013139 1.313853
55 -0.076230 7.623019
75 -0.020469 2.046915
57 -0.070382 7.038221
55 -0.056522 5.652164
64 -0.071212 7.121201
52 -0.093435 9.343484
51 -0.028992 2.899221
41 -0.011823 1.182307
47 -0.042210 4.221030
67 -0.087822 8.782160
56 -0.080025 8.002472
57 -0.094139 9.413892
53 -0.087894 8.789402
56 -0.028139 2.813891
71 -0.075929 7.592929
52 -0.058254 5.825424
75 -0.075063 7.506308
75 -0.021469 2.146922
73 -0.056024 5.602398
71 -0.099431 9.943091
72 -0.072868 7.286776
68 -0.003220 0.322012
