7 -0.073431 7.343127
7 -0.088472 8.847160
15 -0.075173 7.517294
15 -0.057031 5.703114
17 -0.080282 8.028197
17 -0.050588 5.058772
19 -0.012746 1.274612
20 -0.096411 9.641101
23 -0.005679 0.567859
24 -0.020415 2.041495
27 -0.053588 5.358785
27 -0.094541 9.454089
27 -0.073967 7.396698
29 -0.068673 6.867295
29 -0.029308 2.930785
31 -0.091975 9.197468
23 -0.071112 7.111163
32 -0.066149 6.614885
32 -0.096791 9.679146
32 -0.079556 7.955556
13 -0.055753 5.575342
36 -0.056740 5.673984
36 -0.079744 7.974431
40 -0.080060 8.005986
21 -0.043725 4.372480
20 -0.027130 2.713013
43 -0.040828 4.082840
43 -0.097737 9.773701
49 -0.099035 9.903456
49 -0.099377 9.937692
21 -0.066554 6.655362
27 -0.038936 3.893648
9 -0.098250 9.824978
53 -0.072114 7.211430
53 -0.092696 9.269607
32 -0.077899 7.789874
55 -0.096709 9.670872
55 -0.069773 6.977321
40 -0.069920 6.991959
59 -0.053335 5.333484
40 -0.099162 9.916161
60 -0.096383 9.638271
61 -0.098689 9.868876
63 -0.098728 9.872778
63 -0.097659 9.765940
54 -0.078385 7.838509
53 -0.087926 8.792556
25 -0.092378 9.237833
29 -0.070344 7.034416
72 -0.098116 9.811626
49 -0.097341 9.734115
25 -0.079009 7.900926
72 -0.096634 9.663361
73 -0.098507 9.850658
43 -0.092650 9.265049
75 -0.096374 9.637409
16 -0.004808 0.480830
29 -0.069344 6.934411
76 -0.098707 9.870664
77 -0.098683 9.868295
33 -0.018626 1.862598
76 -0.083231 8.323087
31 -0.057084 5.708444
69 -0.097029 9.702891
36 -0.073471 7.347091
59 -0.096872 9.687219
33 -0.079729 7.972933
21 -0.083754 8.375428
59 -0.060001 6.000126
85 -0.097614 9.761415
47 -0.087160 8.716044
21 -0.098042 9.804164
20 -0.026959 2.695875
32 -0.076302 7.630231
88 -0.097274 9.727409
23 -0.023733 2.373318
53 -0.098693 9.869340
55 -0.084856 8.485633
95 -0.097631 9.763130
29 -0.095739 9.573926
76 -0.042599 4.259913
24 -0.022940 2.293998
27 -0.098083 9.808315
51 -0.094158 9.415763
73 -0.096117 9.611658
41 -0.075762 7.576199
36 -0.084643 8.464347
25 -0.080427 8.042735
33 -0.065901 6.590078
47 -0.043072 4.307206
75 -0.099407 9.940719
77 -0.098938 9.893850
28 -0.005438 0.543758
47 -0.093707 9.370699
49 -0.072096 7.209606
19 -0.086198 8.619835
27 -0.080542 8.054194
56 -0.082941 8.294132
31 -0.097134 9.713415
57 -0.092313 9.231283
108 -0.068768 6.876843
24 -0.056068 5.606780
69 -0.098205 9.820451
45 -0.086430 8.643024
35 -0.053494 5.349429
72 -0.096760 9.676035
110 -0.098651 9.865090
21 -0.037215 3.721509
12 -0.022834 2.283415
63 -0.072102 7.210159
118 -0.098577 9.857684
40 -0.089729 8.972945
56 -0.082965 8.296458
33 -0.009338 0.933809
27 -0.091709 9.170948
41 -0.096330 9.633035
27 -0.073496 7.349558
119 -0.098092 9.809179
37 -0.087422 8.742222
29 -0.073623 7.362340
20 -0.069979 6.997922
65 -0.094509 9.450895
25 -0.088283 8.828305
20 -0.071139 7.113865
17 -0.086872 8.687182
43 -0.071916 7.191590
43 -0.086019 8.601947
110 -0.097206 9.720618
35 -0.087136 8.713569
86 -0.098357 9.835663
73 -0.093118 9.311830
39 -0.082723 8.272319
21 -0.047556 4.755638
69 -0.099556 9.955571
37 -0.086831 8.683125
29 -0.033415 3.341539
40 -0.099694 9.969371
41 -0.089972 8.997227
32 -0.082419 8.241949
63 -0.084660 8.466042
122 -0.095332 9.533176
107 -0.095676 9.567631
39 -0.094688 9.468813
19 -0.069754 6.975401
118 -0.083212 8.321218
39 -0.096078 9.607807
39 -0.021957 2.195718
141 -0.091869 9.186861
41 -0.022928 2.292838
111 -0.099683 9.968255
55 -0.091595 9.159463
11 -0.088292 8.829219
71 -0.095222 9.522186
48 -0.098338 9.833799
36 -0.092912 9.291188
56 -0.076621 7.662094
96 -0.092987 9.298723
68 -0.092074 9.207421
24 -0.066053 6.605317
69 -0.063598 6.359789
28 -0.094255 9.425546
44 -0.091834 9.183353
48 -0.093015 9.301511
71 -0.090976 9.097610
31 -0.061628 6.162832
40 -0.082419 8.241863
72 -0.075259 7.525924
96 -0.096632 9.663169
48 -0.066906 6.690576
48 -0.082159 8.215920
36 -0.037456 3.745643
37 -0.058010 5.801032
107 -0.089112 8.911169
132 -0.097720 9.772036
48 -0.096748 9.674770
94 -0.083289 8.328947
100 -0.099588 9.958798
118 -0.089584 8.958448
159 -0.098941 9.894055
91 -0.098976 9.897574
123 -0.096597 9.659679
67 -0.096555 9.655469
168 -0.084747 8.474656
118 -0.067694 6.769439
136 -0.095293 9.529290
118 -0.099089 9.908886
103 -0.096036 9.603650
153 -0.095111 9.511144
99 -0.088088 8.808757
119 -0.079712 7.971222
140 -0.097190 9.718998
99 -0.075114 7.511360
114 -0.098656 9.865586
138 -0.099572 9.957195
133 -0.053084 5.308401
151 -0.093112 9.311225
145 -0.029677 2.967656
177 -0.037843 3.784295
176 -0.092664 9.266399
210 -0.097869 9.786943
