7 -0.002170 0.217025
7 -0.031507 3.150731
11 -0.090696 9.069597
11 -0.093840 9.384019
16 -0.055819 5.581863
16 -0.066926 6.692640
17 -0.097445 9.744521
20 -0.010366 1.036554
21 -0.008791 0.879084
23 -0.067807 6.780702
23 -0.016730 1.672977
23 -0.093036 9.303628
23 -0.068931 6.893084
24 -0.063345 6.334522
25 -0.081799 8.179927
16 -0.024207 2.420699
28 -0.049519 4.951910
11 -0.036557 3.655665
28 -0.090158 9.015846
29 -0.003178 0.317764
29 -0.076383 7.638286
31 -0.089823 8.982302
31 -0.053704 5.370435
32 -0.056459 5.645918
32 -0.084031 8.403060
31 -0.092036 9.203551
35 -0.037022 3.702170
19 -0.043807 4.380654
28 -0.097301 9.730064
40 -0.068824 6.882447
40 -0.066517 6.651708
42 -0.048830 4.883026
43 -0.022808 2.280793
45 -0.062269 6.226927
45 -0.041611 4.161069
45 -0.048317 4.831679
45 -0.024852 2.485240
47 -0.053180 5.317994
47 -0.073312 7.331210
47 -0.011980 1.198024
49 -0.022377 2.237657
31 -0.044495 4.449543
53 -0.034769 3.476858
53 -0.090531 9.053080
41 -0.026335 2.633482
56 -0.005371 0.537121
56 -0.088726 8.872623
56 -0.043927 4.392693
32 -0.007125 0.712546
53 -0.038080 3.808019
32 -0.035982 3.598246
35 -0.070517 7.051718
59 -0.090486 9.048596
32 -0.030356 3.035645
56 -0.043184 4.318440
33 -0.052716 5.271577
53 -0.055374 5.537415
43 -0.042903 4.290313
64 -0.067293 6.729341
64 -0.047668 4.766769
33 -0.050428 5.042815
23 -0.033097 3.309714
67 -0.041876 4.187565
69 -0.030867 3.086680
29 -0.012787 1.278748
51 -0.028774 2.877440
50 -0.013416 1.341572
49 -0.012321 1.232090
21 -0.070151 7.015113
36 -0.025433 2.543304
36 -0.036895 3.689512
40 -0.094233 9.423339
73 -0.043122 4.312192
60 -0.066675 6.667529
57 -0.039968 3.996806
49 -0.073792 7.379160
33 -0.024463 2.446260
23 -0.067211 6.721064
43 -0.044252 4.425225
55 -0.003393 0.339333
24 -0.021808 2.180758
23 -0.092797 9.279738
39 -0.057475 5.747497
63 -0.092360 9.236000
55 -0.039255 3.925495
43 -0.063167 6.316709
44 -0.095763 9.576324
11 -0.040839 4.083931
29 -0.088088 8.808797
7 -0.039508 3.950774
33 -0.024503 2.450272
20 -0.072285 7.228503
83 -0.033498 3.349771
44 -0.036347 3.634687
23 -0.057953 5.795284
24 -0.092105 9.210452
19 -0.046939 4.693943
29 -0.054397 5.439732
40 -0.067540 6.753974
88 -0.001613 0.161348
52 -0.064860 6.486011
39 -0.018210 1.820958
24 -0.075654 7.565360
44 -0.058046 5.804575
36 -0.079949 7.994909
68 -0.015259 1.525859
25 -0.072280 7.228006
72 -0.035631 3.563144
48 -0.074404 7.440355
25 -0.083707 8.370748
40 -0.004391 0.439067
39 -0.015755 1.575544
55 -0.059064 5.906446
33 -0.093504 9.350357
52 -0.054219 5.421892
31 -0.024323 2.432282
39 -0.097031 9.703144
39 -0.042831 4.283126
40 -0.011971 1.197072
57 -0.062852 6.285182
17 -0.041284 4.128386
28 -0.005270 0.527045
45 -0.018021 1.802117
33 -0.024489 2.448911
41 -0.099480 9.947959
67 -0.019000 1.899974
53 -0.089714 8.971398
33 -0.005017 0.501667
33 -0.049948 4.994782
52 -0.074195 7.419473
44 -0.017860 1.786038
32 -0.094378 9.437787
43 -0.026959 2.695904
57 -0.001956 0.195604
37 -0.097070 9.707032
27 -0.037905 3.790503
44 -0.083053 8.305341
31 -0.070484 7.048430
7 -0.032949 3.294913
52 -0.083711 8.371084
37 -0.082968 8.296834
52 -0.092336 9.233572
42 -0.013382 1.338224
49 -0.052591 5.259109
39 -0.060919 6.091895
47 -0.037985 3.798483
9 -0.092257 9.225688
61 -0.063816 6.381593
48 -0.098136 9.813612
52 -0.080290 8.028996
57 -0.023555 2.355496
39 -0.028382 2.838220
79 -0.016557 1.655716
77 -0.046114 4.611358
15 -0.039469 3.946897
51 -0.093241 9.324096
47 -0.042399 4.239903
43 -0.068503 6.850304
49 -0.009937 0.993676
43 -0.073777 7.377663
21 -0.025760 2.575986
75 -0.021390 2.138977
36 -0.014060 1.406011
28 -0.050519 5.051922
33 -0.077846 7.784593
49 -0.098857 9.885698
33 -0.050421 5.042100
69 -0.079361 7.936061
47 -0.091531 9.153122
68 -0.088850 8.884991
41 -0.093380 9.338003
33 -0.000230 0.023003
49 -0.045077 4.507670
71 -0.078458 7.845793
37 -0.041757 4.175684
75 -0.008610 0.860994
32 -0.033969 3.396940
33 -0.017794 1.779351
36 -0.093254 9.325363
43 -0.089821 8.982124
67 -0.036977 3.697682
71 -0.035859 3.585930
52 -0.040539 4.053916
37 -0.078629 7.862946
48 -0.035296 3.529589
48 -0.045905 4.590479
48 -0.013587 1.358655
48 -0.044560 4.456002
40 -0.056167 5.616672
60 -0.070029 7.002910
47 -0.042718 4.271827
49 -0.031946 3.194609
59 -0.048812 4.881230
64 -0.055867 5.586745
49 -0.070937 7.093668
65 -0.067128 6.712839
72 -0.056916 5.691612
57 -0.087346 8.734616
77 -0.008340 0.834020
81 -0.054251 5.425054
