47 -0.057859 5.785942
47 -0.039854 3.985379
52 -0.099530 9.952951
68 -0.097111 9.711073
72 -0.098992 9.899169
81 -0.081436 8.143614
84 -0.061353 6.135345
85 -0.082368 8.236822
89 -0.034722 3.472160
91 -0.041607 4.160714
93 -0.021302 2.130184
93 -0.026158 2.615835
92 -0.097300 9.729977
93 -0.027518 2.751779
96 -0.020162 2.016232
96 -0.034024 3.402435
99 -0.049586 4.958627
101 -0.037211 3.721087
101 -0.046291 4.629072
103 -0.061683 6.168314
103 -0.031285 3.128531
103 -0.092292 9.229184
105 -0.027671 2.767148
104 -0.059560 5.956038
108 -0.062102 6.210242
112 -0.044990 4.498962
111 -0.074572 7.457225
73 -0.059985 5.998492
113 -0.025002 2.500156
116 -0.042973 4.297334
116 -0.020221 2.022070
119 -0.034126 3.412625
121 -0.014647 1.464662
120 -0.022685 2.268470
123 -0.020579 2.057878
127 -0.020925 2.092531
132 -0.018071 1.807050
130 -0.036961 3.696136
132 -0.013226 1.322585
132 -0.034753 3.475252
137 -0.014933 1.493312
141 -0.054387 5.438670
100 -0.040938 4.093841
91 -0.057182 5.718231
160 -0.022680 2.267992
73 -0.027936 2.793632
83 -0.054345 5.434516
88 -0.037670 3.767024
84 -0.007493 0.749340
107 -0.049037 4.903684
77 -0.096877 9.687736
183 -0.033379 3.337920
96 -0.083665 8.366451
99 -0.066351 6.635078
92 -0.061700 6.169986
96 -0.072470 7.247005
129 -0.022256 2.225611
95 -0.021843 2.184264
99 -0.014866 1.486617
111 -0.075869 7.586898
119 -0.019375 1.937453
113 -0.038132 3.813250
85 -0.009944 0.994444
93 -0.037907 3.790738
124 -0.043227 4.322717
121 -0.031683 3.168309
108 -0.018070 1.807017
111 -0.014530 1.452968
115 -0.024744 2.474418
96 -0.031237 3.123715
115 -0.028578 2.857782
125 -0.053708 5.370828
113 -0.029249 2.924874
101 -0.022882 2.288217
61 -0.023805 2.380505
104 -0.022063 2.206332
105 -0.030800 3.080034
84 -0.033466 3.346621
141 -0.021296 2.129628
71 -0.044492 4.449243
54 -0.074026 7.402580
87 -0.022545 2.254492
239 -0.011688 1.168822
141 -0.027275 2.727497
69 -0.051402 5.140232
99 -0.045027 4.502662
139 -0.014750 1.474983
88 -0.086313 8.631319
135 -0.020860 2.086012
88 -0.023344 2.334395
156 -0.037262 3.726154
95 -0.051778 5.177828
83 -0.028386 2.838559
231 -0.016161 1.616084
179 -0.023689 2.368853
97 -0.076484 7.648436
157 -0.022973 2.297310
278 -0.016936 1.693579
101 -0.033492 3.349199
101 -0.079854 7.985425
107 -0.035292 3.529163
104 -0.025441 2.544114
159 -0.025831 2.583126
80 -0.016094 1.609371
89 -0.040124 4.012383
95 -0.063394 6.339390
89 -0.023944 2.394438
67 -0.069856 6.985560
228 -0.016319 1.631852
144 -0.045176 4.517576
172 -0.017152 1.715231
91 -0.063242 6.324173
148 -0.008706 0.870642
73 -0.066228 6.622782
129 -0.017626 1.762647
69 -0.032308 3.230841
99 -0.028374 2.837357
128 -0.025201 2.520065
155 -0.030827 3.082685
148 -0.095622 9.562161
138 -0.024409 2.440874
68 -0.023958 2.395810
103 -0.023319 2.331868
127 -0.012546 1.254619
96 -0.041256 4.125635
137 -0.013116 1.311646
89 -0.050380 5.037963
47 -0.088553 8.855255
93 -0.016775 1.677480
147 -0.018093 1.809293
105 -0.037462 3.746226
99 -0.048848 4.884783
139 -0.046236 4.623647
95 -0.025003 2.500312
161 -0.018934 1.893387
119 -0.094053 9.405314
64 -0.043536 4.353629
76 -0.072772 7.277210
159 -0.014227 1.422675
151 -0.028899 2.889864
114 -0.014068 1.406785
128 -0.025492 2.549161
97 -0.031618 3.161767
92 -0.084196 8.419640
195 -0.011230 1.122964
97 -0.057158 5.715750
104 -0.086926 8.692612
101 -0.016143 1.614318
196 -0.019509 1.950927
123 -0.016601 1.660078
138 -0.092570 9.256958
132 -0.015014 1.501357
135 -0.030040 3.004045
113 -0.061118 6.111782
68 -0.073603 7.360335
199 -0.068239 6.823890
104 -0.015293 1.529291
95 -0.018673 1.867263
41 -0.074098 7.409811
164 -0.022899 2.289902
117 -0.028266 2.826597
87 -0.084565 8.456473
84 -0.017134 1.713367
171 -0.018951 1.895099
257 -0.024134 2.413422
88 -0.050426 5.042624
109 -0.027821 2.782104
119 -0.012378 1.237827
59 -0.070504 7.050441
73 -0.080358 8.035786
83 -0.095374 9.537403
126 -0.087374 8.737377
124 -0.019790 1.978967
109 -0.020934 2.093365
233 -0.016893 1.689261
96 -0.026653 2.665278
132 -0.041398 4.139834
105 -0.032999 3.299875
116 -0.029924 2.992414
141 -0.020070 2.007013
101 -0.060372 6.037199
97 -0.014795 1.479474
187 -0.027651 2.765084
115 -0.020902 2.090161
189 -0.015009 1.500947
115 -0.057619 5.761867
123 -0.029324 2.932377
151 -0.063581 6.358144
176 -0.030188 3.018814
152 -0.055469 5.546913
224 -0.023275 2.327451
194 -0.077850 7.785013
295 -0.021306 2.130621
332 -0.015580 1.557994
608 -0.044082 4.408155
517 -0.017106 1.710649
645 -0.016629 1.662874
674 -0.035145 3.514450
failed to find solution in 1200 iterations and 1192 function evals
failed to find solution in 1200 iterations and 1175 function evals
