22 -0.057022 5.702183
22 -0.029930 2.993041
22 -0.073862 7.386165
24 -0.095682 9.568202
24 -0.051247 5.124654
26 -0.054856 5.485608
26 -0.061677 6.167695
8 -0.071773 7.177286
29 -0.054546 5.454582
29 -0.095621 9.562062
29 -0.076925 7.692471
29 -0.081012 8.101214
29 -0.064377 6.437739
29 -0.071671 7.167143
31 -0.095209 9.520919
31 -0.024486 2.448626
31 -0.046954 4.695355
33 -0.096646 9.664598
33 -0.033231 3.323059
33 -0.024868 2.486798
33 -0.017789 1.778901
33 -0.085055 8.505508
33 -0.090623 9.062251
36 -0.028612 2.861241
36 -0.052233 5.223349
15 -0.072368 7.236753
19 -0.077131 7.713072
38 -0.006506 0.650559
38 -0.075680 7.567998
38 -0.028000 2.800041
38 -0.024481 2.448115
43 -0.016821 1.682111
43 -0.064417 6.441729
43 -0.062188 6.218781
43 -0.094498 9.449759
43 -0.077642 7.764216
45 -0.047944 4.794370
45 -0.087255 8.725534
19 -0.068724 6.872396
24 -0.022279 2.227936
47 -0.075547 7.554742
10 -0.004342 0.434155
50 -0.030598 3.059763
50 -0.057071 5.707130
26 -0.022870 2.286979
52 -0.096928 9.692772
52 -0.055060 5.505950
26 -0.045352 4.535169
54 -0.097306 9.730597
54 -0.048564 4.856353
24 -0.094186 9.418551
29 -0.013501 1.350098
33 -0.099837 9.983747
57 -0.038263 3.826329
57 -0.099093 9.909251
40 -0.046570 4.656974
59 -0.089607 8.960671
38 -0.027270 2.727035
31 -0.028681 2.868079
8 -0.021650 2.165017
33 -0.034334 3.433411
43 -0.094898 9.489793
36 -0.098327 9.832719
66 -0.086050 8.604967
40 -0.088418 8.841761
52 -0.016747 1.674681
43 -0.075475 7.547483
52 -0.049385 4.938542
68 -0.057961 5.796111
29 -0.028871 2.887080
68 -0.082679 8.267928
29 -0.039322 3.932167
45 -0.086164 8.616416
47 -0.017178 1.717846
36 -0.026805 2.680518
36 -0.026553 2.655335
45 -0.090548 9.054842
40 -0.055346 5.534594
40 -0.005256 0.525632
38 -0.003524 0.352441
50 -0.097955 9.795482
29 -0.051635 5.163521
43 -0.067693 6.769347
26 -0.003596 0.359563
50 -0.082374 8.237366
33 -0.045237 4.523670
40 -0.007536 0.753607
36 -0.078963 7.896256
61 -0.036530 3.652997
33 -0.037956 3.795625
29 -0.082668 8.266771
36 -0.028132 2.813217
29 -0.071704 7.170396
22 -0.030761 3.076082
66 -0.076217 7.621691
45 -0.052205 5.220473
31 -0.024317 2.431702
43 -0.076322 7.632207
29 -0.037576 3.757628
45 -0.037502 3.750159
75 -0.064490 6.448968
43 -0.041817 4.181675
19 -0.060652 6.065242
52 -0.058106 5.810576
57 -0.072509 7.250931
31 -0.070193 7.019341
43 -0.030203 3.020335
75 -0.089684 8.968397
72 -0.071784 7.178363
26 -0.085431 8.543054
36 -0.022015 2.201514
22 -0.070672 7.067225
38 -0.035457 3.545690
38 -0.049627 4.962686
24 -0.021749 2.174867
15 -0.045141 4.514140
33 -0.041518 4.151751
40 -0.058509 5.850892
29 -0.040333 4.033260
17 -0.081428 8.142840
36 -0.052362 5.236228
26 -0.071326 7.132594
38 -0.099163 9.916315
29 -0.025281 2.528056
45 -0.045175 4.517470
22 -0.077420 7.742029
33 -0.077927 7.792750
36 -0.043251 4.325109
66 -0.070190 7.019009
22 -0.084793 8.479266
52 -0.059089 5.908912
29 -0.086905 8.690510
33 -0.087353 8.735326
82 -0.095753 9.575345
31 -0.077134 7.713407
66 -0.071202 7.120249
54 -0.061196 6.119619
29 -0.034000 3.399951
47 -0.091909 9.190934
10 -0.000382 0.038222
54 -0.064470 6.447020
31 -0.031846 3.184613
38 -0.059965 5.996512
73 -0.083270 8.326970
33 -0.042108 4.210793
36 -0.042231 4.223102
41 -0.058548 5.854783
29 -0.088472 8.847210
8 -0.012321 1.232140
40 -0.069038 6.903789
43 -0.087055 8.705541
26 -0.072556 7.255644
43 -0.092758 9.275789
54 -0.098994 9.899352
43 -0.035785 3.578495
43 -0.009621 0.962072
38 -0.055799 5.579920
52 -0.037458 3.745847
40 -0.079683 7.968322
45 -0.069212 6.921177
45 -0.028190 2.819043
57 -0.077796 7.779565
15 -0.046010 4.601034
33 -0.062239 6.223915
17 -0.087913 8.791283
38 -0.086771 8.677080
52 -0.071777 7.177729
31 -0.003128 0.312757
68 -0.090791 9.079076
64 -0.084674 8.467448
38 -0.015180 1.517983
71 -0.038752 3.875210
40 -0.094598 9.459793
47 -0.089143 8.914344
36 -0.095054 9.505442
40 -0.072233 7.223281
38 -0.038824 3.882379
36 -0.064128 6.412799
50 -0.085783 8.578267
36 -0.094338 9.433814
36 -0.086178 8.617756
68 -0.005417 0.541694
45 -0.069373 6.937259
54 -0.094814 9.481383
54 -0.083057 8.305707
85 -0.032432 3.243245
59 -0.058663 5.866342
64 -0.080803 8.080290
59 -0.046377 4.637732
61 -0.039733 3.973297
50 -0.099468 9.946792
59 -0.099828 9.982810
52 -0.091791 9.179095
110 -0.059849 5.984912
43 -0.095440 9.543958
43 -0.090950 9.095047
89 -0.090885 9.088522
54 -0.051132 5.113227
73 -0.091708 9.170791
106 -0.066607 6.660738
