36 -0.089874 8.987427
78 -0.092140 9.213963
82 -0.001759 0.175864
85 -0.087498 8.749844
89 -0.077771 7.777089
61 -0.091350 9.135030
96 -0.036304 3.630362
99 -0.073672 7.367164
115 -0.033650 3.365037
120 -0.027776 2.777595
121 -0.056804 5.680426
122 -0.080991 8.099117
122 -0.064857 6.485711
126 -0.028220 2.822034
127 -0.075075 7.507498
135 -0.052721 5.272113
64 -0.032627 3.262692
147 -0.092840 9.284020
96 -0.087117 8.711717
179 -0.056309 5.630941
178 -0.075245 7.524481
191 -0.077721 7.772137
106 -0.075783 7.578304
199 -0.057949 5.794915
92 -0.057507 5.750743
113 -0.066506 6.650616
231 -0.072527 7.252731
232 -0.097359 9.735862
233 -0.040997 4.099655
136 -0.097529 9.752861
108 -0.034648 3.464793
187 -0.061919 6.191915
91 -0.048084 4.808372
85 -0.026721 2.672080
71 -0.077216 7.721602
303 -0.024068 2.406752
116 -0.077809 7.780855
82 -0.059593 5.959336
344 -0.062065 6.206487
159 -0.059046 5.904555
214 -0.068690 6.868973
169 -0.056521 5.652141
381 -0.075664 7.566360
65 -0.037836 3.783623
173 -0.092399 9.239872
98 -0.025759 2.575913
223 -0.046936 4.693613
324 -0.038179 3.817861
475 -0.057792 5.779224
180 -0.023791 2.379103
94 -0.031555 3.155452
302 -0.055547 5.554709
584 -0.045461 4.546145
653 -0.073789 7.378933
366 -0.077194 7.719389
