57 -0.021829 2.182925
67 -0.079401 7.940051
68 -0.077620 7.762012
69 -0.042443 4.244273
69 -0.027932 2.793187
71 -0.074676 7.467630
73 -0.027305 2.730462
79 -0.063278 6.327813
80 -0.079605 7.960513
84 -0.062686 6.268624
86 -0.044304 4.430384
88 -0.053683 5.368324
89 -0.048073 4.807307
92 -0.037290 3.728980
92 -0.019828 1.982756
95 -0.082547 8.254652
97 -0.017656 1.765606
97 -0.037282 3.728169
101 -0.045257 4.525672
104 -0.068281 6.828083
104 -0.099301 9.930100
105 -0.013142 1.314156
59 -0.022075 2.207475
108 -0.038977 3.897721
108 -0.048152 4.815218
109 -0.031442 3.144218
111 -0.018464 1.846359
129 -0.085393 8.539300
132 -0.098500 9.849953
135 -0.058392 5.839210
134 -0.019470 1.946996
136 -0.037284 3.728355
136 -0.020524 2.052411
146 -0.013072 1.307232
73 -0.088424 8.842391
145 -0.032595 3.259496
151 -0.083866 8.386649
99 -0.033397 3.339670
154 -0.040516 4.051628
156 -0.009023 0.902346
157 -0.010492 1.049199
85 -0.096066 9.606565
113 -0.020668 2.066804
93 -0.015195 1.519514
172 -0.016503 1.650282
116 -0.087217 8.721688
96 -0.075572 7.557220
115 -0.085621 8.562092
68 -0.027832 2.783220
184 -0.041917 4.191747
182 -0.023033 2.303271
187 -0.035690 3.569008
92 -0.093328 9.332751
70 -0.097216 9.721567
135 -0.029487 2.948667
119 -0.066417 6.641654
87 -0.049783 4.978306
202 -0.015956 1.595590
208 -0.011265 1.126479
93 -0.013381 1.338078
125 -0.017321 1.732063
123 -0.030297 3.029725
77 -0.017228 1.722845
133 -0.060915 6.091467
216 -0.015370 1.536958
219 -0.027226 2.722565
91 -0.047271 4.727097
145 -0.019356 1.935637
141 -0.011638 1.163850
57 -0.082957 8.295654
174 -0.015294 1.529393
76 -0.087732 8.773174
43 -0.093518 9.351778
75 -0.052643 5.264344
124 -0.015665 1.566502
56 -0.025094 2.509437
103 -0.022255 2.225465
92 -0.026163 2.616291
72 -0.046080 4.607994
160 -0.024094 2.409352
187 -0.022329 2.232939
179 -0.012009 1.200873
132 -0.019448 1.944787
132 -0.028094 2.809404
96 -0.042070 4.206979
65 -0.056196 5.619579
209 -0.021970 2.197049
193 -0.014485 1.448527
48 -0.075599 7.559939
70 -0.052517 5.251710
113 -0.020689 2.068855
119 -0.060749 6.074925
140 -0.062563 6.256319
187 -0.011485 1.148526
118 -0.071902 7.190184
120 -0.033319 3.331943
88 -0.035352 3.535225
149 -0.024520 2.452008
159 -0.011636 1.163608
111 -0.064067 6.406678
205 -0.019021 1.902111
95 -0.025518 2.551847
133 -0.006638 0.663813
171 -0.015252 1.525204
231 -0.021254 2.125378
147 -0.030583 3.058305
251 -0.033769 3.376916
111 -0.075184 7.518381
107 -0.017659 1.765945
100 -0.043798 4.379755
115 -0.021610 2.161046
104 -0.015443 1.544349
81 -0.023216 2.321621
128 -0.043165 4.316525
49 -0.022390 2.239003
123 -0.037772 3.777162
129 -0.015850 1.584958
149 -0.026403 2.640315
87 -0.047386 4.738568
84 -0.011759 1.175918
119 -0.028847 2.884659
137 -0.014024 1.402372
67 -0.013760 1.375957
104 -0.023918 2.391827
96 -0.052698 5.269813
76 -0.025034 2.503446
111 -0.012795 1.279530
71 -0.066158 6.615846
108 -0.004947 0.494738
63 -0.088775 8.877507
104 -0.021324 2.132431
179 -0.039944 3.994431
163 -0.021190 2.119010
96 -0.014931 1.493065
129 -0.010096 1.009563
341 -0.045481 4.548130
97 -0.019420 1.941960
135 -0.029045 2.904525
140 -0.039547 3.954708
83 -0.041092 4.109179
160 -0.010842 1.084205
144 -0.042882 4.288230
81 -0.036015 3.601526
99 -0.063380 6.337973
163 -0.045860 4.586044
172 -0.090914 9.091435
104 -0.010918 1.091805
281 -0.038028 3.802785
85 -0.030252 3.025248
61 -0.054292 5.429168
106 -0.078060 7.805985
188 -0.035085 3.508451
114 -0.010943 1.094278
79 -0.004364 0.436409
96 -0.078993 7.899283
123 -0.030038 3.003818
191 -0.034116 3.411595
56 -0.056828 5.682827
96 -0.060592 6.059164
153 -0.052476 5.247550
177 -0.078889 7.888929
87 -0.019906 1.990600
104 -0.031382 3.138158
91 -0.031805 3.180540
92 -0.024229 2.422866
119 -0.028448 2.844842
153 -0.016356 1.635613
393 -0.010041 1.004114
53 -0.015805 1.580495
88 -0.003684 0.368378
153 -0.032122 3.212217
71 -0.077871 7.787116
194 -0.020142 2.014242
93 -0.021208 2.120790
115 -0.010463 1.046270
187 -0.013453 1.345317
91 -0.032376 3.237578
128 -0.033249 3.324927
87 -0.098305 9.830521
182 -0.096573 9.657333
123 -0.065634 6.563361
73 -0.053344 5.334448
144 -0.026336 2.633581
107 -0.043953 4.395311
141 -0.035289 3.528904
121 -0.023476 2.347583
166 -0.015498 1.549788
152 -0.018560 1.855971
131 -0.034291 3.429052
129 -0.022786 2.278620
205 -0.017363 1.736343
202 -0.014504 1.450389
149 -0.014766 1.476604
148 -0.022815 2.281532
145 -0.084240 8.424043
180 -0.042890 4.288982
237 -0.026185 2.618506
246 -0.046257 4.625691
312 -0.010025 1.002459
343 -0.036053 3.605289
