7 -0.001990 0.199033
8 -0.097283 9.728310
9 -0.003918 0.391759
12 -0.091562 9.156250
20 -0.001811 0.181052
22 -0.085410 8.541018
23 -0.077444 7.744386
24 -0.070106 7.010629
23 -0.082066 8.206591
25 -0.095888 9.588791
26 -0.073299 7.329908
27 -0.068490 6.849037
29 -0.031207 3.120670
31 -0.073045 7.304468
32 -0.082878 8.287780
33 -0.066106 6.610582
34 -0.058379 5.837891
36 -0.057728 5.772752
32 -0.063761 6.376064
36 -0.031113 3.111272
37 -0.071954 7.195358
37 -0.082320 8.231970
37 -0.093164 9.316423
37 -0.085496 8.549582
39 -0.066131 6.613141
39 -0.039781 3.978061
21 -0.099387 9.938668
25 -0.063230 6.322982
44 -0.087191 8.719115
44 -0.084954 8.495432
44 -0.056289 5.628889
47 -0.095860 9.585966
47 -0.087242 8.724165
48 -0.048434 4.843370
7 -0.016489 1.648928
29 -0.070225 7.022494
51 -0.044372 4.437217
56 -0.090282 9.028186
56 -0.075317 7.531697
56 -0.099462 9.946238
40 -0.075517 7.551681
32 -0.095502 9.550166
29 -0.085891 8.589062
63 -0.010879 1.087858
40 -0.095154 9.515392
47 -0.025234 2.523371
67 -0.042331 4.233089
29 -0.017818 1.781820
13 -0.098455 9.845544
44 -0.059195 5.919532
69 -0.097794 9.779408
71 -0.078466 7.846637
36 -0.063664 6.366412
28 -0.049106 4.910603
43 -0.047459 4.745907
80 -0.098779 9.877858
43 -0.084448 8.444756
76 -0.034542 3.454171
55 -0.055611 5.561062
27 -0.018561 1.856129
67 -0.069887 6.988663
80 -0.098785 9.878512
84 -0.047142 4.714240
49 -0.090753 9.075262
59 -0.093081 9.308134
89 -0.099290 9.928994
89 -0.099457 9.945743
43 -0.096909 9.690854
79 -0.094528 9.452839
95 -0.020346 2.034574
95 -0.094512 9.451160
83 -0.096171 9.617122
45 -0.066459 6.645886
39 -0.087315 8.731464
43 -0.001704 0.170446
96 -0.004191 0.419086
71 -0.072424 7.242358
47 -0.057650 5.764991
25 -0.076807 7.680731
23 -0.058332 5.833171
27 -0.082217 8.221723
104 -0.048461 4.846052
83 -0.089622 8.962242
63 -0.098094 9.809383
21 -0.040800 4.080013
16 -0.024084 2.408384
85 -0.090964 9.096367
52 -0.067641 6.764080
31 -0.059971 5.997129
65 -0.097942 9.794164
16 -0.047104 4.710369
7 -0.002114 0.211378
67 -0.090344 9.034373
7 -0.064587 6.458675
36 -0.094582 9.458242
21 -0.003307 0.330682
52 -0.095568 9.556838
89 -0.091088 9.108762
26 -0.082325 8.232490
28 -0.094358 9.435846
7 -0.048669 4.866907
89 -0.098159 9.815927
63 -0.032577 3.257728
47 -0.067023 6.702339
20 -0.094644 9.464361
49 -0.066495 6.649458
88 -0.037963 3.796278
89 -0.098546 9.854559
71 -0.097650 9.765020
43 -0.095519 9.551904
15 -0.095792 9.579231
71 -0.002306 0.230586
39 -0.089903 8.990302
27 -0.088624 8.862427
21 -0.003194 0.319384
69 -0.098018 9.801846
7 -0.066082 6.608222
101 -0.096505 9.650463
12 -0.021973 2.197317
73 -0.090938 9.093848
53 -0.099773 9.977327
49 -0.089903 8.990329
33 -0.066861 6.686065
60 -0.097409 9.740929
71 -0.098116 9.811588
28 -0.052559 5.255894
68 -0.089150 8.915034
32 -0.096000 9.599976
51 -0.062586 6.258557
63 -0.020505 2.050507
11 -0.040347 4.034743
19 -0.093497 9.349707
64 -0.047413 4.741322
80 -0.047031 4.703117
80 -0.095330 9.533030
29 -0.061557 6.155734
47 -0.080412 8.041152
21 -0.069625 6.962532
28 -0.090463 9.046334
27 -0.089388 8.938837
135 -0.076310 7.631027
32 -0.016595 1.659540
32 -0.059972 5.997207
48 -0.089881 8.988115
40 -0.095951 9.595105
128 -0.077513 7.751306
36 -0.097656 9.765635
13 -0.089894 8.989390
48 -0.082987 8.298713
64 -0.095603 9.560301
16 -0.059261 5.926085
59 -0.043914 4.391423
35 -0.040285 4.028536
41 -0.057031 5.703058
19 -0.090918 9.091775
53 -0.096159 9.615891
36 -0.069328 6.932793
130 -0.097448 9.744763
88 -0.098442 9.844238
138 -0.000980 0.098032
16 -0.054928 5.492755
36 -0.098315 9.831531
37 -0.097631 9.763124
55 -0.099049 9.904947
41 -0.099936 9.993613
58 -0.028014 2.801371
89 -0.061375 6.137498
169 -0.098110 9.810983
84 -0.068140 6.814016
52 -0.032494 3.249412
47 -0.036326 3.632563
80 -0.077584 7.758352
65 -0.072612 7.261152
57 -0.059551 5.955085
98 -0.078254 7.825375
125 -0.096859 9.685902
43 -0.000029 0.002928
52 -0.059803 5.980332
56 -0.009602 0.960243
61 -0.098353 9.835278
71 -0.068422 6.842189
111 -0.093590 9.359036
101 -0.088703 8.870314
61 -0.083068 8.306800
65 -0.009991 0.999140
81 -0.003668 0.366775
107 -0.036513 3.651288
101 -0.056117 5.611720
73 -0.085705 8.570466
88 -0.047333 4.733280
141 -0.026196 2.619586
95 -0.090758 9.075822
126 -0.099427 9.942679
103 -0.096672 9.667169
95 -0.047606 4.760570
101 -0.099035 9.903477
142 -0.015090 1.509005
115 -0.022144 2.214390
121 -0.098300 9.829961
109 -0.049829 4.982877
