53 -0.071805 7.180463
59 -0.043023 4.302283
67 -0.067315 6.731493
69 -0.079110 7.911034
83 -0.075132 7.513214
85 -0.069033 6.903301
86 -0.081967 8.196655
89 -0.078410 7.841029
91 -0.058342 5.834190
92 -0.042204 4.220437
92 -0.017088 1.708843
95 -0.030445 3.044460
96 -0.032743 3.274343
95 -0.038150 3.814965
104 -0.014816 1.481587
103 -0.081801 8.180117
105 -0.022643 2.264283
111 -0.022335 2.233488
111 -0.066254 6.625357
109 -0.024621 2.462052
113 -0.031793 3.179305
112 -0.012319 1.231869
115 -0.032181 3.218064
116 -0.023996 2.399625
117 -0.038384 3.838422
119 -0.067026 6.702649
121 -0.016037 1.603699
124 -0.007638 0.763824
127 -0.044357 4.435653
131 -0.036351 3.635085
135 -0.028531 2.853071
135 -0.015988 1.598774
135 -0.031735 3.173517
139 -0.027010 2.701024
145 -0.080988 8.098794
144 -0.014598 1.459758
148 -0.024257 2.425651
71 -0.091323 9.132254
149 -0.019638 1.963828
89 -0.022666 2.266593
155 -0.020445 2.044544
155 -0.034815 3.481469
104 -0.026283 2.628272
53 -0.089257 8.925653
156 -0.096443 9.644291
153 -0.017529 1.752943
60 -0.006676 0.667626
172 -0.015182 1.518234
88 -0.030471 3.047104
119 -0.043246 4.324551
87 -0.022841 2.284110
95 -0.019110 1.910994
183 -0.028229 2.822919
109 -0.068640 6.863993
84 -0.089823 8.982253
189 -0.024878 2.487821
107 -0.050641 5.064119
107 -0.037966 3.796647
197 -0.020476 2.047551
92 -0.015545 1.554539
121 -0.066988 6.698804
96 -0.067171 6.717108
116 -0.039869 3.986861
113 -0.021449 2.144879
128 -0.099068 9.906804
84 -0.043598 4.359844
99 -0.012587 1.258655
127 -0.028890 2.889012
116 -0.067617 6.761665
116 -0.018324 1.832375
88 -0.061970 6.196962
133 -0.021759 2.175889
83 -0.062529 6.252887
127 -0.023946 2.394618
104 -0.018882 1.888196
111 -0.070453 7.045272
117 -0.023397 2.339708
69 -0.013043 1.304296
63 -0.048811 4.881066
113 -0.091321 9.132117
208 -0.018107 1.810722
115 -0.017279 1.727851
119 -0.023175 2.317489
117 -0.017040 1.704013
108 -0.024419 2.441854
144 -0.018227 1.822665
172 -0.020312 2.031209
267 -0.022298 2.229839
94 -0.057433 5.743251
100 -0.041098 4.109845
140 -0.017332 1.733209
84 -0.040490 4.048985
100 -0.034040 3.404037
75 -0.011283 1.128266
116 -0.021367 2.136663
121 -0.013277 1.327725
144 -0.053326 5.332558
105 -0.034248 3.424780
76 -0.055241 5.524116
199 -0.018554 1.855413
125 -0.023512 2.351213
109 -0.037797 3.779743
93 -0.019976 1.997640
143 -0.044182 4.418160
79 -0.012865 1.286513
189 -0.038634 3.863375
103 -0.033207 3.320729
99 -0.051215 5.121521
142 -0.021140 2.114038
89 -0.008488 0.848802
200 -0.024673 2.467272
92 -0.032620 3.261962
95 -0.024850 2.484952
103 -0.036050 3.605027
153 -0.025387 2.538675
87 -0.042153 4.215335
103 -0.025760 2.575993
100 -0.025236 2.523593
85 -0.056325 5.632464
41 -0.094221 9.422144
107 -0.048770 4.877022
85 -0.044548 4.454825
196 -0.019739 1.973933
56 -0.068645 6.864507
123 -0.025813 2.581338
124 -0.067336 6.733591
107 -0.061251 6.125107
96 -0.029368 2.936772
112 -0.014654 1.465411
137 -0.027695 2.769538
103 -0.029156 2.915640
81 -0.076888 7.688794
107 -0.010056 1.005642
95 -0.056810 5.680996
276 -0.020434 2.043382
109 -0.010443 1.044281
112 -0.041812 4.181188
71 -0.078043 7.804336
85 -0.042801 4.280113
116 -0.045630 4.563041
91 -0.066467 6.646674
113 -0.032869 3.286897
109 -0.030586 3.058603
105 -0.024777 2.477655
123 -0.067010 6.701024
130 -0.034507 3.450733
76 -0.095263 9.526312
88 -0.054750 5.474957
95 -0.026128 2.612761
91 -0.016327 1.632711
191 -0.040749 4.074890
225 -0.018161 1.816117
231 -0.017449 1.744941
157 -0.024884 2.488423
100 -0.030802 3.080191
77 -0.018546 1.854553
115 -0.017357 1.735698
109 -0.036082 3.608242
112 -0.040488 4.048828
123 -0.027316 2.731596
107 -0.082462 8.246238
100 -0.073535 7.353517
92 -0.037605 3.760505
112 -0.042203 4.220264
68 -0.028454 2.845363
67 -0.040462 4.046230
159 -0.017977 1.797686
79 -0.094946 9.494567
149 -0.022742 2.274174
361 -0.012742 1.274153
92 -0.066947 6.694726
105 -0.038160 3.816045
101 -0.035564 3.556381
79 -0.020346 2.034613
127 -0.055062 5.506188
113 -0.036665 3.666525
104 -0.017323 1.732317
131 -0.068073 6.807313
129 -0.029552 2.955216
135 -0.039218 3.921761
96 -0.031143 3.114325
93 -0.071033 7.103325
117 -0.018178 1.817821
191 -0.015353 1.535253
135 -0.032451 3.245070
128 -0.016400 1.640019
120 -0.011101 1.110067
144 -0.019899 1.989911
138 -0.017626 1.762554
140 -0.034373 3.437294
161 -0.018754 1.875377
129 -0.062944 6.294414
196 -0.019118 1.911782
143 -0.046242 4.624184
197 -0.030862 3.086225
208 -0.016948 1.694836
417 -0.018619 1.861945
484 -0.083032 8.303156
failed to find solution in 1200 iterations and 1200 function evals
failed to find solution in 1200 iterations and 1196 function evals
