13 -0.048399 4.839924
15 -0.046729 4.672853
15 -0.018029 1.802853
18 -0.024297 2.429721
18 -0.025069 2.506853
20 -0.047152 4.715177
22 -0.095295 9.529488
23 -0.078441 7.844091
25 -0.060602 6.060204
26 -0.091696 9.169562
27 -0.067793 6.779344
28 -0.071697 7.169692
28 -0.038656 3.865638
29 -0.077501 7.750110
30 -0.069771 6.977114
30 -0.023463 2.346348
30 -0.065957 6.595693
31 -0.048547 4.854710
31 -0.000057 0.005654
32 -0.064941 6.494130
7 -0.047563 4.756333
33 -0.057596 5.759617
33 -0.093975 9.397509
25 -0.098461 9.846051
34 -0.044747 4.474667
35 -0.095413 9.541283
35 -0.070066 7.006579
35 -0.010973 1.097337
35 -0.096213 9.621250
36 -0.086587 8.658661
36 -0.015383 1.538280
37 -0.006474 0.647392
37 -0.081224 8.122423
37 -0.049099 4.909893
38 -0.053468 5.346776
38 -0.009741 0.974111
32 -0.078307 7.830692
28 -0.028891 2.889128
32 -0.057748 5.774810
17 -0.037594 3.759445
42 -0.097215 9.721463
44 -0.052978 5.297819
44 -0.021738 2.173831
45 -0.098820 9.881966
21 -0.095149 9.514930
30 -0.063133 6.313299
26 -0.069728 6.972788
21 -0.043338 4.333842
48 -0.040540 4.053968
17 -0.067106 6.710610
37 -0.065797 6.579733
36 -0.084152 8.415179
29 -0.097298 9.729756
23 -0.014487 1.448709
52 -0.021326 2.132636
53 -0.071284 7.128412
29 -0.057013 5.701296
38 -0.026561 2.656057
57 -0.073486 7.348620
36 -0.053856 5.385593
28 -0.013787 1.378685
58 -0.039606 3.960586
23 -0.003508 0.350811
18 -0.011818 1.181805
27 -0.079327 7.932672
30 -0.022830 2.283032
32 -0.098001 9.800083
61 -0.054227 5.422731
42 -0.087922 8.792184
38 -0.023521 2.352116
33 -0.048096 4.809588
31 -0.097804 9.780421
34 -0.045606 4.560623
18 -0.053381 5.338059
36 -0.089260 8.925997
23 -0.030885 3.088464
33 -0.073493 7.349341
28 -0.019178 1.917766
23 -0.094601 9.460126
35 -0.016968 1.696767
34 -0.081345 8.134473
70 -0.014669 1.466942
48 -0.088465 8.846460
47 -0.030256 3.025639
24 -0.058448 5.844780
35 -0.045870 4.587030
33 -0.078701 7.870091
23 -0.043770 4.377000
32 -0.037792 3.779210
18 -0.036464 3.646435
14 -0.022773 2.277338
48 -0.075101 7.510127
47 -0.036227 3.622668
45 -0.000377 0.037697
19 -0.062653 6.265286
55 -0.049927 4.992750
45 -0.009847 0.984685
35 -0.032190 3.218988
15 -0.094143 9.414252
44 -0.099524 9.952354
29 -0.050918 5.091834
28 -0.081042 8.104232
89 -0.012969 1.296857
24 -0.068518 6.851793
36 -0.021656 2.165605
40 -0.021207 2.120661
39 -0.064536 6.453606
39 -0.086061 8.606090
38 -0.039315 3.931480
51 -0.046744 4.674422
48 -0.061219 6.121870
12 -0.034946 3.494569
40 -0.081134 8.113386
24 -0.025721 2.572145
31 -0.073120 7.311957
98 -0.085371 8.537054
38 -0.008959 0.895863
39 -0.072577 7.257682
27 -0.061946 6.194649
41 -0.031432 3.143214
35 -0.043726 4.372629
15 -0.043363 4.336261
18 -0.067166 6.716560
23 -0.016727 1.672733
27 -0.067641 6.764065
52 -0.064829 6.482893
61 -0.085460 8.545977
12 -0.079918 7.991787
55 -0.015995 1.599457
105 -0.048115 4.811464
19 -0.096890 9.688967
31 -0.054144 5.414389
20 -0.059822 5.982211
22 -0.027269 2.726889
35 -0.064750 6.475009
21 -0.047222 4.722162
83 -0.060930 6.092986
47 -0.082222 8.222170
60 -0.011183 1.118309
36 -0.075086 7.508591
26 -0.051947 5.194730
47 -0.053389 5.338921
52 -0.090794 9.079359
37 -0.079533 7.953347
30 -0.023781 2.378148
24 -0.003496 0.349572
35 -0.004006 0.400563
67 -0.028345 2.834468
46 -0.077718 7.771822
34 -0.060126 6.012624
28 -0.050143 5.014283
83 -0.095992 9.599237
20 -0.091460 9.146022
31 -0.031201 3.120051
16 -0.054683 5.468305
29 -0.022723 2.272301
27 -0.051543 5.154257
28 -0.045467 4.546696
72 -0.076860 7.686034
29 -0.077245 7.724547
24 -0.029672 2.967181
44 -0.091562 9.156219
24 -0.028497 2.849715
41 -0.032156 3.215618
34 -0.044530 4.453001
38 -0.038249 3.824874
33 -0.060611 6.061140
62 -0.092579 9.257935
77 -0.095230 9.522981
30 -0.087520 8.752030
82 -0.095719 9.571898
43 -0.024857 2.485676
66 -0.014455 1.445463
27 -0.074103 7.410301
32 -0.031365 3.136462
55 -0.094224 9.422360
38 -0.082022 8.202202
47 -0.026676 2.667569
34 -0.055063 5.506331
68 -0.017498 1.749774
32 -0.010679 1.067896
37 -0.085830 8.583007
42 -0.093686 9.368633
39 -0.058591 5.859145
49 -0.086137 8.613653
44 -0.070953 7.095306
46 -0.002797 0.279700
129 -0.099933 9.993279
54 -0.091056 9.105648
39 -0.090479 9.047882
60 -0.025806 2.580621
130 -0.098777 9.877696
63 -0.017181 1.718117
62 -0.021782 2.178163
75 -0.088132 8.813185
80 -0.097162 9.716232
131 -0.098431 9.843110
151 -0.095421 9.542089
131 -0.098149 9.814920
147 -0.094888 9.488793
