64 -0.041910 4.190973
82 -0.046748 4.674779
106 -0.067131 6.713061
101 -0.056023 5.602324
157 -0.069145 6.914546
178 -0.096932 9.693227
185 -0.094904 9.490388
201 -0.056150 5.615006
215 -0.098383 9.838327
222 -0.060721 6.072093
246 -0.066315 6.631474
254 -0.045051 4.505067
254 -0.071818 7.181786
264 -0.093145 9.314540
281 -0.056422 5.642249
291 -0.043005 4.300469
302 -0.050886 5.088626
294 -0.057913 5.791309
318 -0.049675 4.967532
176 -0.023803 2.380277
141 -0.062327 6.232747
73 -0.083687 8.368693
344 -0.093057 9.305703
131 -0.086612 8.661228
208 -0.059841 5.984118
231 -0.077967 7.796735
260 -0.038603 3.860336
308 -0.071927 7.192689
