47 -0.099279 9.927915
52 -0.087274 8.727444
59 -0.065643 6.564339
60 -0.099142 9.914250
61 -0.080135 8.013490
64 -0.058856 5.885644
66 -0.091626 9.162643
72 -0.026279 2.627866
76 -0.088559 8.855923
77 -0.024814 2.481405
78 -0.080031 8.003113
78 -0.019257 1.925661
79 -0.059775 5.977524
83 -0.089786 8.978608
84 -0.000535 0.053475
84 -0.013935 1.393479
76 -0.016440 1.643976
84 -0.027895 2.789539
85 -0.048184 4.818429
86 -0.048889 4.888949
85 -0.042704 4.270394
87 -0.048706 4.870640
87 -0.034966 3.496646
91 -0.058672 5.867187
91 -0.070266 7.026639
93 -0.028702 2.870179
93 -0.021049 2.104922
98 -0.014873 1.487304
100 -0.020899 2.089906
102 -0.035611 3.561137
112 -0.024675 2.467532
113 -0.033469 3.346945
117 -0.018357 1.835724
118 -0.086722 8.672192
49 -0.045837 4.583664
119 -0.026747 2.674661
124 -0.015778 1.577807
124 -0.085926 8.592588
71 -0.046824 4.682415
45 -0.096649 9.664914
124 -0.017328 1.732801
133 -0.030663 3.066278
63 -0.081898 8.189832
137 -0.041260 4.126016
137 -0.032492 3.249180
97 -0.022239 2.223893
76 -0.060905 6.090544
87 -0.041161 4.116125
67 -0.030992 3.099236
66 -0.043810 4.381029
90 -0.093756 9.375577
148 -0.018321 1.832069
53 -0.093179 9.317884
71 -0.049043 4.904344
81 -0.034757 3.475689
93 -0.027947 2.794728
71 -0.018136 1.813598
105 -0.000667 0.066676
81 -0.021251 2.125067
80 -0.020640 2.063967
84 -0.032490 3.248992
172 -0.015738 1.573780
47 -0.041355 4.135525
89 -0.065843 6.584251
96 -0.037781 3.778146
77 -0.032417 3.241653
70 -0.035325 3.532522
185 -0.009596 0.959608
80 -0.022795 2.279527
187 -0.077792 7.779203
191 -0.079421 7.942137
192 -0.031630 3.162968
87 -0.028947 2.894711
70 -0.069062 6.906207
74 -0.020908 2.090839
85 -0.037185 3.718529
87 -0.040554 4.055440
88 -0.094620 9.462044
73 -0.016959 1.695932
64 -0.097769 9.776930
76 -0.027061 2.706122
133 -0.060577 6.057659
136 -0.025570 2.556962
105 -0.054314 5.431394
105 -0.053733 5.373313
88 -0.026515 2.651489
69 -0.093594 9.359399
78 -0.008066 0.806634
79 -0.083081 8.308082
130 -0.011350 1.134968
84 -0.017662 1.766185
84 -0.027405 2.740523
146 -0.040297 4.029728
107 -0.062173 6.217334
98 -0.058535 5.853484
60 -0.032652 3.265197
64 -0.054168 5.416822
44 -0.080902 8.090154
122 -0.026229 2.622895
87 -0.091863 9.186311
197 -0.010329 1.032867
49 -0.099832 9.983179
104 -0.011682 1.168225
105 -0.025122 2.512194
86 -0.031983 3.198309
112 -0.028569 2.856917
41 -0.053211 5.321134
70 -0.087132 8.713160
188 -0.028243 2.824257
66 -0.027264 2.726373
183 -0.046437 4.643723
118 -0.022558 2.255825
53 -0.095676 9.567586
254 -0.042634 4.263352
134 -0.025240 2.523983
90 -0.067000 6.699985
88 -0.057724 5.772362
95 -0.043123 4.312304
84 -0.014705 1.470496
90 -0.026675 2.667530
79 -0.027749 2.774933
71 -0.044866 4.486611
77 -0.032524 3.252444
82 -0.030925 3.092464
95 -0.040078 4.007761
120 -0.014723 1.472341
61 -0.056962 5.696199
87 -0.016084 1.608387
82 -0.042064 4.206448
206 -0.028253 2.825342
120 -0.013982 1.398228
86 -0.059386 5.938572
72 -0.015563 1.556336
100 -0.025847 2.584677
86 -0.021898 2.189756
88 -0.021257 2.125706
146 -0.038563 3.856328
91 -0.015226 1.522600
45 -0.094325 9.432473
90 -0.020686 2.068566
81 -0.024509 2.450899
99 -0.050663 5.066315
94 -0.072477 7.247657
79 -0.094947 9.494718
223 -0.055211 5.521138
118 -0.009336 0.933643
33 -0.053392 5.339241
133 -0.032743 3.274298
48 -0.049317 4.931705
78 -0.015938 1.593802
62 -0.084718 8.471836
86 -0.010740 1.074004
78 -0.005041 0.504085
89 -0.030655 3.065495
79 -0.075015 7.501468
65 -0.019426 1.942573
85 -0.048181 4.818055
70 -0.030522 3.052168
72 -0.060402 6.040194
88 -0.065909 6.590902
124 -0.019568 1.956795
120 -0.038958 3.895833
77 -0.014633 1.463306
61 -0.061213 6.121307
83 -0.001175 0.117530
118 -0.028608 2.860813
66 -0.046842 4.684243
104 -0.047444 4.744363
77 -0.040575 4.057499
127 -0.020389 2.038919
108 -0.024848 2.484841
133 -0.060158 6.015788
75 -0.025380 2.537985
159 -0.052886 5.288565
77 -0.025560 2.556050
101 -0.019527 1.952651
65 -0.025533 2.553275
70 -0.033642 3.364151
73 -0.031294 3.129367
118 -0.038836 3.883577
104 -0.037218 3.721756
209 -0.014234 1.423440
110 -0.030949 3.094851
102 -0.024342 2.434186
102 -0.040938 4.093766
214 -0.037076 3.707564
112 -0.059235 5.923530
123 -0.014807 1.480700
133 -0.072012 7.201222
149 -0.021464 2.146368
202 -0.013025 1.302498
158 -0.065603 6.560308
159 -0.056042 5.604220
240 -0.020987 2.098666
251 -0.051989 5.198923
222 -0.024211 2.421104
266 -0.015961 1.596150
failed to find solution in 1200 iterations and 1175 function evals
failed to find solution in 1200 iterations and 1189 function evals
failed to find solution in 1200 iterations and 1204 function evals
