7 -0.027829 2.782895
13 -0.059077 5.907667
13 -0.046475 4.647466
13 -0.066149 6.614946
16 -0.032424 3.242356
16 -0.045813 4.581330
17 -0.079286 7.928624
21 -0.003394 0.339373
23 -0.099532 9.953188
23 -0.068817 6.881660
29 -0.010205 1.020502
29 -0.089122 8.912193
29 -0.062008 6.200842
37 -0.018347 1.834682
27 -0.002958 0.295784
39 -0.081158 8.115758
39 -0.093237 9.323740
7 -0.076859 7.685903
40 -0.092451 9.245100
9 -0.080420 8.042045
43 -0.092882 9.288202
43 -0.071514 7.151385
7 -0.031424 3.142428
45 -0.054897 5.489668
47 -0.075712 7.571176
47 -0.099029 9.902904
48 -0.089397 8.939684
37 -0.024975 2.497542
51 -0.099524 9.952434
36 -0.082181 8.218087
45 -0.024056 2.405579
54 -0.005177 0.517655
36 -0.097798 9.779785
16 -0.011216 1.121570
55 -0.099705 9.970548
55 -0.054918 5.491834
55 -0.086319 8.631911
7 -0.031534 3.153368
55 -0.098226 9.822570
27 -0.092444 9.244369
13 -0.000419 0.041939
23 -0.095911 9.591061
64 -0.035443 3.544259
15 -0.060038 6.003828
64 -0.092072 9.207235
62 -0.092987 9.298665
59 -0.050509 5.050890
47 -0.071773 7.177305
72 -0.095552 9.555244
24 -0.080864 8.086435
72 -0.096745 9.674507
40 -0.033221 3.322050
72 -0.078758 7.875756
76 -0.093080 9.307959
29 -0.069466 6.946644
76 -0.095598 9.559819
76 -0.098336 9.833563
79 -0.095687 9.568658
77 -0.071679 7.167903
32 -0.023571 2.357143
84 -0.063418 6.341841
61 -0.091007 9.100693
81 -0.040408 4.040849
19 -0.050904 5.090366
87 -0.092134 9.213436
23 -0.064236 6.423610
47 -0.096854 9.685441
48 -0.096120 9.611980
31 -0.051879 5.187854
59 -0.084959 8.495891
93 -0.094142 9.414196
28 -0.092986 9.298558
16 -0.074445 7.444459
28 -0.085601 8.560056
14 -0.051935 5.193517
53 -0.048658 4.865761
44 -0.003768 0.376793
63 -0.026248 2.624821
40 -0.082078 8.207813
92 -0.001963 0.196313
72 -0.099212 9.921167
76 -0.089891 8.989107
60 -0.098079 9.807859
11 -0.094446 9.444626
43 -0.090931 9.093061
72 -0.084856 8.485641
51 -0.092130 9.212963
75 -0.034498 3.449794
116 -0.096047 9.604717
25 -0.079994 7.999375
40 -0.099808 9.980811
111 -0.096204 9.620359
43 -0.081805 8.180512
28 -0.098429 9.842914
64 -0.098520 9.852009
31 -0.063292 6.329173
29 -0.083275 8.327478
119 -0.097821 9.782112
119 -0.090981 9.098102
17 -0.029958 2.995779
49 -0.093852 9.385234
23 -0.049223 4.922298
36 -0.084175 8.417482
55 -0.028166 2.816619
63 -0.039122 3.912159
78 -0.013328 1.332808
132 -0.090502 9.050194
106 -0.063109 6.310886
91 -0.029548 2.954812
59 -0.099485 9.948476
84 -0.086273 8.627336
87 -0.097982 9.798171
16 -0.059588 5.958775
37 -0.097177 9.717682
36 -0.088394 8.839368
24 -0.060030 6.002995
40 -0.094341 9.434093
7 -0.083535 8.353548
40 -0.037493 3.749286
114 -0.079428 7.942826
52 -0.087925 8.792494
43 -0.018422 1.842198
59 -0.004914 0.491359
88 -0.019314 1.931376
77 -0.089833 8.983261
105 -0.094520 9.452024
56 -0.037580 3.758044
97 -0.083655 8.365539
60 -0.017856 1.785610
29 -0.011710 1.170975
43 -0.098518 9.851816
53 -0.080161 8.016092
95 -0.094507 9.450730
20 -0.062647 6.264715
35 -0.021942 2.194236
32 -0.005644 0.564364
53 -0.094707 9.470680
99 -0.097659 9.765950
91 -0.075392 7.539198
63 -0.097295 9.729514
51 -0.052637 5.263749
52 -0.096978 9.697750
20 -0.028091 2.809064
63 -0.094682 9.468196
72 -0.073636 7.363603
96 -0.047546 4.754584
67 -0.094598 9.459838
71 -0.086907 8.690711
69 -0.098901 9.890090
27 -0.074478 7.447779
57 -0.055923 5.592314
19 -0.082516 8.251551
166 -0.083460 8.345991
47 -0.046705 4.670540
31 -0.022276 2.227598
41 -0.086720 8.671974
96 -0.010098 1.009845
93 -0.084737 8.473726
101 -0.093168 9.316847
84 -0.085485 8.548488
33 -0.066259 6.625904
75 -0.058940 5.893956
133 -0.056789 5.678885
18 -0.015279 1.527925
36 -0.068998 6.899824
49 -0.019643 1.964310
28 -0.032180 3.218029
73 -0.097538 9.753757
41 -0.076263 7.626325
64 -0.098197 9.819674
132 -0.081915 8.191530
64 -0.043669 4.366902
132 -0.078459 7.845928
52 -0.097592 9.759151
60 -0.097822 9.782185
47 -0.009367 0.936745
69 -0.084364 8.436362
48 -0.049565 4.956505
69 -0.087013 8.701268
36 -0.069935 6.993456
109 -0.095323 9.532338
119 -0.095415 9.541478
82 -0.096327 9.632747
79 -0.000104 0.010398
59 -0.070999 7.099877
57 -0.086535 8.653451
122 -0.083790 8.378972
102 -0.097519 9.751883
89 -0.016804 1.680443
89 -0.074060 7.406032
71 -0.082043 8.204290
116 -0.064068 6.406827
156 -0.091675 9.167531
133 -0.018857 1.885685
100 -0.094172 9.417172
107 -0.097870 9.787040
127 -0.098991 9.899074
217 -0.096872 9.687162
115 -0.001254 0.125403
220 -0.054359 5.435868
