53 -0.049839 4.983867
60 -0.082798 8.279804
63 -0.091504 9.150440
65 -0.032568 3.256756
68 -0.095157 9.515672
69 -0.097733 9.773342
75 -0.038969 3.896904
75 -0.068973 6.897321
77 -0.023428 2.342777
80 -0.071467 7.146680
89 -0.031622 3.162216
88 -0.031414 3.141422
89 -0.003770 0.377047
90 -0.067937 6.793667
92 -0.023305 2.330518
93 -0.056944 5.694410
90 -0.095206 9.520595
96 -0.062547 6.254668
100 -0.083598 8.359776
100 -0.034409 3.440854
104 -0.045340 4.533980
105 -0.029144 2.914376
105 -0.015111 1.511121
115 -0.021183 2.118309
115 -0.093225 9.322490
114 -0.001833 0.183263
63 -0.063441 6.344052
118 -0.049030 4.902973
67 -0.067177 6.717699
67 -0.011858 1.185786
84 -0.061055 6.105540
64 -0.065391 6.539086
49 -0.046406 4.640646
133 -0.022743 2.274334
75 -0.061540 6.154005
135 -0.025860 2.585965
135 -0.021866 2.186647
143 -0.071816 7.181604
144 -0.017529 1.752875
144 -0.004315 0.431460
145 -0.020690 2.069030
83 -0.064604 6.460407
152 -0.082820 8.281953
152 -0.021056 2.105601
155 -0.048903 4.890328
95 -0.025557 2.555683
159 -0.044238 4.423761
109 -0.011457 1.145712
75 -0.095513 9.551257
169 -0.017387 1.738715
88 -0.011757 1.175703
87 -0.018574 1.857369
75 -0.078839 7.883919
111 -0.014293 1.429348
65 -0.021020 2.102044
97 -0.021482 2.148167
107 -0.006643 0.664310
192 -0.022410 2.241026
84 -0.038646 3.864649
98 -0.021801 2.180084
103 -0.020177 2.017699
200 -0.015761 1.576131
201 -0.013335 1.333534
207 -0.018335 1.833501
208 -0.020439 2.043915
213 -0.042999 4.299865
88 -0.033140 3.313973
145 -0.027433 2.743276
121 -0.042220 4.221979
123 -0.093026 9.302641
95 -0.064415 6.441458
149 -0.087695 8.769510
151 -0.025770 2.576953
112 -0.037614 3.761391
113 -0.065008 6.500764
79 -0.026254 2.625383
88 -0.011257 1.125711
133 -0.025210 2.521015
116 -0.015765 1.576478
109 -0.015971 1.597074
109 -0.026639 2.663935
121 -0.002054 0.205406
89 -0.019723 1.972273
73 -0.013013 1.301268
159 -0.019850 1.985008
64 -0.005318 0.531776
74 -0.068802 6.880183
147 -0.029432 2.943169
89 -0.058223 5.822305
77 -0.035095 3.509547
81 -0.062180 6.218044
89 -0.027778 2.777788
67 -0.051564 5.156413
7 -0.008456 0.845584
87 -0.082150 8.214967
201 -0.014640 1.463982
161 -0.039257 3.925679
76 -0.052043 5.204306
155 -0.054684 5.468384
75 -0.092559 9.255870
138 -0.071276 7.127620
96 -0.026587 2.658705
156 -0.015440 1.543981
151 -0.028206 2.820554
217 -0.016870 1.686992
80 -0.015323 1.532314
92 -0.046186 4.618609
147 -0.044952 4.495196
87 -0.068204 6.820352
204 -0.031588 3.158805
100 -0.035675 3.567509
75 -0.026737 2.673706
99 -0.081231 8.123092
110 -0.028110 2.810964
300 -0.063041 6.304053
109 -0.055659 5.565888
303 -0.035432 3.543245
88 -0.034208 3.420811
305 -0.053270 5.327000
103 -0.069915 6.991526
179 -0.013564 1.356445
254 -0.090607 9.060734
91 -0.098914 9.891424
203 -0.048696 4.869593
145 -0.044772 4.477216
53 -0.082386 8.238612
117 -0.030111 3.011127
201 -0.012970 1.296973
128 -0.063258 6.325769
97 -0.048332 4.833183
191 -0.016738 1.673763
172 -0.019078 1.907761
135 -0.017105 1.710487
93 -0.011458 1.145783
103 -0.046434 4.643372
120 -0.048362 4.836195
100 -0.095048 9.504786
130 -0.018415 1.841515
125 -0.021733 2.173323
111 -0.028738 2.873830
57 -0.052558 5.255843
112 -0.012920 1.291978
161 -0.033130 3.313009
148 -0.020062 2.006161
129 -0.053284 5.328433
85 -0.019627 1.962721
95 -0.081350 8.134960
187 -0.023534 2.353437
87 -0.020732 2.073152
103 -0.012163 1.216343
116 -0.018133 1.813310
103 -0.028166 2.816620
151 -0.036730 3.673029
68 -0.099515 9.951515
121 -0.022058 2.205829
121 -0.064206 6.420593
81 -0.083689 8.368948
253 -0.055317 5.531668
212 -0.035232 3.523217
132 -0.013529 1.352944
155 -0.096276 9.627552
80 -0.094196 9.419568
63 -0.016395 1.639475
139 -0.071784 7.178376
172 -0.028050 2.805023
168 -0.027804 2.780445
125 -0.036790 3.679000
92 -0.007856 0.785560
97 -0.014368 1.436784
121 -0.097257 9.725705
107 -0.080052 8.005182
97 -0.052856 5.285596
99 -0.026919 2.691873
127 -0.025191 2.519109
87 -0.090585 9.058458
148 -0.020663 2.066321
124 -0.024928 2.492827
91 -0.058381 5.838095
164 -0.033311 3.331103
107 -0.025399 2.539875
107 -0.059581 5.958068
129 -0.041447 4.144748
99 -0.047737 4.773728
105 -0.027735 2.773529
183 -0.010165 1.016475
135 -0.028102 2.810192
172 -0.036624 3.662438
149 -0.035367 3.536670
200 -0.039854 3.985409
261 -0.024569 2.456947
168 -0.041892 4.189204
156 -0.009559 0.955865
171 -0.020334 2.033388
284 -0.024047 2.404663
216 -0.020079 2.007854
212 -0.010728 1.072838
359 -0.022960 2.296029
397 -0.024765 2.476497
565 -0.070261 7.026060
640 -0.044510 4.451008
