54 -0.070100 7.010020
54 -0.087163 8.716302
53 -0.084724 8.472418
57 -0.071579 7.157872
57 -0.079847 7.984679
59 -0.099362 9.936216
61 -0.097513 9.751345
63 -0.061961 6.196072
75 -0.086163 8.616338
85 -0.057051 5.705057
89 -0.087300 8.730021
94 -0.027590 2.759010
99 -0.029666 2.966642
106 -0.081527 8.152654
57 -0.071765 7.176456
108 -0.031647 3.164740
113 -0.094480 9.448010
110 -0.022300 2.230018
115 -0.045013 4.501258
120 -0.080589 8.058916
122 -0.055893 5.589264
119 -0.020151 2.015101
75 -0.073600 7.360045
126 -0.057447 5.744730
127 -0.027200 2.720019
126 -0.084255 8.425476
131 -0.046847 4.684695
143 -0.054016 5.401557
142 -0.046990 4.698996
152 -0.092409 9.240854
155 -0.070901 7.090145
156 -0.059611 5.961140
92 -0.098728 9.872806
73 -0.089695 8.969523
180 -0.064743 6.474328
183 -0.081826 8.182573
187 -0.052717 5.271688
192 -0.037877 3.787698
196 -0.080806 8.080642
197 -0.080291 8.029067
157 -0.080764 8.076412
206 -0.040044 4.004394
208 -0.074198 7.419771
113 -0.035394 3.539417
212 -0.044631 4.463064
171 -0.026614 2.661378
91 -0.041165 4.116481
226 -0.092062 9.206160
168 -0.047255 4.725498
92 -0.052650 5.264995
159 -0.031542 3.154158
241 -0.068379 6.837874
248 -0.057455 5.745519
101 -0.086991 8.699055
124 -0.047470 4.746969
269 -0.064407 6.440675
243 -0.072090 7.209017
136 -0.083912 8.391227
136 -0.067728 6.772768
87 -0.068477 6.847660
86 -0.008683 0.868342
201 -0.035157 3.515711
137 -0.092568 9.256797
252 -0.089724 8.972399
92 -0.010121 1.012084
110 -0.028207 2.820741
269 -0.063243 6.324324
376 -0.046880 4.688017
358 -0.031093 3.109345
79 -0.075158 7.515792
218 -0.064684 6.468425
80 -0.080678 8.067832
220 -0.087834 8.783419
384 -0.060345 6.034510
208 -0.098183 9.818333
285 -0.096368 9.636766
96 -0.004483 0.448276
380 -0.073830 7.382951
270 -0.095068 9.506808
414 -0.029088 2.908756
123 -0.073849 7.384911
129 -0.035456 3.545627
94 -0.086734 8.673384
172 -0.054009 5.400881
213 -0.056971 5.697088
283 -0.071091 7.109079
152 -0.083577 8.357728
344 -0.093329 9.332882
198 -0.036973 3.697303
89 -0.081802 8.180192
205 -0.099172 9.917188
113 -0.087631 8.763129
285 -0.044005 4.400513
115 -0.039173 3.917270
151 -0.093905 9.390472
