7 -0.096322 9.632235
7 -0.000498 0.049814
11 -0.062367 6.236660
13 -0.073096 7.309584
19 -0.065916 6.591586
19 -0.023411 2.341076
20 -0.065734 6.573404
24 -0.052524 5.252403
25 -0.024720 2.471957
27 -0.018790 1.878982
13 -0.056777 5.677690
28 -0.020321 2.032075
28 -0.065022 6.502193
28 -0.026368 2.636754
29 -0.043354 4.335395
31 -0.010839 1.083885
31 -0.099292 9.929180
32 -0.068665 6.866463
33 -0.084469 8.446949
36 -0.060764 6.076376
36 -0.036043 3.604312
31 -0.063342 6.334177
36 -0.057040 5.703981
40 -0.057220 5.722024
25 -0.029557 2.955735
40 -0.098112 9.811223
40 -0.070432 7.043159
44 -0.010836 1.083551
28 -0.057399 5.739870
57 -0.055189 5.518861
59 -0.014286 1.428639
59 -0.097496 9.749584
16 -0.069841 6.984056
33 -0.076797 7.679747
61 -0.088569 8.856881
55 -0.005101 0.510111
31 -0.049104 4.910445
15 -0.097922 9.792171
69 -0.093384 9.338366
25 -0.076657 7.665745
76 -0.097211 9.721087
76 -0.096282 9.628167
77 -0.086650 8.665020
77 -0.041595 4.159466
7 -0.029297 2.929691
81 -0.099112 9.911236
81 -0.095174 9.517386
52 -0.090397 9.039651
25 -0.016614 1.661433
12 -0.031583 3.158254
83 -0.088959 8.895899
81 -0.010285 1.028479
51 -0.041094 4.109365
85 -0.052640 5.263991
84 -0.096855 9.685545
88 -0.032344 3.234378
25 -0.080684 8.068422
72 -0.058876 5.887557
35 -0.060024 6.002375
71 -0.088226 8.822587
64 -0.090740 9.074000
40 -0.090716 9.071561
20 -0.098919 9.891907
21 -0.055089 5.508879
99 -0.094210 9.420988
99 -0.089547 8.954712
99 -0.094078 9.407818
99 -0.077606 7.760571
76 -0.016748 1.674795
21 -0.095692 9.569226
103 -0.026635 2.663539
98 -0.083331 8.333076
25 -0.025572 2.557197
75 -0.027075 2.707483
35 -0.064590 6.458957
35 -0.043958 4.395838
92 -0.087432 8.743178
91 -0.055142 5.514250
35 -0.035532 3.553212
15 -0.026613 2.661306
110 -0.069606 6.960649
111 -0.027512 2.751154
36 -0.020966 2.096558
24 -0.073382 7.338194
91 -0.094183 9.418308
93 -0.098192 9.819194
114 -0.020125 2.012520
32 -0.084265 8.426461
25 -0.096961 9.696061
24 -0.001055 0.105504
84 -0.094478 9.447796
93 -0.092666 9.266621
89 -0.097744 9.774396
29 -0.074855 7.485506
91 -0.095731 9.573130
45 -0.087079 8.707926
99 -0.041650 4.165046
85 -0.000873 0.087294
43 -0.093062 9.306152
72 -0.000979 0.097870
31 -0.093406 9.340557
79 -0.045549 4.554859
61 -0.055125 5.512503
103 -0.097940 9.793984
28 -0.087009 8.700872
41 -0.051426 5.142631
41 -0.085203 8.520263
29 -0.040123 4.012257
86 -0.004006 0.400643
21 -0.012675 1.267506
29 -0.052104 5.210418
40 -0.052480 5.248005
37 -0.064275 6.427483
36 -0.094435 9.443511
37 -0.067062 6.706230
73 -0.095932 9.593231
40 -0.089720 8.972003
7 -0.026562 2.656152
61 -0.097398 9.739805
32 -0.001208 0.120801
13 -0.040123 4.012323
83 -0.093163 9.316291
72 -0.085186 8.518555
83 -0.094191 9.419060
136 -0.093028 9.302767
48 -0.089619 8.961904
101 -0.080167 8.016727
35 -0.010002 1.000181
27 -0.062128 6.212795
63 -0.052885 5.288519
40 -0.098575 9.857453
52 -0.097024 9.702352
93 -0.074795 7.479453
81 -0.093355 9.335470
35 -0.090706 9.070602
36 -0.015597 1.559656
16 -0.035500 3.550033
108 -0.091520 9.151962
33 -0.057552 5.755181
29 -0.084003 8.400261
80 -0.099888 9.988769
44 -0.074088 7.408769
32 -0.094094 9.409374
56 -0.098018 9.801799
50 -0.095852 9.585201
52 -0.053677 5.367734
29 -0.071727 7.172727
25 -0.045548 4.554808
92 -0.091959 9.195892
24 -0.061302 6.130206
73 -0.093694 9.369444
49 -0.086789 8.678916
15 -0.018781 1.878124
83 -0.039762 3.976238
102 -0.098517 9.851706
106 -0.099482 9.948234
43 -0.050885 5.088537
71 -0.074388 7.438837
91 -0.064935 6.493536
84 -0.018210 1.820977
103 -0.099646 9.964643
93 -0.088955 8.895497
60 -0.024462 2.446225
29 -0.035625 3.562542
102 -0.099061 9.906109
105 -0.099809 9.980896
36 -0.031666 3.166619
108 -0.091612 9.161150
109 -0.095513 9.551286
56 -0.059129 5.912861
100 -0.091469 9.146903
99 -0.097823 9.782337
33 -0.089340 8.933997
33 -0.082356 8.235599
64 -0.024250 2.425011
35 -0.072702 7.270155
36 -0.022328 2.232847
87 -0.070073 7.007289
115 -0.083727 8.372739
37 -0.041349 4.134942
107 -0.062288 6.228814
91 -0.099704 9.970362
81 -0.083359 8.335866
45 -0.096313 9.631297
39 -0.032566 3.256563
84 -0.084937 8.493677
109 -0.005696 0.569593
58 -0.050863 5.086257
97 -0.089045 8.904485
73 -0.097279 9.727852
80 -0.081265 8.126549
110 -0.053191 5.319145
99 -0.089124 8.912367
80 -0.086338 8.633761
100 -0.094044 9.404419
95 -0.088436 8.843638
104 -0.095796 9.579573
104 -0.097802 9.780191
107 -0.096054 9.605355
116 -0.084750 8.474995
