7 -0.016338 1.633834
15 -0.058411 5.841117
16 -0.049910 4.990978
16 -0.082188 8.218773
17 -0.099681 9.968081
17 -0.075755 7.575519
23 -0.098678 9.867805
23 -0.048123 4.812316
24 -0.079269 7.926917
27 -0.090225 9.022537
27 -0.082455 8.245477
28 -0.098654 9.865356
29 -0.053992 5.399240
29 -0.058539 5.853880
31 -0.075395 7.539531
32 -0.068599 6.859946
32 -0.052797 5.279720
32 -0.052544 5.254433
32 -0.097533 9.753328
32 -0.080387 8.038694
23 -0.031552 3.155186
33 -0.049922 4.992215
33 -0.049841 4.984089
24 -0.018100 1.809988
39 -0.049321 4.932051
39 -0.070218 7.021814
41 -0.079351 7.935066
41 -0.050961 5.096104
41 -0.099793 9.979276
32 -0.005513 0.551341
41 -0.043700 4.370004
44 -0.055438 5.543808
45 -0.088326 8.832574
21 -0.022374 2.237361
15 -0.091484 9.148357
16 -0.088536 8.853644
24 -0.025985 2.598491
51 -0.091748 9.174849
51 -0.099151 9.915099
52 -0.072535 7.253509
23 -0.084590 8.458965
19 -0.095643 9.564302
60 -0.098297 9.829679
61 -0.094236 9.423600
21 -0.003519 0.351886
52 -0.088689 8.868886
35 -0.076713 7.671304
63 -0.093391 9.339093
63 -0.063200 6.320039
39 -0.057029 5.702870
43 -0.078275 7.827460
70 -0.091530 9.153024
72 -0.099530 9.953012
19 -0.011627 1.162741
49 -0.093240 9.324009
23 -0.046535 4.653474
57 -0.000735 0.073515
76 -0.098418 9.841778
25 -0.049749 4.974916
39 -0.084646 8.464595
63 -0.092922 9.292184
39 -0.098845 9.884481
84 -0.095517 9.551698
48 -0.082414 8.241404
28 -0.004293 0.429323
63 -0.095668 9.566794
67 -0.097771 9.777145
43 -0.091915 9.191512
25 -0.072000 7.200007
33 -0.076762 7.676187
51 -0.090532 9.053152
72 -0.084346 8.434575
40 -0.086373 8.637299
63 -0.097811 9.781130
28 -0.062453 6.245313
76 -0.099399 9.939946
11 -0.029657 2.965655
36 -0.095209 9.520929
37 -0.090929 9.092942
25 -0.098688 9.868810
80 -0.097458 9.745803
23 -0.052969 5.296890
16 -0.076629 7.662895
24 -0.092975 9.297451
7 -0.053142 5.314241
33 -0.065087 6.508686
67 -0.093262 9.326249
87 -0.031104 3.110388
77 -0.098487 9.848676
24 -0.009262 0.926215
91 -0.097972 9.797212
41 -0.076351 7.635100
67 -0.068927 6.892740
85 -0.046025 4.602480
44 -0.056940 5.694036
100 -0.099797 9.979710
41 -0.087050 8.705022
94 -0.050273 5.027259
29 -0.095682 9.568234
20 -0.071732 7.173163
98 -0.096421 9.642056
75 -0.095990 9.599025
60 -0.087771 8.777111
29 -0.094534 9.453432
98 -0.099118 9.911823
59 -0.091430 9.143045
36 -0.071666 7.166645
40 -0.050033 5.003252
17 -0.083350 8.335046
61 -0.092559 9.255895
28 -0.078795 7.879455
47 -0.047330 4.733026
33 -0.098222 9.822210
12 -0.050347 5.034698
35 -0.073504 7.350358
31 -0.086146 8.614577
52 -0.097761 9.776062
19 -0.084522 8.452213
21 -0.038243 3.824316
27 -0.079125 7.912536
17 -0.099533 9.953278
16 -0.074808 7.480757
99 -0.098164 9.816433
39 -0.087227 8.722711
56 -0.091330 9.133006
65 -0.095191 9.519087
109 -0.051791 5.179105
48 -0.094989 9.498949
67 -0.060426 6.042622
94 -0.064239 6.423921
94 -0.095712 9.571160
53 -0.099567 9.956724
7 -0.086432 8.643209
61 -0.091500 9.150016
31 -0.060909 6.090861
53 -0.098812 9.881203
67 -0.096373 9.637339
15 -0.086481 8.648051
23 -0.062109 6.210885
137 -0.093349 9.334891
9 -0.096454 9.645417
129 -0.095460 9.546006
91 -0.099707 9.970726
56 -0.087080 8.707954
25 -0.078138 7.813822
40 -0.094011 9.401111
114 -0.095208 9.520764
28 -0.079514 7.951435
52 -0.099455 9.945549
144 -0.085627 8.562715
20 -0.092823 9.282278
100 -0.060257 6.025652
49 -0.075209 7.520866
35 -0.057053 5.705301
55 -0.098243 9.824314
97 -0.097947 9.794743
114 -0.066185 6.618471
22 -0.085989 8.598904
39 -0.072045 7.204495
57 -0.091407 9.140690
44 -0.070384 7.038409
59 -0.095934 9.593396
47 -0.077246 7.724586
28 -0.024926 2.492637
33 -0.069406 6.940573
108 -0.095990 9.598992
100 -0.097506 9.750583
72 -0.089250 8.924979
40 -0.086884 8.688420
77 -0.094027 9.402672
36 -0.090714 9.071409
61 -0.097863 9.786251
82 -0.065092 6.509156
150 -0.080230 8.023037
63 -0.076571 7.657139
161 -0.098177 9.817660
111 -0.043009 4.300901
53 -0.094131 9.413124
137 -0.099914 9.991373
45 -0.092332 9.233233
47 -0.075222 7.522192
49 -0.097631 9.763054
71 -0.084403 8.440297
152 -0.099540 9.954003
96 -0.082311 8.231085
72 -0.084921 8.492121
87 -0.094009 9.400855
67 -0.078781 7.878131
170 -0.090672 9.067155
75 -0.095760 9.576022
83 -0.099086 9.908603
76 -0.076540 7.653980
194 -0.092815 9.281548
108 -0.099244 9.924449
124 -0.062523 6.252285
156 -0.066793 6.679329
139 -0.098560 9.856012
138 -0.087741 8.774075
186 -0.098861 9.886129
166 -0.076399 7.639869
