7 0.065105 9.575737
8 0.066895 7.089603
8 0.070085 2.660379
11 0.064880 9.888543
12 0.069063 4.079031
12 0.066057 8.253925
12 0.067048 6.878081
13 0.065786 8.631141
13 0.067955 5.618175
13 0.065590 8.903077
15 0.066820 7.194783
15 0.065344 9.244367
16 0.067050 6.875417
16 0.065940 8.417160
16 0.066887 7.101604
16 0.065260 9.361049
16 0.066877 7.115717
7 0.065176 9.477906
17 0.068495 4.867994
17 0.069085 4.048423
17 0.070731 1.762436
17 0.065677 8.781649
17 0.067554 6.174867
17 0.067254 6.591086
19 0.067904 5.688320
19 0.066798 7.225557
19 0.068014 5.536530
19 0.065167 9.489774
19 0.066078 8.224758
19 0.068652 4.649673
19 0.066299 7.918427
19 0.070285 2.382629
19 0.065606 8.881213
20 0.068252 5.205002
15 0.067097 6.809939
20 0.067967 5.601931
20 0.066425 7.743668
20 0.070091 2.650938
7 0.067890 5.708381
8 0.066246 7.992193
21 0.067754 5.896632
15 0.069032 4.122180
19 0.065818 8.586162
21 0.069244 3.827307
21 0.067501 6.249234
21 0.070817 1.642619
8 0.069299 3.751210
15 0.067847 5.768245
23 0.068100 5.415999
23 0.066225 8.020284
23 0.068441 4.942464
23 0.066349 7.848938
23 0.067525 6.215530
23 0.068768 4.488402
17 0.068172 5.317248
21 0.069212 3.872838
16 0.066288 7.933290
24 0.067802 5.830425
24 0.067014 6.925154
24 0.069679 3.223619
17 0.070183 2.522970
7 0.066565 7.548182
15 0.067732 5.928377
15 0.065121 9.554849
11 0.067025 6.909617
13 0.065311 9.289600
21 0.064808 9.989200
16 0.067803 5.828904
16 0.066933 7.036923
15 0.064907 9.850974
15 0.068979 4.195383
11 0.065665 8.798296
15 0.066315 7.895394
16 0.067251 6.595476
12 0.067518 6.225082
16 0.065640 8.832858
19 0.065446 9.103344
20 0.068474 4.897682
15 0.066741 7.304022
13 0.066011 8.318071
21 0.070147 2.573487
17 0.067913 5.676229
15 0.066793 7.232065
19 0.065334 9.258259
17 0.069102 4.024746
20 0.065606 8.881032
16 0.066115 8.173237
19 0.068680 4.611135
17 0.066958 7.002287
15 0.068476 4.895094
17 0.066168 8.100498
15 0.067243 6.606431
9 0.070238 2.446732
15 0.070520 2.055066
16 0.067874 5.730812
10 0.067235 6.617971
12 0.066726 7.324362
12 0.065530 8.986346
20 0.069748 3.127876
19 0.068801 4.443430
24 0.068137 5.365094
17 0.068930 4.264046
16 0.067576 6.144764
13 0.064802 9.996655
16 0.067469 6.293030
11 0.065633 8.842580
21 0.065640 8.832764
17 0.068646 4.658079
10 0.066235 8.007018
17 0.068293 5.148572
21 0.067126 6.770041
20 0.069990 2.792118
16 0.067289 6.542784
11 0.069734 3.147250
16 0.066151 8.123907
11 0.066180 8.083342
13 0.069809 3.042770
17 0.071093 1.259369
13 0.069322 3.719294
23 0.065809 8.598162
15 0.068976 4.200333
15 0.066241 7.998462
9 0.069001 4.165581
9 0.070305 2.354666
23 0.069147 3.963072
24 0.068717 4.559312
12 0.067756 5.894657
21 0.068321 5.109946
9 0.067266 6.574960
23 0.066219 8.028679
17 0.068640 4.667244
9 0.067263 6.579041
17 0.066006 8.325089
21 0.065764 8.661576
21 0.067949 5.626962
13 0.066425 7.742423
20 0.068329 5.098610
16 0.070595 1.951891
21 0.068730 4.542191
15 0.065299 9.306409
20 0.067314 6.508605
17 0.070563 1.995629
17 0.066404 7.771759
8 0.070053 2.703592
17 0.065313 9.287463
19 0.067743 5.912071
16 0.069768 3.100471
16 0.068714 4.563859
19 0.066556 7.561037
20 0.067147 6.740115
17 0.066884 7.105141
20 0.070589 1.959679
17 0.067256 6.589432
17 0.066856 7.144354
23 0.067232 6.622349
19 0.067853 5.759294
23 0.065296 9.310564
13 0.069204 3.883270
16 0.066499 7.640724
19 0.070136 2.589136
19 0.068737 4.531283
15 0.068030 5.513809
15 0.069304 3.744882
20 0.068927 4.268545
19 0.071132 1.205113
18 0.068425 4.965957
20 0.068341 5.082357
17 0.066285 7.937513
14 0.065424 9.133678
15 0.067325 6.492987
21 0.070593 1.954827
11 0.065927 8.434253
20 0.068088 5.433462
13 0.065656 8.810988
20 0.068599 4.723294
20 0.067105 6.798772
13 0.068410 4.986006
17 0.066683 7.385363
12 0.067736 5.922908
17 0.067428 6.349363
21 0.068555 4.784817
13 0.065823 8.579679
19 0.067716 5.950419
20 0.070862 1.580624
16 0.067109 6.793006
16 0.068426 4.964538
21 0.068780 4.472552
17 0.070776 1.699855
16 0.069209 3.876445
16 0.067020 6.917216
17 0.070267 2.407325
17 0.066729 7.320580
17 0.067793 5.843318
17 0.068288 5.155426
19 0.067599 6.112702
19 0.067160 6.722064
17 0.067867 5.740460
24 0.067824 5.800156
23 0.070300 2.361608
19 0.068527 4.823447
