7 0.066938 7.030027
8 0.066848 7.155991
8 0.064804 9.994448
8 0.065035 9.674136
9 0.067912 5.678280
9 0.065403 9.163155
9 0.069428 3.572396
9 0.067954 5.619093
9 0.067438 6.335767
11 0.065016 9.699333
11 0.064927 9.823202
11 0.068386 5.018938
11 0.066064 8.245128
11 0.065735 8.700996
12 0.066965 6.992373
12 0.068229 5.237955
12 0.066748 7.294984
12 0.068817 4.420552
8 0.064913 9.842511
13 0.065367 9.212649
9 0.065991 8.345569
13 0.066241 7.998303
13 0.065917 8.448425
8 0.066506 7.630170
12 0.065872 8.511634
15 0.067945 5.631297
12 0.065625 8.853674
16 0.066546 7.574494
16 0.067266 6.575271
16 0.065508 9.016995
16 0.067315 6.507238
17 0.067176 6.699498
13 0.065432 9.122636
13 0.066861 7.137714
12 0.065798 8.613775
11 0.067100 6.806235
17 0.068789 4.460221
19 0.066052 8.261504
19 0.065569 8.931934
19 0.067427 6.351153
16 0.067543 6.189651
20 0.065088 9.600273
20 0.066049 8.265908
13 0.065980 8.361309
15 0.068905 4.299300
15 0.067464 6.300414
15 0.067110 6.791823
21 0.064816 9.977215
17 0.067695 5.979017
13 0.065518 9.003220
9 0.065761 8.664994
11 0.066911 7.068614
21 0.065666 8.797796
23 0.065349 9.237258
19 0.066130 8.152195
12 0.066986 6.963718
11 0.067776 5.866798
21 0.065421 9.137094
24 0.066127 8.157290
21 0.065224 9.411615
15 0.067100 6.805431
9 0.065238 9.391261
20 0.071163 1.162692
7 0.067957 5.615875
7 0.068257 5.198941
19 0.067869 5.736990
19 0.065083 9.606591
22 0.065353 9.232245
11 0.066557 7.559310
11 0.065619 8.862266
20 0.066373 7.814949
17 0.067082 6.829976
12 0.065380 9.194834
11 0.064822 9.969364
12 0.065318 9.280551
9 0.065626 8.852405
9 0.067335 6.479806
9 0.066719 7.334261
17 0.066729 7.320214
23 0.065444 9.105014
9 0.068693 4.592408
20 0.065546 8.963447
8 0.066831 7.178605
32 0.065002 9.719936
18 0.066580 7.528012
18 0.066290 7.930960
15 0.066046 8.269447
7 0.067830 5.791403
11 0.066155 8.118363
13 0.067595 6.117872
17 0.066074 8.231140
13 0.068671 4.623967
12 0.065862 8.525051
16 0.066711 7.346176
15 0.064868 9.905789
17 0.066849 7.154848
12 0.065937 8.420979
35 0.065215 9.424160
8 0.066761 7.275786
20 0.065136 9.533445
18 0.066185 8.075895
21 0.065314 9.286405
32 0.065576 8.921894
9 0.068736 4.532661
23 0.064938 9.807904
28 0.066256 7.978222
8 0.064930 9.819432
20 0.066969 6.988078
23 0.067344 6.467291
23 0.064830 9.958509
25 0.065611 8.873578
13 0.066420 7.749662
11 0.066257 7.976379
31 0.066544 7.577592
15 0.068175 5.312831
13 0.066764 7.272400
12 0.065374 9.202380
19 0.067124 6.771630
11 0.066761 7.276361
9 0.066140 8.138697
13 0.065264 9.356107
25 0.066150 8.125563
16 0.065254 9.369044
15 0.065965 8.381981
16 0.066212 8.038250
20 0.066718 7.336471
31 0.067097 6.810340
19 0.067284 6.549933
11 0.066754 7.286254
15 0.068031 5.512896
24 0.065046 9.658640
30 0.066269 7.959550
20 0.067223 6.634517
13 0.066050 8.264293
19 0.068477 4.893523
15 0.066496 7.644452
15 0.065896 8.478472
18 0.065407 9.157077
19 0.066709 7.348802
32 0.066213 8.037775
15 0.067672 6.011180
23 0.065079 9.611834
20 0.065868 8.516849
19 0.066145 8.132451
30 0.068214 5.258693
19 0.068185 5.297959
20 0.066538 7.585825
23 0.066317 7.893329
16 0.065619 8.862069
13 0.065086 9.602088
32 0.066788 7.238322
9 0.070638 1.891903
39 0.065913 8.454166
25 0.066413 7.760374
9 0.067794 5.842277
11 0.067007 6.934153
12 0.067140 6.750011
24 0.066888 7.100418
29 0.066143 8.134762
23 0.065958 8.392342
16 0.065503 9.024296
19 0.066978 6.974556
21 0.064941 9.803850
23 0.067132 6.760489
19 0.065475 9.062423
25 0.065919 8.446363
23 0.067587 6.129192
13 0.066334 7.870094
25 0.066787 7.239965
15 0.065819 8.585188
16 0.067774 5.869960
37 0.067678 6.002114
28 0.066134 8.147667
13 0.064815 9.979599
27 0.065776 8.645004
27 0.065143 9.523368
37 0.066294 7.925271
43 0.065369 9.210094
34 0.065815 8.590518
19 0.068220 5.250175
31 0.064821 9.970429
29 0.066718 7.336294
29 0.065925 8.437737
20 0.068727 4.545862
27 0.066253 7.981612
31 0.065793 8.621469
20 0.068479 4.890496
37 0.065245 9.381630
24 0.065330 9.263680
38 0.065031 9.679274
56 0.065145 9.521032
51 0.066250 7.985798
32 0.066204 8.050183
41 0.065414 9.146809
46 0.066396 7.783890
48 0.065055 9.645800
45 0.065086 9.602093
54 0.066490 7.652625
61 0.065908 8.460668
102 0.067155 6.729173
