7 0.065143 9.523845
7 0.066469 7.681569
7 0.067591 6.123922
9 0.067193 6.676129
12 0.066094 8.203179
12 0.065157 9.503536
13 0.068292 5.149714
13 0.070171 2.540336
15 0.068743 4.523786
15 0.068229 5.237235
15 0.065981 8.360382
15 0.065522 8.997768
15 0.065201 9.443646
16 0.067353 6.454150
16 0.071406 0.824334
16 0.067180 6.694177
16 0.068735 4.535405
17 0.067090 6.819050
17 0.067766 5.880403
17 0.067949 5.626705
17 0.066269 7.959425
17 0.067812 5.817307
17 0.068905 4.298440
17 0.068281 5.165651
15 0.066805 7.215310
19 0.070169 2.542565
19 0.067918 5.668863
19 0.067882 5.718902
18 0.069801 3.054686
19 0.068816 4.421953
19 0.068071 5.457481
19 0.068313 5.120990
19 0.070815 1.645961
19 0.069609 3.320488
19 0.068529 4.821158
19 0.067805 5.826397
7 0.069295 3.756878
20 0.066904 7.077976
20 0.069311 3.734549
20 0.071603 0.551774
20 0.067168 6.710724
20 0.065962 8.385465
19 0.068550 4.791547
20 0.067319 6.501177
9 0.066589 7.515538
21 0.066392 7.788456
21 0.069290 3.764084
12 0.065256 9.366384
21 0.068367 5.045449
21 0.068430 4.958899
8 0.071420 0.806135
15 0.068338 5.086427
21 0.065220 9.417009
21 0.066520 7.610956
15 0.064953 9.787810
21 0.067501 6.247926
23 0.068987 4.184904
9 0.064976 9.755959
13 0.067431 6.345978
11 0.066655 7.424243
15 0.067669 6.014827
17 0.066052 8.260517
22 0.067236 6.616653
16 0.069347 3.684784
20 0.068007 5.545454
15 0.064951 9.789627
13 0.068640 4.666193
16 0.065389 9.182062
17 0.068467 4.906848
16 0.070602 1.942290
15 0.066431 7.734380
19 0.068432 4.954934
15 0.065276 9.339141
16 0.068095 5.423799
19 0.066142 8.135475
7 0.066498 7.641464
9 0.069433 3.565543
15 0.065275 9.340519
20 0.067850 5.763372
15 0.067470 6.291708
15 0.065138 9.531226
16 0.065863 8.523363
19 0.068564 4.771749
21 0.068021 5.526730
17 0.066138 8.141573
16 0.068248 5.211032
19 0.069010 4.152633
19 0.065642 8.829923
19 0.065902 8.470089
17 0.068259 5.195928
17 0.066539 7.585036
21 0.064943 9.801111
17 0.068396 5.004973
19 0.069483 3.495733
20 0.067381 6.415028
19 0.067021 6.915192
13 0.065272 9.344333
16 0.069290 3.763307
17 0.067241 6.610321
19 0.067494 6.258265
21 0.066789 7.238096
16 0.065638 8.835690
20 0.065169 9.487917
12 0.070542 2.025036
21 0.065511 9.013177
21 0.068587 4.739754
20 0.065238 9.392225
19 0.067145 6.742441
19 0.067202 6.663644
15 0.066449 7.709543
13 0.069567 3.378639
16 0.066497 7.642647
17 0.068149 5.349042
11 0.066492 7.650186
19 0.066691 7.373671
16 0.069583 3.356461
19 0.068462 4.913572
16 0.068607 4.711931
23 0.067629 6.071517
15 0.065996 8.338220
15 0.066060 8.250177
21 0.070047 2.712689
11 0.066184 8.077203
13 0.066034 8.286110
16 0.068984 4.188257
13 0.065227 9.406349
17 0.066982 6.968807
21 0.066121 8.164872
16 0.066333 7.870283
19 0.065247 9.379823
17 0.068454 4.924929
8 0.067414 6.368795
17 0.067092 6.816826
20 0.068090 5.430394
15 0.066434 7.730316
16 0.066787 7.240296
28 0.068555 4.785031
17 0.071655 0.479834
19 0.066500 7.638293
13 0.066744 7.300294
15 0.069281 3.776960
15 0.066093 8.203745
19 0.070989 1.404035
19 0.067432 6.344401
15 0.066754 7.285823
17 0.069027 4.128584
17 0.068628 4.683207
19 0.068801 4.443173
9 0.068599 4.723431
15 0.064933 9.815752
12 0.067399 6.389881
19 0.067932 5.649491
17 0.066547 7.573772
19 0.065897 8.476161
16 0.068473 4.898388
11 0.067210 6.652950
15 0.070686 1.825618
20 0.070030 2.736615
13 0.067467 6.295576
17 0.067283 6.551950
21 0.067310 6.514148
19 0.068013 5.537210
20 0.067666 6.019068
17 0.070567 1.989833
19 0.068389 5.015182
20 0.069276 3.783466
21 0.068986 4.186229
19 0.070638 1.891584
19 0.068586 4.742088
20 0.069863 2.968058
17 0.067159 6.723481
19 0.065099 9.584687
17 0.066942 7.024468
17 0.067749 5.904846
17 0.066684 7.383221
17 0.066920 7.054921
19 0.067851 5.762324
16 0.066019 8.306251
15 0.067268 6.572839
20 0.067343 6.468709
19 0.068228 5.238428
19 0.067434 6.341145
15 0.070264 2.411225
19 0.068954 4.231028
17 0.065853 8.537974
16 0.065235 9.395327
16 0.069203 3.885402
17 0.070967 1.434446
17 0.065553 8.954724
18 0.070445 2.159271
17 0.067466 6.297496
21 0.066017 8.309079
17 0.068586 4.742170
20 0.065678 8.780383
21 0.065701 8.748492
23 0.067120 6.777498
19 0.066943 7.023114
19 0.068238 5.225485
20 0.068248 5.211380
23 0.065069 9.627047
