7 0.069685 3.215094
7 0.067994 5.563253
8 0.066492 7.649731
10 0.065894 8.481178
10 0.065819 8.584740
11 0.066811 7.206488
9 0.065084 9.605094
12 0.066096 8.199840
12 0.066485 7.660125
13 0.066678 7.391412
13 0.065707 8.739892
14 0.065317 9.282622
14 0.065980 8.361658
14 0.068816 4.421633
14 0.066678 7.392350
14 0.065349 9.237146
15 0.067804 5.828077
15 0.067536 6.200457
15 0.067732 5.928412
15 0.066877 7.115503
15 0.069705 3.187888
15 0.071114 1.231205
15 0.066088 8.210462
16 0.065887 8.490849
16 0.070945 1.465650
16 0.068242 5.219822
16 0.067361 6.442804
16 0.069015 4.145302
16 0.066849 7.153929
16 0.071284 0.994118
16 0.066722 7.331182
16 0.066252 7.983885
17 0.067412 6.372626
17 0.068211 5.262295
17 0.071202 1.108558
17 0.065436 9.116407
17 0.069146 3.963610
17 0.068884 4.327870
18 0.066383 7.801321
18 0.068356 5.061214
10 0.068073 5.454200
18 0.067467 6.296088
18 0.066718 7.335940
11 0.066005 8.325794
19 0.067021 6.915397
18 0.065911 8.457041
11 0.067088 6.822869
19 0.068752 4.511386
11 0.067066 6.852795
15 0.066951 7.012259
18 0.067912 5.677274
19 0.065235 9.395263
19 0.068640 4.666976
20 0.068109 5.404482
20 0.067188 6.682820
12 0.065059 9.639769
14 0.067721 5.943408
20 0.067029 6.904604
8 0.067283 6.551409
18 0.066863 7.134553
11 0.065735 8.701971
17 0.068296 5.145117
17 0.069622 3.302562
16 0.067477 6.281461
11 0.065101 9.581981
10 0.067518 6.225355
15 0.066448 7.710878
15 0.065560 8.944283
15 0.065340 9.249685
13 0.066877 7.115222
14 0.066424 7.744787
14 0.068957 4.226103
15 0.065193 9.454389
12 0.064808 9.989356
15 0.069864 2.967235
14 0.069923 2.884270
19 0.068404 4.993825
16 0.065924 8.438441
15 0.065703 8.745175
12 0.067166 6.713334
17 0.065698 8.752749
17 0.069482 3.496649
16 0.067761 5.887591
17 0.065569 8.931468
18 0.067150 6.735832
15 0.070498 2.086529
15 0.067839 5.778605
18 0.065969 8.375808
18 0.070986 1.408919
19 0.064924 9.828287
16 0.069317 3.726389
17 0.066268 7.960629
16 0.069199 3.890216
16 0.067849 5.764972
10 0.067441 6.331811
16 0.070280 2.388446
13 0.067550 6.181050
16 0.066545 7.576842
9 0.065912 8.456119
19 0.071275 1.007533
7 0.066529 7.598256
16 0.069789 3.071469
20 0.066373 7.815703
17 0.068423 4.968397
12 0.067718 5.947206
19 0.068049 5.487502
17 0.067499 6.251802
19 0.069612 3.316698
19 0.065639 8.834580
18 0.065675 8.784400
16 0.066505 7.632220
20 0.068949 4.237551
16 0.068366 5.046893
15 0.070057 2.698797
11 0.068738 4.530192
15 0.068950 4.235509
16 0.069016 4.143999
17 0.069558 3.391042
10 0.068154 5.342334
17 0.068584 4.744701
16 0.066569 7.543027
16 0.067440 6.333447
14 0.064869 9.904067
16 0.065525 8.993634
13 0.065881 8.498204
17 0.068856 4.366422
10 0.069325 3.715651
18 0.066389 7.793244
12 0.067021 6.915395
16 0.065861 8.525896
19 0.067228 6.628226
16 0.067729 5.931449
18 0.065336 9.255291
8 0.067872 5.733096
11 0.068661 4.638121
14 0.065397 9.171039
17 0.070273 2.398905
15 0.066688 7.378424
19 0.066405 7.771463
15 0.065873 8.509862
17 0.066655 7.423412
19 0.067959 5.612689
17 0.069329 3.709173
18 0.068239 5.224175
15 0.067476 6.283909
16 0.067233 6.621242
11 0.065091 9.596197
15 0.065732 8.706221
15 0.067690 5.986518
15 0.068008 5.544577
14 0.069675 3.229612
17 0.069795 3.062178
16 0.067803 5.828555
15 0.068042 5.497545
11 0.070709 1.792912
14 0.068873 4.342710
18 0.068935 4.257627
18 0.068162 5.329898
16 0.065316 9.283652
18 0.067916 5.671963
17 0.066112 8.178393
14 0.066342 7.858815
16 0.067869 5.737717
16 0.067706 5.963458
14 0.066824 7.189434
14 0.070876 1.560758
14 0.067943 5.635304
10 0.064834 9.952666
16 0.067455 6.313098
16 0.066651 7.429652
18 0.068259 5.195225
15 0.068743 4.523875
18 0.066527 7.601461
17 0.068236 5.227444
20 0.065587 8.907544
15 0.066359 7.835141
15 0.069039 4.111829
13 0.065332 9.260593
17 0.067731 5.929410
14 0.068163 5.329107
15 0.068083 5.440869
16 0.070918 1.502532
13 0.066474 7.674838
15 0.069871 2.956262
17 0.066740 7.304934
18 0.068443 4.940547
18 0.065750 8.680028
15 0.071533 0.649176
17 0.069097 4.031410
16 0.070194 2.507896
16 0.068688 4.599796
17 0.067701 5.970365
17 0.065647 8.823845
17 0.068113 5.398970
18 0.067864 5.745030
18 0.068742 4.525267
19 0.070456 2.143795
19 0.068673 4.620647
20 0.066850 7.152243
20 0.067647 6.046162
