9 0.068790 4.457646
11 0.070161 2.554772
12 0.066098 8.197282
7 0.065908 8.460832
13 0.067391 6.400897
13 0.067600 6.111055
13 0.067896 5.700163
13 0.067793 5.842556
15 0.068628 4.683283
15 0.069728 3.156175
15 0.071624 0.521979
15 0.069191 3.901314
16 0.068386 5.019275
16 0.067234 6.620078
16 0.068119 5.390094
16 0.068160 5.333107
16 0.069490 3.485931
16 0.065455 9.090737
16 0.066145 8.132363
16 0.071178 1.141855
7 0.066449 7.709663
17 0.069024 4.133480
17 0.067207 6.657106
19 0.067550 6.181187
19 0.067386 6.408216
19 0.066504 7.632833
19 0.071068 1.293974
19 0.069552 3.400104
19 0.068463 4.913117
19 0.067123 6.773089
19 0.065382 9.191970
19 0.067869 5.737820
19 0.068032 5.511461
19 0.068235 5.229408
19 0.067044 6.883736
11 0.068178 5.308622
19 0.066862 7.136122
19 0.069622 3.302237
20 0.067319 6.501718
20 0.065318 9.280795
20 0.066175 8.090475
20 0.067553 6.176199
20 0.068916 4.283042
21 0.068951 4.234584
17 0.067094 6.813487
21 0.068843 4.384561
7 0.065148 9.516687
11 0.067986 5.574353
21 0.069492 3.482836
21 0.067654 6.035894
23 0.068884 4.327400
21 0.066731 7.317876
23 0.068533 4.815201
12 0.068468 4.905161
16 0.068262 5.191374
24 0.069015 4.145625
12 0.071301 0.970545
7 0.066968 6.988374
16 0.071336 0.922105
17 0.069074 4.063972
19 0.070734 1.758309
17 0.067398 6.391469
19 0.066053 8.259605
12 0.067305 6.521040
14 0.070226 2.463864
11 0.065623 8.857090
15 0.068466 4.908356
19 0.068075 5.451024
7 0.067029 6.904783
17 0.065860 8.527386
20 0.068403 4.995631
19 0.068067 5.462033
11 0.068532 4.816108
19 0.065561 8.942545
7 0.069137 3.976474
16 0.071374 0.869287
20 0.071350 0.902657
13 0.067446 6.324740
19 0.068914 4.286376
17 0.069199 3.890023
19 0.066405 7.770742
17 0.068136 5.366767
17 0.071642 0.497405
17 0.065778 8.641900
19 0.070788 1.682653
21 0.065903 8.468663
17 0.065169 9.488142
19 0.068253 5.203494
15 0.064820 9.972032
19 0.068200 5.277624
12 0.067180 6.694100
19 0.069547 3.406584
15 0.066884 7.105384
20 0.068195 5.284308
16 0.066046 8.268950
16 0.064895 9.867839
12 0.068487 4.879375
20 0.068890 4.319843
19 0.068655 4.645570
19 0.069091 4.040434
20 0.064925 9.826606
21 0.066027 8.296114
16 0.068898 4.308303
21 0.068179 5.307587
15 0.066465 7.687185
16 0.066998 6.946818
13 0.065458 9.086591
20 0.066871 7.123423
23 0.066713 7.343661
21 0.067604 6.105937
13 0.069507 3.463048
17 0.068410 4.985677
19 0.070251 2.428691
21 0.067787 5.850920
16 0.067911 5.678765
17 0.065491 9.040111
8 0.066403 7.773918
22 0.067219 6.640714
16 0.066857 7.142468
11 0.064930 9.819136
16 0.067342 6.469304
13 0.069112 4.010739
15 0.068059 5.474068
8 0.069168 3.933184
19 0.069190 3.902589
17 0.067687 5.989947
16 0.067191 6.679621
20 0.065672 8.788286
17 0.066681 7.388045
15 0.065522 8.996896
16 0.067155 6.729184
13 0.068123 5.384495
9 0.065056 9.643822
13 0.068202 5.274995
16 0.065955 8.395978
19 0.067477 6.281944
17 0.068053 5.481756
20 0.066659 7.417876
17 0.067613 6.092933
7 0.069421 3.581825
19 0.066333 7.870555
20 0.068068 5.461612
9 0.067949 5.626722
17 0.066813 7.204283
17 0.068541 4.803535
15 0.067310 6.514467
21 0.069324 3.716499
16 0.066784 7.244166
17 0.069904 2.911127
20 0.067378 6.419987
17 0.066000 8.332815
9 0.065640 8.833878
15 0.065047 9.657041
20 0.067007 6.935125
17 0.069350 3.680508
20 0.064886 9.880987
13 0.066693 7.371220
12 0.065542 8.969457
13 0.069931 2.873347
21 0.066852 7.150414
24 0.069194 3.897184
20 0.071102 1.247160
20 0.067443 6.329633
16 0.069327 3.712839
23 0.070128 2.599671
17 0.065846 8.547227
20 0.068348 5.071567
19 0.065605 8.882300
20 0.067584 6.133335
16 0.070054 2.702640
16 0.068101 5.415892
20 0.067030 6.902221
17 0.067168 6.711056
20 0.068453 4.926252
19 0.067477 6.281602
21 0.067186 6.686129
19 0.065545 8.965280
17 0.067907 5.685196
17 0.065416 9.144974
19 0.068605 4.715092
19 0.066475 7.673563
17 0.070999 1.390779
17 0.067458 6.308800
16 0.071503 0.689721
16 0.064945 9.798118
16 0.068844 4.383530
19 0.065731 8.707599
16 0.069829 3.015486
17 0.071070 1.291340
19 0.070149 2.570624
16 0.067976 5.589034
17 0.068629 4.681547
21 0.067229 6.626375
16 0.065161 9.498526
17 0.066613 7.482427
21 0.067960 5.610543
19 0.069880 2.944670
23 0.067316 6.504985
23 0.068356 5.061436
23 0.069969 2.820527
