8 0.066376 7.810709
8 0.069360 3.666644
10 0.066703 7.357310
9 0.070412 2.205986
10 0.065942 8.413430
12 0.065682 8.775053
12 0.068246 5.214040
12 0.068049 5.487924
12 0.068628 4.683931
12 0.066334 7.869561
12 0.066322 7.886398
12 0.067009 6.932299
12 0.066968 6.989257
12 0.064826 9.964001
15 0.065325 9.270499
15 0.066511 7.623525
15 0.068031 5.511896
15 0.068900 4.305353
15 0.070220 2.471805
15 0.066858 7.141246
15 0.067857 5.754478
15 0.066670 7.402952
15 0.066206 8.046844
17 0.064932 9.816287
16 0.065777 8.643700
17 0.066084 8.216491
10 0.067346 6.464222
17 0.065198 9.446817
12 0.068909 4.292726
17 0.068589 4.738191
17 0.066983 6.967867
10 0.069019 4.140376
19 0.067037 6.893101
19 0.067923 5.663095
8 0.069481 3.499113
19 0.064965 9.770330
19 0.065134 9.535592
19 0.066214 8.035861
12 0.067315 6.507416
19 0.066138 8.141613
19 0.065754 8.674517
22 0.066292 7.928187
20 0.068264 5.189231
22 0.067914 5.675472
22 0.067243 6.607637
15 0.069714 3.175313
17 0.066108 8.183894
19 0.068596 4.727651
24 0.066573 7.538047
15 0.067465 6.298530
24 0.066636 7.449797
10 0.065387 9.184081
24 0.067430 6.347569
24 0.068016 5.532971
19 0.066033 8.287043
17 0.064842 9.942227
16 0.067440 6.332812
24 0.067886 5.713616
10 0.065325 9.270863
22 0.064934 9.813412
17 0.066218 8.030396
14 0.070682 1.830235
22 0.065301 9.304637
19 0.066255 7.979647
28 0.067849 5.765161
22 0.067092 6.816791
19 0.065712 8.732855
17 0.065220 9.416805
17 0.068032 5.510806
29 0.064806 9.991101
19 0.065865 8.520507
25 0.066040 8.277722
24 0.067535 6.201002
17 0.065358 9.224615
12 0.067486 6.268945
15 0.066763 7.272958
28 0.065657 8.809831
17 0.067268 6.572490
17 0.065191 9.457083
21 0.070094 2.647756
22 0.065403 9.161934
22 0.067055 6.867953
10 0.069627 3.295553
10 0.064968 9.766850
24 0.066210 8.042310
12 0.065245 9.382404
31 0.067298 6.530880
8 0.065952 8.399966
12 0.069530 3.430190
15 0.068566 4.768869
22 0.066242 7.996711
12 0.067927 5.656454
22 0.068671 4.623787
19 0.067371 6.428558
22 0.066503 7.634166
21 0.065624 8.855716
19 0.065806 8.603316
16 0.067782 5.858290
22 0.068732 4.538298
15 0.066615 7.479138
19 0.065727 8.712032
16 0.067402 6.385582
12 0.070157 2.560168
15 0.069505 3.464759
25 0.065107 9.574275
27 0.070378 2.252503
17 0.064882 9.885627
17 0.068101 5.415372
17 0.067784 5.855589
8 0.071566 0.602771
17 0.067082 6.830519
26 0.065799 8.612663
15 0.066343 7.856572
21 0.065051 9.651636
22 0.067272 6.566049
22 0.065177 9.476498
12 0.068723 4.551909
12 0.066895 7.090945
17 0.066306 7.907707
15 0.069104 4.022128
24 0.065573 8.926333
24 0.069997 2.782061
10 0.067398 6.391511
15 0.066464 7.688728
17 0.064996 9.727681
16 0.067725 5.937776
19 0.065608 8.878006
10 0.065406 9.158868
12 0.067645 6.047993
29 0.068782 4.469024
22 0.068523 4.828525
12 0.067717 5.948929
22 0.070043 2.718013
12 0.068170 5.319478
17 0.065465 9.077014
15 0.064936 9.811205
22 0.067479 6.279799
10 0.067650 6.042317
26 0.071443 0.772986
22 0.065095 9.590370
22 0.070414 2.203353
22 0.067242 6.608238
19 0.065177 9.476528
12 0.068683 4.606523
12 0.064837 9.948985
24 0.066417 7.754351
17 0.066284 7.938774
15 0.068976 4.200064
15 0.065028 9.683610
26 0.067238 6.613906
12 0.066698 7.364561
12 0.068808 4.433724
15 0.067779 5.862423
24 0.065672 8.788735
15 0.067135 6.757544
22 0.069577 3.365703
10 0.067612 6.093836
17 0.065895 8.479002
22 0.066622 7.470090
24 0.067852 5.760642
22 0.066778 7.252676
15 0.067500 6.250244
26 0.065970 8.375319
17 0.065521 8.998205
12 0.064982 9.746692
21 0.065805 8.603912
12 0.066522 7.608119
19 0.065043 9.662384
15 0.065815 8.590881
22 0.066592 7.511291
24 0.067979 5.584241
19 0.065063 9.634678
26 0.068893 4.314812
15 0.067207 6.656817
17 0.069379 3.640500
22 0.064867 9.906630
22 0.069167 3.934129
26 0.065710 8.736082
19 0.067477 6.281616
15 0.065809 8.598217
22 0.067096 6.811707
17 0.065846 8.546605
16 0.065497 9.031749
22 0.067705 5.964657
17 0.066045 8.271522
26 0.065258 9.364418
21 0.066899 7.084835
22 0.068003 5.550956
22 0.068157 5.336977
22 0.066822 7.191482
19 0.067665 6.020711
24 0.066532 7.594206
22 0.065471 9.068330
22 0.065363 9.217668
26 0.066562 7.553039
19 0.065211 9.428491
24 0.065732 8.705494
29 0.066708 7.350619
29 0.069772 3.094996
27 0.065691 8.762191
