7 0.067689 5.987626
7 0.068478 4.891591
7 0.065196 9.449646
8 0.068708 4.571809
8 0.065137 9.531988
11 0.067630 6.069766
12 0.065467 9.073718
13 0.064855 9.923203
7 0.068596 4.727450
15 0.070297 2.365801
15 0.066489 7.653651
15 0.067205 6.660042
15 0.065675 8.785015
15 0.067315 6.506609
16 0.070219 2.473805
16 0.067329 6.487846
16 0.070261 2.414849
16 0.066452 7.705906
16 0.068981 4.192519
16 0.068688 4.599778
16 0.067284 6.550105
15 0.069270 3.791565
16 0.065999 8.334241
16 0.064863 9.912571
17 0.068958 4.225273
17 0.070121 2.610353
17 0.067489 6.264634
17 0.066048 8.267185
17 0.066873 7.121527
15 0.067582 6.135778
17 0.067314 6.507737
17 0.066038 8.280554
17 0.066006 8.324585
19 0.070585 1.964688
19 0.067628 6.071867
19 0.066693 7.371055
19 0.068390 5.013519
19 0.068469 4.903596
20 0.066853 7.148111
20 0.071683 0.440948
20 0.066643 7.440968
19 0.065737 8.698298
20 0.070285 2.381609
20 0.066607 7.490883
20 0.067755 5.896039
13 0.071575 0.589919
21 0.067553 6.176958
21 0.067193 6.675731
21 0.065001 9.721132
9 0.071455 0.757397
20 0.069471 3.512162
23 0.065349 9.236941
23 0.067902 5.691386
23 0.065100 9.582953
16 0.069048 4.099553
24 0.066684 7.384018
13 0.068462 4.913893
12 0.067252 6.594477
15 0.068844 4.382897
15 0.069303 3.745390
16 0.067552 6.178065
16 0.065561 8.943182
17 0.065378 9.197487
16 0.065950 8.402090
15 0.064825 9.965710
21 0.066513 7.620562
16 0.066600 7.499750
16 0.065652 8.817181
16 0.066946 7.019960
15 0.066918 7.058448
17 0.066964 6.994524
15 0.066235 8.007074
19 0.068075 5.451534
23 0.064992 9.733653
21 0.066899 7.084064
16 0.065788 8.627416
16 0.065187 9.461915
19 0.068157 5.337952
19 0.065565 8.937721
20 0.066728 7.322205
15 0.065418 9.141924
13 0.067682 5.996646
17 0.064945 9.799025
20 0.068616 4.700587
21 0.065324 9.272289
17 0.065765 8.659406
23 0.068712 4.566060
19 0.066067 8.240940
17 0.069994 2.786063
15 0.067584 6.133067
12 0.070572 1.983393
17 0.068357 5.059365
17 0.066749 7.292745
19 0.068743 4.524078
7 0.065812 8.595114
13 0.065789 8.625712
17 0.065063 9.634858
22 0.067438 6.336197
17 0.067020 6.916617
23 0.069306 3.741139
16 0.065756 8.672306
16 0.065530 8.986083
16 0.068766 4.491691
21 0.066475 7.673286
25 0.066347 7.851732
9 0.066769 7.265821
23 0.067867 5.740131
11 0.070697 1.809343
12 0.067662 6.025056
20 0.068513 4.843447
24 0.067691 5.984746
20 0.066700 7.360991
17 0.065178 9.474887
15 0.066756 7.282839
19 0.068098 5.419997
9 0.066634 7.453186
13 0.065534 8.980686
17 0.069527 3.434043
17 0.066696 7.366140
19 0.066760 7.277359
19 0.069054 4.092294
13 0.065768 8.656001
17 0.067347 6.462864
12 0.067269 6.570408
7 0.066279 7.945904
16 0.064979 9.750704
20 0.067850 5.763918
9 0.065780 8.638535
21 0.065801 8.609116
13 0.067251 6.595628
17 0.069131 3.984538
20 0.066568 7.544187
19 0.067375 6.423813
16 0.069052 4.093993
13 0.067519 6.223404
17 0.066349 7.848265
20 0.068060 5.472724
19 0.067119 6.779841
17 0.068742 4.524957
17 0.068664 4.632725
15 0.065424 9.133503
19 0.066807 7.212914
19 0.067287 6.545765
20 0.069113 4.009310
15 0.068829 4.404815
21 0.067808 5.822327
18 0.068398 5.002194
17 0.070364 2.271799
15 0.071947 0.073901
11 0.071063 1.301025
12 0.067870 5.736185
15 0.067786 5.852342
17 0.067739 5.917771
16 0.068764 4.494325
15 0.069230 3.847807
23 0.066595 7.507412
16 0.069135 3.979729
20 0.067457 6.309768
20 0.069737 3.143513
17 0.066942 7.024847
19 0.068315 5.118332
19 0.066961 6.997941
17 0.067549 6.181726
13 0.064908 9.849961
19 0.068075 5.451261
20 0.070428 2.182747
19 0.065249 9.376658
15 0.068095 5.423844
16 0.065673 8.787812
21 0.067663 6.023748
20 0.066485 7.659345
15 0.065080 9.611618
20 0.067944 5.633019
19 0.067721 5.943143
16 0.068457 4.920737
17 0.067715 5.951148
21 0.065110 9.569635
17 0.068490 4.874548
19 0.068380 5.027339
25 0.071333 0.926596
17 0.065880 8.500087
19 0.068882 4.330775
17 0.067722 5.942188
21 0.067421 6.359247
17 0.067575 6.145386
19 0.066492 7.650049
19 0.067240 6.610948
19 0.069872 2.956138
17 0.066678 7.391353
17 0.070001 2.776964
20 0.068452 4.927688
19 0.065771 8.650769
19 0.066032 8.288388
20 0.068400 5.000150
19 0.066908 7.072838
21 0.064859 9.918329
27 0.067979 5.584229
24 0.066765 7.270817
22 0.065003 9.717543
27 0.071158 1.169644
