8 0.065873 8.509997
10 0.069535 3.423856
10 0.067554 6.175054
12 0.066378 7.808214
12 0.066449 7.710187
12 0.070327 2.323400
12 0.068434 4.952758
12 0.069930 2.875443
12 0.069766 3.102281
12 0.066152 8.122153
12 0.067402 6.386558
15 0.066476 7.671546
15 0.067402 6.385846
15 0.066556 7.560637
15 0.065180 9.472774
15 0.067661 6.026342
15 0.065610 8.874623
15 0.066355 7.840159
15 0.065419 9.140152
15 0.064867 9.906900
12 0.065856 8.533432
10 0.067755 5.896123
10 0.066912 7.066741
10 0.069892 2.927426
17 0.068785 4.464936
17 0.066268 7.960469
17 0.065795 8.617892
17 0.068044 5.494887
19 0.065331 9.262032
19 0.065501 9.025972
19 0.065408 9.156209
19 0.068520 4.833839
19 0.068369 5.042666
15 0.065855 8.534997
10 0.068278 5.169517
15 0.068334 5.092224
15 0.067714 5.952989
10 0.068082 5.441885
22 0.065290 9.320108
21 0.065942 8.413986
21 0.066344 7.855804
22 0.068464 4.911376
22 0.065660 8.805150
22 0.065223 9.412320
22 0.065517 9.004311
22 0.068187 5.295920
11 0.065957 8.393687
10 0.065935 8.422986
24 0.068779 4.472919
24 0.069267 3.795656
24 0.071198 1.113229
24 0.068417 4.977032
24 0.066440 7.721652
21 0.065328 9.266443
15 0.065441 9.110179
19 0.067582 6.135627
17 0.066311 7.900752
26 0.066577 7.532120
24 0.068445 4.937962
26 0.067645 6.049187
26 0.066934 7.036109
23 0.069184 3.911780
12 0.065300 9.305753
10 0.068929 4.265261
19 0.068245 5.215353
8 0.069903 2.912970
22 0.068650 4.653177
17 0.065763 8.662969
12 0.068252 5.205982
12 0.066231 8.012276
10 0.067045 6.881681
10 0.068104 5.411626
15 0.068065 5.464676
28 0.067776 5.867233
12 0.067115 6.785154
22 0.066193 8.064952
22 0.067145 6.743380
22 0.065255 9.368039
15 0.065673 8.787738
10 0.067333 6.482597
22 0.065210 9.431140
26 0.068156 5.338524
21 0.068225 5.242473
22 0.067232 6.622728
8 0.065972 8.372748
8 0.070641 1.887314
24 0.066501 7.636809
17 0.067564 6.161307
15 0.065705 8.742781
12 0.069157 3.948218
24 0.065426 9.130989
7 0.064966 9.769635
24 0.065798 8.613666
12 0.069160 3.944408
22 0.069246 3.824927
22 0.066604 7.494405
22 0.067626 6.074780
15 0.066059 8.251634
22 0.065259 9.362619
8 0.065285 9.326071
24 0.067909 5.682189
17 0.065621 8.859889
19 0.064916 9.839163
8 0.069056 4.089202
17 0.070367 2.267384
22 0.068112 5.400674
22 0.067348 6.461453
10 0.068878 4.336027
24 0.065188 9.460889
22 0.066221 8.026992
25 0.068279 5.167735
12 0.070895 1.535148
24 0.065496 9.033843
12 0.065647 8.823286
19 0.065861 8.525790
12 0.065343 9.245775
26 0.066278 7.947757
17 0.066898 7.085521
10 0.065090 9.597087
17 0.065985 8.354033
22 0.065565 8.937693
26 0.065205 9.438128
8 0.066576 7.533055
26 0.070413 2.204254
12 0.069088 4.044976
12 0.067178 6.697306
22 0.065773 8.649283
22 0.066534 7.592197
19 0.065344 9.243829
24 0.066900 7.083723
26 0.068108 5.405724
15 0.066335 7.867411
19 0.066973 6.981722
29 0.066659 7.418413
19 0.067533 6.203718
12 0.070804 1.661782
25 0.067243 6.606751
12 0.067573 6.149277
22 0.068476 4.895047
12 0.070572 1.983551
8 0.071874 0.174474
26 0.069411 3.596233
17 0.067188 6.683601
20 0.066557 7.560344
22 0.068899 4.307473
22 0.066108 8.182795
22 0.067096 6.810985
22 0.065139 9.528572
15 0.067913 5.675743
22 0.066176 8.088241
29 0.066935 7.034413
29 0.065584 8.910969
17 0.068046 5.492087
10 0.065167 9.490824
26 0.066393 7.787239
22 0.066726 7.325309
22 0.066087 8.212262
19 0.065886 8.492028
19 0.066832 7.177865
26 0.066221 8.026886
17 0.065338 9.252937
18 0.067256 6.589220
12 0.065717 8.726170
17 0.070112 2.621702
26 0.067672 6.010796
31 0.068367 5.045558
17 0.066793 7.231923
22 0.065494 9.035623
29 0.067680 5.999536
29 0.066741 7.304699
22 0.068531 4.818337
24 0.068274 5.174881
24 0.066075 8.229253
17 0.065176 9.477553
22 0.068518 4.836480
24 0.068986 4.186580
15 0.066545 7.575743
19 0.067165 6.715610
18 0.067521 6.221107
19 0.065874 8.508609
22 0.067545 6.188100
19 0.069012 4.150046
18 0.065608 8.877935
26 0.066794 7.229881
21 0.065589 8.903918
22 0.066135 8.146102
25 0.068957 4.225908
24 0.065325 9.271063
22 0.067786 5.853246
29 0.070809 1.654779
31 0.068582 4.747686
24 0.067913 5.676197
21 0.070380 2.249373
24 0.069293 3.759619
26 0.067474 6.286515
30 0.068765 4.493194
25 0.066294 7.925402
29 0.067241 6.610349
33 0.068394 5.007698
79 0.071544 0.633187
