7 0.065574 8.924426
7 0.066969 6.988122
7 0.065404 9.161253
8 0.066584 7.521662
9 0.064972 9.761701
11 0.066755 7.284614
11 0.067732 5.927638
11 0.065034 9.674654
11 0.067619 6.084976
11 0.066011 8.318343
12 0.067979 5.585123
12 0.067976 5.588529
12 0.066403 7.772994
6 0.071553 0.621118
13 0.068649 4.653846
13 0.068098 5.419000
13 0.065718 8.725367
13 0.068223 5.246290
13 0.065739 8.696526
15 0.065758 8.669648
15 0.065729 8.710232
8 0.067223 6.634408
16 0.066328 7.877109
16 0.065239 9.390559
16 0.064990 9.736019
9 0.068881 4.332489
17 0.065345 9.242410
11 0.067795 5.840645
16 0.066502 7.636185
17 0.064928 9.821796
17 0.064997 9.726005
17 0.066651 7.428502
12 0.065594 8.897379
19 0.065101 9.581663
20 0.065123 9.551503
11 0.065670 8.791973
20 0.065870 8.514313
20 0.065079 9.612504
9 0.065748 8.683803
15 0.067370 6.429968
21 0.064822 9.969487
11 0.065437 9.114661
11 0.067460 6.305672
15 0.066211 8.040219
17 0.065539 8.973377
23 0.067426 6.353204
23 0.067447 6.323874
23 0.064956 9.783564
16 0.067431 6.345411
19 0.064946 9.797081
24 0.065055 9.645594
23 0.065385 9.187721
13 0.068003 5.551689
25 0.065789 8.626187
27 0.066237 8.003766
27 0.066042 8.274791
16 0.067749 5.904622
21 0.064820 9.972500
9 0.066094 8.202788
15 0.065017 9.698514
17 0.066356 7.839433
17 0.065982 8.358324
11 0.066628 7.461097
11 0.065208 9.433535
12 0.070358 2.280458
29 0.067362 6.441542
12 0.066233 8.009914
9 0.067133 6.759893
15 0.064869 9.903556
12 0.067041 6.886880
29 0.065072 9.622200
23 0.064971 9.762736
17 0.067822 5.802466
23 0.068386 5.019926
8 0.065120 9.555494
16 0.065945 8.409947
20 0.065466 9.074614
9 0.065184 9.466120
25 0.067071 6.845292
17 0.065917 8.447927
8 0.067664 6.021859
20 0.067438 6.335805
17 0.066232 8.011284
20 0.064986 9.741412
15 0.065098 9.585472
24 0.065911 8.456472
32 0.067677 6.004813
15 0.066890 7.096898
15 0.066256 7.977762
16 0.065183 9.468504
15 0.067637 6.060151
11 0.067261 6.581397
8 0.066917 7.059107
21 0.064830 9.958414
35 0.065248 9.378201
9 0.068733 4.537431
16 0.066087 8.211999
24 0.065871 8.512286
15 0.066360 7.833776
13 0.069092 4.039206
15 0.065973 8.370207
12 0.065174 9.481112
19 0.066012 8.316056
7 0.066265 7.965794
29 0.064819 9.973919
37 0.064850 9.930891
11 0.066074 8.230843
16 0.065140 9.527402
16 0.065865 8.520958
9 0.066278 7.947899
20 0.064891 9.873251
11 0.068132 5.371777
15 0.066996 6.950134
25 0.067181 6.692845
9 0.065615 8.868333
23 0.067896 5.699589
16 0.065343 9.246356
22 0.068203 5.273917
32 0.065087 9.600822
25 0.067447 6.323701
19 0.066974 6.980586
8 0.065210 9.430062
9 0.065594 8.896534
21 0.067129 6.765485
16 0.066567 7.546129
13 0.065212 9.427157
16 0.067773 5.870824
12 0.068314 5.119566
20 0.067646 6.046925
19 0.065353 9.232192
15 0.066353 7.843245
6 0.068118 5.391595
15 0.065503 9.024156
15 0.065721 8.720547
11 0.066027 8.296107
36 0.066119 8.167367
28 0.066586 7.519988
12 0.067264 6.577841
37 0.066776 7.255005
33 0.066901 7.082096
15 0.066567 7.546223
12 0.067978 5.585742
19 0.067922 5.664021
8 0.067482 6.274579
12 0.066174 8.091036
25 0.067592 6.121959
22 0.067155 6.728974
30 0.067259 6.584807
17 0.065474 9.064260
29 0.064809 9.987405
20 0.067212 6.650452
21 0.066404 7.771721
17 0.065359 9.223070
15 0.066458 7.697717
37 0.067122 6.775642
9 0.065927 8.434328
19 0.066147 8.129291
28 0.066014 8.313705
15 0.066411 7.762671
15 0.065707 8.740306
20 0.065374 9.202786
17 0.064987 9.740129
28 0.065277 9.337760
15 0.067470 6.291856
27 0.065857 8.531348
37 0.067275 6.561913
19 0.065467 9.073680
21 0.068049 5.487041
19 0.065418 9.142094
37 0.065806 8.603268
15 0.064852 9.927930
25 0.066718 7.335820
14 0.065376 9.200539
17 0.065344 9.244311
20 0.065342 9.246908
33 0.066850 7.152534
24 0.065500 9.028055
27 0.066553 7.565818
39 0.066740 7.305885
33 0.065984 8.354925
44 0.067493 6.259705
28 0.067614 6.091655
33 0.066253 7.981638
26 0.064975 9.756296
44 0.065253 9.371479
40 0.065715 8.728924
34 0.066592 7.511511
40 0.066387 7.795488
43 0.065700 8.750652
41 0.065525 8.993526
44 0.065839 8.557499
47 0.067999 5.556626
42 0.067584 6.133636
52 0.065411 9.150841
51 0.065711 8.734807
58 0.065534 8.980268
66 0.066570 7.541590
72 0.065386 9.185995
77 0.066335 7.868366
85 0.066830 7.180762
