6 0.069195 3.895141
7 0.070481 2.109863
8 0.066269 7.959756
9 0.066521 7.609249
9 0.065512 9.010899
11 0.066554 7.563298
11 0.067808 5.822850
11 0.068722 4.552615
12 0.064926 9.825029
12 0.067140 6.750370
13 0.066908 7.071595
13 0.066689 7.376764
15 0.067794 5.841601
15 0.067670 6.013936
15 0.066541 7.581399
15 0.065517 9.004812
15 0.067149 6.738023
15 0.068324 5.104929
15 0.065890 8.485725
16 0.066758 7.280427
16 0.066604 7.494288
16 0.066877 7.114938
16 0.066060 8.249606
15 0.069064 4.077778
12 0.067974 5.591203
17 0.067253 6.592624
17 0.065980 8.360809
13 0.067953 5.621515
7 0.065920 8.444780
17 0.066351 7.845414
17 0.067929 5.654091
19 0.064974 9.758075
19 0.066481 7.665058
9 0.066417 7.753545
11 0.065978 8.364176
11 0.065763 8.662823
15 0.067794 5.841285
20 0.065729 8.710119
20 0.066750 7.292028
15 0.064832 9.955937
21 0.066537 7.587404
19 0.065889 8.487204
23 0.066014 8.313580
13 0.067640 6.056226
16 0.064901 9.859823
9 0.066753 7.287728
13 0.066344 7.854979
24 0.064953 9.788042
15 0.066471 7.678679
9 0.066950 7.013239
24 0.064870 9.902426
12 0.066841 7.165260
24 0.066383 7.801037
13 0.066878 7.113544
25 0.065882 8.496767
16 0.065168 9.488610
16 0.066678 7.391423
7 0.067356 6.449353
8 0.067160 6.722597
25 0.065691 8.762919
22 0.065898 8.475132
13 0.064832 9.956030
16 0.064872 9.899383
19 0.065751 8.679476
9 0.067333 6.482365
8 0.067047 6.879529
12 0.068263 5.190559
21 0.066005 8.326441
13 0.065529 8.987158
17 0.070200 2.500053
19 0.068150 5.347703
19 0.065592 8.899591
11 0.065597 8.892600
7 0.068793 4.454006
17 0.066305 7.910176
31 0.065741 8.693506
13 0.065517 9.004676
15 0.067372 6.427498
12 0.065405 9.159457
21 0.065126 9.546867
21 0.065604 8.882709
19 0.067794 5.842082
17 0.065385 9.187014
16 0.065748 8.683578
12 0.065653 8.815073
15 0.064973 9.759446
11 0.066327 7.879619
19 0.064864 9.911473
21 0.067810 5.820048
23 0.064841 9.943022
16 0.067603 6.106515
12 0.065790 8.625064
10 0.066345 7.853926
15 0.065096 9.588686
27 0.067278 6.558205
15 0.066937 7.031375
15 0.065272 9.344222
20 0.066307 7.906586
19 0.067539 6.195157
24 0.065622 8.858736
20 0.065336 9.256151
20 0.065327 9.268381
24 0.067752 5.900352
12 0.067382 6.414257
20 0.067081 6.831524
15 0.064913 9.842368
13 0.067385 6.409678
13 0.068669 4.626854
24 0.065255 9.368040
19 0.067187 6.685067
31 0.066603 7.495701
12 0.066496 7.644869
9 0.068591 4.735374
17 0.065922 8.441665
24 0.065038 9.668774
13 0.068119 5.390219
11 0.066730 7.319585
39 0.065256 9.366320
19 0.065636 8.839181
12 0.064975 9.756762
13 0.065267 9.351400
9 0.065902 8.469042
21 0.065611 8.873171
17 0.067600 6.110791
36 0.065834 8.563539
11 0.068323 5.106700
16 0.068421 4.970139
19 0.065815 8.590708
12 0.066050 8.263919
15 0.066931 7.040239
19 0.065162 9.496668
20 0.065680 8.777679
9 0.065282 9.330205
17 0.064818 9.974745
9 0.066863 7.135009
20 0.066066 8.242135
31 0.065970 8.375292
11 0.066858 7.142287
30 0.065469 9.071337
12 0.065661 8.804233
28 0.066138 8.141903
16 0.065614 8.870013
11 0.066417 7.754690
13 0.065523 8.996096
25 0.065518 9.002965
13 0.066312 7.899555
36 0.065995 8.340348
16 0.066489 7.653734
21 0.065539 8.974036
16 0.065318 9.280584
20 0.065485 9.047986
21 0.066728 7.321763
11 0.066996 6.949933
11 0.066469 7.682596
12 0.068718 4.558478
11 0.068326 5.103100
12 0.066678 7.392219
15 0.066233 8.009291
24 0.066961 6.997991
15 0.066457 7.698115
12 0.067429 6.348186
9 0.067575 6.145647
19 0.065295 9.312879
36 0.065837 8.559721
16 0.068661 4.637761
19 0.065152 9.510637
20 0.065978 8.363994
13 0.065177 9.476532
12 0.066277 7.948552
12 0.068429 4.959779
17 0.065353 9.231400
15 0.066535 7.590206
17 0.066193 8.065090
17 0.068013 5.537327
31 0.067834 5.786557
13 0.067169 6.709293
27 0.065642 8.830589
32 0.067292 6.538239
23 0.066846 7.158853
34 0.065704 8.744878
20 0.065459 9.084043
29 0.065786 8.629865
23 0.065225 9.410166
33 0.066583 7.524236
27 0.065470 9.069855
31 0.065336 9.255656
45 0.065593 8.898783
27 0.065798 8.613640
42 0.065415 9.146424
28 0.068056 5.478282
31 0.067501 6.249267
41 0.066222 8.024392
28 0.066160 8.111340
36 0.066363 7.829461
42 0.066848 7.155394
52 0.066280 7.944328
41 0.065203 9.440092
39 0.066242 7.997435
56 0.065505 9.020602
76 0.066434 7.730671
