7 0.070244 2.438634
8 0.071257 1.032438
10 0.064919 9.834090
11 0.069224 3.855899
11 0.064933 9.815637
11 0.066118 8.169656
12 0.066281 7.943107
13 0.069845 2.993186
13 0.067002 6.941345
13 0.065507 9.018186
13 0.065151 9.511825
13 0.065131 9.540393
14 0.069335 3.701531
14 0.066236 8.005110
14 0.065948 8.404992
14 0.068207 5.268139
15 0.067110 6.791588
10 0.066524 7.604974
15 0.067502 6.247023
15 0.065473 9.064833
15 0.065345 9.243331
16 0.066138 8.141475
16 0.066088 8.210979
16 0.069648 3.267079
16 0.068454 4.924312
12 0.066693 7.370812
16 0.067200 6.666484
16 0.068910 4.291985
16 0.065294 9.313986
16 0.068642 4.664383
16 0.065405 9.159040
16 0.068522 4.830801
16 0.064845 9.937008
17 0.065385 9.187735
17 0.067481 6.276941
17 0.067616 6.089390
17 0.066409 7.765092
17 0.068809 4.431892
15 0.066178 8.086202
17 0.065473 9.065903
17 0.065036 9.671641
17 0.068059 5.473927
18 0.067288 6.544984
18 0.066814 7.203350
18 0.065243 9.384879
10 0.066859 7.140098
18 0.065689 8.765261
18 0.066450 7.708899
8 0.071581 0.582257
18 0.066174 8.092332
18 0.068110 5.403292
19 0.068167 5.324164
9 0.067773 5.870544
15 0.066767 7.267537
8 0.070495 2.089855
20 0.068939 4.251634
12 0.067425 6.354728
14 0.066689 7.376837
15 0.065117 9.560106
14 0.065091 9.595626
22 0.067460 6.305425
11 0.068912 4.288490
12 0.071478 0.725116
15 0.066473 7.676095
15 0.065865 8.521423
14 0.068766 4.491597
13 0.069683 3.218078
14 0.069807 3.045518
16 0.066975 6.979269
16 0.068158 5.335428
18 0.068187 5.296439
11 0.066555 7.562551
15 0.069123 3.995942
12 0.070189 2.515384
14 0.065695 8.756969
14 0.069475 3.506609
13 0.071235 1.062358
18 0.066415 7.756874
16 0.068352 5.066308
16 0.067649 6.042988
17 0.066266 7.964250
12 0.066409 7.765332
14 0.066165 8.103555
17 0.071008 1.377947
20 0.070810 1.652771
15 0.065007 9.712883
17 0.065335 9.256547
19 0.067531 6.206714
20 0.066364 7.827350
18 0.066251 7.985021
16 0.067077 6.836872
16 0.067254 6.592253
19 0.068147 5.351412
15 0.067955 5.618384
18 0.065133 9.538123
17 0.067227 6.628712
18 0.068386 5.019242
19 0.070113 2.621424
15 0.068215 5.257503
18 0.070707 1.795842
19 0.065120 9.555372
16 0.068617 4.699030
19 0.068761 4.498655
12 0.066099 8.196129
13 0.067764 5.882688
16 0.069407 3.601726
9 0.067103 6.801762
21 0.066421 7.748147
17 0.069295 3.756903
13 0.066270 7.957714
13 0.067840 5.777295
15 0.067071 6.845442
13 0.067925 5.660143
16 0.067109 6.793722
16 0.068053 5.482383
14 0.067313 6.509344
13 0.068712 4.567088
16 0.068791 4.457335
10 0.066952 7.011573
16 0.065576 8.922716
15 0.065218 9.419454
16 0.066253 7.981630
16 0.069243 3.828562
14 0.065329 9.265005
14 0.068445 4.937741
14 0.065942 8.413601
20 0.070815 1.645887
13 0.064827 9.962980
15 0.068893 4.314743
7 0.066242 7.996678
17 0.068237 5.226876
16 0.069956 2.838755
16 0.067823 5.801077
17 0.068275 5.173072
16 0.067460 6.305019
15 0.070883 1.551997
7 0.066065 8.242977
14 0.068008 5.544270
14 0.066760 7.277522
9 0.066998 6.947872
18 0.068864 4.355599
10 0.066751 7.290779
12 0.068105 5.410215
7 0.071559 0.612939
17 0.070375 2.256574
10 0.065265 9.354497
16 0.067894 5.703155
16 0.068359 5.056427
16 0.068650 4.652910
15 0.066128 8.155215
21 0.070009 2.765052
17 0.067044 6.883287
8 0.065242 9.386551
20 0.067426 6.352485
11 0.067291 6.540163
10 0.067107 6.795359
7 0.065035 9.674254
15 0.066994 6.953221
16 0.067194 6.674904
20 0.068922 4.274461
17 0.066825 7.187514
13 0.066880 7.111301
14 0.065712 8.733646
16 0.065069 9.626193
16 0.064826 9.964421
10 0.065740 8.694312
17 0.068013 5.537171
20 0.070494 2.091871
16 0.068939 4.250965
15 0.068758 4.503412
13 0.069330 3.708381
21 0.067029 6.904000
14 0.068213 5.260032
15 0.069217 3.864642
17 0.067817 5.809410
14 0.070994 1.397014
19 0.065093 9.593057
17 0.067013 6.926402
19 0.064995 9.728575
16 0.065621 8.860110
13 0.070675 1.839862
19 0.066292 7.928382
13 0.068266 5.186013
16 0.067303 6.523169
16 0.068561 4.776369
13 0.068425 4.964633
18 0.065145 9.521022
17 0.067209 6.654335
20 0.067690 5.986755
18 0.066042 8.274803
16 0.067452 6.316303
16 0.068584 4.744642
17 0.068595 4.729402
17 0.069279 3.778576
18 0.071396 0.839083
16 0.067143 6.746356
17 0.066209 8.043269
18 0.068571 4.762236
18 0.066976 6.977938
16 0.066807 7.213071
