8 0.068408 4.989309
9 0.068506 4.852424
11 0.064992 9.733474
11 0.065780 8.639524
11 0.066282 7.941037
11 0.067215 6.645750
11 0.064906 9.853354
11 0.065496 9.032962
12 0.065956 8.394875
12 0.067157 6.725813
12 0.065446 9.102389
12 0.065318 9.280983
13 0.066042 8.274455
13 0.067822 5.802514
13 0.066747 7.295718
13 0.064994 9.730370
13 0.065391 9.178740
15 0.066599 7.501605
15 0.065693 8.759761
15 0.065016 9.700514
15 0.065241 9.387274
15 0.066255 7.979635
9 0.068035 5.506838
16 0.065125 9.549268
16 0.068786 4.464327
11 0.068285 5.159328
16 0.065366 9.214532
12 0.065994 8.342343
17 0.066180 8.083359
17 0.066358 7.836696
17 0.066473 7.676763
7 0.065685 8.770499
8 0.067178 6.697707
11 0.065521 8.999280
9 0.066784 7.245088
19 0.064819 9.974232
17 0.066844 7.161389
19 0.065555 8.951998
8 0.065579 8.917864
17 0.065151 9.511911
20 0.067680 5.999983
16 0.066031 8.289616
15 0.067484 6.271898
12 0.065179 9.473271
21 0.067626 6.075513
9 0.065824 8.578081
9 0.066451 7.706356
11 0.066809 7.210237
15 0.066526 7.602382
23 0.067084 6.827185
23 0.065117 9.559080
8 0.066771 7.262526
17 0.065396 9.172194
19 0.066460 7.695048
17 0.066046 8.269425
15 0.066744 7.300513
20 0.065010 9.707921
19 0.066522 7.607745
16 0.067280 6.556162
12 0.065620 8.861382
8 0.067431 6.346446
21 0.066742 7.303422
7 0.068215 5.256883
9 0.065317 9.281438
15 0.067336 6.477486
15 0.067132 6.761467
17 0.066105 8.187833
9 0.065524 8.994620
21 0.066510 7.624855
20 0.065095 9.590450
15 0.065253 9.370816
16 0.065179 9.473097
28 0.067444 6.327452
13 0.067405 6.381407
16 0.065522 8.996681
21 0.064981 9.748031
16 0.064998 9.725143
16 0.066011 8.318490
9 0.064866 9.908477
10 0.068760 4.500051
21 0.065064 9.632853
13 0.067953 5.621509
15 0.067239 6.611975
19 0.065343 9.246392
16 0.066361 7.831323
13 0.066825 7.187501
17 0.067225 6.632193
15 0.065131 9.539683
12 0.067394 6.396822
23 0.066397 7.782333
13 0.065331 9.262800
19 0.066199 8.057097
8 0.066388 7.793932
39 0.065009 9.709285
11 0.065106 9.574643
16 0.067896 5.700571
8 0.065383 9.189948
12 0.069023 4.135121
20 0.067336 6.478325
21 0.067226 6.630742
11 0.066140 8.139343
21 0.067736 5.922465
27 0.065466 9.074756
24 0.065283 9.328565
15 0.065685 8.770812
13 0.065223 9.412230
17 0.067173 6.704713
13 0.067512 6.233954
19 0.067386 6.408954
20 0.065661 8.804236
13 0.067182 6.691095
47 0.065281 9.331424
17 0.067579 6.140365
12 0.066307 7.907013
49 0.065421 9.136943
16 0.066245 7.993648
9 0.067308 6.516854
13 0.067928 5.655533
27 0.066836 7.171995
7 0.064856 9.922468
21 0.066299 7.917855
12 0.065332 9.260496
12 0.067698 5.975382
19 0.064857 9.920204
11 0.065006 9.713421
25 0.067881 5.720839
23 0.065536 8.977134
19 0.065679 8.779133
42 0.065864 8.522850
25 0.064860 9.915981
32 0.066736 7.310969
15 0.066984 6.966575
31 0.065054 9.647273
29 0.065412 9.149541
35 0.067480 6.278330
25 0.066126 8.158604
13 0.066503 7.634420
23 0.065315 9.284784
7 0.068540 4.806026
27 0.067827 5.795183
9 0.066513 7.620601
31 0.066348 7.850491
20 0.066924 7.050339
33 0.065136 9.533197
21 0.065903 8.468437
12 0.064833 9.954243
24 0.066399 7.778749
9 0.065786 8.630769
9 0.066532 7.594830
17 0.065235 9.396219
19 0.064935 9.813042
15 0.067635 6.062865
8 0.066513 7.621040
32 0.066118 8.169057
31 0.065305 9.298835
21 0.069054 4.091055
25 0.065244 9.383602
36 0.065266 9.353190
15 0.065721 8.721086
16 0.066292 7.928194
25 0.069424 3.577585
29 0.067232 6.622395
28 0.066702 7.358599
23 0.067016 6.922292
17 0.066283 7.940069
17 0.066410 7.763841
16 0.068010 5.541703
16 0.066486 7.658713
37 0.066823 7.189734
25 0.066732 7.316320
34 0.066337 7.865941
24 0.065095 9.589734
33 0.066450 7.708778
37 0.065307 9.296058
49 0.066351 7.845150
32 0.067221 6.637923
36 0.066704 7.355110
41 0.065341 9.248585
44 0.065606 8.881035
31 0.067626 6.074916
40 0.066448 7.711277
23 0.068723 4.551411
42 0.064847 9.934866
42 0.065978 8.363558
43 0.065700 8.749509
34 0.069582 3.358200
46 0.065232 9.399668
61 0.065608 8.878135
63 0.065193 9.453873
49 0.065078 9.614077
64 0.064949 9.792837
61 0.065216 9.422527
73 0.067095 6.812590
94 0.065642 8.830689
84 0.066039 8.279491
93 0.067571 6.151283
126 0.065682 8.775261
165 0.066525 7.603845
180 0.067596 6.116970
191 0.065602 8.885580
