7 0.069264 3.799500
9 0.065236 9.394387
9 0.069883 2.940595
11 0.064967 9.767504
11 0.065025 9.687090
11 0.065777 8.642881
11 0.065005 9.714852
12 0.066333 7.871143
12 0.066635 7.451751
12 0.065183 9.468700
12 0.065305 9.298218
13 0.067590 6.124667
13 0.065823 8.578911
13 0.065805 8.604149
13 0.064952 9.789264
13 0.068578 4.753108
15 0.066805 7.215945
15 0.066442 7.719424
15 0.068126 5.379972
15 0.067559 6.168580
16 0.064845 9.937797
16 0.067996 5.561079
15 0.065454 9.092195
16 0.066488 7.655352
17 0.065422 9.136181
8 0.066523 7.606307
11 0.065868 8.517001
17 0.066173 8.093501
18 0.068531 4.817929
19 0.067535 6.201071
19 0.067585 6.132155
19 0.067135 6.757214
12 0.065873 8.509815
12 0.066970 6.985481
20 0.066410 7.764118
20 0.065168 9.489362
20 0.065815 8.590467
20 0.066305 7.909043
15 0.065354 9.230856
20 0.066554 7.563198
9 0.067058 6.863447
23 0.065278 9.336360
16 0.065293 9.315449
19 0.064864 9.910742
24 0.066754 7.285736
17 0.065191 9.456406
9 0.067094 6.814258
15 0.067586 6.131042
25 0.065937 8.421245
15 0.066189 8.070304
16 0.066969 6.987963
12 0.067581 6.137344
23 0.066184 8.077843
13 0.065524 8.994572
20 0.064981 9.747938
7 0.068911 4.289991
15 0.065465 9.076804
28 0.064810 9.985679
15 0.065395 9.173884
15 0.067357 6.448136
29 0.066490 7.653441
29 0.066266 7.963856
20 0.067742 5.914411
12 0.066432 7.732917
17 0.067093 6.815379
13 0.067122 6.774837
8 0.065173 9.482058
20 0.065132 9.539096
11 0.066799 7.223530
21 0.067094 6.814484
11 0.067535 6.201980
25 0.066269 7.960243
31 0.066558 7.558465
8 0.066216 8.033279
19 0.065065 9.632418
19 0.066912 7.066821
7 0.070420 2.193989
12 0.067718 5.947378
20 0.065658 8.808778
15 0.065701 8.748502
25 0.065730 8.708568
9 0.066563 7.551100
13 0.066308 7.905701
16 0.066039 8.278596
7 0.067014 6.924526
12 0.066903 7.078816
11 0.068281 5.165059
26 0.065512 9.011596
16 0.067700 5.972838
19 0.065520 9.000524
31 0.067114 6.786059
13 0.066693 7.370980
35 0.067013 6.925960
26 0.065665 8.798859
11 0.067072 6.844023
15 0.065789 8.626825
21 0.066007 8.323615
13 0.066216 8.033057
17 0.065595 8.896258
27 0.065217 9.421094
31 0.068098 5.419592
8 0.065414 9.147881
41 0.066067 8.240329
17 0.065064 9.633634
9 0.067184 6.689363
12 0.065407 9.156912
15 0.064846 9.936082
12 0.064841 9.943673
17 0.066987 6.962124
21 0.065247 9.378797
17 0.067450 6.319848
23 0.065089 9.599163
7 0.065543 8.968734
15 0.068344 5.077871
11 0.066207 8.046313
17 0.067186 6.685539
11 0.067580 6.138844
16 0.066217 8.031805
19 0.067682 5.996552
27 0.066648 7.433920
17 0.064814 9.980406
27 0.067236 6.617282
24 0.066209 8.042858
13 0.065392 9.178204
12 0.069098 4.030300
12 0.067174 6.702951
24 0.065701 8.748080
7 0.071591 0.568542
17 0.064835 9.951841
20 0.066889 7.098639
24 0.065648 8.821664
27 0.066589 7.515293
19 0.066640 7.444824
35 0.065442 9.107991
17 0.067241 6.609136
23 0.067249 6.598878
12 0.068483 4.884990
17 0.066742 7.302512
6 0.071327 0.934584
16 0.065050 9.652686
23 0.065898 8.474326
20 0.065735 8.700949
28 0.064822 9.969511
16 0.066833 7.176195
16 0.066671 7.400897
15 0.065099 9.584441
12 0.065992 8.344103
35 0.064816 9.977203
15 0.065556 8.950557
17 0.066043 8.273607
17 0.065620 8.861547
13 0.067009 6.932366
12 0.068619 4.695247
23 0.065478 9.058002
12 0.067521 6.220621
36 0.067412 6.371882
13 0.068150 5.346912
12 0.065549 8.959658
33 0.065668 8.795046
24 0.065275 9.340884
16 0.066507 7.629252
13 0.067994 5.564245
39 0.066313 7.898997
24 0.066656 7.422619
21 0.065662 8.802652
20 0.068067 5.462794
43 0.065400 9.166058
28 0.066739 7.307507
25 0.064978 9.753068
56 0.065130 9.541633
51 0.065518 9.003140
37 0.065976 8.367102
28 0.066482 7.663517
28 0.065412 9.150426
31 0.065893 8.481352
27 0.067754 5.897525
43 0.065298 9.308001
32 0.064918 9.835688
45 0.065004 9.716384
52 0.066242 7.996956
81 0.065474 9.063993
84 0.065470 9.069134
95 0.065137 9.531614
115 0.065638 8.836090
146 0.066157 8.115513
157 0.065784 8.633769
232 0.065680 8.777228
282 0.066047 8.267785
329 0.065012 9.705960
failed to find solution in 1200 iterations and 324 function evals
failed to find solution in 1200 iterations and 324 function evals
failed to find solution in 1200 iterations and 324 function evals
failed to find solution in 1200 iterations and 319 function evals
failed to find solution in 1200 iterations and 325 function evals
failed to find solution in 1200 iterations and 335 function evals
failed to find solution in 1200 iterations and 365 function evals
failed to find solution in 1200 iterations and 352 function evals
failed to find solution in 1200 iterations and 378 function evals
failed to find solution in 1200 iterations and 364 function evals
failed to find solution in 1200 iterations and 387 function evals
