8 0.068241 5.221149
8 0.066690 7.374867
10 0.066562 7.552567
10 0.067060 6.860469
10 0.068145 5.354152
10 0.067724 5.939152
12 0.065202 9.441212
12 0.065460 9.083057
12 0.066527 7.601931
12 0.065324 9.272338
12 0.070466 2.130945
12 0.069909 2.904025
12 0.065923 8.439823
12 0.066019 8.307193
12 0.067619 6.084739
12 0.066410 7.763475
10 0.067755 5.896030
10 0.066605 7.493738
15 0.067635 6.061958
15 0.066235 8.006505
15 0.065286 9.324370
10 0.068634 4.674742
17 0.069055 4.090032
17 0.070091 2.650943
17 0.065370 9.208027
12 0.066622 7.469865
19 0.065294 9.313444
19 0.067778 5.864011
19 0.065936 8.422478
19 0.066773 7.259452
19 0.066262 7.968897
19 0.065528 8.988196
19 0.067081 6.831954
15 0.065320 9.277286
12 0.066704 7.355067
8 0.067929 5.654351
15 0.066786 7.241013
22 0.067267 6.574197
22 0.067262 6.580099
22 0.065780 8.638269
22 0.068682 4.607775
22 0.067233 6.620928
20 0.068647 4.657161
22 0.066993 6.954571
22 0.066751 7.290487
19 0.067060 6.861686
24 0.068081 5.442828
24 0.068718 4.557653
24 0.066129 8.154602
24 0.067015 6.923247
24 0.066309 7.904420
24 0.066564 7.550047
24 0.065245 9.381797
19 0.065169 9.487383
10 0.069238 3.836597
26 0.071295 0.979044
10 0.064941 9.803899
10 0.067840 5.777297
26 0.069075 4.063095
26 0.067985 5.575846
10 0.068975 4.201318
19 0.067131 6.762343
10 0.065112 9.566547
12 0.068391 5.012681
21 0.067875 5.728589
15 0.066784 7.244311
22 0.065695 8.757213
8 0.065226 9.408762
10 0.067967 5.601147
29 0.071424 0.800144
15 0.067155 6.728686
24 0.067181 6.693562
15 0.067677 6.003877
24 0.067215 6.646043
24 0.068383 5.024261
26 0.068613 4.704451
22 0.068652 4.650518
15 0.066755 7.284438
19 0.065863 8.523484
12 0.066242 7.996606
17 0.068212 5.260540
24 0.068125 5.382131
19 0.067203 6.662464
8 0.065495 9.034838
15 0.067329 6.487488
29 0.069903 2.912140
15 0.067907 5.685221
33 0.067052 6.872192
22 0.065107 9.574258
24 0.068014 5.536094
10 0.068472 4.900571
10 0.066424 7.744829
15 0.067735 5.923601
26 0.066192 8.066392
10 0.067510 6.236605
17 0.065795 8.618003
19 0.065924 8.438427
15 0.069120 3.999988
12 0.066208 8.043906
22 0.066239 8.001497
22 0.067365 6.437315
24 0.068639 4.668356
18 0.068705 4.576499
24 0.067047 6.879130
24 0.064805 9.993088
22 0.066173 8.093085
22 0.066525 7.603867
10 0.067499 6.251047
12 0.067864 5.744456
15 0.066226 8.018812
12 0.071190 1.125535
17 0.064932 9.816050
15 0.069376 3.644297
22 0.067619 6.084212
12 0.069187 3.906715
12 0.067884 5.717178
19 0.066415 7.757115
28 0.066314 7.897015
12 0.068222 5.247475
22 0.067062 6.858294
22 0.066233 8.010270
19 0.065766 8.658012
19 0.066052 8.261451
12 0.067582 6.136054
19 0.068061 5.470633
17 0.066681 7.387336
24 0.067668 6.016184
12 0.069246 3.825364
17 0.065290 9.319465
15 0.064957 9.781413
24 0.069689 3.210348
12 0.067387 6.406506
12 0.070189 2.515151
12 0.065793 8.620345
12 0.066175 8.090762
15 0.065583 8.912940
26 0.066628 7.461272
14 0.065735 8.701278
24 0.066998 6.947780
24 0.067470 6.291369
19 0.066967 6.990200
17 0.066766 7.268941
10 0.064950 9.791678
19 0.064816 9.977430
26 0.065783 8.635240
8 0.066226 8.019822
19 0.066554 7.563313
10 0.067202 6.664039
22 0.065937 8.420677
17 0.065546 8.964068
12 0.067125 6.771105
15 0.065181 9.470549
12 0.065299 9.307189
28 0.067249 6.598250
19 0.065357 9.226950
17 0.067659 6.029059
19 0.068294 5.146959
31 0.067143 6.745427
24 0.067749 5.904145
24 0.065235 9.396043
19 0.067255 6.590237
17 0.066170 8.096681
12 0.066798 7.225478
27 0.066796 7.227460
18 0.066570 7.541472
19 0.066606 7.491863
15 0.067470 6.291097
24 0.066162 8.108820
26 0.067890 5.708023
15 0.065353 9.232192
28 0.067399 6.390496
23 0.067669 6.015076
24 0.067474 6.285967
17 0.067400 6.389066
19 0.065829 8.570388
15 0.065790 8.625346
17 0.068159 5.334890
22 0.066874 7.119306
22 0.065602 8.886511
19 0.068032 5.511262
15 0.066194 8.064257
28 0.066289 7.932025
19 0.068471 4.900767
15 0.067205 6.659284
22 0.069438 3.558460
22 0.066431 7.735028
17 0.068739 4.529525
22 0.066001 8.331418
17 0.066317 7.893318
22 0.068019 5.529436
22 0.067247 6.601757
24 0.067862 5.747081
24 0.065201 9.443727
25 0.067481 6.276157
24 0.066831 7.179371
29 0.066643 7.439662
26 0.066468 7.683282
33 0.066303 7.912241
28 0.068088 5.433608
35 0.067939 5.639584
