7 0.067378 6.419397
11 0.065048 9.654928
12 0.066737 7.309115
13 0.069337 3.698931
13 0.064883 9.884341
13 0.070974 1.425416
15 0.065691 8.762693
15 0.065726 8.714565
15 0.065716 8.728462
16 0.067787 5.851799
16 0.066900 7.083757
16 0.068037 5.504797
16 0.066050 8.264448
16 0.066169 8.098532
16 0.065177 9.476017
16 0.071331 0.928488
16 0.065402 9.163851
16 0.065958 8.391095
16 0.068814 4.425460
16 0.067052 6.872825
16 0.068093 5.426280
16 0.064986 9.741715
16 0.068374 5.036722
17 0.069184 3.910599
17 0.068073 5.453916
17 0.066917 7.059224
8 0.066773 7.260223
17 0.067292 6.539451
17 0.066024 8.299892
17 0.067901 5.693226
17 0.070687 1.823027
17 0.065393 9.176968
7 0.066920 7.055932
6 0.065532 8.983960
17 0.069253 3.815359
19 0.070269 2.404796
19 0.065598 8.891370
19 0.065020 9.694068
19 0.066497 7.643553
19 0.068866 4.352738
19 0.068822 4.414105
19 0.070282 2.385457
19 0.067555 6.173559
19 0.067225 6.632330
19 0.067400 6.389369
19 0.069728 3.154946
19 0.068170 5.319979
9 0.065770 8.653128
15 0.068697 4.588162
9 0.069672 3.232944
20 0.066446 7.713334
8 0.065092 9.594816
19 0.067318 6.502086
20 0.067357 6.448951
21 0.065596 8.894996
9 0.066104 8.189334
15 0.065743 8.690340
16 0.068308 5.127806
12 0.069965 2.827037
9 0.067511 6.234690
16 0.067918 5.670119
15 0.066831 7.179654
17 0.066481 7.665894
19 0.068005 5.548552
13 0.069838 3.003093
13 0.068976 4.199474
11 0.071471 0.734295
16 0.069248 3.822525
11 0.067987 5.574157
13 0.065890 8.486249
16 0.066754 7.286546
13 0.071241 1.053883
17 0.068937 4.254456
16 0.069467 3.517802
13 0.065236 9.394809
17 0.067153 6.732385
17 0.068552 4.788862
16 0.066947 7.018416
16 0.069292 3.760698
19 0.070010 2.764564
15 0.067142 6.746620
19 0.066832 7.177768
19 0.069888 2.933665
14 0.065632 8.844389
8 0.066885 7.103987
20 0.064900 9.861185
20 0.068246 5.214179
19 0.065900 8.472849
19 0.067740 5.917317
19 0.068614 4.703215
20 0.069370 3.652174
21 0.069458 3.530361
23 0.066796 7.227154
21 0.068215 5.257594
19 0.066179 8.085063
19 0.066121 8.165433
16 0.066621 7.471218
23 0.067119 6.779249
20 0.068077 5.449124
20 0.070130 2.597663
20 0.070238 2.446716
19 0.066336 7.866665
13 0.068328 5.100197
23 0.070716 1.783898
21 0.069842 2.997839
21 0.067885 5.715533
9 0.070387 2.240201
17 0.066148 8.127499
7 0.064915 9.840251
15 0.067982 5.580769
19 0.069525 3.437612
21 0.068771 4.484479
15 0.065154 9.508639
15 0.067490 6.264567
24 0.067918 5.670059
17 0.069407 3.601978
11 0.066285 7.936888
16 0.066695 7.367363
16 0.066677 7.393116
9 0.069915 2.895747
15 0.067714 5.953123
15 0.068106 5.407659
16 0.069814 3.036010
19 0.066392 7.788877
7 0.065190 9.457833
15 0.068502 4.858494
12 0.068956 4.228116
16 0.068290 5.152876
20 0.066076 8.227379
15 0.065448 9.100268
17 0.066684 7.383642
19 0.066485 7.659362
15 0.066428 7.739410
16 0.066442 7.719403
20 0.067862 5.747424
17 0.070945 1.464863
17 0.066201 8.054703
21 0.066318 7.890998
20 0.066708 7.350529
19 0.064871 9.901504
16 0.065999 8.335199
16 0.064838 9.947034
17 0.067248 6.599978
20 0.070582 1.969620
8 0.068125 5.381808
19 0.068677 4.615814
20 0.065866 8.518901
17 0.067887 5.712338
9 0.065680 8.778292
19 0.068331 5.096503
17 0.065256 9.366763
13 0.066896 7.088816
15 0.064971 9.762809
19 0.066212 8.039265
12 0.070556 2.005837
19 0.070625 1.909172
11 0.068883 4.328932
19 0.065499 9.029699
20 0.067479 6.279375
19 0.071432 0.789506
17 0.064955 9.785120
13 0.070858 1.585949
13 0.067678 6.003231
19 0.067456 6.310571
27 0.067096 6.811013
19 0.068804 4.439573
19 0.066906 7.074454
15 0.066147 8.128658
15 0.065602 8.885725
15 0.066714 7.341893
24 0.068903 4.302002
19 0.067533 6.203628
17 0.065293 9.315786
17 0.067439 6.335011
19 0.070004 2.771942
13 0.069575 3.368557
16 0.066231 8.012749
15 0.067193 6.676845
21 0.070848 1.599513
19 0.068564 4.771895
21 0.069715 3.173669
19 0.067482 6.274347
20 0.066872 7.122328
15 0.068468 4.905058
16 0.066024 8.300229
17 0.067628 6.071956
21 0.070611 1.928789
19 0.067531 6.207571
17 0.069959 2.834152
17 0.069666 3.241434
16 0.068462 4.914067
19 0.068182 5.303050
19 0.069456 3.533628
19 0.066205 8.048989
20 0.065820 8.582955
21 0.068225 5.242403
20 0.067230 6.624938
23 0.068060 5.472453
23 0.067214 6.647554
24 0.065750 8.679866
