8 0.066105 8.186890
8 0.071063 1.301335
9 0.065061 9.637209
9 0.069359 3.668257
9 0.066481 7.665488
11 0.068689 4.598288
11 0.067757 5.892789
11 0.065630 8.846546
12 0.066178 8.086122
12 0.068453 4.925824
12 0.065233 9.398846
12 0.066192 8.066641
12 0.065391 9.179690
12 0.065291 9.317862
13 0.067428 6.349569
13 0.066371 7.818372
13 0.066094 8.203403
13 0.067965 5.604296
15 0.064985 9.743291
8 0.066853 7.149280
16 0.067589 6.126602
11 0.065474 9.063294
16 0.067223 6.634301
17 0.066187 8.073639
11 0.065715 8.729439
17 0.065673 8.787956
17 0.065131 9.539639
15 0.067790 5.847438
15 0.067966 5.602712
17 0.066033 8.287615
17 0.067129 6.764791
12 0.066557 7.559573
19 0.064957 9.782005
19 0.069264 3.799319
19 0.065514 9.008386
19 0.066537 7.587063
19 0.065496 9.032703
12 0.067916 5.672803
9 0.064916 9.839050
20 0.066936 7.033139
20 0.067207 6.657186
21 0.064841 9.942512
21 0.065341 9.248926
16 0.067268 6.572398
16 0.065697 8.754697
23 0.065992 8.344817
15 0.067034 6.897409
12 0.068624 4.689528
17 0.065624 8.855953
25 0.066529 7.598241
12 0.066991 6.956288
28 0.065718 8.724900
12 0.065332 9.261381
13 0.067011 6.928588
16 0.067782 5.858408
22 0.065557 8.949263
24 0.065570 8.930010
19 0.065703 8.746027
20 0.066554 7.563239
8 0.065247 9.378677
9 0.066273 7.953950
7 0.065803 8.606842
20 0.066106 8.186599
19 0.066342 7.858580
24 0.067412 6.372529
11 0.065163 9.495625
8 0.067946 5.630185
20 0.066081 8.220458
24 0.067331 6.484044
24 0.066155 8.118533
23 0.066643 7.440702
11 0.066200 8.055324
13 0.065443 9.107375
15 0.065432 9.121583
11 0.065565 8.937059
27 0.065893 8.481493
19 0.065214 9.425076
13 0.068083 5.440343
29 0.066310 7.902868
13 0.067168 6.711442
36 0.065679 8.779320
12 0.065701 8.749119
13 0.065062 9.635969
9 0.067596 6.116765
13 0.065444 9.105775
8 0.065743 8.690898
21 0.065800 8.611407
17 0.065795 8.618691
29 0.066965 6.992917
12 0.066680 7.388389
20 0.068423 4.967737
8 0.067187 6.685415
16 0.066754 7.285431
20 0.064870 9.902357
35 0.066537 7.587531
36 0.066231 8.013019
30 0.066449 7.710306
12 0.065440 9.110496
20 0.068348 5.072663
25 0.065914 8.452228
8 0.067079 6.835384
9 0.065997 8.336837
9 0.066785 7.242701
20 0.065416 9.144433
11 0.065928 8.433227
7 0.066713 7.343567
15 0.066652 7.427718
16 0.065394 9.175438
35 0.065568 8.933866
12 0.065340 9.249919
15 0.068460 4.915977
17 0.067144 6.744183
21 0.067014 6.924382
41 0.066882 7.108367
8 0.067070 6.846881
16 0.067373 6.426804
38 0.065700 8.750642
11 0.068228 5.238489
29 0.065840 8.555960
11 0.066962 6.997263
32 0.065545 8.965074
38 0.065163 9.495397
11 0.068464 4.911315
17 0.065686 8.769621
13 0.066192 8.066276
21 0.067399 6.389720
23 0.065420 9.138696
12 0.065413 9.148422
28 0.066034 8.285457
28 0.065668 8.794354
13 0.067281 6.554710
20 0.067972 5.593757
9 0.065034 9.675170
25 0.065531 8.984548
21 0.064870 9.902794
16 0.067881 5.721422
8 0.066797 7.226454
24 0.068004 5.550354
13 0.066131 8.151453
15 0.064935 9.811861
28 0.064820 9.972325
9 0.065221 9.415028
15 0.065119 9.557562
7 0.069956 2.839537
12 0.068052 5.482912
40 0.065035 9.673576
48 0.066025 8.298260
24 0.066451 7.706322
22 0.064891 9.874231
33 0.066091 8.207403
9 0.065199 9.445929
17 0.065010 9.708803
7 0.068128 5.377175
12 0.065833 8.564593
23 0.066432 7.733004
40 0.066633 7.454714
16 0.068035 5.506864
15 0.066957 7.004235
20 0.067955 5.617740
32 0.067088 6.821620
53 0.066030 8.291899
45 0.065452 9.094057
28 0.064998 9.724732
27 0.066140 8.138848
31 0.066118 8.169825
67 0.065746 8.685784
74 0.066134 8.146744
56 0.065447 9.101707
91 0.065733 8.704243
112 0.065823 8.579655
125 0.065271 9.345268
128 0.065570 8.930831
145 0.065352 9.232772
155 0.065247 9.379740
218 0.065332 9.261640
209 0.065380 9.193780
250 0.065186 9.464281
234 0.065141 9.526661
345 0.065174 9.480024
failed to find solution in 1200 iterations and 342 function evals
failed to find solution in 1200 iterations and 334 function evals
failed to find solution in 1200 iterations and 320 function evals
failed to find solution in 1200 iterations and 326 function evals
failed to find solution in 1200 iterations and 336 function evals
failed to find solution in 1200 iterations and 345 function evals
failed to find solution in 1200 iterations and 330 function evals
failed to find solution in 1200 iterations and 322 function evals
failed to find solution in 1200 iterations and 333 function evals
failed to find solution in 1200 iterations and 329 function evals
failed to find solution in 1200 iterations and 366 function evals
failed to find solution in 1200 iterations and 342 function evals
failed to find solution in 1200 iterations and 328 function evals
failed to find solution in 1200 iterations and 317 function evals
failed to find solution in 1200 iterations and 332 function evals
failed to find solution in 1200 iterations and 331 function evals
failed to find solution in 1200 iterations and 329 function evals
failed to find solution in 1200 iterations and 348 function evals
failed to find solution in 1200 iterations and 324 function evals
failed to find solution in 1200 iterations and 338 function evals
failed to find solution in 1200 iterations and 330 function evals
