49 1.872603 7.479550
40 1.977144 2.314480
74 1.986688 1.842939
125 1.902890 5.983151
146 1.835673 9.304154
198 1.850497 8.571741
175 1.886818 6.777238
335 1.914762 5.396587
392 1.967093 2.811065
426 1.926341 4.824528
396 1.937294 4.283326
402 1.987891 1.783500
421 1.894554 6.395017
449 2.001026 1.134493
169 1.850513 8.570985
596 1.946971 3.805232
322 2.006244 0.876696
696 1.851004 8.546701
157 1.978123 2.266073
716 1.912276 5.519401
401 1.826621 9.751407
778 1.836173 9.279487
176 1.846433 8.772540
575 1.899205 6.165203
596 1.934983 4.397531
352 1.975033 2.418764
715 1.987630 1.796386
1018 1.892517 6.495669
618 1.903813 5.937565
223 1.924986 4.891453
1225 1.901530 6.050345
1198 1.915072 5.381284
1222 1.954332 3.441552
482 1.950380 3.636786
940 1.877399 7.242578
1356 1.866576 7.777356
1478 1.913960 5.436212
1491 1.918473 5.213240
1530 2.015834 0.402882
1579 1.856465 8.276914
703 1.914897 5.389913
1273 1.957633 3.278434
1118 1.825219 9.820677
1652 1.963349 2.996043
45 1.868687 7.673014
324 1.897262 6.261217
1714 1.923048 4.987183
12 1.897569 6.246062
1550 1.901157 6.068782
1027 1.915007 5.384503
1913 1.881395 7.045186
1936 1.833570 9.408077
473 1.830492 9.560142
1867 1.896886 6.279783
1964 1.997164 1.325346
607 1.840165 9.082229
1151 1.857348 8.233263
1726 1.976817 2.330631
169 1.921701 5.053777
2177 1.979244 2.210729
222 1.893087 6.467478
2159 1.826018 9.781200
2233 1.969935 2.670631
64 2.008502 0.765157
1705 1.857570 8.222314
2257 1.834785 9.348068
637 1.859914 8.106482
1728 1.946788 3.814269
480 1.821681 9.995471
773 1.913397 5.464033
761 1.834120 9.380922
28 1.837140 9.231714
2244 1.944154 3.944431
628 1.936631 4.316123
410 1.855450 8.327056
272 2.006149 0.881422
2349 1.930490 4.619516
37 1.942871 4.007780
537 1.846509 8.768798
2172 1.975754 2.383153
1688 1.853968 8.400266
1198 1.887083 6.764136
790 1.830551 9.557226
2526 1.948296 3.739752
2555 1.831605 9.505187
2564 1.958718 3.224839
611 1.996767 1.344936
2583 1.962845 3.020951
2588 1.905158 5.871090
1267 1.899663 6.142577
610 1.831495 9.510576
1392 1.921372 5.070027
639 1.984390 1.956459
235 1.821966 9.981396
829 1.830229 9.573147
2715 1.870715 7.572843
2807 1.867453 7.734010
539 1.940364 4.131674
2441 1.931452 4.571987
173 1.898090 6.220334
1213 1.889209 6.659098
1490 1.893433 6.450398
2941 1.919203 5.177189
377 1.891323 6.554663
111 1.840705 9.055568
374 1.826622 9.751337
394 1.846237 8.782223
1156 1.824519 9.855263
2183 1.873107 7.454639
690 1.829908 9.588989
1811 1.924361 4.922323
922 1.904534 5.901941
1672 1.956289 3.344854
312 1.829912 9.588819
456 1.932406 4.524849
2664 1.862017 8.002565
1897 1.909351 5.663940
82 1.854091 8.394183
678 1.948810 3.714352
3014 1.833769 9.398234
3092 1.856765 8.262083
3256 1.860733 8.066043
1824 1.928353 4.725117
860 1.882740 6.978725
624 2.003495 1.012512
69 1.904935 5.882104
3333 1.980892 2.129280
3088 1.911227 5.571229
333 1.900576 6.097489
2463 1.882735 6.978954
2468 1.821699 9.994597
331 1.837671 9.205482
3011 1.967706 2.780761
2046 1.944818 3.911611
1347 1.984667 1.942763
177 1.960317 3.145844
7 1.977003 2.321440
873 1.882344 6.998291
109 1.902080 6.023196
1240 1.914797 5.394866
196 1.876430 7.290470
3358 1.959187 3.201683
3492 1.883407 6.945753
1575 1.862147 7.996144
665 1.933636 4.464074
969 1.913419 5.462966
2134 1.965689 2.880421
943 1.855693 8.315017
7 1.825447 9.809391
286 1.921462 5.065541
927 1.828139 9.676412
2972 1.926698 4.806864
643 1.857212 8.240009
3664 1.855202 8.339282
1325 1.878121 7.206923
260 1.871618 7.528242
708 1.841216 9.030311
2131 1.895638 6.341441
151 1.919528 5.161121
1650 1.871164 7.550645
116 1.954241 3.446057
908 1.888416 6.698285
2018 1.882071 7.011762
3267 1.932599 4.515312
488 1.833729 9.400223
190 1.952224 3.545685
1965 1.995950 1.385286
655 1.891235 6.558995
3191 1.874805 7.370769
199 1.982438 2.052912
547 1.850309 8.581056
2933 1.863587 7.925027
1558 1.909595 5.651865
705 1.989682 1.694984
3140 1.825048 9.829150
2263 1.903781 5.939118
2604 1.916281 5.321526
1089 1.951287 3.591999
2470 1.841835 8.999749
1077 1.916028 5.334063
7 1.890185 6.610867
389 1.881529 7.038534
1037 1.885276 6.853436
2007 1.985686 1.892434
2222 1.856934 8.253703
878 1.875109 7.355766
4170 1.988946 1.731338
4178 1.924641 4.908509
663 1.896349 6.306340
674 1.838825 9.148431
1685 1.839856 9.097488
727 1.941610 4.070102
131 1.870410 7.587899
1997 1.913842 5.442041
563 1.876273 7.298214
1906 1.842641 8.959919
2462 1.907540 5.753393
1085 1.948432 3.733054
2013 1.938562 4.220694
3387 1.822011 9.979187
258 1.872101 7.504384
787 2.008190 0.780547
674 1.842359 8.973813
3361 1.911451 5.560189
4302 2.003760 0.999444
3575 1.890829 6.579062
1023 2.013506 0.517893
4387 1.985972 1.878309
459 1.851020 8.545910
2055 1.874631 7.379337
1433 1.878726 7.177047
903 1.847564 8.716683
1495 1.852992 8.448499
1511 1.866388 7.786645
3165 1.862626 7.972518
981 1.871020 7.557777
662 1.922804 4.999254
469 1.926914 4.796186
3733 1.985968 1.878504
233 1.902748 5.990164
848 1.889058 6.666543
484 1.822958 9.932380
143 1.917086 5.281754
134 1.884440 6.894736
2573 1.886928 6.771793
1912 1.906761 5.791906
1569 1.965469 2.891303
200 1.894496 6.397879
2273 1.858709 8.166046
779 1.970066 2.664157
436 1.829162 9.625869
514 1.965495 2.890028
1393 1.852561 8.469804
1758 1.900859 6.083524
1935 1.974967 2.422033
1083 1.850636 8.564890
1369 1.883645 6.933995
2791 1.954375 3.439403
80 1.869602 7.627831
1402 1.861363 8.034885
471 1.896163 6.315497
133 1.859803 8.111993
404 1.866829 7.764847
4523 1.954897 3.413610
267 1.836370 9.269751
422 1.940993 4.100580
4582 1.848072 8.691550
408 1.835951 9.290415
2293 1.916309 5.320140
304 1.839067 9.136472
3758 1.844866 8.849956
627 1.838439 9.167516
1783 1.887229 6.756920
2543 1.896837 6.282207
1531 1.962660 3.030087
2529 1.904493 5.903961
2392 1.858376 8.182455
3679 1.879972 7.115456
1441 1.913550 5.456481
3173 1.995247 1.420042
3782 1.905883 5.835269
944 1.844139 8.885874
4754 1.894056 6.419629
986 2.006274 0.875204
1478 2.002312 1.070990
153 1.866707 7.770858
1196 1.943843 3.959793
619 1.929876 4.649828
637 1.923772 4.951407
2643 1.901469 6.053354
1928 1.897506 6.249180
447 1.927561 4.764223
2126 1.842275 8.977985
2762 1.925489 4.866609
3493 1.833656 9.403812
3633 1.836606 9.258073
358 1.879741 7.126909
3049 1.984561 1.947993
5258 1.884169 6.908099
1546 1.898001 6.224719
97 1.849304 8.630710
4432 1.897834 6.232960
20 1.948334 3.737896
2797 1.957629 3.278646
126 1.886911 6.772624
344 1.940578 4.121112
2678 2.003958 0.989657
703 1.976389 2.351756
1160 1.824318 9.865176
1924 1.987114 1.821851
872 1.836647 9.256052
899 1.995618 1.401728
2075 1.998363 1.266097
1169 1.939971 4.151090
1780 1.844111 8.887278
145 1.946092 3.848675
1706 1.843765 8.904359
2436 1.924619 4.909584
1041 1.910858 5.589489
1918 1.999420 1.213872
3085 1.917653 5.253760
566 1.884307 6.901291
1483 1.868110 7.701525
425 1.892873 6.478089
3285 1.879428 7.142348
472 1.912470 5.509855
760 1.847460 8.721806
697 1.946633 3.821937
1229 1.971210 2.607634
1043 1.891212 6.560125
5604 1.927831 4.750875
2093 2.000973 1.137146
1371 1.898147 6.217506
919 1.939192 4.189566
2434 1.825454 9.809055
191 1.972801 2.529025
793 1.872021 7.508332
454 2.002746 1.049555
1596 1.983345 2.008070
4607 1.850903 8.551691
339 1.907091 5.775596
874 1.864235 7.892988
1119 1.824058 9.878025
4579 1.926783 4.802647
1504 1.855904 8.304591
2944 1.950558 3.627983
926 1.994121 1.475646
1318 1.898518 6.199168
2272 1.990851 1.637221
114 1.879577 7.134991
4282 1.977630 2.290441
2695 1.960352 3.144121
1301 1.987407 1.807375
1564 1.889248 6.657196
1567 1.930355 4.626171
1558 1.886575 6.789227
3756 1.967367 2.797505
1295 1.912954 5.485942
2915 1.940960 4.102240
4676 1.916524 5.309560
3807 1.838181 9.180247
201 1.982349 2.057291
390 1.986848 1.835011
718 1.823389 9.911086
2304 1.852112 8.491976
2728 2.001645 1.103946
2075 1.978224 2.261116
1473 1.902422 6.006294
1790 1.943513 3.976101
3078 1.839421 9.118987
380 1.911471 5.559181
1665 1.841369 9.022751
1492 1.876100 7.306767
3296 1.867547 7.729350
397 1.936283 4.333302
246 1.871273 7.545258
1911 1.953292 3.492935
1316 1.920738 5.101350
3051 1.879275 7.149932
2941 1.884469 6.893284
3555 1.832732 9.449483
1495 1.829821 9.593293
4554 1.967596 2.786203
1650 1.911583 5.553658
193 1.977215 2.310962
699 1.960235 3.149906
1034 1.940197 4.139911
272 1.828265 9.670177
891 1.932780 4.506355
433 1.822341 9.962874
2114 1.923478 4.965964
1843 1.916398 5.315749
7 1.877751 7.225209
3020 2.000574 1.156842
1571 1.862544 7.976552
404 1.884965 6.868791
1959 1.851367 8.528782
1845 1.875536 7.334634
1590 1.970989 2.618577
2471 1.908677 5.697257
427 1.885235 6.855463
322 1.883767 6.927957
1364 1.960339 3.144754
231 2.019765 0.208682
926 1.868376 7.688393
201 1.910260 5.619011
813 1.938049 4.246034
3134 1.896415 6.303065
5942 1.881204 7.054625
243 1.902109 6.021723
12 1.975607 2.390399
159 1.832333 9.469216
719 1.831592 9.505814
1563 1.877382 7.243427
620 1.855772 8.311150
144 1.901816 6.036201
1035 1.831279 9.521251
2294 1.895711 6.337861
894 1.948533 3.728072
2074 1.884230 6.905115
4675 1.931000 4.594299
1176 1.839494 9.115372
216 1.929104 4.687981
748 1.992242 1.568484
468 1.979556 2.195302
2147 1.985219 1.915508
1693 1.841762 9.003344
4211 1.984812 1.935612
3597 1.821860 9.986651
2730 1.845389 8.824123
3503 1.939578 4.170516
4645 1.844160 8.884862
756 1.953171 3.498926
124 1.891719 6.535110
681 1.943216 3.990760
1545 1.853292 8.433684
851 2.002261 1.073475
2529 1.828568 9.655218
3062 1.989215 1.718061
2882 1.844094 8.888096
1639 1.953526 3.481346
218 2.002538 1.059790
347 1.825344 9.814492
506 1.909642 5.649544
5280 1.934037 4.444257
117 1.936227 4.336065
1678 1.828761 9.645654
1997 1.906814 5.789263
2637 1.870976 7.559921
360 1.935186 4.387472
1794 1.872736 7.473008
6860 1.880316 7.098497
2317 1.995901 1.387706
1631 1.874752 7.373388
3360 1.847477 8.720988
1960 1.836221 9.277119
1399 1.926120 4.835403
131 1.865497 7.830623
751 1.925384 4.871791
697 1.961061 3.109079
1741 1.863525 7.928070
2214 1.832374 9.467171
55 1.933548 4.468427
6605 1.880734 7.077804
2353 1.984737 1.939328
830 1.993267 1.517863
223 1.918683 5.202865
761 1.889479 6.645746
101 1.895020 6.371990
9 1.900718 6.090480
5038 1.894737 6.385965
1141 1.986684 1.843106
465 1.934576 4.417629
1685 1.988807 1.738240
493 1.859992 8.102652
2022 1.959857 3.168548
3088 1.859492 8.127345
287 1.902763 5.989424
54 1.957608 3.279678
284 1.888493 6.694460
734 1.858564 8.173195
3115 1.978329 2.255936
167 1.977632 2.290348
1718 1.926455 4.818871
2505 1.941982 4.051744
3518 1.865407 7.835104
3693 1.913505 5.458689
691 1.915652 5.352617
514 1.843912 8.897094
338 1.942012 4.050247
232 1.878392 7.193563
1115 1.873802 7.420315
1308 1.912231 5.521620
244 1.891794 6.531403
5639 1.908049 5.728265
3649 1.956527 3.333103
2814 1.882407 6.995193
260 1.852999 8.448150
994 1.872452 7.487020
575 1.913944 5.437016
298 1.848073 8.691536
1616 1.910499 5.607207
213 1.878833 7.171745
988 1.860127 8.095943
2005 1.963538 2.986704
984 1.877747 7.225398
4266 1.932696 4.510518
1214 1.889133 6.662874
807 1.966043 2.862918
1734 1.843113 8.936564
4496 1.933525 4.469584
6025 2.007007 0.839007
2787 1.967085 2.811469
580 1.869110 7.652139
484 1.885687 6.833125
12 1.849717 8.610313
1283 1.975545 2.393475
1595 1.877645 7.230459
3200 1.926435 4.819883
1379 1.930952 4.596706
4663 1.868230 7.695624
468 1.987485 1.803550
1323 1.964861 2.921346
251 1.946844 3.811502
886 1.840447 9.068317
2322 1.834451 9.364564
1690 1.895828 6.332086
3603 1.905259 5.866092
491 1.998731 1.247880
3919 1.867764 7.718650
2014 1.860058 8.099379
1489 1.857853 8.208303
445 1.868251 7.694586
3170 1.951428 3.585039
773 1.918346 5.219499
219 1.863595 7.924598
426 1.829267 9.620682
2590 1.901407 6.056432
1888 1.857004 8.250286
7218 1.874297 7.395868
6823 2.012261 0.579410
1278 1.913382 5.464791
1577 1.982855 2.032300
4947 1.831084 9.530915
5696 1.965974 2.866357
912 1.947808 3.763862
66 1.956415 3.338617
1188 1.952225 3.545635
2223 2.002600 1.056763
694 1.838066 9.185938
1117 1.841773 9.002766
22 1.895119 6.367098
585 2.001275 1.122214
1258 1.915049 5.382421
1036 1.873770 7.421910
5667 1.840148 9.083063
159 1.884716 6.881073
1930 1.822103 9.974637
1311 1.990000 1.679303
1974 1.890325 6.603950
1028 1.893627 6.440815
489 1.917341 5.269158
11 1.869353 7.640154
167 1.861681 8.019192
2409 1.946219 3.842383
3505 1.877979 7.213931
2885 2.017690 0.311184
1161 1.955153 3.400996
3691 1.990022 1.678173
445 1.849921 8.600236
7 1.992143 1.573412
556 1.821841 9.987553
42 1.836204 9.277945
646 1.837842 9.197006
55 1.939294 4.184506
4809 1.898056 6.222011
941 1.845530 8.817177
1946 1.910223 5.620872
1392 1.885989 6.818175
697 1.829942 9.587347
1730 1.836719 9.252474
2646 1.881053 7.062051
1658 1.840667 9.057409
1178 1.846125 8.787775
454 1.829067 9.630549
1881 1.829116 9.628123
793 1.842717 8.956143
238 1.983433 2.003717
456 1.860735 8.065943
2391 1.878775 7.174632
3279 1.925120 4.884834
318 1.922135 5.032328
1875 1.909038 5.679418
3620 1.974547 2.442751
729 1.834636 9.355389
623 1.903317 5.962060
2525 1.988999 1.728712
140 1.895145 6.365834
4510 1.822526 9.953740
3102 1.904422 5.907455
4030 1.914992 5.385250
1065 1.916628 5.304421
82 1.919815 5.146954
548 1.967649 2.783568
894 1.889970 6.621519
30 1.823482 9.906503
512 1.859892 8.107591
1889 1.863996 7.904826
2165 1.941695 4.065887
3216 1.828288 9.669062
228 1.949913 3.659878
353 1.882048 7.012888
1544 1.853719 8.412575
218 1.861255 8.040234
409 1.931238 4.582565
6810 1.915150 5.377440
1817 1.832179 9.476791
1656 1.836774 9.249793
30 1.931720 4.558743
1707 1.954288 3.443695
1120 1.865113 7.849644
4464 1.981278 2.110216
1752 1.881847 7.022832
286 1.823010 9.929817
981 1.844200 8.882884
638 1.840304 9.075375
4948 1.952221 3.545853
745 1.986751 1.839825
2985 1.893625 6.440919
915 1.964597 2.934391
5445 1.981173 2.115380
2562 1.899414 6.154902
736 1.879006 7.163185
5077 1.879436 7.141962
294 1.940283 4.135647
2926 1.831561 9.507316
868 1.966527 2.839032
959 1.910527 5.605848
998 1.852658 8.464970
1585 1.943027 4.000105
3283 1.982698 2.040074
2195 1.857032 8.248893
3440 1.830330 9.568133
5339 1.902660 5.994532
85 1.957504 3.284814
1052 1.880936 7.067853
229 1.954867 3.415106
233 1.895891 6.328981
391 1.880927 7.068312
975 1.957367 3.291591
1831 1.904359 5.910572
342 1.859760 8.114112
2096 1.935493 4.372323
1914 1.837915 9.193401
6283 1.888327 6.702657
968 1.873018 7.459031
1535 1.908906 5.685927
5054 1.928823 4.701863
1107 1.838034 9.187543
735 1.879089 7.159106
5622 1.906130 5.823080
1721 2.010989 0.642279
1507 1.844327 8.876625
471 1.906157 5.821746
2816 1.916226 5.324267
191 1.900899 6.081505
493 1.866998 7.756498
577 1.889353 6.651962
1685 1.838730 9.153157
7148 1.863528 7.927907
6319 1.921452 5.066047
731 1.842258 8.978818
2221 1.996220 1.371976
687 1.878085 7.208732
227 1.830962 9.536920
685 1.920863 5.095164
183 2.010415 0.670632
221 2.011617 0.611248
2180 1.837246 9.226453
3893 1.913098 5.478815
161 1.929537 4.666589
1811 1.874556 7.383068
769 1.938878 4.205068
273 1.838012 9.188635
414 1.867278 7.742667
1250 1.879750 7.126449
1541 1.868879 7.663534
108 1.954091 3.453451
464 1.850967 8.548538
4635 1.975715 2.385083
7205 1.892215 6.510568
76 1.945980 3.854199
858 1.857649 8.218393
1128 1.934372 4.427709
3770 1.938746 4.211617
1923 1.986593 1.847603
3447 1.961387 3.092978
1136 1.881421 7.043902
1677 1.926201 4.831407
3314 1.851821 8.506350
1985 1.850336 8.579725
1154 1.898235 6.213125
320 1.853241 8.436188
2182 1.967176 2.806954
4644 1.899358 6.157655
897 1.943954 3.954311
1256 1.894440 6.400657
933 1.881706 7.029807
2468 1.881990 7.015777
405 1.835622 9.306681
1404 1.849813 8.605554
799 1.917696 5.251633
3069 2.001490 1.111570
1596 1.829706 9.599000
713 1.864360 7.886834
1660 1.832448 9.463532
455 2.010321 0.675257
777 1.944201 3.942087
639 1.870361 7.590323
74 1.913114 5.477999
989 1.882332 6.998880
4671 1.918198 5.226823
780 1.852607 8.467489
5347 1.961560 3.084421
1339 1.986974 1.828806
1474 1.824772 9.842761
2885 1.864620 7.873995
1527 1.946112 3.847656
20 1.875895 7.316909
2930 1.907847 5.738227
3103 1.871469 7.535590
1258 1.929570 4.664975
220 1.974014 2.469081
1640 1.853727 8.412180
1675 1.944032 3.950427
2473 1.901110 6.071105
6445 1.827494 9.708290
1222 1.889128 6.663112
2143 1.860654 8.069925
3165 1.842250 8.979197
279 1.838489 9.165034
310 1.918940 5.190156
1823 1.878334 7.196427
2123 1.860619 8.071664
2442 1.910650 5.599768
2206 1.855382 8.330386
418 1.857554 8.223074
2138 1.869048 7.655218
441 1.949960 3.657574
43 1.959482 3.187095
1960 1.987580 1.798864
5683 1.846416 8.773406
607 1.928899 4.698114
172 1.984647 1.943757
4355 1.880124 7.107947
1322 1.881074 7.061007
126 1.871192 7.549273
1796 1.989994 1.679553
2230 1.911851 5.540418
583 1.947821 3.763255
507 1.976776 2.332625
1181 1.921766 5.050552
3445 1.976138 2.364167
115 1.821947 9.982319
5369 1.838087 9.184924
4389 1.960239 3.149698
185 1.954922 3.412378
7 1.964521 2.938141
1992 1.866570 7.777638
1155 1.966220 2.854164
4498 1.980596 2.143923
1477 1.873010 7.459433
2277 1.980473 2.149972
848 1.996818 1.342410
992 1.917528 5.259933
1013 1.849069 8.642302
4066 1.830915 9.539259
828 1.900526 6.099956
1433 1.877124 7.256179
1903 1.971016 2.617207
1240 1.943364 3.983448
3561 1.979070 2.219318
166 1.841126 9.034755
477 1.873651 7.427756
447 1.992863 1.537821
841 1.845772 8.805198
2803 1.907060 5.777153
2179 1.885151 6.859589
1028 1.848219 8.684298
1625 1.980002 2.173240
1270 1.850168 8.588003
3498 1.919372 5.168839
155 1.956423 3.338223
6128 1.827009 9.732240
300 1.869646 7.625672
213 1.835261 9.324529
1123 1.892337 6.504547
893 1.941975 4.052054
57 1.928675 4.709189
1870 1.882162 7.007286
1122 1.859486 8.127642
3792 1.925815 4.850485
8 1.884652 6.884264
3169 1.865918 7.809864
3374 1.963049 3.010866
68 1.996416 1.362295
741 1.872397 7.489743
2908 1.890415 6.599513
5761 1.840348 9.073176
998 1.883387 6.946745
2104 1.869758 7.620139
393 1.958641 3.228649
2052 1.842453 8.969180
533 2.019991 0.197497
49 1.952061 3.553748
2686 1.838941 9.142711
1561 1.834296 9.372187
1505 1.847309 8.729280
2614 1.931524 4.568423
114 2.006097 0.883970
659 1.907390 5.760814
351 1.965864 2.871784
1118 1.852177 8.488748
1558 1.900133 6.119373
574 2.018535 0.269451
2928 1.916943 5.288848
1528 1.827532 9.706392
404 1.904060 5.925354
1212 1.883148 6.958563
1004 1.912722 5.497404
1685 1.900631 6.094770
28 1.824916 9.835654
1562 1.960067 3.158202
1649 1.916812 5.295304
249 2.018474 0.272438
806 1.845254 8.830797
1936 1.933228 4.484232
47 1.846756 8.756606
2422 1.874731 7.374405
245 1.821682 9.995443
2810 1.968324 2.750258
728 1.909930 5.635352
1165 1.826290 9.767761
60 1.902038 6.025243
218 1.952211 3.546341
946 1.893583 6.442976
3683 1.902405 6.007104
1616 1.850822 8.555715
3225 1.937569 4.269740
65 1.920976 5.089567
416 2.006271 0.875387
971 1.856020 8.298899
82 1.863071 7.950514
5056 1.852042 8.495401
649 1.829946 9.587137
1428 1.821706 9.994262
22 1.838196 9.179508
379 1.843928 8.896309
821 1.879022 7.162391
3496 1.847713 8.709310
684 1.870047 7.605851
503 1.873656 7.427526
2438 1.907907 5.735259
2825 1.890669 6.586940
3688 1.859996 8.102451
1322 1.867418 7.735723
1639 1.962059 3.059761
467 1.902321 6.011277
1228 1.848318 8.679409
2560 1.877318 7.246586
26 1.964323 2.947898
4018 1.837817 9.198252
599 1.838344 9.172220
4687 1.926361 4.823516
489 2.004560 0.959883
124 1.974496 2.445271
1203 1.938185 4.239308
940 1.871316 7.543122
989 1.848949 8.648229
2039 1.947176 3.795119
1154 1.853314 8.432590
3225 1.892706 6.486306
104 2.008212 0.779467
1106 1.997617 1.302952
1951 1.899717 6.139918
3427 1.893915 6.426582
1499 1.909561 5.653566
96 1.926316 4.825716
2427 1.894756 6.385027
6559 1.905365 5.860887
1579 1.971002 2.617930
744 1.964488 2.939737
196 1.834714 9.351545
5750 1.892979 6.472845
965 1.832899 9.441251
4796 1.914055 5.431520
194 1.844418 8.872103
1058 1.903472 5.954416
1290 1.918669 5.203547
855 1.934041 4.444055
1314 1.943894 3.957255
2196 1.893575 6.443383
3553 1.852769 8.459519
5388 1.828061 9.680280
1564 2.019780 0.207950
4815 1.886412 6.797312
931 1.844912 8.847709
3557 1.993863 1.488407
480 1.945749 3.865584
1251 1.979598 2.193227
1934 2.006993 0.839719
1706 1.853245 8.435999
1499 1.963806 2.973461
1809 1.908772 5.692552
1047 1.940239 4.137833
1068 1.847706 8.709658
440 1.964712 2.928695
4760 1.827474 9.709250
402 1.968425 2.745248
1059 1.960290 3.147159
518 1.980877 2.129999
1806 1.866053 7.803169
559 1.869204 7.647478
1984 1.866313 7.790339
849 1.843095 8.937482
1306 1.900109 6.120566
493 1.874728 7.374557
31 1.865495 7.830751
1987 1.827085 9.728466
4947 1.867472 7.733084
42 1.857135 8.243773
644 1.885107 6.861760
5496 1.872595 7.479947
989 1.969565 2.688924
27 1.944211 3.941587
446 1.992625 1.549596
3185 1.883002 6.965781
785 1.920651 5.105654
381 1.898431 6.203442
1647 1.842811 8.951496
14 1.849362 8.627858
458 1.880835 7.072844
1327 1.834449 9.364652
3046 1.930870 4.600727
685 1.984732 1.939539
1093 1.993182 1.522083
6288 1.947181 3.794871
607 1.840788 9.051460
250 2.006759 0.851278
1744 1.842933 8.945459
4582 1.862364 7.985463
1343 1.875287 7.346933
6374 2.016110 0.389272
549 1.936058 4.344394
187 1.953576 3.478907
1334 2.000561 1.157504
4862 1.826520 9.756399
384 1.843462 8.919356
2245 1.823779 9.891832
1757 1.834825 9.346056
2304 1.856398 8.280203
687 1.826798 9.742672
1742 1.854430 8.377452
2659 1.852763 8.459820
491 1.828762 9.645617
302 1.953553 3.480008
58 1.851473 8.523530
885 1.834475 9.363339
1680 1.841247 9.028799
1043 1.951481 3.582402
344 2.001755 1.098506
10386 1.922549 5.011878
1470 1.835471 9.314168
163 1.865880 7.811742
97 1.877603 7.232511
2107 2.006578 0.860219
1306 1.998536 1.257514
1475 1.944734 3.915777
1378 2.017332 0.328882
844 1.987959 1.780118
639 1.879247 7.151317
5125 1.873791 7.420840
583 1.901860 6.034041
294 1.866725 7.769987
212 1.828530 9.657093
2296 1.955657 3.376067
3279 1.856352 8.282468
901 1.929167 4.684890
573 1.869654 7.625242
615 1.870167 7.599930
249 1.952852 3.514654
43 1.861753 8.015647
2733 1.859418 8.130997
181 2.001813 1.095634
4693 1.825781 9.792916
550 1.868158 7.699196
275 1.875773 7.322922
2262 1.920236 5.126128
500 1.954800 3.418394
1169 1.863920 7.908566
144 1.856419 8.279167
1614 1.973926 2.473471
4175 1.964549 2.936741
4580 1.952607 3.526761
315 1.979383 2.203819
4833 1.937956 4.250653
3445 1.880173 7.105567
3385 1.838750 9.152124
826 1.997320 1.317628
256 1.872066 7.506084
488 1.823221 9.919383
776 1.833859 9.393803
2364 1.855086 8.345033
3691 1.875279 7.347362
1048 1.885269 6.853751
1249 1.914527 5.408216
4337 1.830409 9.564275
1659 1.862633 7.972152
759 1.841719 9.005460
435 1.864137 7.897842
1279 1.864060 7.901638
525 1.847434 8.723090
1237 1.877719 7.226814
291 1.907328 5.763875
10422 1.840522 9.064615
6042 1.922399 5.019282
909 1.844138 8.885960
1956 1.901092 6.072004
285 1.853721 8.412479
2928 1.916670 5.302323
874 1.902270 6.013810
2605 1.921283 5.074394
641 1.870458 7.585532
1033 1.945558 3.875058
308 1.883843 6.924239
1016 1.876972 7.263683
2156 1.827564 9.704840
819 1.989790 1.689639
1616 1.834345 9.369800
4126 2.012795 0.553019
5593 1.963058 3.010412
171 1.958351 3.242973
4104 1.943407 3.981321
2814 1.854752 8.361543
2593 1.887530 6.742051
2407 1.833379 9.417497
12 1.917352 5.268607
3762 1.946151 3.845743
1091 1.841387 9.021875
3548 1.832736 9.449295
1747 1.925508 4.865682
89 1.958438 3.238672
214 1.829979 9.585522
1000 1.863643 7.922229
1822 1.906792 5.790358
1322 1.953509 3.482206
2865 1.951335 3.589613
1234 1.960415 3.140983
3070 1.971979 2.569666
4460 1.978522 2.246399
1824 1.916761 5.297845
1544 1.849252 8.633272
253 1.960131 3.155024
2222 1.936143 4.340196
2736 1.864593 7.875310
1528 1.889767 6.631552
154 1.990071 1.675759
1704 1.843116 8.936444
1412 1.868207 7.696757
143 1.938011 4.247900
1080 1.857782 8.211822
955 1.947233 3.792287
2476 1.903149 5.970377
1424 1.868677 7.673522
2784 1.983890 1.981181
4576 1.976999 2.321632
599 1.960004 3.161305
1602 1.911107 5.577192
1410 1.963999 2.963940
2186 1.830563 9.556663
3895 1.931377 4.575703
1715 1.938382 4.229582
222 1.839750 9.102763
416 1.851303 8.531920
548 1.849655 8.613371
2581 1.856238 8.288110
232 1.865290 7.840890
397 1.934282 4.432148
120 1.979223 2.211761
904 1.983145 2.017982
750 1.879575 7.135107
452 1.925734 4.854509
1431 1.986474 1.853481
340 1.972264 2.555559
391 1.887653 6.735975
1292 1.943676 3.968020
7540 1.928691 4.708405
2636 2.016967 0.346902
838 1.917480 5.262304
977 1.981508 2.098827
46 1.950652 3.623378
3338 1.916563 5.307611
1645 1.982780 2.036013
3054 1.950047 3.653266
2279 1.866540 7.779128
772 1.889662 6.636730
160 1.822361 9.961891
288 1.944564 3.924140
314 1.904094 5.923688
108 1.904163 5.920264
473 1.902509 6.001978
3394 1.830730 9.548417
3854 1.833480 9.412511
1287 2.000624 1.154363
221 1.828240 9.671407
2441 1.943366 3.983357
1412 1.821692 9.994959
3104 1.902387 6.008019
316 1.957904 3.265036
2128 1.867872 7.713296
346 1.852098 8.492643
3086 1.839591 9.110609
894 1.978619 2.241572
967 1.863647 7.922054
839 1.865000 7.855216
392 1.823143 9.923231
5397 1.883548 6.938780
1221 1.841985 8.992293
2232 1.922037 5.037140
5025 1.856893 8.255730
6495 1.830581 9.555763
1104 1.837755 9.201284
1439 1.947396 3.784233
1360 1.971779 2.579541
2332 1.860536 8.075767
1626 1.844964 8.845142
2881 1.947629 3.772697
3905 1.950474 3.632158
3027 1.881634 7.033380
3347 1.884634 6.885138
59 1.876676 7.278315
2971 1.983263 2.012123
3031 1.945128 3.896264
51 1.920958 5.090464
3039 1.882001 7.015215
361 2.018922 0.250335
418 1.842180 8.982681
74 1.878246 7.200772
1061 1.862790 7.964383
404 1.874264 7.397472
621 1.943541 3.974716
315 1.841124 9.034869
643 1.982446 2.052503
968 1.839638 9.108289
1328 1.937073 4.294281
884 1.975399 2.400698
1762 1.936415 4.326770
330 1.862683 7.969680
4420 1.850924 8.550660
4601 2.003562 1.009230
948 1.874046 7.408285
352 1.939081 4.195030
1970 1.853462 8.425262
470 1.964409 2.943673
1038 1.835629 9.306337
4786 1.869846 7.615756
388 1.919002 5.187094
228 1.903253 5.965220
62 1.896737 6.287172
1228 1.833147 9.428999
2914 1.897183 6.265114
3907 1.848203 8.685104
530 1.861371 8.034501
2989 1.851189 8.537567
1226 1.878486 7.188914
1269 1.941527 4.074190
1032 1.826113 9.776520
1271 1.953111 3.501864
6304 1.832229 9.474347
1160 1.875370 7.342865
3896 1.947787 3.764937
5045 1.860151 8.094797
5927 1.851289 8.532630
1664 1.938136 4.241741
341 1.924543 4.913330
2222 1.849802 8.606086
6726 1.873275 7.446381
302 1.887166 6.760044
434 1.932163 4.536877
2248 1.862490 7.979232
1383 1.910720 5.596287
1476 1.839618 9.109248
866 1.950005 3.655311
846 1.967358 2.797980
923 1.855666 8.316358
3516 1.918484 5.212712
599 1.871473 7.535395
276 1.900391 6.106639
2615 1.994622 1.450926
965 1.916730 5.299343
2281 1.982027 2.073202
542 1.837256 9.225959
2135 1.867915 7.711192
1578 1.960638 3.129998
2707 1.912992 5.484028
2580 1.821957 9.981868
748 1.859688 8.117671
69 2.006470 0.865523
1585 1.875321 7.345292
1498 1.887952 6.721226
1366 1.824263 9.867906
3027 1.856150 8.292472
78 1.870512 7.582884
6488 1.949561 3.677269
3759 1.866529 7.779641
449 1.846833 8.752785
1148 1.932126 4.538699
892 1.939718 4.163600
3203 1.978811 2.232106
45 1.953302 3.492449
2713 1.828017 9.682447
2779 1.900980 6.077531
1193 1.962029 3.061266
2628 1.902157 6.019376
860 1.880551 7.086869
1967 1.853524 8.422189
1233 1.828870 9.640306
855 1.899134 6.168753
2932 2.003067 1.033667
146 1.834776 9.348486
1448 1.913584 5.454772
132 1.862781 7.964821
867 1.926827 4.800488
523 1.857827 8.209605
552 1.880634 7.082769
395 1.968456 2.743706
744 1.853049 8.445695
4711 1.839077 9.135983
1308 1.884847 6.874609
86 1.892578 6.492664
5716 1.904002 5.928220
6502 1.876987 7.262934
38 1.909842 5.639659
1417 1.930454 4.621280
1061 1.854780 8.360156
7380 1.966735 2.828719
1477 1.911424 5.561532
1150 1.970723 2.631725
384 1.857112 8.244934
1067 1.934404 4.426110
572 1.930191 4.634290
402 1.930964 4.596085
1529 1.881682 7.030992
449 1.879159 7.155660
152 1.976047 2.368646
3596 1.831603 9.505268
3063 1.863338 7.937307
1638 1.997346 1.316353
827 1.893348 6.454599
811 1.832817 9.445278
597 2.006785 0.849999
5473 1.846575 8.765524
790 1.844633 8.861462
2224 1.867750 7.719329
749 1.852861 8.454942
899 1.981662 2.091237
1559 1.993111 1.525552
518 1.835428 9.316290
1542 1.985927 1.880501
1335 2.011757 0.604345
3944 1.987302 1.812603
4430 1.968495 2.741778
2463 2.013225 0.531803
373 1.903415 5.957209
2970 1.990870 1.636304
296 1.978684 2.238358
6888 1.855297 8.334626
3233 2.002607 1.056397
762 1.996861 1.340317
1625 1.912230 5.521714
1418 1.995428 1.411093
2232 1.944221 3.941100
5629 1.900821 6.085381
469 1.918395 5.217085
817 1.897103 6.269099
441 1.910834 5.590680
764 1.890793 6.580838
238 1.854738 8.362230
171 1.902991 5.978158
1094 1.839406 9.119730
3554 1.837869 9.195657
172 1.901812 6.036399
1788 1.945967 3.854850
43 2.012724 0.556557
57 1.832024 9.484454
4424 1.899057 6.172518
1887 1.914886 5.390468
1515 1.905384 5.859929
1311 1.953489 3.483184
3842 1.848827 8.654262
673 1.951640 3.574565
4448 1.840978 9.042052
62 1.875856 7.318853
5987 1.995217 1.421509
3240 1.890474 6.596583
656 1.832946 9.438898
2680 1.947861 3.761271
1091 1.915100 5.379916
991 1.862827 7.962571
310 1.945587 3.873616
444 1.869005 7.657330
511 2.003740 1.000418
489 1.963404 2.993304
72 1.913794 5.444417
253 1.963964 2.965630
784 1.855528 8.323196
237 1.894777 6.383975
4814 1.848515 8.669673
902 2.011879 0.598274
3136 1.846283 8.779959
2150 1.966022 2.863947
5585 1.935899 4.352255
577 1.863131 7.947559
126 1.830060 9.581522
1078 1.866503 7.780946
1455 1.900464 6.103000
2726 1.960754 3.124235
1048 1.993656 1.498639
3868 1.932820 4.504378
3284 1.914748 5.397302
3655 1.828007 9.682922
594 1.911151 5.575000
814 1.869429 7.636382
2724 1.951845 3.564394
186 1.842233 8.980079
2892 1.834613 9.356553
2101 1.852257 8.484815
12 1.958435 3.238834
3928 1.860639 8.070652
1877 1.846813 8.753774
1168 1.955952 3.361521
245 1.833181 9.427272
2774 1.869963 7.610016
396 1.957267 3.296511
406 1.873690 7.425865
288 1.878710 7.177833
1034 1.882114 7.009656
274 1.895389 6.353744
2356 2.004290 0.973271
2188 1.828772 9.645136
152 1.934266 4.432974
6696 1.878061 7.209914
290 1.947598 3.774272
1154 1.924717 4.904735
7580 1.856610 8.269749
2915 1.880154 7.106461
1424 1.931439 4.572639
798 1.850205 8.586207
2348 1.828899 9.638852
137 1.910365 5.613829
1858 1.821735 9.992820
4174 1.904656 5.895880
1014 1.925341 4.873909
976 1.925370 4.872471
3170 1.989897 1.684370
1214 1.834941 9.340329
2416 1.961035 3.110362
395 1.986967 1.829156
133 1.916668 5.302411
3448 1.869026 7.656298
111 1.938083 4.244339
2260 1.865553 7.827889
2881 1.843410 8.921895
1228 1.845710 8.808267
10128 1.847753 8.707351
3928 1.997630 1.302315
926 1.966960 2.817636
484 1.903277 5.964054
2910 1.861964 8.005204
621 1.873385 7.440921
787 1.839712 9.104620
1955 1.848701 8.660514
1377 1.903303 5.962754
4984 1.940373 4.131213
613 1.894590 6.393222
801 1.985023 1.925190
1244 1.941745 4.063452
1347 1.926665 4.808473
462 1.965866 2.871694
1924 1.857989 8.201606
439 1.837424 9.217654
742 1.836312 9.272624
1544 1.821762 9.991499
1213 1.946944 3.806579
80 1.844364 8.874762
246 2.000618 1.154678
1810 1.928757 4.705156
772 1.835191 9.328009
5583 1.952876 3.513474
2576 1.931274 4.580759
673 1.824116 9.875186
475 1.918607 5.206602
7491 1.843110 8.936754
185 1.919616 5.156758
429 1.831293 9.520602
852 1.937730 4.261783
2040 1.934522 4.420282
249 1.864027 7.903274
2801 1.984472 1.952405
1008 1.945648 3.870587
494 1.916180 5.326526
420 1.945605 3.872720
807 1.885641 6.835375
448 1.896815 6.283302
521 1.826673 9.748832
3050 1.887234 6.756658
2260 1.898474 6.201352
2377 1.848825 8.654371
2560 1.851643 8.515154
4065 1.822633 9.948452
3568 1.962323 3.046744
954 1.871576 7.530282
1931 1.996711 1.347716
1243 1.972588 2.539549
5213 1.935523 4.370846
2423 1.945184 3.893516
554 1.856927 8.254078
1178 1.981410 2.103666
1523 1.839899 9.095395
1393 1.956608 3.329068
2637 1.875213 7.350607
527 1.929740 4.656565
515 1.851246 8.534738
1799 1.923680 4.955957
202 1.843308 8.926945
1330 1.935427 4.375564
2592 1.934306 4.430973
2322 1.888769 6.680835
957 1.834805 9.347062
1598 1.866848 7.763886
1346 1.862697 7.968989
1085 1.851004 8.546693
2221 1.945507 3.877550
1623 1.894597 6.392904
3349 1.832943 9.439071
152 2.018160 0.287964
1417 1.848069 8.691699
681 2.001610 1.105680
5754 1.845086 8.839124
1517 2.004212 0.977088
4028 1.874230 7.399182
7369 1.890708 6.585028
619 1.950000 3.655578
2808 1.861185 8.043710
1537 1.922161 5.031013
455 1.906604 5.799655
93 1.962876 3.019388
2255 1.841935 8.994784
2202 1.945736 3.866230
2121 2.013438 0.521282
3088 1.928192 4.733038
4298 1.883493 6.941492
949 1.826832 9.740997
2453 1.928027 4.741214
2650 1.958182 3.251318
9673 1.829138 9.627071
319 1.918636 5.205198
320 1.840653 9.058139
238 1.843424 8.921230
404 1.822420 9.958952
2454 1.861905 8.008138
1042 1.849966 8.597976
882 1.886065 6.814418
2212 1.825735 9.795201
2015 1.894006 6.422072
928 1.865594 7.825858
612 1.824394 9.861447
185 1.832929 9.439754
664 1.923699 4.955031
1247 1.843014 8.941464
718 1.848111 8.689647
1633 1.875103 7.356050
2790 1.882440 6.993528
3891 1.916321 5.319590
1825 1.941997 4.050959
401 1.841032 9.039398
3028 1.915096 5.380096
491 1.859428 8.130522
154 1.834762 9.349162
3315 1.971993 2.568952
274 1.825529 9.805339
637 1.909980 5.632859
2220 1.855401 8.329460
1742 1.835870 9.294453
4250 1.902615 5.996758
2760 1.851409 8.526684
932 1.886796 6.778343
839 1.907756 5.742722
2371 1.847007 8.744190
3403 1.937325 4.281814
2299 2.015078 0.440255
1505 1.892334 6.504718
235 1.823660 9.897695
4395 1.871687 7.524811
1312 1.879883 7.119894
2354 1.925307 4.875597
1858 1.947988 3.754981
2207 1.927207 4.781726
267 1.908037 5.728853
268 1.940921 4.104141
337 1.881778 7.026241
1324 1.970814 2.627189
4356 1.850668 8.563291
1693 1.908399 5.710965
3083 2.007448 0.817217
210 1.857282 8.236551
598 1.910851 5.589839
1485 1.888449 6.696666
5545 1.974739 2.433305
338 1.884148 6.909128
513 1.895675 6.339623
4144 1.864942 7.858073
318 1.822331 9.963384
68 1.982340 2.057724
1188 1.867901 7.711892
2899 1.942470 4.027628
447 1.997571 1.305217
1886 1.843146 8.934973
2132 1.850408 8.576139
254 1.956360 3.341328
1315 1.992750 1.543408
3484 1.862315 7.987841
431 1.923179 4.980731
2355 1.875324 7.345125
531 1.862230 7.992076
1229 1.967504 2.790768
399 1.887539 6.741616
1363 1.872593 7.480035
2320 1.997320 1.317637
141 1.915607 5.354849
7793 1.900244 6.113898
1866 1.909446 5.659257
2572 1.899301 6.160467
254 1.835355 9.319880
1377 1.899247 6.163155
5889 1.866743 7.769102
1046 1.877923 7.216707
1211 1.859897 8.107318
3116 1.855061 8.346250
1098 1.951144 3.599076
656 1.921804 5.048643
98 1.834603 9.357060
188 1.822565 9.951796
4354 2.009569 0.712408
5436 1.898475 6.201303
1665 1.955772 3.370412
1918 1.866901 7.761256
2089 1.833761 9.398652
2147 1.933108 4.490143
409 1.916161 5.327487
754 1.824251 9.868513
244 1.941457 4.077669
1401 1.922578 5.010412
2385 1.992925 1.534771
202 1.825492 9.807190
4962 1.969018 2.715922
610 1.858684 8.167241
1366 1.987162 1.819489
3471 1.961218 3.101308
2420 1.900985 6.077275
2868 1.912240 5.521183
447 1.924103 4.935083
1053 1.987358 1.809791
4957 1.918402 5.216731
527 1.830114 9.578813
956 1.855442 8.327453
1427 1.989669 1.695654
1635 1.976525 2.345032
918 1.914154 5.426640
561 1.857047 8.248136
2220 1.855082 8.345206
499 1.996653 1.350565
471 1.868151 7.699535
445 1.833415 9.415739
1308 1.823025 9.929067
1257 1.827144 9.725567
1142 1.983673 1.991890
879 1.843465 8.919203
575 1.945203 3.892592
927 1.947757 3.766399
2506 1.949920 3.659548
6487 1.929734 4.656846
190 1.854091 8.394206
261 1.994940 1.435224
42 1.830955 9.537288
533 1.945070 3.899153
3048 1.899252 6.162924
1039 1.970542 2.640654
410 1.986311 1.861537
4553 1.893170 6.463376
248 1.942577 4.022349
3322 1.848521 8.669388
282 1.859762 8.114020
3744 1.841798 9.001550
788 1.891498 6.546001
909 1.901841 6.034991
888 1.842869 8.948617
1571 1.905054 5.876221
135 1.829944 9.587221
1960 1.901993 6.027480
2152 1.952542 3.529999
1062 1.908944 5.684048
4107 1.886149 6.810292
884 1.891473 6.547236
4238 1.882797 6.975892
602 1.915659 5.352271
265 1.853457 8.425503
1337 1.939686 4.165151
278 1.845089 8.838948
471 1.878023 7.211789
2297 1.848878 8.651741
1892 1.937093 4.293285
5936 1.913664 5.450843
1408 1.885468 6.843916
6888 1.893642 6.440058
1742 1.864436 7.883061
683 1.859261 8.138770
1298 1.871364 7.540789
4800 1.899964 6.127713
166 1.831281 9.521186
981 1.996556 1.355365
714 1.880501 7.089332
830 1.839279 9.126030
229 1.878100 7.207955
4110 1.851724 8.511137
2459 2.011572 0.613454
707 1.892416 6.500672
695 1.828867 9.640417
1627 1.947454 3.781380
2798 1.865446 7.833182
353 1.928725 4.706707
861 1.872798 7.469911
235 1.989000 1.728693
168 1.891918 6.525256
1930 1.850653 8.564068
314 1.934484 4.422165
3300 1.966786 2.826216
3325 1.915267 5.371660
1500 1.873582 7.431198
3828 1.988837 1.736727
3751 1.973841 2.477657
596 1.854922 8.353154
48 1.922074 5.035328
3353 1.932866 4.502140
1122 1.915638 5.353313
1591 1.870231 7.596772
5282 1.872174 7.500739
1179 1.872773 7.471173
1090 1.848051 8.692623
835 1.944517 3.926466
1658 1.845497 8.818789
560 1.855939 8.302908
1637 1.913257 5.470959
1544 1.937189 4.288530
1919 1.946503 3.828358
549 1.886836 6.776355
763 1.974759 2.432317
2098 1.837270 9.225273
712 1.950216 3.644886
94 1.878411 7.192583
3560 1.829548 9.606806
1648 1.957145 3.302536
814 2.015427 0.422990
621 1.876361 7.293894
2872 1.997814 1.293221
5590 1.874427 7.389421
279 1.955928 3.362671
2052 1.948876 3.711100
738 1.825942 9.784942
2979 1.963920 2.967842
5053 1.892656 6.488778
4898 1.968624 2.735420
83 1.902241 6.015239
495 1.925919 4.845341
1278 1.888684 6.685038
1273 1.834800 9.347297
2563 1.976000 2.370993
564 1.834090 9.382407
1034 1.869796 7.618225
2692 1.835032 9.335832
771 1.831481 9.511297
3129 1.860443 8.080330
3259 1.924526 4.914177
4966 1.864933 7.858506
1738 1.843608 8.912146
1130 1.842687 8.957647
2168 1.909828 5.640358
138 1.859857 8.109323
4498 1.990510 1.654086
3126 1.885321 6.851200
152 1.919219 5.176393
7 1.972916 2.523368
514 1.866179 7.796971
237 1.866744 7.769016
1538 1.860396 8.082698
1171 1.837705 9.203766
2249 1.871058 7.555897
2877 1.837312 9.223173
2559 1.968184 2.757132
4309 1.967224 2.804577
682 1.821728 9.993179
1273 1.919511 5.161979
2846 2.022670 0.065161
1196 1.995607 1.402272
921 1.972251 2.556191
2954 1.836626 9.257113
1790 1.879398 7.143826
2946 1.950349 3.638334
640 1.831289 9.520767
1301 1.941599 4.070630
1473 1.981397 2.104310
692 1.923241 4.977680
582 1.847541 8.717813
1532 1.870614 7.577846
479 1.983743 1.988435
23 1.873836 7.418661
839 1.955071 3.405013
1251 1.999671 1.201467
3367 1.908158 5.722900
7153 1.853965 8.400402
363 1.851403 8.526980
3190 2.002974 1.038244
3340 1.971638 2.586480
826 1.844407 8.872651
1008 1.998884 1.240336
949 1.832511 9.460410
119 1.923199 4.979744
194 1.854744 8.361941
13 2.012329 0.576045
1566 1.861228 8.041569
3747 1.898541 6.198025
2332 1.875646 7.329202
179 1.827823 9.692035
521 1.891390 6.551332
2821 1.903739 5.941196
2514 1.861102 8.047808
5974 1.941032 4.098655
1840 1.917273 5.272519
2298 1.833357 9.418587
3499 1.851284 8.532853
597 1.923007 4.989249
1075 1.823901 9.885817
513 1.947015 3.803038
840 1.973091 2.514708
2518 1.829974 9.585742
916 1.854284 8.384672
1382 1.911080 5.578498
403 1.872878 7.465982
562 2.002439 1.064693
2142 1.847522 8.718724
2971 1.920958 5.090474
338 1.862917 7.958097
2038 1.917867 5.243175
435 1.878646 7.180994
1271 1.917974 5.237910
3583 1.909941 5.634765
1717 2.006300 0.873914
1042 1.858043 8.198926
4030 1.983214 2.014563
4526 1.891962 6.523058
1325 1.918881 5.193084
1265 1.882072 7.011725
2490 1.951286 3.592021
6869 1.837218 9.227861
2564 1.936957 4.300010
6916 1.972365 2.550602
1145 1.916696 5.301032
1168 1.938145 4.241301
2016 1.970706 2.632526
883 1.901945 6.029852
180 1.973581 2.490491
2615 1.848269 8.681836
1375 1.836556 9.260528
3393 1.983341 2.008267
1144 1.882252 7.002827
1229 1.888827 6.677962
4035 1.894169 6.414053
1350 1.954621 3.427248
3618 1.889199 6.659585
255 1.962174 3.054097
1059 1.895437 6.351388
2476 1.899340 6.158530
230 1.962123 3.056606
1503 1.842090 8.987150
526 1.826954 9.734970
952 1.878233 7.201413
107 1.891244 6.558576
942 1.937031 4.296358
4107 1.851553 8.519560
4680 1.959817 3.170547
1591 1.834825 9.346065
517 1.851152 8.539405
163 1.826240 9.770242
1592 2.006088 0.884394
294 1.968962 2.718712
257 1.979824 2.182040
355 1.937962 4.250345
1234 1.836742 9.251366
1303 1.847243 8.732510
3670 1.910370 5.613600
1427 1.850162 8.588306
1839 1.841878 8.997586
882 1.911656 5.550059
482 1.988087 1.773815
945 1.887504 6.743316
4307 1.908808 5.690742
796 1.846935 8.747764
3074 1.832707 9.450732
618 1.950035 3.653828
501 1.907912 5.735027
1232 1.860316 8.086646
49 1.940753 4.112453
4988 1.928232 4.731075
4609 1.905167 5.870679
823 1.850006 8.596005
313 1.880485 7.090125
853 1.973580 2.490530
1475 1.911397 5.562870
2564 1.903804 5.937981
79 1.973751 2.482111
2149 1.981170 2.115547
347 1.931811 4.554248
4394 1.944314 3.936491
4092 1.857934 8.204309
18 1.952684 3.522979
483 1.848923 8.649518
1191 1.871305 7.543688
862 2.008856 0.747639
37 1.962878 3.019288
2116 1.926903 4.796715
1909 1.832768 9.447704
727 1.899088 6.171004
1799 1.892134 6.514602
149 1.866839 7.764357
1525 1.878082 7.208869
2613 1.973147 2.511939
1472 1.928426 4.721472
744 1.916903 5.290794
2410 1.947572 3.775525
1209 1.835550 9.310227
4140 1.844123 8.886657
532 1.868959 7.659583
3650 1.900567 6.097939
3649 1.933428 4.474340
5106 1.871643 7.527010
223 1.916461 5.312668
2025 1.840298 9.075652
1292 2.012199 0.582482
383 1.976110 2.365530
43 1.864498 7.880000
783 1.939275 4.185490
763 1.871148 7.551439
1165 1.954134 3.451330
753 1.946591 3.823980
453 1.826572 9.753825
2756 1.915711 5.349720
1588 1.989963 1.681111
1991 1.888369 6.700595
2553 1.858661 8.168394
1181 1.870416 7.587599
5145 1.946859 3.810761
2129 1.832974 9.437507
3113 1.899822 6.134762
150 1.893653 6.439547
282 1.914142 5.427236
12 1.921226 5.077202
3980 1.936801 4.307722
206 1.825188 9.822191
46 1.990919 1.633849
381 1.852061 8.494465
2526 1.881404 7.044718
3963 1.913745 5.446840
7157 1.948709 3.719358
1630 1.856230 8.288496
80 1.993374 1.512559
994 1.928896 4.698279
2457 1.904683 5.894545
2601 1.910196 5.622177
7 1.869751 7.620462
418 1.961329 3.095840
1321 1.862307 7.988243
1354 1.924502 4.915351
127 1.990980 1.630835
4310 1.915932 5.338809
257 2.000587 1.156205
755 1.862165 7.995253
3223 1.912995 5.483911
4410 1.930192 4.634254
807 1.919430 5.165935
523 1.982903 2.029899
1432 1.933670 4.462389
659 1.920783 5.099114
3140 1.915433 5.363417
2009 1.901266 6.063412
785 1.953584 3.478507
7263 1.913019 5.482691
2879 1.822288 9.965500
963 1.899201 6.165423
518 1.869656 7.625162
144 1.952015 3.556040
570 1.861450 8.030590
1426 1.847899 8.700113
67 1.958001 3.260243
641 1.862821 7.962853
6470 1.982482 2.050739
1239 1.930086 4.639495
1743 1.976259 2.358166
230 1.833318 9.420540
1227 1.956756 3.321790
549 1.845632 8.812120
1211 1.914192 5.424744
198 1.879643 7.131745
2082 1.919530 5.161005
1256 1.892429 6.500007
2119 1.914183 5.425183
977 1.825733 9.795266
5618 1.823956 9.883070
931 1.876631 7.280567
1591 1.883848 6.923996
683 1.972255 2.556005
1411 1.829962 9.586331
3086 1.839629 9.108735
2602 1.867971 7.708393
30 1.875259 7.348325
597 1.833138 9.429406
1641 1.948440 3.732653
1013 1.852427 8.476378
464 1.880389 7.094886
1729 1.852522 8.471687
5643 1.926405 4.821348
7293 1.923846 4.947752
1819 1.928860 4.700070
1479 1.837492 9.214321
1352 1.847320 8.728711
365 1.840584 9.061542
2787 1.831915 9.489827
517 1.996672 1.349609
304 1.876177 7.302977
1067 1.990338 1.662592
1159 1.829434 9.612422
274 1.973253 2.506691
412 1.873357 7.442320
247 1.821631 9.997961
9310 1.862355 7.985893
2233 1.842106 8.986323
1149 1.933681 4.461857
1523 1.949528 3.678879
542 1.946994 3.804070
107 1.843319 8.926417
342 1.866730 7.769725
4556 1.912968 5.485237
432 1.859759 8.114144
1107 1.931450 4.572074
389 1.847998 8.695211
6173 1.840992 9.041383
264 1.973181 2.510261
1264 1.970550 2.640230
1459 1.825978 9.783178
7961 1.864378 7.885953
3462 1.868413 7.686562
168 1.909614 5.650940
4503 1.890804 6.580304
876 1.958656 3.227907
252 1.832436 9.464127
416 1.875580 7.332479
3148 1.939261 4.186136
1581 1.848307 8.679949
2304 1.877143 7.255235
1430 1.865657 7.822761
1390 1.968181 2.757313
2893 1.882039 7.013342
3207 1.994413 1.461231
1644 1.909862 5.638694
3837 1.932702 4.510245
1912 1.833053 9.433636
4130 1.867708 7.721407
2311 1.850090 8.591845
2264 1.857172 8.241972
2086 1.878988 7.164102
3163 1.942114 4.045190
3391 1.953662 3.474627
2971 1.873928 7.414106
6822 1.836952 9.240971
3699 1.861601 8.023145
3296 1.847047 8.742214
3021 1.933836 4.454209
3798 1.839448 9.117648
3870 1.888847 6.676992
7244 1.952475 3.533283
4351 1.889693 6.635181
3688 1.905320 5.863101
3605 1.849921 8.600213
6902 1.828300 9.668447
9780 1.909614 5.650941
6416 1.824508 9.855795
5957 1.954699 3.423389
8343 1.927889 4.747998
13512 1.866846 7.764004
8464 1.932886 4.501112
8403 1.986065 1.873691
9798 1.828341 9.666442
9776 1.851715 8.511583
12997 1.873144 7.452811
9538 1.869636 7.626141
9108 1.960026 3.160213
9847 1.904959 5.880939
12931 1.997156 1.325702
12908 1.952768 3.518807
14671 1.926610 4.811225
12395 2.010500 0.666408
