43 1.986995 1.827746
45 1.890518 6.594407
48 1.931271 4.580941
54 1.867779 7.717895
57 1.897907 6.229338
64 1.987458 1.804852
58 1.894362 6.404489
65 1.918562 5.208821
70 1.900030 6.124440
73 1.980319 2.157588
64 1.933322 4.479593
74 1.921920 5.042941
78 1.824701 9.846250
64 1.889215 6.658799
72 1.876933 7.265621
68 1.990078 1.675425
76 1.917292 5.271590
81 1.889997 6.620184
79 1.839318 9.124094
72 1.902587 5.998143
86 1.879932 7.117465
74 1.912240 5.521211
77 1.827594 9.703335
80 1.869086 7.653342
83 1.827270 9.719344
79 1.878640 7.181279
73 1.833278 9.422501
96 1.857725 8.214649
91 1.878100 7.207986
85 1.886616 6.787231
89 1.864767 7.866716
100 1.883729 6.929849
91 1.860576 8.073794
98 1.921197 5.078648
102 1.954234 3.446402
43 1.821838 9.987708
103 1.885078 6.863189
104 1.849005 8.645475
106 1.981831 2.082885
84 1.898616 6.194321
109 1.977418 2.300927
66 1.906337 5.812872
111 1.895532 6.346717
70 1.947241 3.791907
105 1.861771 8.014720
71 1.828645 9.651401
63 1.878833 7.171756
36 1.981669 2.090911
107 1.881728 7.028705
118 1.953839 3.465919
69 1.822234 9.968163
72 1.862028 8.002056
76 1.836701 9.253383
109 1.854694 8.364379
87 1.978951 2.225192
68 2.016047 0.392386
50 1.890264 6.606980
104 1.882082 7.011228
47 1.900398 6.106285
45 1.864270 7.891258
128 1.955788 3.369589
50 1.883374 6.947389
85 1.870342 7.591251
72 1.868604 7.677128
62 1.866089 7.801374
77 1.892864 6.478509
43 1.911442 5.560630
84 1.936744 4.310534
73 1.947330 3.787488
141 1.897322 6.258240
116 1.977520 2.295888
99 1.935786 4.357828
85 1.856391 8.280534
50 1.904874 5.885114
87 1.831540 9.508391
8 1.924082 4.936110
88 1.883132 6.959341
93 1.885743 6.830339
61 1.895219 6.362164
113 1.867035 7.754638
104 1.997669 1.300369
45 1.887652 6.736030
138 1.962004 3.062486
68 1.851081 8.542914
65 1.843753 8.904974
66 1.925977 4.842499
74 1.844876 8.849499
92 1.944841 3.910491
67 1.885669 6.834007
76 1.855546 8.322324
59 1.909966 5.633554
121 1.872844 7.467648
64 1.917015 5.285295
56 1.893339 6.455037
58 1.915595 5.355411
131 1.885673 6.833783
129 1.931071 4.590821
59 1.971284 2.603974
101 1.981234 2.112403
82 1.859399 8.131955
148 1.944847 3.910191
79 1.910689 5.597824
135 1.988643 1.746341
90 1.876887 7.267914
58 1.848753 8.657924
82 1.863672 7.920806
44 1.873679 7.426388
47 1.905729 5.842892
71 1.846505 8.768976
89 1.890730 6.583959
89 1.897934 6.228026
100 1.978900 2.227725
99 1.865809 7.815237
60 1.858178 8.192253
78 1.841445 9.018971
112 1.922510 5.013770
119 1.914512 5.408949
126 1.889891 6.625395
120 1.955362 3.390650
59 1.975589 2.391288
88 1.912623 5.502259
75 1.874374 7.392060
142 1.917709 5.250980
89 1.918461 5.213842
124 1.966718 2.829560
133 1.941991 4.051274
98 1.895483 6.349128
139 1.825225 9.820400
107 1.828338 9.666571
135 1.941218 4.089477
76 1.890523 6.594170
128 1.951492 3.581861
94 1.857174 8.241856
96 1.904378 5.909628
62 1.869358 7.639875
67 1.933684 4.461730
69 1.938732 4.212300
82 1.884507 6.891405
75 1.909932 5.635205
73 1.868674 7.673683
100 1.990584 1.650435
131 1.852425 8.476487
64 1.927518 4.766329
107 1.922605 5.009073
69 1.844947 8.845977
79 1.973687 2.485281
44 1.872399 7.489620
40 1.878251 7.200521
61 1.975069 2.416957
124 1.838056 9.186454
154 1.959513 3.185577
92 1.917555 5.258611
79 1.826204 9.772028
80 1.956165 3.350968
42 1.831101 9.530060
93 1.893858 6.429424
96 1.848236 8.683449
95 1.847129 8.738181
62 1.837644 9.206816
44 1.904223 5.917273
65 1.915601 5.355136
177 1.921135 5.081710
49 1.847907 8.699714
74 1.898358 6.207089
73 1.888404 6.698878
110 1.891589 6.541498
90 1.837281 9.224726
180 1.942665 4.017982
98 1.870749 7.571152
66 1.856756 8.262494
50 1.934074 4.442429
71 1.838113 9.183619
126 1.857038 8.248597
92 1.905234 5.867354
104 1.888574 6.690472
78 1.956850 3.317144
64 1.957713 3.274507
85 1.952872 3.513698
69 1.954265 3.444873
67 1.964313 2.948406
80 1.938394 4.228998
139 1.971361 2.600170
85 1.912032 5.531467
112 1.837601 9.208907
75 1.874966 7.362831
77 1.881502 7.039865
64 1.833498 9.411633
151 1.963370 2.995000
96 1.951588 3.577134
94 1.855186 8.340105
103 1.830758 9.546993
88 1.886406 6.797598
86 1.834061 9.383824
95 1.906283 5.815519
244 2.016767 0.356796
194 1.883464 6.942948
145 1.984583 1.946896
115 1.955262 3.395575
136 1.942392 4.031445
169 1.888048 6.716452
