26 1.857405 8.230444
29 1.875419 7.340446
34 1.908861 5.688121
34 1.863078 7.950156
35 1.827933 9.686605
36 1.856454 8.277449
37 1.962553 3.035385
38 1.851067 8.543615
40 1.875254 7.348577
41 1.831972 9.487016
45 1.837377 9.219989
45 1.827208 9.722401
47 1.850170 8.587910
47 1.895399 6.353284
48 1.951795 3.566866
49 1.961683 3.078324
49 1.973689 2.485180
50 1.825495 9.807066
50 1.852776 8.459164
51 1.829901 9.589331
52 1.838567 9.161204
52 1.921398 5.068707
52 1.868378 7.688310
54 1.912896 5.488787
22 1.846741 8.757326
55 1.946711 3.818055
57 1.848633 8.663838
58 1.834839 9.345375
59 1.905646 5.846999
60 1.858824 8.160332
58 2.005885 0.894462
62 1.950022 3.654491
64 1.929450 4.670907
64 1.966456 2.842544
68 1.918647 5.204626
68 1.831921 9.489554
70 1.994595 1.452229
50 1.932113 4.539338
73 1.858095 8.196377
39 1.908269 5.717412
75 1.836345 9.270993
38 1.912619 5.502466
59 1.871389 7.539529
41 1.839339 9.123051
49 1.910205 5.621731
75 1.973557 2.491692
35 1.875698 7.326652
80 1.861575 8.024419
46 1.829277 9.620193
44 1.900271 6.112541
56 1.888770 6.680779
44 1.970851 2.625358
88 1.839009 9.139370
42 1.949789 3.665980
66 1.940625 4.118768
50 1.919130 5.180760
60 1.878146 7.205705
67 1.846889 8.750015
57 1.921881 5.044850
54 1.866105 7.800584
48 1.908918 5.685344
58 1.840209 9.080080
27 1.955830 3.367534
53 1.872090 7.504900
75 1.914465 5.411256
58 1.941647 4.068255
52 1.866164 7.797691
60 1.887052 6.765663
52 1.844122 8.886710
38 1.844016 8.891985
52 1.840986 9.041666
63 1.862069 8.000032
53 1.871551 7.531532
56 1.841031 9.039433
59 1.924372 4.921785
38 1.865060 7.852221
52 1.839833 9.098635
40 1.909545 5.654362
68 1.940749 4.112633
63 1.961758 3.074631
76 1.945812 3.862475
56 1.844987 8.844017
40 1.921652 5.056189
45 1.847474 8.721103
48 1.830423 9.563570
55 1.880135 7.107436
56 1.885143 6.859985
46 1.961662 3.079398
66 1.925284 4.876751
35 1.901314 6.061041
40 1.879454 7.141064
32 1.920148 5.130486
50 1.975881 2.376863
27 1.868983 7.658434
34 1.890715 6.584682
66 1.934235 4.434499
53 1.921876 5.045085
45 1.879763 7.125794
34 1.921872 5.045326
90 1.990485 1.655309
49 1.824284 9.866883
43 1.899965 6.127679
65 1.964899 2.919443
56 1.827164 9.724584
67 1.908088 5.726335
59 1.907031 5.778581
54 1.876022 7.310626
60 1.875392 7.341778
64 1.996362 1.364927
57 1.900918 6.080585
75 1.837518 9.213013
47 1.849038 8.643833
48 1.836573 9.259721
51 1.876376 7.293147
50 1.838000 9.189180
37 1.882735 6.978940
105 1.823214 9.919744
61 1.905616 5.848467
48 1.844129 8.886396
130 1.918644 5.204790
85 1.823421 9.909504
53 1.858314 8.185539
36 1.909514 5.655866
51 1.821787 9.990266
43 1.910437 5.610297
43 1.922217 5.028267
61 1.827204 9.722624
98 1.871397 7.539135
27 1.918425 5.215615
41 1.823320 9.914489
105 1.984811 1.935663
47 1.905447 5.856824
37 1.837100 9.233686
45 1.919180 5.178294
59 1.882075 7.011569
60 1.892355 6.503687
65 1.965019 2.913510
59 1.936766 4.309417
50 1.843644 8.910333
66 1.871198 7.548964
87 1.991427 1.608762
51 1.879736 7.127135
40 1.851558 8.519314
89 1.946605 3.823320
45 1.843544 8.915286
41 1.912079 5.529134
40 1.917531 5.259785
44 1.824856 9.838594
125 1.921258 5.075619
57 1.893103 6.466695
30 1.953938 3.461024
41 1.944602 3.922283
40 1.934663 4.413318
57 1.844495 8.868307
63 1.852568 8.469440
51 1.846925 8.748246
42 1.939939 4.152678
47 1.882732 6.979119
73 1.978847 2.230342
61 1.890836 6.578714
44 1.912848 5.491173
111 1.942626 4.019883
39 1.911628 5.551448
57 1.949259 3.692198
37 1.993810 1.491040
60 1.860086 8.097974
51 2.004439 0.965862
63 1.879098 7.158650
65 1.911187 5.573214
54 1.855146 8.342040
59 1.902936 5.980880
79 1.863264 7.940975
70 2.020489 0.172914
56 1.947113 3.798217
53 1.979288 2.208524
66 1.831035 9.533319
55 1.913096 5.478887
57 1.886411 6.797338
46 1.904277 5.914612
63 1.907920 5.734654
50 1.842617 8.961086
75 1.885057 6.864240
52 1.836689 9.253984
56 1.881231 7.053288
81 1.886255 6.805062
78 2.004881 0.944063
72 1.976883 2.327351
84 1.856443 8.277976
92 1.910981 5.583390
111 1.898542 6.197975
141 1.966647 2.833100
121 1.887475 6.744793
118 1.934231 4.434693
131 1.970860 2.624926
118 1.943152 3.993926
134 1.851331 8.530552
116 1.885041 6.865031
122 1.922639 5.007424
95 2.000815 1.144932
107 1.869166 7.649396
