33 1.977735 2.285239
36 1.917972 5.238018
39 1.858998 8.151745
43 1.926777 4.802985
47 1.896452 6.301230
52 1.866611 7.775622
53 1.828977 9.635014
55 1.932032 4.543317
55 1.827738 9.696238
57 1.872114 7.503735
56 1.866970 7.757875
59 1.860150 8.094840
60 1.844089 8.888354
60 1.832931 9.439656
63 1.873929 7.414053
63 1.841056 9.038197
65 1.852834 8.456309
65 1.849367 8.627600
65 1.855430 8.328021
64 1.888819 6.678357
67 1.869802 7.617956
9 1.850485 8.572331
67 1.929326 4.677006
68 1.904389 5.909110
71 1.948248 3.742154
72 1.937431 4.276586
72 1.967196 2.805952
73 1.900648 6.093948
75 1.830767 9.546569
75 1.861958 8.005525
77 1.911453 5.560091
77 1.971483 2.594169
79 1.932573 4.516592
79 1.885207 6.856819
82 1.866651 7.773631
85 1.949403 3.685077
84 1.878594 7.183542
89 1.924481 4.916416
85 1.943638 3.969905
61 1.888430 6.697576
94 1.872301 7.494489
72 1.861941 8.006326
76 1.914654 5.401910
47 1.896963 6.275987
100 1.911902 5.537914
47 1.880939 7.067716
44 1.843616 8.911714
33 1.905309 5.863659
57 1.885152 6.859536
70 1.903180 5.968819
68 1.895277 6.359288
72 1.941874 4.057063
108 1.954490 3.433725
71 1.853334 8.431601
111 2.003865 0.994222
45 1.849568 8.617673
69 1.951176 3.597447
68 1.969153 2.709286
76 1.892833 6.480060
117 1.857094 8.245839
79 1.951559 3.578565
61 1.968970 2.718313
69 1.865954 7.808061
73 1.845002 8.843240
63 1.854581 8.369956
119 1.937337 4.281204
88 1.830661 9.551807
76 1.824738 9.844422
85 1.867228 7.745128
80 1.873805 7.420185
73 1.867482 7.732557
71 1.829831 9.592836
124 1.904708 5.893344
120 1.877270 7.248968
32 1.874648 7.378505
77 1.850308 8.581117
68 1.960845 3.119744
135 1.909683 5.647531
53 1.888214 6.708241
37 1.956433 3.337744
110 1.957520 3.284025
70 1.930940 4.597259
39 1.865189 7.845889
57 1.921722 5.052704
73 1.907023 5.778970
64 1.955802 3.368900
65 1.885022 6.865976
67 1.942330 4.034516
85 1.871924 7.513131
61 1.836948 9.241162
53 1.896473 6.300214
75 1.944868 3.909122
59 1.836668 9.255025
106 1.969898 2.672451
71 1.869227 7.646366
57 1.871415 7.538255
59 1.894605 6.392521
67 1.890123 6.613964
104 1.945126 3.896362
92 1.879704 7.128739
61 1.922937 4.992689
71 1.915463 5.361946
104 1.941127 4.093959
73 1.863386 7.934943
41 1.857958 8.203142
63 1.865567 7.827209
35 1.892315 6.505657
65 1.927914 4.746773
83 1.845404 8.823371
70 1.936436 4.325748
29 1.848333 8.678687
35 1.855927 8.303470
47 1.883934 6.919706
81 1.910327 5.615705
48 1.909154 5.673646
78 1.982619 2.043933
76 1.926516 4.815879
159 1.947562 3.776031
86 1.861805 8.013080
77 1.929218 4.682370
124 1.975640 2.388751
132 1.943700 3.966864
64 1.911174 5.573855
41 1.889852 6.627335
142 1.966192 2.855558
129 1.919533 5.160885
65 1.826584 9.753260
27 1.931206 4.584120
33 1.945425 3.881592
29 1.907945 5.733395
63 1.973653 2.486945
89 1.939972 4.151041
55 1.862982 7.954892
29 1.895475 6.349520
122 1.969874 2.673665
81 1.900437 6.104349
76 1.919387 5.168061
43 1.990968 1.631471
44 1.841593 9.011705
65 1.848501 8.670389
72 1.917107 5.280728
60 1.930364 4.625758
37 1.944698 3.917528
80 1.956890 3.315174
81 1.949039 3.703049
129 1.955582 3.379802
131 1.973373 2.500793
52 1.886679 6.784104
76 1.914210 5.423881
69 1.940287 4.135472
84 1.867927 7.710587
88 1.927451 4.769637
52 1.837746 9.201772
55 1.884738 6.879997
72 1.863159 7.946141
69 1.831891 9.491035
80 1.821702 9.994461
77 1.892836 6.479877
73 1.974007 2.469467
65 1.874488 7.386427
85 1.871030 7.557301
52 1.867287 7.742213
48 1.961290 3.097756
81 1.932916 4.499656
78 1.878721 7.177288
65 1.884960 6.869031
61 1.926873 4.798197
41 1.890649 6.587935
66 1.892646 6.489264
65 1.856944 8.253211
94 2.001962 1.088271
67 1.929829 4.652184
145 1.953958 3.460036
53 1.978579 2.243568
72 1.866403 7.785907
81 1.853111 8.442594
128 1.886610 6.787519
47 1.862102 7.998395
72 1.907426 5.759030
75 1.888883 6.675213
86 1.874228 7.399256
151 1.955961 3.361069
85 1.874953 7.363459
77 1.879623 7.132719
108 1.996616 1.352375
142 1.940474 4.126209
144 1.934142 4.439063
130 1.898220 6.213872
237 1.948033 3.752771
158 1.988653 1.745846
208 1.948128 3.748082
251 1.990607 1.649301
258 1.941123 4.094144
303 1.894911 6.377389
337 1.959014 3.210237
357 1.979557 2.195236
402 1.918041 5.234583
354 1.969742 2.680166
473 1.887736 6.731853
failed to find solution in 1200 iterations and 555 function evals
