31 1.935009 4.396234
40 1.914415 5.413715
45 1.879176 7.154799
47 1.895994 6.323877
47 1.965266 2.901309
50 1.912334 5.516531
52 1.829589 9.604788
57 1.939269 4.185786
59 1.913341 5.466793
59 1.908445 5.708675
57 1.981563 2.096132
61 1.931467 4.571238
60 1.955303 3.393556
66 1.880644 7.082281
71 1.878394 7.193452
72 1.862873 7.960273
72 1.822315 9.964155
68 1.839817 9.099412
74 1.904331 5.911938
72 1.896628 6.292524
75 1.831505 9.510085
72 1.960008 3.161094
77 1.905773 5.840713
82 1.835845 9.295695
40 1.875926 7.315389
85 1.929411 4.672828
36 1.900231 6.114511
77 1.898994 6.175663
86 1.916498 5.310831
66 1.970997 2.618144
89 1.859726 8.115795
79 1.864448 7.882479
83 1.821777 9.990757
93 1.987068 1.824123
91 1.922490 5.014786
83 1.915555 5.357432
62 1.931246 4.582148
87 1.899987 6.126597
47 1.880409 7.093888
19 1.881748 7.027732
85 1.898642 6.193034
61 1.955845 3.366764
110 1.865864 7.812501
95 1.870082 7.604127
33 1.849742 8.609076
38 1.913018 5.482748
108 1.950477 3.631995
54 1.868085 7.702785
108 1.944917 3.906733
47 1.824613 9.850621
103 1.905677 5.845449
57 1.859690 8.117546
67 1.920884 5.094120
53 1.979661 2.190101
66 2.018994 0.246764
79 1.941117 4.094461
94 1.980230 2.161969
61 1.901521 6.050811
50 1.972957 2.521351
69 1.875193 7.351602
85 1.989815 1.688412
123 1.867232 7.744906
66 1.949432 3.683628
77 1.915355 5.367281
94 1.965395 2.894953
45 1.823236 9.918644
52 1.931496 4.569787
50 1.917805 5.246257
82 1.868789 7.668016
75 1.938839 4.207013
59 1.920009 5.137365
67 1.912938 5.486720
82 1.927264 4.778917
59 1.828792 9.644160
73 1.907744 5.743327
47 1.837105 9.233442
78 1.972654 2.536302
107 1.933210 4.485133
85 1.821617 9.998650
64 1.913233 5.472139
57 1.906606 5.799536
40 1.874387 7.391425
91 1.939980 4.150618
109 1.835470 9.314220
81 1.839664 9.106991
61 1.878529 7.186759
50 1.876722 7.276052
64 1.866910 7.760811
59 1.959925 3.165225
77 1.877051 7.259777
51 1.886772 6.779485
89 1.948121 3.748397
50 1.843429 8.920969
40 2.015154 0.436486
65 1.915246 5.372700
67 1.858523 8.175220
83 1.895201 6.363052
33 1.873428 7.438798
87 1.925153 4.883179
91 1.905866 5.836105
64 1.904878 5.884957
76 1.889514 6.644007
62 1.953225 3.496240
59 1.994918 1.436297
84 1.878259 7.200096
66 1.869188 7.648287
84 1.894208 6.412110
133 1.869068 7.654207
89 1.828448 9.661146
75 1.856122 8.293839
76 1.956841 3.317571
144 1.972779 2.530143
75 1.921203 5.078350
83 1.834907 9.342010
47 1.946868 3.810296
61 1.849510 8.620519
90 1.856156 8.292146
85 1.887628 6.737226
53 1.865997 7.805966
87 1.898749 6.187770
71 1.893167 6.463524
79 1.842524 8.965680
83 1.917151 5.278570
94 1.828897 9.638982
54 1.839533 9.113438
54 1.917088 5.281666
59 1.875986 7.312410
85 1.899958 6.128034
78 1.828059 9.680339
111 1.921931 5.042391
59 1.831336 9.518436
134 1.894363 6.404446
105 1.857512 8.225178
38 1.948502 3.729564
118 1.985496 1.901787
59 1.879899 7.119084
101 1.840969 9.042506
67 1.893603 6.442018
72 1.870019 7.607210
75 1.869623 7.626775
73 1.843997 8.892883
65 1.891899 6.526213
65 1.899119 6.169471
78 1.894206 6.412193
22 1.880237 7.102389
88 1.926546 4.814355
169 1.965170 2.906046
93 1.828857 9.640913
141 1.840877 9.047038
68 1.884963 6.868907
64 1.915665 5.351962
108 1.935074 4.393005
15 1.953521 3.481601
54 1.961503 3.087229
73 1.917719 5.250493
66 1.982912 2.029461
169 1.840938 9.044050
61 1.953417 3.486739
67 1.912291 5.518684
68 1.902788 5.988199
183 1.970269 2.654138
73 1.891373 6.552157
85 1.834129 9.380465
70 1.875012 7.360530
53 1.855068 8.345901
64 1.880747 7.077190
196 1.874865 7.367820
64 1.898338 6.208080
102 1.883527 6.939825
95 1.911959 5.535104
133 1.925529 4.864600
84 1.913535 5.457194
141 1.844632 8.861516
73 1.918421 5.215793
89 1.852145 8.490359
102 1.884467 6.893369
92 1.979869 2.179815
83 1.875869 7.318177
138 1.934275 4.432492
68 1.831397 9.515433
100 1.879932 7.117445
84 1.930526 4.617741
93 2.011991 0.592738
83 1.867390 7.737102
81 1.840685 9.056565
139 1.895025 6.371742
118 1.944115 3.946316
91 1.829029 9.632428
97 1.917482 5.262205
82 2.010289 0.676871
106 1.926615 4.810976
200 1.924331 4.923830
132 1.970336 2.650802
119 1.978528 2.246061
138 1.960994 3.112412
153 1.967374 2.797176
157 1.959271 3.197512
142 1.834664 9.354038
169 1.976515 2.345551
189 1.972328 2.552385
