10 1.894355 6.404835
36 1.904415 5.907817
43 1.857053 8.247831
45 1.822590 9.950580
47 1.863421 7.933213
47 1.887198 6.758449
50 2.000876 1.141899
50 1.841898 8.996606
52 1.845621 8.812682
59 1.973064 2.516054
59 1.874223 7.399507
61 1.929536 4.666670
61 1.845109 8.837981
62 1.823538 9.903747
64 1.949590 3.675820
73 1.843976 8.893965
73 1.869241 7.645649
75 1.828183 9.674223
78 1.899123 6.169281
50 1.832792 9.446493
71 1.946762 3.815571
40 1.965712 2.879281
75 1.851544 8.520042
71 1.899667 6.142406
80 1.889650 6.637328
75 1.866064 7.802651
54 1.999347 1.217448
51 1.904957 5.881017
95 1.965934 2.868303
92 1.891209 6.560307
95 1.979707 2.187847
47 1.838991 9.140262
59 1.857239 8.238635
90 1.851020 8.545907
95 1.939508 4.173957
89 1.931299 4.579557
50 1.855207 8.339060
57 1.823674 9.896994
92 1.870995 7.558982
94 1.919085 5.182988
108 1.869180 7.648666
50 1.859669 8.118591
110 1.885149 6.859703
107 1.966953 2.817985
69 1.863296 7.939400
53 1.965122 2.908413
121 1.855586 8.320322
104 1.879809 7.123523
107 1.945845 3.860838
61 1.951959 3.558784
118 1.914097 5.429444
71 1.886625 6.786768
97 1.996213 1.372311
48 1.853585 8.419174
127 1.927546 4.764944
59 1.906290 5.815183
76 1.852696 8.463130
80 1.983699 1.990617
65 1.888016 6.718041
71 1.850248 8.584062
80 1.876569 7.283629
72 1.875384 7.342171
77 1.901157 6.068769
135 1.974773 2.431610
121 1.962745 3.025888
58 1.860392 8.082850
101 1.945217 3.891878
68 1.825658 9.798970
88 1.891696 6.536226
109 1.938251 4.236046
135 1.992466 1.557424
52 1.848490 8.670910
78 1.833990 9.387309
99 1.896610 6.293433
19 1.878720 7.177325
77 1.901473 6.053174
114 1.875538 7.334550
99 1.911985 5.533792
61 1.839350 9.122481
124 1.995791 1.393143
92 1.867111 7.750885
99 1.897981 6.225721
92 1.877290 7.247964
93 1.940037 4.147836
87 1.859875 8.108422
88 1.852390 8.478246
149 2.014941 0.446992
56 1.855857 8.306912
54 1.825709 9.796461
127 2.020460 0.174343
58 1.853783 8.409404
171 1.822476 9.956189
88 1.962699 3.028138
64 1.866954 7.758666
175 1.974934 2.423662
82 1.919218 5.176432
90 1.871580 7.530088
165 1.929326 4.677009
78 1.825198 9.821725
64 1.825855 9.789243
101 1.847298 8.729822
121 1.961043 3.109975
70 1.829516 9.608385
178 1.933177 4.486759
87 1.941888 4.056357
57 1.822260 9.966866
62 1.912499 5.508389
155 1.980083 2.169252
113 1.895854 6.330790
77 1.869842 7.615982
107 1.926380 4.822569
62 1.832273 9.472137
145 1.904199 5.918480
101 1.866304 7.790779
99 1.926468 4.818248
116 1.825414 9.811021
107 1.870597 7.578684
64 1.897693 6.239923
100 1.850082 8.592279
88 1.854022 8.397599
89 1.884887 6.872662
38 1.924078 4.936324
90 1.946723 3.817462
43 1.846843 8.752313
53 1.935111 4.391180
114 1.910230 5.620518
84 1.829274 9.620332
131 1.924945 4.893472
105 1.966690 2.830951
36 1.935541 4.369977
61 1.851562 8.519120
61 1.984021 1.974677
80 1.904299 5.913561
79 1.898743 6.188038
54 1.999523 1.208767
67 1.832979 9.437300
52 1.879206 7.153298
74 1.890083 6.615900
57 1.855081 8.345268
75 1.850531 8.570101
121 1.871822 7.518145
164 1.920236 5.126125
153 1.921895 5.044182
89 1.913867 5.440821
148 1.888058 6.715963
94 1.849642 8.614002
61 1.885249 6.854766
45 1.908374 5.712199
52 1.942738 4.014395
111 1.823936 9.884086
73 1.875618 7.330586
145 1.847030 8.743041
132 2.001321 1.119927
80 1.874375 7.391993
59 1.910641 5.600188
157 1.926671 4.808201
184 1.935847 4.354819
59 1.912213 5.522532
89 1.913300 5.468802
92 1.918007 5.236245
110 1.855241 8.337363
56 1.986169 1.868573
73 1.936886 4.303481
65 1.884003 6.916309
90 1.957329 3.293461
68 1.913673 5.450420
97 1.852290 8.483177
61 1.947279 3.789993
150 1.919938 5.140870
91 1.835783 9.298721
148 1.920639 5.106246
114 2.014290 0.479163
72 1.928308 4.727296
65 1.890741 6.583412
119 1.861006 8.052516
100 1.859187 8.142427
82 1.826239 9.770290
244 1.943556 3.973945
79 1.879043 7.161396
104 1.889857 6.627090
92 1.903504 5.952841
88 1.889411 6.649094
117 1.993844 1.489366
183 1.964410 2.943597
248 1.875075 7.357406
149 1.971033 2.616401
107 1.953290 3.493031
249 1.957230 3.298366
162 1.955178 3.399726
177 1.946136 3.846467
142 1.964451 2.941580
260 1.928755 4.705227
190 1.977184 2.312494
196 1.907755 5.742780
214 1.950668 3.622586
302 1.864605 7.874731
298 1.975636 2.388964
347 1.872502 7.484537
416 1.948198 3.744604
489 1.904602 5.898594
