25 1.880692 7.079920
31 1.841802 9.001377
32 1.882782 6.976659
37 1.881976 7.016442
40 1.882043 7.013131
43 1.887385 6.749201
43 1.957491 3.285454
44 1.928924 4.696869
47 1.916550 5.308256
47 1.869604 7.627725
48 1.867495 7.731908
53 1.867584 7.727518
52 1.848447 8.673024
53 1.858681 8.167389
55 1.844371 8.874441
55 1.940606 4.119730
56 1.994778 1.443202
28 1.825443 9.809629
61 1.864815 7.864332
61 1.948746 3.717512
65 1.865672 7.821981
67 1.867721 7.720776
67 1.866189 7.796462
68 1.887413 6.747829
68 1.941049 4.097820
67 1.956495 3.334690
67 1.927650 4.759819
68 1.905575 5.850477
69 1.837382 9.219746
33 1.965937 2.868165
69 1.843550 8.915006
31 1.884737 6.880065
72 1.893572 6.443546
36 1.828265 9.670201
43 1.898639 6.193206
76 1.898694 6.190471
60 1.879777 7.125127
80 1.836824 9.247328
80 1.966977 2.816788
79 1.956279 3.345358
84 1.853877 8.404745
89 1.937768 4.259918
85 1.910827 5.591008
82 1.862658 7.970906
43 1.908367 5.712572
86 1.825899 9.787096
53 1.892049 6.518790
40 1.927835 4.750674
43 1.902220 6.016240
90 1.867169 7.748027
37 1.898727 6.188828
99 1.956219 3.348322
55 1.970938 2.621078
60 1.914728 5.398268
47 1.900278 6.112220
81 1.829428 9.612741
71 1.912120 5.527147
51 1.866529 7.779662
68 2.003891 0.992938
49 1.895265 6.359909
40 1.835586 9.308449
53 1.903175 5.969085
68 1.901139 6.069663
53 1.914144 5.427135
35 1.827098 9.727853
56 1.927856 4.749637
59 1.950923 3.609955
39 1.827780 9.694130
12 1.861072 8.049293
62 1.891809 6.530623
57 1.894043 6.420263
60 1.849612 8.615497
60 1.944205 3.941890
44 1.980968 2.125515
25 1.870310 7.592853
57 1.852251 8.485093
71 1.937205 4.287763
44 1.937980 4.249461
33 1.892108 6.515855
49 1.960140 3.154590
40 1.878473 7.189552
88 1.869615 7.627179
83 2.012478 0.568721
69 1.832490 9.461430
87 1.863622 7.923272
44 1.880051 7.111589
41 1.861510 8.027652
119 1.998988 1.235228
63 1.838650 9.157103
53 1.842146 8.984337
130 1.900253 6.113452
40 1.833176 9.427540
115 1.987628 1.796484
127 1.920944 5.091152
56 1.957092 3.305197
39 1.862156 7.995742
56 1.880911 7.069098
117 1.970616 2.636986
77 1.924694 4.905876
45 1.911052 5.579872
73 1.874712 7.375370
99 1.888405 6.698846
59 1.878483 7.189040
65 1.866663 7.773060
52 1.880842 7.072496
47 1.823087 9.926027
84 1.958520 3.234611
71 1.985085 1.922131
81 1.953546 3.480375
55 1.890405 6.600024
45 1.931228 4.583043
81 1.895882 6.329419
37 1.878158 7.205110
91 1.871783 7.520094
51 1.888728 6.682874
53 1.842491 8.967297
40 1.830818 9.544054
53 1.859342 8.134746
66 1.989152 1.721182
65 1.840146 9.083161
64 1.897303 6.259212
41 1.965031 2.912954
72 1.949787 3.666118
95 2.008523 0.764102
16 1.973364 2.501239
113 1.980532 2.147080
63 1.856445 8.277897
41 1.906313 5.814016
37 1.888377 6.700185
51 1.855150 8.341890
30 1.844699 8.858219
66 1.887776 6.729894
41 1.911586 5.553499
66 1.881450 7.042456
79 1.982723 2.038817
56 1.860198 8.092445
43 1.860058 8.099360
63 1.864267 7.891432
56 1.885146 6.859860
72 1.951886 3.562377
160 1.972149 2.561267
57 1.987070 1.824050
59 1.937304 4.282827
83 1.983068 2.021753
77 1.859997 8.102375
49 1.911826 5.541630
65 1.933296 4.480855
12 1.955796 3.369215
40 2.007631 0.808162
69 1.930685 4.609857
67 1.840034 9.088689
72 1.961938 3.065764
57 1.893422 6.450947
61 1.869644 7.625748
65 1.928549 4.715426
41 1.917273 5.272555
59 1.860613 8.071972
52 1.914107 5.428936
63 1.842381 8.972773
68 1.869643 7.625798
63 1.889975 6.621242
45 1.934317 4.430437
102 1.964318 2.948182
59 1.941495 4.075783
72 1.822865 9.937001
52 1.913509 5.458504
36 1.945420 3.881864
48 1.918153 5.229062
61 1.937354 4.280370
47 1.837753 9.201387
44 1.949897 3.660647
71 1.927324 4.775915
49 1.885388 6.847896
61 1.832993 9.436585
63 1.827188 9.723414
65 1.833841 9.394675
103 1.984543 1.948917
60 2.006101 0.883755
75 1.874857 7.368195
95 1.924103 4.935090
95 1.865663 7.822458
73 1.871845 7.517023
88 1.853838 8.406712
152 1.901330 6.060214
101 1.991713 1.594661
73 1.844695 8.858400
76 1.990002 1.679195
113 1.858683 8.167328
108 1.828963 9.635685
91 1.889089 6.665017
153 1.946987 3.804435
92 1.910345 5.614829
110 1.966721 2.829412
139 1.971783 2.579341
195 2.001691 1.101666
266 1.879266 7.150362
200 1.965879 2.871033
210 1.913801 5.444092
220 1.953007 3.506983
311 1.915244 5.372767
