29 1.975667 2.387420
36 1.938659 4.215881
40 1.940973 4.101566
40 1.978002 2.272089
41 1.958023 3.259190
42 1.836474 9.264592
41 1.884791 6.877387
41 1.941296 4.085606
44 1.848553 8.667796
44 1.979096 2.217992
45 1.910316 5.616255
45 1.885472 6.843736
47 1.949255 3.692399
47 1.854206 8.388509
48 1.948928 3.708538
49 1.936417 4.326678
51 1.883144 6.958759
51 1.889991 6.620486
53 1.850774 8.558096
53 1.874674 7.377216
54 1.869453 7.635181
55 1.825080 9.827554
59 1.915545 5.357919
12 1.869608 7.627529
60 1.824459 9.858216
65 1.901627 6.045554
64 1.902722 5.991461
59 1.829013 9.633227
67 1.907646 5.748160
69 1.831383 9.516133
69 1.890877 6.576664
68 1.837559 9.210990
69 1.871581 7.530054
71 1.913472 5.460344
71 1.854480 8.374963
68 1.868740 7.670402
70 1.947439 3.782121
71 1.844490 8.868569
40 1.929174 4.684547
74 1.923378 4.970909
75 1.878896 7.168651
77 1.831092 9.530500
77 1.933322 4.479586
47 1.974285 2.455692
77 1.828127 9.677008
47 1.939450 4.176799
59 1.988854 1.735911
39 1.921491 5.064126
55 1.840309 9.075133
82 1.954616 3.427503
55 1.870858 7.565779
49 1.887215 6.757639
52 1.855437 8.327673
92 1.965036 2.912664
40 1.831097 9.530246
61 1.905778 5.840481
51 1.834454 9.364404
61 1.861176 8.044120
64 1.874823 7.369877
64 1.865594 7.825855
40 1.912164 5.524953
69 1.847409 8.724351
45 1.935886 4.352912
57 1.844141 8.885814
63 1.923635 4.958178
45 1.826328 9.765887
93 1.930604 4.613864
84 1.983101 2.020140
52 1.938344 4.231481
44 1.879182 7.154521
67 1.975327 2.404248
52 2.006604 0.858918
75 1.842924 8.945908
64 1.836209 9.277683
53 1.941488 4.076124
56 1.964537 2.937335
56 1.865415 7.834685
64 1.858354 8.183569
59 1.861419 8.032126
59 1.892709 6.486162
33 1.839424 9.118835
80 1.885005 6.866815
50 1.882272 7.001829
59 1.894987 6.373602
76 1.830717 9.549029
35 1.952321 3.540904
71 1.840442 9.068557
40 1.987823 1.786838
77 1.868062 7.703909
47 1.827393 9.713255
73 1.928052 4.739943
36 1.902692 5.992932
65 1.841226 9.029824
41 1.824705 9.846098
64 1.887693 6.733984
68 1.836375 9.269499
35 1.824292 9.866459
79 1.888633 6.687554
64 1.857065 8.247251
77 1.842725 8.955732
71 1.936659 4.314730
65 1.826766 9.744253
68 1.970113 2.661838
68 1.953628 3.476333
45 1.856665 8.267021
69 1.882140 7.008359
83 1.836981 9.239526
97 1.948834 3.713191
45 1.925609 4.860648
67 1.857384 8.231510
76 1.864282 7.890673
76 1.832998 9.436317
35 1.890548 6.592948
69 1.977454 2.299162
44 1.903580 5.949045
67 1.837563 9.210808
147 1.966891 2.821040
85 1.888855 6.676589
41 1.868099 7.702106
52 1.884753 6.879248
63 1.868582 7.678208
101 1.888913 6.673704
49 1.917194 5.276452
68 1.844889 8.848839
61 1.849209 8.635378
39 1.907310 5.764755
61 1.915796 5.345491
68 1.841472 9.017669
52 1.865885 7.811457
56 1.824503 9.856037
125 1.918032 5.235012
44 1.955612 3.378324
96 1.837296 9.223994
45 1.988069 1.774666
77 1.828750 9.646221
52 1.863413 7.933598
43 1.855016 8.348486
71 1.831600 9.505386
80 1.901617 6.046068
40 1.822387 9.960600
60 1.858303 8.186070
53 1.891866 6.527815
87 2.017064 0.342109
43 1.946948 3.806375
61 1.919126 5.180974
98 1.962851 3.020653
41 1.949423 3.684090
33 1.830053 9.581850
92 1.859175 8.143023
37 1.953781 3.468761
51 1.940520 4.123957
89 1.849237 8.634005
52 1.912769 5.495058
60 1.943226 3.990245
81 1.837374 9.220113
45 1.876694 7.277448
60 1.828443 9.661387
61 1.932211 4.534462
86 1.970842 2.625821
60 1.856632 8.268667
84 1.957866 3.266919
75 1.987320 1.811682
87 1.863257 7.941316
45 1.879486 7.139493
89 1.914138 5.427441
97 1.996359 1.365116
36 1.904130 5.921870
71 1.885531 6.840818
37 1.939100 4.194115
53 1.890548 6.592932
139 1.911216 5.571781
47 1.966750 2.827987
77 1.862888 7.959554
57 1.906865 5.786786
59 1.846790 8.754905
53 1.909712 5.646089
91 1.825877 9.788182
50 1.885764 6.829309
52 1.925343 4.873820
135 1.911566 5.554482
60 1.990661 1.646640
76 1.870134 7.601533
56 1.903568 5.949657
67 1.852413 8.477116
146 1.989425 1.707684
167 1.896126 6.317349
79 2.009195 0.730890
124 1.912549 5.505927
83 1.847527 8.718497
84 1.924170 4.931790
123 1.941527 4.074181
90 1.962967 3.014894
93 1.888189 6.709480
107 1.933545 4.468564
214 1.963757 2.975883
142 1.887797 6.728855
177 1.924278 4.926408
224 1.982488 2.050446
299 1.866244 7.793723
408 1.913154 5.476043
