17 1.876390 7.292460
21 1.954888 3.414086
23 1.939290 4.184737
27 1.830975 9.536310
28 1.982057 2.071746
41 1.966254 2.852525
43 1.924953 4.893060
43 1.880949 7.067211
43 1.903969 5.929826
43 1.910089 5.627462
43 1.882237 7.003549
44 1.907843 5.738430
44 1.914089 5.429842
45 1.854416 8.378145
45 1.864523 7.878751
45 1.885542 6.840297
46 1.867065 7.753177
46 1.954833 3.416773
46 1.878667 7.179976
47 1.875000 7.361109
48 1.867716 7.721030
48 1.853947 8.401311
49 1.857828 8.209554
49 1.879793 7.124310
47 1.888477 6.695268
49 1.994178 1.472873
51 1.901519 6.050891
52 1.879832 7.122379
53 1.872513 7.483988
55 1.853382 8.429204
38 1.863807 7.914170
55 1.822605 9.949832
56 1.827155 9.725019
7 1.920095 5.133108
59 1.836842 9.246397
60 1.932294 4.530367
52 1.969906 2.672067
62 1.922428 5.017847
63 1.854062 8.395619
44 1.841361 9.023166
67 1.853343 8.431159
69 1.823999 9.880937
70 1.918492 5.212302
35 1.966934 2.818889
75 1.955756 3.371181
39 1.894591 6.393174
31 1.848726 8.659260
53 1.883725 6.930046
44 1.830058 9.581577
84 1.831501 9.510305
50 1.835563 9.309626
50 1.853876 8.404790
53 1.895164 6.364876
30 1.971582 2.589259
75 1.856512 8.274582
78 1.946089 3.848810
48 1.890352 6.602638
90 1.983182 2.016143
57 1.851763 8.509219
78 1.945030 3.901126
60 1.880392 7.094711
58 1.906623 5.798711
60 1.859260 8.138797
44 1.952662 3.524038
58 1.861795 8.013573
54 1.871959 7.511364
60 1.828250 9.670903
31 1.892950 6.474259
46 1.956539 3.332496
61 1.862001 8.003374
62 1.847671 8.711388
40 1.830027 9.583123
38 1.931105 4.589119
40 2.007049 0.836932
57 1.933954 4.448385
103 1.981304 2.108918
45 1.926812 4.801215
70 1.828956 9.636027
42 1.893140 6.464896
52 1.847945 8.697836
77 1.927129 4.785569
73 1.851099 8.541999
33 1.905711 5.843787
65 1.893790 6.432752
50 1.911922 5.536929
35 1.864086 7.900344
36 1.880903 7.069463
69 1.879383 7.144585
108 1.978050 2.269693
78 1.929857 4.650807
39 1.857184 8.241358
79 1.890184 6.610924
54 1.892102 6.516157
41 1.925439 4.869056
84 1.983707 1.990214
49 1.898292 6.210328
43 1.892859 6.478738
73 1.905222 5.867920
51 1.949486 3.680975
38 1.861167 8.044595
105 1.874403 7.390615
46 1.839248 9.127559
54 1.825295 9.816930
56 1.871297 7.544106
50 1.873982 7.411410
63 1.877251 7.249905
93 1.879343 7.146551
45 1.845382 8.824462
53 2.008934 0.743806
57 1.851730 8.510846
58 1.899448 6.153211
26 1.903745 5.940921
43 1.934413 4.425690
77 1.956532 3.332859
68 1.893230 6.460450
89 1.923888 4.945696
52 1.885819 6.826612
41 1.871276 7.545116
86 1.877395 7.242795
34 1.959820 3.170383
51 1.876200 7.301835
55 1.874562 7.382786
53 1.932951 4.497934
64 1.948768 3.716454
60 1.843553 8.914827
78 1.897669 6.241106
73 1.906213 5.818953
40 1.933592 4.466233
62 1.973518 2.493589
43 1.842951 8.944602
65 1.836606 9.258060
50 1.830066 9.581214
53 1.860371 8.083889
88 1.844811 8.852701
105 1.914139 5.427377
47 1.986334 1.860398
83 1.826051 9.779571
85 1.879540 7.136815
45 1.880614 7.083757
53 1.924257 4.927491
65 1.865289 7.840906
66 1.822161 9.971743
32 1.899691 6.141219
53 1.879250 7.151132
49 1.870421 7.587377
51 1.883025 6.964645
46 1.970589 2.638320
60 1.862160 7.995499
39 1.865586 7.826271
90 1.851356 8.529322
49 1.821843 9.987497
45 1.947773 3.765611
45 1.925418 4.870107
56 1.912065 5.529848
58 1.890088 6.615657
51 1.832075 9.481948
51 1.841390 9.021698
46 1.838844 9.147491
60 1.997574 1.305065
60 1.900763 6.088246
92 1.904464 5.905403
41 1.872798 7.469936
55 1.976237 2.359274
62 1.971395 2.598500
73 1.892920 6.475750
44 1.910732 5.595715
57 1.882179 7.006444
88 1.899556 6.147905
69 2.008868 0.747056
61 1.904399 5.908586
69 1.935712 4.361515
85 1.967620 2.785007
67 1.862806 7.963580
48 1.870657 7.575712
56 1.842659 8.959014
61 1.850580 8.567642
65 1.856882 8.256271
71 1.904086 5.924052
70 1.834333 9.370390
85 1.976562 2.343230
136 1.878906 7.168148
98 1.911379 5.563750
62 1.893112 6.466279
95 1.953781 3.468747
99 1.951013 3.605549
66 1.941494 4.075829
76 1.978707 2.237255
71 1.966115 2.859372
101 1.965031 2.912952
86 1.955817 3.368148
107 1.849827 8.604877
97 1.840496 9.065897
117 1.961658 3.079572
141 1.983807 1.985262
119 1.826936 9.735860
176 1.897210 6.263785
151 1.916728 5.299446
132 1.899188 6.166073
156 1.852858 8.455110
195 1.961184 3.103014
