7 1.959204 3.200830
7 1.872162 7.501334
35 1.912075 5.529338
40 1.966290 2.850734
44 1.876525 7.285762
45 1.936864 4.304586
49 1.899816 6.135035
55 1.885459 6.844384
56 1.830533 9.558146
61 1.859927 8.105849
61 1.838349 9.171941
61 1.841007 9.040643
63 1.878358 7.195217
63 1.948302 3.739457
64 1.956062 3.356090
65 1.827527 9.706641
65 1.870557 7.580633
67 1.894966 6.374652
67 1.860612 8.071991
66 1.832615 9.455242
68 1.939408 4.178904
68 1.932161 4.536977
69 1.890866 6.577237
71 1.925053 4.888134
69 1.840118 9.084551
73 1.836544 9.261159
73 1.849964 8.598080
75 1.880979 7.065707
77 1.841386 9.021903
77 1.865552 7.827952
80 1.866727 7.769886
79 1.908363 5.712767
81 1.918333 5.220140
56 1.824183 9.871845
80 1.930970 4.595782
89 1.944889 3.908118
91 1.914247 5.422046
90 1.955800 3.369033
59 1.837039 9.236687
97 1.844292 8.878308
43 1.849381 8.626899
60 1.903360 5.959945
91 1.976586 2.342012
62 1.824835 9.839673
43 1.824010 9.880412
49 1.876486 7.287707
32 1.951137 3.599383
105 1.828578 9.654711
59 1.897901 6.229652
49 1.909063 5.678142
60 1.876565 7.283816
55 1.887284 6.754219
100 1.862433 7.982045
65 1.916229 5.324097
79 1.879556 7.136016
62 1.939091 4.194582
36 1.856789 8.260884
77 1.914512 5.408952
33 1.837312 9.223213
68 1.843053 8.939553
65 1.963642 2.981536
61 1.863330 7.937711
83 1.874306 7.395442
71 1.957267 3.296539
69 1.987769 1.789525
64 1.877886 7.218528
44 1.970087 2.663146
127 1.949844 3.663270
52 1.856215 8.289229
110 1.937269 4.284563
56 1.948118 3.748583
136 1.984691 1.941594
80 1.833390 9.416950
69 1.875494 7.336708
67 1.900054 6.123260
29 1.914543 5.407429
81 1.868351 7.689637
91 1.948684 3.720603
146 1.886888 6.773756
44 1.911586 5.553491
85 1.886982 6.769153
57 1.875194 7.351567
71 1.861859 8.010394
104 1.921787 5.049520
105 1.969827 2.675994
82 2.021152 0.140133
83 1.893938 6.425455
65 1.878304 7.197875
61 1.940933 4.103564
69 1.853802 8.408481
75 1.875487 7.337086
60 1.884303 6.901494
71 1.919382 5.168316
108 1.969567 2.688840
65 1.877054 7.259643
63 1.903413 5.957339
80 1.943486 3.977430
61 1.831564 9.507211
73 1.858607 8.171074
72 1.836878 9.244639
64 1.944288 3.937797
55 1.919614 5.156864
56 1.870505 7.583226
55 1.893385 6.452754
51 1.848591 8.665920
49 1.895355 6.355459
80 1.832353 9.468224
44 1.880439 7.092389
71 1.899997 6.126086
67 1.898922 6.179193
71 1.903579 5.949123
130 1.887919 6.722834
67 1.857570 8.222293
51 1.842951 8.944577
37 1.903627 5.946731
92 1.878428 7.191769
51 1.840780 9.051870
88 1.965107 2.909171
109 1.980709 2.138307
67 1.970433 2.646051
120 1.946831 3.812160
174 1.992312 1.565072
67 1.912924 5.487401
79 1.869950 7.610632
64 1.908967 5.682885
32 1.869726 7.621726
40 1.914692 5.400074
186 1.945878 3.859247
51 1.944734 3.915771
49 1.927415 4.771418
31 1.891600 6.540947
88 1.979784 2.184045
86 1.848396 8.675548
73 1.941330 4.083921
31 1.956453 3.336732
40 1.956574 3.330775
68 1.951753 3.568958
104 1.928465 4.719569
84 1.911145 5.575304
65 1.835730 9.301378
77 1.958299 3.245530
55 1.871733 7.522544
72 1.889793 6.630240
59 1.900089 6.121550
71 1.879221 7.152578
61 1.895709 6.337967
44 1.856247 8.287644
96 1.926771 4.803248
68 1.922885 4.995279
52 1.878399 7.193205
64 1.879290 7.149156
49 1.841648 9.008944
45 1.934527 4.420077
65 1.926457 4.818781
209 2.016368 0.376480
75 1.977829 2.280627
48 1.938378 4.229780
71 1.884967 6.868672
77 1.906108 5.824171
53 1.836943 9.241430
77 1.875051 7.358622
88 1.842701 8.956961
48 1.842663 8.958817
41 1.893419 6.451101
61 1.986394 1.857459
64 1.951796 3.566830
39 1.842726 8.955706
69 1.877297 7.247620
73 1.919816 5.146878
115 1.973615 2.488808
61 1.841069 9.037581
89 1.887864 6.725535
79 1.857186 8.241274
133 1.969166 2.708610
83 1.996625 1.351979
89 1.946114 3.847578
75 1.898962 6.177225
75 1.882597 6.985801
94 1.964792 2.924747
148 2.006075 0.885062
91 1.967541 2.788942
66 1.922149 5.031619
110 1.924329 4.923913
142 1.939577 4.170553
259 1.954132 3.451402
75 1.898926 6.178992
77 1.861473 8.029477
141 1.996640 1.351211
116 1.889015 6.668708
125 1.968722 2.730556
112 1.959684 3.177108
140 1.953887 3.463551
155 1.880630 7.082963
177 2.012107 0.587035
199 1.970196 2.657760
353 1.896641 6.291887
274 1.905169 5.870569
347 1.914336 5.417651
415 1.892061 6.518183
528 1.943430 3.980186
