16 1.961715 3.076757
23 1.856577 8.271376
23 1.925354 4.873282
28 1.867207 7.746147
32 1.892483 6.497345
35 1.848675 8.661780
36 1.926190 4.831967
36 1.844987 8.843982
39 1.990651 1.647135
41 1.877337 7.245656
41 1.964653 2.931603
43 1.829024 9.632680
44 1.827506 9.707686
44 1.881214 7.054120
45 1.963084 3.009128
45 1.860956 8.054986
45 1.920152 5.130267
47 1.847646 8.712606
47 1.861345 8.035802
49 1.916909 5.290537
51 1.925178 4.881969
51 1.833148 9.428908
36 1.948423 3.733470
55 1.941502 4.075449
55 1.851451 8.524632
56 1.952012 3.556164
57 1.960458 3.138869
57 1.824634 9.849602
59 1.839220 9.128934
60 1.851651 8.514733
60 1.872548 7.482297
63 1.971662 2.585320
63 1.978766 2.234343
64 1.976411 2.350683
65 1.953021 3.506332
67 1.901330 6.060217
72 1.869207 7.647323
76 1.836549 9.260903
75 1.928181 4.733587
52 1.909989 5.632401
77 1.946681 3.819533
15 1.924101 4.935160
79 1.987898 1.783132
79 1.827542 9.705904
80 1.857036 8.248669
28 1.848597 8.665649
43 1.872606 7.479422
39 1.845988 8.794525
68 1.852181 8.488558
52 1.944495 3.927560
39 1.951493 3.581796
51 1.971403 2.598100
40 1.987374 1.809029
45 1.827736 9.696327
71 1.890171 6.611563
55 1.983522 1.999343
90 1.963245 3.001152
90 1.984149 1.968376
96 1.828974 9.635156
68 1.888473 6.695482
59 1.872888 7.465489
65 1.919310 5.171873
33 1.990381 1.660477
100 1.875404 7.341168
72 1.907823 5.739445
71 1.965344 2.897479
80 1.949369 3.686756
70 1.879074 7.159851
69 1.877766 7.224492
75 1.899838 6.133938
68 1.851340 8.530121
55 1.840672 9.057204
41 1.948814 3.714159
76 1.871214 7.548192
105 1.890393 6.600602
71 1.852301 8.482635
68 1.914983 5.385652
53 1.859522 8.125846
56 1.843433 8.920752
77 1.902232 6.015682
44 1.836794 9.248800
76 1.862233 7.991917
104 1.954718 3.422453
71 1.946339 3.836445
40 1.917386 5.266932
60 1.878557 7.185409
55 1.911703 5.547732
76 1.866976 7.757572
45 1.823473 9.906934
57 1.873953 7.412874
65 1.871923 7.513177
100 1.873744 7.423179
55 1.864900 7.860131
35 1.845684 8.809568
36 1.943568 3.973383
49 1.869803 7.617914
63 1.833387 9.417107
75 1.868398 7.687312
39 1.849180 8.636822
45 1.853013 8.447454
67 1.935733 4.360489
61 1.864865 7.861878
52 1.929710 4.658041
75 1.908397 5.711071
75 1.891192 6.561122
91 1.915852 5.342752
71 1.823013 9.929689
144 1.866133 7.799248
59 1.937200 4.287995
47 1.860744 8.065484
57 1.913242 5.471674
45 1.950025 3.654361
52 1.913923 5.438067
43 1.858309 8.185782
55 1.907481 5.756352
73 1.880361 7.096278
47 1.922322 5.023056
73 1.952098 3.551900
47 1.987395 1.807998
55 1.962496 3.038160
91 1.894521 6.396667
52 1.840718 9.054938
77 1.867380 7.737620
25 1.922286 5.024868
95 2.010484 0.667236
61 1.901809 6.036572
60 1.915845 5.343089
81 1.844511 8.867490
65 1.864967 7.856836
49 1.961330 3.095787
80 1.871332 7.542380
69 1.952452 3.534423
68 1.832229 9.474354
64 1.870319 7.592415
47 1.920872 5.094723
34 2.003884 0.993316
69 1.887499 6.743576
55 1.947415 3.783315
84 2.009237 0.728816
49 1.972709 2.533577
64 1.903074 5.974082
87 1.858084 8.196902
76 1.831872 9.491957
68 1.843973 8.894070
60 1.927143 4.784891
45 1.895986 6.324265
48 1.878886 7.169113
132 1.870518 7.582559
54 1.832974 9.437546
64 1.884923 6.870882
47 1.935885 4.352951
86 1.879222 7.152528
76 1.837808 9.198712
73 1.961253 3.099590
41 1.849166 8.637523
40 1.922806 4.999160
73 1.923446 4.967520
63 1.873228 7.448694
90 2.011647 0.609757
35 1.892739 6.484694
65 1.821901 9.984630
69 1.961525 3.086148
51 1.859502 8.126861
64 1.877405 7.242328
72 1.862231 7.992024
118 1.841731 9.004884
108 1.930921 4.598219
63 1.867865 7.713652
68 1.861550 8.025667
54 1.951429 3.584974
80 1.833850 9.394241
53 1.925296 4.876151
48 1.848123 8.689064
25 1.872494 7.484922
75 1.842259 8.978756
65 1.962379 3.043967
56 1.954573 3.429630
52 1.857021 8.249412
159 1.943097 3.996626
53 1.937346 4.280768
49 1.839170 9.131413
89 1.986844 1.835201
67 1.851607 8.516905
65 1.848311 8.679746
99 1.920499 5.113156
65 1.922281 5.025115
134 2.016411 0.374390
108 1.878140 7.205993
65 1.916516 5.309924
91 1.952808 3.516842
80 1.875055 7.358406
105 1.966056 2.862271
206 1.949142 3.697980
196 1.909069 5.677890
99 1.902483 6.003289
89 1.907818 5.739658
109 1.833242 9.424259
112 1.858480 8.177359
204 1.977279 2.307782
173 1.842795 8.952299
