16 1.835190 9.328033
29 1.861044 8.050670
29 1.930236 4.632067
40 1.924462 4.917363
7 1.918028 5.235247
44 1.910473 5.608485
44 1.946674 3.819927
47 1.938510 4.223285
48 1.822827 9.938854
48 1.970352 2.650041
49 1.880491 7.089856
49 1.867182 7.747416
51 1.900621 6.095270
51 1.850610 8.566161
52 1.872870 7.466385
53 1.895795 6.333696
55 1.846416 8.773411
56 1.825176 9.822789
56 1.937460 4.275129
57 1.913057 5.480821
15 1.831926 9.489297
57 1.958180 3.251397
59 1.866147 7.798514
61 1.906648 5.797464
59 1.915630 5.353688
63 1.894343 6.405428
63 1.848177 8.686360
64 1.836676 9.254612
66 2.016796 0.355379
69 1.912088 5.528720
69 1.858685 8.167193
49 1.887546 6.741255
73 1.822941 9.933206
75 1.915900 5.340352
76 1.864209 7.894302
79 1.930445 4.621737
36 1.837369 9.220360
72 1.923791 4.950474
75 1.879366 7.145432
87 1.842834 8.950355
87 1.823162 9.922304
85 1.898989 6.175916
86 1.835266 9.324286
52 1.866737 7.769406
88 1.915939 5.338450
69 1.970447 2.645344
95 1.860577 8.073756
56 1.835329 9.321169
100 1.945894 3.858459
37 1.844919 8.847341
49 1.836081 9.284016
63 1.965772 2.876322
51 1.950226 3.644402
71 1.884831 6.875425
57 1.832605 9.455737
102 1.955570 3.380377
55 1.936714 4.311980
21 1.848756 8.657766
103 1.892180 6.512297
51 1.936741 4.310665
63 1.852342 8.480600
49 1.880860 7.071614
67 1.937184 4.288757
64 1.893854 6.429595
36 1.829846 9.592055
63 1.823032 9.928725
32 1.913247 5.471453
77 1.879701 7.128850
41 1.924804 4.900429
66 1.935570 4.368506
21 1.849477 8.622166
47 1.856642 8.268171
31 2.007653 0.807110
76 1.821991 9.980176
60 1.890784 6.581262
28 1.896120 6.317640
65 1.889352 6.652023
76 1.879255 7.150908
61 1.844100 8.887816
57 1.929472 4.669792
79 1.918799 5.197138
73 1.903865 5.934982
36 1.831760 9.497486
82 1.954046 3.455683
49 1.968193 2.756730
33 1.920193 5.128246
100 1.858532 8.174747
102 1.950937 3.609295
130 1.989445 1.706701
68 1.851686 8.513029
32 1.831540 9.508359
33 1.967695 2.781300
51 1.840373 9.071974
55 1.941480 4.076515
100 1.859577 8.123164
76 1.832544 9.458776
57 1.858966 8.153349
55 1.874429 7.389354
72 1.988951 1.731116
72 1.908450 5.708434
55 1.870613 7.577878
105 1.997276 1.319792
28 1.930941 4.597211
73 1.836322 9.272131
73 1.912843 5.491390
148 1.974715 2.434464
91 1.943538 3.974823
72 1.865186 7.846033
40 1.830255 9.571846
41 1.847283 8.730534
55 1.981834 2.082745
55 1.979431 2.201483
77 1.956118 3.353311
49 1.894897 6.378079
79 1.921547 5.061386
63 1.877284 7.248305
36 1.868821 7.666440
81 1.916040 5.333459
29 1.921984 5.039769
60 1.831127 9.528802
39 1.845863 8.800696
80 1.966008 2.864652
73 1.890216 6.609322
45 1.900754 6.088684
43 1.981188 2.114644
64 1.969317 2.701152
76 1.837920 9.193137
47 1.862444 7.981480
101 1.868949 7.660097
49 1.836826 9.247223
63 1.884774 6.878222
61 1.853412 8.427719
48 1.915494 5.360438
41 1.953799 3.467889
68 1.890312 6.604601
69 1.895303 6.358014
51 1.844592 8.863499
49 1.848277 8.681447
164 1.956459 3.336459
57 1.885519 6.841404
65 1.963308 2.998038
72 1.949064 3.701806
69 1.871314 7.543257
52 1.836712 9.252857
49 1.985268 1.913057
131 1.953132 3.500854
67 1.871649 7.526707
48 1.900280 6.112094
52 1.941445 4.078242
60 1.867568 7.728335
27 1.907237 5.768395
77 1.904428 5.907159
76 1.858721 8.165427
68 1.980990 2.124456
72 1.928343 4.725604
32 1.955475 3.385066
65 1.959030 3.209416
57 1.938848 4.206583
134 1.923108 4.984254
196 1.887844 6.726553
63 1.857322 8.234563
95 1.958066 3.257036
25 1.876917 7.266423
111 1.825966 9.783793
73 1.925039 4.888808
83 1.846206 8.783764
52 1.837978 9.190283
59 1.830213 9.573947
96 1.961695 3.077757
57 1.841488 9.016871
52 1.958212 3.249856
96 2.001170 1.127386
56 1.896224 6.312521
52 1.861324 8.036823
41 1.826997 9.732828
53 1.900188 6.116676
121 1.979977 2.174491
71 1.868274 7.693454
48 1.901311 6.061179
61 1.854845 8.356941
65 1.915296 5.370203
75 1.843614 8.911848
211 1.960363 3.143568
75 1.835033 9.335773
81 1.943771 3.963350
93 1.912733 5.496864
106 1.924887 4.896319
79 1.988030 1.776612
162 1.953988 3.458547
104 1.892848 6.479297
82 1.859517 8.126094
87 1.922450 5.016730
154 1.919697 5.152773
112 1.986084 1.872773
89 1.855419 8.328566
116 1.931425 4.573334
133 1.982008 2.074146
157 1.979447 2.200695
147 1.981435 2.102447
185 1.933261 4.482594
